Mplus VERSION 8 (Linux)
MUTHEN & MUTHEN
07/08/2018   6:09 PM

INPUT INSTRUCTIONS


  title: PxVx Bivariate LCM-SR - 40splitgroup - Linear bfi_o with Linear vrt_col;
  data: file = /home/jflournoy/code_new/lnt_pxvx/Data/lnt_nat_recalc.tsv;

  variable:
  names =
  subjid
  aage
  aaspfin
  aaspfin_d
  abfa_mt
  abfa_mt_d
  abfas_ac
  abfas_ap
  abfas_ci
  abfas_co
  abfas_ea
  abfas_ee
  abfas_nv
  abfas_nv9
  abfas_nw
  abfas_oi
  abfas_oo
  abfi_a
  abfi_a6
  abfi_c
  abfi_d_scale
  abfi_e
  abfi_hp8
  abfi_n
  abfi_o
  abfi_s_scale
  ahrz_col
  ahrz_col_d
  ahrz_ind
  ahrz_ind_d
  amvi
  ausi
  ausi_d
  avrt_col
  avrt_col_d
  avrt_ind
  avrt_ind_d
  bage
  baspfin
  baspfin_d
  bbfa_mt
  bbfa_mt_d
  bbfas_ac
  bbfas_ap
  bbfas_ci
  bbfas_co
  bbfas_ea
  bbfas_ee
  bbfas_nv
  bbfas_nv9
  bbfas_nw
  bbfas_oi
  bbfas_oo
  bbfi_a
  bbfi_a6
  bbfi_c
  bbfi_d_scale
  bbfi_e
  bbfi_hp8
  bbfi_n
  bbfi_o
  bbfi_s_scale
  bhrz_col
  bhrz_col_d
  bhrz_ind
  bhrz_ind_d
  bmvi
  busi
  busi_d
  bvrt_col
  bvrt_col_d
  bvrt_ind
  bvrt_ind_d
  cage
  caspfin
  caspfin_d
  cbfa_mt
  cbfa_mt_d
  cbfas_ac
  cbfas_ap
  cbfas_ci
  cbfas_co
  cbfas_ea
  cbfas_ee
  cbfas_nv
  cbfas_nv9
  cbfas_nw
  cbfas_oi
  cbfas_oo
  cbfi_a
  cbfi_a6
  cbfi_c
  cbfi_d_scale
  cbfi_e
  cbfi_hp8
  cbfi_n
  cbfi_o
  cbfi_s_scale
  chrz_col
  chrz_col_d
  chrz_ind
  chrz_ind_d
  cmvi
  cusi
  cusi_d
  cvrt_col
  cvrt_col_d
  cvrt_ind
  cvrt_ind_d
  dage
  daspfin
  daspfin_d
  dbfa_mt
  dbfa_mt_d
  dbfas_ac
  dbfas_ap
  dbfas_ci
  dbfas_co
  dbfas_ea
  dbfas_ee
  dbfas_nv
  dbfas_nv9
  dbfas_nw
  dbfas_oi
  dbfas_oo
  dbfi_a
  dbfi_a6
  dbfi_c
  dbfi_d_scale
  dbfi_e
  dbfi_hp8
  dbfi_n
  dbfi_o
  dbfi_s_scale
  dhrz_col
  dhrz_col_d
  dhrz_ind
  dhrz_ind_d
  dmvi
  dusi
  dusi_d
  dvrt_col
  dvrt_col_d
  dvrt_ind
  dvrt_ind_d;

  USEVARIABLES =
  abfi_o
  bbfi_o
  cbfi_o
  dbfi_o
  avrt_col
  bvrt_col
  cvrt_col
  dvrt_col
  a1
  a2
  a3
  a4
  aagegrp
  ;

  missing = all (-9999);

  tscores = a1 a2 a3 a4;

  grouping = aagegrp (0=earlier, 1=later);

  DEFINE:

  aagegrp = aage;

  cut aagegrp (39);

  a1 = aage + 0 - 36;
  a2 = aage + 1 - 36;
  a3 = aage + 2 - 36;
  a4 = aage + 3 - 36;

  ANALYSIS:
  TYPE=RANDOM;
  PROCESSORS = 6;
  model=nocovariances; ! supresses default estimation of certain covs in model;

  MODEL:

  i_bfi_o s_bfi_o | abfi_o bbfi_o cbfi_o dbfi_o AT a1 a2 a3 a4;
  i_vrt_col s_vrt_col | avrt_col bvrt_col cvrt_col dvrt_col AT a1 a2 a3 a4;

  ! freeing factor covs because of "nocovariances"
  ! But ensure they are constrained across groups
  s_bfi_o WITH i_bfi_o (p)
  s_vrt_col (q)
  i_vrt_col (r);
  i_bfi_o WITH s_vrt_col (s)
  i_vrt_col (t);
  s_vrt_col WITH i_vrt_col (u);

  !constrain latent growth means across groups
  [i_bfi_o] (v);
  [s_bfi_o] (w);
  [i_vrt_col] (x);
  [s_vrt_col] (y);

  !constrain latent growth variances across groups
  i_bfi_o (l);
  s_bfi_o (m);
  i_vrt_col (n);
  s_vrt_col (o);

  p1 BY abfi_o@1; ! Residual "factors";
  p2 BY bbfi_o@1;
  p3 BY cbfi_o@1;
  p4 BY dbfi_o@1;

  v1 BY avrt_col@1; ! Residual "factors";
  v2 BY bvrt_col@1;
  v3 BY cvrt_col@1;
  v4 BY dvrt_col@1;

  !residual variances on observed/manifest vars set to 0
  abfi_o@0;
  bbfi_o@0;
  cbfi_o@0;
  dbfi_o@0;

  !residual variances on observed/manifest vars set to 0
  avrt_col@0;
  bvrt_col@0;
  cvrt_col@0;
  dvrt_col@0;

  ! means of observed/manifest vars set to 0
  [abfi_o@0];
  [bbfi_o@0];
  [cbfi_o@0];
  [dbfi_o@0];

  ! means of observed/manifest vars set to 0
  [avrt_col@0];
  [bvrt_col@0];
  [cvrt_col@0];
  [dvrt_col@0];

  [p1@0]; ! means of residual "factors" set to 0
  [p2@0];
  [p3@0];
  [p4@0];

  [v1@0]; ! means of residual "factors" set to 0
  [v2@0];
  [v3@0];
  [v4@0];

  p4 on p3 (a); ! Autoregressive paths constrained to equality
  p3 on p2 (a);
  p2 on p1 (a);

  v4 on v3 (b); ! Autoregressive paths constrained to equality
  v3 on v2 (b);
  v2 on v1 (b);

  p4 on v3 (c); ! Cross-lagged paths constrained to equality
  p3 on v2 (c);
  p2 on v1 (c);

  v4 on p3 (d); ! Cross-lagged paths constrained to equality
  v3 on p2 (d);
  v2 on p1 (d);

  p1 with v1; !(this one is not like the others)

  p2 with v2 (e); ! Within-wave correlations constrained to equality
  p3 with v3 (e);
  p4 with v4 (e);

  p2 p3 p4 (f); ! estimate variances of residual "factors"
  v2 v3 v4 (g); ! estimate variances of residual "factors"

  MODEL earlier:

  p4 on p3 (a23); ! Autoregressive paths constrained to equality
  p3 on p2 (a23);
  p2 on p1 (a23);

  v4 on v3 (b23); ! Autoregressive paths constrained to equality
  v3 on v2 (b23);
  v2 on v1 (b23);

  p4 on v3 (c23); ! Cross-lagged paths constrained to equality
  p3 on v2 (c23);
  p2 on v1 (c23);

  v4 on p3 (d23); ! Cross-lagged paths constrained to equality
  v3 on p2 (d23);
  v2 on p1 (d23);

  p1 with v1; !(this one is not like the others)

  p2 with v2 (e23); ! Within-wave correlations constrained to equality
  p3 with v3 (e23);
  p4 with v4 (e23);

  p2 p3 p4 (f23); ! estimate variances of residual "factors"
  v2 v3 v4 (g23); ! estimate variances of residual "factors"

  MODEL later:

  p4 on p3 (a45); ! Autoregressive paths constrained to equality
  p3 on p2 (a45);
  p2 on p1 (a45);

  v4 on v3 (b45); ! Autoregressive paths constrained to equality
  v3 on v2 (b45);
  v2 on v1 (b45);

  p4 on v3 (c45); ! Cross-lagged paths constrained to equality
  p3 on v2 (c45);
  p2 on v1 (c45);

  v4 on p3 (d45); ! Cross-lagged paths constrained to equality
  v3 on p2 (d45);
  v2 on p1 (d45);

  p1 with v1; !(this one is not like the others)

  p2 with v2 (e45); ! Within-wave correlations constrained to equality
  p3 with v3 (e45);
  p4 with v4 (e45);

  p2 p3 p4 (f45); ! estimate variances of residual "factors"
  v2 v3 v4 (g45); ! estimate variances of residual "factors"

  OUTPUT: SAMPSTAT PATTERNS;



*** WARNING
  Data set contains unknown or missing values for GROUPING,
  PATTERN, COHORT, CLUSTER and/or STRATIFICATION variables.
  Number of cases with unknown or missing values:  5
   1 WARNING(S) FOUND IN THE INPUT INSTRUCTIONS



PxVx Bivariate LCM-SR - 40splitgroup - Linear bfi_o with Linear vrt_col;

SUMMARY OF ANALYSIS

Number of groups                                                 2
Number of observations
   Group EARLIER                                               534
   Group LATER                                                 330
   Total sample size                                           864

Number of dependent variables                                    8
Number of independent variables                                  0
Number of continuous latent variables                           12

Observed dependent variables

  Continuous
   ABFI_O      BBFI_O      CBFI_O      DBFI_O      AVRT_COL    BVRT_COL
   CVRT_COL    DVRT_COL

Continuous latent variables
   P1          P2          P3          P4          V1          V2
   V3          V4          I_BFI_O     S_BFI_O     I_VRT_CO    S_VRT_CO

Variables with special functions

  Grouping variable     AAGEGRP

  Time scores
   A1          A2          A3          A4


Estimator                                                      MLR
Information matrix                                        OBSERVED
Maximum number of iterations                                   100
Convergence criterion                                    0.100D-05
Maximum number of EM iterations                                500
Convergence criteria for the EM algorithm
  Loglikelihood change                                   0.100D-02
  Relative loglikelihood change                          0.100D-05
  Derivative                                             0.100D-03
Minimum variance                                         0.100D-03
Maximum number of steepest descent iterations                   20
Maximum number of iterations for H1                           2000
Convergence criterion for H1                             0.100D-03
Optimization algorithm                                         EMA

Input data file(s)
  /home/jflournoy/code_new/lnt_pxvx/Data/lnt_nat_recalc.tsv
Input data format  FREE


SUMMARY OF DATA

   Group EARLIER
     Number of missing data patterns            16

   Group LATER
     Number of missing data patterns            16


SUMMARY OF MISSING DATA PATTERNS


     MISSING DATA PATTERNS (x = not missing) FOR EARLIER

           1  2  3  4  5  6  7  8  9 10 11 12 13 14 15 16
 ABFI_O    x  x  x  x  x  x  x  x  x  x  x  x  x  x  x  x
 BBFI_O    x     x     x  x  x        x  x  x  x  x
 CBFI_O    x        x  x     x     x  x  x     x  x  x
 DBFI_O    x     x  x  x        x     x        x     x  x
 AVRT_COL  x  x  x  x  x  x  x  x  x  x  x  x  x  x  x  x
 BVRT_COL  x     x     x  x  x        x  x        x
 CVRT_COL  x        x        x     x  x        x  x  x
 DVRT_COL  x     x  x  x        x              x  x


     MISSING DATA PATTERN FREQUENCIES FOR EARLIER

    Pattern   Frequency     Pattern   Frequency     Pattern   Frequency
          1         327           7          19          13           2
          2         100           8          14          14           1
          3          14           9          11          15           1
          4          12          10           1          16           2
          5           1          11           1
          6          26          12           2


     MISSING DATA PATTERNS (x = not missing) FOR LATER

           1  2  3  4  5  6  7  8  9 10 11 12 13 14 15 16
 ABFI_O    x  x  x  x  x  x  x  x  x  x  x  x     x  x  x
 BBFI_O    x     x     x  x  x        x  x           x
 CBFI_O    x        x  x     x     x     x  x           x
 DBFI_O    x     x  x  x        x        x  x  x     x
 AVRT_COL  x  x  x  x  x  x  x  x  x  x  x  x  x     x  x
 BVRT_COL  x     x     x  x  x
 CVRT_COL  x        x        x     x     x  x
 DVRT_COL  x     x  x  x        x        x     x     x


     MISSING DATA PATTERN FREQUENCIES FOR LATER

    Pattern   Frequency     Pattern   Frequency     Pattern   Frequency
          1         165           7          26          13           1
          2          68           8           9          14           1
          3          12           9          10          15           1
          4           9          10           2          16           1
          5           1          11           1
          6          22          12           1


COVARIANCE COVERAGE OF DATA

Minimum covariance coverage value   0.100


     PROPORTION OF DATA PRESENT FOR EARLIER


           Covariance Coverage
              ABFI_O        BBFI_O        CBFI_O        DBFI_O        AVRT_COL
              ________      ________      ________      ________      ________
 ABFI_O         1.000
 BBFI_O         0.738         0.738
 CBFI_O         0.704         0.659         0.704
 DBFI_O         0.700         0.646         0.644         0.700
 AVRT_COL       1.000         0.738         0.704         0.700         1.000
 BVRT_COL       0.730         0.730         0.655         0.642         0.730
 CVRT_COL       0.700         0.655         0.700         0.642         0.700
 DVRT_COL       0.695         0.646         0.642         0.693         0.695


           Covariance Coverage
              BVRT_COL      CVRT_COL      DVRT_COL
              ________      ________      ________
 BVRT_COL       0.730
 CVRT_COL       0.652         0.700
 DVRT_COL       0.642         0.640         0.695


     PROPORTION OF DATA PRESENT FOR LATER


           Covariance Coverage
              ABFI_O        BBFI_O        CBFI_O        DBFI_O        AVRT_COL
              ________      ________      ________      ________      ________
 ABFI_O         1.000
 BBFI_O         0.703         0.703
 CBFI_O         0.658         0.597         0.658
 DBFI_O         0.609         0.548         0.542         0.609
 AVRT_COL       1.000         0.703         0.658         0.609         1.000
 BVRT_COL       0.697         0.697         0.594         0.545         0.697
 CVRT_COL       0.652         0.591         0.652         0.539         0.652
 DVRT_COL       0.600         0.545         0.536         0.597         0.600


           Covariance Coverage
              BVRT_COL      CVRT_COL      DVRT_COL
              ________      ________      ________
 BVRT_COL       0.697
 CVRT_COL       0.588         0.652
 DVRT_COL       0.542         0.533         0.600


SAMPLE STATISTICS


     ESTIMATED SAMPLE STATISTICS FOR EARLIER


           Means
              ABFI_O        BBFI_O        CBFI_O        DBFI_O        AVRT_COL
              ________      ________      ________      ________      ________
               74.786        73.972        72.940        72.432        70.365


           Means
              BVRT_COL      CVRT_COL      DVRT_COL
              ________      ________      ________
               68.230        67.280        67.256


           Covariances
              ABFI_O        BBFI_O        CBFI_O        DBFI_O        AVRT_COL
              ________      ________      ________      ________      ________
 ABFI_O       215.380
 BBFI_O       172.531       214.437
 CBFI_O       178.570       179.193       242.615
 DBFI_O       162.319       168.928       195.694       232.225
 AVRT_COL      10.211        10.745         1.832        -5.161       335.722
 BVRT_COL      -2.327         2.950        -2.151       -10.050       244.143
 CVRT_COL      -6.639         6.821        -5.832        -9.148       229.802
 DVRT_COL     -10.997         5.957       -22.499       -16.312       242.304


           Covariances
              BVRT_COL      CVRT_COL      DVRT_COL
              ________      ________      ________
 BVRT_COL     363.451
 CVRT_COL     263.764       398.862
 DVRT_COL     257.603       281.380       382.133


           Correlations
              ABFI_O        BBFI_O        CBFI_O        DBFI_O        AVRT_COL
              ________      ________      ________      ________      ________
 ABFI_O         1.000
 BBFI_O         0.803         1.000
 CBFI_O         0.781         0.786         1.000
 DBFI_O         0.726         0.757         0.824         1.000
 AVRT_COL       0.038         0.040         0.006        -0.018         1.000
 BVRT_COL      -0.008         0.011        -0.007        -0.035         0.699
 CVRT_COL      -0.023         0.023        -0.019        -0.030         0.628
 DVRT_COL      -0.038         0.021        -0.074        -0.055         0.676


           Correlations
              BVRT_COL      CVRT_COL      DVRT_COL
              ________      ________      ________
 BVRT_COL       1.000
 CVRT_COL       0.693         1.000
 DVRT_COL       0.691         0.721         1.000


     ESTIMATED SAMPLE STATISTICS FOR LATER


           Means
              ABFI_O        BBFI_O        CBFI_O        DBFI_O        AVRT_COL
              ________      ________      ________      ________      ________
               73.651        73.195        71.501        72.624        73.457


           Means
              BVRT_COL      CVRT_COL      DVRT_COL
              ________      ________      ________
               73.727        70.770        71.612


           Covariances
              ABFI_O        BBFI_O        CBFI_O        DBFI_O        AVRT_COL
              ________      ________      ________      ________      ________
 ABFI_O       235.791
 BBFI_O       205.562       244.521
 CBFI_O       218.814       226.523       282.988
 DBFI_O       217.120       218.027       243.010       272.377
 AVRT_COL     -13.745        -9.993       -24.385       -15.462       310.877
 BVRT_COL     -14.950        -5.078       -15.354       -12.462       224.797
 CVRT_COL     -12.976       -13.200       -11.694       -10.863       215.077
 DVRT_COL     -36.182       -37.519       -38.482       -32.998       227.530


           Covariances
              BVRT_COL      CVRT_COL      DVRT_COL
              ________      ________      ________
 BVRT_COL     316.474
 CVRT_COL     241.786       318.415
 DVRT_COL     256.523       257.959       323.458


           Correlations
              ABFI_O        BBFI_O        CBFI_O        DBFI_O        AVRT_COL
              ________      ________      ________      ________      ________
 ABFI_O         1.000
 BBFI_O         0.856         1.000
 CBFI_O         0.847         0.861         1.000
 DBFI_O         0.857         0.845         0.875         1.000
 AVRT_COL      -0.051        -0.036        -0.082        -0.053         1.000
 BVRT_COL      -0.055        -0.018        -0.051        -0.042         0.717
 CVRT_COL      -0.047        -0.047        -0.039        -0.037         0.684
 DVRT_COL      -0.131        -0.133        -0.127        -0.111         0.718


           Correlations
              BVRT_COL      CVRT_COL      DVRT_COL
              ________      ________      ________
 BVRT_COL       1.000
 CVRT_COL       0.762         1.000
 DVRT_COL       0.802         0.804         1.000


     MAXIMUM LOG-LIKELIHOOD VALUE FOR THE UNRESTRICTED (H1) MODEL IS -20549.493


UNIVARIATE SAMPLE STATISTICS


     UNIVARIATE HIGHER-ORDER MOMENT DESCRIPTIVE STATISTICS FOR EARLIER

         Variable/         Mean/     Skewness/   Minimum/ % with                Percentiles
        Sample Size      Variance    Kurtosis    Maximum  Min/Max      20%/60%    40%/80%    Median

     ABFI_O               74.786      -0.527      27.500    0.37%      62.500     72.500     75.000
             534.000     215.380      -0.060     100.000    2.06%      80.000     87.500
     BBFI_O               74.008      -0.480      22.500    0.25%      62.500     72.500     75.000
             394.000     207.898      -0.092     100.000    1.52%      80.000     87.500
     CBFI_O               72.846      -0.490      30.000    0.27%      60.000     70.000     75.000
             376.000     238.780      -0.316     100.000    0.53%      77.500     87.500
     DBFI_O               72.767      -0.562      22.500    0.27%      60.000     70.000     75.000
             374.000     229.182      -0.114     100.000    0.80%      77.500     85.000
     AVRT_COL             70.365      -0.613       6.250    0.19%      56.250     68.750     75.000
             534.000     335.722       0.263     100.000    5.24%      75.000     87.500
     BVRT_COL             67.756      -0.433      12.500    0.51%      50.000     62.500     68.750
             390.000     365.043      -0.312     100.000    4.87%      75.000     87.500
     CVRT_COL             66.845      -0.604       6.250    0.80%      50.000     62.500     68.750
             374.000     400.574      -0.001     100.000    4.01%      75.000     81.250
     DVRT_COL             67.015      -0.571       0.000    0.27%      50.000     62.500     68.750
             371.000     393.616      -0.074     100.000    4.04%      75.000     81.250


     UNIVARIATE HIGHER-ORDER MOMENT DESCRIPTIVE STATISTICS FOR LATER

         Variable/         Mean/     Skewness/   Minimum/ % with                Percentiles
        Sample Size      Variance    Kurtosis    Maximum  Min/Max      20%/60%    40%/80%    Median

     ABFI_O               73.703      -0.287      30.000    0.30%      60.000     70.000     75.000
             329.000     235.448      -0.546     100.000    2.74%      80.000     87.500
     BBFI_O               73.846      -0.441      30.556    0.43%      60.000     70.000     75.000
             230.000     247.317      -0.366     100.000    1.30%      80.000     90.000
     CBFI_O               72.477      -0.595      12.500    0.47%      60.000     70.000     75.000
             214.000     281.834       0.229     100.000    2.80%      77.500     87.500
     DBFI_O               74.003      -0.723      15.000    0.50%      60.000     70.000     75.000
             200.000     281.472       0.124     100.000    0.50%      82.500     90.000
     AVRT_COL             73.455      -0.579      12.500    0.30%      56.250     68.750     75.000
             329.000     310.878      -0.032     100.000    7.29%      81.250     87.500
     BVRT_COL             73.590      -0.551       6.250    0.44%      56.250     68.750     75.000
             226.000     307.380       0.038     100.000    6.64%      81.250     87.500
     CVRT_COL             70.755      -0.497       6.250    0.47%      56.250     68.750     75.000
             212.000     318.431       0.139     100.000    6.13%      75.000     87.500
     DVRT_COL             71.357      -0.585       6.250    0.50%      56.250     68.750     75.000
             199.000     313.360       0.341     100.000    6.03%      75.000     87.500


THE MODEL ESTIMATION TERMINATED NORMALLY



MODEL FIT INFORMATION

Number of Free Parameters                       34

Loglikelihood

          H0 Value                      -20612.122
          H0 Scaling Correction Factor      1.1683
            for MLR

Information Criteria

          Akaike (AIC)                   41292.244
          Bayesian (BIC)                 41454.137
          Sample-Size Adjusted BIC       41346.162
            (n* = (n + 2) / 24)



MODEL RESULTS

                                                    Two-Tailed
                    Estimate       S.E.  Est./S.E.    P-Value

Group EARLIER

 P1       BY
    ABFI_O             1.000      0.000    999.000    999.000

 P2       BY
    BBFI_O             1.000      0.000    999.000    999.000

 P3       BY
    CBFI_O             1.000      0.000    999.000    999.000

 P4       BY
    DBFI_O             1.000      0.000    999.000    999.000

 V1       BY
    AVRT_COL           1.000      0.000    999.000    999.000

 V2       BY
    BVRT_COL           1.000      0.000    999.000    999.000

 V3       BY
    CVRT_COL           1.000      0.000    999.000    999.000

 V4       BY
    DVRT_COL           1.000      0.000    999.000    999.000

 P4         ON
    P3                 0.262      0.078      3.360      0.001
    V3                 0.009      0.035      0.259      0.796

 P3         ON
    P2                 0.262      0.078      3.360      0.001
    V2                 0.009      0.035      0.259      0.796

 P2         ON
    P1                 0.262      0.078      3.360      0.001
    V1                 0.009      0.035      0.259      0.796

 V4         ON
    V3                 0.194      0.069      2.795      0.005
    P3                -0.053      0.079     -0.663      0.507

 V3         ON
    V2                 0.194      0.069      2.795      0.005
    P2                -0.053      0.079     -0.663      0.507

 V2         ON
    V1                 0.194      0.069      2.795      0.005
    P1                -0.053      0.079     -0.663      0.507

 S_BFI_O  WITH
    I_BFI_O            1.118      0.514      2.177      0.029
    S_VRT_COL         -0.052      0.083     -0.634      0.526
    I_VRT_COL          0.919      1.792      0.513      0.608

 I_BFI_O  WITH
    S_VRT_COL         -1.932      1.839     -1.051      0.293
    I_VRT_COL         -3.349     12.353     -0.271      0.786

 S_VRT_CO WITH
    I_VRT_COL         -0.076      0.727     -0.104      0.917

 P1       WITH
    V1                16.331      6.849      2.385      0.017

 P2       WITH
    V2                -1.244      4.490     -0.277      0.782

 P3       WITH
    V3                -1.244      4.490     -0.277      0.782

 P4       WITH
    V4                -1.244      4.490     -0.277      0.782

 Means
    P1                 0.000      0.000    999.000    999.000
    V1                 0.000      0.000    999.000    999.000
    I_BFI_O           73.486      0.499    147.185      0.000
    S_BFI_O           -0.083      0.046     -1.804      0.071
    I_VRT_COL         70.183      0.582    120.506      0.000
    S_VRT_COL          0.161      0.053      3.030      0.002

 Intercepts
    ABFI_O             0.000      0.000    999.000    999.000
    BBFI_O             0.000      0.000    999.000    999.000
    CBFI_O             0.000      0.000    999.000    999.000
    DBFI_O             0.000      0.000    999.000    999.000
    AVRT_COL           0.000      0.000    999.000    999.000
    BVRT_COL           0.000      0.000    999.000    999.000
    CVRT_COL           0.000      0.000    999.000    999.000
    DVRT_COL           0.000      0.000    999.000    999.000
    P2                 0.000      0.000    999.000    999.000
    P3                 0.000      0.000    999.000    999.000
    P4                 0.000      0.000    999.000    999.000
    V2                 0.000      0.000    999.000    999.000
    V3                 0.000      0.000    999.000    999.000
    V4                 0.000      0.000    999.000    999.000

 Variances
    P1                57.099      6.956      8.209      0.000
    V1               119.243     12.910      9.237      0.000
    I_BFI_O          177.086     13.067     13.552      0.000
    S_BFI_O            0.034      0.097      0.346      0.729
    I_VRT_COL        211.959     20.684     10.247      0.000
    S_VRT_COL          0.167      0.145      1.151      0.250

 Residual Variances
    ABFI_O             0.000      0.000    999.000    999.000
    BBFI_O             0.000      0.000    999.000    999.000
    CBFI_O             0.000      0.000    999.000    999.000
    DBFI_O             0.000      0.000    999.000    999.000
    AVRT_COL           0.000      0.000    999.000    999.000
    BVRT_COL           0.000      0.000    999.000    999.000
    CVRT_COL           0.000      0.000    999.000    999.000
    DVRT_COL           0.000      0.000    999.000    999.000
    P2                57.066      4.871     11.716      0.000
    P3                57.066      4.871     11.716      0.000
    P4                57.066      4.871     11.716      0.000
    V2               134.630     10.801     12.464      0.000
    V3               134.630     10.801     12.464      0.000
    V4               134.630     10.801     12.464      0.000

Group LATER

 P1       BY
    ABFI_O             1.000      0.000    999.000    999.000

 P2       BY
    BBFI_O             1.000      0.000    999.000    999.000

 P3       BY
    CBFI_O             1.000      0.000    999.000    999.000

 P4       BY
    DBFI_O             1.000      0.000    999.000    999.000

 V1       BY
    AVRT_COL           1.000      0.000    999.000    999.000

 V2       BY
    BVRT_COL           1.000      0.000    999.000    999.000

 V3       BY
    CVRT_COL           1.000      0.000    999.000    999.000

 V4       BY
    DVRT_COL           1.000      0.000    999.000    999.000

 P4         ON
    P3                 0.162      0.096      1.677      0.094
    V3                 0.048      0.046      1.045      0.296

 P3         ON
    P2                 0.162      0.096      1.677      0.094
    V2                 0.048      0.046      1.045      0.296

 P2         ON
    P1                 0.162      0.096      1.677      0.094
    V1                 0.048      0.046      1.045      0.296

 V4         ON
    V3                 0.049      0.069      0.707      0.480
    P3                 0.071      0.085      0.835      0.404

 V3         ON
    V2                 0.049      0.069      0.707      0.480
    P2                 0.071      0.085      0.835      0.404

 V2         ON
    V1                 0.049      0.069      0.707      0.480
    P1                 0.071      0.085      0.835      0.404

 S_BFI_O  WITH
    I_BFI_O            1.118      0.514      2.177      0.029
    S_VRT_COL         -0.052      0.083     -0.634      0.526
    I_VRT_COL          0.919      1.792      0.513      0.608

 I_BFI_O  WITH
    S_VRT_COL         -1.932      1.839     -1.051      0.293
    I_VRT_COL         -3.349     12.353     -0.271      0.786

 S_VRT_CO WITH
    I_VRT_COL         -0.076      0.727     -0.104      0.917

 P1       WITH
    V1                 3.842      5.634      0.682      0.495

 P2       WITH
    V2                 8.998      3.874      2.323      0.020

 P3       WITH
    V3                 8.998      3.874      2.323      0.020

 P4       WITH
    V4                 8.998      3.874      2.323      0.020

 Means
    P1                 0.000      0.000    999.000    999.000
    V1                 0.000      0.000    999.000    999.000
    I_BFI_O           73.486      0.499    147.185      0.000
    S_BFI_O           -0.083      0.046     -1.804      0.071
    I_VRT_COL         70.183      0.582    120.506      0.000
    S_VRT_COL          0.161      0.053      3.030      0.002

 Intercepts
    ABFI_O             0.000      0.000    999.000    999.000
    BBFI_O             0.000      0.000    999.000    999.000
    CBFI_O             0.000      0.000    999.000    999.000
    DBFI_O             0.000      0.000    999.000    999.000
    AVRT_COL           0.000      0.000    999.000    999.000
    BVRT_COL           0.000      0.000    999.000    999.000
    CVRT_COL           0.000      0.000    999.000    999.000
    DVRT_COL           0.000      0.000    999.000    999.000
    P2                 0.000      0.000    999.000    999.000
    P3                 0.000      0.000    999.000    999.000
    P4                 0.000      0.000    999.000    999.000
    V2                 0.000      0.000    999.000    999.000
    V3                 0.000      0.000    999.000    999.000
    V4                 0.000      0.000    999.000    999.000

 Variances
    P1                35.671      5.817      6.132      0.000
    V1               111.107     13.251      8.385      0.000
    I_BFI_O          177.086     13.067     13.552      0.000
    S_BFI_O            0.034      0.097      0.346      0.729
    I_VRT_COL        211.959     20.684     10.247      0.000
    S_VRT_COL          0.167      0.145      1.151      0.250

 Residual Variances
    ABFI_O             0.000      0.000    999.000    999.000
    BBFI_O             0.000      0.000    999.000    999.000
    CBFI_O             0.000      0.000    999.000    999.000
    DBFI_O             0.000      0.000    999.000    999.000
    AVRT_COL           0.000      0.000    999.000    999.000
    BVRT_COL           0.000      0.000    999.000    999.000
    CVRT_COL           0.000      0.000    999.000    999.000
    DVRT_COL           0.000      0.000    999.000    999.000
    P2                42.981      5.278      8.143      0.000
    P3                42.981      5.278      8.143      0.000
    P4                42.981      5.278      8.143      0.000
    V2                74.726      7.513      9.946      0.000
    V3                74.726      7.513      9.946      0.000
    V4                74.726      7.513      9.946      0.000


QUALITY OF NUMERICAL RESULTS

     Condition Number for the Information Matrix              0.355E-05
       (ratio of smallest to largest eigenvalue)


     Beginning Time:  18:09:46
        Ending Time:  18:09:48
       Elapsed Time:  00:00:02



MUTHEN & MUTHEN
3463 Stoner Ave.
Los Angeles, CA  90066

Tel: (310) 391-9971
Fax: (310) 391-8971
Web: www.StatModel.com
Support: Support@StatModel.com

Copyright (c) 1998-2017 Muthen & Muthen
