Mplus VERSION 8 (Linux)
MUTHEN & MUTHEN
07/07/2018   4:12 PM

INPUT INSTRUCTIONS


  title: PxVx Bivariate LCM-SR - post mi - Linear bfi_e with Linear vrt_col_d;
  data: file = /home/jflournoy/code_new/lnt_pxvx/Data/lnt_nat_recalc.tsv;

  variable:
  names =
  subjid
  aage
  aaspfin
  aaspfin_d
  abfa_mt
  abfa_mt_d
  abfas_ac
  abfas_ap
  abfas_ci
  abfas_co
  abfas_ea
  abfas_ee
  abfas_nv
  abfas_nv9
  abfas_nw
  abfas_oi
  abfas_oo
  abfi_a
  abfi_a6
  abfi_c
  abfi_d_scale
  abfi_e
  abfi_hp8
  abfi_n
  abfi_o
  abfi_s_scale
  ahrz_col
  ahrz_col_d
  ahrz_ind
  ahrz_ind_d
  amvi
  ausi
  ausi_d
  avrt_col
  avrt_col_d
  avrt_ind
  avrt_ind_d
  bage
  baspfin
  baspfin_d
  bbfa_mt
  bbfa_mt_d
  bbfas_ac
  bbfas_ap
  bbfas_ci
  bbfas_co
  bbfas_ea
  bbfas_ee
  bbfas_nv
  bbfas_nv9
  bbfas_nw
  bbfas_oi
  bbfas_oo
  bbfi_a
  bbfi_a6
  bbfi_c
  bbfi_d_scale
  bbfi_e
  bbfi_hp8
  bbfi_n
  bbfi_o
  bbfi_s_scale
  bhrz_col
  bhrz_col_d
  bhrz_ind
  bhrz_ind_d
  bmvi
  busi
  busi_d
  bvrt_col
  bvrt_col_d
  bvrt_ind
  bvrt_ind_d
  cage
  caspfin
  caspfin_d
  cbfa_mt
  cbfa_mt_d
  cbfas_ac
  cbfas_ap
  cbfas_ci
  cbfas_co
  cbfas_ea
  cbfas_ee
  cbfas_nv
  cbfas_nv9
  cbfas_nw
  cbfas_oi
  cbfas_oo
  cbfi_a
  cbfi_a6
  cbfi_c
  cbfi_d_scale
  cbfi_e
  cbfi_hp8
  cbfi_n
  cbfi_o
  cbfi_s_scale
  chrz_col
  chrz_col_d
  chrz_ind
  chrz_ind_d
  cmvi
  cusi
  cusi_d
  cvrt_col
  cvrt_col_d
  cvrt_ind
  cvrt_ind_d
  dage
  daspfin
  daspfin_d
  dbfa_mt
  dbfa_mt_d
  dbfas_ac
  dbfas_ap
  dbfas_ci
  dbfas_co
  dbfas_ea
  dbfas_ee
  dbfas_nv
  dbfas_nv9
  dbfas_nw
  dbfas_oi
  dbfas_oo
  dbfi_a
  dbfi_a6
  dbfi_c
  dbfi_d_scale
  dbfi_e
  dbfi_hp8
  dbfi_n
  dbfi_o
  dbfi_s_scale
  dhrz_col
  dhrz_col_d
  dhrz_ind
  dhrz_ind_d
  dmvi
  dusi
  dusi_d
  dvrt_col
  dvrt_col_d
  dvrt_ind
  dvrt_ind_d;

  USEVARIABLES =
  abfi_e
  bbfi_e
  cbfi_e
  dbfi_e
  avrt_col_d
  bvrt_col_d
  cvrt_col_d
  dvrt_col_d
  a1
  a2
  a3
  a4
  ;

  missing = all (-9999);

  tscores = a1 a2 a3 a4;

  DEFINE:
  a1 = aage + 0 - 36;
  a2 = aage + 1 - 36;
  a3 = aage + 2 - 36;
  a4 = aage + 3 - 36;

  ANALYSIS:
  TYPE=RANDOM;
  PROCESSORS = 6;
  model=nocovariances; ! supresses default estimation of certain covs in model;

  MODEL:

  i_bfi_e s_bfi_e | abfi_e bbfi_e cbfi_e dbfi_e AT a1 a2 a3 a4;
  i_vrt_col_d s_vrt_col_d | avrt_col_d bvrt_col_d cvrt_col_d dvrt_col_d AT a1 a2 a3 a4;

  ! freeing factor covs because of "nocovariances"
  s_bfi_e WITH i_bfi_e s_vrt_col_d i_vrt_col_d;
  i_bfi_e WITH s_vrt_col_d i_vrt_col_d;
  s_vrt_col_d WITH i_vrt_col_d;

  p1 BY abfi_e@1; ! Residual "factors";
  p2 BY bbfi_e@1;
  p3 BY cbfi_e@1;
  p4 BY dbfi_e@1;

  v1 BY avrt_col_d@1; ! Residual "factors";
  v2 BY bvrt_col_d@1;
  v3 BY cvrt_col_d@1;
  v4 BY dvrt_col_d@1;

  !residual variances on observed/manifest vars set to 0
  abfi_e@0;
  bbfi_e@0;
  cbfi_e@0;
  dbfi_e@0;

  !residual variances on observed/manifest vars set to 0
  avrt_col_d@0;
  bvrt_col_d@0;
  cvrt_col_d@0;
  dvrt_col_d@0;

  ! means of observed/manifest vars set to 0
  [abfi_e@0];
  [bbfi_e@0];
  [cbfi_e@0];
  [dbfi_e@0];

  ! means of observed/manifest vars set to 0
  [avrt_col_d@0];
  [bvrt_col_d@0];
  [cvrt_col_d@0];
  [dvrt_col_d@0];

  [p1@0]; ! means of residual "factors" set to 0
  [p2@0];
  [p3@0];
  [p4@0];

  [v1@0]; ! means of residual "factors" set to 0
  [v2@0];
  [v3@0];
  [v4@0];

  p4 on p3 (a); ! Autoregressive paths constrained to equality
  p3 on p2 (a);
  p2 on p1 (a);

  v4 on v3 (b); ! Autoregressive paths constrained to equality
  v3 on v2 (b);
  v2 on v1 (b);

  p4 on v3 (c); ! Cross-lagged paths constrained to equality
  p3 on v2 (c);
  p2 on v1 (c);

  v4 on p3 (d); ! Cross-lagged paths constrained to equality
  v3 on p2 (d);
  v2 on p1 (d);

  p1 with v1; !(this one is not like the others)

  p2 with v2 (e); ! Within-wave correlations constrained to equality
  p3 with v3 (e);
  p4 with v4 (e);

  p2 p3 p4 (f); ! estimate variances of residual "factors"
  v2 v3 v4 (g); ! estimate variances of residual "factors"

  OUTPUT: SAMPSTAT PATTERNS;



*** WARNING in VARIABLE command
  Note that only the first 8 characters of variable names are used in the output.
  Shorten variable names to avoid any confusion.
*** WARNING
  Data set contains cases with missing on time scores but non-missing on the
  corresponding dependent variables.  These cases were not included in the analysis.
  Number of such cases:  5
   2 WARNING(S) FOUND IN THE INPUT INSTRUCTIONS



PxVx Bivariate LCM-SR - post mi - Linear bfi_e with Linear vrt_col_d;

SUMMARY OF ANALYSIS

Number of groups                                                 1
Number of observations                                         864

Number of dependent variables                                    8
Number of independent variables                                  0
Number of continuous latent variables                           12

Observed dependent variables

  Continuous
   ABFI_E      BBFI_E      CBFI_E      DBFI_E      AVRT_COL_D  BVRT_COL_D
   CVRT_COL_D  DVRT_COL_D

Continuous latent variables
   P1          P2          P3          P4          V1          V2
   V3          V4          I_BFI_E     S_BFI_E     I_VRT_CO    S_VRT_CO

Variables with special functions

  Time scores
   A1          A2          A3          A4


Estimator                                                      MLR
Information matrix                                        OBSERVED
Maximum number of iterations                                   100
Convergence criterion                                    0.100D-05
Maximum number of EM iterations                                500
Convergence criteria for the EM algorithm
  Loglikelihood change                                   0.100D-02
  Relative loglikelihood change                          0.100D-05
  Derivative                                             0.100D-03
Minimum variance                                         0.100D-03
Maximum number of steepest descent iterations                   20
Maximum number of iterations for H1                           2000
Convergence criterion for H1                             0.100D-03
Optimization algorithm                                         EMA

Input data file(s)
  /home/jflournoy/code_new/lnt_pxvx/Data/lnt_nat_recalc.tsv
Input data format  FREE


SUMMARY OF DATA

     Number of missing data patterns            20


SUMMARY OF MISSING DATA PATTERNS


     MISSING DATA PATTERNS (x = not missing)

           1  2  3  4  5  6  7  8  9 10 11 12 13 14 15 16 17 18 19 20
 ABFI_E    x  x  x  x  x  x  x  x  x  x  x  x  x     x  x  x  x  x  x
 BBFI_E    x     x  x     x     x     x  x  x  x        x     x
 CBFI_E    x           x  x     x  x     x  x  x           x  x  x
 DBFI_E    x     x     x  x  x           x     x  x     x        x  x
 AVRT_COL  x  x  x  x  x  x  x  x  x  x  x  x  x  x     x  x  x  x  x
 BVRT_COL  x     x  x     x     x        x  x                 x
 CVRT_COL  x           x        x  x     x     x              x  x
 DVRT_COL  x     x     x  x  x                 x  x     x     x


     MISSING DATA PATTERN FREQUENCIES

    Pattern   Frequency     Pattern   Frequency     Pattern   Frequency
          1         492           8          45          15           1
          2         168           9          21          16           1
          3          26          10           4          17           1
          4          48          11           1          18           1
          5          21          12           1          19           2
          6           2          13           3          20           2
          7          23          14           1


COVARIANCE COVERAGE OF DATA

Minimum covariance coverage value   0.100


     PROPORTION OF DATA PRESENT


           Covariance Coverage
              ABFI_E        BBFI_E        CBFI_E        DBFI_E        AVRT_COL
              ________      ________      ________      ________      ________
 ABFI_E         0.999
 BBFI_E         0.722         0.722
 CBFI_E         0.683         0.631         0.683
 DBFI_E         0.663         0.608         0.603         0.664
 AVRT_COL       0.998         0.722         0.683         0.664         0.999
 BVRT_COL       0.713         0.713         0.627         0.603         0.713
 CVRT_COL       0.678         0.627         0.678         0.601         0.678
 DVRT_COL       0.659         0.608         0.601         0.659         0.660


           Covariance Coverage
              BVRT_COL      CVRT_COL      DVRT_COL
              ________      ________      ________
 BVRT_COL       0.713
 CVRT_COL       0.624         0.678
 DVRT_COL       0.603         0.598         0.660


SAMPLE STATISTICS


     ESTIMATED SAMPLE STATISTICS


           Means
              ABFI_E        BBFI_E        CBFI_E        DBFI_E        AVRT_COL
              ________      ________      ________      ________      ________
               54.904        54.553        54.252        53.838        67.429


           Means
              BVRT_COL      CVRT_COL      DVRT_COL
              ________      ________      ________
               66.389        64.662        64.510


           Covariances
              ABFI_E        BBFI_E        CBFI_E        DBFI_E        AVRT_COL
              ________      ________      ________      ________      ________
 ABFI_E       492.941
 BBFI_E       423.082       478.191
 CBFI_E       416.341       415.549       470.139
 DBFI_E       407.277       402.483       418.953       480.748
 AVRT_COL      43.980        36.620        45.784        39.803       396.849
 BVRT_COL      22.530        15.572        24.954        15.708       277.830
 CVRT_COL      41.378        23.565        31.352        29.557       264.156
 DVRT_COL      26.971        32.244        25.954        27.473       280.335


           Covariances
              BVRT_COL      CVRT_COL      DVRT_COL
              ________      ________      ________
 BVRT_COL     413.820
 CVRT_COL     289.875       445.108
 DVRT_COL     303.307       316.693       434.369


           Correlations
              ABFI_E        BBFI_E        CBFI_E        DBFI_E        AVRT_COL
              ________      ________      ________      ________      ________
 ABFI_E         1.000
 BBFI_E         0.871         1.000
 CBFI_E         0.865         0.876         1.000
 DBFI_E         0.837         0.839         0.881         1.000
 AVRT_COL       0.099         0.084         0.106         0.091         1.000
 BVRT_COL       0.050         0.035         0.057         0.035         0.686
 CVRT_COL       0.088         0.051         0.069         0.064         0.629
 DVRT_COL       0.058         0.071         0.057         0.060         0.675


           Correlations
              BVRT_COL      CVRT_COL      DVRT_COL
              ________      ________      ________
 BVRT_COL       1.000
 CVRT_COL       0.675         1.000
 DVRT_COL       0.715         0.720         1.000


     MAXIMUM LOG-LIKELIHOOD VALUE FOR THE UNRESTRICTED (H1) MODEL IS -21561.948


UNIVARIATE SAMPLE STATISTICS


     UNIVARIATE HIGHER-ORDER MOMENT DESCRIPTIVE STATISTICS

         Variable/         Mean/     Skewness/   Minimum/ % with                Percentiles
        Sample Size      Variance    Kurtosis    Maximum  Min/Max      20%/60%    40%/80%    Median

     ABFI_E               54.902      -0.133       0.000    0.23%      34.375     50.000     56.250
             863.000     493.337      -0.606     100.000    0.93%      62.500     75.000
     BBFI_E               53.542      -0.090       0.000    0.32%      34.375     50.000     53.125
             624.000     478.180      -0.583     100.000    0.80%      59.375     75.000
     CBFI_E               53.437      -0.089       0.000    0.17%      34.375     50.000     53.125
             590.000     483.902      -0.545     100.000    1.36%      59.375     71.875
     DBFI_E               53.438      -0.068       0.000    0.52%      34.375     46.875     53.125
             574.000     496.016      -0.566     100.000    1.22%      59.375     71.875
     AVRT_COL_D           67.430      -0.437       8.333    0.46%      50.000     66.667     66.667
             863.000     396.853      -0.260     100.000    6.49%      75.000     83.333
     BVRT_COL_D           65.983      -0.302       8.333    0.32%      50.000     58.333     66.667
             616.000     412.677      -0.489     100.000    6.33%      75.000     83.333
     CVRT_COL_D           64.128      -0.475       0.000    0.34%      50.000     58.333     66.667
             586.000     449.597      -0.120     100.000    5.29%      75.000     83.333
     DVRT_COL_D           64.094      -0.465       0.000    0.53%      50.000     58.333     66.667
             570.000     444.159      -0.206     100.000    5.09%      75.000     83.333


THE MODEL ESTIMATION TERMINATED NORMALLY



MODEL FIT INFORMATION

Number of Free Parameters                       24

Loglikelihood

          H0 Value                      -21585.890
          H0 Scaling Correction Factor      1.1317
            for MLR

Information Criteria

          Akaike (AIC)                   43219.780
          Bayesian (BIC)                 43334.058
          Sample-Size Adjusted BIC       43257.840
            (n* = (n + 2) / 24)



MODEL RESULTS

                                                    Two-Tailed
                    Estimate       S.E.  Est./S.E.    P-Value

 P1       BY
    ABFI_E             1.000      0.000    999.000    999.000

 P2       BY
    BBFI_E             1.000      0.000    999.000    999.000

 P3       BY
    CBFI_E             1.000      0.000    999.000    999.000

 P4       BY
    DBFI_E             1.000      0.000    999.000    999.000

 V1       BY
    AVRT_COL_D         1.000      0.000    999.000    999.000

 V2       BY
    BVRT_COL_D         1.000      0.000    999.000    999.000

 V3       BY
    CVRT_COL_D         1.000      0.000    999.000    999.000

 V4       BY
    DVRT_COL_D         1.000      0.000    999.000    999.000

 P4         ON
    P3                 0.217      0.064      3.413      0.001
    V3                -0.005      0.030     -0.164      0.869

 P3         ON
    P2                 0.217      0.064      3.413      0.001
    V2                -0.005      0.030     -0.164      0.869

 P2         ON
    P1                 0.217      0.064      3.413      0.001
    V1                -0.005      0.030     -0.164      0.869

 V4         ON
    V3                 0.098      0.042      2.326      0.020
    P3                -0.086      0.062     -1.403      0.161

 V3         ON
    V2                 0.098      0.042      2.326      0.020
    P2                -0.086      0.062     -1.403      0.161

 V2         ON
    V1                 0.098      0.042      2.326      0.020
    P1                -0.086      0.062     -1.403      0.161

 S_BFI_E  WITH
    I_BFI_E           -2.054      0.940     -2.184      0.029
    S_VRT_COL_        -0.064      0.135     -0.477      0.634
    I_VRT_COL_        -1.145      2.486     -0.461      0.645

 I_BFI_E  WITH
    S_VRT_COL_        -2.054      2.702     -0.760      0.447
    I_VRT_COL_        41.547     20.265      2.050      0.040

 S_VRT_CO WITH
    I_VRT_COL_         0.313      0.794      0.395      0.693

 P1       WITH
    V1                 3.097      6.521      0.475      0.635

 P2       WITH
    V2                -2.657      4.213     -0.631      0.528

 P3       WITH
    V3                -2.657      4.213     -0.631      0.528

 P4       WITH
    V4                -2.657      4.213     -0.631      0.528

 Means
    P1                 0.000      0.000    999.000    999.000
    V1                 0.000      0.000    999.000    999.000
    I_BFI_E           54.293      0.728     74.626      0.000
    S_BFI_E            0.161      0.064      2.493      0.013
    I_VRT_COL_        66.053      0.627    105.421      0.000
    S_VRT_COL_         0.133      0.057      2.328      0.020

 Intercepts
    ABFI_E             0.000      0.000    999.000    999.000
    BBFI_E             0.000      0.000    999.000    999.000
    CBFI_E             0.000      0.000    999.000    999.000
    DBFI_E             0.000      0.000    999.000    999.000
    AVRT_COL_D         0.000      0.000    999.000    999.000
    BVRT_COL_D         0.000      0.000    999.000    999.000
    CVRT_COL_D         0.000      0.000    999.000    999.000
    DVRT_COL_D         0.000      0.000    999.000    999.000
    P2                 0.000      0.000    999.000    999.000
    P3                 0.000      0.000    999.000    999.000
    P4                 0.000      0.000    999.000    999.000
    V2                 0.000      0.000    999.000    999.000
    V3                 0.000      0.000    999.000    999.000
    V4                 0.000      0.000    999.000    999.000

 Variances
    P1                77.097      7.542     10.222      0.000
    V1               143.521     11.123     12.903      0.000
    I_BFI_E          379.902     25.166     15.096      0.000
    S_BFI_E            0.243      0.171      1.423      0.155
    I_VRT_COL_       256.706     22.115     11.608      0.000
    S_VRT_COL_         0.141      0.158      0.894      0.371

 Residual Variances
    ABFI_E             0.000      0.000    999.000    999.000
    BBFI_E             0.000      0.000    999.000    999.000
    CBFI_E             0.000      0.000    999.000    999.000
    DBFI_E             0.000      0.000    999.000    999.000
    AVRT_COL_D         0.000      0.000    999.000    999.000
    BVRT_COL_D         0.000      0.000    999.000    999.000
    CVRT_COL_D         0.000      0.000    999.000    999.000
    DVRT_COL_D         0.000      0.000    999.000    999.000
    P2                72.309      5.075     14.248      0.000
    P3                72.309      5.075     14.248      0.000
    P4                72.309      5.075     14.248      0.000
    V2               141.726      7.615     18.612      0.000
    V3               141.726      7.615     18.612      0.000
    V4               141.726      7.615     18.612      0.000


QUALITY OF NUMERICAL RESULTS

     Condition Number for the Information Matrix              0.222E-04
       (ratio of smallest to largest eigenvalue)


     Beginning Time:  16:12:39
        Ending Time:  16:12:49
       Elapsed Time:  00:00:10



MUTHEN & MUTHEN
3463 Stoner Ave.
Los Angeles, CA  90066

Tel: (310) 391-9971
Fax: (310) 391-8971
Web: www.StatModel.com
Support: Support@StatModel.com

Copyright (c) 1998-2017 Muthen & Muthen
