Mplus VERSION 8 (Linux)
MUTHEN & MUTHEN
07/08/2018   5:39 PM

INPUT INSTRUCTIONS


  title: PxVx Bivariate LCM-SR - 40splitgroup - Linear bfas_nw with Linear hrz_col;
  data: file = /home/jflournoy/code_new/lnt_pxvx/Data/lnt_nat_recalc.tsv;

  variable:
  names =
  subjid
  aage
  aaspfin
  aaspfin_d
  abfa_mt
  abfa_mt_d
  abfas_ac
  abfas_ap
  abfas_ci
  abfas_co
  abfas_ea
  abfas_ee
  abfas_nv
  abfas_nv9
  abfas_nw
  abfas_oi
  abfas_oo
  abfi_a
  abfi_a6
  abfi_c
  abfi_d_scale
  abfi_e
  abfi_hp8
  abfi_n
  abfi_o
  abfi_s_scale
  ahrz_col
  ahrz_col_d
  ahrz_ind
  ahrz_ind_d
  amvi
  ausi
  ausi_d
  avrt_col
  avrt_col_d
  avrt_ind
  avrt_ind_d
  bage
  baspfin
  baspfin_d
  bbfa_mt
  bbfa_mt_d
  bbfas_ac
  bbfas_ap
  bbfas_ci
  bbfas_co
  bbfas_ea
  bbfas_ee
  bbfas_nv
  bbfas_nv9
  bbfas_nw
  bbfas_oi
  bbfas_oo
  bbfi_a
  bbfi_a6
  bbfi_c
  bbfi_d_scale
  bbfi_e
  bbfi_hp8
  bbfi_n
  bbfi_o
  bbfi_s_scale
  bhrz_col
  bhrz_col_d
  bhrz_ind
  bhrz_ind_d
  bmvi
  busi
  busi_d
  bvrt_col
  bvrt_col_d
  bvrt_ind
  bvrt_ind_d
  cage
  caspfin
  caspfin_d
  cbfa_mt
  cbfa_mt_d
  cbfas_ac
  cbfas_ap
  cbfas_ci
  cbfas_co
  cbfas_ea
  cbfas_ee
  cbfas_nv
  cbfas_nv9
  cbfas_nw
  cbfas_oi
  cbfas_oo
  cbfi_a
  cbfi_a6
  cbfi_c
  cbfi_d_scale
  cbfi_e
  cbfi_hp8
  cbfi_n
  cbfi_o
  cbfi_s_scale
  chrz_col
  chrz_col_d
  chrz_ind
  chrz_ind_d
  cmvi
  cusi
  cusi_d
  cvrt_col
  cvrt_col_d
  cvrt_ind
  cvrt_ind_d
  dage
  daspfin
  daspfin_d
  dbfa_mt
  dbfa_mt_d
  dbfas_ac
  dbfas_ap
  dbfas_ci
  dbfas_co
  dbfas_ea
  dbfas_ee
  dbfas_nv
  dbfas_nv9
  dbfas_nw
  dbfas_oi
  dbfas_oo
  dbfi_a
  dbfi_a6
  dbfi_c
  dbfi_d_scale
  dbfi_e
  dbfi_hp8
  dbfi_n
  dbfi_o
  dbfi_s_scale
  dhrz_col
  dhrz_col_d
  dhrz_ind
  dhrz_ind_d
  dmvi
  dusi
  dusi_d
  dvrt_col
  dvrt_col_d
  dvrt_ind
  dvrt_ind_d;

  USEVARIABLES =
  abfas_nw
  bbfas_nw
  cbfas_nw
  dbfas_nw
  ahrz_col
  bhrz_col
  chrz_col
  dhrz_col
  a1
  a2
  a3
  a4
  aagegrp
  ;

  missing = all (-9999);

  tscores = a1 a2 a3 a4;

  grouping = aagegrp (0=earlier, 1=later);

  DEFINE:

  aagegrp = aage;

  cut aagegrp (39);

  a1 = aage + 0 - 36;
  a2 = aage + 1 - 36;
  a3 = aage + 2 - 36;
  a4 = aage + 3 - 36;

  ANALYSIS:
  TYPE=RANDOM;
  PROCESSORS = 6;
  model=nocovariances; ! supresses default estimation of certain covs in model;

  MODEL:

  i_bfas_nw s_bfas_nw | abfas_nw bbfas_nw cbfas_nw dbfas_nw AT a1 a2 a3 a4;
  i_hrz_col s_hrz_col | ahrz_col bhrz_col chrz_col dhrz_col AT a1 a2 a3 a4;

  ! freeing factor covs because of "nocovariances"
  ! But ensure they are constrained across groups
  s_bfas_nw WITH i_bfas_nw (p)
  s_hrz_col (q)
  i_hrz_col (r);
  i_bfas_nw WITH s_hrz_col (s)
  i_hrz_col (t);
  s_hrz_col WITH i_hrz_col (u);

  !constrain latent growth means across groups
  [i_bfas_nw] (v);
  [s_bfas_nw] (w);
  [i_hrz_col] (x);
  [s_hrz_col] (y);

  !constrain latent growth variances across groups
  i_bfas_nw (l);
  s_bfas_nw (m);
  i_hrz_col (n);
  s_hrz_col (o);

  p1 BY abfas_nw@1; ! Residual "factors";
  p2 BY bbfas_nw@1;
  p3 BY cbfas_nw@1;
  p4 BY dbfas_nw@1;

  v1 BY ahrz_col@1; ! Residual "factors";
  v2 BY bhrz_col@1;
  v3 BY chrz_col@1;
  v4 BY dhrz_col@1;

  !residual variances on observed/manifest vars set to 0
  abfas_nw@0;
  bbfas_nw@0;
  cbfas_nw@0;
  dbfas_nw@0;

  !residual variances on observed/manifest vars set to 0
  ahrz_col@0;
  bhrz_col@0;
  chrz_col@0;
  dhrz_col@0;

  ! means of observed/manifest vars set to 0
  [abfas_nw@0];
  [bbfas_nw@0];
  [cbfas_nw@0];
  [dbfas_nw@0];

  ! means of observed/manifest vars set to 0
  [ahrz_col@0];
  [bhrz_col@0];
  [chrz_col@0];
  [dhrz_col@0];

  [p1@0]; ! means of residual "factors" set to 0
  [p2@0];
  [p3@0];
  [p4@0];

  [v1@0]; ! means of residual "factors" set to 0
  [v2@0];
  [v3@0];
  [v4@0];

  p4 on p3 (a); ! Autoregressive paths constrained to equality
  p3 on p2 (a);
  p2 on p1 (a);

  v4 on v3 (b); ! Autoregressive paths constrained to equality
  v3 on v2 (b);
  v2 on v1 (b);

  p4 on v3 (c); ! Cross-lagged paths constrained to equality
  p3 on v2 (c);
  p2 on v1 (c);

  v4 on p3 (d); ! Cross-lagged paths constrained to equality
  v3 on p2 (d);
  v2 on p1 (d);

  p1 with v1; !(this one is not like the others)

  p2 with v2 (e); ! Within-wave correlations constrained to equality
  p3 with v3 (e);
  p4 with v4 (e);

  p2 p3 p4 (f); ! estimate variances of residual "factors"
  v2 v3 v4 (g); ! estimate variances of residual "factors"

  MODEL earlier:

  p4 on p3 (a23); ! Autoregressive paths constrained to equality
  p3 on p2 (a23);
  p2 on p1 (a23);

  v4 on v3 (b23); ! Autoregressive paths constrained to equality
  v3 on v2 (b23);
  v2 on v1 (b23);

  p4 on v3 (c23); ! Cross-lagged paths constrained to equality
  p3 on v2 (c23);
  p2 on v1 (c23);

  v4 on p3 (d23); ! Cross-lagged paths constrained to equality
  v3 on p2 (d23);
  v2 on p1 (d23);

  p1 with v1; !(this one is not like the others)

  p2 with v2 (e23); ! Within-wave correlations constrained to equality
  p3 with v3 (e23);
  p4 with v4 (e23);

  p2 p3 p4 (f23); ! estimate variances of residual "factors"
  v2 v3 v4 (g23); ! estimate variances of residual "factors"

  MODEL later:

  p4 on p3 (a45); ! Autoregressive paths constrained to equality
  p3 on p2 (a45);
  p2 on p1 (a45);

  v4 on v3 (b45); ! Autoregressive paths constrained to equality
  v3 on v2 (b45);
  v2 on v1 (b45);

  p4 on v3 (c45); ! Cross-lagged paths constrained to equality
  p3 on v2 (c45);
  p2 on v1 (c45);

  v4 on p3 (d45); ! Cross-lagged paths constrained to equality
  v3 on p2 (d45);
  v2 on p1 (d45);

  p1 with v1; !(this one is not like the others)

  p2 with v2 (e45); ! Within-wave correlations constrained to equality
  p3 with v3 (e45);
  p4 with v4 (e45);

  p2 p3 p4 (f45); ! estimate variances of residual "factors"
  v2 v3 v4 (g45); ! estimate variances of residual "factors"

  OUTPUT: SAMPSTAT PATTERNS;



*** WARNING
  Data set contains unknown or missing values for GROUPING,
  PATTERN, COHORT, CLUSTER and/or STRATIFICATION variables.
  Number of cases with unknown or missing values:  5
   1 WARNING(S) FOUND IN THE INPUT INSTRUCTIONS



PxVx Bivariate LCM-SR - 40splitgroup - Linear bfas_nw with Linear hrz_col;

SUMMARY OF ANALYSIS

Number of groups                                                 2
Number of observations
   Group EARLIER                                               534
   Group LATER                                                 330
   Total sample size                                           864

Number of dependent variables                                    8
Number of independent variables                                  0
Number of continuous latent variables                           12

Observed dependent variables

  Continuous
   ABFAS_NW    BBFAS_NW    CBFAS_NW    DBFAS_NW    AHRZ_COL    BHRZ_COL
   CHRZ_COL    DHRZ_COL

Continuous latent variables
   P1          P2          P3          P4          V1          V2
   V3          V4          I_BFAS_N    S_BFAS_N    I_HRZ_CO    S_HRZ_CO

Variables with special functions

  Grouping variable     AAGEGRP

  Time scores
   A1          A2          A3          A4


Estimator                                                      MLR
Information matrix                                        OBSERVED
Maximum number of iterations                                   100
Convergence criterion                                    0.100D-05
Maximum number of EM iterations                                500
Convergence criteria for the EM algorithm
  Loglikelihood change                                   0.100D-02
  Relative loglikelihood change                          0.100D-05
  Derivative                                             0.100D-03
Minimum variance                                         0.100D-03
Maximum number of steepest descent iterations                   20
Maximum number of iterations for H1                           2000
Convergence criterion for H1                             0.100D-03
Optimization algorithm                                         EMA

Input data file(s)
  /home/jflournoy/code_new/lnt_pxvx/Data/lnt_nat_recalc.tsv
Input data format  FREE


SUMMARY OF DATA

   Group EARLIER
     Number of missing data patterns            16

   Group LATER
     Number of missing data patterns            16


SUMMARY OF MISSING DATA PATTERNS


     MISSING DATA PATTERNS (x = not missing) FOR EARLIER

           1  2  3  4  5  6  7  8  9 10 11 12 13 14 15 16
 ABFAS_NW  x  x  x  x  x  x  x  x  x  x  x     x  x  x  x
 BBFAS_NW  x     x     x  x  x        x  x  x  x  x
 CBFAS_NW  x        x  x     x     x  x     x  x  x  x
 DBFAS_NW  x     x  x  x        x           x  x     x  x
 AHRZ_COL  x  x  x  x  x  x  x  x  x  x  x  x  x  x  x  x
 BHRZ_COL  x     x     x  x  x        x     x     x  x
 CHRZ_COL  x        x        x     x        x  x  x  x
 DHRZ_COL  x     x  x  x        x           x  x  x  x


     MISSING DATA PATTERN FREQUENCIES FOR EARLIER

    Pattern   Frequency     Pattern   Frequency     Pattern   Frequency
          1         324           7          20          13           2
          2         101           8          14          14           1
          3          14           9          12          15           1
          4          12          10           1          16           1
          5           1          11           2
          6          26          12           2


     MISSING DATA PATTERNS (x = not missing) FOR LATER

           1  2  3  4  5  6  7  8  9 10 11 12 13 14 15 16
 ABFAS_NW  x  x  x  x  x  x  x  x  x  x     x  x  x  x  x
 BBFAS_NW  x     x     x  x  x        x  x  x        x
 CBFAS_NW  x        x  x     x     x     x  x  x        x
 DBFAS_NW  x     x  x  x        x        x  x  x     x
 AHRZ_COL  x  x  x  x  x  x  x  x  x  x  x  x  x     x  x
 BHRZ_COL  x     x     x  x  x           x     x
 CHRZ_COL  x        x        x     x     x  x  x
 DHRZ_COL  x     x  x  x        x        x  x  x     x


     MISSING DATA PATTERN FREQUENCIES FOR LATER

    Pattern   Frequency     Pattern   Frequency     Pattern   Frequency
          1         163           7          26          13           1
          2          68           8          10          14           1
          3          12           9          11          15           1
          4           9          10           2          16           1
          5           1          11           1
          6          22          12           1


COVARIANCE COVERAGE OF DATA

Minimum covariance coverage value   0.100


     PROPORTION OF DATA PRESENT FOR EARLIER


           Covariance Coverage
              ABFAS_NW      BBFAS_NW      CBFAS_NW      DBFAS_NW      AHRZ_COL
              ________      ________      ________      ________      ________
 ABFAS_NW       0.996
 BBFAS_NW       0.732         0.736
 CBFAS_NW       0.700         0.657         0.704
 DBFAS_NW       0.691         0.642         0.640         0.695
 AHRZ_COL       0.996         0.736         0.704         0.695         1.000
 BHRZ_COL       0.727         0.728         0.655         0.640         0.730
 CHRZ_COL       0.697         0.654         0.700         0.639         0.700
 DHRZ_COL       0.691         0.644         0.642         0.693         0.695


           Covariance Coverage
              BHRZ_COL      CHRZ_COL      DHRZ_COL
              ________      ________      ________
 BHRZ_COL       0.730
 CHRZ_COL       0.652         0.700
 DHRZ_COL       0.642         0.640         0.695


     PROPORTION OF DATA PRESENT FOR LATER


           Covariance Coverage
              ABFAS_NW      BBFAS_NW      CBFAS_NW      DBFAS_NW      AHRZ_COL
              ________      ________      ________      ________      ________
 ABFAS_NW       0.997
 BBFAS_NW       0.694         0.697
 CBFAS_NW       0.652         0.591         0.655
 DBFAS_NW       0.600         0.539         0.533         0.603
 AHRZ_COL       0.997         0.697         0.655         0.603         1.000
 BHRZ_COL       0.691         0.691         0.591         0.539         0.694
 CHRZ_COL       0.642         0.582         0.645         0.530         0.645
 DHRZ_COL       0.600         0.542         0.536         0.600         0.603


           Covariance Coverage
              BHRZ_COL      CHRZ_COL      DHRZ_COL
              ________      ________      ________
 BHRZ_COL       0.694
 CHRZ_COL       0.582         0.645
 DHRZ_COL       0.542         0.533         0.603


SAMPLE STATISTICS


     ESTIMATED SAMPLE STATISTICS FOR EARLIER


           Means
              ABFAS_NW      BBFAS_NW      CBFAS_NW      DBFAS_NW      AHRZ_COL
              ________      ________      ________      ________      ________
               47.424        47.312        47.699        47.801        70.233


           Means
              BHRZ_COL      CHRZ_COL      DHRZ_COL
              ________      ________      ________
               69.875        70.538        70.347


           Covariances
              ABFAS_NW      BBFAS_NW      CBFAS_NW      DBFAS_NW      AHRZ_COL
              ________      ________      ________      ________      ________
 ABFAS_NW     441.504
 BBFAS_NW     352.796       420.602
 CBFAS_NW     338.084       344.057       435.414
 DBFAS_NW     341.943       346.120       369.081       432.549
 AHRZ_COL     -99.194       -92.727       -88.005       -82.659       316.658
 BHRZ_COL     -95.231       -97.128       -95.225       -87.019       222.186
 CHRZ_COL    -102.178      -105.240      -110.850       -96.054       216.032
 DHRZ_COL     -89.561      -102.261       -96.784       -95.061       218.284


           Covariances
              BHRZ_COL      CHRZ_COL      DHRZ_COL
              ________      ________      ________
 BHRZ_COL     314.790
 CHRZ_COL     234.844       337.777
 DHRZ_COL     225.029       241.001       318.766


           Correlations
              ABFAS_NW      BBFAS_NW      CBFAS_NW      DBFAS_NW      AHRZ_COL
              ________      ________      ________      ________      ________
 ABFAS_NW       1.000
 BBFAS_NW       0.819         1.000
 CBFAS_NW       0.771         0.804         1.000
 DBFAS_NW       0.782         0.811         0.850         1.000
 AHRZ_COL      -0.265        -0.254        -0.237        -0.223         1.000
 BHRZ_COL      -0.255        -0.267        -0.257        -0.236         0.704
 CHRZ_COL      -0.265        -0.279        -0.289        -0.251         0.661
 DHRZ_COL      -0.239        -0.279        -0.260        -0.256         0.687


           Correlations
              BHRZ_COL      CHRZ_COL      DHRZ_COL
              ________      ________      ________
 BHRZ_COL       1.000
 CHRZ_COL       0.720         1.000
 DHRZ_COL       0.710         0.734         1.000


     ESTIMATED SAMPLE STATISTICS FOR LATER


           Means
              ABFAS_NW      BBFAS_NW      CBFAS_NW      DBFAS_NW      AHRZ_COL
              ________      ________      ________      ________      ________
               43.642        43.939        43.691        43.057        75.317


           Means
              BHRZ_COL      CHRZ_COL      DHRZ_COL
              ________      ________      ________
               74.185        75.343        74.189


           Covariances
              ABFAS_NW      BBFAS_NW      CBFAS_NW      DBFAS_NW      AHRZ_COL
              ________      ________      ________      ________      ________
 ABFAS_NW     406.122
 BBFAS_NW     323.168       383.756
 CBFAS_NW     320.082       347.718       413.097
 DBFAS_NW     333.242       355.163       375.882       438.123
 AHRZ_COL     -67.745       -77.909       -57.766       -66.452       233.231
 BHRZ_COL     -59.938       -70.829       -64.544       -68.646       168.932
 CHRZ_COL     -56.560       -70.080       -63.797       -72.547       153.019
 DHRZ_COL     -55.719       -56.680       -58.170       -68.608       149.972


           Covariances
              BHRZ_COL      CHRZ_COL      DHRZ_COL
              ________      ________      ________
 BHRZ_COL     230.700
 CHRZ_COL     166.488       214.078
 DHRZ_COL     161.265       158.870       227.883


           Correlations
              ABFAS_NW      BBFAS_NW      CBFAS_NW      DBFAS_NW      AHRZ_COL
              ________      ________      ________      ________      ________
 ABFAS_NW       1.000
 BBFAS_NW       0.819         1.000
 CBFAS_NW       0.781         0.873         1.000
 DBFAS_NW       0.790         0.866         0.884         1.000
 AHRZ_COL      -0.220        -0.260        -0.186        -0.208         1.000
 BHRZ_COL      -0.196        -0.238        -0.209        -0.216         0.728
 CHRZ_COL      -0.192        -0.245        -0.215        -0.237         0.685
 DHRZ_COL      -0.183        -0.192        -0.190        -0.217         0.651


           Correlations
              BHRZ_COL      CHRZ_COL      DHRZ_COL
              ________      ________      ________
 BHRZ_COL       1.000
 CHRZ_COL       0.749         1.000
 DHRZ_COL       0.703         0.719         1.000


     MAXIMUM LOG-LIKELIHOOD VALUE FOR THE UNRESTRICTED (H1) MODEL IS -20985.296


UNIVARIATE SAMPLE STATISTICS


     UNIVARIATE HIGHER-ORDER MOMENT DESCRIPTIVE STATISTICS FOR EARLIER

         Variable/         Mean/     Skewness/   Minimum/ % with                Percentiles
        Sample Size      Variance    Kurtosis    Maximum  Min/Max      20%/60%    40%/80%    Median

     ABFAS_NW             47.439       0.147       0.000    0.75%      27.500     42.500     47.500
             532.000     440.970      -0.402     100.000    0.19%      52.500     65.000
     BBFAS_NW             47.590       0.038       0.000    0.25%      27.500     42.500     50.000
             393.000     423.923      -0.572      97.500    0.51%      52.500     65.000
     CBFAS_NW             48.042       0.038       0.000    0.53%      30.000     42.500     47.500
             376.000     445.879      -0.449      97.500    1.06%      52.500     65.000
     DBFAS_NW             48.348       0.032       0.000    0.54%      30.000     42.500     50.000
             371.000     435.445      -0.471      97.500    0.81%      55.000     65.000
     AHRZ_COL             70.233      -0.663       6.250    0.19%      56.250     68.750     75.000
             534.000     316.658       0.484     100.000    5.43%      75.000     87.500
     BHRZ_COL             69.845      -0.660      12.500    0.51%      56.250     68.750     75.000
             390.000     306.860       0.453     100.000    4.36%      75.000     81.250
     CHRZ_COL             70.438      -0.695       6.250    0.27%      56.250     68.750     75.000
             374.000     337.747       0.373     100.000    5.08%      75.000     87.500
     DHRZ_COL             70.199      -0.663       6.250    0.54%      56.250     68.750     75.000
             371.000     319.667       0.430     100.000    4.58%      75.000     87.500


     UNIVARIATE HIGHER-ORDER MOMENT DESCRIPTIVE STATISTICS FOR LATER

         Variable/         Mean/     Skewness/   Minimum/ % with                Percentiles
        Sample Size      Variance    Kurtosis    Maximum  Min/Max      20%/60%    40%/80%    Median

     ABFAS_NW             43.672       0.041       0.000    0.91%      27.500     37.500     42.500
             329.000     406.689      -0.428     100.000    0.30%      47.500     62.500
     BBFAS_NW             43.668       0.183       0.000    1.31%      25.000     37.500     42.500
             229.000     404.724      -0.287      97.500    0.44%      47.500     60.000
     CBFAS_NW             43.046       0.100       0.000    1.87%      25.000     37.500     42.500
             214.000     427.174      -0.373      92.500    0.47%      47.500     60.000
     DBFAS_NW             40.779       0.244       0.000    1.01%      20.000     35.000     40.000
             199.000     439.720      -0.388     100.000    0.50%      45.000     60.000
     AHRZ_COL             75.323      -0.530      12.500    0.30%      62.500     75.000     75.000
             329.000     233.255       0.423     100.000    8.21%      81.250     87.500
     BHRZ_COL             73.866      -0.429      25.000    0.88%      62.500     68.750     75.000
             226.000     242.404      -0.079     100.000    6.19%      81.250     87.500
     CHRZ_COL             75.472      -0.272      31.250    0.94%      62.500     75.000     75.000
             212.000     213.884      -0.160     100.000    8.49%      81.250     87.500
     DHRZ_COL             74.508      -0.565      12.500    0.50%      62.500     68.750     75.000
             199.000     230.752       0.707     100.000    6.03%      81.250     87.500


THE MODEL ESTIMATION TERMINATED NORMALLY



MODEL FIT INFORMATION

Number of Free Parameters                       34

Loglikelihood

          H0 Value                      -20995.695
          H0 Scaling Correction Factor      1.2863
            for MLR

Information Criteria

          Akaike (AIC)                   42059.391
          Bayesian (BIC)                 42221.284
          Sample-Size Adjusted BIC       42113.309
            (n* = (n + 2) / 24)



MODEL RESULTS

                                                    Two-Tailed
                    Estimate       S.E.  Est./S.E.    P-Value

Group EARLIER

 P1       BY
    ABFAS_NW           1.000      0.000    999.000    999.000

 P2       BY
    BBFAS_NW           1.000      0.000    999.000    999.000

 P3       BY
    CBFAS_NW           1.000      0.000    999.000    999.000

 P4       BY
    DBFAS_NW           1.000      0.000    999.000    999.000

 V1       BY
    AHRZ_COL           1.000      0.000    999.000    999.000

 V2       BY
    BHRZ_COL           1.000      0.000    999.000    999.000

 V3       BY
    CHRZ_COL           1.000      0.000    999.000    999.000

 V4       BY
    DHRZ_COL           1.000      0.000    999.000    999.000

 P4         ON
    P3                 0.169      0.056      3.041      0.002
    V3                -0.001      0.043     -0.025      0.980

 P3         ON
    P2                 0.169      0.056      3.041      0.002
    V2                -0.001      0.043     -0.025      0.980

 P2         ON
    P1                 0.169      0.056      3.041      0.002
    V1                -0.001      0.043     -0.025      0.980

 V4         ON
    V3                 0.106      0.060      1.760      0.078
    P3                -0.016      0.048     -0.335      0.737

 V3         ON
    V2                 0.106      0.060      1.760      0.078
    P2                -0.016      0.048     -0.335      0.737

 V2         ON
    V1                 0.106      0.060      1.760      0.078
    P1                -0.016      0.048     -0.335      0.737

 S_BFAS_N WITH
    I_BFAS_NW         -0.754      0.930     -0.810      0.418
    S_HRZ_COL         -0.029      0.128     -0.228      0.819
    I_HRZ_COL          1.276      2.019      0.632      0.527

 I_BFAS_N WITH
    S_HRZ_COL          0.588      2.178      0.270      0.787
    I_HRZ_COL        -72.178     15.311     -4.714      0.000

 S_HRZ_CO WITH
    I_HRZ_COL         -1.667      0.768     -2.170      0.030

 P1       WITH
    V1               -12.936      9.009     -1.436      0.151

 P2       WITH
    V2                -4.952      4.660     -1.063      0.288

 P3       WITH
    V3                -4.952      4.660     -1.063      0.288

 P4       WITH
    V4                -4.952      4.660     -1.063      0.288

 Means
    P1                 0.000      0.000    999.000    999.000
    V1                 0.000      0.000    999.000    999.000
    I_BFAS_NW         46.351      0.666     69.608      0.000
    S_BFAS_NW         -0.275      0.060     -4.570      0.000
    I_HRZ_COL         71.706      0.530    135.175      0.000
    S_HRZ_COL          0.268      0.045      5.896      0.000

 Intercepts
    ABFAS_NW           0.000      0.000    999.000    999.000
    BBFAS_NW           0.000      0.000    999.000    999.000
    CBFAS_NW           0.000      0.000    999.000    999.000
    DBFAS_NW           0.000      0.000    999.000    999.000
    AHRZ_COL           0.000      0.000    999.000    999.000
    BHRZ_COL           0.000      0.000    999.000    999.000
    CHRZ_COL           0.000      0.000    999.000    999.000
    DHRZ_COL           0.000      0.000    999.000    999.000
    P2                 0.000      0.000    999.000    999.000
    P3                 0.000      0.000    999.000    999.000
    P4                 0.000      0.000    999.000    999.000
    V2                 0.000      0.000    999.000    999.000
    V3                 0.000      0.000    999.000    999.000
    V4                 0.000      0.000    999.000    999.000

 Variances
    P1               108.441     13.385      8.102      0.000
    V1               109.232     16.561      6.596      0.000
    I_BFAS_NW        309.552     23.291     13.291      0.000
    S_BFAS_NW          0.203      0.183      1.110      0.267
    I_HRZ_COL        183.741     15.799     11.630      0.000
    S_HRZ_COL          0.078      0.117      0.664      0.507

 Residual Variances
    ABFAS_NW           0.000      0.000    999.000    999.000
    BBFAS_NW           0.000      0.000    999.000    999.000
    CBFAS_NW           0.000      0.000    999.000    999.000
    DBFAS_NW           0.000      0.000    999.000    999.000
    AHRZ_COL           0.000      0.000    999.000    999.000
    BHRZ_COL           0.000      0.000    999.000    999.000
    CHRZ_COL           0.000      0.000    999.000    999.000
    DHRZ_COL           0.000      0.000    999.000    999.000
    P2                84.869      6.922     12.261      0.000
    P3                84.869      6.922     12.261      0.000
    P4                84.869      6.922     12.261      0.000
    V2                98.568      7.045     13.991      0.000
    V3                98.568      7.045     13.991      0.000
    V4                98.568      7.045     13.991      0.000

Group LATER

 P1       BY
    ABFAS_NW           1.000      0.000    999.000    999.000

 P2       BY
    BBFAS_NW           1.000      0.000    999.000    999.000

 P3       BY
    CBFAS_NW           1.000      0.000    999.000    999.000

 P4       BY
    DBFAS_NW           1.000      0.000    999.000    999.000

 V1       BY
    AHRZ_COL           1.000      0.000    999.000    999.000

 V2       BY
    BHRZ_COL           1.000      0.000    999.000    999.000

 V3       BY
    CHRZ_COL           1.000      0.000    999.000    999.000

 V4       BY
    DHRZ_COL           1.000      0.000    999.000    999.000

 P4         ON
    P3                 0.131      0.066      1.979      0.048
    V3                -0.138      0.062     -2.227      0.026

 P3         ON
    P2                 0.131      0.066      1.979      0.048
    V2                -0.138      0.062     -2.227      0.026

 P2         ON
    P1                 0.131      0.066      1.979      0.048
    V1                -0.138      0.062     -2.227      0.026

 V4         ON
    V3                 0.144      0.105      1.374      0.169
    P3                -0.054      0.058     -0.928      0.354

 V3         ON
    V2                 0.144      0.105      1.374      0.169
    P2                -0.054      0.058     -0.928      0.354

 V2         ON
    V1                 0.144      0.105      1.374      0.169
    P1                -0.054      0.058     -0.928      0.354

 S_BFAS_N WITH
    I_BFAS_NW         -0.754      0.930     -0.810      0.418
    S_HRZ_COL         -0.029      0.128     -0.228      0.819
    I_HRZ_COL          1.276      2.019      0.632      0.527

 I_BFAS_N WITH
    S_HRZ_COL          0.588      2.178      0.270      0.787
    I_HRZ_COL        -72.178     15.311     -4.714      0.000

 S_HRZ_CO WITH
    I_HRZ_COL         -1.667      0.768     -2.170      0.030

 P1       WITH
    V1               -11.687      9.006     -1.298      0.194

 P2       WITH
    V2                -6.199      4.104     -1.511      0.131

 P3       WITH
    V3                -6.199      4.104     -1.511      0.131

 P4       WITH
    V4                -6.199      4.104     -1.511      0.131

 Means
    P1                 0.000      0.000    999.000    999.000
    V1                 0.000      0.000    999.000    999.000
    I_BFAS_NW         46.351      0.666     69.608      0.000
    S_BFAS_NW         -0.275      0.060     -4.570      0.000
    I_HRZ_COL         71.706      0.530    135.175      0.000
    S_HRZ_COL          0.268      0.045      5.896      0.000

 Intercepts
    ABFAS_NW           0.000      0.000    999.000    999.000
    BBFAS_NW           0.000      0.000    999.000    999.000
    CBFAS_NW           0.000      0.000    999.000    999.000
    DBFAS_NW           0.000      0.000    999.000    999.000
    AHRZ_COL           0.000      0.000    999.000    999.000
    BHRZ_COL           0.000      0.000    999.000    999.000
    CHRZ_COL           0.000      0.000    999.000    999.000
    DHRZ_COL           0.000      0.000    999.000    999.000
    P2                 0.000      0.000    999.000    999.000
    P3                 0.000      0.000    999.000    999.000
    P4                 0.000      0.000    999.000    999.000
    V2                 0.000      0.000    999.000    999.000
    V3                 0.000      0.000    999.000    999.000
    V4                 0.000      0.000    999.000    999.000

 Variances
    P1               113.908     14.227      8.006      0.000
    V1                81.546     10.611      7.685      0.000
    I_BFAS_NW        309.552     23.291     13.291      0.000
    S_BFAS_NW          0.203      0.183      1.110      0.267
    I_HRZ_COL        183.741     15.799     11.630      0.000
    S_HRZ_COL          0.078      0.117      0.664      0.507

 Residual Variances
    ABFAS_NW           0.000      0.000    999.000    999.000
    BBFAS_NW           0.000      0.000    999.000    999.000
    CBFAS_NW           0.000      0.000    999.000    999.000
    DBFAS_NW           0.000      0.000    999.000    999.000
    AHRZ_COL           0.000      0.000    999.000    999.000
    BHRZ_COL           0.000      0.000    999.000    999.000
    CHRZ_COL           0.000      0.000    999.000    999.000
    DHRZ_COL           0.000      0.000    999.000    999.000
    P2                56.805      5.992      9.480      0.000
    P3                56.805      5.992      9.480      0.000
    P4                56.805      5.992      9.480      0.000
    V2                68.827      6.426     10.710      0.000
    V3                68.827      6.426     10.710      0.000
    V4                68.827      6.426     10.710      0.000


QUALITY OF NUMERICAL RESULTS

     Condition Number for the Information Matrix              0.170E-04
       (ratio of smallest to largest eigenvalue)


     Beginning Time:  17:39:41
        Ending Time:  17:39:50
       Elapsed Time:  00:00:09



MUTHEN & MUTHEN
3463 Stoner Ave.
Los Angeles, CA  90066

Tel: (310) 391-9971
Fax: (310) 391-8971
Web: www.StatModel.com
Support: Support@StatModel.com

Copyright (c) 1998-2017 Muthen & Muthen
