Mplus VERSION 8 (Linux)
MUTHEN & MUTHEN
07/08/2018   6:11 PM

INPUT INSTRUCTIONS


  title: PxVx Bivariate LCM-SR - decadegroup - Linear bfi_c with Linear hrz_ind_d;
  data: file = /home/jflournoy/code_new/lnt_pxvx/Data/lnt_nat_recalc.tsv;

  variable:
  names =
  subjid
  aage
  aaspfin
  aaspfin_d
  abfa_mt
  abfa_mt_d
  abfas_ac
  abfas_ap
  abfas_ci
  abfas_co
  abfas_ea
  abfas_ee
  abfas_nv
  abfas_nv9
  abfas_nw
  abfas_oi
  abfas_oo
  abfi_a
  abfi_a6
  abfi_c
  abfi_d_scale
  abfi_e
  abfi_hp8
  abfi_n
  abfi_o
  abfi_s_scale
  ahrz_col
  ahrz_col_d
  ahrz_ind
  ahrz_ind_d
  amvi
  ausi
  ausi_d
  avrt_col
  avrt_col_d
  avrt_ind
  avrt_ind_d
  bage
  baspfin
  baspfin_d
  bbfa_mt
  bbfa_mt_d
  bbfas_ac
  bbfas_ap
  bbfas_ci
  bbfas_co
  bbfas_ea
  bbfas_ee
  bbfas_nv
  bbfas_nv9
  bbfas_nw
  bbfas_oi
  bbfas_oo
  bbfi_a
  bbfi_a6
  bbfi_c
  bbfi_d_scale
  bbfi_e
  bbfi_hp8
  bbfi_n
  bbfi_o
  bbfi_s_scale
  bhrz_col
  bhrz_col_d
  bhrz_ind
  bhrz_ind_d
  bmvi
  busi
  busi_d
  bvrt_col
  bvrt_col_d
  bvrt_ind
  bvrt_ind_d
  cage
  caspfin
  caspfin_d
  cbfa_mt
  cbfa_mt_d
  cbfas_ac
  cbfas_ap
  cbfas_ci
  cbfas_co
  cbfas_ea
  cbfas_ee
  cbfas_nv
  cbfas_nv9
  cbfas_nw
  cbfas_oi
  cbfas_oo
  cbfi_a
  cbfi_a6
  cbfi_c
  cbfi_d_scale
  cbfi_e
  cbfi_hp8
  cbfi_n
  cbfi_o
  cbfi_s_scale
  chrz_col
  chrz_col_d
  chrz_ind
  chrz_ind_d
  cmvi
  cusi
  cusi_d
  cvrt_col
  cvrt_col_d
  cvrt_ind
  cvrt_ind_d
  dage
  daspfin
  daspfin_d
  dbfa_mt
  dbfa_mt_d
  dbfas_ac
  dbfas_ap
  dbfas_ci
  dbfas_co
  dbfas_ea
  dbfas_ee
  dbfas_nv
  dbfas_nv9
  dbfas_nw
  dbfas_oi
  dbfas_oo
  dbfi_a
  dbfi_a6
  dbfi_c
  dbfi_d_scale
  dbfi_e
  dbfi_hp8
  dbfi_n
  dbfi_o
  dbfi_s_scale
  dhrz_col
  dhrz_col_d
  dhrz_ind
  dhrz_ind_d
  dmvi
  dusi
  dusi_d
  dvrt_col
  dvrt_col_d
  dvrt_ind
  dvrt_ind_d;

  USEVARIABLES =
  abfi_c
  bbfi_c
  cbfi_c
  dbfi_c
  ahrz_ind_d
  bhrz_ind_d
  chrz_ind_d
  dhrz_ind_d
  a1
  a2
  a3
  a4
  aagegrp
  ;

  missing = all (-9999);

  tscores = a1 a2 a3 a4;

  grouping = aagegrp (0=d2, 1=d3, 2=d4, 3=d5);

  DEFINE:

  aagegrp = aage;

  cut aagegrp (29 39 49);

  a1 = aage + 0 - 36;
  a2 = aage + 1 - 36;
  a3 = aage + 2 - 36;
  a4 = aage + 3 - 36;

  ANALYSIS:
  TYPE=RANDOM;
  PROCESSORS = 6;
  model=nocovariances; ! supresses default estimation of certain covs in model;

  MODEL:

  i_bfi_c s_bfi_c | abfi_c bbfi_c cbfi_c dbfi_c AT a1 a2 a3 a4;
  i_hrz_ind_d s_hrz_ind_d | ahrz_ind_d bhrz_ind_d chrz_ind_d dhrz_ind_d AT a1 a2 a3 a4;

  ! freeing factor covs because of "nocovariances"
  ! But ensure they are constrained across groups
  s_bfi_c WITH i_bfi_c (p)
  s_hrz_ind_d (q)
  i_hrz_ind_d (r);
  i_bfi_c WITH s_hrz_ind_d (s)
  i_hrz_ind_d (t);
  s_hrz_ind_d WITH i_hrz_ind_d (u);

  !constrain latent growth means across groups
  [i_bfi_c] (v);
  [s_bfi_c] (w);
  [i_hrz_ind_d] (x);
  [s_hrz_ind_d] (y);

  !constrain latent growth variances across groups
  i_bfi_c (l);
  s_bfi_c (m);
  i_hrz_ind_d (n);
  s_hrz_ind_d (o);

  p1 BY abfi_c@1; ! Residual "factors";
  p2 BY bbfi_c@1;
  p3 BY cbfi_c@1;
  p4 BY dbfi_c@1;

  v1 BY ahrz_ind_d@1; ! Residual "factors";
  v2 BY bhrz_ind_d@1;
  v3 BY chrz_ind_d@1;
  v4 BY dhrz_ind_d@1;

  !residual variances on observed/manifest vars set to 0
  abfi_c@0;
  bbfi_c@0;
  cbfi_c@0;
  dbfi_c@0;

  !residual variances on observed/manifest vars set to 0
  ahrz_ind_d@0;
  bhrz_ind_d@0;
  chrz_ind_d@0;
  dhrz_ind_d@0;

  ! means of observed/manifest vars set to 0
  [abfi_c@0];
  [bbfi_c@0];
  [cbfi_c@0];
  [dbfi_c@0];

  ! means of observed/manifest vars set to 0
  [ahrz_ind_d@0];
  [bhrz_ind_d@0];
  [chrz_ind_d@0];
  [dhrz_ind_d@0];

  [p1@0]; ! means of residual "factors" set to 0
  [p2@0];
  [p3@0];
  [p4@0];

  [v1@0]; ! means of residual "factors" set to 0
  [v2@0];
  [v3@0];
  [v4@0];

  p4 on p3 (a); ! Autoregressive paths constrained to equality
  p3 on p2 (a);
  p2 on p1 (a);

  v4 on v3 (b); ! Autoregressive paths constrained to equality
  v3 on v2 (b);
  v2 on v1 (b);

  p4 on v3 (c); ! Cross-lagged paths constrained to equality
  p3 on v2 (c);
  p2 on v1 (c);

  v4 on p3 (d); ! Cross-lagged paths constrained to equality
  v3 on p2 (d);
  v2 on p1 (d);

  p1 with v1; !(this one is not like the others)

  p2 with v2 (e); ! Within-wave correlations constrained to equality
  p3 with v3 (e);
  p4 with v4 (e);

  p2 p3 p4 (f); ! estimate variances of residual "factors"
  v2 v3 v4 (g); ! estimate variances of residual "factors"

  MODEL d2:

  p4 on p3 (a2); ! Autoregressive paths constrained to equality
  p3 on p2 (a2);
  p2 on p1 (a2);

  v4 on v3 (b2); ! Autoregressive paths constrained to equality
  v3 on v2 (b2);
  v2 on v1 (b2);

  p4 on v3 (c2); ! Cross-lagged paths constrained to equality
  p3 on v2 (c2);
  p2 on v1 (c2);

  v4 on p3 (d2); ! Cross-lagged paths constrained to equality
  v3 on p2 (d2);
  v2 on p1 (d2);

  p1 with v1; !(this one is not like the others)

  p2 with v2 (e2); ! Within-wave correlations constrained to equality
  p3 with v3 (e2);
  p4 with v4 (e2);

  p2 p3 p4 (f2); ! estimate variances of residual "factors"
  v2 v3 v4 (g2); ! estimate variances of residual "factors"

  MODEL d3:

  p4 on p3 (a3); ! Autoregressive paths constrained to equality
  p3 on p2 (a3);
  p2 on p1 (a3);

  v4 on v3 (b3); ! Autoregressive paths constrained to equality
  v3 on v2 (b3);
  v2 on v1 (b3);

  p4 on v3 (c3); ! Cross-lagged paths constrained to equality
  p3 on v2 (c3);
  p2 on v1 (c3);

  v4 on p3 (d3); ! Cross-lagged paths constrained to equality
  v3 on p2 (d3);
  v2 on p1 (d3);

  p1 with v1; !(this one is not like the others)

  p2 with v2 (e3); ! Within-wave correlations constrained to equality
  p3 with v3 (e3);
  p4 with v4 (e3);

  p2 p3 p4 (f3); ! estimate variances of residual "factors"
  v2 v3 v4 (g3); ! estimate variances of residual "factors"

  MODEL d4:

  p4 on p3 (a4); ! Autoregressive paths constrained to equality
  p3 on p2 (a4);
  p2 on p1 (a4);

  v4 on v3 (b4); ! Autoregressive paths constrained to equality
  v3 on v2 (b4);
  v2 on v1 (b4);

  p4 on v3 (c4); ! Cross-lagged paths constrained to equality
  p3 on v2 (c4);
  p2 on v1 (c4);

  v4 on p3 (d4); ! Cross-lagged paths constrained to equality
  v3 on p2 (d4);
  v2 on p1 (d4);

  p1 with v1; !(this one is not like the others)

  p2 with v2 (e4); ! Within-wave correlations constrained to equality
  p3 with v3 (e4);
  p4 with v4 (e4);

  p2 p3 p4 (f4); ! estimate variances of residual "factors"
  v2 v3 v4 (g4); ! estimate variances of residual "factors"

  MODEL d5:

  p4 on p3 (a5); ! Autoregressive paths constrained to equality
  p3 on p2 (a5);
  p2 on p1 (a5);

  v4 on v3 (b5); ! Autoregressive paths constrained to equality
  v3 on v2 (b5);
  v2 on v1 (b5);

  p4 on v3 (c5); ! Cross-lagged paths constrained to equality
  p3 on v2 (c5);
  p2 on v1 (c5);

  v4 on p3 (d5); ! Cross-lagged paths constrained to equality
  v3 on p2 (d5);
  v2 on p1 (d5);

  p1 with v1; !(this one is not like the others)

  p2 with v2 (e5); ! Within-wave correlations constrained to equality
  p3 with v3 (e5);
  p4 with v4 (e5);

  p2 p3 p4 (f5); ! estimate variances of residual "factors"
  v2 v3 v4 (g5); ! estimate variances of residual "factors"

  OUTPUT: SAMPSTAT PATTERNS;



*** WARNING in VARIABLE command
  Note that only the first 8 characters of variable names are used in the output.
  Shorten variable names to avoid any confusion.
*** WARNING
  Data set contains unknown or missing values for GROUPING,
  PATTERN, COHORT, CLUSTER and/or STRATIFICATION variables.
  Number of cases with unknown or missing values:  5
   2 WARNING(S) FOUND IN THE INPUT INSTRUCTIONS



PxVx Bivariate LCM-SR - decadegroup - Linear bfi_c with Linear hrz_ind_d;

SUMMARY OF ANALYSIS

Number of groups                                                 4
Number of observations
   Group D2                                                    301
   Group D3                                                    233
   Group D4                                                    198
   Group D5                                                    132
   Total sample size                                           864

Number of dependent variables                                    8
Number of independent variables                                  0
Number of continuous latent variables                           12

Observed dependent variables

  Continuous
   ABFI_C      BBFI_C      CBFI_C      DBFI_C      AHRZ_IND_D  BHRZ_IND_D
   CHRZ_IND_D  DHRZ_IND_D

Continuous latent variables
   P1          P2          P3          P4          V1          V2
   V3          V4          I_BFI_C     S_BFI_C     I_HRZ_IN    S_HRZ_IN

Variables with special functions

  Grouping variable     AAGEGRP

  Time scores
   A1          A2          A3          A4


Estimator                                                      MLR
Information matrix                                        OBSERVED
Maximum number of iterations                                   100
Convergence criterion                                    0.100D-05
Maximum number of EM iterations                                500
Convergence criteria for the EM algorithm
  Loglikelihood change                                   0.100D-02
  Relative loglikelihood change                          0.100D-05
  Derivative                                             0.100D-03
Minimum variance                                         0.100D-03
Maximum number of steepest descent iterations                   20
Maximum number of iterations for H1                           2000
Convergence criterion for H1                             0.100D-03
Optimization algorithm                                         EMA

Input data file(s)
  /home/jflournoy/code_new/lnt_pxvx/Data/lnt_nat_recalc.tsv
Input data format  FREE


SUMMARY OF DATA

   Group D2
     Number of missing data patterns            14

   Group D3
     Number of missing data patterns            11

   Group D4
     Number of missing data patterns            15

   Group D5
     Number of missing data patterns             9


SUMMARY OF MISSING DATA PATTERNS


     MISSING DATA PATTERNS (x = not missing) FOR D2

           1  2  3  4  5  6  7  8  9 10 11 12 13 14
 ABFI_C    x  x  x  x  x  x  x  x  x  x  x  x  x  x
 BBFI_C    x     x  x  x  x           x  x  x     x
 CBFI_C    x        x     x     x  x  x  x  x  x
 DBFI_C    x     x  x        x     x     x     x
 AHRZ_IND  x  x  x  x  x  x  x  x  x  x  x  x  x  x
 BHRZ_IND  x     x  x  x  x           x     x
 CHRZ_IND  x              x     x  x     x  x  x
 DHRZ_IND  x     x  x        x     x     x  x


     MISSING DATA PATTERN FREQUENCIES FOR D2

    Pattern   Frequency     Pattern   Frequency     Pattern   Frequency
          1         187           6          13          11           2
          2          57           7          11          12           1
          3           6           8           4          13           1
          4           1           9           5          14           1
          5          11          10           1


     MISSING DATA PATTERNS (x = not missing) FOR D3

           1  2  3  4  5  6  7  8  9 10 11
 ABFI_C    x  x  x  x  x  x  x  x  x  x  x
 BBFI_C    x     x  x  x           x  x
 CBFI_C    x           x     x  x     x
 DBFI_C    x     x        x     x     x  x
 AHRZ_IND  x  x  x  x  x  x  x  x  x  x  x
 BHRZ_IND  x     x  x  x              x
 CHRZ_IND  x           x     x  x     x
 DHRZ_IND  x     x        x     x


     MISSING DATA PATTERN FREQUENCIES FOR D3

    Pattern   Frequency     Pattern   Frequency     Pattern   Frequency
          1         140           5           6           9           1
          2          43           6           3          10           1
          3           8           7           7          11           2
          4          15           8           7


     MISSING DATA PATTERNS (x = not missing) FOR D4

           1  2  3  4  5  6  7  8  9 10 11 12 13 14 15
 ABFI_C    x  x  x  x  x  x  x  x  x  x  x  x  x  x  x
 BBFI_C    x     x  x  x  x           x     x     x
 CBFI_C    x        x     x     x  x  x  x           x
 DBFI_C    x     x  x        x     x  x  x        x
 AHRZ_IND  x  x  x  x  x  x  x  x  x  x  x  x     x  x
 BHRZ_IND  x     x  x  x  x
 CHRZ_IND  x              x     x  x  x  x
 DHRZ_IND  x     x  x        x     x  x           x


     MISSING DATA PATTERN FREQUENCIES FOR D4

    Pattern   Frequency     Pattern   Frequency     Pattern   Frequency
          1         104           6          15          11           1
          2          39           7           4          12           2
          3           7           8           4          13           1
          4           1           9           5          14           1
          5          12          10           1          15           1


     MISSING DATA PATTERNS (x = not missing) FOR D5

           1  2  3  4  5  6  7  8  9
 ABFI_C    x  x  x  x  x  x  x  x
 BBFI_C    x     x  x  x
 CBFI_C    x           x     x  x
 DBFI_C    x     x        x     x  x
 AHRZ_IND  x  x  x  x  x  x  x  x  x
 BHRZ_IND  x     x  x  x
 CHRZ_IND  x           x     x  x
 DHRZ_IND  x     x        x     x  x


     MISSING DATA PATTERN FREQUENCIES FOR D5

    Pattern   Frequency     Pattern   Frequency     Pattern   Frequency
          1          61           4          10           7           6
          2          29           5          11           8           4
          3           5           6           5           9           1


COVARIANCE COVERAGE OF DATA

Minimum covariance coverage value   0.100


     PROPORTION OF DATA PRESENT FOR D2


           Covariance Coverage
              ABFI_C        BBFI_C        CBFI_C        DBFI_C        AHRZ_IND
              ________      ________      ________      ________      ________
 ABFI_C         1.000
 BBFI_C         0.741         0.741
 CBFI_C         0.714         0.681         0.714
 DBFI_C         0.708         0.651         0.651         0.708
 AHRZ_IND       1.000         0.741         0.714         0.708         1.000
 BHRZ_IND       0.731         0.731         0.674         0.645         0.731
 CHRZ_IND       0.708         0.674         0.708         0.648         0.708
 DHRZ_IND       0.708         0.654         0.651         0.704         0.708


           Covariance Coverage
              BHRZ_IND      CHRZ_IND      DHRZ_IND
              ________      ________      ________
 BHRZ_IND       0.731
 CHRZ_IND       0.668         0.708
 DHRZ_IND       0.648         0.648         0.708


     PROPORTION OF DATA PRESENT FOR D3


           Covariance Coverage
              ABFI_C        BBFI_C        CBFI_C        DBFI_C        AHRZ_IND
              ________      ________      ________      ________      ________
 ABFI_C         1.000
 BBFI_C         0.751         0.751
 CBFI_C         0.725         0.691         0.725
 DBFI_C         0.742         0.708         0.678         0.742
 AHRZ_IND       1.000         0.751         0.725         0.742         1.000
 BHRZ_IND       0.742         0.742         0.682         0.700         0.742
 CHRZ_IND       0.657         0.622         0.657         0.614         0.657
 DHRZ_IND       0.742         0.708         0.678         0.742         0.742


           Covariance Coverage
              BHRZ_IND      CHRZ_IND      DHRZ_IND
              ________      ________      ________
 BHRZ_IND       0.742
 CHRZ_IND       0.614         0.657
 DHRZ_IND       0.700         0.614         0.742


     PROPORTION OF DATA PRESENT FOR D4


           Covariance Coverage
              ABFI_C        BBFI_C        CBFI_C        DBFI_C        AHRZ_IND
              ________      ________      ________      ________      ________
 ABFI_C         1.000
 BBFI_C         0.732         0.732
 CBFI_C         0.682         0.631         0.682
 DBFI_C         0.626         0.576         0.571         0.626
 AHRZ_IND       1.000         0.732         0.682         0.626         1.000
 BHRZ_IND       0.722         0.722         0.626         0.571         0.722
 CHRZ_IND       0.672         0.621         0.672         0.566         0.672
 DHRZ_IND       0.626         0.581         0.571         0.616         0.626


           Covariance Coverage
              BHRZ_IND      CHRZ_IND      DHRZ_IND
              ________      ________      ________
 BHRZ_IND       0.722
 CHRZ_IND       0.616         0.672
 DHRZ_IND       0.576         0.566         0.626


     PROPORTION OF DATA PRESENT FOR D5


           Covariance Coverage
              ABFI_C        BBFI_C        CBFI_C        DBFI_C        AHRZ_IND
              ________      ________      ________      ________      ________
 ABFI_C         1.000
 BBFI_C         0.697         0.697
 CBFI_C         0.614         0.576         0.614
 DBFI_C         0.629         0.576         0.545         0.629
 AHRZ_IND       1.000         0.697         0.614         0.629         1.000
 BHRZ_IND       0.697         0.697         0.576         0.576         0.697
 CHRZ_IND       0.538         0.500         0.538         0.470         0.538
 DHRZ_IND       0.629         0.576         0.545         0.629         0.629


           Covariance Coverage
              BHRZ_IND      CHRZ_IND      DHRZ_IND
              ________      ________      ________
 BHRZ_IND       0.697
 CHRZ_IND       0.500         0.538
 DHRZ_IND       0.576         0.470         0.629


SAMPLE STATISTICS


     ESTIMATED SAMPLE STATISTICS FOR D2


           Means
              ABFI_C        BBFI_C        CBFI_C        DBFI_C        AHRZ_IND
              ________      ________      ________      ________      ________
               65.171        63.850        64.064        64.758        73.505


           Means
              BHRZ_IND      CHRZ_IND      DHRZ_IND
              ________      ________      ________
               73.387        72.883        73.114


           Covariances
              ABFI_C        BBFI_C        CBFI_C        DBFI_C        AHRZ_IND
              ________      ________      ________      ________      ________
 ABFI_C       289.331
 BBFI_C       219.891       260.980
 CBFI_C       193.115       198.952       268.821
 DBFI_C       204.939       198.137       214.117       280.223
 AHRZ_IND       9.986         2.281       -12.320        18.418       306.112
 BHRZ_IND      27.628        19.368        10.709        22.326       176.384
 CHRZ_IND      41.572        48.123        37.425        49.367       148.017
 DHRZ_IND      20.182        31.242        17.170        20.019       120.094


           Covariances
              BHRZ_IND      CHRZ_IND      DHRZ_IND
              ________      ________      ________
 BHRZ_IND     314.737
 CHRZ_IND     150.131       325.747
 DHRZ_IND     171.302       172.975       285.093


           Correlations
              ABFI_C        BBFI_C        CBFI_C        DBFI_C        AHRZ_IND
              ________      ________      ________      ________      ________
 ABFI_C         1.000
 BBFI_C         0.800         1.000
 CBFI_C         0.692         0.751         1.000
 DBFI_C         0.720         0.733         0.780         1.000
 AHRZ_IND       0.034         0.008        -0.043         0.063         1.000
 BHRZ_IND       0.092         0.068         0.037         0.075         0.568
 CHRZ_IND       0.135         0.165         0.126         0.163         0.469
 DHRZ_IND       0.070         0.115         0.062         0.071         0.407


           Correlations
              BHRZ_IND      CHRZ_IND      DHRZ_IND
              ________      ________      ________
 BHRZ_IND       1.000
 CHRZ_IND       0.469         1.000
 DHRZ_IND       0.572         0.568         1.000


     ESTIMATED SAMPLE STATISTICS FOR D3


           Means
              ABFI_C        BBFI_C        CBFI_C        DBFI_C        AHRZ_IND
              ________      ________      ________      ________      ________
               70.547        70.841        71.268        71.244        73.391


           Means
              BHRZ_IND      CHRZ_IND      DHRZ_IND
              ________      ________      ________
               72.761        74.896        72.695


           Covariances
              ABFI_C        BBFI_C        CBFI_C        DBFI_C        AHRZ_IND
              ________      ________      ________      ________      ________
 ABFI_C       317.896
 BBFI_C       241.969       283.042
 CBFI_C       236.535       230.600       284.945
 DBFI_C       216.619       227.373       232.864       284.782
 AHRZ_IND      28.512        40.797        12.755        17.332       338.671
 BHRZ_IND      63.842        80.528        83.359        69.084       210.218
 CHRZ_IND      43.106        52.233        38.513        46.255       213.528
 DHRZ_IND      60.546        61.999        51.701        49.761       189.553


           Covariances
              BHRZ_IND      CHRZ_IND      DHRZ_IND
              ________      ________      ________
 BHRZ_IND     355.587
 CHRZ_IND     197.260       320.747
 DHRZ_IND     225.747       217.994       330.382


           Correlations
              ABFI_C        BBFI_C        CBFI_C        DBFI_C        AHRZ_IND
              ________      ________      ________      ________      ________
 ABFI_C         1.000
 BBFI_C         0.807         1.000
 CBFI_C         0.786         0.812         1.000
 DBFI_C         0.720         0.801         0.817         1.000
 AHRZ_IND       0.087         0.132         0.041         0.056         1.000
 BHRZ_IND       0.190         0.254         0.262         0.217         0.606
 CHRZ_IND       0.135         0.173         0.127         0.153         0.648
 DHRZ_IND       0.187         0.203         0.169         0.162         0.567


           Correlations
              BHRZ_IND      CHRZ_IND      DHRZ_IND
              ________      ________      ________
 BHRZ_IND       1.000
 CHRZ_IND       0.584         1.000
 DHRZ_IND       0.659         0.670         1.000


     ESTIMATED SAMPLE STATISTICS FOR D4


           Means
              ABFI_C        BBFI_C        CBFI_C        DBFI_C        AHRZ_IND
              ________      ________      ________      ________      ________
               70.134        70.800        70.998        70.178        71.138


           Means
              BHRZ_IND      CHRZ_IND      DHRZ_IND
              ________      ________      ________
               73.386        72.441        72.283


           Covariances
              ABFI_C        BBFI_C        CBFI_C        DBFI_C        AHRZ_IND
              ________      ________      ________      ________      ________
 ABFI_C       283.161
 BBFI_C       221.348       273.227
 CBFI_C       237.878       237.380       299.365
 DBFI_C       212.835       215.340       244.148       283.922
 AHRZ_IND      40.181        35.511        29.357        -3.382       343.510
 BHRZ_IND      57.728        59.059        51.924        40.330       165.990
 CHRZ_IND      53.356        49.230        46.249        47.677       162.062
 DHRZ_IND      28.387        24.076        28.331        24.553       168.788


           Covariances
              BHRZ_IND      CHRZ_IND      DHRZ_IND
              ________      ________      ________
 BHRZ_IND     275.018
 CHRZ_IND     174.631       286.291
 DHRZ_IND     156.026       155.640       268.059


           Correlations
              ABFI_C        BBFI_C        CBFI_C        DBFI_C        AHRZ_IND
              ________      ________      ________      ________      ________
 ABFI_C         1.000
 BBFI_C         0.796         1.000
 CBFI_C         0.817         0.830         1.000
 DBFI_C         0.751         0.773         0.837         1.000
 AHRZ_IND       0.129         0.116         0.092        -0.011         1.000
 BHRZ_IND       0.207         0.215         0.181         0.144         0.540
 CHRZ_IND       0.187         0.176         0.158         0.167         0.517
 DHRZ_IND       0.103         0.089         0.100         0.089         0.556


           Correlations
              BHRZ_IND      CHRZ_IND      DHRZ_IND
              ________      ________      ________
 BHRZ_IND       1.000
 CHRZ_IND       0.622         1.000
 DHRZ_IND       0.575         0.562         1.000


     ESTIMATED SAMPLE STATISTICS FOR D5


           Means
              ABFI_C        BBFI_C        CBFI_C        DBFI_C        AHRZ_IND
              ________      ________      ________      ________      ________
               70.315        72.157        70.989        71.125        72.601


           Means
              BHRZ_IND      CHRZ_IND      DHRZ_IND
              ________      ________      ________
               70.597        72.971        70.189


           Covariances
              ABFI_C        BBFI_C        CBFI_C        DBFI_C        AHRZ_IND
              ________      ________      ________      ________      ________
 ABFI_C       266.387
 BBFI_C       225.999       276.969
 CBFI_C       235.748       226.649       292.031
 DBFI_C       236.785       228.021       242.414       292.309
 AHRZ_IND     -35.637       -20.420       -26.968       -38.815       301.484
 BHRZ_IND      16.367        52.545        35.711        24.695       184.319
 CHRZ_IND     -23.468        -2.371       -20.244       -21.151       148.462
 DHRZ_IND      11.017        60.252        22.683        15.541       168.091


           Covariances
              BHRZ_IND      CHRZ_IND      DHRZ_IND
              ________      ________      ________
 BHRZ_IND     354.704
 CHRZ_IND     200.787       276.196
 DHRZ_IND     199.677       194.460       278.905


           Correlations
              ABFI_C        BBFI_C        CBFI_C        DBFI_C        AHRZ_IND
              ________      ________      ________      ________      ________
 ABFI_C         1.000
 BBFI_C         0.832         1.000
 CBFI_C         0.845         0.797         1.000
 DBFI_C         0.849         0.801         0.830         1.000
 AHRZ_IND      -0.126        -0.071        -0.091        -0.131         1.000
 BHRZ_IND       0.053         0.168         0.111         0.077         0.564
 CHRZ_IND      -0.087        -0.009        -0.071        -0.074         0.514
 DHRZ_IND       0.040         0.217         0.079         0.054         0.580


           Correlations
              BHRZ_IND      CHRZ_IND      DHRZ_IND
              ________      ________      ________
 BHRZ_IND       1.000
 CHRZ_IND       0.641         1.000
 DHRZ_IND       0.635         0.701         1.000


     MAXIMUM LOG-LIKELIHOOD VALUE FOR THE UNRESTRICTED (H1) MODEL IS -21037.181


UNIVARIATE SAMPLE STATISTICS


     UNIVARIATE HIGHER-ORDER MOMENT DESCRIPTIVE STATISTICS FOR D2

         Variable/         Mean/     Skewness/   Minimum/ % with                Percentiles
        Sample Size      Variance    Kurtosis    Maximum  Min/Max      20%/60%    40%/80%    Median

     ABFI_C               65.171      -0.157      19.444    0.33%      50.000     59.375     66.667
             301.000     289.331      -0.455     100.000    1.00%      69.444     80.556
     BBFI_C               64.013      -0.234       8.333    0.45%      50.000     61.111     63.889
             223.000     250.992       0.549     100.000    1.79%      69.444     77.778
     CBFI_C               64.070      -0.121      19.444    0.47%      52.778     61.111     63.889
             215.000     257.001      -0.232     100.000    0.93%      69.444     77.778
     DBFI_C               65.063      -0.221      16.667    0.94%      50.000     61.111     66.667
             213.000     276.328      -0.051     100.000    2.35%      69.444     77.778
     AHRZ_IND_D           73.505      -0.495      25.000    1.00%      58.333     75.000     75.000
             301.000     306.112      -0.324     100.000    8.97%      83.333     91.667
     BHRZ_IND_D           73.258      -0.401      16.667    0.45%      58.333     66.667     75.000
             220.000     319.091      -0.324     100.000   11.82%      75.000     91.667
     CHRZ_IND_D           73.396      -0.644       8.333    0.94%      58.333     75.000     75.000
             213.000     323.783       0.663     100.000   12.21%      75.000     91.667
     DHRZ_IND_D           73.865      -0.356      25.000    0.47%      58.333     66.667     75.000
             213.000     281.381      -0.374     100.000   10.80%      75.000     91.667


     UNIVARIATE HIGHER-ORDER MOMENT DESCRIPTIVE STATISTICS FOR D3

         Variable/         Mean/     Skewness/   Minimum/ % with                Percentiles
        Sample Size      Variance    Kurtosis    Maximum  Min/Max      20%/60%    40%/80%    Median

     ABFI_C               70.547      -0.514      16.667    0.43%      55.556     66.667     72.222
             233.000     317.896      -0.303     100.000    3.00%      77.778     86.111
     BBFI_C               71.171      -0.192      27.778    0.58%      55.556     66.667     72.222
             171.000     272.221      -0.813     100.000    3.51%      77.778     88.889
     CBFI_C               71.032      -0.240      30.556    0.62%      55.556     66.667     69.444
             161.000     279.955      -0.671     100.000    1.86%      77.778     86.111
     DBFI_C               71.377      -0.289      27.778    0.62%      55.556     69.444     72.222
             161.000     278.645      -0.538     100.000    3.73%      77.778     86.111
     AHRZ_IND_D           73.391      -0.601       8.333    0.43%      58.333     66.667     75.000
             233.000     338.671       0.328     100.000   12.88%      75.000     91.667
     BHRZ_IND_D           72.255      -0.334      16.667    0.59%      58.333     66.667     75.000
             170.000     353.576      -0.321     100.000   14.12%      75.000     91.667
     CHRZ_IND_D           74.948      -0.387      33.333    3.11%      58.333     75.000     75.000
             161.000     320.477      -0.544     100.000   15.53%      83.333     91.667
     DHRZ_IND_D           72.468      -0.513      25.000    0.63%      58.333     75.000     75.000
             158.000     330.264      -0.418     100.000    8.86%      75.000     91.667


     UNIVARIATE HIGHER-ORDER MOMENT DESCRIPTIVE STATISTICS FOR D4

         Variable/         Mean/     Skewness/   Minimum/ % with                Percentiles
        Sample Size      Variance    Kurtosis    Maximum  Min/Max      20%/60%    40%/80%    Median

     ABFI_C               70.134      -0.448      16.667    0.51%      55.556     66.667     72.222
             198.000     283.161      -0.045     100.000    2.53%      75.000     83.333
     BBFI_C               71.013      -0.446      11.111    0.70%      58.333     66.667     72.222
             143.000     283.575       0.276     100.000    5.59%      75.000     86.111
     CBFI_C               71.507      -0.641       8.333    0.76%      58.333     66.667     72.222
             132.000     305.324       0.706     100.000    4.55%      77.778     86.111
     DBFI_C               71.013      -0.521       8.333    0.81%      55.556     69.444     72.222
             124.000     299.960       0.344     100.000    4.03%      75.000     88.889
     AHRZ_IND_D           71.151      -0.590      25.000    3.05%      58.333     66.667     75.000
             197.000     343.508      -0.141     100.000    7.11%      75.000     87.500
     BHRZ_IND_D           74.311      -0.499      25.000    2.16%      58.333     66.667     75.000
             139.000     270.933       0.283     100.000   10.07%      75.000     91.667
     CHRZ_IND_D           72.500      -0.292      25.000    0.77%      58.333     66.667     75.000
             130.000     278.472      -0.489     100.000    6.92%      75.000     91.667
     DHRZ_IND_D           71.545      -0.726      16.667    0.81%      58.333     66.667     75.000
             123.000     277.695       0.560     100.000    4.07%      75.000     83.333


     UNIVARIATE HIGHER-ORDER MOMENT DESCRIPTIVE STATISTICS FOR D5

         Variable/         Mean/     Skewness/   Minimum/ % with                Percentiles
        Sample Size      Variance    Kurtosis    Maximum  Min/Max      20%/60%    40%/80%    Median

     ABFI_C               70.274      -0.795      12.500    0.76%      58.333     66.667     75.000
             131.000     267.631       0.675      97.222    2.29%      77.778     83.333
     BBFI_C               74.401      -0.523      33.333    1.15%      61.111     72.222     77.778
              87.000     231.483      -0.232     100.000    5.75%      80.556     86.111
     CBFI_C               72.790      -0.607      30.556    2.44%      58.333     69.444     75.000
              82.000     266.876      -0.114     100.000    3.66%      77.778     86.111
     DBFI_C               73.721      -0.804      25.000    1.32%      63.889     72.222     75.000
              76.000     241.724       1.077     100.000    2.63%      77.778     86.111
     AHRZ_IND_D           72.601      -0.474      25.000    1.52%      58.333     66.667     75.000
             132.000     301.484       0.046     100.000   10.61%      75.000     91.667
     BHRZ_IND_D           71.169      -0.468      25.000    3.45%      58.333     66.667     75.000
              87.000     346.112      -0.312     100.000    9.20%      75.000     83.333
     CHRZ_IND_D           72.764      -0.276      16.667    1.22%      58.333     66.667     75.000
              82.000     284.635       0.367     100.000   13.41%      75.000     91.667
     DHRZ_IND_D           70.833      -0.346      25.000    1.32%      58.333     66.667     75.000
              76.000     264.072      -0.110     100.000    6.58%      75.000     83.333


THE MODEL ESTIMATION TERMINATED NORMALLY



MODEL FIT INFORMATION

Number of Free Parameters                       54

Loglikelihood

          H0 Value                      -21107.771
          H0 Scaling Correction Factor      1.3360
            for MLR

Information Criteria

          Akaike (AIC)                   42323.541
          Bayesian (BIC)                 42580.666
          Sample-Size Adjusted BIC       42409.176
            (n* = (n + 2) / 24)



MODEL RESULTS

                                                    Two-Tailed
                    Estimate       S.E.  Est./S.E.    P-Value

Group D2

 P1       BY
    ABFI_C             1.000      0.000    999.000    999.000

 P2       BY
    BBFI_C             1.000      0.000    999.000    999.000

 P3       BY
    CBFI_C             1.000      0.000    999.000    999.000

 P4       BY
    DBFI_C             1.000      0.000    999.000    999.000

 V1       BY
    AHRZ_IND_D         1.000      0.000    999.000    999.000

 V2       BY
    BHRZ_IND_D         1.000      0.000    999.000    999.000

 V3       BY
    CHRZ_IND_D         1.000      0.000    999.000    999.000

 V4       BY
    DHRZ_IND_D         1.000      0.000    999.000    999.000

 P4         ON
    P3                 0.257      0.084      3.079      0.002
    V3                -0.013      0.044     -0.293      0.770

 P3         ON
    P2                 0.257      0.084      3.079      0.002
    V2                -0.013      0.044     -0.293      0.770

 P2         ON
    P1                 0.257      0.084      3.079      0.002
    V1                -0.013      0.044     -0.293      0.770

 V4         ON
    V3                 0.060      0.078      0.770      0.441
    P3                 0.070      0.084      0.832      0.405

 V3         ON
    V2                 0.060      0.078      0.770      0.441
    P2                 0.070      0.084      0.832      0.405

 V2         ON
    V1                 0.060      0.078      0.770      0.441
    P1                 0.070      0.084      0.832      0.405

 S_BFI_C  WITH
    I_BFI_C            0.480      0.739      0.649      0.516
    S_HRZ_IND_        -0.025      0.078     -0.319      0.750
    I_HRZ_IND_        -1.441      1.982     -0.727      0.467

 I_BFI_C  WITH
    S_HRZ_IND_         1.248      2.066      0.604      0.546
    I_HRZ_IND_        29.083     11.151      2.608      0.009

 S_HRZ_IN WITH
    I_HRZ_IND_         0.173      0.721      0.240      0.810

 P1       WITH
    V1                 1.873     10.173      0.184      0.854

 P2       WITH
    V2                -2.135      7.191     -0.297      0.767

 P3       WITH
    V3                -2.135      7.191     -0.297      0.767

 P4       WITH
    V4                -2.135      7.191     -0.297      0.767

 Means
    P1                 0.000      0.000    999.000    999.000
    V1                 0.000      0.000    999.000    999.000
    I_BFI_C           68.410      0.553    123.770      0.000
    S_BFI_C            0.211      0.048      4.374      0.000
    I_HRZ_IND_        72.920      0.522    139.719      0.000
    S_HRZ_IND_        -0.078      0.048     -1.624      0.104

 Intercepts
    ABFI_C             0.000      0.000    999.000    999.000
    BBFI_C             0.000      0.000    999.000    999.000
    CBFI_C             0.000      0.000    999.000    999.000
    DBFI_C             0.000      0.000    999.000    999.000
    AHRZ_IND_D         0.000      0.000    999.000    999.000
    BHRZ_IND_D         0.000      0.000    999.000    999.000
    CHRZ_IND_D         0.000      0.000    999.000    999.000
    DHRZ_IND_D         0.000      0.000    999.000    999.000
    P2                 0.000      0.000    999.000    999.000
    P3                 0.000      0.000    999.000    999.000
    P4                 0.000      0.000    999.000    999.000
    V2                 0.000      0.000    999.000    999.000
    V3                 0.000      0.000    999.000    999.000
    V4                 0.000      0.000    999.000    999.000

 Variances
    P1                87.146     14.613      5.964      0.000
    V1               163.818     21.754      7.531      0.000
    I_BFI_C          206.994     15.956     12.972      0.000
    S_BFI_C            0.093      0.121      0.772      0.440
    I_HRZ_IND_       166.378     16.030     10.379      0.000
    S_HRZ_IND_         0.057      0.128      0.444      0.657

 Residual Variances
    ABFI_C             0.000      0.000    999.000    999.000
    BBFI_C             0.000      0.000    999.000    999.000
    CBFI_C             0.000      0.000    999.000    999.000
    DBFI_C             0.000      0.000    999.000    999.000
    AHRZ_IND_D         0.000      0.000    999.000    999.000
    BHRZ_IND_D         0.000      0.000    999.000    999.000
    CHRZ_IND_D         0.000      0.000    999.000    999.000
    DHRZ_IND_D         0.000      0.000    999.000    999.000
    P2                75.291      8.366      9.000      0.000
    P3                75.291      8.366      9.000      0.000
    P4                75.291      8.366      9.000      0.000
    V2               150.011     15.531      9.659      0.000
    V3               150.011     15.531      9.659      0.000
    V4               150.011     15.531      9.659      0.000

Group D3

 P1       BY
    ABFI_C             1.000      0.000    999.000    999.000

 P2       BY
    BBFI_C             1.000      0.000    999.000    999.000

 P3       BY
    CBFI_C             1.000      0.000    999.000    999.000

 P4       BY
    DBFI_C             1.000      0.000    999.000    999.000

 V1       BY
    AHRZ_IND_D         1.000      0.000    999.000    999.000

 V2       BY
    BHRZ_IND_D         1.000      0.000    999.000    999.000

 V3       BY
    CHRZ_IND_D         1.000      0.000    999.000    999.000

 V4       BY
    DHRZ_IND_D         1.000      0.000    999.000    999.000

 P4         ON
    P3                 0.148      0.136      1.090      0.276
    V3                 0.100      0.050      1.996      0.046

 P3         ON
    P2                 0.148      0.136      1.090      0.276
    V2                 0.100      0.050      1.996      0.046

 P2         ON
    P1                 0.148      0.136      1.090      0.276
    V1                 0.100      0.050      1.996      0.046

 V4         ON
    V3                 0.006      0.103      0.055      0.956
    P3                -0.027      0.112     -0.242      0.809

 V3         ON
    V2                 0.006      0.103      0.055      0.956
    P2                -0.027      0.112     -0.242      0.809

 V2         ON
    V1                 0.006      0.103      0.055      0.956
    P1                -0.027      0.112     -0.242      0.809

 S_BFI_C  WITH
    I_BFI_C            0.480      0.739      0.649      0.516
    S_HRZ_IND_        -0.025      0.078     -0.319      0.750
    I_HRZ_IND_        -1.441      1.982     -0.727      0.467

 I_BFI_C  WITH
    S_HRZ_IND_         1.248      2.066      0.604      0.546
    I_HRZ_IND_        29.083     11.151      2.608      0.009

 S_HRZ_IN WITH
    I_HRZ_IND_         0.173      0.721      0.240      0.810

 P1       WITH
    V1                 7.783     12.468      0.624      0.532

 P2       WITH
    V2                 2.146      6.600      0.325      0.745

 P3       WITH
    V3                 2.146      6.600      0.325      0.745

 P4       WITH
    V4                 2.146      6.600      0.325      0.745

 Means
    P1                 0.000      0.000    999.000    999.000
    V1                 0.000      0.000    999.000    999.000
    I_BFI_C           68.410      0.553    123.770      0.000
    S_BFI_C            0.211      0.048      4.374      0.000
    I_HRZ_IND_        72.920      0.522    139.719      0.000
    S_HRZ_IND_        -0.078      0.048     -1.624      0.104

 Intercepts
    ABFI_C             0.000      0.000    999.000    999.000
    BBFI_C             0.000      0.000    999.000    999.000
    CBFI_C             0.000      0.000    999.000    999.000
    DBFI_C             0.000      0.000    999.000    999.000
    AHRZ_IND_D         0.000      0.000    999.000    999.000
    BHRZ_IND_D         0.000      0.000    999.000    999.000
    CHRZ_IND_D         0.000      0.000    999.000    999.000
    DHRZ_IND_D         0.000      0.000    999.000    999.000
    P2                 0.000      0.000    999.000    999.000
    P3                 0.000      0.000    999.000    999.000
    P4                 0.000      0.000    999.000    999.000
    V2                 0.000      0.000    999.000    999.000
    V3                 0.000      0.000    999.000    999.000
    V4                 0.000      0.000    999.000    999.000

 Variances
    P1                89.771     13.274      6.763      0.000
    V1               144.262     26.683      5.406      0.000
    I_BFI_C          206.994     15.956     12.972      0.000
    S_BFI_C            0.093      0.121      0.772      0.440
    I_HRZ_IND_       166.378     16.030     10.379      0.000
    S_HRZ_IND_         0.057      0.128      0.444      0.657

 Residual Variances
    ABFI_C             0.000      0.000    999.000    999.000
    BBFI_C             0.000      0.000    999.000    999.000
    CBFI_C             0.000      0.000    999.000    999.000
    DBFI_C             0.000      0.000    999.000    999.000
    AHRZ_IND_D         0.000      0.000    999.000    999.000
    BHRZ_IND_D         0.000      0.000    999.000    999.000
    CHRZ_IND_D         0.000      0.000    999.000    999.000
    DHRZ_IND_D         0.000      0.000    999.000    999.000
    P2                57.375      7.406      7.747      0.000
    P3                57.375      7.406      7.747      0.000
    P4                57.375      7.406      7.747      0.000
    V2               126.117     14.493      8.702      0.000
    V3               126.117     14.493      8.702      0.000
    V4               126.117     14.493      8.702      0.000

Group D4

 P1       BY
    ABFI_C             1.000      0.000    999.000    999.000

 P2       BY
    BBFI_C             1.000      0.000    999.000    999.000

 P3       BY
    CBFI_C             1.000      0.000    999.000    999.000

 P4       BY
    DBFI_C             1.000      0.000    999.000    999.000

 V1       BY
    AHRZ_IND_D         1.000      0.000    999.000    999.000

 V2       BY
    BHRZ_IND_D         1.000      0.000    999.000    999.000

 V3       BY
    CHRZ_IND_D         1.000      0.000    999.000    999.000

 V4       BY
    DHRZ_IND_D         1.000      0.000    999.000    999.000

 P4         ON
    P3                 0.138      0.118      1.169      0.243
    V3                 0.088      0.047      1.867      0.062

 P3         ON
    P2                 0.138      0.118      1.169      0.243
    V2                 0.088      0.047      1.867      0.062

 P2         ON
    P1                 0.138      0.118      1.169      0.243
    V1                 0.088      0.047      1.867      0.062

 V4         ON
    V3                 0.004      0.069      0.056      0.956
    P3                 0.098      0.108      0.911      0.362

 V3         ON
    V2                 0.004      0.069      0.056      0.956
    P2                 0.098      0.108      0.911      0.362

 V2         ON
    V1                 0.004      0.069      0.056      0.956
    P1                 0.098      0.108      0.911      0.362

 S_BFI_C  WITH
    I_BFI_C            0.480      0.739      0.649      0.516
    S_HRZ_IND_        -0.025      0.078     -0.319      0.750
    I_HRZ_IND_        -1.441      1.982     -0.727      0.467

 I_BFI_C  WITH
    S_HRZ_IND_         1.248      2.066      0.604      0.546
    I_HRZ_IND_        29.083     11.151      2.608      0.009

 S_HRZ_IN WITH
    I_HRZ_IND_         0.173      0.721      0.240      0.810

 P1       WITH
    V1                16.635     10.848      1.533      0.125

 P2       WITH
    V2                 8.593      5.767      1.490      0.136

 P3       WITH
    V3                 8.593      5.767      1.490      0.136

 P4       WITH
    V4                 8.593      5.767      1.490      0.136

 Means
    P1                 0.000      0.000    999.000    999.000
    V1                 0.000      0.000    999.000    999.000
    I_BFI_C           68.410      0.553    123.770      0.000
    S_BFI_C            0.211      0.048      4.374      0.000
    I_HRZ_IND_        72.920      0.522    139.719      0.000
    S_HRZ_IND_        -0.078      0.048     -1.624      0.104

 Intercepts
    ABFI_C             0.000      0.000    999.000    999.000
    BBFI_C             0.000      0.000    999.000    999.000
    CBFI_C             0.000      0.000    999.000    999.000
    DBFI_C             0.000      0.000    999.000    999.000
    AHRZ_IND_D         0.000      0.000    999.000    999.000
    BHRZ_IND_D         0.000      0.000    999.000    999.000
    CHRZ_IND_D         0.000      0.000    999.000    999.000
    DHRZ_IND_D         0.000      0.000    999.000    999.000
    P2                 0.000      0.000    999.000    999.000
    P3                 0.000      0.000    999.000    999.000
    P4                 0.000      0.000    999.000    999.000
    V2                 0.000      0.000    999.000    999.000
    V3                 0.000      0.000    999.000    999.000
    V4                 0.000      0.000    999.000    999.000

 Variances
    P1                67.425      9.895      6.814      0.000
    V1               179.640     36.300      4.949      0.000
    I_BFI_C          206.994     15.956     12.972      0.000
    S_BFI_C            0.093      0.121      0.772      0.440
    I_HRZ_IND_       166.378     16.030     10.379      0.000
    S_HRZ_IND_         0.057      0.128      0.444      0.657

 Residual Variances
    ABFI_C             0.000      0.000    999.000    999.000
    BBFI_C             0.000      0.000    999.000    999.000
    CBFI_C             0.000      0.000    999.000    999.000
    DBFI_C             0.000      0.000    999.000    999.000
    AHRZ_IND_D         0.000      0.000    999.000    999.000
    BHRZ_IND_D         0.000      0.000    999.000    999.000
    CHRZ_IND_D         0.000      0.000    999.000    999.000
    DHRZ_IND_D         0.000      0.000    999.000    999.000
    P2                58.027      5.692     10.194      0.000
    P3                58.027      5.692     10.194      0.000
    P4                58.027      5.692     10.194      0.000
    V2               114.294     12.230      9.345      0.000
    V3               114.294     12.230      9.345      0.000
    V4               114.294     12.230      9.345      0.000

Group D5

 P1       BY
    ABFI_C             1.000      0.000    999.000    999.000

 P2       BY
    BBFI_C             1.000      0.000    999.000    999.000

 P3       BY
    CBFI_C             1.000      0.000    999.000    999.000

 P4       BY
    DBFI_C             1.000      0.000    999.000    999.000

 V1       BY
    AHRZ_IND_D         1.000      0.000    999.000    999.000

 V2       BY
    BHRZ_IND_D         1.000      0.000    999.000    999.000

 V3       BY
    CHRZ_IND_D         1.000      0.000    999.000    999.000

 V4       BY
    DHRZ_IND_D         1.000      0.000    999.000    999.000

 P4         ON
    P3                -0.024      0.123     -0.196      0.845
    V3                -0.028      0.055     -0.522      0.602

 P3         ON
    P2                -0.024      0.123     -0.196      0.845
    V2                -0.028      0.055     -0.522      0.602

 P2         ON
    P1                -0.024      0.123     -0.196      0.845
    V1                -0.028      0.055     -0.522      0.602

 V4         ON
    V3                 0.040      0.093      0.430      0.667
    P3                -0.135      0.140     -0.966      0.334

 V3         ON
    V2                 0.040      0.093      0.430      0.667
    P2                -0.135      0.140     -0.966      0.334

 V2         ON
    V1                 0.040      0.093      0.430      0.667
    P1                -0.135      0.140     -0.966      0.334

 S_BFI_C  WITH
    I_BFI_C            0.480      0.739      0.649      0.516
    S_HRZ_IND_        -0.025      0.078     -0.319      0.750
    I_HRZ_IND_        -1.441      1.982     -0.727      0.467

 I_BFI_C  WITH
    S_HRZ_IND_         1.248      2.066      0.604      0.546
    I_HRZ_IND_        29.083     11.151      2.608      0.009

 S_HRZ_IN WITH
    I_HRZ_IND_         0.173      0.721      0.240      0.810

 P1       WITH
    V1                 1.283     14.696      0.087      0.930

 P2       WITH
    V2                -4.480      6.244     -0.717      0.473

 P3       WITH
    V3                -4.480      6.244     -0.717      0.473

 P4       WITH
    V4                -4.480      6.244     -0.717      0.473

 Means
    P1                 0.000      0.000    999.000    999.000
    V1                 0.000      0.000    999.000    999.000
    I_BFI_C           68.410      0.553    123.770      0.000
    S_BFI_C            0.211      0.048      4.374      0.000
    I_HRZ_IND_        72.920      0.522    139.719      0.000
    S_HRZ_IND_        -0.078      0.048     -1.624      0.104

 Intercepts
    ABFI_C             0.000      0.000    999.000    999.000
    BBFI_C             0.000      0.000    999.000    999.000
    CBFI_C             0.000      0.000    999.000    999.000
    DBFI_C             0.000      0.000    999.000    999.000
    AHRZ_IND_D         0.000      0.000    999.000    999.000
    BHRZ_IND_D         0.000      0.000    999.000    999.000
    CHRZ_IND_D         0.000      0.000    999.000    999.000
    DHRZ_IND_D         0.000      0.000    999.000    999.000
    P2                 0.000      0.000    999.000    999.000
    P3                 0.000      0.000    999.000    999.000
    P4                 0.000      0.000    999.000    999.000
    V2                 0.000      0.000    999.000    999.000
    V3                 0.000      0.000    999.000    999.000
    V4                 0.000      0.000    999.000    999.000

 Variances
    P1                35.934      9.178      3.915      0.000
    V1               153.943     40.705      3.782      0.000
    I_BFI_C          206.994     15.956     12.972      0.000
    S_BFI_C            0.093      0.121      0.772      0.440
    I_HRZ_IND_       166.378     16.030     10.379      0.000
    S_HRZ_IND_         0.057      0.128      0.444      0.657

 Residual Variances
    ABFI_C             0.000      0.000    999.000    999.000
    BBFI_C             0.000      0.000    999.000    999.000
    CBFI_C             0.000      0.000    999.000    999.000
    DBFI_C             0.000      0.000    999.000    999.000
    AHRZ_IND_D         0.000      0.000    999.000    999.000
    BHRZ_IND_D         0.000      0.000    999.000    999.000
    CHRZ_IND_D         0.000      0.000    999.000    999.000
    DHRZ_IND_D         0.000      0.000    999.000    999.000
    P2                53.430     12.246      4.363      0.000
    P3                53.430     12.246      4.363      0.000
    P4                53.430     12.246      4.363      0.000
    V2               112.209     17.851      6.286      0.000
    V3               112.209     17.851      6.286      0.000
    V4               112.209     17.851      6.286      0.000


QUALITY OF NUMERICAL RESULTS

     Condition Number for the Information Matrix              0.109E-05
       (ratio of smallest to largest eigenvalue)


     Beginning Time:  18:11:47
        Ending Time:  18:12:00
       Elapsed Time:  00:00:13



MUTHEN & MUTHEN
3463 Stoner Ave.
Los Angeles, CA  90066

Tel: (310) 391-9971
Fax: (310) 391-8971
Web: www.StatModel.com
Support: Support@StatModel.com

Copyright (c) 1998-2017 Muthen & Muthen
