Mplus VERSION 8 (Linux)
MUTHEN & MUTHEN
07/08/2018   5:46 PM

INPUT INSTRUCTIONS


  title: PxVx Bivariate LCM-SR - 40splitgroup - Linear bfas_oo with Linear vrt_ind_d;
  data: file = /home/jflournoy/code_new/lnt_pxvx/Data/lnt_nat_recalc.tsv;

  variable:
  names =
  subjid
  aage
  aaspfin
  aaspfin_d
  abfa_mt
  abfa_mt_d
  abfas_ac
  abfas_ap
  abfas_ci
  abfas_co
  abfas_ea
  abfas_ee
  abfas_nv
  abfas_nv9
  abfas_nw
  abfas_oi
  abfas_oo
  abfi_a
  abfi_a6
  abfi_c
  abfi_d_scale
  abfi_e
  abfi_hp8
  abfi_n
  abfi_o
  abfi_s_scale
  ahrz_col
  ahrz_col_d
  ahrz_ind
  ahrz_ind_d
  amvi
  ausi
  ausi_d
  avrt_col
  avrt_col_d
  avrt_ind
  avrt_ind_d
  bage
  baspfin
  baspfin_d
  bbfa_mt
  bbfa_mt_d
  bbfas_ac
  bbfas_ap
  bbfas_ci
  bbfas_co
  bbfas_ea
  bbfas_ee
  bbfas_nv
  bbfas_nv9
  bbfas_nw
  bbfas_oi
  bbfas_oo
  bbfi_a
  bbfi_a6
  bbfi_c
  bbfi_d_scale
  bbfi_e
  bbfi_hp8
  bbfi_n
  bbfi_o
  bbfi_s_scale
  bhrz_col
  bhrz_col_d
  bhrz_ind
  bhrz_ind_d
  bmvi
  busi
  busi_d
  bvrt_col
  bvrt_col_d
  bvrt_ind
  bvrt_ind_d
  cage
  caspfin
  caspfin_d
  cbfa_mt
  cbfa_mt_d
  cbfas_ac
  cbfas_ap
  cbfas_ci
  cbfas_co
  cbfas_ea
  cbfas_ee
  cbfas_nv
  cbfas_nv9
  cbfas_nw
  cbfas_oi
  cbfas_oo
  cbfi_a
  cbfi_a6
  cbfi_c
  cbfi_d_scale
  cbfi_e
  cbfi_hp8
  cbfi_n
  cbfi_o
  cbfi_s_scale
  chrz_col
  chrz_col_d
  chrz_ind
  chrz_ind_d
  cmvi
  cusi
  cusi_d
  cvrt_col
  cvrt_col_d
  cvrt_ind
  cvrt_ind_d
  dage
  daspfin
  daspfin_d
  dbfa_mt
  dbfa_mt_d
  dbfas_ac
  dbfas_ap
  dbfas_ci
  dbfas_co
  dbfas_ea
  dbfas_ee
  dbfas_nv
  dbfas_nv9
  dbfas_nw
  dbfas_oi
  dbfas_oo
  dbfi_a
  dbfi_a6
  dbfi_c
  dbfi_d_scale
  dbfi_e
  dbfi_hp8
  dbfi_n
  dbfi_o
  dbfi_s_scale
  dhrz_col
  dhrz_col_d
  dhrz_ind
  dhrz_ind_d
  dmvi
  dusi
  dusi_d
  dvrt_col
  dvrt_col_d
  dvrt_ind
  dvrt_ind_d;

  USEVARIABLES =
  abfas_oo
  bbfas_oo
  cbfas_oo
  dbfas_oo
  avrt_ind_d
  bvrt_ind_d
  cvrt_ind_d
  dvrt_ind_d
  a1
  a2
  a3
  a4
  aagegrp
  ;

  missing = all (-9999);

  tscores = a1 a2 a3 a4;

  grouping = aagegrp (0=earlier, 1=later);

  DEFINE:

  aagegrp = aage;

  cut aagegrp (39);

  a1 = aage + 0 - 36;
  a2 = aage + 1 - 36;
  a3 = aage + 2 - 36;
  a4 = aage + 3 - 36;

  ANALYSIS:
  TYPE=RANDOM;
  PROCESSORS = 6;
  model=nocovariances; ! supresses default estimation of certain covs in model;

  MODEL:

  i_bfas_oo s_bfas_oo | abfas_oo bbfas_oo cbfas_oo dbfas_oo AT a1 a2 a3 a4;
  i_vrt_ind_d s_vrt_ind_d | avrt_ind_d bvrt_ind_d cvrt_ind_d dvrt_ind_d AT a1 a2 a3 a4;

  ! freeing factor covs because of "nocovariances"
  ! But ensure they are constrained across groups
  s_bfas_oo WITH i_bfas_oo (p)
  s_vrt_ind_d (q)
  i_vrt_ind_d (r);
  i_bfas_oo WITH s_vrt_ind_d (s)
  i_vrt_ind_d (t);
  s_vrt_ind_d WITH i_vrt_ind_d (u);

  !constrain latent growth means across groups
  [i_bfas_oo] (v);
  [s_bfas_oo] (w);
  [i_vrt_ind_d] (x);
  [s_vrt_ind_d] (y);

  !constrain latent growth variances across groups
  i_bfas_oo (l);
  s_bfas_oo (m);
  i_vrt_ind_d (n);
  s_vrt_ind_d (o);

  p1 BY abfas_oo@1; ! Residual "factors";
  p2 BY bbfas_oo@1;
  p3 BY cbfas_oo@1;
  p4 BY dbfas_oo@1;

  v1 BY avrt_ind_d@1; ! Residual "factors";
  v2 BY bvrt_ind_d@1;
  v3 BY cvrt_ind_d@1;
  v4 BY dvrt_ind_d@1;

  !residual variances on observed/manifest vars set to 0
  abfas_oo@0;
  bbfas_oo@0;
  cbfas_oo@0;
  dbfas_oo@0;

  !residual variances on observed/manifest vars set to 0
  avrt_ind_d@0;
  bvrt_ind_d@0;
  cvrt_ind_d@0;
  dvrt_ind_d@0;

  ! means of observed/manifest vars set to 0
  [abfas_oo@0];
  [bbfas_oo@0];
  [cbfas_oo@0];
  [dbfas_oo@0];

  ! means of observed/manifest vars set to 0
  [avrt_ind_d@0];
  [bvrt_ind_d@0];
  [cvrt_ind_d@0];
  [dvrt_ind_d@0];

  [p1@0]; ! means of residual "factors" set to 0
  [p2@0];
  [p3@0];
  [p4@0];

  [v1@0]; ! means of residual "factors" set to 0
  [v2@0];
  [v3@0];
  [v4@0];

  p4 on p3 (a); ! Autoregressive paths constrained to equality
  p3 on p2 (a);
  p2 on p1 (a);

  v4 on v3 (b); ! Autoregressive paths constrained to equality
  v3 on v2 (b);
  v2 on v1 (b);

  p4 on v3 (c); ! Cross-lagged paths constrained to equality
  p3 on v2 (c);
  p2 on v1 (c);

  v4 on p3 (d); ! Cross-lagged paths constrained to equality
  v3 on p2 (d);
  v2 on p1 (d);

  p1 with v1; !(this one is not like the others)

  p2 with v2 (e); ! Within-wave correlations constrained to equality
  p3 with v3 (e);
  p4 with v4 (e);

  p2 p3 p4 (f); ! estimate variances of residual "factors"
  v2 v3 v4 (g); ! estimate variances of residual "factors"

  MODEL earlier:

  p4 on p3 (a23); ! Autoregressive paths constrained to equality
  p3 on p2 (a23);
  p2 on p1 (a23);

  v4 on v3 (b23); ! Autoregressive paths constrained to equality
  v3 on v2 (b23);
  v2 on v1 (b23);

  p4 on v3 (c23); ! Cross-lagged paths constrained to equality
  p3 on v2 (c23);
  p2 on v1 (c23);

  v4 on p3 (d23); ! Cross-lagged paths constrained to equality
  v3 on p2 (d23);
  v2 on p1 (d23);

  p1 with v1; !(this one is not like the others)

  p2 with v2 (e23); ! Within-wave correlations constrained to equality
  p3 with v3 (e23);
  p4 with v4 (e23);

  p2 p3 p4 (f23); ! estimate variances of residual "factors"
  v2 v3 v4 (g23); ! estimate variances of residual "factors"

  MODEL later:

  p4 on p3 (a45); ! Autoregressive paths constrained to equality
  p3 on p2 (a45);
  p2 on p1 (a45);

  v4 on v3 (b45); ! Autoregressive paths constrained to equality
  v3 on v2 (b45);
  v2 on v1 (b45);

  p4 on v3 (c45); ! Cross-lagged paths constrained to equality
  p3 on v2 (c45);
  p2 on v1 (c45);

  v4 on p3 (d45); ! Cross-lagged paths constrained to equality
  v3 on p2 (d45);
  v2 on p1 (d45);

  p1 with v1; !(this one is not like the others)

  p2 with v2 (e45); ! Within-wave correlations constrained to equality
  p3 with v3 (e45);
  p4 with v4 (e45);

  p2 p3 p4 (f45); ! estimate variances of residual "factors"
  v2 v3 v4 (g45); ! estimate variances of residual "factors"

  OUTPUT: SAMPSTAT PATTERNS;



*** WARNING in VARIABLE command
  Note that only the first 8 characters of variable names are used in the output.
  Shorten variable names to avoid any confusion.
*** WARNING
  Data set contains unknown or missing values for GROUPING,
  PATTERN, COHORT, CLUSTER and/or STRATIFICATION variables.
  Number of cases with unknown or missing values:  5
   2 WARNING(S) FOUND IN THE INPUT INSTRUCTIONS



PxVx Bivariate LCM-SR - 40splitgroup - Linear bfas_oo with Linear vrt_ind_d;

SUMMARY OF ANALYSIS

Number of groups                                                 2
Number of observations
   Group EARLIER                                               534
   Group LATER                                                 330
   Total sample size                                           864

Number of dependent variables                                    8
Number of independent variables                                  0
Number of continuous latent variables                           12

Observed dependent variables

  Continuous
   ABFAS_OO    BBFAS_OO    CBFAS_OO    DBFAS_OO    AVRT_IND_D  BVRT_IND_D
   CVRT_IND_D  DVRT_IND_D

Continuous latent variables
   P1          P2          P3          P4          V1          V2
   V3          V4          I_BFAS_O    S_BFAS_O    I_VRT_IN    S_VRT_IN

Variables with special functions

  Grouping variable     AAGEGRP

  Time scores
   A1          A2          A3          A4


Estimator                                                      MLR
Information matrix                                        OBSERVED
Maximum number of iterations                                   100
Convergence criterion                                    0.100D-05
Maximum number of EM iterations                                500
Convergence criteria for the EM algorithm
  Loglikelihood change                                   0.100D-02
  Relative loglikelihood change                          0.100D-05
  Derivative                                             0.100D-03
Minimum variance                                         0.100D-03
Maximum number of steepest descent iterations                   20
Maximum number of iterations for H1                           2000
Convergence criterion for H1                             0.100D-03
Optimization algorithm                                         EMA

Input data file(s)
  /home/jflournoy/code_new/lnt_pxvx/Data/lnt_nat_recalc.tsv
Input data format  FREE


SUMMARY OF DATA

   Group EARLIER
     Number of missing data patterns            15

   Group LATER
     Number of missing data patterns            16


SUMMARY OF MISSING DATA PATTERNS


     MISSING DATA PATTERNS (x = not missing) FOR EARLIER

           1  2  3  4  5  6  7  8  9 10 11 12 13 14 15
 ABFAS_OO  x  x  x  x  x  x  x  x  x  x  x  x  x  x  x
 BBFAS_OO  x     x     x  x  x        x  x  x  x
 CBFAS_OO  x        x  x     x     x  x     x  x  x
 DBFAS_OO  x     x  x  x        x           x     x  x
 AVRT_IND  x  x  x  x  x  x  x  x  x  x  x  x  x  x  x
 BVRT_IND  x     x     x  x  x        x        x  x
 CVRT_IND  x        x        x     x        x  x  x
 DVRT_IND  x     x  x  x        x           x  x  x


     MISSING DATA PATTERN FREQUENCIES FOR EARLIER

    Pattern   Frequency     Pattern   Frequency     Pattern   Frequency
          1         326           6          26          11           2
          2         101           7          20          12           2
          3          14           8          14          13           1
          4          12           9          12          14           1
          5           1          10           1          15           1


     MISSING DATA PATTERNS (x = not missing) FOR LATER

           1  2  3  4  5  6  7  8  9 10 11 12 13 14 15 16
 ABFAS_OO  x  x  x  x  x  x  x  x  x  x  x  x     x  x  x
 BBFAS_OO  x     x     x  x  x        x  x     x     x
 CBFAS_OO  x        x  x     x     x     x  x  x        x
 DBFAS_OO  x     x  x  x        x        x  x  x     x
 AVRT_IND  x  x  x  x  x  x  x  x  x  x  x  x  x     x  x
 BVRT_IND  x     x     x  x  x              x  x
 CVRT_IND  x        x        x     x     x  x  x
 DVRT_IND  x     x  x  x        x        x  x  x     x


     MISSING DATA PATTERN FREQUENCIES FOR LATER

    Pattern   Frequency     Pattern   Frequency     Pattern   Frequency
          1         163           7          26          13           1
          2          68           8          10          14           1
          3          12           9          11          15           1
          4           9          10           2          16           1
          5           1          11           1
          6          22          12           1


COVARIANCE COVERAGE OF DATA

Minimum covariance coverage value   0.100


     PROPORTION OF DATA PRESENT FOR EARLIER


           Covariance Coverage
              ABFAS_OO      BBFAS_OO      CBFAS_OO      DBFAS_OO      AVRT_IND
              ________      ________      ________      ________      ________
 ABFAS_OO       1.000
 BBFAS_OO       0.736         0.736
 CBFAS_OO       0.704         0.657         0.704
 DBFAS_OO       0.695         0.642         0.640         0.695
 AVRT_IND       1.000         0.736         0.704         0.695         1.000
 BVRT_IND       0.730         0.728         0.655         0.640         0.730
 CVRT_IND       0.700         0.654         0.700         0.639         0.700
 DVRT_IND       0.695         0.644         0.642         0.693         0.695


           Covariance Coverage
              BVRT_IND      CVRT_IND      DVRT_IND
              ________      ________      ________
 BVRT_IND       0.730
 CVRT_IND       0.652         0.700
 DVRT_IND       0.642         0.640         0.695


     PROPORTION OF DATA PRESENT FOR LATER


           Covariance Coverage
              ABFAS_OO      BBFAS_OO      CBFAS_OO      DBFAS_OO      AVRT_IND
              ________      ________      ________      ________      ________
 ABFAS_OO       0.997
 BBFAS_OO       0.694         0.697
 CBFAS_OO       0.652         0.591         0.655
 DBFAS_OO       0.600         0.539         0.533         0.603
 AVRT_IND       0.997         0.697         0.655         0.603         1.000
 BVRT_IND       0.691         0.691         0.591         0.539         0.694
 CVRT_IND       0.642         0.582         0.645         0.530         0.645
 DVRT_IND       0.600         0.542         0.536         0.600         0.603


           Covariance Coverage
              BVRT_IND      CVRT_IND      DVRT_IND
              ________      ________      ________
 BVRT_IND       0.694
 CVRT_IND       0.582         0.645
 DVRT_IND       0.542         0.533         0.603


SAMPLE STATISTICS


     ESTIMATED SAMPLE STATISTICS FOR EARLIER


           Means
              ABFAS_OO      BBFAS_OO      CBFAS_OO      DBFAS_OO      AVRT_IND
              ________      ________      ________      ________      ________
               73.573        73.172        72.560        72.368        52.138


           Means
              BVRT_IND      CVRT_IND      DVRT_IND
              ________      ________      ________
               52.687        51.625        51.488


           Covariances
              ABFAS_OO      BBFAS_OO      CBFAS_OO      DBFAS_OO      AVRT_IND
              ________      ________      ________      ________      ________
 ABFAS_OO     253.313
 BBFAS_OO     206.613       262.083
 CBFAS_OO     210.384       218.416       279.056
 DBFAS_OO     204.793       206.316       228.441       270.718
 AVRT_IND     -56.386       -73.088       -52.963       -54.635       446.883
 BVRT_IND     -63.289       -67.334       -72.812       -66.654       299.590
 CVRT_IND     -58.798       -62.849       -65.638       -64.556       289.350
 DVRT_IND     -30.597       -38.168       -47.820       -46.136       283.673


           Covariances
              BVRT_IND      CVRT_IND      DVRT_IND
              ________      ________      ________
 BVRT_IND     428.069
 CVRT_IND     313.071       456.464
 DVRT_IND     316.766       338.081       470.598


           Correlations
              ABFAS_OO      BBFAS_OO      CBFAS_OO      DBFAS_OO      AVRT_IND
              ________      ________      ________      ________      ________
 ABFAS_OO       1.000
 BBFAS_OO       0.802         1.000
 CBFAS_OO       0.791         0.808         1.000
 DBFAS_OO       0.782         0.775         0.831         1.000
 AVRT_IND      -0.168        -0.214        -0.150        -0.157         1.000
 BVRT_IND      -0.192        -0.201        -0.211        -0.196         0.685
 CVRT_IND      -0.173        -0.182        -0.184        -0.184         0.641
 DVRT_IND      -0.089        -0.109        -0.132        -0.129         0.619


           Correlations
              BVRT_IND      CVRT_IND      DVRT_IND
              ________      ________      ________
 BVRT_IND       1.000
 CVRT_IND       0.708         1.000
 DVRT_IND       0.706         0.729         1.000


     ESTIMATED SAMPLE STATISTICS FOR LATER


           Means
              ABFAS_OO      BBFAS_OO      CBFAS_OO      DBFAS_OO      AVRT_IND
              ________      ________      ________      ________      ________
               72.576        73.178        72.549        72.215        48.437


           Means
              BVRT_IND      CVRT_IND      DVRT_IND
              ________      ________      ________
               47.630        46.486        47.532


           Covariances
              ABFAS_OO      BBFAS_OO      CBFAS_OO      DBFAS_OO      AVRT_IND
              ________      ________      ________      ________      ________
 ABFAS_OO     245.097
 BBFAS_OO     204.377       249.372
 CBFAS_OO     196.534       215.728       252.052
 DBFAS_OO     195.718       211.980       212.271       241.278
 AVRT_IND     -28.577       -35.836       -33.396       -24.105       371.147
 BVRT_IND     -37.579       -34.630       -26.491       -33.915       242.043
 CVRT_IND     -17.211       -29.653       -36.190       -26.126       240.943
 DVRT_IND     -42.233       -54.012       -52.958       -39.041       232.241


           Covariances
              BVRT_IND      CVRT_IND      DVRT_IND
              ________      ________      ________
 BVRT_IND     352.906
 CVRT_IND     248.079       376.563
 DVRT_IND     236.054       255.148       341.254


           Correlations
              ABFAS_OO      BBFAS_OO      CBFAS_OO      DBFAS_OO      AVRT_IND
              ________      ________      ________      ________      ________
 ABFAS_OO       1.000
 BBFAS_OO       0.827         1.000
 CBFAS_OO       0.791         0.860         1.000
 DBFAS_OO       0.805         0.864         0.861         1.000
 AVRT_IND      -0.095        -0.118        -0.109        -0.081         1.000
 BVRT_IND      -0.128        -0.117        -0.089        -0.116         0.669
 CVRT_IND      -0.057        -0.097        -0.117        -0.087         0.645
 DVRT_IND      -0.146        -0.185        -0.181        -0.136         0.653


           Correlations
              BVRT_IND      CVRT_IND      DVRT_IND
              ________      ________      ________
 BVRT_IND       1.000
 CVRT_IND       0.681         1.000
 DVRT_IND       0.680         0.712         1.000


     MAXIMUM LOG-LIKELIHOOD VALUE FOR THE UNRESTRICTED (H1) MODEL IS -20958.940


UNIVARIATE SAMPLE STATISTICS


     UNIVARIATE HIGHER-ORDER MOMENT DESCRIPTIVE STATISTICS FOR EARLIER

         Variable/         Mean/     Skewness/   Minimum/ % with                Percentiles
        Sample Size      Variance    Kurtosis    Maximum  Min/Max      20%/60%    40%/80%    Median

     ABFAS_OO             73.573      -0.504      20.000    0.19%      60.000     70.000     75.000
             534.000     253.313      -0.288     100.000    2.06%      80.000     87.500
     BBFAS_OO             72.808      -0.531      22.500    0.25%      58.333     70.000     75.000
             393.000     261.274      -0.189     100.000    1.78%      80.000     87.500
     CBFAS_OO             72.455      -0.448      17.500    0.27%      57.500     69.444     72.500
             376.000     272.712      -0.303     100.000    3.46%      80.000     87.500
     DBFAS_OO             72.513      -0.640      22.500    0.54%      60.000     70.000     75.000
             371.000     263.067       0.031     100.000    2.43%      80.000     85.000
     AVRT_IND_D           52.138      -0.003       0.000    0.94%      33.333     50.000     50.000
             534.000     446.883      -0.476     100.000    1.69%      58.333     75.000
     BVRT_IND_D           52.927      -0.077       0.000    0.26%      33.333     50.000     50.000
             390.000     423.411      -0.483     100.000    1.54%      58.333     66.667
     CVRT_IND_D           52.005       0.094       8.333    2.41%      33.333     50.000     50.000
             374.000     454.238      -0.527     100.000    1.87%      58.333     66.667
     DVRT_IND_D           51.561      -0.015       0.000    0.81%      33.333     50.000     50.000
             371.000     469.495      -0.568     100.000    1.35%      58.333     75.000


     UNIVARIATE HIGHER-ORDER MOMENT DESCRIPTIVE STATISTICS FOR LATER

         Variable/         Mean/     Skewness/   Minimum/ % with                Percentiles
        Sample Size      Variance    Kurtosis    Maximum  Min/Max      20%/60%    40%/80%    Median

     ABFAS_OO             72.521      -0.503      27.500    0.91%      58.333     70.000     75.000
             329.000     244.640      -0.263     100.000    1.82%      77.500     87.500
     BBFAS_OO             73.358      -0.555      17.500    0.44%      60.000     70.000     75.000
             229.000     245.530      -0.174     100.000    1.31%      80.000     87.500
     CBFAS_OO             73.689      -0.447      27.500    0.47%      60.000     70.000     75.000
             214.000     244.667      -0.413     100.000    4.67%      80.000     87.500
     DBFAS_OO             73.200      -0.741      15.000    0.50%      60.000     72.500     75.000
             199.000     249.292       0.176     100.000    1.51%      80.000     87.500
     AVRT_IND_D           48.430       0.036       0.000    0.30%      33.333     41.667     50.000
             329.000     371.141      -0.450     100.000    0.61%      50.000     66.667
     BVRT_IND_D           47.529       0.137       0.000    0.44%      33.333     41.667     50.000
             226.000     344.499      -0.324     100.000    0.44%      50.000     58.333
     CVRT_IND_D           45.715       0.210       0.000    0.47%      25.000     41.667     41.667
             212.000     365.880      -0.392     100.000    0.47%      50.000     58.333
     DVRT_IND_D           46.985       0.011       8.333    2.01%      33.333     41.667     50.000
             199.000     330.105      -0.645      83.333    4.52%      50.000     58.333


THE MODEL ESTIMATION TERMINATED NORMALLY



MODEL FIT INFORMATION

Number of Free Parameters                       34

Loglikelihood

          H0 Value                      -20982.265
          H0 Scaling Correction Factor      1.2431
            for MLR

Information Criteria

          Akaike (AIC)                   42032.531
          Bayesian (BIC)                 42194.424
          Sample-Size Adjusted BIC       42086.449
            (n* = (n + 2) / 24)



MODEL RESULTS

                                                    Two-Tailed
                    Estimate       S.E.  Est./S.E.    P-Value

Group EARLIER

 P1       BY
    ABFAS_OO           1.000      0.000    999.000    999.000

 P2       BY
    BBFAS_OO           1.000      0.000    999.000    999.000

 P3       BY
    CBFAS_OO           1.000      0.000    999.000    999.000

 P4       BY
    DBFAS_OO           1.000      0.000    999.000    999.000

 V1       BY
    AVRT_IND_D         1.000      0.000    999.000    999.000

 V2       BY
    BVRT_IND_D         1.000      0.000    999.000    999.000

 V3       BY
    CVRT_IND_D         1.000      0.000    999.000    999.000

 V4       BY
    DVRT_IND_D         1.000      0.000    999.000    999.000

 P4         ON
    P3                 0.188      0.081      2.324      0.020
    V3                -0.091      0.031     -2.891      0.004

 P3         ON
    P2                 0.188      0.081      2.324      0.020
    V2                -0.091      0.031     -2.891      0.004

 P2         ON
    P1                 0.188      0.081      2.324      0.020
    V1                -0.091      0.031     -2.891      0.004

 V4         ON
    V3                 0.142      0.070      2.026      0.043
    P3                -0.147      0.088     -1.664      0.096

 V3         ON
    V2                 0.142      0.070      2.026      0.043
    P2                -0.147      0.088     -1.664      0.096

 V2         ON
    V1                 0.142      0.070      2.026      0.043
    P1                -0.147      0.088     -1.664      0.096

 S_BFAS_O WITH
    I_BFAS_OO          0.290      0.620      0.468      0.640
    S_VRT_IND_        -0.017      0.096     -0.172      0.863
    I_VRT_IND_        -0.136      2.220     -0.061      0.951

 I_BFAS_O WITH
    S_VRT_IND_         1.333      2.213      0.602      0.547
    I_VRT_IND_       -43.177     13.500     -3.198      0.001

 S_VRT_IN WITH
    I_VRT_IND_        -1.646      0.839     -1.961      0.050

 P1       WITH
    V1                -5.886      8.034     -0.733      0.464

 P2       WITH
    V2                -7.268      5.125     -1.418      0.156

 P3       WITH
    V3                -7.268      5.125     -1.418      0.156

 P4       WITH
    V4                -7.268      5.125     -1.418      0.156

 Means
    P1                 0.000      0.000    999.000    999.000
    V1                 0.000      0.000    999.000    999.000
    I_BFAS_OO         73.014      0.523    139.652      0.000
    S_BFAS_OO         -0.091      0.048     -1.905      0.057
    I_VRT_IND_        50.632      0.638     79.416      0.000
    S_VRT_IND_        -0.223      0.059     -3.808      0.000

 Intercepts
    ABFAS_OO           0.000      0.000    999.000    999.000
    BBFAS_OO           0.000      0.000    999.000    999.000
    CBFAS_OO           0.000      0.000    999.000    999.000
    DBFAS_OO           0.000      0.000    999.000    999.000
    AVRT_IND_D         0.000      0.000    999.000    999.000
    BVRT_IND_D         0.000      0.000    999.000    999.000
    CVRT_IND_D         0.000      0.000    999.000    999.000
    DVRT_IND_D         0.000      0.000    999.000    999.000
    P2                 0.000      0.000    999.000    999.000
    P3                 0.000      0.000    999.000    999.000
    P4                 0.000      0.000    999.000    999.000
    V2                 0.000      0.000    999.000    999.000
    V3                 0.000      0.000    999.000    999.000
    V4                 0.000      0.000    999.000    999.000

 Variances
    P1                55.016      7.823      7.033      0.000
    V1               181.110     19.643      9.220      0.000
    I_BFAS_OO        196.481     13.201     14.884      0.000
    S_BFAS_OO          0.048      0.093      0.508      0.611
    I_VRT_IND_       253.745     20.749     12.229      0.000
    S_VRT_IND_         0.167      0.137      1.211      0.226

 Residual Variances
    ABFAS_OO           0.000      0.000    999.000    999.000
    BBFAS_OO           0.000      0.000    999.000    999.000
    CBFAS_OO           0.000      0.000    999.000    999.000
    DBFAS_OO           0.000      0.000    999.000    999.000
    AVRT_IND_D         0.000      0.000    999.000    999.000
    BVRT_IND_D         0.000      0.000    999.000    999.000
    CVRT_IND_D         0.000      0.000    999.000    999.000
    DVRT_IND_D         0.000      0.000    999.000    999.000
    P2                59.917      6.302      9.508      0.000
    P3                59.917      6.302      9.508      0.000
    P4                59.917      6.302      9.508      0.000
    V2               145.728     13.005     11.205      0.000
    V3               145.728     13.005     11.205      0.000
    V4               145.728     13.005     11.205      0.000

Group LATER

 P1       BY
    ABFAS_OO           1.000      0.000    999.000    999.000

 P2       BY
    BBFAS_OO           1.000      0.000    999.000    999.000

 P3       BY
    CBFAS_OO           1.000      0.000    999.000    999.000

 P4       BY
    DBFAS_OO           1.000      0.000    999.000    999.000

 V1       BY
    AVRT_IND_D         1.000      0.000    999.000    999.000

 V2       BY
    BVRT_IND_D         1.000      0.000    999.000    999.000

 V3       BY
    CVRT_IND_D         1.000      0.000    999.000    999.000

 V4       BY
    DVRT_IND_D         1.000      0.000    999.000    999.000

 P4         ON
    P3                 0.072      0.057      1.250      0.211
    V3                 0.017      0.030      0.573      0.566

 P3         ON
    P2                 0.072      0.057      1.250      0.211
    V2                 0.017      0.030      0.573      0.566

 P2         ON
    P1                 0.072      0.057      1.250      0.211
    V1                 0.017      0.030      0.573      0.566

 V4         ON
    V3                 0.048      0.080      0.596      0.551
    P3                -0.108      0.101     -1.066      0.287

 V3         ON
    V2                 0.048      0.080      0.596      0.551
    P2                -0.108      0.101     -1.066      0.287

 V2         ON
    V1                 0.048      0.080      0.596      0.551
    P1                -0.108      0.101     -1.066      0.287

 S_BFAS_O WITH
    I_BFAS_OO          0.290      0.620      0.468      0.640
    S_VRT_IND_        -0.017      0.096     -0.172      0.863
    I_VRT_IND_        -0.136      2.220     -0.061      0.951

 I_BFAS_O WITH
    S_VRT_IND_         1.333      2.213      0.602      0.547
    I_VRT_IND_       -43.177     13.500     -3.198      0.001

 S_VRT_IN WITH
    I_VRT_IND_        -1.646      0.839     -1.961      0.050

 P1       WITH
    V1                -0.955      7.009     -0.136      0.892

 P2       WITH
    V2                -0.498      4.572     -0.109      0.913

 P3       WITH
    V3                -0.498      4.572     -0.109      0.913

 P4       WITH
    V4                -0.498      4.572     -0.109      0.913

 Means
    P1                 0.000      0.000    999.000    999.000
    V1                 0.000      0.000    999.000    999.000
    I_BFAS_OO         73.014      0.523    139.652      0.000
    S_BFAS_OO         -0.091      0.048     -1.905      0.057
    I_VRT_IND_        50.632      0.638     79.416      0.000
    S_VRT_IND_        -0.223      0.059     -3.808      0.000

 Intercepts
    ABFAS_OO           0.000      0.000    999.000    999.000
    BBFAS_OO           0.000      0.000    999.000    999.000
    CBFAS_OO           0.000      0.000    999.000    999.000
    DBFAS_OO           0.000      0.000    999.000    999.000
    AVRT_IND_D         0.000      0.000    999.000    999.000
    BVRT_IND_D         0.000      0.000    999.000    999.000
    CVRT_IND_D         0.000      0.000    999.000    999.000
    DVRT_IND_D         0.000      0.000    999.000    999.000
    P2                 0.000      0.000    999.000    999.000
    P3                 0.000      0.000    999.000    999.000
    P4                 0.000      0.000    999.000    999.000
    V2                 0.000      0.000    999.000    999.000
    V3                 0.000      0.000    999.000    999.000
    V4                 0.000      0.000    999.000    999.000

 Variances
    P1                58.527      8.329      7.027      0.000
    V1               139.472     18.038      7.732      0.000
    I_BFAS_OO        196.481     13.201     14.884      0.000
    S_BFAS_OO          0.048      0.093      0.508      0.611
    I_VRT_IND_       253.745     20.749     12.229      0.000
    S_VRT_IND_         0.167      0.137      1.211      0.226

 Residual Variances
    ABFAS_OO           0.000      0.000    999.000    999.000
    BBFAS_OO           0.000      0.000    999.000    999.000
    CBFAS_OO           0.000      0.000    999.000    999.000
    DBFAS_OO           0.000      0.000    999.000    999.000
    AVRT_IND_D         0.000      0.000    999.000    999.000
    BVRT_IND_D         0.000      0.000    999.000    999.000
    CVRT_IND_D         0.000      0.000    999.000    999.000
    DVRT_IND_D         0.000      0.000    999.000    999.000
    P2                36.650      3.909      9.376      0.000
    P3                36.650      3.909      9.376      0.000
    P4                36.650      3.909      9.376      0.000
    V2               114.318     11.869      9.632      0.000
    V3               114.318     11.869      9.632      0.000
    V4               114.318     11.869      9.632      0.000


QUALITY OF NUMERICAL RESULTS

     Condition Number for the Information Matrix              0.278E-05
       (ratio of smallest to largest eigenvalue)


     Beginning Time:  17:46:55
        Ending Time:  17:47:06
       Elapsed Time:  00:00:11



MUTHEN & MUTHEN
3463 Stoner Ave.
Los Angeles, CA  90066

Tel: (310) 391-9971
Fax: (310) 391-8971
Web: www.StatModel.com
Support: Support@StatModel.com

Copyright (c) 1998-2017 Muthen & Muthen
