Mplus VERSION 8 (Linux)
MUTHEN & MUTHEN
07/07/2018   3:45 PM

INPUT INSTRUCTIONS


  title: PxVx Bivariate LCM-SR - post mi - Linear bfas_ea with Linear bfa_mt;
  data: file = /home/jflournoy/code_new/lnt_pxvx/Data/lnt_nat_recalc.tsv;

  variable:
  names =
  subjid
  aage
  aaspfin
  aaspfin_d
  abfa_mt
  abfa_mt_d
  abfas_ac
  abfas_ap
  abfas_ci
  abfas_co
  abfas_ea
  abfas_ee
  abfas_nv
  abfas_nv9
  abfas_nw
  abfas_oi
  abfas_oo
  abfi_a
  abfi_a6
  abfi_c
  abfi_d_scale
  abfi_e
  abfi_hp8
  abfi_n
  abfi_o
  abfi_s_scale
  ahrz_col
  ahrz_col_d
  ahrz_ind
  ahrz_ind_d
  amvi
  ausi
  ausi_d
  avrt_col
  avrt_col_d
  avrt_ind
  avrt_ind_d
  bage
  baspfin
  baspfin_d
  bbfa_mt
  bbfa_mt_d
  bbfas_ac
  bbfas_ap
  bbfas_ci
  bbfas_co
  bbfas_ea
  bbfas_ee
  bbfas_nv
  bbfas_nv9
  bbfas_nw
  bbfas_oi
  bbfas_oo
  bbfi_a
  bbfi_a6
  bbfi_c
  bbfi_d_scale
  bbfi_e
  bbfi_hp8
  bbfi_n
  bbfi_o
  bbfi_s_scale
  bhrz_col
  bhrz_col_d
  bhrz_ind
  bhrz_ind_d
  bmvi
  busi
  busi_d
  bvrt_col
  bvrt_col_d
  bvrt_ind
  bvrt_ind_d
  cage
  caspfin
  caspfin_d
  cbfa_mt
  cbfa_mt_d
  cbfas_ac
  cbfas_ap
  cbfas_ci
  cbfas_co
  cbfas_ea
  cbfas_ee
  cbfas_nv
  cbfas_nv9
  cbfas_nw
  cbfas_oi
  cbfas_oo
  cbfi_a
  cbfi_a6
  cbfi_c
  cbfi_d_scale
  cbfi_e
  cbfi_hp8
  cbfi_n
  cbfi_o
  cbfi_s_scale
  chrz_col
  chrz_col_d
  chrz_ind
  chrz_ind_d
  cmvi
  cusi
  cusi_d
  cvrt_col
  cvrt_col_d
  cvrt_ind
  cvrt_ind_d
  dage
  daspfin
  daspfin_d
  dbfa_mt
  dbfa_mt_d
  dbfas_ac
  dbfas_ap
  dbfas_ci
  dbfas_co
  dbfas_ea
  dbfas_ee
  dbfas_nv
  dbfas_nv9
  dbfas_nw
  dbfas_oi
  dbfas_oo
  dbfi_a
  dbfi_a6
  dbfi_c
  dbfi_d_scale
  dbfi_e
  dbfi_hp8
  dbfi_n
  dbfi_o
  dbfi_s_scale
  dhrz_col
  dhrz_col_d
  dhrz_ind
  dhrz_ind_d
  dmvi
  dusi
  dusi_d
  dvrt_col
  dvrt_col_d
  dvrt_ind
  dvrt_ind_d;

  USEVARIABLES =
  abfas_ea
  bbfas_ea
  cbfas_ea
  dbfas_ea
  abfa_mt
  bbfa_mt
  cbfa_mt
  dbfa_mt
  a1
  a2
  a3
  a4
  ;

  missing = all (-9999);

  tscores = a1 a2 a3 a4;

  DEFINE:
  a1 = aage + 0 - 36;
  a2 = aage + 1 - 36;
  a3 = aage + 2 - 36;
  a4 = aage + 3 - 36;

  ANALYSIS:
  TYPE=RANDOM;
  PROCESSORS = 6;
  model=nocovariances; ! supresses default estimation of certain covs in model;

  MODEL:

  i_bfas_ea s_bfas_ea | abfas_ea bbfas_ea cbfas_ea dbfas_ea AT a1 a2 a3 a4;
  i_bfa_mt s_bfa_mt | abfa_mt bbfa_mt cbfa_mt dbfa_mt AT a1 a2 a3 a4;

  ! freeing factor covs because of "nocovariances"
  s_bfas_ea WITH i_bfas_ea s_bfa_mt i_bfa_mt;
  i_bfas_ea WITH s_bfa_mt i_bfa_mt;
  s_bfa_mt WITH i_bfa_mt;

  p1 BY abfas_ea@1; ! Residual "factors";
  p2 BY bbfas_ea@1;
  p3 BY cbfas_ea@1;
  p4 BY dbfas_ea@1;

  v1 BY abfa_mt@1; ! Residual "factors";
  v2 BY bbfa_mt@1;
  v3 BY cbfa_mt@1;
  v4 BY dbfa_mt@1;

  !residual variances on observed/manifest vars set to 0
  abfas_ea@0;
  bbfas_ea@0;
  cbfas_ea@0;
  dbfas_ea@0;

  !residual variances on observed/manifest vars set to 0
  abfa_mt@0;
  bbfa_mt@0;
  cbfa_mt@0;
  dbfa_mt@0;

  ! means of observed/manifest vars set to 0
  [abfas_ea@0];
  [bbfas_ea@0];
  [cbfas_ea@0];
  [dbfas_ea@0];

  ! means of observed/manifest vars set to 0
  [abfa_mt@0];
  [bbfa_mt@0];
  [cbfa_mt@0];
  [dbfa_mt@0];

  [p1@0]; ! means of residual "factors" set to 0
  [p2@0];
  [p3@0];
  [p4@0];

  [v1@0]; ! means of residual "factors" set to 0
  [v2@0];
  [v3@0];
  [v4@0];

  p4 on p3 (a); ! Autoregressive paths constrained to equality
  p3 on p2 (a);
  p2 on p1 (a);

  v4 on v3 (b); ! Autoregressive paths constrained to equality
  v3 on v2 (b);
  v2 on v1 (b);

  p4 on v3 (c); ! Cross-lagged paths constrained to equality
  p3 on v2 (c);
  p2 on v1 (c);

  v4 on p3 (d); ! Cross-lagged paths constrained to equality
  v3 on p2 (d);
  v2 on p1 (d);

  p1 with v1; !(this one is not like the others)

  p2 with v2 (e); ! Within-wave correlations constrained to equality
  p3 with v3 (e);
  p4 with v4 (e);

  p2 p3 p4 (f); ! estimate variances of residual "factors"
  v2 v3 v4 (g); ! estimate variances of residual "factors"

  OUTPUT: SAMPSTAT PATTERNS;



*** WARNING
  Data set contains cases with missing on time scores but non-missing on the
  corresponding dependent variables.  These cases were not included in the analysis.
  Number of such cases:  5
   1 WARNING(S) FOUND IN THE INPUT INSTRUCTIONS



PxVx Bivariate LCM-SR - post mi - Linear bfas_ea with Linear bfa_mt;

SUMMARY OF ANALYSIS

Number of groups                                                 1
Number of observations                                         864

Number of dependent variables                                    8
Number of independent variables                                  0
Number of continuous latent variables                           12

Observed dependent variables

  Continuous
   ABFAS_EA    BBFAS_EA    CBFAS_EA    DBFAS_EA    ABFA_MT     BBFA_MT
   CBFA_MT     DBFA_MT

Continuous latent variables
   P1          P2          P3          P4          V1          V2
   V3          V4          I_BFAS_E    S_BFAS_E    I_BFA_MT    S_BFA_MT

Variables with special functions

  Time scores
   A1          A2          A3          A4


Estimator                                                      MLR
Information matrix                                        OBSERVED
Maximum number of iterations                                   100
Convergence criterion                                    0.100D-05
Maximum number of EM iterations                                500
Convergence criteria for the EM algorithm
  Loglikelihood change                                   0.100D-02
  Relative loglikelihood change                          0.100D-05
  Derivative                                             0.100D-03
Minimum variance                                         0.100D-03
Maximum number of steepest descent iterations                   20
Maximum number of iterations for H1                           2000
Convergence criterion for H1                             0.100D-03
Optimization algorithm                                         EMA

Input data file(s)
  /home/jflournoy/code_new/lnt_pxvx/Data/lnt_nat_recalc.tsv
Input data format  FREE


SUMMARY OF DATA

     Number of missing data patterns             9


SUMMARY OF MISSING DATA PATTERNS


     MISSING DATA PATTERNS (x = not missing)

           1  2  3  4  5  6  7  8  9
 ABFAS_EA  x  x  x  x  x  x  x  x
 BBFAS_EA  x     x  x        x     x
 CBFAS_EA  x           x     x  x  x
 DBFAS_EA  x     x     x  x        x
 ABFA_MT   x  x  x  x  x  x  x  x
 BBFA_MT   x     x  x        x     x
 CBFA_MT   x           x     x  x  x
 DBFA_MT   x     x     x  x        x


     MISSING DATA PATTERN FREQUENCIES

    Pattern   Frequency     Pattern   Frequency     Pattern   Frequency
          1         493           4          52           7          48
          2         170           5          23           8          24
          3          27           6          25           9           2


COVARIANCE COVERAGE OF DATA

Minimum covariance coverage value   0.100


     PROPORTION OF DATA PRESENT


           Covariance Coverage
              ABFAS_EA      BBFAS_EA      CBFAS_EA      DBFAS_EA      ABFA_MT
              ________      ________      ________      ________      ________
 ABFAS_EA       0.998
 BBFAS_EA       0.718         0.720
 CBFAS_EA       0.681         0.628         0.683
 DBFAS_EA       0.657         0.604         0.600         0.660
 ABFA_MT        0.998         0.718         0.681         0.657         0.998
 BBFA_MT        0.718         0.720         0.628         0.604         0.718
 CBFA_MT        0.681         0.628         0.683         0.600         0.681
 DBFA_MT        0.657         0.604         0.600         0.660         0.657


           Covariance Coverage
              BBFA_MT       CBFA_MT       DBFA_MT
              ________      ________      ________
 BBFA_MT        0.720
 CBFA_MT        0.628         0.683
 DBFA_MT        0.604         0.600         0.660


SAMPLE STATISTICS


     ESTIMATED SAMPLE STATISTICS


           Means
              ABFAS_EA      BBFAS_EA      CBFAS_EA      DBFAS_EA      ABFA_MT
              ________      ________      ________      ________      ________
               61.517        61.139        60.467        60.320        39.748


           Means
              BBFA_MT       CBFA_MT       DBFA_MT
              ________      ________      ________
               39.775        39.610        39.617


           Covariances
              ABFAS_EA      BBFAS_EA      CBFAS_EA      DBFAS_EA      ABFA_MT
              ________      ________      ________      ________      ________
 ABFAS_EA     385.717
 BBFAS_EA     321.019       369.636
 CBFAS_EA     313.060       315.037       376.498
 DBFAS_EA     308.595       308.520       329.530       382.688
 ABFA_MT      -22.346        -7.956         3.111        -2.606       403.742
 BBFA_MT      -30.764       -15.571       -13.344       -24.745       302.328
 CBFA_MT      -14.383         2.476        -0.061        -3.903       294.287
 DBFA_MT        0.071        14.960        10.753         8.102       279.815


           Covariances
              BBFA_MT       CBFA_MT       DBFA_MT
              ________      ________      ________
 BBFA_MT      399.532
 CBFA_MT      322.516       416.085
 DBFA_MT      303.046       322.030       404.909


           Correlations
              ABFAS_EA      BBFAS_EA      CBFAS_EA      DBFAS_EA      ABFA_MT
              ________      ________      ________      ________      ________
 ABFAS_EA       1.000
 BBFAS_EA       0.850         1.000
 CBFAS_EA       0.822         0.844         1.000
 DBFAS_EA       0.803         0.820         0.868         1.000
 ABFA_MT       -0.057        -0.021         0.008        -0.007         1.000
 BBFA_MT       -0.078        -0.041        -0.034        -0.063         0.753
 CBFA_MT       -0.036         0.006         0.000        -0.010         0.718
 DBFA_MT        0.000         0.039         0.028         0.021         0.692


           Correlations
              BBFA_MT       CBFA_MT       DBFA_MT
              ________      ________      ________
 BBFA_MT        1.000
 CBFA_MT        0.791         1.000
 DBFA_MT        0.753         0.785         1.000


     MAXIMUM LOG-LIKELIHOOD VALUE FOR THE UNRESTRICTED (H1) MODEL IS -21169.482


UNIVARIATE SAMPLE STATISTICS


     UNIVARIATE HIGHER-ORDER MOMENT DESCRIPTIVE STATISTICS

         Variable/         Mean/     Skewness/   Minimum/ % with                Percentiles
        Sample Size      Variance    Kurtosis    Maximum  Min/Max      20%/60%    40%/80%    Median

     ABFAS_EA             61.490      -0.493       0.000    0.12%      45.000     57.500     62.500
             862.000     386.092      -0.066     100.000    0.81%      67.500     80.000
     BBFAS_EA             61.094      -0.425       2.500    0.32%      45.000     57.500     62.500
             622.000     373.984      -0.163     100.000    0.32%      67.500     77.500
     CBFAS_EA             60.408      -0.412       2.500    0.17%      45.000     57.500     62.500
             590.000     387.320      -0.215     100.000    0.34%      67.500     77.500
     DBFAS_EA             60.638      -0.450       2.500    0.18%      45.000     57.500     62.500
             570.000     384.565      -0.225     100.000    0.18%      67.500     77.500
     ABFA_MT              39.773       0.270       0.000    1.74%      20.833     33.333     37.500
             862.000     404.014      -0.332     100.000    0.12%      45.833     58.333
     BBFA_MT              39.768       0.295       0.000    1.93%      20.833     33.333     37.500
             622.000     400.222      -0.310     100.000    0.16%      45.833     58.333
     CBFA_MT              39.782       0.255       0.000    2.54%      20.833     33.333     37.500
             590.000     416.290      -0.408     100.000    0.17%      45.833     58.333
     DBFA_MT              39.990       0.305       0.000    2.28%      20.833     33.333     37.500
             570.000     412.123      -0.235     100.000    0.53%      45.833     58.333


THE MODEL ESTIMATION TERMINATED NORMALLY



MODEL FIT INFORMATION

Number of Free Parameters                       24

Loglikelihood

          H0 Value                      -21177.092
          H0 Scaling Correction Factor      1.1620
            for MLR

Information Criteria

          Akaike (AIC)                   42402.183
          Bayesian (BIC)                 42516.461
          Sample-Size Adjusted BIC       42440.243
            (n* = (n + 2) / 24)



MODEL RESULTS

                                                    Two-Tailed
                    Estimate       S.E.  Est./S.E.    P-Value

 P1       BY
    ABFAS_EA           1.000      0.000    999.000    999.000

 P2       BY
    BBFAS_EA           1.000      0.000    999.000    999.000

 P3       BY
    CBFAS_EA           1.000      0.000    999.000    999.000

 P4       BY
    DBFAS_EA           1.000      0.000    999.000    999.000

 V1       BY
    ABFA_MT            1.000      0.000    999.000    999.000

 V2       BY
    BBFA_MT            1.000      0.000    999.000    999.000

 V3       BY
    CBFA_MT            1.000      0.000    999.000    999.000

 V4       BY
    DBFA_MT            1.000      0.000    999.000    999.000

 P4         ON
    P3                 0.243      0.066      3.676      0.000
    V3                -0.019      0.030     -0.651      0.515

 P3         ON
    P2                 0.243      0.066      3.676      0.000
    V2                -0.019      0.030     -0.651      0.515

 P2         ON
    P1                 0.243      0.066      3.676      0.000
    V1                -0.019      0.030     -0.651      0.515

 V4         ON
    V3                 0.169      0.061      2.771      0.006
    P3                -0.005      0.056     -0.093      0.926

 V3         ON
    V2                 0.169      0.061      2.771      0.006
    P2                -0.005      0.056     -0.093      0.926

 V2         ON
    V1                 0.169      0.061      2.771      0.006
    P1                -0.005      0.056     -0.093      0.926

 S_BFAS_E WITH
    I_BFAS_EA         -1.639      0.874     -1.876      0.061
    S_BFA_MT           0.002      0.113      0.017      0.986
    I_BFA_MT           0.323      2.143      0.151      0.880

 I_BFAS_E WITH
    S_BFA_MT           0.064      2.374      0.027      0.978
    I_BFA_MT          -3.126     16.937     -0.185      0.854

 S_BFA_MT WITH
    I_BFA_MT          -1.092      0.830     -1.316      0.188

 P1       WITH
    V1               -11.996      6.274     -1.912      0.056

 P2       WITH
    V2                 0.181      3.380      0.054      0.957

 P3       WITH
    V3                 0.181      3.380      0.054      0.957

 P4       WITH
    V4                 0.181      3.380      0.054      0.957

 Means
    P1                 0.000      0.000    999.000    999.000
    V1                 0.000      0.000    999.000    999.000
    I_BFAS_EA         60.971      0.640     95.224      0.000
    S_BFAS_EA          0.064      0.055      1.166      0.243
    I_BFA_MT          40.053      0.634     63.138      0.000
    S_BFA_MT          -0.255      0.058     -4.422      0.000

 Intercepts
    ABFAS_EA           0.000      0.000    999.000    999.000
    BBFAS_EA           0.000      0.000    999.000    999.000
    CBFAS_EA           0.000      0.000    999.000    999.000
    DBFAS_EA           0.000      0.000    999.000    999.000
    ABFA_MT            0.000      0.000    999.000    999.000
    BBFA_MT            0.000      0.000    999.000    999.000
    CBFA_MT            0.000      0.000    999.000    999.000
    DBFA_MT            0.000      0.000    999.000    999.000
    P2                 0.000      0.000    999.000    999.000
    P3                 0.000      0.000    999.000    999.000
    P4                 0.000      0.000    999.000    999.000
    V2                 0.000      0.000    999.000    999.000
    V3                 0.000      0.000    999.000    999.000
    V4                 0.000      0.000    999.000    999.000

 Variances
    P1                79.080      7.912      9.995      0.000
    V1               132.058     10.286     12.838      0.000
    I_BFAS_EA        299.236     21.767     13.748      0.000
    S_BFAS_EA          0.089      0.153      0.583      0.560
    I_BFA_MT         270.619     21.008     12.882      0.000
    S_BFA_MT           0.126      0.133      0.951      0.342

 Residual Variances
    ABFAS_EA           0.000      0.000    999.000    999.000
    BBFAS_EA           0.000      0.000    999.000    999.000
    CBFAS_EA           0.000      0.000    999.000    999.000
    DBFAS_EA           0.000      0.000    999.000    999.000
    ABFA_MT            0.000      0.000    999.000    999.000
    BBFA_MT            0.000      0.000    999.000    999.000
    CBFA_MT            0.000      0.000    999.000    999.000
    DBFA_MT            0.000      0.000    999.000    999.000
    P2                67.480      4.966     13.588      0.000
    P3                67.480      4.966     13.588      0.000
    P4                67.480      4.966     13.588      0.000
    V2               103.245      8.507     12.136      0.000
    V3               103.245      8.507     12.136      0.000
    V4               103.245      8.507     12.136      0.000


QUALITY OF NUMERICAL RESULTS

     Condition Number for the Information Matrix              0.432E-05
       (ratio of smallest to largest eigenvalue)


     Beginning Time:  15:45:29
        Ending Time:  15:45:39
       Elapsed Time:  00:00:10



MUTHEN & MUTHEN
3463 Stoner Ave.
Los Angeles, CA  90066

Tel: (310) 391-9971
Fax: (310) 391-8971
Web: www.StatModel.com
Support: Support@StatModel.com

Copyright (c) 1998-2017 Muthen & Muthen
