Mplus VERSION 8 (Linux)
MUTHEN & MUTHEN
07/08/2018   6:16 PM

INPUT INSTRUCTIONS


  title: PxVx Bivariate LCM-SR - decadegroup - Linear bfi_e with Linear bfa_mt_d;
  data: file = /home/jflournoy/code_new/lnt_pxvx/Data/lnt_nat_recalc.tsv;

  variable:
  names =
  subjid
  aage
  aaspfin
  aaspfin_d
  abfa_mt
  abfa_mt_d
  abfas_ac
  abfas_ap
  abfas_ci
  abfas_co
  abfas_ea
  abfas_ee
  abfas_nv
  abfas_nv9
  abfas_nw
  abfas_oi
  abfas_oo
  abfi_a
  abfi_a6
  abfi_c
  abfi_d_scale
  abfi_e
  abfi_hp8
  abfi_n
  abfi_o
  abfi_s_scale
  ahrz_col
  ahrz_col_d
  ahrz_ind
  ahrz_ind_d
  amvi
  ausi
  ausi_d
  avrt_col
  avrt_col_d
  avrt_ind
  avrt_ind_d
  bage
  baspfin
  baspfin_d
  bbfa_mt
  bbfa_mt_d
  bbfas_ac
  bbfas_ap
  bbfas_ci
  bbfas_co
  bbfas_ea
  bbfas_ee
  bbfas_nv
  bbfas_nv9
  bbfas_nw
  bbfas_oi
  bbfas_oo
  bbfi_a
  bbfi_a6
  bbfi_c
  bbfi_d_scale
  bbfi_e
  bbfi_hp8
  bbfi_n
  bbfi_o
  bbfi_s_scale
  bhrz_col
  bhrz_col_d
  bhrz_ind
  bhrz_ind_d
  bmvi
  busi
  busi_d
  bvrt_col
  bvrt_col_d
  bvrt_ind
  bvrt_ind_d
  cage
  caspfin
  caspfin_d
  cbfa_mt
  cbfa_mt_d
  cbfas_ac
  cbfas_ap
  cbfas_ci
  cbfas_co
  cbfas_ea
  cbfas_ee
  cbfas_nv
  cbfas_nv9
  cbfas_nw
  cbfas_oi
  cbfas_oo
  cbfi_a
  cbfi_a6
  cbfi_c
  cbfi_d_scale
  cbfi_e
  cbfi_hp8
  cbfi_n
  cbfi_o
  cbfi_s_scale
  chrz_col
  chrz_col_d
  chrz_ind
  chrz_ind_d
  cmvi
  cusi
  cusi_d
  cvrt_col
  cvrt_col_d
  cvrt_ind
  cvrt_ind_d
  dage
  daspfin
  daspfin_d
  dbfa_mt
  dbfa_mt_d
  dbfas_ac
  dbfas_ap
  dbfas_ci
  dbfas_co
  dbfas_ea
  dbfas_ee
  dbfas_nv
  dbfas_nv9
  dbfas_nw
  dbfas_oi
  dbfas_oo
  dbfi_a
  dbfi_a6
  dbfi_c
  dbfi_d_scale
  dbfi_e
  dbfi_hp8
  dbfi_n
  dbfi_o
  dbfi_s_scale
  dhrz_col
  dhrz_col_d
  dhrz_ind
  dhrz_ind_d
  dmvi
  dusi
  dusi_d
  dvrt_col
  dvrt_col_d
  dvrt_ind
  dvrt_ind_d;

  USEVARIABLES =
  abfi_e
  bbfi_e
  cbfi_e
  dbfi_e
  abfa_mt_d
  bbfa_mt_d
  cbfa_mt_d
  dbfa_mt_d
  a1
  a2
  a3
  a4
  aagegrp
  ;

  missing = all (-9999);

  tscores = a1 a2 a3 a4;

  grouping = aagegrp (0=d2, 1=d3, 2=d4, 3=d5);

  DEFINE:

  aagegrp = aage;

  cut aagegrp (29 39 49);

  a1 = aage + 0 - 36;
  a2 = aage + 1 - 36;
  a3 = aage + 2 - 36;
  a4 = aage + 3 - 36;

  ANALYSIS:
  TYPE=RANDOM;
  PROCESSORS = 6;
  model=nocovariances; ! supresses default estimation of certain covs in model;

  MODEL:

  i_bfi_e s_bfi_e | abfi_e bbfi_e cbfi_e dbfi_e AT a1 a2 a3 a4;
  i_bfa_mt_d s_bfa_mt_d | abfa_mt_d bbfa_mt_d cbfa_mt_d dbfa_mt_d AT a1 a2 a3 a4;

  ! freeing factor covs because of "nocovariances"
  ! But ensure they are constrained across groups
  s_bfi_e WITH i_bfi_e (p)
  s_bfa_mt_d (q)
  i_bfa_mt_d (r);
  i_bfi_e WITH s_bfa_mt_d (s)
  i_bfa_mt_d (t);
  s_bfa_mt_d WITH i_bfa_mt_d (u);

  !constrain latent growth means across groups
  [i_bfi_e] (v);
  [s_bfi_e] (w);
  [i_bfa_mt_d] (x);
  [s_bfa_mt_d] (y);

  !constrain latent growth variances across groups
  i_bfi_e (l);
  s_bfi_e (m);
  i_bfa_mt_d (n);
  s_bfa_mt_d (o);

  p1 BY abfi_e@1; ! Residual "factors";
  p2 BY bbfi_e@1;
  p3 BY cbfi_e@1;
  p4 BY dbfi_e@1;

  v1 BY abfa_mt_d@1; ! Residual "factors";
  v2 BY bbfa_mt_d@1;
  v3 BY cbfa_mt_d@1;
  v4 BY dbfa_mt_d@1;

  !residual variances on observed/manifest vars set to 0
  abfi_e@0;
  bbfi_e@0;
  cbfi_e@0;
  dbfi_e@0;

  !residual variances on observed/manifest vars set to 0
  abfa_mt_d@0;
  bbfa_mt_d@0;
  cbfa_mt_d@0;
  dbfa_mt_d@0;

  ! means of observed/manifest vars set to 0
  [abfi_e@0];
  [bbfi_e@0];
  [cbfi_e@0];
  [dbfi_e@0];

  ! means of observed/manifest vars set to 0
  [abfa_mt_d@0];
  [bbfa_mt_d@0];
  [cbfa_mt_d@0];
  [dbfa_mt_d@0];

  [p1@0]; ! means of residual "factors" set to 0
  [p2@0];
  [p3@0];
  [p4@0];

  [v1@0]; ! means of residual "factors" set to 0
  [v2@0];
  [v3@0];
  [v4@0];

  p4 on p3 (a); ! Autoregressive paths constrained to equality
  p3 on p2 (a);
  p2 on p1 (a);

  v4 on v3 (b); ! Autoregressive paths constrained to equality
  v3 on v2 (b);
  v2 on v1 (b);

  p4 on v3 (c); ! Cross-lagged paths constrained to equality
  p3 on v2 (c);
  p2 on v1 (c);

  v4 on p3 (d); ! Cross-lagged paths constrained to equality
  v3 on p2 (d);
  v2 on p1 (d);

  p1 with v1; !(this one is not like the others)

  p2 with v2 (e); ! Within-wave correlations constrained to equality
  p3 with v3 (e);
  p4 with v4 (e);

  p2 p3 p4 (f); ! estimate variances of residual "factors"
  v2 v3 v4 (g); ! estimate variances of residual "factors"

  MODEL d2:

  p4 on p3 (a2); ! Autoregressive paths constrained to equality
  p3 on p2 (a2);
  p2 on p1 (a2);

  v4 on v3 (b2); ! Autoregressive paths constrained to equality
  v3 on v2 (b2);
  v2 on v1 (b2);

  p4 on v3 (c2); ! Cross-lagged paths constrained to equality
  p3 on v2 (c2);
  p2 on v1 (c2);

  v4 on p3 (d2); ! Cross-lagged paths constrained to equality
  v3 on p2 (d2);
  v2 on p1 (d2);

  p1 with v1; !(this one is not like the others)

  p2 with v2 (e2); ! Within-wave correlations constrained to equality
  p3 with v3 (e2);
  p4 with v4 (e2);

  p2 p3 p4 (f2); ! estimate variances of residual "factors"
  v2 v3 v4 (g2); ! estimate variances of residual "factors"

  MODEL d3:

  p4 on p3 (a3); ! Autoregressive paths constrained to equality
  p3 on p2 (a3);
  p2 on p1 (a3);

  v4 on v3 (b3); ! Autoregressive paths constrained to equality
  v3 on v2 (b3);
  v2 on v1 (b3);

  p4 on v3 (c3); ! Cross-lagged paths constrained to equality
  p3 on v2 (c3);
  p2 on v1 (c3);

  v4 on p3 (d3); ! Cross-lagged paths constrained to equality
  v3 on p2 (d3);
  v2 on p1 (d3);

  p1 with v1; !(this one is not like the others)

  p2 with v2 (e3); ! Within-wave correlations constrained to equality
  p3 with v3 (e3);
  p4 with v4 (e3);

  p2 p3 p4 (f3); ! estimate variances of residual "factors"
  v2 v3 v4 (g3); ! estimate variances of residual "factors"

  MODEL d4:

  p4 on p3 (a4); ! Autoregressive paths constrained to equality
  p3 on p2 (a4);
  p2 on p1 (a4);

  v4 on v3 (b4); ! Autoregressive paths constrained to equality
  v3 on v2 (b4);
  v2 on v1 (b4);

  p4 on v3 (c4); ! Cross-lagged paths constrained to equality
  p3 on v2 (c4);
  p2 on v1 (c4);

  v4 on p3 (d4); ! Cross-lagged paths constrained to equality
  v3 on p2 (d4);
  v2 on p1 (d4);

  p1 with v1; !(this one is not like the others)

  p2 with v2 (e4); ! Within-wave correlations constrained to equality
  p3 with v3 (e4);
  p4 with v4 (e4);

  p2 p3 p4 (f4); ! estimate variances of residual "factors"
  v2 v3 v4 (g4); ! estimate variances of residual "factors"

  MODEL d5:

  p4 on p3 (a5); ! Autoregressive paths constrained to equality
  p3 on p2 (a5);
  p2 on p1 (a5);

  v4 on v3 (b5); ! Autoregressive paths constrained to equality
  v3 on v2 (b5);
  v2 on v1 (b5);

  p4 on v3 (c5); ! Cross-lagged paths constrained to equality
  p3 on v2 (c5);
  p2 on v1 (c5);

  v4 on p3 (d5); ! Cross-lagged paths constrained to equality
  v3 on p2 (d5);
  v2 on p1 (d5);

  p1 with v1; !(this one is not like the others)

  p2 with v2 (e5); ! Within-wave correlations constrained to equality
  p3 with v3 (e5);
  p4 with v4 (e5);

  p2 p3 p4 (f5); ! estimate variances of residual "factors"
  v2 v3 v4 (g5); ! estimate variances of residual "factors"

  OUTPUT: SAMPSTAT PATTERNS;



*** WARNING in VARIABLE command
  Note that only the first 8 characters of variable names are used in the output.
  Shorten variable names to avoid any confusion.
*** WARNING
  Data set contains unknown or missing values for GROUPING,
  PATTERN, COHORT, CLUSTER and/or STRATIFICATION variables.
  Number of cases with unknown or missing values:  5
   2 WARNING(S) FOUND IN THE INPUT INSTRUCTIONS



PxVx Bivariate LCM-SR - decadegroup - Linear bfi_e with Linear bfa_mt_d;

SUMMARY OF ANALYSIS

Number of groups                                                 4
Number of observations
   Group D2                                                    301
   Group D3                                                    233
   Group D4                                                    198
   Group D5                                                    132
   Total sample size                                           864

Number of dependent variables                                    8
Number of independent variables                                  0
Number of continuous latent variables                           12

Observed dependent variables

  Continuous
   ABFI_E      BBFI_E      CBFI_E      DBFI_E      ABFA_MT_D   BBFA_MT_D
   CBFA_MT_D   DBFA_MT_D

Continuous latent variables
   P1          P2          P3          P4          V1          V2
   V3          V4          I_BFI_E     S_BFI_E     I_BFA_MT    S_BFA_MT

Variables with special functions

  Grouping variable     AAGEGRP

  Time scores
   A1          A2          A3          A4


Estimator                                                      MLR
Information matrix                                        OBSERVED
Maximum number of iterations                                   100
Convergence criterion                                    0.100D-05
Maximum number of EM iterations                                500
Convergence criteria for the EM algorithm
  Loglikelihood change                                   0.100D-02
  Relative loglikelihood change                          0.100D-05
  Derivative                                             0.100D-03
Minimum variance                                         0.100D-03
Maximum number of steepest descent iterations                   20
Maximum number of iterations for H1                           2000
Convergence criterion for H1                             0.100D-03
Optimization algorithm                                         EMA

Input data file(s)
  /home/jflournoy/code_new/lnt_pxvx/Data/lnt_nat_recalc.tsv
Input data format  FREE


SUMMARY OF DATA

   Group D2
     Number of missing data patterns            11

   Group D3
     Number of missing data patterns            11

   Group D4
     Number of missing data patterns            10

   Group D5
     Number of missing data patterns            10


SUMMARY OF MISSING DATA PATTERNS


     MISSING DATA PATTERNS (x = not missing) FOR D2

           1  2  3  4  5  6  7  8  9 10 11
 ABFI_E    x  x  x  x  x  x  x  x  x  x  x
 BBFI_E    x     x  x  x           x     x
 CBFI_E    x           x     x  x  x  x  x
 DBFI_E    x     x        x     x  x  x  x
 ABFA_MT_  x  x  x  x  x  x  x  x     x  x
 BBFA_MT_  x     x  x  x           x
 CBFA_MT_  x           x     x  x  x  x  x
 DBFA_MT_  x     x        x     x  x     x


     MISSING DATA PATTERN FREQUENCIES FOR D2

    Pattern   Frequency     Pattern   Frequency     Pattern   Frequency
          1         188           5          15           9           1
          2          57           6          11          10           1
          3           6           7           4          11           1
          4          12           8           5


     MISSING DATA PATTERNS (x = not missing) FOR D3

           1  2  3  4  5  6  7  8  9 10 11
 ABFI_E    x  x  x  x  x  x  x  x  x  x  x
 BBFI_E    x     x  x  x           x  x
 CBFI_E    x           x     x  x  x  x
 DBFI_E    x     x        x     x  x  x  x
 ABFA_MT_  x  x  x  x  x  x  x  x     x  x
 BBFA_MT_  x     x  x  x           x  x
 CBFA_MT_  x           x     x  x  x  x
 DBFA_MT_  x     x        x     x  x


     MISSING DATA PATTERN FREQUENCIES FOR D3

    Pattern   Frequency     Pattern   Frequency     Pattern   Frequency
          1         139           5           6           9           1
          2          43           6           4          10           1
          3           8           7           7          11           1
          4          16           8           7


     MISSING DATA PATTERNS (x = not missing) FOR D4

           1  2  3  4  5  6  7  8  9 10
 ABFI_E    x  x  x  x  x  x  x  x  x  x
 BBFI_E    x     x  x  x              x
 CBFI_E    x           x     x  x  x  x
 DBFI_E    x     x        x     x  x  x
 ABFA_MT_  x  x  x  x  x  x  x  x  x  x
 BBFA_MT_  x     x  x  x
 CBFA_MT_  x           x     x  x  x  x
 DBFA_MT_  x     x        x     x     x


     MISSING DATA PATTERN FREQUENCIES FOR D4

    Pattern   Frequency     Pattern   Frequency     Pattern   Frequency
          1         105           5          15           9           1
          2          40           6           4          10           1
          3           8           7           5
          4          14           8           5


     MISSING DATA PATTERNS (x = not missing) FOR D5

           1  2  3  4  5  6  7  8  9 10
 ABFI_E    x  x  x  x  x  x  x  x  x
 BBFI_E    x     x  x  x           x
 CBFI_E    x           x     x  x  x
 DBFI_E    x     x        x     x  x  x
 ABFA_MT_  x  x  x  x  x  x  x  x     x
 BBFA_MT_  x     x  x  x           x
 CBFA_MT_  x           x     x  x  x
 DBFA_MT_  x     x        x     x  x  x


     MISSING DATA PATTERN FREQUENCIES FOR D5

    Pattern   Frequency     Pattern   Frequency     Pattern   Frequency
          1          60           5          11           9           1
          2          29           6           5          10           1
          3           5           7           6
          4          10           8           4


COVARIANCE COVERAGE OF DATA

Minimum covariance coverage value   0.100


     PROPORTION OF DATA PRESENT FOR D2


           Covariance Coverage
              ABFI_E        BBFI_E        CBFI_E        DBFI_E        ABFA_MT_
              ________      ________      ________      ________      ________
 ABFI_E         1.000
 BBFI_E         0.741         0.741
 CBFI_E         0.714         0.681         0.714
 DBFI_E         0.708         0.651         0.651         0.708
 ABFA_MT_       0.997         0.738         0.711         0.704         0.997
 BBFA_MT_       0.738         0.738         0.678         0.648         0.734
 CBFA_MT_       0.714         0.681         0.714         0.651         0.711
 DBFA_MT_       0.704         0.651         0.648         0.704         0.701


           Covariance Coverage
              BBFA_MT_      CBFA_MT_      DBFA_MT_
              ________      ________      ________
 BBFA_MT_       0.738
 CBFA_MT_       0.678         0.714
 DBFA_MT_       0.648         0.648         0.704


     PROPORTION OF DATA PRESENT FOR D3


           Covariance Coverage
              ABFI_E        BBFI_E        CBFI_E        DBFI_E        ABFA_MT_
              ________      ________      ________      ________      ________
 ABFI_E         1.000
 BBFI_E         0.734         0.734
 CBFI_E         0.695         0.631         0.695
 DBFI_E         0.691         0.639         0.639         0.691
 ABFA_MT_       0.996         0.730         0.691         0.687         0.996
 BBFA_MT_       0.730         0.730         0.627         0.635         0.725
 CBFA_MT_       0.695         0.631         0.695         0.639         0.691
 DBFA_MT_       0.687         0.639         0.635         0.687         0.682


           Covariance Coverage
              BBFA_MT_      CBFA_MT_      DBFA_MT_
              ________      ________      ________
 BBFA_MT_       0.730
 CBFA_MT_       0.627         0.695
 DBFA_MT_       0.635         0.635         0.687


     PROPORTION OF DATA PRESENT FOR D4


           Covariance Coverage
              ABFI_E        BBFI_E        CBFI_E        DBFI_E        ABFA_MT_
              ________      ________      ________      ________      ________
 ABFI_E         1.000
 BBFI_E         0.722         0.722
 CBFI_E         0.667         0.611         0.667
 DBFI_E         0.626         0.576         0.566         0.626
 ABFA_MT_       0.995         0.717         0.662         0.621         0.995
 BBFA_MT_       0.722         0.722         0.611         0.576         0.717
 CBFA_MT_       0.667         0.611         0.667         0.566         0.662
 DBFA_MT_       0.621         0.576         0.561         0.621         0.616


           Covariance Coverage
              BBFA_MT_      CBFA_MT_      DBFA_MT_
              ________      ________      ________
 BBFA_MT_       0.722
 CBFA_MT_       0.611         0.667
 DBFA_MT_       0.576         0.561         0.621


     PROPORTION OF DATA PRESENT FOR D5


           Covariance Coverage
              ABFI_E        BBFI_E        CBFI_E        DBFI_E        ABFA_MT_
              ________      ________      ________      ________      ________
 ABFI_E         1.000
 BBFI_E         0.659         0.659
 CBFI_E         0.629         0.545         0.629
 DBFI_E         0.576         0.500         0.500         0.576
 ABFA_MT_       0.992         0.652         0.621         0.568         0.992
 BBFA_MT_       0.659         0.659         0.545         0.500         0.652
 CBFA_MT_       0.629         0.545         0.629         0.500         0.621
 DBFA_MT_       0.568         0.500         0.492         0.568         0.561


           Covariance Coverage
              BBFA_MT_      CBFA_MT_      DBFA_MT_
              ________      ________      ________
 BBFA_MT_       0.659
 CBFA_MT_       0.545         0.629
 DBFA_MT_       0.500         0.492         0.568


SAMPLE STATISTICS


     ESTIMATED SAMPLE STATISTICS FOR D2


           Means
              ABFI_E        BBFI_E        CBFI_E        DBFI_E        ABFA_MT_
              ________      ________      ________      ________      ________
               52.213        51.754        50.182        50.664        42.139


           Means
              BBFA_MT_      CBFA_MT_      DBFA_MT_
              ________      ________      ________
               42.256        43.242        40.192


           Covariances
              ABFI_E        BBFI_E        CBFI_E        DBFI_E        ABFA_MT_
              ________      ________      ________      ________      ________
 ABFI_E       536.907
 BBFI_E       459.515       510.004
 CBFI_E       441.266       444.853       493.718
 DBFI_E       422.678       423.771       430.517       495.920
 ABFA_MT_     -15.562         7.301        18.652        10.684       479.760
 BBFA_MT_      -2.041        -7.824         1.894        16.168       305.063
 CBFA_MT_     -36.507       -29.648       -16.896       -13.145       305.762
 DBFA_MT_       2.680       -11.993       -10.786       -11.593       283.998


           Covariances
              BBFA_MT_      CBFA_MT_      DBFA_MT_
              ________      ________      ________
 BBFA_MT_     505.733
 CBFA_MT_     374.614       516.965
 DBFA_MT_     363.074       405.611       544.282


           Correlations
              ABFI_E        BBFI_E        CBFI_E        DBFI_E        ABFA_MT_
              ________      ________      ________      ________      ________
 ABFI_E         1.000
 BBFI_E         0.878         1.000
 CBFI_E         0.857         0.887         1.000
 DBFI_E         0.819         0.843         0.870         1.000
 ABFA_MT_      -0.031         0.015         0.038         0.022         1.000
 BBFA_MT_      -0.004        -0.015         0.004         0.032         0.619
 CBFA_MT_      -0.069        -0.058        -0.033        -0.026         0.614
 DBFA_MT_       0.005        -0.023        -0.021        -0.022         0.556


           Correlations
              BBFA_MT_      CBFA_MT_      DBFA_MT_
              ________      ________      ________
 BBFA_MT_       1.000
 CBFA_MT_       0.733         1.000
 DBFA_MT_       0.692         0.765         1.000


     ESTIMATED SAMPLE STATISTICS FOR D3


           Means
              ABFI_E        BBFI_E        CBFI_E        DBFI_E        ABFA_MT_
              ________      ________      ________      ________      ________
               55.206        55.646        55.269        54.056        40.618


           Means
              BBFA_MT_      CBFA_MT_      DBFA_MT_
              ________      ________      ________
               38.874        39.069        41.124


           Covariances
              ABFI_E        BBFI_E        CBFI_E        DBFI_E        ABFA_MT_
              ________      ________      ________      ________      ________
 ABFI_E       482.263
 BBFI_E       398.985       441.969
 CBFI_E       391.336       376.431       436.130
 DBFI_E       383.486       361.434       380.736       426.082
 ABFA_MT_      43.964        49.054        66.000        76.085       444.871
 BBFA_MT_      20.391        30.927        33.747        42.210       310.827
 CBFA_MT_      54.611        50.054        73.329        66.356       311.471
 DBFA_MT_      38.355        45.568        58.872        74.441       262.700


           Covariances
              BBFA_MT_      CBFA_MT_      DBFA_MT_
              ________      ________      ________
 BBFA_MT_     447.132
 CBFA_MT_     339.324       465.174
 DBFA_MT_     323.512       307.006       415.093


           Correlations
              ABFI_E        BBFI_E        CBFI_E        DBFI_E        ABFA_MT_
              ________      ________      ________      ________      ________
 ABFI_E         1.000
 BBFI_E         0.864         1.000
 CBFI_E         0.853         0.857         1.000
 DBFI_E         0.846         0.833         0.883         1.000
 ABFA_MT_       0.095         0.111         0.150         0.175         1.000
 BBFA_MT_       0.044         0.070         0.076         0.097         0.697
 CBFA_MT_       0.115         0.110         0.163         0.149         0.685
 DBFA_MT_       0.086         0.106         0.138         0.177         0.611


           Correlations
              BBFA_MT_      CBFA_MT_      DBFA_MT_
              ________      ________      ________
 BBFA_MT_       1.000
 CBFA_MT_       0.744         1.000
 DBFA_MT_       0.751         0.699         1.000


     ESTIMATED SAMPLE STATISTICS FOR D4


           Means
              ABFI_E        BBFI_E        CBFI_E        DBFI_E        ABFA_MT_
              ________      ________      ________      ________      ________
               55.488        55.174        55.457        55.900        36.258


           Means
              BBFA_MT_      CBFA_MT_      DBFA_MT_
              ________      ________      ________
               37.980        36.930        37.797


           Covariances
              ABFI_E        BBFI_E        CBFI_E        DBFI_E        ABFA_MT_
              ________      ________      ________      ________      ________
 ABFI_E       444.473
 BBFI_E       392.023       452.341
 CBFI_E       388.850       389.498       439.148
 DBFI_E       391.134       387.769       402.612       471.218
 ABFA_MT_      19.158        32.669        41.392        -3.420       427.708
 BBFA_MT_      -4.654        27.015        26.792        -4.380       283.008
 CBFA_MT_      22.657        41.865        60.549        16.404       296.429
 DBFA_MT_      27.550        45.525        35.175         7.664       259.862


           Covariances
              BBFA_MT_      CBFA_MT_      DBFA_MT_
              ________      ________      ________
 BBFA_MT_     406.788
 CBFA_MT_     294.912       419.765
 DBFA_MT_     251.883       231.979       373.639


           Correlations
              ABFI_E        BBFI_E        CBFI_E        DBFI_E        ABFA_MT_
              ________      ________      ________      ________      ________
 ABFI_E         1.000
 BBFI_E         0.874         1.000
 CBFI_E         0.880         0.874         1.000
 DBFI_E         0.855         0.840         0.885         1.000
 ABFA_MT_       0.044         0.074         0.096        -0.008         1.000
 BBFA_MT_      -0.011         0.063         0.063        -0.010         0.678
 CBFA_MT_       0.052         0.096         0.141         0.037         0.700
 DBFA_MT_       0.068         0.111         0.087         0.018         0.650


           Correlations
              BBFA_MT_      CBFA_MT_      DBFA_MT_
              ________      ________      ________
 BBFA_MT_       1.000
 CBFA_MT_       0.714         1.000
 DBFA_MT_       0.646         0.586         1.000


     ESTIMATED SAMPLE STATISTICS FOR D5


           Means
              ABFI_E        BBFI_E        CBFI_E        DBFI_E        ABFA_MT_
              ________      ________      ________      ________      ________
               59.657        58.021        59.859        57.907        34.631


           Means
              BBFA_MT_      CBFA_MT_      DBFA_MT_
              ________      ________      ________
               34.978        36.846        35.563


           Covariances
              ABFI_E        BBFI_E        CBFI_E        DBFI_E        ABFA_MT_
              ________      ________      ________      ________      ________
 ABFI_E       444.538
 BBFI_E       385.393       461.101
 CBFI_E       395.106       402.450       452.955
 DBFI_E       400.231       407.365       433.291       516.026
 ABFA_MT_      15.123         6.729        35.549        69.928       408.223
 BBFA_MT_      34.267        42.861        51.645        48.251       317.132
 CBFA_MT_      84.928        71.089        88.843       100.316       310.587
 DBFA_MT_      60.630        63.111        93.972       107.178       330.075


           Covariances
              BBFA_MT_      CBFA_MT_      DBFA_MT_
              ________      ________      ________
 BBFA_MT_     461.162
 CBFA_MT_     338.912       479.528
 DBFA_MT_     323.559       337.727       513.034


           Correlations
              ABFI_E        BBFI_E        CBFI_E        DBFI_E        ABFA_MT_
              ________      ________      ________      ________      ________
 ABFI_E         1.000
 BBFI_E         0.851         1.000
 CBFI_E         0.881         0.881         1.000
 DBFI_E         0.836         0.835         0.896         1.000
 ABFA_MT_       0.036         0.016         0.083         0.152         1.000
 BBFA_MT_       0.076         0.093         0.113         0.099         0.731
 CBFA_MT_       0.184         0.151         0.191         0.202         0.702
 DBFA_MT_       0.127         0.130         0.195         0.208         0.721


           Correlations
              BBFA_MT_      CBFA_MT_      DBFA_MT_
              ________      ________      ________
 BBFA_MT_       1.000
 CBFA_MT_       0.721         1.000
 DBFA_MT_       0.665         0.681         1.000


     MAXIMUM LOG-LIKELIHOOD VALUE FOR THE UNRESTRICTED (H1) MODEL IS -21663.383


UNIVARIATE SAMPLE STATISTICS


     UNIVARIATE HIGHER-ORDER MOMENT DESCRIPTIVE STATISTICS FOR D2

         Variable/         Mean/     Skewness/   Minimum/ % with                Percentiles
        Sample Size      Variance    Kurtosis    Maximum  Min/Max      20%/60%    40%/80%    Median

     ABFI_E               52.213      -0.127       3.125    1.33%      31.250     46.875     53.125
             301.000     536.907      -0.769     100.000    0.33%      59.375     71.875
     BBFI_E               51.007       0.048       3.125    0.90%      31.250     46.875     50.000
             223.000     509.652      -0.613     100.000    0.45%      56.250     68.750
     CBFI_E               49.826       0.034       3.125    1.86%      28.125     43.750     50.000
             215.000     514.959      -0.650     100.000    1.40%      56.250     68.750
     DBFI_E               49.937       0.038       0.000    0.47%      31.250     43.750     50.000
             213.000     510.157      -0.475     100.000    1.88%      56.250     68.750
     ABFA_MT_D            42.153       0.202       0.000    2.00%      18.750     33.333     43.750
             300.000     480.435      -0.684     100.000    0.67%      50.000     62.500
     BBFA_MT_D            42.089       0.238       0.000    2.70%      18.750     33.333     43.750
             222.000     507.380      -0.561     100.000    0.90%      50.000     62.500
     CBFA_MT_D            42.810       0.239       0.000    4.19%      25.000     37.500     43.750
             215.000     525.663      -0.333     100.000    1.86%      50.000     62.500
     DBFA_MT_D            40.389       0.334       0.000    6.60%      18.750     31.250     37.500
             212.000     558.428      -0.411     100.000    1.42%      43.750     62.500


     UNIVARIATE HIGHER-ORDER MOMENT DESCRIPTIVE STATISTICS FOR D3

         Variable/         Mean/     Skewness/   Minimum/ % with                Percentiles
        Sample Size      Variance    Kurtosis    Maximum  Min/Max      20%/60%    40%/80%    Median

     ABFI_E               55.206      -0.059       0.000    0.86%      35.714     50.000     56.250
             233.000     482.263      -0.440     100.000    0.86%      59.375     75.000
     BBFI_E               55.861      -0.236       0.000    1.17%      40.625     50.000     56.250
             171.000     434.109      -0.041     100.000    1.75%      62.500     75.000
     CBFI_E               54.503      -0.045       0.000    0.62%      37.500     50.000     53.125
             161.000     432.459      -0.140     100.000    1.24%      59.375     71.875
     DBFI_E               54.445      -0.200       0.000    0.62%      37.500     50.000     56.250
             161.000     437.650      -0.455     100.000    0.62%      62.500     71.875
     ABFA_MT_D            40.706       0.337       0.000    3.02%      25.000     31.250     37.500
             232.000     444.161      -0.106     100.000    1.29%      43.750     56.250
     BBFA_MT_D            39.693       0.240       0.000    4.09%      18.750     31.250     37.500
             171.000     458.052      -0.485     100.000    0.58%      50.000     56.250
     CBFA_MT_D            39.648       0.275       0.000    3.11%      25.000     31.250     37.500
             161.000     445.319      -0.356     100.000    0.62%      43.750     56.250
     DBFA_MT_D            41.903       0.025       0.000    3.77%      25.000     37.500     43.750
             159.000     416.939      -0.348     100.000    0.63%      50.000     56.250


     UNIVARIATE HIGHER-ORDER MOMENT DESCRIPTIVE STATISTICS FOR D4

         Variable/         Mean/     Skewness/   Minimum/ % with                Percentiles
        Sample Size      Variance    Kurtosis    Maximum  Min/Max      20%/60%    40%/80%    Median

     ABFI_E               55.488      -0.129       3.125    0.51%      34.375     50.000     56.250
             198.000     444.473      -0.655     100.000    1.01%      62.500     75.000
     BBFI_E               53.837      -0.055       9.375    1.40%      31.250     46.875     53.125
             143.000     468.653      -0.978      96.875    0.70%      59.375     78.125
     CBFI_E               55.229      -0.167       3.125    0.76%      34.375     50.000     56.250
             132.000     460.426      -0.738     100.000    0.76%      62.500     75.000
     DBFI_E               56.905      -0.105       0.000    0.81%      37.500     53.125     56.250
             124.000     475.409      -0.790      96.875    1.61%      65.625     78.125
     ABFA_MT_D            36.258       0.329       0.000    4.04%      18.750     25.000     37.500
             198.000     427.708      -0.254     100.000    0.51%      43.750     56.250
     BBFA_MT_D            37.837       0.273       0.000    2.82%      18.750     31.250     37.500
             142.000     407.964      -0.402      93.750    0.70%      43.750     56.250
     CBFA_MT_D            38.305       0.318       0.000    3.79%      18.750     31.250     37.500
             132.000     424.009      -0.414      93.750    0.76%      43.750     56.250
     DBFA_MT_D            38.770       0.256       0.000    2.44%      18.750     31.250     37.500
             123.000     377.896      -0.440      87.500    0.81%      43.750     56.250


     UNIVARIATE HIGHER-ORDER MOMENT DESCRIPTIVE STATISTICS FOR D5

         Variable/         Mean/     Skewness/   Minimum/ % with                Percentiles
        Sample Size      Variance    Kurtosis    Maximum  Min/Max      20%/60%    40%/80%    Median

     ABFI_E               59.651      -0.159      12.500    0.76%      37.500     56.250     59.375
             131.000     446.935      -0.595     100.000    2.29%      65.625     78.125
     BBFI_E               54.995      -0.174       6.250    1.15%      35.714     50.000     56.250
              87.000     470.501      -0.611     100.000    1.15%      59.375     75.000
     CBFI_E               57.927      -0.280       9.375    1.22%      37.500     53.125     59.375
              82.000     479.515      -0.454     100.000    2.44%      65.625     75.000
     DBFI_E               55.463      -0.034       3.125    1.32%      31.250     50.000     56.250
              76.000     553.435      -0.671     100.000    2.63%      62.500     75.000
     ABFA_MT_D            34.749       0.411       0.000    5.34%      18.750     25.000     31.250
             131.000     408.534      -0.283      87.500    0.76%      37.500     50.000
     BBFA_MT_D            34.363       0.133       0.000   10.34%      18.750     25.000     31.250
              87.000     420.146      -0.555      87.500    1.15%      37.500     50.000
     CBFA_MT_D            35.976       0.023       0.000    8.54%      12.500     31.250     37.500
              82.000     464.521      -0.868      81.250    1.22%      37.500     56.250
     DBFA_MT_D            35.033       0.531       0.000    7.89%      18.750     25.000     37.500
              76.000     463.691       0.070      93.750    1.32%      37.500     50.000


THE MODEL ESTIMATION TERMINATED NORMALLY



MODEL FIT INFORMATION

Number of Free Parameters                       54

Loglikelihood

          H0 Value                      -21731.186
          H0 Scaling Correction Factor      1.3096
            for MLR

Information Criteria

          Akaike (AIC)                   43570.373
          Bayesian (BIC)                 43827.498
          Sample-Size Adjusted BIC       43656.008
            (n* = (n + 2) / 24)



MODEL RESULTS

                                                    Two-Tailed
                    Estimate       S.E.  Est./S.E.    P-Value

Group D2

 P1       BY
    ABFI_E             1.000      0.000    999.000    999.000

 P2       BY
    BBFI_E             1.000      0.000    999.000    999.000

 P3       BY
    CBFI_E             1.000      0.000    999.000    999.000

 P4       BY
    DBFI_E             1.000      0.000    999.000    999.000

 V1       BY
    ABFA_MT_D          1.000      0.000    999.000    999.000

 V2       BY
    BBFA_MT_D          1.000      0.000    999.000    999.000

 V3       BY
    CBFA_MT_D          1.000      0.000    999.000    999.000

 V4       BY
    DBFA_MT_D          1.000      0.000    999.000    999.000

 P4         ON
    P3                 0.279      0.128      2.177      0.029
    V3                -0.006      0.047     -0.137      0.891

 P3         ON
    P2                 0.279      0.128      2.177      0.029
    V2                -0.006      0.047     -0.137      0.891

 P2         ON
    P1                 0.279      0.128      2.177      0.029
    V1                -0.006      0.047     -0.137      0.891

 V4         ON
    V3                 0.160      0.114      1.406      0.160
    P3                -0.078      0.136     -0.569      0.569

 V3         ON
    V2                 0.160      0.114      1.406      0.160
    P2                -0.078      0.136     -0.569      0.569

 V2         ON
    V1                 0.160      0.114      1.406      0.160
    P1                -0.078      0.136     -0.569      0.569

 S_BFI_E  WITH
    I_BFI_E           -1.713      0.999     -1.715      0.086
    S_BFA_MT_D        -0.010      0.143     -0.068      0.946
    I_BFA_MT_D         2.143      2.482      0.863      0.388

 I_BFI_E  WITH
    S_BFA_MT_D        -1.172      2.822     -0.415      0.678
    I_BFA_MT_D        27.495     21.018      1.308      0.191

 S_BFA_MT WITH
    I_BFA_MT_D        -0.246      1.046     -0.235      0.814

 P1       WITH
    V1               -25.445     13.621     -1.868      0.062

 P2       WITH
    V2                -7.970      8.563     -0.931      0.352

 P3       WITH
    V3                -7.970      8.563     -0.931      0.352

 P4       WITH
    V4                -7.970      8.563     -0.931      0.352

 Means
    P1                 0.000      0.000    999.000    999.000
    V1                 0.000      0.000    999.000    999.000
    I_BFI_E           54.311      0.723     75.162      0.000
    S_BFI_E            0.172      0.065      2.656      0.008
    I_BFA_MT_D        39.574      0.668     59.260      0.000
    S_BFA_MT_D        -0.208      0.062     -3.370      0.001

 Intercepts
    ABFI_E             0.000      0.000    999.000    999.000
    BBFI_E             0.000      0.000    999.000    999.000
    CBFI_E             0.000      0.000    999.000    999.000
    DBFI_E             0.000      0.000    999.000    999.000
    ABFA_MT_D          0.000      0.000    999.000    999.000
    BBFA_MT_D          0.000      0.000    999.000    999.000
    CBFA_MT_D          0.000      0.000    999.000    999.000
    DBFA_MT_D          0.000      0.000    999.000    999.000
    P2                 0.000      0.000    999.000    999.000
    P3                 0.000      0.000    999.000    999.000
    P4                 0.000      0.000    999.000    999.000
    V2                 0.000      0.000    999.000    999.000
    V3                 0.000      0.000    999.000    999.000
    V4                 0.000      0.000    999.000    999.000

 Variances
    P1                96.151     17.270      5.568      0.000
    V1               233.170     25.407      9.177      0.000
    I_BFI_E          378.855     26.804     14.134      0.000
    S_BFI_E            0.235      0.215      1.093      0.274
    I_BFA_MT_D       291.069     24.215     12.020      0.000
    S_BFA_MT_D         0.135      0.172      0.787      0.431

 Residual Variances
    ABFI_E             0.000      0.000    999.000    999.000
    BBFI_E             0.000      0.000    999.000    999.000
    CBFI_E             0.000      0.000    999.000    999.000
    DBFI_E             0.000      0.000    999.000    999.000
    ABFA_MT_D          0.000      0.000    999.000    999.000
    BBFA_MT_D          0.000      0.000    999.000    999.000
    CBFA_MT_D          0.000      0.000    999.000    999.000
    DBFA_MT_D          0.000      0.000    999.000    999.000
    P2                78.336      8.098      9.674      0.000
    P3                78.336      8.098      9.674      0.000
    P4                78.336      8.098      9.674      0.000
    V2               170.354     24.841      6.858      0.000
    V3               170.354     24.841      6.858      0.000
    V4               170.354     24.841      6.858      0.000

Group D3

 P1       BY
    ABFI_E             1.000      0.000    999.000    999.000

 P2       BY
    BBFI_E             1.000      0.000    999.000    999.000

 P3       BY
    CBFI_E             1.000      0.000    999.000    999.000

 P4       BY
    DBFI_E             1.000      0.000    999.000    999.000

 V1       BY
    ABFA_MT_D          1.000      0.000    999.000    999.000

 V2       BY
    BBFA_MT_D          1.000      0.000    999.000    999.000

 V3       BY
    CBFA_MT_D          1.000      0.000    999.000    999.000

 V4       BY
    DBFA_MT_D          1.000      0.000    999.000    999.000

 P4         ON
    P3                 0.168      0.082      2.042      0.041
    V3                -0.033      0.049     -0.676      0.499

 P3         ON
    P2                 0.168      0.082      2.042      0.041
    V2                -0.033      0.049     -0.676      0.499

 P2         ON
    P1                 0.168      0.082      2.042      0.041
    V1                -0.033      0.049     -0.676      0.499

 V4         ON
    V3                 0.012      0.088      0.135      0.893
    P3                -0.005      0.090     -0.058      0.954

 V3         ON
    V2                 0.012      0.088      0.135      0.893
    P2                -0.005      0.090     -0.058      0.954

 V2         ON
    V1                 0.012      0.088      0.135      0.893
    P1                -0.005      0.090     -0.058      0.954

 S_BFI_E  WITH
    I_BFI_E           -1.713      0.999     -1.715      0.086
    S_BFA_MT_D        -0.010      0.143     -0.068      0.946
    I_BFA_MT_D         2.143      2.482      0.863      0.388

 I_BFI_E  WITH
    S_BFA_MT_D        -1.172      2.822     -0.415      0.678
    I_BFA_MT_D        27.495     21.018      1.308      0.191

 S_BFA_MT WITH
    I_BFA_MT_D        -0.246      1.046     -0.235      0.814

 P1       WITH
    V1                -9.027     13.038     -0.692      0.489

 P2       WITH
    V2                 8.197      5.812      1.410      0.158

 P3       WITH
    V3                 8.197      5.812      1.410      0.158

 P4       WITH
    V4                 8.197      5.812      1.410      0.158

 Means
    P1                 0.000      0.000    999.000    999.000
    V1                 0.000      0.000    999.000    999.000
    I_BFI_E           54.311      0.723     75.162      0.000
    S_BFI_E            0.172      0.065      2.656      0.008
    I_BFA_MT_D        39.574      0.668     59.260      0.000
    S_BFA_MT_D        -0.208      0.062     -3.370      0.001

 Intercepts
    ABFI_E             0.000      0.000    999.000    999.000
    BBFI_E             0.000      0.000    999.000    999.000
    CBFI_E             0.000      0.000    999.000    999.000
    DBFI_E             0.000      0.000    999.000    999.000
    ABFA_MT_D          0.000      0.000    999.000    999.000
    BBFA_MT_D          0.000      0.000    999.000    999.000
    CBFA_MT_D          0.000      0.000    999.000    999.000
    DBFA_MT_D          0.000      0.000    999.000    999.000
    P2                 0.000      0.000    999.000    999.000
    P3                 0.000      0.000    999.000    999.000
    P4                 0.000      0.000    999.000    999.000
    V2                 0.000      0.000    999.000    999.000
    V3                 0.000      0.000    999.000    999.000
    V4                 0.000      0.000    999.000    999.000

 Variances
    P1                77.078     12.531      6.151      0.000
    V1               168.320     23.637      7.121      0.000
    I_BFI_E          378.855     26.804     14.134      0.000
    S_BFI_E            0.235      0.215      1.093      0.274
    I_BFA_MT_D       291.069     24.215     12.020      0.000
    S_BFA_MT_D         0.135      0.172      0.787      0.431

 Residual Variances
    ABFI_E             0.000      0.000    999.000    999.000
    BBFI_E             0.000      0.000    999.000    999.000
    CBFI_E             0.000      0.000    999.000    999.000
    DBFI_E             0.000      0.000    999.000    999.000
    ABFA_MT_D          0.000      0.000    999.000    999.000
    BBFA_MT_D          0.000      0.000    999.000    999.000
    CBFA_MT_D          0.000      0.000    999.000    999.000
    DBFA_MT_D          0.000      0.000    999.000    999.000
    P2                67.333      7.228      9.315      0.000
    P3                67.333      7.228      9.315      0.000
    P4                67.333      7.228      9.315      0.000
    V2               124.811     12.656      9.862      0.000
    V3               124.811     12.656      9.862      0.000
    V4               124.811     12.656      9.862      0.000

Group D4

 P1       BY
    ABFI_E             1.000      0.000    999.000    999.000

 P2       BY
    BBFI_E             1.000      0.000    999.000    999.000

 P3       BY
    CBFI_E             1.000      0.000    999.000    999.000

 P4       BY
    DBFI_E             1.000      0.000    999.000    999.000

 V1       BY
    ABFA_MT_D          1.000      0.000    999.000    999.000

 V2       BY
    BBFA_MT_D          1.000      0.000    999.000    999.000

 V3       BY
    CBFA_MT_D          1.000      0.000    999.000    999.000

 V4       BY
    DBFA_MT_D          1.000      0.000    999.000    999.000

 P4         ON
    P3                 0.181      0.094      1.929      0.054
    V3                -0.025      0.053     -0.475      0.635

 P3         ON
    P2                 0.181      0.094      1.929      0.054
    V2                -0.025      0.053     -0.475      0.635

 P2         ON
    P1                 0.181      0.094      1.929      0.054
    V1                -0.025      0.053     -0.475      0.635

 V4         ON
    V3                -0.056      0.094     -0.600      0.548
    P3                -0.167      0.157     -1.065      0.287

 V3         ON
    V2                -0.056      0.094     -0.600      0.548
    P2                -0.167      0.157     -1.065      0.287

 V2         ON
    V1                -0.056      0.094     -0.600      0.548
    P1                -0.167      0.157     -1.065      0.287

 S_BFI_E  WITH
    I_BFI_E           -1.713      0.999     -1.715      0.086
    S_BFA_MT_D        -0.010      0.143     -0.068      0.946
    I_BFA_MT_D         2.143      2.482      0.863      0.388

 I_BFI_E  WITH
    S_BFA_MT_D        -1.172      2.822     -0.415      0.678
    I_BFA_MT_D        27.495     21.018      1.308      0.191

 S_BFA_MT WITH
    I_BFA_MT_D        -0.246      1.046     -0.235      0.814

 P1       WITH
    V1                 3.524      9.885      0.356      0.721

 P2       WITH
    V2                 3.290      7.489      0.439      0.660

 P3       WITH
    V3                 3.290      7.489      0.439      0.660

 P4       WITH
    V4                 3.290      7.489      0.439      0.660

 Means
    P1                 0.000      0.000    999.000    999.000
    V1                 0.000      0.000    999.000    999.000
    I_BFI_E           54.311      0.723     75.162      0.000
    S_BFI_E            0.172      0.065      2.656      0.008
    I_BFA_MT_D        39.574      0.668     59.260      0.000
    S_BFA_MT_D        -0.208      0.062     -3.370      0.001

 Intercepts
    ABFI_E             0.000      0.000    999.000    999.000
    BBFI_E             0.000      0.000    999.000    999.000
    CBFI_E             0.000      0.000    999.000    999.000
    DBFI_E             0.000      0.000    999.000    999.000
    ABFA_MT_D          0.000      0.000    999.000    999.000
    BBFA_MT_D          0.000      0.000    999.000    999.000
    CBFA_MT_D          0.000      0.000    999.000    999.000
    DBFA_MT_D          0.000      0.000    999.000    999.000
    P2                 0.000      0.000    999.000    999.000
    P3                 0.000      0.000    999.000    999.000
    P4                 0.000      0.000    999.000    999.000
    V2                 0.000      0.000    999.000    999.000
    V3                 0.000      0.000    999.000    999.000
    V4                 0.000      0.000    999.000    999.000

 Variances
    P1                57.967     11.119      5.213      0.000
    V1               135.756     21.634      6.275      0.000
    I_BFI_E          378.855     26.804     14.134      0.000
    S_BFI_E            0.235      0.215      1.093      0.274
    I_BFA_MT_D       291.069     24.215     12.020      0.000
    S_BFA_MT_D         0.135      0.172      0.787      0.431

 Residual Variances
    ABFI_E             0.000      0.000    999.000    999.000
    BBFI_E             0.000      0.000    999.000    999.000
    CBFI_E             0.000      0.000    999.000    999.000
    DBFI_E             0.000      0.000    999.000    999.000
    ABFA_MT_D          0.000      0.000    999.000    999.000
    BBFA_MT_D          0.000      0.000    999.000    999.000
    CBFA_MT_D          0.000      0.000    999.000    999.000
    DBFA_MT_D          0.000      0.000    999.000    999.000
    P2                67.067      7.929      8.459      0.000
    P3                67.067      7.929      8.459      0.000
    P4                67.067      7.929      8.459      0.000
    V2               130.003     20.233      6.425      0.000
    V3               130.003     20.233      6.425      0.000
    V4               130.003     20.233      6.425      0.000

Group D5

 P1       BY
    ABFI_E             1.000      0.000    999.000    999.000

 P2       BY
    BBFI_E             1.000      0.000    999.000    999.000

 P3       BY
    CBFI_E             1.000      0.000    999.000    999.000

 P4       BY
    DBFI_E             1.000      0.000    999.000    999.000

 V1       BY
    ABFA_MT_D          1.000      0.000    999.000    999.000

 V2       BY
    BBFA_MT_D          1.000      0.000    999.000    999.000

 V3       BY
    CBFA_MT_D          1.000      0.000    999.000    999.000

 V4       BY
    DBFA_MT_D          1.000      0.000    999.000    999.000

 P4         ON
    P3                 0.208      0.361      0.576      0.564
    V3                 0.016      0.097      0.161      0.872

 P3         ON
    P2                 0.208      0.361      0.576      0.564
    V2                 0.016      0.097      0.161      0.872

 P2         ON
    P1                 0.208      0.361      0.576      0.564
    V1                 0.016      0.097      0.161      0.872

 V4         ON
    V3                 0.145      0.149      0.973      0.331
    P3                 0.137      0.256      0.534      0.593

 V3         ON
    V2                 0.145      0.149      0.973      0.331
    P2                 0.137      0.256      0.534      0.593

 V2         ON
    V1                 0.145      0.149      0.973      0.331
    P1                 0.137      0.256      0.534      0.593

 S_BFI_E  WITH
    I_BFI_E           -1.713      0.999     -1.715      0.086
    S_BFA_MT_D        -0.010      0.143     -0.068      0.946
    I_BFA_MT_D         2.143      2.482      0.863      0.388

 I_BFI_E  WITH
    S_BFA_MT_D        -1.172      2.822     -0.415      0.678
    I_BFA_MT_D        27.495     21.018      1.308      0.191

 S_BFA_MT WITH
    I_BFA_MT_D        -0.246      1.046     -0.235      0.814

 P1       WITH
    V1               -22.349     25.438     -0.879      0.380

 P2       WITH
    V2                16.969     17.439      0.973      0.331

 P3       WITH
    V3                16.969     17.439      0.973      0.331

 P4       WITH
    V4                16.969     17.439      0.973      0.331

 Means
    P1                 0.000      0.000    999.000    999.000
    V1                 0.000      0.000    999.000    999.000
    I_BFI_E           54.311      0.723     75.162      0.000
    S_BFI_E            0.172      0.065      2.656      0.008
    I_BFA_MT_D        39.574      0.668     59.260      0.000
    S_BFA_MT_D        -0.208      0.062     -3.370      0.001

 Intercepts
    ABFI_E             0.000      0.000    999.000    999.000
    BBFI_E             0.000      0.000    999.000    999.000
    CBFI_E             0.000      0.000    999.000    999.000
    DBFI_E             0.000      0.000    999.000    999.000
    ABFA_MT_D          0.000      0.000    999.000    999.000
    BBFA_MT_D          0.000      0.000    999.000    999.000
    CBFA_MT_D          0.000      0.000    999.000    999.000
    DBFA_MT_D          0.000      0.000    999.000    999.000
    P2                 0.000      0.000    999.000    999.000
    P3                 0.000      0.000    999.000    999.000
    P4                 0.000      0.000    999.000    999.000
    V2                 0.000      0.000    999.000    999.000
    V3                 0.000      0.000    999.000    999.000
    V4                 0.000      0.000    999.000    999.000

 Variances
    P1                70.660     15.479      4.565      0.000
    V1                92.631     32.408      2.858      0.004
    I_BFI_E          378.855     26.804     14.134      0.000
    S_BFI_E            0.235      0.215      1.093      0.274
    I_BFA_MT_D       291.069     24.215     12.020      0.000
    S_BFA_MT_D         0.135      0.172      0.787      0.431

 Residual Variances
    ABFI_E             0.000      0.000    999.000    999.000
    BBFI_E             0.000      0.000    999.000    999.000
    CBFI_E             0.000      0.000    999.000    999.000
    DBFI_E             0.000      0.000    999.000    999.000
    ABFA_MT_D          0.000      0.000    999.000    999.000
    BBFA_MT_D          0.000      0.000    999.000    999.000
    CBFA_MT_D          0.000      0.000    999.000    999.000
    DBFA_MT_D          0.000      0.000    999.000    999.000
    P2                73.339     32.892      2.230      0.026
    P3                73.339     32.892      2.230      0.026
    P4                73.339     32.892      2.230      0.026
    V2               166.128     24.614      6.749      0.000
    V3               166.128     24.614      6.749      0.000
    V4               166.128     24.614      6.749      0.000


QUALITY OF NUMERICAL RESULTS

     Condition Number for the Information Matrix              0.148E-04
       (ratio of smallest to largest eigenvalue)


     Beginning Time:  18:16:11
        Ending Time:  18:16:20
       Elapsed Time:  00:00:09



MUTHEN & MUTHEN
3463 Stoner Ave.
Los Angeles, CA  90066

Tel: (310) 391-9971
Fax: (310) 391-8971
Web: www.StatModel.com
Support: Support@StatModel.com

Copyright (c) 1998-2017 Muthen & Muthen
