Mplus VERSION 8 (Linux)
MUTHEN & MUTHEN
07/07/2018   4:12 PM

INPUT INSTRUCTIONS


  title: PxVx Bivariate LCM-SR - post mi - Linear bfi_e with Linear usi;
  data: file = /home/jflournoy/code_new/lnt_pxvx/Data/lnt_nat_recalc.tsv;

  variable:
  names =
  subjid
  aage
  aaspfin
  aaspfin_d
  abfa_mt
  abfa_mt_d
  abfas_ac
  abfas_ap
  abfas_ci
  abfas_co
  abfas_ea
  abfas_ee
  abfas_nv
  abfas_nv9
  abfas_nw
  abfas_oi
  abfas_oo
  abfi_a
  abfi_a6
  abfi_c
  abfi_d_scale
  abfi_e
  abfi_hp8
  abfi_n
  abfi_o
  abfi_s_scale
  ahrz_col
  ahrz_col_d
  ahrz_ind
  ahrz_ind_d
  amvi
  ausi
  ausi_d
  avrt_col
  avrt_col_d
  avrt_ind
  avrt_ind_d
  bage
  baspfin
  baspfin_d
  bbfa_mt
  bbfa_mt_d
  bbfas_ac
  bbfas_ap
  bbfas_ci
  bbfas_co
  bbfas_ea
  bbfas_ee
  bbfas_nv
  bbfas_nv9
  bbfas_nw
  bbfas_oi
  bbfas_oo
  bbfi_a
  bbfi_a6
  bbfi_c
  bbfi_d_scale
  bbfi_e
  bbfi_hp8
  bbfi_n
  bbfi_o
  bbfi_s_scale
  bhrz_col
  bhrz_col_d
  bhrz_ind
  bhrz_ind_d
  bmvi
  busi
  busi_d
  bvrt_col
  bvrt_col_d
  bvrt_ind
  bvrt_ind_d
  cage
  caspfin
  caspfin_d
  cbfa_mt
  cbfa_mt_d
  cbfas_ac
  cbfas_ap
  cbfas_ci
  cbfas_co
  cbfas_ea
  cbfas_ee
  cbfas_nv
  cbfas_nv9
  cbfas_nw
  cbfas_oi
  cbfas_oo
  cbfi_a
  cbfi_a6
  cbfi_c
  cbfi_d_scale
  cbfi_e
  cbfi_hp8
  cbfi_n
  cbfi_o
  cbfi_s_scale
  chrz_col
  chrz_col_d
  chrz_ind
  chrz_ind_d
  cmvi
  cusi
  cusi_d
  cvrt_col
  cvrt_col_d
  cvrt_ind
  cvrt_ind_d
  dage
  daspfin
  daspfin_d
  dbfa_mt
  dbfa_mt_d
  dbfas_ac
  dbfas_ap
  dbfas_ci
  dbfas_co
  dbfas_ea
  dbfas_ee
  dbfas_nv
  dbfas_nv9
  dbfas_nw
  dbfas_oi
  dbfas_oo
  dbfi_a
  dbfi_a6
  dbfi_c
  dbfi_d_scale
  dbfi_e
  dbfi_hp8
  dbfi_n
  dbfi_o
  dbfi_s_scale
  dhrz_col
  dhrz_col_d
  dhrz_ind
  dhrz_ind_d
  dmvi
  dusi
  dusi_d
  dvrt_col
  dvrt_col_d
  dvrt_ind
  dvrt_ind_d;

  USEVARIABLES =
  abfi_e
  bbfi_e
  cbfi_e
  dbfi_e
  ausi
  busi
  cusi
  dusi
  a1
  a2
  a3
  a4
  ;

  missing = all (-9999);

  tscores = a1 a2 a3 a4;

  DEFINE:
  a1 = aage + 0 - 36;
  a2 = aage + 1 - 36;
  a3 = aage + 2 - 36;
  a4 = aage + 3 - 36;

  ANALYSIS:
  TYPE=RANDOM;
  PROCESSORS = 6;
  model=nocovariances; ! supresses default estimation of certain covs in model;

  MODEL:

  i_bfi_e s_bfi_e | abfi_e bbfi_e cbfi_e dbfi_e AT a1 a2 a3 a4;
  i_usi s_usi | ausi busi cusi dusi AT a1 a2 a3 a4;

  ! freeing factor covs because of "nocovariances"
  s_bfi_e WITH i_bfi_e s_usi i_usi;
  i_bfi_e WITH s_usi i_usi;
  s_usi WITH i_usi;

  p1 BY abfi_e@1; ! Residual "factors";
  p2 BY bbfi_e@1;
  p3 BY cbfi_e@1;
  p4 BY dbfi_e@1;

  v1 BY ausi@1; ! Residual "factors";
  v2 BY busi@1;
  v3 BY cusi@1;
  v4 BY dusi@1;

  !residual variances on observed/manifest vars set to 0
  abfi_e@0;
  bbfi_e@0;
  cbfi_e@0;
  dbfi_e@0;

  !residual variances on observed/manifest vars set to 0
  ausi@0;
  busi@0;
  cusi@0;
  dusi@0;

  ! means of observed/manifest vars set to 0
  [abfi_e@0];
  [bbfi_e@0];
  [cbfi_e@0];
  [dbfi_e@0];

  ! means of observed/manifest vars set to 0
  [ausi@0];
  [busi@0];
  [cusi@0];
  [dusi@0];

  [p1@0]; ! means of residual "factors" set to 0
  [p2@0];
  [p3@0];
  [p4@0];

  [v1@0]; ! means of residual "factors" set to 0
  [v2@0];
  [v3@0];
  [v4@0];

  p4 on p3 (a); ! Autoregressive paths constrained to equality
  p3 on p2 (a);
  p2 on p1 (a);

  v4 on v3 (b); ! Autoregressive paths constrained to equality
  v3 on v2 (b);
  v2 on v1 (b);

  p4 on v3 (c); ! Cross-lagged paths constrained to equality
  p3 on v2 (c);
  p2 on v1 (c);

  v4 on p3 (d); ! Cross-lagged paths constrained to equality
  v3 on p2 (d);
  v2 on p1 (d);

  p1 with v1; !(this one is not like the others)

  p2 with v2 (e); ! Within-wave correlations constrained to equality
  p3 with v3 (e);
  p4 with v4 (e);

  p2 p3 p4 (f); ! estimate variances of residual "factors"
  v2 v3 v4 (g); ! estimate variances of residual "factors"

  OUTPUT: SAMPSTAT PATTERNS;



*** WARNING
  Data set contains cases with missing on time scores but non-missing on the
  corresponding dependent variables.  These cases were not included in the analysis.
  Number of such cases:  5
   1 WARNING(S) FOUND IN THE INPUT INSTRUCTIONS



PxVx Bivariate LCM-SR - post mi - Linear bfi_e with Linear usi;

SUMMARY OF ANALYSIS

Number of groups                                                 1
Number of observations                                         864

Number of dependent variables                                    8
Number of independent variables                                  0
Number of continuous latent variables                           12

Observed dependent variables

  Continuous
   ABFI_E      BBFI_E      CBFI_E      DBFI_E      AUSI        BUSI
   CUSI        DUSI

Continuous latent variables
   P1          P2          P3          P4          V1          V2
   V3          V4          I_BFI_E     S_BFI_E     I_USI       S_USI

Variables with special functions

  Time scores
   A1          A2          A3          A4


Estimator                                                      MLR
Information matrix                                        OBSERVED
Maximum number of iterations                                   100
Convergence criterion                                    0.100D-05
Maximum number of EM iterations                                500
Convergence criteria for the EM algorithm
  Loglikelihood change                                   0.100D-02
  Relative loglikelihood change                          0.100D-05
  Derivative                                             0.100D-03
Minimum variance                                         0.100D-03
Maximum number of steepest descent iterations                   20
Maximum number of iterations for H1                           2000
Convergence criterion for H1                             0.100D-03
Optimization algorithm                                         EMA

Input data file(s)
  /home/jflournoy/code_new/lnt_pxvx/Data/lnt_nat_recalc.tsv
Input data format  FREE


SUMMARY OF DATA

     Number of missing data patterns            20


SUMMARY OF MISSING DATA PATTERNS


     MISSING DATA PATTERNS (x = not missing)

           1  2  3  4  5  6  7  8  9 10 11 12 13 14 15 16 17 18 19 20
 ABFI_E    x  x  x  x  x  x  x  x  x  x  x  x  x     x  x  x  x  x  x
 BBFI_E    x     x  x     x     x     x  x  x  x        x     x
 CBFI_E    x           x  x     x  x     x  x  x           x  x  x
 DBFI_E    x     x     x  x  x           x     x  x     x        x  x
 AUSI      x  x  x  x  x  x  x  x  x  x  x  x  x  x     x  x  x  x  x
 BUSI      x     x  x     x     x        x  x                 x
 CUSI      x           x        x  x     x     x              x  x
 DUSI      x     x     x  x  x                 x  x     x     x


     MISSING DATA PATTERN FREQUENCIES

    Pattern   Frequency     Pattern   Frequency     Pattern   Frequency
          1         492           8          45          15           1
          2         168           9          21          16           1
          3          26          10           5          17           1
          4          47          11           1          18           1
          5          21          12           1          19           2
          6           2          13           3          20           2
          7          23          14           1


COVARIANCE COVERAGE OF DATA

Minimum covariance coverage value   0.100


     PROPORTION OF DATA PRESENT


           Covariance Coverage
              ABFI_E        BBFI_E        CBFI_E        DBFI_E        AUSI
              ________      ________      ________      ________      ________
 ABFI_E         0.999
 BBFI_E         0.722         0.722
 CBFI_E         0.683         0.631         0.683
 DBFI_E         0.663         0.608         0.603         0.664
 AUSI           0.998         0.722         0.683         0.664         0.999
 BUSI           0.712         0.712         0.627         0.603         0.712
 CUSI           0.678         0.627         0.678         0.601         0.678
 DUSI           0.659         0.608         0.601         0.659         0.660


           Covariance Coverage
              BUSI          CUSI          DUSI
              ________      ________      ________
 BUSI           0.712
 CUSI           0.624         0.678
 DUSI           0.603         0.598         0.660


SAMPLE STATISTICS


     ESTIMATED SAMPLE STATISTICS


           Means
              ABFI_E        BBFI_E        CBFI_E        DBFI_E        AUSI
              ________      ________      ________      ________      ________
               54.904        54.571        54.228        53.827        28.926


           Means
              BUSI          CUSI          DUSI
              ________      ________      ________
               28.445        28.467        28.403


           Covariances
              ABFI_E        BBFI_E        CBFI_E        DBFI_E        AUSI
              ________      ________      ________      ________      ________
 ABFI_E       492.941
 BBFI_E       423.042       477.998
 CBFI_E       416.280       415.513       470.164
 DBFI_E       407.299       402.552       418.889       480.828
 AUSI          21.498        28.932        27.775        29.035       263.778
 BUSI          25.922        30.638        28.208        32.498       206.442
 CUSI          35.791        37.454        39.736        40.997       201.208
 DUSI          25.296        27.391        29.402        33.788       190.082


           Covariances
              BUSI          CUSI          DUSI
              ________      ________      ________
 BUSI         274.886
 CUSI         211.832       279.065
 DUSI         197.180       217.475       258.697


           Correlations
              ABFI_E        BBFI_E        CBFI_E        DBFI_E        AUSI
              ________      ________      ________      ________      ________
 ABFI_E         1.000
 BBFI_E         0.872         1.000
 CBFI_E         0.865         0.876         1.000
 DBFI_E         0.837         0.840         0.881         1.000
 AUSI           0.060         0.081         0.079         0.082         1.000
 BUSI           0.070         0.085         0.078         0.089         0.767
 CUSI           0.096         0.103         0.110         0.112         0.742
 DUSI           0.071         0.078         0.084         0.096         0.728


           Correlations
              BUSI          CUSI          DUSI
              ________      ________      ________
 BUSI           1.000
 CUSI           0.765         1.000
 DUSI           0.739         0.809         1.000


     MAXIMUM LOG-LIKELIHOOD VALUE FOR THE UNRESTRICTED (H1) MODEL IS -20753.355


UNIVARIATE SAMPLE STATISTICS


     UNIVARIATE HIGHER-ORDER MOMENT DESCRIPTIVE STATISTICS

         Variable/         Mean/     Skewness/   Minimum/ % with                Percentiles
        Sample Size      Variance    Kurtosis    Maximum  Min/Max      20%/60%    40%/80%    Median

     ABFI_E               54.902      -0.133       0.000    0.23%      34.375     50.000     56.250
             863.000     493.337      -0.606     100.000    0.93%      62.500     75.000
     BBFI_E               53.542      -0.090       0.000    0.32%      34.375     50.000     53.125
             624.000     478.180      -0.583     100.000    0.80%      59.375     75.000
     CBFI_E               53.437      -0.089       0.000    0.17%      34.375     50.000     53.125
             590.000     483.902      -0.545     100.000    1.36%      59.375     71.875
     DBFI_E               53.438      -0.068       0.000    0.52%      34.375     46.875     53.125
             574.000     496.016      -0.566     100.000    1.22%      59.375     71.875
     AUSI                 28.927       0.158       0.000    4.52%      12.500     25.000     29.167
             863.000     263.779      -0.620      87.500    0.12%      33.333     45.000
     BUSI                 28.149       0.129       0.000    5.53%      12.500     25.000     29.167
             615.000     269.774      -0.737      75.000    0.33%      33.333     41.667
     CUSI                 28.579       0.262       0.000    4.27%      12.500     25.000     29.167
             586.000     276.211      -0.522      83.333    0.17%      33.333     41.667
     DUSI                 28.181       0.189       0.000    5.09%      12.500     25.000     29.167
             570.000     255.376      -0.459      87.500    0.18%      33.333     41.667


THE MODEL ESTIMATION TERMINATED NORMALLY



MODEL FIT INFORMATION

Number of Free Parameters                       24

Loglikelihood

          H0 Value                      -20743.484
          H0 Scaling Correction Factor      1.0668
            for MLR

Information Criteria

          Akaike (AIC)                   41534.968
          Bayesian (BIC)                 41649.246
          Sample-Size Adjusted BIC       41573.028
            (n* = (n + 2) / 24)



MODEL RESULTS

                                                    Two-Tailed
                    Estimate       S.E.  Est./S.E.    P-Value

 P1       BY
    ABFI_E             1.000      0.000    999.000    999.000

 P2       BY
    BBFI_E             1.000      0.000    999.000    999.000

 P3       BY
    CBFI_E             1.000      0.000    999.000    999.000

 P4       BY
    DBFI_E             1.000      0.000    999.000    999.000

 V1       BY
    AUSI               1.000      0.000    999.000    999.000

 V2       BY
    BUSI               1.000      0.000    999.000    999.000

 V3       BY
    CUSI               1.000      0.000    999.000    999.000

 V4       BY
    DUSI               1.000      0.000    999.000    999.000

 P4         ON
    P3                 0.212      0.062      3.403      0.001
    V3                 0.013      0.037      0.353      0.724

 P3         ON
    P2                 0.212      0.062      3.403      0.001
    V2                 0.013      0.037      0.353      0.724

 P2         ON
    P1                 0.212      0.062      3.403      0.001
    V1                 0.013      0.037      0.353      0.724

 V4         ON
    V3                 0.175      0.049      3.545      0.000
    P3                 0.008      0.043      0.195      0.845

 V3         ON
    V2                 0.175      0.049      3.545      0.000
    P2                 0.008      0.043      0.195      0.845

 V2         ON
    V1                 0.175      0.049      3.545      0.000
    P1                 0.008      0.043      0.195      0.845

 S_BFI_E  WITH
    I_BFI_E           -1.991      0.933     -2.134      0.033
    S_USI             -0.003      0.100     -0.031      0.975
    I_USI              1.566      1.999      0.783      0.433

 I_BFI_E  WITH
    S_USI             -0.024      2.080     -0.011      0.991
    I_USI             36.374     14.154      2.570      0.010

 S_USI    WITH
    I_USI             -0.090      0.461     -0.196      0.845

 P1       WITH
    V1                -4.867      4.647     -1.047      0.295

 P2       WITH
    V2                 2.708      2.842      0.953      0.341

 P3       WITH
    V3                 2.708      2.842      0.953      0.341

 P4       WITH
    V4                 2.708      2.842      0.953      0.341

 Means
    P1                 0.000      0.000    999.000    999.000
    V1                 0.000      0.000    999.000    999.000
    I_BFI_E           54.300      0.720     75.380      0.000
    S_BFI_E            0.171      0.065      2.636      0.008
    I_USI             28.981      0.515     56.251      0.000
    S_USI             -0.271      0.046     -5.841      0.000

 Intercepts
    ABFI_E             0.000      0.000    999.000    999.000
    BBFI_E             0.000      0.000    999.000    999.000
    CBFI_E             0.000      0.000    999.000    999.000
    DBFI_E             0.000      0.000    999.000    999.000
    AUSI               0.000      0.000    999.000    999.000
    BUSI               0.000      0.000    999.000    999.000
    CUSI               0.000      0.000    999.000    999.000
    DUSI               0.000      0.000    999.000    999.000
    P2                 0.000      0.000    999.000    999.000
    P3                 0.000      0.000    999.000    999.000
    P4                 0.000      0.000    999.000    999.000
    V2                 0.000      0.000    999.000    999.000
    V3                 0.000      0.000    999.000    999.000
    V4                 0.000      0.000    999.000    999.000

 Variances
    P1                77.724      7.554     10.289      0.000
    V1                72.514      6.538     11.090      0.000
    I_BFI_E          374.358     24.374     15.359      0.000
    S_BFI_E            0.289      0.163      1.771      0.077
    I_USI            179.641     12.770     14.068      0.000
    S_USI              0.076      0.088      0.863      0.388

 Residual Variances
    ABFI_E             0.000      0.000    999.000    999.000
    BBFI_E             0.000      0.000    999.000    999.000
    CBFI_E             0.000      0.000    999.000    999.000
    DBFI_E             0.000      0.000    999.000    999.000
    AUSI               0.000      0.000    999.000    999.000
    BUSI               0.000      0.000    999.000    999.000
    CUSI               0.000      0.000    999.000    999.000
    DUSI               0.000      0.000    999.000    999.000
    P2                71.785      4.956     14.484      0.000
    P3                71.785      4.956     14.484      0.000
    P4                71.785      4.956     14.484      0.000
    V2                70.039      4.514     15.518      0.000
    V3                70.039      4.514     15.518      0.000
    V4                70.039      4.514     15.518      0.000


QUALITY OF NUMERICAL RESULTS

     Condition Number for the Information Matrix              0.635E-04
       (ratio of smallest to largest eigenvalue)


     Beginning Time:  16:12:05
        Ending Time:  16:12:23
       Elapsed Time:  00:00:18



MUTHEN & MUTHEN
3463 Stoner Ave.
Los Angeles, CA  90066

Tel: (310) 391-9971
Fax: (310) 391-8971
Web: www.StatModel.com
Support: Support@StatModel.com

Copyright (c) 1998-2017 Muthen & Muthen
