Mplus VERSION 8 (Linux)
MUTHEN & MUTHEN
07/08/2018   5:37 PM

INPUT INSTRUCTIONS


  title: PxVx Bivariate LCM-SR - 40splitgroup - Linear bfas_nv with Linear hrz_ind;
  data: file = /home/jflournoy/code_new/lnt_pxvx/Data/lnt_nat_recalc.tsv;

  variable:
  names =
  subjid
  aage
  aaspfin
  aaspfin_d
  abfa_mt
  abfa_mt_d
  abfas_ac
  abfas_ap
  abfas_ci
  abfas_co
  abfas_ea
  abfas_ee
  abfas_nv
  abfas_nv9
  abfas_nw
  abfas_oi
  abfas_oo
  abfi_a
  abfi_a6
  abfi_c
  abfi_d_scale
  abfi_e
  abfi_hp8
  abfi_n
  abfi_o
  abfi_s_scale
  ahrz_col
  ahrz_col_d
  ahrz_ind
  ahrz_ind_d
  amvi
  ausi
  ausi_d
  avrt_col
  avrt_col_d
  avrt_ind
  avrt_ind_d
  bage
  baspfin
  baspfin_d
  bbfa_mt
  bbfa_mt_d
  bbfas_ac
  bbfas_ap
  bbfas_ci
  bbfas_co
  bbfas_ea
  bbfas_ee
  bbfas_nv
  bbfas_nv9
  bbfas_nw
  bbfas_oi
  bbfas_oo
  bbfi_a
  bbfi_a6
  bbfi_c
  bbfi_d_scale
  bbfi_e
  bbfi_hp8
  bbfi_n
  bbfi_o
  bbfi_s_scale
  bhrz_col
  bhrz_col_d
  bhrz_ind
  bhrz_ind_d
  bmvi
  busi
  busi_d
  bvrt_col
  bvrt_col_d
  bvrt_ind
  bvrt_ind_d
  cage
  caspfin
  caspfin_d
  cbfa_mt
  cbfa_mt_d
  cbfas_ac
  cbfas_ap
  cbfas_ci
  cbfas_co
  cbfas_ea
  cbfas_ee
  cbfas_nv
  cbfas_nv9
  cbfas_nw
  cbfas_oi
  cbfas_oo
  cbfi_a
  cbfi_a6
  cbfi_c
  cbfi_d_scale
  cbfi_e
  cbfi_hp8
  cbfi_n
  cbfi_o
  cbfi_s_scale
  chrz_col
  chrz_col_d
  chrz_ind
  chrz_ind_d
  cmvi
  cusi
  cusi_d
  cvrt_col
  cvrt_col_d
  cvrt_ind
  cvrt_ind_d
  dage
  daspfin
  daspfin_d
  dbfa_mt
  dbfa_mt_d
  dbfas_ac
  dbfas_ap
  dbfas_ci
  dbfas_co
  dbfas_ea
  dbfas_ee
  dbfas_nv
  dbfas_nv9
  dbfas_nw
  dbfas_oi
  dbfas_oo
  dbfi_a
  dbfi_a6
  dbfi_c
  dbfi_d_scale
  dbfi_e
  dbfi_hp8
  dbfi_n
  dbfi_o
  dbfi_s_scale
  dhrz_col
  dhrz_col_d
  dhrz_ind
  dhrz_ind_d
  dmvi
  dusi
  dusi_d
  dvrt_col
  dvrt_col_d
  dvrt_ind
  dvrt_ind_d;

  USEVARIABLES =
  abfas_nv
  bbfas_nv
  cbfas_nv
  dbfas_nv
  ahrz_ind
  bhrz_ind
  chrz_ind
  dhrz_ind
  a1
  a2
  a3
  a4
  aagegrp
  ;

  missing = all (-9999);

  tscores = a1 a2 a3 a4;

  grouping = aagegrp (0=earlier, 1=later);

  DEFINE:

  aagegrp = aage;

  cut aagegrp (39);

  a1 = aage + 0 - 36;
  a2 = aage + 1 - 36;
  a3 = aage + 2 - 36;
  a4 = aage + 3 - 36;

  ANALYSIS:
  TYPE=RANDOM;
  PROCESSORS = 6;
  model=nocovariances; ! supresses default estimation of certain covs in model;

  MODEL:

  i_bfas_nv s_bfas_nv | abfas_nv bbfas_nv cbfas_nv dbfas_nv AT a1 a2 a3 a4;
  i_hrz_ind s_hrz_ind | ahrz_ind bhrz_ind chrz_ind dhrz_ind AT a1 a2 a3 a4;

  ! freeing factor covs because of "nocovariances"
  ! But ensure they are constrained across groups
  s_bfas_nv WITH i_bfas_nv (p)
  s_hrz_ind (q)
  i_hrz_ind (r);
  i_bfas_nv WITH s_hrz_ind (s)
  i_hrz_ind (t);
  s_hrz_ind WITH i_hrz_ind (u);

  !constrain latent growth means across groups
  [i_bfas_nv] (v);
  [s_bfas_nv] (w);
  [i_hrz_ind] (x);
  [s_hrz_ind] (y);

  !constrain latent growth variances across groups
  i_bfas_nv (l);
  s_bfas_nv (m);
  i_hrz_ind (n);
  s_hrz_ind (o);

  p1 BY abfas_nv@1; ! Residual "factors";
  p2 BY bbfas_nv@1;
  p3 BY cbfas_nv@1;
  p4 BY dbfas_nv@1;

  v1 BY ahrz_ind@1; ! Residual "factors";
  v2 BY bhrz_ind@1;
  v3 BY chrz_ind@1;
  v4 BY dhrz_ind@1;

  !residual variances on observed/manifest vars set to 0
  abfas_nv@0;
  bbfas_nv@0;
  cbfas_nv@0;
  dbfas_nv@0;

  !residual variances on observed/manifest vars set to 0
  ahrz_ind@0;
  bhrz_ind@0;
  chrz_ind@0;
  dhrz_ind@0;

  ! means of observed/manifest vars set to 0
  [abfas_nv@0];
  [bbfas_nv@0];
  [cbfas_nv@0];
  [dbfas_nv@0];

  ! means of observed/manifest vars set to 0
  [ahrz_ind@0];
  [bhrz_ind@0];
  [chrz_ind@0];
  [dhrz_ind@0];

  [p1@0]; ! means of residual "factors" set to 0
  [p2@0];
  [p3@0];
  [p4@0];

  [v1@0]; ! means of residual "factors" set to 0
  [v2@0];
  [v3@0];
  [v4@0];

  p4 on p3 (a); ! Autoregressive paths constrained to equality
  p3 on p2 (a);
  p2 on p1 (a);

  v4 on v3 (b); ! Autoregressive paths constrained to equality
  v3 on v2 (b);
  v2 on v1 (b);

  p4 on v3 (c); ! Cross-lagged paths constrained to equality
  p3 on v2 (c);
  p2 on v1 (c);

  v4 on p3 (d); ! Cross-lagged paths constrained to equality
  v3 on p2 (d);
  v2 on p1 (d);

  p1 with v1; !(this one is not like the others)

  p2 with v2 (e); ! Within-wave correlations constrained to equality
  p3 with v3 (e);
  p4 with v4 (e);

  p2 p3 p4 (f); ! estimate variances of residual "factors"
  v2 v3 v4 (g); ! estimate variances of residual "factors"

  MODEL earlier:

  p4 on p3 (a23); ! Autoregressive paths constrained to equality
  p3 on p2 (a23);
  p2 on p1 (a23);

  v4 on v3 (b23); ! Autoregressive paths constrained to equality
  v3 on v2 (b23);
  v2 on v1 (b23);

  p4 on v3 (c23); ! Cross-lagged paths constrained to equality
  p3 on v2 (c23);
  p2 on v1 (c23);

  v4 on p3 (d23); ! Cross-lagged paths constrained to equality
  v3 on p2 (d23);
  v2 on p1 (d23);

  p1 with v1; !(this one is not like the others)

  p2 with v2 (e23); ! Within-wave correlations constrained to equality
  p3 with v3 (e23);
  p4 with v4 (e23);

  p2 p3 p4 (f23); ! estimate variances of residual "factors"
  v2 v3 v4 (g23); ! estimate variances of residual "factors"

  MODEL later:

  p4 on p3 (a45); ! Autoregressive paths constrained to equality
  p3 on p2 (a45);
  p2 on p1 (a45);

  v4 on v3 (b45); ! Autoregressive paths constrained to equality
  v3 on v2 (b45);
  v2 on v1 (b45);

  p4 on v3 (c45); ! Cross-lagged paths constrained to equality
  p3 on v2 (c45);
  p2 on v1 (c45);

  v4 on p3 (d45); ! Cross-lagged paths constrained to equality
  v3 on p2 (d45);
  v2 on p1 (d45);

  p1 with v1; !(this one is not like the others)

  p2 with v2 (e45); ! Within-wave correlations constrained to equality
  p3 with v3 (e45);
  p4 with v4 (e45);

  p2 p3 p4 (f45); ! estimate variances of residual "factors"
  v2 v3 v4 (g45); ! estimate variances of residual "factors"

  OUTPUT: SAMPSTAT PATTERNS;



*** WARNING
  Data set contains unknown or missing values for GROUPING,
  PATTERN, COHORT, CLUSTER and/or STRATIFICATION variables.
  Number of cases with unknown or missing values:  5
   1 WARNING(S) FOUND IN THE INPUT INSTRUCTIONS



PxVx Bivariate LCM-SR - 40splitgroup - Linear bfas_nv with Linear hrz_ind;

SUMMARY OF ANALYSIS

Number of groups                                                 2
Number of observations
   Group EARLIER                                               534
   Group LATER                                                 330
   Total sample size                                           864

Number of dependent variables                                    8
Number of independent variables                                  0
Number of continuous latent variables                           12

Observed dependent variables

  Continuous
   ABFAS_NV    BBFAS_NV    CBFAS_NV    DBFAS_NV    AHRZ_IND    BHRZ_IND
   CHRZ_IND    DHRZ_IND

Continuous latent variables
   P1          P2          P3          P4          V1          V2
   V3          V4          I_BFAS_N    S_BFAS_N    I_HRZ_IN    S_HRZ_IN

Variables with special functions

  Grouping variable     AAGEGRP

  Time scores
   A1          A2          A3          A4


Estimator                                                      MLR
Information matrix                                        OBSERVED
Maximum number of iterations                                   100
Convergence criterion                                    0.100D-05
Maximum number of EM iterations                                500
Convergence criteria for the EM algorithm
  Loglikelihood change                                   0.100D-02
  Relative loglikelihood change                          0.100D-05
  Derivative                                             0.100D-03
Minimum variance                                         0.100D-03
Maximum number of steepest descent iterations                   20
Maximum number of iterations for H1                           2000
Convergence criterion for H1                             0.100D-03
Optimization algorithm                                         EMA

Input data file(s)
  /home/jflournoy/code_new/lnt_pxvx/Data/lnt_nat_recalc.tsv
Input data format  FREE


SUMMARY OF DATA

   Group EARLIER
     Number of missing data patterns            16

   Group LATER
     Number of missing data patterns            15


SUMMARY OF MISSING DATA PATTERNS


     MISSING DATA PATTERNS (x = not missing) FOR EARLIER

           1  2  3  4  5  6  7  8  9 10 11 12 13 14 15 16
 ABFAS_NV  x  x  x  x  x  x  x  x  x  x  x  x  x  x  x  x
 BBFAS_NV  x     x     x  x  x        x  x  x  x  x
 CBFAS_NV  x        x  x     x     x  x  x     x  x  x
 DBFAS_NV  x     x  x  x        x     x        x     x  x
 AHRZ_IND  x  x  x  x  x  x  x  x  x  x  x  x  x  x  x  x
 BHRZ_IND  x     x     x  x  x        x  x        x
 CHRZ_IND  x        x        x     x  x        x  x  x
 DHRZ_IND  x     x  x  x        x              x  x


     MISSING DATA PATTERN FREQUENCIES FOR EARLIER

    Pattern   Frequency     Pattern   Frequency     Pattern   Frequency
          1         327           7          19          13           2
          2         100           8          14          14           1
          3          14           9          11          15           1
          4          12          10           1          16           2
          5           1          11           1
          6          26          12           2


     MISSING DATA PATTERNS (x = not missing) FOR LATER

           1  2  3  4  5  6  7  8  9 10 11 12 13 14 15
 ABFAS_NV  x  x  x  x  x  x  x  x  x  x  x  x  x  x  x
 BBFAS_NV  x     x     x  x  x        x  x        x
 CBFAS_NV  x        x  x     x     x     x  x        x
 DBFAS_NV  x     x  x  x        x        x  x     x
 AHRZ_IND  x  x  x  x  x  x  x  x  x  x  x  x     x  x
 BHRZ_IND  x     x     x  x  x
 CHRZ_IND  x        x        x     x     x  x
 DHRZ_IND  x     x  x  x        x        x        x


     MISSING DATA PATTERN FREQUENCIES FOR LATER

    Pattern   Frequency     Pattern   Frequency     Pattern   Frequency
          1         165           6          22          11           1
          2          68           7          26          12           1
          3          12           8          10          13           1
          4           9           9          10          14           1
          5           1          10           2          15           1


COVARIANCE COVERAGE OF DATA

Minimum covariance coverage value   0.100


     PROPORTION OF DATA PRESENT FOR EARLIER


           Covariance Coverage
              ABFAS_NV      BBFAS_NV      CBFAS_NV      DBFAS_NV      AHRZ_IND
              ________      ________      ________      ________      ________
 ABFAS_NV       1.000
 BBFAS_NV       0.738         0.738
 CBFAS_NV       0.704         0.659         0.704
 DBFAS_NV       0.700         0.646         0.644         0.700
 AHRZ_IND       1.000         0.738         0.704         0.700         1.000
 BHRZ_IND       0.730         0.730         0.655         0.642         0.730
 CHRZ_IND       0.700         0.655         0.700         0.642         0.700
 DHRZ_IND       0.695         0.646         0.642         0.693         0.695


           Covariance Coverage
              BHRZ_IND      CHRZ_IND      DHRZ_IND
              ________      ________      ________
 BHRZ_IND       0.730
 CHRZ_IND       0.652         0.700
 DHRZ_IND       0.642         0.640         0.695


     PROPORTION OF DATA PRESENT FOR LATER


           Covariance Coverage
              ABFAS_NV      BBFAS_NV      CBFAS_NV      DBFAS_NV      AHRZ_IND
              ________      ________      ________      ________      ________
 ABFAS_NV       1.000
 BBFAS_NV       0.703         0.703
 CBFAS_NV       0.658         0.597         0.658
 DBFAS_NV       0.609         0.548         0.542         0.609
 AHRZ_IND       1.000         0.703         0.658         0.609         1.000
 BHRZ_IND       0.697         0.697         0.594         0.545         0.697
 CHRZ_IND       0.652         0.591         0.652         0.539         0.652
 DHRZ_IND       0.603         0.545         0.536         0.600         0.603


           Covariance Coverage
              BHRZ_IND      CHRZ_IND      DHRZ_IND
              ________      ________      ________
 BHRZ_IND       0.697
 CHRZ_IND       0.588         0.652
 DHRZ_IND       0.542         0.533         0.603


SAMPLE STATISTICS


     ESTIMATED SAMPLE STATISTICS FOR EARLIER


           Means
              ABFAS_NV      BBFAS_NV      CBFAS_NV      DBFAS_NV      AHRZ_IND
              ________      ________      ________      ________      ________
               45.165        45.259        44.598        44.080        75.051


           Means
              BHRZ_IND      CHRZ_IND      DHRZ_IND
              ________      ________      ________
               74.672        74.830        74.149


           Covariances
              ABFAS_NV      BBFAS_NV      CBFAS_NV      DBFAS_NV      AHRZ_IND
              ________      ________      ________      ________      ________
 ABFAS_NV     511.345
 BBFAS_NV     372.558       432.358
 CBFAS_NV     366.203       356.726       444.577
 DBFAS_NV     373.369       367.420       384.049       494.059
 AHRZ_IND       8.574         4.991        19.668        28.354       252.278
 BHRZ_IND     -13.193       -19.486         2.755        -9.747       143.537
 CHRZ_IND       7.396       -15.846         3.008         5.869       134.255
 DHRZ_IND      -1.569        -9.321        20.614        10.548       129.422


           Covariances
              BHRZ_IND      CHRZ_IND      DHRZ_IND
              ________      ________      ________
 BHRZ_IND     254.918
 CHRZ_IND     137.321       255.522
 DHRZ_IND     150.145       163.105       256.730


           Correlations
              ABFAS_NV      BBFAS_NV      CBFAS_NV      DBFAS_NV      AHRZ_IND
              ________      ________      ________      ________      ________
 ABFAS_NV       1.000
 BBFAS_NV       0.792         1.000
 CBFAS_NV       0.768         0.814         1.000
 DBFAS_NV       0.743         0.795         0.819         1.000
 AHRZ_IND       0.024         0.015         0.059         0.080         1.000
 BHRZ_IND      -0.037        -0.059         0.008        -0.027         0.566
 CHRZ_IND       0.020        -0.048         0.009         0.017         0.529
 DHRZ_IND      -0.004        -0.028         0.061         0.030         0.509


           Correlations
              BHRZ_IND      CHRZ_IND      DHRZ_IND
              ________      ________      ________
 BHRZ_IND       1.000
 CHRZ_IND       0.538         1.000
 DHRZ_IND       0.587         0.637         1.000


     ESTIMATED SAMPLE STATISTICS FOR LATER


           Means
              ABFAS_NV      BBFAS_NV      CBFAS_NV      DBFAS_NV      AHRZ_IND
              ________      ________      ________      ________      ________
               41.580        40.988        40.097        41.270        73.499


           Means
              BHRZ_IND      CHRZ_IND      DHRZ_IND
              ________      ________      ________
               74.212        73.829        72.876


           Covariances
              ABFAS_NV      BBFAS_NV      CBFAS_NV      DBFAS_NV      AHRZ_IND
              ________      ________      ________      ________      ________
 ABFAS_NV     439.213
 BBFAS_NV     381.428       445.344
 CBFAS_NV     352.649       379.437       450.763
 DBFAS_NV     355.465       364.657       374.217       443.943
 AHRZ_IND     -19.112       -12.055         9.772        -8.037       247.120
 BHRZ_IND      10.055        -0.174        14.121        12.623       134.152
 CHRZ_IND      -5.629       -16.530        -3.559        -3.004       124.343
 DHRZ_IND      14.023        13.629        20.715        19.727       133.421


           Covariances
              BHRZ_IND      CHRZ_IND      DHRZ_IND
              ________      ________      ________
 BHRZ_IND     239.708
 CHRZ_IND     133.120       214.453
 DHRZ_IND     144.161       134.903       220.959


           Correlations
              ABFAS_NV      BBFAS_NV      CBFAS_NV      DBFAS_NV      AHRZ_IND
              ________      ________      ________      ________      ________
 ABFAS_NV       1.000
 BBFAS_NV       0.862         1.000
 CBFAS_NV       0.793         0.847         1.000
 DBFAS_NV       0.805         0.820         0.837         1.000
 AHRZ_IND      -0.058        -0.036         0.029        -0.024         1.000
 BHRZ_IND       0.031        -0.001         0.043         0.039         0.551
 CHRZ_IND      -0.018        -0.053        -0.011        -0.010         0.540
 DHRZ_IND       0.045         0.043         0.066         0.063         0.571


           Correlations
              BHRZ_IND      CHRZ_IND      DHRZ_IND
              ________      ________      ________
 BHRZ_IND       1.000
 CHRZ_IND       0.587         1.000
 DHRZ_IND       0.626         0.620         1.000


     MAXIMUM LOG-LIKELIHOOD VALUE FOR THE UNRESTRICTED (H1) MODEL IS -21338.063


UNIVARIATE SAMPLE STATISTICS


     UNIVARIATE HIGHER-ORDER MOMENT DESCRIPTIVE STATISTICS FOR EARLIER

         Variable/         Mean/     Skewness/   Minimum/ % with                Percentiles
        Sample Size      Variance    Kurtosis    Maximum  Min/Max      20%/60%    40%/80%    Median

     ABFAS_NV             45.165       0.071       0.000    0.94%      25.000     37.500     45.000
             534.000     511.345      -0.755     100.000    0.56%      52.500     66.667
     BBFAS_NV             45.506       0.116       0.000    0.76%      27.500     37.500     45.000
             394.000     428.451      -0.499      97.500    0.25%      50.000     63.889
     CBFAS_NV             45.250       0.043       0.000    0.53%      25.000     37.500     45.000
             376.000     448.253      -0.660     100.000    0.27%      52.500     65.000
     DBFAS_NV             44.542       0.076       0.000    1.87%      22.500     37.500     45.000
             374.000     503.810      -0.739     100.000    0.27%      50.000     65.000
     AHRZ_IND             75.051      -0.435      25.000    0.37%      62.500     68.750     75.000
             534.000     252.278      -0.205     100.000    7.68%      81.250     87.500
     BHRZ_IND             74.434      -0.253      31.250    0.77%      58.333     68.750     75.000
             390.000     257.803      -0.479     100.000   10.26%      81.250     87.500
     CHRZ_IND             75.045      -0.457      25.000    0.80%      62.500     68.750     75.000
             374.000     254.821      -0.031     100.000    9.36%      81.250     87.500
     DHRZ_IND             74.478      -0.480      18.750    0.27%      62.500     75.000     75.000
             371.000     254.844      -0.123     100.000    8.09%      81.250     87.500


     UNIVARIATE HIGHER-ORDER MOMENT DESCRIPTIVE STATISTICS FOR LATER

         Variable/         Mean/     Skewness/   Minimum/ % with                Percentiles
        Sample Size      Variance    Kurtosis    Maximum  Min/Max      20%/60%    40%/80%    Median

     ABFAS_NV             41.580       0.283       0.000    1.21%      22.500     35.000     40.000
             330.000     439.213      -0.386     100.000    0.30%      47.222     60.000
     BBFAS_NV             39.546       0.471       0.000    0.43%      22.500     30.000     35.000
             230.000     454.374      -0.469      97.500    0.43%      42.500     60.000
     CBFAS_NV             38.563       0.488       2.500    1.87%      20.000     30.000     35.000
             214.000     440.079      -0.474      92.500    0.47%      42.500     57.500
     DBFAS_NV             39.125       0.314       0.000    3.00%      22.500     30.000     35.000
             200.000     435.797      -0.352     100.000    1.00%      45.000     57.500
     AHRZ_IND             73.499      -0.431      18.750    0.30%      62.500     68.750     75.000
             329.000     247.122      -0.165     100.000    6.08%      75.000     87.500
     BHRZ_IND             74.668      -0.398      31.250    0.88%      62.500     68.750     75.000
             226.000     239.796      -0.071     100.000    8.85%      81.250     87.500
     CHRZ_IND             73.732      -0.257      31.250    0.94%      62.500     68.750     75.000
             212.000     217.475      -0.242     100.000    5.66%      75.000     87.500
     DHRZ_IND             72.760      -0.483      25.000    0.50%      62.500     68.750     75.000
             199.000     223.772      -0.133     100.000    4.02%      81.250     87.500


THE MODEL ESTIMATION TERMINATED NORMALLY



MODEL FIT INFORMATION

Number of Free Parameters                       34

Loglikelihood

          H0 Value                      -21360.960
          H0 Scaling Correction Factor      1.2335
            for MLR

Information Criteria

          Akaike (AIC)                   42789.921
          Bayesian (BIC)                 42951.814
          Sample-Size Adjusted BIC       42843.839
            (n* = (n + 2) / 24)



MODEL RESULTS

                                                    Two-Tailed
                    Estimate       S.E.  Est./S.E.    P-Value

Group EARLIER

 P1       BY
    ABFAS_NV           1.000      0.000    999.000    999.000

 P2       BY
    BBFAS_NV           1.000      0.000    999.000    999.000

 P3       BY
    CBFAS_NV           1.000      0.000    999.000    999.000

 P4       BY
    DBFAS_NV           1.000      0.000    999.000    999.000

 V1       BY
    AHRZ_IND           1.000      0.000    999.000    999.000

 V2       BY
    BHRZ_IND           1.000      0.000    999.000    999.000

 V3       BY
    CHRZ_IND           1.000      0.000    999.000    999.000

 V4       BY
    DHRZ_IND           1.000      0.000    999.000    999.000

 P4         ON
    P3                 0.129      0.059      2.199      0.028
    V3                 0.019      0.051      0.378      0.705

 P3         ON
    P2                 0.129      0.059      2.199      0.028
    V2                 0.019      0.051      0.378      0.705

 P2         ON
    P1                 0.129      0.059      2.199      0.028
    V1                 0.019      0.051      0.378      0.705

 V4         ON
    V3                 0.087      0.069      1.265      0.206
    P3                 0.008      0.050      0.159      0.874

 V3         ON
    V2                 0.087      0.069      1.265      0.206
    P2                 0.008      0.050      0.159      0.874

 V2         ON
    V1                 0.087      0.069      1.265      0.206
    P1                 0.008      0.050      0.159      0.874

 S_BFAS_N WITH
    I_BFAS_NV         -1.196      0.909     -1.316      0.188
    S_HRZ_IND         -0.030      0.099     -0.306      0.760
    I_HRZ_IND          1.283      2.148      0.597      0.550

 I_BFAS_N WITH
    S_HRZ_IND         -0.590      2.137     -0.276      0.782
    I_HRZ_IND          5.693     12.981      0.439      0.661

 S_HRZ_IN WITH
    I_HRZ_IND          0.248      0.512      0.484      0.629

 P1       WITH
    V1                -3.378     10.543     -0.320      0.749

 P2       WITH
    V2                -1.051      5.506     -0.191      0.849

 P3       WITH
    V3                -1.051      5.506     -0.191      0.849

 P4       WITH
    V4                -1.051      5.506     -0.191      0.849

 Means
    P1                 0.000      0.000    999.000    999.000
    V1                 0.000      0.000    999.000    999.000
    I_BFAS_NV         43.749      0.693     63.152      0.000
    S_BFAS_NV         -0.260      0.063     -4.110      0.000
    I_HRZ_IND         74.417      0.462    161.190      0.000
    S_HRZ_IND         -0.086      0.042     -2.024      0.043

 Intercepts
    ABFAS_NV           0.000      0.000    999.000    999.000
    BBFAS_NV           0.000      0.000    999.000    999.000
    CBFAS_NV           0.000      0.000    999.000    999.000
    DBFAS_NV           0.000      0.000    999.000    999.000
    AHRZ_IND           0.000      0.000    999.000    999.000
    BHRZ_IND           0.000      0.000    999.000    999.000
    CHRZ_IND           0.000      0.000    999.000    999.000
    DHRZ_IND           0.000      0.000    999.000    999.000
    P2                 0.000      0.000    999.000    999.000
    P3                 0.000      0.000    999.000    999.000
    P4                 0.000      0.000    999.000    999.000
    V2                 0.000      0.000    999.000    999.000
    V3                 0.000      0.000    999.000    999.000
    V4                 0.000      0.000    999.000    999.000

 Variances
    P1               143.305     17.532      8.174      0.000
    V1               124.573     14.240      8.748      0.000
    I_BFAS_NV        331.714     24.316     13.642      0.000
    S_BFAS_NV          0.236      0.171      1.376      0.169
    I_HRZ_IND        130.790     12.086     10.821      0.000
    S_HRZ_IND          0.038      0.089      0.423      0.673

 Residual Variances
    ABFAS_NV           0.000      0.000    999.000    999.000
    BBFAS_NV           0.000      0.000    999.000    999.000
    CBFAS_NV           0.000      0.000    999.000    999.000
    DBFAS_NV           0.000      0.000    999.000    999.000
    AHRZ_IND           0.000      0.000    999.000    999.000
    BHRZ_IND           0.000      0.000    999.000    999.000
    CHRZ_IND           0.000      0.000    999.000    999.000
    DHRZ_IND           0.000      0.000    999.000    999.000
    P2                94.246      7.121     13.235      0.000
    P3                94.246      7.121     13.235      0.000
    P4                94.246      7.121     13.235      0.000
    V2               114.304      9.569     11.945      0.000
    V3               114.304      9.569     11.945      0.000
    V4               114.304      9.569     11.945      0.000

Group LATER

 P1       BY
    ABFAS_NV           1.000      0.000    999.000    999.000

 P2       BY
    BBFAS_NV           1.000      0.000    999.000    999.000

 P3       BY
    CBFAS_NV           1.000      0.000    999.000    999.000

 P4       BY
    DBFAS_NV           1.000      0.000    999.000    999.000

 V1       BY
    AHRZ_IND           1.000      0.000    999.000    999.000

 V2       BY
    BHRZ_IND           1.000      0.000    999.000    999.000

 V3       BY
    CHRZ_IND           1.000      0.000    999.000    999.000

 V4       BY
    DHRZ_IND           1.000      0.000    999.000    999.000

 P4         ON
    P3                 0.278      0.089      3.134      0.002
    V3                -0.003      0.059     -0.059      0.953

 P3         ON
    P2                 0.278      0.089      3.134      0.002
    V2                -0.003      0.059     -0.059      0.953

 P2         ON
    P1                 0.278      0.089      3.134      0.002
    V1                -0.003      0.059     -0.059      0.953

 V4         ON
    V3                -0.023      0.059     -0.381      0.703
    P3                -0.036      0.066     -0.550      0.582

 V3         ON
    V2                -0.023      0.059     -0.381      0.703
    P2                -0.036      0.066     -0.550      0.582

 V2         ON
    V1                -0.023      0.059     -0.381      0.703
    P1                -0.036      0.066     -0.550      0.582

 S_BFAS_N WITH
    I_BFAS_NV         -1.196      0.909     -1.316      0.188
    S_HRZ_IND         -0.030      0.099     -0.306      0.760
    I_HRZ_IND          1.283      2.148      0.597      0.550

 I_BFAS_N WITH
    S_HRZ_IND         -0.590      2.137     -0.276      0.782
    I_HRZ_IND          5.693     12.981      0.439      0.661

 S_HRZ_IN WITH
    I_HRZ_IND          0.248      0.512      0.484      0.629

 P1       WITH
    V1               -18.554     10.688     -1.736      0.083

 P2       WITH
    V2                -2.678      5.536     -0.484      0.629

 P3       WITH
    V3                -2.678      5.536     -0.484      0.629

 P4       WITH
    V4                -2.678      5.536     -0.484      0.629

 Means
    P1                 0.000      0.000    999.000    999.000
    V1                 0.000      0.000    999.000    999.000
    I_BFAS_NV         43.749      0.693     63.152      0.000
    S_BFAS_NV         -0.260      0.063     -4.110      0.000
    I_HRZ_IND         74.417      0.462    161.190      0.000
    S_HRZ_IND         -0.086      0.042     -2.024      0.043

 Intercepts
    ABFAS_NV           0.000      0.000    999.000    999.000
    BBFAS_NV           0.000      0.000    999.000    999.000
    CBFAS_NV           0.000      0.000    999.000    999.000
    DBFAS_NV           0.000      0.000    999.000    999.000
    AHRZ_IND           0.000      0.000    999.000    999.000
    BHRZ_IND           0.000      0.000    999.000    999.000
    CHRZ_IND           0.000      0.000    999.000    999.000
    DHRZ_IND           0.000      0.000    999.000    999.000
    P2                 0.000      0.000    999.000    999.000
    P3                 0.000      0.000    999.000    999.000
    P4                 0.000      0.000    999.000    999.000
    V2                 0.000      0.000    999.000    999.000
    V3                 0.000      0.000    999.000    999.000
    V4                 0.000      0.000    999.000    999.000

 Variances
    P1                89.525     14.551      6.152      0.000
    V1               119.812     17.804      6.730      0.000
    I_BFAS_NV        331.714     24.316     13.642      0.000
    S_BFAS_NV          0.236      0.171      1.376      0.169
    I_HRZ_IND        130.790     12.086     10.821      0.000
    S_HRZ_IND          0.038      0.089      0.423      0.673

 Residual Variances
    ABFAS_NV           0.000      0.000    999.000    999.000
    BBFAS_NV           0.000      0.000    999.000    999.000
    CBFAS_NV           0.000      0.000    999.000    999.000
    DBFAS_NV           0.000      0.000    999.000    999.000
    AHRZ_IND           0.000      0.000    999.000    999.000
    BHRZ_IND           0.000      0.000    999.000    999.000
    CHRZ_IND           0.000      0.000    999.000    999.000
    DHRZ_IND           0.000      0.000    999.000    999.000
    P2                86.225      8.201     10.514      0.000
    P3                86.225      8.201     10.514      0.000
    P4                86.225      8.201     10.514      0.000
    V2                87.196      7.386     11.806      0.000
    V3                87.196      7.386     11.806      0.000
    V4                87.196      7.386     11.806      0.000


QUALITY OF NUMERICAL RESULTS

     Condition Number for the Information Matrix              0.581E-05
       (ratio of smallest to largest eigenvalue)


     Beginning Time:  17:37:34
        Ending Time:  17:37:43
       Elapsed Time:  00:00:09



MUTHEN & MUTHEN
3463 Stoner Ave.
Los Angeles, CA  90066

Tel: (310) 391-9971
Fax: (310) 391-8971
Web: www.StatModel.com
Support: Support@StatModel.com

Copyright (c) 1998-2017 Muthen & Muthen
