Mplus VERSION 8 (Linux)
MUTHEN & MUTHEN
07/08/2018   5:45 PM

INPUT INSTRUCTIONS


  title: PxVx Bivariate LCM-SR - 40splitgroup - Linear bfas_oo with Linear usi_d;
  data: file = /home/jflournoy/code_new/lnt_pxvx/Data/lnt_nat_recalc.tsv;

  variable:
  names =
  subjid
  aage
  aaspfin
  aaspfin_d
  abfa_mt
  abfa_mt_d
  abfas_ac
  abfas_ap
  abfas_ci
  abfas_co
  abfas_ea
  abfas_ee
  abfas_nv
  abfas_nv9
  abfas_nw
  abfas_oi
  abfas_oo
  abfi_a
  abfi_a6
  abfi_c
  abfi_d_scale
  abfi_e
  abfi_hp8
  abfi_n
  abfi_o
  abfi_s_scale
  ahrz_col
  ahrz_col_d
  ahrz_ind
  ahrz_ind_d
  amvi
  ausi
  ausi_d
  avrt_col
  avrt_col_d
  avrt_ind
  avrt_ind_d
  bage
  baspfin
  baspfin_d
  bbfa_mt
  bbfa_mt_d
  bbfas_ac
  bbfas_ap
  bbfas_ci
  bbfas_co
  bbfas_ea
  bbfas_ee
  bbfas_nv
  bbfas_nv9
  bbfas_nw
  bbfas_oi
  bbfas_oo
  bbfi_a
  bbfi_a6
  bbfi_c
  bbfi_d_scale
  bbfi_e
  bbfi_hp8
  bbfi_n
  bbfi_o
  bbfi_s_scale
  bhrz_col
  bhrz_col_d
  bhrz_ind
  bhrz_ind_d
  bmvi
  busi
  busi_d
  bvrt_col
  bvrt_col_d
  bvrt_ind
  bvrt_ind_d
  cage
  caspfin
  caspfin_d
  cbfa_mt
  cbfa_mt_d
  cbfas_ac
  cbfas_ap
  cbfas_ci
  cbfas_co
  cbfas_ea
  cbfas_ee
  cbfas_nv
  cbfas_nv9
  cbfas_nw
  cbfas_oi
  cbfas_oo
  cbfi_a
  cbfi_a6
  cbfi_c
  cbfi_d_scale
  cbfi_e
  cbfi_hp8
  cbfi_n
  cbfi_o
  cbfi_s_scale
  chrz_col
  chrz_col_d
  chrz_ind
  chrz_ind_d
  cmvi
  cusi
  cusi_d
  cvrt_col
  cvrt_col_d
  cvrt_ind
  cvrt_ind_d
  dage
  daspfin
  daspfin_d
  dbfa_mt
  dbfa_mt_d
  dbfas_ac
  dbfas_ap
  dbfas_ci
  dbfas_co
  dbfas_ea
  dbfas_ee
  dbfas_nv
  dbfas_nv9
  dbfas_nw
  dbfas_oi
  dbfas_oo
  dbfi_a
  dbfi_a6
  dbfi_c
  dbfi_d_scale
  dbfi_e
  dbfi_hp8
  dbfi_n
  dbfi_o
  dbfi_s_scale
  dhrz_col
  dhrz_col_d
  dhrz_ind
  dhrz_ind_d
  dmvi
  dusi
  dusi_d
  dvrt_col
  dvrt_col_d
  dvrt_ind
  dvrt_ind_d;

  USEVARIABLES =
  abfas_oo
  bbfas_oo
  cbfas_oo
  dbfas_oo
  ausi_d
  busi_d
  cusi_d
  dusi_d
  a1
  a2
  a3
  a4
  aagegrp
  ;

  missing = all (-9999);

  tscores = a1 a2 a3 a4;

  grouping = aagegrp (0=earlier, 1=later);

  DEFINE:

  aagegrp = aage;

  cut aagegrp (39);

  a1 = aage + 0 - 36;
  a2 = aage + 1 - 36;
  a3 = aage + 2 - 36;
  a4 = aage + 3 - 36;

  ANALYSIS:
  TYPE=RANDOM;
  PROCESSORS = 6;
  model=nocovariances; ! supresses default estimation of certain covs in model;

  MODEL:

  i_bfas_oo s_bfas_oo | abfas_oo bbfas_oo cbfas_oo dbfas_oo AT a1 a2 a3 a4;
  i_usi_d s_usi_d | ausi_d busi_d cusi_d dusi_d AT a1 a2 a3 a4;

  ! freeing factor covs because of "nocovariances"
  ! But ensure they are constrained across groups
  s_bfas_oo WITH i_bfas_oo (p)
  s_usi_d (q)
  i_usi_d (r);
  i_bfas_oo WITH s_usi_d (s)
  i_usi_d (t);
  s_usi_d WITH i_usi_d (u);

  !constrain latent growth means across groups
  [i_bfas_oo] (v);
  [s_bfas_oo] (w);
  [i_usi_d] (x);
  [s_usi_d] (y);

  !constrain latent growth variances across groups
  i_bfas_oo (l);
  s_bfas_oo (m);
  i_usi_d (n);
  s_usi_d (o);

  p1 BY abfas_oo@1; ! Residual "factors";
  p2 BY bbfas_oo@1;
  p3 BY cbfas_oo@1;
  p4 BY dbfas_oo@1;

  v1 BY ausi_d@1; ! Residual "factors";
  v2 BY busi_d@1;
  v3 BY cusi_d@1;
  v4 BY dusi_d@1;

  !residual variances on observed/manifest vars set to 0
  abfas_oo@0;
  bbfas_oo@0;
  cbfas_oo@0;
  dbfas_oo@0;

  !residual variances on observed/manifest vars set to 0
  ausi_d@0;
  busi_d@0;
  cusi_d@0;
  dusi_d@0;

  ! means of observed/manifest vars set to 0
  [abfas_oo@0];
  [bbfas_oo@0];
  [cbfas_oo@0];
  [dbfas_oo@0];

  ! means of observed/manifest vars set to 0
  [ausi_d@0];
  [busi_d@0];
  [cusi_d@0];
  [dusi_d@0];

  [p1@0]; ! means of residual "factors" set to 0
  [p2@0];
  [p3@0];
  [p4@0];

  [v1@0]; ! means of residual "factors" set to 0
  [v2@0];
  [v3@0];
  [v4@0];

  p4 on p3 (a); ! Autoregressive paths constrained to equality
  p3 on p2 (a);
  p2 on p1 (a);

  v4 on v3 (b); ! Autoregressive paths constrained to equality
  v3 on v2 (b);
  v2 on v1 (b);

  p4 on v3 (c); ! Cross-lagged paths constrained to equality
  p3 on v2 (c);
  p2 on v1 (c);

  v4 on p3 (d); ! Cross-lagged paths constrained to equality
  v3 on p2 (d);
  v2 on p1 (d);

  p1 with v1; !(this one is not like the others)

  p2 with v2 (e); ! Within-wave correlations constrained to equality
  p3 with v3 (e);
  p4 with v4 (e);

  p2 p3 p4 (f); ! estimate variances of residual "factors"
  v2 v3 v4 (g); ! estimate variances of residual "factors"

  MODEL earlier:

  p4 on p3 (a23); ! Autoregressive paths constrained to equality
  p3 on p2 (a23);
  p2 on p1 (a23);

  v4 on v3 (b23); ! Autoregressive paths constrained to equality
  v3 on v2 (b23);
  v2 on v1 (b23);

  p4 on v3 (c23); ! Cross-lagged paths constrained to equality
  p3 on v2 (c23);
  p2 on v1 (c23);

  v4 on p3 (d23); ! Cross-lagged paths constrained to equality
  v3 on p2 (d23);
  v2 on p1 (d23);

  p1 with v1; !(this one is not like the others)

  p2 with v2 (e23); ! Within-wave correlations constrained to equality
  p3 with v3 (e23);
  p4 with v4 (e23);

  p2 p3 p4 (f23); ! estimate variances of residual "factors"
  v2 v3 v4 (g23); ! estimate variances of residual "factors"

  MODEL later:

  p4 on p3 (a45); ! Autoregressive paths constrained to equality
  p3 on p2 (a45);
  p2 on p1 (a45);

  v4 on v3 (b45); ! Autoregressive paths constrained to equality
  v3 on v2 (b45);
  v2 on v1 (b45);

  p4 on v3 (c45); ! Cross-lagged paths constrained to equality
  p3 on v2 (c45);
  p2 on v1 (c45);

  v4 on p3 (d45); ! Cross-lagged paths constrained to equality
  v3 on p2 (d45);
  v2 on p1 (d45);

  p1 with v1; !(this one is not like the others)

  p2 with v2 (e45); ! Within-wave correlations constrained to equality
  p3 with v3 (e45);
  p4 with v4 (e45);

  p2 p3 p4 (f45); ! estimate variances of residual "factors"
  v2 v3 v4 (g45); ! estimate variances of residual "factors"

  OUTPUT: SAMPSTAT PATTERNS;



*** WARNING
  Data set contains unknown or missing values for GROUPING,
  PATTERN, COHORT, CLUSTER and/or STRATIFICATION variables.
  Number of cases with unknown or missing values:  5
   1 WARNING(S) FOUND IN THE INPUT INSTRUCTIONS



PxVx Bivariate LCM-SR - 40splitgroup - Linear bfas_oo with Linear usi_d;

SUMMARY OF ANALYSIS

Number of groups                                                 2
Number of observations
   Group EARLIER                                               534
   Group LATER                                                 330
   Total sample size                                           864

Number of dependent variables                                    8
Number of independent variables                                  0
Number of continuous latent variables                           12

Observed dependent variables

  Continuous
   ABFAS_OO    BBFAS_OO    CBFAS_OO    DBFAS_OO    AUSI_D      BUSI_D
   CUSI_D      DUSI_D

Continuous latent variables
   P1          P2          P3          P4          V1          V2
   V3          V4          I_BFAS_O    S_BFAS_O    I_USI_D     S_USI_D

Variables with special functions

  Grouping variable     AAGEGRP

  Time scores
   A1          A2          A3          A4


Estimator                                                      MLR
Information matrix                                        OBSERVED
Maximum number of iterations                                   100
Convergence criterion                                    0.100D-05
Maximum number of EM iterations                                500
Convergence criteria for the EM algorithm
  Loglikelihood change                                   0.100D-02
  Relative loglikelihood change                          0.100D-05
  Derivative                                             0.100D-03
Minimum variance                                         0.100D-03
Maximum number of steepest descent iterations                   20
Maximum number of iterations for H1                           2000
Convergence criterion for H1                             0.100D-03
Optimization algorithm                                         EMA

Input data file(s)
  /home/jflournoy/code_new/lnt_pxvx/Data/lnt_nat_recalc.tsv
Input data format  FREE


SUMMARY OF DATA

   Group EARLIER
     Number of missing data patterns            15

   Group LATER
     Number of missing data patterns            16


SUMMARY OF MISSING DATA PATTERNS


     MISSING DATA PATTERNS (x = not missing) FOR EARLIER

           1  2  3  4  5  6  7  8  9 10 11 12 13 14 15
 ABFAS_OO  x  x  x  x  x  x  x  x  x  x  x  x  x  x  x
 BBFAS_OO  x     x     x  x  x        x  x  x  x
 CBFAS_OO  x        x  x     x     x  x     x  x  x
 DBFAS_OO  x     x  x  x        x           x     x  x
 AUSI_D    x  x  x  x  x  x  x  x  x  x  x  x  x  x  x
 BUSI_D    x     x     x  x  x        x        x  x
 CUSI_D    x        x        x     x        x  x  x
 DUSI_D    x     x  x  x        x           x  x  x


     MISSING DATA PATTERN FREQUENCIES FOR EARLIER

    Pattern   Frequency     Pattern   Frequency     Pattern   Frequency
          1         326           6          26          11           2
          2         101           7          20          12           2
          3          14           8          14          13           1
          4          12           9          12          14           1
          5           1          10           1          15           1


     MISSING DATA PATTERNS (x = not missing) FOR LATER

           1  2  3  4  5  6  7  8  9 10 11 12 13 14 15 16
 ABFAS_OO  x  x  x  x  x  x  x  x  x  x  x  x     x  x  x
 BBFAS_OO  x     x     x  x  x        x  x     x     x
 CBFAS_OO  x        x  x     x     x     x  x  x        x
 DBFAS_OO  x     x  x  x        x        x  x  x     x
 AUSI_D    x  x  x  x  x  x  x  x  x  x  x  x  x     x  x
 BUSI_D    x     x     x  x  x              x  x
 CUSI_D    x        x        x     x     x  x  x
 DUSI_D    x     x  x  x        x        x  x  x     x


     MISSING DATA PATTERN FREQUENCIES FOR LATER

    Pattern   Frequency     Pattern   Frequency     Pattern   Frequency
          1         163           7          26          13           1
          2          68           8          10          14           1
          3          12           9          11          15           1
          4           9          10           3          16           1
          5           1          11           1
          6          21          12           1


COVARIANCE COVERAGE OF DATA

Minimum covariance coverage value   0.100


     PROPORTION OF DATA PRESENT FOR EARLIER


           Covariance Coverage
              ABFAS_OO      BBFAS_OO      CBFAS_OO      DBFAS_OO      AUSI_D
              ________      ________      ________      ________      ________
 ABFAS_OO       1.000
 BBFAS_OO       0.736         0.736
 CBFAS_OO       0.704         0.657         0.704
 DBFAS_OO       0.695         0.642         0.640         0.695
 AUSI_D         1.000         0.736         0.704         0.695         1.000
 BUSI_D         0.730         0.728         0.655         0.640         0.730
 CUSI_D         0.700         0.654         0.700         0.639         0.700
 DUSI_D         0.695         0.644         0.642         0.693         0.695


           Covariance Coverage
              BUSI_D        CUSI_D        DUSI_D
              ________      ________      ________
 BUSI_D         0.730
 CUSI_D         0.652         0.700
 DUSI_D         0.642         0.640         0.695


     PROPORTION OF DATA PRESENT FOR LATER


           Covariance Coverage
              ABFAS_OO      BBFAS_OO      CBFAS_OO      DBFAS_OO      AUSI_D
              ________      ________      ________      ________      ________
 ABFAS_OO       0.997
 BBFAS_OO       0.694         0.697
 CBFAS_OO       0.655         0.594         0.658
 DBFAS_OO       0.600         0.539         0.533         0.603
 AUSI_D         0.997         0.697         0.658         0.603         1.000
 BUSI_D         0.691         0.691         0.594         0.539         0.694
 CUSI_D         0.642         0.582         0.645         0.530         0.645
 DUSI_D         0.600         0.542         0.536         0.600         0.603


           Covariance Coverage
              BUSI_D        CUSI_D        DUSI_D
              ________      ________      ________
 BUSI_D         0.694
 CUSI_D         0.582         0.645
 DUSI_D         0.542         0.533         0.603


SAMPLE STATISTICS


     ESTIMATED SAMPLE STATISTICS FOR EARLIER


           Means
              ABFAS_OO      BBFAS_OO      CBFAS_OO      DBFAS_OO      AUSI_D
              ________      ________      ________      ________      ________
               73.573        73.138        72.563        72.402        32.140


           Means
              BUSI_D        CUSI_D        DUSI_D
              ________      ________      ________
               32.355        31.878        31.829


           Covariances
              ABFAS_OO      BBFAS_OO      CBFAS_OO      DBFAS_OO      AUSI_D
              ________      ________      ________      ________      ________
 ABFAS_OO     253.313
 BBFAS_OO     207.197       262.988
 CBFAS_OO     210.516       218.727       279.279
 DBFAS_OO     203.848       206.234       228.002       269.377
 AUSI_D       -78.681       -76.584       -72.344       -57.234       345.960
 BUSI_D       -67.566       -67.633       -75.772       -46.101       225.164
 CUSI_D       -68.068       -60.589       -85.377       -61.709       188.644
 DUSI_D       -67.390       -55.064       -71.550       -55.448       185.676


           Covariances
              BUSI_D        CUSI_D        DUSI_D
              ________      ________      ________
 BUSI_D       333.828
 CUSI_D       207.859       332.862
 DUSI_D       190.348       218.187       322.116


           Correlations
              ABFAS_OO      BBFAS_OO      CBFAS_OO      DBFAS_OO      AUSI_D
              ________      ________      ________      ________      ________
 ABFAS_OO       1.000
 BBFAS_OO       0.803         1.000
 CBFAS_OO       0.791         0.807         1.000
 DBFAS_OO       0.780         0.775         0.831         1.000
 AUSI_D        -0.266        -0.254        -0.233        -0.187         1.000
 BUSI_D        -0.232        -0.228        -0.248        -0.154         0.663
 CUSI_D        -0.234        -0.205        -0.280        -0.206         0.556
 DUSI_D        -0.236        -0.189        -0.239        -0.188         0.556


           Correlations
              BUSI_D        CUSI_D        DUSI_D
              ________      ________      ________
 BUSI_D         1.000
 CUSI_D         0.624         1.000
 DUSI_D         0.580         0.666         1.000


     ESTIMATED SAMPLE STATISTICS FOR LATER


           Means
              ABFAS_OO      BBFAS_OO      CBFAS_OO      DBFAS_OO      AUSI_D
              ________      ________      ________      ________      ________
               72.573        73.173        72.613        72.223        27.290


           Means
              BUSI_D        CUSI_D        DUSI_D
              ________      ________      ________
               25.723        26.552        27.493


           Covariances
              ABFAS_OO      BBFAS_OO      CBFAS_OO      DBFAS_OO      AUSI_D
              ________      ________      ________      ________      ________
 ABFAS_OO     245.001
 BBFAS_OO     203.896       248.885
 CBFAS_OO     195.628       214.398       250.420
 DBFAS_OO     195.532       211.834       211.062       240.789
 AUSI_D       -39.970       -51.661       -36.228       -32.738       365.046
 BUSI_D       -41.498       -62.150       -59.595       -52.868       243.973
 CUSI_D       -40.082       -65.925       -58.422       -52.231       264.075
 DUSI_D       -52.331       -60.927       -57.002       -64.769       219.220


           Covariances
              BUSI_D        CUSI_D        DUSI_D
              ________      ________      ________
 BUSI_D       367.616
 CUSI_D       268.503       414.299
 DUSI_D       221.099       281.437       364.686


           Correlations
              ABFAS_OO      BBFAS_OO      CBFAS_OO      DBFAS_OO      AUSI_D
              ________      ________      ________      ________      ________
 ABFAS_OO       1.000
 BBFAS_OO       0.826         1.000
 CBFAS_OO       0.790         0.859         1.000
 DBFAS_OO       0.805         0.865         0.860         1.000
 AUSI_D        -0.134        -0.171        -0.120        -0.110         1.000
 BUSI_D        -0.138        -0.205        -0.196        -0.178         0.666
 CUSI_D        -0.126        -0.205        -0.181        -0.165         0.679
 DUSI_D        -0.175        -0.202        -0.189        -0.219         0.601


           Correlations
              BUSI_D        CUSI_D        DUSI_D
              ________      ________      ________
 BUSI_D         1.000
 CUSI_D         0.688         1.000
 DUSI_D         0.604         0.724         1.000


     MAXIMUM LOG-LIKELIHOOD VALUE FOR THE UNRESTRICTED (H1) MODEL IS -20811.622


UNIVARIATE SAMPLE STATISTICS


     UNIVARIATE HIGHER-ORDER MOMENT DESCRIPTIVE STATISTICS FOR EARLIER

         Variable/         Mean/     Skewness/   Minimum/ % with                Percentiles
        Sample Size      Variance    Kurtosis    Maximum  Min/Max      20%/60%    40%/80%    Median

     ABFAS_OO             73.573      -0.504      20.000    0.19%      60.000     70.000     75.000
             534.000     253.313      -0.288     100.000    2.06%      80.000     87.500
     BBFAS_OO             72.808      -0.531      22.500    0.25%      58.333     70.000     75.000
             393.000     261.274      -0.189     100.000    1.78%      80.000     87.500
     CBFAS_OO             72.455      -0.448      17.500    0.27%      57.500     69.444     72.500
             376.000     272.712      -0.303     100.000    3.46%      80.000     87.500
     DBFAS_OO             72.513      -0.640      22.500    0.54%      60.000     70.000     75.000
             371.000     263.067       0.031     100.000    2.43%      80.000     85.000
     AUSI_D               32.140       0.101       0.000    9.55%      16.667     25.000     33.333
             534.000     345.960      -0.328      91.667    0.37%      33.333     50.000
     BUSI_D               31.741       0.040       0.000    8.46%      16.667     25.000     33.333
             390.000     325.324      -0.395      91.667    0.51%      41.667     50.000
     CUSI_D               31.796       0.155       0.000    7.75%      16.667     25.000     33.333
             374.000     328.333      -0.440      83.333    0.27%      33.333     50.000
     DUSI_D               31.267       0.086       0.000    8.09%      16.667     25.000     33.333
             371.000     315.904      -0.415      83.333    0.54%      33.333     50.000


     UNIVARIATE HIGHER-ORDER MOMENT DESCRIPTIVE STATISTICS FOR LATER

         Variable/         Mean/     Skewness/   Minimum/ % with                Percentiles
        Sample Size      Variance    Kurtosis    Maximum  Min/Max      20%/60%    40%/80%    Median

     ABFAS_OO             72.521      -0.503      27.500    0.91%      58.333     70.000     75.000
             329.000     244.640      -0.263     100.000    1.82%      77.500     87.500
     BBFAS_OO             73.358      -0.555      17.500    0.44%      60.000     70.000     75.000
             229.000     245.530      -0.174     100.000    1.31%      80.000     87.500
     CBFAS_OO             73.689      -0.447      27.500    0.47%      60.000     70.000     75.000
             214.000     244.667      -0.413     100.000    4.67%      80.000     87.500
     DBFAS_OO             73.200      -0.741      15.000    0.50%      60.000     72.500     75.000
             199.000     249.292       0.176     100.000    1.51%      80.000     87.500
     AUSI_D               27.280       0.299       0.000   13.07%       8.333     16.667     25.000
             329.000     365.033      -0.741      83.333    0.30%      33.333     50.000
     BUSI_D               25.741       0.546       0.000   17.33%       8.333     16.667     25.000
             225.000     363.186       0.390     100.000    0.44%      33.333     41.667
     CUSI_D               26.847       0.385       0.000   17.92%       8.333     16.667     25.000
             212.000     412.271      -0.520      91.667    0.47%      33.333     41.667
     DUSI_D               27.554       0.195       0.000   16.58%       8.333     25.000     25.000
             199.000     372.802      -0.757      83.333    0.50%      33.333     41.667


THE MODEL ESTIMATION TERMINATED NORMALLY



MODEL FIT INFORMATION

Number of Free Parameters                       34

Loglikelihood

          H0 Value                      -20829.604
          H0 Scaling Correction Factor      1.2002
            for MLR

Information Criteria

          Akaike (AIC)                   41727.208
          Bayesian (BIC)                 41889.101
          Sample-Size Adjusted BIC       41781.126
            (n* = (n + 2) / 24)



MODEL RESULTS

                                                    Two-Tailed
                    Estimate       S.E.  Est./S.E.    P-Value

Group EARLIER

 P1       BY
    ABFAS_OO           1.000      0.000    999.000    999.000

 P2       BY
    BBFAS_OO           1.000      0.000    999.000    999.000

 P3       BY
    CBFAS_OO           1.000      0.000    999.000    999.000

 P4       BY
    DBFAS_OO           1.000      0.000    999.000    999.000

 V1       BY
    AUSI_D             1.000      0.000    999.000    999.000

 V2       BY
    BUSI_D             1.000      0.000    999.000    999.000

 V3       BY
    CUSI_D             1.000      0.000    999.000    999.000

 V4       BY
    DUSI_D             1.000      0.000    999.000    999.000

 P4         ON
    P3                 0.172      0.081      2.114      0.034
    V3                -0.072      0.031     -2.289      0.022

 P3         ON
    P2                 0.172      0.081      2.114      0.034
    V2                -0.072      0.031     -2.289      0.022

 P2         ON
    P1                 0.172      0.081      2.114      0.034
    V1                -0.072      0.031     -2.289      0.022

 V4         ON
    V3                 0.211      0.052      4.060      0.000
    P3                -0.037      0.076     -0.481      0.630

 V3         ON
    V2                 0.211      0.052      4.060      0.000
    P2                -0.037      0.076     -0.481      0.630

 V2         ON
    V1                 0.211      0.052      4.060      0.000
    P1                -0.037      0.076     -0.481      0.630

 S_BFAS_O WITH
    I_BFAS_OO          0.221      0.634      0.348      0.728
    S_USI_D           -0.057      0.091     -0.621      0.534
    I_USI_D            1.996      2.061      0.969      0.333

 I_BFAS_O WITH
    S_USI_D           -0.616      2.078     -0.297      0.767
    I_USI_D          -50.444     11.477     -4.395      0.000

 S_USI_D  WITH
    I_USI_D            0.280      0.677      0.413      0.679

 P1       WITH
    V1                -9.969      6.659     -1.497      0.134

 P2       WITH
    V2               -10.014      4.117     -2.432      0.015

 P3       WITH
    V3               -10.014      4.117     -2.432      0.015

 P4       WITH
    V4               -10.014      4.117     -2.432      0.015

 Means
    P1                 0.000      0.000    999.000    999.000
    V1                 0.000      0.000    999.000    999.000
    I_BFAS_OO         72.997      0.524    139.418      0.000
    S_BFAS_OO         -0.093      0.048     -1.937      0.053
    I_USI_D           30.468      0.560     54.374      0.000
    S_USI_D           -0.285      0.054     -5.329      0.000

 Intercepts
    ABFAS_OO           0.000      0.000    999.000    999.000
    BBFAS_OO           0.000      0.000    999.000    999.000
    CBFAS_OO           0.000      0.000    999.000    999.000
    DBFAS_OO           0.000      0.000    999.000    999.000
    AUSI_D             0.000      0.000    999.000    999.000
    BUSI_D             0.000      0.000    999.000    999.000
    CUSI_D             0.000      0.000    999.000    999.000
    DUSI_D             0.000      0.000    999.000    999.000
    P2                 0.000      0.000    999.000    999.000
    P3                 0.000      0.000    999.000    999.000
    P4                 0.000      0.000    999.000    999.000
    V2                 0.000      0.000    999.000    999.000
    V3                 0.000      0.000    999.000    999.000
    V4                 0.000      0.000    999.000    999.000

 Variances
    P1                54.177      7.511      7.213      0.000
    V1               157.275     15.687     10.026      0.000
    I_BFAS_OO        194.595     12.944     15.034      0.000
    S_BFAS_OO          0.076      0.098      0.784      0.433
    I_USI_D          180.142     17.886     10.071      0.000
    S_USI_D            0.156      0.128      1.222      0.222

 Residual Variances
    ABFAS_OO           0.000      0.000    999.000    999.000
    BBFAS_OO           0.000      0.000    999.000    999.000
    CBFAS_OO           0.000      0.000    999.000    999.000
    DBFAS_OO           0.000      0.000    999.000    999.000
    AUSI_D             0.000      0.000    999.000    999.000
    BUSI_D             0.000      0.000    999.000    999.000
    CUSI_D             0.000      0.000    999.000    999.000
    DUSI_D             0.000      0.000    999.000    999.000
    P2                59.560      6.334      9.404      0.000
    P3                59.560      6.334      9.404      0.000
    P4                59.560      6.334      9.404      0.000
    V2               139.082      9.322     14.920      0.000
    V3               139.082      9.322     14.920      0.000
    V4               139.082      9.322     14.920      0.000

Group LATER

 P1       BY
    ABFAS_OO           1.000      0.000    999.000    999.000

 P2       BY
    BBFAS_OO           1.000      0.000    999.000    999.000

 P3       BY
    CBFAS_OO           1.000      0.000    999.000    999.000

 P4       BY
    DBFAS_OO           1.000      0.000    999.000    999.000

 V1       BY
    AUSI_D             1.000      0.000    999.000    999.000

 V2       BY
    BUSI_D             1.000      0.000    999.000    999.000

 V3       BY
    CUSI_D             1.000      0.000    999.000    999.000

 V4       BY
    DUSI_D             1.000      0.000    999.000    999.000

 P4         ON
    P3                 0.069      0.058      1.198      0.231
    V3                -0.060      0.035     -1.733      0.083

 P3         ON
    P2                 0.069      0.058      1.198      0.231
    V2                -0.060      0.035     -1.733      0.083

 P2         ON
    P1                 0.069      0.058      1.198      0.231
    V1                -0.060      0.035     -1.733      0.083

 V4         ON
    V3                 0.204      0.091      2.233      0.026
    P3                -0.040      0.125     -0.321      0.748

 V3         ON
    V2                 0.204      0.091      2.233      0.026
    P2                -0.040      0.125     -0.321      0.748

 V2         ON
    V1                 0.204      0.091      2.233      0.026
    P1                -0.040      0.125     -0.321      0.748

 S_BFAS_O WITH
    I_BFAS_OO          0.221      0.634      0.348      0.728
    S_USI_D           -0.057      0.091     -0.621      0.534
    I_USI_D            1.996      2.061      0.969      0.333

 I_BFAS_O WITH
    S_USI_D           -0.616      2.078     -0.297      0.767
    I_USI_D          -50.444     11.477     -4.395      0.000

 S_USI_D  WITH
    I_USI_D            0.280      0.677      0.413      0.679

 P1       WITH
    V1                -7.483      8.238     -0.908      0.364

 P2       WITH
    V2                -8.911      4.810     -1.852      0.064

 P3       WITH
    V3                -8.911      4.810     -1.852      0.064

 P4       WITH
    V4                -8.911      4.810     -1.852      0.064

 Means
    P1                 0.000      0.000    999.000    999.000
    V1                 0.000      0.000    999.000    999.000
    I_BFAS_OO         72.997      0.524    139.418      0.000
    S_BFAS_OO         -0.093      0.048     -1.937      0.053
    I_USI_D           30.468      0.560     54.374      0.000
    S_USI_D           -0.285      0.054     -5.329      0.000

 Intercepts
    ABFAS_OO           0.000      0.000    999.000    999.000
    BBFAS_OO           0.000      0.000    999.000    999.000
    CBFAS_OO           0.000      0.000    999.000    999.000
    DBFAS_OO           0.000      0.000    999.000    999.000
    AUSI_D             0.000      0.000    999.000    999.000
    BUSI_D             0.000      0.000    999.000    999.000
    CUSI_D             0.000      0.000    999.000    999.000
    DUSI_D             0.000      0.000    999.000    999.000
    P2                 0.000      0.000    999.000    999.000
    P3                 0.000      0.000    999.000    999.000
    P4                 0.000      0.000    999.000    999.000
    V2                 0.000      0.000    999.000    999.000
    V3                 0.000      0.000    999.000    999.000
    V4                 0.000      0.000    999.000    999.000

 Variances
    P1                58.227      8.481      6.866      0.000
    V1               142.595     21.241      6.713      0.000
    I_BFAS_OO        194.595     12.944     15.034      0.000
    S_BFAS_OO          0.076      0.098      0.784      0.433
    I_USI_D          180.142     17.886     10.071      0.000
    S_USI_D            0.156      0.128      1.222      0.222

 Residual Variances
    ABFAS_OO           0.000      0.000    999.000    999.000
    BBFAS_OO           0.000      0.000    999.000    999.000
    CBFAS_OO           0.000      0.000    999.000    999.000
    DBFAS_OO           0.000      0.000    999.000    999.000
    AUSI_D             0.000      0.000    999.000    999.000
    BUSI_D             0.000      0.000    999.000    999.000
    CUSI_D             0.000      0.000    999.000    999.000
    DUSI_D             0.000      0.000    999.000    999.000
    P2                36.700      4.017      9.136      0.000
    P3                36.700      4.017      9.136      0.000
    P4                36.700      4.017      9.136      0.000
    V2               143.501     14.927      9.614      0.000
    V3               143.501     14.927      9.614      0.000
    V4               143.501     14.927      9.614      0.000


QUALITY OF NUMERICAL RESULTS

     Condition Number for the Information Matrix              0.250E-04
       (ratio of smallest to largest eigenvalue)


     Beginning Time:  17:45:55
        Ending Time:  17:46:07
       Elapsed Time:  00:00:12



MUTHEN & MUTHEN
3463 Stoner Ave.
Los Angeles, CA  90066

Tel: (310) 391-9971
Fax: (310) 391-8971
Web: www.StatModel.com
Support: Support@StatModel.com

Copyright (c) 1998-2017 Muthen & Muthen
