Mplus VERSION 8 (Linux)
MUTHEN & MUTHEN
07/08/2018   5:39 PM

INPUT INSTRUCTIONS


  title: PxVx Bivariate LCM-SR - 40splitgroup - Linear bfas_nw with Linear bfa_mt;
  data: file = /home/jflournoy/code_new/lnt_pxvx/Data/lnt_nat_recalc.tsv;

  variable:
  names =
  subjid
  aage
  aaspfin
  aaspfin_d
  abfa_mt
  abfa_mt_d
  abfas_ac
  abfas_ap
  abfas_ci
  abfas_co
  abfas_ea
  abfas_ee
  abfas_nv
  abfas_nv9
  abfas_nw
  abfas_oi
  abfas_oo
  abfi_a
  abfi_a6
  abfi_c
  abfi_d_scale
  abfi_e
  abfi_hp8
  abfi_n
  abfi_o
  abfi_s_scale
  ahrz_col
  ahrz_col_d
  ahrz_ind
  ahrz_ind_d
  amvi
  ausi
  ausi_d
  avrt_col
  avrt_col_d
  avrt_ind
  avrt_ind_d
  bage
  baspfin
  baspfin_d
  bbfa_mt
  bbfa_mt_d
  bbfas_ac
  bbfas_ap
  bbfas_ci
  bbfas_co
  bbfas_ea
  bbfas_ee
  bbfas_nv
  bbfas_nv9
  bbfas_nw
  bbfas_oi
  bbfas_oo
  bbfi_a
  bbfi_a6
  bbfi_c
  bbfi_d_scale
  bbfi_e
  bbfi_hp8
  bbfi_n
  bbfi_o
  bbfi_s_scale
  bhrz_col
  bhrz_col_d
  bhrz_ind
  bhrz_ind_d
  bmvi
  busi
  busi_d
  bvrt_col
  bvrt_col_d
  bvrt_ind
  bvrt_ind_d
  cage
  caspfin
  caspfin_d
  cbfa_mt
  cbfa_mt_d
  cbfas_ac
  cbfas_ap
  cbfas_ci
  cbfas_co
  cbfas_ea
  cbfas_ee
  cbfas_nv
  cbfas_nv9
  cbfas_nw
  cbfas_oi
  cbfas_oo
  cbfi_a
  cbfi_a6
  cbfi_c
  cbfi_d_scale
  cbfi_e
  cbfi_hp8
  cbfi_n
  cbfi_o
  cbfi_s_scale
  chrz_col
  chrz_col_d
  chrz_ind
  chrz_ind_d
  cmvi
  cusi
  cusi_d
  cvrt_col
  cvrt_col_d
  cvrt_ind
  cvrt_ind_d
  dage
  daspfin
  daspfin_d
  dbfa_mt
  dbfa_mt_d
  dbfas_ac
  dbfas_ap
  dbfas_ci
  dbfas_co
  dbfas_ea
  dbfas_ee
  dbfas_nv
  dbfas_nv9
  dbfas_nw
  dbfas_oi
  dbfas_oo
  dbfi_a
  dbfi_a6
  dbfi_c
  dbfi_d_scale
  dbfi_e
  dbfi_hp8
  dbfi_n
  dbfi_o
  dbfi_s_scale
  dhrz_col
  dhrz_col_d
  dhrz_ind
  dhrz_ind_d
  dmvi
  dusi
  dusi_d
  dvrt_col
  dvrt_col_d
  dvrt_ind
  dvrt_ind_d;

  USEVARIABLES =
  abfas_nw
  bbfas_nw
  cbfas_nw
  dbfas_nw
  abfa_mt
  bbfa_mt
  cbfa_mt
  dbfa_mt
  a1
  a2
  a3
  a4
  aagegrp
  ;

  missing = all (-9999);

  tscores = a1 a2 a3 a4;

  grouping = aagegrp (0=earlier, 1=later);

  DEFINE:

  aagegrp = aage;

  cut aagegrp (39);

  a1 = aage + 0 - 36;
  a2 = aage + 1 - 36;
  a3 = aage + 2 - 36;
  a4 = aage + 3 - 36;

  ANALYSIS:
  TYPE=RANDOM;
  PROCESSORS = 6;
  model=nocovariances; ! supresses default estimation of certain covs in model;

  MODEL:

  i_bfas_nw s_bfas_nw | abfas_nw bbfas_nw cbfas_nw dbfas_nw AT a1 a2 a3 a4;
  i_bfa_mt s_bfa_mt | abfa_mt bbfa_mt cbfa_mt dbfa_mt AT a1 a2 a3 a4;

  ! freeing factor covs because of "nocovariances"
  ! But ensure they are constrained across groups
  s_bfas_nw WITH i_bfas_nw (p)
  s_bfa_mt (q)
  i_bfa_mt (r);
  i_bfas_nw WITH s_bfa_mt (s)
  i_bfa_mt (t);
  s_bfa_mt WITH i_bfa_mt (u);

  !constrain latent growth means across groups
  [i_bfas_nw] (v);
  [s_bfas_nw] (w);
  [i_bfa_mt] (x);
  [s_bfa_mt] (y);

  !constrain latent growth variances across groups
  i_bfas_nw (l);
  s_bfas_nw (m);
  i_bfa_mt (n);
  s_bfa_mt (o);

  p1 BY abfas_nw@1; ! Residual "factors";
  p2 BY bbfas_nw@1;
  p3 BY cbfas_nw@1;
  p4 BY dbfas_nw@1;

  v1 BY abfa_mt@1; ! Residual "factors";
  v2 BY bbfa_mt@1;
  v3 BY cbfa_mt@1;
  v4 BY dbfa_mt@1;

  !residual variances on observed/manifest vars set to 0
  abfas_nw@0;
  bbfas_nw@0;
  cbfas_nw@0;
  dbfas_nw@0;

  !residual variances on observed/manifest vars set to 0
  abfa_mt@0;
  bbfa_mt@0;
  cbfa_mt@0;
  dbfa_mt@0;

  ! means of observed/manifest vars set to 0
  [abfas_nw@0];
  [bbfas_nw@0];
  [cbfas_nw@0];
  [dbfas_nw@0];

  ! means of observed/manifest vars set to 0
  [abfa_mt@0];
  [bbfa_mt@0];
  [cbfa_mt@0];
  [dbfa_mt@0];

  [p1@0]; ! means of residual "factors" set to 0
  [p2@0];
  [p3@0];
  [p4@0];

  [v1@0]; ! means of residual "factors" set to 0
  [v2@0];
  [v3@0];
  [v4@0];

  p4 on p3 (a); ! Autoregressive paths constrained to equality
  p3 on p2 (a);
  p2 on p1 (a);

  v4 on v3 (b); ! Autoregressive paths constrained to equality
  v3 on v2 (b);
  v2 on v1 (b);

  p4 on v3 (c); ! Cross-lagged paths constrained to equality
  p3 on v2 (c);
  p2 on v1 (c);

  v4 on p3 (d); ! Cross-lagged paths constrained to equality
  v3 on p2 (d);
  v2 on p1 (d);

  p1 with v1; !(this one is not like the others)

  p2 with v2 (e); ! Within-wave correlations constrained to equality
  p3 with v3 (e);
  p4 with v4 (e);

  p2 p3 p4 (f); ! estimate variances of residual "factors"
  v2 v3 v4 (g); ! estimate variances of residual "factors"

  MODEL earlier:

  p4 on p3 (a23); ! Autoregressive paths constrained to equality
  p3 on p2 (a23);
  p2 on p1 (a23);

  v4 on v3 (b23); ! Autoregressive paths constrained to equality
  v3 on v2 (b23);
  v2 on v1 (b23);

  p4 on v3 (c23); ! Cross-lagged paths constrained to equality
  p3 on v2 (c23);
  p2 on v1 (c23);

  v4 on p3 (d23); ! Cross-lagged paths constrained to equality
  v3 on p2 (d23);
  v2 on p1 (d23);

  p1 with v1; !(this one is not like the others)

  p2 with v2 (e23); ! Within-wave correlations constrained to equality
  p3 with v3 (e23);
  p4 with v4 (e23);

  p2 p3 p4 (f23); ! estimate variances of residual "factors"
  v2 v3 v4 (g23); ! estimate variances of residual "factors"

  MODEL later:

  p4 on p3 (a45); ! Autoregressive paths constrained to equality
  p3 on p2 (a45);
  p2 on p1 (a45);

  v4 on v3 (b45); ! Autoregressive paths constrained to equality
  v3 on v2 (b45);
  v2 on v1 (b45);

  p4 on v3 (c45); ! Cross-lagged paths constrained to equality
  p3 on v2 (c45);
  p2 on v1 (c45);

  v4 on p3 (d45); ! Cross-lagged paths constrained to equality
  v3 on p2 (d45);
  v2 on p1 (d45);

  p1 with v1; !(this one is not like the others)

  p2 with v2 (e45); ! Within-wave correlations constrained to equality
  p3 with v3 (e45);
  p4 with v4 (e45);

  p2 p3 p4 (f45); ! estimate variances of residual "factors"
  v2 v3 v4 (g45); ! estimate variances of residual "factors"

  OUTPUT: SAMPSTAT PATTERNS;



*** WARNING
  Data set contains unknown or missing values for GROUPING,
  PATTERN, COHORT, CLUSTER and/or STRATIFICATION variables.
  Number of cases with unknown or missing values:  5
   1 WARNING(S) FOUND IN THE INPUT INSTRUCTIONS



PxVx Bivariate LCM-SR - 40splitgroup - Linear bfas_nw with Linear bfa_mt;

SUMMARY OF ANALYSIS

Number of groups                                                 2
Number of observations
   Group EARLIER                                               534
   Group LATER                                                 330
   Total sample size                                           864

Number of dependent variables                                    8
Number of independent variables                                  0
Number of continuous latent variables                           12

Observed dependent variables

  Continuous
   ABFAS_NW    BBFAS_NW    CBFAS_NW    DBFAS_NW    ABFA_MT     BBFA_MT
   CBFA_MT     DBFA_MT

Continuous latent variables
   P1          P2          P3          P4          V1          V2
   V3          V4          I_BFAS_N    S_BFAS_N    I_BFA_MT    S_BFA_MT

Variables with special functions

  Grouping variable     AAGEGRP

  Time scores
   A1          A2          A3          A4


Estimator                                                      MLR
Information matrix                                        OBSERVED
Maximum number of iterations                                   100
Convergence criterion                                    0.100D-05
Maximum number of EM iterations                                500
Convergence criteria for the EM algorithm
  Loglikelihood change                                   0.100D-02
  Relative loglikelihood change                          0.100D-05
  Derivative                                             0.100D-03
Minimum variance                                         0.100D-03
Maximum number of steepest descent iterations                   20
Maximum number of iterations for H1                           2000
Convergence criterion for H1                             0.100D-03
Optimization algorithm                                         EMA

Input data file(s)
  /home/jflournoy/code_new/lnt_pxvx/Data/lnt_nat_recalc.tsv
Input data format  FREE


SUMMARY OF DATA

   Group EARLIER
     Number of missing data patterns            10

   Group LATER
     Number of missing data patterns             9


SUMMARY OF MISSING DATA PATTERNS


     MISSING DATA PATTERNS (x = not missing) FOR EARLIER

           1  2  3  4  5  6  7  8  9 10
 ABFAS_NW  x  x  x  x  x  x  x  x
 BBFAS_NW  x     x     x  x        x  x
 CBFAS_NW  x        x     x     x  x  x
 DBFAS_NW  x     x  x        x     x  x
 ABFA_MT   x  x  x  x  x  x  x  x     x
 BBFA_MT   x     x     x  x        x  x
 CBFA_MT   x        x     x     x  x  x
 DBFA_MT   x     x  x        x     x  x


     MISSING DATA PATTERN FREQUENCIES FOR EARLIER

    Pattern   Frequency     Pattern   Frequency     Pattern   Frequency
          1         327           5          28           9           1
          2         101           6          22          10           1
          3          14           7          15
          4          13           8          12


     MISSING DATA PATTERNS (x = not missing) FOR LATER

           1  2  3  4  5  6  7  8  9
 ABFAS_NW  x  x  x  x  x  x  x  x
 BBFAS_NW  x     x     x  x        x
 CBFAS_NW  x        x     x     x  x
 DBFAS_NW  x     x  x        x     x
 ABFA_MT   x  x  x  x  x  x  x  x
 BBFA_MT   x     x     x  x        x
 CBFA_MT   x        x     x     x  x
 DBFA_MT   x     x  x        x     x


     MISSING DATA PATTERN FREQUENCIES FOR LATER

    Pattern   Frequency     Pattern   Frequency     Pattern   Frequency
          1         165           4          10           7          10
          2          69           5          24           8          12
          3          13           6          26           9           1


COVARIANCE COVERAGE OF DATA

Minimum covariance coverage value   0.100


     PROPORTION OF DATA PRESENT FOR EARLIER


           Covariance Coverage
              ABFAS_NW      BBFAS_NW      CBFAS_NW      DBFAS_NW      ABFA_MT
              ________      ________      ________      ________      ________
 ABFAS_NW       0.996
 BBFAS_NW       0.732         0.736
 CBFAS_NW       0.700         0.657         0.704
 DBFAS_NW       0.691         0.642         0.640         0.695
 ABFA_MT        0.996         0.734         0.702         0.693         0.998
 BBFA_MT        0.732         0.736         0.657         0.642         0.734
 CBFA_MT        0.700         0.657         0.704         0.640         0.702
 DBFA_MT        0.691         0.642         0.640         0.695         0.693


           Covariance Coverage
              BBFA_MT       CBFA_MT       DBFA_MT
              ________      ________      ________
 BBFA_MT        0.736
 CBFA_MT        0.657         0.704
 DBFA_MT        0.642         0.640         0.695


     PROPORTION OF DATA PRESENT FOR LATER


           Covariance Coverage
              ABFAS_NW      BBFAS_NW      CBFAS_NW      DBFAS_NW      ABFA_MT
              ________      ________      ________      ________      ________
 ABFAS_NW       0.997
 BBFAS_NW       0.691         0.694
 CBFAS_NW       0.645         0.582         0.648
 DBFAS_NW       0.600         0.542         0.533         0.603
 ABFA_MT        0.997         0.691         0.645         0.600         0.997
 BBFA_MT        0.691         0.694         0.582         0.542         0.691
 CBFA_MT        0.645         0.582         0.648         0.533         0.645
 DBFA_MT        0.600         0.542         0.533         0.603         0.600


           Covariance Coverage
              BBFA_MT       CBFA_MT       DBFA_MT
              ________      ________      ________
 BBFA_MT        0.694
 CBFA_MT        0.582         0.648
 DBFA_MT        0.542         0.533         0.603


SAMPLE STATISTICS


     ESTIMATED SAMPLE STATISTICS FOR EARLIER


           Means
              ABFAS_NW      BBFAS_NW      CBFAS_NW      DBFAS_NW      ABFA_MT
              ________      ________      ________      ________      ________
               47.433        47.293        47.691        47.786        42.277


           Means
              BBFA_MT       CBFA_MT       DBFA_MT
              ________      ________      ________
               41.786        41.587        41.732


           Covariances
              ABFAS_NW      BBFAS_NW      CBFAS_NW      DBFAS_NW      ABFA_MT
              ________      ________      ________      ________      ________
 ABFAS_NW     441.300
 BBFAS_NW     352.056       419.625
 CBFAS_NW     337.732       343.517       435.120
 DBFAS_NW     341.774       345.577       368.795       432.348
 ABFA_MT      106.731        69.783        71.969        76.026       414.117
 BBFA_MT       94.908       109.616        93.794        89.227       309.572
 CBFA_MT       85.647        80.569        98.157        93.750       296.517
 DBFA_MT       91.265        83.088        81.735        93.137       282.993


           Covariances
              BBFA_MT       CBFA_MT       DBFA_MT
              ________      ________      ________
 BBFA_MT      415.908
 CBFA_MT      335.460       427.956
 DBFA_MT      317.858       343.216       423.713


           Correlations
              ABFAS_NW      BBFAS_NW      CBFAS_NW      DBFAS_NW      ABFA_MT
              ________      ________      ________      ________      ________
 ABFAS_NW       1.000
 BBFAS_NW       0.818         1.000
 CBFAS_NW       0.771         0.804         1.000
 DBFAS_NW       0.782         0.811         0.850         1.000
 ABFA_MT        0.250         0.167         0.170         0.180         1.000
 BBFA_MT        0.222         0.262         0.220         0.210         0.746
 CBFA_MT        0.197         0.190         0.227         0.218         0.704
 DBFA_MT        0.211         0.197         0.190         0.218         0.676


           Correlations
              BBFA_MT       CBFA_MT       DBFA_MT
              ________      ________      ________
 BBFA_MT        1.000
 CBFA_MT        0.795         1.000
 DBFA_MT        0.757         0.806         1.000


     ESTIMATED SAMPLE STATISTICS FOR LATER


           Means
              ABFAS_NW      BBFAS_NW      CBFAS_NW      DBFAS_NW      ABFA_MT
              ________      ________      ________      ________      ________
               43.636        43.993        43.714        43.116        35.650


           Means
              BBFA_MT       CBFA_MT       DBFA_MT
              ________      ________      ________
               36.586        36.361        36.085


           Covariances
              ABFAS_NW      BBFAS_NW      CBFAS_NW      DBFAS_NW      ABFA_MT
              ________      ________      ________      ________      ________
 ABFAS_NW     406.225
 BBFAS_NW     325.315       386.758
 CBFAS_NW     320.377       349.806       413.918
 DBFAS_NW     335.297       358.323       377.690       441.354
 ABFA_MT       76.061        80.301        79.849        87.856       359.956
 BBFA_MT       87.125       100.653        89.961       108.794       268.738
 CBFA_MT       62.907        86.997        98.367       111.285       270.195
 DBFA_MT       48.236        79.717        76.921       114.215       258.436


           Covariances
              BBFA_MT       CBFA_MT       DBFA_MT
              ________      ________      ________
 BBFA_MT      354.655
 CBFA_MT      283.811       379.058
 DBFA_MT      264.617       270.658       362.565


           Correlations
              ABFAS_NW      BBFAS_NW      CBFAS_NW      DBFAS_NW      ABFA_MT
              ________      ________      ________      ________      ________
 ABFAS_NW       1.000
 BBFAS_NW       0.821         1.000
 CBFAS_NW       0.781         0.874         1.000
 DBFAS_NW       0.792         0.867         0.884         1.000
 ABFA_MT        0.199         0.215         0.207         0.220         1.000
 BBFA_MT        0.230         0.272         0.235         0.275         0.752
 CBFA_MT        0.160         0.227         0.248         0.272         0.731
 DBFA_MT        0.126         0.213         0.199         0.286         0.715


           Correlations
              BBFA_MT       CBFA_MT       DBFA_MT
              ________      ________      ________
 BBFA_MT        1.000
 CBFA_MT        0.774         1.000
 DBFA_MT        0.738         0.730         1.000


     MAXIMUM LOG-LIKELIHOOD VALUE FOR THE UNRESTRICTED (H1) MODEL IS -21312.302


UNIVARIATE SAMPLE STATISTICS


     UNIVARIATE HIGHER-ORDER MOMENT DESCRIPTIVE STATISTICS FOR EARLIER

         Variable/         Mean/     Skewness/   Minimum/ % with                Percentiles
        Sample Size      Variance    Kurtosis    Maximum  Min/Max      20%/60%    40%/80%    Median

     ABFAS_NW             47.439       0.147       0.000    0.75%      27.500     42.500     47.500
             532.000     440.970      -0.402     100.000    0.19%      52.500     65.000
     BBFAS_NW             47.590       0.038       0.000    0.25%      27.500     42.500     50.000
             393.000     423.923      -0.572      97.500    0.51%      52.500     65.000
     CBFAS_NW             48.042       0.038       0.000    0.53%      30.000     42.500     47.500
             376.000     445.879      -0.449      97.500    1.06%      52.500     65.000
     DBFAS_NW             48.348       0.032       0.000    0.54%      30.000     42.500     50.000
             371.000     435.445      -0.471      97.500    0.81%      55.000     65.000
     ABFA_MT              42.294       0.186       0.000    1.69%      25.000     37.500     41.667
             533.000     414.433      -0.424     100.000    0.19%      45.833     58.333
     BBFA_MT              41.896       0.258       0.000    1.27%      25.000     33.333     41.667
             393.000     419.120      -0.425     100.000    0.25%      45.833     58.333
     CBFA_MT              41.602       0.223       0.000    1.86%      20.833     33.333     41.667
             376.000     428.337      -0.391     100.000    0.27%      45.833     58.333
     DBFA_MT              42.066       0.215       0.000    2.70%      20.833     37.500     41.667
             371.000     431.021      -0.193     100.000    0.81%      45.833     58.333


     UNIVARIATE HIGHER-ORDER MOMENT DESCRIPTIVE STATISTICS FOR LATER

         Variable/         Mean/     Skewness/   Minimum/ % with                Percentiles
        Sample Size      Variance    Kurtosis    Maximum  Min/Max      20%/60%    40%/80%    Median

     ABFAS_NW             43.672       0.041       0.000    0.91%      27.500     37.500     42.500
             329.000     406.689      -0.428     100.000    0.30%      47.500     62.500
     BBFAS_NW             43.668       0.183       0.000    1.31%      25.000     37.500     42.500
             229.000     404.724      -0.287      97.500    0.44%      47.500     60.000
     CBFAS_NW             43.046       0.100       0.000    1.87%      25.000     37.500     42.500
             214.000     427.174      -0.373      92.500    0.47%      47.500     60.000
     DBFAS_NW             40.779       0.244       0.000    1.01%      20.000     35.000     40.000
             199.000     439.720      -0.388     100.000    0.50%      45.000     60.000
     ABFA_MT              35.689       0.377       0.000    1.82%      16.667     29.167     33.333
             329.000     360.164      -0.082      95.833    0.30%      37.500     50.000
     BBFA_MT              36.117       0.287       0.000    3.06%      16.667     29.167     35.000
             229.000     346.693      -0.160      91.667    0.44%      40.000     50.000
     CBFA_MT              36.585       0.279       0.000    3.74%      20.833     29.167     35.417
             214.000     379.079      -0.493      83.333    0.93%      41.667     54.167
     DBFA_MT              36.118       0.428       0.000    1.51%      20.833     29.167     33.333
             199.000     353.862      -0.329      87.500    1.01%      37.500     50.000


THE MODEL ESTIMATION TERMINATED NORMALLY



MODEL FIT INFORMATION

Number of Free Parameters                       34

Loglikelihood

          H0 Value                      -21337.101
          H0 Scaling Correction Factor      1.2087
            for MLR

Information Criteria

          Akaike (AIC)                   42742.202
          Bayesian (BIC)                 42904.095
          Sample-Size Adjusted BIC       42796.120
            (n* = (n + 2) / 24)



MODEL RESULTS

                                                    Two-Tailed
                    Estimate       S.E.  Est./S.E.    P-Value

Group EARLIER

 P1       BY
    ABFAS_NW           1.000      0.000    999.000    999.000

 P2       BY
    BBFAS_NW           1.000      0.000    999.000    999.000

 P3       BY
    CBFAS_NW           1.000      0.000    999.000    999.000

 P4       BY
    DBFAS_NW           1.000      0.000    999.000    999.000

 V1       BY
    ABFA_MT            1.000      0.000    999.000    999.000

 V2       BY
    BBFA_MT            1.000      0.000    999.000    999.000

 V3       BY
    CBFA_MT            1.000      0.000    999.000    999.000

 V4       BY
    DBFA_MT            1.000      0.000    999.000    999.000

 P4         ON
    P3                 0.173      0.059      2.960      0.003
    V3                -0.025      0.046     -0.539      0.590

 P3         ON
    P2                 0.173      0.059      2.960      0.003
    V2                -0.025      0.046     -0.539      0.590

 P2         ON
    P1                 0.173      0.059      2.960      0.003
    V1                -0.025      0.046     -0.539      0.590

 V4         ON
    V3                 0.226      0.075      3.012      0.003
    P3                -0.091      0.051     -1.776      0.076

 V3         ON
    V2                 0.226      0.075      3.012      0.003
    P2                -0.091      0.051     -1.776      0.076

 V2         ON
    V1                 0.226      0.075      3.012      0.003
    P1                -0.091      0.051     -1.776      0.076

 S_BFAS_N WITH
    I_BFAS_NW         -0.944      0.938     -1.006      0.314
    S_BFA_MT           0.109      0.127      0.857      0.392
    I_BFA_MT           0.787      2.564      0.307      0.759

 I_BFAS_N WITH
    S_BFA_MT          -1.312      2.854     -0.460      0.646
    I_BFA_MT          66.411     17.311      3.836      0.000

 S_BFA_MT WITH
    I_BFA_MT          -0.874      0.880     -0.993      0.321

 P1       WITH
    V1                30.064      9.763      3.079      0.002

 P2       WITH
    V2                12.492      5.707      2.189      0.029

 P3       WITH
    V3                12.492      5.707      2.189      0.029

 P4       WITH
    V4                12.492      5.707      2.189      0.029

 Means
    P1                 0.000      0.000    999.000    999.000
    V1                 0.000      0.000    999.000    999.000
    I_BFAS_NW         46.350      0.670     69.190      0.000
    S_BFAS_NW         -0.278      0.061     -4.570      0.000
    I_BFA_MT          39.974      0.635     62.992      0.000
    S_BFA_MT          -0.250      0.058     -4.305      0.000

 Intercepts
    ABFAS_NW           0.000      0.000    999.000    999.000
    BBFAS_NW           0.000      0.000    999.000    999.000
    CBFAS_NW           0.000      0.000    999.000    999.000
    DBFAS_NW           0.000      0.000    999.000    999.000
    ABFA_MT            0.000      0.000    999.000    999.000
    BBFA_MT            0.000      0.000    999.000    999.000
    CBFA_MT            0.000      0.000    999.000    999.000
    DBFA_MT            0.000      0.000    999.000    999.000
    P2                 0.000      0.000    999.000    999.000
    P3                 0.000      0.000    999.000    999.000
    P4                 0.000      0.000    999.000    999.000
    V2                 0.000      0.000    999.000    999.000
    V3                 0.000      0.000    999.000    999.000
    V4                 0.000      0.000    999.000    999.000

 Variances
    P1               107.326     13.372      8.026      0.000
    V1               151.176     13.476     11.218      0.000
    I_BFAS_NW        306.402     22.843     13.414      0.000
    S_BFAS_NW          0.249      0.178      1.402      0.161
    I_BFA_MT         266.206     21.441     12.416      0.000
    S_BFA_MT           0.166      0.139      1.193      0.233

 Residual Variances
    ABFAS_NW           0.000      0.000    999.000    999.000
    BBFAS_NW           0.000      0.000    999.000    999.000
    CBFAS_NW           0.000      0.000    999.000    999.000
    DBFAS_NW           0.000      0.000    999.000    999.000
    ABFA_MT            0.000      0.000    999.000    999.000
    BBFA_MT            0.000      0.000    999.000    999.000
    CBFA_MT            0.000      0.000    999.000    999.000
    DBFA_MT            0.000      0.000    999.000    999.000
    P2                85.016      6.949     12.234      0.000
    P3                85.016      6.949     12.234      0.000
    P4                85.016      6.949     12.234      0.000
    V2               105.746     10.789      9.802      0.000
    V3               105.746     10.789      9.802      0.000
    V4               105.746     10.789      9.802      0.000

Group LATER

 P1       BY
    ABFAS_NW           1.000      0.000    999.000    999.000

 P2       BY
    BBFAS_NW           1.000      0.000    999.000    999.000

 P3       BY
    CBFAS_NW           1.000      0.000    999.000    999.000

 P4       BY
    DBFAS_NW           1.000      0.000    999.000    999.000

 V1       BY
    ABFA_MT            1.000      0.000    999.000    999.000

 V2       BY
    BBFA_MT            1.000      0.000    999.000    999.000

 V3       BY
    CBFA_MT            1.000      0.000    999.000    999.000

 V4       BY
    DBFA_MT            1.000      0.000    999.000    999.000

 P4         ON
    P3                 0.132      0.064      2.054      0.040
    V3                 0.056      0.046      1.220      0.222

 P3         ON
    P2                 0.132      0.064      2.054      0.040
    V2                 0.056      0.046      1.220      0.222

 P2         ON
    P1                 0.132      0.064      2.054      0.040
    V1                 0.056      0.046      1.220      0.222

 V4         ON
    V3                 0.050      0.094      0.538      0.591
    P3                 0.124      0.065      1.916      0.055

 V3         ON
    V2                 0.050      0.094      0.538      0.591
    P2                 0.124      0.065      1.916      0.055

 V2         ON
    V1                 0.050      0.094      0.538      0.591
    P1                 0.124      0.065      1.916      0.055

 S_BFAS_N WITH
    I_BFAS_NW         -0.944      0.938     -1.006      0.314
    S_BFA_MT           0.109      0.127      0.857      0.392
    I_BFA_MT           0.787      2.564      0.307      0.759

 I_BFAS_N WITH
    S_BFA_MT          -1.312      2.854     -0.460      0.646
    I_BFA_MT          66.411     17.311      3.836      0.000

 S_BFA_MT WITH
    I_BFA_MT          -0.874      0.880     -0.993      0.321

 P1       WITH
    V1                18.186      9.314      1.952      0.051

 P2       WITH
    V2                16.825      4.996      3.368      0.001

 P3       WITH
    V3                16.825      4.996      3.368      0.001

 P4       WITH
    V4                16.825      4.996      3.368      0.001

 Means
    P1                 0.000      0.000    999.000    999.000
    V1                 0.000      0.000    999.000    999.000
    I_BFAS_NW         46.350      0.670     69.190      0.000
    S_BFAS_NW         -0.278      0.061     -4.570      0.000
    I_BFA_MT          39.974      0.635     62.992      0.000
    S_BFA_MT          -0.250      0.058     -4.305      0.000

 Intercepts
    ABFAS_NW           0.000      0.000    999.000    999.000
    BBFAS_NW           0.000      0.000    999.000    999.000
    CBFAS_NW           0.000      0.000    999.000    999.000
    DBFAS_NW           0.000      0.000    999.000    999.000
    ABFA_MT            0.000      0.000    999.000    999.000
    BBFA_MT            0.000      0.000    999.000    999.000
    CBFA_MT            0.000      0.000    999.000    999.000
    DBFA_MT            0.000      0.000    999.000    999.000
    P2                 0.000      0.000    999.000    999.000
    P3                 0.000      0.000    999.000    999.000
    P4                 0.000      0.000    999.000    999.000
    V2                 0.000      0.000    999.000    999.000
    V3                 0.000      0.000    999.000    999.000
    V4                 0.000      0.000    999.000    999.000

 Variances
    P1               112.727     13.872      8.127      0.000
    V1               102.799     15.911      6.461      0.000
    I_BFAS_NW        306.402     22.843     13.414      0.000
    S_BFAS_NW          0.249      0.178      1.402      0.161
    I_BFA_MT         266.206     21.441     12.416      0.000
    S_BFA_MT           0.166      0.139      1.193      0.233

 Residual Variances
    ABFAS_NW           0.000      0.000    999.000    999.000
    BBFAS_NW           0.000      0.000    999.000    999.000
    CBFAS_NW           0.000      0.000    999.000    999.000
    DBFAS_NW           0.000      0.000    999.000    999.000
    ABFA_MT            0.000      0.000    999.000    999.000
    BBFA_MT            0.000      0.000    999.000    999.000
    CBFA_MT            0.000      0.000    999.000    999.000
    DBFA_MT            0.000      0.000    999.000    999.000
    P2                57.679      5.930      9.727      0.000
    P3                57.679      5.930      9.727      0.000
    P4                57.679      5.930      9.727      0.000
    V2                95.014     12.475      7.616      0.000
    V3                95.014     12.475      7.616      0.000
    V4                95.014     12.475      7.616      0.000


QUALITY OF NUMERICAL RESULTS

     Condition Number for the Information Matrix              0.543E-04
       (ratio of smallest to largest eigenvalue)


     Beginning Time:  17:39:26
        Ending Time:  17:39:39
       Elapsed Time:  00:00:13



MUTHEN & MUTHEN
3463 Stoner Ave.
Los Angeles, CA  90066

Tel: (310) 391-9971
Fax: (310) 391-8971
Web: www.StatModel.com
Support: Support@StatModel.com

Copyright (c) 1998-2017 Muthen & Muthen
