Mplus VERSION 8 (Linux)
MUTHEN & MUTHEN
07/07/2018   3:44 PM

INPUT INSTRUCTIONS


  title: PxVx Bivariate LCM-SR - post mi - Linear bfas_co with Linear vrt_col;
  data: file = /home/jflournoy/code_new/lnt_pxvx/Data/lnt_nat_recalc.tsv;

  variable:
  names =
  subjid
  aage
  aaspfin
  aaspfin_d
  abfa_mt
  abfa_mt_d
  abfas_ac
  abfas_ap
  abfas_ci
  abfas_co
  abfas_ea
  abfas_ee
  abfas_nv
  abfas_nv9
  abfas_nw
  abfas_oi
  abfas_oo
  abfi_a
  abfi_a6
  abfi_c
  abfi_d_scale
  abfi_e
  abfi_hp8
  abfi_n
  abfi_o
  abfi_s_scale
  ahrz_col
  ahrz_col_d
  ahrz_ind
  ahrz_ind_d
  amvi
  ausi
  ausi_d
  avrt_col
  avrt_col_d
  avrt_ind
  avrt_ind_d
  bage
  baspfin
  baspfin_d
  bbfa_mt
  bbfa_mt_d
  bbfas_ac
  bbfas_ap
  bbfas_ci
  bbfas_co
  bbfas_ea
  bbfas_ee
  bbfas_nv
  bbfas_nv9
  bbfas_nw
  bbfas_oi
  bbfas_oo
  bbfi_a
  bbfi_a6
  bbfi_c
  bbfi_d_scale
  bbfi_e
  bbfi_hp8
  bbfi_n
  bbfi_o
  bbfi_s_scale
  bhrz_col
  bhrz_col_d
  bhrz_ind
  bhrz_ind_d
  bmvi
  busi
  busi_d
  bvrt_col
  bvrt_col_d
  bvrt_ind
  bvrt_ind_d
  cage
  caspfin
  caspfin_d
  cbfa_mt
  cbfa_mt_d
  cbfas_ac
  cbfas_ap
  cbfas_ci
  cbfas_co
  cbfas_ea
  cbfas_ee
  cbfas_nv
  cbfas_nv9
  cbfas_nw
  cbfas_oi
  cbfas_oo
  cbfi_a
  cbfi_a6
  cbfi_c
  cbfi_d_scale
  cbfi_e
  cbfi_hp8
  cbfi_n
  cbfi_o
  cbfi_s_scale
  chrz_col
  chrz_col_d
  chrz_ind
  chrz_ind_d
  cmvi
  cusi
  cusi_d
  cvrt_col
  cvrt_col_d
  cvrt_ind
  cvrt_ind_d
  dage
  daspfin
  daspfin_d
  dbfa_mt
  dbfa_mt_d
  dbfas_ac
  dbfas_ap
  dbfas_ci
  dbfas_co
  dbfas_ea
  dbfas_ee
  dbfas_nv
  dbfas_nv9
  dbfas_nw
  dbfas_oi
  dbfas_oo
  dbfi_a
  dbfi_a6
  dbfi_c
  dbfi_d_scale
  dbfi_e
  dbfi_hp8
  dbfi_n
  dbfi_o
  dbfi_s_scale
  dhrz_col
  dhrz_col_d
  dhrz_ind
  dhrz_ind_d
  dmvi
  dusi
  dusi_d
  dvrt_col
  dvrt_col_d
  dvrt_ind
  dvrt_ind_d;

  USEVARIABLES =
  abfas_co
  bbfas_co
  cbfas_co
  dbfas_co
  avrt_col
  bvrt_col
  cvrt_col
  dvrt_col
  a1
  a2
  a3
  a4
  ;

  missing = all (-9999);

  tscores = a1 a2 a3 a4;

  DEFINE:
  a1 = aage + 0 - 36;
  a2 = aage + 1 - 36;
  a3 = aage + 2 - 36;
  a4 = aage + 3 - 36;

  ANALYSIS:
  TYPE=RANDOM;
  PROCESSORS = 6;
  model=nocovariances; ! supresses default estimation of certain covs in model;

  MODEL:

  i_bfas_co s_bfas_co | abfas_co bbfas_co cbfas_co dbfas_co AT a1 a2 a3 a4;
  i_vrt_col s_vrt_col | avrt_col bvrt_col cvrt_col dvrt_col AT a1 a2 a3 a4;

  ! freeing factor covs because of "nocovariances"
  s_bfas_co WITH i_bfas_co s_vrt_col i_vrt_col;
  i_bfas_co WITH s_vrt_col i_vrt_col;
  s_vrt_col WITH i_vrt_col;

  p1 BY abfas_co@1; ! Residual "factors";
  p2 BY bbfas_co@1;
  p3 BY cbfas_co@1;
  p4 BY dbfas_co@1;

  v1 BY avrt_col@1; ! Residual "factors";
  v2 BY bvrt_col@1;
  v3 BY cvrt_col@1;
  v4 BY dvrt_col@1;

  !residual variances on observed/manifest vars set to 0
  abfas_co@0;
  bbfas_co@0;
  cbfas_co@0;
  dbfas_co@0;

  !residual variances on observed/manifest vars set to 0
  avrt_col@0;
  bvrt_col@0;
  cvrt_col@0;
  dvrt_col@0;

  ! means of observed/manifest vars set to 0
  [abfas_co@0];
  [bbfas_co@0];
  [cbfas_co@0];
  [dbfas_co@0];

  ! means of observed/manifest vars set to 0
  [avrt_col@0];
  [bvrt_col@0];
  [cvrt_col@0];
  [dvrt_col@0];

  [p1@0]; ! means of residual "factors" set to 0
  [p2@0];
  [p3@0];
  [p4@0];

  [v1@0]; ! means of residual "factors" set to 0
  [v2@0];
  [v3@0];
  [v4@0];

  p4 on p3 (a); ! Autoregressive paths constrained to equality
  p3 on p2 (a);
  p2 on p1 (a);

  v4 on v3 (b); ! Autoregressive paths constrained to equality
  v3 on v2 (b);
  v2 on v1 (b);

  p4 on v3 (c); ! Cross-lagged paths constrained to equality
  p3 on v2 (c);
  p2 on v1 (c);

  v4 on p3 (d); ! Cross-lagged paths constrained to equality
  v3 on p2 (d);
  v2 on p1 (d);

  p1 with v1; !(this one is not like the others)

  p2 with v2 (e); ! Within-wave correlations constrained to equality
  p3 with v3 (e);
  p4 with v4 (e);

  p2 p3 p4 (f); ! estimate variances of residual "factors"
  v2 v3 v4 (g); ! estimate variances of residual "factors"

  OUTPUT: SAMPSTAT PATTERNS;



*** WARNING
  Data set contains cases with missing on time scores but non-missing on the
  corresponding dependent variables.  These cases were not included in the analysis.
  Number of such cases:  5
   1 WARNING(S) FOUND IN THE INPUT INSTRUCTIONS



PxVx Bivariate LCM-SR - post mi - Linear bfas_co with Linear vrt_col;

SUMMARY OF ANALYSIS

Number of groups                                                 1
Number of observations                                         864

Number of dependent variables                                    8
Number of independent variables                                  0
Number of continuous latent variables                           12

Observed dependent variables

  Continuous
   ABFAS_CO    BBFAS_CO    CBFAS_CO    DBFAS_CO    AVRT_COL    BVRT_COL
   CVRT_COL    DVRT_COL

Continuous latent variables
   P1          P2          P3          P4          V1          V2
   V3          V4          I_BFAS_C    S_BFAS_C    I_VRT_CO    S_VRT_CO

Variables with special functions

  Time scores
   A1          A2          A3          A4


Estimator                                                      MLR
Information matrix                                        OBSERVED
Maximum number of iterations                                   100
Convergence criterion                                    0.100D-05
Maximum number of EM iterations                                500
Convergence criteria for the EM algorithm
  Loglikelihood change                                   0.100D-02
  Relative loglikelihood change                          0.100D-05
  Derivative                                             0.100D-03
Minimum variance                                         0.100D-03
Maximum number of steepest descent iterations                   20
Maximum number of iterations for H1                           2000
Convergence criterion for H1                             0.100D-03
Optimization algorithm                                         EMA

Input data file(s)
  /home/jflournoy/code_new/lnt_pxvx/Data/lnt_nat_recalc.tsv
Input data format  FREE


SUMMARY OF DATA

     Number of missing data patterns            19


SUMMARY OF MISSING DATA PATTERNS


     MISSING DATA PATTERNS (x = not missing)

           1  2  3  4  5  6  7  8  9 10 11 12 13 14 15 16 17 18 19
 ABFAS_CO  x  x  x  x  x  x  x  x  x  x  x  x  x     x  x  x  x  x
 BBFAS_CO  x     x  x     x     x     x  x  x     x     x     x
 CBFAS_CO  x           x  x     x  x     x  x  x  x        x  x
 DBFAS_CO  x     x     x  x  x              x  x  x     x        x
 AVRT_COL  x  x  x  x  x  x  x  x  x  x  x  x  x  x     x  x  x  x
 BVRT_COL  x     x  x     x     x        x     x  x           x
 CVRT_COL  x           x        x  x        x  x  x           x
 DVRT_COL  x     x     x  x  x              x  x  x     x     x


     MISSING DATA PATTERN FREQUENCIES

    Pattern   Frequency     Pattern   Frequency     Pattern   Frequency
          1         488           8          46          15           1
          2         169           9          23          16           1
          3          26          10           4          17           1
          4          48          11           1          18           1
          5          21          12           3          19           1
          6           2          13           2
          7          24          14           2


COVARIANCE COVERAGE OF DATA

Minimum covariance coverage value   0.100


     PROPORTION OF DATA PRESENT


           Covariance Coverage
              ABFAS_CO      BBFAS_CO      CBFAS_CO      DBFAS_CO      AVRT_COL
              ________      ________      ________      ________      ________
 ABFAS_CO       0.998
 BBFAS_CO       0.718         0.720
 CBFAS_CO       0.681         0.628         0.683
 DBFAS_CO       0.657         0.604         0.600         0.660
 AVRT_COL       0.997         0.720         0.683         0.660         0.999
 BVRT_COL       0.711         0.711         0.627         0.602         0.713
 CVRT_COL       0.676         0.625         0.678         0.597         0.678
 DVRT_COL       0.657         0.605         0.601         0.659         0.660


           Covariance Coverage
              BVRT_COL      CVRT_COL      DVRT_COL
              ________      ________      ________
 BVRT_COL       0.713
 CVRT_COL       0.624         0.678
 DVRT_COL       0.603         0.598         0.660


SAMPLE STATISTICS


     ESTIMATED SAMPLE STATISTICS


           Means
              ABFAS_CO      BBFAS_CO      CBFAS_CO      DBFAS_CO      AVRT_COL
              ________      ________      ________      ________      ________
               61.835        61.640        62.080        62.157        71.541


           Means
              BVRT_COL      CVRT_COL      DVRT_COL
              ________      ________      ________
               70.260        68.599        68.787


           Covariances
              ABFAS_CO      BBFAS_CO      CBFAS_CO      DBFAS_CO      AVRT_COL
              ________      ________      ________      ________      ________
 ABFAS_CO     272.306
 BBFAS_CO     219.366       275.597
 CBFAS_CO     212.179       222.538       264.241
 DBFAS_CO     206.929       212.613       218.901       269.600
 AVRT_COL      64.398        64.060        52.603        51.438       328.490
 BVRT_COL      64.601        68.342        48.729        47.190       241.169
 CVRT_COL      65.584        64.307        61.562        52.478       227.555
 DVRT_COL      68.974        67.996        63.072        70.212       240.370


           Covariances
              BVRT_COL      CVRT_COL      DVRT_COL
              ________      ________      ________
 BVRT_COL     353.650
 CVRT_COL     260.421       373.005
 DVRT_COL     262.332       276.527       365.675


           Correlations
              ABFAS_CO      BBFAS_CO      CBFAS_CO      DBFAS_CO      AVRT_COL
              ________      ________      ________      ________      ________
 ABFAS_CO       1.000
 BBFAS_CO       0.801         1.000
 CBFAS_CO       0.791         0.825         1.000
 DBFAS_CO       0.764         0.780         0.820         1.000
 AVRT_COL       0.215         0.213         0.179         0.173         1.000
 BVRT_COL       0.208         0.219         0.159         0.153         0.708
 CVRT_COL       0.206         0.201         0.196         0.165         0.650
 DVRT_COL       0.219         0.214         0.203         0.224         0.694


           Correlations
              BVRT_COL      CVRT_COL      DVRT_COL
              ________      ________      ________
 BVRT_COL       1.000
 CVRT_COL       0.717         1.000
 DVRT_COL       0.729         0.749         1.000


     MAXIMUM LOG-LIKELIHOOD VALUE FOR THE UNRESTRICTED (H1) MODEL IS -20785.333


UNIVARIATE SAMPLE STATISTICS


     UNIVARIATE HIGHER-ORDER MOMENT DESCRIPTIVE STATISTICS

         Variable/         Mean/     Skewness/   Minimum/ % with                Percentiles
        Sample Size      Variance    Kurtosis    Maximum  Min/Max      20%/60%    40%/80%    Median

     ABFAS_CO             61.830      -0.239      10.000    0.35%      47.500     57.500     62.500
             862.000     271.916      -0.249     100.000    0.35%      67.500     77.500
     BBFAS_CO             61.984      -0.077      12.500    0.16%      47.500     57.500     62.500
             622.000     276.394      -0.550     100.000    0.32%      66.667     77.500
     CBFAS_CO             62.020      -0.137      20.000    0.34%      47.500     57.500     62.500
             590.000     270.946      -0.525     100.000    0.34%      67.500     77.500
     DBFAS_CO             62.558      -0.215       7.500    0.18%      47.500     60.000     62.500
             570.000     274.604      -0.343     100.000    0.88%      67.500     77.500
     AVRT_COL             71.543      -0.604       6.250    0.12%      56.250     68.750     75.000
             863.000     328.502       0.178     100.000    6.03%      75.000     87.500
     BVRT_COL             69.897      -0.489       6.250    0.16%      56.250     68.750     68.750
             616.000     351.791      -0.188     100.000    5.52%      75.000     87.500
     CVRT_COL             68.259      -0.598       6.250    0.68%      50.000     62.500     68.750
             586.000     374.386       0.117     100.000    4.78%      75.000     87.500
     DVRT_COL             68.531      -0.600       0.000    0.18%      50.000     68.750     68.750
             570.000     369.881       0.094     100.000    4.74%      75.000     87.500


THE MODEL ESTIMATION TERMINATED NORMALLY



MODEL FIT INFORMATION

Number of Free Parameters                       24

Loglikelihood

          H0 Value                      -20809.587
          H0 Scaling Correction Factor      1.1640
            for MLR

Information Criteria

          Akaike (AIC)                   41667.174
          Bayesian (BIC)                 41781.452
          Sample-Size Adjusted BIC       41705.234
            (n* = (n + 2) / 24)



MODEL RESULTS

                                                    Two-Tailed
                    Estimate       S.E.  Est./S.E.    P-Value

 P1       BY
    ABFAS_CO           1.000      0.000    999.000    999.000

 P2       BY
    BBFAS_CO           1.000      0.000    999.000    999.000

 P3       BY
    CBFAS_CO           1.000      0.000    999.000    999.000

 P4       BY
    DBFAS_CO           1.000      0.000    999.000    999.000

 V1       BY
    AVRT_COL           1.000      0.000    999.000    999.000

 V2       BY
    BVRT_COL           1.000      0.000    999.000    999.000

 V3       BY
    CVRT_COL           1.000      0.000    999.000    999.000

 V4       BY
    DVRT_COL           1.000      0.000    999.000    999.000

 P4         ON
    P3                 0.150      0.054      2.754      0.006
    V3                 0.005      0.032      0.163      0.870

 P3         ON
    P2                 0.150      0.054      2.754      0.006
    V2                 0.005      0.032      0.163      0.870

 P2         ON
    P1                 0.150      0.054      2.754      0.006
    V1                 0.005      0.032      0.163      0.870

 V4         ON
    V3                 0.144      0.052      2.756      0.006
    P3                 0.070      0.065      1.076      0.282

 V3         ON
    V2                 0.144      0.052      2.756      0.006
    P2                 0.070      0.065      1.076      0.282

 V2         ON
    V1                 0.144      0.052      2.756      0.006
    P1                 0.070      0.065      1.076      0.282

 S_BFAS_C WITH
    I_BFAS_CO         -0.813      0.598     -1.359      0.174
    S_VRT_COL          0.133      0.091      1.462      0.144
    I_VRT_COL         -1.664      1.870     -0.890      0.373

 I_BFAS_C WITH
    S_VRT_COL          1.717      1.990      0.863      0.388
    I_VRT_COL         40.227     12.295      3.272      0.001

 S_VRT_CO WITH
    I_VRT_COL         -0.590      0.760     -0.776      0.438

 P1       WITH
    V1                 0.840      5.113      0.164      0.870

 P2       WITH
    V2                10.646      3.639      2.926      0.003

 P3       WITH
    V3                10.646      3.639      2.926      0.003

 P4       WITH
    V4                10.646      3.639      2.926      0.003

 Means
    P1                 0.000      0.000    999.000    999.000
    V1                 0.000      0.000    999.000    999.000
    I_BFAS_CO         62.070      0.538    115.467      0.000
    S_BFAS_CO          0.074      0.048      1.525      0.127
    I_VRT_COL         70.139      0.574    122.272      0.000
    S_VRT_COL          0.166      0.053      3.119      0.002

 Intercepts
    ABFAS_CO           0.000      0.000    999.000    999.000
    BBFAS_CO           0.000      0.000    999.000    999.000
    CBFAS_CO           0.000      0.000    999.000    999.000
    DBFAS_CO           0.000      0.000    999.000    999.000
    AVRT_COL           0.000      0.000    999.000    999.000
    BVRT_COL           0.000      0.000    999.000    999.000
    CVRT_COL           0.000      0.000    999.000    999.000
    DVRT_COL           0.000      0.000    999.000    999.000
    P2                 0.000      0.000    999.000    999.000
    P3                 0.000      0.000    999.000    999.000
    P4                 0.000      0.000    999.000    999.000
    V2                 0.000      0.000    999.000    999.000
    V3                 0.000      0.000    999.000    999.000
    V4                 0.000      0.000    999.000    999.000

 Variances
    P1                63.281      5.320     11.896      0.000
    V1               115.368      9.451     12.207      0.000
    I_BFAS_CO        192.394     13.976     13.766      0.000
    S_BFAS_CO          0.186      0.117      1.591      0.112
    I_VRT_COL        209.311     19.696     10.627      0.000
    S_VRT_COL          0.199      0.149      1.332      0.183

 Residual Variances
    ABFAS_CO           0.000      0.000    999.000    999.000
    BBFAS_CO           0.000      0.000    999.000    999.000
    CBFAS_CO           0.000      0.000    999.000    999.000
    DBFAS_CO           0.000      0.000    999.000    999.000
    AVRT_COL           0.000      0.000    999.000    999.000
    BVRT_COL           0.000      0.000    999.000    999.000
    CVRT_COL           0.000      0.000    999.000    999.000
    DVRT_COL           0.000      0.000    999.000    999.000
    P2                57.052      4.010     14.226      0.000
    P3                57.052      4.010     14.226      0.000
    P4                57.052      4.010     14.226      0.000
    V2               113.243      7.558     14.983      0.000
    V3               113.243      7.558     14.983      0.000
    V4               113.243      7.558     14.983      0.000


QUALITY OF NUMERICAL RESULTS

     Condition Number for the Information Matrix              0.935E-05
       (ratio of smallest to largest eigenvalue)


     Beginning Time:  15:44:06
        Ending Time:  15:44:15
       Elapsed Time:  00:00:09



MUTHEN & MUTHEN
3463 Stoner Ave.
Los Angeles, CA  90066

Tel: (310) 391-9971
Fax: (310) 391-8971
Web: www.StatModel.com
Support: Support@StatModel.com

Copyright (c) 1998-2017 Muthen & Muthen
