Mplus VERSION 8 (Linux)
MUTHEN & MUTHEN
07/07/2018   3:37 PM

INPUT INSTRUCTIONS


  title: PxVx Bivariate LCM-SR - post mi - Linear bfas_ap with Linear bfa_mt;
  data: file = /home/jflournoy/code_new/lnt_pxvx/Data/lnt_nat_recalc.tsv;

  variable:
  names =
  subjid
  aage
  aaspfin
  aaspfin_d
  abfa_mt
  abfa_mt_d
  abfas_ac
  abfas_ap
  abfas_ci
  abfas_co
  abfas_ea
  abfas_ee
  abfas_nv
  abfas_nv9
  abfas_nw
  abfas_oi
  abfas_oo
  abfi_a
  abfi_a6
  abfi_c
  abfi_d_scale
  abfi_e
  abfi_hp8
  abfi_n
  abfi_o
  abfi_s_scale
  ahrz_col
  ahrz_col_d
  ahrz_ind
  ahrz_ind_d
  amvi
  ausi
  ausi_d
  avrt_col
  avrt_col_d
  avrt_ind
  avrt_ind_d
  bage
  baspfin
  baspfin_d
  bbfa_mt
  bbfa_mt_d
  bbfas_ac
  bbfas_ap
  bbfas_ci
  bbfas_co
  bbfas_ea
  bbfas_ee
  bbfas_nv
  bbfas_nv9
  bbfas_nw
  bbfas_oi
  bbfas_oo
  bbfi_a
  bbfi_a6
  bbfi_c
  bbfi_d_scale
  bbfi_e
  bbfi_hp8
  bbfi_n
  bbfi_o
  bbfi_s_scale
  bhrz_col
  bhrz_col_d
  bhrz_ind
  bhrz_ind_d
  bmvi
  busi
  busi_d
  bvrt_col
  bvrt_col_d
  bvrt_ind
  bvrt_ind_d
  cage
  caspfin
  caspfin_d
  cbfa_mt
  cbfa_mt_d
  cbfas_ac
  cbfas_ap
  cbfas_ci
  cbfas_co
  cbfas_ea
  cbfas_ee
  cbfas_nv
  cbfas_nv9
  cbfas_nw
  cbfas_oi
  cbfas_oo
  cbfi_a
  cbfi_a6
  cbfi_c
  cbfi_d_scale
  cbfi_e
  cbfi_hp8
  cbfi_n
  cbfi_o
  cbfi_s_scale
  chrz_col
  chrz_col_d
  chrz_ind
  chrz_ind_d
  cmvi
  cusi
  cusi_d
  cvrt_col
  cvrt_col_d
  cvrt_ind
  cvrt_ind_d
  dage
  daspfin
  daspfin_d
  dbfa_mt
  dbfa_mt_d
  dbfas_ac
  dbfas_ap
  dbfas_ci
  dbfas_co
  dbfas_ea
  dbfas_ee
  dbfas_nv
  dbfas_nv9
  dbfas_nw
  dbfas_oi
  dbfas_oo
  dbfi_a
  dbfi_a6
  dbfi_c
  dbfi_d_scale
  dbfi_e
  dbfi_hp8
  dbfi_n
  dbfi_o
  dbfi_s_scale
  dhrz_col
  dhrz_col_d
  dhrz_ind
  dhrz_ind_d
  dmvi
  dusi
  dusi_d
  dvrt_col
  dvrt_col_d
  dvrt_ind
  dvrt_ind_d;

  USEVARIABLES =
  abfas_ap
  bbfas_ap
  cbfas_ap
  dbfas_ap
  abfa_mt
  bbfa_mt
  cbfa_mt
  dbfa_mt
  a1
  a2
  a3
  a4
  ;

  missing = all (-9999);

  tscores = a1 a2 a3 a4;

  DEFINE:
  a1 = aage + 0 - 36;
  a2 = aage + 1 - 36;
  a3 = aage + 2 - 36;
  a4 = aage + 3 - 36;

  ANALYSIS:
  TYPE=RANDOM;
  PROCESSORS = 6;
  model=nocovariances; ! supresses default estimation of certain covs in model;

  MODEL:

  i_bfas_ap s_bfas_ap | abfas_ap bbfas_ap cbfas_ap dbfas_ap AT a1 a2 a3 a4;
  i_bfa_mt s_bfa_mt | abfa_mt bbfa_mt cbfa_mt dbfa_mt AT a1 a2 a3 a4;

  ! freeing factor covs because of "nocovariances"
  s_bfas_ap WITH i_bfas_ap s_bfa_mt i_bfa_mt;
  i_bfas_ap WITH s_bfa_mt i_bfa_mt;
  s_bfa_mt WITH i_bfa_mt;

  p1 BY abfas_ap@1; ! Residual "factors";
  p2 BY bbfas_ap@1;
  p3 BY cbfas_ap@1;
  p4 BY dbfas_ap@1;

  v1 BY abfa_mt@1; ! Residual "factors";
  v2 BY bbfa_mt@1;
  v3 BY cbfa_mt@1;
  v4 BY dbfa_mt@1;

  !residual variances on observed/manifest vars set to 0
  abfas_ap@0;
  bbfas_ap@0;
  cbfas_ap@0;
  dbfas_ap@0;

  !residual variances on observed/manifest vars set to 0
  abfa_mt@0;
  bbfa_mt@0;
  cbfa_mt@0;
  dbfa_mt@0;

  ! means of observed/manifest vars set to 0
  [abfas_ap@0];
  [bbfas_ap@0];
  [cbfas_ap@0];
  [dbfas_ap@0];

  ! means of observed/manifest vars set to 0
  [abfa_mt@0];
  [bbfa_mt@0];
  [cbfa_mt@0];
  [dbfa_mt@0];

  [p1@0]; ! means of residual "factors" set to 0
  [p2@0];
  [p3@0];
  [p4@0];

  [v1@0]; ! means of residual "factors" set to 0
  [v2@0];
  [v3@0];
  [v4@0];

  p4 on p3 (a); ! Autoregressive paths constrained to equality
  p3 on p2 (a);
  p2 on p1 (a);

  v4 on v3 (b); ! Autoregressive paths constrained to equality
  v3 on v2 (b);
  v2 on v1 (b);

  p4 on v3 (c); ! Cross-lagged paths constrained to equality
  p3 on v2 (c);
  p2 on v1 (c);

  v4 on p3 (d); ! Cross-lagged paths constrained to equality
  v3 on p2 (d);
  v2 on p1 (d);

  p1 with v1; !(this one is not like the others)

  p2 with v2 (e); ! Within-wave correlations constrained to equality
  p3 with v3 (e);
  p4 with v4 (e);

  p2 p3 p4 (f); ! estimate variances of residual "factors"
  v2 v3 v4 (g); ! estimate variances of residual "factors"

  OUTPUT: SAMPSTAT PATTERNS;



*** WARNING
  Data set contains cases with missing on time scores but non-missing on the
  corresponding dependent variables.  These cases were not included in the analysis.
  Number of such cases:  5
   1 WARNING(S) FOUND IN THE INPUT INSTRUCTIONS



PxVx Bivariate LCM-SR - post mi - Linear bfas_ap with Linear bfa_mt;

SUMMARY OF ANALYSIS

Number of groups                                                 1
Number of observations                                         864

Number of dependent variables                                    8
Number of independent variables                                  0
Number of continuous latent variables                           12

Observed dependent variables

  Continuous
   ABFAS_AP    BBFAS_AP    CBFAS_AP    DBFAS_AP    ABFA_MT     BBFA_MT
   CBFA_MT     DBFA_MT

Continuous latent variables
   P1          P2          P3          P4          V1          V2
   V3          V4          I_BFAS_A    S_BFAS_A    I_BFA_MT    S_BFA_MT

Variables with special functions

  Time scores
   A1          A2          A3          A4


Estimator                                                      MLR
Information matrix                                        OBSERVED
Maximum number of iterations                                   100
Convergence criterion                                    0.100D-05
Maximum number of EM iterations                                500
Convergence criteria for the EM algorithm
  Loglikelihood change                                   0.100D-02
  Relative loglikelihood change                          0.100D-05
  Derivative                                             0.100D-03
Minimum variance                                         0.100D-03
Maximum number of steepest descent iterations                   20
Maximum number of iterations for H1                           2000
Convergence criterion for H1                             0.100D-03
Optimization algorithm                                         EMA

Input data file(s)
  /home/jflournoy/code_new/lnt_pxvx/Data/lnt_nat_recalc.tsv
Input data format  FREE


SUMMARY OF DATA

     Number of missing data patterns            11


SUMMARY OF MISSING DATA PATTERNS


     MISSING DATA PATTERNS (x = not missing)

           1  2  3  4  5  6  7  8  9 10 11
 ABFAS_AP  x  x  x  x  x  x  x  x  x
 BBFAS_AP  x     x  x        x     x  x  x
 CBFAS_AP  x           x     x  x  x  x  x
 DBFAS_AP  x     x     x  x        x  x  x
 ABFA_MT   x  x  x  x  x  x  x  x  x     x
 BBFA_MT   x     x  x        x        x  x
 CBFA_MT   x           x     x  x  x  x  x
 DBFA_MT   x     x     x  x        x  x  x


     MISSING DATA PATTERN FREQUENCIES

    Pattern   Frequency     Pattern   Frequency     Pattern   Frequency
          1         492           5          22           9           1
          2         170           6          25          10           2
          3          27           7          48          11           1
          4          52           8          24


COVARIANCE COVERAGE OF DATA

Minimum covariance coverage value   0.100


     PROPORTION OF DATA PRESENT


           Covariance Coverage
              ABFAS_AP      BBFAS_AP      CBFAS_AP      DBFAS_AP      ABFA_MT
              ________      ________      ________      ________      ________
 ABFAS_AP       0.997
 BBFAS_AP       0.718         0.721
 CBFAS_AP       0.679         0.630         0.683
 DBFAS_AP       0.656         0.605         0.600         0.660
 ABFA_MT        0.997         0.719         0.681         0.657         0.998
 BBFA_MT        0.716         0.720         0.628         0.604         0.718
 CBFA_MT        0.679         0.630         0.683         0.600         0.681
 DBFA_MT        0.656         0.605         0.600         0.660         0.657


           Covariance Coverage
              BBFA_MT       CBFA_MT       DBFA_MT
              ________      ________      ________
 BBFA_MT        0.720
 CBFA_MT        0.628         0.683
 DBFA_MT        0.604         0.600         0.660


SAMPLE STATISTICS


     ESTIMATED SAMPLE STATISTICS


           Means
              ABFAS_AP      BBFAS_AP      CBFAS_AP      DBFAS_AP      ABFA_MT
              ________      ________      ________      ________      ________
               69.779        70.703        70.803        71.026        39.748


           Means
              BBFA_MT       CBFA_MT       DBFA_MT
              ________      ________      ________
               39.782        39.621        39.656


           Covariances
              ABFAS_AP      BBFAS_AP      CBFAS_AP      DBFAS_AP      ABFA_MT
              ________      ________      ________      ________      ________
 ABFAS_AP     264.840
 BBFAS_AP     205.396       256.873
 CBFAS_AP     195.399       200.049       246.704
 DBFAS_AP     195.150       194.345       204.452       246.781
 ABFA_MT      -93.216       -90.598       -81.304       -74.985       403.772
 BBFA_MT      -89.886      -101.404       -82.653       -85.198       301.841
 CBFA_MT      -84.771       -89.183       -87.436       -88.662       295.082
 DBFA_MT      -92.091       -95.819       -91.181       -94.446       281.436


           Covariances
              BBFA_MT       CBFA_MT       DBFA_MT
              ________      ________      ________
 BBFA_MT      399.105
 CBFA_MT      323.261       417.562
 DBFA_MT      304.206       324.483       407.639


           Correlations
              ABFAS_AP      BBFAS_AP      CBFAS_AP      DBFAS_AP      ABFA_MT
              ________      ________      ________      ________      ________
 ABFAS_AP       1.000
 BBFAS_AP       0.787         1.000
 CBFAS_AP       0.764         0.795         1.000
 DBFAS_AP       0.763         0.772         0.829         1.000
 ABFA_MT       -0.285        -0.281        -0.258        -0.238         1.000
 BBFA_MT       -0.276        -0.317        -0.263        -0.271         0.752
 CBFA_MT       -0.255        -0.272        -0.272        -0.276         0.719
 DBFA_MT       -0.280        -0.296        -0.288        -0.298         0.694


           Correlations
              BBFA_MT       CBFA_MT       DBFA_MT
              ________      ________      ________
 BBFA_MT        1.000
 CBFA_MT        0.792         1.000
 DBFA_MT        0.754         0.786         1.000


     MAXIMUM LOG-LIKELIHOOD VALUE FOR THE UNRESTRICTED (H1) MODEL IS -20825.094


UNIVARIATE SAMPLE STATISTICS


     UNIVARIATE HIGHER-ORDER MOMENT DESCRIPTIVE STATISTICS

         Variable/         Mean/     Skewness/   Minimum/ % with                Percentiles
        Sample Size      Variance    Kurtosis    Maximum  Min/Max      20%/60%    40%/80%    Median

     ABFAS_AP             69.780      -0.495       5.000    0.12%      55.000     67.500     70.000
             861.000     265.037       0.011     100.000    1.16%      75.000     85.000
     BBFAS_AP             70.636      -0.393      20.000    0.16%      56.250     67.500     72.500
             623.000     255.904      -0.469     100.000    1.44%      77.500     85.000
     CBFAS_AP             70.619      -0.514      15.000    0.17%      57.500     67.500     72.500
             590.000     249.953      -0.020     100.000    1.19%      75.000     85.000
     DBFAS_AP             70.955      -0.481      17.500    0.18%      57.500     67.500     72.500
             570.000     242.474      -0.172     100.000    0.70%      75.000     85.000
     ABFA_MT              39.773       0.270       0.000    1.74%      20.833     33.333     37.500
             862.000     404.014      -0.332     100.000    0.12%      45.833     58.333
     BBFA_MT              39.768       0.295       0.000    1.93%      20.833     33.333     37.500
             622.000     400.222      -0.310     100.000    0.16%      45.833     58.333
     CBFA_MT              39.782       0.255       0.000    2.54%      20.833     33.333     37.500
             590.000     416.290      -0.408     100.000    0.17%      45.833     58.333
     DBFA_MT              39.990       0.305       0.000    2.28%      20.833     33.333     37.500
             570.000     412.123      -0.235     100.000    0.53%      45.833     58.333


THE MODEL ESTIMATION TERMINATED NORMALLY



MODEL FIT INFORMATION

Number of Free Parameters                       24

Loglikelihood

          H0 Value                      -20816.857
          H0 Scaling Correction Factor      1.2067
            for MLR

Information Criteria

          Akaike (AIC)                   41681.714
          Bayesian (BIC)                 41795.992
          Sample-Size Adjusted BIC       41719.774
            (n* = (n + 2) / 24)



MODEL RESULTS

                                                    Two-Tailed
                    Estimate       S.E.  Est./S.E.    P-Value

 P1       BY
    ABFAS_AP           1.000      0.000    999.000    999.000

 P2       BY
    BBFAS_AP           1.000      0.000    999.000    999.000

 P3       BY
    CBFAS_AP           1.000      0.000    999.000    999.000

 P4       BY
    DBFAS_AP           1.000      0.000    999.000    999.000

 V1       BY
    ABFA_MT            1.000      0.000    999.000    999.000

 V2       BY
    BBFA_MT            1.000      0.000    999.000    999.000

 V3       BY
    CBFA_MT            1.000      0.000    999.000    999.000

 V4       BY
    DBFA_MT            1.000      0.000    999.000    999.000

 P4         ON
    P3                 0.137      0.051      2.683      0.007
    V3                -0.019      0.029     -0.680      0.496

 P3         ON
    P2                 0.137      0.051      2.683      0.007
    V2                -0.019      0.029     -0.680      0.496

 P2         ON
    P1                 0.137      0.051      2.683      0.007
    V1                -0.019      0.029     -0.680      0.496

 V4         ON
    V3                 0.167      0.060      2.796      0.005
    P3                -0.005      0.052     -0.101      0.920

 V3         ON
    V2                 0.167      0.060      2.796      0.005
    P2                -0.005      0.052     -0.101      0.920

 V2         ON
    V1                 0.167      0.060      2.796      0.005
    P1                -0.005      0.052     -0.101      0.920

 S_BFAS_A WITH
    I_BFAS_AP         -0.533      0.557     -0.957      0.338
    S_BFA_MT          -0.013      0.086     -0.157      0.875
    I_BFA_MT           1.237      2.008      0.616      0.538

 I_BFAS_A WITH
    S_BFA_MT          -1.662      2.112     -0.787      0.431
    I_BFA_MT         -74.922     12.456     -6.015      0.000

 S_BFA_MT WITH
    I_BFA_MT          -1.138      0.846     -1.345      0.179

 P1       WITH
    V1               -11.368      6.186     -1.838      0.066

 P2       WITH
    V2                -6.845      3.241     -2.112      0.035

 P3       WITH
    V3                -6.845      3.241     -2.112      0.035

 P4       WITH
    V4                -6.845      3.241     -2.112      0.035

 Means
    P1                 0.000      0.000    999.000    999.000
    V1                 0.000      0.000    999.000    999.000
    I_BFAS_AP         70.109      0.505    138.808      0.000
    S_BFAS_AP          0.285      0.044      6.473      0.000
    I_BFA_MT          40.036      0.634     63.191      0.000
    S_BFA_MT          -0.256      0.058     -4.429      0.000

 Intercepts
    ABFAS_AP           0.000      0.000    999.000    999.000
    BBFAS_AP           0.000      0.000    999.000    999.000
    CBFAS_AP           0.000      0.000    999.000    999.000
    DBFAS_AP           0.000      0.000    999.000    999.000
    ABFA_MT            0.000      0.000    999.000    999.000
    BBFA_MT            0.000      0.000    999.000    999.000
    CBFA_MT            0.000      0.000    999.000    999.000
    DBFA_MT            0.000      0.000    999.000    999.000
    P2                 0.000      0.000    999.000    999.000
    P3                 0.000      0.000    999.000    999.000
    P4                 0.000      0.000    999.000    999.000
    V2                 0.000      0.000    999.000    999.000
    V3                 0.000      0.000    999.000    999.000
    V4                 0.000      0.000    999.000    999.000

 Variances
    P1                69.540      5.948     11.691      0.000
    V1               131.404     10.262     12.806      0.000
    I_BFAS_AP        181.367     12.899     14.061      0.000
    S_BFAS_AP          0.059      0.097      0.611      0.541
    I_BFA_MT         269.619     20.753     12.992      0.000
    S_BFA_MT           0.149      0.133      1.121      0.262

 Residual Variances
    ABFAS_AP           0.000      0.000    999.000    999.000
    BBFAS_AP           0.000      0.000    999.000    999.000
    CBFAS_AP           0.000      0.000    999.000    999.000
    DBFAS_AP           0.000      0.000    999.000    999.000
    ABFA_MT            0.000      0.000    999.000    999.000
    BBFA_MT            0.000      0.000    999.000    999.000
    CBFA_MT            0.000      0.000    999.000    999.000
    DBFA_MT            0.000      0.000    999.000    999.000
    P2                54.774      3.712     14.758      0.000
    P3                54.774      3.712     14.758      0.000
    P4                54.774      3.712     14.758      0.000
    V2               103.036      8.351     12.339      0.000
    V3               103.036      8.351     12.339      0.000
    V4               103.036      8.351     12.339      0.000


QUALITY OF NUMERICAL RESULTS

     Condition Number for the Information Matrix              0.218E-04
       (ratio of smallest to largest eigenvalue)


     Beginning Time:  15:37:24
        Ending Time:  15:37:44
       Elapsed Time:  00:00:20



MUTHEN & MUTHEN
3463 Stoner Ave.
Los Angeles, CA  90066

Tel: (310) 391-9971
Fax: (310) 391-8971
Web: www.StatModel.com
Support: Support@StatModel.com

Copyright (c) 1998-2017 Muthen & Muthen
