Mplus VERSION 8 (Linux)
MUTHEN & MUTHEN
07/08/2018   5:22 PM

INPUT INSTRUCTIONS


  title: PxVx Bivariate LCM-SR - decadegroup - Linear bfas_ap with Linear usi;
  data: file = /home/jflournoy/code_new/lnt_pxvx/Data/lnt_nat_recalc.tsv;

  variable:
  names =
  subjid
  aage
  aaspfin
  aaspfin_d
  abfa_mt
  abfa_mt_d
  abfas_ac
  abfas_ap
  abfas_ci
  abfas_co
  abfas_ea
  abfas_ee
  abfas_nv
  abfas_nv9
  abfas_nw
  abfas_oi
  abfas_oo
  abfi_a
  abfi_a6
  abfi_c
  abfi_d_scale
  abfi_e
  abfi_hp8
  abfi_n
  abfi_o
  abfi_s_scale
  ahrz_col
  ahrz_col_d
  ahrz_ind
  ahrz_ind_d
  amvi
  ausi
  ausi_d
  avrt_col
  avrt_col_d
  avrt_ind
  avrt_ind_d
  bage
  baspfin
  baspfin_d
  bbfa_mt
  bbfa_mt_d
  bbfas_ac
  bbfas_ap
  bbfas_ci
  bbfas_co
  bbfas_ea
  bbfas_ee
  bbfas_nv
  bbfas_nv9
  bbfas_nw
  bbfas_oi
  bbfas_oo
  bbfi_a
  bbfi_a6
  bbfi_c
  bbfi_d_scale
  bbfi_e
  bbfi_hp8
  bbfi_n
  bbfi_o
  bbfi_s_scale
  bhrz_col
  bhrz_col_d
  bhrz_ind
  bhrz_ind_d
  bmvi
  busi
  busi_d
  bvrt_col
  bvrt_col_d
  bvrt_ind
  bvrt_ind_d
  cage
  caspfin
  caspfin_d
  cbfa_mt
  cbfa_mt_d
  cbfas_ac
  cbfas_ap
  cbfas_ci
  cbfas_co
  cbfas_ea
  cbfas_ee
  cbfas_nv
  cbfas_nv9
  cbfas_nw
  cbfas_oi
  cbfas_oo
  cbfi_a
  cbfi_a6
  cbfi_c
  cbfi_d_scale
  cbfi_e
  cbfi_hp8
  cbfi_n
  cbfi_o
  cbfi_s_scale
  chrz_col
  chrz_col_d
  chrz_ind
  chrz_ind_d
  cmvi
  cusi
  cusi_d
  cvrt_col
  cvrt_col_d
  cvrt_ind
  cvrt_ind_d
  dage
  daspfin
  daspfin_d
  dbfa_mt
  dbfa_mt_d
  dbfas_ac
  dbfas_ap
  dbfas_ci
  dbfas_co
  dbfas_ea
  dbfas_ee
  dbfas_nv
  dbfas_nv9
  dbfas_nw
  dbfas_oi
  dbfas_oo
  dbfi_a
  dbfi_a6
  dbfi_c
  dbfi_d_scale
  dbfi_e
  dbfi_hp8
  dbfi_n
  dbfi_o
  dbfi_s_scale
  dhrz_col
  dhrz_col_d
  dhrz_ind
  dhrz_ind_d
  dmvi
  dusi
  dusi_d
  dvrt_col
  dvrt_col_d
  dvrt_ind
  dvrt_ind_d;

  USEVARIABLES =
  abfas_ap
  bbfas_ap
  cbfas_ap
  dbfas_ap
  ausi
  busi
  cusi
  dusi
  a1
  a2
  a3
  a4
  aagegrp
  ;

  missing = all (-9999);

  tscores = a1 a2 a3 a4;

  grouping = aagegrp (0=d2, 1=d3, 2=d4, 3=d5);

  DEFINE:

  aagegrp = aage;

  cut aagegrp (29 39 49);

  a1 = aage + 0 - 36;
  a2 = aage + 1 - 36;
  a3 = aage + 2 - 36;
  a4 = aage + 3 - 36;

  ANALYSIS:
  TYPE=RANDOM;
  PROCESSORS = 6;
  model=nocovariances; ! supresses default estimation of certain covs in model;

  MODEL:

  i_bfas_ap s_bfas_ap | abfas_ap bbfas_ap cbfas_ap dbfas_ap AT a1 a2 a3 a4;
  i_usi s_usi | ausi busi cusi dusi AT a1 a2 a3 a4;

  ! freeing factor covs because of "nocovariances"
  ! But ensure they are constrained across groups
  s_bfas_ap WITH i_bfas_ap (p)
  s_usi (q)
  i_usi (r);
  i_bfas_ap WITH s_usi (s)
  i_usi (t);
  s_usi WITH i_usi (u);

  !constrain latent growth means across groups
  [i_bfas_ap] (v);
  [s_bfas_ap] (w);
  [i_usi] (x);
  [s_usi] (y);

  !constrain latent growth variances across groups
  i_bfas_ap (l);
  s_bfas_ap (m);
  i_usi (n);
  s_usi (o);

  p1 BY abfas_ap@1; ! Residual "factors";
  p2 BY bbfas_ap@1;
  p3 BY cbfas_ap@1;
  p4 BY dbfas_ap@1;

  v1 BY ausi@1; ! Residual "factors";
  v2 BY busi@1;
  v3 BY cusi@1;
  v4 BY dusi@1;

  !residual variances on observed/manifest vars set to 0
  abfas_ap@0;
  bbfas_ap@0;
  cbfas_ap@0;
  dbfas_ap@0;

  !residual variances on observed/manifest vars set to 0
  ausi@0;
  busi@0;
  cusi@0;
  dusi@0;

  ! means of observed/manifest vars set to 0
  [abfas_ap@0];
  [bbfas_ap@0];
  [cbfas_ap@0];
  [dbfas_ap@0];

  ! means of observed/manifest vars set to 0
  [ausi@0];
  [busi@0];
  [cusi@0];
  [dusi@0];

  [p1@0]; ! means of residual "factors" set to 0
  [p2@0];
  [p3@0];
  [p4@0];

  [v1@0]; ! means of residual "factors" set to 0
  [v2@0];
  [v3@0];
  [v4@0];

  p4 on p3 (a); ! Autoregressive paths constrained to equality
  p3 on p2 (a);
  p2 on p1 (a);

  v4 on v3 (b); ! Autoregressive paths constrained to equality
  v3 on v2 (b);
  v2 on v1 (b);

  p4 on v3 (c); ! Cross-lagged paths constrained to equality
  p3 on v2 (c);
  p2 on v1 (c);

  v4 on p3 (d); ! Cross-lagged paths constrained to equality
  v3 on p2 (d);
  v2 on p1 (d);

  p1 with v1; !(this one is not like the others)

  p2 with v2 (e); ! Within-wave correlations constrained to equality
  p3 with v3 (e);
  p4 with v4 (e);

  p2 p3 p4 (f); ! estimate variances of residual "factors"
  v2 v3 v4 (g); ! estimate variances of residual "factors"

  MODEL d2:

  p4 on p3 (a2); ! Autoregressive paths constrained to equality
  p3 on p2 (a2);
  p2 on p1 (a2);

  v4 on v3 (b2); ! Autoregressive paths constrained to equality
  v3 on v2 (b2);
  v2 on v1 (b2);

  p4 on v3 (c2); ! Cross-lagged paths constrained to equality
  p3 on v2 (c2);
  p2 on v1 (c2);

  v4 on p3 (d2); ! Cross-lagged paths constrained to equality
  v3 on p2 (d2);
  v2 on p1 (d2);

  p1 with v1; !(this one is not like the others)

  p2 with v2 (e2); ! Within-wave correlations constrained to equality
  p3 with v3 (e2);
  p4 with v4 (e2);

  p2 p3 p4 (f2); ! estimate variances of residual "factors"
  v2 v3 v4 (g2); ! estimate variances of residual "factors"

  MODEL d3:

  p4 on p3 (a3); ! Autoregressive paths constrained to equality
  p3 on p2 (a3);
  p2 on p1 (a3);

  v4 on v3 (b3); ! Autoregressive paths constrained to equality
  v3 on v2 (b3);
  v2 on v1 (b3);

  p4 on v3 (c3); ! Cross-lagged paths constrained to equality
  p3 on v2 (c3);
  p2 on v1 (c3);

  v4 on p3 (d3); ! Cross-lagged paths constrained to equality
  v3 on p2 (d3);
  v2 on p1 (d3);

  p1 with v1; !(this one is not like the others)

  p2 with v2 (e3); ! Within-wave correlations constrained to equality
  p3 with v3 (e3);
  p4 with v4 (e3);

  p2 p3 p4 (f3); ! estimate variances of residual "factors"
  v2 v3 v4 (g3); ! estimate variances of residual "factors"

  MODEL d4:

  p4 on p3 (a4); ! Autoregressive paths constrained to equality
  p3 on p2 (a4);
  p2 on p1 (a4);

  v4 on v3 (b4); ! Autoregressive paths constrained to equality
  v3 on v2 (b4);
  v2 on v1 (b4);

  p4 on v3 (c4); ! Cross-lagged paths constrained to equality
  p3 on v2 (c4);
  p2 on v1 (c4);

  v4 on p3 (d4); ! Cross-lagged paths constrained to equality
  v3 on p2 (d4);
  v2 on p1 (d4);

  p1 with v1; !(this one is not like the others)

  p2 with v2 (e4); ! Within-wave correlations constrained to equality
  p3 with v3 (e4);
  p4 with v4 (e4);

  p2 p3 p4 (f4); ! estimate variances of residual "factors"
  v2 v3 v4 (g4); ! estimate variances of residual "factors"

  MODEL d5:

  p4 on p3 (a5); ! Autoregressive paths constrained to equality
  p3 on p2 (a5);
  p2 on p1 (a5);

  v4 on v3 (b5); ! Autoregressive paths constrained to equality
  v3 on v2 (b5);
  v2 on v1 (b5);

  p4 on v3 (c5); ! Cross-lagged paths constrained to equality
  p3 on v2 (c5);
  p2 on v1 (c5);

  v4 on p3 (d5); ! Cross-lagged paths constrained to equality
  v3 on p2 (d5);
  v2 on p1 (d5);

  p1 with v1; !(this one is not like the others)

  p2 with v2 (e5); ! Within-wave correlations constrained to equality
  p3 with v3 (e5);
  p4 with v4 (e5);

  p2 p3 p4 (f5); ! estimate variances of residual "factors"
  v2 v3 v4 (g5); ! estimate variances of residual "factors"

  OUTPUT: SAMPSTAT PATTERNS;



*** WARNING
  Data set contains unknown or missing values for GROUPING,
  PATTERN, COHORT, CLUSTER and/or STRATIFICATION variables.
  Number of cases with unknown or missing values:  5
   1 WARNING(S) FOUND IN THE INPUT INSTRUCTIONS



PxVx Bivariate LCM-SR - decadegroup - Linear bfas_ap with Linear usi;

SUMMARY OF ANALYSIS

Number of groups                                                 4
Number of observations
   Group D2                                                    301
   Group D3                                                    233
   Group D4                                                    198
   Group D5                                                    132
   Total sample size                                           864

Number of dependent variables                                    8
Number of independent variables                                  0
Number of continuous latent variables                           12

Observed dependent variables

  Continuous
   ABFAS_AP    BBFAS_AP    CBFAS_AP    DBFAS_AP    AUSI        BUSI
   CUSI        DUSI

Continuous latent variables
   P1          P2          P3          P4          V1          V2
   V3          V4          I_BFAS_A    S_BFAS_A    I_USI       S_USI

Variables with special functions

  Grouping variable     AAGEGRP

  Time scores
   A1          A2          A3          A4


Estimator                                                      MLR
Information matrix                                        OBSERVED
Maximum number of iterations                                   100
Convergence criterion                                    0.100D-05
Maximum number of EM iterations                                500
Convergence criteria for the EM algorithm
  Loglikelihood change                                   0.100D-02
  Relative loglikelihood change                          0.100D-05
  Derivative                                             0.100D-03
Minimum variance                                         0.100D-03
Maximum number of steepest descent iterations                   20
Maximum number of iterations for H1                           2000
Convergence criterion for H1                             0.100D-03
Optimization algorithm                                         EMA

Input data file(s)
  /home/jflournoy/code_new/lnt_pxvx/Data/lnt_nat_recalc.tsv
Input data format  FREE


SUMMARY OF DATA

   Group D2
     Number of missing data patterns            15

   Group D3
     Number of missing data patterns            11

   Group D4
     Number of missing data patterns            14

   Group D5
     Number of missing data patterns             9


SUMMARY OF MISSING DATA PATTERNS


     MISSING DATA PATTERNS (x = not missing) FOR D2

           1  2  3  4  5  6  7  8  9 10 11 12 13 14 15
 ABFAS_AP  x  x  x  x  x  x  x  x  x  x     x  x  x  x
 BBFAS_AP  x     x  x  x  x           x  x  x  x  x
 CBFAS_AP  x        x     x     x  x  x  x  x  x     x
 DBFAS_AP  x     x  x        x     x     x  x        x
 AUSI      x  x  x  x  x  x  x  x  x  x  x  x  x  x  x
 BUSI      x     x  x  x  x           x  x     x     x
 CUSI      x              x     x  x     x  x  x     x
 DUSI      x     x  x        x     x     x  x  x     x


     MISSING DATA PATTERN FREQUENCIES FOR D2

    Pattern   Frequency     Pattern   Frequency     Pattern   Frequency
          1         185           6          13          11           1
          2          57           7          11          12           2
          3           6           8           5          13           1
          4           1           9           5          14           1
          5          11          10           1          15           1


     MISSING DATA PATTERNS (x = not missing) FOR D3

           1  2  3  4  5  6  7  8  9 10 11
 ABFAS_AP  x  x  x  x  x  x  x  x     x  x
 BBFAS_AP  x     x  x  x           x  x
 CBFAS_AP  x           x     x  x  x
 DBFAS_AP  x     x        x     x  x     x
 AUSI      x  x  x  x  x  x  x  x  x  x  x
 BUSI      x     x  x  x           x
 CUSI      x           x     x  x  x
 DUSI      x     x        x     x  x


     MISSING DATA PATTERN FREQUENCIES FOR D3

    Pattern   Frequency     Pattern   Frequency     Pattern   Frequency
          1         139           5           7           9           1
          2          44           6           3          10           1
          3           8           7           7          11           1
          4          15           8           7


     MISSING DATA PATTERNS (x = not missing) FOR D4

           1  2  3  4  5  6  7  8  9 10 11 12 13 14
 ABFAS_AP  x  x  x  x  x  x  x  x  x  x  x  x  x  x
 BBFAS_AP  x     x  x  x  x           x  x     x
 CBFAS_AP  x        x     x     x  x  x           x
 DBFAS_AP  x     x  x        x     x  x        x
 AUSI      x  x  x  x  x  x  x  x  x  x  x     x  x
 BUSI      x     x  x  x  x
 CUSI      x              x     x  x  x
 DUSI      x     x  x        x     x  x        x


     MISSING DATA PATTERN FREQUENCIES FOR D4

    Pattern   Frequency     Pattern   Frequency     Pattern   Frequency
          1         104           6          15          11           3
          2          39           7           4          12           1
          3           7           8           5          13           1
          4           1           9           5          14           1
          5          11          10           1


     MISSING DATA PATTERNS (x = not missing) FOR D5

           1  2  3  4  5  6  7  8  9
 ABFAS_AP  x  x  x  x  x  x  x  x
 BBFAS_AP  x     x  x  x           x
 CBFAS_AP  x           x     x  x  x
 DBFAS_AP  x     x        x     x  x
 AUSI      x  x  x  x  x  x  x  x  x
 BUSI      x     x  x  x           x
 CUSI      x           x     x  x  x
 DUSI      x     x        x     x  x


     MISSING DATA PATTERN FREQUENCIES FOR D5

    Pattern   Frequency     Pattern   Frequency     Pattern   Frequency
          1          60           4          10           7           6
          2          29           5          11           8           4
          3           5           6           6           9           1


COVARIANCE COVERAGE OF DATA

Minimum covariance coverage value   0.100


     PROPORTION OF DATA PRESENT FOR D2


           Covariance Coverage
              ABFAS_AP      BBFAS_AP      CBFAS_AP      DBFAS_AP      AUSI
              ________      ________      ________      ________      ________
 ABFAS_AP       0.997
 BBFAS_AP       0.734         0.738
 CBFAS_AP       0.711         0.678         0.714
 DBFAS_AP       0.701         0.648         0.648         0.704
 AUSI           0.997         0.738         0.714         0.704         1.000
 BUSI           0.728         0.728         0.674         0.645         0.731
 CUSI           0.704         0.671         0.708         0.645         0.708
 DUSI           0.704         0.651         0.651         0.704         0.708


           Covariance Coverage
              BUSI          CUSI          DUSI
              ________      ________      ________
 BUSI           0.731
 CUSI           0.668         0.708
 DUSI           0.648         0.648         0.708


     PROPORTION OF DATA PRESENT FOR D3


           Covariance Coverage
              ABFAS_AP      BBFAS_AP      CBFAS_AP      DBFAS_AP      AUSI
              ________      ________      ________      ________      ________
 ABFAS_AP       0.996
 BBFAS_AP       0.742         0.747
 CBFAS_AP       0.712         0.682         0.717
 DBFAS_AP       0.730         0.700         0.670         0.734
 AUSI           0.996         0.747         0.717         0.734         1.000
 BUSI           0.742         0.747         0.682         0.700         0.747
 CUSI           0.644         0.614         0.648         0.605         0.648
 DUSI           0.730         0.700         0.670         0.734         0.734


           Covariance Coverage
              BUSI          CUSI          DUSI
              ________      ________      ________
 BUSI           0.747
 CUSI           0.614         0.648
 DUSI           0.700         0.605         0.734


     PROPORTION OF DATA PRESENT FOR D4


           Covariance Coverage
              ABFAS_AP      BBFAS_AP      CBFAS_AP      DBFAS_AP      AUSI
              ________      ________      ________      ________      ________
 ABFAS_AP       0.985
 BBFAS_AP       0.717         0.732
 CBFAS_AP       0.672         0.636         0.687
 DBFAS_AP       0.616         0.586         0.576         0.631
 AUSI           0.985         0.732         0.687         0.631         1.000
 BUSI           0.707         0.722         0.631         0.581         0.722
 CUSI           0.662         0.626         0.677         0.571         0.677
 DUSI           0.621         0.591         0.581         0.631         0.636


           Covariance Coverage
              BUSI          CUSI          DUSI
              ________      ________      ________
 BUSI           0.722
 CUSI           0.621         0.677
 DUSI           0.586         0.576         0.636


     PROPORTION OF DATA PRESENT FOR D5


           Covariance Coverage
              ABFAS_AP      BBFAS_AP      CBFAS_AP      DBFAS_AP      AUSI
              ________      ________      ________      ________      ________
 ABFAS_AP       1.000
 BBFAS_AP       0.697         0.697
 CBFAS_AP       0.614         0.576         0.614
 DBFAS_AP       0.621         0.568         0.538         0.621
 AUSI           1.000         0.697         0.614         0.621         1.000
 BUSI           0.697         0.697         0.576         0.568         0.697
 CUSI           0.538         0.500         0.538         0.462         0.538
 DUSI           0.621         0.568         0.538         0.621         0.621


           Covariance Coverage
              BUSI          CUSI          DUSI
              ________      ________      ________
 BUSI           0.697
 CUSI           0.500         0.538
 DUSI           0.568         0.462         0.621


SAMPLE STATISTICS


     ESTIMATED SAMPLE STATISTICS FOR D2


           Means
              ABFAS_AP      BBFAS_AP      CBFAS_AP      DBFAS_AP      AUSI
              ________      ________      ________      ________      ________
               66.046        65.726        67.427        67.789        32.291


           Means
              BUSI          CUSI          DUSI
              ________      ________      ________
               31.596        31.307        31.213


           Covariances
              ABFAS_AP      BBFAS_AP      CBFAS_AP      DBFAS_AP      AUSI
              ________      ________      ________      ________      ________
 ABFAS_AP     269.272
 BBFAS_AP     208.059       259.719
 CBFAS_AP     179.086       198.723       239.674
 DBFAS_AP     175.107       184.021       194.869       232.874
 AUSI         -83.958       -78.813       -58.229       -64.111       252.024
 BUSI         -63.836       -74.991       -71.194       -65.790       199.933
 CUSI         -56.079       -59.844       -69.535       -71.113       185.549
 DUSI         -57.409       -51.408       -61.415       -63.734       184.195


           Covariances
              BUSI          CUSI          DUSI
              ________      ________      ________
 BUSI         278.883
 CUSI         208.720       269.494
 DUSI         198.276       211.938       255.412


           Correlations
              ABFAS_AP      BBFAS_AP      CBFAS_AP      DBFAS_AP      AUSI
              ________      ________      ________      ________      ________
 ABFAS_AP       1.000
 BBFAS_AP       0.787         1.000
 CBFAS_AP       0.705         0.797         1.000
 DBFAS_AP       0.699         0.748         0.825         1.000
 AUSI          -0.322        -0.308        -0.237        -0.265         1.000
 BUSI          -0.233        -0.279        -0.275        -0.258         0.754
 CUSI          -0.208        -0.226        -0.274        -0.284         0.712
 DUSI          -0.219        -0.200        -0.248        -0.261         0.726


           Correlations
              BUSI          CUSI          DUSI
              ________      ________      ________
 BUSI           1.000
 CUSI           0.761         1.000
 DUSI           0.743         0.808         1.000


     ESTIMATED SAMPLE STATISTICS FOR D3


           Means
              ABFAS_AP      BBFAS_AP      CBFAS_AP      DBFAS_AP      AUSI
              ________      ________      ________      ________      ________
               70.310        71.790        71.052        71.415        29.156


           Means
              BUSI          CUSI          DUSI
              ________      ________      ________
               29.153        28.947        28.073


           Covariances
              ABFAS_AP      BBFAS_AP      CBFAS_AP      DBFAS_AP      AUSI
              ________      ________      ________      ________      ________
 ABFAS_AP     249.181
 BBFAS_AP     204.622       264.827
 CBFAS_AP     194.325       204.576       251.750
 DBFAS_AP     193.954       200.749       209.856       259.898
 AUSI         -77.683       -79.159       -87.487       -82.780       263.349
 BUSI         -75.154       -94.296       -77.383       -82.462       188.236
 CUSI         -67.193       -67.483       -70.165       -65.827       182.479
 DUSI         -71.985       -72.188       -69.354       -78.448       171.558


           Covariances
              BUSI          CUSI          DUSI
              ________      ________      ________
 BUSI         247.955
 CUSI         188.678       265.198
 DUSI         174.688       204.918       251.043


           Correlations
              ABFAS_AP      BBFAS_AP      CBFAS_AP      DBFAS_AP      AUSI
              ________      ________      ________      ________      ________
 ABFAS_AP       1.000
 BBFAS_AP       0.797         1.000
 CBFAS_AP       0.776         0.792         1.000
 DBFAS_AP       0.762         0.765         0.820         1.000
 AUSI          -0.303        -0.300        -0.340        -0.316         1.000
 BUSI          -0.302        -0.368        -0.310        -0.325         0.737
 CUSI          -0.261        -0.255        -0.272        -0.251         0.690
 DUSI          -0.288        -0.280        -0.276        -0.307         0.667


           Correlations
              BUSI          CUSI          DUSI
              ________      ________      ________
 BUSI           1.000
 CUSI           0.736         1.000
 DUSI           0.700         0.794         1.000


     ESTIMATED SAMPLE STATISTICS FOR D4


           Means
              ABFAS_AP      BBFAS_AP      CBFAS_AP      DBFAS_AP      AUSI
              ________      ________      ________      ________      ________
               71.373        72.287        72.203        72.596        26.643


           Means
              BUSI          CUSI          DUSI
              ________      ________      ________
               25.825        25.603        26.511


           Covariances
              ABFAS_AP      BBFAS_AP      CBFAS_AP      DBFAS_AP      AUSI
              ________      ________      ________      ________      ________
 ABFAS_AP     237.077
 BBFAS_AP     176.559       219.665
 CBFAS_AP     193.091       188.392       238.497
 DBFAS_AP     193.258       184.270       201.855       237.837
 AUSI         -53.632       -27.146       -41.666       -27.219       279.336
 BUSI         -50.582       -53.556       -50.689       -48.085       229.394
 CUSI         -47.353       -39.212       -53.519       -46.143       226.491
 DUSI         -59.287       -52.026       -59.873       -49.063       200.008


           Covariances
              BUSI          CUSI          DUSI
              ________      ________      ________
 BUSI         299.757
 CUSI         226.771       267.059
 DUSI         204.579       213.089       244.782


           Correlations
              ABFAS_AP      BBFAS_AP      CBFAS_AP      DBFAS_AP      AUSI
              ________      ________      ________      ________      ________
 ABFAS_AP       1.000
 BBFAS_AP       0.774         1.000
 CBFAS_AP       0.812         0.823         1.000
 DBFAS_AP       0.814         0.806         0.848         1.000
 AUSI          -0.208        -0.110        -0.161        -0.106         1.000
 BUSI          -0.190        -0.209        -0.190        -0.180         0.793
 CUSI          -0.188        -0.162        -0.212        -0.183         0.829
 DUSI          -0.246        -0.224        -0.248        -0.203         0.765


           Correlations
              BUSI          CUSI          DUSI
              ________      ________      ________
 BUSI           1.000
 CUSI           0.801         1.000
 DUSI           0.755         0.833         1.000


     ESTIMATED SAMPLE STATISTICS FOR D5


           Means
              ABFAS_AP      BBFAS_AP      CBFAS_AP      DBFAS_AP      AUSI
              ________      ________      ________      ________      ________
               74.988        78.405        75.810        75.080        24.299


           Means
              BUSI          CUSI          DUSI
              ________      ________      ________
               23.332        25.288        25.191


           Covariances
              ABFAS_AP      BBFAS_AP      CBFAS_AP      DBFAS_AP      AUSI
              ________      ________      ________      ________      ________
 ABFAS_AP     260.162
 BBFAS_AP     148.132       162.046
 CBFAS_AP     176.062       117.106       201.890
 DBFAS_AP     203.288       154.309       168.688       234.345
 AUSI         -51.326       -47.236       -50.758       -59.386       212.972
 BUSI         -54.839       -57.647       -70.678       -86.252       165.214
 CUSI         -58.741       -70.886       -60.718       -91.346       194.081
 DUSI         -46.338       -59.204       -41.729       -72.157       178.699


           Covariances
              BUSI          CUSI          DUSI
              ________      ________      ________
 BUSI         220.120
 CUSI         194.120       310.378
 DUSI         185.556       223.324       266.775


           Correlations
              ABFAS_AP      BBFAS_AP      CBFAS_AP      DBFAS_AP      AUSI
              ________      ________      ________      ________      ________
 ABFAS_AP       1.000
 BBFAS_AP       0.721         1.000
 CBFAS_AP       0.768         0.647         1.000
 DBFAS_AP       0.823         0.792         0.776         1.000
 AUSI          -0.218        -0.254        -0.245        -0.266         1.000
 BUSI          -0.229        -0.305        -0.335        -0.380         0.763
 CUSI          -0.207        -0.316        -0.243        -0.339         0.755
 DUSI          -0.176        -0.285        -0.180        -0.289         0.750


           Correlations
              BUSI          CUSI          DUSI
              ________      ________      ________
 BUSI           1.000
 CUSI           0.743         1.000
 DUSI           0.766         0.776         1.000


     MAXIMUM LOG-LIKELIHOOD VALUE FOR THE UNRESTRICTED (H1) MODEL IS -20096.864


UNIVARIATE SAMPLE STATISTICS


     UNIVARIATE HIGHER-ORDER MOMENT DESCRIPTIVE STATISTICS FOR D2

         Variable/         Mean/     Skewness/   Minimum/ % with                Percentiles
        Sample Size      Variance    Kurtosis    Maximum  Min/Max      20%/60%    40%/80%    Median

     ABFAS_AP             66.040      -0.398       5.000    0.33%      52.500     62.500     67.500
             300.000     269.856       0.032     100.000    1.00%      72.500     80.000
     BBFAS_AP             66.083      -0.127      20.000    0.45%      52.500     62.500     65.000
             222.000     243.213      -0.526     100.000    0.90%      70.000     80.000
     CBFAS_AP             67.261      -0.275      22.500    0.47%      55.000     62.500     67.500
             215.000     234.842      -0.109     100.000    0.47%      72.500     80.000
     DBFAS_AP             68.325      -0.298      30.000    0.47%      57.500     65.000     70.000
             212.000     220.309      -0.389      97.500    0.94%      72.500     80.000
     AUSI                 32.291       0.077       0.000    1.99%      16.667     25.000     33.333
             301.000     252.024      -0.693      75.000    0.33%      37.500     45.833
     BUSI                 31.379      -0.125       0.000    3.18%      16.667     25.000     33.333
             220.000     270.694      -0.949      70.833    0.45%      37.500     45.833
     CUSI                 31.534       0.092       0.000    3.76%      16.667     25.000     29.167
             213.000     263.128      -0.562      70.833    1.41%      37.500     45.833
     DUSI                 30.966       0.158       0.000    1.88%      16.667     25.000     29.167
             213.000     247.967      -0.253      87.500    0.47%      33.333     45.833


     UNIVARIATE HIGHER-ORDER MOMENT DESCRIPTIVE STATISTICS FOR D3

         Variable/         Mean/     Skewness/   Minimum/ % with                Percentiles
        Sample Size      Variance    Kurtosis    Maximum  Min/Max      20%/60%    40%/80%    Median

     ABFAS_AP             70.356      -0.331      32.500    1.72%      57.500     67.500     70.000
             232.000     249.450      -0.507     100.000    0.43%      75.000     85.000
     BBFAS_AP             71.333      -0.501      25.000    0.58%      57.500     70.000     72.500
             171.000     273.686      -0.395     100.000    1.17%      77.500     87.500
     CBFAS_AP             70.785      -0.406      27.500    0.62%      55.000     67.500     72.500
             161.000     258.160      -0.436     100.000    1.86%      77.500     85.000
     DBFAS_AP             71.053      -0.399      32.500    0.63%      57.500     67.500     72.500
             159.000     264.102      -0.485     100.000    0.63%      75.000     85.000
     AUSI                 29.156       0.174       0.000    4.72%      12.500     25.000     29.167
             233.000     263.349      -0.250      87.500    0.43%      33.333     41.667
     BUSI                 28.539       0.077       0.000    5.88%      12.500     25.000     29.167
             170.000     253.128      -0.557      75.000    0.59%      33.333     41.667
     CUSI                 28.530       0.216       0.000    4.35%      12.500     25.000     29.167
             161.000     273.141      -0.550      75.000    0.62%      33.333     41.667
     DUSI                 27.157       0.320       0.000    5.06%      12.500     20.833     25.000
             158.000     252.032      -0.379      75.000    0.63%      33.333     41.667


     UNIVARIATE HIGHER-ORDER MOMENT DESCRIPTIVE STATISTICS FOR D4

         Variable/         Mean/     Skewness/   Minimum/ % with                Percentiles
        Sample Size      Variance    Kurtosis    Maximum  Min/Max      20%/60%    40%/80%    Median

     ABFAS_AP             71.373      -0.713      15.000    0.51%      57.500     70.000     72.500
             198.000     237.077       0.477     100.000    0.51%      75.000     85.000
     BBFAS_AP             71.442      -0.462      30.000    0.70%      57.500     67.500     72.500
             143.000     227.169      -0.255     100.000    2.10%      77.500     85.000
     CBFAS_AP             71.951      -0.962      15.000    0.76%      60.000     70.000     72.500
             132.000     249.935       1.243     100.000    1.52%      77.500     85.000
     DBFAS_AP             71.579      -0.705      17.500    0.81%      60.000     67.500     72.500
             123.000     242.974       0.608     100.000    0.81%      77.500     85.000
     AUSI                 26.616       0.170       0.000    7.11%      10.000     20.833     25.000
             197.000     279.249      -0.977      66.667    1.02%      33.333     41.667
     BUSI                 26.045       0.419       0.000    7.97%      12.500     20.833     25.000
             138.000     290.480      -0.369      75.000    0.72%      29.167     41.667
     CUSI                 26.314       0.425       0.000    6.15%      12.500     20.833     25.000
             130.000     266.302       0.000      83.333    0.77%      29.167     41.667
     DUSI                 27.249       0.107       0.000    6.50%      12.500     25.000     29.167
             123.000     246.996      -0.661      62.500    0.81%      29.167     41.667


     UNIVARIATE HIGHER-ORDER MOMENT DESCRIPTIVE STATISTICS FOR D5

         Variable/         Mean/     Skewness/   Minimum/ % with                Percentiles
        Sample Size      Variance    Kurtosis    Maximum  Min/Max      20%/60%    40%/80%    Median

     ABFAS_AP             74.918      -0.793      15.000    0.76%      62.500     72.500     77.500
             131.000     261.007       0.703     100.000    3.82%      80.000     87.500
     BBFAS_AP             79.562      -0.794      42.500    1.15%      70.000     80.000     80.556
              87.000     165.978       0.242     100.000    2.30%      82.500     90.000
     CBFAS_AP             76.951      -0.783      37.500    1.22%      65.000     75.000     80.000
              82.000     200.918      -0.040     100.000    1.22%      82.500     90.000
     DBFAS_AP             77.072      -1.023      30.000    1.32%      67.500     75.000     80.000
              76.000     200.886       1.057     100.000    2.63%      82.500     87.500
     AUSI                 24.299       0.313       0.000    6.06%      12.500     20.833     25.000
             132.000     212.972      -0.487      66.667    0.76%      25.000     37.500
     BUSI                 22.557       0.254       0.000    6.90%       8.333     16.667     20.833
              87.000     202.168      -0.727      58.333    1.15%      25.000     37.500
     CUSI                 24.593       0.632       0.000    2.44%       8.333     16.667     20.833
              82.000     285.234      -0.503      66.667    1.22%      25.000     41.667
     DUSI                 24.013       0.209       0.000   11.84%       8.333     16.667     25.000
              76.000     253.960      -0.891      58.333    1.32%      25.000     37.500


THE MODEL ESTIMATION TERMINATED NORMALLY



MODEL FIT INFORMATION

Number of Free Parameters                       54

Loglikelihood

          H0 Value                      -20163.241
          H0 Scaling Correction Factor      1.2201
            for MLR

Information Criteria

          Akaike (AIC)                   40434.482
          Bayesian (BIC)                 40691.606
          Sample-Size Adjusted BIC       40520.116
            (n* = (n + 2) / 24)



MODEL RESULTS

                                                    Two-Tailed
                    Estimate       S.E.  Est./S.E.    P-Value

Group D2

 P1       BY
    ABFAS_AP           1.000      0.000    999.000    999.000

 P2       BY
    BBFAS_AP           1.000      0.000    999.000    999.000

 P3       BY
    CBFAS_AP           1.000      0.000    999.000    999.000

 P4       BY
    DBFAS_AP           1.000      0.000    999.000    999.000

 V1       BY
    AUSI               1.000      0.000    999.000    999.000

 V2       BY
    BUSI               1.000      0.000    999.000    999.000

 V3       BY
    CUSI               1.000      0.000    999.000    999.000

 V4       BY
    DUSI               1.000      0.000    999.000    999.000

 P4         ON
    P3                 0.256      0.072      3.547      0.000
    V3                -0.145      0.060     -2.409      0.016

 P3         ON
    P2                 0.256      0.072      3.547      0.000
    V2                -0.145      0.060     -2.409      0.016

 P2         ON
    P1                 0.256      0.072      3.547      0.000
    V1                -0.145      0.060     -2.409      0.016

 V4         ON
    V3                 0.181      0.087      2.071      0.038
    P3                -0.022      0.070     -0.320      0.749

 V3         ON
    V2                 0.181      0.087      2.071      0.038
    P2                -0.022      0.070     -0.320      0.749

 V2         ON
    V1                 0.181      0.087      2.071      0.038
    P1                -0.022      0.070     -0.320      0.749

 S_BFAS_A WITH
    I_BFAS_AP         -0.109      0.583     -0.188      0.851
    S_USI             -0.007      0.082     -0.086      0.932
    I_USI              0.327      1.632      0.200      0.841

 I_BFAS_A WITH
    S_USI             -0.060      1.640     -0.037      0.971
    I_USI            -59.537     10.195     -5.840      0.000

 S_USI    WITH
    I_USI              0.107      0.491      0.219      0.827

 P1       WITH
    V1               -25.822      9.867     -2.617      0.009

 P2       WITH
    V2                -9.366      4.069     -2.302      0.021

 P3       WITH
    V3                -9.366      4.069     -2.302      0.021

 P4       WITH
    V4                -9.366      4.069     -2.302      0.021

 Means
    P1                 0.000      0.000    999.000    999.000
    V1                 0.000      0.000    999.000    999.000
    I_BFAS_AP         70.138      0.504    139.137      0.000
    S_BFAS_AP          0.279      0.044      6.346      0.000
    I_USI             28.883      0.510     56.671      0.000
    S_USI             -0.260      0.046     -5.673      0.000

 Intercepts
    ABFAS_AP           0.000      0.000    999.000    999.000
    BBFAS_AP           0.000      0.000    999.000    999.000
    CBFAS_AP           0.000      0.000    999.000    999.000
    DBFAS_AP           0.000      0.000    999.000    999.000
    AUSI               0.000      0.000    999.000    999.000
    BUSI               0.000      0.000    999.000    999.000
    CUSI               0.000      0.000    999.000    999.000
    DUSI               0.000      0.000    999.000    999.000
    P2                 0.000      0.000    999.000    999.000
    P3                 0.000      0.000    999.000    999.000
    P4                 0.000      0.000    999.000    999.000
    V2                 0.000      0.000    999.000    999.000
    V3                 0.000      0.000    999.000    999.000
    V4                 0.000      0.000    999.000    999.000

 Variances
    P1                95.382     12.937      7.373      0.000
    V1                74.982     13.049      5.746      0.000
    I_BFAS_AP        180.465     13.195     13.677      0.000
    S_BFAS_AP          0.051      0.105      0.484      0.628
    I_USI            181.866     14.098     12.900      0.000
    S_USI              0.062      0.100      0.616      0.538

 Residual Variances
    ABFAS_AP           0.000      0.000    999.000    999.000
    BBFAS_AP           0.000      0.000    999.000    999.000
    CBFAS_AP           0.000      0.000    999.000    999.000
    DBFAS_AP           0.000      0.000    999.000    999.000
    AUSI               0.000      0.000    999.000    999.000
    BUSI               0.000      0.000    999.000    999.000
    CUSI               0.000      0.000    999.000    999.000
    DUSI               0.000      0.000    999.000    999.000
    P2                59.200      5.554     10.658      0.000
    P3                59.200      5.554     10.658      0.000
    P4                59.200      5.554     10.658      0.000
    V2                71.014      7.708      9.213      0.000
    V3                71.014      7.708      9.213      0.000
    V4                71.014      7.708      9.213      0.000

Group D3

 P1       BY
    ABFAS_AP           1.000      0.000    999.000    999.000

 P2       BY
    BBFAS_AP           1.000      0.000    999.000    999.000

 P3       BY
    CBFAS_AP           1.000      0.000    999.000    999.000

 P4       BY
    DBFAS_AP           1.000      0.000    999.000    999.000

 V1       BY
    AUSI               1.000      0.000    999.000    999.000

 V2       BY
    BUSI               1.000      0.000    999.000    999.000

 V3       BY
    CUSI               1.000      0.000    999.000    999.000

 V4       BY
    DUSI               1.000      0.000    999.000    999.000

 P4         ON
    P3                 0.175      0.114      1.536      0.125
    V3                 0.064      0.063      1.022      0.307

 P3         ON
    P2                 0.175      0.114      1.536      0.125
    V2                 0.064      0.063      1.022      0.307

 P2         ON
    P1                 0.175      0.114      1.536      0.125
    V1                 0.064      0.063      1.022      0.307

 V4         ON
    V3                 0.212      0.078      2.726      0.006
    P3                 0.086      0.087      0.992      0.321

 V3         ON
    V2                 0.212      0.078      2.726      0.006
    P2                 0.086      0.087      0.992      0.321

 V2         ON
    V1                 0.212      0.078      2.726      0.006
    P1                 0.086      0.087      0.992      0.321

 S_BFAS_A WITH
    I_BFAS_AP         -0.109      0.583     -0.188      0.851
    S_USI             -0.007      0.082     -0.086      0.932
    I_USI              0.327      1.632      0.200      0.841

 I_BFAS_A WITH
    S_USI             -0.060      1.640     -0.037      0.971
    I_USI            -59.537     10.195     -5.840      0.000

 S_USI    WITH
    I_USI              0.107      0.491      0.219      0.827

 P1       WITH
    V1                 4.349      7.395      0.588      0.556

 P2       WITH
    V2                -6.972      4.703     -1.482      0.138

 P3       WITH
    V3                -6.972      4.703     -1.482      0.138

 P4       WITH
    V4                -6.972      4.703     -1.482      0.138

 Means
    P1                 0.000      0.000    999.000    999.000
    V1                 0.000      0.000    999.000    999.000
    I_BFAS_AP         70.138      0.504    139.137      0.000
    S_BFAS_AP          0.279      0.044      6.346      0.000
    I_USI             28.883      0.510     56.671      0.000
    S_USI             -0.260      0.046     -5.673      0.000

 Intercepts
    ABFAS_AP           0.000      0.000    999.000    999.000
    BBFAS_AP           0.000      0.000    999.000    999.000
    CBFAS_AP           0.000      0.000    999.000    999.000
    DBFAS_AP           0.000      0.000    999.000    999.000
    AUSI               0.000      0.000    999.000    999.000
    BUSI               0.000      0.000    999.000    999.000
    CUSI               0.000      0.000    999.000    999.000
    DUSI               0.000      0.000    999.000    999.000
    P2                 0.000      0.000    999.000    999.000
    P3                 0.000      0.000    999.000    999.000
    P4                 0.000      0.000    999.000    999.000
    V2                 0.000      0.000    999.000    999.000
    V3                 0.000      0.000    999.000    999.000
    V4                 0.000      0.000    999.000    999.000

 Variances
    P1                59.187     10.016      5.909      0.000
    V1                91.442     12.117      7.546      0.000
    I_BFAS_AP        180.465     13.195     13.677      0.000
    S_BFAS_AP          0.051      0.105      0.484      0.628
    I_USI            181.866     14.098     12.900      0.000
    S_USI              0.062      0.100      0.616      0.538

 Residual Variances
    ABFAS_AP           0.000      0.000    999.000    999.000
    BBFAS_AP           0.000      0.000    999.000    999.000
    CBFAS_AP           0.000      0.000    999.000    999.000
    DBFAS_AP           0.000      0.000    999.000    999.000
    AUSI               0.000      0.000    999.000    999.000
    BUSI               0.000      0.000    999.000    999.000
    CUSI               0.000      0.000    999.000    999.000
    DUSI               0.000      0.000    999.000    999.000
    P2                59.969      8.958      6.695      0.000
    P3                59.969      8.958      6.695      0.000
    P4                59.969      8.958      6.695      0.000
    V2                73.596      8.593      8.565      0.000
    V3                73.596      8.593      8.565      0.000
    V4                73.596      8.593      8.565      0.000

Group D4

 P1       BY
    ABFAS_AP           1.000      0.000    999.000    999.000

 P2       BY
    BBFAS_AP           1.000      0.000    999.000    999.000

 P3       BY
    CBFAS_AP           1.000      0.000    999.000    999.000

 P4       BY
    DBFAS_AP           1.000      0.000    999.000    999.000

 V1       BY
    AUSI               1.000      0.000    999.000    999.000

 V2       BY
    BUSI               1.000      0.000    999.000    999.000

 V3       BY
    CUSI               1.000      0.000    999.000    999.000

 V4       BY
    DUSI               1.000      0.000    999.000    999.000

 P4         ON
    P3                -0.013      0.076     -0.166      0.868
    V3                 0.065      0.060      1.088      0.276

 P3         ON
    P2                -0.013      0.076     -0.166      0.868
    V2                 0.065      0.060      1.088      0.276

 P2         ON
    P1                -0.013      0.076     -0.166      0.868
    V1                 0.065      0.060      1.088      0.276

 V4         ON
    V3                 0.126      0.110      1.151      0.250
    P3                 0.093      0.101      0.919      0.358

 V3         ON
    V2                 0.126      0.110      1.151      0.250
    P2                 0.093      0.101      0.919      0.358

 V2         ON
    V1                 0.126      0.110      1.151      0.250
    P1                 0.093      0.101      0.919      0.358

 S_BFAS_A WITH
    I_BFAS_AP         -0.109      0.583     -0.188      0.851
    S_USI             -0.007      0.082     -0.086      0.932
    I_USI              0.327      1.632      0.200      0.841

 I_BFAS_A WITH
    S_USI             -0.060      1.640     -0.037      0.971
    I_USI            -59.537     10.195     -5.840      0.000

 S_USI    WITH
    I_USI              0.107      0.491      0.219      0.827

 P1       WITH
    V1               -15.518      7.908     -1.962      0.050

 P2       WITH
    V2                -1.331      3.272     -0.407      0.684

 P3       WITH
    V3                -1.331      3.272     -0.407      0.684

 P4       WITH
    V4                -1.331      3.272     -0.407      0.684

 Means
    P1                 0.000      0.000    999.000    999.000
    V1                 0.000      0.000    999.000    999.000
    I_BFAS_AP         70.138      0.504    139.137      0.000
    S_BFAS_AP          0.279      0.044      6.346      0.000
    I_USI             28.883      0.510     56.671      0.000
    S_USI             -0.260      0.046     -5.673      0.000

 Intercepts
    ABFAS_AP           0.000      0.000    999.000    999.000
    BBFAS_AP           0.000      0.000    999.000    999.000
    CBFAS_AP           0.000      0.000    999.000    999.000
    DBFAS_AP           0.000      0.000    999.000    999.000
    AUSI               0.000      0.000    999.000    999.000
    BUSI               0.000      0.000    999.000    999.000
    CUSI               0.000      0.000    999.000    999.000
    DUSI               0.000      0.000    999.000    999.000
    P2                 0.000      0.000    999.000    999.000
    P3                 0.000      0.000    999.000    999.000
    P4                 0.000      0.000    999.000    999.000
    V2                 0.000      0.000    999.000    999.000
    V3                 0.000      0.000    999.000    999.000
    V4                 0.000      0.000    999.000    999.000

 Variances
    P1                53.330      9.576      5.569      0.000
    V1                62.221     12.180      5.108      0.000
    I_BFAS_AP        180.465     13.195     13.677      0.000
    S_BFAS_AP          0.051      0.105      0.484      0.628
    I_USI            181.866     14.098     12.900      0.000
    S_USI              0.062      0.100      0.616      0.538

 Residual Variances
    ABFAS_AP           0.000      0.000    999.000    999.000
    BBFAS_AP           0.000      0.000    999.000    999.000
    CBFAS_AP           0.000      0.000    999.000    999.000
    DBFAS_AP           0.000      0.000    999.000    999.000
    AUSI               0.000      0.000    999.000    999.000
    BUSI               0.000      0.000    999.000    999.000
    CUSI               0.000      0.000    999.000    999.000
    DUSI               0.000      0.000    999.000    999.000
    P2                39.768      4.710      8.443      0.000
    P3                39.768      4.710      8.443      0.000
    P4                39.768      4.710      8.443      0.000
    V2                59.532      8.089      7.359      0.000
    V3                59.532      8.089      7.359      0.000
    V4                59.532      8.089      7.359      0.000

Group D5

 P1       BY
    ABFAS_AP           1.000      0.000    999.000    999.000

 P2       BY
    BBFAS_AP           1.000      0.000    999.000    999.000

 P3       BY
    CBFAS_AP           1.000      0.000    999.000    999.000

 P4       BY
    DBFAS_AP           1.000      0.000    999.000    999.000

 V1       BY
    AUSI               1.000      0.000    999.000    999.000

 V2       BY
    BUSI               1.000      0.000    999.000    999.000

 V3       BY
    CUSI               1.000      0.000    999.000    999.000

 V4       BY
    DUSI               1.000      0.000    999.000    999.000

 P4         ON
    P3                -0.181      0.121     -1.502      0.133
    V3                -0.071      0.064     -1.105      0.269

 P3         ON
    P2                -0.181      0.121     -1.502      0.133
    V2                -0.071      0.064     -1.105      0.269

 P2         ON
    P1                -0.181      0.121     -1.502      0.133
    V1                -0.071      0.064     -1.105      0.269

 V4         ON
    V3                 0.100      0.140      0.711      0.477
    P3                 0.062      0.115      0.537      0.591

 V3         ON
    V2                 0.100      0.140      0.711      0.477
    P2                 0.062      0.115      0.537      0.591

 V2         ON
    V1                 0.100      0.140      0.711      0.477
    P1                 0.062      0.115      0.537      0.591

 S_BFAS_A WITH
    I_BFAS_AP         -0.109      0.583     -0.188      0.851
    S_USI             -0.007      0.082     -0.086      0.932
    I_USI              0.327      1.632      0.200      0.841

 I_BFAS_A WITH
    S_USI             -0.060      1.640     -0.037      0.971
    I_USI            -59.537     10.195     -5.840      0.000

 S_USI    WITH
    I_USI              0.107      0.491      0.219      0.827

 P1       WITH
    V1               -10.924      8.741     -1.250      0.211

 P2       WITH
    V2                 3.676      6.182      0.595      0.552

 P3       WITH
    V3                 3.676      6.182      0.595      0.552

 P4       WITH
    V4                 3.676      6.182      0.595      0.552

 Means
    P1                 0.000      0.000    999.000    999.000
    V1                 0.000      0.000    999.000    999.000
    I_BFAS_AP         70.138      0.504    139.137      0.000
    S_BFAS_AP          0.279      0.044      6.346      0.000
    I_USI             28.883      0.510     56.671      0.000
    S_USI             -0.260      0.046     -5.673      0.000

 Intercepts
    ABFAS_AP           0.000      0.000    999.000    999.000
    BBFAS_AP           0.000      0.000    999.000    999.000
    CBFAS_AP           0.000      0.000    999.000    999.000
    DBFAS_AP           0.000      0.000    999.000    999.000
    AUSI               0.000      0.000    999.000    999.000
    BUSI               0.000      0.000    999.000    999.000
    CUSI               0.000      0.000    999.000    999.000
    DUSI               0.000      0.000    999.000    999.000
    P2                 0.000      0.000    999.000    999.000
    P3                 0.000      0.000    999.000    999.000
    P4                 0.000      0.000    999.000    999.000
    V2                 0.000      0.000    999.000    999.000
    V3                 0.000      0.000    999.000    999.000
    V4                 0.000      0.000    999.000    999.000

 Variances
    P1                61.827     13.742      4.499      0.000
    V1                48.059     11.254      4.270      0.000
    I_BFAS_AP        180.465     13.195     13.677      0.000
    S_BFAS_AP          0.051      0.105      0.484      0.628
    I_USI            181.866     14.098     12.900      0.000
    S_USI              0.062      0.100      0.616      0.538

 Residual Variances
    ABFAS_AP           0.000      0.000    999.000    999.000
    BBFAS_AP           0.000      0.000    999.000    999.000
    CBFAS_AP           0.000      0.000    999.000    999.000
    DBFAS_AP           0.000      0.000    999.000    999.000
    AUSI               0.000      0.000    999.000    999.000
    BUSI               0.000      0.000    999.000    999.000
    CUSI               0.000      0.000    999.000    999.000
    DUSI               0.000      0.000    999.000    999.000
    P2                45.315      8.529      5.313      0.000
    P3                45.315      8.529      5.313      0.000
    P4                45.315      8.529      5.313      0.000
    V2                71.955     12.681      5.674      0.000
    V3                71.955     12.681      5.674      0.000
    V4                71.955     12.681      5.674      0.000


QUALITY OF NUMERICAL RESULTS

     Condition Number for the Information Matrix              0.960E-05
       (ratio of smallest to largest eigenvalue)


     Beginning Time:  17:22:14
        Ending Time:  17:22:30
       Elapsed Time:  00:00:16



MUTHEN & MUTHEN
3463 Stoner Ave.
Los Angeles, CA  90066

Tel: (310) 391-9971
Fax: (310) 391-8971
Web: www.StatModel.com
Support: Support@StatModel.com

Copyright (c) 1998-2017 Muthen & Muthen
