Mplus VERSION 8 (Linux)
MUTHEN & MUTHEN
07/08/2018   5:25 PM

INPUT INSTRUCTIONS


  title: PxVx Bivariate LCM-SR - 40splitgroup - Linear bfas_co with Linear aspfin_d;
  data: file = /home/jflournoy/code_new/lnt_pxvx/Data/lnt_nat_recalc.tsv;

  variable:
  names =
  subjid
  aage
  aaspfin
  aaspfin_d
  abfa_mt
  abfa_mt_d
  abfas_ac
  abfas_ap
  abfas_ci
  abfas_co
  abfas_ea
  abfas_ee
  abfas_nv
  abfas_nv9
  abfas_nw
  abfas_oi
  abfas_oo
  abfi_a
  abfi_a6
  abfi_c
  abfi_d_scale
  abfi_e
  abfi_hp8
  abfi_n
  abfi_o
  abfi_s_scale
  ahrz_col
  ahrz_col_d
  ahrz_ind
  ahrz_ind_d
  amvi
  ausi
  ausi_d
  avrt_col
  avrt_col_d
  avrt_ind
  avrt_ind_d
  bage
  baspfin
  baspfin_d
  bbfa_mt
  bbfa_mt_d
  bbfas_ac
  bbfas_ap
  bbfas_ci
  bbfas_co
  bbfas_ea
  bbfas_ee
  bbfas_nv
  bbfas_nv9
  bbfas_nw
  bbfas_oi
  bbfas_oo
  bbfi_a
  bbfi_a6
  bbfi_c
  bbfi_d_scale
  bbfi_e
  bbfi_hp8
  bbfi_n
  bbfi_o
  bbfi_s_scale
  bhrz_col
  bhrz_col_d
  bhrz_ind
  bhrz_ind_d
  bmvi
  busi
  busi_d
  bvrt_col
  bvrt_col_d
  bvrt_ind
  bvrt_ind_d
  cage
  caspfin
  caspfin_d
  cbfa_mt
  cbfa_mt_d
  cbfas_ac
  cbfas_ap
  cbfas_ci
  cbfas_co
  cbfas_ea
  cbfas_ee
  cbfas_nv
  cbfas_nv9
  cbfas_nw
  cbfas_oi
  cbfas_oo
  cbfi_a
  cbfi_a6
  cbfi_c
  cbfi_d_scale
  cbfi_e
  cbfi_hp8
  cbfi_n
  cbfi_o
  cbfi_s_scale
  chrz_col
  chrz_col_d
  chrz_ind
  chrz_ind_d
  cmvi
  cusi
  cusi_d
  cvrt_col
  cvrt_col_d
  cvrt_ind
  cvrt_ind_d
  dage
  daspfin
  daspfin_d
  dbfa_mt
  dbfa_mt_d
  dbfas_ac
  dbfas_ap
  dbfas_ci
  dbfas_co
  dbfas_ea
  dbfas_ee
  dbfas_nv
  dbfas_nv9
  dbfas_nw
  dbfas_oi
  dbfas_oo
  dbfi_a
  dbfi_a6
  dbfi_c
  dbfi_d_scale
  dbfi_e
  dbfi_hp8
  dbfi_n
  dbfi_o
  dbfi_s_scale
  dhrz_col
  dhrz_col_d
  dhrz_ind
  dhrz_ind_d
  dmvi
  dusi
  dusi_d
  dvrt_col
  dvrt_col_d
  dvrt_ind
  dvrt_ind_d;

  USEVARIABLES =
  abfas_co
  bbfas_co
  cbfas_co
  dbfas_co
  aaspfin_d
  baspfin_d
  caspfin_d
  daspfin_d
  a1
  a2
  a3
  a4
  aagegrp
  ;

  missing = all (-9999);

  tscores = a1 a2 a3 a4;

  grouping = aagegrp (0=earlier, 1=later);

  DEFINE:

  aagegrp = aage;

  cut aagegrp (39);

  a1 = aage + 0 - 36;
  a2 = aage + 1 - 36;
  a3 = aage + 2 - 36;
  a4 = aage + 3 - 36;

  ANALYSIS:
  TYPE=RANDOM;
  PROCESSORS = 6;
  model=nocovariances; ! supresses default estimation of certain covs in model;

  MODEL:

  i_bfas_co s_bfas_co | abfas_co bbfas_co cbfas_co dbfas_co AT a1 a2 a3 a4;
  i_aspfin_d s_aspfin_d | aaspfin_d baspfin_d caspfin_d daspfin_d AT a1 a2 a3 a4;

  ! freeing factor covs because of "nocovariances"
  ! But ensure they are constrained across groups
  s_bfas_co WITH i_bfas_co (p)
  s_aspfin_d (q)
  i_aspfin_d (r);
  i_bfas_co WITH s_aspfin_d (s)
  i_aspfin_d (t);
  s_aspfin_d WITH i_aspfin_d (u);

  !constrain latent growth means across groups
  [i_bfas_co] (v);
  [s_bfas_co] (w);
  [i_aspfin_d] (x);
  [s_aspfin_d] (y);

  !constrain latent growth variances across groups
  i_bfas_co (l);
  s_bfas_co (m);
  i_aspfin_d (n);
  s_aspfin_d (o);

  p1 BY abfas_co@1; ! Residual "factors";
  p2 BY bbfas_co@1;
  p3 BY cbfas_co@1;
  p4 BY dbfas_co@1;

  v1 BY aaspfin_d@1; ! Residual "factors";
  v2 BY baspfin_d@1;
  v3 BY caspfin_d@1;
  v4 BY daspfin_d@1;

  !residual variances on observed/manifest vars set to 0
  abfas_co@0;
  bbfas_co@0;
  cbfas_co@0;
  dbfas_co@0;

  !residual variances on observed/manifest vars set to 0
  aaspfin_d@0;
  baspfin_d@0;
  caspfin_d@0;
  daspfin_d@0;

  ! means of observed/manifest vars set to 0
  [abfas_co@0];
  [bbfas_co@0];
  [cbfas_co@0];
  [dbfas_co@0];

  ! means of observed/manifest vars set to 0
  [aaspfin_d@0];
  [baspfin_d@0];
  [caspfin_d@0];
  [daspfin_d@0];

  [p1@0]; ! means of residual "factors" set to 0
  [p2@0];
  [p3@0];
  [p4@0];

  [v1@0]; ! means of residual "factors" set to 0
  [v2@0];
  [v3@0];
  [v4@0];

  p4 on p3 (a); ! Autoregressive paths constrained to equality
  p3 on p2 (a);
  p2 on p1 (a);

  v4 on v3 (b); ! Autoregressive paths constrained to equality
  v3 on v2 (b);
  v2 on v1 (b);

  p4 on v3 (c); ! Cross-lagged paths constrained to equality
  p3 on v2 (c);
  p2 on v1 (c);

  v4 on p3 (d); ! Cross-lagged paths constrained to equality
  v3 on p2 (d);
  v2 on p1 (d);

  p1 with v1; !(this one is not like the others)

  p2 with v2 (e); ! Within-wave correlations constrained to equality
  p3 with v3 (e);
  p4 with v4 (e);

  p2 p3 p4 (f); ! estimate variances of residual "factors"
  v2 v3 v4 (g); ! estimate variances of residual "factors"

  MODEL earlier:

  p4 on p3 (a23); ! Autoregressive paths constrained to equality
  p3 on p2 (a23);
  p2 on p1 (a23);

  v4 on v3 (b23); ! Autoregressive paths constrained to equality
  v3 on v2 (b23);
  v2 on v1 (b23);

  p4 on v3 (c23); ! Cross-lagged paths constrained to equality
  p3 on v2 (c23);
  p2 on v1 (c23);

  v4 on p3 (d23); ! Cross-lagged paths constrained to equality
  v3 on p2 (d23);
  v2 on p1 (d23);

  p1 with v1; !(this one is not like the others)

  p2 with v2 (e23); ! Within-wave correlations constrained to equality
  p3 with v3 (e23);
  p4 with v4 (e23);

  p2 p3 p4 (f23); ! estimate variances of residual "factors"
  v2 v3 v4 (g23); ! estimate variances of residual "factors"

  MODEL later:

  p4 on p3 (a45); ! Autoregressive paths constrained to equality
  p3 on p2 (a45);
  p2 on p1 (a45);

  v4 on v3 (b45); ! Autoregressive paths constrained to equality
  v3 on v2 (b45);
  v2 on v1 (b45);

  p4 on v3 (c45); ! Cross-lagged paths constrained to equality
  p3 on v2 (c45);
  p2 on v1 (c45);

  v4 on p3 (d45); ! Cross-lagged paths constrained to equality
  v3 on p2 (d45);
  v2 on p1 (d45);

  p1 with v1; !(this one is not like the others)

  p2 with v2 (e45); ! Within-wave correlations constrained to equality
  p3 with v3 (e45);
  p4 with v4 (e45);

  p2 p3 p4 (f45); ! estimate variances of residual "factors"
  v2 v3 v4 (g45); ! estimate variances of residual "factors"

  OUTPUT: SAMPSTAT PATTERNS;



*** WARNING in VARIABLE command
  Note that only the first 8 characters of variable names are used in the output.
  Shorten variable names to avoid any confusion.
*** WARNING
  Data set contains unknown or missing values for GROUPING,
  PATTERN, COHORT, CLUSTER and/or STRATIFICATION variables.
  Number of cases with unknown or missing values:  5
   2 WARNING(S) FOUND IN THE INPUT INSTRUCTIONS



PxVx Bivariate LCM-SR - 40splitgroup - Linear bfas_co with Linear aspfin_d;

SUMMARY OF ANALYSIS

Number of groups                                                 2
Number of observations
   Group EARLIER                                               534
   Group LATER                                                 330
   Total sample size                                           864

Number of dependent variables                                    8
Number of independent variables                                  0
Number of continuous latent variables                           12

Observed dependent variables

  Continuous
   ABFAS_CO    BBFAS_CO    CBFAS_CO    DBFAS_CO    AASPFIN_D   BASPFIN_D
   CASPFIN_D   DASPFIN_D

Continuous latent variables
   P1          P2          P3          P4          V1          V2
   V3          V4          I_BFAS_C    S_BFAS_C    I_ASPFIN    S_ASPFIN

Variables with special functions

  Grouping variable     AAGEGRP

  Time scores
   A1          A2          A3          A4


Estimator                                                      MLR
Information matrix                                        OBSERVED
Maximum number of iterations                                   100
Convergence criterion                                    0.100D-05
Maximum number of EM iterations                                500
Convergence criteria for the EM algorithm
  Loglikelihood change                                   0.100D-02
  Relative loglikelihood change                          0.100D-05
  Derivative                                             0.100D-03
Minimum variance                                         0.100D-03
Maximum number of steepest descent iterations                   20
Maximum number of iterations for H1                           2000
Convergence criterion for H1                             0.100D-03
Optimization algorithm                                         EMA

Input data file(s)
  /home/jflournoy/code_new/lnt_pxvx/Data/lnt_nat_recalc.tsv
Input data format  FREE


SUMMARY OF DATA

   Group EARLIER
     Number of missing data patterns            15

   Group LATER
     Number of missing data patterns            15


SUMMARY OF MISSING DATA PATTERNS


     MISSING DATA PATTERNS (x = not missing) FOR EARLIER

           1  2  3  4  5  6  7  8  9 10 11 12 13 14 15
 ABFAS_CO  x  x  x  x  x  x  x  x  x  x     x  x  x  x
 BBFAS_CO  x     x     x  x        x  x  x  x        x
 CBFAS_CO  x        x     x     x        x  x  x     x
 DBFAS_CO  x     x  x        x           x     x  x  x
 AASPFIN_  x  x  x  x  x  x  x  x     x  x  x  x  x  x
 BASPFIN_  x     x     x  x        x     x  x  x
 CASPFIN_  x        x     x     x        x  x  x     x
 DASPFIN_  x     x  x        x           x  x  x     x


     MISSING DATA PATTERN FREQUENCIES FOR EARLIER

    Pattern   Frequency     Pattern   Frequency     Pattern   Frequency
          1         327           6          21          11           1
          2         101           7          14          12           1
          3          14           8          12          13           1
          4          12           9           1          14           1
          5          26          10           1          15           1


     MISSING DATA PATTERNS (x = not missing) FOR LATER

           1  2  3  4  5  6  7  8  9 10 11 12 13 14 15
 ABFAS_CO  x  x  x  x  x  x  x  x  x     x  x  x  x  x
 BBFAS_CO  x     x     x  x        x  x     x  x     x
 CBFAS_CO  x        x     x     x     x  x  x  x
 DBFAS_CO  x     x  x        x        x  x  x  x     x
 AASPFIN_  x  x  x  x  x  x  x  x  x  x  x  x  x     x
 BASPFIN_  x     x     x  x           x  x     x
 CASPFIN_  x        x     x     x     x  x  x
 DASPFIN_  x     x  x        x        x  x  x  x     x


     MISSING DATA PATTERN FREQUENCIES FOR LATER

    Pattern   Frequency     Pattern   Frequency     Pattern   Frequency
          1         163           6          26          11           1
          2          68           7          10          12           1
          3          12           8          12          13           1
          4           9           9           2          14           1
          5          22          10           1          15           1


COVARIANCE COVERAGE OF DATA

Minimum covariance coverage value   0.100


     PROPORTION OF DATA PRESENT FOR EARLIER


           Covariance Coverage
              ABFAS_CO      BBFAS_CO      CBFAS_CO      DBFAS_CO      AASPFIN_
              ________      ________      ________      ________      ________
 ABFAS_CO       0.998
 BBFAS_CO       0.734         0.736
 CBFAS_CO       0.702         0.657         0.704
 DBFAS_CO       0.693         0.642         0.640         0.695
 AASPFIN_       0.996         0.734         0.704         0.695         0.998
 BASPFIN_       0.732         0.732         0.657         0.642         0.732
 CASPFIN_       0.702         0.657         0.704         0.640         0.704
 DASPFIN_       0.693         0.644         0.642         0.693         0.695


           Covariance Coverage
              BASPFIN_      CASPFIN_      DASPFIN_
              ________      ________      ________
 BASPFIN_       0.734
 CASPFIN_       0.657         0.704
 DASPFIN_       0.644         0.642         0.695


     PROPORTION OF DATA PRESENT FOR LATER


           Covariance Coverage
              ABFAS_CO      BBFAS_CO      CBFAS_CO      DBFAS_CO      AASPFIN_
              ________      ________      ________      ________      ________
 ABFAS_CO       0.997
 BBFAS_CO       0.691         0.694
 CBFAS_CO       0.645         0.582         0.648
 DBFAS_CO       0.597         0.536         0.530         0.600
 AASPFIN_       0.991         0.688         0.648         0.600         0.994
 BASPFIN_       0.688         0.688         0.582         0.536         0.685
 CASPFIN_       0.645         0.582         0.648         0.530         0.648
 DASPFIN_       0.597         0.539         0.533         0.597         0.600


           Covariance Coverage
              BASPFIN_      CASPFIN_      DASPFIN_
              ________      ________      ________
 BASPFIN_       0.691
 CASPFIN_       0.582         0.648
 DASPFIN_       0.539         0.533         0.600


SAMPLE STATISTICS


     ESTIMATED SAMPLE STATISTICS FOR EARLIER


           Means
              ABFAS_CO      BBFAS_CO      CBFAS_CO      DBFAS_CO      AASPFIN_
              ________      ________      ________      ________      ________
               61.402        61.049        62.068        62.127        44.175


           Means
              BASPFIN_      CASPFIN_      DASPFIN_
              ________      ________      ________
               45.355        44.764        44.843


           Covariances
              ABFAS_CO      BBFAS_CO      CBFAS_CO      DBFAS_CO      AASPFIN_
              ________      ________      ________      ________      ________
 ABFAS_CO     288.858
 BBFAS_CO     229.312       289.758
 CBFAS_CO     216.349       225.579       268.986
 DBFAS_CO     208.900       213.332       218.204       269.975
 AASPFIN_      89.414        67.241        68.297        55.114       595.822
 BASPFIN_      91.102        75.320        64.092        64.409       472.752
 CASPFIN_      95.895        76.973        69.397        57.384       479.222
 DASPFIN_      86.896        69.270        76.477        66.899       448.846


           Covariances
              BASPFIN_      CASPFIN_      DASPFIN_
              ________      ________      ________
 BASPFIN_     639.761
 CASPFIN_     508.456       663.713
 DASPFIN_     486.869       511.024       656.397


           Correlations
              ABFAS_CO      BBFAS_CO      CBFAS_CO      DBFAS_CO      AASPFIN_
              ________      ________      ________      ________      ________
 ABFAS_CO       1.000
 BBFAS_CO       0.793         1.000
 CBFAS_CO       0.776         0.808         1.000
 DBFAS_CO       0.748         0.763         0.810         1.000
 AASPFIN_       0.216         0.162         0.171         0.137         1.000
 BASPFIN_       0.212         0.175         0.154         0.155         0.766
 CASPFIN_       0.219         0.176         0.164         0.136         0.762
 DASPFIN_       0.200         0.159         0.182         0.159         0.718


           Correlations
              BASPFIN_      CASPFIN_      DASPFIN_
              ________      ________      ________
 BASPFIN_       1.000
 CASPFIN_       0.780         1.000
 DASPFIN_       0.751         0.774         1.000


     ESTIMATED SAMPLE STATISTICS FOR LATER


           Means
              ABFAS_CO      BBFAS_CO      CBFAS_CO      DBFAS_CO      AASPFIN_
              ________      ________      ________      ________      ________
               62.532        62.564        62.053        62.084        39.708


           Means
              BASPFIN_      CASPFIN_      DASPFIN_
              ________      ________      ________
               40.386        40.902        42.383


           Covariances
              ABFAS_CO      BBFAS_CO      CBFAS_CO      DBFAS_CO      AASPFIN_
              ________      ________      ________      ________      ________
 ABFAS_CO     244.570
 BBFAS_CO     202.283       250.294
 CBFAS_CO     205.481       217.327       255.315
 DBFAS_CO     205.704       212.566       220.781       270.203
 AASPFIN_      67.184        62.570        60.747        82.325       540.954
 BASPFIN_      63.345        51.237        63.731        81.092       393.931
 CASPFIN_      34.251        28.239        33.246        54.316       368.702
 DASPFIN_      50.374        47.534        37.700        59.364       374.281


           Covariances
              BASPFIN_      CASPFIN_      DASPFIN_
              ________      ________      ________
 BASPFIN_     514.024
 CASPFIN_     365.010       467.691
 DASPFIN_     344.444       363.097       500.579


           Correlations
              ABFAS_CO      BBFAS_CO      CBFAS_CO      DBFAS_CO      AASPFIN_
              ________      ________      ________      ________      ________
 ABFAS_CO       1.000
 BBFAS_CO       0.818         1.000
 CBFAS_CO       0.822         0.860         1.000
 DBFAS_CO       0.800         0.817         0.841         1.000
 AASPFIN_       0.185         0.170         0.163         0.215         1.000
 BASPFIN_       0.179         0.143         0.176         0.218         0.747
 CASPFIN_       0.101         0.083         0.096         0.153         0.733
 DASPFIN_       0.144         0.134         0.105         0.161         0.719


           Correlations
              BASPFIN_      CASPFIN_      DASPFIN_
              ________      ________      ________
 BASPFIN_       1.000
 CASPFIN_       0.744         1.000
 DASPFIN_       0.679         0.750         1.000


     MAXIMUM LOG-LIKELIHOOD VALUE FOR THE UNRESTRICTED (H1) MODEL IS -21342.835


UNIVARIATE SAMPLE STATISTICS


     UNIVARIATE HIGHER-ORDER MOMENT DESCRIPTIVE STATISTICS FOR EARLIER

         Variable/         Mean/     Skewness/   Minimum/ % with                Percentiles
        Sample Size      Variance    Kurtosis    Maximum  Min/Max      20%/60%    40%/80%    Median

     ABFAS_CO             61.364      -0.211      10.000    0.38%      47.500     57.500     62.500
             533.000     288.460      -0.320     100.000    0.38%      67.500     77.500
     BBFAS_CO             61.440      -0.067      12.500    0.25%      45.000     57.500     62.500
             393.000     292.417      -0.558     100.000    0.51%      65.000     77.500
     CBFAS_CO             62.146      -0.133      20.000    0.27%      47.500     57.500     62.500
             376.000     271.183      -0.506     100.000    0.27%      67.500     77.500
     DBFAS_CO             62.333      -0.098       7.500    0.27%      47.500     57.500     62.500
             371.000     273.459      -0.477     100.000    1.08%      67.500     77.500
     AASPFIN_D            44.215       0.323       0.000    3.19%      25.000     33.333     41.667
             533.000     595.639      -0.591     100.000    2.81%      50.000     66.667
     BASPFIN_D            45.376       0.355       0.000    2.81%      25.000     33.333     41.667
             392.000     643.614      -0.634     100.000    4.34%      50.000     66.667
     CASPFIN_D            44.947       0.367       0.000    2.93%      25.000     33.333     41.667
             376.000     665.955      -0.721     100.000    3.99%      50.000     66.667
     DASPFIN_D            44.946       0.260       0.000    2.16%      16.667     33.333     41.667
             371.000     664.129      -0.848     100.000    3.23%      50.000     66.667


     UNIVARIATE HIGHER-ORDER MOMENT DESCRIPTIVE STATISTICS FOR LATER

         Variable/         Mean/     Skewness/   Minimum/ % with                Percentiles
        Sample Size      Variance    Kurtosis    Maximum  Min/Max      20%/60%    40%/80%    Median

     ABFAS_CO             62.585      -0.272      10.000    0.30%      50.000     60.000     62.500
             329.000     244.192      -0.146     100.000    0.30%      67.500     75.000
     BBFAS_CO             62.918      -0.066      27.500    1.75%      50.000     60.000     62.500
             229.000     247.516      -0.593      97.500    0.44%      67.500     77.500
     CBFAS_CO             61.798      -0.144      20.000    0.47%      47.500     57.500     62.500
             214.000     270.453      -0.559     100.000    0.47%      67.500     77.500
     DBFAS_CO             62.977      -0.430      15.000    0.50%      50.000     60.000     65.000
             199.000     276.468      -0.065     100.000    0.50%      70.000     77.500
     AASPFIN_D            39.716       0.441       0.000    5.78%      16.667     33.333     37.500
             329.000     540.987      -0.252     100.000    1.52%      41.667     58.333
     BASPFIN_D            40.118       0.545       0.000    3.10%      16.667     33.333     39.583
             226.000     516.130       0.018     100.000    2.65%      41.667     58.333
     CASPFIN_D            41.138       0.431       0.000    2.82%      25.000     33.333     41.667
             213.000     474.503      -0.176     100.000    1.41%      41.667     58.333
     DASPFIN_D            42.630       0.484       0.000    1.51%      25.000     33.333     41.667
             199.000     518.684      -0.384     100.000    1.51%      50.000     58.333


THE MODEL ESTIMATION TERMINATED NORMALLY



MODEL FIT INFORMATION

Number of Free Parameters                       34

Loglikelihood

          H0 Value                      -21368.466
          H0 Scaling Correction Factor      1.1312
            for MLR

Information Criteria

          Akaike (AIC)                   42804.932
          Bayesian (BIC)                 42966.825
          Sample-Size Adjusted BIC       42858.850
            (n* = (n + 2) / 24)



MODEL RESULTS

                                                    Two-Tailed
                    Estimate       S.E.  Est./S.E.    P-Value

Group EARLIER

 P1       BY
    ABFAS_CO           1.000      0.000    999.000    999.000

 P2       BY
    BBFAS_CO           1.000      0.000    999.000    999.000

 P3       BY
    CBFAS_CO           1.000      0.000    999.000    999.000

 P4       BY
    DBFAS_CO           1.000      0.000    999.000    999.000

 V1       BY
    AASPFIN_D          1.000      0.000    999.000    999.000

 V2       BY
    BASPFIN_D          1.000      0.000    999.000    999.000

 V3       BY
    CASPFIN_D          1.000      0.000    999.000    999.000

 V4       BY
    DASPFIN_D          1.000      0.000    999.000    999.000

 P4         ON
    P3                 0.170      0.070      2.420      0.016
    V3                -0.038      0.031     -1.227      0.220

 P3         ON
    P2                 0.170      0.070      2.420      0.016
    V2                -0.038      0.031     -1.227      0.220

 P2         ON
    P1                 0.170      0.070      2.420      0.016
    V1                -0.038      0.031     -1.227      0.220

 V4         ON
    V3                 0.129      0.081      1.594      0.111
    P3                 0.050      0.078      0.646      0.519

 V3         ON
    V2                 0.129      0.081      1.594      0.111
    P2                 0.050      0.078      0.646      0.519

 V2         ON
    V1                 0.129      0.081      1.594      0.111
    P1                 0.050      0.078      0.646      0.519

 S_BFAS_C WITH
    I_BFAS_CO         -0.606      0.585     -1.036      0.300
    S_ASPFIN_D         0.093      0.111      0.844      0.399
    I_ASPFIN_D        -1.361      2.449     -0.556      0.578

 I_BFAS_C WITH
    S_ASPFIN_D        -0.795      2.518     -0.316      0.752
    I_ASPFIN_D        62.337     15.354      4.060      0.000

 S_ASPFIN WITH
    I_ASPFIN_D        -2.265      1.209     -1.874      0.061

 P1       WITH
    V1                 5.376      7.741      0.694      0.487

 P2       WITH
    V2                 0.291      4.659      0.062      0.950

 P3       WITH
    V3                 0.291      4.659      0.062      0.950

 P4       WITH
    V4                 0.291      4.659      0.062      0.950

 Means
    P1                 0.000      0.000    999.000    999.000
    V1                 0.000      0.000    999.000    999.000
    I_BFAS_CO         61.882      0.537    115.278      0.000
    S_BFAS_CO          0.090      0.048      1.878      0.060
    I_ASPFIN_D        43.284      0.776     55.774      0.000
    S_ASPFIN_D        -0.152      0.068     -2.240      0.025

 Intercepts
    ABFAS_CO           0.000      0.000    999.000    999.000
    BBFAS_CO           0.000      0.000    999.000    999.000
    CBFAS_CO           0.000      0.000    999.000    999.000
    DBFAS_CO           0.000      0.000    999.000    999.000
    AASPFIN_D          0.000      0.000    999.000    999.000
    BASPFIN_D          0.000      0.000    999.000    999.000
    CASPFIN_D          0.000      0.000    999.000    999.000
    DASPFIN_D          0.000      0.000    999.000    999.000
    P2                 0.000      0.000    999.000    999.000
    P3                 0.000      0.000    999.000    999.000
    P4                 0.000      0.000    999.000    999.000
    V2                 0.000      0.000    999.000    999.000
    V3                 0.000      0.000    999.000    999.000
    V4                 0.000      0.000    999.000    999.000

 Variances
    P1                70.827      7.633      9.278      0.000
    V1               153.962     15.893      9.687      0.000
    I_BFAS_CO        194.606     14.303     13.606      0.000
    S_BFAS_CO          0.152      0.114      1.325      0.185
    I_ASPFIN_D       413.419     29.701     13.919      0.000
    S_ASPFIN_D         0.167      0.212      0.792      0.428

 Residual Variances
    ABFAS_CO           0.000      0.000    999.000    999.000
    BBFAS_CO           0.000      0.000    999.000    999.000
    CBFAS_CO           0.000      0.000    999.000    999.000
    DBFAS_CO           0.000      0.000    999.000    999.000
    AASPFIN_D          0.000      0.000    999.000    999.000
    BASPFIN_D          0.000      0.000    999.000    999.000
    CASPFIN_D          0.000      0.000    999.000    999.000
    DASPFIN_D          0.000      0.000    999.000    999.000
    P2                63.715      5.465     11.659      0.000
    P3                63.715      5.465     11.659      0.000
    P4                63.715      5.465     11.659      0.000
    V2               168.976     14.122     11.966      0.000
    V3               168.976     14.122     11.966      0.000
    V4               168.976     14.122     11.966      0.000

Group LATER

 P1       BY
    ABFAS_CO           1.000      0.000    999.000    999.000

 P2       BY
    BBFAS_CO           1.000      0.000    999.000    999.000

 P3       BY
    CBFAS_CO           1.000      0.000    999.000    999.000

 P4       BY
    DBFAS_CO           1.000      0.000    999.000    999.000

 V1       BY
    AASPFIN_D          1.000      0.000    999.000    999.000

 V2       BY
    BASPFIN_D          1.000      0.000    999.000    999.000

 V3       BY
    CASPFIN_D          1.000      0.000    999.000    999.000

 V4       BY
    DASPFIN_D          1.000      0.000    999.000    999.000

 P4         ON
    P3                 0.116      0.079      1.473      0.141
    V3                 0.011      0.038      0.280      0.780

 P3         ON
    P2                 0.116      0.079      1.473      0.141
    V2                 0.011      0.038      0.280      0.780

 P2         ON
    P1                 0.116      0.079      1.473      0.141
    V1                 0.011      0.038      0.280      0.780

 V4         ON
    V3                 0.142      0.071      2.009      0.045
    P3                -0.142      0.100     -1.413      0.158

 V3         ON
    V2                 0.142      0.071      2.009      0.045
    P2                -0.142      0.100     -1.413      0.158

 V2         ON
    V1                 0.142      0.071      2.009      0.045
    P1                -0.142      0.100     -1.413      0.158

 S_BFAS_C WITH
    I_BFAS_CO         -0.606      0.585     -1.036      0.300
    S_ASPFIN_D         0.093      0.111      0.844      0.399
    I_ASPFIN_D        -1.361      2.449     -0.556      0.578

 I_BFAS_C WITH
    S_ASPFIN_D        -0.795      2.518     -0.316      0.752
    I_ASPFIN_D        62.337     15.354      4.060      0.000

 S_ASPFIN WITH
    I_ASPFIN_D        -2.265      1.209     -1.874      0.061

 P1       WITH
    V1                 1.761      7.785      0.226      0.821

 P2       WITH
    V2                -6.566      6.295     -1.043      0.297

 P3       WITH
    V3                -6.566      6.295     -1.043      0.297

 P4       WITH
    V4                -6.566      6.295     -1.043      0.297

 Means
    P1                 0.000      0.000    999.000    999.000
    V1                 0.000      0.000    999.000    999.000
    I_BFAS_CO         61.882      0.537    115.278      0.000
    S_BFAS_CO          0.090      0.048      1.878      0.060
    I_ASPFIN_D        43.284      0.776     55.774      0.000
    S_ASPFIN_D        -0.152      0.068     -2.240      0.025

 Intercepts
    ABFAS_CO           0.000      0.000    999.000    999.000
    BBFAS_CO           0.000      0.000    999.000    999.000
    CBFAS_CO           0.000      0.000    999.000    999.000
    DBFAS_CO           0.000      0.000    999.000    999.000
    AASPFIN_D          0.000      0.000    999.000    999.000
    BASPFIN_D          0.000      0.000    999.000    999.000
    CASPFIN_D          0.000      0.000    999.000    999.000
    DASPFIN_D          0.000      0.000    999.000    999.000
    P2                 0.000      0.000    999.000    999.000
    P3                 0.000      0.000    999.000    999.000
    P4                 0.000      0.000    999.000    999.000
    V2                 0.000      0.000    999.000    999.000
    V3                 0.000      0.000    999.000    999.000
    V4                 0.000      0.000    999.000    999.000

 Variances
    P1                50.742      5.882      8.627      0.000
    V1               151.301     18.752      8.068      0.000
    I_BFAS_CO        194.606     14.303     13.606      0.000
    S_BFAS_CO          0.152      0.114      1.325      0.185
    I_ASPFIN_D       413.419     29.701     13.919      0.000
    S_ASPFIN_D         0.167      0.212      0.792      0.428

 Residual Variances
    ABFAS_CO           0.000      0.000    999.000    999.000
    BBFAS_CO           0.000      0.000    999.000    999.000
    CBFAS_CO           0.000      0.000    999.000    999.000
    DBFAS_CO           0.000      0.000    999.000    999.000
    AASPFIN_D          0.000      0.000    999.000    999.000
    BASPFIN_D          0.000      0.000    999.000    999.000
    CASPFIN_D          0.000      0.000    999.000    999.000
    DASPFIN_D          0.000      0.000    999.000    999.000
    P2                45.328      4.883      9.283      0.000
    P3                45.328      4.883      9.283      0.000
    P4                45.328      4.883      9.283      0.000
    V2               145.441     14.880      9.774      0.000
    V3               145.441     14.880      9.774      0.000
    V4               145.441     14.880      9.774      0.000


QUALITY OF NUMERICAL RESULTS

     Condition Number for the Information Matrix              0.382E-05
       (ratio of smallest to largest eigenvalue)


     Beginning Time:  17:25:06
        Ending Time:  17:25:29
       Elapsed Time:  00:00:23



MUTHEN & MUTHEN
3463 Stoner Ave.
Los Angeles, CA  90066

Tel: (310) 391-9971
Fax: (310) 391-8971
Web: www.StatModel.com
Support: Support@StatModel.com

Copyright (c) 1998-2017 Muthen & Muthen
