Mplus VERSION 8 (Linux)
MUTHEN & MUTHEN
07/07/2018   3:49 PM

INPUT INSTRUCTIONS


  title: PxVx Bivariate LCM-SR - post mi - Linear bfas_ee with Linear mvi;
  data: file = /home/jflournoy/code_new/lnt_pxvx/Data/lnt_nat_recalc.tsv;

  variable:
  names =
  subjid
  aage
  aaspfin
  aaspfin_d
  abfa_mt
  abfa_mt_d
  abfas_ac
  abfas_ap
  abfas_ci
  abfas_co
  abfas_ea
  abfas_ee
  abfas_nv
  abfas_nv9
  abfas_nw
  abfas_oi
  abfas_oo
  abfi_a
  abfi_a6
  abfi_c
  abfi_d_scale
  abfi_e
  abfi_hp8
  abfi_n
  abfi_o
  abfi_s_scale
  ahrz_col
  ahrz_col_d
  ahrz_ind
  ahrz_ind_d
  amvi
  ausi
  ausi_d
  avrt_col
  avrt_col_d
  avrt_ind
  avrt_ind_d
  bage
  baspfin
  baspfin_d
  bbfa_mt
  bbfa_mt_d
  bbfas_ac
  bbfas_ap
  bbfas_ci
  bbfas_co
  bbfas_ea
  bbfas_ee
  bbfas_nv
  bbfas_nv9
  bbfas_nw
  bbfas_oi
  bbfas_oo
  bbfi_a
  bbfi_a6
  bbfi_c
  bbfi_d_scale
  bbfi_e
  bbfi_hp8
  bbfi_n
  bbfi_o
  bbfi_s_scale
  bhrz_col
  bhrz_col_d
  bhrz_ind
  bhrz_ind_d
  bmvi
  busi
  busi_d
  bvrt_col
  bvrt_col_d
  bvrt_ind
  bvrt_ind_d
  cage
  caspfin
  caspfin_d
  cbfa_mt
  cbfa_mt_d
  cbfas_ac
  cbfas_ap
  cbfas_ci
  cbfas_co
  cbfas_ea
  cbfas_ee
  cbfas_nv
  cbfas_nv9
  cbfas_nw
  cbfas_oi
  cbfas_oo
  cbfi_a
  cbfi_a6
  cbfi_c
  cbfi_d_scale
  cbfi_e
  cbfi_hp8
  cbfi_n
  cbfi_o
  cbfi_s_scale
  chrz_col
  chrz_col_d
  chrz_ind
  chrz_ind_d
  cmvi
  cusi
  cusi_d
  cvrt_col
  cvrt_col_d
  cvrt_ind
  cvrt_ind_d
  dage
  daspfin
  daspfin_d
  dbfa_mt
  dbfa_mt_d
  dbfas_ac
  dbfas_ap
  dbfas_ci
  dbfas_co
  dbfas_ea
  dbfas_ee
  dbfas_nv
  dbfas_nv9
  dbfas_nw
  dbfas_oi
  dbfas_oo
  dbfi_a
  dbfi_a6
  dbfi_c
  dbfi_d_scale
  dbfi_e
  dbfi_hp8
  dbfi_n
  dbfi_o
  dbfi_s_scale
  dhrz_col
  dhrz_col_d
  dhrz_ind
  dhrz_ind_d
  dmvi
  dusi
  dusi_d
  dvrt_col
  dvrt_col_d
  dvrt_ind
  dvrt_ind_d;

  USEVARIABLES =
  abfas_ee
  bbfas_ee
  cbfas_ee
  dbfas_ee
  amvi
  bmvi
  cmvi
  dmvi
  a1
  a2
  a3
  a4
  ;

  missing = all (-9999);

  tscores = a1 a2 a3 a4;

  DEFINE:
  a1 = aage + 0 - 36;
  a2 = aage + 1 - 36;
  a3 = aage + 2 - 36;
  a4 = aage + 3 - 36;

  ANALYSIS:
  TYPE=RANDOM;
  PROCESSORS = 6;
  model=nocovariances; ! supresses default estimation of certain covs in model;

  MODEL:

  i_bfas_ee s_bfas_ee | abfas_ee bbfas_ee cbfas_ee dbfas_ee AT a1 a2 a3 a4;
  i_mvi s_mvi | amvi bmvi cmvi dmvi AT a1 a2 a3 a4;

  ! freeing factor covs because of "nocovariances"
  s_bfas_ee WITH i_bfas_ee s_mvi i_mvi;
  i_bfas_ee WITH s_mvi i_mvi;
  s_mvi WITH i_mvi;

  p1 BY abfas_ee@1; ! Residual "factors";
  p2 BY bbfas_ee@1;
  p3 BY cbfas_ee@1;
  p4 BY dbfas_ee@1;

  v1 BY amvi@1; ! Residual "factors";
  v2 BY bmvi@1;
  v3 BY cmvi@1;
  v4 BY dmvi@1;

  !residual variances on observed/manifest vars set to 0
  abfas_ee@0;
  bbfas_ee@0;
  cbfas_ee@0;
  dbfas_ee@0;

  !residual variances on observed/manifest vars set to 0
  amvi@0;
  bmvi@0;
  cmvi@0;
  dmvi@0;

  ! means of observed/manifest vars set to 0
  [abfas_ee@0];
  [bbfas_ee@0];
  [cbfas_ee@0];
  [dbfas_ee@0];

  ! means of observed/manifest vars set to 0
  [amvi@0];
  [bmvi@0];
  [cmvi@0];
  [dmvi@0];

  [p1@0]; ! means of residual "factors" set to 0
  [p2@0];
  [p3@0];
  [p4@0];

  [v1@0]; ! means of residual "factors" set to 0
  [v2@0];
  [v3@0];
  [v4@0];

  p4 on p3 (a); ! Autoregressive paths constrained to equality
  p3 on p2 (a);
  p2 on p1 (a);

  v4 on v3 (b); ! Autoregressive paths constrained to equality
  v3 on v2 (b);
  v2 on v1 (b);

  p4 on v3 (c); ! Cross-lagged paths constrained to equality
  p3 on v2 (c);
  p2 on v1 (c);

  v4 on p3 (d); ! Cross-lagged paths constrained to equality
  v3 on p2 (d);
  v2 on p1 (d);

  p1 with v1; !(this one is not like the others)

  p2 with v2 (e); ! Within-wave correlations constrained to equality
  p3 with v3 (e);
  p4 with v4 (e);

  p2 p3 p4 (f); ! estimate variances of residual "factors"
  v2 v3 v4 (g); ! estimate variances of residual "factors"

  OUTPUT: SAMPSTAT PATTERNS;



*** WARNING
  Data set contains cases with missing on time scores but non-missing on the
  corresponding dependent variables.  These cases were not included in the analysis.
  Number of such cases:  5
   1 WARNING(S) FOUND IN THE INPUT INSTRUCTIONS



PxVx Bivariate LCM-SR - post mi - Linear bfas_ee with Linear mvi;

SUMMARY OF ANALYSIS

Number of groups                                                 1
Number of observations                                         864

Number of dependent variables                                    8
Number of independent variables                                  0
Number of continuous latent variables                           12

Observed dependent variables

  Continuous
   ABFAS_EE    BBFAS_EE    CBFAS_EE    DBFAS_EE    AMVI        BMVI
   CMVI        DMVI

Continuous latent variables
   P1          P2          P3          P4          V1          V2
   V3          V4          I_BFAS_E    S_BFAS_E    I_MVI       S_MVI

Variables with special functions

  Time scores
   A1          A2          A3          A4


Estimator                                                      MLR
Information matrix                                        OBSERVED
Maximum number of iterations                                   100
Convergence criterion                                    0.100D-05
Maximum number of EM iterations                                500
Convergence criteria for the EM algorithm
  Loglikelihood change                                   0.100D-02
  Relative loglikelihood change                          0.100D-05
  Derivative                                             0.100D-03
Minimum variance                                         0.100D-03
Maximum number of steepest descent iterations                   20
Maximum number of iterations for H1                           2000
Convergence criterion for H1                             0.100D-03
Optimization algorithm                                         EMA

Input data file(s)
  /home/jflournoy/code_new/lnt_pxvx/Data/lnt_nat_recalc.tsv
Input data format  FREE


SUMMARY OF DATA

     Number of missing data patterns            14


SUMMARY OF MISSING DATA PATTERNS


     MISSING DATA PATTERNS (x = not missing)

           1  2  3  4  5  6  7  8  9 10 11 12 13 14
 ABFAS_EE  x  x  x  x  x  x  x  x  x  x  x     x  x
 BBFAS_EE  x     x  x        x     x  x  x  x
 CBFAS_EE  x           x     x  x        x  x
 DBFAS_EE  x     x     x  x              x  x     x
 AMVI      x  x  x  x  x  x  x  x     x  x  x     x
 BMVI      x     x  x        x     x        x
 CMVI      x           x     x  x        x  x
 DMVI      x     x     x  x              x  x


     MISSING DATA PATTERN FREQUENCIES

    Pattern   Frequency     Pattern   Frequency     Pattern   Frequency
          1         493           6          24          11           1
          2         169           7          48          12           2
          3          27           8          24          13           1
          4          48           9           1          14           1
          5          22          10           3


COVARIANCE COVERAGE OF DATA

Minimum covariance coverage value   0.100


     PROPORTION OF DATA PRESENT


           Covariance Coverage
              ABFAS_EE      BBFAS_EE      CBFAS_EE      DBFAS_EE      AMVI
              ________      ________      ________      ________      ________
 ABFAS_EE       0.998
 BBFAS_EE       0.719         0.721
 CBFAS_EE       0.681         0.630         0.683
 DBFAS_EE       0.657         0.605         0.600         0.660
 AMVI           0.995         0.720         0.683         0.660         0.998
 BMVI           0.714         0.716         0.628         0.604         0.715
 CMVI           0.681         0.630         0.683         0.600         0.683
 DMVI           0.656         0.605         0.600         0.659         0.659


           Covariance Coverage
              BMVI          CMVI          DMVI
              ________      ________      ________
 BMVI           0.716
 CMVI           0.628         0.683
 DMVI           0.604         0.600         0.659


SAMPLE STATISTICS


     ESTIMATED SAMPLE STATISTICS


           Means
              ABFAS_EE      BBFAS_EE      CBFAS_EE      DBFAS_EE      AMVI
              ________      ________      ________      ________      ________
               62.127        61.936        60.989        60.218        64.669


           Means
              BMVI          CMVI          DMVI
              ________      ________      ________
               64.224        64.320        64.105


           Covariances
              ABFAS_EE      BBFAS_EE      CBFAS_EE      DBFAS_EE      AMVI
              ________      ________      ________      ________      ________
 ABFAS_EE     353.415
 BBFAS_EE     296.123       352.550
 CBFAS_EE     290.587       298.990       359.884
 DBFAS_EE     292.978       301.822       313.785       381.769
 AMVI          15.757        15.031        17.752        14.011        63.950
 BMVI           9.704        11.969        13.584         9.925        49.618
 CMVI           8.066         5.902        12.392        10.181        48.168
 DMVI           6.668         6.660        14.354        12.765        45.060


           Covariances
              BMVI          CMVI          DMVI
              ________      ________      ________
 BMVI          63.042
 CMVI          51.748        69.262
 DMVI          48.532        51.572        60.683


           Correlations
              ABFAS_EE      BBFAS_EE      CBFAS_EE      DBFAS_EE      AMVI
              ________      ________      ________      ________      ________
 ABFAS_EE       1.000
 BBFAS_EE       0.839         1.000
 CBFAS_EE       0.815         0.839         1.000
 DBFAS_EE       0.798         0.823         0.847         1.000
 AMVI           0.105         0.100         0.117         0.090         1.000
 BMVI           0.065         0.080         0.090         0.064         0.781
 CMVI           0.052         0.038         0.078         0.063         0.724
 DMVI           0.046         0.046         0.097         0.084         0.723


           Correlations
              BMVI          CMVI          DMVI
              ________      ________      ________
 BMVI           1.000
 CMVI           0.783         1.000
 DMVI           0.785         0.795         1.000


     MAXIMUM LOG-LIKELIHOOD VALUE FOR THE UNRESTRICTED (H1) MODEL IS -18647.186


UNIVARIATE SAMPLE STATISTICS


     UNIVARIATE HIGHER-ORDER MOMENT DESCRIPTIVE STATISTICS

         Variable/         Mean/     Skewness/   Minimum/ % with                Percentiles
        Sample Size      Variance    Kurtosis    Maximum  Min/Max      20%/60%    40%/80%    Median

     ABFAS_EE             62.097      -0.253       0.000    0.12%      45.000     57.500     62.500
             862.000     353.373      -0.303     100.000    0.81%      67.500     77.778
     BBFAS_EE             61.437      -0.204       5.000    0.32%      45.000     57.500     61.111
             623.000     361.839      -0.446     100.000    1.12%      67.500     80.000
     CBFAS_EE             60.836      -0.196       7.500    0.34%      45.000     55.000     61.250
             590.000     373.543      -0.392     100.000    0.85%      65.000     77.500
     DBFAS_EE             60.428      -0.131       2.500    0.18%      45.000     55.000     60.000
             570.000     389.646      -0.430     100.000    1.58%      65.000     77.500
     AMVI                 64.677       0.026      32.353    0.12%      58.088     62.500     64.706
             862.000      63.962       0.228      92.647    0.12%      66.912     71.324
     BMVI                 64.188       0.003      40.441    0.16%      57.353     61.765     63.971
             619.000      63.530      -0.224      88.235    0.16%      66.176     71.094
     CMVI                 64.316      -0.075      33.088    0.17%      57.353     61.765     63.971
             590.000      70.424       0.095      87.500    0.17%      66.176     71.324
     DMVI                 64.158      -0.028      36.029    0.18%      58.088     62.500     63.971
             569.000      60.815       0.167      85.294    0.35%      66.176     70.588


THE MODEL ESTIMATION TERMINATED NORMALLY



MODEL FIT INFORMATION

Number of Free Parameters                       24

Loglikelihood

          H0 Value                      -18669.986
          H0 Scaling Correction Factor      1.1297
            for MLR

Information Criteria

          Akaike (AIC)                   37387.973
          Bayesian (BIC)                 37502.251
          Sample-Size Adjusted BIC       37426.033
            (n* = (n + 2) / 24)



MODEL RESULTS

                                                    Two-Tailed
                    Estimate       S.E.  Est./S.E.    P-Value

 P1       BY
    ABFAS_EE           1.000      0.000    999.000    999.000

 P2       BY
    BBFAS_EE           1.000      0.000    999.000    999.000

 P3       BY
    CBFAS_EE           1.000      0.000    999.000    999.000

 P4       BY
    DBFAS_EE           1.000      0.000    999.000    999.000

 V1       BY
    AMVI               1.000      0.000    999.000    999.000

 V2       BY
    BMVI               1.000      0.000    999.000    999.000

 V3       BY
    CMVI               1.000      0.000    999.000    999.000

 V4       BY
    DMVI               1.000      0.000    999.000    999.000

 P4         ON
    P3                 0.187      0.053      3.553      0.000
    V3                 0.124      0.076      1.630      0.103

 P3         ON
    P2                 0.187      0.053      3.553      0.000
    V2                 0.124      0.076      1.630      0.103

 P2         ON
    P1                 0.187      0.053      3.553      0.000
    V1                 0.124      0.076      1.630      0.103

 V4         ON
    V3                 0.140      0.048      2.912      0.004
    P3                 0.021      0.020      1.078      0.281

 V3         ON
    V2                 0.140      0.048      2.912      0.004
    P2                 0.021      0.020      1.078      0.281

 V2         ON
    V1                 0.140      0.048      2.912      0.004
    P1                 0.021      0.020      1.078      0.281

 S_BFAS_E WITH
    I_BFAS_EE          0.227      0.754      0.300      0.764
    S_MVI              0.013      0.043      0.300      0.764
    I_MVI              0.821      0.947      0.866      0.386

 I_BFAS_E WITH
    S_MVI             -0.563      0.953     -0.591      0.555
    I_MVI              6.243      6.241      1.000      0.317

 S_MVI    WITH
    I_MVI             -0.167      0.142     -1.179      0.239

 P1       WITH
    V1                 3.996      2.511      1.592      0.111

 P2       WITH
    V2                 3.323      1.268      2.621      0.009

 P3       WITH
    V3                 3.323      1.268      2.621      0.009

 P4       WITH
    V4                 3.323      1.268      2.621      0.009

 Means
    P1                 0.000      0.000    999.000    999.000
    V1                 0.000      0.000    999.000    999.000
    I_BFAS_EE         61.337      0.620     99.006      0.000
    S_BFAS_EE          0.064      0.057      1.121      0.262
    I_MVI             64.291      0.261    246.260      0.000
    S_MVI              0.081      0.024      3.451      0.001

 Intercepts
    ABFAS_EE           0.000      0.000    999.000    999.000
    BBFAS_EE           0.000      0.000    999.000    999.000
    CBFAS_EE           0.000      0.000    999.000    999.000
    DBFAS_EE           0.000      0.000    999.000    999.000
    AMVI               0.000      0.000    999.000    999.000
    BMVI               0.000      0.000    999.000    999.000
    CMVI               0.000      0.000    999.000    999.000
    DMVI               0.000      0.000    999.000    999.000
    P2                 0.000      0.000    999.000    999.000
    P3                 0.000      0.000    999.000    999.000
    P4                 0.000      0.000    999.000    999.000
    V2                 0.000      0.000    999.000    999.000
    V3                 0.000      0.000    999.000    999.000
    V4                 0.000      0.000    999.000    999.000

 Variances
    P1                73.061      7.733      9.448      0.000
    V1                19.465      1.813     10.735      0.000
    I_BFAS_EE        273.550     18.366     14.895      0.000
    S_BFAS_EE          0.119      0.125      0.955      0.340
    I_MVI             44.600      3.547     12.574      0.000
    S_MVI              0.018      0.025      0.730      0.466

 Residual Variances
    ABFAS_EE           0.000      0.000    999.000    999.000
    BBFAS_EE           0.000      0.000    999.000    999.000
    CBFAS_EE           0.000      0.000    999.000    999.000
    DBFAS_EE           0.000      0.000    999.000    999.000
    AMVI               0.000      0.000    999.000    999.000
    BMVI               0.000      0.000    999.000    999.000
    CMVI               0.000      0.000    999.000    999.000
    DMVI               0.000      0.000    999.000    999.000
    P2                68.122      4.373     15.578      0.000
    P3                68.122      4.373     15.578      0.000
    P4                68.122      4.373     15.578      0.000
    V2                15.217      1.010     15.069      0.000
    V3                15.217      1.010     15.069      0.000
    V4                15.217      1.010     15.069      0.000


QUALITY OF NUMERICAL RESULTS

     Condition Number for the Information Matrix              0.158E-04
       (ratio of smallest to largest eigenvalue)


     Beginning Time:  15:49:58
        Ending Time:  15:50:14
       Elapsed Time:  00:00:16



MUTHEN & MUTHEN
3463 Stoner Ave.
Los Angeles, CA  90066

Tel: (310) 391-9971
Fax: (310) 391-8971
Web: www.StatModel.com
Support: Support@StatModel.com

Copyright (c) 1998-2017 Muthen & Muthen
