Mplus VERSION 8 (Linux)
MUTHEN & MUTHEN
07/07/2018   3:38 PM

INPUT INSTRUCTIONS


  title: PxVx Bivariate LCM-SR - post mi - Linear bfas_ap with Linear mvi;
  data: file = /home/jflournoy/code_new/lnt_pxvx/Data/lnt_nat_recalc.tsv;

  variable:
  names =
  subjid
  aage
  aaspfin
  aaspfin_d
  abfa_mt
  abfa_mt_d
  abfas_ac
  abfas_ap
  abfas_ci
  abfas_co
  abfas_ea
  abfas_ee
  abfas_nv
  abfas_nv9
  abfas_nw
  abfas_oi
  abfas_oo
  abfi_a
  abfi_a6
  abfi_c
  abfi_d_scale
  abfi_e
  abfi_hp8
  abfi_n
  abfi_o
  abfi_s_scale
  ahrz_col
  ahrz_col_d
  ahrz_ind
  ahrz_ind_d
  amvi
  ausi
  ausi_d
  avrt_col
  avrt_col_d
  avrt_ind
  avrt_ind_d
  bage
  baspfin
  baspfin_d
  bbfa_mt
  bbfa_mt_d
  bbfas_ac
  bbfas_ap
  bbfas_ci
  bbfas_co
  bbfas_ea
  bbfas_ee
  bbfas_nv
  bbfas_nv9
  bbfas_nw
  bbfas_oi
  bbfas_oo
  bbfi_a
  bbfi_a6
  bbfi_c
  bbfi_d_scale
  bbfi_e
  bbfi_hp8
  bbfi_n
  bbfi_o
  bbfi_s_scale
  bhrz_col
  bhrz_col_d
  bhrz_ind
  bhrz_ind_d
  bmvi
  busi
  busi_d
  bvrt_col
  bvrt_col_d
  bvrt_ind
  bvrt_ind_d
  cage
  caspfin
  caspfin_d
  cbfa_mt
  cbfa_mt_d
  cbfas_ac
  cbfas_ap
  cbfas_ci
  cbfas_co
  cbfas_ea
  cbfas_ee
  cbfas_nv
  cbfas_nv9
  cbfas_nw
  cbfas_oi
  cbfas_oo
  cbfi_a
  cbfi_a6
  cbfi_c
  cbfi_d_scale
  cbfi_e
  cbfi_hp8
  cbfi_n
  cbfi_o
  cbfi_s_scale
  chrz_col
  chrz_col_d
  chrz_ind
  chrz_ind_d
  cmvi
  cusi
  cusi_d
  cvrt_col
  cvrt_col_d
  cvrt_ind
  cvrt_ind_d
  dage
  daspfin
  daspfin_d
  dbfa_mt
  dbfa_mt_d
  dbfas_ac
  dbfas_ap
  dbfas_ci
  dbfas_co
  dbfas_ea
  dbfas_ee
  dbfas_nv
  dbfas_nv9
  dbfas_nw
  dbfas_oi
  dbfas_oo
  dbfi_a
  dbfi_a6
  dbfi_c
  dbfi_d_scale
  dbfi_e
  dbfi_hp8
  dbfi_n
  dbfi_o
  dbfi_s_scale
  dhrz_col
  dhrz_col_d
  dhrz_ind
  dhrz_ind_d
  dmvi
  dusi
  dusi_d
  dvrt_col
  dvrt_col_d
  dvrt_ind
  dvrt_ind_d;

  USEVARIABLES =
  abfas_ap
  bbfas_ap
  cbfas_ap
  dbfas_ap
  amvi
  bmvi
  cmvi
  dmvi
  a1
  a2
  a3
  a4
  ;

  missing = all (-9999);

  tscores = a1 a2 a3 a4;

  DEFINE:
  a1 = aage + 0 - 36;
  a2 = aage + 1 - 36;
  a3 = aage + 2 - 36;
  a4 = aage + 3 - 36;

  ANALYSIS:
  TYPE=RANDOM;
  PROCESSORS = 6;
  model=nocovariances; ! supresses default estimation of certain covs in model;

  MODEL:

  i_bfas_ap s_bfas_ap | abfas_ap bbfas_ap cbfas_ap dbfas_ap AT a1 a2 a3 a4;
  i_mvi s_mvi | amvi bmvi cmvi dmvi AT a1 a2 a3 a4;

  ! freeing factor covs because of "nocovariances"
  s_bfas_ap WITH i_bfas_ap s_mvi i_mvi;
  i_bfas_ap WITH s_mvi i_mvi;
  s_mvi WITH i_mvi;

  p1 BY abfas_ap@1; ! Residual "factors";
  p2 BY bbfas_ap@1;
  p3 BY cbfas_ap@1;
  p4 BY dbfas_ap@1;

  v1 BY amvi@1; ! Residual "factors";
  v2 BY bmvi@1;
  v3 BY cmvi@1;
  v4 BY dmvi@1;

  !residual variances on observed/manifest vars set to 0
  abfas_ap@0;
  bbfas_ap@0;
  cbfas_ap@0;
  dbfas_ap@0;

  !residual variances on observed/manifest vars set to 0
  amvi@0;
  bmvi@0;
  cmvi@0;
  dmvi@0;

  ! means of observed/manifest vars set to 0
  [abfas_ap@0];
  [bbfas_ap@0];
  [cbfas_ap@0];
  [dbfas_ap@0];

  ! means of observed/manifest vars set to 0
  [amvi@0];
  [bmvi@0];
  [cmvi@0];
  [dmvi@0];

  [p1@0]; ! means of residual "factors" set to 0
  [p2@0];
  [p3@0];
  [p4@0];

  [v1@0]; ! means of residual "factors" set to 0
  [v2@0];
  [v3@0];
  [v4@0];

  p4 on p3 (a); ! Autoregressive paths constrained to equality
  p3 on p2 (a);
  p2 on p1 (a);

  v4 on v3 (b); ! Autoregressive paths constrained to equality
  v3 on v2 (b);
  v2 on v1 (b);

  p4 on v3 (c); ! Cross-lagged paths constrained to equality
  p3 on v2 (c);
  p2 on v1 (c);

  v4 on p3 (d); ! Cross-lagged paths constrained to equality
  v3 on p2 (d);
  v2 on p1 (d);

  p1 with v1; !(this one is not like the others)

  p2 with v2 (e); ! Within-wave correlations constrained to equality
  p3 with v3 (e);
  p4 with v4 (e);

  p2 p3 p4 (f); ! estimate variances of residual "factors"
  v2 v3 v4 (g); ! estimate variances of residual "factors"

  OUTPUT: SAMPSTAT PATTERNS;



*** WARNING
  Data set contains cases with missing on time scores but non-missing on the
  corresponding dependent variables.  These cases were not included in the analysis.
  Number of such cases:  5
   1 WARNING(S) FOUND IN THE INPUT INSTRUCTIONS



PxVx Bivariate LCM-SR - post mi - Linear bfas_ap with Linear mvi;

SUMMARY OF ANALYSIS

Number of groups                                                 1
Number of observations                                         864

Number of dependent variables                                    8
Number of independent variables                                  0
Number of continuous latent variables                           12

Observed dependent variables

  Continuous
   ABFAS_AP    BBFAS_AP    CBFAS_AP    DBFAS_AP    AMVI        BMVI
   CMVI        DMVI

Continuous latent variables
   P1          P2          P3          P4          V1          V2
   V3          V4          I_BFAS_A    S_BFAS_A    I_MVI       S_MVI

Variables with special functions

  Time scores
   A1          A2          A3          A4


Estimator                                                      MLR
Information matrix                                        OBSERVED
Maximum number of iterations                                   100
Convergence criterion                                    0.100D-05
Maximum number of EM iterations                                500
Convergence criteria for the EM algorithm
  Loglikelihood change                                   0.100D-02
  Relative loglikelihood change                          0.100D-05
  Derivative                                             0.100D-03
Minimum variance                                         0.100D-03
Maximum number of steepest descent iterations                   20
Maximum number of iterations for H1                           2000
Convergence criterion for H1                             0.100D-03
Optimization algorithm                                         EMA

Input data file(s)
  /home/jflournoy/code_new/lnt_pxvx/Data/lnt_nat_recalc.tsv
Input data format  FREE


SUMMARY OF DATA

     Number of missing data patterns            14


SUMMARY OF MISSING DATA PATTERNS


     MISSING DATA PATTERNS (x = not missing)

           1  2  3  4  5  6  7  8  9 10 11 12 13 14
 ABFAS_AP  x  x  x  x  x  x  x  x  x  x  x     x  x
 BBFAS_AP  x     x  x        x     x  x  x  x
 CBFAS_AP  x           x     x  x        x  x
 DBFAS_AP  x     x     x  x              x  x     x
 AMVI      x  x  x  x  x  x  x  x     x  x  x     x
 BMVI      x     x  x        x     x        x
 CMVI      x           x     x  x        x  x
 DMVI      x     x     x  x              x  x


     MISSING DATA PATTERN FREQUENCIES

    Pattern   Frequency     Pattern   Frequency     Pattern   Frequency
          1         492           6          24          11           1
          2         169           7          48          12           3
          3          27           8          24          13           1
          4          48           9           1          14           1
          5          22          10           3


COVARIANCE COVERAGE OF DATA

Minimum covariance coverage value   0.100


     PROPORTION OF DATA PRESENT


           Covariance Coverage
              ABFAS_AP      BBFAS_AP      CBFAS_AP      DBFAS_AP      AMVI
              ________      ________      ________      ________      ________
 ABFAS_AP       0.997
 BBFAS_AP       0.718         0.721
 CBFAS_AP       0.679         0.630         0.683
 DBFAS_AP       0.656         0.605         0.600         0.660
 AMVI           0.994         0.720         0.683         0.660         0.998
 BMVI           0.713         0.716         0.628         0.604         0.715
 CMVI           0.679         0.630         0.683         0.600         0.683
 DMVI           0.655         0.605         0.600         0.659         0.659


           Covariance Coverage
              BMVI          CMVI          DMVI
              ________      ________      ________
 BMVI           0.716
 CMVI           0.628         0.683
 DMVI           0.604         0.600         0.659


SAMPLE STATISTICS


     ESTIMATED SAMPLE STATISTICS


           Means
              ABFAS_AP      BBFAS_AP      CBFAS_AP      DBFAS_AP      AMVI
              ________      ________      ________      ________      ________
               69.779        70.712        70.811        71.013        64.667


           Means
              BMVI          CMVI          DMVI
              ________      ________      ________
               64.223        64.308        64.083


           Covariances
              ABFAS_AP      BBFAS_AP      CBFAS_AP      DBFAS_AP      AMVI
              ________      ________      ________      ________      ________
 ABFAS_AP     264.835
 BBFAS_AP     205.031       256.254
 CBFAS_AP     195.180       199.373       246.131
 DBFAS_AP     194.669       193.833       203.771       246.193
 AMVI          44.234        42.913        37.087        39.165        63.945
 BMVI          43.619        50.236        45.100        43.005        49.659
 CMVI          37.345        40.081        40.893        42.160        48.217
 DMVI          38.432        41.688        38.013        43.204        45.132


           Covariances
              BMVI          CMVI          DMVI
              ________      ________      ________
 BMVI          63.204
 CMVI          51.973        69.392
 DMVI          48.708        51.684        60.804


           Correlations
              ABFAS_AP      BBFAS_AP      CBFAS_AP      DBFAS_AP      AMVI
              ________      ________      ________      ________      ________
 ABFAS_AP       1.000
 BBFAS_AP       0.787         1.000
 CBFAS_AP       0.764         0.794         1.000
 DBFAS_AP       0.762         0.772         0.828         1.000
 AMVI           0.340         0.335         0.296         0.312         1.000
 BMVI           0.337         0.395         0.362         0.345         0.781
 CMVI           0.275         0.301         0.313         0.323         0.724
 DMVI           0.303         0.334         0.311         0.353         0.724


           Correlations
              BMVI          CMVI          DMVI
              ________      ________      ________
 BMVI           1.000
 CMVI           0.785         1.000
 DMVI           0.786         0.796         1.000


     MAXIMUM LOG-LIKELIHOOD VALUE FOR THE UNRESTRICTED (H1) MODEL IS -18285.630


UNIVARIATE SAMPLE STATISTICS


     UNIVARIATE HIGHER-ORDER MOMENT DESCRIPTIVE STATISTICS

         Variable/         Mean/     Skewness/   Minimum/ % with                Percentiles
        Sample Size      Variance    Kurtosis    Maximum  Min/Max      20%/60%    40%/80%    Median

     ABFAS_AP             69.780      -0.495       5.000    0.12%      55.000     67.500     70.000
             861.000     265.037       0.011     100.000    1.16%      75.000     85.000
     BBFAS_AP             70.636      -0.393      20.000    0.16%      56.250     67.500     72.500
             623.000     255.904      -0.469     100.000    1.44%      77.500     85.000
     CBFAS_AP             70.619      -0.514      15.000    0.17%      57.500     67.500     72.500
             590.000     249.953      -0.020     100.000    1.19%      75.000     85.000
     DBFAS_AP             70.955      -0.481      17.500    0.18%      57.500     67.500     72.500
             570.000     242.474      -0.172     100.000    0.70%      75.000     85.000
     AMVI                 64.677       0.026      32.353    0.12%      58.088     62.500     64.706
             862.000      63.962       0.228      92.647    0.12%      66.912     71.324
     BMVI                 64.188       0.003      40.441    0.16%      57.353     61.765     63.971
             619.000      63.530      -0.224      88.235    0.16%      66.176     71.094
     CMVI                 64.316      -0.075      33.088    0.17%      57.353     61.765     63.971
             590.000      70.424       0.095      87.500    0.17%      66.176     71.324
     DMVI                 64.158      -0.028      36.029    0.18%      58.088     62.500     63.971
             569.000      60.815       0.167      85.294    0.35%      66.176     70.588


THE MODEL ESTIMATION TERMINATED NORMALLY



MODEL FIT INFORMATION

Number of Free Parameters                       24

Loglikelihood

          H0 Value                      -18293.920
          H0 Scaling Correction Factor      1.1843
            for MLR

Information Criteria

          Akaike (AIC)                   36635.841
          Bayesian (BIC)                 36750.119
          Sample-Size Adjusted BIC       36673.901
            (n* = (n + 2) / 24)



MODEL RESULTS

                                                    Two-Tailed
                    Estimate       S.E.  Est./S.E.    P-Value

 P1       BY
    ABFAS_AP           1.000      0.000    999.000    999.000

 P2       BY
    BBFAS_AP           1.000      0.000    999.000    999.000

 P3       BY
    CBFAS_AP           1.000      0.000    999.000    999.000

 P4       BY
    DBFAS_AP           1.000      0.000    999.000    999.000

 V1       BY
    AMVI               1.000      0.000    999.000    999.000

 V2       BY
    BMVI               1.000      0.000    999.000    999.000

 V3       BY
    CMVI               1.000      0.000    999.000    999.000

 V4       BY
    DMVI               1.000      0.000    999.000    999.000

 P4         ON
    P3                 0.125      0.050      2.511      0.012
    V3                 0.158      0.076      2.077      0.038

 P3         ON
    P2                 0.125      0.050      2.511      0.012
    V2                 0.158      0.076      2.077      0.038

 P2         ON
    P1                 0.125      0.050      2.511      0.012
    V1                 0.158      0.076      2.077      0.038

 V4         ON
    V3                 0.143      0.048      2.963      0.003
    P3                -0.005      0.019     -0.252      0.801

 V3         ON
    V2                 0.143      0.048      2.963      0.003
    P2                -0.005      0.019     -0.252      0.801

 V2         ON
    V1                 0.143      0.048      2.963      0.003
    P1                -0.005      0.019     -0.252      0.801

 S_BFAS_A WITH
    I_BFAS_AP         -0.577      0.556     -1.037      0.300
    S_MVI              0.020      0.036      0.552      0.581
    I_MVI             -0.031      0.839     -0.037      0.971

 I_BFAS_A WITH
    S_MVI             -0.151      0.856     -0.176      0.860
    I_MVI             34.223      5.230      6.543      0.000

 S_MVI    WITH
    I_MVI             -0.166      0.142     -1.165      0.244

 P1       WITH
    V1                 6.327      2.362      2.678      0.007

 P2       WITH
    V2                 4.019      1.015      3.960      0.000

 P3       WITH
    V3                 4.019      1.015      3.960      0.000

 P4       WITH
    V4                 4.019      1.015      3.960      0.000

 Means
    P1                 0.000      0.000    999.000    999.000
    V1                 0.000      0.000    999.000    999.000
    I_BFAS_AP         70.070      0.513    136.492      0.000
    S_BFAS_AP          0.278      0.044      6.276      0.000
    I_MVI             64.264      0.258    249.548      0.000
    S_MVI              0.084      0.023      3.647      0.000

 Intercepts
    ABFAS_AP           0.000      0.000    999.000    999.000
    BBFAS_AP           0.000      0.000    999.000    999.000
    CBFAS_AP           0.000      0.000    999.000    999.000
    DBFAS_AP           0.000      0.000    999.000    999.000
    AMVI               0.000      0.000    999.000    999.000
    BMVI               0.000      0.000    999.000    999.000
    CMVI               0.000      0.000    999.000    999.000
    DMVI               0.000      0.000    999.000    999.000
    P2                 0.000      0.000    999.000    999.000
    P3                 0.000      0.000    999.000    999.000
    P4                 0.000      0.000    999.000    999.000
    V2                 0.000      0.000    999.000    999.000
    V3                 0.000      0.000    999.000    999.000
    V4                 0.000      0.000    999.000    999.000

 Variances
    P1                69.802      5.962     11.708      0.000
    V1                19.377      1.779     10.892      0.000
    I_BFAS_AP        181.091     13.081     13.844      0.000
    S_BFAS_AP          0.058      0.103      0.564      0.573
    I_MVI             44.910      3.518     12.767      0.000
    S_MVI              0.016      0.024      0.651      0.515

 Residual Variances
    ABFAS_AP           0.000      0.000    999.000    999.000
    BBFAS_AP           0.000      0.000    999.000    999.000
    CBFAS_AP           0.000      0.000    999.000    999.000
    DBFAS_AP           0.000      0.000    999.000    999.000
    AMVI               0.000      0.000    999.000    999.000
    BMVI               0.000      0.000    999.000    999.000
    CMVI               0.000      0.000    999.000    999.000
    DMVI               0.000      0.000    999.000    999.000
    P2                54.326      3.594     15.115      0.000
    P3                54.326      3.594     15.115      0.000
    P4                54.326      3.594     15.115      0.000
    V2                15.220      1.013     15.019      0.000
    V3                15.220      1.013     15.019      0.000
    V4                15.220      1.013     15.019      0.000


QUALITY OF NUMERICAL RESULTS

     Condition Number for the Information Matrix              0.427E-04
       (ratio of smallest to largest eigenvalue)


     Beginning Time:  15:38:40
        Ending Time:  15:38:49
       Elapsed Time:  00:00:09



MUTHEN & MUTHEN
3463 Stoner Ave.
Los Angeles, CA  90066

Tel: (310) 391-9971
Fax: (310) 391-8971
Web: www.StatModel.com
Support: Support@StatModel.com

Copyright (c) 1998-2017 Muthen & Muthen
