Mplus VERSION 8 (Linux)
MUTHEN & MUTHEN
07/08/2018   5:59 PM

INPUT INSTRUCTIONS


  title: PxVx Bivariate LCM-SR - 40splitgroup - Linear bfi_hp8 with Linear aspfin;
  data: file = /home/jflournoy/code_new/lnt_pxvx/Data/lnt_nat_recalc.tsv;

  variable:
  names =
  subjid
  aage
  aaspfin
  aaspfin_d
  abfa_mt
  abfa_mt_d
  abfas_ac
  abfas_ap
  abfas_ci
  abfas_co
  abfas_ea
  abfas_ee
  abfas_nv
  abfas_nv9
  abfas_nw
  abfas_oi
  abfas_oo
  abfi_a
  abfi_a6
  abfi_c
  abfi_d_scale
  abfi_e
  abfi_hp8
  abfi_n
  abfi_o
  abfi_s_scale
  ahrz_col
  ahrz_col_d
  ahrz_ind
  ahrz_ind_d
  amvi
  ausi
  ausi_d
  avrt_col
  avrt_col_d
  avrt_ind
  avrt_ind_d
  bage
  baspfin
  baspfin_d
  bbfa_mt
  bbfa_mt_d
  bbfas_ac
  bbfas_ap
  bbfas_ci
  bbfas_co
  bbfas_ea
  bbfas_ee
  bbfas_nv
  bbfas_nv9
  bbfas_nw
  bbfas_oi
  bbfas_oo
  bbfi_a
  bbfi_a6
  bbfi_c
  bbfi_d_scale
  bbfi_e
  bbfi_hp8
  bbfi_n
  bbfi_o
  bbfi_s_scale
  bhrz_col
  bhrz_col_d
  bhrz_ind
  bhrz_ind_d
  bmvi
  busi
  busi_d
  bvrt_col
  bvrt_col_d
  bvrt_ind
  bvrt_ind_d
  cage
  caspfin
  caspfin_d
  cbfa_mt
  cbfa_mt_d
  cbfas_ac
  cbfas_ap
  cbfas_ci
  cbfas_co
  cbfas_ea
  cbfas_ee
  cbfas_nv
  cbfas_nv9
  cbfas_nw
  cbfas_oi
  cbfas_oo
  cbfi_a
  cbfi_a6
  cbfi_c
  cbfi_d_scale
  cbfi_e
  cbfi_hp8
  cbfi_n
  cbfi_o
  cbfi_s_scale
  chrz_col
  chrz_col_d
  chrz_ind
  chrz_ind_d
  cmvi
  cusi
  cusi_d
  cvrt_col
  cvrt_col_d
  cvrt_ind
  cvrt_ind_d
  dage
  daspfin
  daspfin_d
  dbfa_mt
  dbfa_mt_d
  dbfas_ac
  dbfas_ap
  dbfas_ci
  dbfas_co
  dbfas_ea
  dbfas_ee
  dbfas_nv
  dbfas_nv9
  dbfas_nw
  dbfas_oi
  dbfas_oo
  dbfi_a
  dbfi_a6
  dbfi_c
  dbfi_d_scale
  dbfi_e
  dbfi_hp8
  dbfi_n
  dbfi_o
  dbfi_s_scale
  dhrz_col
  dhrz_col_d
  dhrz_ind
  dhrz_ind_d
  dmvi
  dusi
  dusi_d
  dvrt_col
  dvrt_col_d
  dvrt_ind
  dvrt_ind_d;

  USEVARIABLES =
  abfi_hp8
  bbfi_hp8
  cbfi_hp8
  dbfi_hp8
  aaspfin
  baspfin
  caspfin
  daspfin
  a1
  a2
  a3
  a4
  aagegrp
  ;

  missing = all (-9999);

  tscores = a1 a2 a3 a4;

  grouping = aagegrp (0=earlier, 1=later);

  DEFINE:

  aagegrp = aage;

  cut aagegrp (39);

  a1 = aage + 0 - 36;
  a2 = aage + 1 - 36;
  a3 = aage + 2 - 36;
  a4 = aage + 3 - 36;

  ANALYSIS:
  TYPE=RANDOM;
  PROCESSORS = 6;
  model=nocovariances; ! supresses default estimation of certain covs in model;

  MODEL:

  i_bfi_hp8 s_bfi_hp8 | abfi_hp8 bbfi_hp8 cbfi_hp8 dbfi_hp8 AT a1 a2 a3 a4;
  i_aspfin s_aspfin | aaspfin baspfin caspfin daspfin AT a1 a2 a3 a4;

  ! freeing factor covs because of "nocovariances"
  ! But ensure they are constrained across groups
  s_bfi_hp8 WITH i_bfi_hp8 (p)
  s_aspfin (q)
  i_aspfin (r);
  i_bfi_hp8 WITH s_aspfin (s)
  i_aspfin (t);
  s_aspfin WITH i_aspfin (u);

  !constrain latent growth means across groups
  [i_bfi_hp8] (v);
  [s_bfi_hp8] (w);
  [i_aspfin] (x);
  [s_aspfin] (y);

  !constrain latent growth variances across groups
  i_bfi_hp8 (l);
  s_bfi_hp8 (m);
  i_aspfin (n);
  s_aspfin (o);

  p1 BY abfi_hp8@1; ! Residual "factors";
  p2 BY bbfi_hp8@1;
  p3 BY cbfi_hp8@1;
  p4 BY dbfi_hp8@1;

  v1 BY aaspfin@1; ! Residual "factors";
  v2 BY baspfin@1;
  v3 BY caspfin@1;
  v4 BY daspfin@1;

  !residual variances on observed/manifest vars set to 0
  abfi_hp8@0;
  bbfi_hp8@0;
  cbfi_hp8@0;
  dbfi_hp8@0;

  !residual variances on observed/manifest vars set to 0
  aaspfin@0;
  baspfin@0;
  caspfin@0;
  daspfin@0;

  ! means of observed/manifest vars set to 0
  [abfi_hp8@0];
  [bbfi_hp8@0];
  [cbfi_hp8@0];
  [dbfi_hp8@0];

  ! means of observed/manifest vars set to 0
  [aaspfin@0];
  [baspfin@0];
  [caspfin@0];
  [daspfin@0];

  [p1@0]; ! means of residual "factors" set to 0
  [p2@0];
  [p3@0];
  [p4@0];

  [v1@0]; ! means of residual "factors" set to 0
  [v2@0];
  [v3@0];
  [v4@0];

  p4 on p3 (a); ! Autoregressive paths constrained to equality
  p3 on p2 (a);
  p2 on p1 (a);

  v4 on v3 (b); ! Autoregressive paths constrained to equality
  v3 on v2 (b);
  v2 on v1 (b);

  p4 on v3 (c); ! Cross-lagged paths constrained to equality
  p3 on v2 (c);
  p2 on v1 (c);

  v4 on p3 (d); ! Cross-lagged paths constrained to equality
  v3 on p2 (d);
  v2 on p1 (d);

  p1 with v1; !(this one is not like the others)

  p2 with v2 (e); ! Within-wave correlations constrained to equality
  p3 with v3 (e);
  p4 with v4 (e);

  p2 p3 p4 (f); ! estimate variances of residual "factors"
  v2 v3 v4 (g); ! estimate variances of residual "factors"

  MODEL earlier:

  p4 on p3 (a23); ! Autoregressive paths constrained to equality
  p3 on p2 (a23);
  p2 on p1 (a23);

  v4 on v3 (b23); ! Autoregressive paths constrained to equality
  v3 on v2 (b23);
  v2 on v1 (b23);

  p4 on v3 (c23); ! Cross-lagged paths constrained to equality
  p3 on v2 (c23);
  p2 on v1 (c23);

  v4 on p3 (d23); ! Cross-lagged paths constrained to equality
  v3 on p2 (d23);
  v2 on p1 (d23);

  p1 with v1; !(this one is not like the others)

  p2 with v2 (e23); ! Within-wave correlations constrained to equality
  p3 with v3 (e23);
  p4 with v4 (e23);

  p2 p3 p4 (f23); ! estimate variances of residual "factors"
  v2 v3 v4 (g23); ! estimate variances of residual "factors"

  MODEL later:

  p4 on p3 (a45); ! Autoregressive paths constrained to equality
  p3 on p2 (a45);
  p2 on p1 (a45);

  v4 on v3 (b45); ! Autoregressive paths constrained to equality
  v3 on v2 (b45);
  v2 on v1 (b45);

  p4 on v3 (c45); ! Cross-lagged paths constrained to equality
  p3 on v2 (c45);
  p2 on v1 (c45);

  v4 on p3 (d45); ! Cross-lagged paths constrained to equality
  v3 on p2 (d45);
  v2 on p1 (d45);

  p1 with v1; !(this one is not like the others)

  p2 with v2 (e45); ! Within-wave correlations constrained to equality
  p3 with v3 (e45);
  p4 with v4 (e45);

  p2 p3 p4 (f45); ! estimate variances of residual "factors"
  v2 v3 v4 (g45); ! estimate variances of residual "factors"

  OUTPUT: SAMPSTAT PATTERNS;



*** WARNING
  Data set contains unknown or missing values for GROUPING,
  PATTERN, COHORT, CLUSTER and/or STRATIFICATION variables.
  Number of cases with unknown or missing values:  5
   1 WARNING(S) FOUND IN THE INPUT INSTRUCTIONS



PxVx Bivariate LCM-SR - 40splitgroup - Linear bfi_hp8 with Linear aspfin;

SUMMARY OF ANALYSIS

Number of groups                                                 2
Number of observations
   Group EARLIER                                               534
   Group LATER                                                 330
   Total sample size                                           864

Number of dependent variables                                    8
Number of independent variables                                  0
Number of continuous latent variables                           12

Observed dependent variables

  Continuous
   ABFI_HP8    BBFI_HP8    CBFI_HP8    DBFI_HP8    AASPFIN     BASPFIN
   CASPFIN     DASPFIN

Continuous latent variables
   P1          P2          P3          P4          V1          V2
   V3          V4          I_BFI_HP    S_BFI_HP    I_ASPFIN    S_ASPFIN

Variables with special functions

  Grouping variable     AAGEGRP

  Time scores
   A1          A2          A3          A4


Estimator                                                      MLR
Information matrix                                        OBSERVED
Maximum number of iterations                                   100
Convergence criterion                                    0.100D-05
Maximum number of EM iterations                                500
Convergence criteria for the EM algorithm
  Loglikelihood change                                   0.100D-02
  Relative loglikelihood change                          0.100D-05
  Derivative                                             0.100D-03
Minimum variance                                         0.100D-03
Maximum number of steepest descent iterations                   20
Maximum number of iterations for H1                           2000
Convergence criterion for H1                             0.100D-03
Optimization algorithm                                         EMA

Input data file(s)
  /home/jflournoy/code_new/lnt_pxvx/Data/lnt_nat_recalc.tsv
Input data format  FREE


SUMMARY OF DATA

   Group EARLIER
     Number of missing data patterns            15

   Group LATER
     Number of missing data patterns            15


SUMMARY OF MISSING DATA PATTERNS


     MISSING DATA PATTERNS (x = not missing) FOR EARLIER

           1  2  3  4  5  6  7  8  9 10 11 12 13 14 15
 ABFI_HP8  x  x  x  x  x  x  x  x  x  x  x  x  x  x  x
 BBFI_HP8  x     x     x  x        x  x  x  x        x
 CBFI_HP8  x        x     x     x     x     x  x     x
 DBFI_HP8  x     x  x        x        x        x  x  x
 AASPFIN   x  x  x  x  x  x  x  x     x  x  x  x  x  x
 BASPFIN   x     x     x  x        x  x     x
 CASPFIN   x        x     x     x     x     x  x     x
 DASPFIN   x     x  x        x              x        x


     MISSING DATA PATTERN FREQUENCIES FOR EARLIER

    Pattern   Frequency     Pattern   Frequency     Pattern   Frequency
          1         329           6          20          11           1
          2         100           7          14          12           1
          3          14           8          11          13           1
          4          12           9           1          14           2
          5          26          10           1          15           1


     MISSING DATA PATTERNS (x = not missing) FOR LATER

           1  2  3  4  5  6  7  8  9 10 11 12 13 14 15
 ABFI_HP8  x  x  x  x  x  x  x  x  x  x  x  x     x  x
 BBFI_HP8  x     x     x  x        x     x  x        x
 CBFI_HP8  x        x     x     x     x  x  x
 DBFI_HP8  x     x  x        x        x  x  x  x     x
 AASPFIN   x  x  x  x  x  x  x  x  x  x  x  x  x     x
 BASPFIN   x     x     x  x                 x
 CASPFIN   x        x     x     x     x  x
 DASPFIN   x     x  x        x           x  x  x     x


     MISSING DATA PATTERN FREQUENCIES FOR LATER

    Pattern   Frequency     Pattern   Frequency     Pattern   Frequency
          1         165           6          26          11           1
          2          68           7           9          12           1
          3          12           8          11          13           1
          4           9           9           2          14           1
          5          22          10           1          15           1


COVARIANCE COVERAGE OF DATA

Minimum covariance coverage value   0.100


     PROPORTION OF DATA PRESENT FOR EARLIER


           Covariance Coverage
              ABFI_HP8      BBFI_HP8      CBFI_HP8      DBFI_HP8      AASPFIN
              ________      ________      ________      ________      ________
 ABFI_HP8       1.000
 BBFI_HP8       0.738         0.738
 CBFI_HP8       0.704         0.659         0.704
 DBFI_HP8       0.700         0.646         0.644         0.700
 AASPFIN        0.998         0.736         0.704         0.700         0.998
 BASPFIN        0.734         0.734         0.657         0.644         0.732
 CASPFIN        0.704         0.659         0.704         0.644         0.704
 DASPFIN        0.695         0.646         0.642         0.693         0.695


           Covariance Coverage
              BASPFIN       CASPFIN       DASPFIN
              ________      ________      ________
 BASPFIN        0.734
 CASPFIN        0.657         0.704
 DASPFIN        0.644         0.642         0.695


     PROPORTION OF DATA PRESENT FOR LATER


           Covariance Coverage
              ABFI_HP8      BBFI_HP8      CBFI_HP8      DBFI_HP8      AASPFIN
              ________      ________      ________      ________      ________
 ABFI_HP8       1.000
 BBFI_HP8       0.700         0.700
 CBFI_HP8       0.652         0.588         0.652
 DBFI_HP8       0.603         0.542         0.536         0.603
 AASPFIN        0.994         0.694         0.652         0.603         0.994
 BASPFIN        0.694         0.694         0.585         0.539         0.688
 CASPFIN        0.652         0.588         0.652         0.536         0.652
 DASPFIN        0.597         0.542         0.533         0.594         0.597


           Covariance Coverage
              BASPFIN       CASPFIN       DASPFIN
              ________      ________      ________
 BASPFIN        0.694
 CASPFIN        0.585         0.652
 DASPFIN        0.539         0.533         0.597


SAMPLE STATISTICS


     ESTIMATED SAMPLE STATISTICS FOR EARLIER


           Means
              ABFI_HP8      BBFI_HP8      CBFI_HP8      DBFI_HP8      AASPFIN
              ________      ________      ________      ________      ________
               69.477        69.299        70.536        70.412        49.399


           Means
              BASPFIN       CASPFIN       DASPFIN
              ________      ________      ________
               49.421        49.487        48.617


           Covariances
              ABFI_HP8      BBFI_HP8      CBFI_HP8      DBFI_HP8      AASPFIN
              ________      ________      ________      ________      ________
 ABFI_HP8     260.222
 BBFI_HP8     196.559       260.160
 CBFI_HP8     170.667       182.560       226.365
 DBFI_HP8     164.256       172.448       171.461       233.798
 AASPFIN      -55.164       -74.433       -79.473       -71.647       526.280
 BASPFIN      -53.248       -83.890       -73.674       -73.295       420.141
 CASPFIN      -56.923       -94.601       -81.133       -80.393       413.447
 DASPFIN      -47.962       -67.125       -71.058       -73.205       406.696


           Covariances
              BASPFIN       CASPFIN       DASPFIN
              ________      ________      ________
 BASPFIN      555.987
 CASPFIN      460.105       583.143
 DASPFIN      442.553       450.782       586.490


           Correlations
              ABFI_HP8      BBFI_HP8      CBFI_HP8      DBFI_HP8      AASPFIN
              ________      ________      ________      ________      ________
 ABFI_HP8       1.000
 BBFI_HP8       0.755         1.000
 CBFI_HP8       0.703         0.752         1.000
 DBFI_HP8       0.666         0.699         0.745         1.000
 AASPFIN       -0.149        -0.201        -0.230        -0.204         1.000
 BASPFIN       -0.140        -0.221        -0.208        -0.203         0.777
 CASPFIN       -0.146        -0.243        -0.223        -0.218         0.746
 DASPFIN       -0.123        -0.172        -0.195        -0.198         0.732


           Correlations
              BASPFIN       CASPFIN       DASPFIN
              ________      ________      ________
 BASPFIN        1.000
 CASPFIN        0.808         1.000
 DASPFIN        0.775         0.771         1.000


     ESTIMATED SAMPLE STATISTICS FOR LATER


           Means
              ABFI_HP8      BBFI_HP8      CBFI_HP8      DBFI_HP8      AASPFIN
              ________      ________      ________      ________      ________
               73.852        75.290        75.083        75.519        46.967


           Means
              BASPFIN       CASPFIN       DASPFIN
              ________      ________      ________
               46.662        47.611        48.449


           Covariances
              ABFI_HP8      BBFI_HP8      CBFI_HP8      DBFI_HP8      AASPFIN
              ________      ________      ________      ________      ________
 ABFI_HP8     214.562
 BBFI_HP8     156.670       222.467
 CBFI_HP8     167.266       173.737       224.716
 DBFI_HP8     154.252       166.482       168.974       216.526
 AASPFIN      -41.768       -45.262       -59.342       -29.521       437.745
 BASPFIN      -29.772       -36.444       -54.214       -10.429       338.173
 CASPFIN      -41.447       -37.613       -50.490       -29.948       313.507
 DASPFIN      -27.421       -32.988       -43.935       -23.678       311.531


           Covariances
              BASPFIN       CASPFIN       DASPFIN
              ________      ________      ________
 BASPFIN      451.313
 CASPFIN      341.383       428.831
 DASPFIN      340.429       343.030       438.907


           Correlations
              ABFI_HP8      BBFI_HP8      CBFI_HP8      DBFI_HP8      AASPFIN
              ________      ________      ________      ________      ________
 ABFI_HP8       1.000
 BBFI_HP8       0.717         1.000
 CBFI_HP8       0.762         0.777         1.000
 DBFI_HP8       0.716         0.759         0.766         1.000
 AASPFIN       -0.136        -0.145        -0.189        -0.096         1.000
 BASPFIN       -0.096        -0.115        -0.170        -0.033         0.761
 CASPFIN       -0.137        -0.122        -0.163        -0.098         0.724
 DASPFIN       -0.089        -0.106        -0.140        -0.077         0.711


           Correlations
              BASPFIN       CASPFIN       DASPFIN
              ________      ________      ________
 BASPFIN        1.000
 CASPFIN        0.776         1.000
 DASPFIN        0.765         0.791         1.000


     MAXIMUM LOG-LIKELIHOOD VALUE FOR THE UNRESTRICTED (H1) MODEL IS -21201.600


UNIVARIATE SAMPLE STATISTICS


     UNIVARIATE HIGHER-ORDER MOMENT DESCRIPTIVE STATISTICS FOR EARLIER

         Variable/         Mean/     Skewness/   Minimum/ % with                Percentiles
        Sample Size      Variance    Kurtosis    Maximum  Min/Max      20%/60%    40%/80%    Median

     ABFI_HP8             69.477      -0.210      25.000    0.37%      53.125     65.625     71.875
             534.000     260.222      -0.579     100.000    2.81%      75.000     84.375
     BBFI_HP8             69.768      -0.269      21.875    0.25%      56.250     65.625     68.750
             394.000     251.389      -0.520     100.000    1.02%      75.000     84.375
     CBFI_HP8             70.520      -0.253      28.125    0.53%      59.375     65.625     71.875
             376.000     227.135      -0.493     100.000    1.60%      75.000     84.375
     DBFI_HP8             70.882      -0.320      28.125    0.27%      59.375     68.750     71.875
             374.000     230.454      -0.333     100.000    1.34%      75.000     84.375
     AASPFIN              49.434       0.175       0.000    1.69%      30.000     40.000     50.000
             533.000     526.224      -0.529     100.000    2.44%      55.000     70.000
     BASPFIN              49.069       0.234       0.000    1.02%      25.000     40.000     45.000
             392.000     563.363      -0.670     100.000    3.32%      55.000     70.000
     CASPFIN              49.402       0.276       0.000    0.53%      25.000     40.000     47.500
             376.000     588.006      -0.771     100.000    2.93%      55.000     70.000
     DASPFIN              48.265       0.216       0.000    0.54%      25.000     40.000     45.000
             371.000     599.284      -0.852     100.000    3.23%      55.000     70.000


     UNIVARIATE HIGHER-ORDER MOMENT DESCRIPTIVE STATISTICS FOR LATER

         Variable/         Mean/     Skewness/   Minimum/ % with                Percentiles
        Sample Size      Variance    Kurtosis    Maximum  Min/Max      20%/60%    40%/80%    Median

     ABFI_HP8             73.828      -0.575      28.125    0.61%      62.500     71.875     75.000
             329.000     214.704       0.241     100.000    2.43%      78.125     87.500
     BBFI_HP8             75.094      -0.464      34.375    0.43%      59.375     71.875     76.562
             230.000     226.695      -0.491     100.000    2.17%      81.250     87.500
     CBFI_HP8             74.883      -0.503      28.125    0.47%      62.500     71.875     75.000
             214.000     234.361      -0.119     100.000    4.21%      78.125     87.500
     DBFI_HP8             75.212      -0.441      28.125    0.50%      62.500     71.875     75.000
             200.000     230.907      -0.266     100.000    3.50%      78.125     89.286
     AASPFIN              46.953       0.367       0.000    0.91%      30.000     40.000     45.000
             329.000     437.704      -0.158     100.000    1.52%      50.000     65.000
     BASPFIN              46.661       0.453       5.000    0.44%      30.000     40.000     45.000
             226.000     443.443      -0.197     100.000    2.21%      50.000     65.000
     CASPFIN              47.729       0.276       0.000    0.94%      30.000     40.000     45.000
             213.000     432.995      -0.322     100.000    1.41%      50.000     65.000
     DASPFIN              48.505       0.355       0.000    0.50%      30.000     40.000     45.000
             199.000     442.897      -0.455     100.000    1.01%      50.000     65.000


THE MODEL ESTIMATION TERMINATED NORMALLY



MODEL FIT INFORMATION

Number of Free Parameters                       34

Loglikelihood

          H0 Value                      -21224.393
          H0 Scaling Correction Factor      1.1387
            for MLR

Information Criteria

          Akaike (AIC)                   42516.786
          Bayesian (BIC)                 42678.680
          Sample-Size Adjusted BIC       42570.705
            (n* = (n + 2) / 24)



MODEL RESULTS

                                                    Two-Tailed
                    Estimate       S.E.  Est./S.E.    P-Value

Group EARLIER

 P1       BY
    ABFI_HP8           1.000      0.000    999.000    999.000

 P2       BY
    BBFI_HP8           1.000      0.000    999.000    999.000

 P3       BY
    CBFI_HP8           1.000      0.000    999.000    999.000

 P4       BY
    DBFI_HP8           1.000      0.000    999.000    999.000

 V1       BY
    AASPFIN            1.000      0.000    999.000    999.000

 V2       BY
    BASPFIN            1.000      0.000    999.000    999.000

 V3       BY
    CASPFIN            1.000      0.000    999.000    999.000

 V4       BY
    DASPFIN            1.000      0.000    999.000    999.000

 P4         ON
    P3                 0.195      0.057      3.434      0.001
    V3                -0.004      0.040     -0.099      0.921

 P3         ON
    P2                 0.195      0.057      3.434      0.001
    V2                -0.004      0.040     -0.099      0.921

 P2         ON
    P1                 0.195      0.057      3.434      0.001
    V1                -0.004      0.040     -0.099      0.921

 V4         ON
    V3                 0.149      0.083      1.793      0.073
    P3                -0.094      0.072     -1.303      0.193

 V3         ON
    V2                 0.149      0.083      1.793      0.073
    P2                -0.094      0.072     -1.303      0.193

 V2         ON
    V1                 0.149      0.083      1.793      0.073
    P1                -0.094      0.072     -1.303      0.193

 S_BFI_HP WITH
    I_BFI_HP8         -0.240      0.467     -0.515      0.607
    S_ASPFIN           0.009      0.093      0.093      0.926
    I_ASPFIN          -1.290      2.322     -0.555      0.579

 I_BFI_HP WITH
    S_ASPFIN           2.298      2.304      0.997      0.319
    I_ASPFIN         -56.372     13.370     -4.216      0.000

 S_ASPFIN WITH
    I_ASPFIN          -1.947      1.076     -1.809      0.070

 P1       WITH
    V1                 0.143      8.121      0.018      0.986

 P2       WITH
    V2                -6.684      5.010     -1.334      0.182

 P3       WITH
    V3                -6.684      5.010     -1.334      0.182

 P4       WITH
    V4                -6.684      5.010     -1.334      0.182

 Means
    P1                 0.000      0.000    999.000    999.000
    V1                 0.000      0.000    999.000    999.000
    I_BFI_HP8         71.346      0.483    147.597      0.000
    S_BFI_HP8          0.289      0.043      6.690      0.000
    I_ASPFIN          48.604      0.725     67.021      0.000
    S_ASPFIN          -0.067      0.063     -1.060      0.289

 Intercepts
    ABFI_HP8           0.000      0.000    999.000    999.000
    BBFI_HP8           0.000      0.000    999.000    999.000
    CBFI_HP8           0.000      0.000    999.000    999.000
    DBFI_HP8           0.000      0.000    999.000    999.000
    AASPFIN            0.000      0.000    999.000    999.000
    BASPFIN            0.000      0.000    999.000    999.000
    CASPFIN            0.000      0.000    999.000    999.000
    DASPFIN            0.000      0.000    999.000    999.000
    P2                 0.000      0.000    999.000    999.000
    P3                 0.000      0.000    999.000    999.000
    P4                 0.000      0.000    999.000    999.000
    V2                 0.000      0.000    999.000    999.000
    V3                 0.000      0.000    999.000    999.000
    V4                 0.000      0.000    999.000    999.000

 Variances
    P1                86.680      9.015      9.615      0.000
    V1               138.473     14.808      9.351      0.000
    I_BFI_HP8        157.578     11.871     13.274      0.000
    S_BFI_HP8          0.063      0.094      0.676      0.499
    I_ASPFIN         367.048     25.846     14.201      0.000
    S_ASPFIN           0.136      0.175      0.778      0.437

 Residual Variances
    ABFI_HP8           0.000      0.000    999.000    999.000
    BBFI_HP8           0.000      0.000    999.000    999.000
    CBFI_HP8           0.000      0.000    999.000    999.000
    DBFI_HP8           0.000      0.000    999.000    999.000
    AASPFIN            0.000      0.000    999.000    999.000
    BASPFIN            0.000      0.000    999.000    999.000
    CASPFIN            0.000      0.000    999.000    999.000
    DASPFIN            0.000      0.000    999.000    999.000
    P2                71.562      5.086     14.070      0.000
    P3                71.562      5.086     14.070      0.000
    P4                71.562      5.086     14.070      0.000
    V2               141.465     13.225     10.697      0.000
    V3               141.465     13.225     10.697      0.000
    V4               141.465     13.225     10.697      0.000

Group LATER

 P1       BY
    ABFI_HP8           1.000      0.000    999.000    999.000

 P2       BY
    BBFI_HP8           1.000      0.000    999.000    999.000

 P3       BY
    CBFI_HP8           1.000      0.000    999.000    999.000

 P4       BY
    DBFI_HP8           1.000      0.000    999.000    999.000

 V1       BY
    AASPFIN            1.000      0.000    999.000    999.000

 V2       BY
    BASPFIN            1.000      0.000    999.000    999.000

 V3       BY
    CASPFIN            1.000      0.000    999.000    999.000

 V4       BY
    DASPFIN            1.000      0.000    999.000    999.000

 P4         ON
    P3                -0.034      0.074     -0.464      0.643
    V3                -0.049      0.046     -1.054      0.292

 P3         ON
    P2                -0.034      0.074     -0.464      0.643
    V2                -0.049      0.046     -1.054      0.292

 P2         ON
    P1                -0.034      0.074     -0.464      0.643
    V1                -0.049      0.046     -1.054      0.292

 V4         ON
    V3                 0.137      0.077      1.783      0.075
    P3                 0.016      0.099      0.165      0.869

 V3         ON
    V2                 0.137      0.077      1.783      0.075
    P2                 0.016      0.099      0.165      0.869

 V2         ON
    V1                 0.137      0.077      1.783      0.075
    P1                 0.016      0.099      0.165      0.869

 S_BFI_HP WITH
    I_BFI_HP8         -0.240      0.467     -0.515      0.607
    S_ASPFIN           0.009      0.093      0.093      0.926
    I_ASPFIN          -1.290      2.322     -0.555      0.579

 I_BFI_HP WITH
    S_ASPFIN           2.298      2.304      0.997      0.319
    I_ASPFIN         -56.372     13.370     -4.216      0.000

 S_ASPFIN WITH
    I_ASPFIN          -1.947      1.076     -1.809      0.070

 P1       WITH
    V1                -0.785      8.314     -0.094      0.925

 P2       WITH
    V2                -2.229      4.346     -0.513      0.608

 P3       WITH
    V3                -2.229      4.346     -0.513      0.608

 P4       WITH
    V4                -2.229      4.346     -0.513      0.608

 Means
    P1                 0.000      0.000    999.000    999.000
    V1                 0.000      0.000    999.000    999.000
    I_BFI_HP8         71.346      0.483    147.597      0.000
    S_BFI_HP8          0.289      0.043      6.690      0.000
    I_ASPFIN          48.604      0.725     67.021      0.000
    S_ASPFIN          -0.067      0.063     -1.060      0.289

 Intercepts
    ABFI_HP8           0.000      0.000    999.000    999.000
    BBFI_HP8           0.000      0.000    999.000    999.000
    CBFI_HP8           0.000      0.000    999.000    999.000
    DBFI_HP8           0.000      0.000    999.000    999.000
    AASPFIN            0.000      0.000    999.000    999.000
    BASPFIN            0.000      0.000    999.000    999.000
    CASPFIN            0.000      0.000    999.000    999.000
    DASPFIN            0.000      0.000    999.000    999.000
    P2                 0.000      0.000    999.000    999.000
    P3                 0.000      0.000    999.000    999.000
    P4                 0.000      0.000    999.000    999.000
    V2                 0.000      0.000    999.000    999.000
    V3                 0.000      0.000    999.000    999.000
    V4                 0.000      0.000    999.000    999.000

 Variances
    P1                63.729      8.538      7.464      0.000
    V1               133.138     16.583      8.028      0.000
    I_BFI_HP8        157.578     11.871     13.274      0.000
    S_BFI_HP8          0.063      0.094      0.676      0.499
    I_ASPFIN         367.048     25.846     14.201      0.000
    S_ASPFIN           0.136      0.175      0.778      0.437

 Residual Variances
    ABFI_HP8           0.000      0.000    999.000    999.000
    BBFI_HP8           0.000      0.000    999.000    999.000
    CBFI_HP8           0.000      0.000    999.000    999.000
    DBFI_HP8           0.000      0.000    999.000    999.000
    AASPFIN            0.000      0.000    999.000    999.000
    BASPFIN            0.000      0.000    999.000    999.000
    CASPFIN            0.000      0.000    999.000    999.000
    DASPFIN            0.000      0.000    999.000    999.000
    P2                50.625      5.046     10.033      0.000
    P3                50.625      5.046     10.033      0.000
    P4                50.625      5.046     10.033      0.000
    V2               108.906     11.319      9.622      0.000
    V3               108.906     11.319      9.622      0.000
    V4               108.906     11.319      9.622      0.000


QUALITY OF NUMERICAL RESULTS

     Condition Number for the Information Matrix              0.275E-05
       (ratio of smallest to largest eigenvalue)


     Beginning Time:  17:59:15
        Ending Time:  17:59:31
       Elapsed Time:  00:00:16



MUTHEN & MUTHEN
3463 Stoner Ave.
Los Angeles, CA  90066

Tel: (310) 391-9971
Fax: (310) 391-8971
Web: www.StatModel.com
Support: Support@StatModel.com

Copyright (c) 1998-2017 Muthen & Muthen
