Mplus VERSION 8 (Linux)
MUTHEN & MUTHEN
07/08/2018   5:27 PM

INPUT INSTRUCTIONS


  title: PxVx Bivariate LCM-SR - decadegroup - Linear bfas_ci with Linear vrt_ind_d;
  data: file = /home/jflournoy/code_new/lnt_pxvx/Data/lnt_nat_recalc.tsv;

  variable:
  names =
  subjid
  aage
  aaspfin
  aaspfin_d
  abfa_mt
  abfa_mt_d
  abfas_ac
  abfas_ap
  abfas_ci
  abfas_co
  abfas_ea
  abfas_ee
  abfas_nv
  abfas_nv9
  abfas_nw
  abfas_oi
  abfas_oo
  abfi_a
  abfi_a6
  abfi_c
  abfi_d_scale
  abfi_e
  abfi_hp8
  abfi_n
  abfi_o
  abfi_s_scale
  ahrz_col
  ahrz_col_d
  ahrz_ind
  ahrz_ind_d
  amvi
  ausi
  ausi_d
  avrt_col
  avrt_col_d
  avrt_ind
  avrt_ind_d
  bage
  baspfin
  baspfin_d
  bbfa_mt
  bbfa_mt_d
  bbfas_ac
  bbfas_ap
  bbfas_ci
  bbfas_co
  bbfas_ea
  bbfas_ee
  bbfas_nv
  bbfas_nv9
  bbfas_nw
  bbfas_oi
  bbfas_oo
  bbfi_a
  bbfi_a6
  bbfi_c
  bbfi_d_scale
  bbfi_e
  bbfi_hp8
  bbfi_n
  bbfi_o
  bbfi_s_scale
  bhrz_col
  bhrz_col_d
  bhrz_ind
  bhrz_ind_d
  bmvi
  busi
  busi_d
  bvrt_col
  bvrt_col_d
  bvrt_ind
  bvrt_ind_d
  cage
  caspfin
  caspfin_d
  cbfa_mt
  cbfa_mt_d
  cbfas_ac
  cbfas_ap
  cbfas_ci
  cbfas_co
  cbfas_ea
  cbfas_ee
  cbfas_nv
  cbfas_nv9
  cbfas_nw
  cbfas_oi
  cbfas_oo
  cbfi_a
  cbfi_a6
  cbfi_c
  cbfi_d_scale
  cbfi_e
  cbfi_hp8
  cbfi_n
  cbfi_o
  cbfi_s_scale
  chrz_col
  chrz_col_d
  chrz_ind
  chrz_ind_d
  cmvi
  cusi
  cusi_d
  cvrt_col
  cvrt_col_d
  cvrt_ind
  cvrt_ind_d
  dage
  daspfin
  daspfin_d
  dbfa_mt
  dbfa_mt_d
  dbfas_ac
  dbfas_ap
  dbfas_ci
  dbfas_co
  dbfas_ea
  dbfas_ee
  dbfas_nv
  dbfas_nv9
  dbfas_nw
  dbfas_oi
  dbfas_oo
  dbfi_a
  dbfi_a6
  dbfi_c
  dbfi_d_scale
  dbfi_e
  dbfi_hp8
  dbfi_n
  dbfi_o
  dbfi_s_scale
  dhrz_col
  dhrz_col_d
  dhrz_ind
  dhrz_ind_d
  dmvi
  dusi
  dusi_d
  dvrt_col
  dvrt_col_d
  dvrt_ind
  dvrt_ind_d;

  USEVARIABLES =
  abfas_ci
  bbfas_ci
  cbfas_ci
  dbfas_ci
  avrt_ind_d
  bvrt_ind_d
  cvrt_ind_d
  dvrt_ind_d
  a1
  a2
  a3
  a4
  aagegrp
  ;

  missing = all (-9999);

  tscores = a1 a2 a3 a4;

  grouping = aagegrp (0=d2, 1=d3, 2=d4, 3=d5);

  DEFINE:

  aagegrp = aage;

  cut aagegrp (29 39 49);

  a1 = aage + 0 - 36;
  a2 = aage + 1 - 36;
  a3 = aage + 2 - 36;
  a4 = aage + 3 - 36;

  ANALYSIS:
  TYPE=RANDOM;
  PROCESSORS = 6;
  model=nocovariances; ! supresses default estimation of certain covs in model;

  MODEL:

  i_bfas_ci s_bfas_ci | abfas_ci bbfas_ci cbfas_ci dbfas_ci AT a1 a2 a3 a4;
  i_vrt_ind_d s_vrt_ind_d | avrt_ind_d bvrt_ind_d cvrt_ind_d dvrt_ind_d AT a1 a2 a3 a4;

  ! freeing factor covs because of "nocovariances"
  ! But ensure they are constrained across groups
  s_bfas_ci WITH i_bfas_ci (p)
  s_vrt_ind_d (q)
  i_vrt_ind_d (r);
  i_bfas_ci WITH s_vrt_ind_d (s)
  i_vrt_ind_d (t);
  s_vrt_ind_d WITH i_vrt_ind_d (u);

  !constrain latent growth means across groups
  [i_bfas_ci] (v);
  [s_bfas_ci] (w);
  [i_vrt_ind_d] (x);
  [s_vrt_ind_d] (y);

  !constrain latent growth variances across groups
  i_bfas_ci (l);
  s_bfas_ci (m);
  i_vrt_ind_d (n);
  s_vrt_ind_d (o);

  p1 BY abfas_ci@1; ! Residual "factors";
  p2 BY bbfas_ci@1;
  p3 BY cbfas_ci@1;
  p4 BY dbfas_ci@1;

  v1 BY avrt_ind_d@1; ! Residual "factors";
  v2 BY bvrt_ind_d@1;
  v3 BY cvrt_ind_d@1;
  v4 BY dvrt_ind_d@1;

  !residual variances on observed/manifest vars set to 0
  abfas_ci@0;
  bbfas_ci@0;
  cbfas_ci@0;
  dbfas_ci@0;

  !residual variances on observed/manifest vars set to 0
  avrt_ind_d@0;
  bvrt_ind_d@0;
  cvrt_ind_d@0;
  dvrt_ind_d@0;

  ! means of observed/manifest vars set to 0
  [abfas_ci@0];
  [bbfas_ci@0];
  [cbfas_ci@0];
  [dbfas_ci@0];

  ! means of observed/manifest vars set to 0
  [avrt_ind_d@0];
  [bvrt_ind_d@0];
  [cvrt_ind_d@0];
  [dvrt_ind_d@0];

  [p1@0]; ! means of residual "factors" set to 0
  [p2@0];
  [p3@0];
  [p4@0];

  [v1@0]; ! means of residual "factors" set to 0
  [v2@0];
  [v3@0];
  [v4@0];

  p4 on p3 (a); ! Autoregressive paths constrained to equality
  p3 on p2 (a);
  p2 on p1 (a);

  v4 on v3 (b); ! Autoregressive paths constrained to equality
  v3 on v2 (b);
  v2 on v1 (b);

  p4 on v3 (c); ! Cross-lagged paths constrained to equality
  p3 on v2 (c);
  p2 on v1 (c);

  v4 on p3 (d); ! Cross-lagged paths constrained to equality
  v3 on p2 (d);
  v2 on p1 (d);

  p1 with v1; !(this one is not like the others)

  p2 with v2 (e); ! Within-wave correlations constrained to equality
  p3 with v3 (e);
  p4 with v4 (e);

  p2 p3 p4 (f); ! estimate variances of residual "factors"
  v2 v3 v4 (g); ! estimate variances of residual "factors"

  MODEL d2:

  p4 on p3 (a2); ! Autoregressive paths constrained to equality
  p3 on p2 (a2);
  p2 on p1 (a2);

  v4 on v3 (b2); ! Autoregressive paths constrained to equality
  v3 on v2 (b2);
  v2 on v1 (b2);

  p4 on v3 (c2); ! Cross-lagged paths constrained to equality
  p3 on v2 (c2);
  p2 on v1 (c2);

  v4 on p3 (d2); ! Cross-lagged paths constrained to equality
  v3 on p2 (d2);
  v2 on p1 (d2);

  p1 with v1; !(this one is not like the others)

  p2 with v2 (e2); ! Within-wave correlations constrained to equality
  p3 with v3 (e2);
  p4 with v4 (e2);

  p2 p3 p4 (f2); ! estimate variances of residual "factors"
  v2 v3 v4 (g2); ! estimate variances of residual "factors"

  MODEL d3:

  p4 on p3 (a3); ! Autoregressive paths constrained to equality
  p3 on p2 (a3);
  p2 on p1 (a3);

  v4 on v3 (b3); ! Autoregressive paths constrained to equality
  v3 on v2 (b3);
  v2 on v1 (b3);

  p4 on v3 (c3); ! Cross-lagged paths constrained to equality
  p3 on v2 (c3);
  p2 on v1 (c3);

  v4 on p3 (d3); ! Cross-lagged paths constrained to equality
  v3 on p2 (d3);
  v2 on p1 (d3);

  p1 with v1; !(this one is not like the others)

  p2 with v2 (e3); ! Within-wave correlations constrained to equality
  p3 with v3 (e3);
  p4 with v4 (e3);

  p2 p3 p4 (f3); ! estimate variances of residual "factors"
  v2 v3 v4 (g3); ! estimate variances of residual "factors"

  MODEL d4:

  p4 on p3 (a4); ! Autoregressive paths constrained to equality
  p3 on p2 (a4);
  p2 on p1 (a4);

  v4 on v3 (b4); ! Autoregressive paths constrained to equality
  v3 on v2 (b4);
  v2 on v1 (b4);

  p4 on v3 (c4); ! Cross-lagged paths constrained to equality
  p3 on v2 (c4);
  p2 on v1 (c4);

  v4 on p3 (d4); ! Cross-lagged paths constrained to equality
  v3 on p2 (d4);
  v2 on p1 (d4);

  p1 with v1; !(this one is not like the others)

  p2 with v2 (e4); ! Within-wave correlations constrained to equality
  p3 with v3 (e4);
  p4 with v4 (e4);

  p2 p3 p4 (f4); ! estimate variances of residual "factors"
  v2 v3 v4 (g4); ! estimate variances of residual "factors"

  MODEL d5:

  p4 on p3 (a5); ! Autoregressive paths constrained to equality
  p3 on p2 (a5);
  p2 on p1 (a5);

  v4 on v3 (b5); ! Autoregressive paths constrained to equality
  v3 on v2 (b5);
  v2 on v1 (b5);

  p4 on v3 (c5); ! Cross-lagged paths constrained to equality
  p3 on v2 (c5);
  p2 on v1 (c5);

  v4 on p3 (d5); ! Cross-lagged paths constrained to equality
  v3 on p2 (d5);
  v2 on p1 (d5);

  p1 with v1; !(this one is not like the others)

  p2 with v2 (e5); ! Within-wave correlations constrained to equality
  p3 with v3 (e5);
  p4 with v4 (e5);

  p2 p3 p4 (f5); ! estimate variances of residual "factors"
  v2 v3 v4 (g5); ! estimate variances of residual "factors"

  OUTPUT: SAMPSTAT PATTERNS;



*** WARNING in VARIABLE command
  Note that only the first 8 characters of variable names are used in the output.
  Shorten variable names to avoid any confusion.
*** WARNING
  Data set contains unknown or missing values for GROUPING,
  PATTERN, COHORT, CLUSTER and/or STRATIFICATION variables.
  Number of cases with unknown or missing values:  5
   2 WARNING(S) FOUND IN THE INPUT INSTRUCTIONS



PxVx Bivariate LCM-SR - decadegroup - Linear bfas_ci with Linear vrt_ind_d;

SUMMARY OF ANALYSIS

Number of groups                                                 4
Number of observations
   Group D2                                                    301
   Group D3                                                    233
   Group D4                                                    198
   Group D5                                                    132
   Total sample size                                           864

Number of dependent variables                                    8
Number of independent variables                                  0
Number of continuous latent variables                           12

Observed dependent variables

  Continuous
   ABFAS_CI    BBFAS_CI    CBFAS_CI    DBFAS_CI    AVRT_IND_D  BVRT_IND_D
   CVRT_IND_D  DVRT_IND_D

Continuous latent variables
   P1          P2          P3          P4          V1          V2
   V3          V4          I_BFAS_C    S_BFAS_C    I_VRT_IN    S_VRT_IN

Variables with special functions

  Grouping variable     AAGEGRP

  Time scores
   A1          A2          A3          A4


Estimator                                                      MLR
Information matrix                                        OBSERVED
Maximum number of iterations                                   100
Convergence criterion                                    0.100D-05
Maximum number of EM iterations                                500
Convergence criteria for the EM algorithm
  Loglikelihood change                                   0.100D-02
  Relative loglikelihood change                          0.100D-05
  Derivative                                             0.100D-03
Minimum variance                                         0.100D-03
Maximum number of steepest descent iterations                   20
Maximum number of iterations for H1                           2000
Convergence criterion for H1                             0.100D-03
Optimization algorithm                                         EMA

Input data file(s)
  /home/jflournoy/code_new/lnt_pxvx/Data/lnt_nat_recalc.tsv
Input data format  FREE


SUMMARY OF DATA

   Group D2
     Number of missing data patterns            15

   Group D3
     Number of missing data patterns            10

   Group D4
     Number of missing data patterns            14

   Group D5
     Number of missing data patterns             9


SUMMARY OF MISSING DATA PATTERNS


     MISSING DATA PATTERNS (x = not missing) FOR D2

           1  2  3  4  5  6  7  8  9 10 11 12 13 14 15
 ABFAS_CI  x  x  x  x  x  x  x  x  x  x     x  x  x  x
 BBFAS_CI  x     x  x  x  x           x  x  x  x  x
 CBFAS_CI  x        x     x     x  x  x  x  x  x     x
 DBFAS_CI  x     x  x        x     x     x  x        x
 AVRT_IND  x  x  x  x  x  x  x  x  x  x  x  x  x  x  x
 BVRT_IND  x     x  x  x  x           x  x     x     x
 CVRT_IND  x              x     x  x     x  x  x     x
 DVRT_IND  x     x  x        x     x     x  x  x     x


     MISSING DATA PATTERN FREQUENCIES FOR D2

    Pattern   Frequency     Pattern   Frequency     Pattern   Frequency
          1         185           6          13          11           1
          2          57           7          11          12           2
          3           6           8           5          13           1
          4           1           9           5          14           1
          5          11          10           1          15           1


     MISSING DATA PATTERNS (x = not missing) FOR D3

           1  2  3  4  5  6  7  8  9 10
 ABFAS_CI  x  x  x  x  x  x  x  x  x  x
 BBFAS_CI  x     x  x  x           x
 CBFAS_CI  x           x     x  x
 DBFAS_CI  x     x        x     x     x
 AVRT_IND  x  x  x  x  x  x  x  x  x  x
 BVRT_IND  x     x  x  x
 CVRT_IND  x           x     x  x
 DVRT_IND  x     x        x     x


     MISSING DATA PATTERN FREQUENCIES FOR D3

    Pattern   Frequency     Pattern   Frequency     Pattern   Frequency
          1         140           5           7           9           1
          2          44           6           3          10           1
          3           8           7           7
          4          15           8           7


     MISSING DATA PATTERNS (x = not missing) FOR D4

           1  2  3  4  5  6  7  8  9 10 11 12 13 14
 ABFAS_CI  x  x  x  x  x  x  x  x  x  x  x  x  x  x
 BBFAS_CI  x     x  x  x  x           x  x     x
 CBFAS_CI  x        x     x     x  x  x           x
 DBFAS_CI  x     x  x        x     x  x        x
 AVRT_IND  x  x  x  x  x  x  x  x  x  x  x     x  x
 BVRT_IND  x     x  x  x  x
 CVRT_IND  x              x     x  x  x
 DVRT_IND  x     x  x        x     x  x        x


     MISSING DATA PATTERN FREQUENCIES FOR D4

    Pattern   Frequency     Pattern   Frequency     Pattern   Frequency
          1         104           6          15          11           2
          2          39           7           4          12           1
          3           7           8           5          13           1
          4           1           9           5          14           1
          5          12          10           1


     MISSING DATA PATTERNS (x = not missing) FOR D5

           1  2  3  4  5  6  7  8  9
 ABFAS_CI  x  x  x  x  x  x  x  x
 BBFAS_CI  x     x  x  x           x
 CBFAS_CI  x           x     x  x  x
 DBFAS_CI  x     x        x     x  x
 AVRT_IND  x  x  x  x  x  x  x  x  x
 BVRT_IND  x     x  x  x           x
 CVRT_IND  x           x     x  x  x
 DVRT_IND  x     x        x     x  x


     MISSING DATA PATTERN FREQUENCIES FOR D5

    Pattern   Frequency     Pattern   Frequency     Pattern   Frequency
          1          60           4          10           7           6
          2          29           5          11           8           4
          3           5           6           6           9           1


COVARIANCE COVERAGE OF DATA

Minimum covariance coverage value   0.100


     PROPORTION OF DATA PRESENT FOR D2


           Covariance Coverage
              ABFAS_CI      BBFAS_CI      CBFAS_CI      DBFAS_CI      AVRT_IND
              ________      ________      ________      ________      ________
 ABFAS_CI       0.997
 BBFAS_CI       0.734         0.738
 CBFAS_CI       0.711         0.678         0.714
 DBFAS_CI       0.701         0.648         0.648         0.704
 AVRT_IND       0.997         0.738         0.714         0.704         1.000
 BVRT_IND       0.728         0.728         0.674         0.645         0.731
 CVRT_IND       0.704         0.671         0.708         0.645         0.708
 DVRT_IND       0.704         0.651         0.651         0.704         0.708


           Covariance Coverage
              BVRT_IND      CVRT_IND      DVRT_IND
              ________      ________      ________
 BVRT_IND       0.731
 CVRT_IND       0.668         0.708
 DVRT_IND       0.648         0.648         0.708


     PROPORTION OF DATA PRESENT FOR D3


           Covariance Coverage
              ABFAS_CI      BBFAS_CI      CBFAS_CI      DBFAS_CI      AVRT_IND
              ________      ________      ________      ________      ________
 ABFAS_CI       1.000
 BBFAS_CI       0.747         0.747
 CBFAS_CI       0.717         0.682         0.717
 DBFAS_CI       0.734         0.700         0.670         0.734
 AVRT_IND       1.000         0.747         0.717         0.734         1.000
 BVRT_IND       0.747         0.747         0.682         0.700         0.747
 CVRT_IND       0.648         0.614         0.648         0.605         0.648
 DVRT_IND       0.734         0.700         0.670         0.734         0.734


           Covariance Coverage
              BVRT_IND      CVRT_IND      DVRT_IND
              ________      ________      ________
 BVRT_IND       0.747
 CVRT_IND       0.614         0.648
 DVRT_IND       0.700         0.605         0.734


     PROPORTION OF DATA PRESENT FOR D4


           Covariance Coverage
              ABFAS_CI      BBFAS_CI      CBFAS_CI      DBFAS_CI      AVRT_IND
              ________      ________      ________      ________      ________
 ABFAS_CI       0.990
 BBFAS_CI       0.722         0.732
 CBFAS_CI       0.672         0.631         0.682
 DBFAS_CI       0.616         0.581         0.571         0.626
 AVRT_IND       0.990         0.732         0.682         0.626         1.000
 BVRT_IND       0.712         0.722         0.626         0.576         0.722
 CVRT_IND       0.662         0.621         0.672         0.566         0.672
 DVRT_IND       0.621         0.586         0.576         0.626         0.631


           Covariance Coverage
              BVRT_IND      CVRT_IND      DVRT_IND
              ________      ________      ________
 BVRT_IND       0.722
 CVRT_IND       0.616         0.672
 DVRT_IND       0.581         0.571         0.631


     PROPORTION OF DATA PRESENT FOR D5


           Covariance Coverage
              ABFAS_CI      BBFAS_CI      CBFAS_CI      DBFAS_CI      AVRT_IND
              ________      ________      ________      ________      ________
 ABFAS_CI       1.000
 BBFAS_CI       0.697         0.697
 CBFAS_CI       0.614         0.576         0.614
 DBFAS_CI       0.621         0.568         0.538         0.621
 AVRT_IND       1.000         0.697         0.614         0.621         1.000
 BVRT_IND       0.697         0.697         0.576         0.568         0.697
 CVRT_IND       0.538         0.500         0.538         0.462         0.538
 DVRT_IND       0.621         0.568         0.538         0.621         0.621


           Covariance Coverage
              BVRT_IND      CVRT_IND      DVRT_IND
              ________      ________      ________
 BVRT_IND       0.697
 CVRT_IND       0.500         0.538
 DVRT_IND       0.568         0.462         0.621


SAMPLE STATISTICS


     ESTIMATED SAMPLE STATISTICS FOR D2


           Means
              ABFAS_CI      BBFAS_CI      CBFAS_CI      DBFAS_CI      AVRT_IND
              ________      ________      ________      ________      ________
               59.810        59.042        58.205        59.149        52.381


           Means
              BVRT_IND      CVRT_IND      DVRT_IND
              ________      ________      ________
               53.900        52.288        51.470


           Covariances
              ABFAS_CI      BBFAS_CI      CBFAS_CI      DBFAS_CI      AVRT_IND
              ________      ________      ________      ________      ________
 ABFAS_CI     358.094
 BBFAS_CI     260.183       321.620
 CBFAS_CI     233.238       240.776       291.770
 DBFAS_CI     249.795       245.682       246.097       327.247
 AVRT_IND      58.512        25.826        42.974        30.418       479.865
 BVRT_IND      46.781        19.149        58.267        40.834       316.911
 CVRT_IND      67.043        45.118        78.096        70.122       301.102
 DVRT_IND      60.279        46.133        63.022        59.205       310.198


           Covariances
              BVRT_IND      CVRT_IND      DVRT_IND
              ________      ________      ________
 BVRT_IND     454.488
 CVRT_IND     356.368       467.557
 DVRT_IND     350.517       386.756       511.869


           Correlations
              ABFAS_CI      BBFAS_CI      CBFAS_CI      DBFAS_CI      AVRT_IND
              ________      ________      ________      ________      ________
 ABFAS_CI       1.000
 BBFAS_CI       0.767         1.000
 CBFAS_CI       0.722         0.786         1.000
 DBFAS_CI       0.730         0.757         0.796         1.000
 AVRT_IND       0.141         0.066         0.115         0.077         1.000
 BVRT_IND       0.116         0.050         0.160         0.106         0.679
 CVRT_IND       0.164         0.116         0.211         0.179         0.636
 DVRT_IND       0.141         0.114         0.163         0.145         0.626


           Correlations
              BVRT_IND      CVRT_IND      DVRT_IND
              ________      ________      ________
 BVRT_IND       1.000
 CVRT_IND       0.773         1.000
 DVRT_IND       0.727         0.791         1.000


     ESTIMATED SAMPLE STATISTICS FOR D3


           Means
              ABFAS_CI      BBFAS_CI      CBFAS_CI      DBFAS_CI      AVRT_IND
              ________      ________      ________      ________      ________
               65.332        65.594        66.086        66.058        51.824


           Means
              BVRT_IND      CVRT_IND      DVRT_IND
              ________      ________      ________
               51.135        50.731        51.317


           Covariances
              ABFAS_CI      BBFAS_CI      CBFAS_CI      DBFAS_CI      AVRT_IND
              ________      ________      ________      ________      ________
 ABFAS_CI     337.280
 BBFAS_CI     286.829       347.807
 CBFAS_CI     249.383       271.592       321.418
 DBFAS_CI     238.705       264.641       241.309       306.894
 AVRT_IND      48.118        47.576        22.440        15.009       404.100
 BVRT_IND      56.064        52.702        19.663        19.411       278.382
 CVRT_IND      65.613        28.408         7.036        29.454       275.130
 DVRT_IND      65.951        53.998        32.103        38.756       245.365


           Covariances
              BVRT_IND      CVRT_IND      DVRT_IND
              ________      ________      ________
 BVRT_IND     393.137
 CVRT_IND     257.738       440.891
 DVRT_IND     272.610       276.583       417.365


           Correlations
              ABFAS_CI      BBFAS_CI      CBFAS_CI      DBFAS_CI      AVRT_IND
              ________      ________      ________      ________      ________
 ABFAS_CI       1.000
 BBFAS_CI       0.837         1.000
 CBFAS_CI       0.757         0.812         1.000
 DBFAS_CI       0.742         0.810         0.768         1.000
 AVRT_IND       0.130         0.127         0.062         0.043         1.000
 BVRT_IND       0.154         0.143         0.055         0.056         0.698
 CVRT_IND       0.170         0.073         0.019         0.080         0.652
 DVRT_IND       0.176         0.142         0.088         0.108         0.597


           Correlations
              BVRT_IND      CVRT_IND      DVRT_IND
              ________      ________      ________
 BVRT_IND       1.000
 CVRT_IND       0.619         1.000
 DVRT_IND       0.673         0.645         1.000


     ESTIMATED SAMPLE STATISTICS FOR D4


           Means
              ABFAS_CI      BBFAS_CI      CBFAS_CI      DBFAS_CI      AVRT_IND
              ________      ________      ________      ________      ________
               64.874        64.385        65.404        64.056        49.555


           Means
              BVRT_IND      CVRT_IND      DVRT_IND
              ________      ________      ________
               48.032        46.905        49.669


           Covariances
              ABFAS_CI      BBFAS_CI      CBFAS_CI      DBFAS_CI      AVRT_IND
              ________      ________      ________      ________      ________
 ABFAS_CI     320.088
 BBFAS_CI     241.452       276.859
 CBFAS_CI     258.226       258.998       351.862
 DBFAS_CI     214.309       228.809       277.340       305.821
 AVRT_IND      68.332        45.729        45.727        29.473       355.879
 BVRT_IND     102.133        48.659        49.121        35.199       238.018
 CVRT_IND      75.141        43.791        67.338        35.471       232.027
 DVRT_IND      68.696        45.561        62.763        42.052       202.041


           Covariances
              BVRT_IND      CVRT_IND      DVRT_IND
              ________      ________      ________
 BVRT_IND     377.424
 CVRT_IND     262.016       378.754
 DVRT_IND     237.239       256.377       291.570


           Correlations
              ABFAS_CI      BBFAS_CI      CBFAS_CI      DBFAS_CI      AVRT_IND
              ________      ________      ________      ________      ________
 ABFAS_CI       1.000
 BBFAS_CI       0.811         1.000
 CBFAS_CI       0.769         0.830         1.000
 DBFAS_CI       0.685         0.786         0.845         1.000
 AVRT_IND       0.202         0.146         0.129         0.089         1.000
 BVRT_IND       0.294         0.151         0.135         0.104         0.649
 CVRT_IND       0.216         0.135         0.184         0.104         0.632
 DVRT_IND       0.225         0.160         0.196         0.141         0.627


           Correlations
              BVRT_IND      CVRT_IND      DVRT_IND
              ________      ________      ________
 BVRT_IND       1.000
 CVRT_IND       0.693         1.000
 DVRT_IND       0.715         0.771         1.000


     ESTIMATED SAMPLE STATISTICS FOR D5


           Means
              ABFAS_CI      BBFAS_CI      CBFAS_CI      DBFAS_CI      AVRT_IND
              ________      ________      ________      ________      ________
               64.653        65.328        65.414        65.145        46.717


           Means
              BVRT_IND      CVRT_IND      DVRT_IND
              ________      ________      ________
               47.116        45.762        44.034


           Covariances
              ABFAS_CI      BBFAS_CI      CBFAS_CI      DBFAS_CI      AVRT_IND
              ________      ________      ________      ________      ________
 ABFAS_CI     304.751
 BBFAS_CI     240.519       309.406
 CBFAS_CI     224.444       229.549       279.496
 DBFAS_CI     240.544       258.841       241.039       318.124
 AVRT_IND      57.963        38.304        28.378        10.517       389.055
 BVRT_IND      23.159        37.341        23.275         1.419       242.834
 CVRT_IND      54.124        36.012        50.696        15.373       252.309
 DVRT_IND      15.703        24.268        31.764       -23.852       270.268


           Covariances
              BVRT_IND      CVRT_IND      DVRT_IND
              ________      ________      ________
 BVRT_IND     307.757
 CVRT_IND     218.178       365.739
 DVRT_IND     216.321       238.697       395.942


           Correlations
              ABFAS_CI      BBFAS_CI      CBFAS_CI      DBFAS_CI      AVRT_IND
              ________      ________      ________      ________      ________
 ABFAS_CI       1.000
 BBFAS_CI       0.783         1.000
 CBFAS_CI       0.769         0.781         1.000
 DBFAS_CI       0.773         0.825         0.808         1.000
 AVRT_IND       0.168         0.110         0.086         0.030         1.000
 BVRT_IND       0.076         0.121         0.079         0.005         0.702
 CVRT_IND       0.162         0.107         0.159         0.045         0.669
 DVRT_IND       0.045         0.069         0.095        -0.067         0.689


           Correlations
              BVRT_IND      CVRT_IND      DVRT_IND
              ________      ________      ________
 BVRT_IND       1.000
 CVRT_IND       0.650         1.000
 DVRT_IND       0.620         0.627         1.000


     MAXIMUM LOG-LIKELIHOOD VALUE FOR THE UNRESTRICTED (H1) MODEL IS -21327.620


UNIVARIATE SAMPLE STATISTICS


     UNIVARIATE HIGHER-ORDER MOMENT DESCRIPTIVE STATISTICS FOR D2

         Variable/         Mean/     Skewness/   Minimum/ % with                Percentiles
        Sample Size      Variance    Kurtosis    Maximum  Min/Max      20%/60%    40%/80%    Median

     ABFAS_CI             59.766      -0.230       7.500    0.33%      45.000     55.000     60.000
             300.000     358.296      -0.261     100.000    0.67%      65.000     77.500
     BBFAS_CI             59.170      -0.067       2.500    0.45%      44.444     55.000     60.000
             222.000     302.066      -0.226     100.000    0.45%      62.500     75.000
     CBFAS_CI             58.339      -0.095      17.500    0.93%      45.000     55.000     57.500
             215.000     275.273      -0.351      95.000    0.47%      60.000     75.000
     DBFAS_CI             59.835      -0.120       7.500    0.47%      42.500     55.000     60.000
             212.000     314.654      -0.317      97.500    1.42%      65.000     75.000
     AVRT_IND_D           52.381      -0.002       0.000    1.00%      33.333     50.000     50.000
             301.000     479.865      -0.567     100.000    1.99%      58.333     75.000
     BVRT_IND_D           53.920      -0.196       0.000    0.45%      33.333     50.000     58.333
             220.000     444.463      -0.624     100.000    0.45%      58.333     75.000
     CVRT_IND_D           52.856       0.021       8.333    2.82%      33.333     50.000     50.000
             213.000     466.217      -0.493     100.000    1.88%      58.333     66.667
     DVRT_IND_D           51.663      -0.042       0.000    1.41%      33.333     41.667     50.000
             213.000     509.836      -0.667     100.000    0.94%      58.333     75.000


     UNIVARIATE HIGHER-ORDER MOMENT DESCRIPTIVE STATISTICS FOR D3

         Variable/         Mean/     Skewness/   Minimum/ % with                Percentiles
        Sample Size      Variance    Kurtosis    Maximum  Min/Max      20%/60%    40%/80%    Median

     ABFAS_CI             65.332      -0.404      11.111    0.43%      50.000     62.500     67.500
             233.000     337.280      -0.305     100.000    1.29%      72.500     82.500
     BBFAS_CI             66.093      -0.309      22.500    1.75%      50.000     60.000     66.667
             171.000     330.869      -0.559     100.000    0.58%      72.500     82.500
     CBFAS_CI             66.149      -0.364      17.500    1.24%      52.500     62.500     67.500
             161.000     321.972      -0.224     100.000    1.24%      70.000     82.500
     DBFAS_CI             66.441      -0.006      22.500    0.63%      50.000     62.500     65.000
             159.000     296.093      -0.743     100.000    1.26%      70.000     82.500
     AVRT_IND_D           51.824      -0.013       0.000    0.86%      33.333     50.000     50.000
             233.000     404.100      -0.360     100.000    1.29%      58.333     66.667
     BVRT_IND_D           51.642       0.081       8.333    1.18%      33.333     50.000     50.000
             170.000     393.239      -0.199     100.000    2.94%      58.333     66.667
     CVRT_IND_D           50.880       0.190       8.333    1.86%      33.333     41.667     50.000
             161.000     436.165      -0.554     100.000    1.86%      58.333     66.667
     DVRT_IND_D           51.424       0.030       8.333    0.63%      33.333     50.000     50.000
             158.000     415.078      -0.438     100.000    1.90%      58.333     66.667


     UNIVARIATE HIGHER-ORDER MOMENT DESCRIPTIVE STATISTICS FOR D4

         Variable/         Mean/     Skewness/   Minimum/ % with                Percentiles
        Sample Size      Variance    Kurtosis    Maximum  Min/Max      20%/60%    40%/80%    Median

     ABFAS_CI             64.874      -0.297      16.667    0.51%      50.000     60.000     65.000
             198.000     320.088      -0.193     100.000    2.02%      70.000     80.000
     BBFAS_CI             64.204      -0.176      15.000    0.70%      50.000     60.000     65.000
             143.000     279.334      -0.136     100.000    1.40%      67.500     80.000
     CBFAS_CI             65.985      -0.324      10.000    0.76%      47.500     62.500     67.500
             132.000     354.522      -0.038     100.000    2.27%      70.000     82.500
     DBFAS_CI             64.634      -0.160      10.000    0.81%      47.500     57.500     65.000
             123.000     322.529      -0.222      97.500    3.25%      70.000     80.000
     AVRT_IND_D           49.577       0.089       8.333    0.51%      33.333     50.000     50.000
             197.000     355.856      -0.406     100.000    1.02%      50.000     66.667
     BVRT_IND_D           48.201       0.200       8.333    2.16%      33.333     41.667     50.000
             139.000     373.464      -0.390     100.000    0.72%      50.000     66.667
     CVRT_IND_D           46.795       0.231       8.333    0.77%      25.000     41.667     45.833
             130.000     373.274      -0.678      91.667    1.54%      50.000     66.667
     DVRT_IND_D           49.458      -0.184       8.333    0.81%      33.333     50.000     50.000
             123.000     292.163      -0.587      83.333    3.25%      58.333     66.667


     UNIVARIATE HIGHER-ORDER MOMENT DESCRIPTIVE STATISTICS FOR D5

         Variable/         Mean/     Skewness/   Minimum/ % with                Percentiles
        Sample Size      Variance    Kurtosis    Maximum  Min/Max      20%/60%    40%/80%    Median

     ABFAS_CI             64.574      -0.382      15.000    0.76%      50.000     60.000     65.000
             131.000     305.581      -0.319      97.500    1.53%      70.000     80.000
     BBFAS_CI             67.283      -0.230      33.333    1.15%      50.000     62.500     67.500
              87.000     294.655      -0.749     100.000    1.15%      72.500     82.500
     CBFAS_CI             66.463      -0.560      17.500    1.22%      52.500     65.000     70.000
              82.000     271.944       0.189      95.000    3.66%      70.000     80.000
     DBFAS_CI             66.955      -0.476      17.500    1.32%      50.000     62.500     70.000
              76.000     300.898      -0.146      95.000    5.26%      72.500     82.500
     AVRT_IND_D           46.717      -0.009       0.000    0.76%      25.000     41.667     41.667
             132.000     389.055      -0.560      91.667    0.76%      50.000     66.667
     BVRT_IND_D           46.456      -0.056       0.000    1.15%      33.333     41.667     50.000
              87.000     296.348      -0.354      83.333    2.30%      50.000     58.333
     CVRT_IND_D           44.004       0.160       0.000    1.22%      25.000     41.667     41.667
              82.000     349.381       0.075     100.000    1.22%      50.000     58.333
     DVRT_IND_D           42.982       0.368       8.333    3.95%      25.000     33.333     41.667
              76.000     365.593      -0.444      83.333    6.58%      50.000     58.333


THE MODEL ESTIMATION TERMINATED NORMALLY



MODEL FIT INFORMATION

Number of Free Parameters                       54

Loglikelihood

          H0 Value                      -21401.060
          H0 Scaling Correction Factor      1.2881
            for MLR

Information Criteria

          Akaike (AIC)                   42910.120
          Bayesian (BIC)                 43167.245
          Sample-Size Adjusted BIC       42995.755
            (n* = (n + 2) / 24)



MODEL RESULTS

                                                    Two-Tailed
                    Estimate       S.E.  Est./S.E.    P-Value

Group D2

 P1       BY
    ABFAS_CI           1.000      0.000    999.000    999.000

 P2       BY
    BBFAS_CI           1.000      0.000    999.000    999.000

 P3       BY
    CBFAS_CI           1.000      0.000    999.000    999.000

 P4       BY
    DBFAS_CI           1.000      0.000    999.000    999.000

 V1       BY
    AVRT_IND_D         1.000      0.000    999.000    999.000

 V2       BY
    BVRT_IND_D         1.000      0.000    999.000    999.000

 V3       BY
    CVRT_IND_D         1.000      0.000    999.000    999.000

 V4       BY
    DVRT_IND_D         1.000      0.000    999.000    999.000

 P4         ON
    P3                 0.148      0.070      2.111      0.035
    V3                 0.044      0.042      1.071      0.284

 P3         ON
    P2                 0.148      0.070      2.111      0.035
    V2                 0.044      0.042      1.071      0.284

 P2         ON
    P1                 0.148      0.070      2.111      0.035
    V1                 0.044      0.042      1.071      0.284

 V4         ON
    V3                 0.195      0.095      2.043      0.041
    P3                -0.022      0.089     -0.242      0.808

 V3         ON
    V2                 0.195      0.095      2.043      0.041
    P2                -0.022      0.089     -0.242      0.808

 V2         ON
    V1                 0.195      0.095      2.043      0.041
    P1                -0.022      0.089     -0.242      0.808

 S_BFAS_C WITH
    I_BFAS_CI         -0.687      0.850     -0.808      0.419
    S_VRT_IND_         0.029      0.107      0.267      0.789
    I_VRT_IND_        -3.950      2.551     -1.548      0.122

 I_BFAS_C WITH
    S_VRT_IND_         3.116      2.672      1.166      0.244
    I_VRT_IND_        40.656     14.258      2.852      0.004

 S_VRT_IN WITH
    I_VRT_IND_        -1.707      0.915     -1.866      0.062

 P1       WITH
    V1                24.410     14.479      1.686      0.092

 P2       WITH
    V2                -0.796      6.730     -0.118      0.906

 P3       WITH
    V3                -0.796      6.730     -0.118      0.906

 P4       WITH
    V4                -0.796      6.730     -0.118      0.906

 Means
    P1                 0.000      0.000    999.000    999.000
    V1                 0.000      0.000    999.000    999.000
    I_BFAS_CI         62.953      0.585    107.598      0.000
    S_BFAS_CI          0.187      0.052      3.587      0.000
    I_VRT_IND_        50.660      0.636     79.602      0.000
    S_VRT_IND_        -0.229      0.059     -3.905      0.000

 Intercepts
    ABFAS_CI           0.000      0.000    999.000    999.000
    BBFAS_CI           0.000      0.000    999.000    999.000
    CBFAS_CI           0.000      0.000    999.000    999.000
    DBFAS_CI           0.000      0.000    999.000    999.000
    AVRT_IND_D         0.000      0.000    999.000    999.000
    BVRT_IND_D         0.000      0.000    999.000    999.000
    CVRT_IND_D         0.000      0.000    999.000    999.000
    DVRT_IND_D         0.000      0.000    999.000    999.000
    P2                 0.000      0.000    999.000    999.000
    P3                 0.000      0.000    999.000    999.000
    P4                 0.000      0.000    999.000    999.000
    V2                 0.000      0.000    999.000    999.000
    V3                 0.000      0.000    999.000    999.000
    V4                 0.000      0.000    999.000    999.000

 Variances
    P1               111.934     22.994      4.868      0.000
    V1               215.397     28.904      7.452      0.000
    I_BFAS_CI        230.297     17.648     13.049      0.000
    S_BFAS_CI          0.153      0.144      1.059      0.289
    I_VRT_IND_       258.400     20.531     12.586      0.000
    S_VRT_IND_         0.168      0.146      1.157      0.247

 Residual Variances
    ABFAS_CI           0.000      0.000    999.000    999.000
    BBFAS_CI           0.000      0.000    999.000    999.000
    CBFAS_CI           0.000      0.000    999.000    999.000
    DBFAS_CI           0.000      0.000    999.000    999.000
    AVRT_IND_D         0.000      0.000    999.000    999.000
    BVRT_IND_D         0.000      0.000    999.000    999.000
    CVRT_IND_D         0.000      0.000    999.000    999.000
    DVRT_IND_D         0.000      0.000    999.000    999.000
    P2                75.533      7.805      9.678      0.000
    P3                75.533      7.805      9.678      0.000
    P4                75.533      7.805      9.678      0.000
    V2               135.136     16.828      8.031      0.000
    V3               135.136     16.828      8.031      0.000
    V4               135.136     16.828      8.031      0.000

Group D3

 P1       BY
    ABFAS_CI           1.000      0.000    999.000    999.000

 P2       BY
    BBFAS_CI           1.000      0.000    999.000    999.000

 P3       BY
    CBFAS_CI           1.000      0.000    999.000    999.000

 P4       BY
    DBFAS_CI           1.000      0.000    999.000    999.000

 V1       BY
    AVRT_IND_D         1.000      0.000    999.000    999.000

 V2       BY
    BVRT_IND_D         1.000      0.000    999.000    999.000

 V3       BY
    CVRT_IND_D         1.000      0.000    999.000    999.000

 V4       BY
    DVRT_IND_D         1.000      0.000    999.000    999.000

 P4         ON
    P3                 0.158      0.104      1.515      0.130
    V3                 0.033      0.051      0.646      0.518

 P3         ON
    P2                 0.158      0.104      1.515      0.130
    V2                 0.033      0.051      0.646      0.518

 P2         ON
    P1                 0.158      0.104      1.515      0.130
    V1                 0.033      0.051      0.646      0.518

 V4         ON
    V3                 0.026      0.097      0.271      0.786
    P3                -0.089      0.107     -0.829      0.407

 V3         ON
    V2                 0.026      0.097      0.271      0.786
    P2                -0.089      0.107     -0.829      0.407

 V2         ON
    V1                 0.026      0.097      0.271      0.786
    P1                -0.089      0.107     -0.829      0.407

 S_BFAS_C WITH
    I_BFAS_CI         -0.687      0.850     -0.808      0.419
    S_VRT_IND_         0.029      0.107      0.267      0.789
    I_VRT_IND_        -3.950      2.551     -1.548      0.122

 I_BFAS_C WITH
    S_VRT_IND_         3.116      2.672      1.166      0.244
    I_VRT_IND_        40.656     14.258      2.852      0.004

 S_VRT_IN WITH
    I_VRT_IND_        -1.707      0.915     -1.866      0.062

 P1       WITH
    V1                -6.259     11.640     -0.538      0.591

 P2       WITH
    V2                 0.005      6.328      0.001      0.999

 P3       WITH
    V3                 0.005      6.328      0.001      0.999

 P4       WITH
    V4                 0.005      6.328      0.001      0.999

 Means
    P1                 0.000      0.000    999.000    999.000
    V1                 0.000      0.000    999.000    999.000
    I_BFAS_CI         62.953      0.585    107.598      0.000
    S_BFAS_CI          0.187      0.052      3.587      0.000
    I_VRT_IND_        50.660      0.636     79.602      0.000
    S_VRT_IND_        -0.229      0.059     -3.905      0.000

 Intercepts
    ABFAS_CI           0.000      0.000    999.000    999.000
    BBFAS_CI           0.000      0.000    999.000    999.000
    CBFAS_CI           0.000      0.000    999.000    999.000
    DBFAS_CI           0.000      0.000    999.000    999.000
    AVRT_IND_D         0.000      0.000    999.000    999.000
    BVRT_IND_D         0.000      0.000    999.000    999.000
    CVRT_IND_D         0.000      0.000    999.000    999.000
    DVRT_IND_D         0.000      0.000    999.000    999.000
    P2                 0.000      0.000    999.000    999.000
    P3                 0.000      0.000    999.000    999.000
    P4                 0.000      0.000    999.000    999.000
    V2                 0.000      0.000    999.000    999.000
    V3                 0.000      0.000    999.000    999.000
    V4                 0.000      0.000    999.000    999.000

 Variances
    P1                80.662     15.569      5.181      0.000
    V1               137.641     23.069      5.966      0.000
    I_BFAS_CI        230.297     17.648     13.049      0.000
    S_BFAS_CI          0.153      0.144      1.059      0.289
    I_VRT_IND_       258.400     20.531     12.586      0.000
    S_VRT_IND_         0.168      0.146      1.157      0.247

 Residual Variances
    ABFAS_CI           0.000      0.000    999.000    999.000
    BBFAS_CI           0.000      0.000    999.000    999.000
    CBFAS_CI           0.000      0.000    999.000    999.000
    DBFAS_CI           0.000      0.000    999.000    999.000
    AVRT_IND_D         0.000      0.000    999.000    999.000
    BVRT_IND_D         0.000      0.000    999.000    999.000
    CVRT_IND_D         0.000      0.000    999.000    999.000
    DVRT_IND_D         0.000      0.000    999.000    999.000
    P2                72.211      9.480      7.617      0.000
    P3                72.211      9.480      7.617      0.000
    P4                72.211      9.480      7.617      0.000
    V2               150.018     17.515      8.565      0.000
    V3               150.018     17.515      8.565      0.000
    V4               150.018     17.515      8.565      0.000

Group D4

 P1       BY
    ABFAS_CI           1.000      0.000    999.000    999.000

 P2       BY
    BBFAS_CI           1.000      0.000    999.000    999.000

 P3       BY
    CBFAS_CI           1.000      0.000    999.000    999.000

 P4       BY
    DBFAS_CI           1.000      0.000    999.000    999.000

 V1       BY
    AVRT_IND_D         1.000      0.000    999.000    999.000

 V2       BY
    BVRT_IND_D         1.000      0.000    999.000    999.000

 V3       BY
    CVRT_IND_D         1.000      0.000    999.000    999.000

 V4       BY
    DVRT_IND_D         1.000      0.000    999.000    999.000

 P4         ON
    P3                 0.297      0.105      2.840      0.005
    V3                 0.033      0.052      0.647      0.518

 P3         ON
    P2                 0.297      0.105      2.840      0.005
    V2                 0.033      0.052      0.647      0.518

 P2         ON
    P1                 0.297      0.105      2.840      0.005
    V1                 0.033      0.052      0.647      0.518

 V4         ON
    V3                 0.031      0.110      0.284      0.776
    P3                 0.248      0.114      2.170      0.030

 V3         ON
    V2                 0.031      0.110      0.284      0.776
    P2                 0.248      0.114      2.170      0.030

 V2         ON
    V1                 0.031      0.110      0.284      0.776
    P1                 0.248      0.114      2.170      0.030

 S_BFAS_C WITH
    I_BFAS_CI         -0.687      0.850     -0.808      0.419
    S_VRT_IND_         0.029      0.107      0.267      0.789
    I_VRT_IND_        -3.950      2.551     -1.548      0.122

 I_BFAS_C WITH
    S_VRT_IND_         3.116      2.672      1.166      0.244
    I_VRT_IND_        40.656     14.258      2.852      0.004

 S_VRT_IN WITH
    I_VRT_IND_        -1.707      0.915     -1.866      0.062

 P1       WITH
    V1                 6.395     17.557      0.364      0.716

 P2       WITH
    V2                 8.244      7.448      1.107      0.268

 P3       WITH
    V3                 8.244      7.448      1.107      0.268

 P4       WITH
    V4                 8.244      7.448      1.107      0.268

 Means
    P1                 0.000      0.000    999.000    999.000
    V1                 0.000      0.000    999.000    999.000
    I_BFAS_CI         62.953      0.585    107.598      0.000
    S_BFAS_CI          0.187      0.052      3.587      0.000
    I_VRT_IND_        50.660      0.636     79.602      0.000
    S_VRT_IND_        -0.229      0.059     -3.905      0.000

 Intercepts
    ABFAS_CI           0.000      0.000    999.000    999.000
    BBFAS_CI           0.000      0.000    999.000    999.000
    CBFAS_CI           0.000      0.000    999.000    999.000
    DBFAS_CI           0.000      0.000    999.000    999.000
    AVRT_IND_D         0.000      0.000    999.000    999.000
    BVRT_IND_D         0.000      0.000    999.000    999.000
    CVRT_IND_D         0.000      0.000    999.000    999.000
    DVRT_IND_D         0.000      0.000    999.000    999.000
    P2                 0.000      0.000    999.000    999.000
    P3                 0.000      0.000    999.000    999.000
    P4                 0.000      0.000    999.000    999.000
    V2                 0.000      0.000    999.000    999.000
    V3                 0.000      0.000    999.000    999.000
    V4                 0.000      0.000    999.000    999.000

 Variances
    P1               109.353     22.235      4.918      0.000
    V1               150.850     22.532      6.695      0.000
    I_BFAS_CI        230.297     17.648     13.049      0.000
    S_BFAS_CI          0.153      0.144      1.059      0.289
    I_VRT_IND_       258.400     20.531     12.586      0.000
    S_VRT_IND_         0.168      0.146      1.157      0.247

 Residual Variances
    ABFAS_CI           0.000      0.000    999.000    999.000
    BBFAS_CI           0.000      0.000    999.000    999.000
    CBFAS_CI           0.000      0.000    999.000    999.000
    DBFAS_CI           0.000      0.000    999.000    999.000
    AVRT_IND_D         0.000      0.000    999.000    999.000
    BVRT_IND_D         0.000      0.000    999.000    999.000
    CVRT_IND_D         0.000      0.000    999.000    999.000
    DVRT_IND_D         0.000      0.000    999.000    999.000
    P2                66.845      8.174      8.178      0.000
    P3                66.845      8.174      8.178      0.000
    P4                66.845      8.174      8.178      0.000
    V2               102.488     17.225      5.950      0.000
    V3               102.488     17.225      5.950      0.000
    V4               102.488     17.225      5.950      0.000

Group D5

 P1       BY
    ABFAS_CI           1.000      0.000    999.000    999.000

 P2       BY
    BBFAS_CI           1.000      0.000    999.000    999.000

 P3       BY
    CBFAS_CI           1.000      0.000    999.000    999.000

 P4       BY
    DBFAS_CI           1.000      0.000    999.000    999.000

 V1       BY
    AVRT_IND_D         1.000      0.000    999.000    999.000

 V2       BY
    BVRT_IND_D         1.000      0.000    999.000    999.000

 V3       BY
    CVRT_IND_D         1.000      0.000    999.000    999.000

 V4       BY
    DVRT_IND_D         1.000      0.000    999.000    999.000

 P4         ON
    P3                -0.045      0.109     -0.410      0.682
    V3                -0.021      0.061     -0.346      0.729

 P3         ON
    P2                -0.045      0.109     -0.410      0.682
    V2                -0.021      0.061     -0.346      0.729

 P2         ON
    P1                -0.045      0.109     -0.410      0.682
    V1                -0.021      0.061     -0.346      0.729

 V4         ON
    V3                 0.063      0.094      0.670      0.503
    P3                -0.091      0.122     -0.746      0.456

 V3         ON
    V2                 0.063      0.094      0.670      0.503
    P2                -0.091      0.122     -0.746      0.456

 V2         ON
    V1                 0.063      0.094      0.670      0.503
    P1                -0.091      0.122     -0.746      0.456

 S_BFAS_C WITH
    I_BFAS_CI         -0.687      0.850     -0.808      0.419
    S_VRT_IND_         0.029      0.107      0.267      0.789
    I_VRT_IND_        -3.950      2.551     -1.548      0.122

 I_BFAS_C WITH
    S_VRT_IND_         3.116      2.672      1.166      0.244
    I_VRT_IND_        40.656     14.258      2.852      0.004

 S_VRT_IN WITH
    I_VRT_IND_        -1.707      0.915     -1.866      0.062

 P1       WITH
    V1                21.401     14.970      1.430      0.153

 P2       WITH
    V2                -1.734      7.700     -0.225      0.822

 P3       WITH
    V3                -1.734      7.700     -0.225      0.822

 P4       WITH
    V4                -1.734      7.700     -0.225      0.822

 Means
    P1                 0.000      0.000    999.000    999.000
    V1                 0.000      0.000    999.000    999.000
    I_BFAS_CI         62.953      0.585    107.598      0.000
    S_BFAS_CI          0.187      0.052      3.587      0.000
    I_VRT_IND_        50.660      0.636     79.602      0.000
    S_VRT_IND_        -0.229      0.059     -3.905      0.000

 Intercepts
    ABFAS_CI           0.000      0.000    999.000    999.000
    BBFAS_CI           0.000      0.000    999.000    999.000
    CBFAS_CI           0.000      0.000    999.000    999.000
    DBFAS_CI           0.000      0.000    999.000    999.000
    AVRT_IND_D         0.000      0.000    999.000    999.000
    BVRT_IND_D         0.000      0.000    999.000    999.000
    CVRT_IND_D         0.000      0.000    999.000    999.000
    DVRT_IND_D         0.000      0.000    999.000    999.000
    P2                 0.000      0.000    999.000    999.000
    P3                 0.000      0.000    999.000    999.000
    P4                 0.000      0.000    999.000    999.000
    V2                 0.000      0.000    999.000    999.000
    V3                 0.000      0.000    999.000    999.000
    V4                 0.000      0.000    999.000    999.000

 Variances
    P1                72.190     19.049      3.790      0.000
    V1               118.798     29.738      3.995      0.000
    I_BFAS_CI        230.297     17.648     13.049      0.000
    S_BFAS_CI          0.153      0.144      1.059      0.289
    I_VRT_IND_       258.400     20.531     12.586      0.000
    S_VRT_IND_         0.168      0.146      1.157      0.247

 Residual Variances
    ABFAS_CI           0.000      0.000    999.000    999.000
    BBFAS_CI           0.000      0.000    999.000    999.000
    CBFAS_CI           0.000      0.000    999.000    999.000
    DBFAS_CI           0.000      0.000    999.000    999.000
    AVRT_IND_D         0.000      0.000    999.000    999.000
    BVRT_IND_D         0.000      0.000    999.000    999.000
    CVRT_IND_D         0.000      0.000    999.000    999.000
    DVRT_IND_D         0.000      0.000    999.000    999.000
    P2                58.182     10.095      5.763      0.000
    P3                58.182     10.095      5.763      0.000
    P4                58.182     10.095      5.763      0.000
    V2               129.029     14.130      9.131      0.000
    V3               129.029     14.130      9.131      0.000
    V4               129.029     14.130      9.131      0.000


QUALITY OF NUMERICAL RESULTS

     Condition Number for the Information Matrix              0.125E-07
       (ratio of smallest to largest eigenvalue)


     Beginning Time:  17:27:07
        Ending Time:  17:27:23
       Elapsed Time:  00:00:16



MUTHEN & MUTHEN
3463 Stoner Ave.
Los Angeles, CA  90066

Tel: (310) 391-9971
Fax: (310) 391-8971
Web: www.StatModel.com
Support: Support@StatModel.com

Copyright (c) 1998-2017 Muthen & Muthen
