Mplus VERSION 8 (Linux)
MUTHEN & MUTHEN
07/07/2018   3:40 PM

INPUT INSTRUCTIONS


  title: PxVx Bivariate LCM-SR - post mi - Linear bfas_ci with Linear aspfin_d;
  data: file = /home/jflournoy/code_new/lnt_pxvx/Data/lnt_nat_recalc.tsv;

  variable:
  names =
  subjid
  aage
  aaspfin
  aaspfin_d
  abfa_mt
  abfa_mt_d
  abfas_ac
  abfas_ap
  abfas_ci
  abfas_co
  abfas_ea
  abfas_ee
  abfas_nv
  abfas_nv9
  abfas_nw
  abfas_oi
  abfas_oo
  abfi_a
  abfi_a6
  abfi_c
  abfi_d_scale
  abfi_e
  abfi_hp8
  abfi_n
  abfi_o
  abfi_s_scale
  ahrz_col
  ahrz_col_d
  ahrz_ind
  ahrz_ind_d
  amvi
  ausi
  ausi_d
  avrt_col
  avrt_col_d
  avrt_ind
  avrt_ind_d
  bage
  baspfin
  baspfin_d
  bbfa_mt
  bbfa_mt_d
  bbfas_ac
  bbfas_ap
  bbfas_ci
  bbfas_co
  bbfas_ea
  bbfas_ee
  bbfas_nv
  bbfas_nv9
  bbfas_nw
  bbfas_oi
  bbfas_oo
  bbfi_a
  bbfi_a6
  bbfi_c
  bbfi_d_scale
  bbfi_e
  bbfi_hp8
  bbfi_n
  bbfi_o
  bbfi_s_scale
  bhrz_col
  bhrz_col_d
  bhrz_ind
  bhrz_ind_d
  bmvi
  busi
  busi_d
  bvrt_col
  bvrt_col_d
  bvrt_ind
  bvrt_ind_d
  cage
  caspfin
  caspfin_d
  cbfa_mt
  cbfa_mt_d
  cbfas_ac
  cbfas_ap
  cbfas_ci
  cbfas_co
  cbfas_ea
  cbfas_ee
  cbfas_nv
  cbfas_nv9
  cbfas_nw
  cbfas_oi
  cbfas_oo
  cbfi_a
  cbfi_a6
  cbfi_c
  cbfi_d_scale
  cbfi_e
  cbfi_hp8
  cbfi_n
  cbfi_o
  cbfi_s_scale
  chrz_col
  chrz_col_d
  chrz_ind
  chrz_ind_d
  cmvi
  cusi
  cusi_d
  cvrt_col
  cvrt_col_d
  cvrt_ind
  cvrt_ind_d
  dage
  daspfin
  daspfin_d
  dbfa_mt
  dbfa_mt_d
  dbfas_ac
  dbfas_ap
  dbfas_ci
  dbfas_co
  dbfas_ea
  dbfas_ee
  dbfas_nv
  dbfas_nv9
  dbfas_nw
  dbfas_oi
  dbfas_oo
  dbfi_a
  dbfi_a6
  dbfi_c
  dbfi_d_scale
  dbfi_e
  dbfi_hp8
  dbfi_n
  dbfi_o
  dbfi_s_scale
  dhrz_col
  dhrz_col_d
  dhrz_ind
  dhrz_ind_d
  dmvi
  dusi
  dusi_d
  dvrt_col
  dvrt_col_d
  dvrt_ind
  dvrt_ind_d;

  USEVARIABLES =
  abfas_ci
  bbfas_ci
  cbfas_ci
  dbfas_ci
  aaspfin_d
  baspfin_d
  caspfin_d
  daspfin_d
  a1
  a2
  a3
  a4
  ;

  missing = all (-9999);

  tscores = a1 a2 a3 a4;

  DEFINE:
  a1 = aage + 0 - 36;
  a2 = aage + 1 - 36;
  a3 = aage + 2 - 36;
  a4 = aage + 3 - 36;

  ANALYSIS:
  TYPE=RANDOM;
  PROCESSORS = 6;
  model=nocovariances; ! supresses default estimation of certain covs in model;

  MODEL:

  i_bfas_ci s_bfas_ci | abfas_ci bbfas_ci cbfas_ci dbfas_ci AT a1 a2 a3 a4;
  i_aspfin_d s_aspfin_d | aaspfin_d baspfin_d caspfin_d daspfin_d AT a1 a2 a3 a4;

  ! freeing factor covs because of "nocovariances"
  s_bfas_ci WITH i_bfas_ci s_aspfin_d i_aspfin_d;
  i_bfas_ci WITH s_aspfin_d i_aspfin_d;
  s_aspfin_d WITH i_aspfin_d;

  p1 BY abfas_ci@1; ! Residual "factors";
  p2 BY bbfas_ci@1;
  p3 BY cbfas_ci@1;
  p4 BY dbfas_ci@1;

  v1 BY aaspfin_d@1; ! Residual "factors";
  v2 BY baspfin_d@1;
  v3 BY caspfin_d@1;
  v4 BY daspfin_d@1;

  !residual variances on observed/manifest vars set to 0
  abfas_ci@0;
  bbfas_ci@0;
  cbfas_ci@0;
  dbfas_ci@0;

  !residual variances on observed/manifest vars set to 0
  aaspfin_d@0;
  baspfin_d@0;
  caspfin_d@0;
  daspfin_d@0;

  ! means of observed/manifest vars set to 0
  [abfas_ci@0];
  [bbfas_ci@0];
  [cbfas_ci@0];
  [dbfas_ci@0];

  ! means of observed/manifest vars set to 0
  [aaspfin_d@0];
  [baspfin_d@0];
  [caspfin_d@0];
  [daspfin_d@0];

  [p1@0]; ! means of residual "factors" set to 0
  [p2@0];
  [p3@0];
  [p4@0];

  [v1@0]; ! means of residual "factors" set to 0
  [v2@0];
  [v3@0];
  [v4@0];

  p4 on p3 (a); ! Autoregressive paths constrained to equality
  p3 on p2 (a);
  p2 on p1 (a);

  v4 on v3 (b); ! Autoregressive paths constrained to equality
  v3 on v2 (b);
  v2 on v1 (b);

  p4 on v3 (c); ! Cross-lagged paths constrained to equality
  p3 on v2 (c);
  p2 on v1 (c);

  v4 on p3 (d); ! Cross-lagged paths constrained to equality
  v3 on p2 (d);
  v2 on p1 (d);

  p1 with v1; !(this one is not like the others)

  p2 with v2 (e); ! Within-wave correlations constrained to equality
  p3 with v3 (e);
  p4 with v4 (e);

  p2 p3 p4 (f); ! estimate variances of residual "factors"
  v2 v3 v4 (g); ! estimate variances of residual "factors"

  OUTPUT: SAMPSTAT PATTERNS;



*** WARNING in VARIABLE command
  Note that only the first 8 characters of variable names are used in the output.
  Shorten variable names to avoid any confusion.
*** WARNING
  Data set contains cases with missing on time scores but non-missing on the
  corresponding dependent variables.  These cases were not included in the analysis.
  Number of such cases:  5
   2 WARNING(S) FOUND IN THE INPUT INSTRUCTIONS



PxVx Bivariate LCM-SR - post mi - Linear bfas_ci with Linear aspfin_d;

SUMMARY OF ANALYSIS

Number of groups                                                 1
Number of observations                                         864

Number of dependent variables                                    8
Number of independent variables                                  0
Number of continuous latent variables                           12

Observed dependent variables

  Continuous
   ABFAS_CI    BBFAS_CI    CBFAS_CI    DBFAS_CI    AASPFIN_D   BASPFIN_D
   CASPFIN_D   DASPFIN_D

Continuous latent variables
   P1          P2          P3          P4          V1          V2
   V3          V4          I_BFAS_C    S_BFAS_C    I_ASPFIN    S_ASPFIN

Variables with special functions

  Time scores
   A1          A2          A3          A4


Estimator                                                      MLR
Information matrix                                        OBSERVED
Maximum number of iterations                                   100
Convergence criterion                                    0.100D-05
Maximum number of EM iterations                                500
Convergence criteria for the EM algorithm
  Loglikelihood change                                   0.100D-02
  Relative loglikelihood change                          0.100D-05
  Derivative                                             0.100D-03
Minimum variance                                         0.100D-03
Maximum number of steepest descent iterations                   20
Maximum number of iterations for H1                           2000
Convergence criterion for H1                             0.100D-03
Optimization algorithm                                         EMA

Input data file(s)
  /home/jflournoy/code_new/lnt_pxvx/Data/lnt_nat_recalc.tsv
Input data format  FREE


SUMMARY OF DATA

     Number of missing data patterns            18


SUMMARY OF MISSING DATA PATTERNS


     MISSING DATA PATTERNS (x = not missing)

           1  2  3  4  5  6  7  8  9 10 11 12 13 14 15 16 17 18
 ABFAS_CI  x  x  x  x  x  x  x  x  x  x  x  x     x  x  x  x  x
 BBFAS_CI  x     x  x        x     x  x  x  x  x     x  x
 CBFAS_CI  x           x     x  x        x  x  x        x  x
 DBFAS_CI  x     x     x  x              x  x  x     x     x  x
 AASPFIN_  x  x  x  x  x  x  x  x     x  x  x  x     x  x  x  x
 BASPFIN_  x     x  x        x     x        x  x        x  x
 CASPFIN_  x           x     x  x        x     x        x  x
 DASPFIN_  x     x     x  x              x  x  x     x  x  x


     MISSING DATA PATTERN FREQUENCIES

    Pattern   Frequency     Pattern   Frequency     Pattern   Frequency
          1         491           7          47          13           2
          2         169           8          24          14           1
          3          26           9           1          15           1
          4          48          10           3          16           1
          5          21          11           2          17           1
          6          24          12           1          18           1


COVARIANCE COVERAGE OF DATA

Minimum covariance coverage value   0.100


     PROPORTION OF DATA PRESENT


           Covariance Coverage
              ABFAS_CI      BBFAS_CI      CBFAS_CI      DBFAS_CI      AASPFIN_
              ________      ________      ________      ________      ________
 ABFAS_CI       0.998
 BBFAS_CI       0.719         0.721
 CBFAS_CI       0.681         0.630         0.683
 DBFAS_CI       0.657         0.605         0.600         0.660
 AASPFIN_       0.995         0.720         0.683         0.660         0.998
 BASPFIN_       0.713         0.714         0.628         0.603         0.714
 CASPFIN_       0.679         0.628         0.682         0.598         0.682
 DASPFIN_       0.657         0.606         0.601         0.659         0.660


           Covariance Coverage
              BASPFIN_      CASPFIN_      DASPFIN_
              ________      ________      ________
 BASPFIN_       0.715
 CASPFIN_       0.627         0.682
 DASPFIN_       0.604         0.600         0.660


SAMPLE STATISTICS


     ESTIMATED SAMPLE STATISTICS


           Means
              ABFAS_CI      BBFAS_CI      CBFAS_CI      DBFAS_CI      AASPFIN_
              ________      ________      ________      ________      ________
               63.195        62.965        63.071        63.056        42.472


           Means
              BASPFIN_      CASPFIN_      DASPFIN_
              ________      ________      ________
               43.442        43.248        43.860


           Covariances
              ABFAS_CI      BBFAS_CI      CBFAS_CI      DBFAS_CI      AASPFIN_
              ________      ________      ________      ________      ________
 ABFAS_CI     341.723
 BBFAS_CI     267.504       325.219
 CBFAS_CI     252.155       262.809       326.252
 DBFAS_CI     243.779       256.219       261.513       323.150
 AASPFIN_      49.058        27.551        22.354        28.511       579.623
 BASPFIN_      69.142        34.059        24.968        32.189       448.282
 CASPFIN_      65.324        36.491        27.813        20.941       441.767
 DASPFIN_      55.745        25.061        37.348        26.688       424.243


           Covariances
              BASPFIN_      CASPFIN_      DASPFIN_
              ________      ________      ________
 BASPFIN_     598.757
 CASPFIN_     459.740       594.246
 DASPFIN_     437.753       458.061       602.087


           Correlations
              ABFAS_CI      BBFAS_CI      CBFAS_CI      DBFAS_CI      AASPFIN_
              ________      ________      ________      ________      ________
 ABFAS_CI       1.000
 BBFAS_CI       0.802         1.000
 CBFAS_CI       0.755         0.807         1.000
 DBFAS_CI       0.734         0.790         0.805         1.000
 AASPFIN_       0.110         0.063         0.051         0.066         1.000
 BASPFIN_       0.153         0.077         0.056         0.073         0.761
 CASPFIN_       0.145         0.083         0.063         0.048         0.753
 DASPFIN_       0.123         0.057         0.084         0.061         0.718


           Correlations
              BASPFIN_      CASPFIN_      DASPFIN_
              ________      ________      ________
 BASPFIN_       1.000
 CASPFIN_       0.771         1.000
 DASPFIN_       0.729         0.766         1.000


     MAXIMUM LOG-LIKELIHOOD VALUE FOR THE UNRESTRICTED (H1) MODEL IS -21700.766


UNIVARIATE SAMPLE STATISTICS


     UNIVARIATE HIGHER-ORDER MOMENT DESCRIPTIVE STATISTICS

         Variable/         Mean/     Skewness/   Minimum/ % with                Percentiles
        Sample Size      Variance    Kurtosis    Maximum  Min/Max      20%/60%    40%/80%    Median

     ABFAS_CI             63.174      -0.323       7.500    0.12%      47.500     60.000     65.000
             862.000     342.090      -0.268     100.000    1.04%      70.000     80.000
     BBFAS_CI             63.359      -0.172       2.500    0.16%      47.500     60.000     63.889
             623.000     314.337      -0.418     100.000    0.80%      67.500     80.000
     CBFAS_CI             63.310      -0.236      10.000    0.17%      47.500     57.500     65.000
             590.000     319.473      -0.258     100.000    0.85%      70.000     77.500
     DBFAS_CI             63.663      -0.150       7.500    0.18%      47.500     60.000     62.500
             570.000     318.594      -0.373     100.000    0.35%      67.500     80.000
     AASPFIN_D            42.498       0.372       0.000    4.18%      25.000     33.333     41.667
             862.000     579.557      -0.475     100.000    2.32%      50.000     66.667
     BASPFIN_D            43.453       0.437       0.000    2.91%      25.000     33.333     41.667
             618.000     603.407      -0.433     100.000    3.72%      50.000     66.667
     CASPFIN_D            43.570       0.418       0.000    2.89%      25.000     33.333     41.667
             589.000     600.068      -0.521     100.000    3.06%      50.000     66.667
     DASPFIN_D            44.137       0.336       0.000    1.93%      16.667     33.333     41.667
             570.000     614.570      -0.710     100.000    2.63%      50.000     66.667


THE MODEL ESTIMATION TERMINATED NORMALLY



MODEL FIT INFORMATION

Number of Free Parameters                       24

Loglikelihood

          H0 Value                      -21702.669
          H0 Scaling Correction Factor      1.1532
            for MLR

Information Criteria

          Akaike (AIC)                   43453.338
          Bayesian (BIC)                 43567.615
          Sample-Size Adjusted BIC       43491.398
            (n* = (n + 2) / 24)



MODEL RESULTS

                                                    Two-Tailed
                    Estimate       S.E.  Est./S.E.    P-Value

 P1       BY
    ABFAS_CI           1.000      0.000    999.000    999.000

 P2       BY
    BBFAS_CI           1.000      0.000    999.000    999.000

 P3       BY
    CBFAS_CI           1.000      0.000    999.000    999.000

 P4       BY
    DBFAS_CI           1.000      0.000    999.000    999.000

 V1       BY
    AASPFIN_D          1.000      0.000    999.000    999.000

 V2       BY
    BASPFIN_D          1.000      0.000    999.000    999.000

 V3       BY
    CASPFIN_D          1.000      0.000    999.000    999.000

 V4       BY
    DASPFIN_D          1.000      0.000    999.000    999.000

 P4         ON
    P3                 0.155      0.048      3.204      0.001
    V3                -0.034      0.027     -1.250      0.211

 P3         ON
    P2                 0.155      0.048      3.204      0.001
    V2                -0.034      0.027     -1.250      0.211

 P2         ON
    P1                 0.155      0.048      3.204      0.001
    V1                -0.034      0.027     -1.250      0.211

 V4         ON
    V3                 0.132      0.055      2.393      0.017
    P3                 0.116      0.059      1.950      0.051

 V3         ON
    V2                 0.132      0.055      2.393      0.017
    P2                 0.116      0.059      1.950      0.051

 V2         ON
    V1                 0.132      0.055      2.393      0.017
    P1                 0.116      0.059      1.950      0.051

 S_BFAS_C WITH
    I_BFAS_CI         -0.798      0.757     -1.054      0.292
    S_ASPFIN_D         0.004      0.130      0.033      0.973
    I_ASPFIN_D        -3.155      2.744     -1.150      0.250

 I_BFAS_C WITH
    S_ASPFIN_D         2.057      2.845      0.723      0.470
    I_ASPFIN_D        45.114     16.842      2.679      0.007

 S_ASPFIN WITH
    I_ASPFIN_D        -2.344      1.179     -1.988      0.047

 P1       WITH
    V1                -5.599      7.320     -0.765      0.444

 P2       WITH
    V2                -1.421      4.210     -0.338      0.736

 P3       WITH
    V3                -1.421      4.210     -0.338      0.736

 P4       WITH
    V4                -1.421      4.210     -0.338      0.736

 Means
    P1                 0.000      0.000    999.000    999.000
    V1                 0.000      0.000    999.000    999.000
    I_BFAS_CI         62.855      0.586    107.287      0.000
    S_BFAS_CI          0.196      0.052      3.752      0.000
    I_ASPFIN_D        43.182      0.772     55.910      0.000
    S_ASPFIN_D        -0.156      0.068     -2.291      0.022

 Intercepts
    ABFAS_CI           0.000      0.000    999.000    999.000
    BBFAS_CI           0.000      0.000    999.000    999.000
    CBFAS_CI           0.000      0.000    999.000    999.000
    DBFAS_CI           0.000      0.000    999.000    999.000
    AASPFIN_D          0.000      0.000    999.000    999.000
    BASPFIN_D          0.000      0.000    999.000    999.000
    CASPFIN_D          0.000      0.000    999.000    999.000
    DASPFIN_D          0.000      0.000    999.000    999.000
    P2                 0.000      0.000    999.000    999.000
    P3                 0.000      0.000    999.000    999.000
    P4                 0.000      0.000    999.000    999.000
    V2                 0.000      0.000    999.000    999.000
    V3                 0.000      0.000    999.000    999.000
    V4                 0.000      0.000    999.000    999.000

 Variances
    P1                94.471     10.304      9.168      0.000
    V1               152.380     12.137     12.555      0.000
    I_BFAS_CI        233.376     17.069     13.672      0.000
    S_BFAS_CI          0.134      0.133      1.004      0.315
    I_ASPFIN_D       417.673     28.980     14.412      0.000
    S_ASPFIN_D         0.139      0.213      0.652      0.515

 Residual Variances
    ABFAS_CI           0.000      0.000    999.000    999.000
    BBFAS_CI           0.000      0.000    999.000    999.000
    CBFAS_CI           0.000      0.000    999.000    999.000
    DBFAS_CI           0.000      0.000    999.000    999.000
    AASPFIN_D          0.000      0.000    999.000    999.000
    BASPFIN_D          0.000      0.000    999.000    999.000
    CASPFIN_D          0.000      0.000    999.000    999.000
    DASPFIN_D          0.000      0.000    999.000    999.000
    P2                70.686      4.702     15.032      0.000
    P3                70.686      4.702     15.032      0.000
    P4                70.686      4.702     15.032      0.000
    V2               159.473     10.094     15.800      0.000
    V3               159.473     10.094     15.800      0.000
    V4               159.473     10.094     15.800      0.000


QUALITY OF NUMERICAL RESULTS

     Condition Number for the Information Matrix              0.218E-04
       (ratio of smallest to largest eigenvalue)


     Beginning Time:  15:40:03
        Ending Time:  15:40:17
       Elapsed Time:  00:00:14



MUTHEN & MUTHEN
3463 Stoner Ave.
Los Angeles, CA  90066

Tel: (310) 391-9971
Fax: (310) 391-8971
Web: www.StatModel.com
Support: Support@StatModel.com

Copyright (c) 1998-2017 Muthen & Muthen
