Mplus VERSION 8 (Linux)
MUTHEN & MUTHEN
07/07/2018   3:54 PM

INPUT INSTRUCTIONS


  title: PxVx Bivariate LCM-SR - post mi - Linear bfas_nw with Linear aspfin_d;
  data: file = /home/jflournoy/code_new/lnt_pxvx/Data/lnt_nat_recalc.tsv;

  variable:
  names =
  subjid
  aage
  aaspfin
  aaspfin_d
  abfa_mt
  abfa_mt_d
  abfas_ac
  abfas_ap
  abfas_ci
  abfas_co
  abfas_ea
  abfas_ee
  abfas_nv
  abfas_nv9
  abfas_nw
  abfas_oi
  abfas_oo
  abfi_a
  abfi_a6
  abfi_c
  abfi_d_scale
  abfi_e
  abfi_hp8
  abfi_n
  abfi_o
  abfi_s_scale
  ahrz_col
  ahrz_col_d
  ahrz_ind
  ahrz_ind_d
  amvi
  ausi
  ausi_d
  avrt_col
  avrt_col_d
  avrt_ind
  avrt_ind_d
  bage
  baspfin
  baspfin_d
  bbfa_mt
  bbfa_mt_d
  bbfas_ac
  bbfas_ap
  bbfas_ci
  bbfas_co
  bbfas_ea
  bbfas_ee
  bbfas_nv
  bbfas_nv9
  bbfas_nw
  bbfas_oi
  bbfas_oo
  bbfi_a
  bbfi_a6
  bbfi_c
  bbfi_d_scale
  bbfi_e
  bbfi_hp8
  bbfi_n
  bbfi_o
  bbfi_s_scale
  bhrz_col
  bhrz_col_d
  bhrz_ind
  bhrz_ind_d
  bmvi
  busi
  busi_d
  bvrt_col
  bvrt_col_d
  bvrt_ind
  bvrt_ind_d
  cage
  caspfin
  caspfin_d
  cbfa_mt
  cbfa_mt_d
  cbfas_ac
  cbfas_ap
  cbfas_ci
  cbfas_co
  cbfas_ea
  cbfas_ee
  cbfas_nv
  cbfas_nv9
  cbfas_nw
  cbfas_oi
  cbfas_oo
  cbfi_a
  cbfi_a6
  cbfi_c
  cbfi_d_scale
  cbfi_e
  cbfi_hp8
  cbfi_n
  cbfi_o
  cbfi_s_scale
  chrz_col
  chrz_col_d
  chrz_ind
  chrz_ind_d
  cmvi
  cusi
  cusi_d
  cvrt_col
  cvrt_col_d
  cvrt_ind
  cvrt_ind_d
  dage
  daspfin
  daspfin_d
  dbfa_mt
  dbfa_mt_d
  dbfas_ac
  dbfas_ap
  dbfas_ci
  dbfas_co
  dbfas_ea
  dbfas_ee
  dbfas_nv
  dbfas_nv9
  dbfas_nw
  dbfas_oi
  dbfas_oo
  dbfi_a
  dbfi_a6
  dbfi_c
  dbfi_d_scale
  dbfi_e
  dbfi_hp8
  dbfi_n
  dbfi_o
  dbfi_s_scale
  dhrz_col
  dhrz_col_d
  dhrz_ind
  dhrz_ind_d
  dmvi
  dusi
  dusi_d
  dvrt_col
  dvrt_col_d
  dvrt_ind
  dvrt_ind_d;

  USEVARIABLES =
  abfas_nw
  bbfas_nw
  cbfas_nw
  dbfas_nw
  aaspfin_d
  baspfin_d
  caspfin_d
  daspfin_d
  a1
  a2
  a3
  a4
  ;

  missing = all (-9999);

  tscores = a1 a2 a3 a4;

  DEFINE:
  a1 = aage + 0 - 36;
  a2 = aage + 1 - 36;
  a3 = aage + 2 - 36;
  a4 = aage + 3 - 36;

  ANALYSIS:
  TYPE=RANDOM;
  PROCESSORS = 6;
  model=nocovariances; ! supresses default estimation of certain covs in model;

  MODEL:

  i_bfas_nw s_bfas_nw | abfas_nw bbfas_nw cbfas_nw dbfas_nw AT a1 a2 a3 a4;
  i_aspfin_d s_aspfin_d | aaspfin_d baspfin_d caspfin_d daspfin_d AT a1 a2 a3 a4;

  ! freeing factor covs because of "nocovariances"
  s_bfas_nw WITH i_bfas_nw s_aspfin_d i_aspfin_d;
  i_bfas_nw WITH s_aspfin_d i_aspfin_d;
  s_aspfin_d WITH i_aspfin_d;

  p1 BY abfas_nw@1; ! Residual "factors";
  p2 BY bbfas_nw@1;
  p3 BY cbfas_nw@1;
  p4 BY dbfas_nw@1;

  v1 BY aaspfin_d@1; ! Residual "factors";
  v2 BY baspfin_d@1;
  v3 BY caspfin_d@1;
  v4 BY daspfin_d@1;

  !residual variances on observed/manifest vars set to 0
  abfas_nw@0;
  bbfas_nw@0;
  cbfas_nw@0;
  dbfas_nw@0;

  !residual variances on observed/manifest vars set to 0
  aaspfin_d@0;
  baspfin_d@0;
  caspfin_d@0;
  daspfin_d@0;

  ! means of observed/manifest vars set to 0
  [abfas_nw@0];
  [bbfas_nw@0];
  [cbfas_nw@0];
  [dbfas_nw@0];

  ! means of observed/manifest vars set to 0
  [aaspfin_d@0];
  [baspfin_d@0];
  [caspfin_d@0];
  [daspfin_d@0];

  [p1@0]; ! means of residual "factors" set to 0
  [p2@0];
  [p3@0];
  [p4@0];

  [v1@0]; ! means of residual "factors" set to 0
  [v2@0];
  [v3@0];
  [v4@0];

  p4 on p3 (a); ! Autoregressive paths constrained to equality
  p3 on p2 (a);
  p2 on p1 (a);

  v4 on v3 (b); ! Autoregressive paths constrained to equality
  v3 on v2 (b);
  v2 on v1 (b);

  p4 on v3 (c); ! Cross-lagged paths constrained to equality
  p3 on v2 (c);
  p2 on v1 (c);

  v4 on p3 (d); ! Cross-lagged paths constrained to equality
  v3 on p2 (d);
  v2 on p1 (d);

  p1 with v1; !(this one is not like the others)

  p2 with v2 (e); ! Within-wave correlations constrained to equality
  p3 with v3 (e);
  p4 with v4 (e);

  p2 p3 p4 (f); ! estimate variances of residual "factors"
  v2 v3 v4 (g); ! estimate variances of residual "factors"

  OUTPUT: SAMPSTAT PATTERNS;



*** WARNING in VARIABLE command
  Note that only the first 8 characters of variable names are used in the output.
  Shorten variable names to avoid any confusion.
*** WARNING
  Data set contains cases with missing on time scores but non-missing on the
  corresponding dependent variables.  These cases were not included in the analysis.
  Number of such cases:  5
   2 WARNING(S) FOUND IN THE INPUT INSTRUCTIONS



PxVx Bivariate LCM-SR - post mi - Linear bfas_nw with Linear aspfin_d;

SUMMARY OF ANALYSIS

Number of groups                                                 1
Number of observations                                         864

Number of dependent variables                                    8
Number of independent variables                                  0
Number of continuous latent variables                           12

Observed dependent variables

  Continuous
   ABFAS_NW    BBFAS_NW    CBFAS_NW    DBFAS_NW    AASPFIN_D   BASPFIN_D
   CASPFIN_D   DASPFIN_D

Continuous latent variables
   P1          P2          P3          P4          V1          V2
   V3          V4          I_BFAS_N    S_BFAS_N    I_ASPFIN    S_ASPFIN

Variables with special functions

  Time scores
   A1          A2          A3          A4


Estimator                                                      MLR
Information matrix                                        OBSERVED
Maximum number of iterations                                   100
Convergence criterion                                    0.100D-05
Maximum number of EM iterations                                500
Convergence criteria for the EM algorithm
  Loglikelihood change                                   0.100D-02
  Relative loglikelihood change                          0.100D-05
  Derivative                                             0.100D-03
Minimum variance                                         0.100D-03
Maximum number of steepest descent iterations                   20
Maximum number of iterations for H1                           2000
Convergence criterion for H1                             0.100D-03
Optimization algorithm                                         EMA

Input data file(s)
  /home/jflournoy/code_new/lnt_pxvx/Data/lnt_nat_recalc.tsv
Input data format  FREE


SUMMARY OF DATA

     Number of missing data patterns            18


SUMMARY OF MISSING DATA PATTERNS


     MISSING DATA PATTERNS (x = not missing)

           1  2  3  4  5  6  7  8  9 10 11 12 13 14 15 16 17 18
 ABFAS_NW  x  x  x  x  x  x  x  x  x  x  x  x  x     x  x  x  x
 BBFAS_NW  x     x  x        x     x  x  x     x  x     x  x
 CBFAS_NW  x           x     x  x        x  x  x  x        x
 DBFAS_NW  x     x     x  x              x  x  x  x     x     x
 AASPFIN_  x  x  x  x  x  x  x  x     x  x  x  x  x     x  x  x
 BASPFIN_  x     x  x        x     x        x  x  x        x
 CASPFIN_  x           x     x  x        x  x     x        x
 DASPFIN_  x     x     x  x              x  x  x  x     x  x


     MISSING DATA PATTERN FREQUENCIES

    Pattern   Frequency     Pattern   Frequency     Pattern   Frequency
          1         489           7          47          13           1
          2         169           8          24          14           3
          3          26           9           1          15           1
          4          48          10           3          16           1
          5          21          11           2          17           1
          6          24          12           2          18           1


COVARIANCE COVERAGE OF DATA

Minimum covariance coverage value   0.100


     PROPORTION OF DATA PRESENT


           Covariance Coverage
              ABFAS_NW      BBFAS_NW      CBFAS_NW      DBFAS_NW      AASPFIN_
              ________      ________      ________      ________      ________
 ABFAS_NW       0.997
 BBFAS_NW       0.716         0.720
 CBFAS_NW       0.679         0.628         0.683
 DBFAS_NW       0.656         0.604         0.600         0.660
 AASPFIN_       0.994         0.719         0.683         0.660         0.998
 BASPFIN_       0.712         0.713         0.628         0.603         0.714
 CASPFIN_       0.678         0.627         0.682         0.598         0.682
 DASPFIN_       0.656         0.605         0.601         0.659         0.660


           Covariance Coverage
              BASPFIN_      CASPFIN_      DASPFIN_
              ________      ________      ________
 BASPFIN_       0.715
 CASPFIN_       0.627         0.682
 DASPFIN_       0.604         0.600         0.660


SAMPLE STATISTICS


     ESTIMATED SAMPLE STATISTICS


           Means
              ABFAS_NW      BBFAS_NW      CBFAS_NW      DBFAS_NW      AASPFIN_
              ________      ________      ________      ________      ________
               45.980        46.054        46.175        45.984        42.475


           Means
              BASPFIN_      CASPFIN_      DASPFIN_
              ________      ________      ________
               43.521        43.294        43.896


           Covariances
              ABFAS_NW      BBFAS_NW      CBFAS_NW      DBFAS_NW      AASPFIN_
              ________      ________      ________      ________      ________
 ABFAS_NW     431.516
 BBFAS_NW     345.389       410.853
 CBFAS_NW     335.231       349.562       431.904
 DBFAS_NW     343.490       353.712       376.824       440.902
 AASPFIN_       3.241        -3.319         7.198         6.758       579.609
 BASPFIN_      -9.454         2.872        11.240        14.102       447.996
 CASPFIN_     -10.805        10.443        19.787        16.363       441.335
 DASPFIN_      -7.995        -1.876         0.748        12.815       424.641


           Covariances
              BASPFIN_      CASPFIN_      DASPFIN_
              ________      ________      ________
 BASPFIN_     598.032
 CASPFIN_     458.628       593.380
 DASPFIN_     437.596       458.481       602.775


           Correlations
              ABFAS_NW      BBFAS_NW      CBFAS_NW      DBFAS_NW      AASPFIN_
              ________      ________      ________      ________      ________
 ABFAS_NW       1.000
 BBFAS_NW       0.820         1.000
 CBFAS_NW       0.777         0.830         1.000
 DBFAS_NW       0.787         0.831         0.864         1.000
 AASPFIN_       0.006        -0.007         0.014         0.013         1.000
 BASPFIN_      -0.019         0.006         0.022         0.027         0.761
 CASPFIN_      -0.021         0.021         0.039         0.032         0.753
 DASPFIN_      -0.016        -0.004         0.001         0.025         0.718


           Correlations
              BASPFIN_      CASPFIN_      DASPFIN_
              ________      ________      ________
 BASPFIN_       1.000
 CASPFIN_       0.770         1.000
 DASPFIN_       0.729         0.767         1.000


     MAXIMUM LOG-LIKELIHOOD VALUE FOR THE UNRESTRICTED (H1) MODEL IS -21893.050


UNIVARIATE SAMPLE STATISTICS


     UNIVARIATE HIGHER-ORDER MOMENT DESCRIPTIVE STATISTICS

         Variable/         Mean/     Skewness/   Minimum/ % with                Percentiles
        Sample Size      Variance    Kurtosis    Maximum  Min/Max      20%/60%    40%/80%    Median

     ABFAS_NW             45.999       0.118       0.000    0.81%      27.500     40.000     45.000
             861.000     431.221      -0.382     100.000    0.23%      50.000     65.000
     BBFAS_NW             46.146       0.094       0.000    0.64%      27.500     40.000     46.111
             622.000     420.433      -0.489      97.500    0.48%      52.500     65.000
     CBFAS_NW             46.230       0.065       0.000    1.02%      30.000     40.000     46.250
             590.000     444.863      -0.425      97.500    0.68%      52.500     65.000
     DBFAS_NW             45.705       0.097       0.000    0.70%      27.500     40.000     45.000
             570.000     449.955      -0.484     100.000    0.18%      52.500     62.500
     AASPFIN_D            42.498       0.372       0.000    4.18%      25.000     33.333     41.667
             862.000     579.557      -0.475     100.000    2.32%      50.000     66.667
     BASPFIN_D            43.453       0.437       0.000    2.91%      25.000     33.333     41.667
             618.000     603.407      -0.433     100.000    3.72%      50.000     66.667
     CASPFIN_D            43.570       0.418       0.000    2.89%      25.000     33.333     41.667
             589.000     600.068      -0.521     100.000    3.06%      50.000     66.667
     DASPFIN_D            44.137       0.336       0.000    1.93%      16.667     33.333     41.667
             570.000     614.570      -0.710     100.000    2.63%      50.000     66.667


THE MODEL ESTIMATION TERMINATED NORMALLY



MODEL FIT INFORMATION

Number of Free Parameters                       24

Loglikelihood

          H0 Value                      -21893.938
          H0 Scaling Correction Factor      1.1041
            for MLR

Information Criteria

          Akaike (AIC)                   43835.876
          Bayesian (BIC)                 43950.154
          Sample-Size Adjusted BIC       43873.936
            (n* = (n + 2) / 24)



MODEL RESULTS

                                                    Two-Tailed
                    Estimate       S.E.  Est./S.E.    P-Value

 P1       BY
    ABFAS_NW           1.000      0.000    999.000    999.000

 P2       BY
    BBFAS_NW           1.000      0.000    999.000    999.000

 P3       BY
    CBFAS_NW           1.000      0.000    999.000    999.000

 P4       BY
    DBFAS_NW           1.000      0.000    999.000    999.000

 V1       BY
    AASPFIN_D          1.000      0.000    999.000    999.000

 V2       BY
    BASPFIN_D          1.000      0.000    999.000    999.000

 V3       BY
    CASPFIN_D          1.000      0.000    999.000    999.000

 V4       BY
    DASPFIN_D          1.000      0.000    999.000    999.000

 P4         ON
    P3                 0.166      0.045      3.707      0.000
    V3                -0.003      0.028     -0.117      0.907

 P3         ON
    P2                 0.166      0.045      3.707      0.000
    V2                -0.003      0.028     -0.117      0.907

 P2         ON
    P1                 0.166      0.045      3.707      0.000
    V1                -0.003      0.028     -0.117      0.907

 V4         ON
    V3                 0.127      0.055      2.317      0.020
    P3                -0.013      0.050     -0.259      0.795

 V3         ON
    V2                 0.127      0.055      2.317      0.020
    P2                -0.013      0.050     -0.259      0.795

 V2         ON
    V1                 0.127      0.055      2.317      0.020
    P1                -0.013      0.050     -0.259      0.795

 S_BFAS_N WITH
    I_BFAS_NW         -0.976      0.908     -1.075      0.282
    S_ASPFIN_D        -0.011      0.150     -0.075      0.941
    I_ASPFIN_D         2.941      2.988      0.984      0.325

 I_BFAS_N WITH
    S_ASPFIN_D        -2.295      3.056     -0.751      0.453
    I_ASPFIN_D        -7.194     19.470     -0.369      0.712

 S_ASPFIN WITH
    I_ASPFIN_D        -2.294      1.187     -1.932      0.053

 P1       WITH
    V1                15.682      7.886      1.989      0.047

 P2       WITH
    V2                 4.789      4.030      1.188      0.235

 P3       WITH
    V3                 4.789      4.030      1.188      0.235

 P4       WITH
    V4                 4.789      4.030      1.188      0.235

 Means
    P1                 0.000      0.000    999.000    999.000
    V1                 0.000      0.000    999.000    999.000
    I_BFAS_NW         46.411      0.666     69.718      0.000
    S_BFAS_NW         -0.281      0.060     -4.660      0.000
    I_ASPFIN_D        43.229      0.772     55.978      0.000
    S_ASPFIN_D        -0.152      0.068     -2.251      0.024

 Intercepts
    ABFAS_NW           0.000      0.000    999.000    999.000
    BBFAS_NW           0.000      0.000    999.000    999.000
    CBFAS_NW           0.000      0.000    999.000    999.000
    DBFAS_NW           0.000      0.000    999.000    999.000
    AASPFIN_D          0.000      0.000    999.000    999.000
    BASPFIN_D          0.000      0.000    999.000    999.000
    CASPFIN_D          0.000      0.000    999.000    999.000
    DASPFIN_D          0.000      0.000    999.000    999.000
    P2                 0.000      0.000    999.000    999.000
    P3                 0.000      0.000    999.000    999.000
    P4                 0.000      0.000    999.000    999.000
    V2                 0.000      0.000    999.000    999.000
    V3                 0.000      0.000    999.000    999.000
    V4                 0.000      0.000    999.000    999.000

 Variances
    P1               109.331      9.906     11.037      0.000
    V1               153.260     12.160     12.604      0.000
    I_BFAS_NW        312.271     22.710     13.750      0.000
    S_BFAS_NW          0.182      0.171      1.065      0.287
    I_ASPFIN_D       419.569     28.900     14.518      0.000
    S_ASPFIN_D         0.134      0.207      0.647      0.518

 Residual Variances
    ABFAS_NW           0.000      0.000    999.000    999.000
    BBFAS_NW           0.000      0.000    999.000    999.000
    CBFAS_NW           0.000      0.000    999.000    999.000
    DBFAS_NW           0.000      0.000    999.000    999.000
    AASPFIN_D          0.000      0.000    999.000    999.000
    BASPFIN_D          0.000      0.000    999.000    999.000
    CASPFIN_D          0.000      0.000    999.000    999.000
    DASPFIN_D          0.000      0.000    999.000    999.000
    P2                75.798      5.093     14.883      0.000
    P3                75.798      5.093     14.883      0.000
    P4                75.798      5.093     14.883      0.000
    V2               159.706     10.107     15.801      0.000
    V3               159.706     10.107     15.801      0.000
    V4               159.706     10.107     15.801      0.000


QUALITY OF NUMERICAL RESULTS

     Condition Number for the Information Matrix              0.173E-04
       (ratio of smallest to largest eigenvalue)


     Beginning Time:  15:54:07
        Ending Time:  15:54:17
       Elapsed Time:  00:00:10



MUTHEN & MUTHEN
3463 Stoner Ave.
Los Angeles, CA  90066

Tel: (310) 391-9971
Fax: (310) 391-8971
Web: www.StatModel.com
Support: Support@StatModel.com

Copyright (c) 1998-2017 Muthen & Muthen
