Mplus VERSION 8 (Linux)
MUTHEN & MUTHEN
07/08/2018   5:56 PM

INPUT INSTRUCTIONS


  title: PxVx Bivariate LCM-SR - decadegroup - Linear bfas_oi with Linear hrz_col;
  data: file = /home/jflournoy/code_new/lnt_pxvx/Data/lnt_nat_recalc.tsv;

  variable:
  names =
  subjid
  aage
  aaspfin
  aaspfin_d
  abfa_mt
  abfa_mt_d
  abfas_ac
  abfas_ap
  abfas_ci
  abfas_co
  abfas_ea
  abfas_ee
  abfas_nv
  abfas_nv9
  abfas_nw
  abfas_oi
  abfas_oo
  abfi_a
  abfi_a6
  abfi_c
  abfi_d_scale
  abfi_e
  abfi_hp8
  abfi_n
  abfi_o
  abfi_s_scale
  ahrz_col
  ahrz_col_d
  ahrz_ind
  ahrz_ind_d
  amvi
  ausi
  ausi_d
  avrt_col
  avrt_col_d
  avrt_ind
  avrt_ind_d
  bage
  baspfin
  baspfin_d
  bbfa_mt
  bbfa_mt_d
  bbfas_ac
  bbfas_ap
  bbfas_ci
  bbfas_co
  bbfas_ea
  bbfas_ee
  bbfas_nv
  bbfas_nv9
  bbfas_nw
  bbfas_oi
  bbfas_oo
  bbfi_a
  bbfi_a6
  bbfi_c
  bbfi_d_scale
  bbfi_e
  bbfi_hp8
  bbfi_n
  bbfi_o
  bbfi_s_scale
  bhrz_col
  bhrz_col_d
  bhrz_ind
  bhrz_ind_d
  bmvi
  busi
  busi_d
  bvrt_col
  bvrt_col_d
  bvrt_ind
  bvrt_ind_d
  cage
  caspfin
  caspfin_d
  cbfa_mt
  cbfa_mt_d
  cbfas_ac
  cbfas_ap
  cbfas_ci
  cbfas_co
  cbfas_ea
  cbfas_ee
  cbfas_nv
  cbfas_nv9
  cbfas_nw
  cbfas_oi
  cbfas_oo
  cbfi_a
  cbfi_a6
  cbfi_c
  cbfi_d_scale
  cbfi_e
  cbfi_hp8
  cbfi_n
  cbfi_o
  cbfi_s_scale
  chrz_col
  chrz_col_d
  chrz_ind
  chrz_ind_d
  cmvi
  cusi
  cusi_d
  cvrt_col
  cvrt_col_d
  cvrt_ind
  cvrt_ind_d
  dage
  daspfin
  daspfin_d
  dbfa_mt
  dbfa_mt_d
  dbfas_ac
  dbfas_ap
  dbfas_ci
  dbfas_co
  dbfas_ea
  dbfas_ee
  dbfas_nv
  dbfas_nv9
  dbfas_nw
  dbfas_oi
  dbfas_oo
  dbfi_a
  dbfi_a6
  dbfi_c
  dbfi_d_scale
  dbfi_e
  dbfi_hp8
  dbfi_n
  dbfi_o
  dbfi_s_scale
  dhrz_col
  dhrz_col_d
  dhrz_ind
  dhrz_ind_d
  dmvi
  dusi
  dusi_d
  dvrt_col
  dvrt_col_d
  dvrt_ind
  dvrt_ind_d;

  USEVARIABLES =
  abfas_oi
  bbfas_oi
  cbfas_oi
  dbfas_oi
  ahrz_col
  bhrz_col
  chrz_col
  dhrz_col
  a1
  a2
  a3
  a4
  aagegrp
  ;

  missing = all (-9999);

  tscores = a1 a2 a3 a4;

  grouping = aagegrp (0=d2, 1=d3, 2=d4, 3=d5);

  DEFINE:

  aagegrp = aage;

  cut aagegrp (29 39 49);

  a1 = aage + 0 - 36;
  a2 = aage + 1 - 36;
  a3 = aage + 2 - 36;
  a4 = aage + 3 - 36;

  ANALYSIS:
  TYPE=RANDOM;
  PROCESSORS = 6;
  model=nocovariances; ! supresses default estimation of certain covs in model;

  MODEL:

  i_bfas_oi s_bfas_oi | abfas_oi bbfas_oi cbfas_oi dbfas_oi AT a1 a2 a3 a4;
  i_hrz_col s_hrz_col | ahrz_col bhrz_col chrz_col dhrz_col AT a1 a2 a3 a4;

  ! freeing factor covs because of "nocovariances"
  ! But ensure they are constrained across groups
  s_bfas_oi WITH i_bfas_oi (p)
  s_hrz_col (q)
  i_hrz_col (r);
  i_bfas_oi WITH s_hrz_col (s)
  i_hrz_col (t);
  s_hrz_col WITH i_hrz_col (u);

  !constrain latent growth means across groups
  [i_bfas_oi] (v);
  [s_bfas_oi] (w);
  [i_hrz_col] (x);
  [s_hrz_col] (y);

  !constrain latent growth variances across groups
  i_bfas_oi (l);
  s_bfas_oi (m);
  i_hrz_col (n);
  s_hrz_col (o);

  p1 BY abfas_oi@1; ! Residual "factors";
  p2 BY bbfas_oi@1;
  p3 BY cbfas_oi@1;
  p4 BY dbfas_oi@1;

  v1 BY ahrz_col@1; ! Residual "factors";
  v2 BY bhrz_col@1;
  v3 BY chrz_col@1;
  v4 BY dhrz_col@1;

  !residual variances on observed/manifest vars set to 0
  abfas_oi@0;
  bbfas_oi@0;
  cbfas_oi@0;
  dbfas_oi@0;

  !residual variances on observed/manifest vars set to 0
  ahrz_col@0;
  bhrz_col@0;
  chrz_col@0;
  dhrz_col@0;

  ! means of observed/manifest vars set to 0
  [abfas_oi@0];
  [bbfas_oi@0];
  [cbfas_oi@0];
  [dbfas_oi@0];

  ! means of observed/manifest vars set to 0
  [ahrz_col@0];
  [bhrz_col@0];
  [chrz_col@0];
  [dhrz_col@0];

  [p1@0]; ! means of residual "factors" set to 0
  [p2@0];
  [p3@0];
  [p4@0];

  [v1@0]; ! means of residual "factors" set to 0
  [v2@0];
  [v3@0];
  [v4@0];

  p4 on p3 (a); ! Autoregressive paths constrained to equality
  p3 on p2 (a);
  p2 on p1 (a);

  v4 on v3 (b); ! Autoregressive paths constrained to equality
  v3 on v2 (b);
  v2 on v1 (b);

  p4 on v3 (c); ! Cross-lagged paths constrained to equality
  p3 on v2 (c);
  p2 on v1 (c);

  v4 on p3 (d); ! Cross-lagged paths constrained to equality
  v3 on p2 (d);
  v2 on p1 (d);

  p1 with v1; !(this one is not like the others)

  p2 with v2 (e); ! Within-wave correlations constrained to equality
  p3 with v3 (e);
  p4 with v4 (e);

  p2 p3 p4 (f); ! estimate variances of residual "factors"
  v2 v3 v4 (g); ! estimate variances of residual "factors"

  MODEL d2:

  p4 on p3 (a2); ! Autoregressive paths constrained to equality
  p3 on p2 (a2);
  p2 on p1 (a2);

  v4 on v3 (b2); ! Autoregressive paths constrained to equality
  v3 on v2 (b2);
  v2 on v1 (b2);

  p4 on v3 (c2); ! Cross-lagged paths constrained to equality
  p3 on v2 (c2);
  p2 on v1 (c2);

  v4 on p3 (d2); ! Cross-lagged paths constrained to equality
  v3 on p2 (d2);
  v2 on p1 (d2);

  p1 with v1; !(this one is not like the others)

  p2 with v2 (e2); ! Within-wave correlations constrained to equality
  p3 with v3 (e2);
  p4 with v4 (e2);

  p2 p3 p4 (f2); ! estimate variances of residual "factors"
  v2 v3 v4 (g2); ! estimate variances of residual "factors"

  MODEL d3:

  p4 on p3 (a3); ! Autoregressive paths constrained to equality
  p3 on p2 (a3);
  p2 on p1 (a3);

  v4 on v3 (b3); ! Autoregressive paths constrained to equality
  v3 on v2 (b3);
  v2 on v1 (b3);

  p4 on v3 (c3); ! Cross-lagged paths constrained to equality
  p3 on v2 (c3);
  p2 on v1 (c3);

  v4 on p3 (d3); ! Cross-lagged paths constrained to equality
  v3 on p2 (d3);
  v2 on p1 (d3);

  p1 with v1; !(this one is not like the others)

  p2 with v2 (e3); ! Within-wave correlations constrained to equality
  p3 with v3 (e3);
  p4 with v4 (e3);

  p2 p3 p4 (f3); ! estimate variances of residual "factors"
  v2 v3 v4 (g3); ! estimate variances of residual "factors"

  MODEL d4:

  p4 on p3 (a4); ! Autoregressive paths constrained to equality
  p3 on p2 (a4);
  p2 on p1 (a4);

  v4 on v3 (b4); ! Autoregressive paths constrained to equality
  v3 on v2 (b4);
  v2 on v1 (b4);

  p4 on v3 (c4); ! Cross-lagged paths constrained to equality
  p3 on v2 (c4);
  p2 on v1 (c4);

  v4 on p3 (d4); ! Cross-lagged paths constrained to equality
  v3 on p2 (d4);
  v2 on p1 (d4);

  p1 with v1; !(this one is not like the others)

  p2 with v2 (e4); ! Within-wave correlations constrained to equality
  p3 with v3 (e4);
  p4 with v4 (e4);

  p2 p3 p4 (f4); ! estimate variances of residual "factors"
  v2 v3 v4 (g4); ! estimate variances of residual "factors"

  MODEL d5:

  p4 on p3 (a5); ! Autoregressive paths constrained to equality
  p3 on p2 (a5);
  p2 on p1 (a5);

  v4 on v3 (b5); ! Autoregressive paths constrained to equality
  v3 on v2 (b5);
  v2 on v1 (b5);

  p4 on v3 (c5); ! Cross-lagged paths constrained to equality
  p3 on v2 (c5);
  p2 on v1 (c5);

  v4 on p3 (d5); ! Cross-lagged paths constrained to equality
  v3 on p2 (d5);
  v2 on p1 (d5);

  p1 with v1; !(this one is not like the others)

  p2 with v2 (e5); ! Within-wave correlations constrained to equality
  p3 with v3 (e5);
  p4 with v4 (e5);

  p2 p3 p4 (f5); ! estimate variances of residual "factors"
  v2 v3 v4 (g5); ! estimate variances of residual "factors"

  OUTPUT: SAMPSTAT PATTERNS;



*** WARNING
  Data set contains unknown or missing values for GROUPING,
  PATTERN, COHORT, CLUSTER and/or STRATIFICATION variables.
  Number of cases with unknown or missing values:  5
   1 WARNING(S) FOUND IN THE INPUT INSTRUCTIONS



PxVx Bivariate LCM-SR - decadegroup - Linear bfas_oi with Linear hrz_col;

SUMMARY OF ANALYSIS

Number of groups                                                 4
Number of observations
   Group D2                                                    301
   Group D3                                                    233
   Group D4                                                    198
   Group D5                                                    132
   Total sample size                                           864

Number of dependent variables                                    8
Number of independent variables                                  0
Number of continuous latent variables                           12

Observed dependent variables

  Continuous
   ABFAS_OI    BBFAS_OI    CBFAS_OI    DBFAS_OI    AHRZ_COL    BHRZ_COL
   CHRZ_COL    DHRZ_COL

Continuous latent variables
   P1          P2          P3          P4          V1          V2
   V3          V4          I_BFAS_O    S_BFAS_O    I_HRZ_CO    S_HRZ_CO

Variables with special functions

  Grouping variable     AAGEGRP

  Time scores
   A1          A2          A3          A4


Estimator                                                      MLR
Information matrix                                        OBSERVED
Maximum number of iterations                                   100
Convergence criterion                                    0.100D-05
Maximum number of EM iterations                                500
Convergence criteria for the EM algorithm
  Loglikelihood change                                   0.100D-02
  Relative loglikelihood change                          0.100D-05
  Derivative                                             0.100D-03
Minimum variance                                         0.100D-03
Maximum number of steepest descent iterations                   20
Maximum number of iterations for H1                           2000
Convergence criterion for H1                             0.100D-03
Optimization algorithm                                         EMA

Input data file(s)
  /home/jflournoy/code_new/lnt_pxvx/Data/lnt_nat_recalc.tsv
Input data format  FREE


SUMMARY OF DATA

   Group D2
     Number of missing data patterns            15

   Group D3
     Number of missing data patterns            10

   Group D4
     Number of missing data patterns            14

   Group D5
     Number of missing data patterns             9


SUMMARY OF MISSING DATA PATTERNS


     MISSING DATA PATTERNS (x = not missing) FOR D2

           1  2  3  4  5  6  7  8  9 10 11 12 13 14 15
 ABFAS_OI  x  x  x  x  x  x  x  x  x  x     x  x  x  x
 BBFAS_OI  x     x  x  x  x           x  x  x  x  x
 CBFAS_OI  x        x     x     x  x  x  x  x  x     x
 DBFAS_OI  x     x  x        x     x     x  x        x
 AHRZ_COL  x  x  x  x  x  x  x  x  x  x  x  x  x  x  x
 BHRZ_COL  x     x  x  x  x           x  x     x     x
 CHRZ_COL  x              x     x  x     x  x  x     x
 DHRZ_COL  x     x  x        x     x     x  x  x     x


     MISSING DATA PATTERN FREQUENCIES FOR D2

    Pattern   Frequency     Pattern   Frequency     Pattern   Frequency
          1         185           6          13          11           1
          2          57           7          11          12           2
          3           6           8           5          13           1
          4           1           9           5          14           1
          5          11          10           1          15           1


     MISSING DATA PATTERNS (x = not missing) FOR D3

           1  2  3  4  5  6  7  8  9 10
 ABFAS_OI  x  x  x  x  x  x  x  x  x  x
 BBFAS_OI  x     x  x  x           x
 CBFAS_OI  x           x     x  x
 DBFAS_OI  x     x        x     x     x
 AHRZ_COL  x  x  x  x  x  x  x  x  x  x
 BHRZ_COL  x     x  x  x
 CHRZ_COL  x           x     x  x
 DHRZ_COL  x     x        x     x


     MISSING DATA PATTERN FREQUENCIES FOR D3

    Pattern   Frequency     Pattern   Frequency     Pattern   Frequency
          1         140           5           7           9           1
          2          44           6           3          10           1
          3           8           7           7
          4          15           8           7


     MISSING DATA PATTERNS (x = not missing) FOR D4

           1  2  3  4  5  6  7  8  9 10 11 12 13 14
 ABFAS_OI  x  x  x  x  x  x  x  x  x  x  x  x  x  x
 BBFAS_OI  x     x  x  x  x           x  x     x
 CBFAS_OI  x        x     x     x  x  x           x
 DBFAS_OI  x     x  x        x     x  x        x
 AHRZ_COL  x  x  x  x  x  x  x  x  x  x  x     x  x
 BHRZ_COL  x     x  x  x  x
 CHRZ_COL  x              x     x  x  x
 DHRZ_COL  x     x  x        x     x  x        x


     MISSING DATA PATTERN FREQUENCIES FOR D4

    Pattern   Frequency     Pattern   Frequency     Pattern   Frequency
          1         104           6          15          11           2
          2          39           7           4          12           1
          3           7           8           5          13           1
          4           1           9           5          14           1
          5          12          10           1


     MISSING DATA PATTERNS (x = not missing) FOR D5

           1  2  3  4  5  6  7  8  9
 ABFAS_OI  x  x  x  x  x  x  x  x
 BBFAS_OI  x     x  x  x           x
 CBFAS_OI  x           x     x  x  x
 DBFAS_OI  x     x        x     x  x
 AHRZ_COL  x  x  x  x  x  x  x  x  x
 BHRZ_COL  x     x  x  x           x
 CHRZ_COL  x           x     x  x  x
 DHRZ_COL  x     x        x     x  x


     MISSING DATA PATTERN FREQUENCIES FOR D5

    Pattern   Frequency     Pattern   Frequency     Pattern   Frequency
          1          60           4          10           7           6
          2          29           5          11           8           4
          3           5           6           6           9           1


COVARIANCE COVERAGE OF DATA

Minimum covariance coverage value   0.100


     PROPORTION OF DATA PRESENT FOR D2


           Covariance Coverage
              ABFAS_OI      BBFAS_OI      CBFAS_OI      DBFAS_OI      AHRZ_COL
              ________      ________      ________      ________      ________
 ABFAS_OI       0.997
 BBFAS_OI       0.734         0.738
 CBFAS_OI       0.711         0.678         0.714
 DBFAS_OI       0.701         0.648         0.648         0.704
 AHRZ_COL       0.997         0.738         0.714         0.704         1.000
 BHRZ_COL       0.728         0.728         0.674         0.645         0.731
 CHRZ_COL       0.704         0.671         0.708         0.645         0.708
 DHRZ_COL       0.704         0.651         0.651         0.704         0.708


           Covariance Coverage
              BHRZ_COL      CHRZ_COL      DHRZ_COL
              ________      ________      ________
 BHRZ_COL       0.731
 CHRZ_COL       0.668         0.708
 DHRZ_COL       0.648         0.648         0.708


     PROPORTION OF DATA PRESENT FOR D3


           Covariance Coverage
              ABFAS_OI      BBFAS_OI      CBFAS_OI      DBFAS_OI      AHRZ_COL
              ________      ________      ________      ________      ________
 ABFAS_OI       1.000
 BBFAS_OI       0.747         0.747
 CBFAS_OI       0.717         0.682         0.717
 DBFAS_OI       0.734         0.700         0.670         0.734
 AHRZ_COL       1.000         0.747         0.717         0.734         1.000
 BHRZ_COL       0.747         0.747         0.682         0.700         0.747
 CHRZ_COL       0.648         0.614         0.648         0.605         0.648
 DHRZ_COL       0.734         0.700         0.670         0.734         0.734


           Covariance Coverage
              BHRZ_COL      CHRZ_COL      DHRZ_COL
              ________      ________      ________
 BHRZ_COL       0.747
 CHRZ_COL       0.614         0.648
 DHRZ_COL       0.700         0.605         0.734


     PROPORTION OF DATA PRESENT FOR D4


           Covariance Coverage
              ABFAS_OI      BBFAS_OI      CBFAS_OI      DBFAS_OI      AHRZ_COL
              ________      ________      ________      ________      ________
 ABFAS_OI       0.990
 BBFAS_OI       0.722         0.732
 CBFAS_OI       0.672         0.631         0.682
 DBFAS_OI       0.616         0.581         0.571         0.626
 AHRZ_COL       0.990         0.732         0.682         0.626         1.000
 BHRZ_COL       0.712         0.722         0.626         0.576         0.722
 CHRZ_COL       0.662         0.621         0.672         0.566         0.672
 DHRZ_COL       0.621         0.586         0.576         0.626         0.631


           Covariance Coverage
              BHRZ_COL      CHRZ_COL      DHRZ_COL
              ________      ________      ________
 BHRZ_COL       0.722
 CHRZ_COL       0.616         0.672
 DHRZ_COL       0.581         0.571         0.631


     PROPORTION OF DATA PRESENT FOR D5


           Covariance Coverage
              ABFAS_OI      BBFAS_OI      CBFAS_OI      DBFAS_OI      AHRZ_COL
              ________      ________      ________      ________      ________
 ABFAS_OI       1.000
 BBFAS_OI       0.697         0.697
 CBFAS_OI       0.614         0.576         0.614
 DBFAS_OI       0.621         0.568         0.538         0.621
 AHRZ_COL       1.000         0.697         0.614         0.621         1.000
 BHRZ_COL       0.697         0.697         0.576         0.568         0.697
 CHRZ_COL       0.538         0.500         0.538         0.462         0.538
 DHRZ_COL       0.621         0.568         0.538         0.621         0.621


           Covariance Coverage
              BHRZ_COL      CHRZ_COL      DHRZ_COL
              ________      ________      ________
 BHRZ_COL       0.697
 CHRZ_COL       0.500         0.538
 DHRZ_COL       0.568         0.462         0.621


SAMPLE STATISTICS


     ESTIMATED SAMPLE STATISTICS FOR D2


           Means
              ABFAS_OI      BBFAS_OI      CBFAS_OI      DBFAS_OI      AHRZ_COL
              ________      ________      ________      ________      ________
               74.929        74.173        74.428        74.327        68.314


           Means
              BHRZ_COL      CHRZ_COL      DHRZ_COL
              ________      ________      ________
               67.223        67.720        67.603


           Covariances
              ABFAS_OI      BBFAS_OI      CBFAS_OI      DBFAS_OI      AHRZ_COL
              ________      ________      ________      ________      ________
 ABFAS_OI     271.480
 BBFAS_OI     191.430       225.479
 CBFAS_OI     207.870       200.716       274.631
 DBFAS_OI     187.006       174.193       212.213       255.290
 AHRZ_COL      25.496        25.056        16.871        21.736       322.043
 BHRZ_COL       1.408        17.229        -2.547        12.881       212.722
 CHRZ_COL      42.838        46.610        57.436        35.554       203.184
 DHRZ_COL      22.494        23.558        19.068        22.455       223.188


           Covariances
              BHRZ_COL      CHRZ_COL      DHRZ_COL
              ________      ________      ________
 BHRZ_COL     309.279
 CHRZ_COL     220.755       347.076
 DHRZ_COL     208.962       246.235       331.132


           Correlations
              ABFAS_OI      BBFAS_OI      CBFAS_OI      DBFAS_OI      AHRZ_COL
              ________      ________      ________      ________      ________
 ABFAS_OI       1.000
 BBFAS_OI       0.774         1.000
 CBFAS_OI       0.761         0.807         1.000
 DBFAS_OI       0.710         0.726         0.801         1.000
 AHRZ_COL       0.086         0.093         0.057         0.076         1.000
 BHRZ_COL       0.005         0.065        -0.009         0.046         0.674
 CHRZ_COL       0.140         0.167         0.186         0.119         0.608
 DHRZ_COL       0.075         0.086         0.063         0.077         0.683


           Correlations
              BHRZ_COL      CHRZ_COL      DHRZ_COL
              ________      ________      ________
 BHRZ_COL       1.000
 CHRZ_COL       0.674         1.000
 DHRZ_COL       0.653         0.726         1.000


     ESTIMATED SAMPLE STATISTICS FOR D3


           Means
              ABFAS_OI      BBFAS_OI      CBFAS_OI      DBFAS_OI      AHRZ_COL
              ________      ________      ________      ________      ________
               77.318        76.725        76.377        77.283        72.711


           Means
              BHRZ_COL      CHRZ_COL      DHRZ_COL
              ________      ________      ________
               73.414        73.994        73.766


           Covariances
              ABFAS_OI      BBFAS_OI      CBFAS_OI      DBFAS_OI      AHRZ_COL
              ________      ________      ________      ________      ________
 ABFAS_OI     223.176
 BBFAS_OI     205.447       253.578
 CBFAS_OI     184.065       204.556       252.799
 DBFAS_OI     186.664       197.137       198.674       232.975
 AHRZ_COL      27.859        36.794        24.188        24.578       298.804
 BHRZ_COL       0.658        32.907        20.546        20.752       220.390
 CHRZ_COL       4.382         9.110         5.255         3.208       216.338
 DHRZ_COL       9.861        34.959        22.060        29.196       198.766


           Covariances
              BHRZ_COL      CHRZ_COL      DHRZ_COL
              ________      ________      ________
 BHRZ_COL     302.770
 CHRZ_COL     231.823       302.145
 DHRZ_COL     228.911       213.869       284.885


           Correlations
              ABFAS_OI      BBFAS_OI      CBFAS_OI      DBFAS_OI      AHRZ_COL
              ________      ________      ________      ________      ________
 ABFAS_OI       1.000
 BBFAS_OI       0.864         1.000
 CBFAS_OI       0.775         0.808         1.000
 DBFAS_OI       0.819         0.811         0.819         1.000
 AHRZ_COL       0.108         0.134         0.088         0.093         1.000
 BHRZ_COL       0.003         0.119         0.074         0.078         0.733
 CHRZ_COL       0.017         0.033         0.019         0.012         0.720
 DHRZ_COL       0.039         0.130         0.082         0.113         0.681


           Correlations
              BHRZ_COL      CHRZ_COL      DHRZ_COL
              ________      ________      ________
 BHRZ_COL       1.000
 CHRZ_COL       0.766         1.000
 DHRZ_COL       0.779         0.729         1.000


     ESTIMATED SAMPLE STATISTICS FOR D4


           Means
              ABFAS_OI      BBFAS_OI      CBFAS_OI      DBFAS_OI      AHRZ_COL
              ________      ________      ________      ________      ________
               75.132        75.280        74.625        74.587        73.272


           Means
              BHRZ_COL      CHRZ_COL      DHRZ_COL
              ________      ________      ________
               72.589        74.302        73.010


           Covariances
              ABFAS_OI      BBFAS_OI      CBFAS_OI      DBFAS_OI      AHRZ_COL
              ________      ________      ________      ________      ________
 ABFAS_OI     249.838
 BBFAS_OI     204.436       245.289
 CBFAS_OI     204.538       211.316       256.179
 DBFAS_OI     197.111       204.270       222.151       247.209
 AHRZ_COL      35.342        10.097        30.216        16.294       236.523
 BHRZ_COL      27.152        32.578        35.579        33.847       163.317
 CHRZ_COL      23.401        23.264        57.106        46.997       156.124
 DHRZ_COL      14.013        19.312        38.667        31.473       144.746


           Covariances
              BHRZ_COL      CHRZ_COL      DHRZ_COL
              ________      ________      ________
 BHRZ_COL     231.241
 CHRZ_COL     166.641       212.237
 DHRZ_COL     155.891       152.368       217.774


           Correlations
              ABFAS_OI      BBFAS_OI      CBFAS_OI      DBFAS_OI      AHRZ_COL
              ________      ________      ________      ________      ________
 ABFAS_OI       1.000
 BBFAS_OI       0.826         1.000
 CBFAS_OI       0.808         0.843         1.000
 DBFAS_OI       0.793         0.830         0.883         1.000
 AHRZ_COL       0.145         0.042         0.123         0.067         1.000
 BHRZ_COL       0.113         0.137         0.146         0.142         0.698
 CHRZ_COL       0.102         0.102         0.245         0.205         0.697
 DHRZ_COL       0.060         0.084         0.164         0.136         0.638


           Correlations
              BHRZ_COL      CHRZ_COL      DHRZ_COL
              ________      ________      ________
 BHRZ_COL       1.000
 CHRZ_COL       0.752         1.000
 DHRZ_COL       0.695         0.709         1.000


     ESTIMATED SAMPLE STATISTICS FOR D5


           Means
              ABFAS_OI      BBFAS_OI      CBFAS_OI      DBFAS_OI      AHRZ_COL
              ________      ________      ________      ________      ________
               73.754        73.597        71.481        71.457        78.362


           Means
              BHRZ_COL      CHRZ_COL      DHRZ_COL
              ________      ________      ________
               76.643        77.051        75.868


           Covariances
              ABFAS_OI      BBFAS_OI      CBFAS_OI      DBFAS_OI      AHRZ_COL
              ________      ________      ________      ________      ________
 ABFAS_OI     268.829
 BBFAS_OI     200.576       235.726
 CBFAS_OI     227.256       212.964       272.391
 DBFAS_OI     244.529       224.147       240.352       295.748
 AHRZ_COL      33.968        21.939        30.930        48.933       212.979
 BHRZ_COL      18.296        39.417        27.131        52.836       168.202
 CHRZ_COL      11.993        29.936        31.624        42.293       138.762
 DHRZ_COL      22.569        20.006        19.817        44.869       153.578


           Covariances
              BHRZ_COL      CHRZ_COL      DHRZ_COL
              ________      ________      ________
 BHRZ_COL     223.019
 CHRZ_COL     156.101       209.121
 DHRZ_COL     166.142       165.142       243.028


           Correlations
              ABFAS_OI      BBFAS_OI      CBFAS_OI      DBFAS_OI      AHRZ_COL
              ________      ________      ________      ________      ________
 ABFAS_OI       1.000
 BBFAS_OI       0.797         1.000
 CBFAS_OI       0.840         0.840         1.000
 DBFAS_OI       0.867         0.849         0.847         1.000
 AHRZ_COL       0.142         0.098         0.128         0.195         1.000
 BHRZ_COL       0.075         0.172         0.110         0.206         0.772
 CHRZ_COL       0.051         0.135         0.133         0.170         0.658
 DHRZ_COL       0.088         0.084         0.077         0.167         0.675


           Correlations
              BHRZ_COL      CHRZ_COL      DHRZ_COL
              ________      ________      ________
 BHRZ_COL       1.000
 CHRZ_COL       0.723         1.000
 DHRZ_COL       0.714         0.733         1.000


     MAXIMUM LOG-LIKELIHOOD VALUE FOR THE UNRESTRICTED (H1) MODEL IS -20309.481


UNIVARIATE SAMPLE STATISTICS


     UNIVARIATE HIGHER-ORDER MOMENT DESCRIPTIVE STATISTICS FOR D2

         Variable/         Mean/     Skewness/   Minimum/ % with                Percentiles
        Sample Size      Variance    Kurtosis    Maximum  Min/Max      20%/60%    40%/80%    Median

     ABFAS_OI             74.914      -0.627      15.000    0.33%      60.000     72.500     77.500
             300.000     272.023       0.154     100.000    3.67%      80.000     90.000
     BBFAS_OI             73.924      -0.308      35.000    0.45%      60.000     70.000     75.000
             222.000     217.482      -0.530     100.000    2.25%      80.000     87.500
     CBFAS_OI             74.416      -0.543      25.000    0.47%      60.000     70.000     75.000
             215.000     268.640      -0.162     100.000    4.19%      80.000     90.000
     DBFAS_OI             74.860      -0.552      20.000    0.47%      60.000     72.500     75.000
             212.000     241.370       0.121     100.000    2.83%      82.500     90.000
     AHRZ_COL             68.314      -0.710       6.250    0.33%      56.250     68.750     68.750
             301.000     322.043       0.674     100.000    4.32%      75.000     81.250
     BHRZ_COL             67.557      -0.740      12.500    0.91%      56.250     62.500     68.750
             220.000     297.148       0.793     100.000    2.73%      75.000     81.250
     CHRZ_COL             67.928      -0.621       6.250    0.47%      56.250     62.500     68.750
             213.000     348.137       0.409     100.000    3.76%      75.000     81.250
     DHRZ_COL             68.016      -0.534       6.250    0.47%      50.000     62.500     68.750
             213.000     327.183       0.112     100.000    3.29%      75.000     81.250


     UNIVARIATE HIGHER-ORDER MOMENT DESCRIPTIVE STATISTICS FOR D3

         Variable/         Mean/     Skewness/   Minimum/ % with                Percentiles
        Sample Size      Variance    Kurtosis    Maximum  Min/Max      20%/60%    40%/80%    Median

     ABFAS_OI             77.318      -0.428      38.889    0.43%      65.000     75.000     80.000
             233.000     223.176      -0.472     100.000    7.73%      82.500     92.500
     BBFAS_OI             77.057      -0.576      32.500    1.17%      62.500     75.000     80.000
             171.000     251.105      -0.400     100.000    4.09%      85.000     92.500
     CBFAS_OI             76.058      -0.656      22.500    0.62%      62.500     75.000     77.500
             161.000     254.860       0.127     100.000    4.35%      82.500     90.000
     DBFAS_OI             77.727      -0.554      35.000    0.63%      67.500     75.000     77.500
             159.000     225.926      -0.146     100.000    6.92%      82.500     92.500
     AHRZ_COL             72.711      -0.598      18.750    0.86%      56.250     68.750     75.000
             233.000     298.804       0.115     100.000    6.87%      75.000     87.500
     BHRZ_COL             72.806      -0.623      25.000    2.35%      56.250     68.750     75.000
             170.000     303.884       0.017     100.000    6.47%      81.250     87.500
     CHRZ_COL             73.758      -0.803      18.750    0.62%      56.250     75.000     75.000
             161.000     304.649       0.366     100.000    6.83%      81.250     87.500
     DHRZ_COL             73.141      -0.862       6.250    0.63%      62.500     68.750     75.000
             158.000     294.457       1.151     100.000    6.33%      75.000     87.500


     UNIVARIATE HIGHER-ORDER MOMENT DESCRIPTIVE STATISTICS FOR D4

         Variable/         Mean/     Skewness/   Minimum/ % with                Percentiles
        Sample Size      Variance    Kurtosis    Maximum  Min/Max      20%/60%    40%/80%    Median

     ABFAS_OI             75.132      -0.411      35.000    1.01%      62.500     72.222     75.000
             198.000     249.838      -0.411     100.000    5.05%      80.000     90.000
     BBFAS_OI             76.232      -0.692      22.500    0.70%      65.000     75.000     77.500
             143.000     250.211       0.542     100.000    6.99%      80.000     90.000
     CBFAS_OI             75.492      -0.351      32.500    0.76%      60.000     72.500     77.500
             132.000     255.061      -0.603     100.000    4.55%      80.000     92.500
     DBFAS_OI             76.077      -0.714      25.000    0.81%      62.500     75.000     77.500
             123.000     252.854       0.141     100.000    4.88%      82.500     90.000
     AHRZ_COL             73.287      -0.492      12.500    0.51%      62.500     68.750     75.000
             197.000     236.507       0.729     100.000    8.12%      75.000     81.250
     BHRZ_COL             71.868      -0.365      25.000    1.44%      56.250     68.750     75.000
             139.000     241.081      -0.021     100.000    5.04%      75.000     87.500
     CHRZ_COL             74.423      -0.205      31.250    0.77%      62.500     68.750     75.000
             130.000     212.408      -0.182     100.000    7.69%      75.000     87.500
     DHRZ_COL             72.984      -0.320      31.250    0.81%      62.500     68.750     75.000
             123.000     218.491      -0.210     100.000    4.88%      75.000     83.333


     UNIVARIATE HIGHER-ORDER MOMENT DESCRIPTIVE STATISTICS FOR D5

         Variable/         Mean/     Skewness/   Minimum/ % with                Percentiles
        Sample Size      Variance    Kurtosis    Maximum  Min/Max      20%/60%    40%/80%    Median

     ABFAS_OI             73.742      -0.618      17.500    0.76%      60.000     70.000     75.000
             131.000     270.480       0.624     100.000    5.34%      80.000     90.000
     BBFAS_OI             73.483      -0.719      27.500    1.15%      61.111     72.500     75.000
              87.000     230.727       0.265     100.000    1.15%      77.500     87.500
     CBFAS_OI             72.043      -0.876      20.000    1.22%      60.000     70.000     72.500
              82.000     257.946       0.938      97.500    3.66%      77.500     87.500
     DBFAS_OI             73.856      -0.997      15.000    1.32%      60.000     72.500     77.500
              76.000     303.456       0.882     100.000    2.63%      80.556     87.500
     AHRZ_COL             78.362      -0.590      37.500    1.52%      68.750     75.000     81.250
             132.000     212.979      -0.074     100.000    8.33%      81.250     93.750
     BHRZ_COL             77.059      -0.556      37.500    2.30%      62.500     75.000     75.000
              87.000     227.939      -0.055     100.000    8.05%      81.250     93.750
     CHRZ_COL             77.134      -0.387      31.250    1.22%      62.500     75.000     78.125
              82.000     211.718      -0.049     100.000    9.76%      81.250     93.750
     DHRZ_COL             76.974      -0.987      12.500    1.32%      62.500     75.000     78.125
              76.000     240.759       2.412     100.000    7.89%      81.250     93.750


THE MODEL ESTIMATION TERMINATED NORMALLY



MODEL FIT INFORMATION

Number of Free Parameters                       54

Loglikelihood

          H0 Value                      -20377.119
          H0 Scaling Correction Factor      1.3655
            for MLR

Information Criteria

          Akaike (AIC)                   40862.238
          Bayesian (BIC)                 41119.363
          Sample-Size Adjusted BIC       40947.873
            (n* = (n + 2) / 24)



MODEL RESULTS

                                                    Two-Tailed
                    Estimate       S.E.  Est./S.E.    P-Value

Group D2

 P1       BY
    ABFAS_OI           1.000      0.000    999.000    999.000

 P2       BY
    BBFAS_OI           1.000      0.000    999.000    999.000

 P3       BY
    CBFAS_OI           1.000      0.000    999.000    999.000

 P4       BY
    DBFAS_OI           1.000      0.000    999.000    999.000

 V1       BY
    AHRZ_COL           1.000      0.000    999.000    999.000

 V2       BY
    BHRZ_COL           1.000      0.000    999.000    999.000

 V3       BY
    CHRZ_COL           1.000      0.000    999.000    999.000

 V4       BY
    DHRZ_COL           1.000      0.000    999.000    999.000

 P4         ON
    P3                 0.238      0.098      2.434      0.015
    V3                -0.083      0.054     -1.539      0.124

 P3         ON
    P2                 0.238      0.098      2.434      0.015
    V2                -0.083      0.054     -1.539      0.124

 P2         ON
    P1                 0.238      0.098      2.434      0.015
    V1                -0.083      0.054     -1.539      0.124

 V4         ON
    V3                 0.159      0.076      2.091      0.037
    P3                -0.080      0.090     -0.881      0.378

 V3         ON
    V2                 0.159      0.076      2.091      0.037
    P2                -0.080      0.090     -0.881      0.378

 V2         ON
    V1                 0.159      0.076      2.091      0.037
    P1                -0.080      0.090     -0.881      0.378

 S_BFAS_O WITH
    I_BFAS_OI          0.289      0.634      0.456      0.649
    S_HRZ_COL          0.004      0.089      0.043      0.965
    I_HRZ_COL          1.483      1.632      0.909      0.364

 I_BFAS_O WITH
    S_HRZ_COL         -1.393      1.731     -0.804      0.421
    I_HRZ_COL         23.200     10.842      2.140      0.032

 S_HRZ_CO WITH
    I_HRZ_COL         -1.669      0.803     -2.078      0.038

 P1       WITH
    V1                 2.383     10.309      0.231      0.817

 P2       WITH
    V2                 7.793      5.587      1.395      0.163

 P3       WITH
    V3                 7.793      5.587      1.395      0.163

 P4       WITH
    V4                 7.793      5.587      1.395      0.163

 Means
    P1                 0.000      0.000    999.000    999.000
    V1                 0.000      0.000    999.000    999.000
    I_BFAS_OI         75.260      0.519    145.069      0.000
    S_BFAS_OI         -0.069      0.046     -1.503      0.133
    I_HRZ_COL         71.736      0.541    132.678      0.000
    S_HRZ_COL          0.278      0.046      6.069      0.000

 Intercepts
    ABFAS_OI           0.000      0.000    999.000    999.000
    BBFAS_OI           0.000      0.000    999.000    999.000
    CBFAS_OI           0.000      0.000    999.000    999.000
    DBFAS_OI           0.000      0.000    999.000    999.000
    AHRZ_COL           0.000      0.000    999.000    999.000
    BHRZ_COL           0.000      0.000    999.000    999.000
    CHRZ_COL           0.000      0.000    999.000    999.000
    DHRZ_COL           0.000      0.000    999.000    999.000
    P2                 0.000      0.000    999.000    999.000
    P3                 0.000      0.000    999.000    999.000
    P4                 0.000      0.000    999.000    999.000
    V2                 0.000      0.000    999.000    999.000
    V3                 0.000      0.000    999.000    999.000
    V4                 0.000      0.000    999.000    999.000

 Variances
    P1                81.301     13.423      6.057      0.000
    V1               116.422     26.080      4.464      0.000
    I_BFAS_OI        183.844     13.822     13.301      0.000
    S_BFAS_OI          0.129      0.115      1.123      0.261
    I_HRZ_COL        186.825     15.426     12.111      0.000
    S_HRZ_COL          0.074      0.118      0.630      0.529

 Residual Variances
    ABFAS_OI           0.000      0.000    999.000    999.000
    BBFAS_OI           0.000      0.000    999.000    999.000
    CBFAS_OI           0.000      0.000    999.000    999.000
    DBFAS_OI           0.000      0.000    999.000    999.000
    AHRZ_COL           0.000      0.000    999.000    999.000
    BHRZ_COL           0.000      0.000    999.000    999.000
    CHRZ_COL           0.000      0.000    999.000    999.000
    DHRZ_COL           0.000      0.000    999.000    999.000
    P2                62.923      7.988      7.877      0.000
    P3                62.923      7.988      7.877      0.000
    P4                62.923      7.988      7.877      0.000
    V2               116.065     10.090     11.504      0.000
    V3               116.065     10.090     11.504      0.000
    V4               116.065     10.090     11.504      0.000

Group D3

 P1       BY
    ABFAS_OI           1.000      0.000    999.000    999.000

 P2       BY
    BBFAS_OI           1.000      0.000    999.000    999.000

 P3       BY
    CBFAS_OI           1.000      0.000    999.000    999.000

 P4       BY
    DBFAS_OI           1.000      0.000    999.000    999.000

 V1       BY
    AHRZ_COL           1.000      0.000    999.000    999.000

 V2       BY
    BHRZ_COL           1.000      0.000    999.000    999.000

 V3       BY
    CHRZ_COL           1.000      0.000    999.000    999.000

 V4       BY
    DHRZ_COL           1.000      0.000    999.000    999.000

 P4         ON
    P3                 0.240      0.098      2.460      0.014
    V3                -0.035      0.060     -0.584      0.559

 P3         ON
    P2                 0.240      0.098      2.460      0.014
    V2                -0.035      0.060     -0.584      0.559

 P2         ON
    P1                 0.240      0.098      2.460      0.014
    V1                -0.035      0.060     -0.584      0.559

 V4         ON
    V3                 0.016      0.088      0.184      0.854
    P3                -0.165      0.075     -2.193      0.028

 V3         ON
    V2                 0.016      0.088      0.184      0.854
    P2                -0.165      0.075     -2.193      0.028

 V2         ON
    V1                 0.016      0.088      0.184      0.854
    P1                -0.165      0.075     -2.193      0.028

 S_BFAS_O WITH
    I_BFAS_OI          0.289      0.634      0.456      0.649
    S_HRZ_COL          0.004      0.089      0.043      0.965
    I_HRZ_COL          1.483      1.632      0.909      0.364

 I_BFAS_O WITH
    S_HRZ_COL         -1.393      1.731     -0.804      0.421
    I_HRZ_COL         23.200     10.842      2.140      0.032

 S_HRZ_CO WITH
    I_HRZ_COL         -1.669      0.803     -2.078      0.038

 P1       WITH
    V1                13.005      6.902      1.884      0.060

 P2       WITH
    V2                 2.213      4.704      0.471      0.638

 P3       WITH
    V3                 2.213      4.704      0.471      0.638

 P4       WITH
    V4                 2.213      4.704      0.471      0.638

 Means
    P1                 0.000      0.000    999.000    999.000
    V1                 0.000      0.000    999.000    999.000
    I_BFAS_OI         75.260      0.519    145.069      0.000
    S_BFAS_OI         -0.069      0.046     -1.503      0.133
    I_HRZ_COL         71.736      0.541    132.678      0.000
    S_HRZ_COL          0.278      0.046      6.069      0.000

 Intercepts
    ABFAS_OI           0.000      0.000    999.000    999.000
    BBFAS_OI           0.000      0.000    999.000    999.000
    CBFAS_OI           0.000      0.000    999.000    999.000
    DBFAS_OI           0.000      0.000    999.000    999.000
    AHRZ_COL           0.000      0.000    999.000    999.000
    BHRZ_COL           0.000      0.000    999.000    999.000
    CHRZ_COL           0.000      0.000    999.000    999.000
    DHRZ_COL           0.000      0.000    999.000    999.000
    P2                 0.000      0.000    999.000    999.000
    P3                 0.000      0.000    999.000    999.000
    P4                 0.000      0.000    999.000    999.000
    V2                 0.000      0.000    999.000    999.000
    V3                 0.000      0.000    999.000    999.000
    V4                 0.000      0.000    999.000    999.000

 Variances
    P1                35.912      9.943      3.612      0.000
    V1                95.395     19.172      4.976      0.000
    I_BFAS_OI        183.844     13.822     13.301      0.000
    S_BFAS_OI          0.129      0.115      1.123      0.261
    I_HRZ_COL        186.825     15.426     12.111      0.000
    S_HRZ_COL          0.074      0.118      0.630      0.529

 Residual Variances
    ABFAS_OI           0.000      0.000    999.000    999.000
    BBFAS_OI           0.000      0.000    999.000    999.000
    CBFAS_OI           0.000      0.000    999.000    999.000
    DBFAS_OI           0.000      0.000    999.000    999.000
    AHRZ_COL           0.000      0.000    999.000    999.000
    BHRZ_COL           0.000      0.000    999.000    999.000
    CHRZ_COL           0.000      0.000    999.000    999.000
    DHRZ_COL           0.000      0.000    999.000    999.000
    P2                53.676      6.896      7.783      0.000
    P3                53.676      6.896      7.783      0.000
    P4                53.676      6.896      7.783      0.000
    V2                72.853      8.041      9.061      0.000
    V3                72.853      8.041      9.061      0.000
    V4                72.853      8.041      9.061      0.000

Group D4

 P1       BY
    ABFAS_OI           1.000      0.000    999.000    999.000

 P2       BY
    BBFAS_OI           1.000      0.000    999.000    999.000

 P3       BY
    CBFAS_OI           1.000      0.000    999.000    999.000

 P4       BY
    DBFAS_OI           1.000      0.000    999.000    999.000

 V1       BY
    AHRZ_COL           1.000      0.000    999.000    999.000

 V2       BY
    BHRZ_COL           1.000      0.000    999.000    999.000

 V3       BY
    CHRZ_COL           1.000      0.000    999.000    999.000

 V4       BY
    DHRZ_COL           1.000      0.000    999.000    999.000

 P4         ON
    P3                 0.169      0.121      1.388      0.165
    V3                -0.022      0.072     -0.300      0.764

 P3         ON
    P2                 0.169      0.121      1.388      0.165
    V2                -0.022      0.072     -0.300      0.764

 P2         ON
    P1                 0.169      0.121      1.388      0.165
    V1                -0.022      0.072     -0.300      0.764

 V4         ON
    V3                 0.051      0.123      0.416      0.677
    P3                 0.026      0.106      0.243      0.808

 V3         ON
    V2                 0.051      0.123      0.416      0.677
    P2                 0.026      0.106      0.243      0.808

 V2         ON
    V1                 0.051      0.123      0.416      0.677
    P1                 0.026      0.106      0.243      0.808

 S_BFAS_O WITH
    I_BFAS_OI          0.289      0.634      0.456      0.649
    S_HRZ_COL          0.004      0.089      0.043      0.965
    I_HRZ_COL          1.483      1.632      0.909      0.364

 I_BFAS_O WITH
    S_HRZ_COL         -1.393      1.731     -0.804      0.421
    I_HRZ_COL         23.200     10.842      2.140      0.032

 S_HRZ_CO WITH
    I_HRZ_COL         -1.669      0.803     -2.078      0.038

 P1       WITH
    V1                25.127      8.309      3.024      0.002

 P2       WITH
    V2                 8.987      4.395      2.045      0.041

 P3       WITH
    V3                 8.987      4.395      2.045      0.041

 P4       WITH
    V4                 8.987      4.395      2.045      0.041

 Means
    P1                 0.000      0.000    999.000    999.000
    V1                 0.000      0.000    999.000    999.000
    I_BFAS_OI         75.260      0.519    145.069      0.000
    S_BFAS_OI         -0.069      0.046     -1.503      0.133
    I_HRZ_COL         71.736      0.541    132.678      0.000
    S_HRZ_COL          0.278      0.046      6.069      0.000

 Intercepts
    ABFAS_OI           0.000      0.000    999.000    999.000
    BBFAS_OI           0.000      0.000    999.000    999.000
    CBFAS_OI           0.000      0.000    999.000    999.000
    DBFAS_OI           0.000      0.000    999.000    999.000
    AHRZ_COL           0.000      0.000    999.000    999.000
    BHRZ_COL           0.000      0.000    999.000    999.000
    CHRZ_COL           0.000      0.000    999.000    999.000
    DHRZ_COL           0.000      0.000    999.000    999.000
    P2                 0.000      0.000    999.000    999.000
    P3                 0.000      0.000    999.000    999.000
    P4                 0.000      0.000    999.000    999.000
    V2                 0.000      0.000    999.000    999.000
    V3                 0.000      0.000    999.000    999.000
    V4                 0.000      0.000    999.000    999.000

 Variances
    P1                57.757      9.015      6.407      0.000
    V1                84.063     12.752      6.592      0.000
    I_BFAS_OI        183.844     13.822     13.301      0.000
    S_BFAS_OI          0.129      0.115      1.123      0.261
    I_HRZ_COL        186.825     15.426     12.111      0.000
    S_HRZ_COL          0.074      0.118      0.630      0.529

 Residual Variances
    ABFAS_OI           0.000      0.000    999.000    999.000
    BBFAS_OI           0.000      0.000    999.000    999.000
    CBFAS_OI           0.000      0.000    999.000    999.000
    DBFAS_OI           0.000      0.000    999.000    999.000
    AHRZ_COL           0.000      0.000    999.000    999.000
    BHRZ_COL           0.000      0.000    999.000    999.000
    CHRZ_COL           0.000      0.000    999.000    999.000
    DHRZ_COL           0.000      0.000    999.000    999.000
    P2                41.271      5.667      7.282      0.000
    P3                41.271      5.667      7.282      0.000
    P4                41.271      5.667      7.282      0.000
    V2                64.811      7.431      8.721      0.000
    V3                64.811      7.431      8.721      0.000
    V4                64.811      7.431      8.721      0.000

Group D5

 P1       BY
    ABFAS_OI           1.000      0.000    999.000    999.000

 P2       BY
    BBFAS_OI           1.000      0.000    999.000    999.000

 P3       BY
    CBFAS_OI           1.000      0.000    999.000    999.000

 P4       BY
    DBFAS_OI           1.000      0.000    999.000    999.000

 V1       BY
    AHRZ_COL           1.000      0.000    999.000    999.000

 V2       BY
    BHRZ_COL           1.000      0.000    999.000    999.000

 V3       BY
    CHRZ_COL           1.000      0.000    999.000    999.000

 V4       BY
    DHRZ_COL           1.000      0.000    999.000    999.000

 P4         ON
    P3                -0.082      0.095     -0.867      0.386
    V3                -0.017      0.078     -0.217      0.828

 P3         ON
    P2                -0.082      0.095     -0.867      0.386
    V2                -0.017      0.078     -0.217      0.828

 P2         ON
    P1                -0.082      0.095     -0.867      0.386
    V1                -0.017      0.078     -0.217      0.828

 V4         ON
    V3                 0.271      0.145      1.864      0.062
    P3                -0.102      0.129     -0.788      0.431

 V3         ON
    V2                 0.271      0.145      1.864      0.062
    P2                -0.102      0.129     -0.788      0.431

 V2         ON
    V1                 0.271      0.145      1.864      0.062
    P1                -0.102      0.129     -0.788      0.431

 S_BFAS_O WITH
    I_BFAS_OI          0.289      0.634      0.456      0.649
    S_HRZ_COL          0.004      0.089      0.043      0.965
    I_HRZ_COL          1.483      1.632      0.909      0.364

 I_BFAS_O WITH
    S_HRZ_COL         -1.393      1.731     -0.804      0.421
    I_HRZ_COL         23.200     10.842      2.140      0.032

 S_HRZ_CO WITH
    I_HRZ_COL         -1.669      0.803     -2.078      0.038

 P1       WITH
    V1                14.345     11.097      1.293      0.196

 P2       WITH
    V2                 7.513      6.394      1.175      0.240

 P3       WITH
    V3                 7.513      6.394      1.175      0.240

 P4       WITH
    V4                 7.513      6.394      1.175      0.240

 Means
    P1                 0.000      0.000    999.000    999.000
    V1                 0.000      0.000    999.000    999.000
    I_BFAS_OI         75.260      0.519    145.069      0.000
    S_BFAS_OI         -0.069      0.046     -1.503      0.133
    I_HRZ_COL         71.736      0.541    132.678      0.000
    S_HRZ_COL          0.278      0.046      6.069      0.000

 Intercepts
    ABFAS_OI           0.000      0.000    999.000    999.000
    BBFAS_OI           0.000      0.000    999.000    999.000
    CBFAS_OI           0.000      0.000    999.000    999.000
    DBFAS_OI           0.000      0.000    999.000    999.000
    AHRZ_COL           0.000      0.000    999.000    999.000
    BHRZ_COL           0.000      0.000    999.000    999.000
    CHRZ_COL           0.000      0.000    999.000    999.000
    DHRZ_COL           0.000      0.000    999.000    999.000
    P2                 0.000      0.000    999.000    999.000
    P3                 0.000      0.000    999.000    999.000
    P4                 0.000      0.000    999.000    999.000
    V2                 0.000      0.000    999.000    999.000
    V3                 0.000      0.000    999.000    999.000
    V4                 0.000      0.000    999.000    999.000

 Variances
    P1                48.700     12.609      3.862      0.000
    V1                75.396     18.249      4.132      0.000
    I_BFAS_OI        183.844     13.822     13.301      0.000
    S_BFAS_OI          0.129      0.115      1.123      0.261
    I_HRZ_COL        186.825     15.426     12.111      0.000
    S_HRZ_COL          0.074      0.118      0.630      0.529

 Residual Variances
    ABFAS_OI           0.000      0.000    999.000    999.000
    BBFAS_OI           0.000      0.000    999.000    999.000
    CBFAS_OI           0.000      0.000    999.000    999.000
    DBFAS_OI           0.000      0.000    999.000    999.000
    AHRZ_COL           0.000      0.000    999.000    999.000
    BHRZ_COL           0.000      0.000    999.000    999.000
    CHRZ_COL           0.000      0.000    999.000    999.000
    DHRZ_COL           0.000      0.000    999.000    999.000
    P2                39.457      7.097      5.559      0.000
    P3                39.457      7.097      5.559      0.000
    P4                39.457      7.097      5.559      0.000
    V2                72.077      9.927      7.260      0.000
    V3                72.077      9.927      7.260      0.000
    V4                72.077      9.927      7.260      0.000


QUALITY OF NUMERICAL RESULTS

     Condition Number for the Information Matrix              0.276E-05
       (ratio of smallest to largest eigenvalue)


     Beginning Time:  17:56:46
        Ending Time:  17:57:05
       Elapsed Time:  00:00:19



MUTHEN & MUTHEN
3463 Stoner Ave.
Los Angeles, CA  90066

Tel: (310) 391-9971
Fax: (310) 391-8971
Web: www.StatModel.com
Support: Support@StatModel.com

Copyright (c) 1998-2017 Muthen & Muthen
