Mplus VERSION 8 (Linux)
MUTHEN & MUTHEN
07/08/2018   5:24 PM

INPUT INSTRUCTIONS


  title: PxVx Bivariate LCM-SR - 40splitgroup - Linear bfas_ci with Linear vrt_col;
  data: file = /home/jflournoy/code_new/lnt_pxvx/Data/lnt_nat_recalc.tsv;

  variable:
  names =
  subjid
  aage
  aaspfin
  aaspfin_d
  abfa_mt
  abfa_mt_d
  abfas_ac
  abfas_ap
  abfas_ci
  abfas_co
  abfas_ea
  abfas_ee
  abfas_nv
  abfas_nv9
  abfas_nw
  abfas_oi
  abfas_oo
  abfi_a
  abfi_a6
  abfi_c
  abfi_d_scale
  abfi_e
  abfi_hp8
  abfi_n
  abfi_o
  abfi_s_scale
  ahrz_col
  ahrz_col_d
  ahrz_ind
  ahrz_ind_d
  amvi
  ausi
  ausi_d
  avrt_col
  avrt_col_d
  avrt_ind
  avrt_ind_d
  bage
  baspfin
  baspfin_d
  bbfa_mt
  bbfa_mt_d
  bbfas_ac
  bbfas_ap
  bbfas_ci
  bbfas_co
  bbfas_ea
  bbfas_ee
  bbfas_nv
  bbfas_nv9
  bbfas_nw
  bbfas_oi
  bbfas_oo
  bbfi_a
  bbfi_a6
  bbfi_c
  bbfi_d_scale
  bbfi_e
  bbfi_hp8
  bbfi_n
  bbfi_o
  bbfi_s_scale
  bhrz_col
  bhrz_col_d
  bhrz_ind
  bhrz_ind_d
  bmvi
  busi
  busi_d
  bvrt_col
  bvrt_col_d
  bvrt_ind
  bvrt_ind_d
  cage
  caspfin
  caspfin_d
  cbfa_mt
  cbfa_mt_d
  cbfas_ac
  cbfas_ap
  cbfas_ci
  cbfas_co
  cbfas_ea
  cbfas_ee
  cbfas_nv
  cbfas_nv9
  cbfas_nw
  cbfas_oi
  cbfas_oo
  cbfi_a
  cbfi_a6
  cbfi_c
  cbfi_d_scale
  cbfi_e
  cbfi_hp8
  cbfi_n
  cbfi_o
  cbfi_s_scale
  chrz_col
  chrz_col_d
  chrz_ind
  chrz_ind_d
  cmvi
  cusi
  cusi_d
  cvrt_col
  cvrt_col_d
  cvrt_ind
  cvrt_ind_d
  dage
  daspfin
  daspfin_d
  dbfa_mt
  dbfa_mt_d
  dbfas_ac
  dbfas_ap
  dbfas_ci
  dbfas_co
  dbfas_ea
  dbfas_ee
  dbfas_nv
  dbfas_nv9
  dbfas_nw
  dbfas_oi
  dbfas_oo
  dbfi_a
  dbfi_a6
  dbfi_c
  dbfi_d_scale
  dbfi_e
  dbfi_hp8
  dbfi_n
  dbfi_o
  dbfi_s_scale
  dhrz_col
  dhrz_col_d
  dhrz_ind
  dhrz_ind_d
  dmvi
  dusi
  dusi_d
  dvrt_col
  dvrt_col_d
  dvrt_ind
  dvrt_ind_d;

  USEVARIABLES =
  abfas_ci
  bbfas_ci
  cbfas_ci
  dbfas_ci
  avrt_col
  bvrt_col
  cvrt_col
  dvrt_col
  a1
  a2
  a3
  a4
  aagegrp
  ;

  missing = all (-9999);

  tscores = a1 a2 a3 a4;

  grouping = aagegrp (0=earlier, 1=later);

  DEFINE:

  aagegrp = aage;

  cut aagegrp (39);

  a1 = aage + 0 - 36;
  a2 = aage + 1 - 36;
  a3 = aage + 2 - 36;
  a4 = aage + 3 - 36;

  ANALYSIS:
  TYPE=RANDOM;
  PROCESSORS = 6;
  model=nocovariances; ! supresses default estimation of certain covs in model;

  MODEL:

  i_bfas_ci s_bfas_ci | abfas_ci bbfas_ci cbfas_ci dbfas_ci AT a1 a2 a3 a4;
  i_vrt_col s_vrt_col | avrt_col bvrt_col cvrt_col dvrt_col AT a1 a2 a3 a4;

  ! freeing factor covs because of "nocovariances"
  ! But ensure they are constrained across groups
  s_bfas_ci WITH i_bfas_ci (p)
  s_vrt_col (q)
  i_vrt_col (r);
  i_bfas_ci WITH s_vrt_col (s)
  i_vrt_col (t);
  s_vrt_col WITH i_vrt_col (u);

  !constrain latent growth means across groups
  [i_bfas_ci] (v);
  [s_bfas_ci] (w);
  [i_vrt_col] (x);
  [s_vrt_col] (y);

  !constrain latent growth variances across groups
  i_bfas_ci (l);
  s_bfas_ci (m);
  i_vrt_col (n);
  s_vrt_col (o);

  p1 BY abfas_ci@1; ! Residual "factors";
  p2 BY bbfas_ci@1;
  p3 BY cbfas_ci@1;
  p4 BY dbfas_ci@1;

  v1 BY avrt_col@1; ! Residual "factors";
  v2 BY bvrt_col@1;
  v3 BY cvrt_col@1;
  v4 BY dvrt_col@1;

  !residual variances on observed/manifest vars set to 0
  abfas_ci@0;
  bbfas_ci@0;
  cbfas_ci@0;
  dbfas_ci@0;

  !residual variances on observed/manifest vars set to 0
  avrt_col@0;
  bvrt_col@0;
  cvrt_col@0;
  dvrt_col@0;

  ! means of observed/manifest vars set to 0
  [abfas_ci@0];
  [bbfas_ci@0];
  [cbfas_ci@0];
  [dbfas_ci@0];

  ! means of observed/manifest vars set to 0
  [avrt_col@0];
  [bvrt_col@0];
  [cvrt_col@0];
  [dvrt_col@0];

  [p1@0]; ! means of residual "factors" set to 0
  [p2@0];
  [p3@0];
  [p4@0];

  [v1@0]; ! means of residual "factors" set to 0
  [v2@0];
  [v3@0];
  [v4@0];

  p4 on p3 (a); ! Autoregressive paths constrained to equality
  p3 on p2 (a);
  p2 on p1 (a);

  v4 on v3 (b); ! Autoregressive paths constrained to equality
  v3 on v2 (b);
  v2 on v1 (b);

  p4 on v3 (c); ! Cross-lagged paths constrained to equality
  p3 on v2 (c);
  p2 on v1 (c);

  v4 on p3 (d); ! Cross-lagged paths constrained to equality
  v3 on p2 (d);
  v2 on p1 (d);

  p1 with v1; !(this one is not like the others)

  p2 with v2 (e); ! Within-wave correlations constrained to equality
  p3 with v3 (e);
  p4 with v4 (e);

  p2 p3 p4 (f); ! estimate variances of residual "factors"
  v2 v3 v4 (g); ! estimate variances of residual "factors"

  MODEL earlier:

  p4 on p3 (a23); ! Autoregressive paths constrained to equality
  p3 on p2 (a23);
  p2 on p1 (a23);

  v4 on v3 (b23); ! Autoregressive paths constrained to equality
  v3 on v2 (b23);
  v2 on v1 (b23);

  p4 on v3 (c23); ! Cross-lagged paths constrained to equality
  p3 on v2 (c23);
  p2 on v1 (c23);

  v4 on p3 (d23); ! Cross-lagged paths constrained to equality
  v3 on p2 (d23);
  v2 on p1 (d23);

  p1 with v1; !(this one is not like the others)

  p2 with v2 (e23); ! Within-wave correlations constrained to equality
  p3 with v3 (e23);
  p4 with v4 (e23);

  p2 p3 p4 (f23); ! estimate variances of residual "factors"
  v2 v3 v4 (g23); ! estimate variances of residual "factors"

  MODEL later:

  p4 on p3 (a45); ! Autoregressive paths constrained to equality
  p3 on p2 (a45);
  p2 on p1 (a45);

  v4 on v3 (b45); ! Autoregressive paths constrained to equality
  v3 on v2 (b45);
  v2 on v1 (b45);

  p4 on v3 (c45); ! Cross-lagged paths constrained to equality
  p3 on v2 (c45);
  p2 on v1 (c45);

  v4 on p3 (d45); ! Cross-lagged paths constrained to equality
  v3 on p2 (d45);
  v2 on p1 (d45);

  p1 with v1; !(this one is not like the others)

  p2 with v2 (e45); ! Within-wave correlations constrained to equality
  p3 with v3 (e45);
  p4 with v4 (e45);

  p2 p3 p4 (f45); ! estimate variances of residual "factors"
  v2 v3 v4 (g45); ! estimate variances of residual "factors"

  OUTPUT: SAMPSTAT PATTERNS;



*** WARNING
  Data set contains unknown or missing values for GROUPING,
  PATTERN, COHORT, CLUSTER and/or STRATIFICATION variables.
  Number of cases with unknown or missing values:  5
   1 WARNING(S) FOUND IN THE INPUT INSTRUCTIONS



PxVx Bivariate LCM-SR - 40splitgroup - Linear bfas_ci with Linear vrt_col;

SUMMARY OF ANALYSIS

Number of groups                                                 2
Number of observations
   Group EARLIER                                               534
   Group LATER                                                 330
   Total sample size                                           864

Number of dependent variables                                    8
Number of independent variables                                  0
Number of continuous latent variables                           12

Observed dependent variables

  Continuous
   ABFAS_CI    BBFAS_CI    CBFAS_CI    DBFAS_CI    AVRT_COL    BVRT_COL
   CVRT_COL    DVRT_COL

Continuous latent variables
   P1          P2          P3          P4          V1          V2
   V3          V4          I_BFAS_C    S_BFAS_C    I_VRT_CO    S_VRT_CO

Variables with special functions

  Grouping variable     AAGEGRP

  Time scores
   A1          A2          A3          A4


Estimator                                                      MLR
Information matrix                                        OBSERVED
Maximum number of iterations                                   100
Convergence criterion                                    0.100D-05
Maximum number of EM iterations                                500
Convergence criteria for the EM algorithm
  Loglikelihood change                                   0.100D-02
  Relative loglikelihood change                          0.100D-05
  Derivative                                             0.100D-03
Minimum variance                                         0.100D-03
Maximum number of steepest descent iterations                   20
Maximum number of iterations for H1                           2000
Convergence criterion for H1                             0.100D-03
Optimization algorithm                                         EMA

Input data file(s)
  /home/jflournoy/code_new/lnt_pxvx/Data/lnt_nat_recalc.tsv
Input data format  FREE


SUMMARY OF DATA

   Group EARLIER
     Number of missing data patterns            16

   Group LATER
     Number of missing data patterns            15


SUMMARY OF MISSING DATA PATTERNS


     MISSING DATA PATTERNS (x = not missing) FOR EARLIER

           1  2  3  4  5  6  7  8  9 10 11 12 13 14 15 16
 ABFAS_CI  x  x  x  x  x  x  x  x  x  x  x     x  x  x  x
 BBFAS_CI  x     x     x  x  x        x  x  x  x  x
 CBFAS_CI  x        x  x     x     x  x     x  x  x  x
 DBFAS_CI  x     x  x  x        x           x  x     x  x
 AVRT_COL  x  x  x  x  x  x  x  x  x  x  x  x  x  x  x  x
 BVRT_COL  x     x     x  x  x        x     x     x  x
 CVRT_COL  x        x        x     x        x  x  x  x
 DVRT_COL  x     x  x  x        x           x  x  x  x


     MISSING DATA PATTERN FREQUENCIES FOR EARLIER

    Pattern   Frequency     Pattern   Frequency     Pattern   Frequency
          1         325           7          20          13           2
          2         101           8          14          14           1
          3          14           9          12          15           1
          4          12          10           1          16           1
          5           1          11           2
          6          26          12           1


     MISSING DATA PATTERNS (x = not missing) FOR LATER

           1  2  3  4  5  6  7  8  9 10 11 12 13 14 15
 ABFAS_CI  x  x  x  x  x  x  x  x  x  x     x  x  x  x
 BBFAS_CI  x     x     x  x  x        x  x  x     x
 CBFAS_CI  x        x  x     x     x     x  x        x
 DBFAS_CI  x     x  x  x        x        x  x     x
 AVRT_COL  x  x  x  x  x  x  x  x  x  x  x  x     x  x
 BVRT_COL  x     x     x  x  x           x
 CVRT_COL  x        x        x     x     x  x
 DVRT_COL  x     x  x  x        x        x  x     x


     MISSING DATA PATTERN FREQUENCIES FOR LATER

    Pattern   Frequency     Pattern   Frequency     Pattern   Frequency
          1         164           6          22          11           1
          2          68           7          26          12           1
          3          12           8          10          13           1
          4           9           9          11          14           1
          5           1          10           2          15           1


COVARIANCE COVERAGE OF DATA

Minimum covariance coverage value   0.100


     PROPORTION OF DATA PRESENT FOR EARLIER


           Covariance Coverage
              ABFAS_CI      BBFAS_CI      CBFAS_CI      DBFAS_CI      AVRT_COL
              ________      ________      ________      ________      ________
 ABFAS_CI       0.998
 BBFAS_CI       0.734         0.736
 CBFAS_CI       0.702         0.657         0.704
 DBFAS_CI       0.693         0.642         0.640         0.695
 AVRT_COL       0.998         0.736         0.704         0.695         1.000
 BVRT_COL       0.728         0.728         0.655         0.640         0.730
 CVRT_COL       0.699         0.654         0.700         0.639         0.700
 DVRT_COL       0.693         0.644         0.642         0.693         0.695


           Covariance Coverage
              BVRT_COL      CVRT_COL      DVRT_COL
              ________      ________      ________
 BVRT_COL       0.730
 CVRT_COL       0.652         0.700
 DVRT_COL       0.642         0.640         0.695


     PROPORTION OF DATA PRESENT FOR LATER


           Covariance Coverage
              ABFAS_CI      BBFAS_CI      CBFAS_CI      DBFAS_CI      AVRT_COL
              ________      ________      ________      ________      ________
 ABFAS_CI       0.997
 BBFAS_CI       0.697         0.700
 CBFAS_CI       0.655         0.594         0.658
 DBFAS_CI       0.600         0.542         0.536         0.603
 AVRT_COL       0.997         0.700         0.658         0.603         1.000
 BVRT_COL       0.694         0.694         0.594         0.542         0.697
 CVRT_COL       0.645         0.585         0.648         0.533         0.648
 DVRT_COL       0.603         0.545         0.539         0.603         0.606


           Covariance Coverage
              BVRT_COL      CVRT_COL      DVRT_COL
              ________      ________      ________
 BVRT_COL       0.697
 CVRT_COL       0.585         0.648
 DVRT_COL       0.545         0.536         0.606


SAMPLE STATISTICS


     ESTIMATED SAMPLE STATISTICS FOR EARLIER


           Means
              ABFAS_CI      BBFAS_CI      CBFAS_CI      DBFAS_CI      AVRT_COL
              ________      ________      ________      ________      ________
               62.223        61.935        61.668        62.166        70.365


           Means
              BVRT_COL      CVRT_COL      DVRT_COL
              ________      ________      ________
               68.177        67.276        67.219


           Covariances
              ABFAS_CI      BBFAS_CI      CBFAS_CI      DBFAS_CI      AVRT_COL
              ________      ________      ________      ________      ________
 ABFAS_CI     356.588
 BBFAS_CI     281.140       344.050
 CBFAS_CI     251.755       267.445       320.799
 DBFAS_CI     253.445       263.986       257.185       328.280
 AVRT_COL      76.999        75.584        78.792        69.849       335.722
 BVRT_COL      77.077        71.615        76.406        58.469       245.798
 CVRT_COL      61.701        67.565        74.466        64.266       230.855
 DVRT_COL      80.510        78.100        80.941        72.938       244.443


           Covariances
              BVRT_COL      CVRT_COL      DVRT_COL
              ________      ________      ________
 BVRT_COL     365.759
 CVRT_COL     265.290       400.101
 DVRT_COL     260.983       284.561       385.768


           Correlations
              ABFAS_CI      BBFAS_CI      CBFAS_CI      DBFAS_CI      AVRT_COL
              ________      ________      ________      ________      ________
 ABFAS_CI       1.000
 BBFAS_CI       0.803         1.000
 CBFAS_CI       0.744         0.805         1.000
 DBFAS_CI       0.741         0.786         0.793         1.000
 AVRT_COL       0.223         0.222         0.240         0.210         1.000
 BVRT_COL       0.213         0.202         0.223         0.169         0.701
 CVRT_COL       0.163         0.182         0.208         0.177         0.630
 DVRT_COL       0.217         0.214         0.230         0.205         0.679


           Correlations
              BVRT_COL      CVRT_COL      DVRT_COL
              ________      ________      ________
 BVRT_COL       1.000
 CVRT_COL       0.693         1.000
 DVRT_COL       0.695         0.724         1.000


     ESTIMATED SAMPLE STATISTICS FOR LATER


           Means
              ABFAS_CI      BBFAS_CI      CBFAS_CI      DBFAS_CI      AVRT_COL
              ________      ________      ________      ________      ________
               64.769        64.766        65.395        64.646        73.440


           Means
              BVRT_COL      CVRT_COL      DVRT_COL
              ________      ________      ________
               73.630        70.652        71.366


           Covariances
              ABFAS_CI      BBFAS_CI      CBFAS_CI      DBFAS_CI      AVRT_COL
              ________      ________      ________      ________      ________
 ABFAS_CI     313.732
 BBFAS_CI     240.296       287.790
 CBFAS_CI     245.527       245.661       322.565
 DBFAS_CI     221.985       239.666       261.392       310.340
 AVRT_COL      74.867        59.452        60.386        82.808       310.895
 BVRT_COL      56.143        70.026        65.556        72.853       224.786
 CVRT_COL      78.490        82.553        85.592        96.532       214.819
 DVRT_COL      62.569        71.147        79.952        94.333       224.518


           Covariances
              BVRT_COL      CVRT_COL      DVRT_COL
              ________      ________      ________
 BVRT_COL     316.418
 CVRT_COL     240.754       316.927
 DVRT_COL     253.706       254.000       318.113


           Correlations
              ABFAS_CI      BBFAS_CI      CBFAS_CI      DBFAS_CI      AVRT_COL
              ________      ________      ________      ________      ________
 ABFAS_CI       1.000
 BBFAS_CI       0.800         1.000
 CBFAS_CI       0.772         0.806         1.000
 DBFAS_CI       0.711         0.802         0.826         1.000
 AVRT_COL       0.240         0.199         0.191         0.267         1.000
 BVRT_COL       0.178         0.232         0.205         0.232         0.717
 CVRT_COL       0.249         0.273         0.268         0.308         0.684
 DVRT_COL       0.198         0.235         0.250         0.300         0.714


           Correlations
              BVRT_COL      CVRT_COL      DVRT_COL
              ________      ________      ________
 BVRT_COL       1.000
 CVRT_COL       0.760         1.000
 DVRT_COL       0.800         0.800         1.000


     MAXIMUM LOG-LIKELIHOOD VALUE FOR THE UNRESTRICTED (H1) MODEL IS -21059.760


UNIVARIATE SAMPLE STATISTICS


     UNIVARIATE HIGHER-ORDER MOMENT DESCRIPTIVE STATISTICS FOR EARLIER

         Variable/         Mean/     Skewness/   Minimum/ % with                Percentiles
        Sample Size      Variance    Kurtosis    Maximum  Min/Max      20%/60%    40%/80%    Median

     ABFAS_CI             62.199      -0.305       7.500    0.19%      45.000     57.500     62.500
             533.000     356.731      -0.307     100.000    0.94%      70.000     80.000
     BBFAS_CI             62.183      -0.145       2.500    0.25%      47.500     57.500     62.500
             393.000     326.378      -0.450     100.000    0.51%      67.500     77.500
     CBFAS_CI             61.683      -0.158      17.500    1.06%      47.500     57.500     60.000
             376.000     310.205      -0.376     100.000    0.53%      67.500     77.500
     DBFAS_CI             62.666      -0.084       7.500    0.27%      47.500     57.500     62.500
             371.000     317.388      -0.416     100.000    0.54%      67.500     77.500
     AVRT_COL             70.365      -0.613       6.250    0.19%      56.250     68.750     75.000
             534.000     335.722       0.263     100.000    5.24%      75.000     87.500
     BVRT_COL             67.756      -0.433      12.500    0.51%      50.000     62.500     68.750
             390.000     365.043      -0.312     100.000    4.87%      75.000     87.500
     CVRT_COL             66.845      -0.604       6.250    0.80%      50.000     62.500     68.750
             374.000     400.574      -0.001     100.000    4.01%      75.000     81.250
     DVRT_COL             67.015      -0.571       0.000    0.27%      50.000     62.500     68.750
             371.000     393.616      -0.074     100.000    4.04%      75.000     81.250


     UNIVARIATE HIGHER-ORDER MOMENT DESCRIPTIVE STATISTICS FOR LATER

         Variable/         Mean/     Skewness/   Minimum/ % with                Percentiles
        Sample Size      Variance    Kurtosis    Maximum  Min/Max      20%/60%    40%/80%    Median

     ABFAS_CI             64.754      -0.329      15.000    0.30%      50.000     60.000     65.000
             329.000     314.333      -0.238     100.000    1.22%      70.000     80.000
     BBFAS_CI             65.368      -0.188      15.000    0.43%      50.000     62.500     65.833
             230.000     287.359      -0.387     100.000    1.30%      67.500     80.000
     CBFAS_CI             66.168      -0.400      10.000    0.47%      52.500     62.500     67.500
             214.000     322.934       0.068     100.000    1.40%      70.000     80.000
     DBFAS_CI             65.521      -0.277      10.000    0.50%      50.000     60.000     65.000
             199.000     315.540      -0.225      97.500    2.01%      70.000     82.500
     AVRT_COL             73.455      -0.579      12.500    0.30%      56.250     68.750     75.000
             329.000     310.878      -0.032     100.000    7.29%      81.250     87.500
     BVRT_COL             73.590      -0.551       6.250    0.44%      56.250     68.750     75.000
             226.000     307.380       0.038     100.000    6.64%      81.250     87.500
     CVRT_COL             70.755      -0.497       6.250    0.47%      56.250     68.750     75.000
             212.000     318.431       0.139     100.000    6.13%      75.000     87.500
     DVRT_COL             71.357      -0.585       6.250    0.50%      56.250     68.750     75.000
             199.000     313.360       0.341     100.000    6.03%      75.000     87.500


THE MODEL ESTIMATION TERMINATED NORMALLY



MODEL FIT INFORMATION

Number of Free Parameters                       34

Loglikelihood

          H0 Value                      -21104.088
          H0 Scaling Correction Factor      1.2374
            for MLR

Information Criteria

          Akaike (AIC)                   42276.177
          Bayesian (BIC)                 42438.070
          Sample-Size Adjusted BIC       42330.095
            (n* = (n + 2) / 24)



MODEL RESULTS

                                                    Two-Tailed
                    Estimate       S.E.  Est./S.E.    P-Value

Group EARLIER

 P1       BY
    ABFAS_CI           1.000      0.000    999.000    999.000

 P2       BY
    BBFAS_CI           1.000      0.000    999.000    999.000

 P3       BY
    CBFAS_CI           1.000      0.000    999.000    999.000

 P4       BY
    DBFAS_CI           1.000      0.000    999.000    999.000

 V1       BY
    AVRT_COL           1.000      0.000    999.000    999.000

 V2       BY
    BVRT_COL           1.000      0.000    999.000    999.000

 V3       BY
    CVRT_COL           1.000      0.000    999.000    999.000

 V4       BY
    DVRT_COL           1.000      0.000    999.000    999.000

 P4         ON
    P3                 0.157      0.060      2.636      0.008
    V3                 0.036      0.038      0.959      0.337

 P3         ON
    P2                 0.157      0.060      2.636      0.008
    V2                 0.036      0.038      0.959      0.337

 P2         ON
    P1                 0.157      0.060      2.636      0.008
    V1                 0.036      0.038      0.959      0.337

 V4         ON
    V3                 0.209      0.074      2.823      0.005
    P3                 0.069      0.073      0.944      0.345

 V3         ON
    V2                 0.209      0.074      2.823      0.005
    P2                 0.069      0.073      0.944      0.345

 V2         ON
    V1                 0.209      0.074      2.823      0.005
    P1                 0.069      0.073      0.944      0.345

 S_BFAS_C WITH
    I_BFAS_CI         -0.696      0.822     -0.848      0.397
    S_VRT_COL          0.123      0.115      1.074      0.283
    I_VRT_COL          0.395      2.196      0.180      0.857

 I_BFAS_C WITH
    S_VRT_COL         -0.792      2.258     -0.351      0.726
    I_VRT_COL         52.348     14.436      3.626      0.000

 S_VRT_CO WITH
    I_VRT_COL         -0.164      0.742     -0.221      0.825

 P1       WITH
    V1                 4.578      9.813      0.467      0.641

 P2       WITH
    V2                 4.572      5.152      0.887      0.375

 P3       WITH
    V3                 4.572      5.152      0.887      0.375

 P4       WITH
    V4                 4.572      5.152      0.887      0.375

 Means
    P1                 0.000      0.000    999.000    999.000
    V1                 0.000      0.000    999.000    999.000
    I_BFAS_CI         62.974      0.588    107.175      0.000
    S_BFAS_CI          0.178      0.053      3.366      0.001
    I_VRT_COL         70.200      0.581    120.890      0.000
    S_VRT_COL          0.144      0.054      2.691      0.007

 Intercepts
    ABFAS_CI           0.000      0.000    999.000    999.000
    BBFAS_CI           0.000      0.000    999.000    999.000
    CBFAS_CI           0.000      0.000    999.000    999.000
    DBFAS_CI           0.000      0.000    999.000    999.000
    AVRT_COL           0.000      0.000    999.000    999.000
    BVRT_COL           0.000      0.000    999.000    999.000
    CVRT_COL           0.000      0.000    999.000    999.000
    DVRT_COL           0.000      0.000    999.000    999.000
    P2                 0.000      0.000    999.000    999.000
    P3                 0.000      0.000    999.000    999.000
    P4                 0.000      0.000    999.000    999.000
    V2                 0.000      0.000    999.000    999.000
    V3                 0.000      0.000    999.000    999.000
    V4                 0.000      0.000    999.000    999.000

 Variances
    P1                98.610     14.959      6.592      0.000
    V1               116.723     12.874      9.066      0.000
    I_BFAS_CI        228.995     17.041     13.438      0.000
    S_BFAS_CI          0.162      0.134      1.205      0.228
    I_VRT_COL        207.198     20.014     10.353      0.000
    S_VRT_COL          0.204      0.143      1.432      0.152

 Residual Variances
    ABFAS_CI           0.000      0.000    999.000    999.000
    BBFAS_CI           0.000      0.000    999.000    999.000
    CBFAS_CI           0.000      0.000    999.000    999.000
    DBFAS_CI           0.000      0.000    999.000    999.000
    AVRT_COL           0.000      0.000    999.000    999.000
    BVRT_COL           0.000      0.000    999.000    999.000
    CVRT_COL           0.000      0.000    999.000    999.000
    DVRT_COL           0.000      0.000    999.000    999.000
    P2                74.725      6.229     11.996      0.000
    P3                74.725      6.229     11.996      0.000
    P4                74.725      6.229     11.996      0.000
    V2               137.070     11.441     11.981      0.000
    V3               137.070     11.441     11.981      0.000
    V4               137.070     11.441     11.981      0.000

Group LATER

 P1       BY
    ABFAS_CI           1.000      0.000    999.000    999.000

 P2       BY
    BBFAS_CI           1.000      0.000    999.000    999.000

 P3       BY
    CBFAS_CI           1.000      0.000    999.000    999.000

 P4       BY
    DBFAS_CI           1.000      0.000    999.000    999.000

 V1       BY
    AVRT_COL           1.000      0.000    999.000    999.000

 V2       BY
    BVRT_COL           1.000      0.000    999.000    999.000

 V3       BY
    CVRT_COL           1.000      0.000    999.000    999.000

 V4       BY
    DVRT_COL           1.000      0.000    999.000    999.000

 P4         ON
    P3                 0.156      0.083      1.874      0.061
    V3                -0.001      0.049     -0.013      0.989

 P3         ON
    P2                 0.156      0.083      1.874      0.061
    V2                -0.001      0.049     -0.013      0.989

 P2         ON
    P1                 0.156      0.083      1.874      0.061
    V1                -0.001      0.049     -0.013      0.989

 V4         ON
    V3                 0.044      0.066      0.662      0.508
    P3                 0.036      0.064      0.564      0.573

 V3         ON
    V2                 0.044      0.066      0.662      0.508
    P2                 0.036      0.064      0.564      0.573

 V2         ON
    V1                 0.044      0.066      0.662      0.508
    P1                 0.036      0.064      0.564      0.573

 S_BFAS_C WITH
    I_BFAS_CI         -0.696      0.822     -0.848      0.397
    S_VRT_COL          0.123      0.115      1.074      0.283
    I_VRT_COL          0.395      2.196      0.180      0.857

 I_BFAS_C WITH
    S_VRT_COL         -0.792      2.258     -0.351      0.726
    I_VRT_COL         52.348     14.436      3.626      0.000

 S_VRT_CO WITH
    I_VRT_COL         -0.164      0.742     -0.221      0.825

 P1       WITH
    V1                19.922      9.321      2.137      0.033

 P2       WITH
    V2                 6.063      4.774      1.270      0.204

 P3       WITH
    V3                 6.063      4.774      1.270      0.204

 P4       WITH
    V4                 6.063      4.774      1.270      0.204

 Means
    P1                 0.000      0.000    999.000    999.000
    V1                 0.000      0.000    999.000    999.000
    I_BFAS_CI         62.974      0.588    107.175      0.000
    S_BFAS_CI          0.178      0.053      3.366      0.001
    I_VRT_COL         70.200      0.581    120.890      0.000
    S_VRT_COL          0.144      0.054      2.691      0.007

 Intercepts
    ABFAS_CI           0.000      0.000    999.000    999.000
    BBFAS_CI           0.000      0.000    999.000    999.000
    CBFAS_CI           0.000      0.000    999.000    999.000
    DBFAS_CI           0.000      0.000    999.000    999.000
    AVRT_COL           0.000      0.000    999.000    999.000
    BVRT_COL           0.000      0.000    999.000    999.000
    CVRT_COL           0.000      0.000    999.000    999.000
    DVRT_COL           0.000      0.000    999.000    999.000
    P2                 0.000      0.000    999.000    999.000
    P3                 0.000      0.000    999.000    999.000
    P4                 0.000      0.000    999.000    999.000
    V2                 0.000      0.000    999.000    999.000
    V3                 0.000      0.000    999.000    999.000
    V4                 0.000      0.000    999.000    999.000

 Variances
    P1                91.293     14.131      6.461      0.000
    V1               111.919     13.227      8.462      0.000
    I_BFAS_CI        228.995     17.041     13.438      0.000
    S_BFAS_CI          0.162      0.134      1.205      0.228
    I_VRT_COL        207.198     20.014     10.353      0.000
    S_VRT_COL          0.204      0.143      1.432      0.152

 Residual Variances
    ABFAS_CI           0.000      0.000    999.000    999.000
    BBFAS_CI           0.000      0.000    999.000    999.000
    CBFAS_CI           0.000      0.000    999.000    999.000
    DBFAS_CI           0.000      0.000    999.000    999.000
    AVRT_COL           0.000      0.000    999.000    999.000
    BVRT_COL           0.000      0.000    999.000    999.000
    CVRT_COL           0.000      0.000    999.000    999.000
    DVRT_COL           0.000      0.000    999.000    999.000
    P2                63.711      6.888      9.250      0.000
    P3                63.711      6.888      9.250      0.000
    P4                63.711      6.888      9.250      0.000
    V2                74.293      7.364     10.089      0.000
    V3                74.293      7.364     10.089      0.000
    V4                74.293      7.364     10.089      0.000


QUALITY OF NUMERICAL RESULTS

     Condition Number for the Information Matrix              0.183E-04
       (ratio of smallest to largest eigenvalue)


     Beginning Time:  17:24:03
        Ending Time:  17:24:13
       Elapsed Time:  00:00:10



MUTHEN & MUTHEN
3463 Stoner Ave.
Los Angeles, CA  90066

Tel: (310) 391-9971
Fax: (310) 391-8971
Web: www.StatModel.com
Support: Support@StatModel.com

Copyright (c) 1998-2017 Muthen & Muthen
