Mplus VERSION 8 (Linux)
MUTHEN & MUTHEN
07/07/2018   4:07 PM

INPUT INSTRUCTIONS


  title: PxVx Bivariate LCM-SR - post mi - Linear bfi_c with Linear bfa_mt_d;
  data: file = /home/jflournoy/code_new/lnt_pxvx/Data/lnt_nat_recalc.tsv;

  variable:
  names =
  subjid
  aage
  aaspfin
  aaspfin_d
  abfa_mt
  abfa_mt_d
  abfas_ac
  abfas_ap
  abfas_ci
  abfas_co
  abfas_ea
  abfas_ee
  abfas_nv
  abfas_nv9
  abfas_nw
  abfas_oi
  abfas_oo
  abfi_a
  abfi_a6
  abfi_c
  abfi_d_scale
  abfi_e
  abfi_hp8
  abfi_n
  abfi_o
  abfi_s_scale
  ahrz_col
  ahrz_col_d
  ahrz_ind
  ahrz_ind_d
  amvi
  ausi
  ausi_d
  avrt_col
  avrt_col_d
  avrt_ind
  avrt_ind_d
  bage
  baspfin
  baspfin_d
  bbfa_mt
  bbfa_mt_d
  bbfas_ac
  bbfas_ap
  bbfas_ci
  bbfas_co
  bbfas_ea
  bbfas_ee
  bbfas_nv
  bbfas_nv9
  bbfas_nw
  bbfas_oi
  bbfas_oo
  bbfi_a
  bbfi_a6
  bbfi_c
  bbfi_d_scale
  bbfi_e
  bbfi_hp8
  bbfi_n
  bbfi_o
  bbfi_s_scale
  bhrz_col
  bhrz_col_d
  bhrz_ind
  bhrz_ind_d
  bmvi
  busi
  busi_d
  bvrt_col
  bvrt_col_d
  bvrt_ind
  bvrt_ind_d
  cage
  caspfin
  caspfin_d
  cbfa_mt
  cbfa_mt_d
  cbfas_ac
  cbfas_ap
  cbfas_ci
  cbfas_co
  cbfas_ea
  cbfas_ee
  cbfas_nv
  cbfas_nv9
  cbfas_nw
  cbfas_oi
  cbfas_oo
  cbfi_a
  cbfi_a6
  cbfi_c
  cbfi_d_scale
  cbfi_e
  cbfi_hp8
  cbfi_n
  cbfi_o
  cbfi_s_scale
  chrz_col
  chrz_col_d
  chrz_ind
  chrz_ind_d
  cmvi
  cusi
  cusi_d
  cvrt_col
  cvrt_col_d
  cvrt_ind
  cvrt_ind_d
  dage
  daspfin
  daspfin_d
  dbfa_mt
  dbfa_mt_d
  dbfas_ac
  dbfas_ap
  dbfas_ci
  dbfas_co
  dbfas_ea
  dbfas_ee
  dbfas_nv
  dbfas_nv9
  dbfas_nw
  dbfas_oi
  dbfas_oo
  dbfi_a
  dbfi_a6
  dbfi_c
  dbfi_d_scale
  dbfi_e
  dbfi_hp8
  dbfi_n
  dbfi_o
  dbfi_s_scale
  dhrz_col
  dhrz_col_d
  dhrz_ind
  dhrz_ind_d
  dmvi
  dusi
  dusi_d
  dvrt_col
  dvrt_col_d
  dvrt_ind
  dvrt_ind_d;

  USEVARIABLES =
  abfi_c
  bbfi_c
  cbfi_c
  dbfi_c
  abfa_mt_d
  bbfa_mt_d
  cbfa_mt_d
  dbfa_mt_d
  a1
  a2
  a3
  a4
  ;

  missing = all (-9999);

  tscores = a1 a2 a3 a4;

  DEFINE:
  a1 = aage + 0 - 36;
  a2 = aage + 1 - 36;
  a3 = aage + 2 - 36;
  a4 = aage + 3 - 36;

  ANALYSIS:
  TYPE=RANDOM;
  PROCESSORS = 6;
  model=nocovariances; ! supresses default estimation of certain covs in model;

  MODEL:

  i_bfi_c s_bfi_c | abfi_c bbfi_c cbfi_c dbfi_c AT a1 a2 a3 a4;
  i_bfa_mt_d s_bfa_mt_d | abfa_mt_d bbfa_mt_d cbfa_mt_d dbfa_mt_d AT a1 a2 a3 a4;

  ! freeing factor covs because of "nocovariances"
  s_bfi_c WITH i_bfi_c s_bfa_mt_d i_bfa_mt_d;
  i_bfi_c WITH s_bfa_mt_d i_bfa_mt_d;
  s_bfa_mt_d WITH i_bfa_mt_d;

  p1 BY abfi_c@1; ! Residual "factors";
  p2 BY bbfi_c@1;
  p3 BY cbfi_c@1;
  p4 BY dbfi_c@1;

  v1 BY abfa_mt_d@1; ! Residual "factors";
  v2 BY bbfa_mt_d@1;
  v3 BY cbfa_mt_d@1;
  v4 BY dbfa_mt_d@1;

  !residual variances on observed/manifest vars set to 0
  abfi_c@0;
  bbfi_c@0;
  cbfi_c@0;
  dbfi_c@0;

  !residual variances on observed/manifest vars set to 0
  abfa_mt_d@0;
  bbfa_mt_d@0;
  cbfa_mt_d@0;
  dbfa_mt_d@0;

  ! means of observed/manifest vars set to 0
  [abfi_c@0];
  [bbfi_c@0];
  [cbfi_c@0];
  [dbfi_c@0];

  ! means of observed/manifest vars set to 0
  [abfa_mt_d@0];
  [bbfa_mt_d@0];
  [cbfa_mt_d@0];
  [dbfa_mt_d@0];

  [p1@0]; ! means of residual "factors" set to 0
  [p2@0];
  [p3@0];
  [p4@0];

  [v1@0]; ! means of residual "factors" set to 0
  [v2@0];
  [v3@0];
  [v4@0];

  p4 on p3 (a); ! Autoregressive paths constrained to equality
  p3 on p2 (a);
  p2 on p1 (a);

  v4 on v3 (b); ! Autoregressive paths constrained to equality
  v3 on v2 (b);
  v2 on v1 (b);

  p4 on v3 (c); ! Cross-lagged paths constrained to equality
  p3 on v2 (c);
  p2 on v1 (c);

  v4 on p3 (d); ! Cross-lagged paths constrained to equality
  v3 on p2 (d);
  v2 on p1 (d);

  p1 with v1; !(this one is not like the others)

  p2 with v2 (e); ! Within-wave correlations constrained to equality
  p3 with v3 (e);
  p4 with v4 (e);

  p2 p3 p4 (f); ! estimate variances of residual "factors"
  v2 v3 v4 (g); ! estimate variances of residual "factors"

  OUTPUT: SAMPSTAT PATTERNS;



*** WARNING in VARIABLE command
  Note that only the first 8 characters of variable names are used in the output.
  Shorten variable names to avoid any confusion.
*** WARNING
  Data set contains cases with missing on time scores but non-missing on the
  corresponding dependent variables.  These cases were not included in the analysis.
  Number of such cases:  5
   2 WARNING(S) FOUND IN THE INPUT INSTRUCTIONS



PxVx Bivariate LCM-SR - post mi - Linear bfi_c with Linear bfa_mt_d;

SUMMARY OF ANALYSIS

Number of groups                                                 1
Number of observations                                         864

Number of dependent variables                                    8
Number of independent variables                                  0
Number of continuous latent variables                           12

Observed dependent variables

  Continuous
   ABFI_C      BBFI_C      CBFI_C      DBFI_C      ABFA_MT_D   BBFA_MT_D
   CBFA_MT_D   DBFA_MT_D

Continuous latent variables
   P1          P2          P3          P4          V1          V2
   V3          V4          I_BFI_C     S_BFI_C     I_BFA_MT    S_BFA_MT

Variables with special functions

  Time scores
   A1          A2          A3          A4


Estimator                                                      MLR
Information matrix                                        OBSERVED
Maximum number of iterations                                   100
Convergence criterion                                    0.100D-05
Maximum number of EM iterations                                500
Convergence criteria for the EM algorithm
  Loglikelihood change                                   0.100D-02
  Relative loglikelihood change                          0.100D-05
  Derivative                                             0.100D-03
Minimum variance                                         0.100D-03
Maximum number of steepest descent iterations                   20
Maximum number of iterations for H1                           2000
Convergence criterion for H1                             0.100D-03
Optimization algorithm                                         EMA

Input data file(s)
  /home/jflournoy/code_new/lnt_pxvx/Data/lnt_nat_recalc.tsv
Input data format  FREE


SUMMARY OF DATA

     Number of missing data patterns            14


SUMMARY OF MISSING DATA PATTERNS


     MISSING DATA PATTERNS (x = not missing)

           1  2  3  4  5  6  7  8  9 10 11 12 13 14
 ABFI_C    x  x  x  x  x  x  x  x  x  x     x  x  x
 BBFI_C    x     x  x        x     x  x     x
 CBFI_C    x           x     x  x  x  x     x  x
 DBFI_C    x     x     x  x        x  x  x  x  x  x
 ABFA_MT_  x  x  x  x  x  x  x  x  x  x  x     x  x
 BBFA_MT_  x     x  x        x     x        x
 CBFA_MT_  x           x     x  x  x  x     x  x
 DBFA_MT_  x     x     x  x           x  x  x


     MISSING DATA PATTERN FREQUENCIES

    Pattern   Frequency     Pattern   Frequency     Pattern   Frequency
          1         492           6          24          11           1
          2         169           7          47          12           3
          3          27           8          22          13           2
          4          52           9           1          14           1
          5          21          10           2


COVARIANCE COVERAGE OF DATA

Minimum covariance coverage value   0.100


     PROPORTION OF DATA PRESENT


           Covariance Coverage
              ABFI_C        BBFI_C        CBFI_C        DBFI_C        ABFA_MT_
              ________      ________      ________      ________      ________
 ABFI_C         0.999
 BBFI_C         0.722         0.722
 CBFI_C         0.683         0.631         0.683
 DBFI_C         0.663         0.608         0.603         0.664
 ABFA_MT_       0.995         0.719         0.679         0.661         0.997
 BBFA_MT_       0.720         0.720         0.628         0.605         0.716
 CBFA_MT_       0.683         0.631         0.683         0.603         0.679
 DBFA_MT_       0.659         0.606         0.600         0.660         0.656


           Covariance Coverage
              BBFA_MT_      CBFA_MT_      DBFA_MT_
              ________      ________      ________
 BBFA_MT_       0.720
 CBFA_MT_       0.628         0.683
 DBFA_MT_       0.604         0.600         0.660


SAMPLE STATISTICS


     ESTIMATED SAMPLE STATISTICS


           Means
              ABFI_C        BBFI_C        CBFI_C        DBFI_C        ABFA_MT_
              ________      ________      ________      ________      ________
               68.544        68.575        68.657        68.794        39.237


           Means
              BBFA_MT_      CBFA_MT_      DBFA_MT_
              ________      ________      ________
               39.200        39.605        39.172


           Covariances
              ABFI_C        BBFI_C        CBFI_C        DBFI_C        ABFA_MT_
              ________      ________      ________      ________      ________
 ABFI_C       298.290
 BBFI_C       235.646       284.587
 CBFI_C       230.574       232.740       296.282
 DBFI_C       222.139       224.348       241.187       293.323
 ABFA_MT_     -25.993       -26.325       -21.930       -27.176       456.029
 BBFA_MT_     -14.682       -37.296       -30.914       -27.902       308.183
 CBFA_MT_     -15.011       -30.911       -24.525       -23.572       311.034
 DBFA_MT_     -14.342       -29.709       -30.082       -30.979       284.708


           Covariances
              BBFA_MT_      CBFA_MT_      DBFA_MT_
              ________      ________      ________
 BBFA_MT_     465.069
 CBFA_MT_     346.896       481.018
 DBFA_MT_     325.538       333.464       470.567


           Correlations
              ABFI_C        BBFI_C        CBFI_C        DBFI_C        ABFA_MT_
              ________      ________      ________      ________      ________
 ABFI_C         1.000
 BBFI_C         0.809         1.000
 CBFI_C         0.776         0.802         1.000
 DBFI_C         0.751         0.776         0.818         1.000
 ABFA_MT_      -0.070        -0.073        -0.060        -0.074         1.000
 BBFA_MT_      -0.039        -0.103        -0.083        -0.076         0.669
 CBFA_MT_      -0.040        -0.084        -0.065        -0.063         0.664
 DBFA_MT_      -0.038        -0.081        -0.081        -0.083         0.615


           Correlations
              BBFA_MT_      CBFA_MT_      DBFA_MT_
              ________      ________      ________
 BBFA_MT_       1.000
 CBFA_MT_       0.733         1.000
 DBFA_MT_       0.696         0.701         1.000


     MAXIMUM LOG-LIKELIHOOD VALUE FOR THE UNRESTRICTED (H1) MODEL IS -21451.335


UNIVARIATE SAMPLE STATISTICS


     UNIVARIATE HIGHER-ORDER MOMENT DESCRIPTIVE STATISTICS

         Variable/         Mean/     Skewness/   Minimum/ % with                Percentiles
        Sample Size      Variance    Kurtosis    Maximum  Min/Max      20%/60%    40%/80%    Median

     ABFI_C               68.536      -0.400      12.500    0.12%      55.556     63.889     69.444
             863.000     298.420      -0.267     100.000    1.74%      75.000     83.333
     BBFI_C               69.027      -0.282       8.333    0.16%      55.556     63.889     69.444
             624.000     276.730      -0.079     100.000    3.69%      75.000     83.333
     CBFI_C               68.845      -0.306       8.333    0.17%      55.556     66.667     69.444
             590.000     288.811      -0.234     100.000    2.37%      75.000     83.333
     DBFI_C               69.265      -0.363       8.333    0.17%      55.556     66.667     69.444
             574.000     288.594      -0.073     100.000    3.14%      75.000     83.333
     ABFA_MT_D            39.281       0.306       0.000    3.25%      18.750     31.250     37.500
             861.000     456.243      -0.389     100.000    0.70%      43.750     56.250
     BBFA_MT_D            39.379       0.255       0.000    4.18%      18.750     31.250     37.500
             622.000     465.631      -0.456     100.000    0.48%      43.750     56.250
     CBFA_MT_D            39.989       0.253       0.000    4.41%      18.750     31.250     37.500
             590.000     478.303      -0.365     100.000    0.85%      43.750     56.250
     DBFA_MT_D            39.748       0.276       0.000    5.09%      18.750     31.250     37.500
             570.000     471.990      -0.315     100.000    0.70%      43.750     56.250


THE MODEL ESTIMATION TERMINATED NORMALLY



MODEL FIT INFORMATION

Number of Free Parameters                       24

Loglikelihood

          H0 Value                      -21448.422
          H0 Scaling Correction Factor      1.2130
            for MLR

Information Criteria

          Akaike (AIC)                   42944.845
          Bayesian (BIC)                 43059.122
          Sample-Size Adjusted BIC       42982.905
            (n* = (n + 2) / 24)



MODEL RESULTS

                                                    Two-Tailed
                    Estimate       S.E.  Est./S.E.    P-Value

 P1       BY
    ABFI_C             1.000      0.000    999.000    999.000

 P2       BY
    BBFI_C             1.000      0.000    999.000    999.000

 P3       BY
    CBFI_C             1.000      0.000    999.000    999.000

 P4       BY
    DBFI_C             1.000      0.000    999.000    999.000

 V1       BY
    ABFA_MT_D          1.000      0.000    999.000    999.000

 V2       BY
    BBFA_MT_D          1.000      0.000    999.000    999.000

 V3       BY
    CBFA_MT_D          1.000      0.000    999.000    999.000

 V4       BY
    DBFA_MT_D          1.000      0.000    999.000    999.000

 P4         ON
    P3                 0.182      0.060      3.026      0.002
    V3                 0.007      0.027      0.260      0.795

 P3         ON
    P2                 0.182      0.060      3.026      0.002
    V2                 0.007      0.027      0.260      0.795

 P2         ON
    P1                 0.182      0.060      3.026      0.002
    V1                 0.007      0.027      0.260      0.795

 V4         ON
    V3                 0.073      0.055      1.344      0.179
    P3                -0.015      0.066     -0.221      0.825

 V3         ON
    V2                 0.073      0.055      1.344      0.179
    P2                -0.015      0.066     -0.221      0.825

 V2         ON
    V1                 0.073      0.055      1.344      0.179
    P1                -0.015      0.066     -0.221      0.825

 S_BFI_C  WITH
    I_BFI_C            0.225      0.659      0.342      0.732
    S_BFA_MT_D        -0.001      0.113     -0.009      0.993
    I_BFA_MT_D        -1.665      2.358     -0.706      0.480

 I_BFI_C  WITH
    S_BFA_MT_D        -0.644      2.549     -0.253      0.800
    I_BFA_MT_D       -14.140     15.260     -0.927      0.354

 S_BFA_MT WITH
    I_BFA_MT_D        -0.870      0.928     -0.938      0.348

 P1       WITH
    V1               -12.883      6.914     -1.863      0.062

 P2       WITH
    V2                -3.287      4.677     -0.703      0.482

 P3       WITH
    V3                -3.287      4.677     -0.703      0.482

 P4       WITH
    V4                -3.287      4.677     -0.703      0.482

 Means
    P1                 0.000      0.000    999.000    999.000
    V1                 0.000      0.000    999.000    999.000
    I_BFI_C           68.382      0.550    124.255      0.000
    S_BFI_C            0.214      0.048      4.457      0.000
    I_BFA_MT_D        39.597      0.662     59.790      0.000
    S_BFA_MT_D        -0.211      0.062     -3.419      0.001

 Intercepts
    ABFI_C             0.000      0.000    999.000    999.000
    BBFI_C             0.000      0.000    999.000    999.000
    CBFI_C             0.000      0.000    999.000    999.000
    DBFI_C             0.000      0.000    999.000    999.000
    ABFA_MT_D          0.000      0.000    999.000    999.000
    BBFA_MT_D          0.000      0.000    999.000    999.000
    CBFA_MT_D          0.000      0.000    999.000    999.000
    DBFA_MT_D          0.000      0.000    999.000    999.000
    P2                 0.000      0.000    999.000    999.000
    P3                 0.000      0.000    999.000    999.000
    P4                 0.000      0.000    999.000    999.000
    V2                 0.000      0.000    999.000    999.000
    V3                 0.000      0.000    999.000    999.000
    V4                 0.000      0.000    999.000    999.000

 Variances
    P1                74.946      6.742     11.117      0.000
    V1               176.433     12.930     13.645      0.000
    I_BFI_C          210.113     15.752     13.339      0.000
    S_BFI_C            0.070      0.117      0.600      0.548
    I_BFA_MT_D       290.358     23.958     12.120      0.000
    S_BFA_MT_D         0.139      0.162      0.857      0.391

 Residual Variances
    ABFI_C             0.000      0.000    999.000    999.000
    BBFI_C             0.000      0.000    999.000    999.000
    CBFI_C             0.000      0.000    999.000    999.000
    DBFI_C             0.000      0.000    999.000    999.000
    ABFA_MT_D          0.000      0.000    999.000    999.000
    BBFA_MT_D          0.000      0.000    999.000    999.000
    CBFA_MT_D          0.000      0.000    999.000    999.000
    DBFA_MT_D          0.000      0.000    999.000    999.000
    P2                64.778      4.325     14.977      0.000
    P3                64.778      4.325     14.977      0.000
    P4                64.778      4.325     14.977      0.000
    V2               147.650     10.570     13.969      0.000
    V3               147.650     10.570     13.969      0.000
    V4               147.650     10.570     13.969      0.000


QUALITY OF NUMERICAL RESULTS

     Condition Number for the Information Matrix              0.214E-04
       (ratio of smallest to largest eigenvalue)


     Beginning Time:  16:07:01
        Ending Time:  16:07:23
       Elapsed Time:  00:00:22



MUTHEN & MUTHEN
3463 Stoner Ave.
Los Angeles, CA  90066

Tel: (310) 391-9971
Fax: (310) 391-8971
Web: www.StatModel.com
Support: Support@StatModel.com

Copyright (c) 1998-2017 Muthen & Muthen
