Mplus VERSION 8 (Linux)
MUTHEN & MUTHEN
07/07/2018   4:17 PM

INPUT INSTRUCTIONS


  title: PxVx Bivariate LCM-SR - post mi - Linear bfi_n with Linear hrz_col;
  data: file = /home/jflournoy/code_new/lnt_pxvx/Data/lnt_nat_recalc.tsv;

  variable:
  names =
  subjid
  aage
  aaspfin
  aaspfin_d
  abfa_mt
  abfa_mt_d
  abfas_ac
  abfas_ap
  abfas_ci
  abfas_co
  abfas_ea
  abfas_ee
  abfas_nv
  abfas_nv9
  abfas_nw
  abfas_oi
  abfas_oo
  abfi_a
  abfi_a6
  abfi_c
  abfi_d_scale
  abfi_e
  abfi_hp8
  abfi_n
  abfi_o
  abfi_s_scale
  ahrz_col
  ahrz_col_d
  ahrz_ind
  ahrz_ind_d
  amvi
  ausi
  ausi_d
  avrt_col
  avrt_col_d
  avrt_ind
  avrt_ind_d
  bage
  baspfin
  baspfin_d
  bbfa_mt
  bbfa_mt_d
  bbfas_ac
  bbfas_ap
  bbfas_ci
  bbfas_co
  bbfas_ea
  bbfas_ee
  bbfas_nv
  bbfas_nv9
  bbfas_nw
  bbfas_oi
  bbfas_oo
  bbfi_a
  bbfi_a6
  bbfi_c
  bbfi_d_scale
  bbfi_e
  bbfi_hp8
  bbfi_n
  bbfi_o
  bbfi_s_scale
  bhrz_col
  bhrz_col_d
  bhrz_ind
  bhrz_ind_d
  bmvi
  busi
  busi_d
  bvrt_col
  bvrt_col_d
  bvrt_ind
  bvrt_ind_d
  cage
  caspfin
  caspfin_d
  cbfa_mt
  cbfa_mt_d
  cbfas_ac
  cbfas_ap
  cbfas_ci
  cbfas_co
  cbfas_ea
  cbfas_ee
  cbfas_nv
  cbfas_nv9
  cbfas_nw
  cbfas_oi
  cbfas_oo
  cbfi_a
  cbfi_a6
  cbfi_c
  cbfi_d_scale
  cbfi_e
  cbfi_hp8
  cbfi_n
  cbfi_o
  cbfi_s_scale
  chrz_col
  chrz_col_d
  chrz_ind
  chrz_ind_d
  cmvi
  cusi
  cusi_d
  cvrt_col
  cvrt_col_d
  cvrt_ind
  cvrt_ind_d
  dage
  daspfin
  daspfin_d
  dbfa_mt
  dbfa_mt_d
  dbfas_ac
  dbfas_ap
  dbfas_ci
  dbfas_co
  dbfas_ea
  dbfas_ee
  dbfas_nv
  dbfas_nv9
  dbfas_nw
  dbfas_oi
  dbfas_oo
  dbfi_a
  dbfi_a6
  dbfi_c
  dbfi_d_scale
  dbfi_e
  dbfi_hp8
  dbfi_n
  dbfi_o
  dbfi_s_scale
  dhrz_col
  dhrz_col_d
  dhrz_ind
  dhrz_ind_d
  dmvi
  dusi
  dusi_d
  dvrt_col
  dvrt_col_d
  dvrt_ind
  dvrt_ind_d;

  USEVARIABLES =
  abfi_n
  bbfi_n
  cbfi_n
  dbfi_n
  ahrz_col
  bhrz_col
  chrz_col
  dhrz_col
  a1
  a2
  a3
  a4
  ;

  missing = all (-9999);

  tscores = a1 a2 a3 a4;

  DEFINE:
  a1 = aage + 0 - 36;
  a2 = aage + 1 - 36;
  a3 = aage + 2 - 36;
  a4 = aage + 3 - 36;

  ANALYSIS:
  TYPE=RANDOM;
  PROCESSORS = 6;
  model=nocovariances; ! supresses default estimation of certain covs in model;

  MODEL:

  i_bfi_n s_bfi_n | abfi_n bbfi_n cbfi_n dbfi_n AT a1 a2 a3 a4;
  i_hrz_col s_hrz_col | ahrz_col bhrz_col chrz_col dhrz_col AT a1 a2 a3 a4;

  ! freeing factor covs because of "nocovariances"
  s_bfi_n WITH i_bfi_n s_hrz_col i_hrz_col;
  i_bfi_n WITH s_hrz_col i_hrz_col;
  s_hrz_col WITH i_hrz_col;

  p1 BY abfi_n@1; ! Residual "factors";
  p2 BY bbfi_n@1;
  p3 BY cbfi_n@1;
  p4 BY dbfi_n@1;

  v1 BY ahrz_col@1; ! Residual "factors";
  v2 BY bhrz_col@1;
  v3 BY chrz_col@1;
  v4 BY dhrz_col@1;

  !residual variances on observed/manifest vars set to 0
  abfi_n@0;
  bbfi_n@0;
  cbfi_n@0;
  dbfi_n@0;

  !residual variances on observed/manifest vars set to 0
  ahrz_col@0;
  bhrz_col@0;
  chrz_col@0;
  dhrz_col@0;

  ! means of observed/manifest vars set to 0
  [abfi_n@0];
  [bbfi_n@0];
  [cbfi_n@0];
  [dbfi_n@0];

  ! means of observed/manifest vars set to 0
  [ahrz_col@0];
  [bhrz_col@0];
  [chrz_col@0];
  [dhrz_col@0];

  [p1@0]; ! means of residual "factors" set to 0
  [p2@0];
  [p3@0];
  [p4@0];

  [v1@0]; ! means of residual "factors" set to 0
  [v2@0];
  [v3@0];
  [v4@0];

  p4 on p3 (a); ! Autoregressive paths constrained to equality
  p3 on p2 (a);
  p2 on p1 (a);

  v4 on v3 (b); ! Autoregressive paths constrained to equality
  v3 on v2 (b);
  v2 on v1 (b);

  p4 on v3 (c); ! Cross-lagged paths constrained to equality
  p3 on v2 (c);
  p2 on v1 (c);

  v4 on p3 (d); ! Cross-lagged paths constrained to equality
  v3 on p2 (d);
  v2 on p1 (d);

  p1 with v1; !(this one is not like the others)

  p2 with v2 (e); ! Within-wave correlations constrained to equality
  p3 with v3 (e);
  p4 with v4 (e);

  p2 p3 p4 (f); ! estimate variances of residual "factors"
  v2 v3 v4 (g); ! estimate variances of residual "factors"

  OUTPUT: SAMPSTAT PATTERNS;



*** WARNING
  Data set contains cases with missing on time scores but non-missing on the
  corresponding dependent variables.  These cases were not included in the analysis.
  Number of such cases:  5
   1 WARNING(S) FOUND IN THE INPUT INSTRUCTIONS



PxVx Bivariate LCM-SR - post mi - Linear bfi_n with Linear hrz_col;

SUMMARY OF ANALYSIS

Number of groups                                                 1
Number of observations                                         864

Number of dependent variables                                    8
Number of independent variables                                  0
Number of continuous latent variables                           12

Observed dependent variables

  Continuous
   ABFI_N      BBFI_N      CBFI_N      DBFI_N      AHRZ_COL    BHRZ_COL
   CHRZ_COL    DHRZ_COL

Continuous latent variables
   P1          P2          P3          P4          V1          V2
   V3          V4          I_BFI_N     S_BFI_N     I_HRZ_CO    S_HRZ_CO

Variables with special functions

  Time scores
   A1          A2          A3          A4


Estimator                                                      MLR
Information matrix                                        OBSERVED
Maximum number of iterations                                   100
Convergence criterion                                    0.100D-05
Maximum number of EM iterations                                500
Convergence criteria for the EM algorithm
  Loglikelihood change                                   0.100D-02
  Relative loglikelihood change                          0.100D-05
  Derivative                                             0.100D-03
Minimum variance                                         0.100D-03
Maximum number of steepest descent iterations                   20
Maximum number of iterations for H1                           2000
Convergence criterion for H1                             0.100D-03
Optimization algorithm                                         EMA

Input data file(s)
  /home/jflournoy/code_new/lnt_pxvx/Data/lnt_nat_recalc.tsv
Input data format  FREE


SUMMARY OF DATA

     Number of missing data patterns            20


SUMMARY OF MISSING DATA PATTERNS


     MISSING DATA PATTERNS (x = not missing)

           1  2  3  4  5  6  7  8  9 10 11 12 13 14 15 16 17 18 19 20
 ABFI_N    x  x  x  x  x  x  x  x  x  x  x  x  x     x  x  x  x  x  x
 BBFI_N    x     x  x     x     x     x  x  x  x        x     x
 CBFI_N    x           x  x     x  x     x  x  x           x  x  x
 DBFI_N    x     x     x  x  x           x     x  x     x        x  x
 AHRZ_COL  x  x  x  x  x  x  x  x  x  x  x  x  x  x     x  x  x  x  x
 BHRZ_COL  x     x  x     x     x        x  x                 x
 CHRZ_COL  x           x        x  x     x     x              x  x
 DHRZ_COL  x     x     x  x  x                 x  x     x     x


     MISSING DATA PATTERN FREQUENCIES

    Pattern   Frequency     Pattern   Frequency     Pattern   Frequency
          1         492           8          45          15           1
          2         168           9          21          16           1
          3          26          10           4          17           1
          4          48          11           1          18           1
          5          21          12           1          19           2
          6           2          13           3          20           2
          7          23          14           1


COVARIANCE COVERAGE OF DATA

Minimum covariance coverage value   0.100


     PROPORTION OF DATA PRESENT


           Covariance Coverage
              ABFI_N        BBFI_N        CBFI_N        DBFI_N        AHRZ_COL
              ________      ________      ________      ________      ________
 ABFI_N         0.999
 BBFI_N         0.722         0.722
 CBFI_N         0.683         0.631         0.683
 DBFI_N         0.663         0.608         0.603         0.664
 AHRZ_COL       0.998         0.722         0.683         0.664         0.999
 BHRZ_COL       0.713         0.713         0.627         0.603         0.713
 CHRZ_COL       0.678         0.627         0.678         0.601         0.678
 DHRZ_COL       0.659         0.608         0.601         0.659         0.660


           Covariance Coverage
              BHRZ_COL      CHRZ_COL      DHRZ_COL
              ________      ________      ________
 BHRZ_COL       0.713
 CHRZ_COL       0.624         0.678
 DHRZ_COL       0.603         0.598         0.660


SAMPLE STATISTICS


     ESTIMATED SAMPLE STATISTICS


           Means
              ABFI_N        BBFI_N        CBFI_N        DBFI_N        AHRZ_COL
              ________      ________      ________      ________      ________
               49.609        49.020        48.091        47.976        72.174


           Means
              BHRZ_COL      CHRZ_COL      DHRZ_COL
              ________      ________      ________
               71.498        72.295        71.787


           Covariances
              ABFI_N        BBFI_N        CBFI_N        DBFI_N        AHRZ_COL
              ________      ________      ________      ________      ________
 ABFI_N       458.729
 BBFI_N       362.283       454.584
 CBFI_N       356.424       377.360       451.073
 DBFI_N       369.575       388.082       405.176       495.965
 AHRZ_COL     -81.544       -81.694       -80.040       -73.064       290.958
 BHRZ_COL     -80.072       -87.813       -78.300       -79.230       207.192
 CHRZ_COL     -88.789       -85.286       -97.973       -93.670       197.966
 DHRZ_COL     -72.525       -74.981       -83.846       -92.025       197.243


           Covariances
              BHRZ_COL      CHRZ_COL      DHRZ_COL
              ________      ________      ________
 BHRZ_COL     288.002
 CHRZ_COL     214.091       297.604
 DHRZ_COL     204.929       214.611       288.674


           Correlations
              ABFI_N        BBFI_N        CBFI_N        DBFI_N        AHRZ_COL
              ________      ________      ________      ________      ________
 ABFI_N         1.000
 BBFI_N         0.793         1.000
 CBFI_N         0.784         0.833         1.000
 DBFI_N         0.775         0.817         0.857         1.000
 AHRZ_COL      -0.223        -0.225        -0.221        -0.192         1.000
 BHRZ_COL      -0.220        -0.243        -0.217        -0.210         0.716
 CHRZ_COL      -0.240        -0.232        -0.267        -0.244         0.673
 DHRZ_COL      -0.199        -0.207        -0.232        -0.243         0.681


           Correlations
              BHRZ_COL      CHRZ_COL      DHRZ_COL
              ________      ________      ________
 BHRZ_COL       1.000
 CHRZ_COL       0.731         1.000
 DHRZ_COL       0.711         0.732         1.000


     MAXIMUM LOG-LIKELIHOOD VALUE FOR THE UNRESTRICTED (H1) MODEL IS -21212.442


UNIVARIATE SAMPLE STATISTICS


     UNIVARIATE HIGHER-ORDER MOMENT DESCRIPTIVE STATISTICS

         Variable/         Mean/     Skewness/   Minimum/ % with                Percentiles
        Sample Size      Variance    Kurtosis    Maximum  Min/Max      20%/60%    40%/80%    Median

     ABFI_N               49.583       0.031       0.000    0.46%      28.125     43.750     50.000
             863.000     458.460      -0.595     100.000    0.35%      56.250     68.750
     BBFI_N               48.868      -0.055       0.000    0.48%      31.250     43.750     50.000
             624.000     461.225      -0.545     100.000    0.32%      56.250     68.750
     CBFI_N               47.733       0.034       0.000    1.02%      28.125     40.625     46.875
             590.000     458.678      -0.585     100.000    0.34%      53.125     65.625
     DBFI_N               47.461      -0.025       0.000    1.05%      25.000     40.625     46.875
             574.000     496.931      -0.643     100.000    0.35%      53.125     68.750
     AHRZ_COL             72.173      -0.669       6.250    0.12%      62.500     68.750     75.000
             863.000     290.975       0.612     100.000    6.49%      75.000     87.500
     BHRZ_COL             71.320      -0.620      12.500    0.32%      56.250     68.750     75.000
             616.000     286.968       0.425     100.000    5.03%      75.000     87.500
     CHRZ_COL             72.259      -0.675       6.250    0.17%      56.250     68.750     75.000
             586.000     298.787       0.559     100.000    6.31%      75.000     87.500
     DHRZ_COL             71.703      -0.681       6.250    0.35%      56.250     68.750     75.000
             570.000     292.844       0.623     100.000    5.09%      75.000     87.500


THE MODEL ESTIMATION TERMINATED NORMALLY



MODEL FIT INFORMATION

Number of Free Parameters                       24

Loglikelihood

          H0 Value                      -21205.096
          H0 Scaling Correction Factor      1.2678
            for MLR

Information Criteria

          Akaike (AIC)                   42458.192
          Bayesian (BIC)                 42572.470
          Sample-Size Adjusted BIC       42496.252
            (n* = (n + 2) / 24)



MODEL RESULTS

                                                    Two-Tailed
                    Estimate       S.E.  Est./S.E.    P-Value

 P1       BY
    ABFI_N             1.000      0.000    999.000    999.000

 P2       BY
    BBFI_N             1.000      0.000    999.000    999.000

 P3       BY
    CBFI_N             1.000      0.000    999.000    999.000

 P4       BY
    DBFI_N             1.000      0.000    999.000    999.000

 V1       BY
    AHRZ_COL           1.000      0.000    999.000    999.000

 V2       BY
    BHRZ_COL           1.000      0.000    999.000    999.000

 V3       BY
    CHRZ_COL           1.000      0.000    999.000    999.000

 V4       BY
    DHRZ_COL           1.000      0.000    999.000    999.000

 P4         ON
    P3                 0.121      0.048      2.520      0.012
    V3                -0.055      0.043     -1.284      0.199

 P3         ON
    P2                 0.121      0.048      2.520      0.012
    V2                -0.055      0.043     -1.284      0.199

 P2         ON
    P1                 0.121      0.048      2.520      0.012
    V1                -0.055      0.043     -1.284      0.199

 V4         ON
    V3                 0.115      0.053      2.179      0.029
    P3                -0.043      0.038     -1.131      0.258

 V3         ON
    V2                 0.115      0.053      2.179      0.029
    P2                -0.043      0.038     -1.131      0.258

 V2         ON
    V1                 0.115      0.053      2.179      0.029
    P1                -0.043      0.038     -1.131      0.258

 S_BFI_N  WITH
    I_BFI_N           -1.297      0.890     -1.458      0.145
    S_HRZ_COL         -0.037      0.119     -0.310      0.757
    I_HRZ_COL          1.541      2.242      0.687      0.492

 I_BFI_N  WITH
    S_HRZ_COL          0.407      2.325      0.175      0.861
    I_HRZ_COL        -66.680     15.528     -4.294      0.000

 S_HRZ_CO WITH
    I_HRZ_COL         -1.884      0.760     -2.479      0.013

 P1       WITH
    V1                -4.933      6.778     -0.728      0.467

 P2       WITH
    V2               -13.539      3.731     -3.629      0.000

 P3       WITH
    V3               -13.539      3.731     -3.629      0.000

 P4       WITH
    V4               -13.539      3.731     -3.629      0.000

 Means
    P1                 0.000      0.000    999.000    999.000
    V1                 0.000      0.000    999.000    999.000
    I_BFI_N           49.095      0.694     70.691      0.000
    S_BFI_N           -0.262      0.062     -4.232      0.000
    I_HRZ_COL         71.668      0.527    136.108      0.000
    S_HRZ_COL          0.277      0.045      6.102      0.000

 Intercepts
    ABFI_N             0.000      0.000    999.000    999.000
    BBFI_N             0.000      0.000    999.000    999.000
    CBFI_N             0.000      0.000    999.000    999.000
    DBFI_N             0.000      0.000    999.000    999.000
    AHRZ_COL           0.000      0.000    999.000    999.000
    BHRZ_COL           0.000      0.000    999.000    999.000
    CHRZ_COL           0.000      0.000    999.000    999.000
    DHRZ_COL           0.000      0.000    999.000    999.000
    P2                 0.000      0.000    999.000    999.000
    P3                 0.000      0.000    999.000    999.000
    P4                 0.000      0.000    999.000    999.000
    V2                 0.000      0.000    999.000    999.000
    V3                 0.000      0.000    999.000    999.000
    V4                 0.000      0.000    999.000    999.000

 Variances
    P1               120.229     11.290     10.649      0.000
    V1                97.608     11.075      8.813      0.000
    I_BFI_N          345.053     23.677     14.574      0.000
    S_BFI_N            0.164      0.166      0.987      0.323
    I_HRZ_COL        185.151     15.593     11.874      0.000
    S_HRZ_COL          0.075      0.111      0.672      0.502

 Residual Variances
    ABFI_N             0.000      0.000    999.000    999.000
    BBFI_N             0.000      0.000    999.000    999.000
    CBFI_N             0.000      0.000    999.000    999.000
    DBFI_N             0.000      0.000    999.000    999.000
    AHRZ_COL           0.000      0.000    999.000    999.000
    BHRZ_COL           0.000      0.000    999.000    999.000
    CHRZ_COL           0.000      0.000    999.000    999.000
    DHRZ_COL           0.000      0.000    999.000    999.000
    P2                85.156      5.769     14.760      0.000
    P3                85.156      5.769     14.760      0.000
    P4                85.156      5.769     14.760      0.000
    V2                88.194      5.183     17.017      0.000
    V3                88.194      5.183     17.017      0.000
    V4                88.194      5.183     17.017      0.000


QUALITY OF NUMERICAL RESULTS

     Condition Number for the Information Matrix              0.185E-04
       (ratio of smallest to largest eigenvalue)


     Beginning Time:  16:17:05
        Ending Time:  16:17:26
       Elapsed Time:  00:00:21



MUTHEN & MUTHEN
3463 Stoner Ave.
Los Angeles, CA  90066

Tel: (310) 391-9971
Fax: (310) 391-8971
Web: www.StatModel.com
Support: Support@StatModel.com

Copyright (c) 1998-2017 Muthen & Muthen
