Mplus VERSION 8 (Linux)
MUTHEN & MUTHEN
07/08/2018   5:31 PM

INPUT INSTRUCTIONS


  title: PxVx Bivariate LCM-SR - 40splitgroup - Linear bfas_ea with Linear usi_d;
  data: file = /home/jflournoy/code_new/lnt_pxvx/Data/lnt_nat_recalc.tsv;

  variable:
  names =
  subjid
  aage
  aaspfin
  aaspfin_d
  abfa_mt
  abfa_mt_d
  abfas_ac
  abfas_ap
  abfas_ci
  abfas_co
  abfas_ea
  abfas_ee
  abfas_nv
  abfas_nv9
  abfas_nw
  abfas_oi
  abfas_oo
  abfi_a
  abfi_a6
  abfi_c
  abfi_d_scale
  abfi_e
  abfi_hp8
  abfi_n
  abfi_o
  abfi_s_scale
  ahrz_col
  ahrz_col_d
  ahrz_ind
  ahrz_ind_d
  amvi
  ausi
  ausi_d
  avrt_col
  avrt_col_d
  avrt_ind
  avrt_ind_d
  bage
  baspfin
  baspfin_d
  bbfa_mt
  bbfa_mt_d
  bbfas_ac
  bbfas_ap
  bbfas_ci
  bbfas_co
  bbfas_ea
  bbfas_ee
  bbfas_nv
  bbfas_nv9
  bbfas_nw
  bbfas_oi
  bbfas_oo
  bbfi_a
  bbfi_a6
  bbfi_c
  bbfi_d_scale
  bbfi_e
  bbfi_hp8
  bbfi_n
  bbfi_o
  bbfi_s_scale
  bhrz_col
  bhrz_col_d
  bhrz_ind
  bhrz_ind_d
  bmvi
  busi
  busi_d
  bvrt_col
  bvrt_col_d
  bvrt_ind
  bvrt_ind_d
  cage
  caspfin
  caspfin_d
  cbfa_mt
  cbfa_mt_d
  cbfas_ac
  cbfas_ap
  cbfas_ci
  cbfas_co
  cbfas_ea
  cbfas_ee
  cbfas_nv
  cbfas_nv9
  cbfas_nw
  cbfas_oi
  cbfas_oo
  cbfi_a
  cbfi_a6
  cbfi_c
  cbfi_d_scale
  cbfi_e
  cbfi_hp8
  cbfi_n
  cbfi_o
  cbfi_s_scale
  chrz_col
  chrz_col_d
  chrz_ind
  chrz_ind_d
  cmvi
  cusi
  cusi_d
  cvrt_col
  cvrt_col_d
  cvrt_ind
  cvrt_ind_d
  dage
  daspfin
  daspfin_d
  dbfa_mt
  dbfa_mt_d
  dbfas_ac
  dbfas_ap
  dbfas_ci
  dbfas_co
  dbfas_ea
  dbfas_ee
  dbfas_nv
  dbfas_nv9
  dbfas_nw
  dbfas_oi
  dbfas_oo
  dbfi_a
  dbfi_a6
  dbfi_c
  dbfi_d_scale
  dbfi_e
  dbfi_hp8
  dbfi_n
  dbfi_o
  dbfi_s_scale
  dhrz_col
  dhrz_col_d
  dhrz_ind
  dhrz_ind_d
  dmvi
  dusi
  dusi_d
  dvrt_col
  dvrt_col_d
  dvrt_ind
  dvrt_ind_d;

  USEVARIABLES =
  abfas_ea
  bbfas_ea
  cbfas_ea
  dbfas_ea
  ausi_d
  busi_d
  cusi_d
  dusi_d
  a1
  a2
  a3
  a4
  aagegrp
  ;

  missing = all (-9999);

  tscores = a1 a2 a3 a4;

  grouping = aagegrp (0=earlier, 1=later);

  DEFINE:

  aagegrp = aage;

  cut aagegrp (39);

  a1 = aage + 0 - 36;
  a2 = aage + 1 - 36;
  a3 = aage + 2 - 36;
  a4 = aage + 3 - 36;

  ANALYSIS:
  TYPE=RANDOM;
  PROCESSORS = 6;
  model=nocovariances; ! supresses default estimation of certain covs in model;

  MODEL:

  i_bfas_ea s_bfas_ea | abfas_ea bbfas_ea cbfas_ea dbfas_ea AT a1 a2 a3 a4;
  i_usi_d s_usi_d | ausi_d busi_d cusi_d dusi_d AT a1 a2 a3 a4;

  ! freeing factor covs because of "nocovariances"
  ! But ensure they are constrained across groups
  s_bfas_ea WITH i_bfas_ea (p)
  s_usi_d (q)
  i_usi_d (r);
  i_bfas_ea WITH s_usi_d (s)
  i_usi_d (t);
  s_usi_d WITH i_usi_d (u);

  !constrain latent growth means across groups
  [i_bfas_ea] (v);
  [s_bfas_ea] (w);
  [i_usi_d] (x);
  [s_usi_d] (y);

  !constrain latent growth variances across groups
  i_bfas_ea (l);
  s_bfas_ea (m);
  i_usi_d (n);
  s_usi_d (o);

  p1 BY abfas_ea@1; ! Residual "factors";
  p2 BY bbfas_ea@1;
  p3 BY cbfas_ea@1;
  p4 BY dbfas_ea@1;

  v1 BY ausi_d@1; ! Residual "factors";
  v2 BY busi_d@1;
  v3 BY cusi_d@1;
  v4 BY dusi_d@1;

  !residual variances on observed/manifest vars set to 0
  abfas_ea@0;
  bbfas_ea@0;
  cbfas_ea@0;
  dbfas_ea@0;

  !residual variances on observed/manifest vars set to 0
  ausi_d@0;
  busi_d@0;
  cusi_d@0;
  dusi_d@0;

  ! means of observed/manifest vars set to 0
  [abfas_ea@0];
  [bbfas_ea@0];
  [cbfas_ea@0];
  [dbfas_ea@0];

  ! means of observed/manifest vars set to 0
  [ausi_d@0];
  [busi_d@0];
  [cusi_d@0];
  [dusi_d@0];

  [p1@0]; ! means of residual "factors" set to 0
  [p2@0];
  [p3@0];
  [p4@0];

  [v1@0]; ! means of residual "factors" set to 0
  [v2@0];
  [v3@0];
  [v4@0];

  p4 on p3 (a); ! Autoregressive paths constrained to equality
  p3 on p2 (a);
  p2 on p1 (a);

  v4 on v3 (b); ! Autoregressive paths constrained to equality
  v3 on v2 (b);
  v2 on v1 (b);

  p4 on v3 (c); ! Cross-lagged paths constrained to equality
  p3 on v2 (c);
  p2 on v1 (c);

  v4 on p3 (d); ! Cross-lagged paths constrained to equality
  v3 on p2 (d);
  v2 on p1 (d);

  p1 with v1; !(this one is not like the others)

  p2 with v2 (e); ! Within-wave correlations constrained to equality
  p3 with v3 (e);
  p4 with v4 (e);

  p2 p3 p4 (f); ! estimate variances of residual "factors"
  v2 v3 v4 (g); ! estimate variances of residual "factors"

  MODEL earlier:

  p4 on p3 (a23); ! Autoregressive paths constrained to equality
  p3 on p2 (a23);
  p2 on p1 (a23);

  v4 on v3 (b23); ! Autoregressive paths constrained to equality
  v3 on v2 (b23);
  v2 on v1 (b23);

  p4 on v3 (c23); ! Cross-lagged paths constrained to equality
  p3 on v2 (c23);
  p2 on v1 (c23);

  v4 on p3 (d23); ! Cross-lagged paths constrained to equality
  v3 on p2 (d23);
  v2 on p1 (d23);

  p1 with v1; !(this one is not like the others)

  p2 with v2 (e23); ! Within-wave correlations constrained to equality
  p3 with v3 (e23);
  p4 with v4 (e23);

  p2 p3 p4 (f23); ! estimate variances of residual "factors"
  v2 v3 v4 (g23); ! estimate variances of residual "factors"

  MODEL later:

  p4 on p3 (a45); ! Autoregressive paths constrained to equality
  p3 on p2 (a45);
  p2 on p1 (a45);

  v4 on v3 (b45); ! Autoregressive paths constrained to equality
  v3 on v2 (b45);
  v2 on v1 (b45);

  p4 on v3 (c45); ! Cross-lagged paths constrained to equality
  p3 on v2 (c45);
  p2 on v1 (c45);

  v4 on p3 (d45); ! Cross-lagged paths constrained to equality
  v3 on p2 (d45);
  v2 on p1 (d45);

  p1 with v1; !(this one is not like the others)

  p2 with v2 (e45); ! Within-wave correlations constrained to equality
  p3 with v3 (e45);
  p4 with v4 (e45);

  p2 p3 p4 (f45); ! estimate variances of residual "factors"
  v2 v3 v4 (g45); ! estimate variances of residual "factors"

  OUTPUT: SAMPSTAT PATTERNS;



*** WARNING
  Data set contains unknown or missing values for GROUPING,
  PATTERN, COHORT, CLUSTER and/or STRATIFICATION variables.
  Number of cases with unknown or missing values:  5
   1 WARNING(S) FOUND IN THE INPUT INSTRUCTIONS



PxVx Bivariate LCM-SR - 40splitgroup - Linear bfas_ea with Linear usi_d;

SUMMARY OF ANALYSIS

Number of groups                                                 2
Number of observations
   Group EARLIER                                               534
   Group LATER                                                 330
   Total sample size                                           864

Number of dependent variables                                    8
Number of independent variables                                  0
Number of continuous latent variables                           12

Observed dependent variables

  Continuous
   ABFAS_EA    BBFAS_EA    CBFAS_EA    DBFAS_EA    AUSI_D      BUSI_D
   CUSI_D      DUSI_D

Continuous latent variables
   P1          P2          P3          P4          V1          V2
   V3          V4          I_BFAS_E    S_BFAS_E    I_USI_D     S_USI_D

Variables with special functions

  Grouping variable     AAGEGRP

  Time scores
   A1          A2          A3          A4


Estimator                                                      MLR
Information matrix                                        OBSERVED
Maximum number of iterations                                   100
Convergence criterion                                    0.100D-05
Maximum number of EM iterations                                500
Convergence criteria for the EM algorithm
  Loglikelihood change                                   0.100D-02
  Relative loglikelihood change                          0.100D-05
  Derivative                                             0.100D-03
Minimum variance                                         0.100D-03
Maximum number of steepest descent iterations                   20
Maximum number of iterations for H1                           2000
Convergence criterion for H1                             0.100D-03
Optimization algorithm                                         EMA

Input data file(s)
  /home/jflournoy/code_new/lnt_pxvx/Data/lnt_nat_recalc.tsv
Input data format  FREE


SUMMARY OF DATA

   Group EARLIER
     Number of missing data patterns            16

   Group LATER
     Number of missing data patterns            16


SUMMARY OF MISSING DATA PATTERNS


     MISSING DATA PATTERNS (x = not missing) FOR EARLIER

           1  2  3  4  5  6  7  8  9 10 11 12 13 14 15 16
 ABFAS_EA  x  x  x  x  x  x  x  x  x  x  x     x  x  x  x
 BBFAS_EA  x     x     x  x  x        x  x  x  x  x
 CBFAS_EA  x        x  x     x     x  x     x  x  x  x
 DBFAS_EA  x     x  x  x        x           x  x     x  x
 AUSI_D    x  x  x  x  x  x  x  x  x  x  x  x  x  x  x  x
 BUSI_D    x     x     x  x  x        x     x     x  x
 CUSI_D    x        x        x     x        x  x  x  x
 DUSI_D    x     x  x  x        x           x  x  x  x


     MISSING DATA PATTERN FREQUENCIES FOR EARLIER

    Pattern   Frequency     Pattern   Frequency     Pattern   Frequency
          1         325           7          20          13           2
          2         101           8          14          14           1
          3          14           9          12          15           1
          4          12          10           1          16           1
          5           1          11           2
          6          26          12           1


     MISSING DATA PATTERNS (x = not missing) FOR LATER

           1  2  3  4  5  6  7  8  9 10 11 12 13 14 15 16
 ABFAS_EA  x  x  x  x  x  x  x  x  x  x     x  x  x  x  x
 BBFAS_EA  x     x     x  x  x        x  x  x        x
 CBFAS_EA  x        x  x     x     x     x  x  x        x
 DBFAS_EA  x     x  x  x        x        x  x  x     x
 AUSI_D    x  x  x  x  x  x  x  x  x  x  x  x  x     x  x
 BUSI_D    x     x     x  x  x           x     x
 CUSI_D    x        x        x     x     x  x  x
 DUSI_D    x     x  x  x        x        x  x  x     x


     MISSING DATA PATTERN FREQUENCIES FOR LATER

    Pattern   Frequency     Pattern   Frequency     Pattern   Frequency
          1         163           7          26          13           1
          2          68           8          10          14           1
          3          12           9          11          15           1
          4           9          10           3          16           1
          5           1          11           1
          6          21          12           1


COVARIANCE COVERAGE OF DATA

Minimum covariance coverage value   0.100


     PROPORTION OF DATA PRESENT FOR EARLIER


           Covariance Coverage
              ABFAS_EA      BBFAS_EA      CBFAS_EA      DBFAS_EA      AUSI_D
              ________      ________      ________      ________      ________
 ABFAS_EA       0.998
 BBFAS_EA       0.734         0.736
 CBFAS_EA       0.702         0.657         0.704
 DBFAS_EA       0.693         0.642         0.640         0.695
 AUSI_D         0.998         0.736         0.704         0.695         1.000
 BUSI_D         0.728         0.728         0.655         0.640         0.730
 CUSI_D         0.699         0.654         0.700         0.639         0.700
 DUSI_D         0.693         0.644         0.642         0.693         0.695


           Covariance Coverage
              BUSI_D        CUSI_D        DUSI_D
              ________      ________      ________
 BUSI_D         0.730
 CUSI_D         0.652         0.700
 DUSI_D         0.642         0.640         0.695


     PROPORTION OF DATA PRESENT FOR LATER


           Covariance Coverage
              ABFAS_EA      BBFAS_EA      CBFAS_EA      DBFAS_EA      AUSI_D
              ________      ________      ________      ________      ________
 ABFAS_EA       0.997
 BBFAS_EA       0.694         0.697
 CBFAS_EA       0.655         0.594         0.658
 DBFAS_EA       0.600         0.539         0.533         0.603
 AUSI_D         0.997         0.697         0.658         0.603         1.000
 BUSI_D         0.691         0.691         0.594         0.539         0.694
 CUSI_D         0.642         0.582         0.645         0.530         0.645
 DUSI_D         0.600         0.542         0.536         0.600         0.603


           Covariance Coverage
              BUSI_D        CUSI_D        DUSI_D
              ________      ________      ________
 BUSI_D         0.694
 CUSI_D         0.582         0.645
 DUSI_D         0.542         0.533         0.603


SAMPLE STATISTICS


     ESTIMATED SAMPLE STATISTICS FOR EARLIER


           Means
              ABFAS_EA      BBFAS_EA      CBFAS_EA      DBFAS_EA      AUSI_D
              ________      ________      ________      ________      ________
               60.784        60.922        59.741        59.671        32.140


           Means
              BUSI_D        CUSI_D        DUSI_D
              ________      ________      ________
               32.383        31.880        31.813


           Covariances
              ABFAS_EA      BBFAS_EA      CBFAS_EA      DBFAS_EA      AUSI_D
              ________      ________      ________      ________      ________
 ABFAS_EA     415.810
 BBFAS_EA     347.473       404.050
 CBFAS_EA     331.981       336.959       395.208
 DBFAS_EA     327.830       332.495       344.146       406.846
 AUSI_D        26.450        20.037        14.591        16.743       345.960
 BUSI_D        31.698        30.029        15.936        28.097       224.773
 CUSI_D        30.452        22.337         3.459        22.309       187.068
 DUSI_D        13.386         8.032       -11.748        12.424       184.082


           Covariances
              BUSI_D        CUSI_D        DUSI_D
              ________      ________      ________
 BUSI_D       333.538
 CUSI_D       206.666       330.842
 DUSI_D       188.324       216.149       319.997


           Correlations
              ABFAS_EA      BBFAS_EA      CBFAS_EA      DBFAS_EA      AUSI_D
              ________      ________      ________      ________      ________
 ABFAS_EA       1.000
 BBFAS_EA       0.848         1.000
 CBFAS_EA       0.819         0.843         1.000
 DBFAS_EA       0.797         0.820         0.858         1.000
 AUSI_D         0.070         0.054         0.039         0.045         1.000
 BUSI_D         0.085         0.082         0.044         0.076         0.662
 CUSI_D         0.082         0.061         0.010         0.061         0.553
 DUSI_D         0.037         0.022        -0.033         0.034         0.553


           Correlations
              BUSI_D        CUSI_D        DUSI_D
              ________      ________      ________
 BUSI_D         1.000
 CUSI_D         0.622         1.000
 DUSI_D         0.576         0.664         1.000


     ESTIMATED SAMPLE STATISTICS FOR LATER


           Means
              ABFAS_EA      BBFAS_EA      CBFAS_EA      DBFAS_EA      AUSI_D
              ________      ________      ________      ________      ________
               62.702        61.454        61.771        61.394        27.279


           Means
              BUSI_D        CUSI_D        DUSI_D
              ________      ________      ________
               25.750        26.486        27.396


           Covariances
              ABFAS_EA      BBFAS_EA      CBFAS_EA      DBFAS_EA      AUSI_D
              ________      ________      ________      ________      ________
 ABFAS_EA     334.672
 BBFAS_EA     278.202       313.541
 CBFAS_EA     280.074       279.369       343.469
 DBFAS_EA     276.792       269.627       305.543       341.635
 AUSI_D         4.537        -0.988        -1.378         7.705       365.033
 BUSI_D        -6.807       -11.811        -3.928         7.702       243.000
 CUSI_D        23.942        16.336        26.897        27.947       262.962
 DUSI_D        14.160         9.412        18.343        15.900       218.125


           Covariances
              BUSI_D        CUSI_D        DUSI_D
              ________      ________      ________
 BUSI_D       366.583
 CUSI_D       267.315       412.305
 DUSI_D       219.514       280.225       363.916


           Correlations
              ABFAS_EA      BBFAS_EA      CBFAS_EA      DBFAS_EA      AUSI_D
              ________      ________      ________      ________      ________
 ABFAS_EA       1.000
 BBFAS_EA       0.859         1.000
 CBFAS_EA       0.826         0.851         1.000
 DBFAS_EA       0.819         0.824         0.892         1.000
 AUSI_D         0.013        -0.003        -0.004         0.022         1.000
 BUSI_D        -0.019        -0.035        -0.011         0.022         0.664
 CUSI_D         0.064         0.045         0.071         0.074         0.678
 DUSI_D         0.041         0.028         0.052         0.045         0.598


           Correlations
              BUSI_D        CUSI_D        DUSI_D
              ________      ________      ________
 BUSI_D         1.000
 CUSI_D         0.688         1.000
 DUSI_D         0.601         0.723         1.000


     MAXIMUM LOG-LIKELIHOOD VALUE FOR THE UNRESTRICTED (H1) MODEL IS -21222.215


UNIVARIATE SAMPLE STATISTICS


     UNIVARIATE HIGHER-ORDER MOMENT DESCRIPTIVE STATISTICS FOR EARLIER

         Variable/         Mean/     Skewness/   Minimum/ % with                Percentiles
        Sample Size      Variance    Kurtosis    Maximum  Min/Max      20%/60%    40%/80%    Median

     ABFAS_EA             60.760      -0.486       0.000    0.19%      44.444     57.500     62.500
             533.000     416.107      -0.138     100.000    0.94%      67.500     80.000
     BBFAS_EA             60.974      -0.394       2.500    0.25%      42.500     55.000     62.500
             393.000     400.392      -0.354     100.000    0.51%      69.444     77.500
     CBFAS_EA             59.854      -0.445       2.500    0.27%      45.000     55.000     62.500
             376.000     399.952      -0.163     100.000    0.27%      67.500     77.500
     DBFAS_EA             59.613      -0.426       2.500    0.27%      42.500     55.000     62.500
             371.000     406.429      -0.278     100.000    0.27%      67.500     77.500
     AUSI_D               32.140       0.101       0.000    9.55%      16.667     25.000     33.333
             534.000     345.960      -0.328      91.667    0.37%      33.333     50.000
     BUSI_D               31.741       0.040       0.000    8.46%      16.667     25.000     33.333
             390.000     325.324      -0.395      91.667    0.51%      41.667     50.000
     CUSI_D               31.796       0.155       0.000    7.75%      16.667     25.000     33.333
             374.000     328.333      -0.440      83.333    0.27%      33.333     50.000
     DUSI_D               31.267       0.086       0.000    8.09%      16.667     25.000     33.333
             371.000     315.904      -0.415      83.333    0.54%      33.333     50.000


     UNIVARIATE HIGHER-ORDER MOMENT DESCRIPTIVE STATISTICS FOR LATER

         Variable/         Mean/     Skewness/   Minimum/ % with                Percentiles
        Sample Size      Variance    Kurtosis    Maximum  Min/Max      20%/60%    40%/80%    Median

     ABFAS_EA             62.674      -0.462       7.500    0.30%      47.500     60.000     62.500
             329.000     335.202      -0.042     100.000    0.61%      70.000     77.500
     BBFAS_EA             61.300      -0.486       2.500    0.44%      45.000     57.500     62.500
             229.000     328.596       0.237      97.500    0.44%      67.500     77.500
     CBFAS_EA             61.382      -0.330      12.500    0.47%      45.000     57.500     65.000
             214.000     363.637      -0.381     100.000    0.47%      70.000     77.500
     DBFAS_EA             62.550      -0.456      10.000    1.01%      45.000     57.500     65.000
             199.000     338.188      -0.201      95.000    2.01%      67.500     80.000
     AUSI_D               27.280       0.299       0.000   13.07%       8.333     16.667     25.000
             329.000     365.033      -0.741      83.333    0.30%      33.333     50.000
     BUSI_D               25.741       0.546       0.000   17.33%       8.333     16.667     25.000
             225.000     363.186       0.390     100.000    0.44%      33.333     41.667
     CUSI_D               26.847       0.385       0.000   17.92%       8.333     16.667     25.000
             212.000     412.271      -0.520      91.667    0.47%      33.333     41.667
     DUSI_D               27.554       0.195       0.000   16.58%       8.333     25.000     25.000
             199.000     372.802      -0.757      83.333    0.50%      33.333     41.667


THE MODEL ESTIMATION TERMINATED NORMALLY



MODEL FIT INFORMATION

Number of Free Parameters                       34

Loglikelihood

          H0 Value                      -21244.984
          H0 Scaling Correction Factor      1.1609
            for MLR

Information Criteria

          Akaike (AIC)                   42557.969
          Bayesian (BIC)                 42719.862
          Sample-Size Adjusted BIC       42611.887
            (n* = (n + 2) / 24)



MODEL RESULTS

                                                    Two-Tailed
                    Estimate       S.E.  Est./S.E.    P-Value

Group EARLIER

 P1       BY
    ABFAS_EA           1.000      0.000    999.000    999.000

 P2       BY
    BBFAS_EA           1.000      0.000    999.000    999.000

 P3       BY
    CBFAS_EA           1.000      0.000    999.000    999.000

 P4       BY
    DBFAS_EA           1.000      0.000    999.000    999.000

 V1       BY
    AUSI_D             1.000      0.000    999.000    999.000

 V2       BY
    BUSI_D             1.000      0.000    999.000    999.000

 V3       BY
    CUSI_D             1.000      0.000    999.000    999.000

 V4       BY
    DUSI_D             1.000      0.000    999.000    999.000

 P4         ON
    P3                 0.229      0.081      2.842      0.004
    V3                -0.014      0.035     -0.396      0.692

 P3         ON
    P2                 0.229      0.081      2.842      0.004
    V2                -0.014      0.035     -0.396      0.692

 P2         ON
    P1                 0.229      0.081      2.842      0.004
    V1                -0.014      0.035     -0.396      0.692

 V4         ON
    V3                 0.219      0.053      4.091      0.000
    P3                -0.066      0.061     -1.070      0.285

 V3         ON
    V2                 0.219      0.053      4.091      0.000
    P2                -0.066      0.061     -1.070      0.285

 V2         ON
    V1                 0.219      0.053      4.091      0.000
    P1                -0.066      0.061     -1.070      0.285

 S_BFAS_E WITH
    I_BFAS_EA         -1.520      0.903     -1.682      0.092
    S_USI_D            0.018      0.113      0.157      0.875
    I_USI_D           -0.709      2.230     -0.318      0.750

 I_BFAS_E WITH
    S_USI_D            0.163      2.359      0.069      0.945
    I_USI_D           18.941     15.142      1.251      0.211

 S_USI_D  WITH
    I_USI_D            0.382      0.677      0.565      0.572

 P1       WITH
    V1                -0.426      9.079     -0.047      0.963

 P2       WITH
    V2                -1.508      4.289     -0.352      0.725

 P3       WITH
    V3                -1.508      4.289     -0.352      0.725

 P4       WITH
    V4                -1.508      4.289     -0.352      0.725

 Means
    P1                 0.000      0.000    999.000    999.000
    V1                 0.000      0.000    999.000    999.000
    I_BFAS_EA         60.985      0.640     95.291      0.000
    S_BFAS_EA          0.065      0.055      1.191      0.234
    I_USI_D           30.443      0.565     53.904      0.000
    S_USI_D           -0.292      0.054     -5.445      0.000

 Intercepts
    ABFAS_EA           0.000      0.000    999.000    999.000
    BBFAS_EA           0.000      0.000    999.000    999.000
    CBFAS_EA           0.000      0.000    999.000    999.000
    DBFAS_EA           0.000      0.000    999.000    999.000
    AUSI_D             0.000      0.000    999.000    999.000
    BUSI_D             0.000      0.000    999.000    999.000
    CUSI_D             0.000      0.000    999.000    999.000
    DUSI_D             0.000      0.000    999.000    999.000
    P2                 0.000      0.000    999.000    999.000
    P3                 0.000      0.000    999.000    999.000
    P4                 0.000      0.000    999.000    999.000
    V2                 0.000      0.000    999.000    999.000
    V3                 0.000      0.000    999.000    999.000
    V4                 0.000      0.000    999.000    999.000

 Variances
    P1                85.750     10.819      7.926      0.000
    V1               158.740     15.942      9.957      0.000
    I_BFAS_EA        297.484     21.598     13.774      0.000
    S_BFAS_EA          0.105      0.150      0.699      0.484
    I_USI_D          178.795     18.270      9.786      0.000
    S_USI_D            0.155      0.127      1.216      0.224

 Residual Variances
    ABFAS_EA           0.000      0.000    999.000    999.000
    BBFAS_EA           0.000      0.000    999.000    999.000
    CBFAS_EA           0.000      0.000    999.000    999.000
    DBFAS_EA           0.000      0.000    999.000    999.000
    AUSI_D             0.000      0.000    999.000    999.000
    BUSI_D             0.000      0.000    999.000    999.000
    CUSI_D             0.000      0.000    999.000    999.000
    DUSI_D             0.000      0.000    999.000    999.000
    P2                73.868      6.124     12.062      0.000
    P3                73.868      6.124     12.062      0.000
    P4                73.868      6.124     12.062      0.000
    V2               139.759      9.321     14.994      0.000
    V3               139.759      9.321     14.994      0.000
    V4               139.759      9.321     14.994      0.000

Group LATER

 P1       BY
    ABFAS_EA           1.000      0.000    999.000    999.000

 P2       BY
    BBFAS_EA           1.000      0.000    999.000    999.000

 P3       BY
    CBFAS_EA           1.000      0.000    999.000    999.000

 P4       BY
    DBFAS_EA           1.000      0.000    999.000    999.000

 V1       BY
    AUSI_D             1.000      0.000    999.000    999.000

 V2       BY
    BUSI_D             1.000      0.000    999.000    999.000

 V3       BY
    CUSI_D             1.000      0.000    999.000    999.000

 V4       BY
    DUSI_D             1.000      0.000    999.000    999.000

 P4         ON
    P3                 0.277      0.109      2.531      0.011
    V3                -0.017      0.043     -0.399      0.690

 P3         ON
    P2                 0.277      0.109      2.531      0.011
    V2                -0.017      0.043     -0.399      0.690

 P2         ON
    P1                 0.277      0.109      2.531      0.011
    V1                -0.017      0.043     -0.399      0.690

 V4         ON
    V3                 0.198      0.090      2.209      0.027
    P3                -0.070      0.094     -0.744      0.457

 V3         ON
    V2                 0.198      0.090      2.209      0.027
    P2                -0.070      0.094     -0.744      0.457

 V2         ON
    V1                 0.198      0.090      2.209      0.027
    P1                -0.070      0.094     -0.744      0.457

 S_BFAS_E WITH
    I_BFAS_EA         -1.520      0.903     -1.682      0.092
    S_USI_D            0.018      0.113      0.157      0.875
    I_USI_D           -0.709      2.230     -0.318      0.750

 I_BFAS_E WITH
    S_USI_D            0.163      2.359      0.069      0.945
    I_USI_D           18.941     15.142      1.251      0.211

 S_USI_D  WITH
    I_USI_D            0.382      0.677      0.565      0.572

 P1       WITH
    V1                 2.414     10.281      0.235      0.814

 P2       WITH
    V2                -3.649      5.137     -0.710      0.477

 P3       WITH
    V3                -3.649      5.137     -0.710      0.477

 P4       WITH
    V4                -3.649      5.137     -0.710      0.477

 Means
    P1                 0.000      0.000    999.000    999.000
    V1                 0.000      0.000    999.000    999.000
    I_BFAS_EA         60.985      0.640     95.291      0.000
    S_BFAS_EA          0.065      0.055      1.191      0.234
    I_USI_D           30.443      0.565     53.904      0.000
    S_USI_D           -0.292      0.054     -5.445      0.000

 Intercepts
    ABFAS_EA           0.000      0.000    999.000    999.000
    BBFAS_EA           0.000      0.000    999.000    999.000
    CBFAS_EA           0.000      0.000    999.000    999.000
    DBFAS_EA           0.000      0.000    999.000    999.000
    AUSI_D             0.000      0.000    999.000    999.000
    BUSI_D             0.000      0.000    999.000    999.000
    CUSI_D             0.000      0.000    999.000    999.000
    DUSI_D             0.000      0.000    999.000    999.000
    P2                 0.000      0.000    999.000    999.000
    P3                 0.000      0.000    999.000    999.000
    P4                 0.000      0.000    999.000    999.000
    V2                 0.000      0.000    999.000    999.000
    V3                 0.000      0.000    999.000    999.000
    V4                 0.000      0.000    999.000    999.000

 Variances
    P1                67.096     10.123      6.628      0.000
    V1               142.773     21.311      6.699      0.000
    I_BFAS_EA        297.484     21.598     13.774      0.000
    S_BFAS_EA          0.105      0.150      0.699      0.484
    I_USI_D          178.795     18.270      9.786      0.000
    S_USI_D            0.155      0.127      1.216      0.224

 Residual Variances
    ABFAS_EA           0.000      0.000    999.000    999.000
    BBFAS_EA           0.000      0.000    999.000    999.000
    CBFAS_EA           0.000      0.000    999.000    999.000
    DBFAS_EA           0.000      0.000    999.000    999.000
    AUSI_D             0.000      0.000    999.000    999.000
    BUSI_D             0.000      0.000    999.000    999.000
    CUSI_D             0.000      0.000    999.000    999.000
    DUSI_D             0.000      0.000    999.000    999.000
    P2                56.051      8.118      6.905      0.000
    P3                56.051      8.118      6.905      0.000
    P4                56.051      8.118      6.905      0.000
    V2               142.193     14.715      9.663      0.000
    V3               142.193     14.715      9.663      0.000
    V4               142.193     14.715      9.663      0.000


QUALITY OF NUMERICAL RESULTS

     Condition Number for the Information Matrix              0.583E-05
       (ratio of smallest to largest eigenvalue)


     Beginning Time:  17:31:18
        Ending Time:  17:31:51
       Elapsed Time:  00:00:33



MUTHEN & MUTHEN
3463 Stoner Ave.
Los Angeles, CA  90066

Tel: (310) 391-9971
Fax: (310) 391-8971
Web: www.StatModel.com
Support: Support@StatModel.com

Copyright (c) 1998-2017 Muthen & Muthen
