Mplus VERSION 8 (Linux)
MUTHEN & MUTHEN
07/07/2018   4:18 PM

INPUT INSTRUCTIONS


  title: PxVx Bivariate LCM-SR - post mi - Linear bfi_n with Linear vrt_col;
  data: file = /home/jflournoy/code_new/lnt_pxvx/Data/lnt_nat_recalc.tsv;

  variable:
  names =
  subjid
  aage
  aaspfin
  aaspfin_d
  abfa_mt
  abfa_mt_d
  abfas_ac
  abfas_ap
  abfas_ci
  abfas_co
  abfas_ea
  abfas_ee
  abfas_nv
  abfas_nv9
  abfas_nw
  abfas_oi
  abfas_oo
  abfi_a
  abfi_a6
  abfi_c
  abfi_d_scale
  abfi_e
  abfi_hp8
  abfi_n
  abfi_o
  abfi_s_scale
  ahrz_col
  ahrz_col_d
  ahrz_ind
  ahrz_ind_d
  amvi
  ausi
  ausi_d
  avrt_col
  avrt_col_d
  avrt_ind
  avrt_ind_d
  bage
  baspfin
  baspfin_d
  bbfa_mt
  bbfa_mt_d
  bbfas_ac
  bbfas_ap
  bbfas_ci
  bbfas_co
  bbfas_ea
  bbfas_ee
  bbfas_nv
  bbfas_nv9
  bbfas_nw
  bbfas_oi
  bbfas_oo
  bbfi_a
  bbfi_a6
  bbfi_c
  bbfi_d_scale
  bbfi_e
  bbfi_hp8
  bbfi_n
  bbfi_o
  bbfi_s_scale
  bhrz_col
  bhrz_col_d
  bhrz_ind
  bhrz_ind_d
  bmvi
  busi
  busi_d
  bvrt_col
  bvrt_col_d
  bvrt_ind
  bvrt_ind_d
  cage
  caspfin
  caspfin_d
  cbfa_mt
  cbfa_mt_d
  cbfas_ac
  cbfas_ap
  cbfas_ci
  cbfas_co
  cbfas_ea
  cbfas_ee
  cbfas_nv
  cbfas_nv9
  cbfas_nw
  cbfas_oi
  cbfas_oo
  cbfi_a
  cbfi_a6
  cbfi_c
  cbfi_d_scale
  cbfi_e
  cbfi_hp8
  cbfi_n
  cbfi_o
  cbfi_s_scale
  chrz_col
  chrz_col_d
  chrz_ind
  chrz_ind_d
  cmvi
  cusi
  cusi_d
  cvrt_col
  cvrt_col_d
  cvrt_ind
  cvrt_ind_d
  dage
  daspfin
  daspfin_d
  dbfa_mt
  dbfa_mt_d
  dbfas_ac
  dbfas_ap
  dbfas_ci
  dbfas_co
  dbfas_ea
  dbfas_ee
  dbfas_nv
  dbfas_nv9
  dbfas_nw
  dbfas_oi
  dbfas_oo
  dbfi_a
  dbfi_a6
  dbfi_c
  dbfi_d_scale
  dbfi_e
  dbfi_hp8
  dbfi_n
  dbfi_o
  dbfi_s_scale
  dhrz_col
  dhrz_col_d
  dhrz_ind
  dhrz_ind_d
  dmvi
  dusi
  dusi_d
  dvrt_col
  dvrt_col_d
  dvrt_ind
  dvrt_ind_d;

  USEVARIABLES =
  abfi_n
  bbfi_n
  cbfi_n
  dbfi_n
  avrt_col
  bvrt_col
  cvrt_col
  dvrt_col
  a1
  a2
  a3
  a4
  ;

  missing = all (-9999);

  tscores = a1 a2 a3 a4;

  DEFINE:
  a1 = aage + 0 - 36;
  a2 = aage + 1 - 36;
  a3 = aage + 2 - 36;
  a4 = aage + 3 - 36;

  ANALYSIS:
  TYPE=RANDOM;
  PROCESSORS = 6;
  model=nocovariances; ! supresses default estimation of certain covs in model;

  MODEL:

  i_bfi_n s_bfi_n | abfi_n bbfi_n cbfi_n dbfi_n AT a1 a2 a3 a4;
  i_vrt_col s_vrt_col | avrt_col bvrt_col cvrt_col dvrt_col AT a1 a2 a3 a4;

  ! freeing factor covs because of "nocovariances"
  s_bfi_n WITH i_bfi_n s_vrt_col i_vrt_col;
  i_bfi_n WITH s_vrt_col i_vrt_col;
  s_vrt_col WITH i_vrt_col;

  p1 BY abfi_n@1; ! Residual "factors";
  p2 BY bbfi_n@1;
  p3 BY cbfi_n@1;
  p4 BY dbfi_n@1;

  v1 BY avrt_col@1; ! Residual "factors";
  v2 BY bvrt_col@1;
  v3 BY cvrt_col@1;
  v4 BY dvrt_col@1;

  !residual variances on observed/manifest vars set to 0
  abfi_n@0;
  bbfi_n@0;
  cbfi_n@0;
  dbfi_n@0;

  !residual variances on observed/manifest vars set to 0
  avrt_col@0;
  bvrt_col@0;
  cvrt_col@0;
  dvrt_col@0;

  ! means of observed/manifest vars set to 0
  [abfi_n@0];
  [bbfi_n@0];
  [cbfi_n@0];
  [dbfi_n@0];

  ! means of observed/manifest vars set to 0
  [avrt_col@0];
  [bvrt_col@0];
  [cvrt_col@0];
  [dvrt_col@0];

  [p1@0]; ! means of residual "factors" set to 0
  [p2@0];
  [p3@0];
  [p4@0];

  [v1@0]; ! means of residual "factors" set to 0
  [v2@0];
  [v3@0];
  [v4@0];

  p4 on p3 (a); ! Autoregressive paths constrained to equality
  p3 on p2 (a);
  p2 on p1 (a);

  v4 on v3 (b); ! Autoregressive paths constrained to equality
  v3 on v2 (b);
  v2 on v1 (b);

  p4 on v3 (c); ! Cross-lagged paths constrained to equality
  p3 on v2 (c);
  p2 on v1 (c);

  v4 on p3 (d); ! Cross-lagged paths constrained to equality
  v3 on p2 (d);
  v2 on p1 (d);

  p1 with v1; !(this one is not like the others)

  p2 with v2 (e); ! Within-wave correlations constrained to equality
  p3 with v3 (e);
  p4 with v4 (e);

  p2 p3 p4 (f); ! estimate variances of residual "factors"
  v2 v3 v4 (g); ! estimate variances of residual "factors"

  OUTPUT: SAMPSTAT PATTERNS;



*** WARNING
  Data set contains cases with missing on time scores but non-missing on the
  corresponding dependent variables.  These cases were not included in the analysis.
  Number of such cases:  5
   1 WARNING(S) FOUND IN THE INPUT INSTRUCTIONS



PxVx Bivariate LCM-SR - post mi - Linear bfi_n with Linear vrt_col;

SUMMARY OF ANALYSIS

Number of groups                                                 1
Number of observations                                         864

Number of dependent variables                                    8
Number of independent variables                                  0
Number of continuous latent variables                           12

Observed dependent variables

  Continuous
   ABFI_N      BBFI_N      CBFI_N      DBFI_N      AVRT_COL    BVRT_COL
   CVRT_COL    DVRT_COL

Continuous latent variables
   P1          P2          P3          P4          V1          V2
   V3          V4          I_BFI_N     S_BFI_N     I_VRT_CO    S_VRT_CO

Variables with special functions

  Time scores
   A1          A2          A3          A4


Estimator                                                      MLR
Information matrix                                        OBSERVED
Maximum number of iterations                                   100
Convergence criterion                                    0.100D-05
Maximum number of EM iterations                                500
Convergence criteria for the EM algorithm
  Loglikelihood change                                   0.100D-02
  Relative loglikelihood change                          0.100D-05
  Derivative                                             0.100D-03
Minimum variance                                         0.100D-03
Maximum number of steepest descent iterations                   20
Maximum number of iterations for H1                           2000
Convergence criterion for H1                             0.100D-03
Optimization algorithm                                         EMA

Input data file(s)
  /home/jflournoy/code_new/lnt_pxvx/Data/lnt_nat_recalc.tsv
Input data format  FREE


SUMMARY OF DATA

     Number of missing data patterns            20


SUMMARY OF MISSING DATA PATTERNS


     MISSING DATA PATTERNS (x = not missing)

           1  2  3  4  5  6  7  8  9 10 11 12 13 14 15 16 17 18 19 20
 ABFI_N    x  x  x  x  x  x  x  x  x  x  x  x  x     x  x  x  x  x  x
 BBFI_N    x     x  x     x     x     x  x  x  x        x     x
 CBFI_N    x           x  x     x  x     x  x  x           x  x  x
 DBFI_N    x     x     x  x  x           x     x  x     x        x  x
 AVRT_COL  x  x  x  x  x  x  x  x  x  x  x  x  x  x     x  x  x  x  x
 BVRT_COL  x     x  x     x     x        x  x                 x
 CVRT_COL  x           x        x  x     x     x              x  x
 DVRT_COL  x     x     x  x  x                 x  x     x     x


     MISSING DATA PATTERN FREQUENCIES

    Pattern   Frequency     Pattern   Frequency     Pattern   Frequency
          1         492           8          45          15           1
          2         168           9          21          16           1
          3          26          10           4          17           1
          4          48          11           1          18           1
          5          21          12           1          19           2
          6           2          13           3          20           2
          7          23          14           1


COVARIANCE COVERAGE OF DATA

Minimum covariance coverage value   0.100


     PROPORTION OF DATA PRESENT


           Covariance Coverage
              ABFI_N        BBFI_N        CBFI_N        DBFI_N        AVRT_COL
              ________      ________      ________      ________      ________
 ABFI_N         0.999
 BBFI_N         0.722         0.722
 CBFI_N         0.683         0.631         0.683
 DBFI_N         0.663         0.608         0.603         0.664
 AVRT_COL       0.998         0.722         0.683         0.664         0.999
 BVRT_COL       0.713         0.713         0.627         0.603         0.713
 CVRT_COL       0.678         0.627         0.678         0.601         0.678
 DVRT_COL       0.659         0.608         0.601         0.659         0.660


           Covariance Coverage
              BVRT_COL      CVRT_COL      DVRT_COL
              ________      ________      ________
 BVRT_COL       0.713
 CVRT_COL       0.624         0.678
 DVRT_COL       0.603         0.598         0.660


SAMPLE STATISTICS


     ESTIMATED SAMPLE STATISTICS


           Means
              ABFI_N        BBFI_N        CBFI_N        DBFI_N        AVRT_COL
              ________      ________      ________      ________      ________
               49.607        49.020        48.095        47.973        71.543


           Means
              BVRT_COL      CVRT_COL      DVRT_COL
              ________      ________      ________
               70.266        68.605        68.858


           Covariances
              ABFI_N        BBFI_N        CBFI_N        DBFI_N        AVRT_COL
              ________      ________      ________      ________      ________
 ABFI_N       458.645
 BBFI_N       362.581       455.068
 CBFI_N       356.655       377.797       451.470
 DBFI_N       369.634       388.501       405.244       495.997
 AVRT_COL     -37.497       -36.417       -33.588       -38.079       328.499
 BVRT_COL     -36.329       -42.161       -42.950       -39.804       241.705
 CVRT_COL     -37.266       -39.507       -42.092       -37.273       227.603
 DVRT_COL     -19.985       -23.192       -30.042       -24.895       240.050


           Covariances
              BVRT_COL      CVRT_COL      DVRT_COL
              ________      ________      ________
 BVRT_COL     354.604
 CVRT_COL     261.214       373.187
 DVRT_COL     262.607       276.553       365.354


           Correlations
              ABFI_N        BBFI_N        CBFI_N        DBFI_N        AVRT_COL
              ________      ________      ________      ________      ________
 ABFI_N         1.000
 BBFI_N         0.794         1.000
 CBFI_N         0.784         0.834         1.000
 DBFI_N         0.775         0.818         0.856         1.000
 AVRT_COL      -0.097        -0.094        -0.087        -0.094         1.000
 BVRT_COL      -0.090        -0.105        -0.107        -0.095         0.708
 CVRT_COL      -0.090        -0.096        -0.103        -0.087         0.650
 DVRT_COL      -0.049        -0.057        -0.074        -0.058         0.693


           Correlations
              BVRT_COL      CVRT_COL      DVRT_COL
              ________      ________      ________
 BVRT_COL       1.000
 CVRT_COL       0.718         1.000
 DVRT_COL       0.730         0.749         1.000


     MAXIMUM LOG-LIKELIHOOD VALUE FOR THE UNRESTRICTED (H1) MODEL IS -21495.022


UNIVARIATE SAMPLE STATISTICS


     UNIVARIATE HIGHER-ORDER MOMENT DESCRIPTIVE STATISTICS

         Variable/         Mean/     Skewness/   Minimum/ % with                Percentiles
        Sample Size      Variance    Kurtosis    Maximum  Min/Max      20%/60%    40%/80%    Median

     ABFI_N               49.583       0.031       0.000    0.46%      28.125     43.750     50.000
             863.000     458.460      -0.595     100.000    0.35%      56.250     68.750
     BBFI_N               48.868      -0.055       0.000    0.48%      31.250     43.750     50.000
             624.000     461.225      -0.545     100.000    0.32%      56.250     68.750
     CBFI_N               47.733       0.034       0.000    1.02%      28.125     40.625     46.875
             590.000     458.678      -0.585     100.000    0.34%      53.125     65.625
     DBFI_N               47.461      -0.025       0.000    1.05%      25.000     40.625     46.875
             574.000     496.931      -0.643     100.000    0.35%      53.125     68.750
     AVRT_COL             71.543      -0.604       6.250    0.12%      56.250     68.750     75.000
             863.000     328.502       0.178     100.000    6.03%      75.000     87.500
     BVRT_COL             69.897      -0.489       6.250    0.16%      56.250     68.750     68.750
             616.000     351.791      -0.188     100.000    5.52%      75.000     87.500
     CVRT_COL             68.259      -0.598       6.250    0.68%      50.000     62.500     68.750
             586.000     374.386       0.117     100.000    4.78%      75.000     87.500
     DVRT_COL             68.531      -0.600       0.000    0.18%      50.000     68.750     68.750
             570.000     369.881       0.094     100.000    4.74%      75.000     87.500


THE MODEL ESTIMATION TERMINATED NORMALLY



MODEL FIT INFORMATION

Number of Free Parameters                       24

Loglikelihood

          H0 Value                      -21520.435
          H0 Scaling Correction Factor      1.1634
            for MLR

Information Criteria

          Akaike (AIC)                   43088.869
          Bayesian (BIC)                 43203.147
          Sample-Size Adjusted BIC       43126.929
            (n* = (n + 2) / 24)



MODEL RESULTS

                                                    Two-Tailed
                    Estimate       S.E.  Est./S.E.    P-Value

 P1       BY
    ABFI_N             1.000      0.000    999.000    999.000

 P2       BY
    BBFI_N             1.000      0.000    999.000    999.000

 P3       BY
    CBFI_N             1.000      0.000    999.000    999.000

 P4       BY
    DBFI_N             1.000      0.000    999.000    999.000

 V1       BY
    AVRT_COL           1.000      0.000    999.000    999.000

 V2       BY
    BVRT_COL           1.000      0.000    999.000    999.000

 V3       BY
    CVRT_COL           1.000      0.000    999.000    999.000

 V4       BY
    DVRT_COL           1.000      0.000    999.000    999.000

 P4         ON
    P3                 0.122      0.048      2.546      0.011
    V3                 0.003      0.037      0.085      0.932

 P3         ON
    P2                 0.122      0.048      2.546      0.011
    V2                 0.003      0.037      0.085      0.932

 P2         ON
    P1                 0.122      0.048      2.546      0.011
    V1                 0.003      0.037      0.085      0.932

 V4         ON
    V3                 0.144      0.052      2.801      0.005
    P3                -0.009      0.051     -0.181      0.856

 V3         ON
    V2                 0.144      0.052      2.801      0.005
    P2                -0.009      0.051     -0.181      0.856

 V2         ON
    V1                 0.144      0.052      2.801      0.005
    P1                -0.009      0.051     -0.181      0.856

 S_BFI_N  WITH
    I_BFI_N           -1.284      0.897     -1.432      0.152
    S_VRT_COL         -0.055      0.108     -0.506      0.613
    I_VRT_COL         -0.300      2.494     -0.120      0.904

 I_BFI_N  WITH
    S_VRT_COL          2.780      2.627      1.058      0.290
    I_VRT_COL        -21.768     15.490     -1.405      0.160

 S_VRT_CO WITH
    I_VRT_COL         -0.480      0.731     -0.657      0.511

 P1       WITH
    V1                -5.148      7.267     -0.709      0.479

 P2       WITH
    V2                -0.821      4.421     -0.186      0.853

 P3       WITH
    V3                -0.821      4.421     -0.186      0.853

 P4       WITH
    V4                -0.821      4.421     -0.186      0.853

 Means
    P1                 0.000      0.000    999.000    999.000
    V1                 0.000      0.000    999.000    999.000
    I_BFI_N           49.146      0.700     70.236      0.000
    S_BFI_N           -0.261      0.062     -4.178      0.000
    I_VRT_COL         70.058      0.579    121.007      0.000
    S_VRT_COL          0.159      0.053      3.009      0.003

 Intercepts
    ABFI_N             0.000      0.000    999.000    999.000
    BBFI_N             0.000      0.000    999.000    999.000
    CBFI_N             0.000      0.000    999.000    999.000
    DBFI_N             0.000      0.000    999.000    999.000
    AVRT_COL           0.000      0.000    999.000    999.000
    BVRT_COL           0.000      0.000    999.000    999.000
    CVRT_COL           0.000      0.000    999.000    999.000
    DVRT_COL           0.000      0.000    999.000    999.000
    P2                 0.000      0.000    999.000    999.000
    P3                 0.000      0.000    999.000    999.000
    P4                 0.000      0.000    999.000    999.000
    V2                 0.000      0.000    999.000    999.000
    V3                 0.000      0.000    999.000    999.000
    V4                 0.000      0.000    999.000    999.000

 Variances
    P1               120.260     11.301     10.642      0.000
    V1               116.605      9.465     12.320      0.000
    I_BFI_N          344.106     23.418     14.694      0.000
    S_BFI_N            0.176      0.164      1.075      0.282
    I_VRT_COL        216.128     20.103     10.751      0.000
    S_VRT_COL          0.142      0.142      0.999      0.318

 Residual Variances
    ABFI_N             0.000      0.000    999.000    999.000
    BBFI_N             0.000      0.000    999.000    999.000
    CBFI_N             0.000      0.000    999.000    999.000
    DBFI_N             0.000      0.000    999.000    999.000
    AVRT_COL           0.000      0.000    999.000    999.000
    BVRT_COL           0.000      0.000    999.000    999.000
    CVRT_COL           0.000      0.000    999.000    999.000
    DVRT_COL           0.000      0.000    999.000    999.000
    P2                84.951      5.728     14.832      0.000
    P3                84.951      5.728     14.832      0.000
    P4                84.951      5.728     14.832      0.000
    V2               112.675      7.472     15.079      0.000
    V3               112.675      7.472     15.079      0.000
    V4               112.675      7.472     15.079      0.000


QUALITY OF NUMERICAL RESULTS

     Condition Number for the Information Matrix              0.184E-04
       (ratio of smallest to largest eigenvalue)


     Beginning Time:  16:18:46
        Ending Time:  16:18:57
       Elapsed Time:  00:00:11



MUTHEN & MUTHEN
3463 Stoner Ave.
Los Angeles, CA  90066

Tel: (310) 391-9971
Fax: (310) 391-8971
Web: www.StatModel.com
Support: Support@StatModel.com

Copyright (c) 1998-2017 Muthen & Muthen
