Mplus VERSION 8 (Linux)
MUTHEN & MUTHEN
07/08/2018   5:40 PM

INPUT INSTRUCTIONS


  title: PxVx Bivariate LCM-SR - 40splitgroup - Linear bfas_nw with Linear vrt_col_d;
  data: file = /home/jflournoy/code_new/lnt_pxvx/Data/lnt_nat_recalc.tsv;

  variable:
  names =
  subjid
  aage
  aaspfin
  aaspfin_d
  abfa_mt
  abfa_mt_d
  abfas_ac
  abfas_ap
  abfas_ci
  abfas_co
  abfas_ea
  abfas_ee
  abfas_nv
  abfas_nv9
  abfas_nw
  abfas_oi
  abfas_oo
  abfi_a
  abfi_a6
  abfi_c
  abfi_d_scale
  abfi_e
  abfi_hp8
  abfi_n
  abfi_o
  abfi_s_scale
  ahrz_col
  ahrz_col_d
  ahrz_ind
  ahrz_ind_d
  amvi
  ausi
  ausi_d
  avrt_col
  avrt_col_d
  avrt_ind
  avrt_ind_d
  bage
  baspfin
  baspfin_d
  bbfa_mt
  bbfa_mt_d
  bbfas_ac
  bbfas_ap
  bbfas_ci
  bbfas_co
  bbfas_ea
  bbfas_ee
  bbfas_nv
  bbfas_nv9
  bbfas_nw
  bbfas_oi
  bbfas_oo
  bbfi_a
  bbfi_a6
  bbfi_c
  bbfi_d_scale
  bbfi_e
  bbfi_hp8
  bbfi_n
  bbfi_o
  bbfi_s_scale
  bhrz_col
  bhrz_col_d
  bhrz_ind
  bhrz_ind_d
  bmvi
  busi
  busi_d
  bvrt_col
  bvrt_col_d
  bvrt_ind
  bvrt_ind_d
  cage
  caspfin
  caspfin_d
  cbfa_mt
  cbfa_mt_d
  cbfas_ac
  cbfas_ap
  cbfas_ci
  cbfas_co
  cbfas_ea
  cbfas_ee
  cbfas_nv
  cbfas_nv9
  cbfas_nw
  cbfas_oi
  cbfas_oo
  cbfi_a
  cbfi_a6
  cbfi_c
  cbfi_d_scale
  cbfi_e
  cbfi_hp8
  cbfi_n
  cbfi_o
  cbfi_s_scale
  chrz_col
  chrz_col_d
  chrz_ind
  chrz_ind_d
  cmvi
  cusi
  cusi_d
  cvrt_col
  cvrt_col_d
  cvrt_ind
  cvrt_ind_d
  dage
  daspfin
  daspfin_d
  dbfa_mt
  dbfa_mt_d
  dbfas_ac
  dbfas_ap
  dbfas_ci
  dbfas_co
  dbfas_ea
  dbfas_ee
  dbfas_nv
  dbfas_nv9
  dbfas_nw
  dbfas_oi
  dbfas_oo
  dbfi_a
  dbfi_a6
  dbfi_c
  dbfi_d_scale
  dbfi_e
  dbfi_hp8
  dbfi_n
  dbfi_o
  dbfi_s_scale
  dhrz_col
  dhrz_col_d
  dhrz_ind
  dhrz_ind_d
  dmvi
  dusi
  dusi_d
  dvrt_col
  dvrt_col_d
  dvrt_ind
  dvrt_ind_d;

  USEVARIABLES =
  abfas_nw
  bbfas_nw
  cbfas_nw
  dbfas_nw
  avrt_col_d
  bvrt_col_d
  cvrt_col_d
  dvrt_col_d
  a1
  a2
  a3
  a4
  aagegrp
  ;

  missing = all (-9999);

  tscores = a1 a2 a3 a4;

  grouping = aagegrp (0=earlier, 1=later);

  DEFINE:

  aagegrp = aage;

  cut aagegrp (39);

  a1 = aage + 0 - 36;
  a2 = aage + 1 - 36;
  a3 = aage + 2 - 36;
  a4 = aage + 3 - 36;

  ANALYSIS:
  TYPE=RANDOM;
  PROCESSORS = 6;
  model=nocovariances; ! supresses default estimation of certain covs in model;

  MODEL:

  i_bfas_nw s_bfas_nw | abfas_nw bbfas_nw cbfas_nw dbfas_nw AT a1 a2 a3 a4;
  i_vrt_col_d s_vrt_col_d | avrt_col_d bvrt_col_d cvrt_col_d dvrt_col_d AT a1 a2 a3 a4;

  ! freeing factor covs because of "nocovariances"
  ! But ensure they are constrained across groups
  s_bfas_nw WITH i_bfas_nw (p)
  s_vrt_col_d (q)
  i_vrt_col_d (r);
  i_bfas_nw WITH s_vrt_col_d (s)
  i_vrt_col_d (t);
  s_vrt_col_d WITH i_vrt_col_d (u);

  !constrain latent growth means across groups
  [i_bfas_nw] (v);
  [s_bfas_nw] (w);
  [i_vrt_col_d] (x);
  [s_vrt_col_d] (y);

  !constrain latent growth variances across groups
  i_bfas_nw (l);
  s_bfas_nw (m);
  i_vrt_col_d (n);
  s_vrt_col_d (o);

  p1 BY abfas_nw@1; ! Residual "factors";
  p2 BY bbfas_nw@1;
  p3 BY cbfas_nw@1;
  p4 BY dbfas_nw@1;

  v1 BY avrt_col_d@1; ! Residual "factors";
  v2 BY bvrt_col_d@1;
  v3 BY cvrt_col_d@1;
  v4 BY dvrt_col_d@1;

  !residual variances on observed/manifest vars set to 0
  abfas_nw@0;
  bbfas_nw@0;
  cbfas_nw@0;
  dbfas_nw@0;

  !residual variances on observed/manifest vars set to 0
  avrt_col_d@0;
  bvrt_col_d@0;
  cvrt_col_d@0;
  dvrt_col_d@0;

  ! means of observed/manifest vars set to 0
  [abfas_nw@0];
  [bbfas_nw@0];
  [cbfas_nw@0];
  [dbfas_nw@0];

  ! means of observed/manifest vars set to 0
  [avrt_col_d@0];
  [bvrt_col_d@0];
  [cvrt_col_d@0];
  [dvrt_col_d@0];

  [p1@0]; ! means of residual "factors" set to 0
  [p2@0];
  [p3@0];
  [p4@0];

  [v1@0]; ! means of residual "factors" set to 0
  [v2@0];
  [v3@0];
  [v4@0];

  p4 on p3 (a); ! Autoregressive paths constrained to equality
  p3 on p2 (a);
  p2 on p1 (a);

  v4 on v3 (b); ! Autoregressive paths constrained to equality
  v3 on v2 (b);
  v2 on v1 (b);

  p4 on v3 (c); ! Cross-lagged paths constrained to equality
  p3 on v2 (c);
  p2 on v1 (c);

  v4 on p3 (d); ! Cross-lagged paths constrained to equality
  v3 on p2 (d);
  v2 on p1 (d);

  p1 with v1; !(this one is not like the others)

  p2 with v2 (e); ! Within-wave correlations constrained to equality
  p3 with v3 (e);
  p4 with v4 (e);

  p2 p3 p4 (f); ! estimate variances of residual "factors"
  v2 v3 v4 (g); ! estimate variances of residual "factors"

  MODEL earlier:

  p4 on p3 (a23); ! Autoregressive paths constrained to equality
  p3 on p2 (a23);
  p2 on p1 (a23);

  v4 on v3 (b23); ! Autoregressive paths constrained to equality
  v3 on v2 (b23);
  v2 on v1 (b23);

  p4 on v3 (c23); ! Cross-lagged paths constrained to equality
  p3 on v2 (c23);
  p2 on v1 (c23);

  v4 on p3 (d23); ! Cross-lagged paths constrained to equality
  v3 on p2 (d23);
  v2 on p1 (d23);

  p1 with v1; !(this one is not like the others)

  p2 with v2 (e23); ! Within-wave correlations constrained to equality
  p3 with v3 (e23);
  p4 with v4 (e23);

  p2 p3 p4 (f23); ! estimate variances of residual "factors"
  v2 v3 v4 (g23); ! estimate variances of residual "factors"

  MODEL later:

  p4 on p3 (a45); ! Autoregressive paths constrained to equality
  p3 on p2 (a45);
  p2 on p1 (a45);

  v4 on v3 (b45); ! Autoregressive paths constrained to equality
  v3 on v2 (b45);
  v2 on v1 (b45);

  p4 on v3 (c45); ! Cross-lagged paths constrained to equality
  p3 on v2 (c45);
  p2 on v1 (c45);

  v4 on p3 (d45); ! Cross-lagged paths constrained to equality
  v3 on p2 (d45);
  v2 on p1 (d45);

  p1 with v1; !(this one is not like the others)

  p2 with v2 (e45); ! Within-wave correlations constrained to equality
  p3 with v3 (e45);
  p4 with v4 (e45);

  p2 p3 p4 (f45); ! estimate variances of residual "factors"
  v2 v3 v4 (g45); ! estimate variances of residual "factors"

  OUTPUT: SAMPSTAT PATTERNS;



*** WARNING in VARIABLE command
  Note that only the first 8 characters of variable names are used in the output.
  Shorten variable names to avoid any confusion.
*** WARNING
  Data set contains unknown or missing values for GROUPING,
  PATTERN, COHORT, CLUSTER and/or STRATIFICATION variables.
  Number of cases with unknown or missing values:  5
   2 WARNING(S) FOUND IN THE INPUT INSTRUCTIONS



PxVx Bivariate LCM-SR - 40splitgroup - Linear bfas_nw with Linear vrt_col_d;

SUMMARY OF ANALYSIS

Number of groups                                                 2
Number of observations
   Group EARLIER                                               534
   Group LATER                                                 330
   Total sample size                                           864

Number of dependent variables                                    8
Number of independent variables                                  0
Number of continuous latent variables                           12

Observed dependent variables

  Continuous
   ABFAS_NW    BBFAS_NW    CBFAS_NW    DBFAS_NW    AVRT_COL_D  BVRT_COL_D
   CVRT_COL_D  DVRT_COL_D

Continuous latent variables
   P1          P2          P3          P4          V1          V2
   V3          V4          I_BFAS_N    S_BFAS_N    I_VRT_CO    S_VRT_CO

Variables with special functions

  Grouping variable     AAGEGRP

  Time scores
   A1          A2          A3          A4


Estimator                                                      MLR
Information matrix                                        OBSERVED
Maximum number of iterations                                   100
Convergence criterion                                    0.100D-05
Maximum number of EM iterations                                500
Convergence criteria for the EM algorithm
  Loglikelihood change                                   0.100D-02
  Relative loglikelihood change                          0.100D-05
  Derivative                                             0.100D-03
Minimum variance                                         0.100D-03
Maximum number of steepest descent iterations                   20
Maximum number of iterations for H1                           2000
Convergence criterion for H1                             0.100D-03
Optimization algorithm                                         EMA

Input data file(s)
  /home/jflournoy/code_new/lnt_pxvx/Data/lnt_nat_recalc.tsv
Input data format  FREE


SUMMARY OF DATA

   Group EARLIER
     Number of missing data patterns            16

   Group LATER
     Number of missing data patterns            16


SUMMARY OF MISSING DATA PATTERNS


     MISSING DATA PATTERNS (x = not missing) FOR EARLIER

           1  2  3  4  5  6  7  8  9 10 11 12 13 14 15 16
 ABFAS_NW  x  x  x  x  x  x  x  x  x  x  x     x  x  x  x
 BBFAS_NW  x     x     x  x  x        x  x  x  x  x
 CBFAS_NW  x        x  x     x     x  x     x  x  x  x
 DBFAS_NW  x     x  x  x        x           x  x     x  x
 AVRT_COL  x  x  x  x  x  x  x  x  x  x  x  x  x  x  x  x
 BVRT_COL  x     x     x  x  x        x     x     x  x
 CVRT_COL  x        x        x     x        x  x  x  x
 DVRT_COL  x     x  x  x        x           x  x  x  x


     MISSING DATA PATTERN FREQUENCIES FOR EARLIER

    Pattern   Frequency     Pattern   Frequency     Pattern   Frequency
          1         324           7          20          13           2
          2         101           8          14          14           1
          3          14           9          12          15           1
          4          12          10           1          16           1
          5           1          11           2
          6          26          12           2


     MISSING DATA PATTERNS (x = not missing) FOR LATER

           1  2  3  4  5  6  7  8  9 10 11 12 13 14 15 16
 ABFAS_NW  x  x  x  x  x  x  x  x  x  x     x  x  x  x  x
 BBFAS_NW  x     x     x  x  x        x  x  x        x
 CBFAS_NW  x        x  x     x     x     x  x  x        x
 DBFAS_NW  x     x  x  x        x        x  x  x     x
 AVRT_COL  x  x  x  x  x  x  x  x  x  x  x  x  x     x  x
 BVRT_COL  x     x     x  x  x           x     x
 CVRT_COL  x        x        x     x     x  x  x
 DVRT_COL  x     x  x  x        x        x  x  x     x


     MISSING DATA PATTERN FREQUENCIES FOR LATER

    Pattern   Frequency     Pattern   Frequency     Pattern   Frequency
          1         163           7          26          13           1
          2          68           8          10          14           1
          3          12           9          11          15           1
          4           9          10           2          16           1
          5           1          11           1
          6          22          12           1


COVARIANCE COVERAGE OF DATA

Minimum covariance coverage value   0.100


     PROPORTION OF DATA PRESENT FOR EARLIER


           Covariance Coverage
              ABFAS_NW      BBFAS_NW      CBFAS_NW      DBFAS_NW      AVRT_COL
              ________      ________      ________      ________      ________
 ABFAS_NW       0.996
 BBFAS_NW       0.732         0.736
 CBFAS_NW       0.700         0.657         0.704
 DBFAS_NW       0.691         0.642         0.640         0.695
 AVRT_COL       0.996         0.736         0.704         0.695         1.000
 BVRT_COL       0.727         0.728         0.655         0.640         0.730
 CVRT_COL       0.697         0.654         0.700         0.639         0.700
 DVRT_COL       0.691         0.644         0.642         0.693         0.695


           Covariance Coverage
              BVRT_COL      CVRT_COL      DVRT_COL
              ________      ________      ________
 BVRT_COL       0.730
 CVRT_COL       0.652         0.700
 DVRT_COL       0.642         0.640         0.695


     PROPORTION OF DATA PRESENT FOR LATER


           Covariance Coverage
              ABFAS_NW      BBFAS_NW      CBFAS_NW      DBFAS_NW      AVRT_COL
              ________      ________      ________      ________      ________
 ABFAS_NW       0.997
 BBFAS_NW       0.694         0.697
 CBFAS_NW       0.652         0.591         0.655
 DBFAS_NW       0.600         0.539         0.533         0.603
 AVRT_COL       0.997         0.697         0.655         0.603         1.000
 BVRT_COL       0.691         0.691         0.591         0.539         0.694
 CVRT_COL       0.642         0.582         0.645         0.530         0.645
 DVRT_COL       0.600         0.542         0.536         0.600         0.603


           Covariance Coverage
              BVRT_COL      CVRT_COL      DVRT_COL
              ________      ________      ________
 BVRT_COL       0.694
 CVRT_COL       0.582         0.645
 DVRT_COL       0.542         0.533         0.603


SAMPLE STATISTICS


     ESTIMATED SAMPLE STATISTICS FOR EARLIER


           Means
              ABFAS_NW      BBFAS_NW      CBFAS_NW      DBFAS_NW      AVRT_COL
              ________      ________      ________      ________      ________
               47.422        47.293        47.661        47.798        66.386


           Means
              BVRT_COL      CVRT_COL      DVRT_COL
              ________      ________      ________
               64.468        63.677        63.174


           Covariances
              ABFAS_NW      BBFAS_NW      CBFAS_NW      DBFAS_NW      AVRT_COL
              ________      ________      ________      ________      ________
 ABFAS_NW     441.660
 BBFAS_NW     353.560       421.547
 CBFAS_NW     338.431       344.794       436.212
 DBFAS_NW     341.579       346.213       369.152       431.742
 AVRT_COL     -43.600       -43.900       -42.999       -30.049       391.684
 BVRT_COL     -26.321       -19.200       -37.212       -13.634       268.561
 CVRT_COL     -17.891       -12.243       -30.937        -9.020       252.375
 DVRT_COL     -12.065       -19.059       -21.481        -1.661       273.053


           Covariances
              BVRT_COL      CVRT_COL      DVRT_COL
              ________      ________      ________
 BVRT_COL     417.689
 CVRT_COL     280.077       453.320
 DVRT_COL     289.909       311.538       444.610


           Correlations
              ABFAS_NW      BBFAS_NW      CBFAS_NW      DBFAS_NW      AVRT_COL
              ________      ________      ________      ________      ________
 ABFAS_NW       1.000
 BBFAS_NW       0.819         1.000
 CBFAS_NW       0.771         0.804         1.000
 DBFAS_NW       0.782         0.812         0.851         1.000
 AVRT_COL      -0.105        -0.108        -0.104        -0.073         1.000
 BVRT_COL      -0.061        -0.046        -0.087        -0.032         0.664
 CVRT_COL      -0.040        -0.028        -0.070        -0.020         0.599
 DVRT_COL      -0.027        -0.044        -0.049        -0.004         0.654


           Correlations
              BVRT_COL      CVRT_COL      DVRT_COL
              ________      ________      ________
 BVRT_COL       1.000
 CVRT_COL       0.644         1.000
 DVRT_COL       0.673         0.694         1.000


     ESTIMATED SAMPLE STATISTICS FOR LATER


           Means
              ABFAS_NW      BBFAS_NW      CBFAS_NW      DBFAS_NW      AVRT_COL
              ________      ________      ________      ________      ________
               43.639        44.010        43.783        43.062        69.122


           Means
              BVRT_COL      CVRT_COL      DVRT_COL
              ________      ________      ________
               69.676        66.085        66.900


           Covariances
              ABFAS_NW      BBFAS_NW      CBFAS_NW      DBFAS_NW      AVRT_COL
              ________      ________      ________      ________      ________
 ABFAS_NW     406.176
 BBFAS_NW     325.572       386.920
 CBFAS_NW     320.078       349.451       413.511
 DBFAS_NW     333.332       355.985       375.686       437.324
 AVRT_COL     -15.927        -3.035         2.086       -18.335       400.603
 BVRT_COL       7.481        10.707        21.113         9.907       285.251
 CVRT_COL     -11.298       -10.360        -1.990       -10.681       280.261
 DVRT_COL      -2.122         3.306         0.795        -7.778       284.187


           Covariances
              BVRT_COL      CVRT_COL      DVRT_COL
              ________      ________      ________
 BVRT_COL     390.371
 CVRT_COL     298.159       426.421
 DVRT_COL     313.894       320.287       402.747


           Correlations
              ABFAS_NW      BBFAS_NW      CBFAS_NW      DBFAS_NW      AVRT_COL
              ________      ________      ________      ________      ________
 ABFAS_NW       1.000
 BBFAS_NW       0.821         1.000
 CBFAS_NW       0.781         0.874         1.000
 DBFAS_NW       0.791         0.865         0.883         1.000
 AVRT_COL      -0.039        -0.008         0.005        -0.044         1.000
 BVRT_COL       0.019         0.028         0.053         0.024         0.721
 CVRT_COL      -0.027        -0.026        -0.005        -0.025         0.678
 DVRT_COL      -0.005         0.008         0.002        -0.019         0.708


           Correlations
              BVRT_COL      CVRT_COL      DVRT_COL
              ________      ________      ________
 BVRT_COL       1.000
 CVRT_COL       0.731         1.000
 DVRT_COL       0.792         0.773         1.000


     MAXIMUM LOG-LIKELIHOOD VALUE FOR THE UNRESTRICTED (H1) MODEL IS -21574.578


UNIVARIATE SAMPLE STATISTICS


     UNIVARIATE HIGHER-ORDER MOMENT DESCRIPTIVE STATISTICS FOR EARLIER

         Variable/         Mean/     Skewness/   Minimum/ % with                Percentiles
        Sample Size      Variance    Kurtosis    Maximum  Min/Max      20%/60%    40%/80%    Median

     ABFAS_NW             47.439       0.147       0.000    0.75%      27.500     42.500     47.500
             532.000     440.970      -0.402     100.000    0.19%      52.500     65.000
     BBFAS_NW             47.590       0.038       0.000    0.25%      27.500     42.500     50.000
             393.000     423.923      -0.572      97.500    0.51%      52.500     65.000
     CBFAS_NW             48.042       0.038       0.000    0.53%      30.000     42.500     47.500
             376.000     445.879      -0.449      97.500    1.06%      52.500     65.000
     DBFAS_NW             48.348       0.032       0.000    0.54%      30.000     42.500     50.000
             371.000     435.445      -0.471      97.500    0.81%      55.000     65.000
     AVRT_COL_D           66.386      -0.410       8.333    0.37%      50.000     66.667     66.667
             534.000     391.684      -0.224     100.000    5.81%      75.000     83.333
     BVRT_COL_D           63.921      -0.268       8.333    0.26%      50.000     58.333     66.667
             390.000     420.034      -0.470     100.000    5.64%      75.000     83.333
     CVRT_COL_D           63.090      -0.487       0.000    0.27%      41.667     58.333     66.667
             374.000     457.400      -0.152     100.000    4.55%      66.667     83.333
     DVRT_COL_D           62.758      -0.433       0.000    0.27%      41.667     58.333     66.667
             371.000     456.797      -0.369     100.000    4.31%      66.667     83.333


     UNIVARIATE HIGHER-ORDER MOMENT DESCRIPTIVE STATISTICS FOR LATER

         Variable/         Mean/     Skewness/   Minimum/ % with                Percentiles
        Sample Size      Variance    Kurtosis    Maximum  Min/Max      20%/60%    40%/80%    Median

     ABFAS_NW             43.672       0.041       0.000    0.91%      27.500     37.500     42.500
             329.000     406.689      -0.428     100.000    0.30%      47.500     62.500
     BBFAS_NW             43.668       0.183       0.000    1.31%      25.000     37.500     42.500
             229.000     404.724      -0.287      97.500    0.44%      47.500     60.000
     CBFAS_NW             43.046       0.100       0.000    1.87%      25.000     37.500     42.500
             214.000     427.174      -0.373      92.500    0.47%      47.500     60.000
     DBFAS_NW             40.779       0.244       0.000    1.01%      20.000     35.000     40.000
             199.000     439.720      -0.388     100.000    0.50%      45.000     60.000
     AVRT_COL_D           69.124      -0.491       8.333    0.61%      50.000     66.667     75.000
             329.000     400.604      -0.290     100.000    7.60%      75.000     87.500
     BVRT_COL_D           69.543      -0.339       8.333    0.44%      50.000     66.667     75.000
             226.000     379.972      -0.571     100.000    7.52%      75.000     91.667
     CVRT_COL_D           65.959      -0.444       0.000    0.47%      50.000     58.333     66.667
             212.000     430.579      -0.095     100.000    6.60%      75.000     83.333
     DVRT_COL_D           66.583      -0.512       0.000    1.01%      50.000     58.333     66.667
             199.000     411.076       0.144     100.000    6.53%      75.000     83.333


THE MODEL ESTIMATION TERMINATED NORMALLY



MODEL FIT INFORMATION

Number of Free Parameters                       34

Loglikelihood

          H0 Value                      -21610.435
          H0 Scaling Correction Factor      1.1355
            for MLR

Information Criteria

          Akaike (AIC)                   43288.871
          Bayesian (BIC)                 43450.764
          Sample-Size Adjusted BIC       43342.789
            (n* = (n + 2) / 24)



MODEL RESULTS

                                                    Two-Tailed
                    Estimate       S.E.  Est./S.E.    P-Value

Group EARLIER

 P1       BY
    ABFAS_NW           1.000      0.000    999.000    999.000

 P2       BY
    BBFAS_NW           1.000      0.000    999.000    999.000

 P3       BY
    CBFAS_NW           1.000      0.000    999.000    999.000

 P4       BY
    DBFAS_NW           1.000      0.000    999.000    999.000

 V1       BY
    AVRT_COL_D         1.000      0.000    999.000    999.000

 V2       BY
    BVRT_COL_D         1.000      0.000    999.000    999.000

 V3       BY
    CVRT_COL_D         1.000      0.000    999.000    999.000

 V4       BY
    DVRT_COL_D         1.000      0.000    999.000    999.000

 P4         ON
    P3                 0.172      0.057      3.027      0.002
    V3                -0.027      0.034     -0.784      0.433

 P3         ON
    P2                 0.172      0.057      3.027      0.002
    V2                -0.027      0.034     -0.784      0.433

 P2         ON
    P1                 0.172      0.057      3.027      0.002
    V1                -0.027      0.034     -0.784      0.433

 V4         ON
    V3                 0.126      0.056      2.242      0.025
    P3                 0.019      0.066      0.288      0.774

 V3         ON
    V2                 0.126      0.056      2.242      0.025
    P2                 0.019      0.066      0.288      0.774

 V2         ON
    V1                 0.126      0.056      2.242      0.025
    P1                 0.019      0.066      0.288      0.774

 S_BFAS_N WITH
    I_BFAS_NW         -0.598      0.913     -0.655      0.513
    S_VRT_COL_         0.005      0.113      0.047      0.962
    I_VRT_COL_        -0.920      2.541     -0.362      0.717

 I_BFAS_N WITH
    S_VRT_COL_         2.911      2.643      1.102      0.271
    I_VRT_COL_       -14.276     17.968     -0.795      0.427

 S_VRT_CO WITH
    I_VRT_COL_         0.782      0.786      0.994      0.320

 P1       WITH
    V1               -10.715      9.789     -1.095      0.274

 P2       WITH
    V2                 1.948      5.207      0.374      0.708

 P3       WITH
    V3                 1.948      5.207      0.374      0.708

 P4       WITH
    V4                 1.948      5.207      0.374      0.708

 Means
    P1                 0.000      0.000    999.000    999.000
    V1                 0.000      0.000    999.000    999.000
    I_BFAS_NW         46.440      0.670     69.289      0.000
    S_BFAS_NW         -0.282      0.060     -4.681      0.000
    I_VRT_COL_        66.043      0.626    105.579      0.000
    S_VRT_COL_         0.124      0.058      2.118      0.034

 Intercepts
    ABFAS_NW           0.000      0.000    999.000    999.000
    BBFAS_NW           0.000      0.000    999.000    999.000
    CBFAS_NW           0.000      0.000    999.000    999.000
    DBFAS_NW           0.000      0.000    999.000    999.000
    AVRT_COL_D         0.000      0.000    999.000    999.000
    BVRT_COL_D         0.000      0.000    999.000    999.000
    CVRT_COL_D         0.000      0.000    999.000    999.000
    DVRT_COL_D         0.000      0.000    999.000    999.000
    P2                 0.000      0.000    999.000    999.000
    P3                 0.000      0.000    999.000    999.000
    P4                 0.000      0.000    999.000    999.000
    V2                 0.000      0.000    999.000    999.000
    V3                 0.000      0.000    999.000    999.000
    V4                 0.000      0.000    999.000    999.000

 Variances
    P1               108.827     13.598      8.003      0.000
    V1               147.877     15.193      9.733      0.000
    I_BFAS_NW        313.524     23.264     13.477      0.000
    S_BFAS_NW          0.157      0.171      0.918      0.358
    I_VRT_COL_       257.565     23.000     11.198      0.000
    S_VRT_COL_         0.123      0.165      0.747      0.455

 Residual Variances
    ABFAS_NW           0.000      0.000    999.000    999.000
    BBFAS_NW           0.000      0.000    999.000    999.000
    CBFAS_NW           0.000      0.000    999.000    999.000
    DBFAS_NW           0.000      0.000    999.000    999.000
    AVRT_COL_D         0.000      0.000    999.000    999.000
    BVRT_COL_D         0.000      0.000    999.000    999.000
    CVRT_COL_D         0.000      0.000    999.000    999.000
    DVRT_COL_D         0.000      0.000    999.000    999.000
    P2                85.001      6.996     12.149      0.000
    P3                85.001      6.996     12.149      0.000
    P4                85.001      6.996     12.149      0.000
    V2               162.769     10.478     15.535      0.000
    V3               162.769     10.478     15.535      0.000
    V4               162.769     10.478     15.535      0.000

Group LATER

 P1       BY
    ABFAS_NW           1.000      0.000    999.000    999.000

 P2       BY
    BBFAS_NW           1.000      0.000    999.000    999.000

 P3       BY
    CBFAS_NW           1.000      0.000    999.000    999.000

 P4       BY
    DBFAS_NW           1.000      0.000    999.000    999.000

 V1       BY
    AVRT_COL_D         1.000      0.000    999.000    999.000

 V2       BY
    BVRT_COL_D         1.000      0.000    999.000    999.000

 V3       BY
    CVRT_COL_D         1.000      0.000    999.000    999.000

 V4       BY
    DVRT_COL_D         1.000      0.000    999.000    999.000

 P4         ON
    P3                 0.148      0.066      2.224      0.026
    V3                 0.028      0.042      0.656      0.512

 P3         ON
    P2                 0.148      0.066      2.224      0.026
    V2                 0.028      0.042      0.656      0.512

 P2         ON
    P1                 0.148      0.066      2.224      0.026
    V1                 0.028      0.042      0.656      0.512

 V4         ON
    V3                 0.033      0.058      0.579      0.563
    P3                -0.089      0.065     -1.372      0.170

 V3         ON
    V2                 0.033      0.058      0.579      0.563
    P2                -0.089      0.065     -1.372      0.170

 V2         ON
    V1                 0.033      0.058      0.579      0.563
    P1                -0.089      0.065     -1.372      0.170

 S_BFAS_N WITH
    I_BFAS_NW         -0.598      0.913     -0.655      0.513
    S_VRT_COL_         0.005      0.113      0.047      0.962
    I_VRT_COL_        -0.920      2.541     -0.362      0.717

 I_BFAS_N WITH
    S_VRT_COL_         2.911      2.643      1.102      0.271
    I_VRT_COL_       -14.276     17.968     -0.795      0.427

 S_VRT_CO WITH
    I_VRT_COL_         0.782      0.786      0.994      0.320

 P1       WITH
    V1                -9.239     11.544     -0.800      0.424

 P2       WITH
    V2                -2.342      5.060     -0.463      0.643

 P3       WITH
    V3                -2.342      5.060     -0.463      0.643

 P4       WITH
    V4                -2.342      5.060     -0.463      0.643

 Means
    P1                 0.000      0.000    999.000    999.000
    V1                 0.000      0.000    999.000    999.000
    I_BFAS_NW         46.440      0.670     69.289      0.000
    S_BFAS_NW         -0.282      0.060     -4.681      0.000
    I_VRT_COL_        66.043      0.626    105.579      0.000
    S_VRT_COL_         0.124      0.058      2.118      0.034

 Intercepts
    ABFAS_NW           0.000      0.000    999.000    999.000
    BBFAS_NW           0.000      0.000    999.000    999.000
    CBFAS_NW           0.000      0.000    999.000    999.000
    DBFAS_NW           0.000      0.000    999.000    999.000
    AVRT_COL_D         0.000      0.000    999.000    999.000
    BVRT_COL_D         0.000      0.000    999.000    999.000
    CVRT_COL_D         0.000      0.000    999.000    999.000
    DVRT_COL_D         0.000      0.000    999.000    999.000
    P2                 0.000      0.000    999.000    999.000
    P3                 0.000      0.000    999.000    999.000
    P4                 0.000      0.000    999.000    999.000
    V2                 0.000      0.000    999.000    999.000
    V3                 0.000      0.000    999.000    999.000
    V4                 0.000      0.000    999.000    999.000

 Variances
    P1               113.423     14.136      8.024      0.000
    V1               138.375     15.716      8.805      0.000
    I_BFAS_NW        313.524     23.264     13.477      0.000
    S_BFAS_NW          0.157      0.171      0.918      0.358
    I_VRT_COL_       257.565     23.000     11.198      0.000
    S_VRT_COL_         0.123      0.165      0.747      0.455

 Residual Variances
    ABFAS_NW           0.000      0.000    999.000    999.000
    BBFAS_NW           0.000      0.000    999.000    999.000
    CBFAS_NW           0.000      0.000    999.000    999.000
    DBFAS_NW           0.000      0.000    999.000    999.000
    AVRT_COL_D         0.000      0.000    999.000    999.000
    BVRT_COL_D         0.000      0.000    999.000    999.000
    CVRT_COL_D         0.000      0.000    999.000    999.000
    DVRT_COL_D         0.000      0.000    999.000    999.000
    P2                57.844      5.875      9.845      0.000
    P3                57.844      5.875      9.845      0.000
    P4                57.844      5.875      9.845      0.000
    V2               103.413      9.549     10.829      0.000
    V3               103.413      9.549     10.829      0.000
    V4               103.413      9.549     10.829      0.000


QUALITY OF NUMERICAL RESULTS

     Condition Number for the Information Matrix              0.104E-04
       (ratio of smallest to largest eigenvalue)


     Beginning Time:  17:40:48
        Ending Time:  17:40:50
       Elapsed Time:  00:00:02



MUTHEN & MUTHEN
3463 Stoner Ave.
Los Angeles, CA  90066

Tel: (310) 391-9971
Fax: (310) 391-8971
Web: www.StatModel.com
Support: Support@StatModel.com

Copyright (c) 1998-2017 Muthen & Muthen
