Mplus VERSION 8 (Linux)
MUTHEN & MUTHEN
07/07/2018   3:53 PM

INPUT INSTRUCTIONS


  title: PxVx Bivariate LCM-SR - post mi - Linear bfas_nv with Linear vrt_ind;
  data: file = /home/jflournoy/code_new/lnt_pxvx/Data/lnt_nat_recalc.tsv;

  variable:
  names =
  subjid
  aage
  aaspfin
  aaspfin_d
  abfa_mt
  abfa_mt_d
  abfas_ac
  abfas_ap
  abfas_ci
  abfas_co
  abfas_ea
  abfas_ee
  abfas_nv
  abfas_nv9
  abfas_nw
  abfas_oi
  abfas_oo
  abfi_a
  abfi_a6
  abfi_c
  abfi_d_scale
  abfi_e
  abfi_hp8
  abfi_n
  abfi_o
  abfi_s_scale
  ahrz_col
  ahrz_col_d
  ahrz_ind
  ahrz_ind_d
  amvi
  ausi
  ausi_d
  avrt_col
  avrt_col_d
  avrt_ind
  avrt_ind_d
  bage
  baspfin
  baspfin_d
  bbfa_mt
  bbfa_mt_d
  bbfas_ac
  bbfas_ap
  bbfas_ci
  bbfas_co
  bbfas_ea
  bbfas_ee
  bbfas_nv
  bbfas_nv9
  bbfas_nw
  bbfas_oi
  bbfas_oo
  bbfi_a
  bbfi_a6
  bbfi_c
  bbfi_d_scale
  bbfi_e
  bbfi_hp8
  bbfi_n
  bbfi_o
  bbfi_s_scale
  bhrz_col
  bhrz_col_d
  bhrz_ind
  bhrz_ind_d
  bmvi
  busi
  busi_d
  bvrt_col
  bvrt_col_d
  bvrt_ind
  bvrt_ind_d
  cage
  caspfin
  caspfin_d
  cbfa_mt
  cbfa_mt_d
  cbfas_ac
  cbfas_ap
  cbfas_ci
  cbfas_co
  cbfas_ea
  cbfas_ee
  cbfas_nv
  cbfas_nv9
  cbfas_nw
  cbfas_oi
  cbfas_oo
  cbfi_a
  cbfi_a6
  cbfi_c
  cbfi_d_scale
  cbfi_e
  cbfi_hp8
  cbfi_n
  cbfi_o
  cbfi_s_scale
  chrz_col
  chrz_col_d
  chrz_ind
  chrz_ind_d
  cmvi
  cusi
  cusi_d
  cvrt_col
  cvrt_col_d
  cvrt_ind
  cvrt_ind_d
  dage
  daspfin
  daspfin_d
  dbfa_mt
  dbfa_mt_d
  dbfas_ac
  dbfas_ap
  dbfas_ci
  dbfas_co
  dbfas_ea
  dbfas_ee
  dbfas_nv
  dbfas_nv9
  dbfas_nw
  dbfas_oi
  dbfas_oo
  dbfi_a
  dbfi_a6
  dbfi_c
  dbfi_d_scale
  dbfi_e
  dbfi_hp8
  dbfi_n
  dbfi_o
  dbfi_s_scale
  dhrz_col
  dhrz_col_d
  dhrz_ind
  dhrz_ind_d
  dmvi
  dusi
  dusi_d
  dvrt_col
  dvrt_col_d
  dvrt_ind
  dvrt_ind_d;

  USEVARIABLES =
  abfas_nv
  bbfas_nv
  cbfas_nv
  dbfas_nv
  avrt_ind
  bvrt_ind
  cvrt_ind
  dvrt_ind
  a1
  a2
  a3
  a4
  ;

  missing = all (-9999);

  tscores = a1 a2 a3 a4;

  DEFINE:
  a1 = aage + 0 - 36;
  a2 = aage + 1 - 36;
  a3 = aage + 2 - 36;
  a4 = aage + 3 - 36;

  ANALYSIS:
  TYPE=RANDOM;
  PROCESSORS = 6;
  model=nocovariances; ! supresses default estimation of certain covs in model;

  MODEL:

  i_bfas_nv s_bfas_nv | abfas_nv bbfas_nv cbfas_nv dbfas_nv AT a1 a2 a3 a4;
  i_vrt_ind s_vrt_ind | avrt_ind bvrt_ind cvrt_ind dvrt_ind AT a1 a2 a3 a4;

  ! freeing factor covs because of "nocovariances"
  s_bfas_nv WITH i_bfas_nv s_vrt_ind i_vrt_ind;
  i_bfas_nv WITH s_vrt_ind i_vrt_ind;
  s_vrt_ind WITH i_vrt_ind;

  p1 BY abfas_nv@1; ! Residual "factors";
  p2 BY bbfas_nv@1;
  p3 BY cbfas_nv@1;
  p4 BY dbfas_nv@1;

  v1 BY avrt_ind@1; ! Residual "factors";
  v2 BY bvrt_ind@1;
  v3 BY cvrt_ind@1;
  v4 BY dvrt_ind@1;

  !residual variances on observed/manifest vars set to 0
  abfas_nv@0;
  bbfas_nv@0;
  cbfas_nv@0;
  dbfas_nv@0;

  !residual variances on observed/manifest vars set to 0
  avrt_ind@0;
  bvrt_ind@0;
  cvrt_ind@0;
  dvrt_ind@0;

  ! means of observed/manifest vars set to 0
  [abfas_nv@0];
  [bbfas_nv@0];
  [cbfas_nv@0];
  [dbfas_nv@0];

  ! means of observed/manifest vars set to 0
  [avrt_ind@0];
  [bvrt_ind@0];
  [cvrt_ind@0];
  [dvrt_ind@0];

  [p1@0]; ! means of residual "factors" set to 0
  [p2@0];
  [p3@0];
  [p4@0];

  [v1@0]; ! means of residual "factors" set to 0
  [v2@0];
  [v3@0];
  [v4@0];

  p4 on p3 (a); ! Autoregressive paths constrained to equality
  p3 on p2 (a);
  p2 on p1 (a);

  v4 on v3 (b); ! Autoregressive paths constrained to equality
  v3 on v2 (b);
  v2 on v1 (b);

  p4 on v3 (c); ! Cross-lagged paths constrained to equality
  p3 on v2 (c);
  p2 on v1 (c);

  v4 on p3 (d); ! Cross-lagged paths constrained to equality
  v3 on p2 (d);
  v2 on p1 (d);

  p1 with v1; !(this one is not like the others)

  p2 with v2 (e); ! Within-wave correlations constrained to equality
  p3 with v3 (e);
  p4 with v4 (e);

  p2 p3 p4 (f); ! estimate variances of residual "factors"
  v2 v3 v4 (g); ! estimate variances of residual "factors"

  OUTPUT: SAMPSTAT PATTERNS;



*** WARNING
  Data set contains cases with missing on time scores but non-missing on the
  corresponding dependent variables.  These cases were not included in the analysis.
  Number of such cases:  5
   1 WARNING(S) FOUND IN THE INPUT INSTRUCTIONS



PxVx Bivariate LCM-SR - post mi - Linear bfas_nv with Linear vrt_ind;

SUMMARY OF ANALYSIS

Number of groups                                                 1
Number of observations                                         864

Number of dependent variables                                    8
Number of independent variables                                  0
Number of continuous latent variables                           12

Observed dependent variables

  Continuous
   ABFAS_NV    BBFAS_NV    CBFAS_NV    DBFAS_NV    AVRT_IND    BVRT_IND
   CVRT_IND    DVRT_IND

Continuous latent variables
   P1          P2          P3          P4          V1          V2
   V3          V4          I_BFAS_N    S_BFAS_N    I_VRT_IN    S_VRT_IN

Variables with special functions

  Time scores
   A1          A2          A3          A4


Estimator                                                      MLR
Information matrix                                        OBSERVED
Maximum number of iterations                                   100
Convergence criterion                                    0.100D-05
Maximum number of EM iterations                                500
Convergence criteria for the EM algorithm
  Loglikelihood change                                   0.100D-02
  Relative loglikelihood change                          0.100D-05
  Derivative                                             0.100D-03
Minimum variance                                         0.100D-03
Maximum number of steepest descent iterations                   20
Maximum number of iterations for H1                           2000
Convergence criterion for H1                             0.100D-03
Optimization algorithm                                         EMA

Input data file(s)
  /home/jflournoy/code_new/lnt_pxvx/Data/lnt_nat_recalc.tsv
Input data format  FREE


SUMMARY OF DATA

     Number of missing data patterns            19


SUMMARY OF MISSING DATA PATTERNS


     MISSING DATA PATTERNS (x = not missing)

           1  2  3  4  5  6  7  8  9 10 11 12 13 14 15 16 17 18 19
 ABFAS_NV  x  x  x  x  x  x  x  x  x  x  x  x  x  x  x  x  x  x  x
 BBFAS_NV  x     x  x     x     x     x  x  x  x     x     x
 CBFAS_NV  x           x  x     x  x     x  x  x        x  x  x
 DBFAS_NV  x     x     x  x  x           x     x     x        x  x
 AVRT_IND  x  x  x  x  x  x  x  x  x  x  x  x  x     x  x  x  x  x
 BVRT_IND  x     x  x     x     x        x  x              x
 CVRT_IND  x           x        x  x     x     x           x  x
 DVRT_IND  x     x     x  x  x                 x     x     x


     MISSING DATA PATTERN FREQUENCIES

    Pattern   Frequency     Pattern   Frequency     Pattern   Frequency
          1         492           8          45          15           1
          2         168           9          21          16           1
          3          26          10           4          17           1
          4          48          11           1          18           2
          5          21          12           1          19           2
          6           2          13           3
          7          24          14           1


COVARIANCE COVERAGE OF DATA

Minimum covariance coverage value   0.100


     PROPORTION OF DATA PRESENT


           Covariance Coverage
              ABFAS_NV      BBFAS_NV      CBFAS_NV      DBFAS_NV      AVRT_IND
              ________      ________      ________      ________      ________
 ABFAS_NV       1.000
 BBFAS_NV       0.722         0.722
 CBFAS_NV       0.683         0.631         0.683
 DBFAS_NV       0.664         0.608         0.603         0.664
 AVRT_IND       0.999         0.722         0.683         0.664         0.999
 BVRT_IND       0.713         0.713         0.627         0.603         0.713
 CVRT_IND       0.678         0.627         0.678         0.601         0.678
 DVRT_IND       0.660         0.608         0.601         0.659         0.660


           Covariance Coverage
              BVRT_IND      CVRT_IND      DVRT_IND
              ________      ________      ________
 BVRT_IND       0.713
 CVRT_IND       0.624         0.678
 DVRT_IND       0.603         0.598         0.660


SAMPLE STATISTICS


     ESTIMATED SAMPLE STATISTICS


           Means
              ABFAS_NV      BBFAS_NV      CBFAS_NV      DBFAS_NV      AVRT_IND
              ________      ________      ________      ________      ________
               43.796        43.580        42.894        42.968        47.224


           Means
              BVRT_IND      CVRT_IND      DVRT_IND
              ________      ________      ________
               47.112        46.357        46.336


           Covariances
              ABFAS_NV      BBFAS_NV      CBFAS_NV      DBFAS_NV      AVRT_IND
              ________      ________      ________      ________      ________
 ABFAS_NV     486.828
 BBFAS_NV     379.157       441.358
 CBFAS_NV     364.492       368.814       450.968
 DBFAS_NV     367.166       368.405       382.607       476.331
 AVRT_IND      72.218        77.042        80.639        69.126       371.006
 BVRT_IND      63.075        75.305        77.189        70.650       247.934
 CVRT_IND      51.415        69.654        90.903        91.474       243.300
 DVRT_IND      45.325        58.332        78.037        82.287       241.947


           Covariances
              BVRT_IND      CVRT_IND      DVRT_IND
              ________      ________      ________
 BVRT_IND     349.189
 CVRT_IND     257.445       380.836
 DVRT_IND     256.806       276.892       376.545


           Correlations
              ABFAS_NV      BBFAS_NV      CBFAS_NV      DBFAS_NV      AVRT_IND
              ________      ________      ________      ________      ________
 ABFAS_NV       1.000
 BBFAS_NV       0.818         1.000
 CBFAS_NV       0.778         0.827         1.000
 DBFAS_NV       0.762         0.803         0.826         1.000
 AVRT_IND       0.170         0.190         0.197         0.164         1.000
 BVRT_IND       0.153         0.192         0.195         0.173         0.689
 CVRT_IND       0.119         0.170         0.219         0.215         0.647
 DVRT_IND       0.106         0.143         0.189         0.194         0.647


           Correlations
              BVRT_IND      CVRT_IND      DVRT_IND
              ________      ________      ________
 BVRT_IND       1.000
 CVRT_IND       0.706         1.000
 DVRT_IND       0.708         0.731         1.000


     MAXIMUM LOG-LIKELIHOOD VALUE FOR THE UNRESTRICTED (H1) MODEL IS -21621.157


UNIVARIATE SAMPLE STATISTICS


     UNIVARIATE HIGHER-ORDER MOMENT DESCRIPTIVE STATISTICS

         Variable/         Mean/     Skewness/   Minimum/ % with                Percentiles
        Sample Size      Variance    Kurtosis    Maximum  Min/Max      20%/60%    40%/80%    Median

     ABFAS_NV             43.796       0.157       0.000    1.04%      22.500     35.000     42.500
             864.000     486.828      -0.646     100.000    0.46%      50.000     63.889
     BBFAS_NV             43.309       0.234       0.000    0.64%      25.000     35.000     42.500
             624.000     446.272      -0.565      97.500    0.32%      47.500     62.500
     CBFAS_NV             42.825       0.197       0.000    0.34%      22.500     35.000     41.250
             590.000     455.625      -0.691     100.000    0.17%      47.500     62.500
     DBFAS_NV             42.654       0.167       0.000    2.26%      22.500     35.000     42.500
             574.000     486.773      -0.646     100.000    0.52%      47.500     65.000
     AVRT_IND             47.224       0.122       0.000    0.46%      31.250     43.750     43.750
             863.000     371.019      -0.306     100.000    0.58%      50.000     62.500
     BVRT_IND             47.247       0.187       0.000    0.16%      31.250     43.750     46.875
             616.000     350.043      -0.298     100.000    0.81%      50.000     62.500
     CVRT_IND             46.516       0.269       6.250    1.02%      31.250     37.500     43.750
             586.000     384.026      -0.375     100.000    0.68%      50.000     62.500
     DVRT_IND             46.462       0.204       0.000    0.18%      31.250     37.500     43.750
             570.000     376.173      -0.400     100.000    0.53%      50.000     62.500


THE MODEL ESTIMATION TERMINATED NORMALLY



MODEL FIT INFORMATION

Number of Free Parameters                       24

Loglikelihood

          H0 Value                      -21603.605
          H0 Scaling Correction Factor      1.1615
            for MLR

Information Criteria

          Akaike (AIC)                   43255.209
          Bayesian (BIC)                 43369.487
          Sample-Size Adjusted BIC       43293.269
            (n* = (n + 2) / 24)



MODEL RESULTS

                                                    Two-Tailed
                    Estimate       S.E.  Est./S.E.    P-Value

 P1       BY
    ABFAS_NV           1.000      0.000    999.000    999.000

 P2       BY
    BBFAS_NV           1.000      0.000    999.000    999.000

 P3       BY
    CBFAS_NV           1.000      0.000    999.000    999.000

 P4       BY
    DBFAS_NV           1.000      0.000    999.000    999.000

 V1       BY
    AVRT_IND           1.000      0.000    999.000    999.000

 V2       BY
    BVRT_IND           1.000      0.000    999.000    999.000

 V3       BY
    CVRT_IND           1.000      0.000    999.000    999.000

 V4       BY
    DVRT_IND           1.000      0.000    999.000    999.000

 P4         ON
    P3                 0.163      0.050      3.244      0.001
    V3                 0.098      0.035      2.803      0.005

 P3         ON
    P2                 0.163      0.050      3.244      0.001
    V2                 0.098      0.035      2.803      0.005

 P2         ON
    P1                 0.163      0.050      3.244      0.001
    V1                 0.098      0.035      2.803      0.005

 V4         ON
    V3                 0.099      0.053      1.866      0.062
    P3                 0.107      0.047      2.262      0.024

 V3         ON
    V2                 0.099      0.053      1.866      0.062
    P2                 0.107      0.047      2.262      0.024

 V2         ON
    V1                 0.099      0.053      1.866      0.062
    P1                 0.107      0.047      2.262      0.024

 S_BFAS_N WITH
    I_BFAS_NV         -1.416      0.875     -1.619      0.106
    S_VRT_IND          0.038      0.118      0.325      0.745
    I_VRT_IND          5.233      2.780      1.882      0.060

 I_BFAS_N WITH
    S_VRT_IND         -3.765      2.780     -1.354      0.176
    I_VRT_IND         45.251     16.020      2.825      0.005

 S_VRT_IN WITH
    I_VRT_IND         -2.143      0.715     -2.996      0.003

 P1       WITH
    V1                19.435      8.247      2.357      0.018

 P2       WITH
    V2                15.569      3.876      4.017      0.000

 P3       WITH
    V3                15.569      3.876      4.017      0.000

 P4       WITH
    V4                15.569      3.876      4.017      0.000

 Means
    P1                 0.000      0.000    999.000    999.000
    V1                 0.000      0.000    999.000    999.000
    I_BFAS_NV         43.711      0.693     63.087      0.000
    S_BFAS_NV         -0.260      0.063     -4.116      0.000
    I_VRT_IND         47.239      0.589     80.252      0.000
    S_VRT_IND         -0.311      0.054     -5.777      0.000

 Intercepts
    ABFAS_NV           0.000      0.000    999.000    999.000
    BBFAS_NV           0.000      0.000    999.000    999.000
    CBFAS_NV           0.000      0.000    999.000    999.000
    DBFAS_NV           0.000      0.000    999.000    999.000
    AVRT_IND           0.000      0.000    999.000    999.000
    BVRT_IND           0.000      0.000    999.000    999.000
    CVRT_IND           0.000      0.000    999.000    999.000
    DVRT_IND           0.000      0.000    999.000    999.000
    P2                 0.000      0.000    999.000    999.000
    P3                 0.000      0.000    999.000    999.000
    P4                 0.000      0.000    999.000    999.000
    V2                 0.000      0.000    999.000    999.000
    V3                 0.000      0.000    999.000    999.000
    V4                 0.000      0.000    999.000    999.000

 Variances
    P1               123.790     12.370     10.007      0.000
    V1               142.245     12.177     11.682      0.000
    I_BFAS_NV        332.867     24.327     13.683      0.000
    S_BFAS_NV          0.221      0.163      1.354      0.176
    I_VRT_IND        218.918     17.562     12.465      0.000
    S_VRT_IND          0.156      0.117      1.334      0.182

 Residual Variances
    ABFAS_NV           0.000      0.000    999.000    999.000
    BBFAS_NV           0.000      0.000    999.000    999.000
    CBFAS_NV           0.000      0.000    999.000    999.000
    DBFAS_NV           0.000      0.000    999.000    999.000
    AVRT_IND           0.000      0.000    999.000    999.000
    BVRT_IND           0.000      0.000    999.000    999.000
    CVRT_IND           0.000      0.000    999.000    999.000
    DVRT_IND           0.000      0.000    999.000    999.000
    P2                91.208      5.537     16.473      0.000
    P3                91.208      5.537     16.473      0.000
    P4                91.208      5.537     16.473      0.000
    V2               114.743      7.037     16.305      0.000
    V3               114.743      7.037     16.305      0.000
    V4               114.743      7.037     16.305      0.000


QUALITY OF NUMERICAL RESULTS

     Condition Number for the Information Matrix              0.121E-03
       (ratio of smallest to largest eigenvalue)


     Beginning Time:  15:53:53
        Ending Time:  15:53:55
       Elapsed Time:  00:00:02



MUTHEN & MUTHEN
3463 Stoner Ave.
Los Angeles, CA  90066

Tel: (310) 391-9971
Fax: (310) 391-8971
Web: www.StatModel.com
Support: Support@StatModel.com

Copyright (c) 1998-2017 Muthen & Muthen
