Mplus VERSION 8 (Linux)
MUTHEN & MUTHEN
07/08/2018   5:41 PM

INPUT INSTRUCTIONS


  title: PxVx Bivariate LCM-SR - 40splitgroup - Linear bfas_oi with Linear aspfin_d;
  data: file = /home/jflournoy/code_new/lnt_pxvx/Data/lnt_nat_recalc.tsv;

  variable:
  names =
  subjid
  aage
  aaspfin
  aaspfin_d
  abfa_mt
  abfa_mt_d
  abfas_ac
  abfas_ap
  abfas_ci
  abfas_co
  abfas_ea
  abfas_ee
  abfas_nv
  abfas_nv9
  abfas_nw
  abfas_oi
  abfas_oo
  abfi_a
  abfi_a6
  abfi_c
  abfi_d_scale
  abfi_e
  abfi_hp8
  abfi_n
  abfi_o
  abfi_s_scale
  ahrz_col
  ahrz_col_d
  ahrz_ind
  ahrz_ind_d
  amvi
  ausi
  ausi_d
  avrt_col
  avrt_col_d
  avrt_ind
  avrt_ind_d
  bage
  baspfin
  baspfin_d
  bbfa_mt
  bbfa_mt_d
  bbfas_ac
  bbfas_ap
  bbfas_ci
  bbfas_co
  bbfas_ea
  bbfas_ee
  bbfas_nv
  bbfas_nv9
  bbfas_nw
  bbfas_oi
  bbfas_oo
  bbfi_a
  bbfi_a6
  bbfi_c
  bbfi_d_scale
  bbfi_e
  bbfi_hp8
  bbfi_n
  bbfi_o
  bbfi_s_scale
  bhrz_col
  bhrz_col_d
  bhrz_ind
  bhrz_ind_d
  bmvi
  busi
  busi_d
  bvrt_col
  bvrt_col_d
  bvrt_ind
  bvrt_ind_d
  cage
  caspfin
  caspfin_d
  cbfa_mt
  cbfa_mt_d
  cbfas_ac
  cbfas_ap
  cbfas_ci
  cbfas_co
  cbfas_ea
  cbfas_ee
  cbfas_nv
  cbfas_nv9
  cbfas_nw
  cbfas_oi
  cbfas_oo
  cbfi_a
  cbfi_a6
  cbfi_c
  cbfi_d_scale
  cbfi_e
  cbfi_hp8
  cbfi_n
  cbfi_o
  cbfi_s_scale
  chrz_col
  chrz_col_d
  chrz_ind
  chrz_ind_d
  cmvi
  cusi
  cusi_d
  cvrt_col
  cvrt_col_d
  cvrt_ind
  cvrt_ind_d
  dage
  daspfin
  daspfin_d
  dbfa_mt
  dbfa_mt_d
  dbfas_ac
  dbfas_ap
  dbfas_ci
  dbfas_co
  dbfas_ea
  dbfas_ee
  dbfas_nv
  dbfas_nv9
  dbfas_nw
  dbfas_oi
  dbfas_oo
  dbfi_a
  dbfi_a6
  dbfi_c
  dbfi_d_scale
  dbfi_e
  dbfi_hp8
  dbfi_n
  dbfi_o
  dbfi_s_scale
  dhrz_col
  dhrz_col_d
  dhrz_ind
  dhrz_ind_d
  dmvi
  dusi
  dusi_d
  dvrt_col
  dvrt_col_d
  dvrt_ind
  dvrt_ind_d;

  USEVARIABLES =
  abfas_oi
  bbfas_oi
  cbfas_oi
  dbfas_oi
  aaspfin_d
  baspfin_d
  caspfin_d
  daspfin_d
  a1
  a2
  a3
  a4
  aagegrp
  ;

  missing = all (-9999);

  tscores = a1 a2 a3 a4;

  grouping = aagegrp (0=earlier, 1=later);

  DEFINE:

  aagegrp = aage;

  cut aagegrp (39);

  a1 = aage + 0 - 36;
  a2 = aage + 1 - 36;
  a3 = aage + 2 - 36;
  a4 = aage + 3 - 36;

  ANALYSIS:
  TYPE=RANDOM;
  PROCESSORS = 6;
  model=nocovariances; ! supresses default estimation of certain covs in model;

  MODEL:

  i_bfas_oi s_bfas_oi | abfas_oi bbfas_oi cbfas_oi dbfas_oi AT a1 a2 a3 a4;
  i_aspfin_d s_aspfin_d | aaspfin_d baspfin_d caspfin_d daspfin_d AT a1 a2 a3 a4;

  ! freeing factor covs because of "nocovariances"
  ! But ensure they are constrained across groups
  s_bfas_oi WITH i_bfas_oi (p)
  s_aspfin_d (q)
  i_aspfin_d (r);
  i_bfas_oi WITH s_aspfin_d (s)
  i_aspfin_d (t);
  s_aspfin_d WITH i_aspfin_d (u);

  !constrain latent growth means across groups
  [i_bfas_oi] (v);
  [s_bfas_oi] (w);
  [i_aspfin_d] (x);
  [s_aspfin_d] (y);

  !constrain latent growth variances across groups
  i_bfas_oi (l);
  s_bfas_oi (m);
  i_aspfin_d (n);
  s_aspfin_d (o);

  p1 BY abfas_oi@1; ! Residual "factors";
  p2 BY bbfas_oi@1;
  p3 BY cbfas_oi@1;
  p4 BY dbfas_oi@1;

  v1 BY aaspfin_d@1; ! Residual "factors";
  v2 BY baspfin_d@1;
  v3 BY caspfin_d@1;
  v4 BY daspfin_d@1;

  !residual variances on observed/manifest vars set to 0
  abfas_oi@0;
  bbfas_oi@0;
  cbfas_oi@0;
  dbfas_oi@0;

  !residual variances on observed/manifest vars set to 0
  aaspfin_d@0;
  baspfin_d@0;
  caspfin_d@0;
  daspfin_d@0;

  ! means of observed/manifest vars set to 0
  [abfas_oi@0];
  [bbfas_oi@0];
  [cbfas_oi@0];
  [dbfas_oi@0];

  ! means of observed/manifest vars set to 0
  [aaspfin_d@0];
  [baspfin_d@0];
  [caspfin_d@0];
  [daspfin_d@0];

  [p1@0]; ! means of residual "factors" set to 0
  [p2@0];
  [p3@0];
  [p4@0];

  [v1@0]; ! means of residual "factors" set to 0
  [v2@0];
  [v3@0];
  [v4@0];

  p4 on p3 (a); ! Autoregressive paths constrained to equality
  p3 on p2 (a);
  p2 on p1 (a);

  v4 on v3 (b); ! Autoregressive paths constrained to equality
  v3 on v2 (b);
  v2 on v1 (b);

  p4 on v3 (c); ! Cross-lagged paths constrained to equality
  p3 on v2 (c);
  p2 on v1 (c);

  v4 on p3 (d); ! Cross-lagged paths constrained to equality
  v3 on p2 (d);
  v2 on p1 (d);

  p1 with v1; !(this one is not like the others)

  p2 with v2 (e); ! Within-wave correlations constrained to equality
  p3 with v3 (e);
  p4 with v4 (e);

  p2 p3 p4 (f); ! estimate variances of residual "factors"
  v2 v3 v4 (g); ! estimate variances of residual "factors"

  MODEL earlier:

  p4 on p3 (a23); ! Autoregressive paths constrained to equality
  p3 on p2 (a23);
  p2 on p1 (a23);

  v4 on v3 (b23); ! Autoregressive paths constrained to equality
  v3 on v2 (b23);
  v2 on v1 (b23);

  p4 on v3 (c23); ! Cross-lagged paths constrained to equality
  p3 on v2 (c23);
  p2 on v1 (c23);

  v4 on p3 (d23); ! Cross-lagged paths constrained to equality
  v3 on p2 (d23);
  v2 on p1 (d23);

  p1 with v1; !(this one is not like the others)

  p2 with v2 (e23); ! Within-wave correlations constrained to equality
  p3 with v3 (e23);
  p4 with v4 (e23);

  p2 p3 p4 (f23); ! estimate variances of residual "factors"
  v2 v3 v4 (g23); ! estimate variances of residual "factors"

  MODEL later:

  p4 on p3 (a45); ! Autoregressive paths constrained to equality
  p3 on p2 (a45);
  p2 on p1 (a45);

  v4 on v3 (b45); ! Autoregressive paths constrained to equality
  v3 on v2 (b45);
  v2 on v1 (b45);

  p4 on v3 (c45); ! Cross-lagged paths constrained to equality
  p3 on v2 (c45);
  p2 on v1 (c45);

  v4 on p3 (d45); ! Cross-lagged paths constrained to equality
  v3 on p2 (d45);
  v2 on p1 (d45);

  p1 with v1; !(this one is not like the others)

  p2 with v2 (e45); ! Within-wave correlations constrained to equality
  p3 with v3 (e45);
  p4 with v4 (e45);

  p2 p3 p4 (f45); ! estimate variances of residual "factors"
  v2 v3 v4 (g45); ! estimate variances of residual "factors"

  OUTPUT: SAMPSTAT PATTERNS;



*** WARNING in VARIABLE command
  Note that only the first 8 characters of variable names are used in the output.
  Shorten variable names to avoid any confusion.
*** WARNING
  Data set contains unknown or missing values for GROUPING,
  PATTERN, COHORT, CLUSTER and/or STRATIFICATION variables.
  Number of cases with unknown or missing values:  5
   2 WARNING(S) FOUND IN THE INPUT INSTRUCTIONS



PxVx Bivariate LCM-SR - 40splitgroup - Linear bfas_oi with Linear aspfin_d;

SUMMARY OF ANALYSIS

Number of groups                                                 2
Number of observations
   Group EARLIER                                               534
   Group LATER                                                 330
   Total sample size                                           864

Number of dependent variables                                    8
Number of independent variables                                  0
Number of continuous latent variables                           12

Observed dependent variables

  Continuous
   ABFAS_OI    BBFAS_OI    CBFAS_OI    DBFAS_OI    AASPFIN_D   BASPFIN_D
   CASPFIN_D   DASPFIN_D

Continuous latent variables
   P1          P2          P3          P4          V1          V2
   V3          V4          I_BFAS_O    S_BFAS_O    I_ASPFIN    S_ASPFIN

Variables with special functions

  Grouping variable     AAGEGRP

  Time scores
   A1          A2          A3          A4


Estimator                                                      MLR
Information matrix                                        OBSERVED
Maximum number of iterations                                   100
Convergence criterion                                    0.100D-05
Maximum number of EM iterations                                500
Convergence criteria for the EM algorithm
  Loglikelihood change                                   0.100D-02
  Relative loglikelihood change                          0.100D-05
  Derivative                                             0.100D-03
Minimum variance                                         0.100D-03
Maximum number of steepest descent iterations                   20
Maximum number of iterations for H1                           2000
Convergence criterion for H1                             0.100D-03
Optimization algorithm                                         EMA

Input data file(s)
  /home/jflournoy/code_new/lnt_pxvx/Data/lnt_nat_recalc.tsv
Input data format  FREE


SUMMARY OF DATA

   Group EARLIER
     Number of missing data patterns            15

   Group LATER
     Number of missing data patterns            14


SUMMARY OF MISSING DATA PATTERNS


     MISSING DATA PATTERNS (x = not missing) FOR EARLIER

           1  2  3  4  5  6  7  8  9 10 11 12 13 14 15
 ABFAS_OI  x  x  x  x  x  x  x  x  x  x     x  x  x  x
 BBFAS_OI  x     x     x  x        x  x  x  x        x
 CBFAS_OI  x        x     x     x        x  x  x     x
 DBFAS_OI  x     x  x        x           x     x  x  x
 AASPFIN_  x  x  x  x  x  x  x  x     x  x  x  x  x  x
 BASPFIN_  x     x     x  x        x     x  x  x
 CASPFIN_  x        x     x     x        x  x  x     x
 DASPFIN_  x     x  x        x           x  x  x     x


     MISSING DATA PATTERN FREQUENCIES FOR EARLIER

    Pattern   Frequency     Pattern   Frequency     Pattern   Frequency
          1         327           6          21          11           1
          2         101           7          14          12           1
          3          14           8          12          13           1
          4          12           9           1          14           1
          5          26          10           1          15           1


     MISSING DATA PATTERNS (x = not missing) FOR LATER

           1  2  3  4  5  6  7  8  9 10 11 12 13 14
 ABFAS_OI  x  x  x  x  x  x  x  x  x     x  x  x  x
 BBFAS_OI  x     x     x  x        x  x  x  x     x
 CBFAS_OI  x        x     x     x     x  x  x
 DBFAS_OI  x     x  x        x        x  x  x     x
 AASPFIN_  x  x  x  x  x  x  x  x  x  x  x  x     x
 BASPFIN_  x     x     x  x           x     x
 CASPFIN_  x        x     x     x     x  x
 DASPFIN_  x     x  x        x        x  x  x     x


     MISSING DATA PATTERN FREQUENCIES FOR LATER

    Pattern   Frequency     Pattern   Frequency     Pattern   Frequency
          1         164           6          26          11           1
          2          68           7          10          12           1
          3          12           8          12          13           1
          4           9           9           2          14           1
          5          22          10           1


COVARIANCE COVERAGE OF DATA

Minimum covariance coverage value   0.100


     PROPORTION OF DATA PRESENT FOR EARLIER


           Covariance Coverage
              ABFAS_OI      BBFAS_OI      CBFAS_OI      DBFAS_OI      AASPFIN_
              ________      ________      ________      ________      ________
 ABFAS_OI       0.998
 BBFAS_OI       0.734         0.736
 CBFAS_OI       0.702         0.657         0.704
 DBFAS_OI       0.693         0.642         0.640         0.695
 AASPFIN_       0.996         0.734         0.704         0.695         0.998
 BASPFIN_       0.732         0.732         0.657         0.642         0.732
 CASPFIN_       0.702         0.657         0.704         0.640         0.704
 DASPFIN_       0.693         0.644         0.642         0.693         0.695


           Covariance Coverage
              BASPFIN_      CASPFIN_      DASPFIN_
              ________      ________      ________
 BASPFIN_       0.734
 CASPFIN_       0.657         0.704
 DASPFIN_       0.644         0.642         0.695


     PROPORTION OF DATA PRESENT FOR LATER


           Covariance Coverage
              ABFAS_OI      BBFAS_OI      CBFAS_OI      DBFAS_OI      AASPFIN_
              ________      ________      ________      ________      ________
 ABFAS_OI       0.997
 BBFAS_OI       0.691         0.694
 CBFAS_OI       0.645         0.582         0.648
 DBFAS_OI       0.597         0.536         0.530         0.600
 AASPFIN_       0.991         0.688         0.648         0.600         0.994
 BASPFIN_       0.691         0.691         0.585         0.539         0.688
 CASPFIN_       0.645         0.582         0.648         0.530         0.648
 DASPFIN_       0.597         0.539         0.533         0.597         0.600


           Covariance Coverage
              BASPFIN_      CASPFIN_      DASPFIN_
              ________      ________      ________
 BASPFIN_       0.694
 CASPFIN_       0.585         0.648
 DASPFIN_       0.542         0.533         0.600


SAMPLE STATISTICS


     ESTIMATED SAMPLE STATISTICS FOR EARLIER


           Means
              ABFAS_OI      BBFAS_OI      CBFAS_OI      DBFAS_OI      AASPFIN_
              ________      ________      ________      ________      ________
               75.975        75.319        75.288        75.597        44.178


           Means
              BASPFIN_      CASPFIN_      DASPFIN_
              ________      ________      ________
               45.454        44.802        44.837


           Covariances
              ABFAS_OI      BBFAS_OI      CBFAS_OI      DBFAS_OI      AASPFIN_
              ________      ________      ________      ________      ________
 ABFAS_OI     251.807
 BBFAS_OI     199.591       239.988
 CBFAS_OI     199.639       204.764       267.303
 DBFAS_OI     189.407       186.672       209.012       249.222
 AASPFIN_     -55.769       -57.674       -56.985       -28.437       595.711
 BASPFIN_     -59.609       -52.364       -53.603       -26.376       474.118
 CASPFIN_     -75.042       -59.440       -78.061       -51.390       481.489
 DASPFIN_     -49.232       -44.398       -61.391       -37.292       449.095


           Covariances
              BASPFIN_      CASPFIN_      DASPFIN_
              ________      ________      ________
 BASPFIN_     642.313
 CASPFIN_     511.259       667.241
 DASPFIN_     487.946       513.234       656.814


           Correlations
              ABFAS_OI      BBFAS_OI      CBFAS_OI      DBFAS_OI      AASPFIN_
              ________      ________      ________      ________      ________
 ABFAS_OI       1.000
 BBFAS_OI       0.812         1.000
 CBFAS_OI       0.770         0.808         1.000
 DBFAS_OI       0.756         0.763         0.810         1.000
 AASPFIN_      -0.144        -0.153        -0.143        -0.074         1.000
 BASPFIN_      -0.148        -0.133        -0.129        -0.066         0.766
 CASPFIN_      -0.183        -0.149        -0.185        -0.126         0.764
 DASPFIN_      -0.121        -0.112        -0.147        -0.092         0.718


           Correlations
              BASPFIN_      CASPFIN_      DASPFIN_
              ________      ________      ________
 BASPFIN_       1.000
 CASPFIN_       0.781         1.000
 DASPFIN_       0.751         0.775         1.000


     ESTIMATED SAMPLE STATISTICS FOR LATER


           Means
              ABFAS_OI      BBFAS_OI      CBFAS_OI      DBFAS_OI      AASPFIN_
              ________      ________      ________      ________      ________
               74.593        74.639        73.477        73.383        39.722


           Means
              BASPFIN_      CASPFIN_      DASPFIN_
              ________      ________      ________
               40.436        40.948        42.398


           Covariances
              ABFAS_OI      BBFAS_OI      CBFAS_OI      DBFAS_OI      AASPFIN_
              ________      ________      ________      ________      ________
 ABFAS_OI     258.005
 BBFAS_OI     204.556       243.264
 CBFAS_OI     213.559       213.031       263.219
 DBFAS_OI     218.107       216.267       233.957       272.564
 AASPFIN_     -26.265       -19.634         9.839       -21.955       540.991
 BASPFIN_     -19.551        -7.088         9.081       -15.379       394.891
 CASPFIN_     -28.000       -14.227         7.859       -23.043       368.288
 DASPFIN_     -34.417       -21.672        15.502       -19.246       375.086


           Covariances
              BASPFIN_      CASPFIN_      DASPFIN_
              ________      ________      ________
 BASPFIN_     515.074
 CASPFIN_     364.930       467.315
 DASPFIN_     344.856       363.389       501.871


           Correlations
              ABFAS_OI      BBFAS_OI      CBFAS_OI      DBFAS_OI      AASPFIN_
              ________      ________      ________      ________      ________
 ABFAS_OI       1.000
 BBFAS_OI       0.817         1.000
 CBFAS_OI       0.819         0.842         1.000
 DBFAS_OI       0.822         0.840         0.873         1.000
 AASPFIN_      -0.070        -0.054         0.026        -0.057         1.000
 BASPFIN_      -0.054        -0.020         0.025        -0.041         0.748
 CASPFIN_      -0.081        -0.042         0.022        -0.065         0.732
 DASPFIN_      -0.096        -0.062         0.043        -0.052         0.720


           Correlations
              BASPFIN_      CASPFIN_      DASPFIN_
              ________      ________      ________
 BASPFIN_       1.000
 CASPFIN_       0.744         1.000
 DASPFIN_       0.678         0.750         1.000


     MAXIMUM LOG-LIKELIHOOD VALUE FOR THE UNRESTRICTED (H1) MODEL IS -21244.264


UNIVARIATE SAMPLE STATISTICS


     UNIVARIATE HIGHER-ORDER MOMENT DESCRIPTIVE STATISTICS FOR EARLIER

         Variable/         Mean/     Skewness/   Minimum/ % with                Percentiles
        Sample Size      Variance    Kurtosis    Maximum  Min/Max      20%/60%    40%/80%    Median

     ABFAS_OI             75.965      -0.573      15.000    0.19%      62.500     72.500     77.500
             533.000     252.091       0.018     100.000    5.44%      80.000     90.000
     BBFAS_OI             75.287      -0.411      32.500    0.51%      62.500     72.500     77.500
             393.000     234.524      -0.514     100.000    3.05%      80.000     90.000
     CBFAS_OI             75.119      -0.591      22.500    0.27%      62.500     72.500     77.500
             376.000     263.399      -0.050     100.000    4.26%      82.500     90.000
     DBFAS_OI             76.089      -0.554      20.000    0.27%      62.500     72.500     77.500
             371.000     236.764       0.027     100.000    4.58%      82.500     90.000
     AASPFIN_D            44.215       0.323       0.000    3.19%      25.000     33.333     41.667
             533.000     595.639      -0.591     100.000    2.81%      50.000     66.667
     BASPFIN_D            45.376       0.355       0.000    2.81%      25.000     33.333     41.667
             392.000     643.614      -0.634     100.000    4.34%      50.000     66.667
     CASPFIN_D            44.947       0.367       0.000    2.93%      25.000     33.333     41.667
             376.000     665.955      -0.721     100.000    3.99%      50.000     66.667
     DASPFIN_D            44.946       0.260       0.000    2.16%      16.667     33.333     41.667
             371.000     664.129      -0.848     100.000    3.23%      50.000     66.667


     UNIVARIATE HIGHER-ORDER MOMENT DESCRIPTIVE STATISTICS FOR LATER

         Variable/         Mean/     Skewness/   Minimum/ % with                Percentiles
        Sample Size      Variance    Kurtosis    Maximum  Min/Max      20%/60%    40%/80%    Median

     ABFAS_OI             74.578      -0.503      17.500    0.30%      62.500     70.000     75.000
             329.000     258.521       0.068     100.000    5.17%      80.000     90.000
     BBFAS_OI             75.192      -0.685      22.500    0.43%      62.500     75.000     76.250
             230.000     244.617       0.436     100.000    4.78%      80.000     87.500
     CBFAS_OI             74.171      -0.547      20.000    0.47%      60.000     72.500     75.000
             214.000     258.979       0.103     100.000    2.80%      80.000     90.000
     DBFAS_OI             75.229      -0.856      15.000    0.50%      62.500     72.500     77.500
             199.000     273.344       0.582     100.000    4.02%      82.500     90.000
     AASPFIN_D            39.716       0.441       0.000    5.78%      16.667     33.333     37.500
             329.000     540.987      -0.252     100.000    1.52%      41.667     58.333
     BASPFIN_D            40.118       0.545       0.000    3.10%      16.667     33.333     39.583
             226.000     516.130       0.018     100.000    2.65%      41.667     58.333
     CASPFIN_D            41.138       0.431       0.000    2.82%      25.000     33.333     41.667
             213.000     474.503      -0.176     100.000    1.41%      41.667     58.333
     DASPFIN_D            42.630       0.484       0.000    1.51%      25.000     33.333     41.667
             199.000     518.684      -0.384     100.000    1.51%      50.000     58.333


THE MODEL ESTIMATION TERMINATED NORMALLY



MODEL FIT INFORMATION

Number of Free Parameters                       34

Loglikelihood

          H0 Value                      -21275.714
          H0 Scaling Correction Factor      1.2077
            for MLR

Information Criteria

          Akaike (AIC)                   42619.429
          Bayesian (BIC)                 42781.322
          Sample-Size Adjusted BIC       42673.347
            (n* = (n + 2) / 24)



MODEL RESULTS

                                                    Two-Tailed
                    Estimate       S.E.  Est./S.E.    P-Value

Group EARLIER

 P1       BY
    ABFAS_OI           1.000      0.000    999.000    999.000

 P2       BY
    BBFAS_OI           1.000      0.000    999.000    999.000

 P3       BY
    CBFAS_OI           1.000      0.000    999.000    999.000

 P4       BY
    DBFAS_OI           1.000      0.000    999.000    999.000

 V1       BY
    AASPFIN_D          1.000      0.000    999.000    999.000

 V2       BY
    BASPFIN_D          1.000      0.000    999.000    999.000

 V3       BY
    CASPFIN_D          1.000      0.000    999.000    999.000

 V4       BY
    DASPFIN_D          1.000      0.000    999.000    999.000

 P4         ON
    P3                 0.226      0.073      3.093      0.002
    V3                -0.054      0.030     -1.829      0.067

 P3         ON
    P2                 0.226      0.073      3.093      0.002
    V2                -0.054      0.030     -1.829      0.067

 P2         ON
    P1                 0.226      0.073      3.093      0.002
    V1                -0.054      0.030     -1.829      0.067

 V4         ON
    V3                 0.121      0.078      1.558      0.119
    P3                -0.125      0.091     -1.366      0.172

 V3         ON
    V2                 0.121      0.078      1.558      0.119
    P2                -0.125      0.091     -1.366      0.172

 V2         ON
    V1                 0.121      0.078      1.558      0.119
    P1                -0.125      0.091     -1.366      0.172

 S_BFAS_O WITH
    I_BFAS_OI          0.059      0.616      0.095      0.924
    S_ASPFIN_D        -0.062      0.112     -0.552      0.581
    I_ASPFIN_D         4.054      2.478      1.636      0.102

 I_BFAS_O WITH
    S_ASPFIN_D        -1.789      2.575     -0.695      0.487
    I_ASPFIN_D       -30.945     15.357     -2.015      0.044

 S_ASPFIN WITH
    I_ASPFIN_D        -2.325      1.215     -1.913      0.056

 P1       WITH
    V1                 1.538      8.757      0.176      0.861

 P2       WITH
    V2               -10.843      4.689     -2.312      0.021

 P3       WITH
    V3               -10.843      4.689     -2.312      0.021

 P4       WITH
    V4               -10.843      4.689     -2.312      0.021

 Means
    P1                 0.000      0.000    999.000    999.000
    V1                 0.000      0.000    999.000    999.000
    I_BFAS_OI         75.347      0.518    145.496      0.000
    S_BFAS_OI         -0.069      0.046     -1.502      0.133
    I_ASPFIN_D        43.185      0.777     55.580      0.000
    S_ASPFIN_D        -0.128      0.067     -1.899      0.058

 Intercepts
    ABFAS_OI           0.000      0.000    999.000    999.000
    BBFAS_OI           0.000      0.000    999.000    999.000
    CBFAS_OI           0.000      0.000    999.000    999.000
    DBFAS_OI           0.000      0.000    999.000    999.000
    AASPFIN_D          0.000      0.000    999.000    999.000
    BASPFIN_D          0.000      0.000    999.000    999.000
    CASPFIN_D          0.000      0.000    999.000    999.000
    DASPFIN_D          0.000      0.000    999.000    999.000
    P2                 0.000      0.000    999.000    999.000
    P3                 0.000      0.000    999.000    999.000
    P4                 0.000      0.000    999.000    999.000
    V2                 0.000      0.000    999.000    999.000
    V3                 0.000      0.000    999.000    999.000
    V4                 0.000      0.000    999.000    999.000

 Variances
    P1                59.619      8.264      7.214      0.000
    V1               152.585     16.049      9.508      0.000
    I_BFAS_OI        180.108     13.796     13.055      0.000
    S_BFAS_OI          0.179      0.108      1.652      0.098
    I_ASPFIN_D       417.378     29.772     14.019      0.000
    S_ASPFIN_D         0.150      0.216      0.694      0.488

 Residual Variances
    ABFAS_OI           0.000      0.000    999.000    999.000
    BBFAS_OI           0.000      0.000    999.000    999.000
    CBFAS_OI           0.000      0.000    999.000    999.000
    DBFAS_OI           0.000      0.000    999.000    999.000
    AASPFIN_D          0.000      0.000    999.000    999.000
    BASPFIN_D          0.000      0.000    999.000    999.000
    CASPFIN_D          0.000      0.000    999.000    999.000
    DASPFIN_D          0.000      0.000    999.000    999.000
    P2                59.098      5.544     10.661      0.000
    P3                59.098      5.544     10.661      0.000
    P4                59.098      5.544     10.661      0.000
    V2               168.418     13.840     12.169      0.000
    V3               168.418     13.840     12.169      0.000
    V4               168.418     13.840     12.169      0.000

Group LATER

 P1       BY
    ABFAS_OI           1.000      0.000    999.000    999.000

 P2       BY
    BBFAS_OI           1.000      0.000    999.000    999.000

 P3       BY
    CBFAS_OI           1.000      0.000    999.000    999.000

 P4       BY
    DBFAS_OI           1.000      0.000    999.000    999.000

 V1       BY
    AASPFIN_D          1.000      0.000    999.000    999.000

 V2       BY
    BASPFIN_D          1.000      0.000    999.000    999.000

 V3       BY
    CASPFIN_D          1.000      0.000    999.000    999.000

 V4       BY
    DASPFIN_D          1.000      0.000    999.000    999.000

 P4         ON
    P3                 0.066      0.083      0.797      0.426
    V3                -0.019      0.031     -0.619      0.536

 P3         ON
    P2                 0.066      0.083      0.797      0.426
    V2                -0.019      0.031     -0.619      0.536

 P2         ON
    P1                 0.066      0.083      0.797      0.426
    V1                -0.019      0.031     -0.619      0.536

 V4         ON
    V3                 0.140      0.071      1.967      0.049
    P3                 0.112      0.105      1.072      0.284

 V3         ON
    V2                 0.140      0.071      1.967      0.049
    P2                 0.112      0.105      1.072      0.284

 V2         ON
    V1                 0.140      0.071      1.967      0.049
    P1                 0.112      0.105      1.072      0.284

 S_BFAS_O WITH
    I_BFAS_OI          0.059      0.616      0.095      0.924
    S_ASPFIN_D        -0.062      0.112     -0.552      0.581
    I_ASPFIN_D         4.054      2.478      1.636      0.102

 I_BFAS_O WITH
    S_ASPFIN_D        -1.789      2.575     -0.695      0.487
    I_ASPFIN_D       -30.945     15.357     -2.015      0.044

 S_ASPFIN WITH
    I_ASPFIN_D        -2.325      1.215     -1.913      0.056

 P1       WITH
    V1                -0.131      8.147     -0.016      0.987

 P2       WITH
    V2                 3.592      4.285      0.838      0.402

 P3       WITH
    V3                 3.592      4.285      0.838      0.402

 P4       WITH
    V4                 3.592      4.285      0.838      0.402

 Means
    P1                 0.000      0.000    999.000    999.000
    V1                 0.000      0.000    999.000    999.000
    I_BFAS_OI         75.347      0.518    145.496      0.000
    S_BFAS_OI         -0.069      0.046     -1.502      0.133
    I_ASPFIN_D        43.185      0.777     55.580      0.000
    S_ASPFIN_D        -0.128      0.067     -1.899      0.058

 Intercepts
    ABFAS_OI           0.000      0.000    999.000    999.000
    BBFAS_OI           0.000      0.000    999.000    999.000
    CBFAS_OI           0.000      0.000    999.000    999.000
    DBFAS_OI           0.000      0.000    999.000    999.000
    AASPFIN_D          0.000      0.000    999.000    999.000
    BASPFIN_D          0.000      0.000    999.000    999.000
    CASPFIN_D          0.000      0.000    999.000    999.000
    DASPFIN_D          0.000      0.000    999.000    999.000
    P2                 0.000      0.000    999.000    999.000
    P3                 0.000      0.000    999.000    999.000
    P4                 0.000      0.000    999.000    999.000
    V2                 0.000      0.000    999.000    999.000
    V3                 0.000      0.000    999.000    999.000
    V4                 0.000      0.000    999.000    999.000

 Variances
    P1                53.519      7.487      7.148      0.000
    V1               153.042     18.730      8.171      0.000
    I_BFAS_OI        180.108     13.796     13.055      0.000
    S_BFAS_OI          0.179      0.108      1.652      0.098
    I_ASPFIN_D       417.378     29.772     14.019      0.000
    S_ASPFIN_D         0.150      0.216      0.694      0.488

 Residual Variances
    ABFAS_OI           0.000      0.000    999.000    999.000
    BBFAS_OI           0.000      0.000    999.000    999.000
    CBFAS_OI           0.000      0.000    999.000    999.000
    DBFAS_OI           0.000      0.000    999.000    999.000
    AASPFIN_D          0.000      0.000    999.000    999.000
    BASPFIN_D          0.000      0.000    999.000    999.000
    CASPFIN_D          0.000      0.000    999.000    999.000
    DASPFIN_D          0.000      0.000    999.000    999.000
    P2                40.770      4.532      8.997      0.000
    P3                40.770      4.532      8.997      0.000
    P4                40.770      4.532      8.997      0.000
    V2               144.791     14.824      9.767      0.000
    V3               144.791     14.824      9.767      0.000
    V4               144.791     14.824      9.767      0.000


QUALITY OF NUMERICAL RESULTS

     Condition Number for the Information Matrix              0.261E-05
       (ratio of smallest to largest eigenvalue)


     Beginning Time:  17:41:21
        Ending Time:  17:41:32
       Elapsed Time:  00:00:11



MUTHEN & MUTHEN
3463 Stoner Ave.
Los Angeles, CA  90066

Tel: (310) 391-9971
Fax: (310) 391-8971
Web: www.StatModel.com
Support: Support@StatModel.com

Copyright (c) 1998-2017 Muthen & Muthen
