Mplus VERSION 8 (Linux)
MUTHEN & MUTHEN
07/08/2018   5:15 PM

INPUT INSTRUCTIONS


  title: PxVx Bivariate LCM-SR - decadegroup - Linear bfas_ac with Linear aspfin;
  data: file = /home/jflournoy/code_new/lnt_pxvx/Data/lnt_nat_recalc.tsv;

  variable:
  names =
  subjid
  aage
  aaspfin
  aaspfin_d
  abfa_mt
  abfa_mt_d
  abfas_ac
  abfas_ap
  abfas_ci
  abfas_co
  abfas_ea
  abfas_ee
  abfas_nv
  abfas_nv9
  abfas_nw
  abfas_oi
  abfas_oo
  abfi_a
  abfi_a6
  abfi_c
  abfi_d_scale
  abfi_e
  abfi_hp8
  abfi_n
  abfi_o
  abfi_s_scale
  ahrz_col
  ahrz_col_d
  ahrz_ind
  ahrz_ind_d
  amvi
  ausi
  ausi_d
  avrt_col
  avrt_col_d
  avrt_ind
  avrt_ind_d
  bage
  baspfin
  baspfin_d
  bbfa_mt
  bbfa_mt_d
  bbfas_ac
  bbfas_ap
  bbfas_ci
  bbfas_co
  bbfas_ea
  bbfas_ee
  bbfas_nv
  bbfas_nv9
  bbfas_nw
  bbfas_oi
  bbfas_oo
  bbfi_a
  bbfi_a6
  bbfi_c
  bbfi_d_scale
  bbfi_e
  bbfi_hp8
  bbfi_n
  bbfi_o
  bbfi_s_scale
  bhrz_col
  bhrz_col_d
  bhrz_ind
  bhrz_ind_d
  bmvi
  busi
  busi_d
  bvrt_col
  bvrt_col_d
  bvrt_ind
  bvrt_ind_d
  cage
  caspfin
  caspfin_d
  cbfa_mt
  cbfa_mt_d
  cbfas_ac
  cbfas_ap
  cbfas_ci
  cbfas_co
  cbfas_ea
  cbfas_ee
  cbfas_nv
  cbfas_nv9
  cbfas_nw
  cbfas_oi
  cbfas_oo
  cbfi_a
  cbfi_a6
  cbfi_c
  cbfi_d_scale
  cbfi_e
  cbfi_hp8
  cbfi_n
  cbfi_o
  cbfi_s_scale
  chrz_col
  chrz_col_d
  chrz_ind
  chrz_ind_d
  cmvi
  cusi
  cusi_d
  cvrt_col
  cvrt_col_d
  cvrt_ind
  cvrt_ind_d
  dage
  daspfin
  daspfin_d
  dbfa_mt
  dbfa_mt_d
  dbfas_ac
  dbfas_ap
  dbfas_ci
  dbfas_co
  dbfas_ea
  dbfas_ee
  dbfas_nv
  dbfas_nv9
  dbfas_nw
  dbfas_oi
  dbfas_oo
  dbfi_a
  dbfi_a6
  dbfi_c
  dbfi_d_scale
  dbfi_e
  dbfi_hp8
  dbfi_n
  dbfi_o
  dbfi_s_scale
  dhrz_col
  dhrz_col_d
  dhrz_ind
  dhrz_ind_d
  dmvi
  dusi
  dusi_d
  dvrt_col
  dvrt_col_d
  dvrt_ind
  dvrt_ind_d;

  USEVARIABLES =
  abfas_ac
  bbfas_ac
  cbfas_ac
  dbfas_ac
  aaspfin
  baspfin
  caspfin
  daspfin
  a1
  a2
  a3
  a4
  aagegrp
  ;

  missing = all (-9999);

  tscores = a1 a2 a3 a4;

  grouping = aagegrp (0=d2, 1=d3, 2=d4, 3=d5);

  DEFINE:

  aagegrp = aage;

  cut aagegrp (29 39 49);

  a1 = aage + 0 - 36;
  a2 = aage + 1 - 36;
  a3 = aage + 2 - 36;
  a4 = aage + 3 - 36;

  ANALYSIS:
  TYPE=RANDOM;
  PROCESSORS = 6;
  model=nocovariances; ! supresses default estimation of certain covs in model;

  MODEL:

  i_bfas_ac s_bfas_ac | abfas_ac bbfas_ac cbfas_ac dbfas_ac AT a1 a2 a3 a4;
  i_aspfin s_aspfin | aaspfin baspfin caspfin daspfin AT a1 a2 a3 a4;

  ! freeing factor covs because of "nocovariances"
  ! But ensure they are constrained across groups
  s_bfas_ac WITH i_bfas_ac (p)
  s_aspfin (q)
  i_aspfin (r);
  i_bfas_ac WITH s_aspfin (s)
  i_aspfin (t);
  s_aspfin WITH i_aspfin (u);

  !constrain latent growth means across groups
  [i_bfas_ac] (v);
  [s_bfas_ac] (w);
  [i_aspfin] (x);
  [s_aspfin] (y);

  !constrain latent growth variances across groups
  i_bfas_ac (l);
  s_bfas_ac (m);
  i_aspfin (n);
  s_aspfin (o);

  p1 BY abfas_ac@1; ! Residual "factors";
  p2 BY bbfas_ac@1;
  p3 BY cbfas_ac@1;
  p4 BY dbfas_ac@1;

  v1 BY aaspfin@1; ! Residual "factors";
  v2 BY baspfin@1;
  v3 BY caspfin@1;
  v4 BY daspfin@1;

  !residual variances on observed/manifest vars set to 0
  abfas_ac@0;
  bbfas_ac@0;
  cbfas_ac@0;
  dbfas_ac@0;

  !residual variances on observed/manifest vars set to 0
  aaspfin@0;
  baspfin@0;
  caspfin@0;
  daspfin@0;

  ! means of observed/manifest vars set to 0
  [abfas_ac@0];
  [bbfas_ac@0];
  [cbfas_ac@0];
  [dbfas_ac@0];

  ! means of observed/manifest vars set to 0
  [aaspfin@0];
  [baspfin@0];
  [caspfin@0];
  [daspfin@0];

  [p1@0]; ! means of residual "factors" set to 0
  [p2@0];
  [p3@0];
  [p4@0];

  [v1@0]; ! means of residual "factors" set to 0
  [v2@0];
  [v3@0];
  [v4@0];

  p4 on p3 (a); ! Autoregressive paths constrained to equality
  p3 on p2 (a);
  p2 on p1 (a);

  v4 on v3 (b); ! Autoregressive paths constrained to equality
  v3 on v2 (b);
  v2 on v1 (b);

  p4 on v3 (c); ! Cross-lagged paths constrained to equality
  p3 on v2 (c);
  p2 on v1 (c);

  v4 on p3 (d); ! Cross-lagged paths constrained to equality
  v3 on p2 (d);
  v2 on p1 (d);

  p1 with v1; !(this one is not like the others)

  p2 with v2 (e); ! Within-wave correlations constrained to equality
  p3 with v3 (e);
  p4 with v4 (e);

  p2 p3 p4 (f); ! estimate variances of residual "factors"
  v2 v3 v4 (g); ! estimate variances of residual "factors"

  MODEL d2:

  p4 on p3 (a2); ! Autoregressive paths constrained to equality
  p3 on p2 (a2);
  p2 on p1 (a2);

  v4 on v3 (b2); ! Autoregressive paths constrained to equality
  v3 on v2 (b2);
  v2 on v1 (b2);

  p4 on v3 (c2); ! Cross-lagged paths constrained to equality
  p3 on v2 (c2);
  p2 on v1 (c2);

  v4 on p3 (d2); ! Cross-lagged paths constrained to equality
  v3 on p2 (d2);
  v2 on p1 (d2);

  p1 with v1; !(this one is not like the others)

  p2 with v2 (e2); ! Within-wave correlations constrained to equality
  p3 with v3 (e2);
  p4 with v4 (e2);

  p2 p3 p4 (f2); ! estimate variances of residual "factors"
  v2 v3 v4 (g2); ! estimate variances of residual "factors"

  MODEL d3:

  p4 on p3 (a3); ! Autoregressive paths constrained to equality
  p3 on p2 (a3);
  p2 on p1 (a3);

  v4 on v3 (b3); ! Autoregressive paths constrained to equality
  v3 on v2 (b3);
  v2 on v1 (b3);

  p4 on v3 (c3); ! Cross-lagged paths constrained to equality
  p3 on v2 (c3);
  p2 on v1 (c3);

  v4 on p3 (d3); ! Cross-lagged paths constrained to equality
  v3 on p2 (d3);
  v2 on p1 (d3);

  p1 with v1; !(this one is not like the others)

  p2 with v2 (e3); ! Within-wave correlations constrained to equality
  p3 with v3 (e3);
  p4 with v4 (e3);

  p2 p3 p4 (f3); ! estimate variances of residual "factors"
  v2 v3 v4 (g3); ! estimate variances of residual "factors"

  MODEL d4:

  p4 on p3 (a4); ! Autoregressive paths constrained to equality
  p3 on p2 (a4);
  p2 on p1 (a4);

  v4 on v3 (b4); ! Autoregressive paths constrained to equality
  v3 on v2 (b4);
  v2 on v1 (b4);

  p4 on v3 (c4); ! Cross-lagged paths constrained to equality
  p3 on v2 (c4);
  p2 on v1 (c4);

  v4 on p3 (d4); ! Cross-lagged paths constrained to equality
  v3 on p2 (d4);
  v2 on p1 (d4);

  p1 with v1; !(this one is not like the others)

  p2 with v2 (e4); ! Within-wave correlations constrained to equality
  p3 with v3 (e4);
  p4 with v4 (e4);

  p2 p3 p4 (f4); ! estimate variances of residual "factors"
  v2 v3 v4 (g4); ! estimate variances of residual "factors"

  MODEL d5:

  p4 on p3 (a5); ! Autoregressive paths constrained to equality
  p3 on p2 (a5);
  p2 on p1 (a5);

  v4 on v3 (b5); ! Autoregressive paths constrained to equality
  v3 on v2 (b5);
  v2 on v1 (b5);

  p4 on v3 (c5); ! Cross-lagged paths constrained to equality
  p3 on v2 (c5);
  p2 on v1 (c5);

  v4 on p3 (d5); ! Cross-lagged paths constrained to equality
  v3 on p2 (d5);
  v2 on p1 (d5);

  p1 with v1; !(this one is not like the others)

  p2 with v2 (e5); ! Within-wave correlations constrained to equality
  p3 with v3 (e5);
  p4 with v4 (e5);

  p2 p3 p4 (f5); ! estimate variances of residual "factors"
  v2 v3 v4 (g5); ! estimate variances of residual "factors"

  OUTPUT: SAMPSTAT PATTERNS;



*** WARNING
  Data set contains unknown or missing values for GROUPING,
  PATTERN, COHORT, CLUSTER and/or STRATIFICATION variables.
  Number of cases with unknown or missing values:  5
   1 WARNING(S) FOUND IN THE INPUT INSTRUCTIONS



PxVx Bivariate LCM-SR - decadegroup - Linear bfas_ac with Linear aspfin;

SUMMARY OF ANALYSIS

Number of groups                                                 4
Number of observations
   Group D2                                                    301
   Group D3                                                    233
   Group D4                                                    198
   Group D5                                                    132
   Total sample size                                           864

Number of dependent variables                                    8
Number of independent variables                                  0
Number of continuous latent variables                           12

Observed dependent variables

  Continuous
   ABFAS_AC    BBFAS_AC    CBFAS_AC    DBFAS_AC    AASPFIN     BASPFIN
   CASPFIN     DASPFIN

Continuous latent variables
   P1          P2          P3          P4          V1          V2
   V3          V4          I_BFAS_A    S_BFAS_A    I_ASPFIN    S_ASPFIN

Variables with special functions

  Grouping variable     AAGEGRP

  Time scores
   A1          A2          A3          A4


Estimator                                                      MLR
Information matrix                                        OBSERVED
Maximum number of iterations                                   100
Convergence criterion                                    0.100D-05
Maximum number of EM iterations                                500
Convergence criteria for the EM algorithm
  Loglikelihood change                                   0.100D-02
  Relative loglikelihood change                          0.100D-05
  Derivative                                             0.100D-03
Minimum variance                                         0.100D-03
Maximum number of steepest descent iterations                   20
Maximum number of iterations for H1                           2000
Convergence criterion for H1                             0.100D-03
Optimization algorithm                                         EMA

Input data file(s)
  /home/jflournoy/code_new/lnt_pxvx/Data/lnt_nat_recalc.tsv
Input data format  FREE


SUMMARY OF DATA

   Group D2
     Number of missing data patterns            13

   Group D3
     Number of missing data patterns            10

   Group D4
     Number of missing data patterns            13

   Group D5
     Number of missing data patterns             9


SUMMARY OF MISSING DATA PATTERNS


     MISSING DATA PATTERNS (x = not missing) FOR D2

           1  2  3  4  5  6  7  8  9 10 11 12 13
 ABFAS_AC  x  x  x  x  x  x  x  x  x     x  x  x
 BBFAS_AC  x     x  x  x     x        x  x     x
 CBFAS_AC  x           x        x  x  x  x  x  x
 DBFAS_AC  x     x        x        x  x     x  x
 AASPFIN   x  x  x  x  x  x     x  x  x  x  x  x
 BASPFIN   x     x  x  x     x        x  x  x
 CASPFIN   x           x        x  x  x  x  x  x
 DASPFIN   x     x        x        x  x  x  x  x


     MISSING DATA PATTERN FREQUENCIES FOR D2

    Pattern   Frequency     Pattern   Frequency     Pattern   Frequency
          1         187           6          11          11           1
          2          57           7           1          12           1
          3           6           8           5          13           1
          4          11           9           5
          5          14          10           1


     MISSING DATA PATTERNS (x = not missing) FOR D3

           1  2  3  4  5  6  7  8  9 10
 ABFAS_AC  x  x  x  x  x  x  x  x  x  x
 BBFAS_AC  x     x  x  x           x
 CBFAS_AC  x           x     x  x
 DBFAS_AC  x     x        x     x     x
 AASPFIN   x  x  x  x  x  x  x  x  x  x
 BASPFIN   x     x  x  x
 CASPFIN   x           x     x  x
 DASPFIN   x     x        x     x


     MISSING DATA PATTERN FREQUENCIES FOR D3

    Pattern   Frequency     Pattern   Frequency     Pattern   Frequency
          1         140           5           7           9           1
          2          44           6           3          10           1
          3           8           7           7
          4          15           8           7


     MISSING DATA PATTERNS (x = not missing) FOR D4

           1  2  3  4  5  6  7  8  9 10 11 12 13
 ABFAS_AC  x  x  x  x  x  x  x  x  x  x  x  x  x
 BBFAS_AC  x     x  x  x           x  x  x     x
 CBFAS_AC  x           x     x  x  x     x
 DBFAS_AC  x     x        x     x  x     x     x
 AASPFIN   x  x  x  x  x  x  x  x  x  x  x     x
 BASPFIN   x     x  x  x                 x
 CASPFIN   x           x     x  x  x
 DASPFIN   x     x        x     x  x     x     x


     MISSING DATA PATTERN FREQUENCIES FOR D4

    Pattern   Frequency     Pattern   Frequency     Pattern   Frequency
          1         104           6           4          11           1
          2          39           7           6          12           1
          3           7           8           5          13           1
          4          12           9           1
          5          15          10           2


     MISSING DATA PATTERNS (x = not missing) FOR D5

           1  2  3  4  5  6  7  8  9
 ABFAS_AC  x  x  x  x  x  x  x  x
 BBFAS_AC  x     x  x  x           x
 CBFAS_AC  x           x     x  x  x
 DBFAS_AC  x     x        x     x  x
 AASPFIN   x  x  x  x  x  x  x  x  x
 BASPFIN   x     x  x  x           x
 CASPFIN   x           x     x  x  x
 DASPFIN   x     x        x     x  x


     MISSING DATA PATTERN FREQUENCIES FOR D5

    Pattern   Frequency     Pattern   Frequency     Pattern   Frequency
          1          60           4          10           7           6
          2          29           5          11           8           4
          3           5           6           6           9           1


COVARIANCE COVERAGE OF DATA

Minimum covariance coverage value   0.100


     PROPORTION OF DATA PRESENT FOR D2


           Covariance Coverage
              ABFAS_AC      BBFAS_AC      CBFAS_AC      DBFAS_AC      AASPFIN
              ________      ________      ________      ________      ________
 ABFAS_AC       0.997
 BBFAS_AC       0.734         0.738
 CBFAS_AC       0.711         0.678         0.714
 DBFAS_AC       0.701         0.648         0.648         0.704
 AASPFIN        0.993         0.734         0.714         0.704         0.997
 BASPFIN        0.734         0.734         0.678         0.648         0.734
 CASPFIN        0.711         0.678         0.714         0.648         0.714
 DASPFIN        0.704         0.651         0.651         0.704         0.708


           Covariance Coverage
              BASPFIN       CASPFIN       DASPFIN
              ________      ________      ________
 BASPFIN        0.738
 CASPFIN        0.678         0.714
 DASPFIN        0.651         0.651         0.708


     PROPORTION OF DATA PRESENT FOR D3


           Covariance Coverage
              ABFAS_AC      BBFAS_AC      CBFAS_AC      DBFAS_AC      AASPFIN
              ________      ________      ________      ________      ________
 ABFAS_AC       0.996
 BBFAS_AC       0.760         0.764
 CBFAS_AC       0.665         0.635         0.670
 DBFAS_AC       0.652         0.639         0.609         0.657
 AASPFIN        0.966         0.734         0.670         0.657         0.970
 BASPFIN        0.760         0.764         0.635         0.639         0.734
 CASPFIN        0.665         0.635         0.670         0.609         0.670
 DASPFIN        0.652         0.639         0.609         0.657         0.657


           Covariance Coverage
              BASPFIN       CASPFIN       DASPFIN
              ________      ________      ________
 BASPFIN        0.764
 CASPFIN        0.635         0.670
 DASPFIN        0.639         0.609         0.657


     PROPORTION OF DATA PRESENT FOR D4


           Covariance Coverage
              ABFAS_AC      BBFAS_AC      CBFAS_AC      DBFAS_AC      AASPFIN
              ________      ________      ________      ________      ________
 ABFAS_AC       0.990
 BBFAS_AC       0.737         0.747
 CBFAS_AC       0.646         0.621         0.657
 DBFAS_AC       0.596         0.576         0.551         0.606
 AASPFIN        0.960         0.717         0.657         0.606         0.970
 BASPFIN        0.737         0.742         0.621         0.576         0.717
 CASPFIN        0.646         0.621         0.657         0.551         0.657
 DASPFIN        0.601         0.581         0.556         0.606         0.611


           Covariance Coverage
              BASPFIN       CASPFIN       DASPFIN
              ________      ________      ________
 BASPFIN        0.747
 CASPFIN        0.621         0.657
 DASPFIN        0.581         0.556         0.611


     PROPORTION OF DATA PRESENT FOR D5


           Covariance Coverage
              ABFAS_AC      BBFAS_AC      CBFAS_AC      DBFAS_AC      AASPFIN
              ________      ________      ________      ________      ________
 ABFAS_AC       1.000
 BBFAS_AC       0.697         0.697
 CBFAS_AC       0.576         0.538         0.576
 DBFAS_AC       0.545         0.492         0.462         0.545
 AASPFIN        0.955         0.652         0.576         0.545         0.955
 BASPFIN        0.697         0.697         0.538         0.492         0.652
 CASPFIN        0.576         0.538         0.576         0.462         0.576
 DASPFIN        0.545         0.492         0.462         0.545         0.545


           Covariance Coverage
              BASPFIN       CASPFIN       DASPFIN
              ________      ________      ________
 BASPFIN        0.697
 CASPFIN        0.538         0.576
 DASPFIN        0.492         0.462         0.545


SAMPLE STATISTICS


     ESTIMATED SAMPLE STATISTICS FOR D2


           Means
              ABFAS_AC      BBFAS_AC      CBFAS_AC      DBFAS_AC      AASPFIN
              ________      ________      ________      ________      ________
               76.096        75.041        75.838        75.950        49.959


           Means
              BASPFIN       CASPFIN       DASPFIN
              ________      ________      ________
               50.071        49.731        48.150


           Covariances
              ABFAS_AC      BBFAS_AC      CBFAS_AC      DBFAS_AC      AASPFIN
              ________      ________      ________      ________      ________
 ABFAS_AC     295.834
 BBFAS_AC     242.281       305.521
 CBFAS_AC     203.573       245.172       278.562
 DBFAS_AC     212.032       222.120       231.119       272.736
 AASPFIN      -78.158       -97.327       -85.958       -71.933       543.126
 BASPFIN      -70.310      -123.197      -121.821      -106.821       397.900
 CASPFIN      -74.917      -107.322      -107.164       -98.344       412.348
 DASPFIN      -29.490       -67.068       -65.687       -55.000       388.058


           Covariances
              BASPFIN       CASPFIN       DASPFIN
              ________      ________      ________
 BASPFIN      518.805
 CASPFIN      436.849       579.241
 DASPFIN      417.806       452.176       606.491


           Correlations
              ABFAS_AC      BBFAS_AC      CBFAS_AC      DBFAS_AC      AASPFIN
              ________      ________      ________      ________      ________
 ABFAS_AC       1.000
 BBFAS_AC       0.806         1.000
 CBFAS_AC       0.709         0.840         1.000
 DBFAS_AC       0.746         0.769         0.839         1.000
 AASPFIN       -0.195        -0.239        -0.221        -0.187         1.000
 BASPFIN       -0.179        -0.309        -0.320        -0.284         0.750
 CASPFIN       -0.181        -0.255        -0.267        -0.247         0.735
 DASPFIN       -0.070        -0.156        -0.160        -0.135         0.676


           Correlations
              BASPFIN       CASPFIN       DASPFIN
              ________      ________      ________
 BASPFIN        1.000
 CASPFIN        0.797         1.000
 DASPFIN        0.745         0.763         1.000


     ESTIMATED SAMPLE STATISTICS FOR D3


           Means
              ABFAS_AC      BBFAS_AC      CBFAS_AC      DBFAS_AC      AASPFIN
              ________      ________      ________      ________      ________
               77.302        78.230        76.345        78.795        48.677


           Means
              BASPFIN       CASPFIN       DASPFIN
              ________      ________      ________
               48.566        49.120        49.135


           Covariances
              ABFAS_AC      BBFAS_AC      CBFAS_AC      DBFAS_AC      AASPFIN
              ________      ________      ________      ________      ________
 ABFAS_AC     240.549
 BBFAS_AC     192.604       257.016
 CBFAS_AC     194.145       217.561       277.259
 DBFAS_AC     164.736       182.468       197.745       217.753
 AASPFIN      -66.641       -72.856       -83.095       -69.105       503.648
 BASPFIN      -77.063       -86.125       -85.435       -73.497       444.007
 CASPFIN     -114.422      -113.167      -135.590      -122.591       415.110
 DASPFIN      -92.058       -96.038      -109.475      -103.293       430.227


           Covariances
              BASPFIN       CASPFIN       DASPFIN
              ________      ________      ________
 BASPFIN      599.396
 CASPFIN      489.563       588.655
 DASPFIN      474.260       451.722       559.908


           Correlations
              ABFAS_AC      BBFAS_AC      CBFAS_AC      DBFAS_AC      AASPFIN
              ________      ________      ________      ________      ________
 ABFAS_AC       1.000
 BBFAS_AC       0.775         1.000
 CBFAS_AC       0.752         0.815         1.000
 DBFAS_AC       0.720         0.771         0.805         1.000
 AASPFIN       -0.191        -0.202        -0.222        -0.209         1.000
 BASPFIN       -0.203        -0.219        -0.210        -0.203         0.808
 CASPFIN       -0.304        -0.291        -0.336        -0.342         0.762
 DASPFIN       -0.251        -0.253        -0.278        -0.296         0.810


           Correlations
              BASPFIN       CASPFIN       DASPFIN
              ________      ________      ________
 BASPFIN        1.000
 CASPFIN        0.824         1.000
 DASPFIN        0.819         0.787         1.000


     ESTIMATED SAMPLE STATISTICS FOR D4


           Means
              ABFAS_AC      BBFAS_AC      CBFAS_AC      DBFAS_AC      AASPFIN
              ________      ________      ________      ________      ________
               77.276        78.808        78.292        77.446        46.897


           Means
              BASPFIN       CASPFIN       DASPFIN
              ________      ________      ________
               46.269        47.606        48.531


           Covariances
              ABFAS_AC      BBFAS_AC      CBFAS_AC      DBFAS_AC      AASPFIN
              ________      ________      ________      ________      ________
 ABFAS_AC     219.768
 BBFAS_AC     158.425       198.982
 CBFAS_AC     173.897       170.560       228.550
 DBFAS_AC     182.211       174.688       193.986       251.867
 AASPFIN      -68.358       -66.568       -62.074       -47.120       466.421
 BASPFIN      -75.097       -67.603       -73.004       -54.950       355.872
 CASPFIN      -18.626        -2.263        -3.205        -6.121       309.914
 DASPFIN      -45.628       -43.599       -22.109       -20.973       323.963


           Covariances
              BASPFIN       CASPFIN       DASPFIN
              ________      ________      ________
 BASPFIN      465.170
 CASPFIN      334.670       409.384
 DASPFIN      342.566       341.135       443.941


           Correlations
              ABFAS_AC      BBFAS_AC      CBFAS_AC      DBFAS_AC      AASPFIN
              ________      ________      ________      ________      ________
 ABFAS_AC       1.000
 BBFAS_AC       0.758         1.000
 CBFAS_AC       0.776         0.800         1.000
 DBFAS_AC       0.774         0.780         0.809         1.000
 AASPFIN       -0.214        -0.219        -0.190        -0.137         1.000
 BASPFIN       -0.235        -0.222        -0.224        -0.161         0.764
 CASPFIN       -0.062        -0.008        -0.010        -0.019         0.709
 DASPFIN       -0.146        -0.147        -0.069        -0.063         0.712


           Correlations
              BASPFIN       CASPFIN       DASPFIN
              ________      ________      ________
 BASPFIN        1.000
 CASPFIN        0.767         1.000
 DASPFIN        0.754         0.800         1.000


     ESTIMATED SAMPLE STATISTICS FOR D5


           Means
              ABFAS_AC      BBFAS_AC      CBFAS_AC      DBFAS_AC      AASPFIN
              ________      ________      ________      ________      ________
               82.465        81.692        81.009        79.721        47.112


           Means
              BASPFIN       CASPFIN       DASPFIN
              ________      ________      ________
               47.667        47.547        48.137


           Covariances
              ABFAS_AC      BBFAS_AC      CBFAS_AC      DBFAS_AC      AASPFIN
              ________      ________      ________      ________      ________
 ABFAS_AC     267.375
 BBFAS_AC     169.294       166.298
 CBFAS_AC     191.683       142.184       227.496
 DBFAS_AC     226.665       164.856       208.041       274.656
 AASPFIN       -0.264        26.239        -2.174        15.578       395.410
 BASPFIN      -36.769        -9.586       -28.701       -47.306       309.793
 CASPFIN      -21.122        -0.325       -28.561       -22.071       306.832
 DASPFIN       -4.364       -12.397        16.268         4.585       294.201


           Covariances
              BASPFIN       CASPFIN       DASPFIN
              ________      ________      ________
 BASPFIN      426.940
 CASPFIN      344.241       443.609
 DASPFIN      337.729       344.671       441.299


           Correlations
              ABFAS_AC      BBFAS_AC      CBFAS_AC      DBFAS_AC      AASPFIN
              ________      ________      ________      ________      ________
 ABFAS_AC       1.000
 BBFAS_AC       0.803         1.000
 CBFAS_AC       0.777         0.731         1.000
 DBFAS_AC       0.836         0.771         0.832         1.000
 AASPFIN       -0.001         0.102        -0.007         0.047         1.000
 BASPFIN       -0.109        -0.036        -0.092        -0.138         0.754
 CASPFIN       -0.061        -0.001        -0.090        -0.063         0.733
 DASPFIN       -0.013        -0.046         0.051         0.013         0.704


           Correlations
              BASPFIN       CASPFIN       DASPFIN
              ________      ________      ________
 BASPFIN        1.000
 CASPFIN        0.791         1.000
 DASPFIN        0.778         0.779         1.000


     MAXIMUM LOG-LIKELIHOOD VALUE FOR THE UNRESTRICTED (H1) MODEL IS -21024.240


UNIVARIATE SAMPLE STATISTICS


     UNIVARIATE HIGHER-ORDER MOMENT DESCRIPTIVE STATISTICS FOR D2

         Variable/         Mean/     Skewness/   Minimum/ % with                Percentiles
        Sample Size      Variance    Kurtosis    Maximum  Min/Max      20%/60%    40%/80%    Median

     ABFAS_AC             76.056      -0.996      12.500    0.33%      62.500     75.000     80.000
             300.000     296.036       0.890     100.000    4.33%      82.500     90.000
     BBFAS_AC             75.413      -0.861      10.000    0.45%      61.111     75.000     77.500
             222.000     297.720       0.636     100.000    6.31%      82.500     90.000
     CBFAS_AC             75.775      -0.891      20.000    0.47%      65.000     75.000     77.500
             215.000     277.765       0.460     100.000    3.26%      82.500     90.000
     DBFAS_AC             76.226      -1.076      10.000    0.47%      65.000     75.000     80.000
             212.000     274.970       1.266     100.000    3.30%      82.500     90.000
     AASPFIN              50.022       0.093       0.000    2.00%      30.000     45.000     50.000
             300.000     542.967      -0.569     100.000    2.33%      55.000     70.000
     BASPFIN              49.510       0.182       0.000    0.90%      30.000     40.000     50.000
             222.000     518.770      -0.686     100.000    2.25%      55.000     70.000
     CASPFIN              49.953       0.245       0.000    0.47%      25.000     40.000     50.000
             215.000     571.161      -0.808     100.000    2.79%      55.000     70.000
     DASPFIN              47.958       0.215       0.000    0.94%      25.000     40.000     45.000
             213.000     612.144      -0.854     100.000    2.82%      55.000     70.000


     UNIVARIATE HIGHER-ORDER MOMENT DESCRIPTIVE STATISTICS FOR D3

         Variable/         Mean/     Skewness/   Minimum/ % with                Percentiles
        Sample Size      Variance    Kurtosis    Maximum  Min/Max      20%/60%    40%/80%    Median

     ABFAS_AC             77.302      -0.508      40.000    0.86%      62.500     75.000     77.500
             233.000     240.549      -0.591     100.000    5.58%      82.500     92.500
     BBFAS_AC             78.577      -0.742      27.500    0.58%      65.000     77.500     80.000
             171.000     262.688       0.015     100.000    7.02%      85.000     95.000
     CBFAS_AC             76.347      -0.625      27.500    0.62%      60.000     75.000     80.000
             161.000     283.665      -0.216     100.000    8.07%      82.500     92.500
     DBFAS_AC             79.347      -0.697      35.000    0.63%      67.500     77.500     82.500
             159.000     212.902       0.124     100.000    7.55%      85.000     92.500
     AASPFIN              48.677       0.286       0.000    1.29%      30.000     40.000     45.000
             233.000     503.648      -0.457     100.000    2.58%      50.000     70.000
     BASPFIN              48.493       0.297       0.000    1.18%      25.000     40.000     45.000
             170.000     621.009      -0.678     100.000    4.71%      55.000     70.000
     CASPFIN              48.665       0.321       0.000    0.62%      25.000     40.000     45.000
             161.000     609.552      -0.724     100.000    3.11%      50.000     70.000
     DASPFIN              48.679       0.221       5.000    1.27%      25.000     40.000     45.000
             158.000     581.650      -0.853     100.000    3.80%      55.000     70.000


     UNIVARIATE HIGHER-ORDER MOMENT DESCRIPTIVE STATISTICS FOR D4

         Variable/         Mean/     Skewness/   Minimum/ % with                Percentiles
        Sample Size      Variance    Kurtosis    Maximum  Min/Max      20%/60%    40%/80%    Median

     ABFAS_AC             77.276      -0.816      27.500    0.51%      67.500     75.000     77.500
             198.000     219.768       0.844     100.000    6.57%      80.556     90.000
     BBFAS_AC             78.640      -0.743      32.500    0.70%      70.000     77.500     77.778
             143.000     201.389       0.577     100.000    6.29%      82.500     92.500
     CBFAS_AC             78.655      -0.709      32.500    0.76%      67.500     75.000     78.889
             132.000     229.406       0.333     100.000    7.58%      82.500     92.500
     DBFAS_AC             77.667      -0.767      27.500    0.81%      67.500     75.000     80.000
             123.000     261.389       0.537     100.000   10.57%      82.500     92.500
     AASPFIN              46.846       0.347       0.000    1.02%      25.000     40.000     45.000
             197.000     466.015      -0.307     100.000    1.52%      50.000     65.000
     BASPFIN              45.902       0.447       5.000    0.72%      25.000     40.000     45.000
             139.000     457.670      -0.142     100.000    2.16%      45.000     60.000
     CASPFIN              48.330       0.228       0.000    1.53%      30.000     40.000     50.000
             131.000     415.926      -0.373     100.000    0.76%      50.000     65.000
     DASPFIN              48.333       0.233       0.000    0.81%      30.000     40.000     45.000
             123.000     439.702      -0.438      95.000    4.07%      55.000     65.000


     UNIVARIATE HIGHER-ORDER MOMENT DESCRIPTIVE STATISTICS FOR D5

         Variable/         Mean/     Skewness/   Minimum/ % with                Percentiles
        Sample Size      Variance    Kurtosis    Maximum  Min/Max      20%/60%    40%/80%    Median

     ABFAS_AC             82.309      -1.385       7.500    0.76%      71.875     82.500     87.500
             131.000     265.739       2.524     100.000   12.21%      90.000     95.000
     BBFAS_AC             83.004      -1.094      42.500    1.15%      75.000     82.500     85.000
              87.000     171.564       1.006     100.000    9.20%      88.889     92.500
     CBFAS_AC             82.226      -1.341      17.500    1.22%      70.000     82.500     87.500
              82.000     236.891       2.422     100.000    8.54%      90.000     95.000
     DBFAS_AC             82.664      -1.804       5.000    1.32%      72.500     80.000     85.000
              76.000     262.720       5.417     100.000   14.47%      87.500     97.500
     AASPFIN              47.112       0.407       0.000    0.76%      30.000     40.000     45.000
             132.000     395.410       0.099     100.000    1.52%      50.000     60.000
     BASPFIN              47.874       0.483      10.000    1.15%      30.000     40.000     45.000
              87.000     418.323      -0.313     100.000    2.30%      50.000     65.000
     CASPFIN              46.768       0.356       5.000    1.22%      25.000     40.000     45.000
              82.000     458.763      -0.244     100.000    2.44%      50.000     65.000
     DASPFIN              48.783       0.545      15.000    1.32%      30.000     40.000     45.000
              76.000     447.943      -0.500     100.000    2.63%      50.000     70.000


THE MODEL ESTIMATION TERMINATED NORMALLY



MODEL FIT INFORMATION

Number of Free Parameters                       54

Loglikelihood

          H0 Value                      -21116.176
          H0 Scaling Correction Factor      1.3005
            for MLR

Information Criteria

          Akaike (AIC)                   42340.352
          Bayesian (BIC)                 42597.476
          Sample-Size Adjusted BIC       42425.986
            (n* = (n + 2) / 24)



MODEL RESULTS

                                                    Two-Tailed
                    Estimate       S.E.  Est./S.E.    P-Value

Group D2

 P1       BY
    ABFAS_AC           1.000      0.000    999.000    999.000

 P2       BY
    BBFAS_AC           1.000      0.000    999.000    999.000

 P3       BY
    CBFAS_AC           1.000      0.000    999.000    999.000

 P4       BY
    DBFAS_AC           1.000      0.000    999.000    999.000

 V1       BY
    AASPFIN            1.000      0.000    999.000    999.000

 V2       BY
    BASPFIN            1.000      0.000    999.000    999.000

 V3       BY
    CASPFIN            1.000      0.000    999.000    999.000

 V4       BY
    DASPFIN            1.000      0.000    999.000    999.000

 P4         ON
    P3                 0.333      0.087      3.823      0.000
    V3                -0.039      0.046     -0.849      0.396

 P3         ON
    P2                 0.333      0.087      3.823      0.000
    V2                -0.039      0.046     -0.849      0.396

 P2         ON
    P1                 0.333      0.087      3.823      0.000
    V1                -0.039      0.046     -0.849      0.396

 V4         ON
    V3                 0.157      0.090      1.740      0.082
    P3                 0.070      0.102      0.690      0.490

 V3         ON
    V2                 0.157      0.090      1.740      0.082
    P2                 0.070      0.102      0.690      0.490

 V2         ON
    V1                 0.157      0.090      1.740      0.082
    P1                 0.070      0.102      0.690      0.490

 S_BFAS_A WITH
    I_BFAS_AC         -1.024      0.773     -1.325      0.185
    S_ASPFIN           0.060      0.113      0.529      0.597
    I_ASPFIN           1.187      2.486      0.478      0.633

 I_BFAS_A WITH
    S_ASPFIN           0.544      2.562      0.212      0.832
    I_ASPFIN         -69.575     14.645     -4.751      0.000

 S_ASPFIN WITH
    I_ASPFIN          -2.028      1.190     -1.704      0.088

 P1       WITH
    V1               -25.848     12.463     -2.074      0.038

 P2       WITH
    V2                -4.848      7.556     -0.642      0.521

 P3       WITH
    V3                -4.848      7.556     -0.642      0.521

 P4       WITH
    V4                -4.848      7.556     -0.642      0.521

 Means
    P1                 0.000      0.000    999.000    999.000
    V1                 0.000      0.000    999.000    999.000
    I_BFAS_AC         77.491      0.513    151.006      0.000
    S_BFAS_AC          0.136      0.047      2.896      0.004
    I_ASPFIN          48.547      0.727     66.785      0.000
    S_ASPFIN          -0.061      0.063     -0.965      0.334

 Intercepts
    ABFAS_AC           0.000      0.000    999.000    999.000
    BBFAS_AC           0.000      0.000    999.000    999.000
    CBFAS_AC           0.000      0.000    999.000    999.000
    DBFAS_AC           0.000      0.000    999.000    999.000
    AASPFIN            0.000      0.000    999.000    999.000
    BASPFIN            0.000      0.000    999.000    999.000
    CASPFIN            0.000      0.000    999.000    999.000
    DASPFIN            0.000      0.000    999.000    999.000
    P2                 0.000      0.000    999.000    999.000
    P3                 0.000      0.000    999.000    999.000
    P4                 0.000      0.000    999.000    999.000
    V2                 0.000      0.000    999.000    999.000
    V3                 0.000      0.000    999.000    999.000
    V4                 0.000      0.000    999.000    999.000

 Variances
    P1                96.872     13.663      7.090      0.000
    V1               167.679     21.639      7.749      0.000
    I_BFAS_AC        173.329     15.198     11.405      0.000
    S_BFAS_AC          0.156      0.133      1.172      0.241
    I_ASPFIN         367.984     25.093     14.665      0.000
    S_ASPFIN           0.147      0.186      0.791      0.429

 Residual Variances
    ABFAS_AC           0.000      0.000    999.000    999.000
    BBFAS_AC           0.000      0.000    999.000    999.000
    CBFAS_AC           0.000      0.000    999.000    999.000
    DBFAS_AC           0.000      0.000    999.000    999.000
    AASPFIN            0.000      0.000    999.000    999.000
    BASPFIN            0.000      0.000    999.000    999.000
    CASPFIN            0.000      0.000    999.000    999.000
    DASPFIN            0.000      0.000    999.000    999.000
    P2                64.249      7.271      8.836      0.000
    P3                64.249      7.271      8.836      0.000
    P4                64.249      7.271      8.836      0.000
    V2               149.408     16.567      9.019      0.000
    V3               149.408     16.567      9.019      0.000
    V4               149.408     16.567      9.019      0.000

Group D3

 P1       BY
    ABFAS_AC           1.000      0.000    999.000    999.000

 P2       BY
    BBFAS_AC           1.000      0.000    999.000    999.000

 P3       BY
    CBFAS_AC           1.000      0.000    999.000    999.000

 P4       BY
    DBFAS_AC           1.000      0.000    999.000    999.000

 V1       BY
    AASPFIN            1.000      0.000    999.000    999.000

 V2       BY
    BASPFIN            1.000      0.000    999.000    999.000

 V3       BY
    CASPFIN            1.000      0.000    999.000    999.000

 V4       BY
    DASPFIN            1.000      0.000    999.000    999.000

 P4         ON
    P3                 0.166      0.122      1.360      0.174
    V3                -0.068      0.059     -1.152      0.249

 P3         ON
    P2                 0.166      0.122      1.360      0.174
    V2                -0.068      0.059     -1.152      0.249

 P2         ON
    P1                 0.166      0.122      1.360      0.174
    V1                -0.068      0.059     -1.152      0.249

 V4         ON
    V3                 0.125      0.146      0.855      0.393
    P3                -0.117      0.123     -0.950      0.342

 V3         ON
    V2                 0.125      0.146      0.855      0.393
    P2                -0.117      0.123     -0.950      0.342

 V2         ON
    V1                 0.125      0.146      0.855      0.393
    P1                -0.117      0.123     -0.950      0.342

 S_BFAS_A WITH
    I_BFAS_AC         -1.024      0.773     -1.325      0.185
    S_ASPFIN           0.060      0.113      0.529      0.597
    I_ASPFIN           1.187      2.486      0.478      0.633

 I_BFAS_A WITH
    S_ASPFIN           0.544      2.562      0.212      0.832
    I_ASPFIN         -69.575     14.645     -4.751      0.000

 S_ASPFIN WITH
    I_ASPFIN          -2.028      1.190     -1.704      0.088

 P1       WITH
    V1                 9.183     12.055      0.762      0.446

 P2       WITH
    V2               -17.256      9.431     -1.830      0.067

 P3       WITH
    V3               -17.256      9.431     -1.830      0.067

 P4       WITH
    V4               -17.256      9.431     -1.830      0.067

 Means
    P1                 0.000      0.000    999.000    999.000
    V1                 0.000      0.000    999.000    999.000
    I_BFAS_AC         77.491      0.513    151.006      0.000
    S_BFAS_AC          0.136      0.047      2.896      0.004
    I_ASPFIN          48.547      0.727     66.785      0.000
    S_ASPFIN          -0.061      0.063     -0.965      0.334

 Intercepts
    ABFAS_AC           0.000      0.000    999.000    999.000
    BBFAS_AC           0.000      0.000    999.000    999.000
    CBFAS_AC           0.000      0.000    999.000    999.000
    DBFAS_AC           0.000      0.000    999.000    999.000
    AASPFIN            0.000      0.000    999.000    999.000
    BASPFIN            0.000      0.000    999.000    999.000
    CASPFIN            0.000      0.000    999.000    999.000
    DASPFIN            0.000      0.000    999.000    999.000
    P2                 0.000      0.000    999.000    999.000
    P3                 0.000      0.000    999.000    999.000
    P4                 0.000      0.000    999.000    999.000
    V2                 0.000      0.000    999.000    999.000
    V3                 0.000      0.000    999.000    999.000
    V4                 0.000      0.000    999.000    999.000

 Variances
    P1                67.135     12.099      5.549      0.000
    V1                99.428     20.332      4.890      0.000
    I_BFAS_AC        173.329     15.198     11.405      0.000
    S_BFAS_AC          0.156      0.133      1.172      0.241
    I_ASPFIN         367.984     25.093     14.665      0.000
    S_ASPFIN           0.147      0.186      0.791      0.429

 Residual Variances
    ABFAS_AC           0.000      0.000    999.000    999.000
    BBFAS_AC           0.000      0.000    999.000    999.000
    CBFAS_AC           0.000      0.000    999.000    999.000
    DBFAS_AC           0.000      0.000    999.000    999.000
    AASPFIN            0.000      0.000    999.000    999.000
    BASPFIN            0.000      0.000    999.000    999.000
    CASPFIN            0.000      0.000    999.000    999.000
    DASPFIN            0.000      0.000    999.000    999.000
    P2                61.506      9.835      6.254      0.000
    P3                61.506      9.835      6.254      0.000
    P4                61.506      9.835      6.254      0.000
    V2               128.614     21.744      5.915      0.000
    V3               128.614     21.744      5.915      0.000
    V4               128.614     21.744      5.915      0.000

Group D4

 P1       BY
    ABFAS_AC           1.000      0.000    999.000    999.000

 P2       BY
    BBFAS_AC           1.000      0.000    999.000    999.000

 P3       BY
    CBFAS_AC           1.000      0.000    999.000    999.000

 P4       BY
    DBFAS_AC           1.000      0.000    999.000    999.000

 V1       BY
    AASPFIN            1.000      0.000    999.000    999.000

 V2       BY
    BASPFIN            1.000      0.000    999.000    999.000

 V3       BY
    CASPFIN            1.000      0.000    999.000    999.000

 V4       BY
    DASPFIN            1.000      0.000    999.000    999.000

 P4         ON
    P3                 0.048      0.117      0.410      0.682
    V3                -0.046      0.053     -0.866      0.387

 P3         ON
    P2                 0.048      0.117      0.410      0.682
    V2                -0.046      0.053     -0.866      0.387

 P2         ON
    P1                 0.048      0.117      0.410      0.682
    V1                -0.046      0.053     -0.866      0.387

 V4         ON
    V3                 0.160      0.092      1.732      0.083
    P3                 0.182      0.104      1.749      0.080

 V3         ON
    V2                 0.160      0.092      1.732      0.083
    P2                 0.182      0.104      1.749      0.080

 V2         ON
    V1                 0.160      0.092      1.732      0.083
    P1                 0.182      0.104      1.749      0.080

 S_BFAS_A WITH
    I_BFAS_AC         -1.024      0.773     -1.325      0.185
    S_ASPFIN           0.060      0.113      0.529      0.597
    I_ASPFIN           1.187      2.486      0.478      0.633

 I_BFAS_A WITH
    S_ASPFIN           0.544      2.562      0.212      0.832
    I_ASPFIN         -69.575     14.645     -4.751      0.000

 S_ASPFIN WITH
    I_ASPFIN          -2.028      1.190     -1.704      0.088

 P1       WITH
    V1                -3.040     10.477     -0.290      0.772

 P2       WITH
    V2                 5.686      6.552      0.868      0.386

 P3       WITH
    V3                 5.686      6.552      0.868      0.386

 P4       WITH
    V4                 5.686      6.552      0.868      0.386

 Means
    P1                 0.000      0.000    999.000    999.000
    V1                 0.000      0.000    999.000    999.000
    I_BFAS_AC         77.491      0.513    151.006      0.000
    S_BFAS_AC          0.136      0.047      2.896      0.004
    I_ASPFIN          48.547      0.727     66.785      0.000
    S_ASPFIN          -0.061      0.063     -0.965      0.334

 Intercepts
    ABFAS_AC           0.000      0.000    999.000    999.000
    BBFAS_AC           0.000      0.000    999.000    999.000
    CBFAS_AC           0.000      0.000    999.000    999.000
    DBFAS_AC           0.000      0.000    999.000    999.000
    AASPFIN            0.000      0.000    999.000    999.000
    BASPFIN            0.000      0.000    999.000    999.000
    CASPFIN            0.000      0.000    999.000    999.000
    DASPFIN            0.000      0.000    999.000    999.000
    P2                 0.000      0.000    999.000    999.000
    P3                 0.000      0.000    999.000    999.000
    P4                 0.000      0.000    999.000    999.000
    V2                 0.000      0.000    999.000    999.000
    V3                 0.000      0.000    999.000    999.000
    V4                 0.000      0.000    999.000    999.000

 Variances
    P1                54.929     10.649      5.158      0.000
    V1               142.528     22.799      6.252      0.000
    I_BFAS_AC        173.329     15.198     11.405      0.000
    S_BFAS_AC          0.156      0.133      1.172      0.241
    I_ASPFIN         367.984     25.093     14.665      0.000
    S_ASPFIN           0.147      0.186      0.791      0.429

 Residual Variances
    ABFAS_AC           0.000      0.000    999.000    999.000
    BBFAS_AC           0.000      0.000    999.000    999.000
    CBFAS_AC           0.000      0.000    999.000    999.000
    DBFAS_AC           0.000      0.000    999.000    999.000
    AASPFIN            0.000      0.000    999.000    999.000
    BASPFIN            0.000      0.000    999.000    999.000
    CASPFIN            0.000      0.000    999.000    999.000
    DASPFIN            0.000      0.000    999.000    999.000
    P2                48.543      8.509      5.705      0.000
    P3                48.543      8.509      5.705      0.000
    P4                48.543      8.509      5.705      0.000
    V2               110.241     14.768      7.465      0.000
    V3               110.241     14.768      7.465      0.000
    V4               110.241     14.768      7.465      0.000

Group D5

 P1       BY
    ABFAS_AC           1.000      0.000    999.000    999.000

 P2       BY
    BBFAS_AC           1.000      0.000    999.000    999.000

 P3       BY
    CBFAS_AC           1.000      0.000    999.000    999.000

 P4       BY
    DBFAS_AC           1.000      0.000    999.000    999.000

 V1       BY
    AASPFIN            1.000      0.000    999.000    999.000

 V2       BY
    BASPFIN            1.000      0.000    999.000    999.000

 V3       BY
    CASPFIN            1.000      0.000    999.000    999.000

 V4       BY
    DASPFIN            1.000      0.000    999.000    999.000

 P4         ON
    P3                 0.056      0.152      0.368      0.713
    V3                 0.071      0.046      1.557      0.119

 P3         ON
    P2                 0.056      0.152      0.368      0.713
    V2                 0.071      0.046      1.557      0.119

 P2         ON
    P1                 0.056      0.152      0.368      0.713
    V1                 0.071      0.046      1.557      0.119

 V4         ON
    V3                 0.069      0.113      0.609      0.543
    P3                 0.255      0.113      2.261      0.024

 V3         ON
    V2                 0.069      0.113      0.609      0.543
    P2                 0.255      0.113      2.261      0.024

 V2         ON
    V1                 0.069      0.113      0.609      0.543
    P1                 0.255      0.113      2.261      0.024

 S_BFAS_A WITH
    I_BFAS_AC         -1.024      0.773     -1.325      0.185
    S_ASPFIN           0.060      0.113      0.529      0.597
    I_ASPFIN           1.187      2.486      0.478      0.633

 I_BFAS_A WITH
    S_ASPFIN           0.544      2.562      0.212      0.832
    I_ASPFIN         -69.575     14.645     -4.751      0.000

 S_ASPFIN WITH
    I_ASPFIN          -2.028      1.190     -1.704      0.088

 P1       WITH
    V1                 2.262     12.795      0.177      0.860

 P2       WITH
    V2                 6.283      6.267      1.003      0.316

 P3       WITH
    V3                 6.283      6.267      1.003      0.316

 P4       WITH
    V4                 6.283      6.267      1.003      0.316

 Means
    P1                 0.000      0.000    999.000    999.000
    V1                 0.000      0.000    999.000    999.000
    I_BFAS_AC         77.491      0.513    151.006      0.000
    S_BFAS_AC          0.136      0.047      2.896      0.004
    I_ASPFIN          48.547      0.727     66.785      0.000
    S_ASPFIN          -0.061      0.063     -0.965      0.334

 Intercepts
    ABFAS_AC           0.000      0.000    999.000    999.000
    BBFAS_AC           0.000      0.000    999.000    999.000
    CBFAS_AC           0.000      0.000    999.000    999.000
    DBFAS_AC           0.000      0.000    999.000    999.000
    AASPFIN            0.000      0.000    999.000    999.000
    BASPFIN            0.000      0.000    999.000    999.000
    CASPFIN            0.000      0.000    999.000    999.000
    DASPFIN            0.000      0.000    999.000    999.000
    P2                 0.000      0.000    999.000    999.000
    P3                 0.000      0.000    999.000    999.000
    P4                 0.000      0.000    999.000    999.000
    V2                 0.000      0.000    999.000    999.000
    V3                 0.000      0.000    999.000    999.000
    V4                 0.000      0.000    999.000    999.000

 Variances
    P1                68.573     21.375      3.208      0.001
    V1               121.504     22.770      5.336      0.000
    I_BFAS_AC        173.329     15.198     11.405      0.000
    S_BFAS_AC          0.156      0.133      1.172      0.241
    I_ASPFIN         367.984     25.093     14.665      0.000
    S_ASPFIN           0.147      0.186      0.791      0.429

 Residual Variances
    ABFAS_AC           0.000      0.000    999.000    999.000
    BBFAS_AC           0.000      0.000    999.000    999.000
    CBFAS_AC           0.000      0.000    999.000    999.000
    DBFAS_AC           0.000      0.000    999.000    999.000
    AASPFIN            0.000      0.000    999.000    999.000
    BASPFIN            0.000      0.000    999.000    999.000
    CASPFIN            0.000      0.000    999.000    999.000
    DASPFIN            0.000      0.000    999.000    999.000
    P2                47.735      8.182      5.834      0.000
    P3                47.735      8.182      5.834      0.000
    P4                47.735      8.182      5.834      0.000
    V2                98.475     14.101      6.984      0.000
    V3                98.475     14.101      6.984      0.000
    V4                98.475     14.101      6.984      0.000


QUALITY OF NUMERICAL RESULTS

     Condition Number for the Information Matrix              0.882E-06
       (ratio of smallest to largest eigenvalue)


     Beginning Time:  17:15:49
        Ending Time:  17:16:01
       Elapsed Time:  00:00:12



MUTHEN & MUTHEN
3463 Stoner Ave.
Los Angeles, CA  90066

Tel: (310) 391-9971
Fax: (310) 391-8971
Web: www.StatModel.com
Support: Support@StatModel.com

Copyright (c) 1998-2017 Muthen & Muthen
