Mplus VERSION 8 (Linux)
MUTHEN & MUTHEN
07/07/2018   3:57 PM

INPUT INSTRUCTIONS


  title: PxVx Bivariate LCM-SR - post mi - Linear bfas_oi with Linear bfa_mt_d;
  data: file = /home/jflournoy/code_new/lnt_pxvx/Data/lnt_nat_recalc.tsv;

  variable:
  names =
  subjid
  aage
  aaspfin
  aaspfin_d
  abfa_mt
  abfa_mt_d
  abfas_ac
  abfas_ap
  abfas_ci
  abfas_co
  abfas_ea
  abfas_ee
  abfas_nv
  abfas_nv9
  abfas_nw
  abfas_oi
  abfas_oo
  abfi_a
  abfi_a6
  abfi_c
  abfi_d_scale
  abfi_e
  abfi_hp8
  abfi_n
  abfi_o
  abfi_s_scale
  ahrz_col
  ahrz_col_d
  ahrz_ind
  ahrz_ind_d
  amvi
  ausi
  ausi_d
  avrt_col
  avrt_col_d
  avrt_ind
  avrt_ind_d
  bage
  baspfin
  baspfin_d
  bbfa_mt
  bbfa_mt_d
  bbfas_ac
  bbfas_ap
  bbfas_ci
  bbfas_co
  bbfas_ea
  bbfas_ee
  bbfas_nv
  bbfas_nv9
  bbfas_nw
  bbfas_oi
  bbfas_oo
  bbfi_a
  bbfi_a6
  bbfi_c
  bbfi_d_scale
  bbfi_e
  bbfi_hp8
  bbfi_n
  bbfi_o
  bbfi_s_scale
  bhrz_col
  bhrz_col_d
  bhrz_ind
  bhrz_ind_d
  bmvi
  busi
  busi_d
  bvrt_col
  bvrt_col_d
  bvrt_ind
  bvrt_ind_d
  cage
  caspfin
  caspfin_d
  cbfa_mt
  cbfa_mt_d
  cbfas_ac
  cbfas_ap
  cbfas_ci
  cbfas_co
  cbfas_ea
  cbfas_ee
  cbfas_nv
  cbfas_nv9
  cbfas_nw
  cbfas_oi
  cbfas_oo
  cbfi_a
  cbfi_a6
  cbfi_c
  cbfi_d_scale
  cbfi_e
  cbfi_hp8
  cbfi_n
  cbfi_o
  cbfi_s_scale
  chrz_col
  chrz_col_d
  chrz_ind
  chrz_ind_d
  cmvi
  cusi
  cusi_d
  cvrt_col
  cvrt_col_d
  cvrt_ind
  cvrt_ind_d
  dage
  daspfin
  daspfin_d
  dbfa_mt
  dbfa_mt_d
  dbfas_ac
  dbfas_ap
  dbfas_ci
  dbfas_co
  dbfas_ea
  dbfas_ee
  dbfas_nv
  dbfas_nv9
  dbfas_nw
  dbfas_oi
  dbfas_oo
  dbfi_a
  dbfi_a6
  dbfi_c
  dbfi_d_scale
  dbfi_e
  dbfi_hp8
  dbfi_n
  dbfi_o
  dbfi_s_scale
  dhrz_col
  dhrz_col_d
  dhrz_ind
  dhrz_ind_d
  dmvi
  dusi
  dusi_d
  dvrt_col
  dvrt_col_d
  dvrt_ind
  dvrt_ind_d;

  USEVARIABLES =
  abfas_oi
  bbfas_oi
  cbfas_oi
  dbfas_oi
  abfa_mt_d
  bbfa_mt_d
  cbfa_mt_d
  dbfa_mt_d
  a1
  a2
  a3
  a4
  ;

  missing = all (-9999);

  tscores = a1 a2 a3 a4;

  DEFINE:
  a1 = aage + 0 - 36;
  a2 = aage + 1 - 36;
  a3 = aage + 2 - 36;
  a4 = aage + 3 - 36;

  ANALYSIS:
  TYPE=RANDOM;
  PROCESSORS = 6;
  model=nocovariances; ! supresses default estimation of certain covs in model;

  MODEL:

  i_bfas_oi s_bfas_oi | abfas_oi bbfas_oi cbfas_oi dbfas_oi AT a1 a2 a3 a4;
  i_bfa_mt_d s_bfa_mt_d | abfa_mt_d bbfa_mt_d cbfa_mt_d dbfa_mt_d AT a1 a2 a3 a4;

  ! freeing factor covs because of "nocovariances"
  s_bfas_oi WITH i_bfas_oi s_bfa_mt_d i_bfa_mt_d;
  i_bfas_oi WITH s_bfa_mt_d i_bfa_mt_d;
  s_bfa_mt_d WITH i_bfa_mt_d;

  p1 BY abfas_oi@1; ! Residual "factors";
  p2 BY bbfas_oi@1;
  p3 BY cbfas_oi@1;
  p4 BY dbfas_oi@1;

  v1 BY abfa_mt_d@1; ! Residual "factors";
  v2 BY bbfa_mt_d@1;
  v3 BY cbfa_mt_d@1;
  v4 BY dbfa_mt_d@1;

  !residual variances on observed/manifest vars set to 0
  abfas_oi@0;
  bbfas_oi@0;
  cbfas_oi@0;
  dbfas_oi@0;

  !residual variances on observed/manifest vars set to 0
  abfa_mt_d@0;
  bbfa_mt_d@0;
  cbfa_mt_d@0;
  dbfa_mt_d@0;

  ! means of observed/manifest vars set to 0
  [abfas_oi@0];
  [bbfas_oi@0];
  [cbfas_oi@0];
  [dbfas_oi@0];

  ! means of observed/manifest vars set to 0
  [abfa_mt_d@0];
  [bbfa_mt_d@0];
  [cbfa_mt_d@0];
  [dbfa_mt_d@0];

  [p1@0]; ! means of residual "factors" set to 0
  [p2@0];
  [p3@0];
  [p4@0];

  [v1@0]; ! means of residual "factors" set to 0
  [v2@0];
  [v3@0];
  [v4@0];

  p4 on p3 (a); ! Autoregressive paths constrained to equality
  p3 on p2 (a);
  p2 on p1 (a);

  v4 on v3 (b); ! Autoregressive paths constrained to equality
  v3 on v2 (b);
  v2 on v1 (b);

  p4 on v3 (c); ! Cross-lagged paths constrained to equality
  p3 on v2 (c);
  p2 on v1 (c);

  v4 on p3 (d); ! Cross-lagged paths constrained to equality
  v3 on p2 (d);
  v2 on p1 (d);

  p1 with v1; !(this one is not like the others)

  p2 with v2 (e); ! Within-wave correlations constrained to equality
  p3 with v3 (e);
  p4 with v4 (e);

  p2 p3 p4 (f); ! estimate variances of residual "factors"
  v2 v3 v4 (g); ! estimate variances of residual "factors"

  OUTPUT: SAMPSTAT PATTERNS;



*** WARNING in VARIABLE command
  Note that only the first 8 characters of variable names are used in the output.
  Shorten variable names to avoid any confusion.
*** WARNING
  Data set contains cases with missing on time scores but non-missing on the
  corresponding dependent variables.  These cases were not included in the analysis.
  Number of such cases:  5
   2 WARNING(S) FOUND IN THE INPUT INSTRUCTIONS



PxVx Bivariate LCM-SR - post mi - Linear bfas_oi with Linear bfa_mt_d;

SUMMARY OF ANALYSIS

Number of groups                                                 1
Number of observations                                         864

Number of dependent variables                                    8
Number of independent variables                                  0
Number of continuous latent variables                           12

Observed dependent variables

  Continuous
   ABFAS_OI    BBFAS_OI    CBFAS_OI    DBFAS_OI    ABFA_MT_D   BBFA_MT_D
   CBFA_MT_D   DBFA_MT_D

Continuous latent variables
   P1          P2          P3          P4          V1          V2
   V3          V4          I_BFAS_O    S_BFAS_O    I_BFA_MT    S_BFA_MT

Variables with special functions

  Time scores
   A1          A2          A3          A4


Estimator                                                      MLR
Information matrix                                        OBSERVED
Maximum number of iterations                                   100
Convergence criterion                                    0.100D-05
Maximum number of EM iterations                                500
Convergence criteria for the EM algorithm
  Loglikelihood change                                   0.100D-02
  Relative loglikelihood change                          0.100D-05
  Derivative                                             0.100D-03
Minimum variance                                         0.100D-03
Maximum number of steepest descent iterations                   20
Maximum number of iterations for H1                           2000
Convergence criterion for H1                             0.100D-03
Optimization algorithm                                         EMA

Input data file(s)
  /home/jflournoy/code_new/lnt_pxvx/Data/lnt_nat_recalc.tsv
Input data format  FREE


SUMMARY OF DATA

     Number of missing data patterns            11


SUMMARY OF MISSING DATA PATTERNS


     MISSING DATA PATTERNS (x = not missing)

           1  2  3  4  5  6  7  8  9 10 11
 ABFAS_OI  x  x  x  x  x  x  x  x  x     x
 BBFAS_OI  x     x  x        x     x  x  x
 CBFAS_OI  x           x     x  x  x  x  x
 DBFAS_OI  x     x     x  x        x  x  x
 ABFA_MT_  x  x  x  x  x  x  x  x  x
 BBFA_MT_  x     x  x        x        x  x
 CBFA_MT_  x           x     x  x  x  x  x
 DBFA_MT_  x     x     x  x        x  x  x


     MISSING DATA PATTERN FREQUENCIES

    Pattern   Frequency     Pattern   Frequency     Pattern   Frequency
          1         492           5          22           9           1
          2         170           6          25          10           2
          3          27           7          48          11           1
          4          52           8          24


COVARIANCE COVERAGE OF DATA

Minimum covariance coverage value   0.100


     PROPORTION OF DATA PRESENT


           Covariance Coverage
              ABFAS_OI      BBFAS_OI      CBFAS_OI      DBFAS_OI      ABFA_MT_
              ________      ________      ________      ________      ________
 ABFAS_OI       0.998
 BBFAS_OI       0.719         0.721
 CBFAS_OI       0.681         0.630         0.683
 DBFAS_OI       0.657         0.605         0.600         0.660
 ABFA_MT_       0.997         0.718         0.679         0.656         0.997
 BBFA_MT_       0.718         0.720         0.628         0.604         0.716
 CBFA_MT_       0.681         0.630         0.683         0.600         0.679
 DBFA_MT_       0.657         0.605         0.600         0.660         0.656


           Covariance Coverage
              BBFA_MT_      CBFA_MT_      DBFA_MT_
              ________      ________      ________
 BBFA_MT_       0.720
 CBFA_MT_       0.628         0.683
 DBFA_MT_       0.604         0.600         0.660


SAMPLE STATISTICS


     ESTIMATED SAMPLE STATISTICS


           Means
              ABFAS_OI      BBFAS_OI      CBFAS_OI      DBFAS_OI      ABFA_MT_
              ________      ________      ________      ________      ________
               75.446        75.034        74.572        74.781        39.232


           Means
              BBFA_MT_      CBFA_MT_      DBFA_MT_
              ________      ________      ________
               39.237        39.656        39.234


           Covariances
              ABFAS_OI      BBFAS_OI      CBFAS_OI      DBFAS_OI      ABFA_MT_
              ________      ________      ________      ________      ________
 ABFAS_OI     254.617
 BBFAS_OI     201.976       241.890
 CBFAS_OI     204.900       208.400       266.280
 DBFAS_OI     200.842       197.751       218.286       258.504
 ABFA_MT_     -75.159       -62.537       -42.905       -42.093       456.193
 BBFA_MT_     -62.927       -60.768       -51.024       -46.579       308.752
 CBFA_MT_     -68.209       -59.650       -61.578       -43.307       311.519
 DBFA_MT_     -57.216       -57.060       -54.600       -46.739       284.710


           Covariances
              BBFA_MT_      CBFA_MT_      DBFA_MT_
              ________      ________      ________
 BBFA_MT_     465.234
 CBFA_MT_     346.883       481.622
 DBFA_MT_     325.820       334.075       470.683


           Correlations
              ABFAS_OI      BBFAS_OI      CBFAS_OI      DBFAS_OI      ABFA_MT_
              ________      ________      ________      ________      ________
 ABFAS_OI       1.000
 BBFAS_OI       0.814         1.000
 CBFAS_OI       0.787         0.821         1.000
 DBFAS_OI       0.783         0.791         0.832         1.000
 ABFA_MT_      -0.221        -0.188        -0.123        -0.123         1.000
 BBFA_MT_      -0.183        -0.181        -0.145        -0.134         0.670
 CBFA_MT_      -0.195        -0.175        -0.172        -0.123         0.665
 DBFA_MT_      -0.165        -0.169        -0.154        -0.134         0.614


           Correlations
              BBFA_MT_      CBFA_MT_      DBFA_MT_
              ________      ________      ________
 BBFA_MT_       1.000
 CBFA_MT_       0.733         1.000
 DBFA_MT_       0.696         0.702         1.000


     MAXIMUM LOG-LIKELIHOOD VALUE FOR THE UNRESTRICTED (H1) MODEL IS -21156.831


UNIVARIATE SAMPLE STATISTICS


     UNIVARIATE HIGHER-ORDER MOMENT DESCRIPTIVE STATISTICS

         Variable/         Mean/     Skewness/   Minimum/ % with                Percentiles
        Sample Size      Variance    Kurtosis    Maximum  Min/Max      20%/60%    40%/80%    Median

     ABFAS_OI             75.436      -0.546      15.000    0.12%      62.500     72.500     77.500
             862.000     254.999       0.034     100.000    5.34%      80.000     90.000
     BBFAS_OI             75.252      -0.516      22.500    0.16%      62.500     72.500     77.500
             623.000     238.252      -0.142     100.000    3.69%      80.000     90.000
     CBFAS_OI             74.775      -0.574      20.000    0.17%      62.500     72.500     75.000
             590.000     262.004       0.002     100.000    3.73%      80.000     90.000
     DBFAS_OI             75.788      -0.681      15.000    0.18%      62.500     72.500     77.500
             570.000     249.703       0.297     100.000    4.39%      82.500     90.000
     ABFA_MT_D            39.281       0.306       0.000    3.25%      18.750     31.250     37.500
             861.000     456.243      -0.389     100.000    0.70%      43.750     56.250
     BBFA_MT_D            39.379       0.255       0.000    4.18%      18.750     31.250     37.500
             622.000     465.631      -0.456     100.000    0.48%      43.750     56.250
     CBFA_MT_D            39.989       0.253       0.000    4.41%      18.750     31.250     37.500
             590.000     478.303      -0.365     100.000    0.85%      43.750     56.250
     DBFA_MT_D            39.748       0.276       0.000    5.09%      18.750     31.250     37.500
             570.000     471.990      -0.315     100.000    0.70%      43.750     56.250


THE MODEL ESTIMATION TERMINATED NORMALLY



MODEL FIT INFORMATION

Number of Free Parameters                       24

Loglikelihood

          H0 Value                      -21167.152
          H0 Scaling Correction Factor      1.2032
            for MLR

Information Criteria

          Akaike (AIC)                   42382.304
          Bayesian (BIC)                 42496.582
          Sample-Size Adjusted BIC       42420.364
            (n* = (n + 2) / 24)



MODEL RESULTS

                                                    Two-Tailed
                    Estimate       S.E.  Est./S.E.    P-Value

 P1       BY
    ABFAS_OI           1.000      0.000    999.000    999.000

 P2       BY
    BBFAS_OI           1.000      0.000    999.000    999.000

 P3       BY
    CBFAS_OI           1.000      0.000    999.000    999.000

 P4       BY
    DBFAS_OI           1.000      0.000    999.000    999.000

 V1       BY
    ABFA_MT_D          1.000      0.000    999.000    999.000

 V2       BY
    BBFA_MT_D          1.000      0.000    999.000    999.000

 V3       BY
    CBFA_MT_D          1.000      0.000    999.000    999.000

 V4       BY
    DBFA_MT_D          1.000      0.000    999.000    999.000

 P4         ON
    P3                 0.181      0.061      2.946      0.003
    V3                 0.002      0.026      0.079      0.937

 P3         ON
    P2                 0.181      0.061      2.946      0.003
    V2                 0.002      0.026      0.079      0.937

 P2         ON
    P1                 0.181      0.061      2.946      0.003
    V1                 0.002      0.026      0.079      0.937

 V4         ON
    V3                 0.080      0.057      1.401      0.161
    P3                -0.012      0.077     -0.152      0.879

 V3         ON
    V2                 0.080      0.057      1.401      0.161
    P2                -0.012      0.077     -0.152      0.879

 V2         ON
    V1                 0.080      0.057      1.401      0.161
    P1                -0.012      0.077     -0.152      0.879

 S_BFAS_O WITH
    I_BFAS_OI         -0.050      0.601     -0.084      0.933
    S_BFA_MT_D        -0.011      0.098     -0.108      0.914
    I_BFA_MT_D         2.782      2.504      1.111      0.267

 I_BFAS_O WITH
    S_BFA_MT_D        -2.982      2.612     -1.142      0.254
    I_BFA_MT_D       -54.261     13.834     -3.922      0.000

 S_BFA_MT WITH
    I_BFA_MT_D        -1.055      0.950     -1.111      0.267

 P1       WITH
    V1               -19.254      6.166     -3.122      0.002

 P2       WITH
    V2                -3.683      4.321     -0.852      0.394

 P3       WITH
    V3                -3.683      4.321     -0.852      0.394

 P4       WITH
    V4                -3.683      4.321     -0.852      0.394

 Means
    P1                 0.000      0.000    999.000    999.000
    V1                 0.000      0.000    999.000    999.000
    I_BFAS_OI         75.258      0.515    146.086      0.000
    S_BFAS_OI         -0.061      0.046     -1.329      0.184
    I_BFA_MT_D        39.639      0.662     59.840      0.000
    S_BFA_MT_D        -0.196      0.062     -3.190      0.001

 Intercepts
    ABFAS_OI           0.000      0.000    999.000    999.000
    BBFAS_OI           0.000      0.000    999.000    999.000
    CBFAS_OI           0.000      0.000    999.000    999.000
    DBFAS_OI           0.000      0.000    999.000    999.000
    ABFA_MT_D          0.000      0.000    999.000    999.000
    BBFA_MT_D          0.000      0.000    999.000    999.000
    CBFA_MT_D          0.000      0.000    999.000    999.000
    DBFA_MT_D          0.000      0.000    999.000    999.000
    P2                 0.000      0.000    999.000    999.000
    P3                 0.000      0.000    999.000    999.000
    P4                 0.000      0.000    999.000    999.000
    V2                 0.000      0.000    999.000    999.000
    V3                 0.000      0.000    999.000    999.000
    V4                 0.000      0.000    999.000    999.000

 Variances
    P1                57.608      5.804      9.926      0.000
    V1               175.723     13.091     13.423      0.000
    I_BFAS_OI        182.210     13.394     13.604      0.000
    S_BFAS_OI          0.157      0.106      1.477      0.140
    I_BFA_MT_D       280.994     23.513     11.951      0.000
    S_BFA_MT_D         0.214      0.164      1.305      0.192

 Residual Variances
    ABFAS_OI           0.000      0.000    999.000    999.000
    BBFAS_OI           0.000      0.000    999.000    999.000
    CBFAS_OI           0.000      0.000    999.000    999.000
    DBFAS_OI           0.000      0.000    999.000    999.000
    ABFA_MT_D          0.000      0.000    999.000    999.000
    BBFA_MT_D          0.000      0.000    999.000    999.000
    CBFA_MT_D          0.000      0.000    999.000    999.000
    DBFA_MT_D          0.000      0.000    999.000    999.000
    P2                52.993      4.114     12.881      0.000
    P3                52.993      4.114     12.881      0.000
    P4                52.993      4.114     12.881      0.000
    V2               148.855     10.891     13.668      0.000
    V3               148.855     10.891     13.668      0.000
    V4               148.855     10.891     13.668      0.000


QUALITY OF NUMERICAL RESULTS

     Condition Number for the Information Matrix              0.396E-04
       (ratio of smallest to largest eigenvalue)


     Beginning Time:  15:57:06
        Ending Time:  15:57:19
       Elapsed Time:  00:00:13



MUTHEN & MUTHEN
3463 Stoner Ave.
Los Angeles, CA  90066

Tel: (310) 391-9971
Fax: (310) 391-8971
Web: www.StatModel.com
Support: Support@StatModel.com

Copyright (c) 1998-2017 Muthen & Muthen
