Mplus VERSION 8 (Linux)
MUTHEN & MUTHEN
07/07/2018   4:09 PM

INPUT INSTRUCTIONS


  title: PxVx Bivariate LCM-SR - post mi - Linear bfi_c with Linear vrt_col_d;
  data: file = /home/jflournoy/code_new/lnt_pxvx/Data/lnt_nat_recalc.tsv;

  variable:
  names =
  subjid
  aage
  aaspfin
  aaspfin_d
  abfa_mt
  abfa_mt_d
  abfas_ac
  abfas_ap
  abfas_ci
  abfas_co
  abfas_ea
  abfas_ee
  abfas_nv
  abfas_nv9
  abfas_nw
  abfas_oi
  abfas_oo
  abfi_a
  abfi_a6
  abfi_c
  abfi_d_scale
  abfi_e
  abfi_hp8
  abfi_n
  abfi_o
  abfi_s_scale
  ahrz_col
  ahrz_col_d
  ahrz_ind
  ahrz_ind_d
  amvi
  ausi
  ausi_d
  avrt_col
  avrt_col_d
  avrt_ind
  avrt_ind_d
  bage
  baspfin
  baspfin_d
  bbfa_mt
  bbfa_mt_d
  bbfas_ac
  bbfas_ap
  bbfas_ci
  bbfas_co
  bbfas_ea
  bbfas_ee
  bbfas_nv
  bbfas_nv9
  bbfas_nw
  bbfas_oi
  bbfas_oo
  bbfi_a
  bbfi_a6
  bbfi_c
  bbfi_d_scale
  bbfi_e
  bbfi_hp8
  bbfi_n
  bbfi_o
  bbfi_s_scale
  bhrz_col
  bhrz_col_d
  bhrz_ind
  bhrz_ind_d
  bmvi
  busi
  busi_d
  bvrt_col
  bvrt_col_d
  bvrt_ind
  bvrt_ind_d
  cage
  caspfin
  caspfin_d
  cbfa_mt
  cbfa_mt_d
  cbfas_ac
  cbfas_ap
  cbfas_ci
  cbfas_co
  cbfas_ea
  cbfas_ee
  cbfas_nv
  cbfas_nv9
  cbfas_nw
  cbfas_oi
  cbfas_oo
  cbfi_a
  cbfi_a6
  cbfi_c
  cbfi_d_scale
  cbfi_e
  cbfi_hp8
  cbfi_n
  cbfi_o
  cbfi_s_scale
  chrz_col
  chrz_col_d
  chrz_ind
  chrz_ind_d
  cmvi
  cusi
  cusi_d
  cvrt_col
  cvrt_col_d
  cvrt_ind
  cvrt_ind_d
  dage
  daspfin
  daspfin_d
  dbfa_mt
  dbfa_mt_d
  dbfas_ac
  dbfas_ap
  dbfas_ci
  dbfas_co
  dbfas_ea
  dbfas_ee
  dbfas_nv
  dbfas_nv9
  dbfas_nw
  dbfas_oi
  dbfas_oo
  dbfi_a
  dbfi_a6
  dbfi_c
  dbfi_d_scale
  dbfi_e
  dbfi_hp8
  dbfi_n
  dbfi_o
  dbfi_s_scale
  dhrz_col
  dhrz_col_d
  dhrz_ind
  dhrz_ind_d
  dmvi
  dusi
  dusi_d
  dvrt_col
  dvrt_col_d
  dvrt_ind
  dvrt_ind_d;

  USEVARIABLES =
  abfi_c
  bbfi_c
  cbfi_c
  dbfi_c
  avrt_col_d
  bvrt_col_d
  cvrt_col_d
  dvrt_col_d
  a1
  a2
  a3
  a4
  ;

  missing = all (-9999);

  tscores = a1 a2 a3 a4;

  DEFINE:
  a1 = aage + 0 - 36;
  a2 = aage + 1 - 36;
  a3 = aage + 2 - 36;
  a4 = aage + 3 - 36;

  ANALYSIS:
  TYPE=RANDOM;
  PROCESSORS = 6;
  model=nocovariances; ! supresses default estimation of certain covs in model;

  MODEL:

  i_bfi_c s_bfi_c | abfi_c bbfi_c cbfi_c dbfi_c AT a1 a2 a3 a4;
  i_vrt_col_d s_vrt_col_d | avrt_col_d bvrt_col_d cvrt_col_d dvrt_col_d AT a1 a2 a3 a4;

  ! freeing factor covs because of "nocovariances"
  s_bfi_c WITH i_bfi_c s_vrt_col_d i_vrt_col_d;
  i_bfi_c WITH s_vrt_col_d i_vrt_col_d;
  s_vrt_col_d WITH i_vrt_col_d;

  p1 BY abfi_c@1; ! Residual "factors";
  p2 BY bbfi_c@1;
  p3 BY cbfi_c@1;
  p4 BY dbfi_c@1;

  v1 BY avrt_col_d@1; ! Residual "factors";
  v2 BY bvrt_col_d@1;
  v3 BY cvrt_col_d@1;
  v4 BY dvrt_col_d@1;

  !residual variances on observed/manifest vars set to 0
  abfi_c@0;
  bbfi_c@0;
  cbfi_c@0;
  dbfi_c@0;

  !residual variances on observed/manifest vars set to 0
  avrt_col_d@0;
  bvrt_col_d@0;
  cvrt_col_d@0;
  dvrt_col_d@0;

  ! means of observed/manifest vars set to 0
  [abfi_c@0];
  [bbfi_c@0];
  [cbfi_c@0];
  [dbfi_c@0];

  ! means of observed/manifest vars set to 0
  [avrt_col_d@0];
  [bvrt_col_d@0];
  [cvrt_col_d@0];
  [dvrt_col_d@0];

  [p1@0]; ! means of residual "factors" set to 0
  [p2@0];
  [p3@0];
  [p4@0];

  [v1@0]; ! means of residual "factors" set to 0
  [v2@0];
  [v3@0];
  [v4@0];

  p4 on p3 (a); ! Autoregressive paths constrained to equality
  p3 on p2 (a);
  p2 on p1 (a);

  v4 on v3 (b); ! Autoregressive paths constrained to equality
  v3 on v2 (b);
  v2 on v1 (b);

  p4 on v3 (c); ! Cross-lagged paths constrained to equality
  p3 on v2 (c);
  p2 on v1 (c);

  v4 on p3 (d); ! Cross-lagged paths constrained to equality
  v3 on p2 (d);
  v2 on p1 (d);

  p1 with v1; !(this one is not like the others)

  p2 with v2 (e); ! Within-wave correlations constrained to equality
  p3 with v3 (e);
  p4 with v4 (e);

  p2 p3 p4 (f); ! estimate variances of residual "factors"
  v2 v3 v4 (g); ! estimate variances of residual "factors"

  OUTPUT: SAMPSTAT PATTERNS;



*** WARNING in VARIABLE command
  Note that only the first 8 characters of variable names are used in the output.
  Shorten variable names to avoid any confusion.
*** WARNING
  Data set contains cases with missing on time scores but non-missing on the
  corresponding dependent variables.  These cases were not included in the analysis.
  Number of such cases:  5
   2 WARNING(S) FOUND IN THE INPUT INSTRUCTIONS



PxVx Bivariate LCM-SR - post mi - Linear bfi_c with Linear vrt_col_d;

SUMMARY OF ANALYSIS

Number of groups                                                 1
Number of observations                                         864

Number of dependent variables                                    8
Number of independent variables                                  0
Number of continuous latent variables                           12

Observed dependent variables

  Continuous
   ABFI_C      BBFI_C      CBFI_C      DBFI_C      AVRT_COL_D  BVRT_COL_D
   CVRT_COL_D  DVRT_COL_D

Continuous latent variables
   P1          P2          P3          P4          V1          V2
   V3          V4          I_BFI_C     S_BFI_C     I_VRT_CO    S_VRT_CO

Variables with special functions

  Time scores
   A1          A2          A3          A4


Estimator                                                      MLR
Information matrix                                        OBSERVED
Maximum number of iterations                                   100
Convergence criterion                                    0.100D-05
Maximum number of EM iterations                                500
Convergence criteria for the EM algorithm
  Loglikelihood change                                   0.100D-02
  Relative loglikelihood change                          0.100D-05
  Derivative                                             0.100D-03
Minimum variance                                         0.100D-03
Maximum number of steepest descent iterations                   20
Maximum number of iterations for H1                           2000
Convergence criterion for H1                             0.100D-03
Optimization algorithm                                         EMA

Input data file(s)
  /home/jflournoy/code_new/lnt_pxvx/Data/lnt_nat_recalc.tsv
Input data format  FREE


SUMMARY OF DATA

     Number of missing data patterns            20


SUMMARY OF MISSING DATA PATTERNS


     MISSING DATA PATTERNS (x = not missing)

           1  2  3  4  5  6  7  8  9 10 11 12 13 14 15 16 17 18 19 20
 ABFI_C    x  x  x  x  x  x  x  x  x  x  x  x  x     x  x  x  x  x  x
 BBFI_C    x     x  x     x     x     x  x  x  x        x     x
 CBFI_C    x           x  x     x  x     x  x  x           x  x  x
 DBFI_C    x     x     x  x  x           x     x  x     x        x  x
 AVRT_COL  x  x  x  x  x  x  x  x  x  x  x  x  x  x     x  x  x  x  x
 BVRT_COL  x     x  x     x     x        x  x                 x
 CVRT_COL  x           x        x  x     x     x              x  x
 DVRT_COL  x     x     x  x  x                 x  x     x     x


     MISSING DATA PATTERN FREQUENCIES

    Pattern   Frequency     Pattern   Frequency     Pattern   Frequency
          1         492           8          45          15           1
          2         168           9          21          16           1
          3          26          10           4          17           1
          4          48          11           1          18           1
          5          21          12           1          19           2
          6           2          13           3          20           2
          7          23          14           1


COVARIANCE COVERAGE OF DATA

Minimum covariance coverage value   0.100


     PROPORTION OF DATA PRESENT


           Covariance Coverage
              ABFI_C        BBFI_C        CBFI_C        DBFI_C        AVRT_COL
              ________      ________      ________      ________      ________
 ABFI_C         0.999
 BBFI_C         0.722         0.722
 CBFI_C         0.683         0.631         0.683
 DBFI_C         0.663         0.608         0.603         0.664
 AVRT_COL       0.998         0.722         0.683         0.664         0.999
 BVRT_COL       0.713         0.713         0.627         0.603         0.713
 CVRT_COL       0.678         0.627         0.678         0.601         0.678
 DVRT_COL       0.659         0.608         0.601         0.659         0.660


           Covariance Coverage
              BVRT_COL      CVRT_COL      DVRT_COL
              ________      ________      ________
 BVRT_COL       0.713
 CVRT_COL       0.624         0.678
 DVRT_COL       0.603         0.598         0.660


SAMPLE STATISTICS


     ESTIMATED SAMPLE STATISTICS


           Means
              ABFI_C        BBFI_C        CBFI_C        DBFI_C        AVRT_COL
              ________      ________      ________      ________      ________
               68.544        68.602        68.676        68.803        67.424


           Means
              BVRT_COL      CVRT_COL      DVRT_COL
              ________      ________      ________
               66.405        64.592        64.477


           Covariances
              ABFI_C        BBFI_C        CBFI_C        DBFI_C        AVRT_COL
              ________      ________      ________      ________      ________
 ABFI_C       298.274
 BBFI_C       235.342       284.011
 CBFI_C       230.568       232.405       296.281
 DBFI_C       222.015       223.706       240.911       292.871
 AVRT_COL      83.364        81.997        67.632        62.910       396.848
 BVRT_COL      68.604        81.726        72.661        55.504       277.935
 CVRT_COL      73.503        68.208        69.995        64.321       263.971
 DVRT_COL      84.391        77.613        76.371        71.125       279.749


           Covariances
              BVRT_COL      CVRT_COL      DVRT_COL
              ________      ________      ________
 BVRT_COL     414.247
 CVRT_COL     289.979       444.805
 DVRT_COL     303.085       317.245       434.367


           Correlations
              ABFI_C        BBFI_C        CBFI_C        DBFI_C        AVRT_COL
              ________      ________      ________      ________      ________
 ABFI_C         1.000
 BBFI_C         0.809         1.000
 CBFI_C         0.776         0.801         1.000
 DBFI_C         0.751         0.776         0.818         1.000
 AVRT_COL       0.242         0.244         0.197         0.185         1.000
 BVRT_COL       0.195         0.238         0.207         0.159         0.685
 CVRT_COL       0.202         0.192         0.193         0.178         0.628
 DVRT_COL       0.234         0.221         0.213         0.199         0.674


           Correlations
              BVRT_COL      CVRT_COL      DVRT_COL
              ________      ________      ________
 BVRT_COL       1.000
 CVRT_COL       0.676         1.000
 DVRT_COL       0.715         0.722         1.000


     MAXIMUM LOG-LIKELIHOOD VALUE FOR THE UNRESTRICTED (H1) MODEL IS -21238.727


UNIVARIATE SAMPLE STATISTICS


     UNIVARIATE HIGHER-ORDER MOMENT DESCRIPTIVE STATISTICS

         Variable/         Mean/     Skewness/   Minimum/ % with                Percentiles
        Sample Size      Variance    Kurtosis    Maximum  Min/Max      20%/60%    40%/80%    Median

     ABFI_C               68.536      -0.400      12.500    0.12%      55.556     63.889     69.444
             863.000     298.420      -0.267     100.000    1.74%      75.000     83.333
     BBFI_C               69.027      -0.282       8.333    0.16%      55.556     63.889     69.444
             624.000     276.730      -0.079     100.000    3.69%      75.000     83.333
     CBFI_C               68.845      -0.306       8.333    0.17%      55.556     66.667     69.444
             590.000     288.811      -0.234     100.000    2.37%      75.000     83.333
     DBFI_C               69.265      -0.363       8.333    0.17%      55.556     66.667     69.444
             574.000     288.594      -0.073     100.000    3.14%      75.000     83.333
     AVRT_COL_D           67.430      -0.437       8.333    0.46%      50.000     66.667     66.667
             863.000     396.853      -0.260     100.000    6.49%      75.000     83.333
     BVRT_COL_D           65.983      -0.302       8.333    0.32%      50.000     58.333     66.667
             616.000     412.677      -0.489     100.000    6.33%      75.000     83.333
     CVRT_COL_D           64.128      -0.475       0.000    0.34%      50.000     58.333     66.667
             586.000     449.597      -0.120     100.000    5.29%      75.000     83.333
     DVRT_COL_D           64.094      -0.465       0.000    0.53%      50.000     58.333     66.667
             570.000     444.159      -0.206     100.000    5.09%      75.000     83.333


THE MODEL ESTIMATION TERMINATED NORMALLY



MODEL FIT INFORMATION

Number of Free Parameters                       24

Loglikelihood

          H0 Value                      -21258.545
          H0 Scaling Correction Factor      1.1572
            for MLR

Information Criteria

          Akaike (AIC)                   42565.091
          Bayesian (BIC)                 42679.369
          Sample-Size Adjusted BIC       42603.151
            (n* = (n + 2) / 24)



MODEL RESULTS

                                                    Two-Tailed
                    Estimate       S.E.  Est./S.E.    P-Value

 P1       BY
    ABFI_C             1.000      0.000    999.000    999.000

 P2       BY
    BBFI_C             1.000      0.000    999.000    999.000

 P3       BY
    CBFI_C             1.000      0.000    999.000    999.000

 P4       BY
    DBFI_C             1.000      0.000    999.000    999.000

 V1       BY
    AVRT_COL_D         1.000      0.000    999.000    999.000

 V2       BY
    BVRT_COL_D         1.000      0.000    999.000    999.000

 V3       BY
    CVRT_COL_D         1.000      0.000    999.000    999.000

 V4       BY
    DVRT_COL_D         1.000      0.000    999.000    999.000

 P4         ON
    P3                 0.172      0.060      2.845      0.004
    V3                 0.039      0.025      1.555      0.120

 P3         ON
    P2                 0.172      0.060      2.845      0.004
    V2                 0.039      0.025      1.555      0.120

 P2         ON
    P1                 0.172      0.060      2.845      0.004
    V1                 0.039      0.025      1.555      0.120

 V4         ON
    V3                 0.100      0.042      2.379      0.017
    P3                -0.041      0.063     -0.641      0.522

 V3         ON
    V2                 0.100      0.042      2.379      0.017
    P2                -0.041      0.063     -0.641      0.522

 V2         ON
    V1                 0.100      0.042      2.379      0.017
    P1                -0.041      0.063     -0.641      0.522

 S_BFI_C  WITH
    I_BFI_C            0.165      0.702      0.235      0.814
    S_VRT_COL_         0.134      0.113      1.189      0.234
    I_VRT_COL_        -1.610      2.285     -0.704      0.481

 I_BFI_C  WITH
    S_VRT_COL_         2.012      2.391      0.842      0.400
    I_VRT_COL_        49.014     13.895      3.527      0.000

 S_VRT_CO WITH
    I_VRT_COL_         0.099      0.838      0.118      0.906

 P1       WITH
    V1                 9.888      6.389      1.548      0.122

 P2       WITH
    V2                 5.864      3.657      1.603      0.109

 P3       WITH
    V3                 5.864      3.657      1.603      0.109

 P4       WITH
    V4                 5.864      3.657      1.603      0.109

 Means
    P1                 0.000      0.000    999.000    999.000
    V1                 0.000      0.000    999.000    999.000
    I_BFI_C           68.450      0.553    123.812      0.000
    S_BFI_C            0.211      0.048      4.365      0.000
    I_VRT_COL_        66.006      0.620    106.535      0.000
    S_VRT_COL_         0.136      0.058      2.318      0.020

 Intercepts
    ABFI_C             0.000      0.000    999.000    999.000
    BBFI_C             0.000      0.000    999.000    999.000
    CBFI_C             0.000      0.000    999.000    999.000
    DBFI_C             0.000      0.000    999.000    999.000
    AVRT_COL_D         0.000      0.000    999.000    999.000
    BVRT_COL_D         0.000      0.000    999.000    999.000
    CVRT_COL_D         0.000      0.000    999.000    999.000
    DVRT_COL_D         0.000      0.000    999.000    999.000
    P2                 0.000      0.000    999.000    999.000
    P3                 0.000      0.000    999.000    999.000
    P4                 0.000      0.000    999.000    999.000
    V2                 0.000      0.000    999.000    999.000
    V3                 0.000      0.000    999.000    999.000
    V4                 0.000      0.000    999.000    999.000

 Variances
    P1                74.157      6.702     11.065      0.000
    V1               144.287     11.073     13.030      0.000
    I_BFI_C          204.824     14.997     13.657      0.000
    S_BFI_C            0.125      0.121      1.035      0.301
    I_VRT_COL_       246.738     21.636     11.404      0.000
    S_VRT_COL_         0.227      0.165      1.379      0.168

 Residual Variances
    ABFI_C             0.000      0.000    999.000    999.000
    BBFI_C             0.000      0.000    999.000    999.000
    CBFI_C             0.000      0.000    999.000    999.000
    DBFI_C             0.000      0.000    999.000    999.000
    AVRT_COL_D         0.000      0.000    999.000    999.000
    BVRT_COL_D         0.000      0.000    999.000    999.000
    CVRT_COL_D         0.000      0.000    999.000    999.000
    DVRT_COL_D         0.000      0.000    999.000    999.000
    P2                64.313      4.363     14.740      0.000
    P3                64.313      4.363     14.740      0.000
    P4                64.313      4.363     14.740      0.000
    V2               141.742      7.622     18.596      0.000
    V3               141.742      7.622     18.596      0.000
    V4               141.742      7.622     18.596      0.000


QUALITY OF NUMERICAL RESULTS

     Condition Number for the Information Matrix              0.225E-04
       (ratio of smallest to largest eigenvalue)


     Beginning Time:  16:09:27
        Ending Time:  16:09:39
       Elapsed Time:  00:00:12



MUTHEN & MUTHEN
3463 Stoner Ave.
Los Angeles, CA  90066

Tel: (310) 391-9971
Fax: (310) 391-8971
Web: www.StatModel.com
Support: Support@StatModel.com

Copyright (c) 1998-2017 Muthen & Muthen
