Mplus VERSION 8 (Linux)
MUTHEN & MUTHEN
07/08/2018   5:24 PM

INPUT INSTRUCTIONS


  title: PxVx Bivariate LCM-SR - decadegroup - Linear bfas_ci with Linear bfa_mt;
  data: file = /home/jflournoy/code_new/lnt_pxvx/Data/lnt_nat_recalc.tsv;

  variable:
  names =
  subjid
  aage
  aaspfin
  aaspfin_d
  abfa_mt
  abfa_mt_d
  abfas_ac
  abfas_ap
  abfas_ci
  abfas_co
  abfas_ea
  abfas_ee
  abfas_nv
  abfas_nv9
  abfas_nw
  abfas_oi
  abfas_oo
  abfi_a
  abfi_a6
  abfi_c
  abfi_d_scale
  abfi_e
  abfi_hp8
  abfi_n
  abfi_o
  abfi_s_scale
  ahrz_col
  ahrz_col_d
  ahrz_ind
  ahrz_ind_d
  amvi
  ausi
  ausi_d
  avrt_col
  avrt_col_d
  avrt_ind
  avrt_ind_d
  bage
  baspfin
  baspfin_d
  bbfa_mt
  bbfa_mt_d
  bbfas_ac
  bbfas_ap
  bbfas_ci
  bbfas_co
  bbfas_ea
  bbfas_ee
  bbfas_nv
  bbfas_nv9
  bbfas_nw
  bbfas_oi
  bbfas_oo
  bbfi_a
  bbfi_a6
  bbfi_c
  bbfi_d_scale
  bbfi_e
  bbfi_hp8
  bbfi_n
  bbfi_o
  bbfi_s_scale
  bhrz_col
  bhrz_col_d
  bhrz_ind
  bhrz_ind_d
  bmvi
  busi
  busi_d
  bvrt_col
  bvrt_col_d
  bvrt_ind
  bvrt_ind_d
  cage
  caspfin
  caspfin_d
  cbfa_mt
  cbfa_mt_d
  cbfas_ac
  cbfas_ap
  cbfas_ci
  cbfas_co
  cbfas_ea
  cbfas_ee
  cbfas_nv
  cbfas_nv9
  cbfas_nw
  cbfas_oi
  cbfas_oo
  cbfi_a
  cbfi_a6
  cbfi_c
  cbfi_d_scale
  cbfi_e
  cbfi_hp8
  cbfi_n
  cbfi_o
  cbfi_s_scale
  chrz_col
  chrz_col_d
  chrz_ind
  chrz_ind_d
  cmvi
  cusi
  cusi_d
  cvrt_col
  cvrt_col_d
  cvrt_ind
  cvrt_ind_d
  dage
  daspfin
  daspfin_d
  dbfa_mt
  dbfa_mt_d
  dbfas_ac
  dbfas_ap
  dbfas_ci
  dbfas_co
  dbfas_ea
  dbfas_ee
  dbfas_nv
  dbfas_nv9
  dbfas_nw
  dbfas_oi
  dbfas_oo
  dbfi_a
  dbfi_a6
  dbfi_c
  dbfi_d_scale
  dbfi_e
  dbfi_hp8
  dbfi_n
  dbfi_o
  dbfi_s_scale
  dhrz_col
  dhrz_col_d
  dhrz_ind
  dhrz_ind_d
  dmvi
  dusi
  dusi_d
  dvrt_col
  dvrt_col_d
  dvrt_ind
  dvrt_ind_d;

  USEVARIABLES =
  abfas_ci
  bbfas_ci
  cbfas_ci
  dbfas_ci
  abfa_mt
  bbfa_mt
  cbfa_mt
  dbfa_mt
  a1
  a2
  a3
  a4
  aagegrp
  ;

  missing = all (-9999);

  tscores = a1 a2 a3 a4;

  grouping = aagegrp (0=d2, 1=d3, 2=d4, 3=d5);

  DEFINE:

  aagegrp = aage;

  cut aagegrp (29 39 49);

  a1 = aage + 0 - 36;
  a2 = aage + 1 - 36;
  a3 = aage + 2 - 36;
  a4 = aage + 3 - 36;

  ANALYSIS:
  TYPE=RANDOM;
  PROCESSORS = 6;
  model=nocovariances; ! supresses default estimation of certain covs in model;

  MODEL:

  i_bfas_ci s_bfas_ci | abfas_ci bbfas_ci cbfas_ci dbfas_ci AT a1 a2 a3 a4;
  i_bfa_mt s_bfa_mt | abfa_mt bbfa_mt cbfa_mt dbfa_mt AT a1 a2 a3 a4;

  ! freeing factor covs because of "nocovariances"
  ! But ensure they are constrained across groups
  s_bfas_ci WITH i_bfas_ci (p)
  s_bfa_mt (q)
  i_bfa_mt (r);
  i_bfas_ci WITH s_bfa_mt (s)
  i_bfa_mt (t);
  s_bfa_mt WITH i_bfa_mt (u);

  !constrain latent growth means across groups
  [i_bfas_ci] (v);
  [s_bfas_ci] (w);
  [i_bfa_mt] (x);
  [s_bfa_mt] (y);

  !constrain latent growth variances across groups
  i_bfas_ci (l);
  s_bfas_ci (m);
  i_bfa_mt (n);
  s_bfa_mt (o);

  p1 BY abfas_ci@1; ! Residual "factors";
  p2 BY bbfas_ci@1;
  p3 BY cbfas_ci@1;
  p4 BY dbfas_ci@1;

  v1 BY abfa_mt@1; ! Residual "factors";
  v2 BY bbfa_mt@1;
  v3 BY cbfa_mt@1;
  v4 BY dbfa_mt@1;

  !residual variances on observed/manifest vars set to 0
  abfas_ci@0;
  bbfas_ci@0;
  cbfas_ci@0;
  dbfas_ci@0;

  !residual variances on observed/manifest vars set to 0
  abfa_mt@0;
  bbfa_mt@0;
  cbfa_mt@0;
  dbfa_mt@0;

  ! means of observed/manifest vars set to 0
  [abfas_ci@0];
  [bbfas_ci@0];
  [cbfas_ci@0];
  [dbfas_ci@0];

  ! means of observed/manifest vars set to 0
  [abfa_mt@0];
  [bbfa_mt@0];
  [cbfa_mt@0];
  [dbfa_mt@0];

  [p1@0]; ! means of residual "factors" set to 0
  [p2@0];
  [p3@0];
  [p4@0];

  [v1@0]; ! means of residual "factors" set to 0
  [v2@0];
  [v3@0];
  [v4@0];

  p4 on p3 (a); ! Autoregressive paths constrained to equality
  p3 on p2 (a);
  p2 on p1 (a);

  v4 on v3 (b); ! Autoregressive paths constrained to equality
  v3 on v2 (b);
  v2 on v1 (b);

  p4 on v3 (c); ! Cross-lagged paths constrained to equality
  p3 on v2 (c);
  p2 on v1 (c);

  v4 on p3 (d); ! Cross-lagged paths constrained to equality
  v3 on p2 (d);
  v2 on p1 (d);

  p1 with v1; !(this one is not like the others)

  p2 with v2 (e); ! Within-wave correlations constrained to equality
  p3 with v3 (e);
  p4 with v4 (e);

  p2 p3 p4 (f); ! estimate variances of residual "factors"
  v2 v3 v4 (g); ! estimate variances of residual "factors"

  MODEL d2:

  p4 on p3 (a2); ! Autoregressive paths constrained to equality
  p3 on p2 (a2);
  p2 on p1 (a2);

  v4 on v3 (b2); ! Autoregressive paths constrained to equality
  v3 on v2 (b2);
  v2 on v1 (b2);

  p4 on v3 (c2); ! Cross-lagged paths constrained to equality
  p3 on v2 (c2);
  p2 on v1 (c2);

  v4 on p3 (d2); ! Cross-lagged paths constrained to equality
  v3 on p2 (d2);
  v2 on p1 (d2);

  p1 with v1; !(this one is not like the others)

  p2 with v2 (e2); ! Within-wave correlations constrained to equality
  p3 with v3 (e2);
  p4 with v4 (e2);

  p2 p3 p4 (f2); ! estimate variances of residual "factors"
  v2 v3 v4 (g2); ! estimate variances of residual "factors"

  MODEL d3:

  p4 on p3 (a3); ! Autoregressive paths constrained to equality
  p3 on p2 (a3);
  p2 on p1 (a3);

  v4 on v3 (b3); ! Autoregressive paths constrained to equality
  v3 on v2 (b3);
  v2 on v1 (b3);

  p4 on v3 (c3); ! Cross-lagged paths constrained to equality
  p3 on v2 (c3);
  p2 on v1 (c3);

  v4 on p3 (d3); ! Cross-lagged paths constrained to equality
  v3 on p2 (d3);
  v2 on p1 (d3);

  p1 with v1; !(this one is not like the others)

  p2 with v2 (e3); ! Within-wave correlations constrained to equality
  p3 with v3 (e3);
  p4 with v4 (e3);

  p2 p3 p4 (f3); ! estimate variances of residual "factors"
  v2 v3 v4 (g3); ! estimate variances of residual "factors"

  MODEL d4:

  p4 on p3 (a4); ! Autoregressive paths constrained to equality
  p3 on p2 (a4);
  p2 on p1 (a4);

  v4 on v3 (b4); ! Autoregressive paths constrained to equality
  v3 on v2 (b4);
  v2 on v1 (b4);

  p4 on v3 (c4); ! Cross-lagged paths constrained to equality
  p3 on v2 (c4);
  p2 on v1 (c4);

  v4 on p3 (d4); ! Cross-lagged paths constrained to equality
  v3 on p2 (d4);
  v2 on p1 (d4);

  p1 with v1; !(this one is not like the others)

  p2 with v2 (e4); ! Within-wave correlations constrained to equality
  p3 with v3 (e4);
  p4 with v4 (e4);

  p2 p3 p4 (f4); ! estimate variances of residual "factors"
  v2 v3 v4 (g4); ! estimate variances of residual "factors"

  MODEL d5:

  p4 on p3 (a5); ! Autoregressive paths constrained to equality
  p3 on p2 (a5);
  p2 on p1 (a5);

  v4 on v3 (b5); ! Autoregressive paths constrained to equality
  v3 on v2 (b5);
  v2 on v1 (b5);

  p4 on v3 (c5); ! Cross-lagged paths constrained to equality
  p3 on v2 (c5);
  p2 on v1 (c5);

  v4 on p3 (d5); ! Cross-lagged paths constrained to equality
  v3 on p2 (d5);
  v2 on p1 (d5);

  p1 with v1; !(this one is not like the others)

  p2 with v2 (e5); ! Within-wave correlations constrained to equality
  p3 with v3 (e5);
  p4 with v4 (e5);

  p2 p3 p4 (f5); ! estimate variances of residual "factors"
  v2 v3 v4 (g5); ! estimate variances of residual "factors"

  OUTPUT: SAMPSTAT PATTERNS;



*** WARNING
  Data set contains unknown or missing values for GROUPING,
  PATTERN, COHORT, CLUSTER and/or STRATIFICATION variables.
  Number of cases with unknown or missing values:  5
   1 WARNING(S) FOUND IN THE INPUT INSTRUCTIONS



PxVx Bivariate LCM-SR - decadegroup - Linear bfas_ci with Linear bfa_mt;

SUMMARY OF ANALYSIS

Number of groups                                                 4
Number of observations
   Group D2                                                    301
   Group D3                                                    233
   Group D4                                                    198
   Group D5                                                    132
   Total sample size                                           864

Number of dependent variables                                    8
Number of independent variables                                  0
Number of continuous latent variables                           12

Observed dependent variables

  Continuous
   ABFAS_CI    BBFAS_CI    CBFAS_CI    DBFAS_CI    ABFA_MT     BBFA_MT
   CBFA_MT     DBFA_MT

Continuous latent variables
   P1          P2          P3          P4          V1          V2
   V3          V4          I_BFAS_C    S_BFAS_C    I_BFA_MT    S_BFA_MT

Variables with special functions

  Grouping variable     AAGEGRP

  Time scores
   A1          A2          A3          A4


Estimator                                                      MLR
Information matrix                                        OBSERVED
Maximum number of iterations                                   100
Convergence criterion                                    0.100D-05
Maximum number of EM iterations                                500
Convergence criteria for the EM algorithm
  Loglikelihood change                                   0.100D-02
  Relative loglikelihood change                          0.100D-05
  Derivative                                             0.100D-03
Minimum variance                                         0.100D-03
Maximum number of steepest descent iterations                   20
Maximum number of iterations for H1                           2000
Convergence criterion for H1                             0.100D-03
Optimization algorithm                                         EMA

Input data file(s)
  /home/jflournoy/code_new/lnt_pxvx/Data/lnt_nat_recalc.tsv
Input data format  FREE


SUMMARY OF DATA

   Group D2
     Number of missing data patterns             9

   Group D3
     Number of missing data patterns             8

   Group D4
     Number of missing data patterns             9

   Group D5
     Number of missing data patterns             9


SUMMARY OF MISSING DATA PATTERNS


     MISSING DATA PATTERNS (x = not missing) FOR D2

           1  2  3  4  5  6  7  8  9
 ABFAS_CI  x  x  x  x  x  x  x  x
 BBFAS_CI  x     x  x  x           x
 CBFAS_CI  x           x     x  x  x
 DBFAS_CI  x     x        x     x  x
 ABFA_MT   x  x  x  x  x  x  x  x
 BBFA_MT   x     x  x  x           x
 CBFA_MT   x           x     x  x  x
 DBFA_MT   x     x        x     x  x


     MISSING DATA PATTERN FREQUENCIES FOR D2

    Pattern   Frequency     Pattern   Frequency     Pattern   Frequency
          1         188           4          12           7           5
          2          57           5          15           8           6
          3           6           6          11           9           1


     MISSING DATA PATTERNS (x = not missing) FOR D3

           1  2  3  4  5  6  7  8
 ABFAS_CI  x  x  x  x  x  x  x  x
 BBFAS_CI  x     x  x  x
 CBFAS_CI  x           x     x  x
 DBFAS_CI  x     x        x     x
 ABFA_MT   x  x  x  x  x  x  x  x
 BBFA_MT   x     x  x  x
 CBFA_MT   x           x     x  x
 DBFA_MT   x     x        x     x


     MISSING DATA PATTERN FREQUENCIES FOR D3

    Pattern   Frequency     Pattern   Frequency     Pattern   Frequency
          1         140           4          16           7           7
          2          44           5           7           8           7
          3           8           6           4


     MISSING DATA PATTERNS (x = not missing) FOR D4

           1  2  3  4  5  6  7  8  9
 ABFAS_CI  x  x  x  x  x  x  x  x  x
 BBFAS_CI  x     x  x  x           x
 CBFAS_CI  x           x     x  x  x
 DBFAS_CI  x     x        x     x  x
 ABFA_MT   x  x  x  x  x  x  x  x  x
 BBFA_MT   x     x  x  x
 CBFA_MT   x           x     x  x  x
 DBFA_MT   x     x        x     x  x


     MISSING DATA PATTERN FREQUENCIES FOR D4

    Pattern   Frequency     Pattern   Frequency     Pattern   Frequency
          1         105           4          14           7           6
          2          40           5          15           8           5
          3           8           6           4           9           1


     MISSING DATA PATTERNS (x = not missing) FOR D5

           1  2  3  4  5  6  7  8  9
 ABFAS_CI  x  x  x  x  x  x  x  x
 BBFAS_CI  x     x  x  x           x
 CBFAS_CI  x           x     x  x  x
 DBFAS_CI  x     x        x     x  x
 ABFA_MT   x  x  x  x  x  x  x  x
 BBFA_MT   x     x  x  x           x
 CBFA_MT   x           x     x  x  x
 DBFA_MT   x     x        x     x  x


     MISSING DATA PATTERN FREQUENCIES FOR D5

    Pattern   Frequency     Pattern   Frequency     Pattern   Frequency
          1          60           4          10           7           6
          2          29           5          11           8           4
          3           5           6           6           9           1


COVARIANCE COVERAGE OF DATA

Minimum covariance coverage value   0.100


     PROPORTION OF DATA PRESENT FOR D2


           Covariance Coverage
              ABFAS_CI      BBFAS_CI      CBFAS_CI      DBFAS_CI      ABFA_MT
              ________      ________      ________      ________      ________
 ABFAS_CI       0.997
 BBFAS_CI       0.734         0.738
 CBFAS_CI       0.711         0.678         0.714
 DBFAS_CI       0.701         0.648         0.648         0.704
 ABFA_MT        0.997         0.734         0.711         0.701         0.997
 BBFA_MT        0.734         0.738         0.678         0.648         0.734
 CBFA_MT        0.711         0.678         0.714         0.648         0.711
 DBFA_MT        0.701         0.648         0.648         0.704         0.701


           Covariance Coverage
              BBFA_MT       CBFA_MT       DBFA_MT
              ________      ________      ________
 BBFA_MT        0.738
 CBFA_MT        0.678         0.714
 DBFA_MT        0.648         0.648         0.704


     PROPORTION OF DATA PRESENT FOR D3


           Covariance Coverage
              ABFAS_CI      BBFAS_CI      CBFAS_CI      DBFAS_CI      ABFA_MT
              ________      ________      ________      ________      ________
 ABFAS_CI       1.000
 BBFAS_CI       0.734         0.734
 CBFAS_CI       0.691         0.631         0.691
 DBFAS_CI       0.682         0.635         0.631         0.682
 ABFA_MT        1.000         0.734         0.691         0.682         1.000
 BBFA_MT        0.734         0.734         0.631         0.635         0.734
 CBFA_MT        0.691         0.631         0.691         0.631         0.691
 DBFA_MT        0.682         0.635         0.631         0.682         0.682


           Covariance Coverage
              BBFA_MT       CBFA_MT       DBFA_MT
              ________      ________      ________
 BBFA_MT        0.734
 CBFA_MT        0.631         0.691
 DBFA_MT        0.635         0.631         0.682


     PROPORTION OF DATA PRESENT FOR D4


           Covariance Coverage
              ABFAS_CI      BBFAS_CI      CBFAS_CI      DBFAS_CI      ABFA_MT
              ________      ________      ________      ________      ________
 ABFAS_CI       0.995
 BBFAS_CI       0.717         0.722
 CBFAS_CI       0.662         0.611         0.667
 DBFAS_CI       0.616         0.576         0.561         0.621
 ABFA_MT        0.995         0.717         0.662         0.616         0.995
 BBFA_MT        0.717         0.722         0.611         0.576         0.717
 CBFA_MT        0.662         0.611         0.667         0.561         0.662
 DBFA_MT        0.616         0.576         0.561         0.621         0.616


           Covariance Coverage
              BBFA_MT       CBFA_MT       DBFA_MT
              ________      ________      ________
 BBFA_MT        0.722
 CBFA_MT        0.611         0.667
 DBFA_MT        0.576         0.561         0.621


     PROPORTION OF DATA PRESENT FOR D5


           Covariance Coverage
              ABFAS_CI      BBFAS_CI      CBFAS_CI      DBFAS_CI      ABFA_MT
              ________      ________      ________      ________      ________
 ABFAS_CI       0.992
 BBFAS_CI       0.652         0.659
 CBFAS_CI       0.614         0.545         0.621
 DBFAS_CI       0.568         0.500         0.492         0.576
 ABFA_MT        0.992         0.652         0.614         0.568         0.992
 BBFA_MT        0.652         0.659         0.545         0.500         0.652
 CBFA_MT        0.614         0.545         0.621         0.492         0.614
 DBFA_MT        0.568         0.500         0.492         0.576         0.568


           Covariance Coverage
              BBFA_MT       CBFA_MT       DBFA_MT
              ________      ________      ________
 BBFA_MT        0.659
 CBFA_MT        0.545         0.621
 DBFA_MT        0.500         0.492         0.576


SAMPLE STATISTICS


     ESTIMATED SAMPLE STATISTICS FOR D2


           Means
              ABFAS_CI      BBFAS_CI      CBFAS_CI      DBFAS_CI      ABFA_MT
              ________      ________      ________      ________      ________
               59.810        59.029        58.237        59.132        43.289


           Means
              BBFA_MT       CBFA_MT       DBFA_MT
              ________      ________      ________
               43.404        42.870        41.589


           Covariances
              ABFAS_CI      BBFAS_CI      CBFAS_CI      DBFAS_CI      ABFA_MT
              ________      ________      ________      ________      ________
 ABFAS_CI     358.111
 BBFAS_CI     259.553       320.184
 CBFAS_CI     231.914       238.674       289.870
 DBFAS_CI     248.570       243.729       244.517       325.528
 ABFA_MT      -14.132         0.166        10.742         4.207       412.834
 BBFA_MT       -9.408       -23.091       -10.193        -7.439       304.922
 CBFA_MT       -5.881        -3.066        11.289        23.048       292.957
 DBFA_MT      -30.993       -16.229        -8.535       -10.140       286.630


           Covariances
              BBFA_MT       CBFA_MT       DBFA_MT
              ________      ________      ________
 BBFA_MT      428.176
 CBFA_MT      338.025       441.377
 DBFA_MT      333.796       377.342       474.280


           Correlations
              ABFAS_CI      BBFAS_CI      CBFAS_CI      DBFAS_CI      ABFA_MT
              ________      ________      ________      ________      ________
 ABFAS_CI       1.000
 BBFAS_CI       0.767         1.000
 CBFAS_CI       0.720         0.783         1.000
 DBFAS_CI       0.728         0.755         0.796         1.000
 ABFA_MT       -0.037         0.000         0.031         0.011         1.000
 BBFA_MT       -0.024        -0.062        -0.029        -0.020         0.725
 CBFA_MT       -0.015        -0.008         0.032         0.061         0.686
 DBFA_MT       -0.075        -0.042        -0.023        -0.026         0.648


           Correlations
              BBFA_MT       CBFA_MT       DBFA_MT
              ________      ________      ________
 BBFA_MT        1.000
 CBFA_MT        0.778         1.000
 DBFA_MT        0.741         0.825         1.000


     ESTIMATED SAMPLE STATISTICS FOR D3


           Means
              ABFAS_CI      BBFAS_CI      CBFAS_CI      DBFAS_CI      ABFA_MT
              ________      ________      ________      ________      ________
               65.332        65.599        66.095        66.069        40.980


           Means
              BBFA_MT       CBFA_MT       DBFA_MT
              ________      ________      ________
               39.681        39.985        41.929


           Covariances
              ABFAS_CI      BBFAS_CI      CBFAS_CI      DBFAS_CI      ABFA_MT
              ________      ________      ________      ________      ________
 ABFAS_CI     337.280
 BBFAS_CI     284.909       344.866
 CBFAS_CI     249.460       270.643       321.691
 DBFAS_CI     237.702       261.945       240.727       304.871
 ABFA_MT      -28.543       -30.544       -41.804       -35.773       412.648
 BBFA_MT      -12.321       -36.654       -49.588       -49.194       311.802
 CBFA_MT        4.988       -13.661       -55.908       -24.424       297.436
 DBFA_MT      -22.506       -32.590       -53.355       -39.573       274.441


           Covariances
              BBFA_MT       CBFA_MT       DBFA_MT
              ________      ________      ________
 BBFA_MT      395.165
 CBFA_MT      327.105       406.132
 DBFA_MT      297.148       299.957       354.347


           Correlations
              ABFAS_CI      BBFAS_CI      CBFAS_CI      DBFAS_CI      ABFA_MT
              ________      ________      ________      ________      ________
 ABFAS_CI       1.000
 BBFAS_CI       0.835         1.000
 CBFAS_CI       0.757         0.813         1.000
 DBFAS_CI       0.741         0.808         0.769         1.000
 ABFA_MT       -0.077        -0.081        -0.115        -0.101         1.000
 BBFA_MT       -0.034        -0.099        -0.139        -0.142         0.772
 CBFA_MT        0.013        -0.037        -0.155        -0.069         0.727
 DBFA_MT       -0.065        -0.093        -0.158        -0.120         0.718


           Correlations
              BBFA_MT       CBFA_MT       DBFA_MT
              ________      ________      ________
 BBFA_MT        1.000
 CBFA_MT        0.817         1.000
 DBFA_MT        0.794         0.791         1.000


     ESTIMATED SAMPLE STATISTICS FOR D4


           Means
              ABFAS_CI      BBFAS_CI      CBFAS_CI      DBFAS_CI      ABFA_MT
              ________      ________      ________      ________      ________
               64.874        64.352        65.375        63.984        36.637


           Means
              BBFA_MT       CBFA_MT       DBFA_MT
              ________      ________      ________
               37.606        37.209        37.056


           Covariances
              ABFAS_CI      BBFAS_CI      CBFAS_CI      DBFAS_CI      ABFA_MT
              ________      ________      ________      ________      ________
 ABFAS_CI     320.088
 BBFAS_CI     242.180       277.817
 CBFAS_CI     259.604       260.156       352.256
 DBFAS_CI     215.097       229.460       277.059       306.817
 ABFA_MT      -22.077        -2.342        -2.503         2.148       371.299
 BBFA_MT      -18.998       -10.214        -4.185       -10.211       261.910
 CBFA_MT       -1.881        -4.967        -8.460       -19.217       266.357
 DBFA_MT       -8.524       -11.545        -0.859       -23.178       242.163


           Covariances
              BBFA_MT       CBFA_MT       DBFA_MT
              ________      ________      ________
 BBFA_MT      328.093
 CBFA_MT      273.500       366.139
 DBFA_MT      239.194       239.125       315.420


           Correlations
              ABFAS_CI      BBFAS_CI      CBFAS_CI      DBFAS_CI      ABFA_MT
              ________      ________      ________      ________      ________
 ABFAS_CI       1.000
 BBFAS_CI       0.812         1.000
 CBFAS_CI       0.773         0.832         1.000
 DBFAS_CI       0.686         0.786         0.843         1.000
 ABFA_MT       -0.064        -0.007        -0.007         0.006         1.000
 BBFA_MT       -0.059        -0.034        -0.012        -0.032         0.750
 CBFA_MT       -0.005        -0.016        -0.024        -0.057         0.722
 DBFA_MT       -0.027        -0.039        -0.003        -0.075         0.708


           Correlations
              BBFA_MT       CBFA_MT       DBFA_MT
              ________      ________      ________
 BBFA_MT        1.000
 CBFA_MT        0.789         1.000
 DBFA_MT        0.744         0.704         1.000


     ESTIMATED SAMPLE STATISTICS FOR D5


           Means
              ABFAS_CI      BBFAS_CI      CBFAS_CI      DBFAS_CI      ABFA_MT
              ________      ________      ________      ________      ________
               64.634        65.186        65.391        65.347        34.170


           Means
              BBFA_MT       CBFA_MT       DBFA_MT
              ________      ________      ________
               35.093        35.215        34.571


           Covariances
              ABFAS_CI      BBFAS_CI      CBFAS_CI      DBFAS_CI      ABFA_MT
              ________      ________      ________      ________      ________
 ABFAS_CI     304.343
 BBFAS_CI     239.898       304.784
 CBFAS_CI     224.279       223.683       276.781
 DBFAS_CI     242.839       261.831       241.710       326.689
 ABFA_MT      -62.914       -73.715       -69.690       -91.267       339.116
 BBFA_MT      -73.292       -81.584       -80.164      -129.212       277.373
 CBFA_MT      -66.038       -80.282      -105.594      -125.483       282.517
 DBFA_MT      -24.549       -94.522       -69.266      -119.217       297.297


           Covariances
              BBFA_MT       CBFA_MT       DBFA_MT
              ________      ________      ________
 BBFA_MT      393.410
 CBFA_MT      304.283       411.804
 DBFA_MT      318.599       338.083       468.930


           Correlations
              ABFAS_CI      BBFAS_CI      CBFAS_CI      DBFAS_CI      ABFA_MT
              ________      ________      ________      ________      ________
 ABFAS_CI       1.000
 BBFAS_CI       0.788         1.000
 CBFAS_CI       0.773         0.770         1.000
 DBFAS_CI       0.770         0.830         0.804         1.000
 ABFA_MT       -0.196        -0.229        -0.227        -0.274         1.000
 BBFA_MT       -0.212        -0.236        -0.243        -0.360         0.759
 CBFA_MT       -0.187        -0.227        -0.313        -0.342         0.756
 DBFA_MT       -0.065        -0.250        -0.192        -0.305         0.746


           Correlations
              BBFA_MT       CBFA_MT       DBFA_MT
              ________      ________      ________
 BBFA_MT        1.000
 CBFA_MT        0.756         1.000
 DBFA_MT        0.742         0.769         1.000


     MAXIMUM LOG-LIKELIHOOD VALUE FOR THE UNRESTRICTED (H1) MODEL IS -21119.450


UNIVARIATE SAMPLE STATISTICS


     UNIVARIATE HIGHER-ORDER MOMENT DESCRIPTIVE STATISTICS FOR D2

         Variable/         Mean/     Skewness/   Minimum/ % with                Percentiles
        Sample Size      Variance    Kurtosis    Maximum  Min/Max      20%/60%    40%/80%    Median

     ABFAS_CI             59.766      -0.230       7.500    0.33%      45.000     55.000     60.000
             300.000     358.296      -0.261     100.000    0.67%      65.000     77.500
     BBFAS_CI             59.170      -0.067       2.500    0.45%      44.444     55.000     60.000
             222.000     302.066      -0.226     100.000    0.45%      62.500     75.000
     CBFAS_CI             58.339      -0.095      17.500    0.93%      45.000     55.000     57.500
             215.000     275.273      -0.351      95.000    0.47%      60.000     75.000
     DBFAS_CI             59.835      -0.120       7.500    0.47%      42.500     55.000     60.000
             212.000     314.654      -0.317      97.500    1.42%      65.000     75.000
     ABFA_MT              43.314       0.129       0.000    1.00%      25.000     37.500     41.667
             300.000     413.437      -0.593     100.000    0.33%      50.000     62.500
     BBFA_MT              43.194       0.265       0.000    0.45%      25.000     37.500     41.667
             222.000     427.674      -0.520      95.833    1.80%      45.833     62.500
     CBFA_MT              42.492       0.246       0.000    1.86%      20.833     37.500     41.667
             215.000     451.570      -0.378     100.000    0.47%      45.833     58.333
     DBFA_MT              41.726       0.330       0.000    2.83%      20.833     33.333     41.667
             212.000     487.008      -0.325     100.000    0.94%      45.833     58.333


     UNIVARIATE HIGHER-ORDER MOMENT DESCRIPTIVE STATISTICS FOR D3

         Variable/         Mean/     Skewness/   Minimum/ % with                Percentiles
        Sample Size      Variance    Kurtosis    Maximum  Min/Max      20%/60%    40%/80%    Median

     ABFAS_CI             65.332      -0.404      11.111    0.43%      50.000     62.500     67.500
             233.000     337.280      -0.305     100.000    1.29%      72.500     82.500
     BBFAS_CI             66.093      -0.309      22.500    1.75%      50.000     60.000     66.667
             171.000     330.869      -0.559     100.000    0.58%      72.500     82.500
     CBFAS_CI             66.149      -0.364      17.500    1.24%      52.500     62.500     67.500
             161.000     321.972      -0.224     100.000    1.24%      70.000     82.500
     DBFAS_CI             66.441      -0.006      22.500    0.63%      50.000     62.500     65.000
             159.000     296.093      -0.743     100.000    1.26%      70.000     82.500
     ABFA_MT              40.980       0.262       0.000    2.58%      25.000     37.500     41.667
             233.000     412.648      -0.177      95.833    0.43%      45.833     58.333
     BBFA_MT              40.210       0.238       0.000    2.34%      20.833     33.333     41.667
             171.000     402.982      -0.318     100.000    0.58%      45.833     58.333
     CBFA_MT              40.414       0.161       0.000    1.86%      20.833     33.333     40.000
             161.000     394.842      -0.484      95.833    0.62%      45.833     58.333
     DBFA_MT              42.521      -0.008       0.000    2.52%      25.000     41.667     45.833
             159.000     356.009      -0.032     100.000    0.63%      45.833     58.333


     UNIVARIATE HIGHER-ORDER MOMENT DESCRIPTIVE STATISTICS FOR D4

         Variable/         Mean/     Skewness/   Minimum/ % with                Percentiles
        Sample Size      Variance    Kurtosis    Maximum  Min/Max      20%/60%    40%/80%    Median

     ABFAS_CI             64.874      -0.297      16.667    0.51%      50.000     60.000     65.000
             198.000     320.088      -0.193     100.000    2.02%      70.000     80.000
     BBFAS_CI             64.204      -0.176      15.000    0.70%      50.000     60.000     65.000
             143.000     279.334      -0.136     100.000    1.40%      67.500     80.000
     CBFAS_CI             65.985      -0.324      10.000    0.76%      47.500     62.500     67.500
             132.000     354.522      -0.038     100.000    2.27%      70.000     82.500
     DBFAS_CI             64.634      -0.160      10.000    0.81%      47.500     57.500     65.000
             123.000     322.529      -0.222      97.500    3.25%      70.000     80.000
     ABFA_MT              36.637       0.380       0.000    1.52%      20.833     29.167     33.333
             198.000     371.299      -0.014      95.833    0.51%      37.500     54.167
     BBFA_MT              37.541       0.332       0.000    1.41%      20.833     29.167     37.500
             142.000     336.232      -0.149      91.667    0.70%      41.667     54.167
     CBFA_MT              38.321       0.340       0.000    1.52%      20.833     33.333     37.500
             132.000     369.171      -0.524      83.333    1.52%      41.667     54.167
     DBFA_MT              37.364       0.318       0.000    0.81%      20.833     33.333     33.333
             123.000     314.175      -0.625      79.167    1.63%      37.500     54.167


     UNIVARIATE HIGHER-ORDER MOMENT DESCRIPTIVE STATISTICS FOR D5

         Variable/         Mean/     Skewness/   Minimum/ % with                Percentiles
        Sample Size      Variance    Kurtosis    Maximum  Min/Max      20%/60%    40%/80%    Median

     ABFAS_CI             64.574      -0.382      15.000    0.76%      50.000     60.000     65.000
             131.000     305.581      -0.319      97.500    1.53%      70.000     80.000
     BBFAS_CI             67.283      -0.230      33.333    1.15%      50.000     62.500     67.500
              87.000     294.655      -0.749     100.000    1.15%      72.500     82.500
     CBFAS_CI             66.463      -0.560      17.500    1.22%      52.500     65.000     70.000
              82.000     271.944       0.189      95.000    3.66%      70.000     80.000
     DBFAS_CI             66.955      -0.476      17.500    1.32%      50.000     62.500     70.000
              76.000     300.898      -0.146      95.000    5.26%      72.500     82.500
     ABFA_MT              34.256       0.355       0.000    2.29%      16.667     29.167     33.333
             131.000     339.920      -0.245      85.000    0.76%      37.500     50.000
     BBFA_MT              33.793       0.250       0.000    5.75%      16.667     29.167     33.333
              87.000     355.057      -0.219      87.500    1.15%      37.500     50.000
     CBFA_MT              33.791       0.215       0.000    7.32%      16.667     25.000     33.333
              82.000     382.370      -0.542      79.167    2.44%      37.500     50.000
     DBFA_MT              34.101       0.622       0.000    2.63%      16.667     29.167     29.167
              76.000     411.509       0.007      87.500    2.63%      37.500     50.000


THE MODEL ESTIMATION TERMINATED NORMALLY



MODEL FIT INFORMATION

Number of Free Parameters                       54

Loglikelihood

          H0 Value                      -21191.498
          H0 Scaling Correction Factor      1.3726
            for MLR

Information Criteria

          Akaike (AIC)                   42490.997
          Bayesian (BIC)                 42748.122
          Sample-Size Adjusted BIC       42576.632
            (n* = (n + 2) / 24)



MODEL RESULTS

                                                    Two-Tailed
                    Estimate       S.E.  Est./S.E.    P-Value

Group D2

 P1       BY
    ABFAS_CI           1.000      0.000    999.000    999.000

 P2       BY
    BBFAS_CI           1.000      0.000    999.000    999.000

 P3       BY
    CBFAS_CI           1.000      0.000    999.000    999.000

 P4       BY
    DBFAS_CI           1.000      0.000    999.000    999.000

 V1       BY
    ABFA_MT            1.000      0.000    999.000    999.000

 V2       BY
    BBFA_MT            1.000      0.000    999.000    999.000

 V3       BY
    CBFA_MT            1.000      0.000    999.000    999.000

 V4       BY
    DBFA_MT            1.000      0.000    999.000    999.000

 P4         ON
    P3                 0.158      0.071      2.209      0.027
    V3                 0.067      0.047      1.404      0.160

 P3         ON
    P2                 0.158      0.071      2.209      0.027
    V2                 0.067      0.047      1.404      0.160

 P2         ON
    P1                 0.158      0.071      2.209      0.027
    V1                 0.067      0.047      1.404      0.160

 V4         ON
    V3                 0.274      0.136      2.021      0.043
    P3                 0.102      0.096      1.070      0.285

 V3         ON
    V2                 0.274      0.136      2.021      0.043
    P2                 0.102      0.096      1.070      0.285

 V2         ON
    V1                 0.274      0.136      2.021      0.043
    P1                 0.102      0.096      1.070      0.285

 S_BFAS_C WITH
    I_BFAS_CI         -0.627      0.838     -0.749      0.454
    S_BFA_MT          -0.044      0.104     -0.423      0.672
    I_BFA_MT          -1.387      2.285     -0.607      0.544

 I_BFAS_C WITH
    S_BFA_MT           0.102      2.476      0.041      0.967
    I_BFA_MT         -16.408     14.898     -1.101      0.271

 S_BFA_MT WITH
    I_BFA_MT          -0.595      0.933     -0.638      0.524

 P1       WITH
    V1                -5.573     11.544     -0.483      0.629

 P2       WITH
    V2                 0.269      6.555      0.041      0.967

 P3       WITH
    V3                 0.269      6.555      0.041      0.967

 P4       WITH
    V4                 0.269      6.555      0.041      0.967

 Means
    P1                 0.000      0.000    999.000    999.000
    V1                 0.000      0.000    999.000    999.000
    I_BFAS_CI         62.885      0.587    107.043      0.000
    S_BFAS_CI          0.189      0.052      3.609      0.000
    I_BFA_MT          39.998      0.637     62.769      0.000
    S_BFA_MT          -0.258      0.059     -4.406      0.000

 Intercepts
    ABFAS_CI           0.000      0.000    999.000    999.000
    BBFAS_CI           0.000      0.000    999.000    999.000
    CBFAS_CI           0.000      0.000    999.000    999.000
    DBFAS_CI           0.000      0.000    999.000    999.000
    ABFA_MT            0.000      0.000    999.000    999.000
    BBFA_MT            0.000      0.000    999.000    999.000
    CBFA_MT            0.000      0.000    999.000    999.000
    DBFA_MT            0.000      0.000    999.000    999.000
    P2                 0.000      0.000    999.000    999.000
    P3                 0.000      0.000    999.000    999.000
    P4                 0.000      0.000    999.000    999.000
    V2                 0.000      0.000    999.000    999.000
    V3                 0.000      0.000    999.000    999.000
    V4                 0.000      0.000    999.000    999.000

 Variances
    P1               111.635     23.353      4.780      0.000
    V1               162.923     19.762      8.244      0.000
    I_BFAS_CI        231.909     18.035     12.859      0.000
    S_BFAS_CI          0.125      0.145      0.863      0.388
    I_BFA_MT         271.497     21.904     12.395      0.000
    S_BFA_MT           0.117      0.146      0.799      0.424

 Residual Variances
    ABFAS_CI           0.000      0.000    999.000    999.000
    BBFAS_CI           0.000      0.000    999.000    999.000
    CBFAS_CI           0.000      0.000    999.000    999.000
    DBFAS_CI           0.000      0.000    999.000    999.000
    ABFA_MT            0.000      0.000    999.000    999.000
    BBFA_MT            0.000      0.000    999.000    999.000
    CBFA_MT            0.000      0.000    999.000    999.000
    DBFA_MT            0.000      0.000    999.000    999.000
    P2                76.075      7.943      9.577      0.000
    P3                76.075      7.943      9.577      0.000
    P4                76.075      7.943      9.577      0.000
    V2               121.794     20.859      5.839      0.000
    V3               121.794     20.859      5.839      0.000
    V4               121.794     20.859      5.839      0.000

Group D3

 P1       BY
    ABFAS_CI           1.000      0.000    999.000    999.000

 P2       BY
    BBFAS_CI           1.000      0.000    999.000    999.000

 P3       BY
    CBFAS_CI           1.000      0.000    999.000    999.000

 P4       BY
    DBFAS_CI           1.000      0.000    999.000    999.000

 V1       BY
    ABFA_MT            1.000      0.000    999.000    999.000

 V2       BY
    BBFA_MT            1.000      0.000    999.000    999.000

 V3       BY
    CBFA_MT            1.000      0.000    999.000    999.000

 V4       BY
    DBFA_MT            1.000      0.000    999.000    999.000

 P4         ON
    P3                 0.161      0.107      1.504      0.132
    V3                 0.031      0.066      0.473      0.637

 P3         ON
    P2                 0.161      0.107      1.504      0.132
    V2                 0.031      0.066      0.473      0.637

 P2         ON
    P1                 0.161      0.107      1.504      0.132
    V1                 0.031      0.066      0.473      0.637

 V4         ON
    V3                 0.135      0.072      1.865      0.062
    P3                 0.088      0.078      1.125      0.261

 V3         ON
    V2                 0.135      0.072      1.865      0.062
    P2                 0.088      0.078      1.125      0.261

 V2         ON
    V1                 0.135      0.072      1.865      0.062
    P1                 0.088      0.078      1.125      0.261

 S_BFAS_C WITH
    I_BFAS_CI         -0.627      0.838     -0.749      0.454
    S_BFA_MT          -0.044      0.104     -0.423      0.672
    I_BFA_MT          -1.387      2.285     -0.607      0.544

 I_BFAS_C WITH
    S_BFA_MT           0.102      2.476      0.041      0.967
    I_BFA_MT         -16.408     14.898     -1.101      0.271

 S_BFA_MT WITH
    I_BFA_MT          -0.595      0.933     -0.638      0.524

 P1       WITH
    V1               -15.650     13.783     -1.135      0.256

 P2       WITH
    V2                -6.695      6.028     -1.111      0.267

 P3       WITH
    V3                -6.695      6.028     -1.111      0.267

 P4       WITH
    V4                -6.695      6.028     -1.111      0.267

 Means
    P1                 0.000      0.000    999.000    999.000
    V1                 0.000      0.000    999.000    999.000
    I_BFAS_CI         62.885      0.587    107.043      0.000
    S_BFAS_CI          0.189      0.052      3.609      0.000
    I_BFA_MT          39.998      0.637     62.769      0.000
    S_BFA_MT          -0.258      0.059     -4.406      0.000

 Intercepts
    ABFAS_CI           0.000      0.000    999.000    999.000
    BBFAS_CI           0.000      0.000    999.000    999.000
    CBFAS_CI           0.000      0.000    999.000    999.000
    DBFAS_CI           0.000      0.000    999.000    999.000
    ABFA_MT            0.000      0.000    999.000    999.000
    BBFA_MT            0.000      0.000    999.000    999.000
    CBFA_MT            0.000      0.000    999.000    999.000
    DBFA_MT            0.000      0.000    999.000    999.000
    P2                 0.000      0.000    999.000    999.000
    P3                 0.000      0.000    999.000    999.000
    P4                 0.000      0.000    999.000    999.000
    V2                 0.000      0.000    999.000    999.000
    V3                 0.000      0.000    999.000    999.000
    V4                 0.000      0.000    999.000    999.000

 Variances
    P1                83.866     16.455      5.097      0.000
    V1               132.161     18.236      7.247      0.000
    I_BFAS_CI        231.909     18.035     12.859      0.000
    S_BFAS_CI          0.125      0.145      0.863      0.388
    I_BFA_MT         271.497     21.904     12.395      0.000
    S_BFA_MT           0.117      0.146      0.799      0.424

 Residual Variances
    ABFAS_CI           0.000      0.000    999.000    999.000
    BBFAS_CI           0.000      0.000    999.000    999.000
    CBFAS_CI           0.000      0.000    999.000    999.000
    DBFAS_CI           0.000      0.000    999.000    999.000
    ABFA_MT            0.000      0.000    999.000    999.000
    BBFA_MT            0.000      0.000    999.000    999.000
    CBFA_MT            0.000      0.000    999.000    999.000
    DBFA_MT            0.000      0.000    999.000    999.000
    P2                71.942      9.323      7.717      0.000
    P3                71.942      9.323      7.717      0.000
    P4                71.942      9.323      7.717      0.000
    V2                86.439      8.353     10.349      0.000
    V3                86.439      8.353     10.349      0.000
    V4                86.439      8.353     10.349      0.000

Group D4

 P1       BY
    ABFAS_CI           1.000      0.000    999.000    999.000

 P2       BY
    BBFAS_CI           1.000      0.000    999.000    999.000

 P3       BY
    CBFAS_CI           1.000      0.000    999.000    999.000

 P4       BY
    DBFAS_CI           1.000      0.000    999.000    999.000

 V1       BY
    ABFA_MT            1.000      0.000    999.000    999.000

 V2       BY
    BBFA_MT            1.000      0.000    999.000    999.000

 V3       BY
    CBFA_MT            1.000      0.000    999.000    999.000

 V4       BY
    DBFA_MT            1.000      0.000    999.000    999.000

 P4         ON
    P3                 0.301      0.114      2.645      0.008
    V3                -0.008      0.071     -0.107      0.915

 P3         ON
    P2                 0.301      0.114      2.645      0.008
    V2                -0.008      0.071     -0.107      0.915

 P2         ON
    P1                 0.301      0.114      2.645      0.008
    V1                -0.008      0.071     -0.107      0.915

 V4         ON
    V3                 0.035      0.124      0.284      0.776
    P3                -0.031      0.126     -0.247      0.805

 V3         ON
    V2                 0.035      0.124      0.284      0.776
    P2                -0.031      0.126     -0.247      0.805

 V2         ON
    V1                 0.035      0.124      0.284      0.776
    P1                -0.031      0.126     -0.247      0.805

 S_BFAS_C WITH
    I_BFAS_CI         -0.627      0.838     -0.749      0.454
    S_BFA_MT          -0.044      0.104     -0.423      0.672
    I_BFA_MT          -1.387      2.285     -0.607      0.544

 I_BFAS_C WITH
    S_BFA_MT           0.102      2.476      0.041      0.967
    I_BFA_MT         -16.408     14.898     -1.101      0.271

 S_BFA_MT WITH
    I_BFA_MT          -0.595      0.933     -0.638      0.524

 P1       WITH
    V1               -21.318     14.043     -1.518      0.129

 P2       WITH
    V2                -5.984      7.756     -0.771      0.440

 P3       WITH
    V3                -5.984      7.756     -0.771      0.440

 P4       WITH
    V4                -5.984      7.756     -0.771      0.440

 Means
    P1                 0.000      0.000    999.000    999.000
    V1                 0.000      0.000    999.000    999.000
    I_BFAS_CI         62.885      0.587    107.043      0.000
    S_BFAS_CI          0.189      0.052      3.609      0.000
    I_BFA_MT          39.998      0.637     62.769      0.000
    S_BFA_MT          -0.258      0.059     -4.406      0.000

 Intercepts
    ABFAS_CI           0.000      0.000    999.000    999.000
    BBFAS_CI           0.000      0.000    999.000    999.000
    CBFAS_CI           0.000      0.000    999.000    999.000
    DBFAS_CI           0.000      0.000    999.000    999.000
    ABFA_MT            0.000      0.000    999.000    999.000
    BBFA_MT            0.000      0.000    999.000    999.000
    CBFA_MT            0.000      0.000    999.000    999.000
    DBFA_MT            0.000      0.000    999.000    999.000
    P2                 0.000      0.000    999.000    999.000
    P3                 0.000      0.000    999.000    999.000
    P4                 0.000      0.000    999.000    999.000
    V2                 0.000      0.000    999.000    999.000
    V3                 0.000      0.000    999.000    999.000
    V4                 0.000      0.000    999.000    999.000

 Variances
    P1               108.421     20.528      5.281      0.000
    V1               113.594     22.511      5.046      0.000
    I_BFAS_CI        231.909     18.035     12.859      0.000
    S_BFAS_CI          0.125      0.145      0.863      0.388
    I_BFA_MT         271.497     21.904     12.395      0.000
    S_BFA_MT           0.117      0.146      0.799      0.424

 Residual Variances
    ABFAS_CI           0.000      0.000    999.000    999.000
    BBFAS_CI           0.000      0.000    999.000    999.000
    CBFAS_CI           0.000      0.000    999.000    999.000
    DBFAS_CI           0.000      0.000    999.000    999.000
    ABFA_MT            0.000      0.000    999.000    999.000
    BBFA_MT            0.000      0.000    999.000    999.000
    CBFA_MT            0.000      0.000    999.000    999.000
    DBFA_MT            0.000      0.000    999.000    999.000
    P2                67.431      9.042      7.458      0.000
    P3                67.431      9.042      7.458      0.000
    P4                67.431      9.042      7.458      0.000
    V2                86.047     15.828      5.437      0.000
    V3                86.047     15.828      5.437      0.000
    V4                86.047     15.828      5.437      0.000

Group D5

 P1       BY
    ABFAS_CI           1.000      0.000    999.000    999.000

 P2       BY
    BBFAS_CI           1.000      0.000    999.000    999.000

 P3       BY
    CBFAS_CI           1.000      0.000    999.000    999.000

 P4       BY
    DBFAS_CI           1.000      0.000    999.000    999.000

 V1       BY
    ABFA_MT            1.000      0.000    999.000    999.000

 V2       BY
    BBFA_MT            1.000      0.000    999.000    999.000

 V3       BY
    CBFA_MT            1.000      0.000    999.000    999.000

 V4       BY
    DBFA_MT            1.000      0.000    999.000    999.000

 P4         ON
    P3                -0.051      0.109     -0.472      0.637
    V3                -0.031      0.090     -0.350      0.726

 P3         ON
    P2                -0.051      0.109     -0.472      0.637
    V2                -0.031      0.090     -0.350      0.726

 P2         ON
    P1                -0.051      0.109     -0.472      0.637
    V1                -0.031      0.090     -0.350      0.726

 V4         ON
    V3                 0.144      0.192      0.748      0.454
    P3                 0.029      0.118      0.242      0.808

 V3         ON
    V2                 0.144      0.192      0.748      0.454
    P2                 0.029      0.118      0.242      0.808

 V2         ON
    V1                 0.144      0.192      0.748      0.454
    P1                 0.029      0.118      0.242      0.808

 S_BFAS_C WITH
    I_BFAS_CI         -0.627      0.838     -0.749      0.454
    S_BFA_MT          -0.044      0.104     -0.423      0.672
    I_BFA_MT          -1.387      2.285     -0.607      0.544

 I_BFAS_C WITH
    S_BFA_MT           0.102      2.476      0.041      0.967
    I_BFA_MT         -16.408     14.898     -1.101      0.271

 S_BFA_MT WITH
    I_BFA_MT          -0.595      0.933     -0.638      0.524

 P1       WITH
    V1               -14.972     10.015     -1.495      0.135

 P2       WITH
    V2                -8.822     14.098     -0.626      0.531

 P3       WITH
    V3                -8.822     14.098     -0.626      0.531

 P4       WITH
    V4                -8.822     14.098     -0.626      0.531

 Means
    P1                 0.000      0.000    999.000    999.000
    V1                 0.000      0.000    999.000    999.000
    I_BFAS_CI         62.885      0.587    107.043      0.000
    S_BFAS_CI          0.189      0.052      3.609      0.000
    I_BFA_MT          39.998      0.637     62.769      0.000
    S_BFA_MT          -0.258      0.059     -4.406      0.000

 Intercepts
    ABFAS_CI           0.000      0.000    999.000    999.000
    BBFAS_CI           0.000      0.000    999.000    999.000
    CBFAS_CI           0.000      0.000    999.000    999.000
    DBFAS_CI           0.000      0.000    999.000    999.000
    ABFA_MT            0.000      0.000    999.000    999.000
    BBFA_MT            0.000      0.000    999.000    999.000
    CBFA_MT            0.000      0.000    999.000    999.000
    DBFA_MT            0.000      0.000    999.000    999.000
    P2                 0.000      0.000    999.000    999.000
    P3                 0.000      0.000    999.000    999.000
    P4                 0.000      0.000    999.000    999.000
    V2                 0.000      0.000    999.000    999.000
    V3                 0.000      0.000    999.000    999.000
    V4                 0.000      0.000    999.000    999.000

 Variances
    P1                72.374     18.889      3.832      0.000
    V1                76.223     20.685      3.685      0.000
    I_BFAS_CI        231.909     18.035     12.859      0.000
    S_BFAS_CI          0.125      0.145      0.863      0.388
    I_BFA_MT         271.497     21.904     12.395      0.000
    S_BFA_MT           0.117      0.146      0.799      0.424

 Residual Variances
    ABFAS_CI           0.000      0.000    999.000    999.000
    BBFAS_CI           0.000      0.000    999.000    999.000
    CBFAS_CI           0.000      0.000    999.000    999.000
    DBFAS_CI           0.000      0.000    999.000    999.000
    ABFA_MT            0.000      0.000    999.000    999.000
    BBFA_MT            0.000      0.000    999.000    999.000
    CBFA_MT            0.000      0.000    999.000    999.000
    DBFA_MT            0.000      0.000    999.000    999.000
    P2                58.054     10.071      5.765      0.000
    P3                58.054     10.071      5.765      0.000
    P4                58.054     10.071      5.765      0.000
    V2               116.081     24.371      4.763      0.000
    V3               116.081     24.371      4.763      0.000
    V4               116.081     24.371      4.763      0.000


QUALITY OF NUMERICAL RESULTS

     Condition Number for the Information Matrix              0.811E-05
       (ratio of smallest to largest eigenvalue)


     Beginning Time:  17:24:03
        Ending Time:  17:24:28
       Elapsed Time:  00:00:25



MUTHEN & MUTHEN
3463 Stoner Ave.
Los Angeles, CA  90066

Tel: (310) 391-9971
Fax: (310) 391-8971
Web: www.StatModel.com
Support: Support@StatModel.com

Copyright (c) 1998-2017 Muthen & Muthen
