Mplus VERSION 8 (Linux)
MUTHEN & MUTHEN
07/08/2018   5:26 PM

INPUT INSTRUCTIONS


  title: PxVx Bivariate LCM-SR - decadegroup - Linear bfas_ci with Linear vrt_col_d;
  data: file = /home/jflournoy/code_new/lnt_pxvx/Data/lnt_nat_recalc.tsv;

  variable:
  names =
  subjid
  aage
  aaspfin
  aaspfin_d
  abfa_mt
  abfa_mt_d
  abfas_ac
  abfas_ap
  abfas_ci
  abfas_co
  abfas_ea
  abfas_ee
  abfas_nv
  abfas_nv9
  abfas_nw
  abfas_oi
  abfas_oo
  abfi_a
  abfi_a6
  abfi_c
  abfi_d_scale
  abfi_e
  abfi_hp8
  abfi_n
  abfi_o
  abfi_s_scale
  ahrz_col
  ahrz_col_d
  ahrz_ind
  ahrz_ind_d
  amvi
  ausi
  ausi_d
  avrt_col
  avrt_col_d
  avrt_ind
  avrt_ind_d
  bage
  baspfin
  baspfin_d
  bbfa_mt
  bbfa_mt_d
  bbfas_ac
  bbfas_ap
  bbfas_ci
  bbfas_co
  bbfas_ea
  bbfas_ee
  bbfas_nv
  bbfas_nv9
  bbfas_nw
  bbfas_oi
  bbfas_oo
  bbfi_a
  bbfi_a6
  bbfi_c
  bbfi_d_scale
  bbfi_e
  bbfi_hp8
  bbfi_n
  bbfi_o
  bbfi_s_scale
  bhrz_col
  bhrz_col_d
  bhrz_ind
  bhrz_ind_d
  bmvi
  busi
  busi_d
  bvrt_col
  bvrt_col_d
  bvrt_ind
  bvrt_ind_d
  cage
  caspfin
  caspfin_d
  cbfa_mt
  cbfa_mt_d
  cbfas_ac
  cbfas_ap
  cbfas_ci
  cbfas_co
  cbfas_ea
  cbfas_ee
  cbfas_nv
  cbfas_nv9
  cbfas_nw
  cbfas_oi
  cbfas_oo
  cbfi_a
  cbfi_a6
  cbfi_c
  cbfi_d_scale
  cbfi_e
  cbfi_hp8
  cbfi_n
  cbfi_o
  cbfi_s_scale
  chrz_col
  chrz_col_d
  chrz_ind
  chrz_ind_d
  cmvi
  cusi
  cusi_d
  cvrt_col
  cvrt_col_d
  cvrt_ind
  cvrt_ind_d
  dage
  daspfin
  daspfin_d
  dbfa_mt
  dbfa_mt_d
  dbfas_ac
  dbfas_ap
  dbfas_ci
  dbfas_co
  dbfas_ea
  dbfas_ee
  dbfas_nv
  dbfas_nv9
  dbfas_nw
  dbfas_oi
  dbfas_oo
  dbfi_a
  dbfi_a6
  dbfi_c
  dbfi_d_scale
  dbfi_e
  dbfi_hp8
  dbfi_n
  dbfi_o
  dbfi_s_scale
  dhrz_col
  dhrz_col_d
  dhrz_ind
  dhrz_ind_d
  dmvi
  dusi
  dusi_d
  dvrt_col
  dvrt_col_d
  dvrt_ind
  dvrt_ind_d;

  USEVARIABLES =
  abfas_ci
  bbfas_ci
  cbfas_ci
  dbfas_ci
  avrt_col_d
  bvrt_col_d
  cvrt_col_d
  dvrt_col_d
  a1
  a2
  a3
  a4
  aagegrp
  ;

  missing = all (-9999);

  tscores = a1 a2 a3 a4;

  grouping = aagegrp (0=d2, 1=d3, 2=d4, 3=d5);

  DEFINE:

  aagegrp = aage;

  cut aagegrp (29 39 49);

  a1 = aage + 0 - 36;
  a2 = aage + 1 - 36;
  a3 = aage + 2 - 36;
  a4 = aage + 3 - 36;

  ANALYSIS:
  TYPE=RANDOM;
  PROCESSORS = 6;
  model=nocovariances; ! supresses default estimation of certain covs in model;

  MODEL:

  i_bfas_ci s_bfas_ci | abfas_ci bbfas_ci cbfas_ci dbfas_ci AT a1 a2 a3 a4;
  i_vrt_col_d s_vrt_col_d | avrt_col_d bvrt_col_d cvrt_col_d dvrt_col_d AT a1 a2 a3 a4;

  ! freeing factor covs because of "nocovariances"
  ! But ensure they are constrained across groups
  s_bfas_ci WITH i_bfas_ci (p)
  s_vrt_col_d (q)
  i_vrt_col_d (r);
  i_bfas_ci WITH s_vrt_col_d (s)
  i_vrt_col_d (t);
  s_vrt_col_d WITH i_vrt_col_d (u);

  !constrain latent growth means across groups
  [i_bfas_ci] (v);
  [s_bfas_ci] (w);
  [i_vrt_col_d] (x);
  [s_vrt_col_d] (y);

  !constrain latent growth variances across groups
  i_bfas_ci (l);
  s_bfas_ci (m);
  i_vrt_col_d (n);
  s_vrt_col_d (o);

  p1 BY abfas_ci@1; ! Residual "factors";
  p2 BY bbfas_ci@1;
  p3 BY cbfas_ci@1;
  p4 BY dbfas_ci@1;

  v1 BY avrt_col_d@1; ! Residual "factors";
  v2 BY bvrt_col_d@1;
  v3 BY cvrt_col_d@1;
  v4 BY dvrt_col_d@1;

  !residual variances on observed/manifest vars set to 0
  abfas_ci@0;
  bbfas_ci@0;
  cbfas_ci@0;
  dbfas_ci@0;

  !residual variances on observed/manifest vars set to 0
  avrt_col_d@0;
  bvrt_col_d@0;
  cvrt_col_d@0;
  dvrt_col_d@0;

  ! means of observed/manifest vars set to 0
  [abfas_ci@0];
  [bbfas_ci@0];
  [cbfas_ci@0];
  [dbfas_ci@0];

  ! means of observed/manifest vars set to 0
  [avrt_col_d@0];
  [bvrt_col_d@0];
  [cvrt_col_d@0];
  [dvrt_col_d@0];

  [p1@0]; ! means of residual "factors" set to 0
  [p2@0];
  [p3@0];
  [p4@0];

  [v1@0]; ! means of residual "factors" set to 0
  [v2@0];
  [v3@0];
  [v4@0];

  p4 on p3 (a); ! Autoregressive paths constrained to equality
  p3 on p2 (a);
  p2 on p1 (a);

  v4 on v3 (b); ! Autoregressive paths constrained to equality
  v3 on v2 (b);
  v2 on v1 (b);

  p4 on v3 (c); ! Cross-lagged paths constrained to equality
  p3 on v2 (c);
  p2 on v1 (c);

  v4 on p3 (d); ! Cross-lagged paths constrained to equality
  v3 on p2 (d);
  v2 on p1 (d);

  p1 with v1; !(this one is not like the others)

  p2 with v2 (e); ! Within-wave correlations constrained to equality
  p3 with v3 (e);
  p4 with v4 (e);

  p2 p3 p4 (f); ! estimate variances of residual "factors"
  v2 v3 v4 (g); ! estimate variances of residual "factors"

  MODEL d2:

  p4 on p3 (a2); ! Autoregressive paths constrained to equality
  p3 on p2 (a2);
  p2 on p1 (a2);

  v4 on v3 (b2); ! Autoregressive paths constrained to equality
  v3 on v2 (b2);
  v2 on v1 (b2);

  p4 on v3 (c2); ! Cross-lagged paths constrained to equality
  p3 on v2 (c2);
  p2 on v1 (c2);

  v4 on p3 (d2); ! Cross-lagged paths constrained to equality
  v3 on p2 (d2);
  v2 on p1 (d2);

  p1 with v1; !(this one is not like the others)

  p2 with v2 (e2); ! Within-wave correlations constrained to equality
  p3 with v3 (e2);
  p4 with v4 (e2);

  p2 p3 p4 (f2); ! estimate variances of residual "factors"
  v2 v3 v4 (g2); ! estimate variances of residual "factors"

  MODEL d3:

  p4 on p3 (a3); ! Autoregressive paths constrained to equality
  p3 on p2 (a3);
  p2 on p1 (a3);

  v4 on v3 (b3); ! Autoregressive paths constrained to equality
  v3 on v2 (b3);
  v2 on v1 (b3);

  p4 on v3 (c3); ! Cross-lagged paths constrained to equality
  p3 on v2 (c3);
  p2 on v1 (c3);

  v4 on p3 (d3); ! Cross-lagged paths constrained to equality
  v3 on p2 (d3);
  v2 on p1 (d3);

  p1 with v1; !(this one is not like the others)

  p2 with v2 (e3); ! Within-wave correlations constrained to equality
  p3 with v3 (e3);
  p4 with v4 (e3);

  p2 p3 p4 (f3); ! estimate variances of residual "factors"
  v2 v3 v4 (g3); ! estimate variances of residual "factors"

  MODEL d4:

  p4 on p3 (a4); ! Autoregressive paths constrained to equality
  p3 on p2 (a4);
  p2 on p1 (a4);

  v4 on v3 (b4); ! Autoregressive paths constrained to equality
  v3 on v2 (b4);
  v2 on v1 (b4);

  p4 on v3 (c4); ! Cross-lagged paths constrained to equality
  p3 on v2 (c4);
  p2 on v1 (c4);

  v4 on p3 (d4); ! Cross-lagged paths constrained to equality
  v3 on p2 (d4);
  v2 on p1 (d4);

  p1 with v1; !(this one is not like the others)

  p2 with v2 (e4); ! Within-wave correlations constrained to equality
  p3 with v3 (e4);
  p4 with v4 (e4);

  p2 p3 p4 (f4); ! estimate variances of residual "factors"
  v2 v3 v4 (g4); ! estimate variances of residual "factors"

  MODEL d5:

  p4 on p3 (a5); ! Autoregressive paths constrained to equality
  p3 on p2 (a5);
  p2 on p1 (a5);

  v4 on v3 (b5); ! Autoregressive paths constrained to equality
  v3 on v2 (b5);
  v2 on v1 (b5);

  p4 on v3 (c5); ! Cross-lagged paths constrained to equality
  p3 on v2 (c5);
  p2 on v1 (c5);

  v4 on p3 (d5); ! Cross-lagged paths constrained to equality
  v3 on p2 (d5);
  v2 on p1 (d5);

  p1 with v1; !(this one is not like the others)

  p2 with v2 (e5); ! Within-wave correlations constrained to equality
  p3 with v3 (e5);
  p4 with v4 (e5);

  p2 p3 p4 (f5); ! estimate variances of residual "factors"
  v2 v3 v4 (g5); ! estimate variances of residual "factors"

  OUTPUT: SAMPSTAT PATTERNS;



*** WARNING in VARIABLE command
  Note that only the first 8 characters of variable names are used in the output.
  Shorten variable names to avoid any confusion.
*** WARNING
  Data set contains unknown or missing values for GROUPING,
  PATTERN, COHORT, CLUSTER and/or STRATIFICATION variables.
  Number of cases with unknown or missing values:  5
   2 WARNING(S) FOUND IN THE INPUT INSTRUCTIONS



PxVx Bivariate LCM-SR - decadegroup - Linear bfas_ci with Linear vrt_col_d;

SUMMARY OF ANALYSIS

Number of groups                                                 4
Number of observations
   Group D2                                                    301
   Group D3                                                    233
   Group D4                                                    198
   Group D5                                                    132
   Total sample size                                           864

Number of dependent variables                                    8
Number of independent variables                                  0
Number of continuous latent variables                           12

Observed dependent variables

  Continuous
   ABFAS_CI    BBFAS_CI    CBFAS_CI    DBFAS_CI    AVRT_COL_D  BVRT_COL_D
   CVRT_COL_D  DVRT_COL_D

Continuous latent variables
   P1          P2          P3          P4          V1          V2
   V3          V4          I_BFAS_C    S_BFAS_C    I_VRT_CO    S_VRT_CO

Variables with special functions

  Grouping variable     AAGEGRP

  Time scores
   A1          A2          A3          A4


Estimator                                                      MLR
Information matrix                                        OBSERVED
Maximum number of iterations                                   100
Convergence criterion                                    0.100D-05
Maximum number of EM iterations                                500
Convergence criteria for the EM algorithm
  Loglikelihood change                                   0.100D-02
  Relative loglikelihood change                          0.100D-05
  Derivative                                             0.100D-03
Minimum variance                                         0.100D-03
Maximum number of steepest descent iterations                   20
Maximum number of iterations for H1                           2000
Convergence criterion for H1                             0.100D-03
Optimization algorithm                                         EMA

Input data file(s)
  /home/jflournoy/code_new/lnt_pxvx/Data/lnt_nat_recalc.tsv
Input data format  FREE


SUMMARY OF DATA

   Group D2
     Number of missing data patterns            15

   Group D3
     Number of missing data patterns            10

   Group D4
     Number of missing data patterns            14

   Group D5
     Number of missing data patterns             9


SUMMARY OF MISSING DATA PATTERNS


     MISSING DATA PATTERNS (x = not missing) FOR D2

           1  2  3  4  5  6  7  8  9 10 11 12 13 14 15
 ABFAS_CI  x  x  x  x  x  x  x  x  x  x     x  x  x  x
 BBFAS_CI  x     x  x  x  x           x  x  x  x  x
 CBFAS_CI  x        x     x     x  x  x  x  x  x     x
 DBFAS_CI  x     x  x        x     x     x  x        x
 AVRT_COL  x  x  x  x  x  x  x  x  x  x  x  x  x  x  x
 BVRT_COL  x     x  x  x  x           x  x     x     x
 CVRT_COL  x              x     x  x     x  x  x     x
 DVRT_COL  x     x  x        x     x     x  x  x     x


     MISSING DATA PATTERN FREQUENCIES FOR D2

    Pattern   Frequency     Pattern   Frequency     Pattern   Frequency
          1         185           6          13          11           1
          2          57           7          11          12           2
          3           6           8           5          13           1
          4           1           9           5          14           1
          5          11          10           1          15           1


     MISSING DATA PATTERNS (x = not missing) FOR D3

           1  2  3  4  5  6  7  8  9 10
 ABFAS_CI  x  x  x  x  x  x  x  x  x  x
 BBFAS_CI  x     x  x  x           x
 CBFAS_CI  x           x     x  x
 DBFAS_CI  x     x        x     x     x
 AVRT_COL  x  x  x  x  x  x  x  x  x  x
 BVRT_COL  x     x  x  x
 CVRT_COL  x           x     x  x
 DVRT_COL  x     x        x     x


     MISSING DATA PATTERN FREQUENCIES FOR D3

    Pattern   Frequency     Pattern   Frequency     Pattern   Frequency
          1         140           5           7           9           1
          2          44           6           3          10           1
          3           8           7           7
          4          15           8           7


     MISSING DATA PATTERNS (x = not missing) FOR D4

           1  2  3  4  5  6  7  8  9 10 11 12 13 14
 ABFAS_CI  x  x  x  x  x  x  x  x  x  x  x  x  x  x
 BBFAS_CI  x     x  x  x  x           x  x     x
 CBFAS_CI  x        x     x     x  x  x           x
 DBFAS_CI  x     x  x        x     x  x        x
 AVRT_COL  x  x  x  x  x  x  x  x  x  x  x     x  x
 BVRT_COL  x     x  x  x  x
 CVRT_COL  x              x     x  x  x
 DVRT_COL  x     x  x        x     x  x        x


     MISSING DATA PATTERN FREQUENCIES FOR D4

    Pattern   Frequency     Pattern   Frequency     Pattern   Frequency
          1         104           6          15          11           2
          2          39           7           4          12           1
          3           7           8           5          13           1
          4           1           9           5          14           1
          5          12          10           1


     MISSING DATA PATTERNS (x = not missing) FOR D5

           1  2  3  4  5  6  7  8  9
 ABFAS_CI  x  x  x  x  x  x  x  x
 BBFAS_CI  x     x  x  x           x
 CBFAS_CI  x           x     x  x  x
 DBFAS_CI  x     x        x     x  x
 AVRT_COL  x  x  x  x  x  x  x  x  x
 BVRT_COL  x     x  x  x           x
 CVRT_COL  x           x     x  x  x
 DVRT_COL  x     x        x     x  x


     MISSING DATA PATTERN FREQUENCIES FOR D5

    Pattern   Frequency     Pattern   Frequency     Pattern   Frequency
          1          60           4          10           7           6
          2          29           5          11           8           4
          3           5           6           6           9           1


COVARIANCE COVERAGE OF DATA

Minimum covariance coverage value   0.100


     PROPORTION OF DATA PRESENT FOR D2


           Covariance Coverage
              ABFAS_CI      BBFAS_CI      CBFAS_CI      DBFAS_CI      AVRT_COL
              ________      ________      ________      ________      ________
 ABFAS_CI       0.997
 BBFAS_CI       0.734         0.738
 CBFAS_CI       0.711         0.678         0.714
 DBFAS_CI       0.701         0.648         0.648         0.704
 AVRT_COL       0.997         0.738         0.714         0.704         1.000
 BVRT_COL       0.728         0.728         0.674         0.645         0.731
 CVRT_COL       0.704         0.671         0.708         0.645         0.708
 DVRT_COL       0.704         0.651         0.651         0.704         0.708


           Covariance Coverage
              BVRT_COL      CVRT_COL      DVRT_COL
              ________      ________      ________
 BVRT_COL       0.731
 CVRT_COL       0.668         0.708
 DVRT_COL       0.648         0.648         0.708


     PROPORTION OF DATA PRESENT FOR D3


           Covariance Coverage
              ABFAS_CI      BBFAS_CI      CBFAS_CI      DBFAS_CI      AVRT_COL
              ________      ________      ________      ________      ________
 ABFAS_CI       1.000
 BBFAS_CI       0.747         0.747
 CBFAS_CI       0.717         0.682         0.717
 DBFAS_CI       0.734         0.700         0.670         0.734
 AVRT_COL       1.000         0.747         0.717         0.734         1.000
 BVRT_COL       0.747         0.747         0.682         0.700         0.747
 CVRT_COL       0.648         0.614         0.648         0.605         0.648
 DVRT_COL       0.734         0.700         0.670         0.734         0.734


           Covariance Coverage
              BVRT_COL      CVRT_COL      DVRT_COL
              ________      ________      ________
 BVRT_COL       0.747
 CVRT_COL       0.614         0.648
 DVRT_COL       0.700         0.605         0.734


     PROPORTION OF DATA PRESENT FOR D4


           Covariance Coverage
              ABFAS_CI      BBFAS_CI      CBFAS_CI      DBFAS_CI      AVRT_COL
              ________      ________      ________      ________      ________
 ABFAS_CI       0.990
 BBFAS_CI       0.722         0.732
 CBFAS_CI       0.672         0.631         0.682
 DBFAS_CI       0.616         0.581         0.571         0.626
 AVRT_COL       0.990         0.732         0.682         0.626         1.000
 BVRT_COL       0.712         0.722         0.626         0.576         0.722
 CVRT_COL       0.662         0.621         0.672         0.566         0.672
 DVRT_COL       0.621         0.586         0.576         0.626         0.631


           Covariance Coverage
              BVRT_COL      CVRT_COL      DVRT_COL
              ________      ________      ________
 BVRT_COL       0.722
 CVRT_COL       0.616         0.672
 DVRT_COL       0.581         0.571         0.631


     PROPORTION OF DATA PRESENT FOR D5


           Covariance Coverage
              ABFAS_CI      BBFAS_CI      CBFAS_CI      DBFAS_CI      AVRT_COL
              ________      ________      ________      ________      ________
 ABFAS_CI       1.000
 BBFAS_CI       0.697         0.697
 CBFAS_CI       0.614         0.576         0.614
 DBFAS_CI       0.621         0.568         0.538         0.621
 AVRT_COL       1.000         0.697         0.614         0.621         1.000
 BVRT_COL       0.697         0.697         0.576         0.568         0.697
 CVRT_COL       0.538         0.500         0.538         0.462         0.538
 DVRT_COL       0.621         0.568         0.538         0.621         0.621


           Covariance Coverage
              BVRT_COL      CVRT_COL      DVRT_COL
              ________      ________      ________
 BVRT_COL       0.697
 CVRT_COL       0.500         0.538
 DVRT_COL       0.568         0.462         0.621


SAMPLE STATISTICS


     ESTIMATED SAMPLE STATISTICS FOR D2


           Means
              ABFAS_CI      BBFAS_CI      CBFAS_CI      DBFAS_CI      AVRT_COL
              ________      ________      ________      ________      ________
               59.818        59.066        58.267        59.249        64.729


           Means
              BVRT_COL      CVRT_COL      DVRT_COL
              ________      ________      ________
               62.246        62.442        61.022


           Covariances
              ABFAS_CI      BBFAS_CI      CBFAS_CI      DBFAS_CI      AVRT_COL
              ________      ________      ________      ________      ________
 ABFAS_CI     358.342
 BBFAS_CI     259.568       320.004
 CBFAS_CI     231.606       238.307       289.367
 DBFAS_CI     247.495       242.596       243.536       323.799
 AVRT_COL      84.537        84.564        73.507        79.109       370.460
 BVRT_COL      66.121        55.817        71.223        55.373       263.629
 CVRT_COL      65.206        64.520        68.944        66.874       228.938
 DVRT_COL      67.347        67.403        72.172        64.042       259.954


           Covariances
              BVRT_COL      CVRT_COL      DVRT_COL
              ________      ________      ________
 BVRT_COL     428.676
 CVRT_COL     270.120       437.482
 DVRT_COL     302.527       290.350       458.662


           Correlations
              ABFAS_CI      BBFAS_CI      CBFAS_CI      DBFAS_CI      AVRT_COL
              ________      ________      ________      ________      ________
 ABFAS_CI       1.000
 BBFAS_CI       0.767         1.000
 CBFAS_CI       0.719         0.783         1.000
 DBFAS_CI       0.727         0.754         0.796         1.000
 AVRT_COL       0.232         0.246         0.225         0.228         1.000
 BVRT_COL       0.169         0.151         0.202         0.149         0.662
 CVRT_COL       0.165         0.172         0.194         0.178         0.569
 DVRT_COL       0.166         0.176         0.198         0.166         0.631


           Correlations
              BVRT_COL      CVRT_COL      DVRT_COL
              ________      ________      ________
 BVRT_COL       1.000
 CVRT_COL       0.624         1.000
 DVRT_COL       0.682         0.648         1.000


     ESTIMATED SAMPLE STATISTICS FOR D3


           Means
              ABFAS_CI      BBFAS_CI      CBFAS_CI      DBFAS_CI      AVRT_COL
              ________      ________      ________      ________      ________
               65.332        65.580        66.070        66.016        68.526


           Means
              BVRT_COL      CVRT_COL      DVRT_COL
              ________      ________      ________
               67.243        65.225        65.922


           Covariances
              ABFAS_CI      BBFAS_CI      CBFAS_CI      DBFAS_CI      AVRT_COL
              ________      ________      ________      ________      ________
 ABFAS_CI     337.280
 BBFAS_CI     285.250       345.415
 CBFAS_CI     248.876       270.083       320.633
 DBFAS_CI     237.557       262.398       240.138       304.860
 AVRT_COL      71.721        60.087        65.092        49.577       410.972
 BVRT_COL      59.969        60.890        44.044        38.199       266.348
 CVRT_COL      54.317        42.269        49.467        36.056       277.351
 DVRT_COL      89.685        79.313        73.831        56.696       284.777


           Covariances
              BVRT_COL      CVRT_COL      DVRT_COL
              ________      ________      ________
 BVRT_COL     391.043
 CVRT_COL     286.872       471.667
 DVRT_COL     265.275       339.926       422.001


           Correlations
              ABFAS_CI      BBFAS_CI      CBFAS_CI      DBFAS_CI      AVRT_COL
              ________      ________      ________      ________      ________
 ABFAS_CI       1.000
 BBFAS_CI       0.836         1.000
 CBFAS_CI       0.757         0.812         1.000
 DBFAS_CI       0.741         0.809         0.768         1.000
 AVRT_COL       0.193         0.159         0.179         0.140         1.000
 BVRT_COL       0.165         0.166         0.124         0.111         0.664
 CVRT_COL       0.136         0.105         0.127         0.095         0.630
 DVRT_COL       0.238         0.208         0.201         0.158         0.684


           Correlations
              BVRT_COL      CVRT_COL      DVRT_COL
              ________      ________      ________
 BVRT_COL       1.000
 CVRT_COL       0.668         1.000
 DVRT_COL       0.653         0.762         1.000


     ESTIMATED SAMPLE STATISTICS FOR D4


           Means
              ABFAS_CI      BBFAS_CI      CBFAS_CI      DBFAS_CI      AVRT_COL
              ________      ________      ________      ________      ________
               64.874        64.516        65.418        64.282        68.231


           Means
              BVRT_COL      CVRT_COL      DVRT_COL
              ________      ________      ________
               69.273        65.609        66.234


           Covariances
              ABFAS_CI      BBFAS_CI      CBFAS_CI      DBFAS_CI      AVRT_COL
              ________      ________      ________      ________      ________
 ABFAS_CI     320.088
 BBFAS_CI     241.685       276.522
 CBFAS_CI     257.684       258.170       350.406
 DBFAS_CI     213.866       227.641       276.632       305.576
 AVRT_COL      66.807        78.939        64.182        71.193       362.441
 BVRT_COL      82.713       112.934       101.349        98.926       273.692
 CVRT_COL      90.826       122.616       120.654       129.695       255.619
 DVRT_COL      64.497        99.722        91.684       109.132       256.783


           Covariances
              BVRT_COL      CVRT_COL      DVRT_COL
              ________      ________      ________
 BVRT_COL     360.698
 CVRT_COL     286.615       418.093
 DVRT_COL     291.747       307.665       388.765


           Correlations
              ABFAS_CI      BBFAS_CI      CBFAS_CI      DBFAS_CI      AVRT_COL
              ________      ________      ________      ________      ________
 ABFAS_CI       1.000
 BBFAS_CI       0.812         1.000
 CBFAS_CI       0.769         0.829         1.000
 DBFAS_CI       0.684         0.783         0.845         1.000
 AVRT_COL       0.196         0.249         0.180         0.214         1.000
 BVRT_COL       0.243         0.358         0.285         0.298         0.757
 CVRT_COL       0.248         0.361         0.315         0.363         0.657
 DVRT_COL       0.183         0.304         0.248         0.317         0.684


           Correlations
              BVRT_COL      CVRT_COL      DVRT_COL
              ________      ________      ________
 BVRT_COL       1.000
 CVRT_COL       0.738         1.000
 DVRT_COL       0.779         0.763         1.000


     ESTIMATED SAMPLE STATISTICS FOR D5


           Means
              ABFAS_CI      BBFAS_CI      CBFAS_CI      DBFAS_CI      AVRT_COL
              ________      ________      ________      ________      ________
               64.619        65.457        65.336        65.444        70.423


           Means
              BVRT_COL      CVRT_COL      DVRT_COL
              ________      ________      ________
               70.255        66.441        67.722


           Covariances
              ABFAS_CI      BBFAS_CI      CBFAS_CI      DBFAS_CI      AVRT_COL
              ________      ________      ________      ________      ________
 ABFAS_CI     304.169
 BBFAS_CI     236.074       302.089
 CBFAS_CI     222.556       222.927       274.565
 DBFAS_CI     236.321       256.337       235.541       317.084
 AVRT_COL     116.752        56.811        93.736       128.190       454.772
 BVRT_COL      54.281        41.707        58.566        67.464       297.291
 CVRT_COL     108.907        61.667        81.955        92.995       314.013
 DVRT_COL      77.969        56.530        99.673        95.343       319.934


           Covariances
              BVRT_COL      CVRT_COL      DVRT_COL
              ________      ________      ________
 BVRT_COL     428.966
 CVRT_COL     307.645       431.935
 DVRT_COL     340.972       331.166       418.337


           Correlations
              ABFAS_CI      BBFAS_CI      CBFAS_CI      DBFAS_CI      AVRT_COL
              ________      ________      ________      ________      ________
 ABFAS_CI       1.000
 BBFAS_CI       0.779         1.000
 CBFAS_CI       0.770         0.774         1.000
 DBFAS_CI       0.761         0.828         0.798         1.000
 AVRT_COL       0.314         0.153         0.265         0.338         1.000
 BVRT_COL       0.150         0.116         0.171         0.183         0.673
 CVRT_COL       0.300         0.171         0.238         0.251         0.709
 DVRT_COL       0.219         0.159         0.294         0.262         0.734


           Correlations
              BVRT_COL      CVRT_COL      DVRT_COL
              ________      ________      ________
 BVRT_COL       1.000
 CVRT_COL       0.715         1.000
 DVRT_COL       0.805         0.779         1.000


     MAXIMUM LOG-LIKELIHOOD VALUE FOR THE UNRESTRICTED (H1) MODEL IS -21308.691


UNIVARIATE SAMPLE STATISTICS


     UNIVARIATE HIGHER-ORDER MOMENT DESCRIPTIVE STATISTICS FOR D2

         Variable/         Mean/     Skewness/   Minimum/ % with                Percentiles
        Sample Size      Variance    Kurtosis    Maximum  Min/Max      20%/60%    40%/80%    Median

     ABFAS_CI             59.766      -0.230       7.500    0.33%      45.000     55.000     60.000
             300.000     358.296      -0.261     100.000    0.67%      65.000     77.500
     BBFAS_CI             59.170      -0.067       2.500    0.45%      44.444     55.000     60.000
             222.000     302.066      -0.226     100.000    0.45%      62.500     75.000
     CBFAS_CI             58.339      -0.095      17.500    0.93%      45.000     55.000     57.500
             215.000     275.273      -0.351      95.000    0.47%      60.000     75.000
     DBFAS_CI             59.835      -0.120       7.500    0.47%      42.500     55.000     60.000
             212.000     314.654      -0.317      97.500    1.42%      65.000     75.000
     AVRT_COL_D           64.729      -0.395       8.333    0.66%      50.000     58.333     66.667
             301.000     370.460      -0.022     100.000    4.65%      75.000     83.333
     BVRT_COL_D           61.761      -0.215       8.333    0.45%      41.667     58.333     58.333
             220.000     424.249      -0.614     100.000    4.09%      66.667     83.333
     CVRT_COL_D           61.894      -0.349       8.333    0.94%      41.667     58.333     66.667
             213.000     440.833      -0.434     100.000    3.76%      66.667     83.333
     DVRT_COL_D           60.876      -0.257       8.333    0.47%      41.667     58.333     66.667
             213.000     462.691      -0.782     100.000    2.82%      66.667     83.333


     UNIVARIATE HIGHER-ORDER MOMENT DESCRIPTIVE STATISTICS FOR D3

         Variable/         Mean/     Skewness/   Minimum/ % with                Percentiles
        Sample Size      Variance    Kurtosis    Maximum  Min/Max      20%/60%    40%/80%    Median

     ABFAS_CI             65.332      -0.404      11.111    0.43%      50.000     62.500     67.500
             233.000     337.280      -0.305     100.000    1.29%      72.500     82.500
     BBFAS_CI             66.093      -0.309      22.500    1.75%      50.000     60.000     66.667
             171.000     330.869      -0.559     100.000    0.58%      72.500     82.500
     CBFAS_CI             66.149      -0.364      17.500    1.24%      52.500     62.500     67.500
             161.000     321.972      -0.224     100.000    1.24%      70.000     82.500
     DBFAS_CI             66.441      -0.006      22.500    0.63%      50.000     62.500     65.000
             159.000     296.093      -0.743     100.000    1.26%      70.000     82.500
     AVRT_COL_D           68.526      -0.469      16.667    1.29%      50.000     66.667     66.667
             233.000     410.972      -0.406     100.000    7.30%      75.000     87.500
     BVRT_COL_D           66.716      -0.333      16.667    2.35%      50.000     58.333     66.667
             170.000     400.733      -0.242     100.000    7.65%      75.000     83.333
     CVRT_COL_D           64.674      -0.672       0.000    0.62%      50.000     58.333     66.667
             161.000     474.915       0.262     100.000    5.59%      75.000     83.333
     DVRT_COL_D           65.295      -0.687       0.000    0.63%      50.000     66.667     66.667
             158.000     437.641       0.430     100.000    6.33%      75.000     83.333


     UNIVARIATE HIGHER-ORDER MOMENT DESCRIPTIVE STATISTICS FOR D4

         Variable/         Mean/     Skewness/   Minimum/ % with                Percentiles
        Sample Size      Variance    Kurtosis    Maximum  Min/Max      20%/60%    40%/80%    Median

     ABFAS_CI             64.874      -0.297      16.667    0.51%      50.000     60.000     65.000
             198.000     320.088      -0.193     100.000    2.02%      70.000     80.000
     BBFAS_CI             64.204      -0.176      15.000    0.70%      50.000     60.000     65.000
             143.000     279.334      -0.136     100.000    1.40%      67.500     80.000
     CBFAS_CI             65.985      -0.324      10.000    0.76%      47.500     62.500     67.500
             132.000     354.522      -0.038     100.000    2.27%      70.000     82.500
     DBFAS_CI             64.634      -0.160      10.000    0.81%      47.500     57.500     65.000
             123.000     322.529      -0.222      97.500    3.25%      70.000     80.000
     AVRT_COL_D           68.253      -0.371       8.333    0.51%      50.000     66.667     75.000
             197.000     362.420      -0.416     100.000    5.58%      75.000     83.333
     BVRT_COL_D           67.806      -0.167      25.000    1.44%      50.000     58.333     66.667
             139.000     380.647      -0.975     100.000    5.76%      75.000     87.500
     CVRT_COL_D           64.936      -0.327       0.000    0.77%      50.000     58.333     66.667
             130.000     439.846      -0.261     100.000    6.92%      66.667     83.333
     DVRT_COL_D           64.905      -0.365       0.000    0.81%      50.000     58.333     66.667
             123.000     423.726      -0.127     100.000    6.50%      75.000     83.333


     UNIVARIATE HIGHER-ORDER MOMENT DESCRIPTIVE STATISTICS FOR D5

         Variable/         Mean/     Skewness/   Minimum/ % with                Percentiles
        Sample Size      Variance    Kurtosis    Maximum  Min/Max      20%/60%    40%/80%    Median

     ABFAS_CI             64.574      -0.382      15.000    0.76%      50.000     60.000     65.000
             131.000     305.581      -0.319      97.500    1.53%      70.000     80.000
     BBFAS_CI             67.283      -0.230      33.333    1.15%      50.000     62.500     67.500
              87.000     294.655      -0.749     100.000    1.15%      72.500     82.500
     CBFAS_CI             66.463      -0.560      17.500    1.22%      52.500     65.000     70.000
              82.000     271.944       0.189      95.000    3.66%      70.000     80.000
     DBFAS_CI             66.955      -0.476      17.500    1.32%      50.000     62.500     70.000
              76.000     300.898      -0.146      95.000    5.26%      72.500     82.500
     AVRT_COL_D           70.423      -0.656       8.333    0.76%      50.000     66.667     75.000
             132.000     454.772      -0.147     100.000   10.61%      75.000     91.667
     BVRT_COL_D           72.318      -0.634       8.333    1.15%      58.333     66.667     75.000
              87.000     366.370       0.352     100.000   10.34%      75.000     91.667
     CVRT_COL_D           67.581      -0.640       8.333    2.44%      50.000     66.667     66.667
              82.000     411.596       0.284     100.000    6.10%      75.000     83.333
     DVRT_COL_D           69.298      -0.768       0.000    1.32%      50.000     66.667     75.000
              76.000     378.674       0.869     100.000    6.58%      75.000     83.333


THE MODEL ESTIMATION TERMINATED NORMALLY



MODEL FIT INFORMATION

Number of Free Parameters                       54

Loglikelihood

          H0 Value                      -21389.868
          H0 Scaling Correction Factor      1.2284
            for MLR

Information Criteria

          Akaike (AIC)                   42887.736
          Bayesian (BIC)                 43144.861
          Sample-Size Adjusted BIC       42973.371
            (n* = (n + 2) / 24)



MODEL RESULTS

                                                    Two-Tailed
                    Estimate       S.E.  Est./S.E.    P-Value

Group D2

 P1       BY
    ABFAS_CI           1.000      0.000    999.000    999.000

 P2       BY
    BBFAS_CI           1.000      0.000    999.000    999.000

 P3       BY
    CBFAS_CI           1.000      0.000    999.000    999.000

 P4       BY
    DBFAS_CI           1.000      0.000    999.000    999.000

 V1       BY
    AVRT_COL_D         1.000      0.000    999.000    999.000

 V2       BY
    BVRT_COL_D         1.000      0.000    999.000    999.000

 V3       BY
    CVRT_COL_D         1.000      0.000    999.000    999.000

 V4       BY
    DVRT_COL_D         1.000      0.000    999.000    999.000

 P4         ON
    P3                 0.151      0.071      2.140      0.032
    V3                 0.059      0.044      1.333      0.183

 P3         ON
    P2                 0.151      0.071      2.140      0.032
    V2                 0.059      0.044      1.333      0.183

 P2         ON
    P1                 0.151      0.071      2.140      0.032
    V1                 0.059      0.044      1.333      0.183

 V4         ON
    V3                 0.114      0.088      1.296      0.195
    P3                 0.070      0.106      0.656      0.512

 V3         ON
    V2                 0.114      0.088      1.296      0.195
    P2                 0.070      0.106      0.656      0.512

 V2         ON
    V1                 0.114      0.088      1.296      0.195
    P1                 0.070      0.106      0.656      0.512

 S_BFAS_C WITH
    I_BFAS_CI         -0.734      0.868     -0.845      0.398
    S_VRT_COL_         0.113      0.129      0.872      0.383
    I_VRT_COL_         0.312      2.402      0.130      0.896

 I_BFAS_C WITH
    S_VRT_COL_        -0.566      2.429     -0.233      0.816
    I_VRT_COL_        60.312     15.966      3.778      0.000

 S_VRT_CO WITH
    I_VRT_COL_         0.453      0.858      0.527      0.598

 P1       WITH
    V1                10.494     13.246      0.792      0.428

 P2       WITH
    V2                 0.308      6.859      0.045      0.964

 P3       WITH
    V3                 0.308      6.859      0.045      0.964

 P4       WITH
    V4                 0.308      6.859      0.045      0.964

 Means
    P1                 0.000      0.000    999.000    999.000
    V1                 0.000      0.000    999.000    999.000
    I_BFAS_CI         62.924      0.585    107.507      0.000
    S_BFAS_CI          0.180      0.052      3.443      0.001
    I_VRT_COL_        66.134      0.622    106.366      0.000
    S_VRT_COL_         0.126      0.059      2.155      0.031

 Intercepts
    ABFAS_CI           0.000      0.000    999.000    999.000
    BBFAS_CI           0.000      0.000    999.000    999.000
    CBFAS_CI           0.000      0.000    999.000    999.000
    DBFAS_CI           0.000      0.000    999.000    999.000
    AVRT_COL_D         0.000      0.000    999.000    999.000
    BVRT_COL_D         0.000      0.000    999.000    999.000
    CVRT_COL_D         0.000      0.000    999.000    999.000
    DVRT_COL_D         0.000      0.000    999.000    999.000
    P2                 0.000      0.000    999.000    999.000
    P3                 0.000      0.000    999.000    999.000
    P4                 0.000      0.000    999.000    999.000
    V2                 0.000      0.000    999.000    999.000
    V3                 0.000      0.000    999.000    999.000
    V4                 0.000      0.000    999.000    999.000

 Variances
    P1               112.590     23.672      4.756      0.000
    V1               138.233     21.736      6.360      0.000
    I_BFAS_CI        226.737     17.495     12.960      0.000
    S_BFAS_CI          0.147      0.139      1.056      0.291
    I_VRT_COL_       241.739     23.031     10.496      0.000
    S_VRT_COL_         0.218      0.166      1.311      0.190

 Residual Variances
    ABFAS_CI           0.000      0.000    999.000    999.000
    BBFAS_CI           0.000      0.000    999.000    999.000
    CBFAS_CI           0.000      0.000    999.000    999.000
    DBFAS_CI           0.000      0.000    999.000    999.000
    AVRT_COL_D         0.000      0.000    999.000    999.000
    BVRT_COL_D         0.000      0.000    999.000    999.000
    CVRT_COL_D         0.000      0.000    999.000    999.000
    DVRT_COL_D         0.000      0.000    999.000    999.000
    P2                75.568      8.031      9.410      0.000
    P3                75.568      8.031      9.410      0.000
    P4                75.568      8.031      9.410      0.000
    V2               176.841     16.341     10.822      0.000
    V3               176.841     16.341     10.822      0.000
    V4               176.841     16.341     10.822      0.000

Group D3

 P1       BY
    ABFAS_CI           1.000      0.000    999.000    999.000

 P2       BY
    BBFAS_CI           1.000      0.000    999.000    999.000

 P3       BY
    CBFAS_CI           1.000      0.000    999.000    999.000

 P4       BY
    DBFAS_CI           1.000      0.000    999.000    999.000

 V1       BY
    AVRT_COL_D         1.000      0.000    999.000    999.000

 V2       BY
    BVRT_COL_D         1.000      0.000    999.000    999.000

 V3       BY
    CVRT_COL_D         1.000      0.000    999.000    999.000

 V4       BY
    DVRT_COL_D         1.000      0.000    999.000    999.000

 P4         ON
    P3                 0.182      0.113      1.609      0.108
    V3                -0.074      0.048     -1.542      0.123

 P3         ON
    P2                 0.182      0.113      1.609      0.108
    V2                -0.074      0.048     -1.542      0.123

 P2         ON
    P1                 0.182      0.113      1.609      0.108
    V1                -0.074      0.048     -1.542      0.123

 V4         ON
    V3                 0.199      0.085      2.343      0.019
    P3                -0.141      0.108     -1.309      0.190

 V3         ON
    V2                 0.199      0.085      2.343      0.019
    P2                -0.141      0.108     -1.309      0.190

 V2         ON
    V1                 0.199      0.085      2.343      0.019
    P1                -0.141      0.108     -1.309      0.190

 S_BFAS_C WITH
    I_BFAS_CI         -0.734      0.868     -0.845      0.398
    S_VRT_COL_         0.113      0.129      0.872      0.383
    I_VRT_COL_         0.312      2.402      0.130      0.896

 I_BFAS_C WITH
    S_VRT_COL_        -0.566      2.429     -0.233      0.816
    I_VRT_COL_        60.312     15.966      3.778      0.000

 S_VRT_CO WITH
    I_VRT_COL_         0.453      0.858      0.527      0.598

 P1       WITH
    V1                 1.463     12.520      0.117      0.907

 P2       WITH
    V2                -4.997      8.486     -0.589      0.556

 P3       WITH
    V3                -4.997      8.486     -0.589      0.556

 P4       WITH
    V4                -4.997      8.486     -0.589      0.556

 Means
    P1                 0.000      0.000    999.000    999.000
    V1                 0.000      0.000    999.000    999.000
    I_BFAS_CI         62.924      0.585    107.507      0.000
    S_BFAS_CI          0.180      0.052      3.443      0.001
    I_VRT_COL_        66.134      0.622    106.366      0.000
    S_VRT_COL_         0.126      0.059      2.155      0.031

 Intercepts
    ABFAS_CI           0.000      0.000    999.000    999.000
    BBFAS_CI           0.000      0.000    999.000    999.000
    CBFAS_CI           0.000      0.000    999.000    999.000
    DBFAS_CI           0.000      0.000    999.000    999.000
    AVRT_COL_D         0.000      0.000    999.000    999.000
    BVRT_COL_D         0.000      0.000    999.000    999.000
    CVRT_COL_D         0.000      0.000    999.000    999.000
    DVRT_COL_D         0.000      0.000    999.000    999.000
    P2                 0.000      0.000    999.000    999.000
    P3                 0.000      0.000    999.000    999.000
    P4                 0.000      0.000    999.000    999.000
    V2                 0.000      0.000    999.000    999.000
    V3                 0.000      0.000    999.000    999.000
    V4                 0.000      0.000    999.000    999.000

 Variances
    P1                82.775     15.976      5.181      0.000
    V1               158.271     21.431      7.385      0.000
    I_BFAS_CI        226.737     17.495     12.960      0.000
    S_BFAS_CI          0.147      0.139      1.056      0.291
    I_VRT_COL_       241.739     23.031     10.496      0.000
    S_VRT_COL_         0.218      0.166      1.311      0.190

 Residual Variances
    ABFAS_CI           0.000      0.000    999.000    999.000
    BBFAS_CI           0.000      0.000    999.000    999.000
    CBFAS_CI           0.000      0.000    999.000    999.000
    DBFAS_CI           0.000      0.000    999.000    999.000
    AVRT_COL_D         0.000      0.000    999.000    999.000
    BVRT_COL_D         0.000      0.000    999.000    999.000
    CVRT_COL_D         0.000      0.000    999.000    999.000
    DVRT_COL_D         0.000      0.000    999.000    999.000
    P2                73.780     10.156      7.265      0.000
    P3                73.780     10.156      7.265      0.000
    P4                73.780     10.156      7.265      0.000
    V2               152.983     15.238     10.039      0.000
    V3               152.983     15.238     10.039      0.000
    V4               152.983     15.238     10.039      0.000

Group D4

 P1       BY
    ABFAS_CI           1.000      0.000    999.000    999.000

 P2       BY
    BBFAS_CI           1.000      0.000    999.000    999.000

 P3       BY
    CBFAS_CI           1.000      0.000    999.000    999.000

 P4       BY
    DBFAS_CI           1.000      0.000    999.000    999.000

 V1       BY
    AVRT_COL_D         1.000      0.000    999.000    999.000

 V2       BY
    BVRT_COL_D         1.000      0.000    999.000    999.000

 V3       BY
    CVRT_COL_D         1.000      0.000    999.000    999.000

 V4       BY
    DVRT_COL_D         1.000      0.000    999.000    999.000

 P4         ON
    P3                 0.312      0.148      2.105      0.035
    V3                 0.116      0.092      1.266      0.206

 P3         ON
    P2                 0.312      0.148      2.105      0.035
    V2                 0.116      0.092      1.266      0.206

 P2         ON
    P1                 0.312      0.148      2.105      0.035
    V1                 0.116      0.092      1.266      0.206

 V4         ON
    V3                 0.176      0.121      1.447      0.148
    P3                 0.152      0.166      0.915      0.360

 V3         ON
    V2                 0.176      0.121      1.447      0.148
    P2                 0.152      0.166      0.915      0.360

 V2         ON
    V1                 0.176      0.121      1.447      0.148
    P1                 0.152      0.166      0.915      0.360

 S_BFAS_C WITH
    I_BFAS_CI         -0.734      0.868     -0.845      0.398
    S_VRT_COL_         0.113      0.129      0.872      0.383
    I_VRT_COL_         0.312      2.402      0.130      0.896

 I_BFAS_C WITH
    S_VRT_COL_        -0.566      2.429     -0.233      0.816
    I_VRT_COL_        60.312     15.966      3.778      0.000

 S_VRT_CO WITH
    I_VRT_COL_         0.453      0.858      0.527      0.598

 P1       WITH
    V1                18.675     14.747      1.266      0.205

 P2       WITH
    V2                18.216     13.112      1.389      0.165

 P3       WITH
    V3                18.216     13.112      1.389      0.165

 P4       WITH
    V4                18.216     13.112      1.389      0.165

 Means
    P1                 0.000      0.000    999.000    999.000
    V1                 0.000      0.000    999.000    999.000
    I_BFAS_CI         62.924      0.585    107.507      0.000
    S_BFAS_CI          0.180      0.052      3.443      0.001
    I_VRT_COL_        66.134      0.622    106.366      0.000
    S_VRT_COL_         0.126      0.059      2.155      0.031

 Intercepts
    ABFAS_CI           0.000      0.000    999.000    999.000
    BBFAS_CI           0.000      0.000    999.000    999.000
    CBFAS_CI           0.000      0.000    999.000    999.000
    DBFAS_CI           0.000      0.000    999.000    999.000
    AVRT_COL_D         0.000      0.000    999.000    999.000
    BVRT_COL_D         0.000      0.000    999.000    999.000
    CVRT_COL_D         0.000      0.000    999.000    999.000
    DVRT_COL_D         0.000      0.000    999.000    999.000
    P2                 0.000      0.000    999.000    999.000
    P3                 0.000      0.000    999.000    999.000
    P4                 0.000      0.000    999.000    999.000
    V2                 0.000      0.000    999.000    999.000
    V3                 0.000      0.000    999.000    999.000
    V4                 0.000      0.000    999.000    999.000

 Variances
    P1               109.551     21.278      5.149      0.000
    V1               125.025     18.491      6.761      0.000
    I_BFAS_CI        226.737     17.495     12.960      0.000
    S_BFAS_CI          0.147      0.139      1.056      0.291
    I_VRT_COL_       241.739     23.031     10.496      0.000
    S_VRT_COL_         0.218      0.166      1.311      0.190

 Residual Variances
    ABFAS_CI           0.000      0.000    999.000    999.000
    BBFAS_CI           0.000      0.000    999.000    999.000
    CBFAS_CI           0.000      0.000    999.000    999.000
    DBFAS_CI           0.000      0.000    999.000    999.000
    AVRT_COL_D         0.000      0.000    999.000    999.000
    BVRT_COL_D         0.000      0.000    999.000    999.000
    CVRT_COL_D         0.000      0.000    999.000    999.000
    DVRT_COL_D         0.000      0.000    999.000    999.000
    P2                68.780     11.774      5.842      0.000
    P3                68.780     11.774      5.842      0.000
    P4                68.780     11.774      5.842      0.000
    V2               113.640     17.494      6.496      0.000
    V3               113.640     17.494      6.496      0.000
    V4               113.640     17.494      6.496      0.000

Group D5

 P1       BY
    ABFAS_CI           1.000      0.000    999.000    999.000

 P2       BY
    BBFAS_CI           1.000      0.000    999.000    999.000

 P3       BY
    CBFAS_CI           1.000      0.000    999.000    999.000

 P4       BY
    DBFAS_CI           1.000      0.000    999.000    999.000

 V1       BY
    AVRT_COL_D         1.000      0.000    999.000    999.000

 V2       BY
    BVRT_COL_D         1.000      0.000    999.000    999.000

 V3       BY
    CVRT_COL_D         1.000      0.000    999.000    999.000

 V4       BY
    DVRT_COL_D         1.000      0.000    999.000    999.000

 P4         ON
    P3                -0.022      0.117     -0.187      0.852
    V3                -0.088      0.055     -1.611      0.107

 P3         ON
    P2                -0.022      0.117     -0.187      0.852
    V2                -0.088      0.055     -1.611      0.107

 P2         ON
    P1                -0.022      0.117     -0.187      0.852
    V1                -0.088      0.055     -1.611      0.107

 V4         ON
    V3                -0.084      0.079     -1.072      0.284
    P3                -0.052      0.109     -0.474      0.636

 V3         ON
    V2                -0.084      0.079     -1.072      0.284
    P2                -0.052      0.109     -0.474      0.636

 V2         ON
    V1                -0.084      0.079     -1.072      0.284
    P1                -0.052      0.109     -0.474      0.636

 S_BFAS_C WITH
    I_BFAS_CI         -0.734      0.868     -0.845      0.398
    S_VRT_COL_         0.113      0.129      0.872      0.383
    I_VRT_COL_         0.312      2.402      0.130      0.896

 I_BFAS_C WITH
    S_VRT_COL_        -0.566      2.429     -0.233      0.816
    I_VRT_COL_        60.312     15.966      3.778      0.000

 S_VRT_CO WITH
    I_VRT_COL_         0.453      0.858      0.527      0.598

 P1       WITH
    V1                19.660     13.447      1.462      0.144

 P2       WITH
    V2                -6.990      7.362     -0.950      0.342

 P3       WITH
    V3                -6.990      7.362     -0.950      0.342

 P4       WITH
    V4                -6.990      7.362     -0.950      0.342

 Means
    P1                 0.000      0.000    999.000    999.000
    V1                 0.000      0.000    999.000    999.000
    I_BFAS_CI         62.924      0.585    107.507      0.000
    S_BFAS_CI          0.180      0.052      3.443      0.001
    I_VRT_COL_        66.134      0.622    106.366      0.000
    S_VRT_COL_         0.126      0.059      2.155      0.031

 Intercepts
    ABFAS_CI           0.000      0.000    999.000    999.000
    BBFAS_CI           0.000      0.000    999.000    999.000
    CBFAS_CI           0.000      0.000    999.000    999.000
    DBFAS_CI           0.000      0.000    999.000    999.000
    AVRT_COL_D         0.000      0.000    999.000    999.000
    BVRT_COL_D         0.000      0.000    999.000    999.000
    CVRT_COL_D         0.000      0.000    999.000    999.000
    DVRT_COL_D         0.000      0.000    999.000    999.000
    P2                 0.000      0.000    999.000    999.000
    P3                 0.000      0.000    999.000    999.000
    P4                 0.000      0.000    999.000    999.000
    V2                 0.000      0.000    999.000    999.000
    V3                 0.000      0.000    999.000    999.000
    V4                 0.000      0.000    999.000    999.000

 Variances
    P1                71.357     19.089      3.738      0.000
    V1               156.397     27.911      5.603      0.000
    I_BFAS_CI        226.737     17.495     12.960      0.000
    S_BFAS_CI          0.147      0.139      1.056      0.291
    I_VRT_COL_       241.739     23.031     10.496      0.000
    S_VRT_COL_         0.218      0.166      1.311      0.190

 Residual Variances
    ABFAS_CI           0.000      0.000    999.000    999.000
    BBFAS_CI           0.000      0.000    999.000    999.000
    CBFAS_CI           0.000      0.000    999.000    999.000
    DBFAS_CI           0.000      0.000    999.000    999.000
    AVRT_COL_D         0.000      0.000    999.000    999.000
    BVRT_COL_D         0.000      0.000    999.000    999.000
    CVRT_COL_D         0.000      0.000    999.000    999.000
    DVRT_COL_D         0.000      0.000    999.000    999.000
    P2                59.074     11.135      5.305      0.000
    P3                59.074     11.135      5.305      0.000
    P4                59.074     11.135      5.305      0.000
    V2                98.955     15.694      6.305      0.000
    V3                98.955     15.694      6.305      0.000
    V4                98.955     15.694      6.305      0.000


QUALITY OF NUMERICAL RESULTS

     Condition Number for the Information Matrix              0.177E-05
       (ratio of smallest to largest eigenvalue)


     Beginning Time:  17:26:38
        Ending Time:  17:26:53
       Elapsed Time:  00:00:15



MUTHEN & MUTHEN
3463 Stoner Ave.
Los Angeles, CA  90066

Tel: (310) 391-9971
Fax: (310) 391-8971
Web: www.StatModel.com
Support: Support@StatModel.com

Copyright (c) 1998-2017 Muthen & Muthen
