Mplus VERSION 8 (Linux)
MUTHEN & MUTHEN
07/07/2018   3:47 PM

INPUT INSTRUCTIONS


  title: PxVx Bivariate LCM-SR - post mi - Linear bfas_ea with Linear mvi;
  data: file = /home/jflournoy/code_new/lnt_pxvx/Data/lnt_nat_recalc.tsv;

  variable:
  names =
  subjid
  aage
  aaspfin
  aaspfin_d
  abfa_mt
  abfa_mt_d
  abfas_ac
  abfas_ap
  abfas_ci
  abfas_co
  abfas_ea
  abfas_ee
  abfas_nv
  abfas_nv9
  abfas_nw
  abfas_oi
  abfas_oo
  abfi_a
  abfi_a6
  abfi_c
  abfi_d_scale
  abfi_e
  abfi_hp8
  abfi_n
  abfi_o
  abfi_s_scale
  ahrz_col
  ahrz_col_d
  ahrz_ind
  ahrz_ind_d
  amvi
  ausi
  ausi_d
  avrt_col
  avrt_col_d
  avrt_ind
  avrt_ind_d
  bage
  baspfin
  baspfin_d
  bbfa_mt
  bbfa_mt_d
  bbfas_ac
  bbfas_ap
  bbfas_ci
  bbfas_co
  bbfas_ea
  bbfas_ee
  bbfas_nv
  bbfas_nv9
  bbfas_nw
  bbfas_oi
  bbfas_oo
  bbfi_a
  bbfi_a6
  bbfi_c
  bbfi_d_scale
  bbfi_e
  bbfi_hp8
  bbfi_n
  bbfi_o
  bbfi_s_scale
  bhrz_col
  bhrz_col_d
  bhrz_ind
  bhrz_ind_d
  bmvi
  busi
  busi_d
  bvrt_col
  bvrt_col_d
  bvrt_ind
  bvrt_ind_d
  cage
  caspfin
  caspfin_d
  cbfa_mt
  cbfa_mt_d
  cbfas_ac
  cbfas_ap
  cbfas_ci
  cbfas_co
  cbfas_ea
  cbfas_ee
  cbfas_nv
  cbfas_nv9
  cbfas_nw
  cbfas_oi
  cbfas_oo
  cbfi_a
  cbfi_a6
  cbfi_c
  cbfi_d_scale
  cbfi_e
  cbfi_hp8
  cbfi_n
  cbfi_o
  cbfi_s_scale
  chrz_col
  chrz_col_d
  chrz_ind
  chrz_ind_d
  cmvi
  cusi
  cusi_d
  cvrt_col
  cvrt_col_d
  cvrt_ind
  cvrt_ind_d
  dage
  daspfin
  daspfin_d
  dbfa_mt
  dbfa_mt_d
  dbfas_ac
  dbfas_ap
  dbfas_ci
  dbfas_co
  dbfas_ea
  dbfas_ee
  dbfas_nv
  dbfas_nv9
  dbfas_nw
  dbfas_oi
  dbfas_oo
  dbfi_a
  dbfi_a6
  dbfi_c
  dbfi_d_scale
  dbfi_e
  dbfi_hp8
  dbfi_n
  dbfi_o
  dbfi_s_scale
  dhrz_col
  dhrz_col_d
  dhrz_ind
  dhrz_ind_d
  dmvi
  dusi
  dusi_d
  dvrt_col
  dvrt_col_d
  dvrt_ind
  dvrt_ind_d;

  USEVARIABLES =
  abfas_ea
  bbfas_ea
  cbfas_ea
  dbfas_ea
  amvi
  bmvi
  cmvi
  dmvi
  a1
  a2
  a3
  a4
  ;

  missing = all (-9999);

  tscores = a1 a2 a3 a4;

  DEFINE:
  a1 = aage + 0 - 36;
  a2 = aage + 1 - 36;
  a3 = aage + 2 - 36;
  a4 = aage + 3 - 36;

  ANALYSIS:
  TYPE=RANDOM;
  PROCESSORS = 6;
  model=nocovariances; ! supresses default estimation of certain covs in model;

  MODEL:

  i_bfas_ea s_bfas_ea | abfas_ea bbfas_ea cbfas_ea dbfas_ea AT a1 a2 a3 a4;
  i_mvi s_mvi | amvi bmvi cmvi dmvi AT a1 a2 a3 a4;

  ! freeing factor covs because of "nocovariances"
  s_bfas_ea WITH i_bfas_ea s_mvi i_mvi;
  i_bfas_ea WITH s_mvi i_mvi;
  s_mvi WITH i_mvi;

  p1 BY abfas_ea@1; ! Residual "factors";
  p2 BY bbfas_ea@1;
  p3 BY cbfas_ea@1;
  p4 BY dbfas_ea@1;

  v1 BY amvi@1; ! Residual "factors";
  v2 BY bmvi@1;
  v3 BY cmvi@1;
  v4 BY dmvi@1;

  !residual variances on observed/manifest vars set to 0
  abfas_ea@0;
  bbfas_ea@0;
  cbfas_ea@0;
  dbfas_ea@0;

  !residual variances on observed/manifest vars set to 0
  amvi@0;
  bmvi@0;
  cmvi@0;
  dmvi@0;

  ! means of observed/manifest vars set to 0
  [abfas_ea@0];
  [bbfas_ea@0];
  [cbfas_ea@0];
  [dbfas_ea@0];

  ! means of observed/manifest vars set to 0
  [amvi@0];
  [bmvi@0];
  [cmvi@0];
  [dmvi@0];

  [p1@0]; ! means of residual "factors" set to 0
  [p2@0];
  [p3@0];
  [p4@0];

  [v1@0]; ! means of residual "factors" set to 0
  [v2@0];
  [v3@0];
  [v4@0];

  p4 on p3 (a); ! Autoregressive paths constrained to equality
  p3 on p2 (a);
  p2 on p1 (a);

  v4 on v3 (b); ! Autoregressive paths constrained to equality
  v3 on v2 (b);
  v2 on v1 (b);

  p4 on v3 (c); ! Cross-lagged paths constrained to equality
  p3 on v2 (c);
  p2 on v1 (c);

  v4 on p3 (d); ! Cross-lagged paths constrained to equality
  v3 on p2 (d);
  v2 on p1 (d);

  p1 with v1; !(this one is not like the others)

  p2 with v2 (e); ! Within-wave correlations constrained to equality
  p3 with v3 (e);
  p4 with v4 (e);

  p2 p3 p4 (f); ! estimate variances of residual "factors"
  v2 v3 v4 (g); ! estimate variances of residual "factors"

  OUTPUT: SAMPSTAT PATTERNS;



*** WARNING
  Data set contains cases with missing on time scores but non-missing on the
  corresponding dependent variables.  These cases were not included in the analysis.
  Number of such cases:  5
   1 WARNING(S) FOUND IN THE INPUT INSTRUCTIONS



PxVx Bivariate LCM-SR - post mi - Linear bfas_ea with Linear mvi;

SUMMARY OF ANALYSIS

Number of groups                                                 1
Number of observations                                         864

Number of dependent variables                                    8
Number of independent variables                                  0
Number of continuous latent variables                           12

Observed dependent variables

  Continuous
   ABFAS_EA    BBFAS_EA    CBFAS_EA    DBFAS_EA    AMVI        BMVI
   CMVI        DMVI

Continuous latent variables
   P1          P2          P3          P4          V1          V2
   V3          V4          I_BFAS_E    S_BFAS_E    I_MVI       S_MVI

Variables with special functions

  Time scores
   A1          A2          A3          A4


Estimator                                                      MLR
Information matrix                                        OBSERVED
Maximum number of iterations                                   100
Convergence criterion                                    0.100D-05
Maximum number of EM iterations                                500
Convergence criteria for the EM algorithm
  Loglikelihood change                                   0.100D-02
  Relative loglikelihood change                          0.100D-05
  Derivative                                             0.100D-03
Minimum variance                                         0.100D-03
Maximum number of steepest descent iterations                   20
Maximum number of iterations for H1                           2000
Convergence criterion for H1                             0.100D-03
Optimization algorithm                                         EMA

Input data file(s)
  /home/jflournoy/code_new/lnt_pxvx/Data/lnt_nat_recalc.tsv
Input data format  FREE


SUMMARY OF DATA

     Number of missing data patterns            15


SUMMARY OF MISSING DATA PATTERNS


     MISSING DATA PATTERNS (x = not missing)

           1  2  3  4  5  6  7  8  9 10 11 12 13 14 15
 ABFAS_EA  x  x  x  x  x  x  x  x  x  x  x  x     x  x
 BBFAS_EA  x     x  x        x     x  x  x     x
 CBFAS_EA  x           x     x  x        x  x  x
 DBFAS_EA  x     x     x  x              x  x  x     x
 AMVI      x  x  x  x  x  x  x  x     x  x  x  x     x
 BMVI      x     x  x        x     x        x  x
 CMVI      x           x     x  x        x  x  x
 DMVI      x     x     x  x              x  x  x


     MISSING DATA PATTERN FREQUENCIES

    Pattern   Frequency     Pattern   Frequency     Pattern   Frequency
          1         492           6          24          11           1
          2         169           7          48          12           1
          3          27           8          24          13           2
          4          48           9           1          14           1
          5          22          10           3          15           1


COVARIANCE COVERAGE OF DATA

Minimum covariance coverage value   0.100


     PROPORTION OF DATA PRESENT


           Covariance Coverage
              ABFAS_EA      BBFAS_EA      CBFAS_EA      DBFAS_EA      AMVI
              ________      ________      ________      ________      ________
 ABFAS_EA       0.998
 BBFAS_EA       0.718         0.720
 CBFAS_EA       0.681         0.628         0.683
 DBFAS_EA       0.657         0.604         0.600         0.660
 AMVI           0.995         0.719         0.683         0.660         0.998
 BMVI           0.714         0.715         0.628         0.604         0.715
 CMVI           0.681         0.628         0.683         0.600         0.683
 DMVI           0.656         0.604         0.600         0.659         0.659


           Covariance Coverage
              BMVI          CMVI          DMVI
              ________      ________      ________
 BMVI           0.716
 CMVI           0.628         0.683
 DMVI           0.604         0.600         0.659


SAMPLE STATISTICS


     ESTIMATED SAMPLE STATISTICS


           Means
              ABFAS_EA      BBFAS_EA      CBFAS_EA      DBFAS_EA      AMVI
              ________      ________      ________      ________      ________
               61.517        61.140        60.486        60.312        64.670


           Means
              BMVI          CMVI          DMVI
              ________      ________      ________
               64.226        64.320        64.081


           Covariances
              ABFAS_EA      BBFAS_EA      CBFAS_EA      DBFAS_EA      AMVI
              ________      ________      ________      ________      ________
 ABFAS_EA     385.708
 BBFAS_EA     321.302       370.056
 CBFAS_EA     313.780       315.842       377.721
 DBFAS_EA     309.332       308.836       330.548       383.530
 AMVI           4.028         1.894        -1.042        -3.898        63.952
 BMVI           1.348         2.731        -0.026        -0.977        49.672
 CMVI           2.487         1.637         3.380         0.392        48.195
 DMVI           6.581         6.556         5.976         9.956        45.114


           Covariances
              BMVI          CMVI          DMVI
              ________      ________      ________
 BMVI          63.114
 CMVI          51.827        69.327
 DMVI          48.603        51.643        60.756


           Correlations
              ABFAS_EA      BBFAS_EA      CBFAS_EA      DBFAS_EA      AMVI
              ________      ________      ________      ________      ________
 ABFAS_EA       1.000
 BBFAS_EA       0.850         1.000
 CBFAS_EA       0.822         0.845         1.000
 DBFAS_EA       0.804         0.820         0.868         1.000
 AMVI           0.026         0.012        -0.007        -0.025         1.000
 BMVI           0.009         0.018         0.000        -0.006         0.782
 CMVI           0.015         0.010         0.021         0.002         0.724
 DMVI           0.043         0.044         0.039         0.065         0.724


           Correlations
              BMVI          CMVI          DMVI
              ________      ________      ________
 BMVI           1.000
 CMVI           0.784         1.000
 DMVI           0.785         0.796         1.000


     MAXIMUM LOG-LIKELIHOOD VALUE FOR THE UNRESTRICTED (H1) MODEL IS -18660.492


UNIVARIATE SAMPLE STATISTICS


     UNIVARIATE HIGHER-ORDER MOMENT DESCRIPTIVE STATISTICS

         Variable/         Mean/     Skewness/   Minimum/ % with                Percentiles
        Sample Size      Variance    Kurtosis    Maximum  Min/Max      20%/60%    40%/80%    Median

     ABFAS_EA             61.490      -0.493       0.000    0.12%      45.000     57.500     62.500
             862.000     386.092      -0.066     100.000    0.81%      67.500     80.000
     BBFAS_EA             61.094      -0.425       2.500    0.32%      45.000     57.500     62.500
             622.000     373.984      -0.163     100.000    0.32%      67.500     77.500
     CBFAS_EA             60.408      -0.412       2.500    0.17%      45.000     57.500     62.500
             590.000     387.320      -0.215     100.000    0.34%      67.500     77.500
     DBFAS_EA             60.638      -0.450       2.500    0.18%      45.000     57.500     62.500
             570.000     384.565      -0.225     100.000    0.18%      67.500     77.500
     AMVI                 64.677       0.026      32.353    0.12%      58.088     62.500     64.706
             862.000      63.962       0.228      92.647    0.12%      66.912     71.324
     BMVI                 64.188       0.003      40.441    0.16%      57.353     61.765     63.971
             619.000      63.530      -0.224      88.235    0.16%      66.176     71.094
     CMVI                 64.316      -0.075      33.088    0.17%      57.353     61.765     63.971
             590.000      70.424       0.095      87.500    0.17%      66.176     71.324
     DMVI                 64.158      -0.028      36.029    0.18%      58.088     62.500     63.971
             569.000      60.815       0.167      85.294    0.35%      66.176     70.588


THE MODEL ESTIMATION TERMINATED NORMALLY



MODEL FIT INFORMATION

Number of Free Parameters                       24

Loglikelihood

          H0 Value                      -18673.079
          H0 Scaling Correction Factor      1.1687
            for MLR

Information Criteria

          Akaike (AIC)                   37394.158
          Bayesian (BIC)                 37508.436
          Sample-Size Adjusted BIC       37432.218
            (n* = (n + 2) / 24)



MODEL RESULTS

                                                    Two-Tailed
                    Estimate       S.E.  Est./S.E.    P-Value

 P1       BY
    ABFAS_EA           1.000      0.000    999.000    999.000

 P2       BY
    BBFAS_EA           1.000      0.000    999.000    999.000

 P3       BY
    CBFAS_EA           1.000      0.000    999.000    999.000

 P4       BY
    DBFAS_EA           1.000      0.000    999.000    999.000

 V1       BY
    AMVI               1.000      0.000    999.000    999.000

 V2       BY
    BMVI               1.000      0.000    999.000    999.000

 V3       BY
    CMVI               1.000      0.000    999.000    999.000

 V4       BY
    DMVI               1.000      0.000    999.000    999.000

 P4         ON
    P3                 0.240      0.066      3.633      0.000
    V3                 0.087      0.077      1.131      0.258

 P3         ON
    P2                 0.240      0.066      3.633      0.000
    V2                 0.087      0.077      1.131      0.258

 P2         ON
    P1                 0.240      0.066      3.633      0.000
    V1                 0.087      0.077      1.131      0.258

 V4         ON
    V3                 0.140      0.048      2.925      0.003
    P3                 0.013      0.021      0.609      0.542

 V3         ON
    V2                 0.140      0.048      2.925      0.003
    P2                 0.013      0.021      0.609      0.542

 V2         ON
    V1                 0.140      0.048      2.925      0.003
    P1                 0.013      0.021      0.609      0.542

 S_BFAS_E WITH
    I_BFAS_EA         -1.734      0.880     -1.970      0.049
    S_MVI             -0.019      0.047     -0.412      0.681
    I_MVI             -0.801      0.901     -0.889      0.374

 I_BFAS_E WITH
    S_MVI              1.320      0.932      1.416      0.157
    I_MVI              0.468      6.537      0.072      0.943

 S_MVI    WITH
    I_MVI             -0.171      0.145     -1.177      0.239

 P1       WITH
    V1                 4.988      2.222      2.245      0.025

 P2       WITH
    V2                 4.119      1.337      3.082      0.002

 P3       WITH
    V3                 4.119      1.337      3.082      0.002

 P4       WITH
    V4                 4.119      1.337      3.082      0.002

 Means
    P1                 0.000      0.000    999.000    999.000
    V1                 0.000      0.000    999.000    999.000
    I_BFAS_EA         61.029      0.643     94.927      0.000
    S_BFAS_EA          0.067      0.055      1.224      0.221
    I_MVI             64.241      0.259    247.897      0.000
    S_MVI              0.084      0.023      3.657      0.000

 Intercepts
    ABFAS_EA           0.000      0.000    999.000    999.000
    BBFAS_EA           0.000      0.000    999.000    999.000
    CBFAS_EA           0.000      0.000    999.000    999.000
    DBFAS_EA           0.000      0.000    999.000    999.000
    AMVI               0.000      0.000    999.000    999.000
    BMVI               0.000      0.000    999.000    999.000
    CMVI               0.000      0.000    999.000    999.000
    DMVI               0.000      0.000    999.000    999.000
    P2                 0.000      0.000    999.000    999.000
    P3                 0.000      0.000    999.000    999.000
    P4                 0.000      0.000    999.000    999.000
    V2                 0.000      0.000    999.000    999.000
    V3                 0.000      0.000    999.000    999.000
    V4                 0.000      0.000    999.000    999.000

 Variances
    P1                78.228      7.793     10.038      0.000
    V1                19.390      1.776     10.920      0.000
    I_BFAS_EA        297.357     21.402     13.894      0.000
    S_BFAS_EA          0.112      0.150      0.747      0.455
    I_MVI             44.330      3.531     12.556      0.000
    S_MVI              0.021      0.026      0.818      0.413

 Residual Variances
    ABFAS_EA           0.000      0.000    999.000    999.000
    BBFAS_EA           0.000      0.000    999.000    999.000
    CBFAS_EA           0.000      0.000    999.000    999.000
    DBFAS_EA           0.000      0.000    999.000    999.000
    AMVI               0.000      0.000    999.000    999.000
    BMVI               0.000      0.000    999.000    999.000
    CMVI               0.000      0.000    999.000    999.000
    DMVI               0.000      0.000    999.000    999.000
    P2                67.583      4.972     13.593      0.000
    P3                67.583      4.972     13.593      0.000
    P4                67.583      4.972     13.593      0.000
    V2                15.227      1.014     15.017      0.000
    V3                15.227      1.014     15.017      0.000
    V4                15.227      1.014     15.017      0.000


QUALITY OF NUMERICAL RESULTS

     Condition Number for the Information Matrix              0.158E-05
       (ratio of smallest to largest eigenvalue)


     Beginning Time:  15:47:03
        Ending Time:  15:47:17
       Elapsed Time:  00:00:14



MUTHEN & MUTHEN
3463 Stoner Ave.
Los Angeles, CA  90066

Tel: (310) 391-9971
Fax: (310) 391-8971
Web: www.StatModel.com
Support: Support@StatModel.com

Copyright (c) 1998-2017 Muthen & Muthen
