Mplus VERSION 8 (Linux)
MUTHEN & MUTHEN
07/08/2018   6:05 PM

INPUT INSTRUCTIONS


  title: PxVx Bivariate LCM-SR - 40splitgroup - Linear bfi_n with Linear mvi;
  data: file = /home/jflournoy/code_new/lnt_pxvx/Data/lnt_nat_recalc.tsv;

  variable:
  names =
  subjid
  aage
  aaspfin
  aaspfin_d
  abfa_mt
  abfa_mt_d
  abfas_ac
  abfas_ap
  abfas_ci
  abfas_co
  abfas_ea
  abfas_ee
  abfas_nv
  abfas_nv9
  abfas_nw
  abfas_oi
  abfas_oo
  abfi_a
  abfi_a6
  abfi_c
  abfi_d_scale
  abfi_e
  abfi_hp8
  abfi_n
  abfi_o
  abfi_s_scale
  ahrz_col
  ahrz_col_d
  ahrz_ind
  ahrz_ind_d
  amvi
  ausi
  ausi_d
  avrt_col
  avrt_col_d
  avrt_ind
  avrt_ind_d
  bage
  baspfin
  baspfin_d
  bbfa_mt
  bbfa_mt_d
  bbfas_ac
  bbfas_ap
  bbfas_ci
  bbfas_co
  bbfas_ea
  bbfas_ee
  bbfas_nv
  bbfas_nv9
  bbfas_nw
  bbfas_oi
  bbfas_oo
  bbfi_a
  bbfi_a6
  bbfi_c
  bbfi_d_scale
  bbfi_e
  bbfi_hp8
  bbfi_n
  bbfi_o
  bbfi_s_scale
  bhrz_col
  bhrz_col_d
  bhrz_ind
  bhrz_ind_d
  bmvi
  busi
  busi_d
  bvrt_col
  bvrt_col_d
  bvrt_ind
  bvrt_ind_d
  cage
  caspfin
  caspfin_d
  cbfa_mt
  cbfa_mt_d
  cbfas_ac
  cbfas_ap
  cbfas_ci
  cbfas_co
  cbfas_ea
  cbfas_ee
  cbfas_nv
  cbfas_nv9
  cbfas_nw
  cbfas_oi
  cbfas_oo
  cbfi_a
  cbfi_a6
  cbfi_c
  cbfi_d_scale
  cbfi_e
  cbfi_hp8
  cbfi_n
  cbfi_o
  cbfi_s_scale
  chrz_col
  chrz_col_d
  chrz_ind
  chrz_ind_d
  cmvi
  cusi
  cusi_d
  cvrt_col
  cvrt_col_d
  cvrt_ind
  cvrt_ind_d
  dage
  daspfin
  daspfin_d
  dbfa_mt
  dbfa_mt_d
  dbfas_ac
  dbfas_ap
  dbfas_ci
  dbfas_co
  dbfas_ea
  dbfas_ee
  dbfas_nv
  dbfas_nv9
  dbfas_nw
  dbfas_oi
  dbfas_oo
  dbfi_a
  dbfi_a6
  dbfi_c
  dbfi_d_scale
  dbfi_e
  dbfi_hp8
  dbfi_n
  dbfi_o
  dbfi_s_scale
  dhrz_col
  dhrz_col_d
  dhrz_ind
  dhrz_ind_d
  dmvi
  dusi
  dusi_d
  dvrt_col
  dvrt_col_d
  dvrt_ind
  dvrt_ind_d;

  USEVARIABLES =
  abfi_n
  bbfi_n
  cbfi_n
  dbfi_n
  amvi
  bmvi
  cmvi
  dmvi
  a1
  a2
  a3
  a4
  aagegrp
  ;

  missing = all (-9999);

  tscores = a1 a2 a3 a4;

  grouping = aagegrp (0=earlier, 1=later);

  DEFINE:

  aagegrp = aage;

  cut aagegrp (39);

  a1 = aage + 0 - 36;
  a2 = aage + 1 - 36;
  a3 = aage + 2 - 36;
  a4 = aage + 3 - 36;

  ANALYSIS:
  TYPE=RANDOM;
  PROCESSORS = 6;
  model=nocovariances; ! supresses default estimation of certain covs in model;

  MODEL:

  i_bfi_n s_bfi_n | abfi_n bbfi_n cbfi_n dbfi_n AT a1 a2 a3 a4;
  i_mvi s_mvi | amvi bmvi cmvi dmvi AT a1 a2 a3 a4;

  ! freeing factor covs because of "nocovariances"
  ! But ensure they are constrained across groups
  s_bfi_n WITH i_bfi_n (p)
  s_mvi (q)
  i_mvi (r);
  i_bfi_n WITH s_mvi (s)
  i_mvi (t);
  s_mvi WITH i_mvi (u);

  !constrain latent growth means across groups
  [i_bfi_n] (v);
  [s_bfi_n] (w);
  [i_mvi] (x);
  [s_mvi] (y);

  !constrain latent growth variances across groups
  i_bfi_n (l);
  s_bfi_n (m);
  i_mvi (n);
  s_mvi (o);

  p1 BY abfi_n@1; ! Residual "factors";
  p2 BY bbfi_n@1;
  p3 BY cbfi_n@1;
  p4 BY dbfi_n@1;

  v1 BY amvi@1; ! Residual "factors";
  v2 BY bmvi@1;
  v3 BY cmvi@1;
  v4 BY dmvi@1;

  !residual variances on observed/manifest vars set to 0
  abfi_n@0;
  bbfi_n@0;
  cbfi_n@0;
  dbfi_n@0;

  !residual variances on observed/manifest vars set to 0
  amvi@0;
  bmvi@0;
  cmvi@0;
  dmvi@0;

  ! means of observed/manifest vars set to 0
  [abfi_n@0];
  [bbfi_n@0];
  [cbfi_n@0];
  [dbfi_n@0];

  ! means of observed/manifest vars set to 0
  [amvi@0];
  [bmvi@0];
  [cmvi@0];
  [dmvi@0];

  [p1@0]; ! means of residual "factors" set to 0
  [p2@0];
  [p3@0];
  [p4@0];

  [v1@0]; ! means of residual "factors" set to 0
  [v2@0];
  [v3@0];
  [v4@0];

  p4 on p3 (a); ! Autoregressive paths constrained to equality
  p3 on p2 (a);
  p2 on p1 (a);

  v4 on v3 (b); ! Autoregressive paths constrained to equality
  v3 on v2 (b);
  v2 on v1 (b);

  p4 on v3 (c); ! Cross-lagged paths constrained to equality
  p3 on v2 (c);
  p2 on v1 (c);

  v4 on p3 (d); ! Cross-lagged paths constrained to equality
  v3 on p2 (d);
  v2 on p1 (d);

  p1 with v1; !(this one is not like the others)

  p2 with v2 (e); ! Within-wave correlations constrained to equality
  p3 with v3 (e);
  p4 with v4 (e);

  p2 p3 p4 (f); ! estimate variances of residual "factors"
  v2 v3 v4 (g); ! estimate variances of residual "factors"

  MODEL earlier:

  p4 on p3 (a23); ! Autoregressive paths constrained to equality
  p3 on p2 (a23);
  p2 on p1 (a23);

  v4 on v3 (b23); ! Autoregressive paths constrained to equality
  v3 on v2 (b23);
  v2 on v1 (b23);

  p4 on v3 (c23); ! Cross-lagged paths constrained to equality
  p3 on v2 (c23);
  p2 on v1 (c23);

  v4 on p3 (d23); ! Cross-lagged paths constrained to equality
  v3 on p2 (d23);
  v2 on p1 (d23);

  p1 with v1; !(this one is not like the others)

  p2 with v2 (e23); ! Within-wave correlations constrained to equality
  p3 with v3 (e23);
  p4 with v4 (e23);

  p2 p3 p4 (f23); ! estimate variances of residual "factors"
  v2 v3 v4 (g23); ! estimate variances of residual "factors"

  MODEL later:

  p4 on p3 (a45); ! Autoregressive paths constrained to equality
  p3 on p2 (a45);
  p2 on p1 (a45);

  v4 on v3 (b45); ! Autoregressive paths constrained to equality
  v3 on v2 (b45);
  v2 on v1 (b45);

  p4 on v3 (c45); ! Cross-lagged paths constrained to equality
  p3 on v2 (c45);
  p2 on v1 (c45);

  v4 on p3 (d45); ! Cross-lagged paths constrained to equality
  v3 on p2 (d45);
  v2 on p1 (d45);

  p1 with v1; !(this one is not like the others)

  p2 with v2 (e45); ! Within-wave correlations constrained to equality
  p3 with v3 (e45);
  p4 with v4 (e45);

  p2 p3 p4 (f45); ! estimate variances of residual "factors"
  v2 v3 v4 (g45); ! estimate variances of residual "factors"

  OUTPUT: SAMPSTAT PATTERNS;



*** WARNING
  Data set contains unknown or missing values for GROUPING,
  PATTERN, COHORT, CLUSTER and/or STRATIFICATION variables.
  Number of cases with unknown or missing values:  5
   1 WARNING(S) FOUND IN THE INPUT INSTRUCTIONS



PxVx Bivariate LCM-SR - 40splitgroup - Linear bfi_n with Linear mvi;

SUMMARY OF ANALYSIS

Number of groups                                                 2
Number of observations
   Group EARLIER                                               534
   Group LATER                                                 330
   Total sample size                                           864

Number of dependent variables                                    8
Number of independent variables                                  0
Number of continuous latent variables                           12

Observed dependent variables

  Continuous
   ABFI_N      BBFI_N      CBFI_N      DBFI_N      AMVI        BMVI
   CMVI        DMVI

Continuous latent variables
   P1          P2          P3          P4          V1          V2
   V3          V4          I_BFI_N     S_BFI_N     I_MVI       S_MVI

Variables with special functions

  Grouping variable     AAGEGRP

  Time scores
   A1          A2          A3          A4


Estimator                                                      MLR
Information matrix                                        OBSERVED
Maximum number of iterations                                   100
Convergence criterion                                    0.100D-05
Maximum number of EM iterations                                500
Convergence criteria for the EM algorithm
  Loglikelihood change                                   0.100D-02
  Relative loglikelihood change                          0.100D-05
  Derivative                                             0.100D-03
Minimum variance                                         0.100D-03
Maximum number of steepest descent iterations                   20
Maximum number of iterations for H1                           2000
Convergence criterion for H1                             0.100D-03
Optimization algorithm                                         EMA

Input data file(s)
  /home/jflournoy/code_new/lnt_pxvx/Data/lnt_nat_recalc.tsv
Input data format  FREE


SUMMARY OF DATA

   Group EARLIER
     Number of missing data patterns            14

   Group LATER
     Number of missing data patterns            13


SUMMARY OF MISSING DATA PATTERNS


     MISSING DATA PATTERNS (x = not missing) FOR EARLIER

           1  2  3  4  5  6  7  8  9 10 11 12 13 14
 ABFI_N    x  x  x  x  x  x  x  x  x  x  x  x  x  x
 BBFI_N    x     x     x  x        x  x  x        x
 CBFI_N    x        x     x     x     x     x     x
 DBFI_N    x     x  x        x        x     x  x  x
 AMVI      x  x  x  x  x  x  x  x     x  x  x  x  x
 BMVI      x     x     x  x        x  x
 CMVI      x        x     x     x     x     x     x
 DMVI      x     x  x        x                    x


     MISSING DATA PATTERN FREQUENCIES FOR EARLIER

    Pattern   Frequency     Pattern   Frequency     Pattern   Frequency
          1         329           6          21          11           1
          2         100           7          14          12           1
          3          14           8          11          13           2
          4          12           9           1          14           1
          5          26          10           1


     MISSING DATA PATTERNS (x = not missing) FOR LATER

           1  2  3  4  5  6  7  8  9 10 11 12 13
 ABFI_N    x  x  x  x  x  x  x  x  x  x  x     x
 BBFI_N    x     x     x  x        x     x
 CBFI_N    x        x     x     x     x  x
 DBFI_N    x     x  x        x        x  x  x
 AMVI      x  x  x  x  x  x  x  x  x  x  x  x
 BMVI      x     x     x  x
 CMVI      x        x     x     x     x  x
 DMVI      x     x  x        x           x  x


     MISSING DATA PATTERN FREQUENCIES FOR LATER

    Pattern   Frequency     Pattern   Frequency     Pattern   Frequency
          1         166           6          26          11           1
          2          68           7           9          12           1
          3          13           8          11          13           1
          4           9           9           2
          5          22          10           1


COVARIANCE COVERAGE OF DATA

Minimum covariance coverage value   0.100


     PROPORTION OF DATA PRESENT FOR EARLIER


           Covariance Coverage
              ABFI_N        BBFI_N        CBFI_N        DBFI_N        AMVI
              ________      ________      ________      ________      ________
 ABFI_N         1.000
 BBFI_N         0.738         0.738
 CBFI_N         0.704         0.659         0.704
 DBFI_N         0.700         0.646         0.644         0.700
 AMVI           0.998         0.736         0.704         0.700         0.998
 BMVI           0.734         0.734         0.657         0.644         0.732
 CMVI           0.704         0.659         0.704         0.644         0.704
 DMVI           0.693         0.644         0.640         0.693         0.693


           Covariance Coverage
              BMVI          CMVI          DMVI
              ________      ________      ________
 BMVI           0.734
 CMVI           0.657         0.704
 DMVI           0.642         0.640         0.693


     PROPORTION OF DATA PRESENT FOR LATER


           Covariance Coverage
              ABFI_N        BBFI_N        CBFI_N        DBFI_N        AMVI
              ________      ________      ________      ________      ________
 ABFI_N         1.000
 BBFI_N         0.700         0.700
 CBFI_N         0.648         0.585         0.648
 DBFI_N         0.606         0.545         0.536         0.606
 AMVI           0.994         0.694         0.648         0.606         0.994
 BMVI           0.697         0.697         0.585         0.545         0.691
 CMVI           0.648         0.585         0.648         0.536         0.648
 DMVI           0.597         0.542         0.530         0.597         0.597


           Covariance Coverage
              BMVI          CMVI          DMVI
              ________      ________      ________
 BMVI           0.697
 CMVI           0.585         0.648
 DMVI           0.542         0.530         0.597


SAMPLE STATISTICS


     ESTIMATED SAMPLE STATISTICS FOR EARLIER


           Means
              ABFI_N        BBFI_N        CBFI_N        DBFI_N        AMVI
              ________      ________      ________      ________      ________
               50.258        49.821        48.993        48.986        63.968


           Means
              BMVI          CMVI          DMVI
              ________      ________      ________
               63.088        63.634        63.259


           Covariances
              ABFI_N        BBFI_N        CBFI_N        DBFI_N        AMVI
              ________      ________      ________      ________      ________
 ABFI_N       480.684
 BBFI_N       373.579       472.440
 CBFI_N       360.378       386.233       452.842
 DBFI_N       385.835       406.779       419.700       521.749
 AMVI         -11.259        -7.213        -5.619        -1.043        64.673
 BMVI          -9.189       -10.392        -7.843        -6.750        49.850
 CMVI         -10.640        -7.737        -5.373       -12.180        49.640
 DMVI         -12.533       -11.552        -9.904       -14.592        44.316


           Covariances
              BMVI          CMVI          DMVI
              ________      ________      ________
 BMVI          63.623
 CMVI          53.998        75.678
 DMVI          48.640        53.927        63.145


           Correlations
              ABFI_N        BBFI_N        CBFI_N        DBFI_N        AMVI
              ________      ________      ________      ________      ________
 ABFI_N         1.000
 BBFI_N         0.784         1.000
 CBFI_N         0.772         0.835         1.000
 DBFI_N         0.770         0.819         0.863         1.000
 AMVI          -0.064        -0.041        -0.033        -0.006         1.000
 BMVI          -0.053        -0.060        -0.046        -0.037         0.777
 CMVI          -0.056        -0.041        -0.029        -0.061         0.710
 DMVI          -0.072        -0.067        -0.059        -0.080         0.693


           Correlations
              BMVI          CMVI          DMVI
              ________      ________      ________
 BMVI           1.000
 CMVI           0.778         1.000
 DMVI           0.767         0.780         1.000


     ESTIMATED SAMPLE STATISTICS FOR LATER


           Means
              ABFI_N        BBFI_N        CBFI_N        DBFI_N        AMVI
              ________      ________      ________      ________      ________
               48.553        47.742        46.766        46.211        65.808


           Means
              BMVI          CMVI          DMVI
              ________      ________      ________
               66.133        65.487        65.501


           Covariances
              ABFI_N        BBFI_N        CBFI_N        DBFI_N        AMVI
              ________      ________      ________      ________      ________
 ABFI_N       421.149
 BBFI_N       341.473       421.517
 CBFI_N       349.217       359.418       446.448
 DBFI_N       337.587       349.110       373.051       440.586
 AMVI           0.604       -14.788       -13.365        -2.720        60.703
 BMVI           6.659        -8.973       -10.604        -3.884        45.542
 CMVI          17.054         4.161         4.607        11.644        43.887
 DMVI           9.946        -5.424         2.466         1.729        44.196


           Covariances
              BMVI          CMVI          DMVI
              ________      ________      ________
 BMVI          55.829
 CMVI          44.615        56.646
 DMVI          44.100        45.348        53.254


           Correlations
              ABFI_N        BBFI_N        CBFI_N        DBFI_N        AMVI
              ________      ________      ________      ________      ________
 ABFI_N         1.000
 BBFI_N         0.810         1.000
 CBFI_N         0.805         0.829         1.000
 DBFI_N         0.784         0.810         0.841         1.000
 AMVI           0.004        -0.092        -0.081        -0.017         1.000
 BMVI           0.043        -0.058        -0.067        -0.025         0.782
 CMVI           0.110         0.027         0.029         0.074         0.748
 DMVI           0.066        -0.036         0.016         0.011         0.777


           Correlations
              BMVI          CMVI          DMVI
              ________      ________      ________
 BMVI           1.000
 CMVI           0.793         1.000
 DMVI           0.809         0.826         1.000


     MAXIMUM LOG-LIKELIHOOD VALUE FOR THE UNRESTRICTED (H1) MODEL IS -19033.424


UNIVARIATE SAMPLE STATISTICS


     UNIVARIATE HIGHER-ORDER MOMENT DESCRIPTIVE STATISTICS FOR EARLIER

         Variable/         Mean/     Skewness/   Minimum/ % with                Percentiles
        Sample Size      Variance    Kurtosis    Maximum  Min/Max      20%/60%    40%/80%    Median

     ABFI_N               50.258       0.017       0.000    0.75%      28.125     43.750     50.000
             534.000     480.684      -0.635     100.000    0.56%      56.250     68.750
     BBFI_N               49.823      -0.191       0.000    0.76%      31.250     43.750     50.000
             394.000     472.379      -0.486     100.000    0.51%      56.250     68.750
     CBFI_N               48.969      -0.055       0.000    1.06%      31.250     43.750     50.000
             376.000     458.805      -0.464     100.000    0.53%      56.250     68.750
     DBFI_N               49.304      -0.139       0.000    1.60%      28.125     43.750     50.000
             374.000     523.628      -0.642     100.000    0.27%      56.250     68.750
     AMVI                 63.978      -0.011      32.353    0.19%      57.353     61.765     63.971
             533.000      64.696       0.264      86.765    0.19%      66.176     70.588
     BMVI                 63.022       0.005      40.441    0.26%      56.618     60.294     62.500
             392.000      64.075      -0.278      86.029    0.26%      64.706     70.312
     CMVI                 63.505      -0.025      33.088    0.27%      56.618     61.029     63.235
             376.000      75.533       0.137      87.500    0.27%      65.441     70.588
     DMVI                 63.393      -0.009      36.029    0.27%      57.353     61.029     63.235
             370.000      62.942       0.278      85.294    0.54%      65.441     69.853


     UNIVARIATE HIGHER-ORDER MOMENT DESCRIPTIVE STATISTICS FOR LATER

         Variable/         Mean/     Skewness/   Minimum/ % with                Percentiles
        Sample Size      Variance    Kurtosis    Maximum  Min/Max      20%/60%    40%/80%    Median

     ABFI_N               48.486       0.036       3.125    0.61%      29.167     43.750     50.000
             329.000     420.446      -0.544      96.875    0.30%      56.250     65.625
     BBFI_N               47.232       0.188       3.125    0.87%      28.125     40.625     46.875
             230.000     437.879      -0.558      96.875    0.43%      50.000     65.625
     CBFI_N               45.561       0.191       0.000    0.93%      25.000     37.500     43.750
             214.000     451.051      -0.722      96.875    0.47%      50.000     65.625
     DBFI_N               44.016       0.156       3.125    2.00%      21.875     37.500     43.750
             200.000     428.787      -0.539     100.000    0.50%      50.000     62.500
     AMVI                 65.808       0.122      43.382    0.30%      59.559     63.971     66.176
             329.000      60.703       0.096      92.647    0.30%      67.647     72.059
     BMVI                 66.201       0.100      48.529    0.44%      59.559     63.971     66.176
             227.000      56.189      -0.262      88.235    0.44%      68.382     72.059
     CMVI                 65.742      -0.046      44.853    0.93%      58.824     63.971     65.441
             214.000      58.260      -0.155      84.559    0.47%      66.912     73.529
     DMVI                 65.581       0.018      44.118    0.50%      59.559     63.235     65.441
             199.000      53.749      -0.157      83.088    1.51%      67.647     71.324


THE MODEL ESTIMATION TERMINATED NORMALLY



MODEL FIT INFORMATION

Number of Free Parameters                       34

Loglikelihood

          H0 Value                      -19080.788
          H0 Scaling Correction Factor      1.1856
            for MLR

Information Criteria

          Akaike (AIC)                   38229.576
          Bayesian (BIC)                 38391.469
          Sample-Size Adjusted BIC       38283.494
            (n* = (n + 2) / 24)



MODEL RESULTS

                                                    Two-Tailed
                    Estimate       S.E.  Est./S.E.    P-Value

Group EARLIER

 P1       BY
    ABFI_N             1.000      0.000    999.000    999.000

 P2       BY
    BBFI_N             1.000      0.000    999.000    999.000

 P3       BY
    CBFI_N             1.000      0.000    999.000    999.000

 P4       BY
    DBFI_N             1.000      0.000    999.000    999.000

 V1       BY
    AMVI               1.000      0.000    999.000    999.000

 V2       BY
    BMVI               1.000      0.000    999.000    999.000

 V3       BY
    CMVI               1.000      0.000    999.000    999.000

 V4       BY
    DMVI               1.000      0.000    999.000    999.000

 P4         ON
    P3                 0.115      0.057      2.018      0.044
    V3                -0.161      0.112     -1.437      0.151

 P3         ON
    P2                 0.115      0.057      2.018      0.044
    V2                -0.161      0.112     -1.437      0.151

 P2         ON
    P1                 0.115      0.057      2.018      0.044
    V1                -0.161      0.112     -1.437      0.151

 V4         ON
    V3                 0.193      0.071      2.724      0.006
    P3                 0.001      0.019      0.062      0.950

 V3         ON
    V2                 0.193      0.071      2.724      0.006
    P2                 0.001      0.019      0.062      0.950

 V2         ON
    V1                 0.193      0.071      2.724      0.006
    P1                 0.001      0.019      0.062      0.950

 S_BFI_N  WITH
    I_BFI_N           -1.217      0.909     -1.339      0.181
    S_MVI             -0.009      0.051     -0.181      0.856
    I_MVI             -0.187      1.126     -0.166      0.868

 I_BFI_N  WITH
    S_MVI              0.435      1.131      0.384      0.701
    I_MVI             -1.538      7.450     -0.206      0.836

 S_MVI    WITH
    I_MVI             -0.104      0.141     -0.734      0.463

 P1       WITH
    V1                -5.892      3.803     -1.549      0.121

 P2       WITH
    V2                -1.577      2.130     -0.741      0.459

 P3       WITH
    V3                -1.577      2.130     -0.741      0.459

 P4       WITH
    V4                -1.577      2.130     -0.741      0.459

 Means
    P1                 0.000      0.000    999.000    999.000
    V1                 0.000      0.000    999.000    999.000
    I_BFI_N           49.224      0.708     69.544      0.000
    S_BFI_N           -0.269      0.063     -4.288      0.000
    I_MVI             64.284      0.258    249.553      0.000
    S_MVI              0.078      0.023      3.375      0.001

 Intercepts
    ABFI_N             0.000      0.000    999.000    999.000
    BBFI_N             0.000      0.000    999.000    999.000
    CBFI_N             0.000      0.000    999.000    999.000
    DBFI_N             0.000      0.000    999.000    999.000
    AMVI               0.000      0.000    999.000    999.000
    BMVI               0.000      0.000    999.000    999.000
    CMVI               0.000      0.000    999.000    999.000
    DMVI               0.000      0.000    999.000    999.000
    P2                 0.000      0.000    999.000    999.000
    P3                 0.000      0.000    999.000    999.000
    P4                 0.000      0.000    999.000    999.000
    V2                 0.000      0.000    999.000    999.000
    V3                 0.000      0.000    999.000    999.000
    V4                 0.000      0.000    999.000    999.000

 Variances
    P1               136.101     16.241      8.380      0.000
    V1                20.824      2.412      8.635      0.000
    I_BFI_N          345.437     23.838     14.491      0.000
    S_BFI_N            0.167      0.168      0.994      0.320
    I_MVI             44.159      3.656     12.077      0.000
    S_MVI              0.018      0.025      0.712      0.477

 Residual Variances
    ABFI_N             0.000      0.000    999.000    999.000
    BBFI_N             0.000      0.000    999.000    999.000
    CBFI_N             0.000      0.000    999.000    999.000
    DBFI_N             0.000      0.000    999.000    999.000
    AMVI               0.000      0.000    999.000    999.000
    BMVI               0.000      0.000    999.000    999.000
    CMVI               0.000      0.000    999.000    999.000
    DMVI               0.000      0.000    999.000    999.000
    P2                85.370      7.141     11.954      0.000
    P3                85.370      7.141     11.954      0.000
    P4                85.370      7.141     11.954      0.000
    V2                17.816      1.610     11.069      0.000
    V3                17.816      1.610     11.069      0.000
    V4                17.816      1.610     11.069      0.000

Group LATER

 P1       BY
    ABFI_N             1.000      0.000    999.000    999.000

 P2       BY
    BBFI_N             1.000      0.000    999.000    999.000

 P3       BY
    CBFI_N             1.000      0.000    999.000    999.000

 P4       BY
    DBFI_N             1.000      0.000    999.000    999.000

 V1       BY
    AMVI               1.000      0.000    999.000    999.000

 V2       BY
    BMVI               1.000      0.000    999.000    999.000

 V3       BY
    CMVI               1.000      0.000    999.000    999.000

 V4       BY
    DMVI               1.000      0.000    999.000    999.000

 P4         ON
    P3                 0.124      0.080      1.547      0.122
    V3                -0.096      0.145     -0.663      0.508

 P3         ON
    P2                 0.124      0.080      1.547      0.122
    V2                -0.096      0.145     -0.663      0.508

 P2         ON
    P1                 0.124      0.080      1.547      0.122
    V1                -0.096      0.145     -0.663      0.508

 V4         ON
    V3                 0.063      0.064      0.985      0.325
    P3                 0.046      0.024      1.895      0.058

 V3         ON
    V2                 0.063      0.064      0.985      0.325
    P2                 0.046      0.024      1.895      0.058

 V2         ON
    V1                 0.063      0.064      0.985      0.325
    P1                 0.046      0.024      1.895      0.058

 S_BFI_N  WITH
    I_BFI_N           -1.217      0.909     -1.339      0.181
    S_MVI             -0.009      0.051     -0.181      0.856
    I_MVI             -0.187      1.126     -0.166      0.868

 I_BFI_N  WITH
    S_MVI              0.435      1.131      0.384      0.701
    I_MVI             -1.538      7.450     -0.206      0.836

 S_MVI    WITH
    I_MVI             -0.104      0.141     -0.734      0.463

 P1       WITH
    V1                -0.090      3.947     -0.023      0.982

 P2       WITH
    V2                 0.179      2.057      0.087      0.931

 P3       WITH
    V3                 0.179      2.057      0.087      0.931

 P4       WITH
    V4                 0.179      2.057      0.087      0.931

 Means
    P1                 0.000      0.000    999.000    999.000
    V1                 0.000      0.000    999.000    999.000
    I_BFI_N           49.224      0.708     69.544      0.000
    S_BFI_N           -0.269      0.063     -4.288      0.000
    I_MVI             64.284      0.258    249.553      0.000
    S_MVI              0.078      0.023      3.375      0.001

 Intercepts
    ABFI_N             0.000      0.000    999.000    999.000
    BBFI_N             0.000      0.000    999.000    999.000
    CBFI_N             0.000      0.000    999.000    999.000
    DBFI_N             0.000      0.000    999.000    999.000
    AMVI               0.000      0.000    999.000    999.000
    BMVI               0.000      0.000    999.000    999.000
    CMVI               0.000      0.000    999.000    999.000
    DMVI               0.000      0.000    999.000    999.000
    P2                 0.000      0.000    999.000    999.000
    P3                 0.000      0.000    999.000    999.000
    P4                 0.000      0.000    999.000    999.000
    V2                 0.000      0.000    999.000    999.000
    V3                 0.000      0.000    999.000    999.000
    V4                 0.000      0.000    999.000    999.000

 Variances
    P1                95.192     13.665      6.966      0.000
    V1                16.452      2.529      6.505      0.000
    I_BFI_N          345.437     23.838     14.491      0.000
    S_BFI_N            0.167      0.168      0.994      0.320
    I_MVI             44.159      3.656     12.077      0.000
    S_MVI              0.018      0.025      0.712      0.477

 Residual Variances
    ABFI_N             0.000      0.000    999.000    999.000
    BBFI_N             0.000      0.000    999.000    999.000
    CBFI_N             0.000      0.000    999.000    999.000
    DBFI_N             0.000      0.000    999.000    999.000
    AMVI               0.000      0.000    999.000    999.000
    BMVI               0.000      0.000    999.000    999.000
    CMVI               0.000      0.000    999.000    999.000
    DMVI               0.000      0.000    999.000    999.000
    P2                82.492      8.814      9.360      0.000
    P3                82.492      8.814      9.360      0.000
    P4                82.492      8.814      9.360      0.000
    V2                11.065      0.935     11.833      0.000
    V3                11.065      0.935     11.833      0.000
    V4                11.065      0.935     11.833      0.000


QUALITY OF NUMERICAL RESULTS

     Condition Number for the Information Matrix              0.122E-05
       (ratio of smallest to largest eigenvalue)


     Beginning Time:  18:05:20
        Ending Time:  18:05:35
       Elapsed Time:  00:00:15



MUTHEN & MUTHEN
3463 Stoner Ave.
Los Angeles, CA  90066

Tel: (310) 391-9971
Fax: (310) 391-8971
Web: www.StatModel.com
Support: Support@StatModel.com

Copyright (c) 1998-2017 Muthen & Muthen
