Mplus VERSION 8 (Linux)
MUTHEN & MUTHEN
07/08/2018   6:06 PM

INPUT INSTRUCTIONS


  title: PxVx Bivariate LCM-SR - 40splitgroup - Linear bfi_o with Linear aspfin;
  data: file = /home/jflournoy/code_new/lnt_pxvx/Data/lnt_nat_recalc.tsv;

  variable:
  names =
  subjid
  aage
  aaspfin
  aaspfin_d
  abfa_mt
  abfa_mt_d
  abfas_ac
  abfas_ap
  abfas_ci
  abfas_co
  abfas_ea
  abfas_ee
  abfas_nv
  abfas_nv9
  abfas_nw
  abfas_oi
  abfas_oo
  abfi_a
  abfi_a6
  abfi_c
  abfi_d_scale
  abfi_e
  abfi_hp8
  abfi_n
  abfi_o
  abfi_s_scale
  ahrz_col
  ahrz_col_d
  ahrz_ind
  ahrz_ind_d
  amvi
  ausi
  ausi_d
  avrt_col
  avrt_col_d
  avrt_ind
  avrt_ind_d
  bage
  baspfin
  baspfin_d
  bbfa_mt
  bbfa_mt_d
  bbfas_ac
  bbfas_ap
  bbfas_ci
  bbfas_co
  bbfas_ea
  bbfas_ee
  bbfas_nv
  bbfas_nv9
  bbfas_nw
  bbfas_oi
  bbfas_oo
  bbfi_a
  bbfi_a6
  bbfi_c
  bbfi_d_scale
  bbfi_e
  bbfi_hp8
  bbfi_n
  bbfi_o
  bbfi_s_scale
  bhrz_col
  bhrz_col_d
  bhrz_ind
  bhrz_ind_d
  bmvi
  busi
  busi_d
  bvrt_col
  bvrt_col_d
  bvrt_ind
  bvrt_ind_d
  cage
  caspfin
  caspfin_d
  cbfa_mt
  cbfa_mt_d
  cbfas_ac
  cbfas_ap
  cbfas_ci
  cbfas_co
  cbfas_ea
  cbfas_ee
  cbfas_nv
  cbfas_nv9
  cbfas_nw
  cbfas_oi
  cbfas_oo
  cbfi_a
  cbfi_a6
  cbfi_c
  cbfi_d_scale
  cbfi_e
  cbfi_hp8
  cbfi_n
  cbfi_o
  cbfi_s_scale
  chrz_col
  chrz_col_d
  chrz_ind
  chrz_ind_d
  cmvi
  cusi
  cusi_d
  cvrt_col
  cvrt_col_d
  cvrt_ind
  cvrt_ind_d
  dage
  daspfin
  daspfin_d
  dbfa_mt
  dbfa_mt_d
  dbfas_ac
  dbfas_ap
  dbfas_ci
  dbfas_co
  dbfas_ea
  dbfas_ee
  dbfas_nv
  dbfas_nv9
  dbfas_nw
  dbfas_oi
  dbfas_oo
  dbfi_a
  dbfi_a6
  dbfi_c
  dbfi_d_scale
  dbfi_e
  dbfi_hp8
  dbfi_n
  dbfi_o
  dbfi_s_scale
  dhrz_col
  dhrz_col_d
  dhrz_ind
  dhrz_ind_d
  dmvi
  dusi
  dusi_d
  dvrt_col
  dvrt_col_d
  dvrt_ind
  dvrt_ind_d;

  USEVARIABLES =
  abfi_o
  bbfi_o
  cbfi_o
  dbfi_o
  aaspfin
  baspfin
  caspfin
  daspfin
  a1
  a2
  a3
  a4
  aagegrp
  ;

  missing = all (-9999);

  tscores = a1 a2 a3 a4;

  grouping = aagegrp (0=earlier, 1=later);

  DEFINE:

  aagegrp = aage;

  cut aagegrp (39);

  a1 = aage + 0 - 36;
  a2 = aage + 1 - 36;
  a3 = aage + 2 - 36;
  a4 = aage + 3 - 36;

  ANALYSIS:
  TYPE=RANDOM;
  PROCESSORS = 6;
  model=nocovariances; ! supresses default estimation of certain covs in model;

  MODEL:

  i_bfi_o s_bfi_o | abfi_o bbfi_o cbfi_o dbfi_o AT a1 a2 a3 a4;
  i_aspfin s_aspfin | aaspfin baspfin caspfin daspfin AT a1 a2 a3 a4;

  ! freeing factor covs because of "nocovariances"
  ! But ensure they are constrained across groups
  s_bfi_o WITH i_bfi_o (p)
  s_aspfin (q)
  i_aspfin (r);
  i_bfi_o WITH s_aspfin (s)
  i_aspfin (t);
  s_aspfin WITH i_aspfin (u);

  !constrain latent growth means across groups
  [i_bfi_o] (v);
  [s_bfi_o] (w);
  [i_aspfin] (x);
  [s_aspfin] (y);

  !constrain latent growth variances across groups
  i_bfi_o (l);
  s_bfi_o (m);
  i_aspfin (n);
  s_aspfin (o);

  p1 BY abfi_o@1; ! Residual "factors";
  p2 BY bbfi_o@1;
  p3 BY cbfi_o@1;
  p4 BY dbfi_o@1;

  v1 BY aaspfin@1; ! Residual "factors";
  v2 BY baspfin@1;
  v3 BY caspfin@1;
  v4 BY daspfin@1;

  !residual variances on observed/manifest vars set to 0
  abfi_o@0;
  bbfi_o@0;
  cbfi_o@0;
  dbfi_o@0;

  !residual variances on observed/manifest vars set to 0
  aaspfin@0;
  baspfin@0;
  caspfin@0;
  daspfin@0;

  ! means of observed/manifest vars set to 0
  [abfi_o@0];
  [bbfi_o@0];
  [cbfi_o@0];
  [dbfi_o@0];

  ! means of observed/manifest vars set to 0
  [aaspfin@0];
  [baspfin@0];
  [caspfin@0];
  [daspfin@0];

  [p1@0]; ! means of residual "factors" set to 0
  [p2@0];
  [p3@0];
  [p4@0];

  [v1@0]; ! means of residual "factors" set to 0
  [v2@0];
  [v3@0];
  [v4@0];

  p4 on p3 (a); ! Autoregressive paths constrained to equality
  p3 on p2 (a);
  p2 on p1 (a);

  v4 on v3 (b); ! Autoregressive paths constrained to equality
  v3 on v2 (b);
  v2 on v1 (b);

  p4 on v3 (c); ! Cross-lagged paths constrained to equality
  p3 on v2 (c);
  p2 on v1 (c);

  v4 on p3 (d); ! Cross-lagged paths constrained to equality
  v3 on p2 (d);
  v2 on p1 (d);

  p1 with v1; !(this one is not like the others)

  p2 with v2 (e); ! Within-wave correlations constrained to equality
  p3 with v3 (e);
  p4 with v4 (e);

  p2 p3 p4 (f); ! estimate variances of residual "factors"
  v2 v3 v4 (g); ! estimate variances of residual "factors"

  MODEL earlier:

  p4 on p3 (a23); ! Autoregressive paths constrained to equality
  p3 on p2 (a23);
  p2 on p1 (a23);

  v4 on v3 (b23); ! Autoregressive paths constrained to equality
  v3 on v2 (b23);
  v2 on v1 (b23);

  p4 on v3 (c23); ! Cross-lagged paths constrained to equality
  p3 on v2 (c23);
  p2 on v1 (c23);

  v4 on p3 (d23); ! Cross-lagged paths constrained to equality
  v3 on p2 (d23);
  v2 on p1 (d23);

  p1 with v1; !(this one is not like the others)

  p2 with v2 (e23); ! Within-wave correlations constrained to equality
  p3 with v3 (e23);
  p4 with v4 (e23);

  p2 p3 p4 (f23); ! estimate variances of residual "factors"
  v2 v3 v4 (g23); ! estimate variances of residual "factors"

  MODEL later:

  p4 on p3 (a45); ! Autoregressive paths constrained to equality
  p3 on p2 (a45);
  p2 on p1 (a45);

  v4 on v3 (b45); ! Autoregressive paths constrained to equality
  v3 on v2 (b45);
  v2 on v1 (b45);

  p4 on v3 (c45); ! Cross-lagged paths constrained to equality
  p3 on v2 (c45);
  p2 on v1 (c45);

  v4 on p3 (d45); ! Cross-lagged paths constrained to equality
  v3 on p2 (d45);
  v2 on p1 (d45);

  p1 with v1; !(this one is not like the others)

  p2 with v2 (e45); ! Within-wave correlations constrained to equality
  p3 with v3 (e45);
  p4 with v4 (e45);

  p2 p3 p4 (f45); ! estimate variances of residual "factors"
  v2 v3 v4 (g45); ! estimate variances of residual "factors"

  OUTPUT: SAMPSTAT PATTERNS;



*** WARNING
  Data set contains unknown or missing values for GROUPING,
  PATTERN, COHORT, CLUSTER and/or STRATIFICATION variables.
  Number of cases with unknown or missing values:  5
   1 WARNING(S) FOUND IN THE INPUT INSTRUCTIONS



PxVx Bivariate LCM-SR - 40splitgroup - Linear bfi_o with Linear aspfin;

SUMMARY OF ANALYSIS

Number of groups                                                 2
Number of observations
   Group EARLIER                                               534
   Group LATER                                                 330
   Total sample size                                           864

Number of dependent variables                                    8
Number of independent variables                                  0
Number of continuous latent variables                           12

Observed dependent variables

  Continuous
   ABFI_O      BBFI_O      CBFI_O      DBFI_O      AASPFIN     BASPFIN
   CASPFIN     DASPFIN

Continuous latent variables
   P1          P2          P3          P4          V1          V2
   V3          V4          I_BFI_O     S_BFI_O     I_ASPFIN    S_ASPFIN

Variables with special functions

  Grouping variable     AAGEGRP

  Time scores
   A1          A2          A3          A4


Estimator                                                      MLR
Information matrix                                        OBSERVED
Maximum number of iterations                                   100
Convergence criterion                                    0.100D-05
Maximum number of EM iterations                                500
Convergence criteria for the EM algorithm
  Loglikelihood change                                   0.100D-02
  Relative loglikelihood change                          0.100D-05
  Derivative                                             0.100D-03
Minimum variance                                         0.100D-03
Maximum number of steepest descent iterations                   20
Maximum number of iterations for H1                           2000
Convergence criterion for H1                             0.100D-03
Optimization algorithm                                         EMA

Input data file(s)
  /home/jflournoy/code_new/lnt_pxvx/Data/lnt_nat_recalc.tsv
Input data format  FREE


SUMMARY OF DATA

   Group EARLIER
     Number of missing data patterns            15

   Group LATER
     Number of missing data patterns            15


SUMMARY OF MISSING DATA PATTERNS


     MISSING DATA PATTERNS (x = not missing) FOR EARLIER

           1  2  3  4  5  6  7  8  9 10 11 12 13 14 15
 ABFI_O    x  x  x  x  x  x  x  x  x  x  x  x  x  x  x
 BBFI_O    x     x     x  x        x  x  x  x        x
 CBFI_O    x        x     x     x     x     x  x     x
 DBFI_O    x     x  x        x        x        x  x  x
 AASPFIN   x  x  x  x  x  x  x  x     x  x  x  x  x  x
 BASPFIN   x     x     x  x        x  x     x
 CASPFIN   x        x     x     x     x     x  x     x
 DASPFIN   x     x  x        x              x        x


     MISSING DATA PATTERN FREQUENCIES FOR EARLIER

    Pattern   Frequency     Pattern   Frequency     Pattern   Frequency
          1         329           6          20          11           1
          2         100           7          14          12           1
          3          14           8          11          13           1
          4          12           9           1          14           2
          5          26          10           1          15           1


     MISSING DATA PATTERNS (x = not missing) FOR LATER

           1  2  3  4  5  6  7  8  9 10 11 12 13 14 15
 ABFI_O    x  x  x  x  x  x  x  x  x  x  x  x     x  x
 BBFI_O    x     x     x  x        x     x  x        x
 CBFI_O    x        x     x     x     x  x  x
 DBFI_O    x     x  x        x        x  x  x  x     x
 AASPFIN   x  x  x  x  x  x  x  x  x  x  x  x  x     x
 BASPFIN   x     x     x  x                 x
 CASPFIN   x        x     x     x     x  x
 DASPFIN   x     x  x        x           x  x  x     x


     MISSING DATA PATTERN FREQUENCIES FOR LATER

    Pattern   Frequency     Pattern   Frequency     Pattern   Frequency
          1         165           6          26          11           1
          2          68           7           9          12           1
          3          12           8          11          13           1
          4           9           9           2          14           1
          5          22          10           1          15           1


COVARIANCE COVERAGE OF DATA

Minimum covariance coverage value   0.100


     PROPORTION OF DATA PRESENT FOR EARLIER


           Covariance Coverage
              ABFI_O        BBFI_O        CBFI_O        DBFI_O        AASPFIN
              ________      ________      ________      ________      ________
 ABFI_O         1.000
 BBFI_O         0.738         0.738
 CBFI_O         0.704         0.659         0.704
 DBFI_O         0.700         0.646         0.644         0.700
 AASPFIN        0.998         0.736         0.704         0.700         0.998
 BASPFIN        0.734         0.734         0.657         0.644         0.732
 CASPFIN        0.704         0.659         0.704         0.644         0.704
 DASPFIN        0.695         0.646         0.642         0.693         0.695


           Covariance Coverage
              BASPFIN       CASPFIN       DASPFIN
              ________      ________      ________
 BASPFIN        0.734
 CASPFIN        0.657         0.704
 DASPFIN        0.644         0.642         0.695


     PROPORTION OF DATA PRESENT FOR LATER


           Covariance Coverage
              ABFI_O        BBFI_O        CBFI_O        DBFI_O        AASPFIN
              ________      ________      ________      ________      ________
 ABFI_O         1.000
 BBFI_O         0.700         0.700
 CBFI_O         0.652         0.588         0.652
 DBFI_O         0.603         0.542         0.536         0.603
 AASPFIN        0.994         0.694         0.652         0.603         0.994
 BASPFIN        0.694         0.694         0.585         0.539         0.688
 CASPFIN        0.652         0.588         0.652         0.536         0.652
 DASPFIN        0.597         0.542         0.533         0.594         0.597


           Covariance Coverage
              BASPFIN       CASPFIN       DASPFIN
              ________      ________      ________
 BASPFIN        0.694
 CASPFIN        0.585         0.652
 DASPFIN        0.539         0.533         0.597


SAMPLE STATISTICS


     ESTIMATED SAMPLE STATISTICS FOR EARLIER


           Means
              ABFI_O        BBFI_O        CBFI_O        DBFI_O        AASPFIN
              ________      ________      ________      ________      ________
               74.786        73.957        72.940        72.441        49.399


           Means
              BASPFIN       CASPFIN       DASPFIN
              ________      ________      ________
               49.372        49.454        48.585


           Covariances
              ABFI_O        BBFI_O        CBFI_O        DBFI_O        AASPFIN
              ________      ________      ________      ________      ________
 ABFI_O       215.380
 BBFI_O       172.254       213.889
 CBFI_O       178.531       178.744       242.277
 DBFI_O       162.583       168.918       195.703       232.776
 AASPFIN      -17.917       -11.249       -17.694       -28.085       526.289
 BASPFIN      -20.514       -19.270       -33.975       -42.505       419.879
 CASPFIN      -25.149       -14.654       -16.954       -30.068       414.369
 DASPFIN      -10.629         3.093       -11.053       -27.273       407.155


           Covariances
              BASPFIN       CASPFIN       DASPFIN
              ________      ________      ________
 BASPFIN      555.912
 CASPFIN      460.804       584.920
 DASPFIN      443.334       451.907       587.283


           Correlations
              ABFI_O        BBFI_O        CBFI_O        DBFI_O        AASPFIN
              ________      ________      ________      ________      ________
 ABFI_O         1.000
 BBFI_O         0.803         1.000
 CBFI_O         0.782         0.785         1.000
 DBFI_O         0.726         0.757         0.824         1.000
 AASPFIN       -0.053        -0.034        -0.050        -0.080         1.000
 BASPFIN       -0.059        -0.056        -0.093        -0.118         0.776
 CASPFIN       -0.071        -0.041        -0.045        -0.081         0.747
 DASPFIN       -0.030         0.009        -0.029        -0.074         0.732


           Correlations
              BASPFIN       CASPFIN       DASPFIN
              ________      ________      ________
 BASPFIN        1.000
 CASPFIN        0.808         1.000
 DASPFIN        0.776         0.771         1.000


     ESTIMATED SAMPLE STATISTICS FOR LATER


           Means
              ABFI_O        BBFI_O        CBFI_O        DBFI_O        AASPFIN
              ________      ________      ________      ________      ________
               73.655        73.225        71.549        72.642        46.949


           Means
              BASPFIN       CASPFIN       DASPFIN
              ________      ________      ________
               46.586        47.521        48.516


           Covariances
              ABFI_O        BBFI_O        CBFI_O        DBFI_O        AASPFIN
              ________      ________      ________      ________      ________
 ABFI_O       235.668
 BBFI_O       205.638       245.030
 CBFI_O       218.717       226.734       282.603
 DBFI_O       217.127       217.998       242.795       272.296
 AASPFIN       29.245        30.781        19.662        25.361       437.699
 BASPFIN       28.711        32.793         9.526        19.908       337.176
 CASPFIN       34.711        47.786        34.338        43.089       311.864
 DASPFIN       19.834        35.800        30.461        33.320       310.357


           Covariances
              BASPFIN       CASPFIN       DASPFIN
              ________      ________      ________
 BASPFIN      449.128
 CASPFIN      340.126       427.224
 DASPFIN      339.312       342.784       439.778


           Correlations
              ABFI_O        BBFI_O        CBFI_O        DBFI_O        AASPFIN
              ________      ________      ________      ________      ________
 ABFI_O         1.000
 BBFI_O         0.856         1.000
 CBFI_O         0.848         0.862         1.000
 DBFI_O         0.857         0.844         0.875         1.000
 AASPFIN        0.091         0.094         0.056         0.073         1.000
 BASPFIN        0.088         0.099         0.027         0.057         0.760
 CASPFIN        0.109         0.148         0.099         0.126         0.721
 DASPFIN        0.062         0.109         0.086         0.096         0.707


           Correlations
              BASPFIN       CASPFIN       DASPFIN
              ________      ________      ________
 BASPFIN        1.000
 CASPFIN        0.776         1.000
 DASPFIN        0.763         0.791         1.000


     MAXIMUM LOG-LIKELIHOOD VALUE FOR THE UNRESTRICTED (H1) MODEL IS -20911.233


UNIVARIATE SAMPLE STATISTICS


     UNIVARIATE HIGHER-ORDER MOMENT DESCRIPTIVE STATISTICS FOR EARLIER

         Variable/         Mean/     Skewness/   Minimum/ % with                Percentiles
        Sample Size      Variance    Kurtosis    Maximum  Min/Max      20%/60%    40%/80%    Median

     ABFI_O               74.786      -0.527      27.500    0.37%      62.500     72.500     75.000
             534.000     215.380      -0.060     100.000    2.06%      80.000     87.500
     BBFI_O               74.008      -0.480      22.500    0.25%      62.500     72.500     75.000
             394.000     207.898      -0.092     100.000    1.52%      80.000     87.500
     CBFI_O               72.846      -0.490      30.000    0.27%      60.000     70.000     75.000
             376.000     238.780      -0.316     100.000    0.53%      77.500     87.500
     DBFI_O               72.767      -0.562      22.500    0.27%      60.000     70.000     75.000
             374.000     229.182      -0.114     100.000    0.80%      77.500     85.000
     AASPFIN              49.434       0.175       0.000    1.69%      30.000     40.000     50.000
             533.000     526.224      -0.529     100.000    2.44%      55.000     70.000
     BASPFIN              49.069       0.234       0.000    1.02%      25.000     40.000     45.000
             392.000     563.363      -0.670     100.000    3.32%      55.000     70.000
     CASPFIN              49.402       0.276       0.000    0.53%      25.000     40.000     47.500
             376.000     588.006      -0.771     100.000    2.93%      55.000     70.000
     DASPFIN              48.265       0.216       0.000    0.54%      25.000     40.000     45.000
             371.000     599.284      -0.852     100.000    3.23%      55.000     70.000


     UNIVARIATE HIGHER-ORDER MOMENT DESCRIPTIVE STATISTICS FOR LATER

         Variable/         Mean/     Skewness/   Minimum/ % with                Percentiles
        Sample Size      Variance    Kurtosis    Maximum  Min/Max      20%/60%    40%/80%    Median

     ABFI_O               73.703      -0.287      30.000    0.30%      60.000     70.000     75.000
             329.000     235.448      -0.546     100.000    2.74%      80.000     87.500
     BBFI_O               73.846      -0.441      30.556    0.43%      60.000     70.000     75.000
             230.000     247.317      -0.366     100.000    1.30%      80.000     90.000
     CBFI_O               72.477      -0.595      12.500    0.47%      60.000     70.000     75.000
             214.000     281.834       0.229     100.000    2.80%      77.500     87.500
     DBFI_O               74.003      -0.723      15.000    0.50%      60.000     70.000     75.000
             200.000     281.472       0.124     100.000    0.50%      82.500     90.000
     AASPFIN              46.953       0.367       0.000    0.91%      30.000     40.000     45.000
             329.000     437.704      -0.158     100.000    1.52%      50.000     65.000
     BASPFIN              46.661       0.453       5.000    0.44%      30.000     40.000     45.000
             226.000     443.443      -0.197     100.000    2.21%      50.000     65.000
     CASPFIN              47.729       0.276       0.000    0.94%      30.000     40.000     45.000
             213.000     432.995      -0.322     100.000    1.41%      50.000     65.000
     DASPFIN              48.505       0.355       0.000    0.50%      30.000     40.000     45.000
             199.000     442.897      -0.455     100.000    1.01%      50.000     65.000


THE MODEL ESTIMATION TERMINATED NORMALLY



MODEL FIT INFORMATION

Number of Free Parameters                       34

Loglikelihood

          H0 Value                      -20960.486
          H0 Scaling Correction Factor      1.1728
            for MLR

Information Criteria

          Akaike (AIC)                   41988.971
          Bayesian (BIC)                 42150.865
          Sample-Size Adjusted BIC       42042.890
            (n* = (n + 2) / 24)



MODEL RESULTS

                                                    Two-Tailed
                    Estimate       S.E.  Est./S.E.    P-Value

Group EARLIER

 P1       BY
    ABFI_O             1.000      0.000    999.000    999.000

 P2       BY
    BBFI_O             1.000      0.000    999.000    999.000

 P3       BY
    CBFI_O             1.000      0.000    999.000    999.000

 P4       BY
    DBFI_O             1.000      0.000    999.000    999.000

 V1       BY
    AASPFIN            1.000      0.000    999.000    999.000

 V2       BY
    BASPFIN            1.000      0.000    999.000    999.000

 V3       BY
    CASPFIN            1.000      0.000    999.000    999.000

 V4       BY
    DASPFIN            1.000      0.000    999.000    999.000

 P4         ON
    P3                 0.265      0.081      3.260      0.001
    V3                -0.027      0.041     -0.658      0.511

 P3         ON
    P2                 0.265      0.081      3.260      0.001
    V2                -0.027      0.041     -0.658      0.511

 P2         ON
    P1                 0.265      0.081      3.260      0.001
    V1                -0.027      0.041     -0.658      0.511

 V4         ON
    V3                 0.148      0.081      1.824      0.068
    P3                 0.017      0.102      0.168      0.867

 V3         ON
    V2                 0.148      0.081      1.824      0.068
    P2                 0.017      0.102      0.168      0.867

 V2         ON
    V1                 0.148      0.081      1.824      0.068
    P1                 0.017      0.102      0.168      0.867

 S_BFI_O  WITH
    I_BFI_O            1.019      0.539      1.890      0.059
    S_ASPFIN          -0.006      0.102     -0.054      0.957
    I_ASPFIN          -0.029      2.125     -0.014      0.989

 I_BFI_O  WITH
    S_ASPFIN           2.063      2.169      0.951      0.342
    I_ASPFIN          -3.199     14.101     -0.227      0.821

 S_ASPFIN WITH
    I_ASPFIN          -1.921      1.089     -1.764      0.078

 P1       WITH
    V1                -0.334      6.386     -0.052      0.958

 P2       WITH
    V2                -1.281      5.405     -0.237      0.813

 P3       WITH
    V3                -1.281      5.405     -0.237      0.813

 P4       WITH
    V4                -1.281      5.405     -0.237      0.813

 Means
    P1                 0.000      0.000    999.000    999.000
    V1                 0.000      0.000    999.000    999.000
    I_BFI_O           73.620      0.495    148.646      0.000
    S_BFI_O           -0.104      0.046     -2.233      0.026
    I_ASPFIN          48.455      0.729     66.496      0.000
    S_ASPFIN          -0.069      0.063     -1.093      0.275

 Intercepts
    ABFI_O             0.000      0.000    999.000    999.000
    BBFI_O             0.000      0.000    999.000    999.000
    CBFI_O             0.000      0.000    999.000    999.000
    DBFI_O             0.000      0.000    999.000    999.000
    AASPFIN            0.000      0.000    999.000    999.000
    BASPFIN            0.000      0.000    999.000    999.000
    CASPFIN            0.000      0.000    999.000    999.000
    DASPFIN            0.000      0.000    999.000    999.000
    P2                 0.000      0.000    999.000    999.000
    P3                 0.000      0.000    999.000    999.000
    P4                 0.000      0.000    999.000    999.000
    V2                 0.000      0.000    999.000    999.000
    V3                 0.000      0.000    999.000    999.000
    V4                 0.000      0.000    999.000    999.000

 Variances
    P1                55.762      6.863      8.125      0.000
    V1               139.401     14.793      9.423      0.000
    I_BFI_O          172.912     13.136     13.163      0.000
    S_BFI_O            0.082      0.104      0.789      0.430
    I_ASPFIN         367.583     25.330     14.512      0.000
    S_ASPFIN           0.132      0.175      0.755      0.450

 Residual Variances
    ABFI_O             0.000      0.000    999.000    999.000
    BBFI_O             0.000      0.000    999.000    999.000
    CBFI_O             0.000      0.000    999.000    999.000
    DBFI_O             0.000      0.000    999.000    999.000
    AASPFIN            0.000      0.000    999.000    999.000
    BASPFIN            0.000      0.000    999.000    999.000
    CASPFIN            0.000      0.000    999.000    999.000
    DASPFIN            0.000      0.000    999.000    999.000
    P2                57.292      5.029     11.393      0.000
    P3                57.292      5.029     11.393      0.000
    P4                57.292      5.029     11.393      0.000
    V2               141.191     13.224     10.677      0.000
    V3               141.191     13.224     10.677      0.000
    V4               141.191     13.224     10.677      0.000

Group LATER

 P1       BY
    ABFI_O             1.000      0.000    999.000    999.000

 P2       BY
    BBFI_O             1.000      0.000    999.000    999.000

 P3       BY
    CBFI_O             1.000      0.000    999.000    999.000

 P4       BY
    DBFI_O             1.000      0.000    999.000    999.000

 V1       BY
    AASPFIN            1.000      0.000    999.000    999.000

 V2       BY
    BASPFIN            1.000      0.000    999.000    999.000

 V3       BY
    CASPFIN            1.000      0.000    999.000    999.000

 V4       BY
    DASPFIN            1.000      0.000    999.000    999.000

 P4         ON
    P3                 0.165      0.094      1.756      0.079
    V3                 0.008      0.041      0.185      0.853

 P3         ON
    P2                 0.165      0.094      1.756      0.079
    V2                 0.008      0.041      0.185      0.853

 P2         ON
    P1                 0.165      0.094      1.756      0.079
    V1                 0.008      0.041      0.185      0.853

 V4         ON
    V3                 0.127      0.075      1.689      0.091
    P3                 0.199      0.117      1.703      0.089

 V3         ON
    V2                 0.127      0.075      1.689      0.091
    P2                 0.199      0.117      1.703      0.089

 V2         ON
    V1                 0.127      0.075      1.689      0.091
    P1                 0.199      0.117      1.703      0.089

 S_BFI_O  WITH
    I_BFI_O            1.019      0.539      1.890      0.059
    S_ASPFIN          -0.006      0.102     -0.054      0.957
    I_ASPFIN          -0.029      2.125     -0.014      0.989

 I_BFI_O  WITH
    S_ASPFIN           2.063      2.169      0.951      0.342
    I_ASPFIN          -3.199     14.101     -0.227      0.821

 S_ASPFIN WITH
    I_ASPFIN          -1.921      1.089     -1.764      0.078

 P1       WITH
    V1                 6.049      6.812      0.888      0.375

 P2       WITH
    V2                 5.288      4.887      1.082      0.279

 P3       WITH
    V3                 5.288      4.887      1.082      0.279

 P4       WITH
    V4                 5.288      4.887      1.082      0.279

 Means
    P1                 0.000      0.000    999.000    999.000
    V1                 0.000      0.000    999.000    999.000
    I_BFI_O           73.620      0.495    148.646      0.000
    S_BFI_O           -0.104      0.046     -2.233      0.026
    I_ASPFIN          48.455      0.729     66.496      0.000
    S_ASPFIN          -0.069      0.063     -1.093      0.275

 Intercepts
    ABFI_O             0.000      0.000    999.000    999.000
    BBFI_O             0.000      0.000    999.000    999.000
    CBFI_O             0.000      0.000    999.000    999.000
    DBFI_O             0.000      0.000    999.000    999.000
    AASPFIN            0.000      0.000    999.000    999.000
    BASPFIN            0.000      0.000    999.000    999.000
    CASPFIN            0.000      0.000    999.000    999.000
    DASPFIN            0.000      0.000    999.000    999.000
    P2                 0.000      0.000    999.000    999.000
    P3                 0.000      0.000    999.000    999.000
    P4                 0.000      0.000    999.000    999.000
    V2                 0.000      0.000    999.000    999.000
    V3                 0.000      0.000    999.000    999.000
    V4                 0.000      0.000    999.000    999.000

 Variances
    P1                35.599      5.862      6.073      0.000
    V1               135.080     16.934      7.977      0.000
    I_BFI_O          172.912     13.136     13.163      0.000
    S_BFI_O            0.082      0.104      0.789      0.430
    I_ASPFIN         367.583     25.330     14.512      0.000
    S_ASPFIN           0.132      0.175      0.755      0.450

 Residual Variances
    ABFI_O             0.000      0.000    999.000    999.000
    BBFI_O             0.000      0.000    999.000    999.000
    CBFI_O             0.000      0.000    999.000    999.000
    DBFI_O             0.000      0.000    999.000    999.000
    AASPFIN            0.000      0.000    999.000    999.000
    BASPFIN            0.000      0.000    999.000    999.000
    CASPFIN            0.000      0.000    999.000    999.000
    DASPFIN            0.000      0.000    999.000    999.000
    P2                42.927      5.223      8.219      0.000
    P3                42.927      5.223      8.219      0.000
    P4                42.927      5.223      8.219      0.000
    V2               107.008     11.096      9.644      0.000
    V3               107.008     11.096      9.644      0.000
    V4               107.008     11.096      9.644      0.000


QUALITY OF NUMERICAL RESULTS

     Condition Number for the Information Matrix              0.202E-05
       (ratio of smallest to largest eigenvalue)


     Beginning Time:  18:06:43
        Ending Time:  18:07:40
       Elapsed Time:  00:00:57



MUTHEN & MUTHEN
3463 Stoner Ave.
Los Angeles, CA  90066

Tel: (310) 391-9971
Fax: (310) 391-8971
Web: www.StatModel.com
Support: Support@StatModel.com

Copyright (c) 1998-2017 Muthen & Muthen
