Mplus VERSION 8 (Linux)
MUTHEN & MUTHEN
07/08/2018   5:47 PM

INPUT INSTRUCTIONS


  title: PxVx Bivariate LCM-SR - 40splitgroup - Linear bfi_a6 with Linear aspfin_d;
  data: file = /home/jflournoy/code_new/lnt_pxvx/Data/lnt_nat_recalc.tsv;

  variable:
  names =
  subjid
  aage
  aaspfin
  aaspfin_d
  abfa_mt
  abfa_mt_d
  abfas_ac
  abfas_ap
  abfas_ci
  abfas_co
  abfas_ea
  abfas_ee
  abfas_nv
  abfas_nv9
  abfas_nw
  abfas_oi
  abfas_oo
  abfi_a
  abfi_a6
  abfi_c
  abfi_d_scale
  abfi_e
  abfi_hp8
  abfi_n
  abfi_o
  abfi_s_scale
  ahrz_col
  ahrz_col_d
  ahrz_ind
  ahrz_ind_d
  amvi
  ausi
  ausi_d
  avrt_col
  avrt_col_d
  avrt_ind
  avrt_ind_d
  bage
  baspfin
  baspfin_d
  bbfa_mt
  bbfa_mt_d
  bbfas_ac
  bbfas_ap
  bbfas_ci
  bbfas_co
  bbfas_ea
  bbfas_ee
  bbfas_nv
  bbfas_nv9
  bbfas_nw
  bbfas_oi
  bbfas_oo
  bbfi_a
  bbfi_a6
  bbfi_c
  bbfi_d_scale
  bbfi_e
  bbfi_hp8
  bbfi_n
  bbfi_o
  bbfi_s_scale
  bhrz_col
  bhrz_col_d
  bhrz_ind
  bhrz_ind_d
  bmvi
  busi
  busi_d
  bvrt_col
  bvrt_col_d
  bvrt_ind
  bvrt_ind_d
  cage
  caspfin
  caspfin_d
  cbfa_mt
  cbfa_mt_d
  cbfas_ac
  cbfas_ap
  cbfas_ci
  cbfas_co
  cbfas_ea
  cbfas_ee
  cbfas_nv
  cbfas_nv9
  cbfas_nw
  cbfas_oi
  cbfas_oo
  cbfi_a
  cbfi_a6
  cbfi_c
  cbfi_d_scale
  cbfi_e
  cbfi_hp8
  cbfi_n
  cbfi_o
  cbfi_s_scale
  chrz_col
  chrz_col_d
  chrz_ind
  chrz_ind_d
  cmvi
  cusi
  cusi_d
  cvrt_col
  cvrt_col_d
  cvrt_ind
  cvrt_ind_d
  dage
  daspfin
  daspfin_d
  dbfa_mt
  dbfa_mt_d
  dbfas_ac
  dbfas_ap
  dbfas_ci
  dbfas_co
  dbfas_ea
  dbfas_ee
  dbfas_nv
  dbfas_nv9
  dbfas_nw
  dbfas_oi
  dbfas_oo
  dbfi_a
  dbfi_a6
  dbfi_c
  dbfi_d_scale
  dbfi_e
  dbfi_hp8
  dbfi_n
  dbfi_o
  dbfi_s_scale
  dhrz_col
  dhrz_col_d
  dhrz_ind
  dhrz_ind_d
  dmvi
  dusi
  dusi_d
  dvrt_col
  dvrt_col_d
  dvrt_ind
  dvrt_ind_d;

  USEVARIABLES =
  abfi_a6
  bbfi_a6
  cbfi_a6
  dbfi_a6
  aaspfin_d
  baspfin_d
  caspfin_d
  daspfin_d
  a1
  a2
  a3
  a4
  aagegrp
  ;

  missing = all (-9999);

  tscores = a1 a2 a3 a4;

  grouping = aagegrp (0=earlier, 1=later);

  DEFINE:

  aagegrp = aage;

  cut aagegrp (39);

  a1 = aage + 0 - 36;
  a2 = aage + 1 - 36;
  a3 = aage + 2 - 36;
  a4 = aage + 3 - 36;

  ANALYSIS:
  TYPE=RANDOM;
  PROCESSORS = 6;
  model=nocovariances; ! supresses default estimation of certain covs in model;

  MODEL:

  i_bfi_a6 s_bfi_a6 | abfi_a6 bbfi_a6 cbfi_a6 dbfi_a6 AT a1 a2 a3 a4;
  i_aspfin_d s_aspfin_d | aaspfin_d baspfin_d caspfin_d daspfin_d AT a1 a2 a3 a4;

  ! freeing factor covs because of "nocovariances"
  ! But ensure they are constrained across groups
  s_bfi_a6 WITH i_bfi_a6 (p)
  s_aspfin_d (q)
  i_aspfin_d (r);
  i_bfi_a6 WITH s_aspfin_d (s)
  i_aspfin_d (t);
  s_aspfin_d WITH i_aspfin_d (u);

  !constrain latent growth means across groups
  [i_bfi_a6] (v);
  [s_bfi_a6] (w);
  [i_aspfin_d] (x);
  [s_aspfin_d] (y);

  !constrain latent growth variances across groups
  i_bfi_a6 (l);
  s_bfi_a6 (m);
  i_aspfin_d (n);
  s_aspfin_d (o);

  p1 BY abfi_a6@1; ! Residual "factors";
  p2 BY bbfi_a6@1;
  p3 BY cbfi_a6@1;
  p4 BY dbfi_a6@1;

  v1 BY aaspfin_d@1; ! Residual "factors";
  v2 BY baspfin_d@1;
  v3 BY caspfin_d@1;
  v4 BY daspfin_d@1;

  !residual variances on observed/manifest vars set to 0
  abfi_a6@0;
  bbfi_a6@0;
  cbfi_a6@0;
  dbfi_a6@0;

  !residual variances on observed/manifest vars set to 0
  aaspfin_d@0;
  baspfin_d@0;
  caspfin_d@0;
  daspfin_d@0;

  ! means of observed/manifest vars set to 0
  [abfi_a6@0];
  [bbfi_a6@0];
  [cbfi_a6@0];
  [dbfi_a6@0];

  ! means of observed/manifest vars set to 0
  [aaspfin_d@0];
  [baspfin_d@0];
  [caspfin_d@0];
  [daspfin_d@0];

  [p1@0]; ! means of residual "factors" set to 0
  [p2@0];
  [p3@0];
  [p4@0];

  [v1@0]; ! means of residual "factors" set to 0
  [v2@0];
  [v3@0];
  [v4@0];

  p4 on p3 (a); ! Autoregressive paths constrained to equality
  p3 on p2 (a);
  p2 on p1 (a);

  v4 on v3 (b); ! Autoregressive paths constrained to equality
  v3 on v2 (b);
  v2 on v1 (b);

  p4 on v3 (c); ! Cross-lagged paths constrained to equality
  p3 on v2 (c);
  p2 on v1 (c);

  v4 on p3 (d); ! Cross-lagged paths constrained to equality
  v3 on p2 (d);
  v2 on p1 (d);

  p1 with v1; !(this one is not like the others)

  p2 with v2 (e); ! Within-wave correlations constrained to equality
  p3 with v3 (e);
  p4 with v4 (e);

  p2 p3 p4 (f); ! estimate variances of residual "factors"
  v2 v3 v4 (g); ! estimate variances of residual "factors"

  MODEL earlier:

  p4 on p3 (a23); ! Autoregressive paths constrained to equality
  p3 on p2 (a23);
  p2 on p1 (a23);

  v4 on v3 (b23); ! Autoregressive paths constrained to equality
  v3 on v2 (b23);
  v2 on v1 (b23);

  p4 on v3 (c23); ! Cross-lagged paths constrained to equality
  p3 on v2 (c23);
  p2 on v1 (c23);

  v4 on p3 (d23); ! Cross-lagged paths constrained to equality
  v3 on p2 (d23);
  v2 on p1 (d23);

  p1 with v1; !(this one is not like the others)

  p2 with v2 (e23); ! Within-wave correlations constrained to equality
  p3 with v3 (e23);
  p4 with v4 (e23);

  p2 p3 p4 (f23); ! estimate variances of residual "factors"
  v2 v3 v4 (g23); ! estimate variances of residual "factors"

  MODEL later:

  p4 on p3 (a45); ! Autoregressive paths constrained to equality
  p3 on p2 (a45);
  p2 on p1 (a45);

  v4 on v3 (b45); ! Autoregressive paths constrained to equality
  v3 on v2 (b45);
  v2 on v1 (b45);

  p4 on v3 (c45); ! Cross-lagged paths constrained to equality
  p3 on v2 (c45);
  p2 on v1 (c45);

  v4 on p3 (d45); ! Cross-lagged paths constrained to equality
  v3 on p2 (d45);
  v2 on p1 (d45);

  p1 with v1; !(this one is not like the others)

  p2 with v2 (e45); ! Within-wave correlations constrained to equality
  p3 with v3 (e45);
  p4 with v4 (e45);

  p2 p3 p4 (f45); ! estimate variances of residual "factors"
  v2 v3 v4 (g45); ! estimate variances of residual "factors"

  OUTPUT: SAMPSTAT PATTERNS;



*** WARNING in VARIABLE command
  Note that only the first 8 characters of variable names are used in the output.
  Shorten variable names to avoid any confusion.
*** WARNING
  Data set contains unknown or missing values for GROUPING,
  PATTERN, COHORT, CLUSTER and/or STRATIFICATION variables.
  Number of cases with unknown or missing values:  5
   2 WARNING(S) FOUND IN THE INPUT INSTRUCTIONS



PxVx Bivariate LCM-SR - 40splitgroup - Linear bfi_a6 with Linear aspfin_d;

SUMMARY OF ANALYSIS

Number of groups                                                 2
Number of observations
   Group EARLIER                                               534
   Group LATER                                                 330
   Total sample size                                           864

Number of dependent variables                                    8
Number of independent variables                                  0
Number of continuous latent variables                           12

Observed dependent variables

  Continuous
   ABFI_A6     BBFI_A6     CBFI_A6     DBFI_A6     AASPFIN_D   BASPFIN_D
   CASPFIN_D   DASPFIN_D

Continuous latent variables
   P1          P2          P3          P4          V1          V2
   V3          V4          I_BFI_A6    S_BFI_A6    I_ASPFIN    S_ASPFIN

Variables with special functions

  Grouping variable     AAGEGRP

  Time scores
   A1          A2          A3          A4


Estimator                                                      MLR
Information matrix                                        OBSERVED
Maximum number of iterations                                   100
Convergence criterion                                    0.100D-05
Maximum number of EM iterations                                500
Convergence criteria for the EM algorithm
  Loglikelihood change                                   0.100D-02
  Relative loglikelihood change                          0.100D-05
  Derivative                                             0.100D-03
Minimum variance                                         0.100D-03
Maximum number of steepest descent iterations                   20
Maximum number of iterations for H1                           2000
Convergence criterion for H1                             0.100D-03
Optimization algorithm                                         EMA

Input data file(s)
  /home/jflournoy/code_new/lnt_pxvx/Data/lnt_nat_recalc.tsv
Input data format  FREE


SUMMARY OF DATA

   Group EARLIER
     Number of missing data patterns            15

   Group LATER
     Number of missing data patterns            16


SUMMARY OF MISSING DATA PATTERNS


     MISSING DATA PATTERNS (x = not missing) FOR EARLIER

           1  2  3  4  5  6  7  8  9 10 11 12 13 14 15
 ABFI_A6   x  x  x  x  x  x  x  x  x  x  x  x  x  x  x
 BBFI_A6   x     x     x  x        x  x  x  x        x
 CBFI_A6   x        x     x     x     x     x  x     x
 DBFI_A6   x     x  x        x        x        x  x  x
 AASPFIN_  x  x  x  x  x  x  x  x     x  x  x  x  x  x
 BASPFIN_  x     x     x  x        x  x     x
 CASPFIN_  x        x     x     x     x     x  x     x
 DASPFIN_  x     x  x        x              x        x


     MISSING DATA PATTERN FREQUENCIES FOR EARLIER

    Pattern   Frequency     Pattern   Frequency     Pattern   Frequency
          1         329           6          20          11           1
          2         100           7          14          12           1
          3          14           8          11          13           1
          4          12           9           1          14           2
          5          26          10           1          15           1


     MISSING DATA PATTERNS (x = not missing) FOR LATER

           1  2  3  4  5  6  7  8  9 10 11 12 13 14 15 16
 ABFI_A6   x  x  x  x  x  x  x  x  x  x  x  x     x  x  x
 BBFI_A6   x     x     x  x        x     x  x        x
 CBFI_A6   x        x     x     x     x  x  x           x
 DBFI_A6   x     x  x        x        x  x  x  x     x  x
 AASPFIN_  x  x  x  x  x  x  x  x  x  x  x  x  x     x  x
 BASPFIN_  x     x     x  x                 x           x
 CASPFIN_  x        x     x     x     x  x              x
 DASPFIN_  x     x  x        x           x  x  x     x  x


     MISSING DATA PATTERN FREQUENCIES FOR LATER

    Pattern   Frequency     Pattern   Frequency     Pattern   Frequency
          1         164           7           9          13           1
          2          68           8          11          14           1
          3          12           9           2          15           1
          4           9          10           1          16           1
          5          22          11           1
          6          26          12           1


COVARIANCE COVERAGE OF DATA

Minimum covariance coverage value   0.100


     PROPORTION OF DATA PRESENT FOR EARLIER


           Covariance Coverage
              ABFI_A6       BBFI_A6       CBFI_A6       DBFI_A6       AASPFIN_
              ________      ________      ________      ________      ________
 ABFI_A6        1.000
 BBFI_A6        0.738         0.738
 CBFI_A6        0.704         0.659         0.704
 DBFI_A6        0.700         0.646         0.644         0.700
 AASPFIN_       0.998         0.736         0.704         0.700         0.998
 BASPFIN_       0.734         0.734         0.657         0.644         0.732
 CASPFIN_       0.704         0.659         0.704         0.644         0.704
 DASPFIN_       0.695         0.646         0.642         0.693         0.695


           Covariance Coverage
              BASPFIN_      CASPFIN_      DASPFIN_
              ________      ________      ________
 BASPFIN_       0.734
 CASPFIN_       0.657         0.704
 DASPFIN_       0.644         0.642         0.695


     PROPORTION OF DATA PRESENT FOR LATER


           Covariance Coverage
              ABFI_A6       BBFI_A6       CBFI_A6       DBFI_A6       AASPFIN_
              ________      ________      ________      ________      ________
 ABFI_A6        1.000
 BBFI_A6        0.700         0.700
 CBFI_A6        0.652         0.588         0.652
 DBFI_A6        0.603         0.542         0.536         0.603
 AASPFIN_       0.994         0.694         0.652         0.603         0.994
 BASPFIN_       0.694         0.694         0.585         0.539         0.688
 CASPFIN_       0.648         0.585         0.648         0.533         0.648
 DASPFIN_       0.597         0.542         0.533         0.594         0.597


           Covariance Coverage
              BASPFIN_      CASPFIN_      DASPFIN_
              ________      ________      ________
 BASPFIN_       0.694
 CASPFIN_       0.582         0.648
 DASPFIN_       0.539         0.530         0.597


SAMPLE STATISTICS


     ESTIMATED SAMPLE STATISTICS FOR EARLIER


           Means
              ABFI_A6       BBFI_A6       CBFI_A6       DBFI_A6       AASPFIN_
              ________      ________      ________      ________      ________
               58.039        57.872        57.840        58.086        44.176


           Means
              BASPFIN_      CASPFIN_      DASPFIN_
              ________      ________      ________
               45.443        44.745        44.876


           Covariances
              ABFI_A6       BBFI_A6       CBFI_A6       DBFI_A6       AASPFIN_
              ________      ________      ________      ________      ________
 ABFI_A6      349.515
 BBFI_A6      265.047       341.444
 CBFI_A6      253.530       268.973       342.000
 DBFI_A6      243.152       267.186       276.926       355.804
 AASPFIN_     -73.887       -97.077      -102.985       -91.330       595.804
 BASPFIN_     -64.778       -92.611       -79.017       -75.912       472.810
 CASPFIN_     -66.680      -105.260      -117.021      -105.412       479.948
 DASPFIN_     -62.279       -94.321      -107.484       -91.174       449.564


           Covariances
              BASPFIN_      CASPFIN_      DASPFIN_
              ________      ________      ________
 BASPFIN_     640.388
 CASPFIN_     508.581       664.235
 DASPFIN_     487.476       510.756       656.416


           Correlations
              ABFI_A6       BBFI_A6       CBFI_A6       DBFI_A6       AASPFIN_
              ________      ________      ________      ________      ________
 ABFI_A6        1.000
 BBFI_A6        0.767         1.000
 CBFI_A6        0.733         0.787         1.000
 DBFI_A6        0.690         0.767         0.794         1.000
 AASPFIN_      -0.162        -0.215        -0.228        -0.198         1.000
 BASPFIN_      -0.137        -0.198        -0.169        -0.159         0.765
 CASPFIN_      -0.138        -0.221        -0.246        -0.217         0.763
 DASPFIN_      -0.130        -0.199        -0.227        -0.189         0.719


           Correlations
              BASPFIN_      CASPFIN_      DASPFIN_
              ________      ________      ________
 BASPFIN_       1.000
 CASPFIN_       0.780         1.000
 DASPFIN_       0.752         0.774         1.000


     ESTIMATED SAMPLE STATISTICS FOR LATER


           Means
              ABFI_A6       BBFI_A6       CBFI_A6       DBFI_A6       AASPFIN_
              ________      ________      ________      ________      ________
               62.564        63.705        63.570        64.065        39.719


           Means
              BASPFIN_      CASPFIN_      DASPFIN_
              ________      ________      ________
               40.437        40.879        42.248


           Covariances
              ABFI_A6       BBFI_A6       CBFI_A6       DBFI_A6       AASPFIN_
              ________      ________      ________      ________      ________
 ABFI_A6      333.749
 BBFI_A6      272.638       349.516
 CBFI_A6      286.486       286.154       357.869
 DBFI_A6      256.920       262.249       294.425       332.324
 AASPFIN_     -25.897       -47.572       -30.454       -24.050       540.984
 BASPFIN_     -15.345       -44.437       -20.323       -18.040       395.733
 CASPFIN_     -15.874       -24.107       -13.640        -6.810       369.536
 DASPFIN_      15.680       -10.332        10.192         7.369       376.286


           Covariances
              BASPFIN_      CASPFIN_      DASPFIN_
              ________      ________      ________
 BASPFIN_     515.961
 CASPFIN_     365.237       468.902
 DASPFIN_     347.094       366.002       503.656


           Correlations
              ABFI_A6       BBFI_A6       CBFI_A6       DBFI_A6       AASPFIN_
              ________      ________      ________      ________      ________
 ABFI_A6        1.000
 BBFI_A6        0.798         1.000
 CBFI_A6        0.829         0.809         1.000
 DBFI_A6        0.771         0.769         0.854         1.000
 AASPFIN_      -0.061        -0.109        -0.069        -0.057         1.000
 BASPFIN_      -0.037        -0.105        -0.047        -0.044         0.749
 CASPFIN_      -0.040        -0.060        -0.033        -0.017         0.734
 DASPFIN_       0.038        -0.025         0.024         0.018         0.721


           Correlations
              BASPFIN_      CASPFIN_      DASPFIN_
              ________      ________      ________
 BASPFIN_       1.000
 CASPFIN_       0.743         1.000
 DASPFIN_       0.681         0.753         1.000


     MAXIMUM LOG-LIKELIHOOD VALUE FOR THE UNRESTRICTED (H1) MODEL IS -21778.340


UNIVARIATE SAMPLE STATISTICS


     UNIVARIATE HIGHER-ORDER MOMENT DESCRIPTIVE STATISTICS FOR EARLIER

         Variable/         Mean/     Skewness/   Minimum/ % with                Percentiles
        Sample Size      Variance    Kurtosis    Maximum  Min/Max      20%/60%    40%/80%    Median

     ABFI_A6              58.039      -0.170       0.000    0.19%      43.750     53.125     57.143
             534.000     349.515      -0.288     100.000    0.75%      62.500     75.000
     BBFI_A6              57.911      -0.373       3.125    0.25%      43.750     53.125     59.375
             394.000     340.028      -0.088     100.000    0.25%      62.500     75.000
     CBFI_A6              57.397      -0.212       6.250    0.27%      40.625     53.125     59.375
             376.000     339.650      -0.347     100.000    0.27%      62.500     71.875
     DBFI_A6              58.072      -0.325       3.125    0.27%      43.750     53.125     59.375
             374.000     355.712      -0.143     100.000    0.80%      65.625     75.000
     AASPFIN_D            44.215       0.323       0.000    3.19%      25.000     33.333     41.667
             533.000     595.639      -0.591     100.000    2.81%      50.000     66.667
     BASPFIN_D            45.376       0.355       0.000    2.81%      25.000     33.333     41.667
             392.000     643.614      -0.634     100.000    4.34%      50.000     66.667
     CASPFIN_D            44.947       0.367       0.000    2.93%      25.000     33.333     41.667
             376.000     665.955      -0.721     100.000    3.99%      50.000     66.667
     DASPFIN_D            44.946       0.260       0.000    2.16%      16.667     33.333     41.667
             371.000     664.129      -0.848     100.000    3.23%      50.000     66.667


     UNIVARIATE HIGHER-ORDER MOMENT DESCRIPTIVE STATISTICS FOR LATER

         Variable/         Mean/     Skewness/   Minimum/ % with                Percentiles
        Sample Size      Variance    Kurtosis    Maximum  Min/Max      20%/60%    40%/80%    Median

     ABFI_A6              62.621      -0.492       6.250    0.61%      46.875     59.375     65.625
             329.000     333.299      -0.150     100.000    0.30%      68.750     78.125
     BBFI_A6              64.152      -0.538       3.125    0.87%      46.875     59.375     65.625
             229.000     365.076      -0.127      96.875    1.31%      71.875     81.250
     CBFI_A6              64.413      -0.646       6.250    0.47%      50.000     62.500     67.188
             214.000     365.563       0.176     100.000    0.93%      71.875     81.250
     DBFI_A6              65.109      -0.696       9.375    0.50%      50.000     62.500     68.750
             200.000     345.974       0.032     100.000    0.50%      71.875     81.250
     AASPFIN_D            39.716       0.441       0.000    5.78%      16.667     33.333     37.500
             329.000     540.987      -0.252     100.000    1.52%      41.667     58.333
     BASPFIN_D            40.118       0.545       0.000    3.10%      16.667     33.333     39.583
             226.000     516.130       0.018     100.000    2.65%      41.667     58.333
     CASPFIN_D            41.138       0.431       0.000    2.82%      25.000     33.333     41.667
             213.000     474.503      -0.176     100.000    1.41%      41.667     58.333
     DASPFIN_D            42.630       0.484       0.000    1.51%      25.000     33.333     41.667
             199.000     518.684      -0.384     100.000    1.51%      50.000     58.333


THE MODEL ESTIMATION TERMINATED NORMALLY



MODEL FIT INFORMATION

Number of Free Parameters                       34

Loglikelihood

          H0 Value                      -21810.051
          H0 Scaling Correction Factor      1.2215
            for MLR

Information Criteria

          Akaike (AIC)                   43688.102
          Bayesian (BIC)                 43849.995
          Sample-Size Adjusted BIC       43742.020
            (n* = (n + 2) / 24)



MODEL RESULTS

                                                    Two-Tailed
                    Estimate       S.E.  Est./S.E.    P-Value

Group EARLIER

 P1       BY
    ABFI_A6            1.000      0.000    999.000    999.000

 P2       BY
    BBFI_A6            1.000      0.000    999.000    999.000

 P3       BY
    CBFI_A6            1.000      0.000    999.000    999.000

 P4       BY
    DBFI_A6            1.000      0.000    999.000    999.000

 V1       BY
    AASPFIN_D          1.000      0.000    999.000    999.000

 V2       BY
    BASPFIN_D          1.000      0.000    999.000    999.000

 V3       BY
    CASPFIN_D          1.000      0.000    999.000    999.000

 V4       BY
    DASPFIN_D          1.000      0.000    999.000    999.000

 P4         ON
    P3                 0.160      0.058      2.748      0.006
    V3                -0.014      0.039     -0.346      0.729

 P3         ON
    P2                 0.160      0.058      2.748      0.006
    V2                -0.014      0.039     -0.346      0.729

 P2         ON
    P1                 0.160      0.058      2.748      0.006
    V1                -0.014      0.039     -0.346      0.729

 V4         ON
    V3                 0.117      0.080      1.464      0.143
    P3                -0.126      0.068     -1.854      0.064

 V3         ON
    V2                 0.117      0.080      1.464      0.143
    P2                -0.126      0.068     -1.854      0.064

 V2         ON
    V1                 0.117      0.080      1.464      0.143
    P1                -0.126      0.068     -1.854      0.064

 S_BFI_A6 WITH
    I_BFI_A6          -0.242      0.739     -0.328      0.743
    S_ASPFIN_D         0.017      0.143      0.117      0.907
    I_ASPFIN_D        -1.582      2.930     -0.540      0.589

 I_BFI_A6 WITH
    S_ASPFIN_D         3.921      2.863      1.370      0.171
    I_ASPFIN_D       -59.919     18.455     -3.247      0.001

 S_ASPFIN WITH
    I_ASPFIN_D        -2.384      1.226     -1.945      0.052

 P1       WITH
    V1                -5.631      9.517     -0.592      0.554

 P2       WITH
    V2               -11.401      6.497     -1.755      0.079

 P3       WITH
    V3               -11.401      6.497     -1.755      0.079

 P4       WITH
    V4               -11.401      6.497     -1.755      0.079

 Means
    P1                 0.000      0.000    999.000    999.000
    V1                 0.000      0.000    999.000    999.000
    I_BFI_A6          59.607      0.597     99.905      0.000
    S_BFI_A6           0.280      0.055      5.074      0.000
    I_ASPFIN_D        43.217      0.775     55.754      0.000
    S_ASPFIN_D        -0.147      0.068     -2.168      0.030

 Intercepts
    ABFI_A6            0.000      0.000    999.000    999.000
    BBFI_A6            0.000      0.000    999.000    999.000
    CBFI_A6            0.000      0.000    999.000    999.000
    DBFI_A6            0.000      0.000    999.000    999.000
    AASPFIN_D          0.000      0.000    999.000    999.000
    BASPFIN_D          0.000      0.000    999.000    999.000
    CASPFIN_D          0.000      0.000    999.000    999.000
    DASPFIN_D          0.000      0.000    999.000    999.000
    P2                 0.000      0.000    999.000    999.000
    P3                 0.000      0.000    999.000    999.000
    P4                 0.000      0.000    999.000    999.000
    V2                 0.000      0.000    999.000    999.000
    V3                 0.000      0.000    999.000    999.000
    V4                 0.000      0.000    999.000    999.000

 Variances
    P1               112.428     13.007      8.644      0.000
    V1               151.700     15.523      9.772      0.000
    I_BFI_A6         247.022     19.601     12.603      0.000
    S_BFI_A6           0.085      0.150      0.565      0.572
    I_ASPFIN_D       415.391     30.138     13.783      0.000
    S_ASPFIN_D         0.166      0.215      0.773      0.439

 Residual Variances
    ABFI_A6            0.000      0.000    999.000    999.000
    BBFI_A6            0.000      0.000    999.000    999.000
    CBFI_A6            0.000      0.000    999.000    999.000
    DBFI_A6            0.000      0.000    999.000    999.000
    AASPFIN_D          0.000      0.000    999.000    999.000
    BASPFIN_D          0.000      0.000    999.000    999.000
    CASPFIN_D          0.000      0.000    999.000    999.000
    DASPFIN_D          0.000      0.000    999.000    999.000
    P2                84.092      6.300     13.349      0.000
    P3                84.092      6.300     13.349      0.000
    P4                84.092      6.300     13.349      0.000
    V2               167.983     14.625     11.486      0.000
    V3               167.983     14.625     11.486      0.000
    V4               167.983     14.625     11.486      0.000

Group LATER

 P1       BY
    ABFI_A6            1.000      0.000    999.000    999.000

 P2       BY
    BBFI_A6            1.000      0.000    999.000    999.000

 P3       BY
    CBFI_A6            1.000      0.000    999.000    999.000

 P4       BY
    DBFI_A6            1.000      0.000    999.000    999.000

 V1       BY
    AASPFIN_D          1.000      0.000    999.000    999.000

 V2       BY
    BASPFIN_D          1.000      0.000    999.000    999.000

 V3       BY
    CASPFIN_D          1.000      0.000    999.000    999.000

 V4       BY
    DASPFIN_D          1.000      0.000    999.000    999.000

 P4         ON
    P3                 0.142      0.105      1.344      0.179
    V3                 0.004      0.042      0.089      0.929

 P3         ON
    P2                 0.142      0.105      1.344      0.179
    V2                 0.004      0.042      0.089      0.929

 P2         ON
    P1                 0.142      0.105      1.344      0.179
    V1                 0.004      0.042      0.089      0.929

 V4         ON
    V3                 0.144      0.072      1.993      0.046
    P3                 0.071      0.097      0.733      0.464

 V3         ON
    V2                 0.144      0.072      1.993      0.046
    P2                 0.071      0.097      0.733      0.464

 V2         ON
    V1                 0.144      0.072      1.993      0.046
    P1                 0.071      0.097      0.733      0.464

 S_BFI_A6 WITH
    I_BFI_A6          -0.242      0.739     -0.328      0.743
    S_ASPFIN_D         0.017      0.143      0.117      0.907
    I_ASPFIN_D        -1.582      2.930     -0.540      0.589

 I_BFI_A6 WITH
    S_ASPFIN_D         3.921      2.863      1.370      0.171
    I_ASPFIN_D       -59.919     18.455     -3.247      0.001

 S_ASPFIN WITH
    I_ASPFIN_D        -2.384      1.226     -1.945      0.052

 P1       WITH
    V1                 1.660      9.702      0.171      0.864

 P2       WITH
    V2                -3.566      6.498     -0.549      0.583

 P3       WITH
    V3                -3.566      6.498     -0.549      0.583

 P4       WITH
    V4                -3.566      6.498     -0.549      0.583

 Means
    P1                 0.000      0.000    999.000    999.000
    V1                 0.000      0.000    999.000    999.000
    I_BFI_A6          59.607      0.597     99.905      0.000
    S_BFI_A6           0.280      0.055      5.074      0.000
    I_ASPFIN_D        43.217      0.775     55.754      0.000
    S_ASPFIN_D        -0.147      0.068     -2.168      0.030

 Intercepts
    ABFI_A6            0.000      0.000    999.000    999.000
    BBFI_A6            0.000      0.000    999.000    999.000
    CBFI_A6            0.000      0.000    999.000    999.000
    DBFI_A6            0.000      0.000    999.000    999.000
    AASPFIN_D          0.000      0.000    999.000    999.000
    BASPFIN_D          0.000      0.000    999.000    999.000
    CASPFIN_D          0.000      0.000    999.000    999.000
    DASPFIN_D          0.000      0.000    999.000    999.000
    P2                 0.000      0.000    999.000    999.000
    P3                 0.000      0.000    999.000    999.000
    P4                 0.000      0.000    999.000    999.000
    V2                 0.000      0.000    999.000    999.000
    V3                 0.000      0.000    999.000    999.000
    V4                 0.000      0.000    999.000    999.000

 Variances
    P1                70.468      9.922      7.102      0.000
    V1               151.892     18.541      8.192      0.000
    I_BFI_A6         247.022     19.601     12.603      0.000
    S_BFI_A6           0.085      0.150      0.565      0.572
    I_ASPFIN_D       415.391     30.138     13.783      0.000
    S_ASPFIN_D         0.166      0.215      0.773      0.439

 Residual Variances
    ABFI_A6            0.000      0.000    999.000    999.000
    BBFI_A6            0.000      0.000    999.000    999.000
    CBFI_A6            0.000      0.000    999.000    999.000
    DBFI_A6            0.000      0.000    999.000    999.000
    AASPFIN_D          0.000      0.000    999.000    999.000
    BASPFIN_D          0.000      0.000    999.000    999.000
    CASPFIN_D          0.000      0.000    999.000    999.000
    DASPFIN_D          0.000      0.000    999.000    999.000
    P2                72.460     11.095      6.531      0.000
    P3                72.460     11.095      6.531      0.000
    P4                72.460     11.095      6.531      0.000
    V2               145.262     15.030      9.665      0.000
    V3               145.262     15.030      9.665      0.000
    V4               145.262     15.030      9.665      0.000


QUALITY OF NUMERICAL RESULTS

     Condition Number for the Information Matrix              0.393E-05
       (ratio of smallest to largest eigenvalue)


     Beginning Time:  17:47:22
        Ending Time:  17:47:34
       Elapsed Time:  00:00:12



MUTHEN & MUTHEN
3463 Stoner Ave.
Los Angeles, CA  90066

Tel: (310) 391-9971
Fax: (310) 391-8971
Web: www.StatModel.com
Support: Support@StatModel.com

Copyright (c) 1998-2017 Muthen & Muthen
