Mplus VERSION 8 (Linux)
MUTHEN & MUTHEN
07/08/2018   5:41 PM

INPUT INSTRUCTIONS


  title: PxVx Bivariate LCM-SR - 40splitgroup - Linear bfas_oi with Linear bfa_mt_d;
  data: file = /home/jflournoy/code_new/lnt_pxvx/Data/lnt_nat_recalc.tsv;

  variable:
  names =
  subjid
  aage
  aaspfin
  aaspfin_d
  abfa_mt
  abfa_mt_d
  abfas_ac
  abfas_ap
  abfas_ci
  abfas_co
  abfas_ea
  abfas_ee
  abfas_nv
  abfas_nv9
  abfas_nw
  abfas_oi
  abfas_oo
  abfi_a
  abfi_a6
  abfi_c
  abfi_d_scale
  abfi_e
  abfi_hp8
  abfi_n
  abfi_o
  abfi_s_scale
  ahrz_col
  ahrz_col_d
  ahrz_ind
  ahrz_ind_d
  amvi
  ausi
  ausi_d
  avrt_col
  avrt_col_d
  avrt_ind
  avrt_ind_d
  bage
  baspfin
  baspfin_d
  bbfa_mt
  bbfa_mt_d
  bbfas_ac
  bbfas_ap
  bbfas_ci
  bbfas_co
  bbfas_ea
  bbfas_ee
  bbfas_nv
  bbfas_nv9
  bbfas_nw
  bbfas_oi
  bbfas_oo
  bbfi_a
  bbfi_a6
  bbfi_c
  bbfi_d_scale
  bbfi_e
  bbfi_hp8
  bbfi_n
  bbfi_o
  bbfi_s_scale
  bhrz_col
  bhrz_col_d
  bhrz_ind
  bhrz_ind_d
  bmvi
  busi
  busi_d
  bvrt_col
  bvrt_col_d
  bvrt_ind
  bvrt_ind_d
  cage
  caspfin
  caspfin_d
  cbfa_mt
  cbfa_mt_d
  cbfas_ac
  cbfas_ap
  cbfas_ci
  cbfas_co
  cbfas_ea
  cbfas_ee
  cbfas_nv
  cbfas_nv9
  cbfas_nw
  cbfas_oi
  cbfas_oo
  cbfi_a
  cbfi_a6
  cbfi_c
  cbfi_d_scale
  cbfi_e
  cbfi_hp8
  cbfi_n
  cbfi_o
  cbfi_s_scale
  chrz_col
  chrz_col_d
  chrz_ind
  chrz_ind_d
  cmvi
  cusi
  cusi_d
  cvrt_col
  cvrt_col_d
  cvrt_ind
  cvrt_ind_d
  dage
  daspfin
  daspfin_d
  dbfa_mt
  dbfa_mt_d
  dbfas_ac
  dbfas_ap
  dbfas_ci
  dbfas_co
  dbfas_ea
  dbfas_ee
  dbfas_nv
  dbfas_nv9
  dbfas_nw
  dbfas_oi
  dbfas_oo
  dbfi_a
  dbfi_a6
  dbfi_c
  dbfi_d_scale
  dbfi_e
  dbfi_hp8
  dbfi_n
  dbfi_o
  dbfi_s_scale
  dhrz_col
  dhrz_col_d
  dhrz_ind
  dhrz_ind_d
  dmvi
  dusi
  dusi_d
  dvrt_col
  dvrt_col_d
  dvrt_ind
  dvrt_ind_d;

  USEVARIABLES =
  abfas_oi
  bbfas_oi
  cbfas_oi
  dbfas_oi
  abfa_mt_d
  bbfa_mt_d
  cbfa_mt_d
  dbfa_mt_d
  a1
  a2
  a3
  a4
  aagegrp
  ;

  missing = all (-9999);

  tscores = a1 a2 a3 a4;

  grouping = aagegrp (0=earlier, 1=later);

  DEFINE:

  aagegrp = aage;

  cut aagegrp (39);

  a1 = aage + 0 - 36;
  a2 = aage + 1 - 36;
  a3 = aage + 2 - 36;
  a4 = aage + 3 - 36;

  ANALYSIS:
  TYPE=RANDOM;
  PROCESSORS = 6;
  model=nocovariances; ! supresses default estimation of certain covs in model;

  MODEL:

  i_bfas_oi s_bfas_oi | abfas_oi bbfas_oi cbfas_oi dbfas_oi AT a1 a2 a3 a4;
  i_bfa_mt_d s_bfa_mt_d | abfa_mt_d bbfa_mt_d cbfa_mt_d dbfa_mt_d AT a1 a2 a3 a4;

  ! freeing factor covs because of "nocovariances"
  ! But ensure they are constrained across groups
  s_bfas_oi WITH i_bfas_oi (p)
  s_bfa_mt_d (q)
  i_bfa_mt_d (r);
  i_bfas_oi WITH s_bfa_mt_d (s)
  i_bfa_mt_d (t);
  s_bfa_mt_d WITH i_bfa_mt_d (u);

  !constrain latent growth means across groups
  [i_bfas_oi] (v);
  [s_bfas_oi] (w);
  [i_bfa_mt_d] (x);
  [s_bfa_mt_d] (y);

  !constrain latent growth variances across groups
  i_bfas_oi (l);
  s_bfas_oi (m);
  i_bfa_mt_d (n);
  s_bfa_mt_d (o);

  p1 BY abfas_oi@1; ! Residual "factors";
  p2 BY bbfas_oi@1;
  p3 BY cbfas_oi@1;
  p4 BY dbfas_oi@1;

  v1 BY abfa_mt_d@1; ! Residual "factors";
  v2 BY bbfa_mt_d@1;
  v3 BY cbfa_mt_d@1;
  v4 BY dbfa_mt_d@1;

  !residual variances on observed/manifest vars set to 0
  abfas_oi@0;
  bbfas_oi@0;
  cbfas_oi@0;
  dbfas_oi@0;

  !residual variances on observed/manifest vars set to 0
  abfa_mt_d@0;
  bbfa_mt_d@0;
  cbfa_mt_d@0;
  dbfa_mt_d@0;

  ! means of observed/manifest vars set to 0
  [abfas_oi@0];
  [bbfas_oi@0];
  [cbfas_oi@0];
  [dbfas_oi@0];

  ! means of observed/manifest vars set to 0
  [abfa_mt_d@0];
  [bbfa_mt_d@0];
  [cbfa_mt_d@0];
  [dbfa_mt_d@0];

  [p1@0]; ! means of residual "factors" set to 0
  [p2@0];
  [p3@0];
  [p4@0];

  [v1@0]; ! means of residual "factors" set to 0
  [v2@0];
  [v3@0];
  [v4@0];

  p4 on p3 (a); ! Autoregressive paths constrained to equality
  p3 on p2 (a);
  p2 on p1 (a);

  v4 on v3 (b); ! Autoregressive paths constrained to equality
  v3 on v2 (b);
  v2 on v1 (b);

  p4 on v3 (c); ! Cross-lagged paths constrained to equality
  p3 on v2 (c);
  p2 on v1 (c);

  v4 on p3 (d); ! Cross-lagged paths constrained to equality
  v3 on p2 (d);
  v2 on p1 (d);

  p1 with v1; !(this one is not like the others)

  p2 with v2 (e); ! Within-wave correlations constrained to equality
  p3 with v3 (e);
  p4 with v4 (e);

  p2 p3 p4 (f); ! estimate variances of residual "factors"
  v2 v3 v4 (g); ! estimate variances of residual "factors"

  MODEL earlier:

  p4 on p3 (a23); ! Autoregressive paths constrained to equality
  p3 on p2 (a23);
  p2 on p1 (a23);

  v4 on v3 (b23); ! Autoregressive paths constrained to equality
  v3 on v2 (b23);
  v2 on v1 (b23);

  p4 on v3 (c23); ! Cross-lagged paths constrained to equality
  p3 on v2 (c23);
  p2 on v1 (c23);

  v4 on p3 (d23); ! Cross-lagged paths constrained to equality
  v3 on p2 (d23);
  v2 on p1 (d23);

  p1 with v1; !(this one is not like the others)

  p2 with v2 (e23); ! Within-wave correlations constrained to equality
  p3 with v3 (e23);
  p4 with v4 (e23);

  p2 p3 p4 (f23); ! estimate variances of residual "factors"
  v2 v3 v4 (g23); ! estimate variances of residual "factors"

  MODEL later:

  p4 on p3 (a45); ! Autoregressive paths constrained to equality
  p3 on p2 (a45);
  p2 on p1 (a45);

  v4 on v3 (b45); ! Autoregressive paths constrained to equality
  v3 on v2 (b45);
  v2 on v1 (b45);

  p4 on v3 (c45); ! Cross-lagged paths constrained to equality
  p3 on v2 (c45);
  p2 on v1 (c45);

  v4 on p3 (d45); ! Cross-lagged paths constrained to equality
  v3 on p2 (d45);
  v2 on p1 (d45);

  p1 with v1; !(this one is not like the others)

  p2 with v2 (e45); ! Within-wave correlations constrained to equality
  p3 with v3 (e45);
  p4 with v4 (e45);

  p2 p3 p4 (f45); ! estimate variances of residual "factors"
  v2 v3 v4 (g45); ! estimate variances of residual "factors"

  OUTPUT: SAMPSTAT PATTERNS;



*** WARNING in VARIABLE command
  Note that only the first 8 characters of variable names are used in the output.
  Shorten variable names to avoid any confusion.
*** WARNING
  Data set contains unknown or missing values for GROUPING,
  PATTERN, COHORT, CLUSTER and/or STRATIFICATION variables.
  Number of cases with unknown or missing values:  5
   2 WARNING(S) FOUND IN THE INPUT INSTRUCTIONS



PxVx Bivariate LCM-SR - 40splitgroup - Linear bfas_oi with Linear bfa_mt_d;

SUMMARY OF ANALYSIS

Number of groups                                                 2
Number of observations
   Group EARLIER                                               534
   Group LATER                                                 330
   Total sample size                                           864

Number of dependent variables                                    8
Number of independent variables                                  0
Number of continuous latent variables                           12

Observed dependent variables

  Continuous
   ABFAS_OI    BBFAS_OI    CBFAS_OI    DBFAS_OI    ABFA_MT_D   BBFA_MT_D
   CBFA_MT_D   DBFA_MT_D

Continuous latent variables
   P1          P2          P3          P4          V1          V2
   V3          V4          I_BFAS_O    S_BFAS_O    I_BFA_MT    S_BFA_MT

Variables with special functions

  Grouping variable     AAGEGRP

  Time scores
   A1          A2          A3          A4


Estimator                                                      MLR
Information matrix                                        OBSERVED
Maximum number of iterations                                   100
Convergence criterion                                    0.100D-05
Maximum number of EM iterations                                500
Convergence criteria for the EM algorithm
  Loglikelihood change                                   0.100D-02
  Relative loglikelihood change                          0.100D-05
  Derivative                                             0.100D-03
Minimum variance                                         0.100D-03
Maximum number of steepest descent iterations                   20
Maximum number of iterations for H1                           2000
Convergence criterion for H1                             0.100D-03
Optimization algorithm                                         EMA

Input data file(s)
  /home/jflournoy/code_new/lnt_pxvx/Data/lnt_nat_recalc.tsv
Input data format  FREE


SUMMARY OF DATA

   Group EARLIER
     Number of missing data patterns            10

   Group LATER
     Number of missing data patterns            10


SUMMARY OF MISSING DATA PATTERNS


     MISSING DATA PATTERNS (x = not missing) FOR EARLIER

           1  2  3  4  5  6  7  8  9 10
 ABFAS_OI  x  x  x  x  x  x  x  x     x
 BBFAS_OI  x     x     x  x        x  x
 CBFAS_OI  x        x     x     x  x  x
 DBFAS_OI  x     x  x        x     x  x
 ABFA_MT_  x  x  x  x  x  x  x  x
 BBFA_MT_  x     x     x  x        x  x
 CBFA_MT_  x        x     x     x  x  x
 DBFA_MT_  x     x  x        x     x  x


     MISSING DATA PATTERN FREQUENCIES FOR EARLIER

    Pattern   Frequency     Pattern   Frequency     Pattern   Frequency
          1         327           5          28           9           1
          2         101           6          22          10           1
          3          14           7          15
          4          13           8          12


     MISSING DATA PATTERNS (x = not missing) FOR LATER

           1  2  3  4  5  6  7  8  9 10
 ABFAS_OI  x  x  x  x  x  x  x  x     x
 BBFAS_OI  x     x     x  x        x  x
 CBFAS_OI  x        x     x     x  x  x
 DBFAS_OI  x     x  x        x     x  x
 ABFA_MT_  x  x  x  x  x  x  x  x     x
 BBFA_MT_  x     x     x  x        x
 CBFA_MT_  x        x     x     x  x  x
 DBFA_MT_  x     x  x        x     x  x


     MISSING DATA PATTERN FREQUENCIES FOR LATER

    Pattern   Frequency     Pattern   Frequency     Pattern   Frequency
          1         165           5          24           9           1
          2          69           6          26          10           1
          3          13           7          10
          4           9           8          12


COVARIANCE COVERAGE OF DATA

Minimum covariance coverage value   0.100


     PROPORTION OF DATA PRESENT FOR EARLIER


           Covariance Coverage
              ABFAS_OI      BBFAS_OI      CBFAS_OI      DBFAS_OI      ABFA_MT_
              ________      ________      ________      ________      ________
 ABFAS_OI       0.998
 BBFAS_OI       0.734         0.736
 CBFAS_OI       0.702         0.657         0.704
 DBFAS_OI       0.693         0.642         0.640         0.695
 ABFA_MT_       0.996         0.732         0.700         0.691         0.996
 BBFA_MT_       0.734         0.736         0.657         0.642         0.732
 CBFA_MT_       0.702         0.657         0.704         0.640         0.700
 DBFA_MT_       0.693         0.642         0.640         0.695         0.691


           Covariance Coverage
              BBFA_MT_      CBFA_MT_      DBFA_MT_
              ________      ________      ________
 BBFA_MT_       0.736
 CBFA_MT_       0.657         0.704
 DBFA_MT_       0.642         0.640         0.695


     PROPORTION OF DATA PRESENT FOR LATER


           Covariance Coverage
              ABFAS_OI      BBFAS_OI      CBFAS_OI      DBFAS_OI      ABFA_MT_
              ________      ________      ________      ________      ________
 ABFAS_OI       0.997
 BBFAS_OI       0.694         0.697
 CBFAS_OI       0.645         0.585         0.648
 DBFAS_OI       0.600         0.545         0.533         0.603
 ABFA_MT_       0.994         0.691         0.642         0.597         0.994
 BBFA_MT_       0.694         0.697         0.585         0.545         0.691
 CBFA_MT_       0.645         0.585         0.648         0.533         0.642
 DBFA_MT_       0.600         0.545         0.533         0.603         0.597


           Covariance Coverage
              BBFA_MT_      CBFA_MT_      DBFA_MT_
              ________      ________      ________
 BBFA_MT_       0.697
 CBFA_MT_       0.585         0.648
 DBFA_MT_       0.545         0.533         0.603


SAMPLE STATISTICS


     ESTIMATED SAMPLE STATISTICS FOR EARLIER


           Means
              ABFAS_OI      BBFAS_OI      CBFAS_OI      DBFAS_OI      ABFA_MT_
              ________      ________      ________      ________      ________
               75.972        75.327        75.261        75.559        41.466


           Means
              BBFA_MT_      CBFA_MT_      DBFA_MT_
              ________      ________      ________
               40.748        41.440        40.665


           Covariances
              ABFAS_OI      BBFAS_OI      CBFAS_OI      DBFAS_OI      ABFA_MT_
              ________      ________      ________      ________      ________
 ABFAS_OI     251.783
 BBFAS_OI     199.755       240.635
 CBFAS_OI     198.888       204.627       266.261
 DBFAS_OI     189.148       187.082       208.210       248.629
 ABFA_MT_     -79.341       -71.628       -57.163       -41.083       465.275
 BBFA_MT_     -60.147       -59.831       -58.083       -34.957       308.794
 CBFA_MT_     -66.163       -53.274       -71.922       -38.186       309.315
 DBFA_MT_     -59.248       -58.437       -63.274       -41.053       277.752


           Covariances
              BBFA_MT_      CBFA_MT_      DBFA_MT_
              ________      ________      ________
 BBFA_MT_     482.162
 CBFA_MT_     362.844       498.604
 DBFA_MT_     345.880       361.765       490.413


           Correlations
              ABFAS_OI      BBFAS_OI      CBFAS_OI      DBFAS_OI      ABFA_MT_
              ________      ________      ________      ________      ________
 ABFAS_OI       1.000
 BBFAS_OI       0.812         1.000
 CBFAS_OI       0.768         0.808         1.000
 DBFAS_OI       0.756         0.765         0.809         1.000
 ABFA_MT_      -0.232        -0.214        -0.162        -0.121         1.000
 BBFA_MT_      -0.173        -0.176        -0.162        -0.101         0.652
 CBFA_MT_      -0.187        -0.154        -0.197        -0.108         0.642
 DBFA_MT_      -0.169        -0.170        -0.175        -0.118         0.581


           Correlations
              BBFA_MT_      CBFA_MT_      DBFA_MT_
              ________      ________      ________
 BBFA_MT_       1.000
 CBFA_MT_       0.740         1.000
 DBFA_MT_       0.711         0.732         1.000


     ESTIMATED SAMPLE STATISTICS FOR LATER


           Means
              ABFAS_OI      BBFAS_OI      CBFAS_OI      DBFAS_OI      ABFA_MT_
              ________      ________      ________      ________      ________
               74.593        74.592        73.385        73.443        35.617


           Means
              BBFA_MT_      CBFA_MT_      DBFA_MT_
              ________      ________      ________
               36.733        36.833        36.871


           Covariances
              ABFAS_OI      BBFAS_OI      CBFAS_OI      DBFAS_OI      ABFA_MT_
              ________      ________      ________      ________      ________
 ABFAS_OI     258.000
 BBFAS_OI     204.883       243.777
 CBFAS_OI     214.253       214.180       264.889
 DBFAS_OI     218.718       217.290       235.171       273.719
 ABFA_MT_     -73.299       -49.379       -23.860       -54.696       420.365
 BBFA_MT_     -69.830       -63.167       -41.371       -76.959       292.890
 CBFA_MT_     -74.785       -71.428       -46.392       -59.290       300.837
 DBFA_MT_     -57.500       -56.075       -44.804       -65.835       285.928


           Covariances
              BBFA_MT_      CBFA_MT_      DBFA_MT_
              ________      ________      ________
 BBFA_MT_     422.688
 CBFA_MT_     307.972       443.080
 DBFA_MT_     280.315       275.592       430.020


           Correlations
              ABFAS_OI      BBFAS_OI      CBFAS_OI      DBFAS_OI      ABFA_MT_
              ________      ________      ________      ________      ________
 ABFAS_OI       1.000
 BBFAS_OI       0.817         1.000
 CBFAS_OI       0.820         0.843         1.000
 DBFAS_OI       0.823         0.841         0.873         1.000
 ABFA_MT_      -0.223        -0.154        -0.072        -0.161         1.000
 BBFA_MT_      -0.211        -0.197        -0.124        -0.226         0.695
 CBFA_MT_      -0.221        -0.217        -0.135        -0.170         0.697
 DBFA_MT_      -0.173        -0.173        -0.133        -0.192         0.673


           Correlations
              BBFA_MT_      CBFA_MT_      DBFA_MT_
              ________      ________      ________
 BBFA_MT_       1.000
 CBFA_MT_       0.712         1.000
 DBFA_MT_       0.657         0.631         1.000


     MAXIMUM LOG-LIKELIHOOD VALUE FOR THE UNRESTRICTED (H1) MODEL IS -21115.099


UNIVARIATE SAMPLE STATISTICS


     UNIVARIATE HIGHER-ORDER MOMENT DESCRIPTIVE STATISTICS FOR EARLIER

         Variable/         Mean/     Skewness/   Minimum/ % with                Percentiles
        Sample Size      Variance    Kurtosis    Maximum  Min/Max      20%/60%    40%/80%    Median

     ABFAS_OI             75.965      -0.573      15.000    0.19%      62.500     72.500     77.500
             533.000     252.091       0.018     100.000    5.44%      80.000     90.000
     BBFAS_OI             75.287      -0.411      32.500    0.51%      62.500     72.500     77.500
             393.000     234.524      -0.514     100.000    3.05%      80.000     90.000
     CBFAS_OI             75.119      -0.591      22.500    0.27%      62.500     72.500     77.500
             376.000     263.399      -0.050     100.000    4.26%      82.500     90.000
     DBFAS_OI             76.089      -0.554      20.000    0.27%      62.500     72.500     77.500
             371.000     236.764       0.027     100.000    4.58%      82.500     90.000
     ABFA_MT_D            41.522       0.261       0.000    2.44%      25.000     33.333     37.500
             532.000     465.131      -0.456     100.000    0.94%      43.750     62.500
     BBFA_MT_D            41.046       0.246       0.000    3.31%      18.750     31.250     37.500
             393.000     487.328      -0.519     100.000    0.76%      50.000     62.500
     CBFA_MT_D            41.456       0.268       0.000    3.72%      25.000     33.333     37.500
             376.000     493.708      -0.317     100.000    1.33%      50.000     62.500
     DBFA_MT_D            41.038       0.220       0.000    5.39%      25.000     37.500     43.750
             371.000     498.350      -0.366     100.000    1.08%      43.750     62.500


     UNIVARIATE HIGHER-ORDER MOMENT DESCRIPTIVE STATISTICS FOR LATER

         Variable/         Mean/     Skewness/   Minimum/ % with                Percentiles
        Sample Size      Variance    Kurtosis    Maximum  Min/Max      20%/60%    40%/80%    Median

     ABFAS_OI             74.578      -0.503      17.500    0.30%      62.500     70.000     75.000
             329.000     258.521       0.068     100.000    5.17%      80.000     90.000
     BBFAS_OI             75.192      -0.685      22.500    0.43%      62.500     75.000     76.250
             230.000     244.617       0.436     100.000    4.78%      80.000     87.500
     CBFAS_OI             74.171      -0.547      20.000    0.47%      60.000     72.500     75.000
             214.000     258.979       0.103     100.000    2.80%      80.000     90.000
     DBFAS_OI             75.229      -0.856      15.000    0.50%      62.500     72.500     77.500
             199.000     273.344       0.582     100.000    4.02%      82.500     90.000
     ABFA_MT_D            35.657       0.362       0.000    4.56%      18.750     31.250     37.500
             329.000     420.619      -0.267     100.000    0.30%      37.500     50.000
     BBFA_MT_D            36.517       0.213       0.000    5.68%      18.750     31.250     37.500
             229.000     415.436      -0.435      93.750    0.44%      43.750     56.250
     CBFA_MT_D            37.412       0.187       0.000    5.61%      18.750     31.250     37.500
             214.000     440.814      -0.571      93.750    0.47%      43.750     56.250
     DBFA_MT_D            37.343       0.351       0.000    4.52%      18.750     31.250     37.500
             199.000     413.959      -0.231      93.750    0.50%      37.500     56.250


THE MODEL ESTIMATION TERMINATED NORMALLY



MODEL FIT INFORMATION

Number of Free Parameters                       34

Loglikelihood

          H0 Value                      -21151.762
          H0 Scaling Correction Factor      1.2621
            for MLR

Information Criteria

          Akaike (AIC)                   42371.524
          Bayesian (BIC)                 42533.417
          Sample-Size Adjusted BIC       42425.442
            (n* = (n + 2) / 24)



MODEL RESULTS

                                                    Two-Tailed
                    Estimate       S.E.  Est./S.E.    P-Value

Group EARLIER

 P1       BY
    ABFAS_OI           1.000      0.000    999.000    999.000

 P2       BY
    BBFAS_OI           1.000      0.000    999.000    999.000

 P3       BY
    CBFAS_OI           1.000      0.000    999.000    999.000

 P4       BY
    DBFAS_OI           1.000      0.000    999.000    999.000

 V1       BY
    ABFA_MT_D          1.000      0.000    999.000    999.000

 V2       BY
    BBFA_MT_D          1.000      0.000    999.000    999.000

 V3       BY
    CBFA_MT_D          1.000      0.000    999.000    999.000

 V4       BY
    DBFA_MT_D          1.000      0.000    999.000    999.000

 P4         ON
    P3                 0.231      0.081      2.854      0.004
    V3                -0.016      0.034     -0.468      0.640

 P3         ON
    P2                 0.231      0.081      2.854      0.004
    V2                -0.016      0.034     -0.468      0.640

 P2         ON
    P1                 0.231      0.081      2.854      0.004
    V1                -0.016      0.034     -0.468      0.640

 V4         ON
    V3                 0.106      0.073      1.448      0.148
    P3                 0.019      0.106      0.175      0.861

 V3         ON
    V2                 0.106      0.073      1.448      0.148
    P2                 0.019      0.106      0.175      0.861

 V2         ON
    V1                 0.106      0.073      1.448      0.148
    P1                 0.019      0.106      0.175      0.861

 S_BFAS_O WITH
    I_BFAS_OI          0.059      0.619      0.094      0.925
    S_BFA_MT_D        -0.022      0.099     -0.222      0.824
    I_BFA_MT_D         2.918      2.415      1.208      0.227

 I_BFAS_O WITH
    S_BFA_MT_D        -3.182      2.592     -1.227      0.220
    I_BFA_MT_D       -52.293     14.180     -3.688      0.000

 S_BFA_MT WITH
    I_BFA_MT_D        -0.624      0.975     -0.640      0.522

 P1       WITH
    V1               -18.783      8.999     -2.087      0.037

 P2       WITH
    V2                -5.977      6.260     -0.955      0.340

 P3       WITH
    V3                -5.977      6.260     -0.955      0.340

 P4       WITH
    V4                -5.977      6.260     -0.955      0.340

 Means
    P1                 0.000      0.000    999.000    999.000
    V1                 0.000      0.000    999.000    999.000
    I_BFAS_OI         75.285      0.518    145.351      0.000
    S_BFAS_OI         -0.066      0.046     -1.431      0.152
    I_BFA_MT_D        39.575      0.669     59.182      0.000
    S_BFA_MT_D        -0.191      0.062     -3.085      0.002

 Intercepts
    ABFAS_OI           0.000      0.000    999.000    999.000
    BBFAS_OI           0.000      0.000    999.000    999.000
    CBFAS_OI           0.000      0.000    999.000    999.000
    DBFAS_OI           0.000      0.000    999.000    999.000
    ABFA_MT_D          0.000      0.000    999.000    999.000
    BBFA_MT_D          0.000      0.000    999.000    999.000
    CBFA_MT_D          0.000      0.000    999.000    999.000
    DBFA_MT_D          0.000      0.000    999.000    999.000
    P2                 0.000      0.000    999.000    999.000
    P3                 0.000      0.000    999.000    999.000
    P4                 0.000      0.000    999.000    999.000
    V2                 0.000      0.000    999.000    999.000
    V3                 0.000      0.000    999.000    999.000
    V4                 0.000      0.000    999.000    999.000

 Variances
    P1                59.772      8.319      7.185      0.000
    V1               204.781     18.116     11.304      0.000
    I_BFAS_OI        179.498     14.088     12.741      0.000
    S_BFAS_OI          0.181      0.112      1.614      0.106
    I_BFA_MT_D       283.193     24.266     11.671      0.000
    S_BFA_MT_D         0.224      0.168      1.334      0.182

 Residual Variances
    ABFAS_OI           0.000      0.000    999.000    999.000
    BBFAS_OI           0.000      0.000    999.000    999.000
    CBFAS_OI           0.000      0.000    999.000    999.000
    DBFAS_OI           0.000      0.000    999.000    999.000
    ABFA_MT_D          0.000      0.000    999.000    999.000
    BBFA_MT_D          0.000      0.000    999.000    999.000
    CBFA_MT_D          0.000      0.000    999.000    999.000
    DBFA_MT_D          0.000      0.000    999.000    999.000
    P2                59.550      5.913     10.070      0.000
    P3                59.550      5.913     10.070      0.000
    P4                59.550      5.913     10.070      0.000
    V2               150.488     14.064     10.700      0.000
    V3               150.488     14.064     10.700      0.000
    V4               150.488     14.064     10.700      0.000

Group LATER

 P1       BY
    ABFAS_OI           1.000      0.000    999.000    999.000

 P2       BY
    BBFAS_OI           1.000      0.000    999.000    999.000

 P3       BY
    CBFAS_OI           1.000      0.000    999.000    999.000

 P4       BY
    DBFAS_OI           1.000      0.000    999.000    999.000

 V1       BY
    ABFA_MT_D          1.000      0.000    999.000    999.000

 V2       BY
    BBFA_MT_D          1.000      0.000    999.000    999.000

 V3       BY
    CBFA_MT_D          1.000      0.000    999.000    999.000

 V4       BY
    DBFA_MT_D          1.000      0.000    999.000    999.000

 P4         ON
    P3                 0.077      0.084      0.912      0.362
    V3                 0.043      0.038      1.131      0.258

 P3         ON
    P2                 0.077      0.084      0.912      0.362
    V2                 0.043      0.038      1.131      0.258

 P2         ON
    P1                 0.077      0.084      0.912      0.362
    V1                 0.043      0.038      1.131      0.258

 V4         ON
    V3                -0.010      0.079     -0.132      0.895
    P3                -0.082      0.101     -0.809      0.418

 V3         ON
    V2                -0.010      0.079     -0.132      0.895
    P2                -0.082      0.101     -0.809      0.418

 V2         ON
    V1                -0.010      0.079     -0.132      0.895
    P1                -0.082      0.101     -0.809      0.418

 S_BFAS_O WITH
    I_BFAS_OI          0.059      0.619      0.094      0.925
    S_BFA_MT_D        -0.022      0.099     -0.222      0.824
    I_BFA_MT_D         2.918      2.415      1.208      0.227

 I_BFAS_O WITH
    S_BFA_MT_D        -3.182      2.592     -1.227      0.220
    I_BFA_MT_D       -52.293     14.180     -3.688      0.000

 S_BFA_MT WITH
    I_BFA_MT_D        -0.624      0.975     -0.640      0.522

 P1       WITH
    V1               -22.527      7.607     -2.961      0.003

 P2       WITH
    V2                 1.079      5.093      0.212      0.832

 P3       WITH
    V3                 1.079      5.093      0.212      0.832

 P4       WITH
    V4                 1.079      5.093      0.212      0.832

 Means
    P1                 0.000      0.000    999.000    999.000
    V1                 0.000      0.000    999.000    999.000
    I_BFAS_OI         75.285      0.518    145.351      0.000
    S_BFAS_OI         -0.066      0.046     -1.431      0.152
    I_BFA_MT_D        39.575      0.669     59.182      0.000
    S_BFA_MT_D        -0.191      0.062     -3.085      0.002

 Intercepts
    ABFAS_OI           0.000      0.000    999.000    999.000
    BBFAS_OI           0.000      0.000    999.000    999.000
    CBFAS_OI           0.000      0.000    999.000    999.000
    DBFAS_OI           0.000      0.000    999.000    999.000
    ABFA_MT_D          0.000      0.000    999.000    999.000
    BBFA_MT_D          0.000      0.000    999.000    999.000
    CBFA_MT_D          0.000      0.000    999.000    999.000
    DBFA_MT_D          0.000      0.000    999.000    999.000
    P2                 0.000      0.000    999.000    999.000
    P3                 0.000      0.000    999.000    999.000
    P4                 0.000      0.000    999.000    999.000
    V2                 0.000      0.000    999.000    999.000
    V3                 0.000      0.000    999.000    999.000
    V4                 0.000      0.000    999.000    999.000

 Variances
    P1                53.185      7.491      7.100      0.000
    V1               127.458     17.198      7.411      0.000
    I_BFAS_OI        179.498     14.088     12.741      0.000
    S_BFAS_OI          0.181      0.112      1.614      0.106
    I_BFA_MT_D       283.193     24.266     11.671      0.000
    S_BFA_MT_D         0.224      0.168      1.334      0.182

 Residual Variances
    ABFAS_OI           0.000      0.000    999.000    999.000
    BBFAS_OI           0.000      0.000    999.000    999.000
    CBFAS_OI           0.000      0.000    999.000    999.000
    DBFAS_OI           0.000      0.000    999.000    999.000
    ABFA_MT_D          0.000      0.000    999.000    999.000
    BBFA_MT_D          0.000      0.000    999.000    999.000
    CBFA_MT_D          0.000      0.000    999.000    999.000
    DBFA_MT_D          0.000      0.000    999.000    999.000
    P2                40.864      4.469      9.145      0.000
    P3                40.864      4.469      9.145      0.000
    P4                40.864      4.469      9.145      0.000
    V2               139.355     15.864      8.784      0.000
    V3               139.355     15.864      8.784      0.000
    V4               139.355     15.864      8.784      0.000


QUALITY OF NUMERICAL RESULTS

     Condition Number for the Information Matrix              0.781E-05
       (ratio of smallest to largest eigenvalue)


     Beginning Time:  17:41:34
        Ending Time:  17:41:44
       Elapsed Time:  00:00:10



MUTHEN & MUTHEN
3463 Stoner Ave.
Los Angeles, CA  90066

Tel: (310) 391-9971
Fax: (310) 391-8971
Web: www.StatModel.com
Support: Support@StatModel.com

Copyright (c) 1998-2017 Muthen & Muthen
