Mplus VERSION 8 (Linux)
MUTHEN & MUTHEN
07/08/2018   5:50 PM

INPUT INSTRUCTIONS


  title: PxVx Bivariate LCM-SR - decadegroup - Linear bfas_nv with Linear mvi;
  data: file = /home/jflournoy/code_new/lnt_pxvx/Data/lnt_nat_recalc.tsv;

  variable:
  names =
  subjid
  aage
  aaspfin
  aaspfin_d
  abfa_mt
  abfa_mt_d
  abfas_ac
  abfas_ap
  abfas_ci
  abfas_co
  abfas_ea
  abfas_ee
  abfas_nv
  abfas_nv9
  abfas_nw
  abfas_oi
  abfas_oo
  abfi_a
  abfi_a6
  abfi_c
  abfi_d_scale
  abfi_e
  abfi_hp8
  abfi_n
  abfi_o
  abfi_s_scale
  ahrz_col
  ahrz_col_d
  ahrz_ind
  ahrz_ind_d
  amvi
  ausi
  ausi_d
  avrt_col
  avrt_col_d
  avrt_ind
  avrt_ind_d
  bage
  baspfin
  baspfin_d
  bbfa_mt
  bbfa_mt_d
  bbfas_ac
  bbfas_ap
  bbfas_ci
  bbfas_co
  bbfas_ea
  bbfas_ee
  bbfas_nv
  bbfas_nv9
  bbfas_nw
  bbfas_oi
  bbfas_oo
  bbfi_a
  bbfi_a6
  bbfi_c
  bbfi_d_scale
  bbfi_e
  bbfi_hp8
  bbfi_n
  bbfi_o
  bbfi_s_scale
  bhrz_col
  bhrz_col_d
  bhrz_ind
  bhrz_ind_d
  bmvi
  busi
  busi_d
  bvrt_col
  bvrt_col_d
  bvrt_ind
  bvrt_ind_d
  cage
  caspfin
  caspfin_d
  cbfa_mt
  cbfa_mt_d
  cbfas_ac
  cbfas_ap
  cbfas_ci
  cbfas_co
  cbfas_ea
  cbfas_ee
  cbfas_nv
  cbfas_nv9
  cbfas_nw
  cbfas_oi
  cbfas_oo
  cbfi_a
  cbfi_a6
  cbfi_c
  cbfi_d_scale
  cbfi_e
  cbfi_hp8
  cbfi_n
  cbfi_o
  cbfi_s_scale
  chrz_col
  chrz_col_d
  chrz_ind
  chrz_ind_d
  cmvi
  cusi
  cusi_d
  cvrt_col
  cvrt_col_d
  cvrt_ind
  cvrt_ind_d
  dage
  daspfin
  daspfin_d
  dbfa_mt
  dbfa_mt_d
  dbfas_ac
  dbfas_ap
  dbfas_ci
  dbfas_co
  dbfas_ea
  dbfas_ee
  dbfas_nv
  dbfas_nv9
  dbfas_nw
  dbfas_oi
  dbfas_oo
  dbfi_a
  dbfi_a6
  dbfi_c
  dbfi_d_scale
  dbfi_e
  dbfi_hp8
  dbfi_n
  dbfi_o
  dbfi_s_scale
  dhrz_col
  dhrz_col_d
  dhrz_ind
  dhrz_ind_d
  dmvi
  dusi
  dusi_d
  dvrt_col
  dvrt_col_d
  dvrt_ind
  dvrt_ind_d;

  USEVARIABLES =
  abfas_nv
  bbfas_nv
  cbfas_nv
  dbfas_nv
  amvi
  bmvi
  cmvi
  dmvi
  a1
  a2
  a3
  a4
  aagegrp
  ;

  missing = all (-9999);

  tscores = a1 a2 a3 a4;

  grouping = aagegrp (0=d2, 1=d3, 2=d4, 3=d5);

  DEFINE:

  aagegrp = aage;

  cut aagegrp (29 39 49);

  a1 = aage + 0 - 36;
  a2 = aage + 1 - 36;
  a3 = aage + 2 - 36;
  a4 = aage + 3 - 36;

  ANALYSIS:
  TYPE=RANDOM;
  PROCESSORS = 6;
  model=nocovariances; ! supresses default estimation of certain covs in model;

  MODEL:

  i_bfas_nv s_bfas_nv | abfas_nv bbfas_nv cbfas_nv dbfas_nv AT a1 a2 a3 a4;
  i_mvi s_mvi | amvi bmvi cmvi dmvi AT a1 a2 a3 a4;

  ! freeing factor covs because of "nocovariances"
  ! But ensure they are constrained across groups
  s_bfas_nv WITH i_bfas_nv (p)
  s_mvi (q)
  i_mvi (r);
  i_bfas_nv WITH s_mvi (s)
  i_mvi (t);
  s_mvi WITH i_mvi (u);

  !constrain latent growth means across groups
  [i_bfas_nv] (v);
  [s_bfas_nv] (w);
  [i_mvi] (x);
  [s_mvi] (y);

  !constrain latent growth variances across groups
  i_bfas_nv (l);
  s_bfas_nv (m);
  i_mvi (n);
  s_mvi (o);

  p1 BY abfas_nv@1; ! Residual "factors";
  p2 BY bbfas_nv@1;
  p3 BY cbfas_nv@1;
  p4 BY dbfas_nv@1;

  v1 BY amvi@1; ! Residual "factors";
  v2 BY bmvi@1;
  v3 BY cmvi@1;
  v4 BY dmvi@1;

  !residual variances on observed/manifest vars set to 0
  abfas_nv@0;
  bbfas_nv@0;
  cbfas_nv@0;
  dbfas_nv@0;

  !residual variances on observed/manifest vars set to 0
  amvi@0;
  bmvi@0;
  cmvi@0;
  dmvi@0;

  ! means of observed/manifest vars set to 0
  [abfas_nv@0];
  [bbfas_nv@0];
  [cbfas_nv@0];
  [dbfas_nv@0];

  ! means of observed/manifest vars set to 0
  [amvi@0];
  [bmvi@0];
  [cmvi@0];
  [dmvi@0];

  [p1@0]; ! means of residual "factors" set to 0
  [p2@0];
  [p3@0];
  [p4@0];

  [v1@0]; ! means of residual "factors" set to 0
  [v2@0];
  [v3@0];
  [v4@0];

  p4 on p3 (a); ! Autoregressive paths constrained to equality
  p3 on p2 (a);
  p2 on p1 (a);

  v4 on v3 (b); ! Autoregressive paths constrained to equality
  v3 on v2 (b);
  v2 on v1 (b);

  p4 on v3 (c); ! Cross-lagged paths constrained to equality
  p3 on v2 (c);
  p2 on v1 (c);

  v4 on p3 (d); ! Cross-lagged paths constrained to equality
  v3 on p2 (d);
  v2 on p1 (d);

  p1 with v1; !(this one is not like the others)

  p2 with v2 (e); ! Within-wave correlations constrained to equality
  p3 with v3 (e);
  p4 with v4 (e);

  p2 p3 p4 (f); ! estimate variances of residual "factors"
  v2 v3 v4 (g); ! estimate variances of residual "factors"

  MODEL d2:

  p4 on p3 (a2); ! Autoregressive paths constrained to equality
  p3 on p2 (a2);
  p2 on p1 (a2);

  v4 on v3 (b2); ! Autoregressive paths constrained to equality
  v3 on v2 (b2);
  v2 on v1 (b2);

  p4 on v3 (c2); ! Cross-lagged paths constrained to equality
  p3 on v2 (c2);
  p2 on v1 (c2);

  v4 on p3 (d2); ! Cross-lagged paths constrained to equality
  v3 on p2 (d2);
  v2 on p1 (d2);

  p1 with v1; !(this one is not like the others)

  p2 with v2 (e2); ! Within-wave correlations constrained to equality
  p3 with v3 (e2);
  p4 with v4 (e2);

  p2 p3 p4 (f2); ! estimate variances of residual "factors"
  v2 v3 v4 (g2); ! estimate variances of residual "factors"

  MODEL d3:

  p4 on p3 (a3); ! Autoregressive paths constrained to equality
  p3 on p2 (a3);
  p2 on p1 (a3);

  v4 on v3 (b3); ! Autoregressive paths constrained to equality
  v3 on v2 (b3);
  v2 on v1 (b3);

  p4 on v3 (c3); ! Cross-lagged paths constrained to equality
  p3 on v2 (c3);
  p2 on v1 (c3);

  v4 on p3 (d3); ! Cross-lagged paths constrained to equality
  v3 on p2 (d3);
  v2 on p1 (d3);

  p1 with v1; !(this one is not like the others)

  p2 with v2 (e3); ! Within-wave correlations constrained to equality
  p3 with v3 (e3);
  p4 with v4 (e3);

  p2 p3 p4 (f3); ! estimate variances of residual "factors"
  v2 v3 v4 (g3); ! estimate variances of residual "factors"

  MODEL d4:

  p4 on p3 (a4); ! Autoregressive paths constrained to equality
  p3 on p2 (a4);
  p2 on p1 (a4);

  v4 on v3 (b4); ! Autoregressive paths constrained to equality
  v3 on v2 (b4);
  v2 on v1 (b4);

  p4 on v3 (c4); ! Cross-lagged paths constrained to equality
  p3 on v2 (c4);
  p2 on v1 (c4);

  v4 on p3 (d4); ! Cross-lagged paths constrained to equality
  v3 on p2 (d4);
  v2 on p1 (d4);

  p1 with v1; !(this one is not like the others)

  p2 with v2 (e4); ! Within-wave correlations constrained to equality
  p3 with v3 (e4);
  p4 with v4 (e4);

  p2 p3 p4 (f4); ! estimate variances of residual "factors"
  v2 v3 v4 (g4); ! estimate variances of residual "factors"

  MODEL d5:

  p4 on p3 (a5); ! Autoregressive paths constrained to equality
  p3 on p2 (a5);
  p2 on p1 (a5);

  v4 on v3 (b5); ! Autoregressive paths constrained to equality
  v3 on v2 (b5);
  v2 on v1 (b5);

  p4 on v3 (c5); ! Cross-lagged paths constrained to equality
  p3 on v2 (c5);
  p2 on v1 (c5);

  v4 on p3 (d5); ! Cross-lagged paths constrained to equality
  v3 on p2 (d5);
  v2 on p1 (d5);

  p1 with v1; !(this one is not like the others)

  p2 with v2 (e5); ! Within-wave correlations constrained to equality
  p3 with v3 (e5);
  p4 with v4 (e5);

  p2 p3 p4 (f5); ! estimate variances of residual "factors"
  v2 v3 v4 (g5); ! estimate variances of residual "factors"

  OUTPUT: SAMPSTAT PATTERNS;



*** WARNING
  Data set contains unknown or missing values for GROUPING,
  PATTERN, COHORT, CLUSTER and/or STRATIFICATION variables.
  Number of cases with unknown or missing values:  5
   1 WARNING(S) FOUND IN THE INPUT INSTRUCTIONS



PxVx Bivariate LCM-SR - decadegroup - Linear bfas_nv with Linear mvi;

SUMMARY OF ANALYSIS

Number of groups                                                 4
Number of observations
   Group D2                                                    301
   Group D3                                                    233
   Group D4                                                    198
   Group D5                                                    132
   Total sample size                                           864

Number of dependent variables                                    8
Number of independent variables                                  0
Number of continuous latent variables                           12

Observed dependent variables

  Continuous
   ABFAS_NV    BBFAS_NV    CBFAS_NV    DBFAS_NV    AMVI        BMVI
   CMVI        DMVI

Continuous latent variables
   P1          P2          P3          P4          V1          V2
   V3          V4          I_BFAS_N    S_BFAS_N    I_MVI       S_MVI

Variables with special functions

  Grouping variable     AAGEGRP

  Time scores
   A1          A2          A3          A4


Estimator                                                      MLR
Information matrix                                        OBSERVED
Maximum number of iterations                                   100
Convergence criterion                                    0.100D-05
Maximum number of EM iterations                                500
Convergence criteria for the EM algorithm
  Loglikelihood change                                   0.100D-02
  Relative loglikelihood change                          0.100D-05
  Derivative                                             0.100D-03
Minimum variance                                         0.100D-03
Maximum number of steepest descent iterations                   20
Maximum number of iterations for H1                           2000
Convergence criterion for H1                             0.100D-03
Optimization algorithm                                         EMA

Input data file(s)
  /home/jflournoy/code_new/lnt_pxvx/Data/lnt_nat_recalc.tsv
Input data format  FREE


SUMMARY OF DATA

   Group D2
     Number of missing data patterns            11

   Group D3
     Number of missing data patterns            11

   Group D4
     Number of missing data patterns            12

   Group D5
     Number of missing data patterns             8


SUMMARY OF MISSING DATA PATTERNS


     MISSING DATA PATTERNS (x = not missing) FOR D2

           1  2  3  4  5  6  7  8  9 10 11
 ABFAS_NV  x  x  x  x  x  x  x  x  x  x  x
 BBFAS_NV  x     x  x  x     x           x
 CBFAS_NV  x           x        x  x  x  x
 DBFAS_NV  x     x        x        x  x  x
 AMVI      x  x  x  x  x  x     x  x  x  x
 BMVI      x     x  x  x     x
 CMVI      x           x        x  x  x  x
 DMVI      x     x        x        x     x


     MISSING DATA PATTERN FREQUENCIES FOR D2

    Pattern   Frequency     Pattern   Frequency     Pattern   Frequency
          1         189           5          15           9           5
          2          57           6          11          10           1
          3           6           7           1          11           1
          4          11           8           4


     MISSING DATA PATTERNS (x = not missing) FOR D3

           1  2  3  4  5  6  7  8  9 10 11
 ABFAS_NV  x  x  x  x  x  x  x  x  x  x  x
 BBFAS_NV  x     x  x  x           x  x
 CBFAS_NV  x           x     x  x  x
 DBFAS_NV  x     x        x     x  x     x
 AMVI      x  x  x  x  x  x  x  x  x  x  x
 BMVI      x     x  x  x           x
 CMVI      x           x     x  x  x
 DMVI      x     x        x     x


     MISSING DATA PATTERN FREQUENCIES FOR D3

    Pattern   Frequency     Pattern   Frequency     Pattern   Frequency
          1         140           5           6           9           1
          2          43           6           3          10           1
          3           8           7           7          11           2
          4          15           8           7


     MISSING DATA PATTERNS (x = not missing) FOR D4

           1  2  3  4  5  6  7  8  9 10 11 12
 ABFAS_NV  x  x  x  x  x  x  x  x  x  x  x  x
 BBFAS_NV  x     x  x  x              x  x
 CBFAS_NV  x           x     x  x  x  x
 DBFAS_NV  x     x        x     x  x  x
 AMVI      x  x  x  x  x  x  x  x  x  x  x
 BMVI      x     x  x  x
 CMVI      x           x     x  x  x  x
 DMVI      x     x        x     x     x


     MISSING DATA PATTERN FREQUENCIES FOR D4

    Pattern   Frequency     Pattern   Frequency     Pattern   Frequency
          1         105           5          15           9           1
          2          39           6           4          10           1
          3           8           7           5          11           2
          4          12           8           5          12           1


     MISSING DATA PATTERNS (x = not missing) FOR D5

           1  2  3  4  5  6  7  8
 ABFAS_NV  x  x  x  x  x  x  x  x
 BBFAS_NV  x     x  x  x
 CBFAS_NV  x           x     x  x
 DBFAS_NV  x     x        x     x
 AMVI      x  x  x  x  x  x  x  x
 BMVI      x     x  x  x
 CMVI      x           x     x  x
 DMVI      x     x        x     x


     MISSING DATA PATTERN FREQUENCIES FOR D5

    Pattern   Frequency     Pattern   Frequency     Pattern   Frequency
          1          61           4          10           7           6
          2          29           5          11           8           4
          3           5           6           6


COVARIANCE COVERAGE OF DATA

Minimum covariance coverage value   0.100


     PROPORTION OF DATA PRESENT FOR D2


           Covariance Coverage
              ABFAS_NV      BBFAS_NV      CBFAS_NV      DBFAS_NV      AMVI
              ________      ________      ________      ________      ________
 ABFAS_NV       1.000
 BBFAS_NV       0.741         0.741
 CBFAS_NV       0.714         0.681         0.714
 DBFAS_NV       0.708         0.651         0.651         0.708
 AMVI           0.997         0.738         0.714         0.708         0.997
 BMVI           0.738         0.738         0.678         0.648         0.734
 CMVI           0.714         0.681         0.714         0.651         0.714
 DMVI           0.704         0.651         0.648         0.704         0.704


           Covariance Coverage
              BMVI          CMVI          DMVI
              ________      ________      ________
 BMVI           0.738
 CMVI           0.678         0.714
 DMVI           0.648         0.648         0.704


     PROPORTION OF DATA PRESENT FOR D3


           Covariance Coverage
              ABFAS_NV      BBFAS_NV      CBFAS_NV      DBFAS_NV      AMVI
              ________      ________      ________      ________      ________
 ABFAS_NV       1.000
 BBFAS_NV       0.764         0.764
 CBFAS_NV       0.674         0.635         0.674
 DBFAS_NV       0.665         0.644         0.618         0.665
 AMVI           0.970         0.734         0.674         0.665         0.970
 BMVI           0.755         0.755         0.627         0.635         0.725
 CMVI           0.674         0.635         0.674         0.618         0.674
 DMVI           0.661         0.644         0.614         0.661         0.661


           Covariance Coverage
              BMVI          CMVI          DMVI
              ________      ________      ________
 BMVI           0.755
 CMVI           0.627         0.674
 DMVI           0.635         0.614         0.661


     PROPORTION OF DATA PRESENT FOR D4


           Covariance Coverage
              ABFAS_NV      BBFAS_NV      CBFAS_NV      DBFAS_NV      AMVI
              ________      ________      ________      ________      ________
 ABFAS_NV       1.000
 BBFAS_NV       0.747         0.747
 CBFAS_NV       0.657         0.621         0.657
 DBFAS_NV       0.616         0.586         0.556         0.616
 AMVI           0.975         0.722         0.657         0.616         0.975
 BMVI           0.737         0.737         0.611         0.576         0.712
 CMVI           0.657         0.621         0.657         0.556         0.657
 DMVI           0.606         0.581         0.545         0.606         0.606


           Covariance Coverage
              BMVI          CMVI          DMVI
              ________      ________      ________
 BMVI           0.737
 CMVI           0.611         0.657
 DMVI           0.571         0.545         0.606


     PROPORTION OF DATA PRESENT FOR D5


           Covariance Coverage
              ABFAS_NV      BBFAS_NV      CBFAS_NV      DBFAS_NV      AMVI
              ________      ________      ________      ________      ________
 ABFAS_NV       1.000
 BBFAS_NV       0.705         0.705
 CBFAS_NV       0.576         0.545         0.576
 DBFAS_NV       0.545         0.500         0.462         0.545
 AMVI           0.955         0.659         0.576         0.545         0.955
 BMVI           0.705         0.705         0.545         0.500         0.659
 CMVI           0.576         0.545         0.576         0.462         0.576
 DMVI           0.545         0.500         0.462         0.545         0.545


           Covariance Coverage
              BMVI          CMVI          DMVI
              ________      ________      ________
 BMVI           0.705
 CMVI           0.545         0.576
 DMVI           0.500         0.462         0.545


SAMPLE STATISTICS


     ESTIMATED SAMPLE STATISTICS FOR D2


           Means
              ABFAS_NV      BBFAS_NV      CBFAS_NV      DBFAS_NV      AMVI
              ________      ________      ________      ________      ________
               46.768        47.511        46.265        47.012        63.766


           Means
              BMVI          CMVI          DMVI
              ________      ________      ________
               62.634        63.291        62.770


           Covariances
              ABFAS_NV      BBFAS_NV      CBFAS_NV      DBFAS_NV      AMVI
              ________      ________      ________      ________      ________
 ABFAS_NV     541.380
 BBFAS_NV     392.271       443.204
 CBFAS_NV     390.053       364.832       480.518
 DBFAS_NV     400.023       376.773       415.561       526.660
 AMVI         -24.013       -16.939        -2.054        -9.326        64.067
 BMVI         -25.746       -30.286       -13.923       -27.234        50.606
 CMVI         -25.279       -21.686       -12.202       -25.127        48.330
 DMVI         -23.147       -26.661       -20.280       -33.680        42.050


           Covariances
              BMVI          CMVI          DMVI
              ________      ________      ________
 BMVI          67.867
 CMVI          57.379        80.171
 DMVI          49.690        56.526        63.127


           Correlations
              ABFAS_NV      BBFAS_NV      CBFAS_NV      DBFAS_NV      AMVI
              ________      ________      ________      ________      ________
 ABFAS_NV       1.000
 BBFAS_NV       0.801         1.000
 CBFAS_NV       0.765         0.791         1.000
 DBFAS_NV       0.749         0.780         0.826         1.000
 AMVI          -0.129        -0.101        -0.012        -0.051         1.000
 BMVI          -0.134        -0.175        -0.077        -0.144         0.767
 CMVI          -0.121        -0.115        -0.062        -0.122         0.674
 DMVI          -0.125        -0.159        -0.116        -0.185         0.661


           Correlations
              BMVI          CMVI          DMVI
              ________      ________      ________
 BMVI           1.000
 CMVI           0.778         1.000
 DMVI           0.759         0.795         1.000


     ESTIMATED SAMPLE STATISTICS FOR D3


           Means
              ABFAS_NV      BBFAS_NV      CBFAS_NV      DBFAS_NV      AMVI
              ________      ________      ________      ________      ________
               43.095        42.371        42.452        40.325        64.232


           Means
              BMVI          CMVI          DMVI
              ________      ________      ________
               63.707        64.094        63.980


           Covariances
              ABFAS_NV      BBFAS_NV      CBFAS_NV      DBFAS_NV      AMVI
              ________      ________      ________      ________      ________
 ABFAS_NV     464.939
 BBFAS_NV     336.391       402.245
 CBFAS_NV     327.446       335.125       388.955
 DBFAS_NV     328.664       333.573       328.853       428.015
 AMVI         -33.883       -21.038       -40.788       -16.993        65.308
 BMVI         -10.337       -12.964       -27.543        -3.376        48.919
 CMVI          -7.693        -9.070       -30.445       -16.155        51.669
 DMVI          -7.062       -12.257       -27.816       -18.231        47.499


           Covariances
              BMVI          CMVI          DMVI
              ________      ________      ________
 BMVI          58.256
 CMVI          49.900        70.192
 DMVI          47.448        50.250        62.809


           Correlations
              ABFAS_NV      BBFAS_NV      CBFAS_NV      DBFAS_NV      AMVI
              ________      ________      ________      ________      ________
 ABFAS_NV       1.000
 BBFAS_NV       0.778         1.000
 CBFAS_NV       0.770         0.847         1.000
 DBFAS_NV       0.737         0.804         0.806         1.000
 AMVI          -0.194        -0.130        -0.256        -0.102         1.000
 BMVI          -0.063        -0.085        -0.183        -0.021         0.793
 CMVI          -0.043        -0.054        -0.184        -0.093         0.763
 DMVI          -0.041        -0.077        -0.178        -0.111         0.742


           Correlations
              BMVI          CMVI          DMVI
              ________      ________      ________
 BMVI           1.000
 CMVI           0.780         1.000
 DMVI           0.784         0.757         1.000


     ESTIMATED SAMPLE STATISTICS FOR D4


           Means
              ABFAS_NV      BBFAS_NV      CBFAS_NV      DBFAS_NV      AMVI
              ________      ________      ________      ________      ________
               41.431        41.671        40.629        41.922        65.222


           Means
              BMVI          CMVI          DMVI
              ________      ________      ________
               65.478        64.544        64.789


           Covariances
              ABFAS_NV      BBFAS_NV      CBFAS_NV      DBFAS_NV      AMVI
              ________      ________      ________      ________      ________
 ABFAS_NV     422.494
 BBFAS_NV     367.654       415.501
 CBFAS_NV     347.382       359.055       445.421
 DBFAS_NV     338.944       342.962       365.191       452.002
 AMVI         -11.915       -10.589       -11.186       -10.669        55.871
 BMVI          -6.143        -9.244        -1.853        -6.079        41.162
 CMVI          -5.972        -8.787        -8.190       -12.246        40.766
 DMVI         -14.188       -15.009       -11.646       -18.486        39.192


           Covariances
              BMVI          CMVI          DMVI
              ________      ________      ________
 BMVI          52.649
 CMVI          40.905        51.209
 DMVI          39.806        41.377        48.408


           Correlations
              ABFAS_NV      BBFAS_NV      CBFAS_NV      DBFAS_NV      AMVI
              ________      ________      ________      ________      ________
 ABFAS_NV       1.000
 BBFAS_NV       0.877         1.000
 CBFAS_NV       0.801         0.835         1.000
 DBFAS_NV       0.776         0.791         0.814         1.000
 AMVI          -0.078        -0.069        -0.071        -0.067         1.000
 BMVI          -0.041        -0.063        -0.012        -0.039         0.759
 CMVI          -0.041        -0.060        -0.054        -0.080         0.762
 DMVI          -0.099        -0.106        -0.079        -0.125         0.754


           Correlations
              BMVI          CMVI          DMVI
              ________      ________      ________
 BMVI           1.000
 CMVI           0.788         1.000
 DMVI           0.788         0.831         1.000


     ESTIMATED SAMPLE STATISTICS FOR D5


           Means
              ABFAS_NV      BBFAS_NV      CBFAS_NV      DBFAS_NV      AMVI
              ________      ________      ________      ________      ________
               41.805        40.009        38.966        40.531        66.683


           Means
              BMVI          CMVI          DMVI
              ________      ________      ________
               67.118        66.969        66.407


           Covariances
              ABFAS_NV      BBFAS_NV      CBFAS_NV      DBFAS_NV      AMVI
              ________      ________      ________      ________      ________
 ABFAS_NV     464.207
 BBFAS_NV     391.152       477.627
 CBFAS_NV     360.124       408.413       460.357
 DBFAS_NV     376.035       388.203       384.043       419.076
 AMVI         -33.529       -63.949       -39.583       -54.710        66.635
 BMVI         -30.447       -62.849       -41.731       -52.581        50.379
 CMVI         -10.863       -39.612       -20.542       -33.458        45.014
 DMVI         -21.127       -50.892       -23.999       -42.846        49.313


           Covariances
              BMVI          CMVI          DMVI
              ________      ________      ________
 BMVI          58.513
 CMVI          46.855        60.189
 DMVI          48.309        48.158        58.180


           Correlations
              ABFAS_NV      BBFAS_NV      CBFAS_NV      DBFAS_NV      AMVI
              ________      ________      ________      ________      ________
 ABFAS_NV       1.000
 BBFAS_NV       0.831         1.000
 CBFAS_NV       0.779         0.871         1.000
 DBFAS_NV       0.853         0.868         0.874         1.000
 AMVI          -0.191        -0.358        -0.226        -0.327         1.000
 BMVI          -0.185        -0.376        -0.254        -0.336         0.807
 CMVI          -0.065        -0.234        -0.123        -0.211         0.711
 DMVI          -0.129        -0.305        -0.147        -0.274         0.792


           Correlations
              BMVI          CMVI          DMVI
              ________      ________      ________
 BMVI           1.000
 CMVI           0.790         1.000
 DMVI           0.828         0.814         1.000


     MAXIMUM LOG-LIKELIHOOD VALUE FOR THE UNRESTRICTED (H1) MODEL IS -18984.238


UNIVARIATE SAMPLE STATISTICS


     UNIVARIATE HIGHER-ORDER MOMENT DESCRIPTIVE STATISTICS FOR D2

         Variable/         Mean/     Skewness/   Minimum/ % with                Percentiles
        Sample Size      Variance    Kurtosis    Maximum  Min/Max      20%/60%    40%/80%    Median

     ABFAS_NV             46.768       0.085       0.000    0.66%      25.000     37.500     47.500
             301.000     541.380      -0.852     100.000    1.00%      52.500     70.000
     BBFAS_NV             47.895       0.094       0.000    0.45%      30.000     42.500     47.500
             223.000     442.349      -0.627      97.500    0.45%      52.500     65.000
     CBFAS_NV             46.752       0.005       0.000    0.93%      27.500     40.000     47.500
             215.000     490.002      -0.637     100.000    0.47%      52.778     67.500
     DBFAS_NV             47.277       0.039       0.000    2.35%      25.000     40.000     47.500
             213.000     541.529      -0.791     100.000    0.47%      52.500     67.500
     AMVI                 63.781       0.026      39.062    0.33%      57.353     61.029     63.235
             300.000      64.132       0.128      86.765    0.33%      65.441     70.588
     BMVI                 62.699       0.015      41.912    0.45%      55.882     59.559     62.500
             222.000      66.807      -0.454      80.882    0.45%      63.971     70.588
     CMVI                 63.293      -0.063      33.088    0.47%      55.882     61.029     62.500
             215.000      79.579       0.245      86.765    0.47%      65.441     70.588
     DMVI                 63.000      -0.073      36.029    0.47%      56.618     61.029     63.235
             212.000      63.144       0.524      85.294    0.47%      64.706     69.118


     UNIVARIATE HIGHER-ORDER MOMENT DESCRIPTIVE STATISTICS FOR D3

         Variable/         Mean/     Skewness/   Minimum/ % with                Percentiles
        Sample Size      Variance    Kurtosis    Maximum  Min/Max      20%/60%    40%/80%    Median

     ABFAS_NV             43.095       0.004       0.000    1.29%      22.500     37.500     42.500
             233.000     464.939      -0.685      95.000    0.43%      50.000     62.500
     BBFAS_NV             42.391       0.100       0.000    1.17%      25.000     35.000     42.500
             171.000     393.182      -0.359      95.000    0.58%      47.500     60.000
     CBFAS_NV             43.245       0.034       2.500    0.62%      25.000     35.000     42.500
             161.000     385.469      -0.822      90.000    0.62%      50.000     62.500
     DBFAS_NV             40.923       0.019       0.000    1.24%      22.500     35.000     42.500
             161.000     430.915      -0.818      90.000    0.62%      47.500     60.000
     AMVI                 64.232      -0.060      32.353    0.43%      56.618     61.765     63.971
             233.000      65.308       0.444      86.029    0.43%      66.912     71.324
     BMVI                 63.443       0.007      40.441    0.59%      56.618     61.029     62.868
             170.000      60.193      -0.013      86.029    0.59%      65.441     69.853
     CMVI                 63.788       0.049      39.706    0.62%      56.618     61.029     63.235
             161.000      69.990      -0.097      87.500    0.62%      65.441     71.324
     DMVI                 63.920       0.081      42.647    0.63%      57.353     61.029     63.603
             158.000      62.185      -0.100      85.294    0.63%      65.441     71.324


     UNIVARIATE HIGHER-ORDER MOMENT DESCRIPTIVE STATISTICS FOR D4

         Variable/         Mean/     Skewness/   Minimum/ % with                Percentiles
        Sample Size      Variance    Kurtosis    Maximum  Min/Max      20%/60%    40%/80%    Median

     ABFAS_NV             41.431       0.360       0.000    1.52%      22.500     35.000     40.000
             198.000     422.494      -0.219      97.500    1.01%      45.000     57.500
     BBFAS_NV             40.593       0.498       2.500    2.10%      22.500     32.500     37.500
             143.000     431.239      -0.327      97.500    0.70%      42.500     60.000
     CBFAS_NV             38.826       0.431       2.500    3.03%      20.000     30.000     35.000
             132.000     437.542      -0.383      92.500    0.76%      42.500     57.500
     DBFAS_NV             39.778       0.137       0.000    4.03%      22.500     32.500     36.250
             124.000     442.743      -0.476     100.000    0.81%      45.000     60.000
     AMVI                 65.223      -0.002      47.794    1.52%      58.824     63.235     65.441
             197.000      55.873      -0.325      82.812    0.51%      66.912     71.324
     BMVI                 65.398       0.236      49.265    0.71%      59.559     63.235     64.706
             140.000      52.404       0.150      88.235    0.71%      66.912     71.324
     CMVI                 64.509       0.114      44.853    0.76%      58.088     62.500     63.971
             132.000      52.452      -0.116      81.618    1.52%      65.441     69.853
     DMVI                 64.485       0.112      46.324    0.81%      58.824     62.500     63.971
             123.000      49.125      -0.337      83.088    0.81%      66.176     71.324


     UNIVARIATE HIGHER-ORDER MOMENT DESCRIPTIVE STATISTICS FOR D5

         Variable/         Mean/     Skewness/   Minimum/ % with                Percentiles
        Sample Size      Variance    Kurtosis    Maximum  Min/Max      20%/60%    40%/80%    Median

     ABFAS_NV             41.805       0.179       0.000    0.76%      19.444     32.500     40.000
             132.000     464.207      -0.602     100.000    0.76%      50.000     61.111
     BBFAS_NV             37.826       0.467       0.000    1.15%      17.500     27.500     32.500
              87.000     487.639      -0.665      97.222    1.15%      40.000     60.000
     CBFAS_NV             38.140       0.580       5.000    1.22%      20.000     27.500     33.750
              82.000     443.874      -0.604      90.000    2.44%      40.000     60.000
     DBFAS_NV             38.059       0.619       0.000    1.32%      20.000     27.500     33.750
              76.000     422.631      -0.037     100.000    1.32%      37.500     57.500
     AMVI                 66.683       0.214      43.382    0.76%      60.294     63.971     66.176
             132.000      66.635       0.397      92.647    0.76%      67.647     72.794
     BMVI                 67.492      -0.138      48.529    1.15%      60.294     65.441     67.647
              87.000      59.577      -0.604      82.353    1.15%      69.853     73.529
     CMVI                 67.726      -0.376      44.853    1.22%      60.294     66.176     67.647
              82.000      61.225       0.192      84.559    1.22%      69.853     75.000
     DMVI                 67.355      -0.200      44.118    1.32%      61.029     65.441     67.279
              76.000      56.142       0.278      83.088    2.63%      68.382     72.794


THE MODEL ESTIMATION TERMINATED NORMALLY



MODEL FIT INFORMATION

Number of Free Parameters                       54

Loglikelihood

          H0 Value                      -19069.307
          H0 Scaling Correction Factor      1.2151
            for MLR

Information Criteria

          Akaike (AIC)                   38246.614
          Bayesian (BIC)                 38503.739
          Sample-Size Adjusted BIC       38332.249
            (n* = (n + 2) / 24)



MODEL RESULTS

                                                    Two-Tailed
                    Estimate       S.E.  Est./S.E.    P-Value

Group D2

 P1       BY
    ABFAS_NV           1.000      0.000    999.000    999.000

 P2       BY
    BBFAS_NV           1.000      0.000    999.000    999.000

 P3       BY
    CBFAS_NV           1.000      0.000    999.000    999.000

 P4       BY
    DBFAS_NV           1.000      0.000    999.000    999.000

 V1       BY
    AMVI               1.000      0.000    999.000    999.000

 V2       BY
    BMVI               1.000      0.000    999.000    999.000

 V3       BY
    CMVI               1.000      0.000    999.000    999.000

 V4       BY
    DMVI               1.000      0.000    999.000    999.000

 P4         ON
    P3                 0.161      0.086      1.875      0.061
    V3                -0.068      0.175     -0.392      0.695

 P3         ON
    P2                 0.161      0.086      1.875      0.061
    V2                -0.068      0.175     -0.392      0.695

 P2         ON
    P1                 0.161      0.086      1.875      0.061
    V1                -0.068      0.175     -0.392      0.695

 V4         ON
    V3                 0.279      0.120      2.321      0.020
    P3                -0.006      0.030     -0.207      0.836

 V3         ON
    V2                 0.279      0.120      2.321      0.020
    P2                -0.006      0.030     -0.207      0.836

 V2         ON
    V1                 0.279      0.120      2.321      0.020
    P1                -0.006      0.030     -0.207      0.836

 S_BFAS_N WITH
    I_BFAS_NV         -1.197      0.943     -1.269      0.204
    S_MVI             -0.019      0.052     -0.360      0.719
    I_MVI             -0.607      1.045     -0.580      0.562

 I_BFAS_N WITH
    S_MVI              0.255      1.042      0.244      0.807
    I_MVI            -14.779      7.226     -2.045      0.041

 S_MVI    WITH
    I_MVI             -0.088      0.158     -0.557      0.577

 P1       WITH
    V1               -13.740      5.222     -2.631      0.009

 P2       WITH
    V2                -4.513      3.327     -1.356      0.175

 P3       WITH
    V3                -4.513      3.327     -1.356      0.175

 P4       WITH
    V4                -4.513      3.327     -1.356      0.175

 Means
    P1                 0.000      0.000    999.000    999.000
    V1                 0.000      0.000    999.000    999.000
    I_BFAS_NV         43.762      0.706     62.010      0.000
    S_BFAS_NV         -0.261      0.064     -4.100      0.000
    I_MVI             64.295      0.258    248.799      0.000
    S_MVI              0.077      0.023      3.324      0.001

 Intercepts
    ABFAS_NV           0.000      0.000    999.000    999.000
    BBFAS_NV           0.000      0.000    999.000    999.000
    CBFAS_NV           0.000      0.000    999.000    999.000
    DBFAS_NV           0.000      0.000    999.000    999.000
    AMVI               0.000      0.000    999.000    999.000
    BMVI               0.000      0.000    999.000    999.000
    CMVI               0.000      0.000    999.000    999.000
    DMVI               0.000      0.000    999.000    999.000
    P2                 0.000      0.000    999.000    999.000
    P3                 0.000      0.000    999.000    999.000
    P4                 0.000      0.000    999.000    999.000
    V2                 0.000      0.000    999.000    999.000
    V3                 0.000      0.000    999.000    999.000
    V4                 0.000      0.000    999.000    999.000

 Variances
    P1               147.274     24.204      6.085      0.000
    V1                23.806      3.322      7.165      0.000
    I_BFAS_NV        334.152     24.389     13.701      0.000
    S_BFAS_NV          0.222      0.175      1.268      0.205
    I_MVI             44.173      3.540     12.480      0.000
    S_MVI              0.016      0.026      0.589      0.556

 Residual Variances
    ABFAS_NV           0.000      0.000    999.000    999.000
    BBFAS_NV           0.000      0.000    999.000    999.000
    CBFAS_NV           0.000      0.000    999.000    999.000
    DBFAS_NV           0.000      0.000    999.000    999.000
    AMVI               0.000      0.000    999.000    999.000
    BMVI               0.000      0.000    999.000    999.000
    CMVI               0.000      0.000    999.000    999.000
    DMVI               0.000      0.000    999.000    999.000
    P2               106.532     10.497     10.149      0.000
    P3               106.532     10.497     10.149      0.000
    P4               106.532     10.497     10.149      0.000
    V2                20.092      2.826      7.110      0.000
    V3                20.092      2.826      7.110      0.000
    V4                20.092      2.826      7.110      0.000

Group D3

 P1       BY
    ABFAS_NV           1.000      0.000    999.000    999.000

 P2       BY
    BBFAS_NV           1.000      0.000    999.000    999.000

 P3       BY
    CBFAS_NV           1.000      0.000    999.000    999.000

 P4       BY
    DBFAS_NV           1.000      0.000    999.000    999.000

 V1       BY
    AMVI               1.000      0.000    999.000    999.000

 V2       BY
    BMVI               1.000      0.000    999.000    999.000

 V3       BY
    CMVI               1.000      0.000    999.000    999.000

 V4       BY
    DMVI               1.000      0.000    999.000    999.000

 P4         ON
    P3                 0.046      0.074      0.628      0.530
    V3                -0.306      0.180     -1.702      0.089

 P3         ON
    P2                 0.046      0.074      0.628      0.530
    V2                -0.306      0.180     -1.702      0.089

 P2         ON
    P1                 0.046      0.074      0.628      0.530
    V1                -0.306      0.180     -1.702      0.089

 V4         ON
    V3                 0.041      0.101      0.410      0.682
    P3                -0.023      0.030     -0.784      0.433

 V3         ON
    V2                 0.041      0.101      0.410      0.682
    P2                -0.023      0.030     -0.784      0.433

 V2         ON
    V1                 0.041      0.101      0.410      0.682
    P1                -0.023      0.030     -0.784      0.433

 S_BFAS_N WITH
    I_BFAS_NV         -1.197      0.943     -1.269      0.204
    S_MVI             -0.019      0.052     -0.360      0.719
    I_MVI             -0.607      1.045     -0.580      0.562

 I_BFAS_N WITH
    S_MVI              0.255      1.042      0.244      0.807
    I_MVI            -14.779      7.226     -2.045      0.041

 S_MVI    WITH
    I_MVI             -0.088      0.158     -0.557      0.577

 P1       WITH
    V1               -16.887      4.436     -3.807      0.000

 P2       WITH
    V2                -6.326      2.444     -2.589      0.010

 P3       WITH
    V3                -6.326      2.444     -2.589      0.010

 P4       WITH
    V4                -6.326      2.444     -2.589      0.010

 Means
    P1                 0.000      0.000    999.000    999.000
    V1                 0.000      0.000    999.000    999.000
    I_BFAS_NV         43.762      0.706     62.010      0.000
    S_BFAS_NV         -0.261      0.064     -4.100      0.000
    I_MVI             64.295      0.258    248.799      0.000
    S_MVI              0.077      0.023      3.324      0.001

 Intercepts
    ABFAS_NV           0.000      0.000    999.000    999.000
    BBFAS_NV           0.000      0.000    999.000    999.000
    CBFAS_NV           0.000      0.000    999.000    999.000
    DBFAS_NV           0.000      0.000    999.000    999.000
    AMVI               0.000      0.000    999.000    999.000
    BMVI               0.000      0.000    999.000    999.000
    CMVI               0.000      0.000    999.000    999.000
    DMVI               0.000      0.000    999.000    999.000
    P2                 0.000      0.000    999.000    999.000
    P3                 0.000      0.000    999.000    999.000
    P4                 0.000      0.000    999.000    999.000
    V2                 0.000      0.000    999.000    999.000
    V3                 0.000      0.000    999.000    999.000
    V4                 0.000      0.000    999.000    999.000

 Variances
    P1               138.439     25.341      5.463      0.000
    V1                16.618      3.325      4.998      0.000
    I_BFAS_NV        334.152     24.389     13.701      0.000
    S_BFAS_NV          0.222      0.175      1.268      0.205
    I_MVI             44.173      3.540     12.480      0.000
    S_MVI              0.016      0.026      0.589      0.556

 Residual Variances
    ABFAS_NV           0.000      0.000    999.000    999.000
    BBFAS_NV           0.000      0.000    999.000    999.000
    CBFAS_NV           0.000      0.000    999.000    999.000
    DBFAS_NV           0.000      0.000    999.000    999.000
    AMVI               0.000      0.000    999.000    999.000
    BMVI               0.000      0.000    999.000    999.000
    CMVI               0.000      0.000    999.000    999.000
    DMVI               0.000      0.000    999.000    999.000
    P2                77.117      8.637      8.929      0.000
    P3                77.117      8.637      8.929      0.000
    P4                77.117      8.637      8.929      0.000
    V2                14.943      2.031      7.359      0.000
    V3                14.943      2.031      7.359      0.000
    V4                14.943      2.031      7.359      0.000

Group D4

 P1       BY
    ABFAS_NV           1.000      0.000    999.000    999.000

 P2       BY
    BBFAS_NV           1.000      0.000    999.000    999.000

 P3       BY
    CBFAS_NV           1.000      0.000    999.000    999.000

 P4       BY
    DBFAS_NV           1.000      0.000    999.000    999.000

 V1       BY
    AMVI               1.000      0.000    999.000    999.000

 V2       BY
    BMVI               1.000      0.000    999.000    999.000

 V3       BY
    CMVI               1.000      0.000    999.000    999.000

 V4       BY
    DMVI               1.000      0.000    999.000    999.000

 P4         ON
    P3                 0.359      0.110      3.261      0.001
    V3                 0.066      0.203      0.325      0.745

 P3         ON
    P2                 0.359      0.110      3.261      0.001
    V2                 0.066      0.203      0.325      0.745

 P2         ON
    P1                 0.359      0.110      3.261      0.001
    V1                 0.066      0.203      0.325      0.745

 V4         ON
    V3                 0.032      0.073      0.436      0.663
    P3                -0.008      0.029     -0.260      0.795

 V3         ON
    V2                 0.032      0.073      0.436      0.663
    P2                -0.008      0.029     -0.260      0.795

 V2         ON
    V1                 0.032      0.073      0.436      0.663
    P1                -0.008      0.029     -0.260      0.795

 S_BFAS_N WITH
    I_BFAS_NV         -1.197      0.943     -1.269      0.204
    S_MVI             -0.019      0.052     -0.360      0.719
    I_MVI             -0.607      1.045     -0.580      0.562

 I_BFAS_N WITH
    S_MVI              0.255      1.042      0.244      0.807
    I_MVI            -14.779      7.226     -2.045      0.041

 S_MVI    WITH
    I_MVI             -0.088      0.158     -0.557      0.577

 P1       WITH
    V1                -1.841      4.007     -0.459      0.646

 P2       WITH
    V2                -2.609      2.148     -1.214      0.225

 P3       WITH
    V3                -2.609      2.148     -1.214      0.225

 P4       WITH
    V4                -2.609      2.148     -1.214      0.225

 Means
    P1                 0.000      0.000    999.000    999.000
    V1                 0.000      0.000    999.000    999.000
    I_BFAS_NV         43.762      0.706     62.010      0.000
    S_BFAS_NV         -0.261      0.064     -4.100      0.000
    I_MVI             64.295      0.258    248.799      0.000
    S_MVI              0.077      0.023      3.324      0.001

 Intercepts
    ABFAS_NV           0.000      0.000    999.000    999.000
    BBFAS_NV           0.000      0.000    999.000    999.000
    CBFAS_NV           0.000      0.000    999.000    999.000
    DBFAS_NV           0.000      0.000    999.000    999.000
    AMVI               0.000      0.000    999.000    999.000
    BMVI               0.000      0.000    999.000    999.000
    CMVI               0.000      0.000    999.000    999.000
    DMVI               0.000      0.000    999.000    999.000
    P2                 0.000      0.000    999.000    999.000
    P3                 0.000      0.000    999.000    999.000
    P4                 0.000      0.000    999.000    999.000
    V2                 0.000      0.000    999.000    999.000
    V3                 0.000      0.000    999.000    999.000
    V4                 0.000      0.000    999.000    999.000

 Variances
    P1                82.702     18.671      4.429      0.000
    V1                15.461      2.478      6.239      0.000
    I_BFAS_NV        334.152     24.389     13.701      0.000
    S_BFAS_NV          0.222      0.175      1.268      0.205
    I_MVI             44.173      3.540     12.480      0.000
    S_MVI              0.016      0.026      0.589      0.556

 Residual Variances
    ABFAS_NV           0.000      0.000    999.000    999.000
    BBFAS_NV           0.000      0.000    999.000    999.000
    CBFAS_NV           0.000      0.000    999.000    999.000
    DBFAS_NV           0.000      0.000    999.000    999.000
    AMVI               0.000      0.000    999.000    999.000
    BMVI               0.000      0.000    999.000    999.000
    CMVI               0.000      0.000    999.000    999.000
    DMVI               0.000      0.000    999.000    999.000
    P2                95.623     10.008      9.554      0.000
    P3                95.623     10.008      9.554      0.000
    P4                95.623     10.008      9.554      0.000
    V2                10.622      1.209      8.788      0.000
    V3                10.622      1.209      8.788      0.000
    V4                10.622      1.209      8.788      0.000

Group D5

 P1       BY
    ABFAS_NV           1.000      0.000    999.000    999.000

 P2       BY
    BBFAS_NV           1.000      0.000    999.000    999.000

 P3       BY
    CBFAS_NV           1.000      0.000    999.000    999.000

 P4       BY
    DBFAS_NV           1.000      0.000    999.000    999.000

 V1       BY
    AMVI               1.000      0.000    999.000    999.000

 V2       BY
    BMVI               1.000      0.000    999.000    999.000

 V3       BY
    CMVI               1.000      0.000    999.000    999.000

 V4       BY
    DMVI               1.000      0.000    999.000    999.000

 P4         ON
    P3                 0.078      0.085      0.915      0.360
    V3                -0.253      0.186     -1.361      0.174

 P3         ON
    P2                 0.078      0.085      0.915      0.360
    V2                -0.253      0.186     -1.361      0.174

 P2         ON
    P1                 0.078      0.085      0.915      0.360
    V1                -0.253      0.186     -1.361      0.174

 V4         ON
    V3                 0.155      0.132      1.177      0.239
    P3                 0.037      0.039      0.948      0.343

 V3         ON
    V2                 0.155      0.132      1.177      0.239
    P2                 0.037      0.039      0.948      0.343

 V2         ON
    V1                 0.155      0.132      1.177      0.239
    P1                 0.037      0.039      0.948      0.343

 S_BFAS_N WITH
    I_BFAS_NV         -1.197      0.943     -1.269      0.204
    S_MVI             -0.019      0.052     -0.360      0.719
    I_MVI             -0.607      1.045     -0.580      0.562

 I_BFAS_N WITH
    S_MVI              0.255      1.042      0.244      0.807
    I_MVI            -14.779      7.226     -2.045      0.041

 S_MVI    WITH
    I_MVI             -0.088      0.158     -0.557      0.577

 P1       WITH
    V1                 3.018      6.746      0.447      0.655

 P2       WITH
    V2                -3.220      2.824     -1.140      0.254

 P3       WITH
    V3                -3.220      2.824     -1.140      0.254

 P4       WITH
    V4                -3.220      2.824     -1.140      0.254

 Means
    P1                 0.000      0.000    999.000    999.000
    V1                 0.000      0.000    999.000    999.000
    I_BFAS_NV         43.762      0.706     62.010      0.000
    S_BFAS_NV         -0.261      0.064     -4.100      0.000
    I_MVI             64.295      0.258    248.799      0.000
    S_MVI              0.077      0.023      3.324      0.001

 Intercepts
    ABFAS_NV           0.000      0.000    999.000    999.000
    BBFAS_NV           0.000      0.000    999.000    999.000
    CBFAS_NV           0.000      0.000    999.000    999.000
    DBFAS_NV           0.000      0.000    999.000    999.000
    AMVI               0.000      0.000    999.000    999.000
    BMVI               0.000      0.000    999.000    999.000
    CMVI               0.000      0.000    999.000    999.000
    DMVI               0.000      0.000    999.000    999.000
    P2                 0.000      0.000    999.000    999.000
    P3                 0.000      0.000    999.000    999.000
    P4                 0.000      0.000    999.000    999.000
    V2                 0.000      0.000    999.000    999.000
    V3                 0.000      0.000    999.000    999.000
    V4                 0.000      0.000    999.000    999.000

 Variances
    P1               105.125     27.066      3.884      0.000
    V1                18.932      5.703      3.320      0.001
    I_BFAS_NV        334.152     24.389     13.701      0.000
    S_BFAS_NV          0.222      0.175      1.268      0.205
    I_MVI             44.173      3.540     12.480      0.000
    S_MVI              0.016      0.026      0.589      0.556

 Residual Variances
    ABFAS_NV           0.000      0.000    999.000    999.000
    BBFAS_NV           0.000      0.000    999.000    999.000
    CBFAS_NV           0.000      0.000    999.000    999.000
    DBFAS_NV           0.000      0.000    999.000    999.000
    AMVI               0.000      0.000    999.000    999.000
    BMVI               0.000      0.000    999.000    999.000
    CMVI               0.000      0.000    999.000    999.000
    DMVI               0.000      0.000    999.000    999.000
    P2                62.296      8.914      6.988      0.000
    P3                62.296      8.914      6.988      0.000
    P4                62.296      8.914      6.988      0.000
    V2                12.480      1.675      7.449      0.000
    V3                12.480      1.675      7.449      0.000
    V4                12.480      1.675      7.449      0.000


QUALITY OF NUMERICAL RESULTS

     Condition Number for the Information Matrix              0.180E-05
       (ratio of smallest to largest eigenvalue)


     Beginning Time:  17:50:20
        Ending Time:  17:50:34
       Elapsed Time:  00:00:14



MUTHEN & MUTHEN
3463 Stoner Ave.
Los Angeles, CA  90066

Tel: (310) 391-9971
Fax: (310) 391-8971
Web: www.StatModel.com
Support: Support@StatModel.com

Copyright (c) 1998-2017 Muthen & Muthen
