Mplus VERSION 8 (Linux)
MUTHEN & MUTHEN
07/07/2018   4:17 PM

INPUT INSTRUCTIONS


  title: PxVx Bivariate LCM-SR - post mi - Linear bfi_n with Linear hrz_ind_d;
  data: file = /home/jflournoy/code_new/lnt_pxvx/Data/lnt_nat_recalc.tsv;

  variable:
  names =
  subjid
  aage
  aaspfin
  aaspfin_d
  abfa_mt
  abfa_mt_d
  abfas_ac
  abfas_ap
  abfas_ci
  abfas_co
  abfas_ea
  abfas_ee
  abfas_nv
  abfas_nv9
  abfas_nw
  abfas_oi
  abfas_oo
  abfi_a
  abfi_a6
  abfi_c
  abfi_d_scale
  abfi_e
  abfi_hp8
  abfi_n
  abfi_o
  abfi_s_scale
  ahrz_col
  ahrz_col_d
  ahrz_ind
  ahrz_ind_d
  amvi
  ausi
  ausi_d
  avrt_col
  avrt_col_d
  avrt_ind
  avrt_ind_d
  bage
  baspfin
  baspfin_d
  bbfa_mt
  bbfa_mt_d
  bbfas_ac
  bbfas_ap
  bbfas_ci
  bbfas_co
  bbfas_ea
  bbfas_ee
  bbfas_nv
  bbfas_nv9
  bbfas_nw
  bbfas_oi
  bbfas_oo
  bbfi_a
  bbfi_a6
  bbfi_c
  bbfi_d_scale
  bbfi_e
  bbfi_hp8
  bbfi_n
  bbfi_o
  bbfi_s_scale
  bhrz_col
  bhrz_col_d
  bhrz_ind
  bhrz_ind_d
  bmvi
  busi
  busi_d
  bvrt_col
  bvrt_col_d
  bvrt_ind
  bvrt_ind_d
  cage
  caspfin
  caspfin_d
  cbfa_mt
  cbfa_mt_d
  cbfas_ac
  cbfas_ap
  cbfas_ci
  cbfas_co
  cbfas_ea
  cbfas_ee
  cbfas_nv
  cbfas_nv9
  cbfas_nw
  cbfas_oi
  cbfas_oo
  cbfi_a
  cbfi_a6
  cbfi_c
  cbfi_d_scale
  cbfi_e
  cbfi_hp8
  cbfi_n
  cbfi_o
  cbfi_s_scale
  chrz_col
  chrz_col_d
  chrz_ind
  chrz_ind_d
  cmvi
  cusi
  cusi_d
  cvrt_col
  cvrt_col_d
  cvrt_ind
  cvrt_ind_d
  dage
  daspfin
  daspfin_d
  dbfa_mt
  dbfa_mt_d
  dbfas_ac
  dbfas_ap
  dbfas_ci
  dbfas_co
  dbfas_ea
  dbfas_ee
  dbfas_nv
  dbfas_nv9
  dbfas_nw
  dbfas_oi
  dbfas_oo
  dbfi_a
  dbfi_a6
  dbfi_c
  dbfi_d_scale
  dbfi_e
  dbfi_hp8
  dbfi_n
  dbfi_o
  dbfi_s_scale
  dhrz_col
  dhrz_col_d
  dhrz_ind
  dhrz_ind_d
  dmvi
  dusi
  dusi_d
  dvrt_col
  dvrt_col_d
  dvrt_ind
  dvrt_ind_d;

  USEVARIABLES =
  abfi_n
  bbfi_n
  cbfi_n
  dbfi_n
  ahrz_ind_d
  bhrz_ind_d
  chrz_ind_d
  dhrz_ind_d
  a1
  a2
  a3
  a4
  ;

  missing = all (-9999);

  tscores = a1 a2 a3 a4;

  DEFINE:
  a1 = aage + 0 - 36;
  a2 = aage + 1 - 36;
  a3 = aage + 2 - 36;
  a4 = aage + 3 - 36;

  ANALYSIS:
  TYPE=RANDOM;
  PROCESSORS = 6;
  model=nocovariances; ! supresses default estimation of certain covs in model;

  MODEL:

  i_bfi_n s_bfi_n | abfi_n bbfi_n cbfi_n dbfi_n AT a1 a2 a3 a4;
  i_hrz_ind_d s_hrz_ind_d | ahrz_ind_d bhrz_ind_d chrz_ind_d dhrz_ind_d AT a1 a2 a3 a4;

  ! freeing factor covs because of "nocovariances"
  s_bfi_n WITH i_bfi_n s_hrz_ind_d i_hrz_ind_d;
  i_bfi_n WITH s_hrz_ind_d i_hrz_ind_d;
  s_hrz_ind_d WITH i_hrz_ind_d;

  p1 BY abfi_n@1; ! Residual "factors";
  p2 BY bbfi_n@1;
  p3 BY cbfi_n@1;
  p4 BY dbfi_n@1;

  v1 BY ahrz_ind_d@1; ! Residual "factors";
  v2 BY bhrz_ind_d@1;
  v3 BY chrz_ind_d@1;
  v4 BY dhrz_ind_d@1;

  !residual variances on observed/manifest vars set to 0
  abfi_n@0;
  bbfi_n@0;
  cbfi_n@0;
  dbfi_n@0;

  !residual variances on observed/manifest vars set to 0
  ahrz_ind_d@0;
  bhrz_ind_d@0;
  chrz_ind_d@0;
  dhrz_ind_d@0;

  ! means of observed/manifest vars set to 0
  [abfi_n@0];
  [bbfi_n@0];
  [cbfi_n@0];
  [dbfi_n@0];

  ! means of observed/manifest vars set to 0
  [ahrz_ind_d@0];
  [bhrz_ind_d@0];
  [chrz_ind_d@0];
  [dhrz_ind_d@0];

  [p1@0]; ! means of residual "factors" set to 0
  [p2@0];
  [p3@0];
  [p4@0];

  [v1@0]; ! means of residual "factors" set to 0
  [v2@0];
  [v3@0];
  [v4@0];

  p4 on p3 (a); ! Autoregressive paths constrained to equality
  p3 on p2 (a);
  p2 on p1 (a);

  v4 on v3 (b); ! Autoregressive paths constrained to equality
  v3 on v2 (b);
  v2 on v1 (b);

  p4 on v3 (c); ! Cross-lagged paths constrained to equality
  p3 on v2 (c);
  p2 on v1 (c);

  v4 on p3 (d); ! Cross-lagged paths constrained to equality
  v3 on p2 (d);
  v2 on p1 (d);

  p1 with v1; !(this one is not like the others)

  p2 with v2 (e); ! Within-wave correlations constrained to equality
  p3 with v3 (e);
  p4 with v4 (e);

  p2 p3 p4 (f); ! estimate variances of residual "factors"
  v2 v3 v4 (g); ! estimate variances of residual "factors"

  OUTPUT: SAMPSTAT PATTERNS;



*** WARNING in VARIABLE command
  Note that only the first 8 characters of variable names are used in the output.
  Shorten variable names to avoid any confusion.
*** WARNING
  Data set contains cases with missing on time scores but non-missing on the
  corresponding dependent variables.  These cases were not included in the analysis.
  Number of such cases:  5
   2 WARNING(S) FOUND IN THE INPUT INSTRUCTIONS



PxVx Bivariate LCM-SR - post mi - Linear bfi_n with Linear hrz_ind_d;

SUMMARY OF ANALYSIS

Number of groups                                                 1
Number of observations                                         864

Number of dependent variables                                    8
Number of independent variables                                  0
Number of continuous latent variables                           12

Observed dependent variables

  Continuous
   ABFI_N      BBFI_N      CBFI_N      DBFI_N      AHRZ_IND_D  BHRZ_IND_D
   CHRZ_IND_D  DHRZ_IND_D

Continuous latent variables
   P1          P2          P3          P4          V1          V2
   V3          V4          I_BFI_N     S_BFI_N     I_HRZ_IN    S_HRZ_IN

Variables with special functions

  Time scores
   A1          A2          A3          A4


Estimator                                                      MLR
Information matrix                                        OBSERVED
Maximum number of iterations                                   100
Convergence criterion                                    0.100D-05
Maximum number of EM iterations                                500
Convergence criteria for the EM algorithm
  Loglikelihood change                                   0.100D-02
  Relative loglikelihood change                          0.100D-05
  Derivative                                             0.100D-03
Minimum variance                                         0.100D-03
Maximum number of steepest descent iterations                   20
Maximum number of iterations for H1                           2000
Convergence criterion for H1                             0.100D-03
Optimization algorithm                                         EMA

Input data file(s)
  /home/jflournoy/code_new/lnt_pxvx/Data/lnt_nat_recalc.tsv
Input data format  FREE


SUMMARY OF DATA

     Number of missing data patterns            20


SUMMARY OF MISSING DATA PATTERNS


     MISSING DATA PATTERNS (x = not missing)

           1  2  3  4  5  6  7  8  9 10 11 12 13 14 15 16 17 18 19 20
 ABFI_N    x  x  x  x  x  x  x  x  x  x  x  x  x     x  x  x  x  x  x
 BBFI_N    x     x  x     x     x     x  x  x  x        x     x
 CBFI_N    x           x  x     x  x     x  x  x           x  x  x
 DBFI_N    x     x     x  x  x           x     x  x     x        x  x
 AHRZ_IND  x  x  x  x  x  x  x  x  x  x  x  x  x  x     x  x  x  x  x
 BHRZ_IND  x     x  x     x     x        x  x                 x
 CHRZ_IND  x           x        x  x     x     x              x  x
 DHRZ_IND  x     x     x  x  x                 x  x     x     x


     MISSING DATA PATTERN FREQUENCIES

    Pattern   Frequency     Pattern   Frequency     Pattern   Frequency
          1         492           8          45          15           1
          2         168           9          21          16           1
          3          26          10           4          17           1
          4          48          11           1          18           1
          5          21          12           1          19           2
          6           2          13           3          20           2
          7          23          14           1


COVARIANCE COVERAGE OF DATA

Minimum covariance coverage value   0.100


     PROPORTION OF DATA PRESENT


           Covariance Coverage
              ABFI_N        BBFI_N        CBFI_N        DBFI_N        AHRZ_IND
              ________      ________      ________      ________      ________
 ABFI_N         0.999
 BBFI_N         0.722         0.722
 CBFI_N         0.683         0.631         0.683
 DBFI_N         0.663         0.608         0.603         0.664
 AHRZ_IND       0.998         0.722         0.683         0.664         0.999
 BHRZ_IND       0.713         0.713         0.627         0.603         0.713
 CHRZ_IND       0.678         0.627         0.678         0.601         0.678
 DHRZ_IND       0.659         0.608         0.601         0.659         0.660


           Covariance Coverage
              BHRZ_IND      CHRZ_IND      DHRZ_IND
              ________      ________      ________
 BHRZ_IND       0.713
 CHRZ_IND       0.624         0.678
 DHRZ_IND       0.603         0.598         0.660


SAMPLE STATISTICS


     ESTIMATED SAMPLE STATISTICS


           Means
              ABFI_N        BBFI_N        CBFI_N        DBFI_N        AHRZ_IND
              ________      ________      ________      ________      ________
               49.606        49.013        48.082        47.977        72.798


           Means
              BHRZ_IND      CHRZ_IND      DHRZ_IND
              ________      ________      ________
               72.852        73.362        72.491


           Covariances
              ABFI_N        BBFI_N        CBFI_N        DBFI_N        AHRZ_IND
              ________      ________      ________      ________      ________
 ABFI_N       458.606
 BBFI_N       362.198       454.619
 CBFI_N       357.102       378.055       452.382
 DBFI_N       369.883       388.653       406.042       496.581
 AHRZ_IND     -14.585        -5.083        11.467         4.539       323.625
 BHRZ_IND     -21.371       -13.585        -3.683        -6.636       182.452
 CHRZ_IND     -10.752        -8.040       -12.308       -14.248       167.377
 DHRZ_IND      -5.748        -4.956         3.524        -0.652       155.666


           Covariances
              BHRZ_IND      CHRZ_IND      DHRZ_IND
              ________      ________      ________
 BHRZ_IND     321.487
 CHRZ_IND     173.341       307.236
 DHRZ_IND     185.988       183.553       292.166


           Correlations
              ABFI_N        BBFI_N        CBFI_N        DBFI_N        AHRZ_IND
              ________      ________      ________      ________      ________
 ABFI_N         1.000
 BBFI_N         0.793         1.000
 CBFI_N         0.784         0.834         1.000
 DBFI_N         0.775         0.818         0.857         1.000
 AHRZ_IND      -0.038        -0.013         0.030         0.011         1.000
 BHRZ_IND      -0.056        -0.036        -0.010        -0.017         0.566
 CHRZ_IND      -0.029        -0.022        -0.033        -0.036         0.531
 DHRZ_IND      -0.016        -0.014         0.010        -0.002         0.506


           Correlations
              BHRZ_IND      CHRZ_IND      DHRZ_IND
              ________      ________      ________
 BHRZ_IND       1.000
 CHRZ_IND       0.552         1.000
 DHRZ_IND       0.607         0.613         1.000


     MAXIMUM LOG-LIKELIHOOD VALUE FOR THE UNRESTRICTED (H1) MODEL IS -21649.776


UNIVARIATE SAMPLE STATISTICS


     UNIVARIATE HIGHER-ORDER MOMENT DESCRIPTIVE STATISTICS

         Variable/         Mean/     Skewness/   Minimum/ % with                Percentiles
        Sample Size      Variance    Kurtosis    Maximum  Min/Max      20%/60%    40%/80%    Median

     ABFI_N               49.583       0.031       0.000    0.46%      28.125     43.750     50.000
             863.000     458.460      -0.595     100.000    0.35%      56.250     68.750
     BBFI_N               48.868      -0.055       0.000    0.48%      31.250     43.750     50.000
             624.000     461.225      -0.545     100.000    0.32%      56.250     68.750
     CBFI_N               47.733       0.034       0.000    1.02%      28.125     40.625     46.875
             590.000     458.678      -0.585     100.000    0.34%      53.125     65.625
     DBFI_N               47.461      -0.025       0.000    1.05%      25.000     40.625     46.875
             574.000     496.931      -0.643     100.000    0.35%      53.125     68.750
     AHRZ_IND_D           72.798      -0.550       8.333    0.12%      58.333     66.667     75.000
             863.000     323.626      -0.015     100.000    9.85%      75.000     91.667
     BHRZ_IND_D           72.923      -0.421      16.667    0.32%      58.333     66.667     75.000
             616.000     322.590      -0.191     100.000   11.69%      75.000     91.667
     CHRZ_IND_D           73.535      -0.447       8.333    0.34%      58.333     66.667     75.000
             586.000     308.221       0.063     100.000   12.12%      75.000     91.667
     DHRZ_IND_D           72.573      -0.477      16.667    0.18%      58.333     66.667     75.000
             570.000     293.087      -0.143     100.000    8.25%      75.000     83.333


THE MODEL ESTIMATION TERMINATED NORMALLY



MODEL FIT INFORMATION

Number of Free Parameters                       24

Loglikelihood

          H0 Value                      -21663.671
          H0 Scaling Correction Factor      1.1610
            for MLR

Information Criteria

          Akaike (AIC)                   43375.342
          Bayesian (BIC)                 43489.620
          Sample-Size Adjusted BIC       43413.402
            (n* = (n + 2) / 24)



MODEL RESULTS

                                                    Two-Tailed
                    Estimate       S.E.  Est./S.E.    P-Value

 P1       BY
    ABFI_N             1.000      0.000    999.000    999.000

 P2       BY
    BBFI_N             1.000      0.000    999.000    999.000

 P3       BY
    CBFI_N             1.000      0.000    999.000    999.000

 P4       BY
    DBFI_N             1.000      0.000    999.000    999.000

 V1       BY
    AHRZ_IND_D         1.000      0.000    999.000    999.000

 V2       BY
    BHRZ_IND_D         1.000      0.000    999.000    999.000

 V3       BY
    CHRZ_IND_D         1.000      0.000    999.000    999.000

 V4       BY
    DHRZ_IND_D         1.000      0.000    999.000    999.000

 P4         ON
    P3                 0.118      0.048      2.454      0.014
    V3                -0.033      0.026     -1.276      0.202

 P3         ON
    P2                 0.118      0.048      2.454      0.014
    V2                -0.033      0.026     -1.276      0.202

 P2         ON
    P1                 0.118      0.048      2.454      0.014
    V1                -0.033      0.026     -1.276      0.202

 V4         ON
    V3                 0.035      0.047      0.746      0.456
    P3                -0.034      0.041     -0.828      0.408

 V3         ON
    V2                 0.035      0.047      0.746      0.456
    P2                -0.034      0.041     -0.828      0.408

 V2         ON
    V1                 0.035      0.047      0.746      0.456
    P1                -0.034      0.041     -0.828      0.408

 S_BFI_N  WITH
    I_BFI_N           -1.268      0.889     -1.425      0.154
    S_HRZ_IND_        -0.010      0.109     -0.088      0.930
    I_HRZ_IND_         1.723      2.478      0.695      0.487

 I_BFI_N  WITH
    S_HRZ_IND_        -0.447      2.535     -0.176      0.860
    I_HRZ_IND_        -5.393     15.434     -0.349      0.727

 S_HRZ_IN WITH
    I_HRZ_IND_         0.020      0.662      0.030      0.976

 P1       WITH
    V1               -12.580      7.315     -1.720      0.085

 P2       WITH
    V2                -5.531      3.961     -1.396      0.163

 P3       WITH
    V3                -5.531      3.961     -1.396      0.163

 P4       WITH
    V4                -5.531      3.961     -1.396      0.163

 Means
    P1                 0.000      0.000    999.000    999.000
    V1                 0.000      0.000    999.000    999.000
    I_BFI_N           49.143      0.695     70.714      0.000
    S_BFI_N           -0.268      0.062     -4.312      0.000
    I_HRZ_IND_        72.965      0.521    139.941      0.000
    S_HRZ_IND_        -0.075      0.048     -1.580      0.114

 Intercepts
    ABFI_N             0.000      0.000    999.000    999.000
    BBFI_N             0.000      0.000    999.000    999.000
    CBFI_N             0.000      0.000    999.000    999.000
    DBFI_N             0.000      0.000    999.000    999.000
    AHRZ_IND_D         0.000      0.000    999.000    999.000
    BHRZ_IND_D         0.000      0.000    999.000    999.000
    CHRZ_IND_D         0.000      0.000    999.000    999.000
    DHRZ_IND_D         0.000      0.000    999.000    999.000
    P2                 0.000      0.000    999.000    999.000
    P3                 0.000      0.000    999.000    999.000
    P4                 0.000      0.000    999.000    999.000
    V2                 0.000      0.000    999.000    999.000
    V3                 0.000      0.000    999.000    999.000
    V4                 0.000      0.000    999.000    999.000

 Variances
    P1               120.590     11.316     10.656      0.000
    V1               160.990     14.850     10.841      0.000
    I_BFI_N          345.477     23.702     14.576      0.000
    S_BFI_N            0.166      0.164      1.010      0.312
    I_HRZ_IND_       167.317     15.586     10.735      0.000
    S_HRZ_IND_         0.038      0.122      0.309      0.757

 Residual Variances
    ABFI_N             0.000      0.000    999.000    999.000
    BBFI_N             0.000      0.000    999.000    999.000
    CBFI_N             0.000      0.000    999.000    999.000
    DBFI_N             0.000      0.000    999.000    999.000
    AHRZ_IND_D         0.000      0.000    999.000    999.000
    BHRZ_IND_D         0.000      0.000    999.000    999.000
    CHRZ_IND_D         0.000      0.000    999.000    999.000
    DHRZ_IND_D         0.000      0.000    999.000    999.000
    P2                84.575      5.698     14.843      0.000
    P3                84.575      5.698     14.843      0.000
    P4                84.575      5.698     14.843      0.000
    V2               131.404      8.224     15.979      0.000
    V3               131.404      8.224     15.979      0.000
    V4               131.404      8.224     15.979      0.000


QUALITY OF NUMERICAL RESULTS

     Condition Number for the Information Matrix              0.657E-05
       (ratio of smallest to largest eigenvalue)


     Beginning Time:  16:17:45
        Ending Time:  16:18:12
       Elapsed Time:  00:00:27



MUTHEN & MUTHEN
3463 Stoner Ave.
Los Angeles, CA  90066

Tel: (310) 391-9971
Fax: (310) 391-8971
Web: www.StatModel.com
Support: Support@StatModel.com

Copyright (c) 1998-2017 Muthen & Muthen
