Mplus VERSION 8 (Linux)
MUTHEN & MUTHEN
07/08/2018   6:01 PM

INPUT INSTRUCTIONS


  title: PxVx Bivariate LCM-SR - decadegroup - Linear bfas_oo with Linear hrz_col_d;
  data: file = /home/jflournoy/code_new/lnt_pxvx/Data/lnt_nat_recalc.tsv;

  variable:
  names =
  subjid
  aage
  aaspfin
  aaspfin_d
  abfa_mt
  abfa_mt_d
  abfas_ac
  abfas_ap
  abfas_ci
  abfas_co
  abfas_ea
  abfas_ee
  abfas_nv
  abfas_nv9
  abfas_nw
  abfas_oi
  abfas_oo
  abfi_a
  abfi_a6
  abfi_c
  abfi_d_scale
  abfi_e
  abfi_hp8
  abfi_n
  abfi_o
  abfi_s_scale
  ahrz_col
  ahrz_col_d
  ahrz_ind
  ahrz_ind_d
  amvi
  ausi
  ausi_d
  avrt_col
  avrt_col_d
  avrt_ind
  avrt_ind_d
  bage
  baspfin
  baspfin_d
  bbfa_mt
  bbfa_mt_d
  bbfas_ac
  bbfas_ap
  bbfas_ci
  bbfas_co
  bbfas_ea
  bbfas_ee
  bbfas_nv
  bbfas_nv9
  bbfas_nw
  bbfas_oi
  bbfas_oo
  bbfi_a
  bbfi_a6
  bbfi_c
  bbfi_d_scale
  bbfi_e
  bbfi_hp8
  bbfi_n
  bbfi_o
  bbfi_s_scale
  bhrz_col
  bhrz_col_d
  bhrz_ind
  bhrz_ind_d
  bmvi
  busi
  busi_d
  bvrt_col
  bvrt_col_d
  bvrt_ind
  bvrt_ind_d
  cage
  caspfin
  caspfin_d
  cbfa_mt
  cbfa_mt_d
  cbfas_ac
  cbfas_ap
  cbfas_ci
  cbfas_co
  cbfas_ea
  cbfas_ee
  cbfas_nv
  cbfas_nv9
  cbfas_nw
  cbfas_oi
  cbfas_oo
  cbfi_a
  cbfi_a6
  cbfi_c
  cbfi_d_scale
  cbfi_e
  cbfi_hp8
  cbfi_n
  cbfi_o
  cbfi_s_scale
  chrz_col
  chrz_col_d
  chrz_ind
  chrz_ind_d
  cmvi
  cusi
  cusi_d
  cvrt_col
  cvrt_col_d
  cvrt_ind
  cvrt_ind_d
  dage
  daspfin
  daspfin_d
  dbfa_mt
  dbfa_mt_d
  dbfas_ac
  dbfas_ap
  dbfas_ci
  dbfas_co
  dbfas_ea
  dbfas_ee
  dbfas_nv
  dbfas_nv9
  dbfas_nw
  dbfas_oi
  dbfas_oo
  dbfi_a
  dbfi_a6
  dbfi_c
  dbfi_d_scale
  dbfi_e
  dbfi_hp8
  dbfi_n
  dbfi_o
  dbfi_s_scale
  dhrz_col
  dhrz_col_d
  dhrz_ind
  dhrz_ind_d
  dmvi
  dusi
  dusi_d
  dvrt_col
  dvrt_col_d
  dvrt_ind
  dvrt_ind_d;

  USEVARIABLES =
  abfas_oo
  bbfas_oo
  cbfas_oo
  dbfas_oo
  ahrz_col_d
  bhrz_col_d
  chrz_col_d
  dhrz_col_d
  a1
  a2
  a3
  a4
  aagegrp
  ;

  missing = all (-9999);

  tscores = a1 a2 a3 a4;

  grouping = aagegrp (0=d2, 1=d3, 2=d4, 3=d5);

  DEFINE:

  aagegrp = aage;

  cut aagegrp (29 39 49);

  a1 = aage + 0 - 36;
  a2 = aage + 1 - 36;
  a3 = aage + 2 - 36;
  a4 = aage + 3 - 36;

  ANALYSIS:
  TYPE=RANDOM;
  PROCESSORS = 6;
  model=nocovariances; ! supresses default estimation of certain covs in model;

  MODEL:

  i_bfas_oo s_bfas_oo | abfas_oo bbfas_oo cbfas_oo dbfas_oo AT a1 a2 a3 a4;
  i_hrz_col_d s_hrz_col_d | ahrz_col_d bhrz_col_d chrz_col_d dhrz_col_d AT a1 a2 a3 a4;

  ! freeing factor covs because of "nocovariances"
  ! But ensure they are constrained across groups
  s_bfas_oo WITH i_bfas_oo (p)
  s_hrz_col_d (q)
  i_hrz_col_d (r);
  i_bfas_oo WITH s_hrz_col_d (s)
  i_hrz_col_d (t);
  s_hrz_col_d WITH i_hrz_col_d (u);

  !constrain latent growth means across groups
  [i_bfas_oo] (v);
  [s_bfas_oo] (w);
  [i_hrz_col_d] (x);
  [s_hrz_col_d] (y);

  !constrain latent growth variances across groups
  i_bfas_oo (l);
  s_bfas_oo (m);
  i_hrz_col_d (n);
  s_hrz_col_d (o);

  p1 BY abfas_oo@1; ! Residual "factors";
  p2 BY bbfas_oo@1;
  p3 BY cbfas_oo@1;
  p4 BY dbfas_oo@1;

  v1 BY ahrz_col_d@1; ! Residual "factors";
  v2 BY bhrz_col_d@1;
  v3 BY chrz_col_d@1;
  v4 BY dhrz_col_d@1;

  !residual variances on observed/manifest vars set to 0
  abfas_oo@0;
  bbfas_oo@0;
  cbfas_oo@0;
  dbfas_oo@0;

  !residual variances on observed/manifest vars set to 0
  ahrz_col_d@0;
  bhrz_col_d@0;
  chrz_col_d@0;
  dhrz_col_d@0;

  ! means of observed/manifest vars set to 0
  [abfas_oo@0];
  [bbfas_oo@0];
  [cbfas_oo@0];
  [dbfas_oo@0];

  ! means of observed/manifest vars set to 0
  [ahrz_col_d@0];
  [bhrz_col_d@0];
  [chrz_col_d@0];
  [dhrz_col_d@0];

  [p1@0]; ! means of residual "factors" set to 0
  [p2@0];
  [p3@0];
  [p4@0];

  [v1@0]; ! means of residual "factors" set to 0
  [v2@0];
  [v3@0];
  [v4@0];

  p4 on p3 (a); ! Autoregressive paths constrained to equality
  p3 on p2 (a);
  p2 on p1 (a);

  v4 on v3 (b); ! Autoregressive paths constrained to equality
  v3 on v2 (b);
  v2 on v1 (b);

  p4 on v3 (c); ! Cross-lagged paths constrained to equality
  p3 on v2 (c);
  p2 on v1 (c);

  v4 on p3 (d); ! Cross-lagged paths constrained to equality
  v3 on p2 (d);
  v2 on p1 (d);

  p1 with v1; !(this one is not like the others)

  p2 with v2 (e); ! Within-wave correlations constrained to equality
  p3 with v3 (e);
  p4 with v4 (e);

  p2 p3 p4 (f); ! estimate variances of residual "factors"
  v2 v3 v4 (g); ! estimate variances of residual "factors"

  MODEL d2:

  p4 on p3 (a2); ! Autoregressive paths constrained to equality
  p3 on p2 (a2);
  p2 on p1 (a2);

  v4 on v3 (b2); ! Autoregressive paths constrained to equality
  v3 on v2 (b2);
  v2 on v1 (b2);

  p4 on v3 (c2); ! Cross-lagged paths constrained to equality
  p3 on v2 (c2);
  p2 on v1 (c2);

  v4 on p3 (d2); ! Cross-lagged paths constrained to equality
  v3 on p2 (d2);
  v2 on p1 (d2);

  p1 with v1; !(this one is not like the others)

  p2 with v2 (e2); ! Within-wave correlations constrained to equality
  p3 with v3 (e2);
  p4 with v4 (e2);

  p2 p3 p4 (f2); ! estimate variances of residual "factors"
  v2 v3 v4 (g2); ! estimate variances of residual "factors"

  MODEL d3:

  p4 on p3 (a3); ! Autoregressive paths constrained to equality
  p3 on p2 (a3);
  p2 on p1 (a3);

  v4 on v3 (b3); ! Autoregressive paths constrained to equality
  v3 on v2 (b3);
  v2 on v1 (b3);

  p4 on v3 (c3); ! Cross-lagged paths constrained to equality
  p3 on v2 (c3);
  p2 on v1 (c3);

  v4 on p3 (d3); ! Cross-lagged paths constrained to equality
  v3 on p2 (d3);
  v2 on p1 (d3);

  p1 with v1; !(this one is not like the others)

  p2 with v2 (e3); ! Within-wave correlations constrained to equality
  p3 with v3 (e3);
  p4 with v4 (e3);

  p2 p3 p4 (f3); ! estimate variances of residual "factors"
  v2 v3 v4 (g3); ! estimate variances of residual "factors"

  MODEL d4:

  p4 on p3 (a4); ! Autoregressive paths constrained to equality
  p3 on p2 (a4);
  p2 on p1 (a4);

  v4 on v3 (b4); ! Autoregressive paths constrained to equality
  v3 on v2 (b4);
  v2 on v1 (b4);

  p4 on v3 (c4); ! Cross-lagged paths constrained to equality
  p3 on v2 (c4);
  p2 on v1 (c4);

  v4 on p3 (d4); ! Cross-lagged paths constrained to equality
  v3 on p2 (d4);
  v2 on p1 (d4);

  p1 with v1; !(this one is not like the others)

  p2 with v2 (e4); ! Within-wave correlations constrained to equality
  p3 with v3 (e4);
  p4 with v4 (e4);

  p2 p3 p4 (f4); ! estimate variances of residual "factors"
  v2 v3 v4 (g4); ! estimate variances of residual "factors"

  MODEL d5:

  p4 on p3 (a5); ! Autoregressive paths constrained to equality
  p3 on p2 (a5);
  p2 on p1 (a5);

  v4 on v3 (b5); ! Autoregressive paths constrained to equality
  v3 on v2 (b5);
  v2 on v1 (b5);

  p4 on v3 (c5); ! Cross-lagged paths constrained to equality
  p3 on v2 (c5);
  p2 on v1 (c5);

  v4 on p3 (d5); ! Cross-lagged paths constrained to equality
  v3 on p2 (d5);
  v2 on p1 (d5);

  p1 with v1; !(this one is not like the others)

  p2 with v2 (e5); ! Within-wave correlations constrained to equality
  p3 with v3 (e5);
  p4 with v4 (e5);

  p2 p3 p4 (f5); ! estimate variances of residual "factors"
  v2 v3 v4 (g5); ! estimate variances of residual "factors"

  OUTPUT: SAMPSTAT PATTERNS;



*** WARNING in VARIABLE command
  Note that only the first 8 characters of variable names are used in the output.
  Shorten variable names to avoid any confusion.
*** WARNING
  Data set contains unknown or missing values for GROUPING,
  PATTERN, COHORT, CLUSTER and/or STRATIFICATION variables.
  Number of cases with unknown or missing values:  5
   2 WARNING(S) FOUND IN THE INPUT INSTRUCTIONS



PxVx Bivariate LCM-SR - decadegroup - Linear bfas_oo with Linear hrz_col_d;

SUMMARY OF ANALYSIS

Number of groups                                                 4
Number of observations
   Group D2                                                    301
   Group D3                                                    233
   Group D4                                                    198
   Group D5                                                    132
   Total sample size                                           864

Number of dependent variables                                    8
Number of independent variables                                  0
Number of continuous latent variables                           12

Observed dependent variables

  Continuous
   ABFAS_OO    BBFAS_OO    CBFAS_OO    DBFAS_OO    AHRZ_COL_D  BHRZ_COL_D
   CHRZ_COL_D  DHRZ_COL_D

Continuous latent variables
   P1          P2          P3          P4          V1          V2
   V3          V4          I_BFAS_O    S_BFAS_O    I_HRZ_CO    S_HRZ_CO

Variables with special functions

  Grouping variable     AAGEGRP

  Time scores
   A1          A2          A3          A4


Estimator                                                      MLR
Information matrix                                        OBSERVED
Maximum number of iterations                                   100
Convergence criterion                                    0.100D-05
Maximum number of EM iterations                                500
Convergence criteria for the EM algorithm
  Loglikelihood change                                   0.100D-02
  Relative loglikelihood change                          0.100D-05
  Derivative                                             0.100D-03
Minimum variance                                         0.100D-03
Maximum number of steepest descent iterations                   20
Maximum number of iterations for H1                           2000
Convergence criterion for H1                             0.100D-03
Optimization algorithm                                         EMA

Input data file(s)
  /home/jflournoy/code_new/lnt_pxvx/Data/lnt_nat_recalc.tsv
Input data format  FREE


SUMMARY OF DATA

   Group D2
     Number of missing data patterns            14

   Group D3
     Number of missing data patterns            10

   Group D4
     Number of missing data patterns            15

   Group D5
     Number of missing data patterns             9


SUMMARY OF MISSING DATA PATTERNS


     MISSING DATA PATTERNS (x = not missing) FOR D2

           1  2  3  4  5  6  7  8  9 10 11 12 13 14
 ABFAS_OO  x  x  x  x  x  x  x  x  x  x  x  x  x  x
 BBFAS_OO  x     x  x  x  x           x  x  x  x
 CBFAS_OO  x        x     x     x  x  x  x  x     x
 DBFAS_OO  x     x  x        x     x     x        x
 AHRZ_COL  x  x  x  x  x  x  x  x  x  x  x  x  x  x
 BHRZ_COL  x     x  x  x  x           x     x     x
 CHRZ_COL  x              x     x  x     x  x     x
 DHRZ_COL  x     x  x        x     x     x  x     x


     MISSING DATA PATTERN FREQUENCIES FOR D2

    Pattern   Frequency     Pattern   Frequency     Pattern   Frequency
          1         186           6          13          11           2
          2          57           7          11          12           1
          3           6           8           5          13           1
          4           1           9           5          14           1
          5          11          10           1


     MISSING DATA PATTERNS (x = not missing) FOR D3

           1  2  3  4  5  6  7  8  9 10
 ABFAS_OO  x  x  x  x  x  x  x  x  x  x
 BBFAS_OO  x     x  x  x           x
 CBFAS_OO  x           x     x  x
 DBFAS_OO  x     x        x     x     x
 AHRZ_COL  x  x  x  x  x  x  x  x  x  x
 BHRZ_COL  x     x  x  x
 CHRZ_COL  x           x     x  x
 DHRZ_COL  x     x        x     x


     MISSING DATA PATTERN FREQUENCIES FOR D3

    Pattern   Frequency     Pattern   Frequency     Pattern   Frequency
          1         140           5           7           9           1
          2          44           6           3          10           1
          3           8           7           7
          4          15           8           7


     MISSING DATA PATTERNS (x = not missing) FOR D4

           1  2  3  4  5  6  7  8  9 10 11 12 13 14 15
 ABFAS_OO  x  x  x  x  x  x  x  x  x  x  x  x  x  x  x
 BBFAS_OO  x     x  x  x  x           x  x        x
 CBFAS_OO  x        x     x     x  x  x     x        x
 DBFAS_OO  x     x  x        x     x  x     x     x
 AHRZ_COL  x  x  x  x  x  x  x  x  x  x  x  x     x  x
 BHRZ_COL  x     x  x  x  x                 x
 CHRZ_COL  x              x     x  x  x     x
 DHRZ_COL  x     x  x        x     x  x     x     x


     MISSING DATA PATTERN FREQUENCIES FOR D4

    Pattern   Frequency     Pattern   Frequency     Pattern   Frequency
          1         103           6          15          11           2
          2          39           7           4          12           1
          3           7           8           5          13           1
          4           1           9           5          14           1
          5          12          10           1          15           1


     MISSING DATA PATTERNS (x = not missing) FOR D5

           1  2  3  4  5  6  7  8  9
 ABFAS_OO  x  x  x  x  x  x  x  x
 BBFAS_OO  x     x  x  x           x
 CBFAS_OO  x           x     x  x  x
 DBFAS_OO  x     x        x     x  x
 AHRZ_COL  x  x  x  x  x  x  x  x  x
 BHRZ_COL  x     x  x  x           x
 CHRZ_COL  x           x     x  x  x
 DHRZ_COL  x     x        x     x  x


     MISSING DATA PATTERN FREQUENCIES FOR D5

    Pattern   Frequency     Pattern   Frequency     Pattern   Frequency
          1          60           4          10           7           6
          2          29           5          11           8           4
          3           5           6           6           9           1


COVARIANCE COVERAGE OF DATA

Minimum covariance coverage value   0.100


     PROPORTION OF DATA PRESENT FOR D2


           Covariance Coverage
              ABFAS_OO      BBFAS_OO      CBFAS_OO      DBFAS_OO      AHRZ_COL
              ________      ________      ________      ________      ________
 ABFAS_OO       1.000
 BBFAS_OO       0.738         0.738
 CBFAS_OO       0.714         0.678         0.714
 DBFAS_OO       0.704         0.648         0.648         0.704
 AHRZ_COL       1.000         0.738         0.714         0.704         1.000
 BHRZ_COL       0.731         0.728         0.674         0.645         0.731
 CHRZ_COL       0.708         0.671         0.708         0.645         0.708
 DHRZ_COL       0.708         0.651         0.651         0.704         0.708


           Covariance Coverage
              BHRZ_COL      CHRZ_COL      DHRZ_COL
              ________      ________      ________
 BHRZ_COL       0.731
 CHRZ_COL       0.668         0.708
 DHRZ_COL       0.648         0.648         0.708


     PROPORTION OF DATA PRESENT FOR D3


           Covariance Coverage
              ABFAS_OO      BBFAS_OO      CBFAS_OO      DBFAS_OO      AHRZ_COL
              ________      ________      ________      ________      ________
 ABFAS_OO       1.000
 BBFAS_OO       0.747         0.747
 CBFAS_OO       0.717         0.682         0.717
 DBFAS_OO       0.734         0.700         0.670         0.734
 AHRZ_COL       1.000         0.747         0.717         0.734         1.000
 BHRZ_COL       0.747         0.747         0.682         0.700         0.747
 CHRZ_COL       0.648         0.614         0.648         0.605         0.648
 DHRZ_COL       0.734         0.700         0.670         0.734         0.734


           Covariance Coverage
              BHRZ_COL      CHRZ_COL      DHRZ_COL
              ________      ________      ________
 BHRZ_COL       0.747
 CHRZ_COL       0.614         0.648
 DHRZ_COL       0.700         0.605         0.734


     PROPORTION OF DATA PRESENT FOR D4


           Covariance Coverage
              ABFAS_OO      BBFAS_OO      CBFAS_OO      DBFAS_OO      AHRZ_COL
              ________      ________      ________      ________      ________
 ABFAS_OO       1.000
 BBFAS_OO       0.722         0.722
 CBFAS_OO       0.677         0.621         0.677
 DBFAS_OO       0.626         0.571         0.566         0.626
 AHRZ_COL       1.000         0.722         0.677         0.626         1.000
 BHRZ_COL       0.712         0.707         0.616         0.566         0.712
 CHRZ_COL       0.667         0.611         0.667         0.561         0.667
 DHRZ_COL       0.626         0.576         0.571         0.621         0.626


           Covariance Coverage
              BHRZ_COL      CHRZ_COL      DHRZ_COL
              ________      ________      ________
 BHRZ_COL       0.712
 CHRZ_COL       0.606         0.667
 DHRZ_COL       0.571         0.566         0.626


     PROPORTION OF DATA PRESENT FOR D5


           Covariance Coverage
              ABFAS_OO      BBFAS_OO      CBFAS_OO      DBFAS_OO      AHRZ_COL
              ________      ________      ________      ________      ________
 ABFAS_OO       1.000
 BBFAS_OO       0.697         0.697
 CBFAS_OO       0.614         0.576         0.614
 DBFAS_OO       0.621         0.568         0.538         0.621
 AHRZ_COL       1.000         0.697         0.614         0.621         1.000
 BHRZ_COL       0.697         0.697         0.576         0.568         0.697
 CHRZ_COL       0.538         0.500         0.538         0.462         0.538
 DHRZ_COL       0.621         0.568         0.538         0.621         0.621


           Covariance Coverage
              BHRZ_COL      CHRZ_COL      DHRZ_COL
              ________      ________      ________
 BHRZ_COL       0.697
 CHRZ_COL       0.500         0.538
 DHRZ_COL       0.568         0.462         0.621


SAMPLE STATISTICS


     ESTIMATED SAMPLE STATISTICS FOR D2


           Means
              ABFAS_OO      BBFAS_OO      CBFAS_OO      DBFAS_OO      AHRZ_COL
              ________      ________      ________      ________      ________
               74.825        73.834        74.218        73.163        70.460


           Means
              BHRZ_COL      CHRZ_COL      DHRZ_COL
              ________      ________      ________
               69.075        68.635        68.062


           Covariances
              ABFAS_OO      BBFAS_OO      CBFAS_OO      DBFAS_OO      AHRZ_COL
              ________      ________      ________      ________      ________
 ABFAS_OO     250.201
 BBFAS_OO     199.714       257.425
 CBFAS_OO     199.788       214.396       275.483
 DBFAS_OO     194.402       197.053       224.880       261.773
 AHRZ_COL      35.217        35.936        15.844         5.543       328.222
 BHRZ_COL      28.573        41.424        25.711         8.396       211.828
 CHRZ_COL      67.703        80.785        80.511        55.228       207.069
 DHRZ_COL      39.753        50.289        41.405        35.270       218.300


           Covariances
              BHRZ_COL      CHRZ_COL      DHRZ_COL
              ________      ________      ________
 BHRZ_COL     332.918
 CHRZ_COL     223.160       368.150
 DHRZ_COL     222.002       254.960       369.118


           Correlations
              ABFAS_OO      BBFAS_OO      CBFAS_OO      DBFAS_OO      AHRZ_COL
              ________      ________      ________      ________      ________
 ABFAS_OO       1.000
 BBFAS_OO       0.787         1.000
 CBFAS_OO       0.761         0.805         1.000
 DBFAS_OO       0.760         0.759         0.837         1.000
 AHRZ_COL       0.123         0.124         0.053         0.019         1.000
 BHRZ_COL       0.099         0.142         0.085         0.028         0.641
 CHRZ_COL       0.223         0.262         0.253         0.178         0.596
 DHRZ_COL       0.131         0.163         0.130         0.113         0.627


           Correlations
              BHRZ_COL      CHRZ_COL      DHRZ_COL
              ________      ________      ________
 BHRZ_COL       1.000
 CHRZ_COL       0.637         1.000
 DHRZ_COL       0.633         0.692         1.000


     ESTIMATED SAMPLE STATISTICS FOR D3


           Means
              ABFAS_OO      BBFAS_OO      CBFAS_OO      DBFAS_OO      AHRZ_COL
              ________      ________      ________      ________      ________
               71.955        72.324        70.419        71.393        72.979


           Means
              BHRZ_COL      CHRZ_COL      DHRZ_COL
              ________      ________      ________
               72.800        73.501        73.420


           Covariances
              ABFAS_OO      BBFAS_OO      CBFAS_OO      DBFAS_OO      AHRZ_COL
              ________      ________      ________      ________      ________
 ABFAS_OO     252.689
 BBFAS_OO     215.283       271.067
 CBFAS_OO     216.456       220.361       271.513
 DBFAS_OO     215.315       218.150       226.927       279.896
 AHRZ_COL      73.657        78.899        75.455        49.695       292.844
 BHRZ_COL      36.987        74.813        48.989        42.098       210.215
 CHRZ_COL      42.936        57.229        55.016        43.935       204.669
 DHRZ_COL      28.449        52.257        29.690        32.403       185.200


           Covariances
              BHRZ_COL      CHRZ_COL      DHRZ_COL
              ________      ________      ________
 BHRZ_COL     319.790
 CHRZ_COL     234.368       330.365
 DHRZ_COL     221.235       210.649       293.713


           Correlations
              ABFAS_OO      BBFAS_OO      CBFAS_OO      DBFAS_OO      AHRZ_COL
              ________      ________      ________      ________      ________
 ABFAS_OO       1.000
 BBFAS_OO       0.823         1.000
 CBFAS_OO       0.826         0.812         1.000
 DBFAS_OO       0.810         0.792         0.823         1.000
 AHRZ_COL       0.271         0.280         0.268         0.174         1.000
 BHRZ_COL       0.130         0.254         0.166         0.141         0.687
 CHRZ_COL       0.149         0.191         0.184         0.144         0.658
 DHRZ_COL       0.104         0.185         0.105         0.113         0.631


           Correlations
              BHRZ_COL      CHRZ_COL      DHRZ_COL
              ________      ________      ________
 BHRZ_COL       1.000
 CHRZ_COL       0.721         1.000
 DHRZ_COL       0.722         0.676         1.000


     ESTIMATED SAMPLE STATISTICS FOR D4


           Means
              ABFAS_OO      BBFAS_OO      CBFAS_OO      DBFAS_OO      AHRZ_COL
              ________      ________      ________      ________      ________
               71.167        72.299        71.880        71.728        72.881


           Means
              BHRZ_COL      CHRZ_COL      DHRZ_COL
              ________      ________      ________
               71.608        72.765        71.644


           Covariances
              ABFAS_OO      BBFAS_OO      CBFAS_OO      DBFAS_OO      AHRZ_COL
              ________      ________      ________      ________      ________
 ABFAS_OO     240.478
 BBFAS_OO     218.653       267.082
 CBFAS_OO     200.890       223.840       243.867
 DBFAS_OO     193.584       216.686       205.271       224.976
 AHRZ_COL      63.916        61.601        57.957        63.466       257.658
 BHRZ_COL      63.603        73.399        62.342        68.542       162.349
 CHRZ_COL      61.244        68.154        79.914        74.867       153.024
 DHRZ_COL      61.576        67.888        56.846        74.294       153.070


           Covariances
              BHRZ_COL      CHRZ_COL      DHRZ_COL
              ________      ________      ________
 BHRZ_COL     251.002
 CHRZ_COL     163.844       228.225
 DHRZ_COL     160.896       159.566       249.758


           Correlations
              ABFAS_OO      BBFAS_OO      CBFAS_OO      DBFAS_OO      AHRZ_COL
              ________      ________      ________      ________      ________
 ABFAS_OO       1.000
 BBFAS_OO       0.863         1.000
 CBFAS_OO       0.830         0.877         1.000
 DBFAS_OO       0.832         0.884         0.876         1.000
 AHRZ_COL       0.257         0.235         0.231         0.264         1.000
 BHRZ_COL       0.259         0.283         0.252         0.288         0.638
 CHRZ_COL       0.261         0.276         0.339         0.330         0.631
 DHRZ_COL       0.251         0.263         0.230         0.313         0.603


           Correlations
              BHRZ_COL      CHRZ_COL      DHRZ_COL
              ________      ________      ________
 BHRZ_COL       1.000
 CHRZ_COL       0.685         1.000
 DHRZ_COL       0.643         0.668         1.000


     ESTIMATED SAMPLE STATISTICS FOR D5


           Means
              ABFAS_OO      BBFAS_OO      CBFAS_OO      DBFAS_OO      AHRZ_COL
              ________      ________      ________      ________      ________
               74.681        74.490        73.659        72.632        78.314


           Means
              BHRZ_COL      CHRZ_COL      DHRZ_COL
              ________      ________      ________
               75.268        74.703        74.629


           Covariances
              ABFAS_OO      BBFAS_OO      CBFAS_OO      DBFAS_OO      AHRZ_COL
              ________      ________      ________      ________      ________
 ABFAS_OO     244.460
 BBFAS_OO     174.918       214.676
 CBFAS_OO     183.485       196.693       258.869
 DBFAS_OO     199.605       203.285       222.947       271.936
 AHRZ_COL      91.971        67.281        70.444        95.115       230.624
 BHRZ_COL      99.501        85.332        87.328       116.453       200.535
 CHRZ_COL      89.458        67.794        84.103       112.693       158.427
 DHRZ_COL      87.673        54.089        79.098       113.595       166.187


           Covariances
              BHRZ_COL      CHRZ_COL      DHRZ_COL
              ________      ________      ________
 BHRZ_COL     284.506
 CHRZ_COL     206.367       269.385
 DHRZ_COL     205.155       205.568       302.794


           Correlations
              ABFAS_OO      BBFAS_OO      CBFAS_OO      DBFAS_OO      AHRZ_COL
              ________      ________      ________      ________      ________
 ABFAS_OO       1.000
 BBFAS_OO       0.764         1.000
 CBFAS_OO       0.729         0.834         1.000
 DBFAS_OO       0.774         0.841         0.840         1.000
 AHRZ_COL       0.387         0.302         0.288         0.380         1.000
 BHRZ_COL       0.377         0.345         0.322         0.419         0.783
 CHRZ_COL       0.349         0.282         0.318         0.416         0.636
 DHRZ_COL       0.322         0.212         0.283         0.396         0.629


           Correlations
              BHRZ_COL      CHRZ_COL      DHRZ_COL
              ________      ________      ________
 BHRZ_COL       1.000
 CHRZ_COL       0.745         1.000
 DHRZ_COL       0.699         0.720         1.000


     MAXIMUM LOG-LIKELIHOOD VALUE FOR THE UNRESTRICTED (H1) MODEL IS -20496.700


UNIVARIATE SAMPLE STATISTICS


     UNIVARIATE HIGHER-ORDER MOMENT DESCRIPTIVE STATISTICS FOR D2

         Variable/         Mean/     Skewness/   Minimum/ % with                Percentiles
        Sample Size      Variance    Kurtosis    Maximum  Min/Max      20%/60%    40%/80%    Median

     ABFAS_OO             74.825      -0.642      20.000    0.33%      62.500     72.500     77.500
             301.000     250.201      -0.012     100.000    1.99%      80.000     90.000
     BBFAS_OO             73.328      -0.645      27.500    0.90%      60.000     70.000     75.000
             222.000     260.277       0.016     100.000    1.80%      80.000     87.500
     CBFAS_OO             74.195      -0.668      17.500    0.47%      62.500     70.000     77.500
             215.000     278.827       0.145     100.000    5.12%      80.000     87.500
     DBFAS_OO             73.491      -0.746      22.500    0.94%      60.000     70.000     77.500
             212.000     259.219       0.228     100.000    1.89%      80.000     87.500
     AHRZ_COL_D           70.460      -0.737       8.333    0.33%      58.333     66.667     75.000
             301.000     328.222       0.603     100.000    6.64%      75.000     83.333
     BHRZ_COL_D           69.508      -0.819      16.667    1.82%      58.333     66.667     75.000
             220.000     326.841       0.565     100.000    4.55%      75.000     83.333
     CHRZ_COL_D           68.818      -0.706       8.333    1.41%      58.333     66.667     75.000
             213.000     370.631       0.581     100.000    6.10%      75.000     83.333
     DHRZ_COL_D           68.545      -0.716       0.000    0.47%      50.000     66.667     75.000
             213.000     369.452       0.673     100.000    6.10%      75.000     83.333


     UNIVARIATE HIGHER-ORDER MOMENT DESCRIPTIVE STATISTICS FOR D3

         Variable/         Mean/     Skewness/   Minimum/ % with                Percentiles
        Sample Size      Variance    Kurtosis    Maximum  Min/Max      20%/60%    40%/80%    Median

     ABFAS_OO             71.955      -0.338      27.500    0.43%      57.500     70.000     72.500
             233.000     252.689      -0.528     100.000    2.15%      77.500     87.500
     BBFAS_OO             72.134      -0.387      22.500    0.58%      57.500     67.500     75.000
             171.000     261.764      -0.410     100.000    1.75%      77.778     87.500
     CBFAS_OO             70.130      -0.178      27.500    0.62%      55.000     65.000     70.000
             161.000     255.098      -0.711     100.000    1.24%      75.000     85.000
     DBFAS_OO             71.209      -0.509      25.000    0.63%      57.500     67.500     72.500
             159.000     265.222      -0.153     100.000    3.14%      77.500     85.000
     AHRZ_COL_D           72.979      -0.581      25.000    1.29%      58.333     75.000     75.000
             233.000     292.844      -0.001     100.000    8.15%      75.000     83.333
     BHRZ_COL_D           72.451      -0.674      16.667    1.18%      58.333     75.000     75.000
             170.000     312.743       0.242     100.000    7.06%      75.000     91.667
     CHRZ_COL_D           73.292      -0.616      16.667    0.62%      58.333     75.000     75.000
             161.000     323.601      -0.003     100.000    9.32%      75.000     91.667
     DHRZ_COL_D           73.049      -1.005       0.000    0.63%      66.667     66.667     75.000
             158.000     298.143       1.975     100.000    7.59%      75.000     83.333


     UNIVARIATE HIGHER-ORDER MOMENT DESCRIPTIVE STATISTICS FOR D4

         Variable/         Mean/     Skewness/   Minimum/ % with                Percentiles
        Sample Size      Variance    Kurtosis    Maximum  Min/Max      20%/60%    40%/80%    Median

     ABFAS_OO             71.167      -0.457      27.500    1.01%      57.500     67.500     72.500
             198.000     240.478      -0.344     100.000    1.01%      77.500     85.000
     BBFAS_OO             72.790      -0.610      17.500    0.70%      57.500     70.000     75.000
             142.000     266.085      -0.093     100.000    0.70%      80.000     87.500
     CBFAS_OO             73.622      -0.403      32.500    0.76%      60.000     70.000     75.000
             132.000     235.955      -0.528     100.000    3.79%      80.000     87.500
     DBFAS_OO             72.373      -0.619      30.000    0.81%      57.500     70.000     75.000
             123.000     236.217      -0.486     100.000    1.63%      80.000     87.500
     AHRZ_COL_D           72.906      -0.450      16.667    0.51%      58.333     75.000     75.000
             197.000     257.619       0.470     100.000   10.15%      75.000     83.333
     BHRZ_COL_D           70.923      -0.496      16.667    0.72%      58.333     66.667     75.000
             139.000     261.158       0.224     100.000    5.04%      75.000     83.333
     CHRZ_COL_D           73.077      -0.153      25.000    0.77%      58.333     66.667     75.000
             130.000     230.276      -0.240     100.000    7.69%      75.000     83.333
     DHRZ_COL_D           71.816      -0.512      25.000    1.63%      58.333     66.667     75.000
             123.000     247.878       0.275     100.000    4.88%      75.000     83.333


     UNIVARIATE HIGHER-ORDER MOMENT DESCRIPTIVE STATISTICS FOR D5

         Variable/         Mean/     Skewness/   Minimum/ % with                Percentiles
        Sample Size      Variance    Kurtosis    Maximum  Min/Max      20%/60%    40%/80%    Median

     ABFAS_OO             74.567      -0.598      27.500    0.76%      60.000     72.500     75.000
             131.000     243.975      -0.081     100.000    3.05%      80.000     87.500
     BBFAS_OO             74.284      -0.374      42.500    2.30%      60.000     70.000     75.000
              87.000     210.596      -0.633     100.000    2.30%      80.000     86.111
     CBFAS_OO             73.797      -0.510      27.500    1.22%      60.000     70.000     77.500
              82.000     258.672      -0.268     100.000    6.10%      80.000     87.500
     DBFAS_OO             74.539      -0.944      15.000    1.32%      60.000     72.500     76.250
              76.000     267.551       1.128     100.000    1.32%      80.000     90.000
     AHRZ_COL_D           78.314      -0.627      41.667    3.79%      66.667     75.000     83.333
             132.000     230.624      -0.165     100.000   12.12%      83.333     91.667
     BHRZ_COL_D           75.718      -0.963      16.667    1.15%      66.667     75.000     75.000
              87.000     279.058       1.070     100.000    8.05%      83.333     91.667
     CHRZ_COL_D           74.695      -0.720      16.667    1.22%      58.333     75.000     75.000
              82.000     275.144       1.141     100.000   10.98%      75.000     91.667
     DHRZ_COL_D           75.987      -1.306       0.000    1.32%      66.667     75.000     75.000
              76.000     288.683       3.856     100.000   10.53%      83.333     91.667


THE MODEL ESTIMATION TERMINATED NORMALLY



MODEL FIT INFORMATION

Number of Free Parameters                       54

Loglikelihood

          H0 Value                      -20560.298
          H0 Scaling Correction Factor      1.3656
            for MLR

Information Criteria

          Akaike (AIC)                   41228.595
          Bayesian (BIC)                 41485.720
          Sample-Size Adjusted BIC       41314.230
            (n* = (n + 2) / 24)



MODEL RESULTS

                                                    Two-Tailed
                    Estimate       S.E.  Est./S.E.    P-Value

Group D2

 P1       BY
    ABFAS_OO           1.000      0.000    999.000    999.000

 P2       BY
    BBFAS_OO           1.000      0.000    999.000    999.000

 P3       BY
    CBFAS_OO           1.000      0.000    999.000    999.000

 P4       BY
    DBFAS_OO           1.000      0.000    999.000    999.000

 V1       BY
    AHRZ_COL_D         1.000      0.000    999.000    999.000

 V2       BY
    BHRZ_COL_D         1.000      0.000    999.000    999.000

 V3       BY
    CHRZ_COL_D         1.000      0.000    999.000    999.000

 V4       BY
    DHRZ_COL_D         1.000      0.000    999.000    999.000

 P4         ON
    P3                 0.242      0.101      2.401      0.016
    V3                 0.030      0.051      0.592      0.554

 P3         ON
    P2                 0.242      0.101      2.401      0.016
    V2                 0.030      0.051      0.592      0.554

 P2         ON
    P1                 0.242      0.101      2.401      0.016
    V1                 0.030      0.051      0.592      0.554

 V4         ON
    V3                 0.134      0.077      1.747      0.081
    P3                 0.114      0.107      1.068      0.286

 V3         ON
    V2                 0.134      0.077      1.747      0.081
    P2                 0.114      0.107      1.068      0.286

 V2         ON
    V1                 0.134      0.077      1.747      0.081
    P1                 0.114      0.107      1.068      0.286

 S_BFAS_O WITH
    I_BFAS_OO          0.321      0.651      0.493      0.622
    S_HRZ_COL_         0.009      0.085      0.105      0.916
    I_HRZ_COL_         0.192      1.878      0.102      0.918

 I_BFAS_O WITH
    S_HRZ_COL_         1.527      2.012      0.759      0.448
    I_HRZ_COL_        47.991     10.715      4.479      0.000

 S_HRZ_CO WITH
    I_HRZ_COL_        -1.474      0.835     -1.766      0.077

 P1       WITH
    V1                13.820     10.947      1.262      0.207

 P2       WITH
    V2                14.283      7.865      1.816      0.069

 P3       WITH
    V3                14.283      7.865      1.816      0.069

 P4       WITH
    V4                14.283      7.865      1.816      0.069

 Means
    P1                 0.000      0.000    999.000    999.000
    V1                 0.000      0.000    999.000    999.000
    I_BFAS_OO         72.995      0.525    139.003      0.000
    S_BFAS_OO         -0.085      0.048     -1.774      0.076
    I_HRZ_COL_        72.024      0.540    133.350      0.000
    S_HRZ_COL_         0.162      0.048      3.349      0.001

 Intercepts
    ABFAS_OO           0.000      0.000    999.000    999.000
    BBFAS_OO           0.000      0.000    999.000    999.000
    CBFAS_OO           0.000      0.000    999.000    999.000
    DBFAS_OO           0.000      0.000    999.000    999.000
    AHRZ_COL_D         0.000      0.000    999.000    999.000
    BHRZ_COL_D         0.000      0.000    999.000    999.000
    CHRZ_COL_D         0.000      0.000    999.000    999.000
    DHRZ_COL_D         0.000      0.000    999.000    999.000
    P2                 0.000      0.000    999.000    999.000
    P3                 0.000      0.000    999.000    999.000
    P4                 0.000      0.000    999.000    999.000
    V2                 0.000      0.000    999.000    999.000
    V3                 0.000      0.000    999.000    999.000
    V4                 0.000      0.000    999.000    999.000

 Variances
    P1                65.013     11.755      5.530      0.000
    V1               129.113     25.008      5.163      0.000
    I_BFAS_OO        197.135     13.053     15.103      0.000
    S_BFAS_OO          0.035      0.098      0.361      0.718
    I_HRZ_COL_       181.837     16.503     11.019      0.000
    S_HRZ_COL_         0.091      0.119      0.767      0.443

 Residual Variances
    ABFAS_OO           0.000      0.000    999.000    999.000
    BBFAS_OO           0.000      0.000    999.000    999.000
    CBFAS_OO           0.000      0.000    999.000    999.000
    DBFAS_OO           0.000      0.000    999.000    999.000
    AHRZ_COL_D         0.000      0.000    999.000    999.000
    BHRZ_COL_D         0.000      0.000    999.000    999.000
    CHRZ_COL_D         0.000      0.000    999.000    999.000
    DHRZ_COL_D         0.000      0.000    999.000    999.000
    P2                62.819      9.590      6.550      0.000
    P3                62.819      9.590      6.550      0.000
    P4                62.819      9.590      6.550      0.000
    V2               139.412     12.909     10.800      0.000
    V3               139.412     12.909     10.800      0.000
    V4               139.412     12.909     10.800      0.000

Group D3

 P1       BY
    ABFAS_OO           1.000      0.000    999.000    999.000

 P2       BY
    BBFAS_OO           1.000      0.000    999.000    999.000

 P3       BY
    CBFAS_OO           1.000      0.000    999.000    999.000

 P4       BY
    DBFAS_OO           1.000      0.000    999.000    999.000

 V1       BY
    AHRZ_COL_D         1.000      0.000    999.000    999.000

 V2       BY
    BHRZ_COL_D         1.000      0.000    999.000    999.000

 V3       BY
    CHRZ_COL_D         1.000      0.000    999.000    999.000

 V4       BY
    DHRZ_COL_D         1.000      0.000    999.000    999.000

 P4         ON
    P3                 0.140      0.133      1.053      0.292
    V3                -0.034      0.057     -0.589      0.556

 P3         ON
    P2                 0.140      0.133      1.053      0.292
    V2                -0.034      0.057     -0.589      0.556

 P2         ON
    P1                 0.140      0.133      1.053      0.292
    V1                -0.034      0.057     -0.589      0.556

 V4         ON
    V3                 0.071      0.100      0.717      0.474
    P3                -0.233      0.116     -2.009      0.045

 V3         ON
    V2                 0.071      0.100      0.717      0.474
    P2                -0.233      0.116     -2.009      0.045

 V2         ON
    V1                 0.071      0.100      0.717      0.474
    P1                -0.233      0.116     -2.009      0.045

 S_BFAS_O WITH
    I_BFAS_OO          0.321      0.651      0.493      0.622
    S_HRZ_COL_         0.009      0.085      0.105      0.916
    I_HRZ_COL_         0.192      1.878      0.102      0.918

 I_BFAS_O WITH
    S_HRZ_COL_         1.527      2.012      0.759      0.448
    I_HRZ_COL_        47.991     10.715      4.479      0.000

 S_HRZ_CO WITH
    I_HRZ_COL_        -1.474      0.835     -1.766      0.077

 P1       WITH
    V1                19.695      8.465      2.327      0.020

 P2       WITH
    V2                 2.972      5.487      0.542      0.588

 P3       WITH
    V3                 2.972      5.487      0.542      0.588

 P4       WITH
    V4                 2.972      5.487      0.542      0.588

 Means
    P1                 0.000      0.000    999.000    999.000
    V1                 0.000      0.000    999.000    999.000
    I_BFAS_OO         72.995      0.525    139.003      0.000
    S_BFAS_OO         -0.085      0.048     -1.774      0.076
    I_HRZ_COL_        72.024      0.540    133.350      0.000
    S_HRZ_COL_         0.162      0.048      3.349      0.001

 Intercepts
    ABFAS_OO           0.000      0.000    999.000    999.000
    BBFAS_OO           0.000      0.000    999.000    999.000
    CBFAS_OO           0.000      0.000    999.000    999.000
    DBFAS_OO           0.000      0.000    999.000    999.000
    AHRZ_COL_D         0.000      0.000    999.000    999.000
    BHRZ_COL_D         0.000      0.000    999.000    999.000
    CHRZ_COL_D         0.000      0.000    999.000    999.000
    DHRZ_COL_D         0.000      0.000    999.000    999.000
    P2                 0.000      0.000    999.000    999.000
    P3                 0.000      0.000    999.000    999.000
    P4                 0.000      0.000    999.000    999.000
    V2                 0.000      0.000    999.000    999.000
    V3                 0.000      0.000    999.000    999.000
    V4                 0.000      0.000    999.000    999.000

 Variances
    P1                42.891      9.557      4.488      0.000
    V1               100.779     23.930      4.211      0.000
    I_BFAS_OO        197.135     13.053     15.103      0.000
    S_BFAS_OO          0.035      0.098      0.361      0.718
    I_HRZ_COL_       181.837     16.503     11.019      0.000
    S_HRZ_COL_         0.091      0.119      0.767      0.443

 Residual Variances
    ABFAS_OO           0.000      0.000    999.000    999.000
    BBFAS_OO           0.000      0.000    999.000    999.000
    CBFAS_OO           0.000      0.000    999.000    999.000
    DBFAS_OO           0.000      0.000    999.000    999.000
    AHRZ_COL_D         0.000      0.000    999.000    999.000
    BHRZ_COL_D         0.000      0.000    999.000    999.000
    CHRZ_COL_D         0.000      0.000    999.000    999.000
    DHRZ_COL_D         0.000      0.000    999.000    999.000
    P2                58.522      8.114      7.212      0.000
    P3                58.522      8.114      7.212      0.000
    P4                58.522      8.114      7.212      0.000
    V2                99.077     12.711      7.794      0.000
    V3                99.077     12.711      7.794      0.000
    V4                99.077     12.711      7.794      0.000

Group D4

 P1       BY
    ABFAS_OO           1.000      0.000    999.000    999.000

 P2       BY
    BBFAS_OO           1.000      0.000    999.000    999.000

 P3       BY
    CBFAS_OO           1.000      0.000    999.000    999.000

 P4       BY
    DBFAS_OO           1.000      0.000    999.000    999.000

 V1       BY
    AHRZ_COL_D         1.000      0.000    999.000    999.000

 V2       BY
    BHRZ_COL_D         1.000      0.000    999.000    999.000

 V3       BY
    CHRZ_COL_D         1.000      0.000    999.000    999.000

 V4       BY
    DHRZ_COL_D         1.000      0.000    999.000    999.000

 P4         ON
    P3                 0.076      0.069      1.116      0.264
    V3                 0.009      0.048      0.199      0.843

 P3         ON
    P2                 0.076      0.069      1.116      0.264
    V2                 0.009      0.048      0.199      0.843

 P2         ON
    P1                 0.076      0.069      1.116      0.264
    V1                 0.009      0.048      0.199      0.843

 V4         ON
    V3                 0.065      0.103      0.626      0.531
    P3                -0.056      0.129     -0.437      0.662

 V3         ON
    V2                 0.065      0.103      0.626      0.531
    P2                -0.056      0.129     -0.437      0.662

 V2         ON
    V1                 0.065      0.103      0.626      0.531
    P1                -0.056      0.129     -0.437      0.662

 S_BFAS_O WITH
    I_BFAS_OO          0.321      0.651      0.493      0.622
    S_HRZ_COL_         0.009      0.085      0.105      0.916
    I_HRZ_COL_         0.192      1.878      0.102      0.918

 I_BFAS_O WITH
    S_HRZ_COL_         1.527      2.012      0.759      0.448
    I_HRZ_COL_        47.991     10.715      4.479      0.000

 S_HRZ_CO WITH
    I_HRZ_COL_        -1.474      0.835     -1.766      0.077

 P1       WITH
    V1                 6.127      7.559      0.811      0.418

 P2       WITH
    V2                 9.654      4.663      2.071      0.038

 P3       WITH
    V3                 9.654      4.663      2.071      0.038

 P4       WITH
    V4                 9.654      4.663      2.071      0.038

 Means
    P1                 0.000      0.000    999.000    999.000
    V1                 0.000      0.000    999.000    999.000
    I_BFAS_OO         72.995      0.525    139.003      0.000
    S_BFAS_OO         -0.085      0.048     -1.774      0.076
    I_HRZ_COL_        72.024      0.540    133.350      0.000
    S_HRZ_COL_         0.162      0.048      3.349      0.001

 Intercepts
    ABFAS_OO           0.000      0.000    999.000    999.000
    BBFAS_OO           0.000      0.000    999.000    999.000
    CBFAS_OO           0.000      0.000    999.000    999.000
    DBFAS_OO           0.000      0.000    999.000    999.000
    AHRZ_COL_D         0.000      0.000    999.000    999.000
    BHRZ_COL_D         0.000      0.000    999.000    999.000
    CHRZ_COL_D         0.000      0.000    999.000    999.000
    DHRZ_COL_D         0.000      0.000    999.000    999.000
    P2                 0.000      0.000    999.000    999.000
    P3                 0.000      0.000    999.000    999.000
    P4                 0.000      0.000    999.000    999.000
    V2                 0.000      0.000    999.000    999.000
    V3                 0.000      0.000    999.000    999.000
    V4                 0.000      0.000    999.000    999.000

 Variances
    P1                46.107      8.540      5.399      0.000
    V1               104.205     13.135      7.933      0.000
    I_BFAS_OO        197.135     13.053     15.103      0.000
    S_BFAS_OO          0.035      0.098      0.361      0.718
    I_HRZ_COL_       181.837     16.503     11.019      0.000
    S_HRZ_COL_         0.091      0.119      0.767      0.443

 Residual Variances
    ABFAS_OO           0.000      0.000    999.000    999.000
    BBFAS_OO           0.000      0.000    999.000    999.000
    CBFAS_OO           0.000      0.000    999.000    999.000
    DBFAS_OO           0.000      0.000    999.000    999.000
    AHRZ_COL_D         0.000      0.000    999.000    999.000
    BHRZ_COL_D         0.000      0.000    999.000    999.000
    CHRZ_COL_D         0.000      0.000    999.000    999.000
    DHRZ_COL_D         0.000      0.000    999.000    999.000
    P2                32.496      3.695      8.795      0.000
    P3                32.496      3.695      8.795      0.000
    P4                32.496      3.695      8.795      0.000
    V2                85.668      9.653      8.874      0.000
    V3                85.668      9.653      8.874      0.000
    V4                85.668      9.653      8.874      0.000

Group D5

 P1       BY
    ABFAS_OO           1.000      0.000    999.000    999.000

 P2       BY
    BBFAS_OO           1.000      0.000    999.000    999.000

 P3       BY
    CBFAS_OO           1.000      0.000    999.000    999.000

 P4       BY
    DBFAS_OO           1.000      0.000    999.000    999.000

 V1       BY
    AHRZ_COL_D         1.000      0.000    999.000    999.000

 V2       BY
    BHRZ_COL_D         1.000      0.000    999.000    999.000

 V3       BY
    CHRZ_COL_D         1.000      0.000    999.000    999.000

 V4       BY
    DHRZ_COL_D         1.000      0.000    999.000    999.000

 P4         ON
    P3                 0.054      0.090      0.594      0.553
    V3                 0.110      0.101      1.083      0.279

 P3         ON
    P2                 0.054      0.090      0.594      0.553
    V2                 0.110      0.101      1.083      0.279

 P2         ON
    P1                 0.054      0.090      0.594      0.553
    V1                 0.110      0.101      1.083      0.279

 V4         ON
    V3                 0.458      0.189      2.425      0.015
    P3                 0.033      0.172      0.190      0.850

 V3         ON
    V2                 0.458      0.189      2.425      0.015
    P2                 0.033      0.172      0.190      0.850

 V2         ON
    V1                 0.458      0.189      2.425      0.015
    P1                 0.033      0.172      0.190      0.850

 S_BFAS_O WITH
    I_BFAS_OO          0.321      0.651      0.493      0.622
    S_HRZ_COL_         0.009      0.085      0.105      0.916
    I_HRZ_COL_         0.192      1.878      0.102      0.918

 I_BFAS_O WITH
    S_HRZ_COL_         1.527      2.012      0.759      0.448
    I_HRZ_COL_        47.991     10.715      4.479      0.000

 S_HRZ_CO WITH
    I_HRZ_COL_        -1.474      0.835     -1.766      0.077

 P1       WITH
    V1                23.064     18.646      1.237      0.216

 P2       WITH
    V2                10.095      8.466      1.192      0.233

 P3       WITH
    V3                10.095      8.466      1.192      0.233

 P4       WITH
    V4                10.095      8.466      1.192      0.233

 Means
    P1                 0.000      0.000    999.000    999.000
    V1                 0.000      0.000    999.000    999.000
    I_BFAS_OO         72.995      0.525    139.003      0.000
    S_BFAS_OO         -0.085      0.048     -1.774      0.076
    I_HRZ_COL_        72.024      0.540    133.350      0.000
    S_HRZ_COL_         0.162      0.048      3.349      0.001

 Intercepts
    ABFAS_OO           0.000      0.000    999.000    999.000
    BBFAS_OO           0.000      0.000    999.000    999.000
    CBFAS_OO           0.000      0.000    999.000    999.000
    DBFAS_OO           0.000      0.000    999.000    999.000
    AHRZ_COL_D         0.000      0.000    999.000    999.000
    BHRZ_COL_D         0.000      0.000    999.000    999.000
    CHRZ_COL_D         0.000      0.000    999.000    999.000
    DHRZ_COL_D         0.000      0.000    999.000    999.000
    P2                 0.000      0.000    999.000    999.000
    P3                 0.000      0.000    999.000    999.000
    P4                 0.000      0.000    999.000    999.000
    V2                 0.000      0.000    999.000    999.000
    V3                 0.000      0.000    999.000    999.000
    V4                 0.000      0.000    999.000    999.000

 Variances
    P1                80.722     16.876      4.783      0.000
    V1                94.624     24.452      3.870      0.000
    I_BFAS_OO        197.135     13.053     15.103      0.000
    S_BFAS_OO          0.035      0.098      0.361      0.718
    I_HRZ_COL_       181.837     16.503     11.019      0.000
    S_HRZ_COL_         0.091      0.119      0.767      0.443

 Residual Variances
    ABFAS_OO           0.000      0.000    999.000    999.000
    BBFAS_OO           0.000      0.000    999.000    999.000
    CBFAS_OO           0.000      0.000    999.000    999.000
    DBFAS_OO           0.000      0.000    999.000    999.000
    AHRZ_COL_D         0.000      0.000    999.000    999.000
    BHRZ_COL_D         0.000      0.000    999.000    999.000
    CHRZ_COL_D         0.000      0.000    999.000    999.000
    DHRZ_COL_D         0.000      0.000    999.000    999.000
    P2                43.121      8.230      5.239      0.000
    P3                43.121      8.230      5.239      0.000
    P4                43.121      8.230      5.239      0.000
    V2               106.996     17.588      6.083      0.000
    V3               106.996     17.588      6.083      0.000
    V4               106.996     17.588      6.083      0.000


QUALITY OF NUMERICAL RESULTS

     Condition Number for the Information Matrix              0.980E-05
       (ratio of smallest to largest eigenvalue)


     Beginning Time:  18:01:57
        Ending Time:  18:02:28
       Elapsed Time:  00:00:31



MUTHEN & MUTHEN
3463 Stoner Ave.
Los Angeles, CA  90066

Tel: (310) 391-9971
Fax: (310) 391-8971
Web: www.StatModel.com
Support: Support@StatModel.com

Copyright (c) 1998-2017 Muthen & Muthen
