Mplus VERSION 8 (Linux)
MUTHEN & MUTHEN
07/08/2018   5:26 PM

INPUT INSTRUCTIONS


  title: PxVx Bivariate LCM-SR - decadegroup - Linear bfas_ci with Linear vrt_ind;
  data: file = /home/jflournoy/code_new/lnt_pxvx/Data/lnt_nat_recalc.tsv;

  variable:
  names =
  subjid
  aage
  aaspfin
  aaspfin_d
  abfa_mt
  abfa_mt_d
  abfas_ac
  abfas_ap
  abfas_ci
  abfas_co
  abfas_ea
  abfas_ee
  abfas_nv
  abfas_nv9
  abfas_nw
  abfas_oi
  abfas_oo
  abfi_a
  abfi_a6
  abfi_c
  abfi_d_scale
  abfi_e
  abfi_hp8
  abfi_n
  abfi_o
  abfi_s_scale
  ahrz_col
  ahrz_col_d
  ahrz_ind
  ahrz_ind_d
  amvi
  ausi
  ausi_d
  avrt_col
  avrt_col_d
  avrt_ind
  avrt_ind_d
  bage
  baspfin
  baspfin_d
  bbfa_mt
  bbfa_mt_d
  bbfas_ac
  bbfas_ap
  bbfas_ci
  bbfas_co
  bbfas_ea
  bbfas_ee
  bbfas_nv
  bbfas_nv9
  bbfas_nw
  bbfas_oi
  bbfas_oo
  bbfi_a
  bbfi_a6
  bbfi_c
  bbfi_d_scale
  bbfi_e
  bbfi_hp8
  bbfi_n
  bbfi_o
  bbfi_s_scale
  bhrz_col
  bhrz_col_d
  bhrz_ind
  bhrz_ind_d
  bmvi
  busi
  busi_d
  bvrt_col
  bvrt_col_d
  bvrt_ind
  bvrt_ind_d
  cage
  caspfin
  caspfin_d
  cbfa_mt
  cbfa_mt_d
  cbfas_ac
  cbfas_ap
  cbfas_ci
  cbfas_co
  cbfas_ea
  cbfas_ee
  cbfas_nv
  cbfas_nv9
  cbfas_nw
  cbfas_oi
  cbfas_oo
  cbfi_a
  cbfi_a6
  cbfi_c
  cbfi_d_scale
  cbfi_e
  cbfi_hp8
  cbfi_n
  cbfi_o
  cbfi_s_scale
  chrz_col
  chrz_col_d
  chrz_ind
  chrz_ind_d
  cmvi
  cusi
  cusi_d
  cvrt_col
  cvrt_col_d
  cvrt_ind
  cvrt_ind_d
  dage
  daspfin
  daspfin_d
  dbfa_mt
  dbfa_mt_d
  dbfas_ac
  dbfas_ap
  dbfas_ci
  dbfas_co
  dbfas_ea
  dbfas_ee
  dbfas_nv
  dbfas_nv9
  dbfas_nw
  dbfas_oi
  dbfas_oo
  dbfi_a
  dbfi_a6
  dbfi_c
  dbfi_d_scale
  dbfi_e
  dbfi_hp8
  dbfi_n
  dbfi_o
  dbfi_s_scale
  dhrz_col
  dhrz_col_d
  dhrz_ind
  dhrz_ind_d
  dmvi
  dusi
  dusi_d
  dvrt_col
  dvrt_col_d
  dvrt_ind
  dvrt_ind_d;

  USEVARIABLES =
  abfas_ci
  bbfas_ci
  cbfas_ci
  dbfas_ci
  avrt_ind
  bvrt_ind
  cvrt_ind
  dvrt_ind
  a1
  a2
  a3
  a4
  aagegrp
  ;

  missing = all (-9999);

  tscores = a1 a2 a3 a4;

  grouping = aagegrp (0=d2, 1=d3, 2=d4, 3=d5);

  DEFINE:

  aagegrp = aage;

  cut aagegrp (29 39 49);

  a1 = aage + 0 - 36;
  a2 = aage + 1 - 36;
  a3 = aage + 2 - 36;
  a4 = aage + 3 - 36;

  ANALYSIS:
  TYPE=RANDOM;
  PROCESSORS = 6;
  model=nocovariances; ! supresses default estimation of certain covs in model;

  MODEL:

  i_bfas_ci s_bfas_ci | abfas_ci bbfas_ci cbfas_ci dbfas_ci AT a1 a2 a3 a4;
  i_vrt_ind s_vrt_ind | avrt_ind bvrt_ind cvrt_ind dvrt_ind AT a1 a2 a3 a4;

  ! freeing factor covs because of "nocovariances"
  ! But ensure they are constrained across groups
  s_bfas_ci WITH i_bfas_ci (p)
  s_vrt_ind (q)
  i_vrt_ind (r);
  i_bfas_ci WITH s_vrt_ind (s)
  i_vrt_ind (t);
  s_vrt_ind WITH i_vrt_ind (u);

  !constrain latent growth means across groups
  [i_bfas_ci] (v);
  [s_bfas_ci] (w);
  [i_vrt_ind] (x);
  [s_vrt_ind] (y);

  !constrain latent growth variances across groups
  i_bfas_ci (l);
  s_bfas_ci (m);
  i_vrt_ind (n);
  s_vrt_ind (o);

  p1 BY abfas_ci@1; ! Residual "factors";
  p2 BY bbfas_ci@1;
  p3 BY cbfas_ci@1;
  p4 BY dbfas_ci@1;

  v1 BY avrt_ind@1; ! Residual "factors";
  v2 BY bvrt_ind@1;
  v3 BY cvrt_ind@1;
  v4 BY dvrt_ind@1;

  !residual variances on observed/manifest vars set to 0
  abfas_ci@0;
  bbfas_ci@0;
  cbfas_ci@0;
  dbfas_ci@0;

  !residual variances on observed/manifest vars set to 0
  avrt_ind@0;
  bvrt_ind@0;
  cvrt_ind@0;
  dvrt_ind@0;

  ! means of observed/manifest vars set to 0
  [abfas_ci@0];
  [bbfas_ci@0];
  [cbfas_ci@0];
  [dbfas_ci@0];

  ! means of observed/manifest vars set to 0
  [avrt_ind@0];
  [bvrt_ind@0];
  [cvrt_ind@0];
  [dvrt_ind@0];

  [p1@0]; ! means of residual "factors" set to 0
  [p2@0];
  [p3@0];
  [p4@0];

  [v1@0]; ! means of residual "factors" set to 0
  [v2@0];
  [v3@0];
  [v4@0];

  p4 on p3 (a); ! Autoregressive paths constrained to equality
  p3 on p2 (a);
  p2 on p1 (a);

  v4 on v3 (b); ! Autoregressive paths constrained to equality
  v3 on v2 (b);
  v2 on v1 (b);

  p4 on v3 (c); ! Cross-lagged paths constrained to equality
  p3 on v2 (c);
  p2 on v1 (c);

  v4 on p3 (d); ! Cross-lagged paths constrained to equality
  v3 on p2 (d);
  v2 on p1 (d);

  p1 with v1; !(this one is not like the others)

  p2 with v2 (e); ! Within-wave correlations constrained to equality
  p3 with v3 (e);
  p4 with v4 (e);

  p2 p3 p4 (f); ! estimate variances of residual "factors"
  v2 v3 v4 (g); ! estimate variances of residual "factors"

  MODEL d2:

  p4 on p3 (a2); ! Autoregressive paths constrained to equality
  p3 on p2 (a2);
  p2 on p1 (a2);

  v4 on v3 (b2); ! Autoregressive paths constrained to equality
  v3 on v2 (b2);
  v2 on v1 (b2);

  p4 on v3 (c2); ! Cross-lagged paths constrained to equality
  p3 on v2 (c2);
  p2 on v1 (c2);

  v4 on p3 (d2); ! Cross-lagged paths constrained to equality
  v3 on p2 (d2);
  v2 on p1 (d2);

  p1 with v1; !(this one is not like the others)

  p2 with v2 (e2); ! Within-wave correlations constrained to equality
  p3 with v3 (e2);
  p4 with v4 (e2);

  p2 p3 p4 (f2); ! estimate variances of residual "factors"
  v2 v3 v4 (g2); ! estimate variances of residual "factors"

  MODEL d3:

  p4 on p3 (a3); ! Autoregressive paths constrained to equality
  p3 on p2 (a3);
  p2 on p1 (a3);

  v4 on v3 (b3); ! Autoregressive paths constrained to equality
  v3 on v2 (b3);
  v2 on v1 (b3);

  p4 on v3 (c3); ! Cross-lagged paths constrained to equality
  p3 on v2 (c3);
  p2 on v1 (c3);

  v4 on p3 (d3); ! Cross-lagged paths constrained to equality
  v3 on p2 (d3);
  v2 on p1 (d3);

  p1 with v1; !(this one is not like the others)

  p2 with v2 (e3); ! Within-wave correlations constrained to equality
  p3 with v3 (e3);
  p4 with v4 (e3);

  p2 p3 p4 (f3); ! estimate variances of residual "factors"
  v2 v3 v4 (g3); ! estimate variances of residual "factors"

  MODEL d4:

  p4 on p3 (a4); ! Autoregressive paths constrained to equality
  p3 on p2 (a4);
  p2 on p1 (a4);

  v4 on v3 (b4); ! Autoregressive paths constrained to equality
  v3 on v2 (b4);
  v2 on v1 (b4);

  p4 on v3 (c4); ! Cross-lagged paths constrained to equality
  p3 on v2 (c4);
  p2 on v1 (c4);

  v4 on p3 (d4); ! Cross-lagged paths constrained to equality
  v3 on p2 (d4);
  v2 on p1 (d4);

  p1 with v1; !(this one is not like the others)

  p2 with v2 (e4); ! Within-wave correlations constrained to equality
  p3 with v3 (e4);
  p4 with v4 (e4);

  p2 p3 p4 (f4); ! estimate variances of residual "factors"
  v2 v3 v4 (g4); ! estimate variances of residual "factors"

  MODEL d5:

  p4 on p3 (a5); ! Autoregressive paths constrained to equality
  p3 on p2 (a5);
  p2 on p1 (a5);

  v4 on v3 (b5); ! Autoregressive paths constrained to equality
  v3 on v2 (b5);
  v2 on v1 (b5);

  p4 on v3 (c5); ! Cross-lagged paths constrained to equality
  p3 on v2 (c5);
  p2 on v1 (c5);

  v4 on p3 (d5); ! Cross-lagged paths constrained to equality
  v3 on p2 (d5);
  v2 on p1 (d5);

  p1 with v1; !(this one is not like the others)

  p2 with v2 (e5); ! Within-wave correlations constrained to equality
  p3 with v3 (e5);
  p4 with v4 (e5);

  p2 p3 p4 (f5); ! estimate variances of residual "factors"
  v2 v3 v4 (g5); ! estimate variances of residual "factors"

  OUTPUT: SAMPSTAT PATTERNS;



*** WARNING
  Data set contains unknown or missing values for GROUPING,
  PATTERN, COHORT, CLUSTER and/or STRATIFICATION variables.
  Number of cases with unknown or missing values:  5
   1 WARNING(S) FOUND IN THE INPUT INSTRUCTIONS



PxVx Bivariate LCM-SR - decadegroup - Linear bfas_ci with Linear vrt_ind;

SUMMARY OF ANALYSIS

Number of groups                                                 4
Number of observations
   Group D2                                                    301
   Group D3                                                    233
   Group D4                                                    198
   Group D5                                                    132
   Total sample size                                           864

Number of dependent variables                                    8
Number of independent variables                                  0
Number of continuous latent variables                           12

Observed dependent variables

  Continuous
   ABFAS_CI    BBFAS_CI    CBFAS_CI    DBFAS_CI    AVRT_IND    BVRT_IND
   CVRT_IND    DVRT_IND

Continuous latent variables
   P1          P2          P3          P4          V1          V2
   V3          V4          I_BFAS_C    S_BFAS_C    I_VRT_IN    S_VRT_IN

Variables with special functions

  Grouping variable     AAGEGRP

  Time scores
   A1          A2          A3          A4


Estimator                                                      MLR
Information matrix                                        OBSERVED
Maximum number of iterations                                   100
Convergence criterion                                    0.100D-05
Maximum number of EM iterations                                500
Convergence criteria for the EM algorithm
  Loglikelihood change                                   0.100D-02
  Relative loglikelihood change                          0.100D-05
  Derivative                                             0.100D-03
Minimum variance                                         0.100D-03
Maximum number of steepest descent iterations                   20
Maximum number of iterations for H1                           2000
Convergence criterion for H1                             0.100D-03
Optimization algorithm                                         EMA

Input data file(s)
  /home/jflournoy/code_new/lnt_pxvx/Data/lnt_nat_recalc.tsv
Input data format  FREE


SUMMARY OF DATA

   Group D2
     Number of missing data patterns            15

   Group D3
     Number of missing data patterns            10

   Group D4
     Number of missing data patterns            14

   Group D5
     Number of missing data patterns             9


SUMMARY OF MISSING DATA PATTERNS


     MISSING DATA PATTERNS (x = not missing) FOR D2

           1  2  3  4  5  6  7  8  9 10 11 12 13 14 15
 ABFAS_CI  x  x  x  x  x  x  x  x  x  x     x  x  x  x
 BBFAS_CI  x     x  x  x  x           x  x  x  x  x
 CBFAS_CI  x        x     x     x  x  x  x  x  x     x
 DBFAS_CI  x     x  x        x     x     x  x        x
 AVRT_IND  x  x  x  x  x  x  x  x  x  x  x  x  x  x  x
 BVRT_IND  x     x  x  x  x           x  x     x     x
 CVRT_IND  x              x     x  x     x  x  x     x
 DVRT_IND  x     x  x        x     x     x  x  x     x


     MISSING DATA PATTERN FREQUENCIES FOR D2

    Pattern   Frequency     Pattern   Frequency     Pattern   Frequency
          1         185           6          13          11           1
          2          57           7          11          12           2
          3           6           8           5          13           1
          4           1           9           5          14           1
          5          11          10           1          15           1


     MISSING DATA PATTERNS (x = not missing) FOR D3

           1  2  3  4  5  6  7  8  9 10
 ABFAS_CI  x  x  x  x  x  x  x  x  x  x
 BBFAS_CI  x     x  x  x           x
 CBFAS_CI  x           x     x  x
 DBFAS_CI  x     x        x     x     x
 AVRT_IND  x  x  x  x  x  x  x  x  x  x
 BVRT_IND  x     x  x  x
 CVRT_IND  x           x     x  x
 DVRT_IND  x     x        x     x


     MISSING DATA PATTERN FREQUENCIES FOR D3

    Pattern   Frequency     Pattern   Frequency     Pattern   Frequency
          1         140           5           7           9           1
          2          44           6           3          10           1
          3           8           7           7
          4          15           8           7


     MISSING DATA PATTERNS (x = not missing) FOR D4

           1  2  3  4  5  6  7  8  9 10 11 12 13 14
 ABFAS_CI  x  x  x  x  x  x  x  x  x  x  x  x  x  x
 BBFAS_CI  x     x  x  x  x           x  x     x
 CBFAS_CI  x        x     x     x  x  x           x
 DBFAS_CI  x     x  x        x     x  x        x
 AVRT_IND  x  x  x  x  x  x  x  x  x  x  x     x  x
 BVRT_IND  x     x  x  x  x
 CVRT_IND  x              x     x  x  x
 DVRT_IND  x     x  x        x     x  x        x


     MISSING DATA PATTERN FREQUENCIES FOR D4

    Pattern   Frequency     Pattern   Frequency     Pattern   Frequency
          1         104           6          15          11           2
          2          39           7           4          12           1
          3           7           8           5          13           1
          4           1           9           5          14           1
          5          12          10           1


     MISSING DATA PATTERNS (x = not missing) FOR D5

           1  2  3  4  5  6  7  8  9
 ABFAS_CI  x  x  x  x  x  x  x  x
 BBFAS_CI  x     x  x  x           x
 CBFAS_CI  x           x     x  x  x
 DBFAS_CI  x     x        x     x  x
 AVRT_IND  x  x  x  x  x  x  x  x  x
 BVRT_IND  x     x  x  x           x
 CVRT_IND  x           x     x  x  x
 DVRT_IND  x     x        x     x  x


     MISSING DATA PATTERN FREQUENCIES FOR D5

    Pattern   Frequency     Pattern   Frequency     Pattern   Frequency
          1          60           4          10           7           6
          2          29           5          11           8           4
          3           5           6           6           9           1


COVARIANCE COVERAGE OF DATA

Minimum covariance coverage value   0.100


     PROPORTION OF DATA PRESENT FOR D2


           Covariance Coverage
              ABFAS_CI      BBFAS_CI      CBFAS_CI      DBFAS_CI      AVRT_IND
              ________      ________      ________      ________      ________
 ABFAS_CI       0.997
 BBFAS_CI       0.734         0.738
 CBFAS_CI       0.711         0.678         0.714
 DBFAS_CI       0.701         0.648         0.648         0.704
 AVRT_IND       0.997         0.738         0.714         0.704         1.000
 BVRT_IND       0.728         0.728         0.674         0.645         0.731
 CVRT_IND       0.704         0.671         0.708         0.645         0.708
 DVRT_IND       0.704         0.651         0.651         0.704         0.708


           Covariance Coverage
              BVRT_IND      CVRT_IND      DVRT_IND
              ________      ________      ________
 BVRT_IND       0.731
 CVRT_IND       0.668         0.708
 DVRT_IND       0.648         0.648         0.708


     PROPORTION OF DATA PRESENT FOR D3


           Covariance Coverage
              ABFAS_CI      BBFAS_CI      CBFAS_CI      DBFAS_CI      AVRT_IND
              ________      ________      ________      ________      ________
 ABFAS_CI       1.000
 BBFAS_CI       0.747         0.747
 CBFAS_CI       0.717         0.682         0.717
 DBFAS_CI       0.734         0.700         0.670         0.734
 AVRT_IND       1.000         0.747         0.717         0.734         1.000
 BVRT_IND       0.747         0.747         0.682         0.700         0.747
 CVRT_IND       0.648         0.614         0.648         0.605         0.648
 DVRT_IND       0.734         0.700         0.670         0.734         0.734


           Covariance Coverage
              BVRT_IND      CVRT_IND      DVRT_IND
              ________      ________      ________
 BVRT_IND       0.747
 CVRT_IND       0.614         0.648
 DVRT_IND       0.700         0.605         0.734


     PROPORTION OF DATA PRESENT FOR D4


           Covariance Coverage
              ABFAS_CI      BBFAS_CI      CBFAS_CI      DBFAS_CI      AVRT_IND
              ________      ________      ________      ________      ________
 ABFAS_CI       0.990
 BBFAS_CI       0.722         0.732
 CBFAS_CI       0.672         0.631         0.682
 DBFAS_CI       0.616         0.581         0.571         0.626
 AVRT_IND       0.990         0.732         0.682         0.626         1.000
 BVRT_IND       0.712         0.722         0.626         0.576         0.722
 CVRT_IND       0.662         0.621         0.672         0.566         0.672
 DVRT_IND       0.621         0.586         0.576         0.626         0.631


           Covariance Coverage
              BVRT_IND      CVRT_IND      DVRT_IND
              ________      ________      ________
 BVRT_IND       0.722
 CVRT_IND       0.616         0.672
 DVRT_IND       0.581         0.571         0.631


     PROPORTION OF DATA PRESENT FOR D5


           Covariance Coverage
              ABFAS_CI      BBFAS_CI      CBFAS_CI      DBFAS_CI      AVRT_IND
              ________      ________      ________      ________      ________
 ABFAS_CI       1.000
 BBFAS_CI       0.697         0.697
 CBFAS_CI       0.614         0.576         0.614
 DBFAS_CI       0.621         0.568         0.538         0.621
 AVRT_IND       1.000         0.697         0.614         0.621         1.000
 BVRT_IND       0.697         0.697         0.576         0.568         0.697
 CVRT_IND       0.538         0.500         0.538         0.462         0.538
 DVRT_IND       0.621         0.568         0.538         0.621         0.621


           Covariance Coverage
              BVRT_IND      CVRT_IND      DVRT_IND
              ________      ________      ________
 BVRT_IND       0.697
 CVRT_IND       0.500         0.538
 DVRT_IND       0.568         0.462         0.621


SAMPLE STATISTICS


     ESTIMATED SAMPLE STATISTICS FOR D2


           Means
              ABFAS_CI      BBFAS_CI      CBFAS_CI      DBFAS_CI      AVRT_IND
              ________      ________      ________      ________      ________
               59.815        59.069        58.214        59.135        50.623


           Means
              BVRT_IND      CVRT_IND      DVRT_IND
              ________      ________      ________
               51.950        50.106        49.251


           Covariances
              ABFAS_CI      BBFAS_CI      CBFAS_CI      DBFAS_CI      AVRT_IND
              ________      ________      ________      ________      ________
 ABFAS_CI     358.225
 BBFAS_CI     260.135       321.244
 CBFAS_CI     233.246       240.344       291.499
 DBFAS_CI     250.505       246.160       246.396       328.365
 AVRT_IND      31.493        -2.707        16.619         6.560       438.773
 BVRT_IND      22.400       -14.034        23.933        16.892       287.991
 CVRT_IND      34.129         6.763        38.224        41.905       264.477
 DVRT_IND      32.922         7.590        25.889        31.380       280.020


           Covariances
              BVRT_IND      CVRT_IND      DVRT_IND
              ________      ________      ________
 BVRT_IND     394.515
 CVRT_IND     308.880       404.165
 DVRT_IND     297.493       338.073       455.326


           Correlations
              ABFAS_CI      BBFAS_CI      CBFAS_CI      DBFAS_CI      AVRT_IND
              ________      ________      ________      ________      ________
 ABFAS_CI       1.000
 BBFAS_CI       0.767         1.000
 CBFAS_CI       0.722         0.785         1.000
 DBFAS_CI       0.730         0.758         0.796         1.000
 AVRT_IND       0.079        -0.007         0.046         0.017         1.000
 BVRT_IND       0.060        -0.039         0.071         0.047         0.692
 CVRT_IND       0.090         0.019         0.111         0.115         0.628
 DVRT_IND       0.082         0.020         0.071         0.081         0.626


           Correlations
              BVRT_IND      CVRT_IND      DVRT_IND
              ________      ________      ________
 BVRT_IND       1.000
 CVRT_IND       0.774         1.000
 DVRT_IND       0.702         0.788         1.000


     ESTIMATED SAMPLE STATISTICS FOR D3


           Means
              ABFAS_CI      BBFAS_CI      CBFAS_CI      DBFAS_CI      AVRT_IND
              ________      ________      ________      ________      ________
               65.332        65.588        66.088        66.079        47.166


           Means
              BVRT_IND      CVRT_IND      DVRT_IND
              ________      ________      ________
               46.979        46.769        46.955


           Covariances
              ABFAS_CI      BBFAS_CI      CBFAS_CI      DBFAS_CI      AVRT_IND
              ________      ________      ________      ________      ________
 ABFAS_CI     337.280
 BBFAS_CI     286.388       347.244
 CBFAS_CI     249.417       271.591       321.578
 DBFAS_CI     238.681       264.264       241.626       306.877
 AVRT_IND       5.717         3.750       -13.101       -19.240       337.642
 BVRT_IND      17.216        12.488        -2.157       -13.778       239.038
 CVRT_IND      24.684        -8.528       -30.992       -11.037       241.857
 DVRT_IND      27.544        20.700         2.752         4.388       223.722


           Covariances
              BVRT_IND      CVRT_IND      DVRT_IND
              ________      ________      ________
 BVRT_IND     350.164
 CVRT_IND     230.214       398.848
 DVRT_IND     242.271       247.114       358.414


           Correlations
              ABFAS_CI      BBFAS_CI      CBFAS_CI      DBFAS_CI      AVRT_IND
              ________      ________      ________      ________      ________
 ABFAS_CI       1.000
 BBFAS_CI       0.837         1.000
 CBFAS_CI       0.757         0.813         1.000
 DBFAS_CI       0.742         0.810         0.769         1.000
 AVRT_IND       0.017         0.011        -0.040        -0.060         1.000
 BVRT_IND       0.050         0.036        -0.006        -0.042         0.695
 CVRT_IND       0.067        -0.023        -0.087        -0.032         0.659
 DVRT_IND       0.079         0.059         0.008         0.013         0.643


           Correlations
              BVRT_IND      CVRT_IND      DVRT_IND
              ________      ________      ________
 BVRT_IND       1.000
 CVRT_IND       0.616         1.000
 DVRT_IND       0.684         0.654         1.000


     ESTIMATED SAMPLE STATISTICS FOR D4


           Means
              ABFAS_CI      BBFAS_CI      CBFAS_CI      DBFAS_CI      AVRT_IND
              ________      ________      ________      ________      ________
               64.874        64.384        65.350        63.998        45.308


           Means
              BVRT_IND      CVRT_IND      DVRT_IND
              ________      ________      ________
               43.026        43.277        45.249


           Covariances
              ABFAS_CI      BBFAS_CI      CBFAS_CI      DBFAS_CI      AVRT_IND
              ________      ________      ________      ________      ________
 ABFAS_CI     320.088
 BBFAS_CI     241.323       276.648
 CBFAS_CI     258.794       260.029       353.829
 DBFAS_CI     214.019       228.893       278.438       306.056
 AVRT_IND      21.219         6.523         3.385        -1.679       288.417
 BVRT_IND      53.707        10.917        -2.521       -11.268       183.003
 CVRT_IND      23.983        -7.029         5.740       -18.420       178.988
 DVRT_IND      34.435         9.878        21.935        -0.424       162.866


           Covariances
              BVRT_IND      CVRT_IND      DVRT_IND
              ________      ________      ________
 BVRT_IND     274.738
 CVRT_IND     200.513       305.109
 DVRT_IND     189.919       209.405       246.669


           Correlations
              ABFAS_CI      BBFAS_CI      CBFAS_CI      DBFAS_CI      AVRT_IND
              ________      ________      ________      ________      ________
 ABFAS_CI       1.000
 BBFAS_CI       0.811         1.000
 CBFAS_CI       0.769         0.831         1.000
 DBFAS_CI       0.684         0.787         0.846         1.000
 AVRT_IND       0.070         0.023         0.011        -0.006         1.000
 BVRT_IND       0.181         0.040        -0.008        -0.039         0.650
 CVRT_IND       0.077        -0.024         0.017        -0.060         0.603
 DVRT_IND       0.123         0.038         0.074        -0.002         0.611


           Correlations
              BVRT_IND      CVRT_IND      DVRT_IND
              ________      ________      ________
 BVRT_IND       1.000
 CVRT_IND       0.693         1.000
 DVRT_IND       0.730         0.763         1.000


     ESTIMATED SAMPLE STATISTICS FOR D5


           Means
              ABFAS_CI      BBFAS_CI      CBFAS_CI      DBFAS_CI      AVRT_IND
              ________      ________      ________      ________      ________
               64.642        65.257        65.465        65.094        42.424


           Means
              BVRT_IND      CVRT_IND      DVRT_IND
              ________      ________      ________
               42.072        42.154        39.977


           Covariances
              ABFAS_CI      BBFAS_CI      CBFAS_CI      DBFAS_CI      AVRT_IND
              ________      ________      ________      ________      ________
 ABFAS_CI     304.540
 BBFAS_CI     241.277       309.962
 CBFAS_CI     225.530       229.345       280.546
 DBFAS_CI     241.206       259.077       242.695       319.921
 AVRT_IND      14.389       -12.485        -8.240       -50.033       343.886
 BVRT_IND      -4.354        -0.254       -10.595       -43.436       201.884
 CVRT_IND      30.088        10.407        35.208       -18.734       245.206
 DVRT_IND     -21.323       -14.519        -4.382       -71.651       242.494


           Covariances
              BVRT_IND      CVRT_IND      DVRT_IND
              ________      ________      ________
 BVRT_IND     251.519
 CVRT_IND     188.674       350.610
 DVRT_IND     210.345       233.770       342.226


           Correlations
              ABFAS_CI      BBFAS_CI      CBFAS_CI      DBFAS_CI      AVRT_IND
              ________      ________      ________      ________      ________
 ABFAS_CI       1.000
 BBFAS_CI       0.785         1.000
 CBFAS_CI       0.772         0.778         1.000
 DBFAS_CI       0.773         0.823         0.810         1.000
 AVRT_IND       0.044        -0.038        -0.027        -0.151         1.000
 BVRT_IND      -0.016        -0.001        -0.040        -0.153         0.686
 CVRT_IND       0.092         0.032         0.112        -0.056         0.706
 DVRT_IND      -0.066        -0.045        -0.014        -0.217         0.707


           Correlations
              BVRT_IND      CVRT_IND      DVRT_IND
              ________      ________      ________
 BVRT_IND       1.000
 CVRT_IND       0.635         1.000
 DVRT_IND       0.717         0.675         1.000


     MAXIMUM LOG-LIKELIHOOD VALUE FOR THE UNRESTRICTED (H1) MODEL IS -21124.488


UNIVARIATE SAMPLE STATISTICS


     UNIVARIATE HIGHER-ORDER MOMENT DESCRIPTIVE STATISTICS FOR D2

         Variable/         Mean/     Skewness/   Minimum/ % with                Percentiles
        Sample Size      Variance    Kurtosis    Maximum  Min/Max      20%/60%    40%/80%    Median

     ABFAS_CI             59.766      -0.230       7.500    0.33%      45.000     55.000     60.000
             300.000     358.296      -0.261     100.000    0.67%      65.000     77.500
     BBFAS_CI             59.170      -0.067       2.500    0.45%      44.444     55.000     60.000
             222.000     302.066      -0.226     100.000    0.45%      62.500     75.000
     CBFAS_CI             58.339      -0.095      17.500    0.93%      45.000     55.000     57.500
             215.000     275.273      -0.351      95.000    0.47%      60.000     75.000
     DBFAS_CI             59.835      -0.120       7.500    0.47%      42.500     55.000     60.000
             212.000     314.654      -0.317      97.500    1.42%      65.000     75.000
     AVRT_IND             50.623      -0.020       0.000    0.66%      31.250     43.750     50.000
             301.000     438.773      -0.546     100.000    0.66%      56.250     68.750
     BVRT_IND             52.140      -0.132       6.250    0.45%      31.250     50.000     50.000
             220.000     384.743      -0.569     100.000    0.45%      56.250     68.750
     CVRT_IND             50.675       0.046       6.250    0.47%      31.250     43.750     50.000
             213.000     400.990      -0.524     100.000    0.47%      56.250     68.750
     DVRT_IND             49.560       0.024       0.000    0.47%      31.250     37.500     50.000
             213.000     454.802      -0.771     100.000    0.47%      56.250     68.750


     UNIVARIATE HIGHER-ORDER MOMENT DESCRIPTIVE STATISTICS FOR D3

         Variable/         Mean/     Skewness/   Minimum/ % with                Percentiles
        Sample Size      Variance    Kurtosis    Maximum  Min/Max      20%/60%    40%/80%    Median

     ABFAS_CI             65.332      -0.404      11.111    0.43%      50.000     62.500     67.500
             233.000     337.280      -0.305     100.000    1.29%      72.500     82.500
     BBFAS_CI             66.093      -0.309      22.500    1.75%      50.000     60.000     66.667
             171.000     330.869      -0.559     100.000    0.58%      72.500     82.500
     CBFAS_CI             66.149      -0.364      17.500    1.24%      52.500     62.500     67.500
             161.000     321.972      -0.224     100.000    1.24%      70.000     82.500
     DBFAS_CI             66.441      -0.006      22.500    0.63%      50.000     62.500     65.000
             159.000     296.093      -0.743     100.000    1.26%      70.000     82.500
     AVRT_IND             47.166       0.059       0.000    0.43%      31.250     43.750     43.750
             233.000     337.642      -0.083     100.000    0.86%      50.000     62.500
     BVRT_IND             47.328       0.347       6.250    1.18%      31.250     43.750     43.750
             170.000     354.076       0.192     100.000    2.35%      50.000     62.500
     CVRT_IND             46.946       0.286       6.250    0.62%      25.000     37.500     43.750
             161.000     401.949      -0.502     100.000    1.24%      50.000     62.500
     DVRT_IND             47.191       0.263      12.500    5.06%      31.250     43.750     50.000
             158.000     358.756      -0.006     100.000    1.27%      50.000     62.500


     UNIVARIATE HIGHER-ORDER MOMENT DESCRIPTIVE STATISTICS FOR D4

         Variable/         Mean/     Skewness/   Minimum/ % with                Percentiles
        Sample Size      Variance    Kurtosis    Maximum  Min/Max      20%/60%    40%/80%    Median

     ABFAS_CI             64.874      -0.297      16.667    0.51%      50.000     60.000     65.000
             198.000     320.088      -0.193     100.000    2.02%      70.000     80.000
     BBFAS_CI             64.204      -0.176      15.000    0.70%      50.000     60.000     65.000
             143.000     279.334      -0.136     100.000    1.40%      67.500     80.000
     CBFAS_CI             65.985      -0.324      10.000    0.76%      47.500     62.500     67.500
             132.000     354.522      -0.038     100.000    2.27%      70.000     82.500
     DBFAS_CI             64.634      -0.160      10.000    0.81%      47.500     57.500     65.000
             123.000     322.529      -0.222      97.500    3.25%      70.000     80.000
     AVRT_IND             45.315       0.315       6.250    0.51%      31.250     43.750     43.750
             197.000     288.415       0.030     100.000    0.51%      50.000     62.500
     BVRT_IND             43.076       0.335       6.250    1.44%      25.000     37.500     43.750
             139.000     276.917      -0.224      87.500    0.72%      43.750     56.250
     CVRT_IND             43.125       0.344       6.250    0.77%      31.250     37.500     43.750
             130.000     297.386      -0.130      87.500    2.31%      43.750     56.250
     DVRT_IND             44.732       0.053       6.250    0.81%      31.250     37.500     43.750
             123.000     243.079      -0.215      87.500    0.81%      50.000     56.250


     UNIVARIATE HIGHER-ORDER MOMENT DESCRIPTIVE STATISTICS FOR D5

         Variable/         Mean/     Skewness/   Minimum/ % with                Percentiles
        Sample Size      Variance    Kurtosis    Maximum  Min/Max      20%/60%    40%/80%    Median

     ABFAS_CI             64.574      -0.382      15.000    0.76%      50.000     60.000     65.000
             131.000     305.581      -0.319      97.500    1.53%      70.000     80.000
     BBFAS_CI             67.283      -0.230      33.333    1.15%      50.000     62.500     67.500
              87.000     294.655      -0.749     100.000    1.15%      72.500     82.500
     CBFAS_CI             66.463      -0.560      17.500    1.22%      52.500     65.000     70.000
              82.000     271.944       0.189      95.000    3.66%      70.000     80.000
     DBFAS_CI             66.955      -0.476      17.500    1.32%      50.000     62.500     70.000
              76.000     300.898      -0.146      95.000    5.26%      72.500     82.500
     AVRT_IND             42.424       0.085       0.000    0.76%      25.000     37.500     43.750
             132.000     343.886      -0.542      87.500    1.52%      50.000     62.500
     BVRT_IND             41.379      -0.083       0.000    1.15%      25.000     37.500     43.750
              87.000     248.461      -0.518      75.000    1.15%      43.750     56.250
     CVRT_IND             40.244       0.556       6.250    3.66%      25.000     37.500     37.500
              82.000     339.270       0.603     100.000    1.22%      43.750     56.250
     DVRT_IND             39.062       0.435      12.500   10.53%      25.000     31.250     37.500
              76.000     319.824      -0.399      87.500    1.32%      43.750     56.250


THE MODEL ESTIMATION TERMINATED NORMALLY



MODEL FIT INFORMATION

Number of Free Parameters                       54

Loglikelihood

          H0 Value                      -21196.994
          H0 Scaling Correction Factor      1.2943
            for MLR

Information Criteria

          Akaike (AIC)                   42501.987
          Bayesian (BIC)                 42759.112
          Sample-Size Adjusted BIC       42587.622
            (n* = (n + 2) / 24)



MODEL RESULTS

                                                    Two-Tailed
                    Estimate       S.E.  Est./S.E.    P-Value

Group D2

 P1       BY
    ABFAS_CI           1.000      0.000    999.000    999.000

 P2       BY
    BBFAS_CI           1.000      0.000    999.000    999.000

 P3       BY
    CBFAS_CI           1.000      0.000    999.000    999.000

 P4       BY
    DBFAS_CI           1.000      0.000    999.000    999.000

 V1       BY
    AVRT_IND           1.000      0.000    999.000    999.000

 V2       BY
    BVRT_IND           1.000      0.000    999.000    999.000

 V3       BY
    CVRT_IND           1.000      0.000    999.000    999.000

 V4       BY
    DVRT_IND           1.000      0.000    999.000    999.000

 P4         ON
    P3                 0.151      0.069      2.168      0.030
    V3                 0.057      0.044      1.299      0.194

 P3         ON
    P2                 0.151      0.069      2.168      0.030
    V2                 0.057      0.044      1.299      0.194

 P2         ON
    P1                 0.151      0.069      2.168      0.030
    V1                 0.057      0.044      1.299      0.194

 V4         ON
    V3                 0.266      0.094      2.823      0.005
    P3                -0.011      0.083     -0.137      0.891

 V3         ON
    V2                 0.266      0.094      2.823      0.005
    P2                -0.011      0.083     -0.137      0.891

 V2         ON
    V1                 0.266      0.094      2.823      0.005
    P1                -0.011      0.083     -0.137      0.891

 S_BFAS_C WITH
    I_BFAS_CI         -0.707      0.850     -0.831      0.406
    S_VRT_IND          0.012      0.100      0.115      0.908
    I_VRT_IND         -4.379      2.431     -1.801      0.072

 I_BFAS_C WITH
    S_VRT_IND          3.400      2.476      1.373      0.170
    I_VRT_IND          5.784     13.040      0.444      0.657

 S_VRT_IN WITH
    I_VRT_IND         -1.594      0.833     -1.914      0.056

 P1       WITH
    V1                21.402     15.286      1.400      0.161

 P2       WITH
    V2                -1.301      6.718     -0.194      0.846

 P3       WITH
    V3                -1.301      6.718     -0.194      0.846

 P4       WITH
    V4                -1.301      6.718     -0.194      0.846

 Means
    P1                 0.000      0.000    999.000    999.000
    V1                 0.000      0.000    999.000    999.000
    I_BFAS_CI         62.940      0.587    107.255      0.000
    S_BFAS_CI          0.188      0.052      3.594      0.000
    I_VRT_IND         47.178      0.589     80.155      0.000
    S_VRT_IND         -0.308      0.055     -5.658      0.000

 Intercepts
    ABFAS_CI           0.000      0.000    999.000    999.000
    BBFAS_CI           0.000      0.000    999.000    999.000
    CBFAS_CI           0.000      0.000    999.000    999.000
    DBFAS_CI           0.000      0.000    999.000    999.000
    AVRT_IND           0.000      0.000    999.000    999.000
    BVRT_IND           0.000      0.000    999.000    999.000
    CVRT_IND           0.000      0.000    999.000    999.000
    DVRT_IND           0.000      0.000    999.000    999.000
    P2                 0.000      0.000    999.000    999.000
    P3                 0.000      0.000    999.000    999.000
    P4                 0.000      0.000    999.000    999.000
    V2                 0.000      0.000    999.000    999.000
    V3                 0.000      0.000    999.000    999.000
    V4                 0.000      0.000    999.000    999.000

 Variances
    P1               111.397     23.054      4.832      0.000
    V1               197.102     26.808      7.352      0.000
    I_BFAS_CI        229.017     17.531     13.063      0.000
    S_BFAS_CI          0.176      0.146      1.206      0.228
    I_VRT_IND        217.157     17.977     12.080      0.000
    S_VRT_IND          0.181      0.132      1.378      0.168

 Residual Variances
    ABFAS_CI           0.000      0.000    999.000    999.000
    BBFAS_CI           0.000      0.000    999.000    999.000
    CBFAS_CI           0.000      0.000    999.000    999.000
    DBFAS_CI           0.000      0.000    999.000    999.000
    AVRT_IND           0.000      0.000    999.000    999.000
    BVRT_IND           0.000      0.000    999.000    999.000
    CVRT_IND           0.000      0.000    999.000    999.000
    DVRT_IND           0.000      0.000    999.000    999.000
    P2                75.739      7.823      9.681      0.000
    P3                75.739      7.823      9.681      0.000
    P4                75.739      7.823      9.681      0.000
    V2               126.586     14.632      8.651      0.000
    V3               126.586     14.632      8.651      0.000
    V4               126.586     14.632      8.651      0.000

Group D3

 P1       BY
    ABFAS_CI           1.000      0.000    999.000    999.000

 P2       BY
    BBFAS_CI           1.000      0.000    999.000    999.000

 P3       BY
    CBFAS_CI           1.000      0.000    999.000    999.000

 P4       BY
    DBFAS_CI           1.000      0.000    999.000    999.000

 V1       BY
    AVRT_IND           1.000      0.000    999.000    999.000

 V2       BY
    BVRT_IND           1.000      0.000    999.000    999.000

 V3       BY
    CVRT_IND           1.000      0.000    999.000    999.000

 V4       BY
    DVRT_IND           1.000      0.000    999.000    999.000

 P4         ON
    P3                 0.156      0.102      1.521      0.128
    V3                 0.040      0.052      0.762      0.446

 P3         ON
    P2                 0.156      0.102      1.521      0.128
    V2                 0.040      0.052      0.762      0.446

 P2         ON
    P1                 0.156      0.102      1.521      0.128
    V1                 0.040      0.052      0.762      0.446

 V4         ON
    V3                -0.007      0.112     -0.058      0.954
    P3                -0.084      0.098     -0.852      0.394

 V3         ON
    V2                -0.007      0.112     -0.058      0.954
    P2                -0.084      0.098     -0.852      0.394

 V2         ON
    V1                -0.007      0.112     -0.058      0.954
    P1                -0.084      0.098     -0.852      0.394

 S_BFAS_C WITH
    I_BFAS_CI         -0.707      0.850     -0.831      0.406
    S_VRT_IND          0.012      0.100      0.115      0.908
    I_VRT_IND         -4.379      2.431     -1.801      0.072

 I_BFAS_C WITH
    S_VRT_IND          3.400      2.476      1.373      0.170
    I_VRT_IND          5.784     13.040      0.444      0.657

 S_VRT_IN WITH
    I_VRT_IND         -1.594      0.833     -1.914      0.056

 P1       WITH
    V1                -6.994     10.818     -0.647      0.518

 P2       WITH
    V2                -3.556      6.315     -0.563      0.573

 P3       WITH
    V3                -3.556      6.315     -0.563      0.573

 P4       WITH
    V4                -3.556      6.315     -0.563      0.573

 Means
    P1                 0.000      0.000    999.000    999.000
    V1                 0.000      0.000    999.000    999.000
    I_BFAS_CI         62.940      0.587    107.255      0.000
    S_BFAS_CI          0.188      0.052      3.594      0.000
    I_VRT_IND         47.178      0.589     80.155      0.000
    S_VRT_IND         -0.308      0.055     -5.658      0.000

 Intercepts
    ABFAS_CI           0.000      0.000    999.000    999.000
    BBFAS_CI           0.000      0.000    999.000    999.000
    CBFAS_CI           0.000      0.000    999.000    999.000
    DBFAS_CI           0.000      0.000    999.000    999.000
    AVRT_IND           0.000      0.000    999.000    999.000
    BVRT_IND           0.000      0.000    999.000    999.000
    CVRT_IND           0.000      0.000    999.000    999.000
    DVRT_IND           0.000      0.000    999.000    999.000
    P2                 0.000      0.000    999.000    999.000
    P3                 0.000      0.000    999.000    999.000
    P4                 0.000      0.000    999.000    999.000
    V2                 0.000      0.000    999.000    999.000
    V3                 0.000      0.000    999.000    999.000
    V4                 0.000      0.000    999.000    999.000

 Variances
    P1                81.767     15.895      5.144      0.000
    V1               104.725     14.846      7.054      0.000
    I_BFAS_CI        229.017     17.531     13.063      0.000
    S_BFAS_CI          0.176      0.146      1.206      0.228
    I_VRT_IND        217.157     17.977     12.080      0.000
    S_VRT_IND          0.181      0.132      1.378      0.168

 Residual Variances
    ABFAS_CI           0.000      0.000    999.000    999.000
    BBFAS_CI           0.000      0.000    999.000    999.000
    CBFAS_CI           0.000      0.000    999.000    999.000
    DBFAS_CI           0.000      0.000    999.000    999.000
    AVRT_IND           0.000      0.000    999.000    999.000
    BVRT_IND           0.000      0.000    999.000    999.000
    CVRT_IND           0.000      0.000    999.000    999.000
    DVRT_IND           0.000      0.000    999.000    999.000
    P2                71.602      9.448      7.579      0.000
    P3                71.602      9.448      7.579      0.000
    P4                71.602      9.448      7.579      0.000
    V2               129.135     13.167      9.808      0.000
    V3               129.135     13.167      9.808      0.000
    V4               129.135     13.167      9.808      0.000

Group D4

 P1       BY
    ABFAS_CI           1.000      0.000    999.000    999.000

 P2       BY
    BBFAS_CI           1.000      0.000    999.000    999.000

 P3       BY
    CBFAS_CI           1.000      0.000    999.000    999.000

 P4       BY
    DBFAS_CI           1.000      0.000    999.000    999.000

 V1       BY
    AVRT_IND           1.000      0.000    999.000    999.000

 V2       BY
    BVRT_IND           1.000      0.000    999.000    999.000

 V3       BY
    CVRT_IND           1.000      0.000    999.000    999.000

 V4       BY
    DVRT_IND           1.000      0.000    999.000    999.000

 P4         ON
    P3                 0.283      0.100      2.826      0.005
    V3                -0.007      0.053     -0.137      0.891

 P3         ON
    P2                 0.283      0.100      2.826      0.005
    V2                -0.007      0.053     -0.137      0.891

 P2         ON
    P1                 0.283      0.100      2.826      0.005
    V1                -0.007      0.053     -0.137      0.891

 V4         ON
    V3                 0.045      0.083      0.545      0.586
    P3                 0.187      0.092      2.030      0.042

 V3         ON
    V2                 0.045      0.083      0.545      0.586
    P2                 0.187      0.092      2.030      0.042

 V2         ON
    V1                 0.045      0.083      0.545      0.586
    P1                 0.187      0.092      2.030      0.042

 S_BFAS_C WITH
    I_BFAS_CI         -0.707      0.850     -0.831      0.406
    S_VRT_IND          0.012      0.100      0.115      0.908
    I_VRT_IND         -4.379      2.431     -1.801      0.072

 I_BFAS_C WITH
    S_VRT_IND          3.400      2.476      1.373      0.170
    I_VRT_IND          5.784     13.040      0.444      0.657

 S_VRT_IN WITH
    I_VRT_IND         -1.594      0.833     -1.914      0.056

 P1       WITH
    V1                -8.019     14.679     -0.546      0.585

 P2       WITH
    V2                 5.637      6.269      0.899      0.369

 P3       WITH
    V3                 5.637      6.269      0.899      0.369

 P4       WITH
    V4                 5.637      6.269      0.899      0.369

 Means
    P1                 0.000      0.000    999.000    999.000
    V1                 0.000      0.000    999.000    999.000
    I_BFAS_CI         62.940      0.587    107.255      0.000
    S_BFAS_CI          0.188      0.052      3.594      0.000
    I_VRT_IND         47.178      0.589     80.155      0.000
    S_VRT_IND         -0.308      0.055     -5.658      0.000

 Intercepts
    ABFAS_CI           0.000      0.000    999.000    999.000
    BBFAS_CI           0.000      0.000    999.000    999.000
    CBFAS_CI           0.000      0.000    999.000    999.000
    DBFAS_CI           0.000      0.000    999.000    999.000
    AVRT_IND           0.000      0.000    999.000    999.000
    BVRT_IND           0.000      0.000    999.000    999.000
    CVRT_IND           0.000      0.000    999.000    999.000
    DVRT_IND           0.000      0.000    999.000    999.000
    P2                 0.000      0.000    999.000    999.000
    P3                 0.000      0.000    999.000    999.000
    P4                 0.000      0.000    999.000    999.000
    V2                 0.000      0.000    999.000    999.000
    V3                 0.000      0.000    999.000    999.000
    V4                 0.000      0.000    999.000    999.000

 Variances
    P1               108.873     21.362      5.097      0.000
    V1               128.756     18.718      6.879      0.000
    I_BFAS_CI        229.017     17.531     13.063      0.000
    S_BFAS_CI          0.176      0.146      1.206      0.228
    I_VRT_IND        217.157     17.977     12.080      0.000
    S_VRT_IND          0.181      0.132      1.378      0.168

 Residual Variances
    ABFAS_CI           0.000      0.000    999.000    999.000
    BBFAS_CI           0.000      0.000    999.000    999.000
    CBFAS_CI           0.000      0.000    999.000    999.000
    DBFAS_CI           0.000      0.000    999.000    999.000
    AVRT_IND           0.000      0.000    999.000    999.000
    BVRT_IND           0.000      0.000    999.000    999.000
    CVRT_IND           0.000      0.000    999.000    999.000
    DVRT_IND           0.000      0.000    999.000    999.000
    P2                65.394      7.772      8.414      0.000
    P3                65.394      7.772      8.414      0.000
    P4                65.394      7.772      8.414      0.000
    V2                80.103      9.669      8.285      0.000
    V3                80.103      9.669      8.285      0.000
    V4                80.103      9.669      8.285      0.000

Group D5

 P1       BY
    ABFAS_CI           1.000      0.000    999.000    999.000

 P2       BY
    BBFAS_CI           1.000      0.000    999.000    999.000

 P3       BY
    CBFAS_CI           1.000      0.000    999.000    999.000

 P4       BY
    DBFAS_CI           1.000      0.000    999.000    999.000

 V1       BY
    AVRT_IND           1.000      0.000    999.000    999.000

 V2       BY
    BVRT_IND           1.000      0.000    999.000    999.000

 V3       BY
    CVRT_IND           1.000      0.000    999.000    999.000

 V4       BY
    DVRT_IND           1.000      0.000    999.000    999.000

 P4         ON
    P3                -0.035      0.107     -0.331      0.741
    V3                -0.046      0.061     -0.751      0.453

 P3         ON
    P2                -0.035      0.107     -0.331      0.741
    V2                -0.046      0.061     -0.751      0.453

 P2         ON
    P1                -0.035      0.107     -0.331      0.741
    V1                -0.046      0.061     -0.751      0.453

 V4         ON
    V3                -0.084      0.087     -0.961      0.337
    P3                -0.029      0.113     -0.258      0.797

 V3         ON
    V2                -0.084      0.087     -0.961      0.337
    P2                -0.029      0.113     -0.258      0.797

 V2         ON
    V1                -0.084      0.087     -0.961      0.337
    P1                -0.029      0.113     -0.258      0.797

 S_BFAS_C WITH
    I_BFAS_CI         -0.707      0.850     -0.831      0.406
    S_VRT_IND          0.012      0.100      0.115      0.908
    I_VRT_IND         -4.379      2.431     -1.801      0.072

 I_BFAS_C WITH
    S_VRT_IND          3.400      2.476      1.373      0.170
    I_VRT_IND          5.784     13.040      0.444      0.657

 S_VRT_IN WITH
    I_VRT_IND         -1.594      0.833     -1.914      0.056

 P1       WITH
    V1                19.605     13.385      1.465      0.143

 P2       WITH
    V2                 0.635      7.189      0.088      0.930

 P3       WITH
    V3                 0.635      7.189      0.088      0.930

 P4       WITH
    V4                 0.635      7.189      0.088      0.930

 Means
    P1                 0.000      0.000    999.000    999.000
    V1                 0.000      0.000    999.000    999.000
    I_BFAS_CI         62.940      0.587    107.255      0.000
    S_BFAS_CI          0.188      0.052      3.594      0.000
    I_VRT_IND         47.178      0.589     80.155      0.000
    S_VRT_IND         -0.308      0.055     -5.658      0.000

 Intercepts
    ABFAS_CI           0.000      0.000    999.000    999.000
    BBFAS_CI           0.000      0.000    999.000    999.000
    CBFAS_CI           0.000      0.000    999.000    999.000
    DBFAS_CI           0.000      0.000    999.000    999.000
    AVRT_IND           0.000      0.000    999.000    999.000
    BVRT_IND           0.000      0.000    999.000    999.000
    CVRT_IND           0.000      0.000    999.000    999.000
    DVRT_IND           0.000      0.000    999.000    999.000
    P2                 0.000      0.000    999.000    999.000
    P3                 0.000      0.000    999.000    999.000
    P4                 0.000      0.000    999.000    999.000
    V2                 0.000      0.000    999.000    999.000
    V3                 0.000      0.000    999.000    999.000
    V4                 0.000      0.000    999.000    999.000

 Variances
    P1                71.112     18.981      3.747      0.000
    V1               102.557     26.917      3.810      0.000
    I_BFAS_CI        229.017     17.531     13.063      0.000
    S_BFAS_CI          0.176      0.146      1.206      0.228
    I_VRT_IND        217.157     17.977     12.080      0.000
    S_VRT_IND          0.181      0.132      1.378      0.168

 Residual Variances
    ABFAS_CI           0.000      0.000    999.000    999.000
    BBFAS_CI           0.000      0.000    999.000    999.000
    CBFAS_CI           0.000      0.000    999.000    999.000
    DBFAS_CI           0.000      0.000    999.000    999.000
    AVRT_IND           0.000      0.000    999.000    999.000
    BVRT_IND           0.000      0.000    999.000    999.000
    CVRT_IND           0.000      0.000    999.000    999.000
    DVRT_IND           0.000      0.000    999.000    999.000
    P2                58.136     10.230      5.683      0.000
    P3                58.136     10.230      5.683      0.000
    P4                58.136     10.230      5.683      0.000
    V2                95.335     14.809      6.438      0.000
    V3                95.335     14.809      6.438      0.000
    V4                95.335     14.809      6.438      0.000


QUALITY OF NUMERICAL RESULTS

     Condition Number for the Information Matrix              0.594E-05
       (ratio of smallest to largest eigenvalue)


     Beginning Time:  17:26:53
        Ending Time:  17:27:07
       Elapsed Time:  00:00:14



MUTHEN & MUTHEN
3463 Stoner Ave.
Los Angeles, CA  90066

Tel: (310) 391-9971
Fax: (310) 391-8971
Web: www.StatModel.com
Support: Support@StatModel.com

Copyright (c) 1998-2017 Muthen & Muthen
