Mplus VERSION 8 (Linux)
MUTHEN & MUTHEN
07/07/2018   4:15 PM

INPUT INSTRUCTIONS


  title: PxVx Bivariate LCM-SR - post mi - Linear bfi_hp8 with Linear usi_d;
  data: file = /home/jflournoy/code_new/lnt_pxvx/Data/lnt_nat_recalc.tsv;

  variable:
  names =
  subjid
  aage
  aaspfin
  aaspfin_d
  abfa_mt
  abfa_mt_d
  abfas_ac
  abfas_ap
  abfas_ci
  abfas_co
  abfas_ea
  abfas_ee
  abfas_nv
  abfas_nv9
  abfas_nw
  abfas_oi
  abfas_oo
  abfi_a
  abfi_a6
  abfi_c
  abfi_d_scale
  abfi_e
  abfi_hp8
  abfi_n
  abfi_o
  abfi_s_scale
  ahrz_col
  ahrz_col_d
  ahrz_ind
  ahrz_ind_d
  amvi
  ausi
  ausi_d
  avrt_col
  avrt_col_d
  avrt_ind
  avrt_ind_d
  bage
  baspfin
  baspfin_d
  bbfa_mt
  bbfa_mt_d
  bbfas_ac
  bbfas_ap
  bbfas_ci
  bbfas_co
  bbfas_ea
  bbfas_ee
  bbfas_nv
  bbfas_nv9
  bbfas_nw
  bbfas_oi
  bbfas_oo
  bbfi_a
  bbfi_a6
  bbfi_c
  bbfi_d_scale
  bbfi_e
  bbfi_hp8
  bbfi_n
  bbfi_o
  bbfi_s_scale
  bhrz_col
  bhrz_col_d
  bhrz_ind
  bhrz_ind_d
  bmvi
  busi
  busi_d
  bvrt_col
  bvrt_col_d
  bvrt_ind
  bvrt_ind_d
  cage
  caspfin
  caspfin_d
  cbfa_mt
  cbfa_mt_d
  cbfas_ac
  cbfas_ap
  cbfas_ci
  cbfas_co
  cbfas_ea
  cbfas_ee
  cbfas_nv
  cbfas_nv9
  cbfas_nw
  cbfas_oi
  cbfas_oo
  cbfi_a
  cbfi_a6
  cbfi_c
  cbfi_d_scale
  cbfi_e
  cbfi_hp8
  cbfi_n
  cbfi_o
  cbfi_s_scale
  chrz_col
  chrz_col_d
  chrz_ind
  chrz_ind_d
  cmvi
  cusi
  cusi_d
  cvrt_col
  cvrt_col_d
  cvrt_ind
  cvrt_ind_d
  dage
  daspfin
  daspfin_d
  dbfa_mt
  dbfa_mt_d
  dbfas_ac
  dbfas_ap
  dbfas_ci
  dbfas_co
  dbfas_ea
  dbfas_ee
  dbfas_nv
  dbfas_nv9
  dbfas_nw
  dbfas_oi
  dbfas_oo
  dbfi_a
  dbfi_a6
  dbfi_c
  dbfi_d_scale
  dbfi_e
  dbfi_hp8
  dbfi_n
  dbfi_o
  dbfi_s_scale
  dhrz_col
  dhrz_col_d
  dhrz_ind
  dhrz_ind_d
  dmvi
  dusi
  dusi_d
  dvrt_col
  dvrt_col_d
  dvrt_ind
  dvrt_ind_d;

  USEVARIABLES =
  abfi_hp8
  bbfi_hp8
  cbfi_hp8
  dbfi_hp8
  ausi_d
  busi_d
  cusi_d
  dusi_d
  a1
  a2
  a3
  a4
  ;

  missing = all (-9999);

  tscores = a1 a2 a3 a4;

  DEFINE:
  a1 = aage + 0 - 36;
  a2 = aage + 1 - 36;
  a3 = aage + 2 - 36;
  a4 = aage + 3 - 36;

  ANALYSIS:
  TYPE=RANDOM;
  PROCESSORS = 6;
  model=nocovariances; ! supresses default estimation of certain covs in model;

  MODEL:

  i_bfi_hp8 s_bfi_hp8 | abfi_hp8 bbfi_hp8 cbfi_hp8 dbfi_hp8 AT a1 a2 a3 a4;
  i_usi_d s_usi_d | ausi_d busi_d cusi_d dusi_d AT a1 a2 a3 a4;

  ! freeing factor covs because of "nocovariances"
  s_bfi_hp8 WITH i_bfi_hp8 s_usi_d i_usi_d;
  i_bfi_hp8 WITH s_usi_d i_usi_d;
  s_usi_d WITH i_usi_d;

  p1 BY abfi_hp8@1; ! Residual "factors";
  p2 BY bbfi_hp8@1;
  p3 BY cbfi_hp8@1;
  p4 BY dbfi_hp8@1;

  v1 BY ausi_d@1; ! Residual "factors";
  v2 BY busi_d@1;
  v3 BY cusi_d@1;
  v4 BY dusi_d@1;

  !residual variances on observed/manifest vars set to 0
  abfi_hp8@0;
  bbfi_hp8@0;
  cbfi_hp8@0;
  dbfi_hp8@0;

  !residual variances on observed/manifest vars set to 0
  ausi_d@0;
  busi_d@0;
  cusi_d@0;
  dusi_d@0;

  ! means of observed/manifest vars set to 0
  [abfi_hp8@0];
  [bbfi_hp8@0];
  [cbfi_hp8@0];
  [dbfi_hp8@0];

  ! means of observed/manifest vars set to 0
  [ausi_d@0];
  [busi_d@0];
  [cusi_d@0];
  [dusi_d@0];

  [p1@0]; ! means of residual "factors" set to 0
  [p2@0];
  [p3@0];
  [p4@0];

  [v1@0]; ! means of residual "factors" set to 0
  [v2@0];
  [v3@0];
  [v4@0];

  p4 on p3 (a); ! Autoregressive paths constrained to equality
  p3 on p2 (a);
  p2 on p1 (a);

  v4 on v3 (b); ! Autoregressive paths constrained to equality
  v3 on v2 (b);
  v2 on v1 (b);

  p4 on v3 (c); ! Cross-lagged paths constrained to equality
  p3 on v2 (c);
  p2 on v1 (c);

  v4 on p3 (d); ! Cross-lagged paths constrained to equality
  v3 on p2 (d);
  v2 on p1 (d);

  p1 with v1; !(this one is not like the others)

  p2 with v2 (e); ! Within-wave correlations constrained to equality
  p3 with v3 (e);
  p4 with v4 (e);

  p2 p3 p4 (f); ! estimate variances of residual "factors"
  v2 v3 v4 (g); ! estimate variances of residual "factors"

  OUTPUT: SAMPSTAT PATTERNS;



*** WARNING
  Data set contains cases with missing on time scores but non-missing on the
  corresponding dependent variables.  These cases were not included in the analysis.
  Number of such cases:  5
   1 WARNING(S) FOUND IN THE INPUT INSTRUCTIONS



PxVx Bivariate LCM-SR - post mi - Linear bfi_hp8 with Linear usi_d;

SUMMARY OF ANALYSIS

Number of groups                                                 1
Number of observations                                         864

Number of dependent variables                                    8
Number of independent variables                                  0
Number of continuous latent variables                           12

Observed dependent variables

  Continuous
   ABFI_HP8    BBFI_HP8    CBFI_HP8    DBFI_HP8    AUSI_D      BUSI_D
   CUSI_D      DUSI_D

Continuous latent variables
   P1          P2          P3          P4          V1          V2
   V3          V4          I_BFI_HP    S_BFI_HP    I_USI_D     S_USI_D

Variables with special functions

  Time scores
   A1          A2          A3          A4


Estimator                                                      MLR
Information matrix                                        OBSERVED
Maximum number of iterations                                   100
Convergence criterion                                    0.100D-05
Maximum number of EM iterations                                500
Convergence criteria for the EM algorithm
  Loglikelihood change                                   0.100D-02
  Relative loglikelihood change                          0.100D-05
  Derivative                                             0.100D-03
Minimum variance                                         0.100D-03
Maximum number of steepest descent iterations                   20
Maximum number of iterations for H1                           2000
Convergence criterion for H1                             0.100D-03
Optimization algorithm                                         EMA

Input data file(s)
  /home/jflournoy/code_new/lnt_pxvx/Data/lnt_nat_recalc.tsv
Input data format  FREE


SUMMARY OF DATA

     Number of missing data patterns            20


SUMMARY OF MISSING DATA PATTERNS


     MISSING DATA PATTERNS (x = not missing)

           1  2  3  4  5  6  7  8  9 10 11 12 13 14 15 16 17 18 19 20
 ABFI_HP8  x  x  x  x  x  x  x  x  x  x  x  x  x     x  x  x  x  x  x
 BBFI_HP8  x     x  x     x     x     x  x  x  x        x     x
 CBFI_HP8  x           x  x     x  x     x  x  x           x  x  x
 DBFI_HP8  x     x     x  x  x           x     x  x     x        x  x
 AUSI_D    x  x  x  x  x  x  x  x  x  x  x  x  x  x     x  x  x  x  x
 BUSI_D    x     x  x     x     x        x  x                 x
 CUSI_D    x           x        x  x     x     x              x  x
 DUSI_D    x     x     x  x  x                 x  x     x     x


     MISSING DATA PATTERN FREQUENCIES

    Pattern   Frequency     Pattern   Frequency     Pattern   Frequency
          1         492           8          45          15           1
          2         168           9          21          16           1
          3          26          10           5          17           1
          4          47          11           1          18           1
          5          21          12           1          19           2
          6           2          13           3          20           2
          7          23          14           1


COVARIANCE COVERAGE OF DATA

Minimum covariance coverage value   0.100


     PROPORTION OF DATA PRESENT


           Covariance Coverage
              ABFI_HP8      BBFI_HP8      CBFI_HP8      DBFI_HP8      AUSI_D
              ________      ________      ________      ________      ________
 ABFI_HP8       0.999
 BBFI_HP8       0.722         0.722
 CBFI_HP8       0.683         0.631         0.683
 DBFI_HP8       0.663         0.608         0.603         0.664
 AUSI_D         0.998         0.722         0.683         0.664         0.999
 BUSI_D         0.712         0.712         0.627         0.603         0.712
 CUSI_D         0.678         0.627         0.678         0.601         0.678
 DUSI_D         0.659         0.608         0.601         0.659         0.660


           Covariance Coverage
              BUSI_D        CUSI_D        DUSI_D
              ________      ________      ________
 BUSI_D         0.712
 CUSI_D         0.624         0.678
 DUSI_D         0.603         0.598         0.660


SAMPLE STATISTICS


     ESTIMATED SAMPLE STATISTICS


           Means
              ABFI_HP8      BBFI_HP8      CBFI_HP8      DBFI_HP8      AUSI_D
              ________      ________      ________      ________      ________
               71.145        71.532        72.293        72.288        30.294


           Means
              BUSI_D        CUSI_D        DUSI_D
              ________      ________      ________
               29.940        29.879        30.173


           Covariances
              ABFI_HP8      BBFI_HP8      CBFI_HP8      DBFI_HP8      AUSI_D
              ________      ________      ________      ________      ________
 ABFI_HP8     247.268
 BBFI_HP8     187.836       254.578
 CBFI_HP8     173.866       186.224       231.370
 DBFI_HP8     165.259       177.017       177.056       234.217
 AUSI_D       -73.856       -77.906       -60.704       -63.183       358.823
 BUSI_D       -82.968       -85.294       -74.810       -66.705       239.762
 CUSI_D       -66.469       -60.667       -70.326       -62.239       220.937
 DUSI_D       -60.629       -64.421       -68.559       -56.707       201.739


           Covariances
              BUSI_D        CUSI_D        DUSI_D
              ________      ________      ________
 BUSI_D       356.904
 CUSI_D       237.658       367.646
 DUSI_D       207.231       245.665       340.885


           Correlations
              ABFI_HP8      BBFI_HP8      CBFI_HP8      DBFI_HP8      AUSI_D
              ________      ________      ________      ________      ________
 ABFI_HP8       1.000
 BBFI_HP8       0.749         1.000
 CBFI_HP8       0.727         0.767         1.000
 DBFI_HP8       0.687         0.725         0.761         1.000
 AUSI_D        -0.248        -0.258        -0.211        -0.218         1.000
 BUSI_D        -0.279        -0.283        -0.260        -0.231         0.670
 CUSI_D        -0.220        -0.198        -0.241        -0.212         0.608
 DUSI_D        -0.209        -0.219        -0.244        -0.201         0.577


           Correlations
              BUSI_D        CUSI_D        DUSI_D
              ________      ________      ________
 BUSI_D         1.000
 CUSI_D         0.656         1.000
 DUSI_D         0.594         0.694         1.000


     MAXIMUM LOG-LIKELIHOOD VALUE FOR THE UNRESTRICTED (H1) MODEL IS -21048.803


UNIVARIATE SAMPLE STATISTICS


     UNIVARIATE HIGHER-ORDER MOMENT DESCRIPTIVE STATISTICS

         Variable/         Mean/     Skewness/   Minimum/ % with                Percentiles
        Sample Size      Variance    Kurtosis    Maximum  Min/Max      20%/60%    40%/80%    Median

     ABFI_HP8             71.135      -0.353      25.000    0.23%      56.250     68.750     71.875
             863.000     247.335      -0.371     100.000    2.67%      75.000     84.375
     BBFI_HP8             71.731      -0.342      21.875    0.16%      56.250     68.750     71.875
             624.000     248.888      -0.525     100.000    1.44%      78.125     87.500
     CBFI_HP8             72.103      -0.329      28.125    0.51%      59.375     68.750     71.875
             590.000     234.156      -0.407     100.000    2.54%      78.125     87.500
     DBFI_HP8             72.391      -0.351      28.125    0.35%      59.375     68.750     71.875
             574.000     234.868      -0.329     100.000    2.09%      78.125     87.500
     AUSI_D               30.287       0.165       0.000   10.89%       8.333     25.000     33.333
             863.000     358.802      -0.530      91.667    0.23%      33.333     50.000
     BUSI_D               29.546       0.210       0.000   11.71%       8.333     25.000     33.333
             615.000     347.530      -0.216     100.000    0.16%      33.333     41.667
     CUSI_D               30.006       0.210       0.000   11.43%       8.333     25.000     33.333
             586.000     364.353      -0.506      91.667    0.17%      33.333     50.000
     DUSI_D               29.971       0.105       0.000   11.05%       8.333     25.000     33.333
             570.000     338.900      -0.560      83.333    0.53%      33.333     50.000


THE MODEL ESTIMATION TERMINATED NORMALLY



MODEL FIT INFORMATION

Number of Free Parameters                       24

Loglikelihood

          H0 Value                      -21036.671
          H0 Scaling Correction Factor      1.0485
            for MLR

Information Criteria

          Akaike (AIC)                   42121.342
          Bayesian (BIC)                 42235.619
          Sample-Size Adjusted BIC       42159.402
            (n* = (n + 2) / 24)



MODEL RESULTS

                                                    Two-Tailed
                    Estimate       S.E.  Est./S.E.    P-Value

 P1       BY
    ABFI_HP8           1.000      0.000    999.000    999.000

 P2       BY
    BBFI_HP8           1.000      0.000    999.000    999.000

 P3       BY
    CBFI_HP8           1.000      0.000    999.000    999.000

 P4       BY
    DBFI_HP8           1.000      0.000    999.000    999.000

 V1       BY
    AUSI_D             1.000      0.000    999.000    999.000

 V2       BY
    BUSI_D             1.000      0.000    999.000    999.000

 V3       BY
    CUSI_D             1.000      0.000    999.000    999.000

 V4       BY
    DUSI_D             1.000      0.000    999.000    999.000

 P4         ON
    P3                 0.130      0.049      2.670      0.008
    V3                -0.043      0.027     -1.596      0.110

 P3         ON
    P2                 0.130      0.049      2.670      0.008
    V2                -0.043      0.027     -1.596      0.110

 P2         ON
    P1                 0.130      0.049      2.670      0.008
    V1                -0.043      0.027     -1.596      0.110

 V4         ON
    V3                 0.212      0.046      4.599      0.000
    P3                -0.056      0.054     -1.034      0.301

 V3         ON
    V2                 0.212      0.046      4.599      0.000
    P2                -0.056      0.054     -1.034      0.301

 V2         ON
    V1                 0.212      0.046      4.599      0.000
    P1                -0.056      0.054     -1.034      0.301

 S_BFI_HP WITH
    I_BFI_HP8         -0.644      0.462     -1.394      0.163
    S_USI_D            0.002      0.085      0.025      0.980
    I_USI_D            0.795      2.020      0.394      0.694

 I_BFI_HP WITH
    S_USI_D           -1.016      2.035     -0.500      0.617
    I_USI_D          -54.591     11.453     -4.766      0.000

 S_USI_D  WITH
    I_USI_D            0.193      0.619      0.311      0.756

 P1       WITH
    V1                -6.596      6.094     -1.082      0.279

 P2       WITH
    V2                -6.627      3.314     -2.000      0.046

 P3       WITH
    V3                -6.627      3.314     -2.000      0.046

 P4       WITH
    V4                -6.627      3.314     -2.000      0.046

 Means
    P1                 0.000      0.000    999.000    999.000
    V1                 0.000      0.000    999.000    999.000
    I_BFI_HP8         71.347      0.485    147.181      0.000
    S_BFI_HP8          0.289      0.043      6.728      0.000
    I_USI_D           30.481      0.556     54.857      0.000
    S_USI_D           -0.287      0.053     -5.397      0.000

 Intercepts
    ABFI_HP8           0.000      0.000    999.000    999.000
    BBFI_HP8           0.000      0.000    999.000    999.000
    CBFI_HP8           0.000      0.000    999.000    999.000
    DBFI_HP8           0.000      0.000    999.000    999.000
    AUSI_D             0.000      0.000    999.000    999.000
    BUSI_D             0.000      0.000    999.000    999.000
    CUSI_D             0.000      0.000    999.000    999.000
    DUSI_D             0.000      0.000    999.000    999.000
    P2                 0.000      0.000    999.000    999.000
    P3                 0.000      0.000    999.000    999.000
    P4                 0.000      0.000    999.000    999.000
    V2                 0.000      0.000    999.000    999.000
    V3                 0.000      0.000    999.000    999.000
    V4                 0.000      0.000    999.000    999.000

 Variances
    P1                76.512      6.322     12.103      0.000
    V1               152.321     12.901     11.807      0.000
    I_BFI_HP8        158.905     11.900     13.354      0.000
    S_BFI_HP8          0.065      0.096      0.674      0.500
    I_USI_D          178.025     17.569     10.133      0.000
    S_USI_D            0.166      0.120      1.378      0.168

 Residual Variances
    ABFI_HP8           0.000      0.000    999.000    999.000
    BBFI_HP8           0.000      0.000    999.000    999.000
    CBFI_HP8           0.000      0.000    999.000    999.000
    DBFI_HP8           0.000      0.000    999.000    999.000
    AUSI_D             0.000      0.000    999.000    999.000
    BUSI_D             0.000      0.000    999.000    999.000
    CUSI_D             0.000      0.000    999.000    999.000
    DUSI_D             0.000      0.000    999.000    999.000
    P2                65.109      3.929     16.571      0.000
    P3                65.109      3.929     16.571      0.000
    P4                65.109      3.929     16.571      0.000
    V2               141.074      7.926     17.799      0.000
    V3               141.074      7.926     17.799      0.000
    V4               141.074      7.926     17.799      0.000


QUALITY OF NUMERICAL RESULTS

     Condition Number for the Information Matrix              0.195E-04
       (ratio of smallest to largest eigenvalue)


     Beginning Time:  16:15:26
        Ending Time:  16:15:37
       Elapsed Time:  00:00:11



MUTHEN & MUTHEN
3463 Stoner Ave.
Los Angeles, CA  90066

Tel: (310) 391-9971
Fax: (310) 391-8971
Web: www.StatModel.com
Support: Support@StatModel.com

Copyright (c) 1998-2017 Muthen & Muthen
