Mplus VERSION 8 (Linux)
MUTHEN & MUTHEN
07/08/2018   5:55 PM

INPUT INSTRUCTIONS


  title: PxVx Bivariate LCM-SR - 40splitgroup - Linear bfi_c with Linear vrt_ind;
  data: file = /home/jflournoy/code_new/lnt_pxvx/Data/lnt_nat_recalc.tsv;

  variable:
  names =
  subjid
  aage
  aaspfin
  aaspfin_d
  abfa_mt
  abfa_mt_d
  abfas_ac
  abfas_ap
  abfas_ci
  abfas_co
  abfas_ea
  abfas_ee
  abfas_nv
  abfas_nv9
  abfas_nw
  abfas_oi
  abfas_oo
  abfi_a
  abfi_a6
  abfi_c
  abfi_d_scale
  abfi_e
  abfi_hp8
  abfi_n
  abfi_o
  abfi_s_scale
  ahrz_col
  ahrz_col_d
  ahrz_ind
  ahrz_ind_d
  amvi
  ausi
  ausi_d
  avrt_col
  avrt_col_d
  avrt_ind
  avrt_ind_d
  bage
  baspfin
  baspfin_d
  bbfa_mt
  bbfa_mt_d
  bbfas_ac
  bbfas_ap
  bbfas_ci
  bbfas_co
  bbfas_ea
  bbfas_ee
  bbfas_nv
  bbfas_nv9
  bbfas_nw
  bbfas_oi
  bbfas_oo
  bbfi_a
  bbfi_a6
  bbfi_c
  bbfi_d_scale
  bbfi_e
  bbfi_hp8
  bbfi_n
  bbfi_o
  bbfi_s_scale
  bhrz_col
  bhrz_col_d
  bhrz_ind
  bhrz_ind_d
  bmvi
  busi
  busi_d
  bvrt_col
  bvrt_col_d
  bvrt_ind
  bvrt_ind_d
  cage
  caspfin
  caspfin_d
  cbfa_mt
  cbfa_mt_d
  cbfas_ac
  cbfas_ap
  cbfas_ci
  cbfas_co
  cbfas_ea
  cbfas_ee
  cbfas_nv
  cbfas_nv9
  cbfas_nw
  cbfas_oi
  cbfas_oo
  cbfi_a
  cbfi_a6
  cbfi_c
  cbfi_d_scale
  cbfi_e
  cbfi_hp8
  cbfi_n
  cbfi_o
  cbfi_s_scale
  chrz_col
  chrz_col_d
  chrz_ind
  chrz_ind_d
  cmvi
  cusi
  cusi_d
  cvrt_col
  cvrt_col_d
  cvrt_ind
  cvrt_ind_d
  dage
  daspfin
  daspfin_d
  dbfa_mt
  dbfa_mt_d
  dbfas_ac
  dbfas_ap
  dbfas_ci
  dbfas_co
  dbfas_ea
  dbfas_ee
  dbfas_nv
  dbfas_nv9
  dbfas_nw
  dbfas_oi
  dbfas_oo
  dbfi_a
  dbfi_a6
  dbfi_c
  dbfi_d_scale
  dbfi_e
  dbfi_hp8
  dbfi_n
  dbfi_o
  dbfi_s_scale
  dhrz_col
  dhrz_col_d
  dhrz_ind
  dhrz_ind_d
  dmvi
  dusi
  dusi_d
  dvrt_col
  dvrt_col_d
  dvrt_ind
  dvrt_ind_d;

  USEVARIABLES =
  abfi_c
  bbfi_c
  cbfi_c
  dbfi_c
  avrt_ind
  bvrt_ind
  cvrt_ind
  dvrt_ind
  a1
  a2
  a3
  a4
  aagegrp
  ;

  missing = all (-9999);

  tscores = a1 a2 a3 a4;

  grouping = aagegrp (0=earlier, 1=later);

  DEFINE:

  aagegrp = aage;

  cut aagegrp (39);

  a1 = aage + 0 - 36;
  a2 = aage + 1 - 36;
  a3 = aage + 2 - 36;
  a4 = aage + 3 - 36;

  ANALYSIS:
  TYPE=RANDOM;
  PROCESSORS = 6;
  model=nocovariances; ! supresses default estimation of certain covs in model;

  MODEL:

  i_bfi_c s_bfi_c | abfi_c bbfi_c cbfi_c dbfi_c AT a1 a2 a3 a4;
  i_vrt_ind s_vrt_ind | avrt_ind bvrt_ind cvrt_ind dvrt_ind AT a1 a2 a3 a4;

  ! freeing factor covs because of "nocovariances"
  ! But ensure they are constrained across groups
  s_bfi_c WITH i_bfi_c (p)
  s_vrt_ind (q)
  i_vrt_ind (r);
  i_bfi_c WITH s_vrt_ind (s)
  i_vrt_ind (t);
  s_vrt_ind WITH i_vrt_ind (u);

  !constrain latent growth means across groups
  [i_bfi_c] (v);
  [s_bfi_c] (w);
  [i_vrt_ind] (x);
  [s_vrt_ind] (y);

  !constrain latent growth variances across groups
  i_bfi_c (l);
  s_bfi_c (m);
  i_vrt_ind (n);
  s_vrt_ind (o);

  p1 BY abfi_c@1; ! Residual "factors";
  p2 BY bbfi_c@1;
  p3 BY cbfi_c@1;
  p4 BY dbfi_c@1;

  v1 BY avrt_ind@1; ! Residual "factors";
  v2 BY bvrt_ind@1;
  v3 BY cvrt_ind@1;
  v4 BY dvrt_ind@1;

  !residual variances on observed/manifest vars set to 0
  abfi_c@0;
  bbfi_c@0;
  cbfi_c@0;
  dbfi_c@0;

  !residual variances on observed/manifest vars set to 0
  avrt_ind@0;
  bvrt_ind@0;
  cvrt_ind@0;
  dvrt_ind@0;

  ! means of observed/manifest vars set to 0
  [abfi_c@0];
  [bbfi_c@0];
  [cbfi_c@0];
  [dbfi_c@0];

  ! means of observed/manifest vars set to 0
  [avrt_ind@0];
  [bvrt_ind@0];
  [cvrt_ind@0];
  [dvrt_ind@0];

  [p1@0]; ! means of residual "factors" set to 0
  [p2@0];
  [p3@0];
  [p4@0];

  [v1@0]; ! means of residual "factors" set to 0
  [v2@0];
  [v3@0];
  [v4@0];

  p4 on p3 (a); ! Autoregressive paths constrained to equality
  p3 on p2 (a);
  p2 on p1 (a);

  v4 on v3 (b); ! Autoregressive paths constrained to equality
  v3 on v2 (b);
  v2 on v1 (b);

  p4 on v3 (c); ! Cross-lagged paths constrained to equality
  p3 on v2 (c);
  p2 on v1 (c);

  v4 on p3 (d); ! Cross-lagged paths constrained to equality
  v3 on p2 (d);
  v2 on p1 (d);

  p1 with v1; !(this one is not like the others)

  p2 with v2 (e); ! Within-wave correlations constrained to equality
  p3 with v3 (e);
  p4 with v4 (e);

  p2 p3 p4 (f); ! estimate variances of residual "factors"
  v2 v3 v4 (g); ! estimate variances of residual "factors"

  MODEL earlier:

  p4 on p3 (a23); ! Autoregressive paths constrained to equality
  p3 on p2 (a23);
  p2 on p1 (a23);

  v4 on v3 (b23); ! Autoregressive paths constrained to equality
  v3 on v2 (b23);
  v2 on v1 (b23);

  p4 on v3 (c23); ! Cross-lagged paths constrained to equality
  p3 on v2 (c23);
  p2 on v1 (c23);

  v4 on p3 (d23); ! Cross-lagged paths constrained to equality
  v3 on p2 (d23);
  v2 on p1 (d23);

  p1 with v1; !(this one is not like the others)

  p2 with v2 (e23); ! Within-wave correlations constrained to equality
  p3 with v3 (e23);
  p4 with v4 (e23);

  p2 p3 p4 (f23); ! estimate variances of residual "factors"
  v2 v3 v4 (g23); ! estimate variances of residual "factors"

  MODEL later:

  p4 on p3 (a45); ! Autoregressive paths constrained to equality
  p3 on p2 (a45);
  p2 on p1 (a45);

  v4 on v3 (b45); ! Autoregressive paths constrained to equality
  v3 on v2 (b45);
  v2 on v1 (b45);

  p4 on v3 (c45); ! Cross-lagged paths constrained to equality
  p3 on v2 (c45);
  p2 on v1 (c45);

  v4 on p3 (d45); ! Cross-lagged paths constrained to equality
  v3 on p2 (d45);
  v2 on p1 (d45);

  p1 with v1; !(this one is not like the others)

  p2 with v2 (e45); ! Within-wave correlations constrained to equality
  p3 with v3 (e45);
  p4 with v4 (e45);

  p2 p3 p4 (f45); ! estimate variances of residual "factors"
  v2 v3 v4 (g45); ! estimate variances of residual "factors"

  OUTPUT: SAMPSTAT PATTERNS;



*** WARNING
  Data set contains unknown or missing values for GROUPING,
  PATTERN, COHORT, CLUSTER and/or STRATIFICATION variables.
  Number of cases with unknown or missing values:  5
   1 WARNING(S) FOUND IN THE INPUT INSTRUCTIONS



PxVx Bivariate LCM-SR - 40splitgroup - Linear bfi_c with Linear vrt_ind;

SUMMARY OF ANALYSIS

Number of groups                                                 2
Number of observations
   Group EARLIER                                               534
   Group LATER                                                 330
   Total sample size                                           864

Number of dependent variables                                    8
Number of independent variables                                  0
Number of continuous latent variables                           12

Observed dependent variables

  Continuous
   ABFI_C      BBFI_C      CBFI_C      DBFI_C      AVRT_IND    BVRT_IND
   CVRT_IND    DVRT_IND

Continuous latent variables
   P1          P2          P3          P4          V1          V2
   V3          V4          I_BFI_C     S_BFI_C     I_VRT_IN    S_VRT_IN

Variables with special functions

  Grouping variable     AAGEGRP

  Time scores
   A1          A2          A3          A4


Estimator                                                      MLR
Information matrix                                        OBSERVED
Maximum number of iterations                                   100
Convergence criterion                                    0.100D-05
Maximum number of EM iterations                                500
Convergence criteria for the EM algorithm
  Loglikelihood change                                   0.100D-02
  Relative loglikelihood change                          0.100D-05
  Derivative                                             0.100D-03
Minimum variance                                         0.100D-03
Maximum number of steepest descent iterations                   20
Maximum number of iterations for H1                           2000
Convergence criterion for H1                             0.100D-03
Optimization algorithm                                         EMA

Input data file(s)
  /home/jflournoy/code_new/lnt_pxvx/Data/lnt_nat_recalc.tsv
Input data format  FREE


SUMMARY OF DATA

   Group EARLIER
     Number of missing data patterns            16

   Group LATER
     Number of missing data patterns            16


SUMMARY OF MISSING DATA PATTERNS


     MISSING DATA PATTERNS (x = not missing) FOR EARLIER

           1  2  3  4  5  6  7  8  9 10 11 12 13 14 15 16
 ABFI_C    x  x  x  x  x  x  x  x  x  x  x  x  x  x  x  x
 BBFI_C    x     x     x  x  x        x  x  x  x  x
 CBFI_C    x        x  x     x     x  x  x     x  x  x
 DBFI_C    x     x  x  x        x     x        x     x  x
 AVRT_IND  x  x  x  x  x  x  x  x  x  x  x  x  x  x  x  x
 BVRT_IND  x     x     x  x  x        x  x        x
 CVRT_IND  x        x        x     x  x        x  x  x
 DVRT_IND  x     x  x  x        x              x  x


     MISSING DATA PATTERN FREQUENCIES FOR EARLIER

    Pattern   Frequency     Pattern   Frequency     Pattern   Frequency
          1         327           7          19          13           2
          2         100           8          14          14           1
          3          14           9          11          15           1
          4          12          10           1          16           2
          5           1          11           1
          6          26          12           2


     MISSING DATA PATTERNS (x = not missing) FOR LATER

           1  2  3  4  5  6  7  8  9 10 11 12 13 14 15 16
 ABFI_C    x  x  x  x  x  x  x  x  x  x  x  x     x  x  x
 BBFI_C    x     x     x  x  x        x  x           x
 CBFI_C    x        x  x     x     x     x  x           x
 DBFI_C    x     x  x  x        x        x  x  x     x
 AVRT_IND  x  x  x  x  x  x  x  x  x  x  x  x  x     x  x
 BVRT_IND  x     x     x  x  x
 CVRT_IND  x        x        x     x     x  x
 DVRT_IND  x     x  x  x        x        x     x     x


     MISSING DATA PATTERN FREQUENCIES FOR LATER

    Pattern   Frequency     Pattern   Frequency     Pattern   Frequency
          1         165           7          26          13           1
          2          68           8           9          14           1
          3          12           9          10          15           1
          4           9          10           2          16           1
          5           1          11           1
          6          22          12           1


COVARIANCE COVERAGE OF DATA

Minimum covariance coverage value   0.100


     PROPORTION OF DATA PRESENT FOR EARLIER


           Covariance Coverage
              ABFI_C        BBFI_C        CBFI_C        DBFI_C        AVRT_IND
              ________      ________      ________      ________      ________
 ABFI_C         1.000
 BBFI_C         0.738         0.738
 CBFI_C         0.704         0.659         0.704
 DBFI_C         0.700         0.646         0.644         0.700
 AVRT_IND       1.000         0.738         0.704         0.700         1.000
 BVRT_IND       0.730         0.730         0.655         0.642         0.730
 CVRT_IND       0.700         0.655         0.700         0.642         0.700
 DVRT_IND       0.695         0.646         0.642         0.693         0.695


           Covariance Coverage
              BVRT_IND      CVRT_IND      DVRT_IND
              ________      ________      ________
 BVRT_IND       0.730
 CVRT_IND       0.652         0.700
 DVRT_IND       0.642         0.640         0.695


     PROPORTION OF DATA PRESENT FOR LATER


           Covariance Coverage
              ABFI_C        BBFI_C        CBFI_C        DBFI_C        AVRT_IND
              ________      ________      ________      ________      ________
 ABFI_C         1.000
 BBFI_C         0.703         0.703
 CBFI_C         0.658         0.597         0.658
 DBFI_C         0.609         0.548         0.542         0.609
 AVRT_IND       1.000         0.703         0.658         0.609         1.000
 BVRT_IND       0.697         0.697         0.594         0.545         0.697
 CVRT_IND       0.652         0.591         0.652         0.539         0.652
 DVRT_IND       0.600         0.545         0.536         0.597         0.600


           Covariance Coverage
              BVRT_IND      CVRT_IND      DVRT_IND
              ________      ________      ________
 BVRT_IND       0.697
 CVRT_IND       0.588         0.652
 DVRT_IND       0.542         0.533         0.600


SAMPLE STATISTICS


     ESTIMATED SAMPLE STATISTICS FOR EARLIER


           Means
              ABFI_C        BBFI_C        CBFI_C        DBFI_C        AVRT_IND
              ________      ________      ________      ________      ________
               67.517        66.886        67.179        67.574        49.114


           Means
              BVRT_IND      CVRT_IND      DVRT_IND
              ________      ________      ________
               49.815        48.634        48.396


           Covariances
              ABFI_C        BBFI_C        CBFI_C        DBFI_C        AVRT_IND
              ________      ________      ________      ________      ________
 ABFI_C       308.904
 BBFI_C       238.952       282.729
 CBFI_C       222.331       225.244       289.030
 DBFI_C       219.741       222.050       234.798       293.537
 AVRT_IND      14.274        -5.136        -7.189        -3.258       397.587
 BVRT_IND       2.533       -10.123        -2.577        -5.153       270.461
 CVRT_IND       7.453        -4.248        -5.994        -3.974       256.675
 DVRT_IND      14.370         3.985        10.795         4.803       258.926


           Covariances
              BVRT_IND      CVRT_IND      DVRT_IND
              ________      ________      ________
 BVRT_IND     380.499
 CVRT_IND     278.300       403.561
 DVRT_IND     276.899       299.569       415.553


           Correlations
              ABFI_C        BBFI_C        CBFI_C        DBFI_C        AVRT_IND
              ________      ________      ________      ________      ________
 ABFI_C         1.000
 BBFI_C         0.809         1.000
 CBFI_C         0.744         0.788         1.000
 DBFI_C         0.730         0.771         0.806         1.000
 AVRT_IND       0.041        -0.015        -0.021        -0.010         1.000
 BVRT_IND       0.007        -0.031        -0.008        -0.015         0.695
 CVRT_IND       0.021        -0.013        -0.018        -0.012         0.641
 DVRT_IND       0.040         0.012         0.031         0.014         0.637


           Correlations
              BVRT_IND      CVRT_IND      DVRT_IND
              ________      ________      ________
 BVRT_IND       1.000
 CVRT_IND       0.710         1.000
 DVRT_IND       0.696         0.732         1.000


     ESTIMATED SAMPLE STATISTICS FOR LATER


           Means
              ABFI_C        BBFI_C        CBFI_C        DBFI_C        AVRT_IND
              ________      ________      ________      ________      ________
               70.214        71.407        71.045        70.673        44.154


           Means
              BVRT_IND      CVRT_IND      DVRT_IND
              ________      ________      ________
               42.462        42.712        43.093


           Covariances
              ABFI_C        BBFI_C        CBFI_C        DBFI_C        AVRT_IND
              ________      ________      ________      ________      ________
 ABFI_C       276.649
 BBFI_C       220.896       271.825
 CBFI_C       236.816       231.995       296.639
 DBFI_C       220.878       217.933       242.972       285.872
 AVRT_IND       5.434         0.814        -6.911       -20.379       312.679
 BVRT_IND      22.290         6.327         9.379       -17.192       190.286
 CVRT_IND      12.644        -0.468        12.590        -5.347       202.367
 DVRT_IND       2.644        -4.816         2.581       -30.562       193.765


           Covariances
              BVRT_IND      CVRT_IND      DVRT_IND
              ________      ________      ________
 BVRT_IND     265.914
 CVRT_IND     195.134       318.555
 DVRT_IND     198.331       215.074       285.130


           Correlations
              ABFI_C        BBFI_C        CBFI_C        DBFI_C        AVRT_IND
              ________      ________      ________      ________      ________
 ABFI_C         1.000
 BBFI_C         0.806         1.000
 CBFI_C         0.827         0.817         1.000
 DBFI_C         0.785         0.782         0.834         1.000
 AVRT_IND       0.018         0.003        -0.023        -0.068         1.000
 BVRT_IND       0.082         0.024         0.033        -0.062         0.660
 CVRT_IND       0.043        -0.002         0.041        -0.018         0.641
 DVRT_IND       0.009        -0.017         0.009        -0.107         0.649


           Correlations
              BVRT_IND      CVRT_IND      DVRT_IND
              ________      ________      ________
 BVRT_IND       1.000
 CVRT_IND       0.670         1.000
 DVRT_IND       0.720         0.714         1.000


     MAXIMUM LOG-LIKELIHOOD VALUE FOR THE UNRESTRICTED (H1) MODEL IS -21042.940


UNIVARIATE SAMPLE STATISTICS


     UNIVARIATE HIGHER-ORDER MOMENT DESCRIPTIVE STATISTICS FOR EARLIER

         Variable/         Mean/     Skewness/   Minimum/ % with                Percentiles
        Sample Size      Variance    Kurtosis    Maximum  Min/Max      20%/60%    40%/80%    Median

     ABFI_C               67.517      -0.293      16.667    0.19%      52.778     63.889     67.708
             534.000     308.904      -0.477     100.000    1.87%      72.222     83.333
     BBFI_C               67.120      -0.173       8.333    0.25%      52.778     63.889     66.667
             394.000     272.790      -0.079     100.000    2.54%      72.222     80.556
     CBFI_C               67.051      -0.137      19.444    0.27%      52.778     63.889     66.667
             376.000     278.697      -0.453     100.000    1.33%      69.444     83.333
     DBFI_C               67.781      -0.234      16.667    0.53%      52.778     63.889     69.444
             374.000     287.100      -0.272     100.000    2.94%      72.222     83.333
     AVRT_IND             49.114       0.039       0.000    0.56%      31.250     43.750     50.000
             534.000     397.587      -0.367     100.000    0.75%      56.250     68.750
     BVRT_IND             50.043       0.075       6.250    0.77%      31.250     43.750     50.000
             390.000     377.068      -0.367     100.000    1.28%      56.250     68.750
     CVRT_IND             49.070       0.147       6.250    0.53%      31.250     43.750     50.000
             374.000     404.811      -0.549     100.000    0.80%      56.250     68.750
     DVRT_IND             48.551       0.125       0.000    0.27%      31.250     43.750     50.000
             371.000     415.270      -0.515     100.000    0.81%      56.250     68.750


     UNIVARIATE HIGHER-ORDER MOMENT DESCRIPTIVE STATISTICS FOR LATER

         Variable/         Mean/     Skewness/   Minimum/ % with                Percentiles
        Sample Size      Variance    Kurtosis    Maximum  Min/Max      20%/60%    40%/80%    Median

     ABFI_C               70.190      -0.580      12.500    0.30%      55.556     66.667     72.222
             329.000     276.982       0.223     100.000    1.52%      75.000     83.333
     BBFI_C               72.295      -0.493      11.111    0.43%      58.333     69.444     72.222
             230.000     266.571       0.165     100.000    5.65%      77.778     86.111
     CBFI_C               71.998      -0.636       8.333    0.47%      58.333     69.444     75.000
             214.000     290.981       0.466     100.000    4.21%      77.778     86.111
     DBFI_C               72.042      -0.628       8.333    0.50%      58.333     72.222     75.000
             200.000     279.558       0.570     100.000    3.50%      75.000     86.111
     AVRT_IND             44.155       0.185       0.000    0.30%      31.250     37.500     43.750
             329.000     312.679      -0.195     100.000    0.30%      50.000     62.500
     BVRT_IND             42.423       0.198       0.000    0.44%      25.000     37.500     43.750
             226.000     266.644      -0.272      87.500    0.44%      43.750     56.250
     CVRT_IND             42.011       0.417       6.250    1.89%      25.000     37.500     43.750
             212.000     315.555       0.165     100.000    0.47%      43.750     56.250
     DVRT_IND             42.567       0.161       6.250    0.50%      25.000     37.500     43.750
             199.000     279.977      -0.393      87.500    1.01%      50.000     56.250


THE MODEL ESTIMATION TERMINATED NORMALLY



MODEL FIT INFORMATION

Number of Free Parameters                       34

Loglikelihood

          H0 Value                      -21057.288
          H0 Scaling Correction Factor      1.2475
            for MLR

Information Criteria

          Akaike (AIC)                   42182.576
          Bayesian (BIC)                 42344.470
          Sample-Size Adjusted BIC       42236.495
            (n* = (n + 2) / 24)



MODEL RESULTS

                                                    Two-Tailed
                    Estimate       S.E.  Est./S.E.    P-Value

Group EARLIER

 P1       BY
    ABFI_C             1.000      0.000    999.000    999.000

 P2       BY
    BBFI_C             1.000      0.000    999.000    999.000

 P3       BY
    CBFI_C             1.000      0.000    999.000    999.000

 P4       BY
    DBFI_C             1.000      0.000    999.000    999.000

 V1       BY
    AVRT_IND           1.000      0.000    999.000    999.000

 V2       BY
    BVRT_IND           1.000      0.000    999.000    999.000

 V3       BY
    CVRT_IND           1.000      0.000    999.000    999.000

 V4       BY
    DVRT_IND           1.000      0.000    999.000    999.000

 P4         ON
    P3                 0.219      0.076      2.874      0.004
    V3                 0.001      0.035      0.032      0.975

 P3         ON
    P2                 0.219      0.076      2.874      0.004
    V2                 0.001      0.035      0.032      0.975

 P2         ON
    P1                 0.219      0.076      2.874      0.004
    V1                 0.001      0.035      0.032      0.975

 V4         ON
    V3                 0.162      0.074      2.182      0.029
    P3                 0.013      0.074      0.175      0.861

 V3         ON
    V2                 0.162      0.074      2.182      0.029
    P2                 0.013      0.074      0.175      0.861

 V2         ON
    V1                 0.162      0.074      2.182      0.029
    P1                 0.013      0.074      0.175      0.861

 S_BFI_C  WITH
    I_BFI_C            0.498      0.707      0.704      0.481
    S_VRT_IND          0.027      0.092      0.294      0.769
    I_VRT_IND         -3.059      2.129     -1.437      0.151

 I_BFI_C  WITH
    S_VRT_IND          2.151      2.244      0.958      0.338
    I_VRT_IND          0.710     12.823      0.055      0.956

 S_VRT_IN WITH
    I_VRT_IND         -1.891      0.745     -2.539      0.011

 P1       WITH
    V1                13.348      9.384      1.422      0.155

 P2       WITH
    V2                -3.955      4.691     -0.843      0.399

 P3       WITH
    V3                -3.955      4.691     -0.843      0.399

 P4       WITH
    V4                -3.955      4.691     -0.843      0.399

 Means
    P1                 0.000      0.000    999.000    999.000
    V1                 0.000      0.000    999.000    999.000
    I_BFI_C           68.382      0.551    124.109      0.000
    S_BFI_C            0.217      0.048      4.501      0.000
    I_VRT_IND         47.183      0.585     80.687      0.000
    S_VRT_IND         -0.310      0.054     -5.772      0.000

 Intercepts
    ABFI_C             0.000      0.000    999.000    999.000
    BBFI_C             0.000      0.000    999.000    999.000
    CBFI_C             0.000      0.000    999.000    999.000
    DBFI_C             0.000      0.000    999.000    999.000
    AVRT_IND           0.000      0.000    999.000    999.000
    BVRT_IND           0.000      0.000    999.000    999.000
    CVRT_IND           0.000      0.000    999.000    999.000
    DVRT_IND           0.000      0.000    999.000    999.000
    P2                 0.000      0.000    999.000    999.000
    P3                 0.000      0.000    999.000    999.000
    P4                 0.000      0.000    999.000    999.000
    V2                 0.000      0.000    999.000    999.000
    V3                 0.000      0.000    999.000    999.000
    V4                 0.000      0.000    999.000    999.000

 Variances
    P1                89.098     10.048      8.867      0.000
    V1               152.843     16.704      9.150      0.000
    I_BFI_C          206.261     15.826     13.033      0.000
    S_BFI_C            0.103      0.120      0.852      0.394
    I_VRT_IND        212.656     18.119     11.737      0.000
    S_VRT_IND          0.210      0.124      1.699      0.089

 Residual Variances
    ABFI_C             0.000      0.000    999.000    999.000
    BBFI_C             0.000      0.000    999.000    999.000
    CBFI_C             0.000      0.000    999.000    999.000
    DBFI_C             0.000      0.000    999.000    999.000
    AVRT_IND           0.000      0.000    999.000    999.000
    BVRT_IND           0.000      0.000    999.000    999.000
    CVRT_IND           0.000      0.000    999.000    999.000
    DVRT_IND           0.000      0.000    999.000    999.000
    P2                68.430      5.817     11.764      0.000
    P3                68.430      5.817     11.764      0.000
    P4                68.430      5.817     11.764      0.000
    V2               130.666      9.929     13.161      0.000
    V3               130.666      9.929     13.161      0.000
    V4               130.666      9.929     13.161      0.000

Group LATER

 P1       BY
    ABFI_C             1.000      0.000    999.000    999.000

 P2       BY
    BBFI_C             1.000      0.000    999.000    999.000

 P3       BY
    CBFI_C             1.000      0.000    999.000    999.000

 P4       BY
    DBFI_C             1.000      0.000    999.000    999.000

 V1       BY
    AVRT_IND           1.000      0.000    999.000    999.000

 V2       BY
    BVRT_IND           1.000      0.000    999.000    999.000

 V3       BY
    CVRT_IND           1.000      0.000    999.000    999.000

 V4       BY
    DVRT_IND           1.000      0.000    999.000    999.000

 P4         ON
    P3                 0.075      0.086      0.878      0.380
    V3                 0.065      0.039      1.670      0.095

 P3         ON
    P2                 0.075      0.086      0.878      0.380
    V2                 0.065      0.039      1.670      0.095

 P2         ON
    P1                 0.075      0.086      0.878      0.380
    V1                 0.065      0.039      1.670      0.095

 V4         ON
    V3                -0.003      0.067     -0.043      0.966
    P3                 0.065      0.076      0.862      0.389

 V3         ON
    V2                -0.003      0.067     -0.043      0.966
    P2                 0.065      0.076      0.862      0.389

 V2         ON
    V1                -0.003      0.067     -0.043      0.966
    P1                 0.065      0.076      0.862      0.389

 S_BFI_C  WITH
    I_BFI_C            0.498      0.707      0.704      0.481
    S_VRT_IND          0.027      0.092      0.294      0.769
    I_VRT_IND         -3.059      2.129     -1.437      0.151

 I_BFI_C  WITH
    S_VRT_IND          2.151      2.244      0.958      0.338
    I_VRT_IND          0.710     12.823      0.055      0.956

 S_VRT_IN WITH
    I_VRT_IND         -1.891      0.745     -2.539      0.011

 P1       WITH
    V1                 2.017      7.660      0.263      0.792

 P2       WITH
    V2                 0.925      4.101      0.226      0.822

 P3       WITH
    V3                 0.925      4.101      0.226      0.822

 P4       WITH
    V4                 0.925      4.101      0.226      0.822

 Means
    P1                 0.000      0.000    999.000    999.000
    V1                 0.000      0.000    999.000    999.000
    I_BFI_C           68.382      0.551    124.109      0.000
    S_BFI_C            0.217      0.048      4.501      0.000
    I_VRT_IND         47.183      0.585     80.687      0.000
    S_VRT_IND         -0.310      0.054     -5.772      0.000

 Intercepts
    ABFI_C             0.000      0.000    999.000    999.000
    BBFI_C             0.000      0.000    999.000    999.000
    CBFI_C             0.000      0.000    999.000    999.000
    DBFI_C             0.000      0.000    999.000    999.000
    AVRT_IND           0.000      0.000    999.000    999.000
    BVRT_IND           0.000      0.000    999.000    999.000
    CVRT_IND           0.000      0.000    999.000    999.000
    DVRT_IND           0.000      0.000    999.000    999.000
    P2                 0.000      0.000    999.000    999.000
    P3                 0.000      0.000    999.000    999.000
    P4                 0.000      0.000    999.000    999.000
    V2                 0.000      0.000    999.000    999.000
    V3                 0.000      0.000    999.000    999.000
    V4                 0.000      0.000    999.000    999.000

 Variances
    P1                53.210      7.177      7.414      0.000
    V1               121.398     16.250      7.470      0.000
    I_BFI_C          206.261     15.826     13.033      0.000
    S_BFI_C            0.103      0.120      0.852      0.394
    I_VRT_IND        212.656     18.119     11.737      0.000
    S_VRT_IND          0.210      0.124      1.699      0.089

 Residual Variances
    ABFI_C             0.000      0.000    999.000    999.000
    BBFI_C             0.000      0.000    999.000    999.000
    CBFI_C             0.000      0.000    999.000    999.000
    DBFI_C             0.000      0.000    999.000    999.000
    AVRT_IND           0.000      0.000    999.000    999.000
    BVRT_IND           0.000      0.000    999.000    999.000
    CVRT_IND           0.000      0.000    999.000    999.000
    DVRT_IND           0.000      0.000    999.000    999.000
    P2                56.313      5.676      9.922      0.000
    P3                56.313      5.676      9.922      0.000
    P4                56.313      5.676      9.922      0.000
    V2                87.424      8.940      9.779      0.000
    V3                87.424      8.940      9.779      0.000
    V4                87.424      8.940      9.779      0.000


QUALITY OF NUMERICAL RESULTS

     Condition Number for the Information Matrix              0.156E-05
       (ratio of smallest to largest eigenvalue)


     Beginning Time:  17:55:55
        Ending Time:  17:56:15
       Elapsed Time:  00:00:20



MUTHEN & MUTHEN
3463 Stoner Ave.
Los Angeles, CA  90066

Tel: (310) 391-9971
Fax: (310) 391-8971
Web: www.StatModel.com
Support: Support@StatModel.com

Copyright (c) 1998-2017 Muthen & Muthen
