Mplus VERSION 8 (Linux)
MUTHEN & MUTHEN
07/08/2018   5:50 PM

INPUT INSTRUCTIONS


  title: PxVx Bivariate LCM-SR - decadegroup - Linear bfas_nv with Linear usi;
  data: file = /home/jflournoy/code_new/lnt_pxvx/Data/lnt_nat_recalc.tsv;

  variable:
  names =
  subjid
  aage
  aaspfin
  aaspfin_d
  abfa_mt
  abfa_mt_d
  abfas_ac
  abfas_ap
  abfas_ci
  abfas_co
  abfas_ea
  abfas_ee
  abfas_nv
  abfas_nv9
  abfas_nw
  abfas_oi
  abfas_oo
  abfi_a
  abfi_a6
  abfi_c
  abfi_d_scale
  abfi_e
  abfi_hp8
  abfi_n
  abfi_o
  abfi_s_scale
  ahrz_col
  ahrz_col_d
  ahrz_ind
  ahrz_ind_d
  amvi
  ausi
  ausi_d
  avrt_col
  avrt_col_d
  avrt_ind
  avrt_ind_d
  bage
  baspfin
  baspfin_d
  bbfa_mt
  bbfa_mt_d
  bbfas_ac
  bbfas_ap
  bbfas_ci
  bbfas_co
  bbfas_ea
  bbfas_ee
  bbfas_nv
  bbfas_nv9
  bbfas_nw
  bbfas_oi
  bbfas_oo
  bbfi_a
  bbfi_a6
  bbfi_c
  bbfi_d_scale
  bbfi_e
  bbfi_hp8
  bbfi_n
  bbfi_o
  bbfi_s_scale
  bhrz_col
  bhrz_col_d
  bhrz_ind
  bhrz_ind_d
  bmvi
  busi
  busi_d
  bvrt_col
  bvrt_col_d
  bvrt_ind
  bvrt_ind_d
  cage
  caspfin
  caspfin_d
  cbfa_mt
  cbfa_mt_d
  cbfas_ac
  cbfas_ap
  cbfas_ci
  cbfas_co
  cbfas_ea
  cbfas_ee
  cbfas_nv
  cbfas_nv9
  cbfas_nw
  cbfas_oi
  cbfas_oo
  cbfi_a
  cbfi_a6
  cbfi_c
  cbfi_d_scale
  cbfi_e
  cbfi_hp8
  cbfi_n
  cbfi_o
  cbfi_s_scale
  chrz_col
  chrz_col_d
  chrz_ind
  chrz_ind_d
  cmvi
  cusi
  cusi_d
  cvrt_col
  cvrt_col_d
  cvrt_ind
  cvrt_ind_d
  dage
  daspfin
  daspfin_d
  dbfa_mt
  dbfa_mt_d
  dbfas_ac
  dbfas_ap
  dbfas_ci
  dbfas_co
  dbfas_ea
  dbfas_ee
  dbfas_nv
  dbfas_nv9
  dbfas_nw
  dbfas_oi
  dbfas_oo
  dbfi_a
  dbfi_a6
  dbfi_c
  dbfi_d_scale
  dbfi_e
  dbfi_hp8
  dbfi_n
  dbfi_o
  dbfi_s_scale
  dhrz_col
  dhrz_col_d
  dhrz_ind
  dhrz_ind_d
  dmvi
  dusi
  dusi_d
  dvrt_col
  dvrt_col_d
  dvrt_ind
  dvrt_ind_d;

  USEVARIABLES =
  abfas_nv
  bbfas_nv
  cbfas_nv
  dbfas_nv
  ausi
  busi
  cusi
  dusi
  a1
  a2
  a3
  a4
  aagegrp
  ;

  missing = all (-9999);

  tscores = a1 a2 a3 a4;

  grouping = aagegrp (0=d2, 1=d3, 2=d4, 3=d5);

  DEFINE:

  aagegrp = aage;

  cut aagegrp (29 39 49);

  a1 = aage + 0 - 36;
  a2 = aage + 1 - 36;
  a3 = aage + 2 - 36;
  a4 = aage + 3 - 36;

  ANALYSIS:
  TYPE=RANDOM;
  PROCESSORS = 6;
  model=nocovariances; ! supresses default estimation of certain covs in model;

  MODEL:

  i_bfas_nv s_bfas_nv | abfas_nv bbfas_nv cbfas_nv dbfas_nv AT a1 a2 a3 a4;
  i_usi s_usi | ausi busi cusi dusi AT a1 a2 a3 a4;

  ! freeing factor covs because of "nocovariances"
  ! But ensure they are constrained across groups
  s_bfas_nv WITH i_bfas_nv (p)
  s_usi (q)
  i_usi (r);
  i_bfas_nv WITH s_usi (s)
  i_usi (t);
  s_usi WITH i_usi (u);

  !constrain latent growth means across groups
  [i_bfas_nv] (v);
  [s_bfas_nv] (w);
  [i_usi] (x);
  [s_usi] (y);

  !constrain latent growth variances across groups
  i_bfas_nv (l);
  s_bfas_nv (m);
  i_usi (n);
  s_usi (o);

  p1 BY abfas_nv@1; ! Residual "factors";
  p2 BY bbfas_nv@1;
  p3 BY cbfas_nv@1;
  p4 BY dbfas_nv@1;

  v1 BY ausi@1; ! Residual "factors";
  v2 BY busi@1;
  v3 BY cusi@1;
  v4 BY dusi@1;

  !residual variances on observed/manifest vars set to 0
  abfas_nv@0;
  bbfas_nv@0;
  cbfas_nv@0;
  dbfas_nv@0;

  !residual variances on observed/manifest vars set to 0
  ausi@0;
  busi@0;
  cusi@0;
  dusi@0;

  ! means of observed/manifest vars set to 0
  [abfas_nv@0];
  [bbfas_nv@0];
  [cbfas_nv@0];
  [dbfas_nv@0];

  ! means of observed/manifest vars set to 0
  [ausi@0];
  [busi@0];
  [cusi@0];
  [dusi@0];

  [p1@0]; ! means of residual "factors" set to 0
  [p2@0];
  [p3@0];
  [p4@0];

  [v1@0]; ! means of residual "factors" set to 0
  [v2@0];
  [v3@0];
  [v4@0];

  p4 on p3 (a); ! Autoregressive paths constrained to equality
  p3 on p2 (a);
  p2 on p1 (a);

  v4 on v3 (b); ! Autoregressive paths constrained to equality
  v3 on v2 (b);
  v2 on v1 (b);

  p4 on v3 (c); ! Cross-lagged paths constrained to equality
  p3 on v2 (c);
  p2 on v1 (c);

  v4 on p3 (d); ! Cross-lagged paths constrained to equality
  v3 on p2 (d);
  v2 on p1 (d);

  p1 with v1; !(this one is not like the others)

  p2 with v2 (e); ! Within-wave correlations constrained to equality
  p3 with v3 (e);
  p4 with v4 (e);

  p2 p3 p4 (f); ! estimate variances of residual "factors"
  v2 v3 v4 (g); ! estimate variances of residual "factors"

  MODEL d2:

  p4 on p3 (a2); ! Autoregressive paths constrained to equality
  p3 on p2 (a2);
  p2 on p1 (a2);

  v4 on v3 (b2); ! Autoregressive paths constrained to equality
  v3 on v2 (b2);
  v2 on v1 (b2);

  p4 on v3 (c2); ! Cross-lagged paths constrained to equality
  p3 on v2 (c2);
  p2 on v1 (c2);

  v4 on p3 (d2); ! Cross-lagged paths constrained to equality
  v3 on p2 (d2);
  v2 on p1 (d2);

  p1 with v1; !(this one is not like the others)

  p2 with v2 (e2); ! Within-wave correlations constrained to equality
  p3 with v3 (e2);
  p4 with v4 (e2);

  p2 p3 p4 (f2); ! estimate variances of residual "factors"
  v2 v3 v4 (g2); ! estimate variances of residual "factors"

  MODEL d3:

  p4 on p3 (a3); ! Autoregressive paths constrained to equality
  p3 on p2 (a3);
  p2 on p1 (a3);

  v4 on v3 (b3); ! Autoregressive paths constrained to equality
  v3 on v2 (b3);
  v2 on v1 (b3);

  p4 on v3 (c3); ! Cross-lagged paths constrained to equality
  p3 on v2 (c3);
  p2 on v1 (c3);

  v4 on p3 (d3); ! Cross-lagged paths constrained to equality
  v3 on p2 (d3);
  v2 on p1 (d3);

  p1 with v1; !(this one is not like the others)

  p2 with v2 (e3); ! Within-wave correlations constrained to equality
  p3 with v3 (e3);
  p4 with v4 (e3);

  p2 p3 p4 (f3); ! estimate variances of residual "factors"
  v2 v3 v4 (g3); ! estimate variances of residual "factors"

  MODEL d4:

  p4 on p3 (a4); ! Autoregressive paths constrained to equality
  p3 on p2 (a4);
  p2 on p1 (a4);

  v4 on v3 (b4); ! Autoregressive paths constrained to equality
  v3 on v2 (b4);
  v2 on v1 (b4);

  p4 on v3 (c4); ! Cross-lagged paths constrained to equality
  p3 on v2 (c4);
  p2 on v1 (c4);

  v4 on p3 (d4); ! Cross-lagged paths constrained to equality
  v3 on p2 (d4);
  v2 on p1 (d4);

  p1 with v1; !(this one is not like the others)

  p2 with v2 (e4); ! Within-wave correlations constrained to equality
  p3 with v3 (e4);
  p4 with v4 (e4);

  p2 p3 p4 (f4); ! estimate variances of residual "factors"
  v2 v3 v4 (g4); ! estimate variances of residual "factors"

  MODEL d5:

  p4 on p3 (a5); ! Autoregressive paths constrained to equality
  p3 on p2 (a5);
  p2 on p1 (a5);

  v4 on v3 (b5); ! Autoregressive paths constrained to equality
  v3 on v2 (b5);
  v2 on v1 (b5);

  p4 on v3 (c5); ! Cross-lagged paths constrained to equality
  p3 on v2 (c5);
  p2 on v1 (c5);

  v4 on p3 (d5); ! Cross-lagged paths constrained to equality
  v3 on p2 (d5);
  v2 on p1 (d5);

  p1 with v1; !(this one is not like the others)

  p2 with v2 (e5); ! Within-wave correlations constrained to equality
  p3 with v3 (e5);
  p4 with v4 (e5);

  p2 p3 p4 (f5); ! estimate variances of residual "factors"
  v2 v3 v4 (g5); ! estimate variances of residual "factors"

  OUTPUT: SAMPSTAT PATTERNS;



*** WARNING
  Data set contains unknown or missing values for GROUPING,
  PATTERN, COHORT, CLUSTER and/or STRATIFICATION variables.
  Number of cases with unknown or missing values:  5
   1 WARNING(S) FOUND IN THE INPUT INSTRUCTIONS



PxVx Bivariate LCM-SR - decadegroup - Linear bfas_nv with Linear usi;

SUMMARY OF ANALYSIS

Number of groups                                                 4
Number of observations
   Group D2                                                    301
   Group D3                                                    233
   Group D4                                                    198
   Group D5                                                    132
   Total sample size                                           864

Number of dependent variables                                    8
Number of independent variables                                  0
Number of continuous latent variables                           12

Observed dependent variables

  Continuous
   ABFAS_NV    BBFAS_NV    CBFAS_NV    DBFAS_NV    AUSI        BUSI
   CUSI        DUSI

Continuous latent variables
   P1          P2          P3          P4          V1          V2
   V3          V4          I_BFAS_N    S_BFAS_N    I_USI       S_USI

Variables with special functions

  Grouping variable     AAGEGRP

  Time scores
   A1          A2          A3          A4


Estimator                                                      MLR
Information matrix                                        OBSERVED
Maximum number of iterations                                   100
Convergence criterion                                    0.100D-05
Maximum number of EM iterations                                500
Convergence criteria for the EM algorithm
  Loglikelihood change                                   0.100D-02
  Relative loglikelihood change                          0.100D-05
  Derivative                                             0.100D-03
Minimum variance                                         0.100D-03
Maximum number of steepest descent iterations                   20
Maximum number of iterations for H1                           2000
Convergence criterion for H1                             0.100D-03
Optimization algorithm                                         EMA

Input data file(s)
  /home/jflournoy/code_new/lnt_pxvx/Data/lnt_nat_recalc.tsv
Input data format  FREE


SUMMARY OF DATA

   Group D2
     Number of missing data patterns            14

   Group D3
     Number of missing data patterns            11

   Group D4
     Number of missing data patterns            15

   Group D5
     Number of missing data patterns             8


SUMMARY OF MISSING DATA PATTERNS


     MISSING DATA PATTERNS (x = not missing) FOR D2

           1  2  3  4  5  6  7  8  9 10 11 12 13 14
 ABFAS_NV  x  x  x  x  x  x  x  x  x  x  x  x  x  x
 BBFAS_NV  x     x  x  x  x           x  x  x     x
 CBFAS_NV  x        x     x     x  x  x  x  x  x
 DBFAS_NV  x     x  x        x     x     x     x
 AUSI      x  x  x  x  x  x  x  x  x  x  x  x  x  x
 BUSI      x     x  x  x  x           x     x
 CUSI      x              x     x  x     x  x  x
 DUSI      x     x  x        x     x     x  x


     MISSING DATA PATTERN FREQUENCIES FOR D2

    Pattern   Frequency     Pattern   Frequency     Pattern   Frequency
          1         187           6          13          11           2
          2          57           7          11          12           1
          3           6           8           4          13           1
          4           1           9           5          14           1
          5          11          10           1


     MISSING DATA PATTERNS (x = not missing) FOR D3

           1  2  3  4  5  6  7  8  9 10 11
 ABFAS_NV  x  x  x  x  x  x  x  x  x  x  x
 BBFAS_NV  x     x  x  x           x  x
 CBFAS_NV  x           x     x  x     x
 DBFAS_NV  x     x        x     x     x  x
 AUSI      x  x  x  x  x  x  x  x  x  x  x
 BUSI      x     x  x  x              x
 CUSI      x           x     x  x     x
 DUSI      x     x        x     x


     MISSING DATA PATTERN FREQUENCIES FOR D3

    Pattern   Frequency     Pattern   Frequency     Pattern   Frequency
          1         140           5           6           9           1
          2          43           6           3          10           1
          3           8           7           7          11           2
          4          15           8           7


     MISSING DATA PATTERNS (x = not missing) FOR D4

           1  2  3  4  5  6  7  8  9 10 11 12 13 14 15
 ABFAS_NV  x  x  x  x  x  x  x  x  x  x  x  x  x  x  x
 BBFAS_NV  x     x  x  x  x           x     x     x
 CBFAS_NV  x        x     x     x  x  x  x           x
 DBFAS_NV  x     x  x        x     x  x  x        x
 AUSI      x  x  x  x  x  x  x  x  x  x  x  x     x  x
 BUSI      x     x  x  x  x
 CUSI      x              x     x  x  x  x
 DUSI      x     x  x        x     x  x           x


     MISSING DATA PATTERN FREQUENCIES FOR D4

    Pattern   Frequency     Pattern   Frequency     Pattern   Frequency
          1         104           6          15          11           1
          2          39           7           4          12           3
          3           7           8           4          13           1
          4           1           9           5          14           1
          5          11          10           1          15           1


     MISSING DATA PATTERNS (x = not missing) FOR D5

           1  2  3  4  5  6  7  8
 ABFAS_NV  x  x  x  x  x  x  x  x
 BBFAS_NV  x     x  x  x
 CBFAS_NV  x           x     x  x
 DBFAS_NV  x     x        x     x
 AUSI      x  x  x  x  x  x  x  x
 BUSI      x     x  x  x
 CUSI      x           x     x  x
 DUSI      x     x        x     x


     MISSING DATA PATTERN FREQUENCIES FOR D5

    Pattern   Frequency     Pattern   Frequency     Pattern   Frequency
          1          61           4          10           7           6
          2          29           5          11           8           4
          3           5           6           6


COVARIANCE COVERAGE OF DATA

Minimum covariance coverage value   0.100


     PROPORTION OF DATA PRESENT FOR D2


           Covariance Coverage
              ABFAS_NV      BBFAS_NV      CBFAS_NV      DBFAS_NV      AUSI
              ________      ________      ________      ________      ________
 ABFAS_NV       1.000
 BBFAS_NV       0.741         0.741
 CBFAS_NV       0.714         0.681         0.714
 DBFAS_NV       0.708         0.651         0.651         0.708
 AUSI           1.000         0.741         0.714         0.708         1.000
 BUSI           0.731         0.731         0.674         0.645         0.731
 CUSI           0.708         0.674         0.708         0.648         0.708
 DUSI           0.708         0.654         0.651         0.704         0.708


           Covariance Coverage
              BUSI          CUSI          DUSI
              ________      ________      ________
 BUSI           0.731
 CUSI           0.668         0.708
 DUSI           0.648         0.648         0.708


     PROPORTION OF DATA PRESENT FOR D3


           Covariance Coverage
              ABFAS_NV      BBFAS_NV      CBFAS_NV      DBFAS_NV      AUSI
              ________      ________      ________      ________      ________
 ABFAS_NV       1.000
 BBFAS_NV       0.751         0.751
 CBFAS_NV       0.725         0.691         0.725
 DBFAS_NV       0.742         0.708         0.678         0.742
 AUSI           1.000         0.751         0.725         0.742         1.000
 BUSI           0.742         0.742         0.682         0.700         0.742
 CUSI           0.657         0.622         0.657         0.614         0.657
 DUSI           0.742         0.708         0.678         0.742         0.742


           Covariance Coverage
              BUSI          CUSI          DUSI
              ________      ________      ________
 BUSI           0.742
 CUSI           0.614         0.657
 DUSI           0.700         0.614         0.742


     PROPORTION OF DATA PRESENT FOR D4


           Covariance Coverage
              ABFAS_NV      BBFAS_NV      CBFAS_NV      DBFAS_NV      AUSI
              ________      ________      ________      ________      ________
 ABFAS_NV       1.000
 BBFAS_NV       0.732         0.732
 CBFAS_NV       0.687         0.636         0.687
 DBFAS_NV       0.626         0.576         0.571         0.626
 AUSI           1.000         0.732         0.687         0.626         1.000
 BUSI           0.722         0.722         0.631         0.571         0.722
 CUSI           0.677         0.626         0.677         0.566         0.677
 DUSI           0.631         0.586         0.576         0.616         0.631


           Covariance Coverage
              BUSI          CUSI          DUSI
              ________      ________      ________
 BUSI           0.722
 CUSI           0.621         0.677
 DUSI           0.581         0.571         0.631


     PROPORTION OF DATA PRESENT FOR D5


           Covariance Coverage
              ABFAS_NV      BBFAS_NV      CBFAS_NV      DBFAS_NV      AUSI
              ________      ________      ________      ________      ________
 ABFAS_NV       1.000
 BBFAS_NV       0.705         0.705
 CBFAS_NV       0.614         0.583         0.614
 DBFAS_NV       0.621         0.576         0.538         0.621
 AUSI           1.000         0.705         0.614         0.621         1.000
 BUSI           0.705         0.705         0.583         0.576         0.705
 CUSI           0.538         0.508         0.538         0.462         0.538
 DUSI           0.621         0.576         0.538         0.621         0.621


           Covariance Coverage
              BUSI          CUSI          DUSI
              ________      ________      ________
 BUSI           0.705
 CUSI           0.508         0.538
 DUSI           0.576         0.462         0.621


SAMPLE STATISTICS


     ESTIMATED SAMPLE STATISTICS FOR D2


           Means
              ABFAS_NV      BBFAS_NV      CBFAS_NV      DBFAS_NV      AUSI
              ________      ________      ________      ________      ________
               46.768        47.523        46.218        47.152        32.291


           Means
              BUSI          CUSI          DUSI
              ________      ________      ________
               31.556        31.289        31.225


           Covariances
              ABFAS_NV      BBFAS_NV      CBFAS_NV      DBFAS_NV      AUSI
              ________      ________      ________      ________      ________
 ABFAS_NV     541.380
 BBFAS_NV     391.787       442.715
 CBFAS_NV     389.545       363.973       479.882
 DBFAS_NV     396.567       374.944       414.410       523.571
 AUSI          13.524        28.363        20.740        42.528       252.024
 BUSI           3.515        38.523        46.530        47.530       200.676
 CUSI          31.569        42.673        46.864        51.784       184.519
 DUSI          26.923        38.024        41.154        54.125       184.401


           Covariances
              BUSI          CUSI          DUSI
              ________      ________      ________
 BUSI         279.542
 CUSI         207.259       267.851
 DUSI         198.482       211.098       255.637


           Correlations
              ABFAS_NV      BBFAS_NV      CBFAS_NV      DBFAS_NV      AUSI
              ________      ________      ________      ________      ________
 ABFAS_NV       1.000
 BBFAS_NV       0.800         1.000
 CBFAS_NV       0.764         0.790         1.000
 DBFAS_NV       0.745         0.779         0.827         1.000
 AUSI           0.037         0.085         0.060         0.117         1.000
 BUSI           0.009         0.110         0.127         0.124         0.756
 CUSI           0.083         0.124         0.131         0.138         0.710
 DUSI           0.072         0.113         0.117         0.148         0.726


           Correlations
              BUSI          CUSI          DUSI
              ________      ________      ________
 BUSI           1.000
 CUSI           0.757         1.000
 DUSI           0.742         0.807         1.000


     ESTIMATED SAMPLE STATISTICS FOR D3


           Means
              ABFAS_NV      BBFAS_NV      CBFAS_NV      DBFAS_NV      AUSI
              ________      ________      ________      ________      ________
               43.095        42.406        42.709        40.286        29.156


           Means
              BUSI          CUSI          DUSI
              ________      ________      ________
               29.117        28.940        28.118


           Covariances
              ABFAS_NV      BBFAS_NV      CBFAS_NV      DBFAS_NV      AUSI
              ________      ________      ________      ________      ________
 ABFAS_NV     464.939
 BBFAS_NV     334.991       399.407
 CBFAS_NV     328.416       334.241       390.514
 DBFAS_NV     326.472       331.655       328.665       424.579
 AUSI          21.013        34.674        63.696        32.581       263.349
 BUSI           5.698        48.403        66.558        25.672       188.801
 CUSI          48.183        53.879        81.428        63.422       182.934
 DUSI          26.574        23.269        51.658        33.001       170.664


           Covariances
              BUSI          CUSI          DUSI
              ________      ________      ________
 BUSI         249.216
 CUSI         188.814       265.186
 DUSI         173.963       203.566       249.256


           Correlations
              ABFAS_NV      BBFAS_NV      CBFAS_NV      DBFAS_NV      AUSI
              ________      ________      ________      ________      ________
 ABFAS_NV       1.000
 BBFAS_NV       0.777         1.000
 CBFAS_NV       0.771         0.846         1.000
 DBFAS_NV       0.735         0.805         0.807         1.000
 AUSI           0.060         0.107         0.199         0.097         1.000
 BUSI           0.017         0.153         0.213         0.079         0.737
 CUSI           0.137         0.166         0.253         0.189         0.692
 DUSI           0.078         0.074         0.166         0.101         0.666


           Correlations
              BUSI          CUSI          DUSI
              ________      ________      ________
 BUSI           1.000
 CUSI           0.734         1.000
 DUSI           0.698         0.792         1.000


     ESTIMATED SAMPLE STATISTICS FOR D4


           Means
              ABFAS_NV      BBFAS_NV      CBFAS_NV      DBFAS_NV      AUSI
              ________      ________      ________      ________      ________
               41.431        41.618        40.706        41.931        26.616


           Means
              BUSI          CUSI          DUSI
              ________      ________      ________
               25.991        25.590        26.700


           Covariances
              ABFAS_NV      BBFAS_NV      CBFAS_NV      DBFAS_NV      AUSI
              ________      ________      ________      ________      ________
 ABFAS_NV     422.494
 BBFAS_NV     366.785       414.082
 CBFAS_NV     345.240       356.283       440.440
 DBFAS_NV     338.232       343.225       363.983       455.196
 AUSI           2.631         7.725        13.200       -11.072       279.249
 BUSI          39.128        34.031        40.852        34.315       227.545
 CUSI          15.481        30.370        28.013        36.980       225.063
 DUSI          11.473        22.558         7.227        27.507       199.521


           Covariances
              BUSI          CUSI          DUSI
              ________      ________      ________
 BUSI         295.743
 CUSI         223.475       264.579
 DUSI         200.857       210.941       242.644


           Correlations
              ABFAS_NV      BBFAS_NV      CBFAS_NV      DBFAS_NV      AUSI
              ________      ________      ________      ________      ________
 ABFAS_NV       1.000
 BBFAS_NV       0.877         1.000
 CBFAS_NV       0.800         0.834         1.000
 DBFAS_NV       0.771         0.791         0.813         1.000
 AUSI           0.008         0.023         0.038        -0.031         1.000
 BUSI           0.111         0.097         0.113         0.094         0.792
 CUSI           0.046         0.092         0.082         0.107         0.828
 DUSI           0.036         0.071         0.022         0.083         0.766


           Correlations
              BUSI          CUSI          DUSI
              ________      ________      ________
 BUSI           1.000
 CUSI           0.799         1.000
 DUSI           0.750         0.833         1.000


     ESTIMATED SAMPLE STATISTICS FOR D5


           Means
              ABFAS_NV      BBFAS_NV      CBFAS_NV      DBFAS_NV      AUSI
              ________      ________      ________      ________      ________
               41.805        39.917        39.176        40.286        24.299


           Means
              BUSI          CUSI          DUSI
              ________      ________      ________
               23.266        25.175        25.349


           Covariances
              ABFAS_NV      BBFAS_NV      CBFAS_NV      DBFAS_NV      AUSI
              ________      ________      ________      ________      ________
 ABFAS_NV     464.207
 BBFAS_NV     399.124       487.545
 CBFAS_NV     358.049       406.186       452.919
 DBFAS_NV     382.099       399.028       387.826       430.531
 AUSI          40.086        56.919        38.561        42.947       212.972
 BUSI          58.647        89.890        75.872        80.180       164.156
 CUSI          28.686        67.668        56.675        60.207       199.592
 DUSI          47.535        68.424        60.527        62.013       180.740


           Covariances
              BUSI          CUSI          DUSI
              ________      ________      ________
 BUSI         218.411
 CUSI         197.982       322.527
 DUSI         187.029       232.268       270.404


           Correlations
              ABFAS_NV      BBFAS_NV      CBFAS_NV      DBFAS_NV      AUSI
              ________      ________      ________      ________      ________
 ABFAS_NV       1.000
 BBFAS_NV       0.839         1.000
 CBFAS_NV       0.781         0.864         1.000
 DBFAS_NV       0.855         0.871         0.878         1.000
 AUSI           0.127         0.177         0.124         0.142         1.000
 BUSI           0.184         0.275         0.241         0.261         0.761
 CUSI           0.074         0.171         0.148         0.162         0.762
 DUSI           0.134         0.188         0.173         0.182         0.753


           Correlations
              BUSI          CUSI          DUSI
              ________      ________      ________
 BUSI           1.000
 CUSI           0.746         1.000
 DUSI           0.770         0.787         1.000


     MAXIMUM LOG-LIKELIHOOD VALUE FOR THE UNRESTRICTED (H1) MODEL IS -20901.040


UNIVARIATE SAMPLE STATISTICS


     UNIVARIATE HIGHER-ORDER MOMENT DESCRIPTIVE STATISTICS FOR D2

         Variable/         Mean/     Skewness/   Minimum/ % with                Percentiles
        Sample Size      Variance    Kurtosis    Maximum  Min/Max      20%/60%    40%/80%    Median

     ABFAS_NV             46.768       0.085       0.000    0.66%      25.000     37.500     47.500
             301.000     541.380      -0.852     100.000    1.00%      52.500     70.000
     BBFAS_NV             47.895       0.094       0.000    0.45%      30.000     42.500     47.500
             223.000     442.349      -0.627      97.500    0.45%      52.500     65.000
     CBFAS_NV             46.752       0.005       0.000    0.93%      27.500     40.000     47.500
             215.000     490.002      -0.637     100.000    0.47%      52.778     67.500
     DBFAS_NV             47.277       0.039       0.000    2.35%      25.000     40.000     47.500
             213.000     541.529      -0.791     100.000    0.47%      52.500     67.500
     AUSI                 32.291       0.077       0.000    1.99%      16.667     25.000     33.333
             301.000     252.024      -0.693      75.000    0.33%      37.500     45.833
     BUSI                 31.379      -0.125       0.000    3.18%      16.667     25.000     33.333
             220.000     270.694      -0.949      70.833    0.45%      37.500     45.833
     CUSI                 31.534       0.092       0.000    3.76%      16.667     25.000     29.167
             213.000     263.128      -0.562      70.833    1.41%      37.500     45.833
     DUSI                 30.966       0.158       0.000    1.88%      16.667     25.000     29.167
             213.000     247.967      -0.253      87.500    0.47%      33.333     45.833


     UNIVARIATE HIGHER-ORDER MOMENT DESCRIPTIVE STATISTICS FOR D3

         Variable/         Mean/     Skewness/   Minimum/ % with                Percentiles
        Sample Size      Variance    Kurtosis    Maximum  Min/Max      20%/60%    40%/80%    Median

     ABFAS_NV             43.095       0.004       0.000    1.29%      22.500     37.500     42.500
             233.000     464.939      -0.685      95.000    0.43%      50.000     62.500
     BBFAS_NV             42.391       0.100       0.000    1.17%      25.000     35.000     42.500
             171.000     393.182      -0.359      95.000    0.58%      47.500     60.000
     CBFAS_NV             43.245       0.034       2.500    0.62%      25.000     35.000     42.500
             161.000     385.469      -0.822      90.000    0.62%      50.000     62.500
     DBFAS_NV             40.923       0.019       0.000    1.24%      22.500     35.000     42.500
             161.000     430.915      -0.818      90.000    0.62%      47.500     60.000
     AUSI                 29.156       0.174       0.000    4.72%      12.500     25.000     29.167
             233.000     263.349      -0.250      87.500    0.43%      33.333     41.667
     BUSI                 28.539       0.077       0.000    5.88%      12.500     25.000     29.167
             170.000     253.128      -0.557      75.000    0.59%      33.333     41.667
     CUSI                 28.530       0.216       0.000    4.35%      12.500     25.000     29.167
             161.000     273.141      -0.550      75.000    0.62%      33.333     41.667
     DUSI                 27.157       0.320       0.000    5.06%      12.500     20.833     25.000
             158.000     252.032      -0.379      75.000    0.63%      33.333     41.667


     UNIVARIATE HIGHER-ORDER MOMENT DESCRIPTIVE STATISTICS FOR D4

         Variable/         Mean/     Skewness/   Minimum/ % with                Percentiles
        Sample Size      Variance    Kurtosis    Maximum  Min/Max      20%/60%    40%/80%    Median

     ABFAS_NV             41.431       0.360       0.000    1.52%      22.500     35.000     40.000
             198.000     422.494      -0.219      97.500    1.01%      45.000     57.500
     BBFAS_NV             40.593       0.498       2.500    2.10%      22.500     32.500     37.500
             143.000     431.239      -0.327      97.500    0.70%      42.500     60.000
     CBFAS_NV             38.826       0.431       2.500    3.03%      20.000     30.000     35.000
             132.000     437.542      -0.383      92.500    0.76%      42.500     57.500
     DBFAS_NV             39.778       0.137       0.000    4.03%      22.500     32.500     36.250
             124.000     442.743      -0.476     100.000    0.81%      45.000     60.000
     AUSI                 26.616       0.170       0.000    7.11%      10.000     20.833     25.000
             197.000     279.249      -0.977      66.667    1.02%      33.333     41.667
     BUSI                 26.045       0.419       0.000    7.97%      12.500     20.833     25.000
             138.000     290.480      -0.369      75.000    0.72%      29.167     41.667
     CUSI                 26.314       0.425       0.000    6.15%      12.500     20.833     25.000
             130.000     266.302       0.000      83.333    0.77%      29.167     41.667
     DUSI                 27.249       0.107       0.000    6.50%      12.500     25.000     29.167
             123.000     246.996      -0.661      62.500    0.81%      29.167     41.667


     UNIVARIATE HIGHER-ORDER MOMENT DESCRIPTIVE STATISTICS FOR D5

         Variable/         Mean/     Skewness/   Minimum/ % with                Percentiles
        Sample Size      Variance    Kurtosis    Maximum  Min/Max      20%/60%    40%/80%    Median

     ABFAS_NV             41.805       0.179       0.000    0.76%      19.444     32.500     40.000
             132.000     464.207      -0.602     100.000    0.76%      50.000     61.111
     BBFAS_NV             37.826       0.467       0.000    1.15%      17.500     27.500     32.500
              87.000     487.639      -0.665      97.222    1.15%      40.000     60.000
     CBFAS_NV             38.140       0.580       5.000    1.22%      20.000     27.500     33.750
              82.000     443.874      -0.604      90.000    2.44%      40.000     60.000
     DBFAS_NV             38.059       0.619       0.000    1.32%      20.000     27.500     33.750
              76.000     422.631      -0.037     100.000    1.32%      37.500     57.500
     AUSI                 24.299       0.313       0.000    6.06%      12.500     20.833     25.000
             132.000     212.972      -0.487      66.667    0.76%      25.000     37.500
     BUSI                 22.557       0.254       0.000    6.90%       8.333     16.667     20.833
              87.000     202.168      -0.727      58.333    1.15%      25.000     37.500
     CUSI                 24.593       0.632       0.000    2.44%       8.333     16.667     20.833
              82.000     285.234      -0.503      66.667    1.22%      25.000     41.667
     DUSI                 24.013       0.209       0.000   11.84%       8.333     16.667     25.000
              76.000     253.960      -0.891      58.333    1.32%      25.000     37.500


THE MODEL ESTIMATION TERMINATED NORMALLY



MODEL FIT INFORMATION

Number of Free Parameters                       54

Loglikelihood

          H0 Value                      -20971.353
          H0 Scaling Correction Factor      1.1949
            for MLR

Information Criteria

          Akaike (AIC)                   42050.707
          Bayesian (BIC)                 42307.832
          Sample-Size Adjusted BIC       42136.342
            (n* = (n + 2) / 24)



MODEL RESULTS

                                                    Two-Tailed
                    Estimate       S.E.  Est./S.E.    P-Value

Group D2

 P1       BY
    ABFAS_NV           1.000      0.000    999.000    999.000

 P2       BY
    BBFAS_NV           1.000      0.000    999.000    999.000

 P3       BY
    CBFAS_NV           1.000      0.000    999.000    999.000

 P4       BY
    DBFAS_NV           1.000      0.000    999.000    999.000

 V1       BY
    AUSI               1.000      0.000    999.000    999.000

 V2       BY
    BUSI               1.000      0.000    999.000    999.000

 V3       BY
    CUSI               1.000      0.000    999.000    999.000

 V4       BY
    DUSI               1.000      0.000    999.000    999.000

 P4         ON
    P3                 0.158      0.086      1.839      0.066
    V3                 0.041      0.084      0.483      0.629

 P3         ON
    P2                 0.158      0.086      1.839      0.066
    V2                 0.041      0.084      0.483      0.629

 P2         ON
    P1                 0.158      0.086      1.839      0.066
    V1                 0.041      0.084      0.483      0.629

 V4         ON
    V3                 0.184      0.087      2.121      0.034
    P3                -0.061      0.056     -1.092      0.275

 V3         ON
    V2                 0.184      0.087      2.121      0.034
    P2                -0.061      0.056     -1.092      0.275

 V2         ON
    V1                 0.184      0.087      2.121      0.034
    P1                -0.061      0.056     -1.092      0.275

 S_BFAS_N WITH
    I_BFAS_NV         -1.192      0.937     -1.271      0.204
    S_USI              0.007      0.111      0.063      0.950
    I_USI              0.321      2.235      0.144      0.886

 I_BFAS_N WITH
    S_USI              0.047      2.159      0.022      0.983
    I_USI             29.095     14.557      1.999      0.046

 S_USI    WITH
    I_USI              0.137      0.502      0.273      0.785

 P1       WITH
    V1                -1.715     11.243     -0.153      0.879

 P2       WITH
    V2                 4.012      5.544      0.724      0.469

 P3       WITH
    V3                 4.012      5.544      0.724      0.469

 P4       WITH
    V4                 4.012      5.544      0.724      0.469

 Means
    P1                 0.000      0.000    999.000    999.000
    V1                 0.000      0.000    999.000    999.000
    I_BFAS_NV         43.716      0.693     63.125      0.000
    S_BFAS_NV         -0.264      0.063     -4.164      0.000
    I_USI             28.914      0.508     56.881      0.000
    S_USI             -0.263      0.046     -5.758      0.000

 Intercepts
    ABFAS_NV           0.000      0.000    999.000    999.000
    BBFAS_NV           0.000      0.000    999.000    999.000
    CBFAS_NV           0.000      0.000    999.000    999.000
    DBFAS_NV           0.000      0.000    999.000    999.000
    AUSI               0.000      0.000    999.000    999.000
    BUSI               0.000      0.000    999.000    999.000
    CUSI               0.000      0.000    999.000    999.000
    DUSI               0.000      0.000    999.000    999.000
    P2                 0.000      0.000    999.000    999.000
    P3                 0.000      0.000    999.000    999.000
    P4                 0.000      0.000    999.000    999.000
    V2                 0.000      0.000    999.000    999.000
    V3                 0.000      0.000    999.000    999.000
    V4                 0.000      0.000    999.000    999.000

 Variances
    P1               146.841     23.970      6.126      0.000
    V1                75.629     13.265      5.701      0.000
    I_BFAS_NV        333.343     24.250     13.746      0.000
    S_BFAS_NV          0.220      0.170      1.298      0.194
    I_USI            180.175     14.425     12.491      0.000
    S_USI              0.063      0.107      0.588      0.557

 Residual Variances
    ABFAS_NV           0.000      0.000    999.000    999.000
    BBFAS_NV           0.000      0.000    999.000    999.000
    CBFAS_NV           0.000      0.000    999.000    999.000
    DBFAS_NV           0.000      0.000    999.000    999.000
    AUSI               0.000      0.000    999.000    999.000
    BUSI               0.000      0.000    999.000    999.000
    CUSI               0.000      0.000    999.000    999.000
    DUSI               0.000      0.000    999.000    999.000
    P2               106.010     10.436     10.158      0.000
    P3               106.010     10.436     10.158      0.000
    P4               106.010     10.436     10.158      0.000
    V2                70.324      7.503      9.373      0.000
    V3                70.324      7.503      9.373      0.000
    V4                70.324      7.503      9.373      0.000

Group D3

 P1       BY
    ABFAS_NV           1.000      0.000    999.000    999.000

 P2       BY
    BBFAS_NV           1.000      0.000    999.000    999.000

 P3       BY
    CBFAS_NV           1.000      0.000    999.000    999.000

 P4       BY
    DBFAS_NV           1.000      0.000    999.000    999.000

 V1       BY
    AUSI               1.000      0.000    999.000    999.000

 V2       BY
    BUSI               1.000      0.000    999.000    999.000

 V3       BY
    CUSI               1.000      0.000    999.000    999.000

 V4       BY
    DUSI               1.000      0.000    999.000    999.000

 P4         ON
    P3                 0.066      0.070      0.937      0.349
    V3                 0.074      0.070      1.058      0.290

 P3         ON
    P2                 0.066      0.070      0.937      0.349
    V2                 0.074      0.070      1.058      0.290

 P2         ON
    P1                 0.066      0.070      0.937      0.349
    V1                 0.074      0.070      1.058      0.290

 V4         ON
    V3                 0.221      0.081      2.713      0.007
    P3                -0.102      0.061     -1.680      0.093

 V3         ON
    V2                 0.221      0.081      2.713      0.007
    P2                -0.102      0.061     -1.680      0.093

 V2         ON
    V1                 0.221      0.081      2.713      0.007
    P1                -0.102      0.061     -1.680      0.093

 S_BFAS_N WITH
    I_BFAS_NV         -1.192      0.937     -1.271      0.204
    S_USI              0.007      0.111      0.063      0.950
    I_USI              0.321      2.235      0.144      0.886

 I_BFAS_N WITH
    S_USI              0.047      2.159      0.022      0.983
    I_USI             29.095     14.557      1.999      0.046

 S_USI    WITH
    I_USI              0.137      0.502      0.273      0.785

 P1       WITH
    V1                -9.366     12.414     -0.754      0.451

 P2       WITH
    V2                 7.640      5.447      1.402      0.161

 P3       WITH
    V3                 7.640      5.447      1.402      0.161

 P4       WITH
    V4                 7.640      5.447      1.402      0.161

 Means
    P1                 0.000      0.000    999.000    999.000
    V1                 0.000      0.000    999.000    999.000
    I_BFAS_NV         43.716      0.693     63.125      0.000
    S_BFAS_NV         -0.264      0.063     -4.164      0.000
    I_USI             28.914      0.508     56.881      0.000
    S_USI             -0.263      0.046     -5.758      0.000

 Intercepts
    ABFAS_NV           0.000      0.000    999.000    999.000
    BBFAS_NV           0.000      0.000    999.000    999.000
    CBFAS_NV           0.000      0.000    999.000    999.000
    DBFAS_NV           0.000      0.000    999.000    999.000
    AUSI               0.000      0.000    999.000    999.000
    BUSI               0.000      0.000    999.000    999.000
    CUSI               0.000      0.000    999.000    999.000
    DUSI               0.000      0.000    999.000    999.000
    P2                 0.000      0.000    999.000    999.000
    P3                 0.000      0.000    999.000    999.000
    P4                 0.000      0.000    999.000    999.000
    V2                 0.000      0.000    999.000    999.000
    V3                 0.000      0.000    999.000    999.000
    V4                 0.000      0.000    999.000    999.000

 Variances
    P1               136.647     25.042      5.457      0.000
    V1                94.496     13.253      7.130      0.000
    I_BFAS_NV        333.343     24.250     13.746      0.000
    S_BFAS_NV          0.220      0.170      1.298      0.194
    I_USI            180.175     14.425     12.491      0.000
    S_USI              0.063      0.107      0.588      0.557

 Residual Variances
    ABFAS_NV           0.000      0.000    999.000    999.000
    BBFAS_NV           0.000      0.000    999.000    999.000
    CBFAS_NV           0.000      0.000    999.000    999.000
    DBFAS_NV           0.000      0.000    999.000    999.000
    AUSI               0.000      0.000    999.000    999.000
    BUSI               0.000      0.000    999.000    999.000
    CUSI               0.000      0.000    999.000    999.000
    DUSI               0.000      0.000    999.000    999.000
    P2                77.217      8.759      8.816      0.000
    P3                77.217      8.759      8.816      0.000
    P4                77.217      8.759      8.816      0.000
    V2                73.012      8.614      8.476      0.000
    V3                73.012      8.614      8.476      0.000
    V4                73.012      8.614      8.476      0.000

Group D4

 P1       BY
    ABFAS_NV           1.000      0.000    999.000    999.000

 P2       BY
    BBFAS_NV           1.000      0.000    999.000    999.000

 P3       BY
    CBFAS_NV           1.000      0.000    999.000    999.000

 P4       BY
    DBFAS_NV           1.000      0.000    999.000    999.000

 V1       BY
    AUSI               1.000      0.000    999.000    999.000

 V2       BY
    BUSI               1.000      0.000    999.000    999.000

 V3       BY
    CUSI               1.000      0.000    999.000    999.000

 V4       BY
    DUSI               1.000      0.000    999.000    999.000

 P4         ON
    P3                 0.364      0.109      3.347      0.001
    V3                 0.187      0.092      2.022      0.043

 P3         ON
    P2                 0.364      0.109      3.347      0.001
    V2                 0.187      0.092      2.022      0.043

 P2         ON
    P1                 0.364      0.109      3.347      0.001
    V1                 0.187      0.092      2.022      0.043

 V4         ON
    V3                 0.125      0.108      1.155      0.248
    P3                 0.073      0.066      1.111      0.267

 V3         ON
    V2                 0.125      0.108      1.155      0.248
    P2                 0.073      0.066      1.111      0.267

 V2         ON
    V1                 0.125      0.108      1.155      0.248
    P1                 0.073      0.066      1.111      0.267

 S_BFAS_N WITH
    I_BFAS_NV         -1.192      0.937     -1.271      0.204
    S_USI              0.007      0.111      0.063      0.950
    I_USI              0.321      2.235      0.144      0.886

 I_BFAS_N WITH
    S_USI              0.047      2.159      0.022      0.983
    I_USI             29.095     14.557      1.999      0.046

 S_USI    WITH
    I_USI              0.137      0.502      0.273      0.785

 P1       WITH
    V1                 1.887      9.845      0.192      0.848

 P2       WITH
    V2                 7.901      5.528      1.429      0.153

 P3       WITH
    V3                 7.901      5.528      1.429      0.153

 P4       WITH
    V4                 7.901      5.528      1.429      0.153

 Means
    P1                 0.000      0.000    999.000    999.000
    V1                 0.000      0.000    999.000    999.000
    I_BFAS_NV         43.716      0.693     63.125      0.000
    S_BFAS_NV         -0.264      0.063     -4.164      0.000
    I_USI             28.914      0.508     56.881      0.000
    S_USI             -0.263      0.046     -5.758      0.000

 Intercepts
    ABFAS_NV           0.000      0.000    999.000    999.000
    BBFAS_NV           0.000      0.000    999.000    999.000
    CBFAS_NV           0.000      0.000    999.000    999.000
    DBFAS_NV           0.000      0.000    999.000    999.000
    AUSI               0.000      0.000    999.000    999.000
    BUSI               0.000      0.000    999.000    999.000
    CUSI               0.000      0.000    999.000    999.000
    DUSI               0.000      0.000    999.000    999.000
    P2                 0.000      0.000    999.000    999.000
    P3                 0.000      0.000    999.000    999.000
    P4                 0.000      0.000    999.000    999.000
    V2                 0.000      0.000    999.000    999.000
    V3                 0.000      0.000    999.000    999.000
    V4                 0.000      0.000    999.000    999.000

 Variances
    P1                83.621     18.517      4.516      0.000
    V1                59.503     11.661      5.103      0.000
    I_BFAS_NV        333.343     24.250     13.746      0.000
    S_BFAS_NV          0.220      0.170      1.298      0.194
    I_USI            180.175     14.425     12.491      0.000
    S_USI              0.063      0.107      0.588      0.557

 Residual Variances
    ABFAS_NV           0.000      0.000    999.000    999.000
    BBFAS_NV           0.000      0.000    999.000    999.000
    CBFAS_NV           0.000      0.000    999.000    999.000
    DBFAS_NV           0.000      0.000    999.000    999.000
    AUSI               0.000      0.000    999.000    999.000
    BUSI               0.000      0.000    999.000    999.000
    CUSI               0.000      0.000    999.000    999.000
    DUSI               0.000      0.000    999.000    999.000
    P2                95.066      9.995      9.511      0.000
    P3                95.066      9.995      9.511      0.000
    P4                95.066      9.995      9.511      0.000
    V2                61.024      8.610      7.088      0.000
    V3                61.024      8.610      7.088      0.000
    V4                61.024      8.610      7.088      0.000

Group D5

 P1       BY
    ABFAS_NV           1.000      0.000    999.000    999.000

 P2       BY
    BBFAS_NV           1.000      0.000    999.000    999.000

 P3       BY
    CBFAS_NV           1.000      0.000    999.000    999.000

 P4       BY
    DBFAS_NV           1.000      0.000    999.000    999.000

 V1       BY
    AUSI               1.000      0.000    999.000    999.000

 V2       BY
    BUSI               1.000      0.000    999.000    999.000

 V3       BY
    CUSI               1.000      0.000    999.000    999.000

 V4       BY
    DUSI               1.000      0.000    999.000    999.000

 P4         ON
    P3                 0.087      0.093      0.939      0.348
    V3                 0.103      0.099      1.038      0.299

 P3         ON
    P2                 0.087      0.093      0.939      0.348
    V2                 0.103      0.099      1.038      0.299

 P2         ON
    P1                 0.087      0.093      0.939      0.348
    V1                 0.103      0.099      1.038      0.299

 V4         ON
    V3                 0.129      0.181      0.714      0.475
    P3                 0.032      0.105      0.308      0.758

 V3         ON
    V2                 0.129      0.181      0.714      0.475
    P2                 0.032      0.105      0.308      0.758

 V2         ON
    V1                 0.129      0.181      0.714      0.475
    P1                 0.032      0.105      0.308      0.758

 S_BFAS_N WITH
    I_BFAS_NV         -1.192      0.937     -1.271      0.204
    S_USI              0.007      0.111      0.063      0.950
    I_USI              0.321      2.235      0.144      0.886

 I_BFAS_N WITH
    S_USI              0.047      2.159      0.022      0.983
    I_USI             29.095     14.557      1.999      0.046

 S_USI    WITH
    I_USI              0.137      0.502      0.273      0.785

 P1       WITH
    V1                11.512     15.512      0.742      0.458

 P2       WITH
    V2                 6.612      8.423      0.785      0.432

 P3       WITH
    V3                 6.612      8.423      0.785      0.432

 P4       WITH
    V4                 6.612      8.423      0.785      0.432

 Means
    P1                 0.000      0.000    999.000    999.000
    V1                 0.000      0.000    999.000    999.000
    I_BFAS_NV         43.716      0.693     63.125      0.000
    S_BFAS_NV         -0.264      0.063     -4.164      0.000
    I_USI             28.914      0.508     56.881      0.000
    S_USI             -0.263      0.046     -5.758      0.000

 Intercepts
    ABFAS_NV           0.000      0.000    999.000    999.000
    BBFAS_NV           0.000      0.000    999.000    999.000
    CBFAS_NV           0.000      0.000    999.000    999.000
    DBFAS_NV           0.000      0.000    999.000    999.000
    AUSI               0.000      0.000    999.000    999.000
    BUSI               0.000      0.000    999.000    999.000
    CUSI               0.000      0.000    999.000    999.000
    DUSI               0.000      0.000    999.000    999.000
    P2                 0.000      0.000    999.000    999.000
    P3                 0.000      0.000    999.000    999.000
    P4                 0.000      0.000    999.000    999.000
    V2                 0.000      0.000    999.000    999.000
    V3                 0.000      0.000    999.000    999.000
    V4                 0.000      0.000    999.000    999.000

 Variances
    P1               107.377     28.091      3.822      0.000
    V1                46.439     12.495      3.716      0.000
    I_BFAS_NV        333.343     24.250     13.746      0.000
    S_BFAS_NV          0.220      0.170      1.298      0.194
    I_USI            180.175     14.425     12.491      0.000
    S_USI              0.063      0.107      0.588      0.557

 Residual Variances
    ABFAS_NV           0.000      0.000    999.000    999.000
    BBFAS_NV           0.000      0.000    999.000    999.000
    CBFAS_NV           0.000      0.000    999.000    999.000
    DBFAS_NV           0.000      0.000    999.000    999.000
    AUSI               0.000      0.000    999.000    999.000
    BUSI               0.000      0.000    999.000    999.000
    CUSI               0.000      0.000    999.000    999.000
    DUSI               0.000      0.000    999.000    999.000
    P2                63.404      9.957      6.368      0.000
    P3                63.404      9.957      6.368      0.000
    P4                63.404      9.957      6.368      0.000
    V2                74.821     15.201      4.922      0.000
    V3                74.821     15.201      4.922      0.000
    V4                74.821     15.201      4.922      0.000


QUALITY OF NUMERICAL RESULTS

     Condition Number for the Information Matrix              0.741E-05
       (ratio of smallest to largest eigenvalue)


     Beginning Time:  17:50:34
        Ending Time:  17:50:48
       Elapsed Time:  00:00:14



MUTHEN & MUTHEN
3463 Stoner Ave.
Los Angeles, CA  90066

Tel: (310) 391-9971
Fax: (310) 391-8971
Web: www.StatModel.com
Support: Support@StatModel.com

Copyright (c) 1998-2017 Muthen & Muthen
