Mplus VERSION 8 (Linux)
MUTHEN & MUTHEN
07/08/2018   6:10 PM

INPUT INSTRUCTIONS


  title: PxVx Bivariate LCM-SR - decadegroup - Linear bfi_c with Linear aspfin_d;
  data: file = /home/jflournoy/code_new/lnt_pxvx/Data/lnt_nat_recalc.tsv;

  variable:
  names =
  subjid
  aage
  aaspfin
  aaspfin_d
  abfa_mt
  abfa_mt_d
  abfas_ac
  abfas_ap
  abfas_ci
  abfas_co
  abfas_ea
  abfas_ee
  abfas_nv
  abfas_nv9
  abfas_nw
  abfas_oi
  abfas_oo
  abfi_a
  abfi_a6
  abfi_c
  abfi_d_scale
  abfi_e
  abfi_hp8
  abfi_n
  abfi_o
  abfi_s_scale
  ahrz_col
  ahrz_col_d
  ahrz_ind
  ahrz_ind_d
  amvi
  ausi
  ausi_d
  avrt_col
  avrt_col_d
  avrt_ind
  avrt_ind_d
  bage
  baspfin
  baspfin_d
  bbfa_mt
  bbfa_mt_d
  bbfas_ac
  bbfas_ap
  bbfas_ci
  bbfas_co
  bbfas_ea
  bbfas_ee
  bbfas_nv
  bbfas_nv9
  bbfas_nw
  bbfas_oi
  bbfas_oo
  bbfi_a
  bbfi_a6
  bbfi_c
  bbfi_d_scale
  bbfi_e
  bbfi_hp8
  bbfi_n
  bbfi_o
  bbfi_s_scale
  bhrz_col
  bhrz_col_d
  bhrz_ind
  bhrz_ind_d
  bmvi
  busi
  busi_d
  bvrt_col
  bvrt_col_d
  bvrt_ind
  bvrt_ind_d
  cage
  caspfin
  caspfin_d
  cbfa_mt
  cbfa_mt_d
  cbfas_ac
  cbfas_ap
  cbfas_ci
  cbfas_co
  cbfas_ea
  cbfas_ee
  cbfas_nv
  cbfas_nv9
  cbfas_nw
  cbfas_oi
  cbfas_oo
  cbfi_a
  cbfi_a6
  cbfi_c
  cbfi_d_scale
  cbfi_e
  cbfi_hp8
  cbfi_n
  cbfi_o
  cbfi_s_scale
  chrz_col
  chrz_col_d
  chrz_ind
  chrz_ind_d
  cmvi
  cusi
  cusi_d
  cvrt_col
  cvrt_col_d
  cvrt_ind
  cvrt_ind_d
  dage
  daspfin
  daspfin_d
  dbfa_mt
  dbfa_mt_d
  dbfas_ac
  dbfas_ap
  dbfas_ci
  dbfas_co
  dbfas_ea
  dbfas_ee
  dbfas_nv
  dbfas_nv9
  dbfas_nw
  dbfas_oi
  dbfas_oo
  dbfi_a
  dbfi_a6
  dbfi_c
  dbfi_d_scale
  dbfi_e
  dbfi_hp8
  dbfi_n
  dbfi_o
  dbfi_s_scale
  dhrz_col
  dhrz_col_d
  dhrz_ind
  dhrz_ind_d
  dmvi
  dusi
  dusi_d
  dvrt_col
  dvrt_col_d
  dvrt_ind
  dvrt_ind_d;

  USEVARIABLES =
  abfi_c
  bbfi_c
  cbfi_c
  dbfi_c
  aaspfin_d
  baspfin_d
  caspfin_d
  daspfin_d
  a1
  a2
  a3
  a4
  aagegrp
  ;

  missing = all (-9999);

  tscores = a1 a2 a3 a4;

  grouping = aagegrp (0=d2, 1=d3, 2=d4, 3=d5);

  DEFINE:

  aagegrp = aage;

  cut aagegrp (29 39 49);

  a1 = aage + 0 - 36;
  a2 = aage + 1 - 36;
  a3 = aage + 2 - 36;
  a4 = aage + 3 - 36;

  ANALYSIS:
  TYPE=RANDOM;
  PROCESSORS = 6;
  model=nocovariances; ! supresses default estimation of certain covs in model;

  MODEL:

  i_bfi_c s_bfi_c | abfi_c bbfi_c cbfi_c dbfi_c AT a1 a2 a3 a4;
  i_aspfin_d s_aspfin_d | aaspfin_d baspfin_d caspfin_d daspfin_d AT a1 a2 a3 a4;

  ! freeing factor covs because of "nocovariances"
  ! But ensure they are constrained across groups
  s_bfi_c WITH i_bfi_c (p)
  s_aspfin_d (q)
  i_aspfin_d (r);
  i_bfi_c WITH s_aspfin_d (s)
  i_aspfin_d (t);
  s_aspfin_d WITH i_aspfin_d (u);

  !constrain latent growth means across groups
  [i_bfi_c] (v);
  [s_bfi_c] (w);
  [i_aspfin_d] (x);
  [s_aspfin_d] (y);

  !constrain latent growth variances across groups
  i_bfi_c (l);
  s_bfi_c (m);
  i_aspfin_d (n);
  s_aspfin_d (o);

  p1 BY abfi_c@1; ! Residual "factors";
  p2 BY bbfi_c@1;
  p3 BY cbfi_c@1;
  p4 BY dbfi_c@1;

  v1 BY aaspfin_d@1; ! Residual "factors";
  v2 BY baspfin_d@1;
  v3 BY caspfin_d@1;
  v4 BY daspfin_d@1;

  !residual variances on observed/manifest vars set to 0
  abfi_c@0;
  bbfi_c@0;
  cbfi_c@0;
  dbfi_c@0;

  !residual variances on observed/manifest vars set to 0
  aaspfin_d@0;
  baspfin_d@0;
  caspfin_d@0;
  daspfin_d@0;

  ! means of observed/manifest vars set to 0
  [abfi_c@0];
  [bbfi_c@0];
  [cbfi_c@0];
  [dbfi_c@0];

  ! means of observed/manifest vars set to 0
  [aaspfin_d@0];
  [baspfin_d@0];
  [caspfin_d@0];
  [daspfin_d@0];

  [p1@0]; ! means of residual "factors" set to 0
  [p2@0];
  [p3@0];
  [p4@0];

  [v1@0]; ! means of residual "factors" set to 0
  [v2@0];
  [v3@0];
  [v4@0];

  p4 on p3 (a); ! Autoregressive paths constrained to equality
  p3 on p2 (a);
  p2 on p1 (a);

  v4 on v3 (b); ! Autoregressive paths constrained to equality
  v3 on v2 (b);
  v2 on v1 (b);

  p4 on v3 (c); ! Cross-lagged paths constrained to equality
  p3 on v2 (c);
  p2 on v1 (c);

  v4 on p3 (d); ! Cross-lagged paths constrained to equality
  v3 on p2 (d);
  v2 on p1 (d);

  p1 with v1; !(this one is not like the others)

  p2 with v2 (e); ! Within-wave correlations constrained to equality
  p3 with v3 (e);
  p4 with v4 (e);

  p2 p3 p4 (f); ! estimate variances of residual "factors"
  v2 v3 v4 (g); ! estimate variances of residual "factors"

  MODEL d2:

  p4 on p3 (a2); ! Autoregressive paths constrained to equality
  p3 on p2 (a2);
  p2 on p1 (a2);

  v4 on v3 (b2); ! Autoregressive paths constrained to equality
  v3 on v2 (b2);
  v2 on v1 (b2);

  p4 on v3 (c2); ! Cross-lagged paths constrained to equality
  p3 on v2 (c2);
  p2 on v1 (c2);

  v4 on p3 (d2); ! Cross-lagged paths constrained to equality
  v3 on p2 (d2);
  v2 on p1 (d2);

  p1 with v1; !(this one is not like the others)

  p2 with v2 (e2); ! Within-wave correlations constrained to equality
  p3 with v3 (e2);
  p4 with v4 (e2);

  p2 p3 p4 (f2); ! estimate variances of residual "factors"
  v2 v3 v4 (g2); ! estimate variances of residual "factors"

  MODEL d3:

  p4 on p3 (a3); ! Autoregressive paths constrained to equality
  p3 on p2 (a3);
  p2 on p1 (a3);

  v4 on v3 (b3); ! Autoregressive paths constrained to equality
  v3 on v2 (b3);
  v2 on v1 (b3);

  p4 on v3 (c3); ! Cross-lagged paths constrained to equality
  p3 on v2 (c3);
  p2 on v1 (c3);

  v4 on p3 (d3); ! Cross-lagged paths constrained to equality
  v3 on p2 (d3);
  v2 on p1 (d3);

  p1 with v1; !(this one is not like the others)

  p2 with v2 (e3); ! Within-wave correlations constrained to equality
  p3 with v3 (e3);
  p4 with v4 (e3);

  p2 p3 p4 (f3); ! estimate variances of residual "factors"
  v2 v3 v4 (g3); ! estimate variances of residual "factors"

  MODEL d4:

  p4 on p3 (a4); ! Autoregressive paths constrained to equality
  p3 on p2 (a4);
  p2 on p1 (a4);

  v4 on v3 (b4); ! Autoregressive paths constrained to equality
  v3 on v2 (b4);
  v2 on v1 (b4);

  p4 on v3 (c4); ! Cross-lagged paths constrained to equality
  p3 on v2 (c4);
  p2 on v1 (c4);

  v4 on p3 (d4); ! Cross-lagged paths constrained to equality
  v3 on p2 (d4);
  v2 on p1 (d4);

  p1 with v1; !(this one is not like the others)

  p2 with v2 (e4); ! Within-wave correlations constrained to equality
  p3 with v3 (e4);
  p4 with v4 (e4);

  p2 p3 p4 (f4); ! estimate variances of residual "factors"
  v2 v3 v4 (g4); ! estimate variances of residual "factors"

  MODEL d5:

  p4 on p3 (a5); ! Autoregressive paths constrained to equality
  p3 on p2 (a5);
  p2 on p1 (a5);

  v4 on v3 (b5); ! Autoregressive paths constrained to equality
  v3 on v2 (b5);
  v2 on v1 (b5);

  p4 on v3 (c5); ! Cross-lagged paths constrained to equality
  p3 on v2 (c5);
  p2 on v1 (c5);

  v4 on p3 (d5); ! Cross-lagged paths constrained to equality
  v3 on p2 (d5);
  v2 on p1 (d5);

  p1 with v1; !(this one is not like the others)

  p2 with v2 (e5); ! Within-wave correlations constrained to equality
  p3 with v3 (e5);
  p4 with v4 (e5);

  p2 p3 p4 (f5); ! estimate variances of residual "factors"
  v2 v3 v4 (g5); ! estimate variances of residual "factors"

  OUTPUT: SAMPSTAT PATTERNS;



*** WARNING in VARIABLE command
  Note that only the first 8 characters of variable names are used in the output.
  Shorten variable names to avoid any confusion.
*** WARNING
  Data set contains unknown or missing values for GROUPING,
  PATTERN, COHORT, CLUSTER and/or STRATIFICATION variables.
  Number of cases with unknown or missing values:  5
   2 WARNING(S) FOUND IN THE INPUT INSTRUCTIONS



PxVx Bivariate LCM-SR - decadegroup - Linear bfi_c with Linear aspfin_d;

SUMMARY OF ANALYSIS

Number of groups                                                 4
Number of observations
   Group D2                                                    301
   Group D3                                                    233
   Group D4                                                    198
   Group D5                                                    132
   Total sample size                                           864

Number of dependent variables                                    8
Number of independent variables                                  0
Number of continuous latent variables                           12

Observed dependent variables

  Continuous
   ABFI_C      BBFI_C      CBFI_C      DBFI_C      AASPFIN_D   BASPFIN_D
   CASPFIN_D   DASPFIN_D

Continuous latent variables
   P1          P2          P3          P4          V1          V2
   V3          V4          I_BFI_C     S_BFI_C     I_ASPFIN    S_ASPFIN

Variables with special functions

  Grouping variable     AAGEGRP

  Time scores
   A1          A2          A3          A4


Estimator                                                      MLR
Information matrix                                        OBSERVED
Maximum number of iterations                                   100
Convergence criterion                                    0.100D-05
Maximum number of EM iterations                                500
Convergence criteria for the EM algorithm
  Loglikelihood change                                   0.100D-02
  Relative loglikelihood change                          0.100D-05
  Derivative                                             0.100D-03
Minimum variance                                         0.100D-03
Maximum number of steepest descent iterations                   20
Maximum number of iterations for H1                           2000
Convergence criterion for H1                             0.100D-03
Optimization algorithm                                         EMA

Input data file(s)
  /home/jflournoy/code_new/lnt_pxvx/Data/lnt_nat_recalc.tsv
Input data format  FREE


SUMMARY OF DATA

   Group D2
     Number of missing data patterns            12

   Group D3
     Number of missing data patterns            11

   Group D4
     Number of missing data patterns            14

   Group D5
     Number of missing data patterns             9


SUMMARY OF MISSING DATA PATTERNS


     MISSING DATA PATTERNS (x = not missing) FOR D2

           1  2  3  4  5  6  7  8  9 10 11 12
 ABFI_C    x  x  x  x  x  x  x  x  x  x  x  x
 BBFI_C    x     x  x  x     x        x     x
 CBFI_C    x           x        x  x  x  x  x
 DBFI_C    x     x        x        x     x  x
 AASPFIN_  x  x  x  x  x  x     x  x  x  x  x
 BASPFIN_  x     x  x  x     x        x
 CASPFIN_  x           x        x  x  x  x  x
 DASPFIN_  x     x        x        x  x     x


     MISSING DATA PATTERN FREQUENCIES FOR D2

    Pattern   Frequency     Pattern   Frequency     Pattern   Frequency
          1         189           5          14           9           5
          2          57           6          11          10           1
          3           6           7           1          11           1
          4          11           8           4          12           1


     MISSING DATA PATTERNS (x = not missing) FOR D3

           1  2  3  4  5  6  7  8  9 10 11
 ABFI_C    x  x  x  x  x  x  x  x  x  x  x
 BBFI_C    x     x  x  x           x  x
 CBFI_C    x           x     x  x  x
 DBFI_C    x     x        x     x  x     x
 AASPFIN_  x  x  x  x  x  x  x  x  x  x  x
 BASPFIN_  x     x  x  x           x
 CASPFIN_  x           x     x  x  x
 DASPFIN_  x     x        x     x


     MISSING DATA PATTERN FREQUENCIES FOR D3

    Pattern   Frequency     Pattern   Frequency     Pattern   Frequency
          1         140           5           6           9           1
          2          43           6           3          10           1
          3           8           7           7          11           2
          4          15           8           7


     MISSING DATA PATTERNS (x = not missing) FOR D4

           1  2  3  4  5  6  7  8  9 10 11 12 13 14
 ABFI_C    x  x  x  x  x  x  x  x  x  x  x  x  x  x
 BBFI_C    x     x  x  x              x  x  x     x
 CBFI_C    x           x     x  x  x  x     x
 DBFI_C    x     x        x     x  x  x     x     x
 AASPFIN_  x  x  x  x  x  x  x  x  x  x  x  x     x
 BASPFIN_  x     x  x  x                    x
 CASPFIN_  x           x     x  x  x  x
 DASPFIN_  x     x        x     x     x     x     x


     MISSING DATA PATTERN FREQUENCIES FOR D4

    Pattern   Frequency     Pattern   Frequency     Pattern   Frequency
          1         104           6           4          11           2
          2          39           7           5          12           1
          3           7           8           5          13           1
          4          12           9           1          14           1
          5          15          10           1


     MISSING DATA PATTERNS (x = not missing) FOR D5

           1  2  3  4  5  6  7  8  9
 ABFI_C    x  x  x  x  x  x  x  x
 BBFI_C    x     x  x  x
 CBFI_C    x           x     x  x
 DBFI_C    x     x        x     x  x
 AASPFIN_  x  x  x  x  x  x  x  x  x
 BASPFIN_  x     x  x  x
 CASPFIN_  x           x     x  x
 DASPFIN_  x     x        x     x  x


     MISSING DATA PATTERN FREQUENCIES FOR D5

    Pattern   Frequency     Pattern   Frequency     Pattern   Frequency
          1          61           4          10           7           6
          2          29           5          11           8           4
          3           5           6           5           9           1


COVARIANCE COVERAGE OF DATA

Minimum covariance coverage value   0.100


     PROPORTION OF DATA PRESENT FOR D2


           Covariance Coverage
              ABFI_C        BBFI_C        CBFI_C        DBFI_C        AASPFIN_
              ________      ________      ________      ________      ________
 ABFI_C         1.000
 BBFI_C         0.741         0.741
 CBFI_C         0.714         0.681         0.714
 DBFI_C         0.708         0.651         0.651         0.708
 AASPFIN_       0.997         0.738         0.714         0.708         0.997
 BASPFIN_       0.738         0.738         0.678         0.648         0.734
 CASPFIN_       0.714         0.681         0.714         0.651         0.714
 DASPFIN_       0.708         0.654         0.651         0.704         0.708


           Covariance Coverage
              BASPFIN_      CASPFIN_      DASPFIN_
              ________      ________      ________
 BASPFIN_       0.738
 CASPFIN_       0.678         0.714
 DASPFIN_       0.651         0.651         0.708


     PROPORTION OF DATA PRESENT FOR D3


           Covariance Coverage
              ABFI_C        BBFI_C        CBFI_C        DBFI_C        AASPFIN_
              ________      ________      ________      ________      ________
 ABFI_C         1.000
 BBFI_C         0.760         0.760
 CBFI_C         0.674         0.631         0.674
 DBFI_C         0.661         0.635         0.614         0.661
 AASPFIN_       0.970         0.730         0.674         0.661         0.970
 BASPFIN_       0.760         0.760         0.631         0.635         0.730
 CASPFIN_       0.674         0.631         0.674         0.614         0.674
 DASPFIN_       0.657         0.639         0.609         0.652         0.657


           Covariance Coverage
              BASPFIN_      CASPFIN_      DASPFIN_
              ________      ________      ________
 BASPFIN_       0.760
 CASPFIN_       0.631         0.674
 DASPFIN_       0.639         0.609         0.657


     PROPORTION OF DATA PRESENT FOR D4


           Covariance Coverage
              ABFI_C        BBFI_C        CBFI_C        DBFI_C        AASPFIN_
              ________      ________      ________      ________      ________
 ABFI_C         1.000
 BBFI_C         0.742         0.742
 CBFI_C         0.657         0.616         0.657
 DBFI_C         0.606         0.571         0.551         0.606
 AASPFIN_       0.975         0.717         0.657         0.606         0.975
 BASPFIN_       0.732         0.732         0.611         0.566         0.707
 CASPFIN_       0.657         0.616         0.657         0.551         0.657
 DASPFIN_       0.596         0.571         0.540         0.591         0.596


           Covariance Coverage
              BASPFIN_      CASPFIN_      DASPFIN_
              ________      ________      ________
 BASPFIN_       0.732
 CASPFIN_       0.611         0.657
 DASPFIN_       0.566         0.540         0.596


     PROPORTION OF DATA PRESENT FOR D5


           Covariance Coverage
              ABFI_C        BBFI_C        CBFI_C        DBFI_C        AASPFIN_
              ________      ________      ________      ________      ________
 ABFI_C         1.000
 BBFI_C         0.705         0.705
 CBFI_C         0.583         0.545         0.583
 DBFI_C         0.545         0.500         0.470         0.545
 AASPFIN_       0.955         0.659         0.583         0.545         0.955
 BASPFIN_       0.705         0.705         0.545         0.500         0.659
 CASPFIN_       0.583         0.545         0.583         0.470         0.583
 DASPFIN_       0.545         0.500         0.470         0.545         0.545


           Covariance Coverage
              BASPFIN_      CASPFIN_      DASPFIN_
              ________      ________      ________
 BASPFIN_       0.705
 CASPFIN_       0.545         0.583
 DASPFIN_       0.500         0.470         0.545


SAMPLE STATISTICS


     ESTIMATED SAMPLE STATISTICS FOR D2


           Means
              ABFI_C        BBFI_C        CBFI_C        DBFI_C        AASPFIN_
              ________      ________      ________      ________      ________
               65.171        63.860        64.040        64.829        45.237


           Means
              BASPFIN_      CASPFIN_      DASPFIN_
              ________      ________      ________
               46.669        45.528        45.336


           Covariances
              ABFI_C        BBFI_C        CBFI_C        DBFI_C        AASPFIN_
              ________      ________      ________      ________      ________
 ABFI_C       289.331
 BBFI_C       219.645       260.434
 CBFI_C       194.304       199.555       270.294
 DBFI_C       206.003       198.744       215.984       282.155
 AASPFIN_      46.719        28.098        17.265        35.207       622.802
 BASPFIN_      41.715         1.328        17.718        50.010       457.818
 CASPFIN_      74.901        41.039        21.581        29.860       473.029
 DASPFIN_      37.574        24.597        19.139        28.205       434.003


           Covariances
              BASPFIN_      CASPFIN_      DASPFIN_
              ________      ________      ________
 BASPFIN_     605.977
 CASPFIN_     489.728       657.790
 DASPFIN_     461.078       506.095       675.962


           Correlations
              ABFI_C        BBFI_C        CBFI_C        DBFI_C        AASPFIN_
              ________      ________      ________      ________      ________
 ABFI_C         1.000
 BBFI_C         0.800         1.000
 CBFI_C         0.695         0.752         1.000
 DBFI_C         0.721         0.733         0.782         1.000
 AASPFIN_       0.110         0.070         0.042         0.084         1.000
 BASPFIN_       0.100         0.003         0.044         0.121         0.745
 CASPFIN_       0.172         0.099         0.051         0.069         0.739
 DASPFIN_       0.085         0.059         0.045         0.065         0.669


           Correlations
              BASPFIN_      CASPFIN_      DASPFIN_
              ________      ________      ________
 BASPFIN_       1.000
 CASPFIN_       0.776         1.000
 DASPFIN_       0.720         0.759         1.000


     ESTIMATED SAMPLE STATISTICS FOR D3


           Means
              ABFI_C        BBFI_C        CBFI_C        DBFI_C        AASPFIN_
              ________      ________      ________      ________      ________
               70.547        70.776        71.238        71.251        42.793


           Means
              BASPFIN_      CASPFIN_      DASPFIN_
              ________      ________      ________
               43.695        43.734        43.965


           Covariances
              ABFI_C        BBFI_C        CBFI_C        DBFI_C        AASPFIN_
              ________      ________      ________      ________      ________
 ABFI_C       317.896
 BBFI_C       240.821       280.900
 CBFI_C       236.215       228.380       282.258
 DBFI_C       215.245       225.568       229.599       282.848
 AASPFIN_      64.737        18.021        17.584        19.479       558.235
 BASPFIN_      91.128        68.052        49.874        47.168       489.692
 CASPFIN_      55.956         9.192         7.122        13.534       479.884
 DASPFIN_      60.849        19.617         6.188        -1.905       465.027


           Covariances
              BASPFIN_      CASPFIN_      DASPFIN_
              ________      ________      ________
 BASPFIN_     680.373
 CASPFIN_     527.360       660.588
 DASPFIN_     515.186       509.079       625.503


           Correlations
              ABFI_C        BBFI_C        CBFI_C        DBFI_C        AASPFIN_
              ________      ________      ________      ________      ________
 ABFI_C         1.000
 BBFI_C         0.806         1.000
 CBFI_C         0.789         0.811         1.000
 DBFI_C         0.718         0.800         0.813         1.000
 AASPFIN_       0.154         0.046         0.044         0.049         1.000
 BASPFIN_       0.196         0.156         0.114         0.108         0.795
 CASPFIN_       0.122         0.021         0.016         0.031         0.790
 DASPFIN_       0.136         0.047         0.015        -0.005         0.787


           Correlations
              BASPFIN_      CASPFIN_      DASPFIN_
              ________      ________      ________
 BASPFIN_       1.000
 CASPFIN_       0.787         1.000
 DASPFIN_       0.790         0.792         1.000


     ESTIMATED SAMPLE STATISTICS FOR D4


           Means
              ABFI_C        BBFI_C        CBFI_C        DBFI_C        AASPFIN_
              ________      ________      ________      ________      ________
               70.134        70.842        71.024        70.315        39.775


           Means
              BASPFIN_      CASPFIN_      DASPFIN_
              ________      ________      ________
               40.383        41.416        42.891


           Covariances
              ABFI_C        BBFI_C        CBFI_C        DBFI_C        AASPFIN_
              ________      ________      ________      ________      ________
 ABFI_C       283.161
 BBFI_C       220.847       272.413
 CBFI_C       237.697       237.082       299.412
 DBFI_C       213.559       215.919       244.036       284.971
 AASPFIN_      28.550        38.313        30.774         9.079       549.810
 BASPFIN_      60.788        44.014        38.086         6.536       411.760
 CASPFIN_      33.901        37.092        43.368        21.763       353.966
 DASPFIN_      63.126        59.245        62.751        44.642       378.422


           Covariances
              BASPFIN_      CASPFIN_      DASPFIN_
              ________      ________      ________
 BASPFIN_     543.445
 CASPFIN_     357.154       426.137
 DASPFIN_     353.993       345.553       494.291


           Correlations
              ABFI_C        BBFI_C        CBFI_C        DBFI_C        AASPFIN_
              ________      ________      ________      ________      ________
 ABFI_C         1.000
 BBFI_C         0.795         1.000
 CBFI_C         0.816         0.830         1.000
 DBFI_C         0.752         0.775         0.835         1.000
 AASPFIN_       0.072         0.099         0.076         0.023         1.000
 BASPFIN_       0.155         0.114         0.094         0.017         0.753
 CASPFIN_       0.098         0.109         0.121         0.062         0.731
 DASPFIN_       0.169         0.161         0.163         0.119         0.726


           Correlations
              BASPFIN_      CASPFIN_      DASPFIN_
              ________      ________      ________
 BASPFIN_       1.000
 CASPFIN_       0.742         1.000
 DASPFIN_       0.683         0.753         1.000


     ESTIMATED SAMPLE STATISTICS FOR D5


           Means
              ABFI_C        BBFI_C        CBFI_C        DBFI_C        AASPFIN_
              ________      ________      ________      ________      ________
               70.316        72.132        70.965        71.030        39.615


           Means
              BASPFIN_      CASPFIN_      DASPFIN_
              ________      ________      ________
               40.349        40.558        40.811


           Covariances
              ABFI_C        BBFI_C        CBFI_C        DBFI_C        AASPFIN_
              ________      ________      ________      ________      ________
 ABFI_C       266.388
 BBFI_C       221.359       269.394
 CBFI_C       234.878       221.616       290.173
 DBFI_C       238.413       224.545       242.501       295.007
 AASPFIN_      33.142        25.289        28.043        23.366       527.803
 BASPFIN_      23.368         2.480         3.216        -5.405       377.301
 CASPFIN_     -13.117       -19.660       -23.083       -23.140       387.778
 DASPFIN_      56.853        32.503        28.056        48.378       365.038


           Covariances
              BASPFIN_      CASPFIN_      DASPFIN_
              ________      ________      ________
 BASPFIN_     480.213
 CASPFIN_     372.411       524.308
 DASPFIN_     330.864       375.306       504.527


           Correlations
              ABFI_C        BBFI_C        CBFI_C        DBFI_C        AASPFIN_
              ________      ________      ________      ________      ________
 ABFI_C         1.000
 BBFI_C         0.826         1.000
 CBFI_C         0.845         0.793         1.000
 DBFI_C         0.850         0.797         0.829         1.000
 AASPFIN_       0.088         0.067         0.072         0.059         1.000
 BASPFIN_       0.065         0.007         0.009        -0.014         0.749
 CASPFIN_      -0.035        -0.052        -0.059        -0.059         0.737
 DASPFIN_       0.155         0.088         0.073         0.125         0.707


           Correlations
              BASPFIN_      CASPFIN_      DASPFIN_
              ________      ________      ________
 BASPFIN_       1.000
 CASPFIN_       0.742         1.000
 DASPFIN_       0.672         0.730         1.000


     MAXIMUM LOG-LIKELIHOOD VALUE FOR THE UNRESTRICTED (H1) MODEL IS -21457.738


UNIVARIATE SAMPLE STATISTICS


     UNIVARIATE HIGHER-ORDER MOMENT DESCRIPTIVE STATISTICS FOR D2

         Variable/         Mean/     Skewness/   Minimum/ % with                Percentiles
        Sample Size      Variance    Kurtosis    Maximum  Min/Max      20%/60%    40%/80%    Median

     ABFI_C               65.171      -0.157      19.444    0.33%      50.000     59.375     66.667
             301.000     289.331      -0.455     100.000    1.00%      69.444     80.556
     BBFI_C               64.013      -0.234       8.333    0.45%      50.000     61.111     63.889
             223.000     250.992       0.549     100.000    1.79%      69.444     77.778
     CBFI_C               64.070      -0.121      19.444    0.47%      52.778     61.111     63.889
             215.000     257.001      -0.232     100.000    0.93%      69.444     77.778
     DBFI_C               65.063      -0.221      16.667    0.94%      50.000     61.111     66.667
             213.000     276.328      -0.051     100.000    2.35%      69.444     77.778
     AASPFIN_D            45.319       0.184       0.000    3.67%      25.000     33.333     41.667
             300.000     621.900      -0.696     100.000    3.00%      50.000     66.667
     BASPFIN_D            46.115       0.245       0.000    2.25%      25.000     41.667     50.000
             222.000     599.348      -0.680     100.000    3.15%      50.000     66.667
     CASPFIN_D            45.659       0.288       0.000    3.72%      25.000     33.333     41.667
             215.000     653.636      -0.696     100.000    3.72%      50.000     66.667
     DASPFIN_D            45.207       0.196       0.000    3.29%      16.667     33.333     41.667
             213.000     677.099      -0.914     100.000    2.82%      50.000     66.667


     UNIVARIATE HIGHER-ORDER MOMENT DESCRIPTIVE STATISTICS FOR D3

         Variable/         Mean/     Skewness/   Minimum/ % with                Percentiles
        Sample Size      Variance    Kurtosis    Maximum  Min/Max      20%/60%    40%/80%    Median

     ABFI_C               70.547      -0.514      16.667    0.43%      55.556     66.667     72.222
             233.000     317.896      -0.303     100.000    3.00%      77.778     86.111
     BBFI_C               71.171      -0.192      27.778    0.58%      55.556     66.667     72.222
             171.000     272.221      -0.813     100.000    3.51%      77.778     88.889
     CBFI_C               71.032      -0.240      30.556    0.62%      55.556     66.667     69.444
             161.000     279.955      -0.671     100.000    1.86%      77.778     86.111
     DBFI_C               71.377      -0.289      27.778    0.62%      55.556     69.444     72.222
             161.000     278.645      -0.538     100.000    3.73%      77.778     86.111
     AASPFIN_D            42.793       0.515       0.000    2.58%      25.000     33.333     41.667
             233.000     558.235      -0.375     100.000    2.58%      50.000     58.333
     BASPFIN_D            44.412       0.484       0.000    3.53%      25.000     33.333     41.667
             170.000     699.777      -0.578     100.000    5.88%      50.000     66.667
     CASPFIN_D            43.996       0.471       0.000    1.86%      16.667     33.333     41.667
             161.000     680.824      -0.728     100.000    4.35%      50.000     66.667
     DASPFIN_D            44.594       0.350       0.000    0.63%      16.667     33.333     41.667
             158.000     646.429      -0.745     100.000    3.80%      50.000     66.667


     UNIVARIATE HIGHER-ORDER MOMENT DESCRIPTIVE STATISTICS FOR D4

         Variable/         Mean/     Skewness/   Minimum/ % with                Percentiles
        Sample Size      Variance    Kurtosis    Maximum  Min/Max      20%/60%    40%/80%    Median

     ABFI_C               70.134      -0.448      16.667    0.51%      55.556     66.667     72.222
             198.000     283.161      -0.045     100.000    2.53%      75.000     83.333
     BBFI_C               71.013      -0.446      11.111    0.70%      58.333     66.667     72.222
             143.000     283.575       0.276     100.000    5.59%      75.000     86.111
     CBFI_C               71.507      -0.641       8.333    0.76%      58.333     66.667     72.222
             132.000     305.324       0.706     100.000    4.55%      77.778     86.111
     DBFI_C               71.013      -0.521       8.333    0.81%      55.556     69.444     72.222
             124.000     299.960       0.344     100.000    4.03%      75.000     88.889
     AASPFIN_D            39.784       0.424       0.000    6.60%      16.667     33.333     33.333
             197.000     549.809      -0.288     100.000    1.52%      41.667     58.333
     BASPFIN_D            39.778       0.518       0.000    4.32%      16.667     33.333     41.667
             139.000     529.632       0.110     100.000    2.88%      41.667     50.000
     CASPFIN_D            42.335       0.391       0.000    1.53%      25.000     33.333     41.667
             131.000     424.835      -0.251     100.000    0.76%      41.667     58.333
     DASPFIN_D            43.022       0.413       0.000    1.63%      25.000     33.333     41.667
             123.000     502.906      -0.423     100.000    0.81%      50.000     58.333


     UNIVARIATE HIGHER-ORDER MOMENT DESCRIPTIVE STATISTICS FOR D5

         Variable/         Mean/     Skewness/   Minimum/ % with                Percentiles
        Sample Size      Variance    Kurtosis    Maximum  Min/Max      20%/60%    40%/80%    Median

     ABFI_C               70.274      -0.795      12.500    0.76%      58.333     66.667     75.000
             131.000     267.631       0.675      97.222    2.29%      77.778     83.333
     BBFI_C               74.401      -0.523      33.333    1.15%      61.111     72.222     77.778
              87.000     231.483      -0.232     100.000    5.75%      80.556     86.111
     CBFI_C               72.790      -0.607      30.556    2.44%      58.333     69.444     75.000
              82.000     266.876      -0.114     100.000    3.66%      77.778     86.111
     DBFI_C               73.721      -0.804      25.000    1.32%      63.889     72.222     75.000
              76.000     241.724       1.077     100.000    2.63%      77.778     86.111
     AASPFIN_D            39.615       0.468       0.000    4.55%      16.667     33.333     41.667
             132.000     527.803      -0.196     100.000    1.52%      41.667     58.333
     BASPFIN_D            40.661       0.598       0.000    1.15%      25.000     33.333     33.333
              87.000     494.079      -0.161     100.000    2.30%      41.667     58.333
     CASPFIN_D            39.228       0.532       0.000    4.88%      16.667     33.333     37.500
              82.000     547.913      -0.111     100.000    2.44%      41.667     58.333
     DASPFIN_D            41.996       0.594       0.000    1.32%      16.667     33.333     33.333
              76.000     543.569      -0.314     100.000    2.63%      41.667     58.333


THE MODEL ESTIMATION TERMINATED NORMALLY



MODEL FIT INFORMATION

Number of Free Parameters                       54

Loglikelihood

          H0 Value                      -21521.777
          H0 Scaling Correction Factor      1.2831
            for MLR

Information Criteria

          Akaike (AIC)                   43151.554
          Bayesian (BIC)                 43408.678
          Sample-Size Adjusted BIC       43237.188
            (n* = (n + 2) / 24)



MODEL RESULTS

                                                    Two-Tailed
                    Estimate       S.E.  Est./S.E.    P-Value

Group D2

 P1       BY
    ABFI_C             1.000      0.000    999.000    999.000

 P2       BY
    BBFI_C             1.000      0.000    999.000    999.000

 P3       BY
    CBFI_C             1.000      0.000    999.000    999.000

 P4       BY
    DBFI_C             1.000      0.000    999.000    999.000

 V1       BY
    AASPFIN_D          1.000      0.000    999.000    999.000

 V2       BY
    BASPFIN_D          1.000      0.000    999.000    999.000

 V3       BY
    CASPFIN_D          1.000      0.000    999.000    999.000

 V4       BY
    DASPFIN_D          1.000      0.000    999.000    999.000

 P4         ON
    P3                 0.258      0.082      3.148      0.002
    V3                -0.048      0.040     -1.212      0.226

 P3         ON
    P2                 0.258      0.082      3.148      0.002
    V2                -0.048      0.040     -1.212      0.226

 P2         ON
    P1                 0.258      0.082      3.148      0.002
    V1                -0.048      0.040     -1.212      0.226

 V4         ON
    V3                 0.166      0.101      1.646      0.100
    P3                -0.053      0.100     -0.533      0.594

 V3         ON
    V2                 0.166      0.101      1.646      0.100
    P2                -0.053      0.100     -0.533      0.594

 V2         ON
    V1                 0.166      0.101      1.646      0.100
    P1                -0.053      0.100     -0.533      0.594

 S_BFI_C  WITH
    I_BFI_C            0.479      0.734      0.653      0.514
    S_ASPFIN_D         0.017      0.115      0.146      0.884
    I_ASPFIN_D        -3.419      2.601     -1.314      0.189

 I_BFI_C  WITH
    S_ASPFIN_D         2.163      2.704      0.800      0.424
    I_ASPFIN_D        37.338     15.174      2.461      0.014

 S_ASPFIN WITH
    I_ASPFIN_D        -2.033      1.285     -1.582      0.114

 P1       WITH
    V1                 2.031     13.900      0.146      0.884

 P2       WITH
    V2               -20.452      7.722     -2.649      0.008

 P3       WITH
    V3               -20.452      7.722     -2.649      0.008

 P4       WITH
    V4               -20.452      7.722     -2.649      0.008

 Means
    P1                 0.000      0.000    999.000    999.000
    V1                 0.000      0.000    999.000    999.000
    I_BFI_C           68.362      0.557    122.763      0.000
    S_BFI_C            0.210      0.048      4.344      0.000
    I_ASPFIN_D        43.102      0.772     55.842      0.000
    S_ASPFIN_D        -0.147      0.068     -2.165      0.030

 Intercepts
    ABFI_C             0.000      0.000    999.000    999.000
    BBFI_C             0.000      0.000    999.000    999.000
    CBFI_C             0.000      0.000    999.000    999.000
    DBFI_C             0.000      0.000    999.000    999.000
    AASPFIN_D          0.000      0.000    999.000    999.000
    BASPFIN_D          0.000      0.000    999.000    999.000
    CASPFIN_D          0.000      0.000    999.000    999.000
    DASPFIN_D          0.000      0.000    999.000    999.000
    P2                 0.000      0.000    999.000    999.000
    P3                 0.000      0.000    999.000    999.000
    P4                 0.000      0.000    999.000    999.000
    V2                 0.000      0.000    999.000    999.000
    V3                 0.000      0.000    999.000    999.000
    V4                 0.000      0.000    999.000    999.000

 Variances
    P1                85.085     14.455      5.886      0.000
    V1               191.321     24.796      7.716      0.000
    I_BFI_C          208.709     16.047     13.006      0.000
    S_BFI_C            0.090      0.120      0.743      0.457
    I_ASPFIN_D       416.879     29.890     13.947      0.000
    S_ASPFIN_D         0.125      0.221      0.564      0.573

 Residual Variances
    ABFI_C             0.000      0.000    999.000    999.000
    BBFI_C             0.000      0.000    999.000    999.000
    CBFI_C             0.000      0.000    999.000    999.000
    DBFI_C             0.000      0.000    999.000    999.000
    AASPFIN_D          0.000      0.000    999.000    999.000
    BASPFIN_D          0.000      0.000    999.000    999.000
    CASPFIN_D          0.000      0.000    999.000    999.000
    DASPFIN_D          0.000      0.000    999.000    999.000
    P2                75.973      8.225      9.237      0.000
    P3                75.973      8.225      9.237      0.000
    P4                75.973      8.225      9.237      0.000
    V2               182.519     18.622      9.802      0.000
    V3               182.519     18.622      9.802      0.000
    V4               182.519     18.622      9.802      0.000

Group D3

 P1       BY
    ABFI_C             1.000      0.000    999.000    999.000

 P2       BY
    BBFI_C             1.000      0.000    999.000    999.000

 P3       BY
    CBFI_C             1.000      0.000    999.000    999.000

 P4       BY
    DBFI_C             1.000      0.000    999.000    999.000

 V1       BY
    AASPFIN_D          1.000      0.000    999.000    999.000

 V2       BY
    BASPFIN_D          1.000      0.000    999.000    999.000

 V3       BY
    CASPFIN_D          1.000      0.000    999.000    999.000

 V4       BY
    DASPFIN_D          1.000      0.000    999.000    999.000

 P4         ON
    P3                 0.169      0.147      1.149      0.250
    V3                -0.058      0.051     -1.127      0.260

 P3         ON
    P2                 0.169      0.147      1.149      0.250
    V2                -0.058      0.051     -1.127      0.260

 P2         ON
    P1                 0.169      0.147      1.149      0.250
    V1                -0.058      0.051     -1.127      0.260

 V4         ON
    V3                 0.074      0.121      0.616      0.538
    P3                -0.202      0.115     -1.750      0.080

 V3         ON
    V2                 0.074      0.121      0.616      0.538
    P2                -0.202      0.115     -1.750      0.080

 V2         ON
    V1                 0.074      0.121      0.616      0.538
    P1                -0.202      0.115     -1.750      0.080

 S_BFI_C  WITH
    I_BFI_C            0.479      0.734      0.653      0.514
    S_ASPFIN_D         0.017      0.115      0.146      0.884
    I_ASPFIN_D        -3.419      2.601     -1.314      0.189

 I_BFI_C  WITH
    S_ASPFIN_D         2.163      2.704      0.800      0.424
    I_ASPFIN_D        37.338     15.174      2.461      0.014

 S_ASPFIN WITH
    I_ASPFIN_D        -2.033      1.285     -1.582      0.114

 P1       WITH
    V1                 4.649     11.304      0.411      0.681

 P2       WITH
    V2                -6.873      6.822     -1.007      0.314

 P3       WITH
    V3                -6.873      6.822     -1.007      0.314

 P4       WITH
    V4                -6.873      6.822     -1.007      0.314

 Means
    P1                 0.000      0.000    999.000    999.000
    V1                 0.000      0.000    999.000    999.000
    I_BFI_C           68.362      0.557    122.763      0.000
    S_BFI_C            0.210      0.048      4.344      0.000
    I_ASPFIN_D        43.102      0.772     55.842      0.000
    S_ASPFIN_D        -0.147      0.068     -2.165      0.030

 Intercepts
    ABFI_C             0.000      0.000    999.000    999.000
    BBFI_C             0.000      0.000    999.000    999.000
    CBFI_C             0.000      0.000    999.000    999.000
    DBFI_C             0.000      0.000    999.000    999.000
    AASPFIN_D          0.000      0.000    999.000    999.000
    BASPFIN_D          0.000      0.000    999.000    999.000
    CASPFIN_D          0.000      0.000    999.000    999.000
    DASPFIN_D          0.000      0.000    999.000    999.000
    P2                 0.000      0.000    999.000    999.000
    P3                 0.000      0.000    999.000    999.000
    P4                 0.000      0.000    999.000    999.000
    V2                 0.000      0.000    999.000    999.000
    V3                 0.000      0.000    999.000    999.000
    V4                 0.000      0.000    999.000    999.000

 Variances
    P1                87.404     12.672      6.897      0.000
    V1               108.698     18.780      5.788      0.000
    I_BFI_C          208.709     16.047     13.006      0.000
    S_BFI_C            0.090      0.120      0.743      0.457
    I_ASPFIN_D       416.879     29.890     13.947      0.000
    S_ASPFIN_D         0.125      0.221      0.564      0.573

 Residual Variances
    ABFI_C             0.000      0.000    999.000    999.000
    BBFI_C             0.000      0.000    999.000    999.000
    CBFI_C             0.000      0.000    999.000    999.000
    DBFI_C             0.000      0.000    999.000    999.000
    AASPFIN_D          0.000      0.000    999.000    999.000
    BASPFIN_D          0.000      0.000    999.000    999.000
    CASPFIN_D          0.000      0.000    999.000    999.000
    DASPFIN_D          0.000      0.000    999.000    999.000
    P2                60.107      7.560      7.950      0.000
    P3                60.107      7.560      7.950      0.000
    P4                60.107      7.560      7.950      0.000
    V2               150.495     19.942      7.547      0.000
    V3               150.495     19.942      7.547      0.000
    V4               150.495     19.942      7.547      0.000

Group D4

 P1       BY
    ABFI_C             1.000      0.000    999.000    999.000

 P2       BY
    BBFI_C             1.000      0.000    999.000    999.000

 P3       BY
    CBFI_C             1.000      0.000    999.000    999.000

 P4       BY
    DBFI_C             1.000      0.000    999.000    999.000

 V1       BY
    AASPFIN_D          1.000      0.000    999.000    999.000

 V2       BY
    BASPFIN_D          1.000      0.000    999.000    999.000

 V3       BY
    CASPFIN_D          1.000      0.000    999.000    999.000

 V4       BY
    DASPFIN_D          1.000      0.000    999.000    999.000

 P4         ON
    P3                 0.138      0.114      1.202      0.230
    V3                 0.061      0.049      1.236      0.217

 P3         ON
    P2                 0.138      0.114      1.202      0.230
    V2                 0.061      0.049      1.236      0.217

 P2         ON
    P1                 0.138      0.114      1.202      0.230
    V1                 0.061      0.049      1.236      0.217

 V4         ON
    V3                 0.148      0.090      1.648      0.099
    P3                 0.232      0.124      1.872      0.061

 V3         ON
    V2                 0.148      0.090      1.648      0.099
    P2                 0.232      0.124      1.872      0.061

 V2         ON
    V1                 0.148      0.090      1.648      0.099
    P1                 0.232      0.124      1.872      0.061

 S_BFI_C  WITH
    I_BFI_C            0.479      0.734      0.653      0.514
    S_ASPFIN_D         0.017      0.115      0.146      0.884
    I_ASPFIN_D        -3.419      2.601     -1.314      0.189

 I_BFI_C  WITH
    S_ASPFIN_D         2.163      2.704      0.800      0.424
    I_ASPFIN_D        37.338     15.174      2.461      0.014

 S_ASPFIN WITH
    I_ASPFIN_D        -2.033      1.285     -1.582      0.114

 P1       WITH
    V1                -9.040     13.642     -0.663      0.508

 P2       WITH
    V2                10.528      6.864      1.534      0.125

 P3       WITH
    V3                10.528      6.864      1.534      0.125

 P4       WITH
    V4                10.528      6.864      1.534      0.125

 Means
    P1                 0.000      0.000    999.000    999.000
    V1                 0.000      0.000    999.000    999.000
    I_BFI_C           68.362      0.557    122.763      0.000
    S_BFI_C            0.210      0.048      4.344      0.000
    I_ASPFIN_D        43.102      0.772     55.842      0.000
    S_ASPFIN_D        -0.147      0.068     -2.165      0.030

 Intercepts
    ABFI_C             0.000      0.000    999.000    999.000
    BBFI_C             0.000      0.000    999.000    999.000
    CBFI_C             0.000      0.000    999.000    999.000
    DBFI_C             0.000      0.000    999.000    999.000
    AASPFIN_D          0.000      0.000    999.000    999.000
    BASPFIN_D          0.000      0.000    999.000    999.000
    CASPFIN_D          0.000      0.000    999.000    999.000
    DASPFIN_D          0.000      0.000    999.000    999.000
    P2                 0.000      0.000    999.000    999.000
    P3                 0.000      0.000    999.000    999.000
    P4                 0.000      0.000    999.000    999.000
    V2                 0.000      0.000    999.000    999.000
    V3                 0.000      0.000    999.000    999.000
    V4                 0.000      0.000    999.000    999.000

 Variances
    P1                65.925      9.897      6.661      0.000
    V1               154.642     23.560      6.564      0.000
    I_BFI_C          208.709     16.047     13.006      0.000
    S_BFI_C            0.090      0.120      0.743      0.457
    I_ASPFIN_D       416.879     29.890     13.947      0.000
    S_ASPFIN_D         0.125      0.221      0.564      0.573

 Residual Variances
    ABFI_C             0.000      0.000    999.000    999.000
    BBFI_C             0.000      0.000    999.000    999.000
    CBFI_C             0.000      0.000    999.000    999.000
    DBFI_C             0.000      0.000    999.000    999.000
    AASPFIN_D          0.000      0.000    999.000    999.000
    BASPFIN_D          0.000      0.000    999.000    999.000
    CASPFIN_D          0.000      0.000    999.000    999.000
    DASPFIN_D          0.000      0.000    999.000    999.000
    P2                58.379      5.770     10.117      0.000
    P3                58.379      5.770     10.117      0.000
    P4                58.379      5.770     10.117      0.000
    V2               142.236     19.030      7.474      0.000
    V3               142.236     19.030      7.474      0.000
    V4               142.236     19.030      7.474      0.000

Group D5

 P1       BY
    ABFI_C             1.000      0.000    999.000    999.000

 P2       BY
    BBFI_C             1.000      0.000    999.000    999.000

 P3       BY
    CBFI_C             1.000      0.000    999.000    999.000

 P4       BY
    DBFI_C             1.000      0.000    999.000    999.000

 V1       BY
    AASPFIN_D          1.000      0.000    999.000    999.000

 V2       BY
    BASPFIN_D          1.000      0.000    999.000    999.000

 V3       BY
    CASPFIN_D          1.000      0.000    999.000    999.000

 V4       BY
    DASPFIN_D          1.000      0.000    999.000    999.000

 P4         ON
    P3                -0.004      0.125     -0.035      0.972
    V3                 0.013      0.046      0.276      0.783

 P3         ON
    P2                -0.004      0.125     -0.035      0.972
    V2                 0.013      0.046      0.276      0.783

 P2         ON
    P1                -0.004      0.125     -0.035      0.972
    V1                 0.013      0.046      0.276      0.783

 V4         ON
    V3                 0.139      0.115      1.208      0.227
    P3                 0.043      0.176      0.247      0.805

 V3         ON
    V2                 0.139      0.115      1.208      0.227
    P2                 0.043      0.176      0.247      0.805

 V2         ON
    V1                 0.139      0.115      1.208      0.227
    P1                 0.043      0.176      0.247      0.805

 S_BFI_C  WITH
    I_BFI_C            0.479      0.734      0.653      0.514
    S_ASPFIN_D         0.017      0.115      0.146      0.884
    I_ASPFIN_D        -3.419      2.601     -1.314      0.189

 I_BFI_C  WITH
    S_ASPFIN_D         2.163      2.704      0.800      0.424
    I_ASPFIN_D        37.338     15.174      2.461      0.014

 S_ASPFIN WITH
    I_ASPFIN_D        -2.033      1.285     -1.582      0.114

 P1       WITH
    V1                -5.808     10.519     -0.552      0.581

 P2       WITH
    V2                 4.336     11.344      0.382      0.702

 P3       WITH
    V3                 4.336     11.344      0.382      0.702

 P4       WITH
    V4                 4.336     11.344      0.382      0.702

 Means
    P1                 0.000      0.000    999.000    999.000
    V1                 0.000      0.000    999.000    999.000
    I_BFI_C           68.362      0.557    122.763      0.000
    S_BFI_C            0.210      0.048      4.344      0.000
    I_ASPFIN_D        43.102      0.772     55.842      0.000
    S_ASPFIN_D        -0.147      0.068     -2.165      0.030

 Intercepts
    ABFI_C             0.000      0.000    999.000    999.000
    BBFI_C             0.000      0.000    999.000    999.000
    CBFI_C             0.000      0.000    999.000    999.000
    DBFI_C             0.000      0.000    999.000    999.000
    AASPFIN_D          0.000      0.000    999.000    999.000
    BASPFIN_D          0.000      0.000    999.000    999.000
    CASPFIN_D          0.000      0.000    999.000    999.000
    DASPFIN_D          0.000      0.000    999.000    999.000
    P2                 0.000      0.000    999.000    999.000
    P3                 0.000      0.000    999.000    999.000
    P4                 0.000      0.000    999.000    999.000
    V2                 0.000      0.000    999.000    999.000
    V3                 0.000      0.000    999.000    999.000
    V4                 0.000      0.000    999.000    999.000

 Variances
    P1                32.493      8.944      3.633      0.000
    V1               145.350     29.373      4.948      0.000
    I_BFI_C          208.709     16.047     13.006      0.000
    S_BFI_C            0.090      0.120      0.743      0.457
    I_ASPFIN_D       416.879     29.890     13.947      0.000
    S_ASPFIN_D         0.125      0.221      0.564      0.573

 Residual Variances
    ABFI_C             0.000      0.000    999.000    999.000
    BBFI_C             0.000      0.000    999.000    999.000
    CBFI_C             0.000      0.000    999.000    999.000
    DBFI_C             0.000      0.000    999.000    999.000
    AASPFIN_D          0.000      0.000    999.000    999.000
    BASPFIN_D          0.000      0.000    999.000    999.000
    CASPFIN_D          0.000      0.000    999.000    999.000
    DASPFIN_D          0.000      0.000    999.000    999.000
    P2                55.249     12.554      4.401      0.000
    P3                55.249     12.554      4.401      0.000
    P4                55.249     12.554      4.401      0.000
    V2               149.178     20.905      7.136      0.000
    V3               149.178     20.905      7.136      0.000
    V4               149.178     20.905      7.136      0.000


QUALITY OF NUMERICAL RESULTS

     Condition Number for the Information Matrix              0.158E-05
       (ratio of smallest to largest eigenvalue)


     Beginning Time:  18:10:01
        Ending Time:  18:10:18
       Elapsed Time:  00:00:17



MUTHEN & MUTHEN
3463 Stoner Ave.
Los Angeles, CA  90066

Tel: (310) 391-9971
Fax: (310) 391-8971
Web: www.StatModel.com
Support: Support@StatModel.com

Copyright (c) 1998-2017 Muthen & Muthen
