Mplus VERSION 8 (Linux)
MUTHEN & MUTHEN
07/07/2018   3:44 PM

INPUT INSTRUCTIONS


  title: PxVx Bivariate LCM-SR - post mi - Linear bfas_co with Linear vrt_ind;
  data: file = /home/jflournoy/code_new/lnt_pxvx/Data/lnt_nat_recalc.tsv;

  variable:
  names =
  subjid
  aage
  aaspfin
  aaspfin_d
  abfa_mt
  abfa_mt_d
  abfas_ac
  abfas_ap
  abfas_ci
  abfas_co
  abfas_ea
  abfas_ee
  abfas_nv
  abfas_nv9
  abfas_nw
  abfas_oi
  abfas_oo
  abfi_a
  abfi_a6
  abfi_c
  abfi_d_scale
  abfi_e
  abfi_hp8
  abfi_n
  abfi_o
  abfi_s_scale
  ahrz_col
  ahrz_col_d
  ahrz_ind
  ahrz_ind_d
  amvi
  ausi
  ausi_d
  avrt_col
  avrt_col_d
  avrt_ind
  avrt_ind_d
  bage
  baspfin
  baspfin_d
  bbfa_mt
  bbfa_mt_d
  bbfas_ac
  bbfas_ap
  bbfas_ci
  bbfas_co
  bbfas_ea
  bbfas_ee
  bbfas_nv
  bbfas_nv9
  bbfas_nw
  bbfas_oi
  bbfas_oo
  bbfi_a
  bbfi_a6
  bbfi_c
  bbfi_d_scale
  bbfi_e
  bbfi_hp8
  bbfi_n
  bbfi_o
  bbfi_s_scale
  bhrz_col
  bhrz_col_d
  bhrz_ind
  bhrz_ind_d
  bmvi
  busi
  busi_d
  bvrt_col
  bvrt_col_d
  bvrt_ind
  bvrt_ind_d
  cage
  caspfin
  caspfin_d
  cbfa_mt
  cbfa_mt_d
  cbfas_ac
  cbfas_ap
  cbfas_ci
  cbfas_co
  cbfas_ea
  cbfas_ee
  cbfas_nv
  cbfas_nv9
  cbfas_nw
  cbfas_oi
  cbfas_oo
  cbfi_a
  cbfi_a6
  cbfi_c
  cbfi_d_scale
  cbfi_e
  cbfi_hp8
  cbfi_n
  cbfi_o
  cbfi_s_scale
  chrz_col
  chrz_col_d
  chrz_ind
  chrz_ind_d
  cmvi
  cusi
  cusi_d
  cvrt_col
  cvrt_col_d
  cvrt_ind
  cvrt_ind_d
  dage
  daspfin
  daspfin_d
  dbfa_mt
  dbfa_mt_d
  dbfas_ac
  dbfas_ap
  dbfas_ci
  dbfas_co
  dbfas_ea
  dbfas_ee
  dbfas_nv
  dbfas_nv9
  dbfas_nw
  dbfas_oi
  dbfas_oo
  dbfi_a
  dbfi_a6
  dbfi_c
  dbfi_d_scale
  dbfi_e
  dbfi_hp8
  dbfi_n
  dbfi_o
  dbfi_s_scale
  dhrz_col
  dhrz_col_d
  dhrz_ind
  dhrz_ind_d
  dmvi
  dusi
  dusi_d
  dvrt_col
  dvrt_col_d
  dvrt_ind
  dvrt_ind_d;

  USEVARIABLES =
  abfas_co
  bbfas_co
  cbfas_co
  dbfas_co
  avrt_ind
  bvrt_ind
  cvrt_ind
  dvrt_ind
  a1
  a2
  a3
  a4
  ;

  missing = all (-9999);

  tscores = a1 a2 a3 a4;

  DEFINE:
  a1 = aage + 0 - 36;
  a2 = aage + 1 - 36;
  a3 = aage + 2 - 36;
  a4 = aage + 3 - 36;

  ANALYSIS:
  TYPE=RANDOM;
  PROCESSORS = 6;
  model=nocovariances; ! supresses default estimation of certain covs in model;

  MODEL:

  i_bfas_co s_bfas_co | abfas_co bbfas_co cbfas_co dbfas_co AT a1 a2 a3 a4;
  i_vrt_ind s_vrt_ind | avrt_ind bvrt_ind cvrt_ind dvrt_ind AT a1 a2 a3 a4;

  ! freeing factor covs because of "nocovariances"
  s_bfas_co WITH i_bfas_co s_vrt_ind i_vrt_ind;
  i_bfas_co WITH s_vrt_ind i_vrt_ind;
  s_vrt_ind WITH i_vrt_ind;

  p1 BY abfas_co@1; ! Residual "factors";
  p2 BY bbfas_co@1;
  p3 BY cbfas_co@1;
  p4 BY dbfas_co@1;

  v1 BY avrt_ind@1; ! Residual "factors";
  v2 BY bvrt_ind@1;
  v3 BY cvrt_ind@1;
  v4 BY dvrt_ind@1;

  !residual variances on observed/manifest vars set to 0
  abfas_co@0;
  bbfas_co@0;
  cbfas_co@0;
  dbfas_co@0;

  !residual variances on observed/manifest vars set to 0
  avrt_ind@0;
  bvrt_ind@0;
  cvrt_ind@0;
  dvrt_ind@0;

  ! means of observed/manifest vars set to 0
  [abfas_co@0];
  [bbfas_co@0];
  [cbfas_co@0];
  [dbfas_co@0];

  ! means of observed/manifest vars set to 0
  [avrt_ind@0];
  [bvrt_ind@0];
  [cvrt_ind@0];
  [dvrt_ind@0];

  [p1@0]; ! means of residual "factors" set to 0
  [p2@0];
  [p3@0];
  [p4@0];

  [v1@0]; ! means of residual "factors" set to 0
  [v2@0];
  [v3@0];
  [v4@0];

  p4 on p3 (a); ! Autoregressive paths constrained to equality
  p3 on p2 (a);
  p2 on p1 (a);

  v4 on v3 (b); ! Autoregressive paths constrained to equality
  v3 on v2 (b);
  v2 on v1 (b);

  p4 on v3 (c); ! Cross-lagged paths constrained to equality
  p3 on v2 (c);
  p2 on v1 (c);

  v4 on p3 (d); ! Cross-lagged paths constrained to equality
  v3 on p2 (d);
  v2 on p1 (d);

  p1 with v1; !(this one is not like the others)

  p2 with v2 (e); ! Within-wave correlations constrained to equality
  p3 with v3 (e);
  p4 with v4 (e);

  p2 p3 p4 (f); ! estimate variances of residual "factors"
  v2 v3 v4 (g); ! estimate variances of residual "factors"

  OUTPUT: SAMPSTAT PATTERNS;



*** WARNING
  Data set contains cases with missing on time scores but non-missing on the
  corresponding dependent variables.  These cases were not included in the analysis.
  Number of such cases:  5
   1 WARNING(S) FOUND IN THE INPUT INSTRUCTIONS



PxVx Bivariate LCM-SR - post mi - Linear bfas_co with Linear vrt_ind;

SUMMARY OF ANALYSIS

Number of groups                                                 1
Number of observations                                         864

Number of dependent variables                                    8
Number of independent variables                                  0
Number of continuous latent variables                           12

Observed dependent variables

  Continuous
   ABFAS_CO    BBFAS_CO    CBFAS_CO    DBFAS_CO    AVRT_IND    BVRT_IND
   CVRT_IND    DVRT_IND

Continuous latent variables
   P1          P2          P3          P4          V1          V2
   V3          V4          I_BFAS_C    S_BFAS_C    I_VRT_IN    S_VRT_IN

Variables with special functions

  Time scores
   A1          A2          A3          A4


Estimator                                                      MLR
Information matrix                                        OBSERVED
Maximum number of iterations                                   100
Convergence criterion                                    0.100D-05
Maximum number of EM iterations                                500
Convergence criteria for the EM algorithm
  Loglikelihood change                                   0.100D-02
  Relative loglikelihood change                          0.100D-05
  Derivative                                             0.100D-03
Minimum variance                                         0.100D-03
Maximum number of steepest descent iterations                   20
Maximum number of iterations for H1                           2000
Convergence criterion for H1                             0.100D-03
Optimization algorithm                                         EMA

Input data file(s)
  /home/jflournoy/code_new/lnt_pxvx/Data/lnt_nat_recalc.tsv
Input data format  FREE


SUMMARY OF DATA

     Number of missing data patterns            19


SUMMARY OF MISSING DATA PATTERNS


     MISSING DATA PATTERNS (x = not missing)

           1  2  3  4  5  6  7  8  9 10 11 12 13 14 15 16 17 18 19
 ABFAS_CO  x  x  x  x  x  x  x  x  x  x  x  x  x     x  x  x  x  x
 BBFAS_CO  x     x  x     x     x     x  x  x     x     x     x
 CBFAS_CO  x           x  x     x  x     x  x  x  x        x  x
 DBFAS_CO  x     x     x  x  x              x  x  x     x        x
 AVRT_IND  x  x  x  x  x  x  x  x  x  x  x  x  x  x     x  x  x  x
 BVRT_IND  x     x  x     x     x        x     x  x           x
 CVRT_IND  x           x        x  x        x  x  x           x
 DVRT_IND  x     x     x  x  x              x  x  x     x     x


     MISSING DATA PATTERN FREQUENCIES

    Pattern   Frequency     Pattern   Frequency     Pattern   Frequency
          1         488           8          46          15           1
          2         169           9          23          16           1
          3          26          10           4          17           1
          4          48          11           1          18           1
          5          21          12           3          19           1
          6           2          13           2
          7          24          14           2


COVARIANCE COVERAGE OF DATA

Minimum covariance coverage value   0.100


     PROPORTION OF DATA PRESENT


           Covariance Coverage
              ABFAS_CO      BBFAS_CO      CBFAS_CO      DBFAS_CO      AVRT_IND
              ________      ________      ________      ________      ________
 ABFAS_CO       0.998
 BBFAS_CO       0.718         0.720
 CBFAS_CO       0.681         0.628         0.683
 DBFAS_CO       0.657         0.604         0.600         0.660
 AVRT_IND       0.997         0.720         0.683         0.660         0.999
 BVRT_IND       0.711         0.711         0.627         0.602         0.713
 CVRT_IND       0.676         0.625         0.678         0.597         0.678
 DVRT_IND       0.657         0.605         0.601         0.659         0.660


           Covariance Coverage
              BVRT_IND      CVRT_IND      DVRT_IND
              ________      ________      ________
 BVRT_IND       0.713
 CVRT_IND       0.624         0.678
 DVRT_IND       0.603         0.598         0.660


SAMPLE STATISTICS


     ESTIMATED SAMPLE STATISTICS


           Means
              ABFAS_CO      BBFAS_CO      CBFAS_CO      DBFAS_CO      AVRT_IND
              ________      ________      ________      ________      ________
               61.835        61.623        62.082        62.154        47.223


           Means
              BVRT_IND      CVRT_IND      DVRT_IND
              ________      ________      ________
               47.096        46.391        46.353


           Covariances
              ABFAS_CO      BBFAS_CO      CBFAS_CO      DBFAS_CO      AVRT_IND
              ________      ________      ________      ________      ________
 ABFAS_CO     272.353
 BBFAS_CO     219.423       275.654
 CBFAS_CO     212.407       222.597       264.415
 DBFAS_CO     206.940       212.696       219.115       269.723
 AVRT_IND      33.083        17.593        27.503        19.073       371.015
 BVRT_IND      33.136        23.379        22.242        19.807       248.752
 CVRT_IND      26.666        19.343        26.436        24.617       242.941
 DVRT_IND      27.770        26.852        29.861        29.560       241.386


           Covariances
              BVRT_IND      CVRT_IND      DVRT_IND
              ________      ________      ________
 BVRT_IND     350.230
 CVRT_IND     257.845       380.714
 DVRT_IND     256.966       276.789       376.120


           Correlations
              ABFAS_CO      BBFAS_CO      CBFAS_CO      DBFAS_CO      AVRT_IND
              ________      ________      ________      ________      ________
 ABFAS_CO       1.000
 BBFAS_CO       0.801         1.000
 CBFAS_CO       0.792         0.825         1.000
 DBFAS_CO       0.764         0.780         0.820         1.000
 AVRT_IND       0.104         0.055         0.088         0.060         1.000
 BVRT_IND       0.107         0.075         0.073         0.064         0.690
 CVRT_IND       0.083         0.060         0.083         0.077         0.646
 DVRT_IND       0.087         0.083         0.095         0.093         0.646


           Correlations
              BVRT_IND      CVRT_IND      DVRT_IND
              ________      ________      ________
 BVRT_IND       1.000
 CVRT_IND       0.706         1.000
 DVRT_IND       0.708         0.731         1.000


     MAXIMUM LOG-LIKELIHOOD VALUE FOR THE UNRESTRICTED (H1) MODEL IS -20928.483


UNIVARIATE SAMPLE STATISTICS


     UNIVARIATE HIGHER-ORDER MOMENT DESCRIPTIVE STATISTICS

         Variable/         Mean/     Skewness/   Minimum/ % with                Percentiles
        Sample Size      Variance    Kurtosis    Maximum  Min/Max      20%/60%    40%/80%    Median

     ABFAS_CO             61.830      -0.239      10.000    0.35%      47.500     57.500     62.500
             862.000     271.916      -0.249     100.000    0.35%      67.500     77.500
     BBFAS_CO             61.984      -0.077      12.500    0.16%      47.500     57.500     62.500
             622.000     276.394      -0.550     100.000    0.32%      66.667     77.500
     CBFAS_CO             62.020      -0.137      20.000    0.34%      47.500     57.500     62.500
             590.000     270.946      -0.525     100.000    0.34%      67.500     77.500
     DBFAS_CO             62.558      -0.215       7.500    0.18%      47.500     60.000     62.500
             570.000     274.604      -0.343     100.000    0.88%      67.500     77.500
     AVRT_IND             47.224       0.122       0.000    0.46%      31.250     43.750     43.750
             863.000     371.019      -0.306     100.000    0.58%      50.000     62.500
     BVRT_IND             47.247       0.187       0.000    0.16%      31.250     43.750     46.875
             616.000     350.043      -0.298     100.000    0.81%      50.000     62.500
     CVRT_IND             46.516       0.269       6.250    1.02%      31.250     37.500     43.750
             586.000     384.026      -0.375     100.000    0.68%      50.000     62.500
     DVRT_IND             46.462       0.204       0.000    0.18%      31.250     37.500     43.750
             570.000     376.173      -0.400     100.000    0.53%      50.000     62.500


THE MODEL ESTIMATION TERMINATED NORMALLY



MODEL FIT INFORMATION

Number of Free Parameters                       24

Loglikelihood

          H0 Value                      -20915.581
          H0 Scaling Correction Factor      1.1452
            for MLR

Information Criteria

          Akaike (AIC)                   41879.162
          Bayesian (BIC)                 41993.440
          Sample-Size Adjusted BIC       41917.222
            (n* = (n + 2) / 24)



MODEL RESULTS

                                                    Two-Tailed
                    Estimate       S.E.  Est./S.E.    P-Value

 P1       BY
    ABFAS_CO           1.000      0.000    999.000    999.000

 P2       BY
    BBFAS_CO           1.000      0.000    999.000    999.000

 P3       BY
    CBFAS_CO           1.000      0.000    999.000    999.000

 P4       BY
    DBFAS_CO           1.000      0.000    999.000    999.000

 V1       BY
    AVRT_IND           1.000      0.000    999.000    999.000

 V2       BY
    BVRT_IND           1.000      0.000    999.000    999.000

 V3       BY
    CVRT_IND           1.000      0.000    999.000    999.000

 V4       BY
    DVRT_IND           1.000      0.000    999.000    999.000

 P4         ON
    P3                 0.157      0.056      2.793      0.005
    V3                -0.008      0.027     -0.297      0.767

 P3         ON
    P2                 0.157      0.056      2.793      0.005
    V2                -0.008      0.027     -0.297      0.767

 P2         ON
    P1                 0.157      0.056      2.793      0.005
    V1                -0.008      0.027     -0.297      0.767

 V4         ON
    V3                 0.106      0.052      2.018      0.044
    P3                 0.041      0.055      0.754      0.451

 V3         ON
    V2                 0.106      0.052      2.018      0.044
    P2                 0.041      0.055      0.754      0.451

 V2         ON
    V1                 0.106      0.052      2.018      0.044
    P1                 0.041      0.055      0.754      0.451

 S_BFAS_C WITH
    I_BFAS_CO         -0.894      0.588     -1.520      0.129
    S_VRT_IND          0.148      0.092      1.617      0.106
    I_VRT_IND         -1.716      2.120     -0.810      0.418

 I_BFAS_C WITH
    S_VRT_IND          0.126      2.159      0.058      0.954
    I_VRT_IND         12.437     11.964      1.040      0.299

 S_VRT_IN WITH
    I_VRT_IND         -2.311      0.733     -3.151      0.002

 P1       WITH
    V1                 6.198      5.777      1.073      0.283

 P2       WITH
    V2                 3.046      3.432      0.888      0.375

 P3       WITH
    V3                 3.046      3.432      0.888      0.375

 P4       WITH
    V4                 3.046      3.432      0.888      0.375

 Means
    P1                 0.000      0.000    999.000    999.000
    V1                 0.000      0.000    999.000    999.000
    I_BFAS_CO         61.918      0.536    115.568      0.000
    S_BFAS_CO          0.086      0.048      1.777      0.075
    I_VRT_IND         47.302      0.586     80.718      0.000
    S_VRT_IND         -0.314      0.054     -5.824      0.000

 Intercepts
    ABFAS_CO           0.000      0.000    999.000    999.000
    BBFAS_CO           0.000      0.000    999.000    999.000
    CBFAS_CO           0.000      0.000    999.000    999.000
    DBFAS_CO           0.000      0.000    999.000    999.000
    AVRT_IND           0.000      0.000    999.000    999.000
    BVRT_IND           0.000      0.000    999.000    999.000
    CVRT_IND           0.000      0.000    999.000    999.000
    DVRT_IND           0.000      0.000    999.000    999.000
    P2                 0.000      0.000    999.000    999.000
    P3                 0.000      0.000    999.000    999.000
    P4                 0.000      0.000    999.000    999.000
    V2                 0.000      0.000    999.000    999.000
    V3                 0.000      0.000    999.000    999.000
    V4                 0.000      0.000    999.000    999.000

 Variances
    P1                63.156      5.329     11.852      0.000
    V1               141.017     11.993     11.758      0.000
    I_BFAS_CO        190.832     14.024     13.608      0.000
    S_BFAS_CO          0.195      0.118      1.655      0.098
    I_VRT_IND        213.538     17.527     12.184      0.000
    S_VRT_IND          0.223      0.129      1.733      0.083

 Residual Variances
    ABFAS_CO           0.000      0.000    999.000    999.000
    BBFAS_CO           0.000      0.000    999.000    999.000
    CBFAS_CO           0.000      0.000    999.000    999.000
    DBFAS_CO           0.000      0.000    999.000    999.000
    AVRT_IND           0.000      0.000    999.000    999.000
    BVRT_IND           0.000      0.000    999.000    999.000
    CVRT_IND           0.000      0.000    999.000    999.000
    DVRT_IND           0.000      0.000    999.000    999.000
    P2                57.450      4.087     14.058      0.000
    P3                57.450      4.087     14.058      0.000
    P4                57.450      4.087     14.058      0.000
    V2               114.697      7.047     16.275      0.000
    V3               114.697      7.047     16.275      0.000
    V4               114.697      7.047     16.275      0.000


QUALITY OF NUMERICAL RESULTS

     Condition Number for the Information Matrix              0.355E-04
       (ratio of smallest to largest eigenvalue)


     Beginning Time:  15:44:27
        Ending Time:  15:44:43
       Elapsed Time:  00:00:16



MUTHEN & MUTHEN
3463 Stoner Ave.
Los Angeles, CA  90066

Tel: (310) 391-9971
Fax: (310) 391-8971
Web: www.StatModel.com
Support: Support@StatModel.com

Copyright (c) 1998-2017 Muthen & Muthen
