Mplus VERSION 8 (Linux)
MUTHEN & MUTHEN
07/08/2018   5:55 PM

INPUT INSTRUCTIONS


  title: PxVx Bivariate LCM-SR - decadegroup - Linear bfas_oi with Linear aspfin_d;
  data: file = /home/jflournoy/code_new/lnt_pxvx/Data/lnt_nat_recalc.tsv;

  variable:
  names =
  subjid
  aage
  aaspfin
  aaspfin_d
  abfa_mt
  abfa_mt_d
  abfas_ac
  abfas_ap
  abfas_ci
  abfas_co
  abfas_ea
  abfas_ee
  abfas_nv
  abfas_nv9
  abfas_nw
  abfas_oi
  abfas_oo
  abfi_a
  abfi_a6
  abfi_c
  abfi_d_scale
  abfi_e
  abfi_hp8
  abfi_n
  abfi_o
  abfi_s_scale
  ahrz_col
  ahrz_col_d
  ahrz_ind
  ahrz_ind_d
  amvi
  ausi
  ausi_d
  avrt_col
  avrt_col_d
  avrt_ind
  avrt_ind_d
  bage
  baspfin
  baspfin_d
  bbfa_mt
  bbfa_mt_d
  bbfas_ac
  bbfas_ap
  bbfas_ci
  bbfas_co
  bbfas_ea
  bbfas_ee
  bbfas_nv
  bbfas_nv9
  bbfas_nw
  bbfas_oi
  bbfas_oo
  bbfi_a
  bbfi_a6
  bbfi_c
  bbfi_d_scale
  bbfi_e
  bbfi_hp8
  bbfi_n
  bbfi_o
  bbfi_s_scale
  bhrz_col
  bhrz_col_d
  bhrz_ind
  bhrz_ind_d
  bmvi
  busi
  busi_d
  bvrt_col
  bvrt_col_d
  bvrt_ind
  bvrt_ind_d
  cage
  caspfin
  caspfin_d
  cbfa_mt
  cbfa_mt_d
  cbfas_ac
  cbfas_ap
  cbfas_ci
  cbfas_co
  cbfas_ea
  cbfas_ee
  cbfas_nv
  cbfas_nv9
  cbfas_nw
  cbfas_oi
  cbfas_oo
  cbfi_a
  cbfi_a6
  cbfi_c
  cbfi_d_scale
  cbfi_e
  cbfi_hp8
  cbfi_n
  cbfi_o
  cbfi_s_scale
  chrz_col
  chrz_col_d
  chrz_ind
  chrz_ind_d
  cmvi
  cusi
  cusi_d
  cvrt_col
  cvrt_col_d
  cvrt_ind
  cvrt_ind_d
  dage
  daspfin
  daspfin_d
  dbfa_mt
  dbfa_mt_d
  dbfas_ac
  dbfas_ap
  dbfas_ci
  dbfas_co
  dbfas_ea
  dbfas_ee
  dbfas_nv
  dbfas_nv9
  dbfas_nw
  dbfas_oi
  dbfas_oo
  dbfi_a
  dbfi_a6
  dbfi_c
  dbfi_d_scale
  dbfi_e
  dbfi_hp8
  dbfi_n
  dbfi_o
  dbfi_s_scale
  dhrz_col
  dhrz_col_d
  dhrz_ind
  dhrz_ind_d
  dmvi
  dusi
  dusi_d
  dvrt_col
  dvrt_col_d
  dvrt_ind
  dvrt_ind_d;

  USEVARIABLES =
  abfas_oi
  bbfas_oi
  cbfas_oi
  dbfas_oi
  aaspfin_d
  baspfin_d
  caspfin_d
  daspfin_d
  a1
  a2
  a3
  a4
  aagegrp
  ;

  missing = all (-9999);

  tscores = a1 a2 a3 a4;

  grouping = aagegrp (0=d2, 1=d3, 2=d4, 3=d5);

  DEFINE:

  aagegrp = aage;

  cut aagegrp (29 39 49);

  a1 = aage + 0 - 36;
  a2 = aage + 1 - 36;
  a3 = aage + 2 - 36;
  a4 = aage + 3 - 36;

  ANALYSIS:
  TYPE=RANDOM;
  PROCESSORS = 6;
  model=nocovariances; ! supresses default estimation of certain covs in model;

  MODEL:

  i_bfas_oi s_bfas_oi | abfas_oi bbfas_oi cbfas_oi dbfas_oi AT a1 a2 a3 a4;
  i_aspfin_d s_aspfin_d | aaspfin_d baspfin_d caspfin_d daspfin_d AT a1 a2 a3 a4;

  ! freeing factor covs because of "nocovariances"
  ! But ensure they are constrained across groups
  s_bfas_oi WITH i_bfas_oi (p)
  s_aspfin_d (q)
  i_aspfin_d (r);
  i_bfas_oi WITH s_aspfin_d (s)
  i_aspfin_d (t);
  s_aspfin_d WITH i_aspfin_d (u);

  !constrain latent growth means across groups
  [i_bfas_oi] (v);
  [s_bfas_oi] (w);
  [i_aspfin_d] (x);
  [s_aspfin_d] (y);

  !constrain latent growth variances across groups
  i_bfas_oi (l);
  s_bfas_oi (m);
  i_aspfin_d (n);
  s_aspfin_d (o);

  p1 BY abfas_oi@1; ! Residual "factors";
  p2 BY bbfas_oi@1;
  p3 BY cbfas_oi@1;
  p4 BY dbfas_oi@1;

  v1 BY aaspfin_d@1; ! Residual "factors";
  v2 BY baspfin_d@1;
  v3 BY caspfin_d@1;
  v4 BY daspfin_d@1;

  !residual variances on observed/manifest vars set to 0
  abfas_oi@0;
  bbfas_oi@0;
  cbfas_oi@0;
  dbfas_oi@0;

  !residual variances on observed/manifest vars set to 0
  aaspfin_d@0;
  baspfin_d@0;
  caspfin_d@0;
  daspfin_d@0;

  ! means of observed/manifest vars set to 0
  [abfas_oi@0];
  [bbfas_oi@0];
  [cbfas_oi@0];
  [dbfas_oi@0];

  ! means of observed/manifest vars set to 0
  [aaspfin_d@0];
  [baspfin_d@0];
  [caspfin_d@0];
  [daspfin_d@0];

  [p1@0]; ! means of residual "factors" set to 0
  [p2@0];
  [p3@0];
  [p4@0];

  [v1@0]; ! means of residual "factors" set to 0
  [v2@0];
  [v3@0];
  [v4@0];

  p4 on p3 (a); ! Autoregressive paths constrained to equality
  p3 on p2 (a);
  p2 on p1 (a);

  v4 on v3 (b); ! Autoregressive paths constrained to equality
  v3 on v2 (b);
  v2 on v1 (b);

  p4 on v3 (c); ! Cross-lagged paths constrained to equality
  p3 on v2 (c);
  p2 on v1 (c);

  v4 on p3 (d); ! Cross-lagged paths constrained to equality
  v3 on p2 (d);
  v2 on p1 (d);

  p1 with v1; !(this one is not like the others)

  p2 with v2 (e); ! Within-wave correlations constrained to equality
  p3 with v3 (e);
  p4 with v4 (e);

  p2 p3 p4 (f); ! estimate variances of residual "factors"
  v2 v3 v4 (g); ! estimate variances of residual "factors"

  MODEL d2:

  p4 on p3 (a2); ! Autoregressive paths constrained to equality
  p3 on p2 (a2);
  p2 on p1 (a2);

  v4 on v3 (b2); ! Autoregressive paths constrained to equality
  v3 on v2 (b2);
  v2 on v1 (b2);

  p4 on v3 (c2); ! Cross-lagged paths constrained to equality
  p3 on v2 (c2);
  p2 on v1 (c2);

  v4 on p3 (d2); ! Cross-lagged paths constrained to equality
  v3 on p2 (d2);
  v2 on p1 (d2);

  p1 with v1; !(this one is not like the others)

  p2 with v2 (e2); ! Within-wave correlations constrained to equality
  p3 with v3 (e2);
  p4 with v4 (e2);

  p2 p3 p4 (f2); ! estimate variances of residual "factors"
  v2 v3 v4 (g2); ! estimate variances of residual "factors"

  MODEL d3:

  p4 on p3 (a3); ! Autoregressive paths constrained to equality
  p3 on p2 (a3);
  p2 on p1 (a3);

  v4 on v3 (b3); ! Autoregressive paths constrained to equality
  v3 on v2 (b3);
  v2 on v1 (b3);

  p4 on v3 (c3); ! Cross-lagged paths constrained to equality
  p3 on v2 (c3);
  p2 on v1 (c3);

  v4 on p3 (d3); ! Cross-lagged paths constrained to equality
  v3 on p2 (d3);
  v2 on p1 (d3);

  p1 with v1; !(this one is not like the others)

  p2 with v2 (e3); ! Within-wave correlations constrained to equality
  p3 with v3 (e3);
  p4 with v4 (e3);

  p2 p3 p4 (f3); ! estimate variances of residual "factors"
  v2 v3 v4 (g3); ! estimate variances of residual "factors"

  MODEL d4:

  p4 on p3 (a4); ! Autoregressive paths constrained to equality
  p3 on p2 (a4);
  p2 on p1 (a4);

  v4 on v3 (b4); ! Autoregressive paths constrained to equality
  v3 on v2 (b4);
  v2 on v1 (b4);

  p4 on v3 (c4); ! Cross-lagged paths constrained to equality
  p3 on v2 (c4);
  p2 on v1 (c4);

  v4 on p3 (d4); ! Cross-lagged paths constrained to equality
  v3 on p2 (d4);
  v2 on p1 (d4);

  p1 with v1; !(this one is not like the others)

  p2 with v2 (e4); ! Within-wave correlations constrained to equality
  p3 with v3 (e4);
  p4 with v4 (e4);

  p2 p3 p4 (f4); ! estimate variances of residual "factors"
  v2 v3 v4 (g4); ! estimate variances of residual "factors"

  MODEL d5:

  p4 on p3 (a5); ! Autoregressive paths constrained to equality
  p3 on p2 (a5);
  p2 on p1 (a5);

  v4 on v3 (b5); ! Autoregressive paths constrained to equality
  v3 on v2 (b5);
  v2 on v1 (b5);

  p4 on v3 (c5); ! Cross-lagged paths constrained to equality
  p3 on v2 (c5);
  p2 on v1 (c5);

  v4 on p3 (d5); ! Cross-lagged paths constrained to equality
  v3 on p2 (d5);
  v2 on p1 (d5);

  p1 with v1; !(this one is not like the others)

  p2 with v2 (e5); ! Within-wave correlations constrained to equality
  p3 with v3 (e5);
  p4 with v4 (e5);

  p2 p3 p4 (f5); ! estimate variances of residual "factors"
  v2 v3 v4 (g5); ! estimate variances of residual "factors"

  OUTPUT: SAMPSTAT PATTERNS;



*** WARNING in VARIABLE command
  Note that only the first 8 characters of variable names are used in the output.
  Shorten variable names to avoid any confusion.
*** WARNING
  Data set contains unknown or missing values for GROUPING,
  PATTERN, COHORT, CLUSTER and/or STRATIFICATION variables.
  Number of cases with unknown or missing values:  5
   2 WARNING(S) FOUND IN THE INPUT INSTRUCTIONS



PxVx Bivariate LCM-SR - decadegroup - Linear bfas_oi with Linear aspfin_d;

SUMMARY OF ANALYSIS

Number of groups                                                 4
Number of observations
   Group D2                                                    301
   Group D3                                                    233
   Group D4                                                    198
   Group D5                                                    132
   Total sample size                                           864

Number of dependent variables                                    8
Number of independent variables                                  0
Number of continuous latent variables                           12

Observed dependent variables

  Continuous
   ABFAS_OI    BBFAS_OI    CBFAS_OI    DBFAS_OI    AASPFIN_D   BASPFIN_D
   CASPFIN_D   DASPFIN_D

Continuous latent variables
   P1          P2          P3          P4          V1          V2
   V3          V4          I_BFAS_O    S_BFAS_O    I_ASPFIN    S_ASPFIN

Variables with special functions

  Grouping variable     AAGEGRP

  Time scores
   A1          A2          A3          A4


Estimator                                                      MLR
Information matrix                                        OBSERVED
Maximum number of iterations                                   100
Convergence criterion                                    0.100D-05
Maximum number of EM iterations                                500
Convergence criteria for the EM algorithm
  Loglikelihood change                                   0.100D-02
  Relative loglikelihood change                          0.100D-05
  Derivative                                             0.100D-03
Minimum variance                                         0.100D-03
Maximum number of steepest descent iterations                   20
Maximum number of iterations for H1                           2000
Convergence criterion for H1                             0.100D-03
Optimization algorithm                                         EMA

Input data file(s)
  /home/jflournoy/code_new/lnt_pxvx/Data/lnt_nat_recalc.tsv
Input data format  FREE


SUMMARY OF DATA

   Group D2
     Number of missing data patterns            13

   Group D3
     Number of missing data patterns            10

   Group D4
     Number of missing data patterns            13

   Group D5
     Number of missing data patterns             9


SUMMARY OF MISSING DATA PATTERNS


     MISSING DATA PATTERNS (x = not missing) FOR D2

           1  2  3  4  5  6  7  8  9 10 11 12 13
 ABFAS_OI  x  x  x  x  x  x  x  x  x     x  x  x
 BBFAS_OI  x     x  x  x     x        x  x     x
 CBFAS_OI  x           x        x  x  x  x  x  x
 DBFAS_OI  x     x        x        x  x     x  x
 AASPFIN_  x  x  x  x  x  x     x  x  x  x  x  x
 BASPFIN_  x     x  x  x     x        x  x  x
 CASPFIN_  x           x        x  x  x  x  x  x
 DASPFIN_  x     x        x        x  x  x  x  x


     MISSING DATA PATTERN FREQUENCIES FOR D2

    Pattern   Frequency     Pattern   Frequency     Pattern   Frequency
          1         187           6          11          11           1
          2          57           7           1          12           1
          3           6           8           5          13           1
          4          11           9           5
          5          14          10           1


     MISSING DATA PATTERNS (x = not missing) FOR D3

           1  2  3  4  5  6  7  8  9 10
 ABFAS_OI  x  x  x  x  x  x  x  x  x  x
 BBFAS_OI  x     x  x  x           x
 CBFAS_OI  x           x     x  x
 DBFAS_OI  x     x        x     x     x
 AASPFIN_  x  x  x  x  x  x  x  x  x  x
 BASPFIN_  x     x  x  x
 CASPFIN_  x           x     x  x
 DASPFIN_  x     x        x     x


     MISSING DATA PATTERN FREQUENCIES FOR D3

    Pattern   Frequency     Pattern   Frequency     Pattern   Frequency
          1         140           5           7           9           1
          2          44           6           3          10           1
          3           8           7           7
          4          15           8           7


     MISSING DATA PATTERNS (x = not missing) FOR D4

           1  2  3  4  5  6  7  8  9 10 11 12 13
 ABFAS_OI  x  x  x  x  x  x  x  x  x  x  x  x  x
 BBFAS_OI  x     x  x  x           x  x  x     x
 CBFAS_OI  x           x     x  x  x     x
 DBFAS_OI  x     x        x     x  x     x     x
 AASPFIN_  x  x  x  x  x  x  x  x  x  x  x     x
 BASPFIN_  x     x  x  x                 x
 CASPFIN_  x           x     x  x  x
 DASPFIN_  x     x        x     x  x     x     x


     MISSING DATA PATTERN FREQUENCIES FOR D4

    Pattern   Frequency     Pattern   Frequency     Pattern   Frequency
          1         104           6           4          11           1
          2          39           7           6          12           1
          3           7           8           5          13           1
          4          12           9           1
          5          15          10           2


     MISSING DATA PATTERNS (x = not missing) FOR D5

           1  2  3  4  5  6  7  8  9
 ABFAS_OI  x  x  x  x  x  x  x  x
 BBFAS_OI  x     x  x  x           x
 CBFAS_OI  x           x     x  x  x
 DBFAS_OI  x     x        x     x  x
 AASPFIN_  x  x  x  x  x  x  x  x  x
 BASPFIN_  x     x  x  x           x
 CASPFIN_  x           x     x  x  x
 DASPFIN_  x     x        x     x  x


     MISSING DATA PATTERN FREQUENCIES FOR D5

    Pattern   Frequency     Pattern   Frequency     Pattern   Frequency
          1          60           4          10           7           6
          2          29           5          11           8           4
          3           5           6           6           9           1


COVARIANCE COVERAGE OF DATA

Minimum covariance coverage value   0.100


     PROPORTION OF DATA PRESENT FOR D2


           Covariance Coverage
              ABFAS_OI      BBFAS_OI      CBFAS_OI      DBFAS_OI      AASPFIN_
              ________      ________      ________      ________      ________
 ABFAS_OI       0.997
 BBFAS_OI       0.734         0.738
 CBFAS_OI       0.711         0.678         0.714
 DBFAS_OI       0.701         0.648         0.648         0.704
 AASPFIN_       0.993         0.734         0.714         0.704         0.997
 BASPFIN_       0.734         0.734         0.678         0.648         0.734
 CASPFIN_       0.711         0.678         0.714         0.648         0.714
 DASPFIN_       0.704         0.651         0.651         0.704         0.708


           Covariance Coverage
              BASPFIN_      CASPFIN_      DASPFIN_
              ________      ________      ________
 BASPFIN_       0.738
 CASPFIN_       0.678         0.714
 DASPFIN_       0.651         0.651         0.708


     PROPORTION OF DATA PRESENT FOR D3


           Covariance Coverage
              ABFAS_OI      BBFAS_OI      CBFAS_OI      DBFAS_OI      AASPFIN_
              ________      ________      ________      ________      ________
 ABFAS_OI       0.996
 BBFAS_OI       0.760         0.764
 CBFAS_OI       0.665         0.635         0.670
 DBFAS_OI       0.652         0.639         0.609         0.657
 AASPFIN_       0.966         0.734         0.670         0.657         0.970
 BASPFIN_       0.760         0.764         0.635         0.639         0.734
 CASPFIN_       0.665         0.635         0.670         0.609         0.670
 DASPFIN_       0.652         0.639         0.609         0.657         0.657


           Covariance Coverage
              BASPFIN_      CASPFIN_      DASPFIN_
              ________      ________      ________
 BASPFIN_       0.764
 CASPFIN_       0.635         0.670
 DASPFIN_       0.639         0.609         0.657


     PROPORTION OF DATA PRESENT FOR D4


           Covariance Coverage
              ABFAS_OI      BBFAS_OI      CBFAS_OI      DBFAS_OI      AASPFIN_
              ________      ________      ________      ________      ________
 ABFAS_OI       0.990
 BBFAS_OI       0.737         0.747
 CBFAS_OI       0.646         0.621         0.657
 DBFAS_OI       0.596         0.576         0.551         0.606
 AASPFIN_       0.960         0.717         0.657         0.606         0.970
 BASPFIN_       0.737         0.742         0.621         0.576         0.717
 CASPFIN_       0.646         0.621         0.657         0.551         0.657
 DASPFIN_       0.601         0.581         0.556         0.606         0.611


           Covariance Coverage
              BASPFIN_      CASPFIN_      DASPFIN_
              ________      ________      ________
 BASPFIN_       0.747
 CASPFIN_       0.621         0.657
 DASPFIN_       0.581         0.556         0.611


     PROPORTION OF DATA PRESENT FOR D5


           Covariance Coverage
              ABFAS_OI      BBFAS_OI      CBFAS_OI      DBFAS_OI      AASPFIN_
              ________      ________      ________      ________      ________
 ABFAS_OI       1.000
 BBFAS_OI       0.697         0.697
 CBFAS_OI       0.576         0.538         0.576
 DBFAS_OI       0.545         0.492         0.462         0.545
 AASPFIN_       0.955         0.652         0.576         0.545         0.955
 BASPFIN_       0.697         0.697         0.538         0.492         0.652
 CASPFIN_       0.576         0.538         0.576         0.462         0.576
 DASPFIN_       0.545         0.492         0.462         0.545         0.545


           Covariance Coverage
              BASPFIN_      CASPFIN_      DASPFIN_
              ________      ________      ________
 BASPFIN_       0.697
 CASPFIN_       0.538         0.576
 DASPFIN_       0.492         0.462         0.545


SAMPLE STATISTICS


     ESTIMATED SAMPLE STATISTICS FOR D2


           Means
              ABFAS_OI      BBFAS_OI      CBFAS_OI      DBFAS_OI      AASPFIN_
              ________      ________      ________      ________      ________
               74.936        74.181        74.425        74.348        45.250


           Means
              BASPFIN_      CASPFIN_      DASPFIN_
              ________      ________      ________
               46.657        45.446        45.284


           Covariances
              ABFAS_OI      BBFAS_OI      CBFAS_OI      DBFAS_OI      AASPFIN_
              ________      ________      ________      ________      ________
 ABFAS_OI     271.559
 BBFAS_OI     192.404       226.465
 CBFAS_OI     209.032       202.088       276.273
 DBFAS_OI     185.713       173.487       212.250       253.858
 AASPFIN_     -75.528       -90.396       -76.125       -17.348       622.184
 BASPFIN_     -73.015       -87.660       -73.892       -11.869       458.323
 CASPFIN_     -77.310       -69.456       -81.271       -25.155       477.403
 DASPFIN_     -60.312       -68.926       -81.006       -25.031       435.373


           Covariances
              BASPFIN_      CASPFIN_      DASPFIN_
              ________      ________      ________
 BASPFIN_     607.799
 CASPFIN_     492.652       663.426
 DASPFIN_     462.664       510.149       677.347


           Correlations
              ABFAS_OI      BBFAS_OI      CBFAS_OI      DBFAS_OI      AASPFIN_
              ________      ________      ________      ________      ________
 ABFAS_OI       1.000
 BBFAS_OI       0.776         1.000
 CBFAS_OI       0.763         0.808         1.000
 DBFAS_OI       0.707         0.724         0.801         1.000
 AASPFIN_      -0.184        -0.241        -0.184        -0.044         1.000
 BASPFIN_      -0.180        -0.236        -0.180        -0.030         0.745
 CASPFIN_      -0.182        -0.179        -0.190        -0.061         0.743
 DASPFIN_      -0.141        -0.176        -0.187        -0.060         0.671


           Correlations
              BASPFIN_      CASPFIN_      DASPFIN_
              ________      ________      ________
 BASPFIN_       1.000
 CASPFIN_       0.776         1.000
 DASPFIN_       0.721         0.761         1.000


     ESTIMATED SAMPLE STATISTICS FOR D3


           Means
              ABFAS_OI      BBFAS_OI      CBFAS_OI      DBFAS_OI      AASPFIN_
              ________      ________      ________      ________      ________
               77.318        76.700        76.403        77.300        42.793


           Means
              BASPFIN_      CASPFIN_      DASPFIN_
              ________      ________      ________
               43.856        43.814        44.037


           Covariances
              ABFAS_OI      BBFAS_OI      CBFAS_OI      DBFAS_OI      AASPFIN_
              ________      ________      ________      ________      ________
 ABFAS_OI     223.176
 BBFAS_OI     204.624       252.413
 CBFAS_OI     184.083       204.577       252.926
 DBFAS_OI     187.154       197.344       199.447       234.062
 AASPFIN_     -26.951       -12.097       -30.351       -38.077       558.235
 BASPFIN_     -38.032        -2.223       -23.273       -37.790       489.213
 CASPFIN_     -69.173       -44.491       -72.322       -78.912       482.372
 DASPFIN_     -31.515       -10.350       -33.364       -48.198       463.573


           Covariances
              BASPFIN_      CASPFIN_      DASPFIN_
              ________      ________      ________
 BASPFIN_     678.944
 CASPFIN_     527.192       665.798
 DASPFIN_     514.789       510.812       623.559


           Correlations
              ABFAS_OI      BBFAS_OI      CBFAS_OI      DBFAS_OI      AASPFIN_
              ________      ________      ________      ________      ________
 ABFAS_OI       1.000
 BBFAS_OI       0.862         1.000
 CBFAS_OI       0.775         0.810         1.000
 DBFAS_OI       0.819         0.812         0.820         1.000
 AASPFIN_      -0.076        -0.032        -0.081        -0.105         1.000
 BASPFIN_      -0.098        -0.005        -0.056        -0.095         0.795
 CASPFIN_      -0.179        -0.109        -0.176        -0.200         0.791
 DASPFIN_      -0.084        -0.026        -0.084        -0.126         0.786


           Correlations
              BASPFIN_      CASPFIN_      DASPFIN_
              ________      ________      ________
 BASPFIN_       1.000
 CASPFIN_       0.784         1.000
 DASPFIN_       0.791         0.793         1.000


     ESTIMATED SAMPLE STATISTICS FOR D4


           Means
              ABFAS_OI      BBFAS_OI      CBFAS_OI      DBFAS_OI      AASPFIN_
              ________      ________      ________      ________      ________
               75.132        75.354        74.569        74.603        39.797


           Means
              BASPFIN_      CASPFIN_      DASPFIN_
              ________      ________      ________
               40.576        41.569        43.091


           Covariances
              ABFAS_OI      BBFAS_OI      CBFAS_OI      DBFAS_OI      AASPFIN_
              ________      ________      ________      ________      ________
 ABFAS_OI     249.838
 BBFAS_OI     204.945       245.696
 CBFAS_OI     204.753       210.647       255.432
 DBFAS_OI     197.680       204.936       222.492       248.703
 AASPFIN_     -30.602       -36.127        11.146       -19.965       549.821
 BASPFIN_     -32.880       -14.809        12.267        -8.728       406.077
 CASPFIN_     -54.815       -36.680        -2.132       -32.142       352.906
 DASPFIN_     -47.633       -34.527        -1.820       -21.410       379.889


           Covariances
              BASPFIN_      CASPFIN_      DASPFIN_
              ________      ________      ________
 BASPFIN_     536.504
 CASPFIN_     356.524       425.746
 DASPFIN_     353.661       346.629       496.673


           Correlations
              ABFAS_OI      BBFAS_OI      CBFAS_OI      DBFAS_OI      AASPFIN_
              ________      ________      ________      ________      ________
 ABFAS_OI       1.000
 BBFAS_OI       0.827         1.000
 CBFAS_OI       0.811         0.841         1.000
 DBFAS_OI       0.793         0.829         0.883         1.000
 AASPFIN_      -0.083        -0.098         0.030        -0.054         1.000
 BASPFIN_      -0.090        -0.041         0.033        -0.024         0.748
 CASPFIN_      -0.168        -0.113        -0.006        -0.099         0.729
 DASPFIN_      -0.135        -0.099        -0.005        -0.061         0.727


           Correlations
              BASPFIN_      CASPFIN_      DASPFIN_
              ________      ________      ________
 BASPFIN_       1.000
 CASPFIN_       0.746         1.000
 DASPFIN_       0.685         0.754         1.000


     ESTIMATED SAMPLE STATISTICS FOR D5


           Means
              ABFAS_OI      BBFAS_OI      CBFAS_OI      DBFAS_OI      AASPFIN_
              ________      ________      ________      ________      ________
               73.790        73.495        71.636        71.454        39.615


           Means
              BASPFIN_      CASPFIN_      DASPFIN_
              ________      ________      ________
               40.172        39.880        41.213


           Covariances
              ABFAS_OI      BBFAS_OI      CBFAS_OI      DBFAS_OI      AASPFIN_
              ________      ________      ________      ________      ________
 ABFAS_OI     269.123
 BBFAS_OI     200.429       234.346
 CBFAS_OI     226.122       212.033       271.777
 DBFAS_OI     248.339       225.691       245.894       302.355
 AASPFIN_     -20.097         7.064         4.890       -19.796       527.803
 BASPFIN_      -0.313         4.268        -1.393       -22.115       374.392
 CASPFIN_      17.711        22.940        21.339        -4.730       379.809
 DASPFIN_     -16.933        -3.220        38.354       -16.024       363.189


           Covariances
              BASPFIN_      CASPFIN_      DASPFIN_
              ________      ________      ________
 BASPFIN_     477.113
 CASPFIN_     367.340       513.592
 DASPFIN_     324.157       373.126       503.308


           Correlations
              ABFAS_OI      BBFAS_OI      CBFAS_OI      DBFAS_OI      AASPFIN_
              ________      ________      ________      ________      ________
 ABFAS_OI       1.000
 BBFAS_OI       0.798         1.000
 CBFAS_OI       0.836         0.840         1.000
 DBFAS_OI       0.871         0.848         0.858         1.000
 AASPFIN_      -0.053         0.020         0.013        -0.050         1.000
 BASPFIN_      -0.001         0.013        -0.004        -0.058         0.746
 CASPFIN_       0.048         0.066         0.057        -0.012         0.729
 DASPFIN_      -0.046        -0.009         0.104        -0.041         0.705


           Correlations
              BASPFIN_      CASPFIN_      DASPFIN_
              ________      ________      ________
 BASPFIN_       1.000
 CASPFIN_       0.742         1.000
 DASPFIN_       0.661         0.734         1.000


     MAXIMUM LOG-LIKELIHOOD VALUE FOR THE UNRESTRICTED (H1) MODEL IS -21181.627


UNIVARIATE SAMPLE STATISTICS


     UNIVARIATE HIGHER-ORDER MOMENT DESCRIPTIVE STATISTICS FOR D2

         Variable/         Mean/     Skewness/   Minimum/ % with                Percentiles
        Sample Size      Variance    Kurtosis    Maximum  Min/Max      20%/60%    40%/80%    Median

     ABFAS_OI             74.914      -0.627      15.000    0.33%      60.000     72.500     77.500
             300.000     272.023       0.154     100.000    3.67%      80.000     90.000
     BBFAS_OI             73.924      -0.308      35.000    0.45%      60.000     70.000     75.000
             222.000     217.482      -0.530     100.000    2.25%      80.000     87.500
     CBFAS_OI             74.416      -0.543      25.000    0.47%      60.000     70.000     75.000
             215.000     268.640      -0.162     100.000    4.19%      80.000     90.000
     DBFAS_OI             74.860      -0.552      20.000    0.47%      60.000     72.500     75.000
             212.000     241.370       0.121     100.000    2.83%      82.500     90.000
     AASPFIN_D            45.319       0.184       0.000    3.67%      25.000     33.333     41.667
             300.000     621.900      -0.696     100.000    3.00%      50.000     66.667
     BASPFIN_D            46.115       0.245       0.000    2.25%      25.000     41.667     50.000
             222.000     599.348      -0.680     100.000    3.15%      50.000     66.667
     CASPFIN_D            45.659       0.288       0.000    3.72%      25.000     33.333     41.667
             215.000     653.636      -0.696     100.000    3.72%      50.000     66.667
     DASPFIN_D            45.207       0.196       0.000    3.29%      16.667     33.333     41.667
             213.000     677.099      -0.914     100.000    2.82%      50.000     66.667


     UNIVARIATE HIGHER-ORDER MOMENT DESCRIPTIVE STATISTICS FOR D3

         Variable/         Mean/     Skewness/   Minimum/ % with                Percentiles
        Sample Size      Variance    Kurtosis    Maximum  Min/Max      20%/60%    40%/80%    Median

     ABFAS_OI             77.318      -0.428      38.889    0.43%      65.000     75.000     80.000
             233.000     223.176      -0.472     100.000    7.73%      82.500     92.500
     BBFAS_OI             77.057      -0.576      32.500    1.17%      62.500     75.000     80.000
             171.000     251.105      -0.400     100.000    4.09%      85.000     92.500
     CBFAS_OI             76.058      -0.656      22.500    0.62%      62.500     75.000     77.500
             161.000     254.860       0.127     100.000    4.35%      82.500     90.000
     DBFAS_OI             77.727      -0.554      35.000    0.63%      67.500     75.000     77.500
             159.000     225.926      -0.146     100.000    6.92%      82.500     92.500
     AASPFIN_D            42.793       0.515       0.000    2.58%      25.000     33.333     41.667
             233.000     558.235      -0.375     100.000    2.58%      50.000     58.333
     BASPFIN_D            44.412       0.484       0.000    3.53%      25.000     33.333     41.667
             170.000     699.777      -0.578     100.000    5.88%      50.000     66.667
     CASPFIN_D            43.996       0.471       0.000    1.86%      16.667     33.333     41.667
             161.000     680.824      -0.728     100.000    4.35%      50.000     66.667
     DASPFIN_D            44.594       0.350       0.000    0.63%      16.667     33.333     41.667
             158.000     646.429      -0.745     100.000    3.80%      50.000     66.667


     UNIVARIATE HIGHER-ORDER MOMENT DESCRIPTIVE STATISTICS FOR D4

         Variable/         Mean/     Skewness/   Minimum/ % with                Percentiles
        Sample Size      Variance    Kurtosis    Maximum  Min/Max      20%/60%    40%/80%    Median

     ABFAS_OI             75.132      -0.411      35.000    1.01%      62.500     72.222     75.000
             198.000     249.838      -0.411     100.000    5.05%      80.000     90.000
     BBFAS_OI             76.232      -0.692      22.500    0.70%      65.000     75.000     77.500
             143.000     250.211       0.542     100.000    6.99%      80.000     90.000
     CBFAS_OI             75.492      -0.351      32.500    0.76%      60.000     72.500     77.500
             132.000     255.061      -0.603     100.000    4.55%      80.000     92.500
     DBFAS_OI             76.077      -0.714      25.000    0.81%      62.500     75.000     77.500
             123.000     252.854       0.141     100.000    4.88%      82.500     90.000
     AASPFIN_D            39.784       0.424       0.000    6.60%      16.667     33.333     33.333
             197.000     549.809      -0.288     100.000    1.52%      41.667     58.333
     BASPFIN_D            39.778       0.518       0.000    4.32%      16.667     33.333     41.667
             139.000     529.632       0.110     100.000    2.88%      41.667     50.000
     CASPFIN_D            42.335       0.391       0.000    1.53%      25.000     33.333     41.667
             131.000     424.835      -0.251     100.000    0.76%      41.667     58.333
     DASPFIN_D            43.022       0.413       0.000    1.63%      25.000     33.333     41.667
             123.000     502.906      -0.423     100.000    0.81%      50.000     58.333


     UNIVARIATE HIGHER-ORDER MOMENT DESCRIPTIVE STATISTICS FOR D5

         Variable/         Mean/     Skewness/   Minimum/ % with                Percentiles
        Sample Size      Variance    Kurtosis    Maximum  Min/Max      20%/60%    40%/80%    Median

     ABFAS_OI             73.742      -0.618      17.500    0.76%      60.000     70.000     75.000
             131.000     270.480       0.624     100.000    5.34%      80.000     90.000
     BBFAS_OI             73.483      -0.719      27.500    1.15%      61.111     72.500     75.000
              87.000     230.727       0.265     100.000    1.15%      77.500     87.500
     CBFAS_OI             72.043      -0.876      20.000    1.22%      60.000     70.000     72.500
              82.000     257.946       0.938      97.500    3.66%      77.500     87.500
     DBFAS_OI             73.856      -0.997      15.000    1.32%      60.000     72.500     77.500
              76.000     303.456       0.882     100.000    2.63%      80.556     87.500
     AASPFIN_D            39.615       0.468       0.000    4.55%      16.667     33.333     41.667
             132.000     527.803      -0.196     100.000    1.52%      41.667     58.333
     BASPFIN_D            40.661       0.598       0.000    1.15%      25.000     33.333     33.333
              87.000     494.079      -0.161     100.000    2.30%      41.667     58.333
     CASPFIN_D            39.228       0.532       0.000    4.88%      16.667     33.333     37.500
              82.000     547.913      -0.111     100.000    2.44%      41.667     58.333
     DASPFIN_D            41.996       0.594       0.000    1.32%      16.667     33.333     33.333
              76.000     543.569      -0.314     100.000    2.63%      41.667     58.333


THE MODEL ESTIMATION TERMINATED NORMALLY



MODEL FIT INFORMATION

Number of Free Parameters                       54

Loglikelihood

          H0 Value                      -21253.639
          H0 Scaling Correction Factor      1.2423
            for MLR

Information Criteria

          Akaike (AIC)                   42615.278
          Bayesian (BIC)                 42872.403
          Sample-Size Adjusted BIC       42700.913
            (n* = (n + 2) / 24)



MODEL RESULTS

                                                    Two-Tailed
                    Estimate       S.E.  Est./S.E.    P-Value

Group D2

 P1       BY
    ABFAS_OI           1.000      0.000    999.000    999.000

 P2       BY
    BBFAS_OI           1.000      0.000    999.000    999.000

 P3       BY
    CBFAS_OI           1.000      0.000    999.000    999.000

 P4       BY
    DBFAS_OI           1.000      0.000    999.000    999.000

 V1       BY
    AASPFIN_D          1.000      0.000    999.000    999.000

 V2       BY
    BASPFIN_D          1.000      0.000    999.000    999.000

 V3       BY
    CASPFIN_D          1.000      0.000    999.000    999.000

 V4       BY
    DASPFIN_D          1.000      0.000    999.000    999.000

 P4         ON
    P3                 0.209      0.093      2.242      0.025
    V3                -0.064      0.039     -1.641      0.101

 P3         ON
    P2                 0.209      0.093      2.242      0.025
    V2                -0.064      0.039     -1.641      0.101

 P2         ON
    P1                 0.209      0.093      2.242      0.025
    V1                -0.064      0.039     -1.641      0.101

 V4         ON
    V3                 0.152      0.095      1.591      0.112
    P3                -0.116      0.112     -1.033      0.302

 V3         ON
    V2                 0.152      0.095      1.591      0.112
    P2                -0.116      0.112     -1.033      0.302

 V2         ON
    V1                 0.152      0.095      1.591      0.112
    P1                -0.116      0.112     -1.033      0.302

 S_BFAS_O WITH
    I_BFAS_OI          0.232      0.636      0.365      0.715
    S_ASPFIN_D        -0.047      0.115     -0.411      0.681
    I_ASPFIN_D         3.522      2.459      1.432      0.152

 I_BFAS_O WITH
    S_ASPFIN_D        -1.441      2.540     -0.567      0.570
    I_ASPFIN_D       -31.374     15.331     -2.046      0.041

 S_ASPFIN WITH
    I_ASPFIN_D        -2.075      1.298     -1.598      0.110

 P1       WITH
    V1                -6.004     13.223     -0.454      0.650

 P2       WITH
    V2               -14.125      6.465     -2.185      0.029

 P3       WITH
    V3               -14.125      6.465     -2.185      0.029

 P4       WITH
    V4               -14.125      6.465     -2.185      0.029

 Means
    P1                 0.000      0.000    999.000    999.000
    V1                 0.000      0.000    999.000    999.000
    I_BFAS_OI         75.361      0.518    145.465      0.000
    S_BFAS_OI         -0.075      0.046     -1.644      0.100
    I_ASPFIN_D        43.152      0.777     55.516      0.000
    S_ASPFIN_D        -0.123      0.067     -1.825      0.068

 Intercepts
    ABFAS_OI           0.000      0.000    999.000    999.000
    BBFAS_OI           0.000      0.000    999.000    999.000
    CBFAS_OI           0.000      0.000    999.000    999.000
    DBFAS_OI           0.000      0.000    999.000    999.000
    AASPFIN_D          0.000      0.000    999.000    999.000
    BASPFIN_D          0.000      0.000    999.000    999.000
    CASPFIN_D          0.000      0.000    999.000    999.000
    DASPFIN_D          0.000      0.000    999.000    999.000
    P2                 0.000      0.000    999.000    999.000
    P3                 0.000      0.000    999.000    999.000
    P4                 0.000      0.000    999.000    999.000
    V2                 0.000      0.000    999.000    999.000
    V3                 0.000      0.000    999.000    999.000
    V4                 0.000      0.000    999.000    999.000

 Variances
    P1                79.971     12.789      6.253      0.000
    V1               191.876     24.959      7.688      0.000
    I_BFAS_OI        183.359     13.719     13.366      0.000
    S_BFAS_OI          0.139      0.109      1.276      0.202
    I_ASPFIN_D       421.524     29.074     14.498      0.000
    S_ASPFIN_D         0.120      0.224      0.535      0.593

 Residual Variances
    ABFAS_OI           0.000      0.000    999.000    999.000
    BBFAS_OI           0.000      0.000    999.000    999.000
    CBFAS_OI           0.000      0.000    999.000    999.000
    DBFAS_OI           0.000      0.000    999.000    999.000
    AASPFIN_D          0.000      0.000    999.000    999.000
    BASPFIN_D          0.000      0.000    999.000    999.000
    CASPFIN_D          0.000      0.000    999.000    999.000
    DASPFIN_D          0.000      0.000    999.000    999.000
    P2                62.254      7.636      8.153      0.000
    P3                62.254      7.636      8.153      0.000
    P4                62.254      7.636      8.153      0.000
    V2               179.920     18.035      9.976      0.000
    V3               179.920     18.035      9.976      0.000
    V4               179.920     18.035      9.976      0.000

Group D3

 P1       BY
    ABFAS_OI           1.000      0.000    999.000    999.000

 P2       BY
    BBFAS_OI           1.000      0.000    999.000    999.000

 P3       BY
    CBFAS_OI           1.000      0.000    999.000    999.000

 P4       BY
    DBFAS_OI           1.000      0.000    999.000    999.000

 V1       BY
    AASPFIN_D          1.000      0.000    999.000    999.000

 V2       BY
    BASPFIN_D          1.000      0.000    999.000    999.000

 V3       BY
    CASPFIN_D          1.000      0.000    999.000    999.000

 V4       BY
    DASPFIN_D          1.000      0.000    999.000    999.000

 P4         ON
    P3                 0.250      0.097      2.574      0.010
    V3                -0.036      0.040     -0.901      0.368

 P3         ON
    P2                 0.250      0.097      2.574      0.010
    V2                -0.036      0.040     -0.901      0.368

 P2         ON
    P1                 0.250      0.097      2.574      0.010
    V1                -0.036      0.040     -0.901      0.368

 V4         ON
    V3                 0.053      0.112      0.476      0.634
    P3                -0.140      0.131     -1.064      0.287

 V3         ON
    V2                 0.053      0.112      0.476      0.634
    P2                -0.140      0.131     -1.064      0.287

 V2         ON
    V1                 0.053      0.112      0.476      0.634
    P1                -0.140      0.131     -1.064      0.287

 S_BFAS_O WITH
    I_BFAS_OI          0.232      0.636      0.365      0.715
    S_ASPFIN_D        -0.047      0.115     -0.411      0.681
    I_ASPFIN_D         3.522      2.459      1.432      0.152

 I_BFAS_O WITH
    S_ASPFIN_D        -1.441      2.540     -0.567      0.570
    I_ASPFIN_D       -31.374     15.331     -2.046      0.041

 S_ASPFIN WITH
    I_ASPFIN_D        -2.075      1.298     -1.598      0.110

 P1       WITH
    V1                 8.547     11.802      0.724      0.469

 P2       WITH
    V2                -5.987      5.713     -1.048      0.295

 P3       WITH
    V3                -5.987      5.713     -1.048      0.295

 P4       WITH
    V4                -5.987      5.713     -1.048      0.295

 Means
    P1                 0.000      0.000    999.000    999.000
    V1                 0.000      0.000    999.000    999.000
    I_BFAS_OI         75.361      0.518    145.465      0.000
    S_BFAS_OI         -0.075      0.046     -1.644      0.100
    I_ASPFIN_D        43.152      0.777     55.516      0.000
    S_ASPFIN_D        -0.123      0.067     -1.825      0.068

 Intercepts
    ABFAS_OI           0.000      0.000    999.000    999.000
    BBFAS_OI           0.000      0.000    999.000    999.000
    CBFAS_OI           0.000      0.000    999.000    999.000
    DBFAS_OI           0.000      0.000    999.000    999.000
    AASPFIN_D          0.000      0.000    999.000    999.000
    BASPFIN_D          0.000      0.000    999.000    999.000
    CASPFIN_D          0.000      0.000    999.000    999.000
    DASPFIN_D          0.000      0.000    999.000    999.000
    P2                 0.000      0.000    999.000    999.000
    P3                 0.000      0.000    999.000    999.000
    P4                 0.000      0.000    999.000    999.000
    V2                 0.000      0.000    999.000    999.000
    V3                 0.000      0.000    999.000    999.000
    V4                 0.000      0.000    999.000    999.000

 Variances
    P1                34.892      9.710      3.593      0.000
    V1               107.190     17.863      6.001      0.000
    I_BFAS_OI        183.359     13.719     13.366      0.000
    S_BFAS_OI          0.139      0.109      1.276      0.202
    I_ASPFIN_D       421.524     29.074     14.498      0.000
    S_ASPFIN_D         0.120      0.224      0.535      0.593

 Residual Variances
    ABFAS_OI           0.000      0.000    999.000    999.000
    BBFAS_OI           0.000      0.000    999.000    999.000
    CBFAS_OI           0.000      0.000    999.000    999.000
    DBFAS_OI           0.000      0.000    999.000    999.000
    AASPFIN_D          0.000      0.000    999.000    999.000
    BASPFIN_D          0.000      0.000    999.000    999.000
    CASPFIN_D          0.000      0.000    999.000    999.000
    DASPFIN_D          0.000      0.000    999.000    999.000
    P2                54.479      7.062      7.714      0.000
    P3                54.479      7.062      7.714      0.000
    P4                54.479      7.062      7.714      0.000
    V2               148.954     19.157      7.775      0.000
    V3               148.954     19.157      7.775      0.000
    V4               148.954     19.157      7.775      0.000

Group D4

 P1       BY
    ABFAS_OI           1.000      0.000    999.000    999.000

 P2       BY
    BBFAS_OI           1.000      0.000    999.000    999.000

 P3       BY
    CBFAS_OI           1.000      0.000    999.000    999.000

 P4       BY
    DBFAS_OI           1.000      0.000    999.000    999.000

 V1       BY
    AASPFIN_D          1.000      0.000    999.000    999.000

 V2       BY
    BASPFIN_D          1.000      0.000    999.000    999.000

 V3       BY
    CASPFIN_D          1.000      0.000    999.000    999.000

 V4       BY
    DASPFIN_D          1.000      0.000    999.000    999.000

 P4         ON
    P3                 0.170      0.126      1.353      0.176
    V3                -0.050      0.041     -1.236      0.216

 P3         ON
    P2                 0.170      0.126      1.353      0.176
    V2                -0.050      0.041     -1.236      0.216

 P2         ON
    P1                 0.170      0.126      1.353      0.176
    V1                -0.050      0.041     -1.236      0.216

 V4         ON
    V3                 0.139      0.091      1.532      0.125
    P3                -0.055      0.130     -0.422      0.673

 V3         ON
    V2                 0.139      0.091      1.532      0.125
    P2                -0.055      0.130     -0.422      0.673

 V2         ON
    V1                 0.139      0.091      1.532      0.125
    P1                -0.055      0.130     -0.422      0.673

 S_BFAS_O WITH
    I_BFAS_OI          0.232      0.636      0.365      0.715
    S_ASPFIN_D        -0.047      0.115     -0.411      0.681
    I_ASPFIN_D         3.522      2.459      1.432      0.152

 I_BFAS_O WITH
    S_ASPFIN_D        -1.441      2.540     -0.567      0.570
    I_ASPFIN_D       -31.374     15.331     -2.046      0.041

 S_ASPFIN WITH
    I_ASPFIN_D        -2.075      1.298     -1.598      0.110

 P1       WITH
    V1                 7.592     11.372      0.668      0.504

 P2       WITH
    V2                 3.125      5.107      0.612      0.541

 P3       WITH
    V3                 3.125      5.107      0.612      0.541

 P4       WITH
    V4                 3.125      5.107      0.612      0.541

 Means
    P1                 0.000      0.000    999.000    999.000
    V1                 0.000      0.000    999.000    999.000
    I_BFAS_OI         75.361      0.518    145.465      0.000
    S_BFAS_OI         -0.075      0.046     -1.644      0.100
    I_ASPFIN_D        43.152      0.777     55.516      0.000
    S_ASPFIN_D        -0.123      0.067     -1.825      0.068

 Intercepts
    ABFAS_OI           0.000      0.000    999.000    999.000
    BBFAS_OI           0.000      0.000    999.000    999.000
    CBFAS_OI           0.000      0.000    999.000    999.000
    DBFAS_OI           0.000      0.000    999.000    999.000
    AASPFIN_D          0.000      0.000    999.000    999.000
    BASPFIN_D          0.000      0.000    999.000    999.000
    CASPFIN_D          0.000      0.000    999.000    999.000
    DASPFIN_D          0.000      0.000    999.000    999.000
    P2                 0.000      0.000    999.000    999.000
    P3                 0.000      0.000    999.000    999.000
    P4                 0.000      0.000    999.000    999.000
    V2                 0.000      0.000    999.000    999.000
    V3                 0.000      0.000    999.000    999.000
    V4                 0.000      0.000    999.000    999.000

 Variances
    P1                57.645      9.140      6.307      0.000
    V1               158.132     23.912      6.613      0.000
    I_BFAS_OI        183.359     13.719     13.366      0.000
    S_BFAS_OI          0.139      0.109      1.276      0.202
    I_ASPFIN_D       421.524     29.074     14.498      0.000
    S_ASPFIN_D         0.120      0.224      0.535      0.593

 Residual Variances
    ABFAS_OI           0.000      0.000    999.000    999.000
    BBFAS_OI           0.000      0.000    999.000    999.000
    CBFAS_OI           0.000      0.000    999.000    999.000
    DBFAS_OI           0.000      0.000    999.000    999.000
    AASPFIN_D          0.000      0.000    999.000    999.000
    BASPFIN_D          0.000      0.000    999.000    999.000
    CASPFIN_D          0.000      0.000    999.000    999.000
    DASPFIN_D          0.000      0.000    999.000    999.000
    P2                41.159      5.689      7.235      0.000
    P3                41.159      5.689      7.235      0.000
    P4                41.159      5.689      7.235      0.000
    V2               141.879     20.267      7.001      0.000
    V3               141.879     20.267      7.001      0.000
    V4               141.879     20.267      7.001      0.000

Group D5

 P1       BY
    ABFAS_OI           1.000      0.000    999.000    999.000

 P2       BY
    BBFAS_OI           1.000      0.000    999.000    999.000

 P3       BY
    CBFAS_OI           1.000      0.000    999.000    999.000

 P4       BY
    DBFAS_OI           1.000      0.000    999.000    999.000

 V1       BY
    AASPFIN_D          1.000      0.000    999.000    999.000

 V2       BY
    BASPFIN_D          1.000      0.000    999.000    999.000

 V3       BY
    CASPFIN_D          1.000      0.000    999.000    999.000

 V4       BY
    DASPFIN_D          1.000      0.000    999.000    999.000

 P4         ON
    P3                -0.067      0.095     -0.704      0.482
    V3                 0.015      0.040      0.383      0.702

 P3         ON
    P2                -0.067      0.095     -0.704      0.482
    V2                 0.015      0.040      0.383      0.702

 P2         ON
    P1                -0.067      0.095     -0.704      0.482
    V1                 0.015      0.040      0.383      0.702

 V4         ON
    V3                 0.150      0.106      1.416      0.157
    P3                 0.355      0.148      2.392      0.017

 V3         ON
    V2                 0.150      0.106      1.416      0.157
    P2                 0.355      0.148      2.392      0.017

 V2         ON
    V1                 0.150      0.106      1.416      0.157
    P1                 0.355      0.148      2.392      0.017

 S_BFAS_O WITH
    I_BFAS_OI          0.232      0.636      0.365      0.715
    S_ASPFIN_D        -0.047      0.115     -0.411      0.681
    I_ASPFIN_D         3.522      2.459      1.432      0.152

 I_BFAS_O WITH
    S_ASPFIN_D        -1.441      2.540     -0.567      0.570
    I_ASPFIN_D       -31.374     15.331     -2.046      0.041

 S_ASPFIN WITH
    I_ASPFIN_D        -2.075      1.298     -1.598      0.110

 P1       WITH
    V1               -13.534     11.601     -1.167      0.243

 P2       WITH
    V2                 5.099      7.284      0.700      0.484

 P3       WITH
    V3                 5.099      7.284      0.700      0.484

 P4       WITH
    V4                 5.099      7.284      0.700      0.484

 Means
    P1                 0.000      0.000    999.000    999.000
    V1                 0.000      0.000    999.000    999.000
    I_BFAS_OI         75.361      0.518    145.465      0.000
    S_BFAS_OI         -0.075      0.046     -1.644      0.100
    I_ASPFIN_D        43.152      0.777     55.516      0.000
    S_ASPFIN_D        -0.123      0.067     -1.825      0.068

 Intercepts
    ABFAS_OI           0.000      0.000    999.000    999.000
    BBFAS_OI           0.000      0.000    999.000    999.000
    CBFAS_OI           0.000      0.000    999.000    999.000
    DBFAS_OI           0.000      0.000    999.000    999.000
    AASPFIN_D          0.000      0.000    999.000    999.000
    BASPFIN_D          0.000      0.000    999.000    999.000
    CASPFIN_D          0.000      0.000    999.000    999.000
    DASPFIN_D          0.000      0.000    999.000    999.000
    P2                 0.000      0.000    999.000    999.000
    P3                 0.000      0.000    999.000    999.000
    P4                 0.000      0.000    999.000    999.000
    V2                 0.000      0.000    999.000    999.000
    V3                 0.000      0.000    999.000    999.000
    V4                 0.000      0.000    999.000    999.000

 Variances
    P1                49.265     13.144      3.748      0.000
    V1               143.014     28.982      4.935      0.000
    I_BFAS_OI        183.359     13.719     13.366      0.000
    S_BFAS_OI          0.139      0.109      1.276      0.202
    I_ASPFIN_D       421.524     29.074     14.498      0.000
    S_ASPFIN_D         0.120      0.224      0.535      0.593

 Residual Variances
    ABFAS_OI           0.000      0.000    999.000    999.000
    BBFAS_OI           0.000      0.000    999.000    999.000
    CBFAS_OI           0.000      0.000    999.000    999.000
    DBFAS_OI           0.000      0.000    999.000    999.000
    AASPFIN_D          0.000      0.000    999.000    999.000
    BASPFIN_D          0.000      0.000    999.000    999.000
    CASPFIN_D          0.000      0.000    999.000    999.000
    DASPFIN_D          0.000      0.000    999.000    999.000
    P2                40.155      7.249      5.540      0.000
    P3                40.155      7.249      5.540      0.000
    P4                40.155      7.249      5.540      0.000
    V2               146.096     18.660      7.829      0.000
    V3               146.096     18.660      7.829      0.000
    V4               146.096     18.660      7.829      0.000


QUALITY OF NUMERICAL RESULTS

     Condition Number for the Information Matrix              0.933E-05
       (ratio of smallest to largest eigenvalue)


     Beginning Time:  17:55:56
        Ending Time:  17:56:11
       Elapsed Time:  00:00:15



MUTHEN & MUTHEN
3463 Stoner Ave.
Los Angeles, CA  90066

Tel: (310) 391-9971
Fax: (310) 391-8971
Web: www.StatModel.com
Support: Support@StatModel.com

Copyright (c) 1998-2017 Muthen & Muthen
