Mplus VERSION 8 (Linux)
MUTHEN & MUTHEN
07/07/2018   3:35 PM

INPUT INSTRUCTIONS


  title: PxVx Bivariate LCM-SR - post mi - Linear bfas_ac with Linear aspfin_d;
  data: file = /home/jflournoy/code_new/lnt_pxvx/Data/lnt_nat_recalc.tsv;

  variable:
  names =
  subjid
  aage
  aaspfin
  aaspfin_d
  abfa_mt
  abfa_mt_d
  abfas_ac
  abfas_ap
  abfas_ci
  abfas_co
  abfas_ea
  abfas_ee
  abfas_nv
  abfas_nv9
  abfas_nw
  abfas_oi
  abfas_oo
  abfi_a
  abfi_a6
  abfi_c
  abfi_d_scale
  abfi_e
  abfi_hp8
  abfi_n
  abfi_o
  abfi_s_scale
  ahrz_col
  ahrz_col_d
  ahrz_ind
  ahrz_ind_d
  amvi
  ausi
  ausi_d
  avrt_col
  avrt_col_d
  avrt_ind
  avrt_ind_d
  bage
  baspfin
  baspfin_d
  bbfa_mt
  bbfa_mt_d
  bbfas_ac
  bbfas_ap
  bbfas_ci
  bbfas_co
  bbfas_ea
  bbfas_ee
  bbfas_nv
  bbfas_nv9
  bbfas_nw
  bbfas_oi
  bbfas_oo
  bbfi_a
  bbfi_a6
  bbfi_c
  bbfi_d_scale
  bbfi_e
  bbfi_hp8
  bbfi_n
  bbfi_o
  bbfi_s_scale
  bhrz_col
  bhrz_col_d
  bhrz_ind
  bhrz_ind_d
  bmvi
  busi
  busi_d
  bvrt_col
  bvrt_col_d
  bvrt_ind
  bvrt_ind_d
  cage
  caspfin
  caspfin_d
  cbfa_mt
  cbfa_mt_d
  cbfas_ac
  cbfas_ap
  cbfas_ci
  cbfas_co
  cbfas_ea
  cbfas_ee
  cbfas_nv
  cbfas_nv9
  cbfas_nw
  cbfas_oi
  cbfas_oo
  cbfi_a
  cbfi_a6
  cbfi_c
  cbfi_d_scale
  cbfi_e
  cbfi_hp8
  cbfi_n
  cbfi_o
  cbfi_s_scale
  chrz_col
  chrz_col_d
  chrz_ind
  chrz_ind_d
  cmvi
  cusi
  cusi_d
  cvrt_col
  cvrt_col_d
  cvrt_ind
  cvrt_ind_d
  dage
  daspfin
  daspfin_d
  dbfa_mt
  dbfa_mt_d
  dbfas_ac
  dbfas_ap
  dbfas_ci
  dbfas_co
  dbfas_ea
  dbfas_ee
  dbfas_nv
  dbfas_nv9
  dbfas_nw
  dbfas_oi
  dbfas_oo
  dbfi_a
  dbfi_a6
  dbfi_c
  dbfi_d_scale
  dbfi_e
  dbfi_hp8
  dbfi_n
  dbfi_o
  dbfi_s_scale
  dhrz_col
  dhrz_col_d
  dhrz_ind
  dhrz_ind_d
  dmvi
  dusi
  dusi_d
  dvrt_col
  dvrt_col_d
  dvrt_ind
  dvrt_ind_d;

  USEVARIABLES =
  abfas_ac
  bbfas_ac
  cbfas_ac
  dbfas_ac
  aaspfin_d
  baspfin_d
  caspfin_d
  daspfin_d
  a1
  a2
  a3
  a4
  ;

  missing = all (-9999);

  tscores = a1 a2 a3 a4;

  DEFINE:
  a1 = aage + 0 - 36;
  a2 = aage + 1 - 36;
  a3 = aage + 2 - 36;
  a4 = aage + 3 - 36;

  ANALYSIS:
  TYPE=RANDOM;
  PROCESSORS = 6;
  model=nocovariances; ! supresses default estimation of certain covs in model;

  MODEL:

  i_bfas_ac s_bfas_ac | abfas_ac bbfas_ac cbfas_ac dbfas_ac AT a1 a2 a3 a4;
  i_aspfin_d s_aspfin_d | aaspfin_d baspfin_d caspfin_d daspfin_d AT a1 a2 a3 a4;

  ! freeing factor covs because of "nocovariances"
  s_bfas_ac WITH i_bfas_ac s_aspfin_d i_aspfin_d;
  i_bfas_ac WITH s_aspfin_d i_aspfin_d;
  s_aspfin_d WITH i_aspfin_d;

  p1 BY abfas_ac@1; ! Residual "factors";
  p2 BY bbfas_ac@1;
  p3 BY cbfas_ac@1;
  p4 BY dbfas_ac@1;

  v1 BY aaspfin_d@1; ! Residual "factors";
  v2 BY baspfin_d@1;
  v3 BY caspfin_d@1;
  v4 BY daspfin_d@1;

  !residual variances on observed/manifest vars set to 0
  abfas_ac@0;
  bbfas_ac@0;
  cbfas_ac@0;
  dbfas_ac@0;

  !residual variances on observed/manifest vars set to 0
  aaspfin_d@0;
  baspfin_d@0;
  caspfin_d@0;
  daspfin_d@0;

  ! means of observed/manifest vars set to 0
  [abfas_ac@0];
  [bbfas_ac@0];
  [cbfas_ac@0];
  [dbfas_ac@0];

  ! means of observed/manifest vars set to 0
  [aaspfin_d@0];
  [baspfin_d@0];
  [caspfin_d@0];
  [daspfin_d@0];

  [p1@0]; ! means of residual "factors" set to 0
  [p2@0];
  [p3@0];
  [p4@0];

  [v1@0]; ! means of residual "factors" set to 0
  [v2@0];
  [v3@0];
  [v4@0];

  p4 on p3 (a); ! Autoregressive paths constrained to equality
  p3 on p2 (a);
  p2 on p1 (a);

  v4 on v3 (b); ! Autoregressive paths constrained to equality
  v3 on v2 (b);
  v2 on v1 (b);

  p4 on v3 (c); ! Cross-lagged paths constrained to equality
  p3 on v2 (c);
  p2 on v1 (c);

  v4 on p3 (d); ! Cross-lagged paths constrained to equality
  v3 on p2 (d);
  v2 on p1 (d);

  p1 with v1; !(this one is not like the others)

  p2 with v2 (e); ! Within-wave correlations constrained to equality
  p3 with v3 (e);
  p4 with v4 (e);

  p2 p3 p4 (f); ! estimate variances of residual "factors"
  v2 v3 v4 (g); ! estimate variances of residual "factors"

  OUTPUT: SAMPSTAT PATTERNS;



*** WARNING in VARIABLE command
  Note that only the first 8 characters of variable names are used in the output.
  Shorten variable names to avoid any confusion.
*** WARNING
  Data set contains cases with missing on time scores but non-missing on the
  corresponding dependent variables.  These cases were not included in the analysis.
  Number of such cases:  5
   2 WARNING(S) FOUND IN THE INPUT INSTRUCTIONS



PxVx Bivariate LCM-SR - post mi - Linear bfas_ac with Linear aspfin_d;

SUMMARY OF ANALYSIS

Number of groups                                                 1
Number of observations                                         864

Number of dependent variables                                    8
Number of independent variables                                  0
Number of continuous latent variables                           12

Observed dependent variables

  Continuous
   ABFAS_AC    BBFAS_AC    CBFAS_AC    DBFAS_AC    AASPFIN_D   BASPFIN_D
   CASPFIN_D   DASPFIN_D

Continuous latent variables
   P1          P2          P3          P4          V1          V2
   V3          V4          I_BFAS_A    S_BFAS_A    I_ASPFIN    S_ASPFIN

Variables with special functions

  Time scores
   A1          A2          A3          A4


Estimator                                                      MLR
Information matrix                                        OBSERVED
Maximum number of iterations                                   100
Convergence criterion                                    0.100D-05
Maximum number of EM iterations                                500
Convergence criteria for the EM algorithm
  Loglikelihood change                                   0.100D-02
  Relative loglikelihood change                          0.100D-05
  Derivative                                             0.100D-03
Minimum variance                                         0.100D-03
Maximum number of steepest descent iterations                   20
Maximum number of iterations for H1                           2000
Convergence criterion for H1                             0.100D-03
Optimization algorithm                                         EMA

Input data file(s)
  /home/jflournoy/code_new/lnt_pxvx/Data/lnt_nat_recalc.tsv
Input data format  FREE


SUMMARY OF DATA

     Number of missing data patterns            18


SUMMARY OF MISSING DATA PATTERNS


     MISSING DATA PATTERNS (x = not missing)

           1  2  3  4  5  6  7  8  9 10 11 12 13 14 15 16 17 18
 ABFAS_AC  x  x  x  x  x  x  x  x  x  x  x  x     x  x  x  x  x
 BBFAS_AC  x     x  x        x     x  x  x  x  x     x  x
 CBFAS_AC  x           x     x  x        x  x  x        x  x
 DBFAS_AC  x     x     x  x              x  x  x     x     x  x
 AASPFIN_  x  x  x  x  x  x  x  x     x  x  x  x     x  x  x  x
 BASPFIN_  x     x  x        x     x        x  x        x  x
 CASPFIN_  x           x     x  x        x     x        x  x
 DASPFIN_  x     x     x  x              x  x  x     x  x  x


     MISSING DATA PATTERN FREQUENCIES

    Pattern   Frequency     Pattern   Frequency     Pattern   Frequency
          1         491           7          47          13           2
          2         169           8          24          14           1
          3          26           9           1          15           1
          4          48          10           3          16           1
          5          21          11           2          17           1
          6          24          12           1          18           1


COVARIANCE COVERAGE OF DATA

Minimum covariance coverage value   0.100


     PROPORTION OF DATA PRESENT


           Covariance Coverage
              ABFAS_AC      BBFAS_AC      CBFAS_AC      DBFAS_AC      AASPFIN_
              ________      ________      ________      ________      ________
 ABFAS_AC       0.998
 BBFAS_AC       0.719         0.721
 CBFAS_AC       0.681         0.630         0.683
 DBFAS_AC       0.657         0.605         0.600         0.660
 AASPFIN_       0.995         0.720         0.683         0.660         0.998
 BASPFIN_       0.713         0.714         0.628         0.603         0.714
 CASPFIN_       0.679         0.628         0.682         0.598         0.682
 DASPFIN_       0.657         0.606         0.601         0.659         0.660


           Covariance Coverage
              BASPFIN_      CASPFIN_      DASPFIN_
              ________      ________      ________
 BASPFIN_       0.715
 CASPFIN_       0.627         0.682
 DASPFIN_       0.604         0.600         0.660


SAMPLE STATISTICS


     ESTIMATED SAMPLE STATISTICS


           Means
              ABFAS_AC      BBFAS_AC      CBFAS_AC      DBFAS_AC      AASPFIN_
              ________      ________      ________      ________      ________
               77.658        77.747        77.334        77.778        42.485


           Means
              BASPFIN_      CASPFIN_      DASPFIN_
              ________      ________      ________
               43.600        43.370        43.900


           Covariances
              ABFAS_AC      BBFAS_AC      CBFAS_AC      DBFAS_AC      AASPFIN_
              ________      ________      ________      ________      ________
 ABFAS_AC     263.339
 BBFAS_AC     202.516       252.202
 CBFAS_AC     195.124       209.042       262.381
 DBFAS_AC     194.693       194.262       211.112       253.160
 AASPFIN_     -64.839       -72.042       -76.621       -52.711       579.673
 BASPFIN_     -73.525       -88.979       -89.887       -75.346       449.918
 CASPFIN_     -73.344       -77.385       -89.808       -75.770       443.356
 DASPFIN_     -50.054       -69.710       -65.224       -56.597       424.163


           Covariances
              BASPFIN_      CASPFIN_      DASPFIN_
              ________      ________      ________
 BASPFIN_     601.329
 CASPFIN_     461.760       596.618
 DASPFIN_     439.100       459.537       601.749


           Correlations
              ABFAS_AC      BBFAS_AC      CBFAS_AC      DBFAS_AC      AASPFIN_
              ________      ________      ________      ________      ________
 ABFAS_AC       1.000
 BBFAS_AC       0.786         1.000
 CBFAS_AC       0.742         0.813         1.000
 DBFAS_AC       0.754         0.769         0.819         1.000
 AASPFIN_      -0.166        -0.188        -0.196        -0.138         1.000
 BASPFIN_      -0.185        -0.228        -0.226        -0.193         0.762
 CASPFIN_      -0.185        -0.199        -0.227        -0.195         0.754
 DASPFIN_      -0.126        -0.179        -0.164        -0.145         0.718


           Correlations
              BASPFIN_      CASPFIN_      DASPFIN_
              ________      ________      ________
 BASPFIN_       1.000
 CASPFIN_       0.771         1.000
 DASPFIN_       0.730         0.767         1.000


     MAXIMUM LOG-LIKELIHOOD VALUE FOR THE UNRESTRICTED (H1) MODEL IS -21368.403


UNIVARIATE SAMPLE STATISTICS


     UNIVARIATE HIGHER-ORDER MOMENT DESCRIPTIVE STATISTICS

         Variable/         Mean/     Skewness/   Minimum/ % with                Percentiles
        Sample Size      Variance    Kurtosis    Maximum  Min/Max      20%/60%    40%/80%    Median

     ABFAS_AC             77.623      -0.894       7.500    0.12%      65.000     75.000     80.000
             862.000     263.162       0.765     100.000    6.38%      85.000     92.500
     BBFAS_AC             78.082      -0.881      10.000    0.16%      65.000     77.500     80.000
             623.000     254.437       0.665     100.000    6.90%      85.000     92.500
     CBFAS_AC             77.472      -0.835      17.500    0.17%      65.000     75.000     80.000
             590.000     267.723       0.426     100.000    6.27%      83.333     92.500
     DBFAS_AC             78.266      -1.020       5.000    0.18%      67.500     77.500     80.000
             570.000     257.622       1.403     100.000    7.54%      82.500     92.500
     AASPFIN_D            42.498       0.372       0.000    4.18%      25.000     33.333     41.667
             862.000     579.557      -0.475     100.000    2.32%      50.000     66.667
     BASPFIN_D            43.453       0.437       0.000    2.91%      25.000     33.333     41.667
             618.000     603.407      -0.433     100.000    3.72%      50.000     66.667
     CASPFIN_D            43.570       0.418       0.000    2.89%      25.000     33.333     41.667
             589.000     600.068      -0.521     100.000    3.06%      50.000     66.667
     DASPFIN_D            44.137       0.336       0.000    1.93%      16.667     33.333     41.667
             570.000     614.570      -0.710     100.000    2.63%      50.000     66.667


THE MODEL ESTIMATION TERMINATED NORMALLY



MODEL FIT INFORMATION

Number of Free Parameters                       24

Loglikelihood

          H0 Value                      -21373.117
          H0 Scaling Correction Factor      1.2226
            for MLR

Information Criteria

          Akaike (AIC)                   42794.233
          Bayesian (BIC)                 42908.511
          Sample-Size Adjusted BIC       42832.293
            (n* = (n + 2) / 24)



MODEL RESULTS

                                                    Two-Tailed
                    Estimate       S.E.  Est./S.E.    P-Value

 P1       BY
    ABFAS_AC           1.000      0.000    999.000    999.000

 P2       BY
    BBFAS_AC           1.000      0.000    999.000    999.000

 P3       BY
    CBFAS_AC           1.000      0.000    999.000    999.000

 P4       BY
    DBFAS_AC           1.000      0.000    999.000    999.000

 V1       BY
    AASPFIN_D          1.000      0.000    999.000    999.000

 V2       BY
    BASPFIN_D          1.000      0.000    999.000    999.000

 V3       BY
    CASPFIN_D          1.000      0.000    999.000    999.000

 V4       BY
    DASPFIN_D          1.000      0.000    999.000    999.000

 P4         ON
    P3                 0.186      0.052      3.580      0.000
    V3                -0.020      0.023     -0.866      0.387

 P3         ON
    P2                 0.186      0.052      3.580      0.000
    V2                -0.020      0.023     -0.866      0.387

 P2         ON
    P1                 0.186      0.052      3.580      0.000
    V1                -0.020      0.023     -0.866      0.387

 V4         ON
    V3                 0.127      0.055      2.325      0.020
    P3                 0.054      0.060      0.888      0.375

 V3         ON
    V2                 0.127      0.055      2.325      0.020
    P2                 0.054      0.060      0.888      0.375

 V2         ON
    V1                 0.127      0.055      2.325      0.020
    P1                 0.054      0.060      0.888      0.375

 S_BFAS_A WITH
    I_BFAS_AC         -1.419      0.733     -1.936      0.053
    S_ASPFIN_D         0.075      0.124      0.609      0.543
    I_ASPFIN_D         1.481      2.700      0.548      0.583

 I_BFAS_A WITH
    S_ASPFIN_D         0.595      2.732      0.218      0.828
    I_ASPFIN_D       -75.590     16.079     -4.701      0.000

 S_ASPFIN WITH
    I_ASPFIN_D        -2.398      1.189     -2.016      0.044

 P1       WITH
    V1                -5.625      6.602     -0.852      0.394

 P2       WITH
    V2                -4.535      3.774     -1.201      0.230

 P3       WITH
    V3                -4.535      3.774     -1.201      0.230

 P4       WITH
    V4                -4.535      3.774     -1.201      0.230

 Means
    P1                 0.000      0.000    999.000    999.000
    V1                 0.000      0.000    999.000    999.000
    I_BFAS_AC         77.479      0.516    150.072      0.000
    S_BFAS_AC          0.142      0.048      2.970      0.003
    I_ASPFIN_D        43.249      0.773     55.939      0.000
    S_ASPFIN_D        -0.148      0.068     -2.197      0.028

 Intercepts
    ABFAS_AC           0.000      0.000    999.000    999.000
    BBFAS_AC           0.000      0.000    999.000    999.000
    CBFAS_AC           0.000      0.000    999.000    999.000
    DBFAS_AC           0.000      0.000    999.000    999.000
    AASPFIN_D          0.000      0.000    999.000    999.000
    BASPFIN_D          0.000      0.000    999.000    999.000
    CASPFIN_D          0.000      0.000    999.000    999.000
    DASPFIN_D          0.000      0.000    999.000    999.000
    P2                 0.000      0.000    999.000    999.000
    P3                 0.000      0.000    999.000    999.000
    P4                 0.000      0.000    999.000    999.000
    V2                 0.000      0.000    999.000    999.000
    V3                 0.000      0.000    999.000    999.000
    V4                 0.000      0.000    999.000    999.000

 Variances
    P1                74.424      6.754     11.020      0.000
    V1               153.342     12.013     12.765      0.000
    I_BFAS_AC        175.271     15.479     11.323      0.000
    S_BFAS_AC          0.167      0.134      1.253      0.210
    I_ASPFIN_D       416.450     28.703     14.509      0.000
    S_ASPFIN_D         0.168      0.216      0.776      0.438

 Residual Variances
    ABFAS_AC           0.000      0.000    999.000    999.000
    BBFAS_AC           0.000      0.000    999.000    999.000
    CBFAS_AC           0.000      0.000    999.000    999.000
    DBFAS_AC           0.000      0.000    999.000    999.000
    AASPFIN_D          0.000      0.000    999.000    999.000
    BASPFIN_D          0.000      0.000    999.000    999.000
    CASPFIN_D          0.000      0.000    999.000    999.000
    DASPFIN_D          0.000      0.000    999.000    999.000
    P2                57.418      3.981     14.424      0.000
    P3                57.418      3.981     14.424      0.000
    P4                57.418      3.981     14.424      0.000
    V2               159.223     10.150     15.687      0.000
    V3               159.223     10.150     15.687      0.000
    V4               159.223     10.150     15.687      0.000


QUALITY OF NUMERICAL RESULTS

     Condition Number for the Information Matrix              0.140E-04
       (ratio of smallest to largest eigenvalue)


     Beginning Time:  15:35:09
        Ending Time:  15:35:18
       Elapsed Time:  00:00:09



MUTHEN & MUTHEN
3463 Stoner Ave.
Los Angeles, CA  90066

Tel: (310) 391-9971
Fax: (310) 391-8971
Web: www.StatModel.com
Support: Support@StatModel.com

Copyright (c) 1998-2017 Muthen & Muthen
