Mplus VERSION 8 (Linux)
MUTHEN & MUTHEN
07/07/2018   3:52 PM

INPUT INSTRUCTIONS


  title: PxVx Bivariate LCM-SR - post mi - Linear bfas_nv with Linear hrz_ind_d;
  data: file = /home/jflournoy/code_new/lnt_pxvx/Data/lnt_nat_recalc.tsv;

  variable:
  names =
  subjid
  aage
  aaspfin
  aaspfin_d
  abfa_mt
  abfa_mt_d
  abfas_ac
  abfas_ap
  abfas_ci
  abfas_co
  abfas_ea
  abfas_ee
  abfas_nv
  abfas_nv9
  abfas_nw
  abfas_oi
  abfas_oo
  abfi_a
  abfi_a6
  abfi_c
  abfi_d_scale
  abfi_e
  abfi_hp8
  abfi_n
  abfi_o
  abfi_s_scale
  ahrz_col
  ahrz_col_d
  ahrz_ind
  ahrz_ind_d
  amvi
  ausi
  ausi_d
  avrt_col
  avrt_col_d
  avrt_ind
  avrt_ind_d
  bage
  baspfin
  baspfin_d
  bbfa_mt
  bbfa_mt_d
  bbfas_ac
  bbfas_ap
  bbfas_ci
  bbfas_co
  bbfas_ea
  bbfas_ee
  bbfas_nv
  bbfas_nv9
  bbfas_nw
  bbfas_oi
  bbfas_oo
  bbfi_a
  bbfi_a6
  bbfi_c
  bbfi_d_scale
  bbfi_e
  bbfi_hp8
  bbfi_n
  bbfi_o
  bbfi_s_scale
  bhrz_col
  bhrz_col_d
  bhrz_ind
  bhrz_ind_d
  bmvi
  busi
  busi_d
  bvrt_col
  bvrt_col_d
  bvrt_ind
  bvrt_ind_d
  cage
  caspfin
  caspfin_d
  cbfa_mt
  cbfa_mt_d
  cbfas_ac
  cbfas_ap
  cbfas_ci
  cbfas_co
  cbfas_ea
  cbfas_ee
  cbfas_nv
  cbfas_nv9
  cbfas_nw
  cbfas_oi
  cbfas_oo
  cbfi_a
  cbfi_a6
  cbfi_c
  cbfi_d_scale
  cbfi_e
  cbfi_hp8
  cbfi_n
  cbfi_o
  cbfi_s_scale
  chrz_col
  chrz_col_d
  chrz_ind
  chrz_ind_d
  cmvi
  cusi
  cusi_d
  cvrt_col
  cvrt_col_d
  cvrt_ind
  cvrt_ind_d
  dage
  daspfin
  daspfin_d
  dbfa_mt
  dbfa_mt_d
  dbfas_ac
  dbfas_ap
  dbfas_ci
  dbfas_co
  dbfas_ea
  dbfas_ee
  dbfas_nv
  dbfas_nv9
  dbfas_nw
  dbfas_oi
  dbfas_oo
  dbfi_a
  dbfi_a6
  dbfi_c
  dbfi_d_scale
  dbfi_e
  dbfi_hp8
  dbfi_n
  dbfi_o
  dbfi_s_scale
  dhrz_col
  dhrz_col_d
  dhrz_ind
  dhrz_ind_d
  dmvi
  dusi
  dusi_d
  dvrt_col
  dvrt_col_d
  dvrt_ind
  dvrt_ind_d;

  USEVARIABLES =
  abfas_nv
  bbfas_nv
  cbfas_nv
  dbfas_nv
  ahrz_ind_d
  bhrz_ind_d
  chrz_ind_d
  dhrz_ind_d
  a1
  a2
  a3
  a4
  ;

  missing = all (-9999);

  tscores = a1 a2 a3 a4;

  DEFINE:
  a1 = aage + 0 - 36;
  a2 = aage + 1 - 36;
  a3 = aage + 2 - 36;
  a4 = aage + 3 - 36;

  ANALYSIS:
  TYPE=RANDOM;
  PROCESSORS = 6;
  model=nocovariances; ! supresses default estimation of certain covs in model;

  MODEL:

  i_bfas_nv s_bfas_nv | abfas_nv bbfas_nv cbfas_nv dbfas_nv AT a1 a2 a3 a4;
  i_hrz_ind_d s_hrz_ind_d | ahrz_ind_d bhrz_ind_d chrz_ind_d dhrz_ind_d AT a1 a2 a3 a4;

  ! freeing factor covs because of "nocovariances"
  s_bfas_nv WITH i_bfas_nv s_hrz_ind_d i_hrz_ind_d;
  i_bfas_nv WITH s_hrz_ind_d i_hrz_ind_d;
  s_hrz_ind_d WITH i_hrz_ind_d;

  p1 BY abfas_nv@1; ! Residual "factors";
  p2 BY bbfas_nv@1;
  p3 BY cbfas_nv@1;
  p4 BY dbfas_nv@1;

  v1 BY ahrz_ind_d@1; ! Residual "factors";
  v2 BY bhrz_ind_d@1;
  v3 BY chrz_ind_d@1;
  v4 BY dhrz_ind_d@1;

  !residual variances on observed/manifest vars set to 0
  abfas_nv@0;
  bbfas_nv@0;
  cbfas_nv@0;
  dbfas_nv@0;

  !residual variances on observed/manifest vars set to 0
  ahrz_ind_d@0;
  bhrz_ind_d@0;
  chrz_ind_d@0;
  dhrz_ind_d@0;

  ! means of observed/manifest vars set to 0
  [abfas_nv@0];
  [bbfas_nv@0];
  [cbfas_nv@0];
  [dbfas_nv@0];

  ! means of observed/manifest vars set to 0
  [ahrz_ind_d@0];
  [bhrz_ind_d@0];
  [chrz_ind_d@0];
  [dhrz_ind_d@0];

  [p1@0]; ! means of residual "factors" set to 0
  [p2@0];
  [p3@0];
  [p4@0];

  [v1@0]; ! means of residual "factors" set to 0
  [v2@0];
  [v3@0];
  [v4@0];

  p4 on p3 (a); ! Autoregressive paths constrained to equality
  p3 on p2 (a);
  p2 on p1 (a);

  v4 on v3 (b); ! Autoregressive paths constrained to equality
  v3 on v2 (b);
  v2 on v1 (b);

  p4 on v3 (c); ! Cross-lagged paths constrained to equality
  p3 on v2 (c);
  p2 on v1 (c);

  v4 on p3 (d); ! Cross-lagged paths constrained to equality
  v3 on p2 (d);
  v2 on p1 (d);

  p1 with v1; !(this one is not like the others)

  p2 with v2 (e); ! Within-wave correlations constrained to equality
  p3 with v3 (e);
  p4 with v4 (e);

  p2 p3 p4 (f); ! estimate variances of residual "factors"
  v2 v3 v4 (g); ! estimate variances of residual "factors"

  OUTPUT: SAMPSTAT PATTERNS;



*** WARNING in VARIABLE command
  Note that only the first 8 characters of variable names are used in the output.
  Shorten variable names to avoid any confusion.
*** WARNING
  Data set contains cases with missing on time scores but non-missing on the
  corresponding dependent variables.  These cases were not included in the analysis.
  Number of such cases:  5
   2 WARNING(S) FOUND IN THE INPUT INSTRUCTIONS



PxVx Bivariate LCM-SR - post mi - Linear bfas_nv with Linear hrz_ind_d;

SUMMARY OF ANALYSIS

Number of groups                                                 1
Number of observations                                         864

Number of dependent variables                                    8
Number of independent variables                                  0
Number of continuous latent variables                           12

Observed dependent variables

  Continuous
   ABFAS_NV    BBFAS_NV    CBFAS_NV    DBFAS_NV    AHRZ_IND_D  BHRZ_IND_D
   CHRZ_IND_D  DHRZ_IND_D

Continuous latent variables
   P1          P2          P3          P4          V1          V2
   V3          V4          I_BFAS_N    S_BFAS_N    I_HRZ_IN    S_HRZ_IN

Variables with special functions

  Time scores
   A1          A2          A3          A4


Estimator                                                      MLR
Information matrix                                        OBSERVED
Maximum number of iterations                                   100
Convergence criterion                                    0.100D-05
Maximum number of EM iterations                                500
Convergence criteria for the EM algorithm
  Loglikelihood change                                   0.100D-02
  Relative loglikelihood change                          0.100D-05
  Derivative                                             0.100D-03
Minimum variance                                         0.100D-03
Maximum number of steepest descent iterations                   20
Maximum number of iterations for H1                           2000
Convergence criterion for H1                             0.100D-03
Optimization algorithm                                         EMA

Input data file(s)
  /home/jflournoy/code_new/lnt_pxvx/Data/lnt_nat_recalc.tsv
Input data format  FREE


SUMMARY OF DATA

     Number of missing data patterns            19


SUMMARY OF MISSING DATA PATTERNS


     MISSING DATA PATTERNS (x = not missing)

           1  2  3  4  5  6  7  8  9 10 11 12 13 14 15 16 17 18 19
 ABFAS_NV  x  x  x  x  x  x  x  x  x  x  x  x  x  x  x  x  x  x  x
 BBFAS_NV  x     x  x     x     x     x  x  x  x     x     x
 CBFAS_NV  x           x  x     x  x     x  x  x        x  x  x
 DBFAS_NV  x     x     x  x  x           x     x     x        x  x
 AHRZ_IND  x  x  x  x  x  x  x  x  x  x  x  x  x     x  x  x  x  x
 BHRZ_IND  x     x  x     x     x        x  x              x
 CHRZ_IND  x           x        x  x     x     x           x  x
 DHRZ_IND  x     x     x  x  x                 x     x     x


     MISSING DATA PATTERN FREQUENCIES

    Pattern   Frequency     Pattern   Frequency     Pattern   Frequency
          1         492           8          45          15           1
          2         168           9          21          16           1
          3          26          10           4          17           1
          4          48          11           1          18           2
          5          21          12           1          19           2
          6           2          13           3
          7          24          14           1


COVARIANCE COVERAGE OF DATA

Minimum covariance coverage value   0.100


     PROPORTION OF DATA PRESENT


           Covariance Coverage
              ABFAS_NV      BBFAS_NV      CBFAS_NV      DBFAS_NV      AHRZ_IND
              ________      ________      ________      ________      ________
 ABFAS_NV       1.000
 BBFAS_NV       0.722         0.722
 CBFAS_NV       0.683         0.631         0.683
 DBFAS_NV       0.664         0.608         0.603         0.664
 AHRZ_IND       0.999         0.722         0.683         0.664         0.999
 BHRZ_IND       0.713         0.713         0.627         0.603         0.713
 CHRZ_IND       0.678         0.627         0.678         0.601         0.678
 DHRZ_IND       0.660         0.608         0.601         0.659         0.660


           Covariance Coverage
              BHRZ_IND      CHRZ_IND      DHRZ_IND
              ________      ________      ________
 BHRZ_IND       0.713
 CHRZ_IND       0.624         0.678
 DHRZ_IND       0.603         0.598         0.660


SAMPLE STATISTICS


     ESTIMATED SAMPLE STATISTICS


           Means
              ABFAS_NV      BBFAS_NV      CBFAS_NV      DBFAS_NV      AHRZ_IND
              ________      ________      ________      ________      ________
               43.796        43.573        42.879        42.935        72.798


           Means
              BHRZ_IND      CHRZ_IND      DHRZ_IND
              ________      ________      ________
               72.856        73.379        72.475


           Covariances
              ABFAS_NV      BBFAS_NV      CBFAS_NV      DBFAS_NV      AHRZ_IND
              ________      ________      ________      ________      ________
 ABFAS_NV     486.828
 BBFAS_NV     379.838       442.556
 CBFAS_NV     365.203       370.355       452.378
 DBFAS_NV     367.905       369.865       384.229       477.934
 AHRZ_IND      -0.765         2.331        22.483        15.934       323.626
 BHRZ_IND       2.509        -3.067        17.718         6.971       182.474
 CHRZ_IND      10.318        -8.852        10.243        13.145       166.610
 DHRZ_IND       7.689        -2.923        26.755        16.324       155.008


           Covariances
              BHRZ_IND      CHRZ_IND      DHRZ_IND
              ________      ________      ________
 BHRZ_IND     321.492
 CHRZ_IND     172.922       306.683
 DHRZ_IND     185.756       183.387       291.750


           Correlations
              ABFAS_NV      BBFAS_NV      CBFAS_NV      DBFAS_NV      AHRZ_IND
              ________      ________      ________      ________      ________
 ABFAS_NV       1.000
 BBFAS_NV       0.818         1.000
 CBFAS_NV       0.778         0.828         1.000
 DBFAS_NV       0.763         0.804         0.826         1.000
 AHRZ_IND      -0.002         0.006         0.059         0.041         1.000
 BHRZ_IND       0.006        -0.008         0.046         0.018         0.566
 CHRZ_IND       0.027        -0.024         0.027         0.034         0.529
 DHRZ_IND       0.020        -0.008         0.074         0.044         0.504


           Correlations
              BHRZ_IND      CHRZ_IND      DHRZ_IND
              ________      ________      ________
 BHRZ_IND       1.000
 CHRZ_IND       0.551         1.000
 DHRZ_IND       0.607         0.613         1.000


     MAXIMUM LOG-LIKELIHOOD VALUE FOR THE UNRESTRICTED (H1) MODEL IS -21687.476


UNIVARIATE SAMPLE STATISTICS


     UNIVARIATE HIGHER-ORDER MOMENT DESCRIPTIVE STATISTICS

         Variable/         Mean/     Skewness/   Minimum/ % with                Percentiles
        Sample Size      Variance    Kurtosis    Maximum  Min/Max      20%/60%    40%/80%    Median

     ABFAS_NV             43.796       0.157       0.000    1.04%      22.500     35.000     42.500
             864.000     486.828      -0.646     100.000    0.46%      50.000     63.889
     BBFAS_NV             43.309       0.234       0.000    0.64%      25.000     35.000     42.500
             624.000     446.272      -0.565      97.500    0.32%      47.500     62.500
     CBFAS_NV             42.825       0.197       0.000    0.34%      22.500     35.000     41.250
             590.000     455.625      -0.691     100.000    0.17%      47.500     62.500
     DBFAS_NV             42.654       0.167       0.000    2.26%      22.500     35.000     42.500
             574.000     486.773      -0.646     100.000    0.52%      47.500     65.000
     AHRZ_IND_D           72.798      -0.550       8.333    0.12%      58.333     66.667     75.000
             863.000     323.626      -0.015     100.000    9.85%      75.000     91.667
     BHRZ_IND_D           72.923      -0.421      16.667    0.32%      58.333     66.667     75.000
             616.000     322.590      -0.191     100.000   11.69%      75.000     91.667
     CHRZ_IND_D           73.535      -0.447       8.333    0.34%      58.333     66.667     75.000
             586.000     308.221       0.063     100.000   12.12%      75.000     91.667
     DHRZ_IND_D           72.573      -0.477      16.667    0.18%      58.333     66.667     75.000
             570.000     293.087      -0.143     100.000    8.25%      75.000     83.333


THE MODEL ESTIMATION TERMINATED NORMALLY



MODEL FIT INFORMATION

Number of Free Parameters                       24

Loglikelihood

          H0 Value                      -21696.367
          H0 Scaling Correction Factor      1.1942
            for MLR

Information Criteria

          Akaike (AIC)                   43440.733
          Bayesian (BIC)                 43555.011
          Sample-Size Adjusted BIC       43478.793
            (n* = (n + 2) / 24)



MODEL RESULTS

                                                    Two-Tailed
                    Estimate       S.E.  Est./S.E.    P-Value

 P1       BY
    ABFAS_NV           1.000      0.000    999.000    999.000

 P2       BY
    BBFAS_NV           1.000      0.000    999.000    999.000

 P3       BY
    CBFAS_NV           1.000      0.000    999.000    999.000

 P4       BY
    DBFAS_NV           1.000      0.000    999.000    999.000

 V1       BY
    AHRZ_IND_D         1.000      0.000    999.000    999.000

 V2       BY
    BHRZ_IND_D         1.000      0.000    999.000    999.000

 V3       BY
    CHRZ_IND_D         1.000      0.000    999.000    999.000

 V4       BY
    DHRZ_IND_D         1.000      0.000    999.000    999.000

 P4         ON
    P3                 0.172      0.050      3.412      0.001
    V3                 0.026      0.033      0.786      0.432

 P3         ON
    P2                 0.172      0.050      3.412      0.001
    V2                 0.026      0.033      0.786      0.432

 P2         ON
    P1                 0.172      0.050      3.412      0.001
    V1                 0.026      0.033      0.786      0.432

 V4         ON
    V3                 0.036      0.047      0.766      0.444
    P3                 0.007      0.047      0.159      0.874

 V3         ON
    V2                 0.036      0.047      0.766      0.444
    P2                 0.007      0.047      0.159      0.874

 V2         ON
    V1                 0.036      0.047      0.766      0.444
    P1                 0.007      0.047      0.159      0.874

 S_BFAS_N WITH
    I_BFAS_NV         -1.397      0.885     -1.578      0.115
    S_HRZ_IND_        -0.027      0.109     -0.248      0.804
    I_HRZ_IND_         1.421      2.453      0.579      0.563

 I_BFAS_N WITH
    S_HRZ_IND_        -0.594      2.561     -0.232      0.817
    I_HRZ_IND_         8.481     14.333      0.592      0.554

 S_HRZ_IN WITH
    I_HRZ_IND_        -0.005      0.666     -0.008      0.994

 P1       WITH
    V1               -11.064      7.917     -1.397      0.162

 P2       WITH
    V2                 0.001      4.500      0.000      1.000

 P3       WITH
    V3                 0.001      4.500      0.000      1.000

 P4       WITH
    V4                 0.001      4.500      0.000      1.000

 Means
    P1                 0.000      0.000    999.000    999.000
    V1                 0.000      0.000    999.000    999.000
    I_BFAS_NV         43.702      0.694     62.996      0.000
    S_BFAS_NV         -0.264      0.063     -4.168      0.000
    I_HRZ_IND_        72.955      0.521    140.117      0.000
    S_HRZ_IND_        -0.072      0.047     -1.519      0.129

 Intercepts
    ABFAS_NV           0.000      0.000    999.000    999.000
    BBFAS_NV           0.000      0.000    999.000    999.000
    CBFAS_NV           0.000      0.000    999.000    999.000
    DBFAS_NV           0.000      0.000    999.000    999.000
    AHRZ_IND_D         0.000      0.000    999.000    999.000
    BHRZ_IND_D         0.000      0.000    999.000    999.000
    CHRZ_IND_D         0.000      0.000    999.000    999.000
    DHRZ_IND_D         0.000      0.000    999.000    999.000
    P2                 0.000      0.000    999.000    999.000
    P3                 0.000      0.000    999.000    999.000
    P4                 0.000      0.000    999.000    999.000
    V2                 0.000      0.000    999.000    999.000
    V3                 0.000      0.000    999.000    999.000
    V4                 0.000      0.000    999.000    999.000

 Variances
    P1               123.432     12.424      9.935      0.000
    V1               160.886     14.893     10.803      0.000
    I_BFAS_NV        330.752     24.273     13.626      0.000
    S_BFAS_NV          0.253      0.168      1.504      0.132
    I_HRZ_IND_       166.825     15.437     10.807      0.000
    S_HRZ_IND_         0.044      0.123      0.363      0.717

 Residual Variances
    ABFAS_NV           0.000      0.000    999.000    999.000
    BBFAS_NV           0.000      0.000    999.000    999.000
    CBFAS_NV           0.000      0.000    999.000    999.000
    DBFAS_NV           0.000      0.000    999.000    999.000
    AHRZ_IND_D         0.000      0.000    999.000    999.000
    BHRZ_IND_D         0.000      0.000    999.000    999.000
    CHRZ_IND_D         0.000      0.000    999.000    999.000
    DHRZ_IND_D         0.000      0.000    999.000    999.000
    P2                91.196      5.520     16.522      0.000
    P3                91.196      5.520     16.522      0.000
    P4                91.196      5.520     16.522      0.000
    V2               131.323      8.162     16.089      0.000
    V3               131.323      8.162     16.089      0.000
    V4               131.323      8.162     16.089      0.000


QUALITY OF NUMERICAL RESULTS

     Condition Number for the Information Matrix              0.340E-07
       (ratio of smallest to largest eigenvalue)


     Beginning Time:  15:52:34
        Ending Time:  15:52:42
       Elapsed Time:  00:00:08



MUTHEN & MUTHEN
3463 Stoner Ave.
Los Angeles, CA  90066

Tel: (310) 391-9971
Fax: (310) 391-8971
Web: www.StatModel.com
Support: Support@StatModel.com

Copyright (c) 1998-2017 Muthen & Muthen
