Mplus VERSION 8 (Linux)
MUTHEN & MUTHEN
07/08/2018   5:16 PM

INPUT INSTRUCTIONS


  title: PxVx Bivariate LCM-SR - decadegroup - Linear bfas_ac with Linear hrz_col;
  data: file = /home/jflournoy/code_new/lnt_pxvx/Data/lnt_nat_recalc.tsv;

  variable:
  names =
  subjid
  aage
  aaspfin
  aaspfin_d
  abfa_mt
  abfa_mt_d
  abfas_ac
  abfas_ap
  abfas_ci
  abfas_co
  abfas_ea
  abfas_ee
  abfas_nv
  abfas_nv9
  abfas_nw
  abfas_oi
  abfas_oo
  abfi_a
  abfi_a6
  abfi_c
  abfi_d_scale
  abfi_e
  abfi_hp8
  abfi_n
  abfi_o
  abfi_s_scale
  ahrz_col
  ahrz_col_d
  ahrz_ind
  ahrz_ind_d
  amvi
  ausi
  ausi_d
  avrt_col
  avrt_col_d
  avrt_ind
  avrt_ind_d
  bage
  baspfin
  baspfin_d
  bbfa_mt
  bbfa_mt_d
  bbfas_ac
  bbfas_ap
  bbfas_ci
  bbfas_co
  bbfas_ea
  bbfas_ee
  bbfas_nv
  bbfas_nv9
  bbfas_nw
  bbfas_oi
  bbfas_oo
  bbfi_a
  bbfi_a6
  bbfi_c
  bbfi_d_scale
  bbfi_e
  bbfi_hp8
  bbfi_n
  bbfi_o
  bbfi_s_scale
  bhrz_col
  bhrz_col_d
  bhrz_ind
  bhrz_ind_d
  bmvi
  busi
  busi_d
  bvrt_col
  bvrt_col_d
  bvrt_ind
  bvrt_ind_d
  cage
  caspfin
  caspfin_d
  cbfa_mt
  cbfa_mt_d
  cbfas_ac
  cbfas_ap
  cbfas_ci
  cbfas_co
  cbfas_ea
  cbfas_ee
  cbfas_nv
  cbfas_nv9
  cbfas_nw
  cbfas_oi
  cbfas_oo
  cbfi_a
  cbfi_a6
  cbfi_c
  cbfi_d_scale
  cbfi_e
  cbfi_hp8
  cbfi_n
  cbfi_o
  cbfi_s_scale
  chrz_col
  chrz_col_d
  chrz_ind
  chrz_ind_d
  cmvi
  cusi
  cusi_d
  cvrt_col
  cvrt_col_d
  cvrt_ind
  cvrt_ind_d
  dage
  daspfin
  daspfin_d
  dbfa_mt
  dbfa_mt_d
  dbfas_ac
  dbfas_ap
  dbfas_ci
  dbfas_co
  dbfas_ea
  dbfas_ee
  dbfas_nv
  dbfas_nv9
  dbfas_nw
  dbfas_oi
  dbfas_oo
  dbfi_a
  dbfi_a6
  dbfi_c
  dbfi_d_scale
  dbfi_e
  dbfi_hp8
  dbfi_n
  dbfi_o
  dbfi_s_scale
  dhrz_col
  dhrz_col_d
  dhrz_ind
  dhrz_ind_d
  dmvi
  dusi
  dusi_d
  dvrt_col
  dvrt_col_d
  dvrt_ind
  dvrt_ind_d;

  USEVARIABLES =
  abfas_ac
  bbfas_ac
  cbfas_ac
  dbfas_ac
  ahrz_col
  bhrz_col
  chrz_col
  dhrz_col
  a1
  a2
  a3
  a4
  aagegrp
  ;

  missing = all (-9999);

  tscores = a1 a2 a3 a4;

  grouping = aagegrp (0=d2, 1=d3, 2=d4, 3=d5);

  DEFINE:

  aagegrp = aage;

  cut aagegrp (29 39 49);

  a1 = aage + 0 - 36;
  a2 = aage + 1 - 36;
  a3 = aage + 2 - 36;
  a4 = aage + 3 - 36;

  ANALYSIS:
  TYPE=RANDOM;
  PROCESSORS = 6;
  model=nocovariances; ! supresses default estimation of certain covs in model;

  MODEL:

  i_bfas_ac s_bfas_ac | abfas_ac bbfas_ac cbfas_ac dbfas_ac AT a1 a2 a3 a4;
  i_hrz_col s_hrz_col | ahrz_col bhrz_col chrz_col dhrz_col AT a1 a2 a3 a4;

  ! freeing factor covs because of "nocovariances"
  ! But ensure they are constrained across groups
  s_bfas_ac WITH i_bfas_ac (p)
  s_hrz_col (q)
  i_hrz_col (r);
  i_bfas_ac WITH s_hrz_col (s)
  i_hrz_col (t);
  s_hrz_col WITH i_hrz_col (u);

  !constrain latent growth means across groups
  [i_bfas_ac] (v);
  [s_bfas_ac] (w);
  [i_hrz_col] (x);
  [s_hrz_col] (y);

  !constrain latent growth variances across groups
  i_bfas_ac (l);
  s_bfas_ac (m);
  i_hrz_col (n);
  s_hrz_col (o);

  p1 BY abfas_ac@1; ! Residual "factors";
  p2 BY bbfas_ac@1;
  p3 BY cbfas_ac@1;
  p4 BY dbfas_ac@1;

  v1 BY ahrz_col@1; ! Residual "factors";
  v2 BY bhrz_col@1;
  v3 BY chrz_col@1;
  v4 BY dhrz_col@1;

  !residual variances on observed/manifest vars set to 0
  abfas_ac@0;
  bbfas_ac@0;
  cbfas_ac@0;
  dbfas_ac@0;

  !residual variances on observed/manifest vars set to 0
  ahrz_col@0;
  bhrz_col@0;
  chrz_col@0;
  dhrz_col@0;

  ! means of observed/manifest vars set to 0
  [abfas_ac@0];
  [bbfas_ac@0];
  [cbfas_ac@0];
  [dbfas_ac@0];

  ! means of observed/manifest vars set to 0
  [ahrz_col@0];
  [bhrz_col@0];
  [chrz_col@0];
  [dhrz_col@0];

  [p1@0]; ! means of residual "factors" set to 0
  [p2@0];
  [p3@0];
  [p4@0];

  [v1@0]; ! means of residual "factors" set to 0
  [v2@0];
  [v3@0];
  [v4@0];

  p4 on p3 (a); ! Autoregressive paths constrained to equality
  p3 on p2 (a);
  p2 on p1 (a);

  v4 on v3 (b); ! Autoregressive paths constrained to equality
  v3 on v2 (b);
  v2 on v1 (b);

  p4 on v3 (c); ! Cross-lagged paths constrained to equality
  p3 on v2 (c);
  p2 on v1 (c);

  v4 on p3 (d); ! Cross-lagged paths constrained to equality
  v3 on p2 (d);
  v2 on p1 (d);

  p1 with v1; !(this one is not like the others)

  p2 with v2 (e); ! Within-wave correlations constrained to equality
  p3 with v3 (e);
  p4 with v4 (e);

  p2 p3 p4 (f); ! estimate variances of residual "factors"
  v2 v3 v4 (g); ! estimate variances of residual "factors"

  MODEL d2:

  p4 on p3 (a2); ! Autoregressive paths constrained to equality
  p3 on p2 (a2);
  p2 on p1 (a2);

  v4 on v3 (b2); ! Autoregressive paths constrained to equality
  v3 on v2 (b2);
  v2 on v1 (b2);

  p4 on v3 (c2); ! Cross-lagged paths constrained to equality
  p3 on v2 (c2);
  p2 on v1 (c2);

  v4 on p3 (d2); ! Cross-lagged paths constrained to equality
  v3 on p2 (d2);
  v2 on p1 (d2);

  p1 with v1; !(this one is not like the others)

  p2 with v2 (e2); ! Within-wave correlations constrained to equality
  p3 with v3 (e2);
  p4 with v4 (e2);

  p2 p3 p4 (f2); ! estimate variances of residual "factors"
  v2 v3 v4 (g2); ! estimate variances of residual "factors"

  MODEL d3:

  p4 on p3 (a3); ! Autoregressive paths constrained to equality
  p3 on p2 (a3);
  p2 on p1 (a3);

  v4 on v3 (b3); ! Autoregressive paths constrained to equality
  v3 on v2 (b3);
  v2 on v1 (b3);

  p4 on v3 (c3); ! Cross-lagged paths constrained to equality
  p3 on v2 (c3);
  p2 on v1 (c3);

  v4 on p3 (d3); ! Cross-lagged paths constrained to equality
  v3 on p2 (d3);
  v2 on p1 (d3);

  p1 with v1; !(this one is not like the others)

  p2 with v2 (e3); ! Within-wave correlations constrained to equality
  p3 with v3 (e3);
  p4 with v4 (e3);

  p2 p3 p4 (f3); ! estimate variances of residual "factors"
  v2 v3 v4 (g3); ! estimate variances of residual "factors"

  MODEL d4:

  p4 on p3 (a4); ! Autoregressive paths constrained to equality
  p3 on p2 (a4);
  p2 on p1 (a4);

  v4 on v3 (b4); ! Autoregressive paths constrained to equality
  v3 on v2 (b4);
  v2 on v1 (b4);

  p4 on v3 (c4); ! Cross-lagged paths constrained to equality
  p3 on v2 (c4);
  p2 on v1 (c4);

  v4 on p3 (d4); ! Cross-lagged paths constrained to equality
  v3 on p2 (d4);
  v2 on p1 (d4);

  p1 with v1; !(this one is not like the others)

  p2 with v2 (e4); ! Within-wave correlations constrained to equality
  p3 with v3 (e4);
  p4 with v4 (e4);

  p2 p3 p4 (f4); ! estimate variances of residual "factors"
  v2 v3 v4 (g4); ! estimate variances of residual "factors"

  MODEL d5:

  p4 on p3 (a5); ! Autoregressive paths constrained to equality
  p3 on p2 (a5);
  p2 on p1 (a5);

  v4 on v3 (b5); ! Autoregressive paths constrained to equality
  v3 on v2 (b5);
  v2 on v1 (b5);

  p4 on v3 (c5); ! Cross-lagged paths constrained to equality
  p3 on v2 (c5);
  p2 on v1 (c5);

  v4 on p3 (d5); ! Cross-lagged paths constrained to equality
  v3 on p2 (d5);
  v2 on p1 (d5);

  p1 with v1; !(this one is not like the others)

  p2 with v2 (e5); ! Within-wave correlations constrained to equality
  p3 with v3 (e5);
  p4 with v4 (e5);

  p2 p3 p4 (f5); ! estimate variances of residual "factors"
  v2 v3 v4 (g5); ! estimate variances of residual "factors"

  OUTPUT: SAMPSTAT PATTERNS;



*** WARNING
  Data set contains unknown or missing values for GROUPING,
  PATTERN, COHORT, CLUSTER and/or STRATIFICATION variables.
  Number of cases with unknown or missing values:  5
   1 WARNING(S) FOUND IN THE INPUT INSTRUCTIONS



PxVx Bivariate LCM-SR - decadegroup - Linear bfas_ac with Linear hrz_col;

SUMMARY OF ANALYSIS

Number of groups                                                 4
Number of observations
   Group D2                                                    301
   Group D3                                                    233
   Group D4                                                    198
   Group D5                                                    132
   Total sample size                                           864

Number of dependent variables                                    8
Number of independent variables                                  0
Number of continuous latent variables                           12

Observed dependent variables

  Continuous
   ABFAS_AC    BBFAS_AC    CBFAS_AC    DBFAS_AC    AHRZ_COL    BHRZ_COL
   CHRZ_COL    DHRZ_COL

Continuous latent variables
   P1          P2          P3          P4          V1          V2
   V3          V4          I_BFAS_A    S_BFAS_A    I_HRZ_CO    S_HRZ_CO

Variables with special functions

  Grouping variable     AAGEGRP

  Time scores
   A1          A2          A3          A4


Estimator                                                      MLR
Information matrix                                        OBSERVED
Maximum number of iterations                                   100
Convergence criterion                                    0.100D-05
Maximum number of EM iterations                                500
Convergence criteria for the EM algorithm
  Loglikelihood change                                   0.100D-02
  Relative loglikelihood change                          0.100D-05
  Derivative                                             0.100D-03
Minimum variance                                         0.100D-03
Maximum number of steepest descent iterations                   20
Maximum number of iterations for H1                           2000
Convergence criterion for H1                             0.100D-03
Optimization algorithm                                         EMA

Input data file(s)
  /home/jflournoy/code_new/lnt_pxvx/Data/lnt_nat_recalc.tsv
Input data format  FREE


SUMMARY OF DATA

   Group D2
     Number of missing data patterns            15

   Group D3
     Number of missing data patterns            10

   Group D4
     Number of missing data patterns            14

   Group D5
     Number of missing data patterns             9


SUMMARY OF MISSING DATA PATTERNS


     MISSING DATA PATTERNS (x = not missing) FOR D2

           1  2  3  4  5  6  7  8  9 10 11 12 13 14 15
 ABFAS_AC  x  x  x  x  x  x  x  x  x  x     x  x  x  x
 BBFAS_AC  x     x  x  x  x           x  x  x  x  x
 CBFAS_AC  x        x     x     x  x  x  x  x  x     x
 DBFAS_AC  x     x  x        x     x     x  x        x
 AHRZ_COL  x  x  x  x  x  x  x  x  x  x  x  x  x  x  x
 BHRZ_COL  x     x  x  x  x           x  x     x     x
 CHRZ_COL  x              x     x  x     x  x  x     x
 DHRZ_COL  x     x  x        x     x     x  x  x     x


     MISSING DATA PATTERN FREQUENCIES FOR D2

    Pattern   Frequency     Pattern   Frequency     Pattern   Frequency
          1         185           6          13          11           1
          2          57           7          11          12           2
          3           6           8           5          13           1
          4           1           9           5          14           1
          5          11          10           1          15           1


     MISSING DATA PATTERNS (x = not missing) FOR D3

           1  2  3  4  5  6  7  8  9 10
 ABFAS_AC  x  x  x  x  x  x  x  x  x  x
 BBFAS_AC  x     x  x  x           x
 CBFAS_AC  x           x     x  x
 DBFAS_AC  x     x        x     x     x
 AHRZ_COL  x  x  x  x  x  x  x  x  x  x
 BHRZ_COL  x     x  x  x
 CHRZ_COL  x           x     x  x
 DHRZ_COL  x     x        x     x


     MISSING DATA PATTERN FREQUENCIES FOR D3

    Pattern   Frequency     Pattern   Frequency     Pattern   Frequency
          1         140           5           7           9           1
          2          44           6           3          10           1
          3           8           7           7
          4          15           8           7


     MISSING DATA PATTERNS (x = not missing) FOR D4

           1  2  3  4  5  6  7  8  9 10 11 12 13 14
 ABFAS_AC  x  x  x  x  x  x  x  x  x  x  x  x  x  x
 BBFAS_AC  x     x  x  x  x           x  x     x
 CBFAS_AC  x        x     x     x  x  x           x
 DBFAS_AC  x     x  x        x     x  x        x
 AHRZ_COL  x  x  x  x  x  x  x  x  x  x  x     x  x
 BHRZ_COL  x     x  x  x  x
 CHRZ_COL  x              x     x  x  x
 DHRZ_COL  x     x  x        x     x  x        x


     MISSING DATA PATTERN FREQUENCIES FOR D4

    Pattern   Frequency     Pattern   Frequency     Pattern   Frequency
          1         104           6          15          11           2
          2          39           7           4          12           1
          3           7           8           5          13           1
          4           1           9           5          14           1
          5          12          10           1


     MISSING DATA PATTERNS (x = not missing) FOR D5

           1  2  3  4  5  6  7  8  9
 ABFAS_AC  x  x  x  x  x  x  x  x
 BBFAS_AC  x     x  x  x           x
 CBFAS_AC  x           x     x  x  x
 DBFAS_AC  x     x        x     x  x
 AHRZ_COL  x  x  x  x  x  x  x  x  x
 BHRZ_COL  x     x  x  x           x
 CHRZ_COL  x           x     x  x  x
 DHRZ_COL  x     x        x     x  x


     MISSING DATA PATTERN FREQUENCIES FOR D5

    Pattern   Frequency     Pattern   Frequency     Pattern   Frequency
          1          60           4          10           7           6
          2          29           5          11           8           4
          3           5           6           6           9           1


COVARIANCE COVERAGE OF DATA

Minimum covariance coverage value   0.100


     PROPORTION OF DATA PRESENT FOR D2


           Covariance Coverage
              ABFAS_AC      BBFAS_AC      CBFAS_AC      DBFAS_AC      AHRZ_COL
              ________      ________      ________      ________      ________
 ABFAS_AC       0.997
 BBFAS_AC       0.734         0.738
 CBFAS_AC       0.711         0.678         0.714
 DBFAS_AC       0.701         0.648         0.648         0.704
 AHRZ_COL       0.997         0.738         0.714         0.704         1.000
 BHRZ_COL       0.728         0.728         0.674         0.645         0.731
 CHRZ_COL       0.704         0.671         0.708         0.645         0.708
 DHRZ_COL       0.704         0.651         0.651         0.704         0.708


           Covariance Coverage
              BHRZ_COL      CHRZ_COL      DHRZ_COL
              ________      ________      ________
 BHRZ_COL       0.731
 CHRZ_COL       0.668         0.708
 DHRZ_COL       0.648         0.648         0.708


     PROPORTION OF DATA PRESENT FOR D3


           Covariance Coverage
              ABFAS_AC      BBFAS_AC      CBFAS_AC      DBFAS_AC      AHRZ_COL
              ________      ________      ________      ________      ________
 ABFAS_AC       1.000
 BBFAS_AC       0.747         0.747
 CBFAS_AC       0.717         0.682         0.717
 DBFAS_AC       0.734         0.700         0.670         0.734
 AHRZ_COL       1.000         0.747         0.717         0.734         1.000
 BHRZ_COL       0.747         0.747         0.682         0.700         0.747
 CHRZ_COL       0.648         0.614         0.648         0.605         0.648
 DHRZ_COL       0.734         0.700         0.670         0.734         0.734


           Covariance Coverage
              BHRZ_COL      CHRZ_COL      DHRZ_COL
              ________      ________      ________
 BHRZ_COL       0.747
 CHRZ_COL       0.614         0.648
 DHRZ_COL       0.700         0.605         0.734


     PROPORTION OF DATA PRESENT FOR D4


           Covariance Coverage
              ABFAS_AC      BBFAS_AC      CBFAS_AC      DBFAS_AC      AHRZ_COL
              ________      ________      ________      ________      ________
 ABFAS_AC       0.990
 BBFAS_AC       0.722         0.732
 CBFAS_AC       0.672         0.631         0.682
 DBFAS_AC       0.616         0.581         0.571         0.626
 AHRZ_COL       0.990         0.732         0.682         0.626         1.000
 BHRZ_COL       0.712         0.722         0.626         0.576         0.722
 CHRZ_COL       0.662         0.621         0.672         0.566         0.672
 DHRZ_COL       0.621         0.586         0.576         0.626         0.631


           Covariance Coverage
              BHRZ_COL      CHRZ_COL      DHRZ_COL
              ________      ________      ________
 BHRZ_COL       0.722
 CHRZ_COL       0.616         0.672
 DHRZ_COL       0.581         0.571         0.631


     PROPORTION OF DATA PRESENT FOR D5


           Covariance Coverage
              ABFAS_AC      BBFAS_AC      CBFAS_AC      DBFAS_AC      AHRZ_COL
              ________      ________      ________      ________      ________
 ABFAS_AC       1.000
 BBFAS_AC       0.697         0.697
 CBFAS_AC       0.614         0.576         0.614
 DBFAS_AC       0.621         0.568         0.538         0.621
 AHRZ_COL       1.000         0.697         0.614         0.621         1.000
 BHRZ_COL       0.697         0.697         0.576         0.568         0.697
 CHRZ_COL       0.538         0.500         0.538         0.462         0.538
 DHRZ_COL       0.621         0.568         0.538         0.621         0.621


           Covariance Coverage
              BHRZ_COL      CHRZ_COL      DHRZ_COL
              ________      ________      ________
 BHRZ_COL       0.697
 CHRZ_COL       0.500         0.538
 DHRZ_COL       0.568         0.462         0.621


SAMPLE STATISTICS


     ESTIMATED SAMPLE STATISTICS FOR D2


           Means
              ABFAS_AC      BBFAS_AC      CBFAS_AC      DBFAS_AC      AHRZ_COL
              ________      ________      ________      ________      ________
               76.102        75.057        75.820        75.919        68.314


           Means
              BHRZ_COL      CHRZ_COL      DHRZ_COL
              ________      ________      ________
               67.274        67.799        67.661


           Covariances
              ABFAS_AC      BBFAS_AC      CBFAS_AC      DBFAS_AC      AHRZ_COL
              ________      ________      ________      ________      ________
 ABFAS_AC     295.972
 BBFAS_AC     241.568       304.414
 CBFAS_AC     202.780       244.413       277.963
 DBFAS_AC     211.300       221.658       230.996       272.425
 AHRZ_COL     175.250       151.838       121.637       141.207       322.043
 BHRZ_COL     155.458       155.941       131.488       145.812       210.187
 CHRZ_COL     155.689       171.408       171.797       158.697       202.701
 DHRZ_COL     154.751       147.175       153.567       167.245       221.881


           Covariances
              BHRZ_COL      CHRZ_COL      DHRZ_COL
              ________      ________      ________
 BHRZ_COL     306.223
 CHRZ_COL     219.552       347.124
 DHRZ_COL     206.819       245.599       329.395


           Correlations
              ABFAS_AC      BBFAS_AC      CBFAS_AC      DBFAS_AC      AHRZ_COL
              ________      ________      ________      ________      ________
 ABFAS_AC       1.000
 BBFAS_AC       0.805         1.000
 CBFAS_AC       0.707         0.840         1.000
 DBFAS_AC       0.744         0.770         0.839         1.000
 AHRZ_COL       0.568         0.485         0.407         0.477         1.000
 BHRZ_COL       0.516         0.511         0.451         0.505         0.669
 CHRZ_COL       0.486         0.527         0.553         0.516         0.606
 DHRZ_COL       0.496         0.465         0.508         0.558         0.681


           Correlations
              BHRZ_COL      CHRZ_COL      DHRZ_COL
              ________      ________      ________
 BHRZ_COL       1.000
 CHRZ_COL       0.673         1.000
 DHRZ_COL       0.651         0.726         1.000


     ESTIMATED SAMPLE STATISTICS FOR D3


           Means
              ABFAS_AC      BBFAS_AC      CBFAS_AC      DBFAS_AC      AHRZ_COL
              ________      ________      ________      ________      ________
               77.302        78.331        76.386        78.778        72.711


           Means
              BHRZ_COL      CHRZ_COL      DHRZ_COL
              ________      ________      ________
               73.294        74.083        73.582


           Covariances
              ABFAS_AC      BBFAS_AC      CBFAS_AC      DBFAS_AC      AHRZ_COL
              ________      ________      ________      ________      ________
 ABFAS_AC     240.549
 BBFAS_AC     192.944       257.865
 CBFAS_AC     194.258       218.817       277.564
 DBFAS_AC     165.035       182.595       197.738       217.792
 AHRZ_COL     145.050       131.653       137.555        86.964       298.804
 BHRZ_COL     105.098       120.087       120.111        82.857       222.707
 CHRZ_COL     115.509       127.641       137.748        93.148       219.286
 DHRZ_COL     111.808       128.611       130.048       102.353       200.630


           Covariances
              BHRZ_COL      CHRZ_COL      DHRZ_COL
              ________      ________      ________
 BHRZ_COL     305.504
 CHRZ_COL     236.879       307.830
 DHRZ_COL     231.090       216.541       286.548


           Correlations
              ABFAS_AC      BBFAS_AC      CBFAS_AC      DBFAS_AC      AHRZ_COL
              ________      ________      ________      ________      ________
 ABFAS_AC       1.000
 BBFAS_AC       0.775         1.000
 CBFAS_AC       0.752         0.818         1.000
 DBFAS_AC       0.721         0.770         0.804         1.000
 AHRZ_COL       0.541         0.474         0.478         0.341         1.000
 BHRZ_COL       0.388         0.428         0.412         0.321         0.737
 CHRZ_COL       0.424         0.453         0.471         0.360         0.723
 DHRZ_COL       0.426         0.473         0.461         0.410         0.686


           Correlations
              BHRZ_COL      CHRZ_COL      DHRZ_COL
              ________      ________      ________
 BHRZ_COL       1.000
 CHRZ_COL       0.772         1.000
 DHRZ_COL       0.781         0.729         1.000


     ESTIMATED SAMPLE STATISTICS FOR D4


           Means
              ABFAS_AC      BBFAS_AC      CBFAS_AC      DBFAS_AC      AHRZ_COL
              ________      ________      ________      ________      ________
               77.276        78.723        78.247        77.417        73.205


           Means
              BHRZ_COL      CHRZ_COL      DHRZ_COL
              ________      ________      ________
               72.498        74.076        72.894


           Covariances
              ABFAS_AC      BBFAS_AC      CBFAS_AC      DBFAS_AC      AHRZ_COL
              ________      ________      ________      ________      ________
 ABFAS_AC     219.768
 BBFAS_AC     158.165       198.432
 CBFAS_AC     173.525       170.025       227.912
 DBFAS_AC     183.312       174.296       194.388       253.267
 AHRZ_COL     109.228        83.917        90.765        91.112       237.545
 BHRZ_COL      86.588        98.956       104.938       102.324       164.232
 CHRZ_COL      98.949        91.928       109.765       117.132       156.883
 DHRZ_COL      84.570        72.471       100.004       112.024       143.217


           Covariances
              BHRZ_COL      CHRZ_COL      DHRZ_COL
              ________      ________      ________
 BHRZ_COL     231.861
 CHRZ_COL     168.859       215.313
 DHRZ_COL     154.509       153.098       215.663


           Correlations
              ABFAS_AC      BBFAS_AC      CBFAS_AC      DBFAS_AC      AHRZ_COL
              ________      ________      ________      ________      ________
 ABFAS_AC       1.000
 BBFAS_AC       0.757         1.000
 CBFAS_AC       0.775         0.800         1.000
 DBFAS_AC       0.777         0.777         0.809         1.000
 AHRZ_COL       0.478         0.387         0.390         0.371         1.000
 BHRZ_COL       0.384         0.461         0.456         0.422         0.700
 CHRZ_COL       0.455         0.445         0.496         0.502         0.694
 DHRZ_COL       0.388         0.350         0.451         0.479         0.633


           Correlations
              BHRZ_COL      CHRZ_COL      DHRZ_COL
              ________      ________      ________
 BHRZ_COL       1.000
 CHRZ_COL       0.756         1.000
 DHRZ_COL       0.691         0.710         1.000


     ESTIMATED SAMPLE STATISTICS FOR D5


           Means
              ABFAS_AC      BBFAS_AC      CBFAS_AC      DBFAS_AC      AHRZ_COL
              ________      ________      ________      ________      ________
               82.449        81.910        81.057        80.097        78.362


           Means
              BHRZ_COL      CHRZ_COL      DHRZ_COL
              ________      ________      ________
               76.185        76.617        75.029


           Covariances
              ABFAS_AC      BBFAS_AC      CBFAS_AC      DBFAS_AC      AHRZ_COL
              ________      ________      ________      ________      ________
 ABFAS_AC     266.730
 BBFAS_AC     171.002       168.100
 CBFAS_AC     193.222       143.211       228.426
 DBFAS_AC     230.233       165.210       206.619       276.162
 AHRZ_COL     139.991       115.276       123.420       156.490       212.979
 BHRZ_COL     135.552       126.802       141.434       151.185       168.785
 CHRZ_COL     129.338       110.196       127.091       154.041       138.275
 DHRZ_COL     170.073       129.178       154.371       189.847       151.537


           Covariances
              BHRZ_COL      CHRZ_COL      DHRZ_COL
              ________      ________      ________
 BHRZ_COL     224.268
 CHRZ_COL     156.122       207.459
 DHRZ_COL     168.831       172.962       252.473


           Correlations
              ABFAS_AC      BBFAS_AC      CBFAS_AC      DBFAS_AC      AHRZ_COL
              ________      ________      ________      ________      ________
 ABFAS_AC       1.000
 BBFAS_AC       0.808         1.000
 CBFAS_AC       0.783         0.731         1.000
 DBFAS_AC       0.848         0.767         0.823         1.000
 AHRZ_COL       0.587         0.609         0.560         0.645         1.000
 BHRZ_COL       0.554         0.653         0.625         0.607         0.772
 CHRZ_COL       0.550         0.590         0.584         0.644         0.658
 DHRZ_COL       0.655         0.627         0.643         0.719         0.653


           Correlations
              BHRZ_COL      CHRZ_COL      DHRZ_COL
              ________      ________      ________
 BHRZ_COL       1.000
 CHRZ_COL       0.724         1.000
 DHRZ_COL       0.710         0.756         1.000


     MAXIMUM LOG-LIKELIHOOD VALUE FOR THE UNRESTRICTED (H1) MODEL IS -20205.983


UNIVARIATE SAMPLE STATISTICS


     UNIVARIATE HIGHER-ORDER MOMENT DESCRIPTIVE STATISTICS FOR D2

         Variable/         Mean/     Skewness/   Minimum/ % with                Percentiles
        Sample Size      Variance    Kurtosis    Maximum  Min/Max      20%/60%    40%/80%    Median

     ABFAS_AC             76.056      -0.996      12.500    0.33%      62.500     75.000     80.000
             300.000     296.036       0.890     100.000    4.33%      82.500     90.000
     BBFAS_AC             75.413      -0.861      10.000    0.45%      61.111     75.000     77.500
             222.000     297.720       0.636     100.000    6.31%      82.500     90.000
     CBFAS_AC             75.775      -0.891      20.000    0.47%      65.000     75.000     77.500
             215.000     277.765       0.460     100.000    3.26%      82.500     90.000
     DBFAS_AC             76.226      -1.076      10.000    0.47%      65.000     75.000     80.000
             212.000     274.970       1.266     100.000    3.30%      82.500     90.000
     AHRZ_COL             68.314      -0.710       6.250    0.33%      56.250     68.750     68.750
             301.000     322.043       0.674     100.000    4.32%      75.000     81.250
     BHRZ_COL             67.557      -0.740      12.500    0.91%      56.250     62.500     68.750
             220.000     297.148       0.793     100.000    2.73%      75.000     81.250
     CHRZ_COL             67.928      -0.621       6.250    0.47%      56.250     62.500     68.750
             213.000     348.137       0.409     100.000    3.76%      75.000     81.250
     DHRZ_COL             68.016      -0.534       6.250    0.47%      50.000     62.500     68.750
             213.000     327.183       0.112     100.000    3.29%      75.000     81.250


     UNIVARIATE HIGHER-ORDER MOMENT DESCRIPTIVE STATISTICS FOR D3

         Variable/         Mean/     Skewness/   Minimum/ % with                Percentiles
        Sample Size      Variance    Kurtosis    Maximum  Min/Max      20%/60%    40%/80%    Median

     ABFAS_AC             77.302      -0.508      40.000    0.86%      62.500     75.000     77.500
             233.000     240.549      -0.591     100.000    5.58%      82.500     92.500
     BBFAS_AC             78.577      -0.742      27.500    0.58%      65.000     77.500     80.000
             171.000     262.688       0.015     100.000    7.02%      85.000     95.000
     CBFAS_AC             76.347      -0.625      27.500    0.62%      60.000     75.000     80.000
             161.000     283.665      -0.216     100.000    8.07%      82.500     92.500
     DBFAS_AC             79.347      -0.697      35.000    0.63%      67.500     77.500     82.500
             159.000     212.902       0.124     100.000    7.55%      85.000     92.500
     AHRZ_COL             72.711      -0.598      18.750    0.86%      56.250     68.750     75.000
             233.000     298.804       0.115     100.000    6.87%      75.000     87.500
     BHRZ_COL             72.806      -0.623      25.000    2.35%      56.250     68.750     75.000
             170.000     303.884       0.017     100.000    6.47%      81.250     87.500
     CHRZ_COL             73.758      -0.803      18.750    0.62%      56.250     75.000     75.000
             161.000     304.649       0.366     100.000    6.83%      81.250     87.500
     DHRZ_COL             73.141      -0.862       6.250    0.63%      62.500     68.750     75.000
             158.000     294.457       1.151     100.000    6.33%      75.000     87.500


     UNIVARIATE HIGHER-ORDER MOMENT DESCRIPTIVE STATISTICS FOR D4

         Variable/         Mean/     Skewness/   Minimum/ % with                Percentiles
        Sample Size      Variance    Kurtosis    Maximum  Min/Max      20%/60%    40%/80%    Median

     ABFAS_AC             77.276      -0.816      27.500    0.51%      67.500     75.000     77.500
             198.000     219.768       0.844     100.000    6.57%      80.556     90.000
     BBFAS_AC             78.640      -0.743      32.500    0.70%      70.000     77.500     77.778
             143.000     201.389       0.577     100.000    6.29%      82.500     92.500
     CBFAS_AC             78.655      -0.709      32.500    0.76%      67.500     75.000     78.889
             132.000     229.406       0.333     100.000    7.58%      82.500     92.500
     DBFAS_AC             77.667      -0.767      27.500    0.81%      67.500     75.000     80.000
             123.000     261.389       0.537     100.000   10.57%      82.500     92.500
     AHRZ_COL             73.287      -0.492      12.500    0.51%      62.500     68.750     75.000
             197.000     236.507       0.729     100.000    8.12%      75.000     81.250
     BHRZ_COL             71.868      -0.365      25.000    1.44%      56.250     68.750     75.000
             139.000     241.081      -0.021     100.000    5.04%      75.000     87.500
     CHRZ_COL             74.423      -0.205      31.250    0.77%      62.500     68.750     75.000
             130.000     212.408      -0.182     100.000    7.69%      75.000     87.500
     DHRZ_COL             72.984      -0.320      31.250    0.81%      62.500     68.750     75.000
             123.000     218.491      -0.210     100.000    4.88%      75.000     83.333


     UNIVARIATE HIGHER-ORDER MOMENT DESCRIPTIVE STATISTICS FOR D5

         Variable/         Mean/     Skewness/   Minimum/ % with                Percentiles
        Sample Size      Variance    Kurtosis    Maximum  Min/Max      20%/60%    40%/80%    Median

     ABFAS_AC             82.309      -1.385       7.500    0.76%      71.875     82.500     87.500
             131.000     265.739       2.524     100.000   12.21%      90.000     95.000
     BBFAS_AC             83.004      -1.094      42.500    1.15%      75.000     82.500     85.000
              87.000     171.564       1.006     100.000    9.20%      88.889     92.500
     CBFAS_AC             82.226      -1.341      17.500    1.22%      70.000     82.500     87.500
              82.000     236.891       2.422     100.000    8.54%      90.000     95.000
     DBFAS_AC             82.664      -1.804       5.000    1.32%      72.500     80.000     85.000
              76.000     262.720       5.417     100.000   14.47%      87.500     97.500
     AHRZ_COL             78.362      -0.590      37.500    1.52%      68.750     75.000     81.250
             132.000     212.979      -0.074     100.000    8.33%      81.250     93.750
     BHRZ_COL             77.059      -0.556      37.500    2.30%      62.500     75.000     75.000
              87.000     227.939      -0.055     100.000    8.05%      81.250     93.750
     CHRZ_COL             77.134      -0.387      31.250    1.22%      62.500     75.000     78.125
              82.000     211.718      -0.049     100.000    9.76%      81.250     93.750
     DHRZ_COL             76.974      -0.987      12.500    1.32%      62.500     75.000     78.125
              76.000     240.759       2.412     100.000    7.89%      81.250     93.750


THE MODEL ESTIMATION TERMINATED NORMALLY



MODEL FIT INFORMATION

Number of Free Parameters                       54

Loglikelihood

          H0 Value                      -20294.589
          H0 Scaling Correction Factor      1.4708
            for MLR

Information Criteria

          Akaike (AIC)                   40697.178
          Bayesian (BIC)                 40954.303
          Sample-Size Adjusted BIC       40782.813
            (n* = (n + 2) / 24)



MODEL RESULTS

                                                    Two-Tailed
                    Estimate       S.E.  Est./S.E.    P-Value

Group D2

 P1       BY
    ABFAS_AC           1.000      0.000    999.000    999.000

 P2       BY
    BBFAS_AC           1.000      0.000    999.000    999.000

 P3       BY
    CBFAS_AC           1.000      0.000    999.000    999.000

 P4       BY
    DBFAS_AC           1.000      0.000    999.000    999.000

 V1       BY
    AHRZ_COL           1.000      0.000    999.000    999.000

 V2       BY
    BHRZ_COL           1.000      0.000    999.000    999.000

 V3       BY
    CHRZ_COL           1.000      0.000    999.000    999.000

 V4       BY
    DHRZ_COL           1.000      0.000    999.000    999.000

 P4         ON
    P3                 0.376      0.096      3.911      0.000
    V3                -0.010      0.050     -0.204      0.838

 P3         ON
    P2                 0.376      0.096      3.911      0.000
    V2                -0.010      0.050     -0.204      0.838

 P2         ON
    P1                 0.376      0.096      3.911      0.000
    V1                -0.010      0.050     -0.204      0.838

 V4         ON
    V3                 0.092      0.066      1.397      0.162
    P3                 0.202      0.088      2.298      0.022

 V3         ON
    V2                 0.092      0.066      1.397      0.162
    P2                 0.202      0.088      2.298      0.022

 V2         ON
    V1                 0.092      0.066      1.397      0.162
    P1                 0.202      0.088      2.298      0.022

 S_BFAS_A WITH
    I_BFAS_AC         -0.833      0.766     -1.088      0.277
    S_HRZ_COL          0.097      0.102      0.953      0.340
    I_HRZ_COL         -1.163      1.862     -0.624      0.532

 I_BFAS_A WITH
    S_HRZ_COL         -0.392      1.911     -0.205      0.838
    I_HRZ_COL        110.631     12.490      8.858      0.000

 S_HRZ_CO WITH
    I_HRZ_COL         -1.824      0.818     -2.229      0.026

 P1       WITH
    V1                39.103     10.933      3.577      0.000

 P2       WITH
    V2                18.330      7.281      2.518      0.012

 P3       WITH
    V3                18.330      7.281      2.518      0.012

 P4       WITH
    V4                18.330      7.281      2.518      0.012

 Means
    P1                 0.000      0.000    999.000    999.000
    V1                 0.000      0.000    999.000    999.000
    I_BFAS_AC         77.533      0.514    150.830      0.000
    S_BFAS_AC          0.139      0.047      2.969      0.003
    I_HRZ_COL         71.700      0.534    134.350      0.000
    S_HRZ_COL          0.261      0.046      5.656      0.000

 Intercepts
    ABFAS_AC           0.000      0.000    999.000    999.000
    BBFAS_AC           0.000      0.000    999.000    999.000
    CBFAS_AC           0.000      0.000    999.000    999.000
    DBFAS_AC           0.000      0.000    999.000    999.000
    AHRZ_COL           0.000      0.000    999.000    999.000
    BHRZ_COL           0.000      0.000    999.000    999.000
    CHRZ_COL           0.000      0.000    999.000    999.000
    DHRZ_COL           0.000      0.000    999.000    999.000
    P2                 0.000      0.000    999.000    999.000
    P3                 0.000      0.000    999.000    999.000
    P4                 0.000      0.000    999.000    999.000
    V2                 0.000      0.000    999.000    999.000
    V3                 0.000      0.000    999.000    999.000
    V4                 0.000      0.000    999.000    999.000

 Variances
    P1                94.827     13.403      7.075      0.000
    V1               118.015     24.849      4.749      0.000
    I_BFAS_AC        176.188     15.454     11.401      0.000
    S_BFAS_AC          0.117      0.130      0.894      0.371
    I_HRZ_COL        183.452     15.073     12.171      0.000
    S_HRZ_COL          0.106      0.113      0.941      0.347

 Residual Variances
    ABFAS_AC           0.000      0.000    999.000    999.000
    BBFAS_AC           0.000      0.000    999.000    999.000
    CBFAS_AC           0.000      0.000    999.000    999.000
    DBFAS_AC           0.000      0.000    999.000    999.000
    AHRZ_COL           0.000      0.000    999.000    999.000
    BHRZ_COL           0.000      0.000    999.000    999.000
    CHRZ_COL           0.000      0.000    999.000    999.000
    DHRZ_COL           0.000      0.000    999.000    999.000
    P2                66.843      7.690      8.693      0.000
    P3                66.843      7.690      8.693      0.000
    P4                66.843      7.690      8.693      0.000
    V2               111.710      9.931     11.248      0.000
    V3               111.710      9.931     11.248      0.000
    V4               111.710      9.931     11.248      0.000

Group D3

 P1       BY
    ABFAS_AC           1.000      0.000    999.000    999.000

 P2       BY
    BBFAS_AC           1.000      0.000    999.000    999.000

 P3       BY
    CBFAS_AC           1.000      0.000    999.000    999.000

 P4       BY
    DBFAS_AC           1.000      0.000    999.000    999.000

 V1       BY
    AHRZ_COL           1.000      0.000    999.000    999.000

 V2       BY
    BHRZ_COL           1.000      0.000    999.000    999.000

 V3       BY
    CHRZ_COL           1.000      0.000    999.000    999.000

 V4       BY
    DHRZ_COL           1.000      0.000    999.000    999.000

 P4         ON
    P3                 0.188      0.111      1.692      0.091
    V3                -0.048      0.069     -0.687      0.492

 P3         ON
    P2                 0.188      0.111      1.692      0.091
    V2                -0.048      0.069     -0.687      0.492

 P2         ON
    P1                 0.188      0.111      1.692      0.091
    V1                -0.048      0.069     -0.687      0.492

 V4         ON
    V3                 0.052      0.108      0.481      0.631
    P3                -0.054      0.095     -0.572      0.567

 V3         ON
    V2                 0.052      0.108      0.481      0.631
    P2                -0.054      0.095     -0.572      0.567

 V2         ON
    V1                 0.052      0.108      0.481      0.631
    P1                -0.054      0.095     -0.572      0.567

 S_BFAS_A WITH
    I_BFAS_AC         -0.833      0.766     -1.088      0.277
    S_HRZ_COL          0.097      0.102      0.953      0.340
    I_HRZ_COL         -1.163      1.862     -0.624      0.532

 I_BFAS_A WITH
    S_HRZ_COL         -0.392      1.911     -0.205      0.838
    I_HRZ_COL        110.631     12.490      8.858      0.000

 S_HRZ_CO WITH
    I_HRZ_COL         -1.824      0.818     -2.229      0.026

 P1       WITH
    V1                34.032     10.341      3.291      0.001

 P2       WITH
    V2                 2.155      6.809      0.317      0.752

 P3       WITH
    V3                 2.155      6.809      0.317      0.752

 P4       WITH
    V4                 2.155      6.809      0.317      0.752

 Means
    P1                 0.000      0.000    999.000    999.000
    V1                 0.000      0.000    999.000    999.000
    I_BFAS_AC         77.533      0.514    150.830      0.000
    S_BFAS_AC          0.139      0.047      2.969      0.003
    I_HRZ_COL         71.700      0.534    134.350      0.000
    S_HRZ_COL          0.261      0.046      5.656      0.000

 Intercepts
    ABFAS_AC           0.000      0.000    999.000    999.000
    BBFAS_AC           0.000      0.000    999.000    999.000
    CBFAS_AC           0.000      0.000    999.000    999.000
    DBFAS_AC           0.000      0.000    999.000    999.000
    AHRZ_COL           0.000      0.000    999.000    999.000
    BHRZ_COL           0.000      0.000    999.000    999.000
    CHRZ_COL           0.000      0.000    999.000    999.000
    DHRZ_COL           0.000      0.000    999.000    999.000
    P2                 0.000      0.000    999.000    999.000
    P3                 0.000      0.000    999.000    999.000
    P4                 0.000      0.000    999.000    999.000
    V2                 0.000      0.000    999.000    999.000
    V3                 0.000      0.000    999.000    999.000
    V4                 0.000      0.000    999.000    999.000

 Variances
    P1                68.235     11.432      5.969      0.000
    V1                93.720     17.152      5.464      0.000
    I_BFAS_AC        176.188     15.454     11.401      0.000
    S_BFAS_AC          0.117      0.130      0.894      0.371
    I_HRZ_COL        183.452     15.073     12.171      0.000
    S_HRZ_COL          0.106      0.113      0.941      0.347

 Residual Variances
    ABFAS_AC           0.000      0.000    999.000    999.000
    BBFAS_AC           0.000      0.000    999.000    999.000
    CBFAS_AC           0.000      0.000    999.000    999.000
    DBFAS_AC           0.000      0.000    999.000    999.000
    AHRZ_COL           0.000      0.000    999.000    999.000
    BHRZ_COL           0.000      0.000    999.000    999.000
    CHRZ_COL           0.000      0.000    999.000    999.000
    DHRZ_COL           0.000      0.000    999.000    999.000
    P2                61.941      9.494      6.524      0.000
    P3                61.941      9.494      6.524      0.000
    P4                61.941      9.494      6.524      0.000
    V2                77.531      9.297      8.340      0.000
    V3                77.531      9.297      8.340      0.000
    V4                77.531      9.297      8.340      0.000

Group D4

 P1       BY
    ABFAS_AC           1.000      0.000    999.000    999.000

 P2       BY
    BBFAS_AC           1.000      0.000    999.000    999.000

 P3       BY
    CBFAS_AC           1.000      0.000    999.000    999.000

 P4       BY
    DBFAS_AC           1.000      0.000    999.000    999.000

 V1       BY
    AHRZ_COL           1.000      0.000    999.000    999.000

 V2       BY
    BHRZ_COL           1.000      0.000    999.000    999.000

 V3       BY
    CHRZ_COL           1.000      0.000    999.000    999.000

 V4       BY
    DHRZ_COL           1.000      0.000    999.000    999.000

 P4         ON
    P3                 0.018      0.116      0.155      0.877
    V3                 0.112      0.087      1.291      0.197

 P3         ON
    P2                 0.018      0.116      0.155      0.877
    V2                 0.112      0.087      1.291      0.197

 P2         ON
    P1                 0.018      0.116      0.155      0.877
    V1                 0.112      0.087      1.291      0.197

 V4         ON
    V3                 0.096      0.131      0.735      0.462
    P3                 0.017      0.121      0.142      0.887

 V3         ON
    V2                 0.096      0.131      0.735      0.462
    P2                 0.017      0.121      0.142      0.887

 V2         ON
    V1                 0.096      0.131      0.735      0.462
    P1                 0.017      0.121      0.142      0.887

 S_BFAS_A WITH
    I_BFAS_AC         -0.833      0.766     -1.088      0.277
    S_HRZ_COL          0.097      0.102      0.953      0.340
    I_HRZ_COL         -1.163      1.862     -0.624      0.532

 I_BFAS_A WITH
    S_HRZ_COL         -0.392      1.911     -0.205      0.838
    I_HRZ_COL        110.631     12.490      8.858      0.000

 S_HRZ_CO WITH
    I_HRZ_COL         -1.824      0.818     -2.229      0.026

 P1       WITH
    V1                27.468      9.781      2.808      0.005

 P2       WITH
    V2                11.834      4.956      2.388      0.017

 P3       WITH
    V3                11.834      4.956      2.388      0.017

 P4       WITH
    V4                11.834      4.956      2.388      0.017

 Means
    P1                 0.000      0.000    999.000    999.000
    V1                 0.000      0.000    999.000    999.000
    I_BFAS_AC         77.533      0.514    150.830      0.000
    S_BFAS_AC          0.139      0.047      2.969      0.003
    I_HRZ_COL         71.700      0.534    134.350      0.000
    S_HRZ_COL          0.261      0.046      5.656      0.000

 Intercepts
    ABFAS_AC           0.000      0.000    999.000    999.000
    BBFAS_AC           0.000      0.000    999.000    999.000
    CBFAS_AC           0.000      0.000    999.000    999.000
    DBFAS_AC           0.000      0.000    999.000    999.000
    AHRZ_COL           0.000      0.000    999.000    999.000
    BHRZ_COL           0.000      0.000    999.000    999.000
    CHRZ_COL           0.000      0.000    999.000    999.000
    DHRZ_COL           0.000      0.000    999.000    999.000
    P2                 0.000      0.000    999.000    999.000
    P3                 0.000      0.000    999.000    999.000
    P4                 0.000      0.000    999.000    999.000
    V2                 0.000      0.000    999.000    999.000
    V3                 0.000      0.000    999.000    999.000
    V4                 0.000      0.000    999.000    999.000

 Variances
    P1                56.644     10.957      5.170      0.000
    V1                88.048     13.420      6.561      0.000
    I_BFAS_AC        176.188     15.454     11.401      0.000
    S_BFAS_AC          0.117      0.130      0.894      0.371
    I_HRZ_COL        183.452     15.073     12.171      0.000
    S_HRZ_COL          0.106      0.113      0.941      0.347

 Residual Variances
    ABFAS_AC           0.000      0.000    999.000    999.000
    BBFAS_AC           0.000      0.000    999.000    999.000
    CBFAS_AC           0.000      0.000    999.000    999.000
    DBFAS_AC           0.000      0.000    999.000    999.000
    AHRZ_COL           0.000      0.000    999.000    999.000
    BHRZ_COL           0.000      0.000    999.000    999.000
    CHRZ_COL           0.000      0.000    999.000    999.000
    DHRZ_COL           0.000      0.000    999.000    999.000
    P2                48.254      8.641      5.584      0.000
    P3                48.254      8.641      5.584      0.000
    P4                48.254      8.641      5.584      0.000
    V2                66.988      8.283      8.087      0.000
    V3                66.988      8.283      8.087      0.000
    V4                66.988      8.283      8.087      0.000

Group D5

 P1       BY
    ABFAS_AC           1.000      0.000    999.000    999.000

 P2       BY
    BBFAS_AC           1.000      0.000    999.000    999.000

 P3       BY
    CBFAS_AC           1.000      0.000    999.000    999.000

 P4       BY
    DBFAS_AC           1.000      0.000    999.000    999.000

 V1       BY
    AHRZ_COL           1.000      0.000    999.000    999.000

 V2       BY
    BHRZ_COL           1.000      0.000    999.000    999.000

 V3       BY
    CHRZ_COL           1.000      0.000    999.000    999.000

 V4       BY
    DHRZ_COL           1.000      0.000    999.000    999.000

 P4         ON
    P3                 0.019      0.153      0.122      0.903
    V3                 0.194      0.087      2.241      0.025

 P3         ON
    P2                 0.019      0.153      0.122      0.903
    V2                 0.194      0.087      2.241      0.025

 P2         ON
    P1                 0.019      0.153      0.122      0.903
    V1                 0.194      0.087      2.241      0.025

 V4         ON
    V3                 0.241      0.129      1.868      0.062
    P3                 0.039      0.095      0.405      0.686

 V3         ON
    V2                 0.241      0.129      1.868      0.062
    P2                 0.039      0.095      0.405      0.686

 V2         ON
    V1                 0.241      0.129      1.868      0.062
    P1                 0.039      0.095      0.405      0.686

 S_BFAS_A WITH
    I_BFAS_AC         -0.833      0.766     -1.088      0.277
    S_HRZ_COL          0.097      0.102      0.953      0.340
    I_HRZ_COL         -1.163      1.862     -0.624      0.532

 I_BFAS_A WITH
    S_HRZ_COL         -0.392      1.911     -0.205      0.838
    I_HRZ_COL        110.631     12.490      8.858      0.000

 S_HRZ_CO WITH
    I_HRZ_COL         -1.824      0.818     -2.229      0.026

 P1       WITH
    V1                16.417     15.768      1.041      0.298

 P2       WITH
    V2                11.201      7.066      1.585      0.113

 P3       WITH
    V3                11.201      7.066      1.585      0.113

 P4       WITH
    V4                11.201      7.066      1.585      0.113

 Means
    P1                 0.000      0.000    999.000    999.000
    V1                 0.000      0.000    999.000    999.000
    I_BFAS_AC         77.533      0.514    150.830      0.000
    S_BFAS_AC          0.139      0.047      2.969      0.003
    I_HRZ_COL         71.700      0.534    134.350      0.000
    S_HRZ_COL          0.261      0.046      5.656      0.000

 Intercepts
    ABFAS_AC           0.000      0.000    999.000    999.000
    BBFAS_AC           0.000      0.000    999.000    999.000
    CBFAS_AC           0.000      0.000    999.000    999.000
    DBFAS_AC           0.000      0.000    999.000    999.000
    AHRZ_COL           0.000      0.000    999.000    999.000
    BHRZ_COL           0.000      0.000    999.000    999.000
    CHRZ_COL           0.000      0.000    999.000    999.000
    DHRZ_COL           0.000      0.000    999.000    999.000
    P2                 0.000      0.000    999.000    999.000
    P3                 0.000      0.000    999.000    999.000
    P4                 0.000      0.000    999.000    999.000
    V2                 0.000      0.000    999.000    999.000
    V3                 0.000      0.000    999.000    999.000
    V4                 0.000      0.000    999.000    999.000

 Variances
    P1                67.460     22.756      2.964      0.003
    V1                75.065     17.782      4.221      0.000
    I_BFAS_AC        176.188     15.454     11.401      0.000
    S_BFAS_AC          0.117      0.130      0.894      0.371
    I_HRZ_COL        183.452     15.073     12.171      0.000
    S_HRZ_COL          0.106      0.113      0.941      0.347

 Residual Variances
    ABFAS_AC           0.000      0.000    999.000    999.000
    BBFAS_AC           0.000      0.000    999.000    999.000
    CBFAS_AC           0.000      0.000    999.000    999.000
    DBFAS_AC           0.000      0.000    999.000    999.000
    AHRZ_COL           0.000      0.000    999.000    999.000
    BHRZ_COL           0.000      0.000    999.000    999.000
    CHRZ_COL           0.000      0.000    999.000    999.000
    DHRZ_COL           0.000      0.000    999.000    999.000
    P2                46.114      7.953      5.798      0.000
    P3                46.114      7.953      5.798      0.000
    P4                46.114      7.953      5.798      0.000
    V2                70.779      8.806      8.038      0.000
    V3                70.779      8.806      8.038      0.000
    V4                70.779      8.806      8.038      0.000


QUALITY OF NUMERICAL RESULTS

     Condition Number for the Information Matrix              0.382E-05
       (ratio of smallest to largest eigenvalue)


     Beginning Time:  17:16:44
        Ending Time:  17:16:56
       Elapsed Time:  00:00:12



MUTHEN & MUTHEN
3463 Stoner Ave.
Los Angeles, CA  90066

Tel: (310) 391-9971
Fax: (310) 391-8971
Web: www.StatModel.com
Support: Support@StatModel.com

Copyright (c) 1998-2017 Muthen & Muthen
