Mplus VERSION 8 (Linux)
MUTHEN & MUTHEN
07/07/2018   3:52 PM

INPUT INSTRUCTIONS


  title: PxVx Bivariate LCM-SR - post mi - Linear bfas_nv with Linear bfa_mt;
  data: file = /home/jflournoy/code_new/lnt_pxvx/Data/lnt_nat_recalc.tsv;

  variable:
  names =
  subjid
  aage
  aaspfin
  aaspfin_d
  abfa_mt
  abfa_mt_d
  abfas_ac
  abfas_ap
  abfas_ci
  abfas_co
  abfas_ea
  abfas_ee
  abfas_nv
  abfas_nv9
  abfas_nw
  abfas_oi
  abfas_oo
  abfi_a
  abfi_a6
  abfi_c
  abfi_d_scale
  abfi_e
  abfi_hp8
  abfi_n
  abfi_o
  abfi_s_scale
  ahrz_col
  ahrz_col_d
  ahrz_ind
  ahrz_ind_d
  amvi
  ausi
  ausi_d
  avrt_col
  avrt_col_d
  avrt_ind
  avrt_ind_d
  bage
  baspfin
  baspfin_d
  bbfa_mt
  bbfa_mt_d
  bbfas_ac
  bbfas_ap
  bbfas_ci
  bbfas_co
  bbfas_ea
  bbfas_ee
  bbfas_nv
  bbfas_nv9
  bbfas_nw
  bbfas_oi
  bbfas_oo
  bbfi_a
  bbfi_a6
  bbfi_c
  bbfi_d_scale
  bbfi_e
  bbfi_hp8
  bbfi_n
  bbfi_o
  bbfi_s_scale
  bhrz_col
  bhrz_col_d
  bhrz_ind
  bhrz_ind_d
  bmvi
  busi
  busi_d
  bvrt_col
  bvrt_col_d
  bvrt_ind
  bvrt_ind_d
  cage
  caspfin
  caspfin_d
  cbfa_mt
  cbfa_mt_d
  cbfas_ac
  cbfas_ap
  cbfas_ci
  cbfas_co
  cbfas_ea
  cbfas_ee
  cbfas_nv
  cbfas_nv9
  cbfas_nw
  cbfas_oi
  cbfas_oo
  cbfi_a
  cbfi_a6
  cbfi_c
  cbfi_d_scale
  cbfi_e
  cbfi_hp8
  cbfi_n
  cbfi_o
  cbfi_s_scale
  chrz_col
  chrz_col_d
  chrz_ind
  chrz_ind_d
  cmvi
  cusi
  cusi_d
  cvrt_col
  cvrt_col_d
  cvrt_ind
  cvrt_ind_d
  dage
  daspfin
  daspfin_d
  dbfa_mt
  dbfa_mt_d
  dbfas_ac
  dbfas_ap
  dbfas_ci
  dbfas_co
  dbfas_ea
  dbfas_ee
  dbfas_nv
  dbfas_nv9
  dbfas_nw
  dbfas_oi
  dbfas_oo
  dbfi_a
  dbfi_a6
  dbfi_c
  dbfi_d_scale
  dbfi_e
  dbfi_hp8
  dbfi_n
  dbfi_o
  dbfi_s_scale
  dhrz_col
  dhrz_col_d
  dhrz_ind
  dhrz_ind_d
  dmvi
  dusi
  dusi_d
  dvrt_col
  dvrt_col_d
  dvrt_ind
  dvrt_ind_d;

  USEVARIABLES =
  abfas_nv
  bbfas_nv
  cbfas_nv
  dbfas_nv
  abfa_mt
  bbfa_mt
  cbfa_mt
  dbfa_mt
  a1
  a2
  a3
  a4
  ;

  missing = all (-9999);

  tscores = a1 a2 a3 a4;

  DEFINE:
  a1 = aage + 0 - 36;
  a2 = aage + 1 - 36;
  a3 = aage + 2 - 36;
  a4 = aage + 3 - 36;

  ANALYSIS:
  TYPE=RANDOM;
  PROCESSORS = 6;
  model=nocovariances; ! supresses default estimation of certain covs in model;

  MODEL:

  i_bfas_nv s_bfas_nv | abfas_nv bbfas_nv cbfas_nv dbfas_nv AT a1 a2 a3 a4;
  i_bfa_mt s_bfa_mt | abfa_mt bbfa_mt cbfa_mt dbfa_mt AT a1 a2 a3 a4;

  ! freeing factor covs because of "nocovariances"
  s_bfas_nv WITH i_bfas_nv s_bfa_mt i_bfa_mt;
  i_bfas_nv WITH s_bfa_mt i_bfa_mt;
  s_bfa_mt WITH i_bfa_mt;

  p1 BY abfas_nv@1; ! Residual "factors";
  p2 BY bbfas_nv@1;
  p3 BY cbfas_nv@1;
  p4 BY dbfas_nv@1;

  v1 BY abfa_mt@1; ! Residual "factors";
  v2 BY bbfa_mt@1;
  v3 BY cbfa_mt@1;
  v4 BY dbfa_mt@1;

  !residual variances on observed/manifest vars set to 0
  abfas_nv@0;
  bbfas_nv@0;
  cbfas_nv@0;
  dbfas_nv@0;

  !residual variances on observed/manifest vars set to 0
  abfa_mt@0;
  bbfa_mt@0;
  cbfa_mt@0;
  dbfa_mt@0;

  ! means of observed/manifest vars set to 0
  [abfas_nv@0];
  [bbfas_nv@0];
  [cbfas_nv@0];
  [dbfas_nv@0];

  ! means of observed/manifest vars set to 0
  [abfa_mt@0];
  [bbfa_mt@0];
  [cbfa_mt@0];
  [dbfa_mt@0];

  [p1@0]; ! means of residual "factors" set to 0
  [p2@0];
  [p3@0];
  [p4@0];

  [v1@0]; ! means of residual "factors" set to 0
  [v2@0];
  [v3@0];
  [v4@0];

  p4 on p3 (a); ! Autoregressive paths constrained to equality
  p3 on p2 (a);
  p2 on p1 (a);

  v4 on v3 (b); ! Autoregressive paths constrained to equality
  v3 on v2 (b);
  v2 on v1 (b);

  p4 on v3 (c); ! Cross-lagged paths constrained to equality
  p3 on v2 (c);
  p2 on v1 (c);

  v4 on p3 (d); ! Cross-lagged paths constrained to equality
  v3 on p2 (d);
  v2 on p1 (d);

  p1 with v1; !(this one is not like the others)

  p2 with v2 (e); ! Within-wave correlations constrained to equality
  p3 with v3 (e);
  p4 with v4 (e);

  p2 p3 p4 (f); ! estimate variances of residual "factors"
  v2 v3 v4 (g); ! estimate variances of residual "factors"

  OUTPUT: SAMPSTAT PATTERNS;



*** WARNING
  Data set contains cases with missing on time scores but non-missing on the
  corresponding dependent variables.  These cases were not included in the analysis.
  Number of such cases:  5
   1 WARNING(S) FOUND IN THE INPUT INSTRUCTIONS



PxVx Bivariate LCM-SR - post mi - Linear bfas_nv with Linear bfa_mt;

SUMMARY OF ANALYSIS

Number of groups                                                 1
Number of observations                                         864

Number of dependent variables                                    8
Number of independent variables                                  0
Number of continuous latent variables                           12

Observed dependent variables

  Continuous
   ABFAS_NV    BBFAS_NV    CBFAS_NV    DBFAS_NV    ABFA_MT     BBFA_MT
   CBFA_MT     DBFA_MT

Continuous latent variables
   P1          P2          P3          P4          V1          V2
   V3          V4          I_BFAS_N    S_BFAS_N    I_BFA_MT    S_BFA_MT

Variables with special functions

  Time scores
   A1          A2          A3          A4


Estimator                                                      MLR
Information matrix                                        OBSERVED
Maximum number of iterations                                   100
Convergence criterion                                    0.100D-05
Maximum number of EM iterations                                500
Convergence criteria for the EM algorithm
  Loglikelihood change                                   0.100D-02
  Relative loglikelihood change                          0.100D-05
  Derivative                                             0.100D-03
Minimum variance                                         0.100D-03
Maximum number of steepest descent iterations                   20
Maximum number of iterations for H1                           2000
Convergence criterion for H1                             0.100D-03
Optimization algorithm                                         EMA

Input data file(s)
  /home/jflournoy/code_new/lnt_pxvx/Data/lnt_nat_recalc.tsv
Input data format  FREE


SUMMARY OF DATA

     Number of missing data patterns            13


SUMMARY OF MISSING DATA PATTERNS


     MISSING DATA PATTERNS (x = not missing)

           1  2  3  4  5  6  7  8  9 10 11 12 13
 ABFAS_NV  x  x  x  x  x  x  x  x  x  x  x  x  x
 BBFAS_NV  x     x  x        x     x  x  x
 CBFAS_NV  x           x     x  x  x  x  x  x
 DBFAS_NV  x     x     x  x        x  x  x  x  x
 ABFA_MT   x  x  x  x  x  x  x  x  x  x     x  x
 BBFA_MT   x     x  x        x     x     x
 CBFA_MT   x           x     x  x  x  x  x  x
 DBFA_MT   x     x     x  x           x  x


     MISSING DATA PATTERN FREQUENCIES

    Pattern   Frequency     Pattern   Frequency     Pattern   Frequency
          1         493           6          25          11           2
          2         169           7          47          12           2
          3          27           8          22          13           1
          4          52           9           1
          5          21          10           2


COVARIANCE COVERAGE OF DATA

Minimum covariance coverage value   0.100


     PROPORTION OF DATA PRESENT


           Covariance Coverage
              ABFAS_NV      BBFAS_NV      CBFAS_NV      DBFAS_NV      ABFA_MT
              ________      ________      ________      ________      ________
 ABFAS_NV       1.000
 BBFAS_NV       0.722         0.722
 CBFAS_NV       0.683         0.631         0.683
 DBFAS_NV       0.664         0.608         0.603         0.664
 ABFA_MT        0.998         0.720         0.681         0.662         0.998
 BBFA_MT        0.720         0.720         0.628         0.605         0.718
 CBFA_MT        0.683         0.631         0.683         0.603         0.681
 DBFA_MT        0.660         0.606         0.600         0.660         0.657


           Covariance Coverage
              BBFA_MT       CBFA_MT       DBFA_MT
              ________      ________      ________
 BBFA_MT        0.720
 CBFA_MT        0.628         0.683
 DBFA_MT        0.604         0.600         0.660


SAMPLE STATISTICS


     ESTIMATED SAMPLE STATISTICS


           Means
              ABFAS_NV      BBFAS_NV      CBFAS_NV      DBFAS_NV      ABFA_MT
              ________      ________      ________      ________      ________
               43.796        43.569        42.873        42.944        39.745


           Means
              BBFA_MT       CBFA_MT       DBFA_MT
              ________      ________      ________
               39.763        39.583        39.701


           Covariances
              ABFAS_NV      BBFAS_NV      CBFAS_NV      DBFAS_NV      ABFA_MT
              ________      ________      ________      ________      ________
 ABFAS_NV     486.828
 BBFAS_NV     379.955       442.693
 CBFAS_NV     365.579       370.366       452.780
 DBFAS_NV     368.917       370.715       385.071       479.194
 ABFA_MT      106.017        97.433        98.190        93.934       403.873
 BBFA_MT       91.351       104.467       114.580       105.222       302.046
 CBFA_MT       89.647        99.561       117.630       113.417       294.786
 DBFA_MT      101.040       103.120       109.842       116.172       280.664


           Covariances
              BBFA_MT       CBFA_MT       DBFA_MT
              ________      ________      ________
 BBFA_MT      399.465
 CBFA_MT      323.375       417.004
 DBFA_MT      303.447       323.457       406.285


           Correlations
              ABFAS_NV      BBFAS_NV      CBFAS_NV      DBFAS_NV      ABFA_MT
              ________      ________      ________      ________      ________
 ABFAS_NV       1.000
 BBFAS_NV       0.818         1.000
 CBFAS_NV       0.779         0.827         1.000
 DBFAS_NV       0.764         0.805         0.827         1.000
 ABFA_MT        0.239         0.230         0.230         0.214         1.000
 BBFA_MT        0.207         0.248         0.269         0.240         0.752
 CBFA_MT        0.199         0.232         0.271         0.254         0.718
 DBFA_MT        0.227         0.243         0.256         0.263         0.693


           Correlations
              BBFA_MT       CBFA_MT       DBFA_MT
              ________      ________      ________
 BBFA_MT        1.000
 CBFA_MT        0.792         1.000
 DBFA_MT        0.753         0.786         1.000


     MAXIMUM LOG-LIKELIHOOD VALUE FOR THE UNRESTRICTED (H1) MODEL IS -21590.527


UNIVARIATE SAMPLE STATISTICS


     UNIVARIATE HIGHER-ORDER MOMENT DESCRIPTIVE STATISTICS

         Variable/         Mean/     Skewness/   Minimum/ % with                Percentiles
        Sample Size      Variance    Kurtosis    Maximum  Min/Max      20%/60%    40%/80%    Median

     ABFAS_NV             43.796       0.157       0.000    1.04%      22.500     35.000     42.500
             864.000     486.828      -0.646     100.000    0.46%      50.000     63.889
     BBFAS_NV             43.309       0.234       0.000    0.64%      25.000     35.000     42.500
             624.000     446.272      -0.565      97.500    0.32%      47.500     62.500
     CBFAS_NV             42.825       0.197       0.000    0.34%      22.500     35.000     41.250
             590.000     455.625      -0.691     100.000    0.17%      47.500     62.500
     DBFAS_NV             42.654       0.167       0.000    2.26%      22.500     35.000     42.500
             574.000     486.773      -0.646     100.000    0.52%      47.500     65.000
     ABFA_MT              39.773       0.270       0.000    1.74%      20.833     33.333     37.500
             862.000     404.014      -0.332     100.000    0.12%      45.833     58.333
     BBFA_MT              39.768       0.295       0.000    1.93%      20.833     33.333     37.500
             622.000     400.222      -0.310     100.000    0.16%      45.833     58.333
     CBFA_MT              39.782       0.255       0.000    2.54%      20.833     33.333     37.500
             590.000     416.290      -0.408     100.000    0.17%      45.833     58.333
     DBFA_MT              39.990       0.305       0.000    2.28%      20.833     33.333     37.500
             570.000     412.123      -0.235     100.000    0.53%      45.833     58.333


THE MODEL ESTIMATION TERMINATED NORMALLY



MODEL FIT INFORMATION

Number of Free Parameters                       24

Loglikelihood

          H0 Value                      -21583.962
          H0 Scaling Correction Factor      1.1200
            for MLR

Information Criteria

          Akaike (AIC)                   43215.924
          Bayesian (BIC)                 43330.202
          Sample-Size Adjusted BIC       43253.984
            (n* = (n + 2) / 24)



MODEL RESULTS

                                                    Two-Tailed
                    Estimate       S.E.  Est./S.E.    P-Value

 P1       BY
    ABFAS_NV           1.000      0.000    999.000    999.000

 P2       BY
    BBFAS_NV           1.000      0.000    999.000    999.000

 P3       BY
    CBFAS_NV           1.000      0.000    999.000    999.000

 P4       BY
    DBFAS_NV           1.000      0.000    999.000    999.000

 V1       BY
    ABFA_MT            1.000      0.000    999.000    999.000

 V2       BY
    BBFA_MT            1.000      0.000    999.000    999.000

 V3       BY
    CBFA_MT            1.000      0.000    999.000    999.000

 V4       BY
    DBFA_MT            1.000      0.000    999.000    999.000

 P4         ON
    P3                 0.157      0.050      3.141      0.002
    V3                 0.061      0.034      1.808      0.071

 P3         ON
    P2                 0.157      0.050      3.141      0.002
    V2                 0.061      0.034      1.808      0.071

 P2         ON
    P1                 0.157      0.050      3.141      0.002
    V1                 0.061      0.034      1.808      0.071

 V4         ON
    V3                 0.169      0.058      2.896      0.004
    P3                -0.032      0.040     -0.781      0.435

 V3         ON
    V2                 0.169      0.058      2.896      0.004
    P2                -0.032      0.040     -0.781      0.435

 V2         ON
    V1                 0.169      0.058      2.896      0.004
    P1                -0.032      0.040     -0.781      0.435

 S_BFAS_N WITH
    I_BFAS_NV         -1.269      0.873     -1.454      0.146
    S_BFA_MT           0.070      0.123      0.574      0.566
    I_BFA_MT          -0.484      2.839     -0.171      0.865

 I_BFAS_N WITH
    S_BFA_MT           0.539      2.908      0.185      0.853
    I_BFA_MT          81.370     17.850      4.559      0.000

 S_BFA_MT WITH
    I_BFA_MT          -0.903      0.818     -1.104      0.270

 P1       WITH
    V1                21.942      6.610      3.320      0.001

 P2       WITH
    V2                 7.429      3.674      2.022      0.043

 P3       WITH
    V3                 7.429      3.674      2.022      0.043

 P4       WITH
    V4                 7.429      3.674      2.022      0.043

 Means
    P1                 0.000      0.000    999.000    999.000
    V1                 0.000      0.000    999.000    999.000
    I_BFAS_NV         43.710      0.696     62.821      0.000
    S_BFAS_NV         -0.260      0.063     -4.104      0.000
    I_BFA_MT          40.025      0.632     63.295      0.000
    S_BFA_MT          -0.251      0.058     -4.343      0.000

 Intercepts
    ABFAS_NV           0.000      0.000    999.000    999.000
    BBFAS_NV           0.000      0.000    999.000    999.000
    CBFAS_NV           0.000      0.000    999.000    999.000
    DBFAS_NV           0.000      0.000    999.000    999.000
    ABFA_MT            0.000      0.000    999.000    999.000
    BBFA_MT            0.000      0.000    999.000    999.000
    CBFA_MT            0.000      0.000    999.000    999.000
    DBFA_MT            0.000      0.000    999.000    999.000
    P2                 0.000      0.000    999.000    999.000
    P3                 0.000      0.000    999.000    999.000
    P4                 0.000      0.000    999.000    999.000
    V2                 0.000      0.000    999.000    999.000
    V3                 0.000      0.000    999.000    999.000
    V4                 0.000      0.000    999.000    999.000

 Variances
    P1               124.062     12.407      9.999      0.000
    V1               132.122     10.260     12.877      0.000
    I_BFAS_NV        336.472     24.776     13.580      0.000
    S_BFAS_NV          0.207      0.168      1.232      0.218
    I_BFA_MT         276.998     21.163     13.089      0.000
    S_BFA_MT           0.072      0.127      0.571      0.568

 Residual Variances
    ABFAS_NV           0.000      0.000    999.000    999.000
    BBFAS_NV           0.000      0.000    999.000    999.000
    CBFAS_NV           0.000      0.000    999.000    999.000
    DBFAS_NV           0.000      0.000    999.000    999.000
    ABFA_MT            0.000      0.000    999.000    999.000
    BBFA_MT            0.000      0.000    999.000    999.000
    CBFA_MT            0.000      0.000    999.000    999.000
    DBFA_MT            0.000      0.000    999.000    999.000
    P2                90.086      5.481     16.436      0.000
    P3                90.086      5.481     16.436      0.000
    P4                90.086      5.481     16.436      0.000
    V2               102.608      8.169     12.561      0.000
    V3               102.608      8.169     12.561      0.000
    V4               102.608      8.169     12.561      0.000


QUALITY OF NUMERICAL RESULTS

     Condition Number for the Information Matrix              0.418E-04
       (ratio of smallest to largest eigenvalue)


     Beginning Time:  15:52:12
        Ending Time:  15:52:14
       Elapsed Time:  00:00:02



MUTHEN & MUTHEN
3463 Stoner Ave.
Los Angeles, CA  90066

Tel: (310) 391-9971
Fax: (310) 391-8971
Web: www.StatModel.com
Support: Support@StatModel.com

Copyright (c) 1998-2017 Muthen & Muthen
