Mplus VERSION 8 (Linux)
MUTHEN & MUTHEN
07/08/2018   5:16 PM

INPUT INSTRUCTIONS


  title: PxVx Bivariate LCM-SR - 40splitgroup - Linear bfas_ac with Linear hrz_col_d;
  data: file = /home/jflournoy/code_new/lnt_pxvx/Data/lnt_nat_recalc.tsv;

  variable:
  names =
  subjid
  aage
  aaspfin
  aaspfin_d
  abfa_mt
  abfa_mt_d
  abfas_ac
  abfas_ap
  abfas_ci
  abfas_co
  abfas_ea
  abfas_ee
  abfas_nv
  abfas_nv9
  abfas_nw
  abfas_oi
  abfas_oo
  abfi_a
  abfi_a6
  abfi_c
  abfi_d_scale
  abfi_e
  abfi_hp8
  abfi_n
  abfi_o
  abfi_s_scale
  ahrz_col
  ahrz_col_d
  ahrz_ind
  ahrz_ind_d
  amvi
  ausi
  ausi_d
  avrt_col
  avrt_col_d
  avrt_ind
  avrt_ind_d
  bage
  baspfin
  baspfin_d
  bbfa_mt
  bbfa_mt_d
  bbfas_ac
  bbfas_ap
  bbfas_ci
  bbfas_co
  bbfas_ea
  bbfas_ee
  bbfas_nv
  bbfas_nv9
  bbfas_nw
  bbfas_oi
  bbfas_oo
  bbfi_a
  bbfi_a6
  bbfi_c
  bbfi_d_scale
  bbfi_e
  bbfi_hp8
  bbfi_n
  bbfi_o
  bbfi_s_scale
  bhrz_col
  bhrz_col_d
  bhrz_ind
  bhrz_ind_d
  bmvi
  busi
  busi_d
  bvrt_col
  bvrt_col_d
  bvrt_ind
  bvrt_ind_d
  cage
  caspfin
  caspfin_d
  cbfa_mt
  cbfa_mt_d
  cbfas_ac
  cbfas_ap
  cbfas_ci
  cbfas_co
  cbfas_ea
  cbfas_ee
  cbfas_nv
  cbfas_nv9
  cbfas_nw
  cbfas_oi
  cbfas_oo
  cbfi_a
  cbfi_a6
  cbfi_c
  cbfi_d_scale
  cbfi_e
  cbfi_hp8
  cbfi_n
  cbfi_o
  cbfi_s_scale
  chrz_col
  chrz_col_d
  chrz_ind
  chrz_ind_d
  cmvi
  cusi
  cusi_d
  cvrt_col
  cvrt_col_d
  cvrt_ind
  cvrt_ind_d
  dage
  daspfin
  daspfin_d
  dbfa_mt
  dbfa_mt_d
  dbfas_ac
  dbfas_ap
  dbfas_ci
  dbfas_co
  dbfas_ea
  dbfas_ee
  dbfas_nv
  dbfas_nv9
  dbfas_nw
  dbfas_oi
  dbfas_oo
  dbfi_a
  dbfi_a6
  dbfi_c
  dbfi_d_scale
  dbfi_e
  dbfi_hp8
  dbfi_n
  dbfi_o
  dbfi_s_scale
  dhrz_col
  dhrz_col_d
  dhrz_ind
  dhrz_ind_d
  dmvi
  dusi
  dusi_d
  dvrt_col
  dvrt_col_d
  dvrt_ind
  dvrt_ind_d;

  USEVARIABLES =
  abfas_ac
  bbfas_ac
  cbfas_ac
  dbfas_ac
  ahrz_col_d
  bhrz_col_d
  chrz_col_d
  dhrz_col_d
  a1
  a2
  a3
  a4
  aagegrp
  ;

  missing = all (-9999);

  tscores = a1 a2 a3 a4;

  grouping = aagegrp (0=earlier, 1=later);

  DEFINE:

  aagegrp = aage;

  cut aagegrp (39);

  a1 = aage + 0 - 36;
  a2 = aage + 1 - 36;
  a3 = aage + 2 - 36;
  a4 = aage + 3 - 36;

  ANALYSIS:
  TYPE=RANDOM;
  PROCESSORS = 6;
  model=nocovariances; ! supresses default estimation of certain covs in model;

  MODEL:

  i_bfas_ac s_bfas_ac | abfas_ac bbfas_ac cbfas_ac dbfas_ac AT a1 a2 a3 a4;
  i_hrz_col_d s_hrz_col_d | ahrz_col_d bhrz_col_d chrz_col_d dhrz_col_d AT a1 a2 a3 a4;

  ! freeing factor covs because of "nocovariances"
  ! But ensure they are constrained across groups
  s_bfas_ac WITH i_bfas_ac (p)
  s_hrz_col_d (q)
  i_hrz_col_d (r);
  i_bfas_ac WITH s_hrz_col_d (s)
  i_hrz_col_d (t);
  s_hrz_col_d WITH i_hrz_col_d (u);

  !constrain latent growth means across groups
  [i_bfas_ac] (v);
  [s_bfas_ac] (w);
  [i_hrz_col_d] (x);
  [s_hrz_col_d] (y);

  !constrain latent growth variances across groups
  i_bfas_ac (l);
  s_bfas_ac (m);
  i_hrz_col_d (n);
  s_hrz_col_d (o);

  p1 BY abfas_ac@1; ! Residual "factors";
  p2 BY bbfas_ac@1;
  p3 BY cbfas_ac@1;
  p4 BY dbfas_ac@1;

  v1 BY ahrz_col_d@1; ! Residual "factors";
  v2 BY bhrz_col_d@1;
  v3 BY chrz_col_d@1;
  v4 BY dhrz_col_d@1;

  !residual variances on observed/manifest vars set to 0
  abfas_ac@0;
  bbfas_ac@0;
  cbfas_ac@0;
  dbfas_ac@0;

  !residual variances on observed/manifest vars set to 0
  ahrz_col_d@0;
  bhrz_col_d@0;
  chrz_col_d@0;
  dhrz_col_d@0;

  ! means of observed/manifest vars set to 0
  [abfas_ac@0];
  [bbfas_ac@0];
  [cbfas_ac@0];
  [dbfas_ac@0];

  ! means of observed/manifest vars set to 0
  [ahrz_col_d@0];
  [bhrz_col_d@0];
  [chrz_col_d@0];
  [dhrz_col_d@0];

  [p1@0]; ! means of residual "factors" set to 0
  [p2@0];
  [p3@0];
  [p4@0];

  [v1@0]; ! means of residual "factors" set to 0
  [v2@0];
  [v3@0];
  [v4@0];

  p4 on p3 (a); ! Autoregressive paths constrained to equality
  p3 on p2 (a);
  p2 on p1 (a);

  v4 on v3 (b); ! Autoregressive paths constrained to equality
  v3 on v2 (b);
  v2 on v1 (b);

  p4 on v3 (c); ! Cross-lagged paths constrained to equality
  p3 on v2 (c);
  p2 on v1 (c);

  v4 on p3 (d); ! Cross-lagged paths constrained to equality
  v3 on p2 (d);
  v2 on p1 (d);

  p1 with v1; !(this one is not like the others)

  p2 with v2 (e); ! Within-wave correlations constrained to equality
  p3 with v3 (e);
  p4 with v4 (e);

  p2 p3 p4 (f); ! estimate variances of residual "factors"
  v2 v3 v4 (g); ! estimate variances of residual "factors"

  MODEL earlier:

  p4 on p3 (a23); ! Autoregressive paths constrained to equality
  p3 on p2 (a23);
  p2 on p1 (a23);

  v4 on v3 (b23); ! Autoregressive paths constrained to equality
  v3 on v2 (b23);
  v2 on v1 (b23);

  p4 on v3 (c23); ! Cross-lagged paths constrained to equality
  p3 on v2 (c23);
  p2 on v1 (c23);

  v4 on p3 (d23); ! Cross-lagged paths constrained to equality
  v3 on p2 (d23);
  v2 on p1 (d23);

  p1 with v1; !(this one is not like the others)

  p2 with v2 (e23); ! Within-wave correlations constrained to equality
  p3 with v3 (e23);
  p4 with v4 (e23);

  p2 p3 p4 (f23); ! estimate variances of residual "factors"
  v2 v3 v4 (g23); ! estimate variances of residual "factors"

  MODEL later:

  p4 on p3 (a45); ! Autoregressive paths constrained to equality
  p3 on p2 (a45);
  p2 on p1 (a45);

  v4 on v3 (b45); ! Autoregressive paths constrained to equality
  v3 on v2 (b45);
  v2 on v1 (b45);

  p4 on v3 (c45); ! Cross-lagged paths constrained to equality
  p3 on v2 (c45);
  p2 on v1 (c45);

  v4 on p3 (d45); ! Cross-lagged paths constrained to equality
  v3 on p2 (d45);
  v2 on p1 (d45);

  p1 with v1; !(this one is not like the others)

  p2 with v2 (e45); ! Within-wave correlations constrained to equality
  p3 with v3 (e45);
  p4 with v4 (e45);

  p2 p3 p4 (f45); ! estimate variances of residual "factors"
  v2 v3 v4 (g45); ! estimate variances of residual "factors"

  OUTPUT: SAMPSTAT PATTERNS;



*** WARNING in VARIABLE command
  Note that only the first 8 characters of variable names are used in the output.
  Shorten variable names to avoid any confusion.
*** WARNING
  Data set contains unknown or missing values for GROUPING,
  PATTERN, COHORT, CLUSTER and/or STRATIFICATION variables.
  Number of cases with unknown or missing values:  5
   2 WARNING(S) FOUND IN THE INPUT INSTRUCTIONS



PxVx Bivariate LCM-SR - 40splitgroup - Linear bfas_ac with Linear hrz_col_d;

SUMMARY OF ANALYSIS

Number of groups                                                 2
Number of observations
   Group EARLIER                                               534
   Group LATER                                                 330
   Total sample size                                           864

Number of dependent variables                                    8
Number of independent variables                                  0
Number of continuous latent variables                           12

Observed dependent variables

  Continuous
   ABFAS_AC    BBFAS_AC    CBFAS_AC    DBFAS_AC    AHRZ_COL_D  BHRZ_COL_D
   CHRZ_COL_D  DHRZ_COL_D

Continuous latent variables
   P1          P2          P3          P4          V1          V2
   V3          V4          I_BFAS_A    S_BFAS_A    I_HRZ_CO    S_HRZ_CO

Variables with special functions

  Grouping variable     AAGEGRP

  Time scores
   A1          A2          A3          A4


Estimator                                                      MLR
Information matrix                                        OBSERVED
Maximum number of iterations                                   100
Convergence criterion                                    0.100D-05
Maximum number of EM iterations                                500
Convergence criteria for the EM algorithm
  Loglikelihood change                                   0.100D-02
  Relative loglikelihood change                          0.100D-05
  Derivative                                             0.100D-03
Minimum variance                                         0.100D-03
Maximum number of steepest descent iterations                   20
Maximum number of iterations for H1                           2000
Convergence criterion for H1                             0.100D-03
Optimization algorithm                                         EMA

Input data file(s)
  /home/jflournoy/code_new/lnt_pxvx/Data/lnt_nat_recalc.tsv
Input data format  FREE


SUMMARY OF DATA

   Group EARLIER
     Number of missing data patterns            16

   Group LATER
     Number of missing data patterns            15


SUMMARY OF MISSING DATA PATTERNS


     MISSING DATA PATTERNS (x = not missing) FOR EARLIER

           1  2  3  4  5  6  7  8  9 10 11 12 13 14 15 16
 ABFAS_AC  x  x  x  x  x  x  x  x  x  x  x     x  x  x  x
 BBFAS_AC  x     x     x  x  x        x  x  x  x  x
 CBFAS_AC  x        x  x     x     x  x     x  x  x  x
 DBFAS_AC  x     x  x  x        x           x  x     x  x
 AHRZ_COL  x  x  x  x  x  x  x  x  x  x  x  x  x  x  x  x
 BHRZ_COL  x     x     x  x  x        x     x     x  x
 CHRZ_COL  x        x        x     x        x  x  x  x
 DHRZ_COL  x     x  x  x        x           x  x  x  x


     MISSING DATA PATTERN FREQUENCIES FOR EARLIER

    Pattern   Frequency     Pattern   Frequency     Pattern   Frequency
          1         325           7          20          13           2
          2         101           8          14          14           1
          3          14           9          12          15           1
          4          12          10           1          16           1
          5           1          11           2
          6          26          12           1


     MISSING DATA PATTERNS (x = not missing) FOR LATER

           1  2  3  4  5  6  7  8  9 10 11 12 13 14 15
 ABFAS_AC  x  x  x  x  x  x  x  x  x  x     x  x  x  x
 BBFAS_AC  x     x     x  x  x        x  x  x     x
 CBFAS_AC  x        x  x     x     x     x  x        x
 DBFAS_AC  x     x  x  x        x        x  x     x
 AHRZ_COL  x  x  x  x  x  x  x  x  x  x  x  x     x  x
 BHRZ_COL  x     x     x  x  x           x
 CHRZ_COL  x        x        x     x     x  x
 DHRZ_COL  x     x  x  x        x        x  x     x


     MISSING DATA PATTERN FREQUENCIES FOR LATER

    Pattern   Frequency     Pattern   Frequency     Pattern   Frequency
          1         164           6          22          11           1
          2          68           7          26          12           1
          3          12           8          10          13           1
          4           9           9          11          14           1
          5           1          10           2          15           1


COVARIANCE COVERAGE OF DATA

Minimum covariance coverage value   0.100


     PROPORTION OF DATA PRESENT FOR EARLIER


           Covariance Coverage
              ABFAS_AC      BBFAS_AC      CBFAS_AC      DBFAS_AC      AHRZ_COL
              ________      ________      ________      ________      ________
 ABFAS_AC       0.998
 BBFAS_AC       0.734         0.736
 CBFAS_AC       0.702         0.657         0.704
 DBFAS_AC       0.693         0.642         0.640         0.695
 AHRZ_COL       0.998         0.736         0.704         0.695         1.000
 BHRZ_COL       0.728         0.728         0.655         0.640         0.730
 CHRZ_COL       0.699         0.654         0.700         0.639         0.700
 DHRZ_COL       0.693         0.644         0.642         0.693         0.695


           Covariance Coverage
              BHRZ_COL      CHRZ_COL      DHRZ_COL
              ________      ________      ________
 BHRZ_COL       0.730
 CHRZ_COL       0.652         0.700
 DHRZ_COL       0.642         0.640         0.695


     PROPORTION OF DATA PRESENT FOR LATER


           Covariance Coverage
              ABFAS_AC      BBFAS_AC      CBFAS_AC      DBFAS_AC      AHRZ_COL
              ________      ________      ________      ________      ________
 ABFAS_AC       0.997
 BBFAS_AC       0.697         0.700
 CBFAS_AC       0.655         0.594         0.658
 DBFAS_AC       0.600         0.542         0.536         0.603
 AHRZ_COL       0.997         0.700         0.658         0.603         1.000
 BHRZ_COL       0.694         0.694         0.594         0.542         0.697
 CHRZ_COL       0.645         0.585         0.648         0.533         0.648
 DHRZ_COL       0.603         0.545         0.539         0.603         0.606


           Covariance Coverage
              BHRZ_COL      CHRZ_COL      DHRZ_COL
              ________      ________      ________
 BHRZ_COL       0.697
 CHRZ_COL       0.585         0.648
 DHRZ_COL       0.545         0.536         0.606


SAMPLE STATISTICS


     ESTIMATED SAMPLE STATISTICS FOR EARLIER


           Means
              ABFAS_AC      BBFAS_AC      CBFAS_AC      DBFAS_AC      AHRZ_COL
              ________      ________      ________      ________      ________
               76.621        76.466        76.065        77.217        71.559


           Means
              BHRZ_COL      CHRZ_COL      DHRZ_COL
              ________      ________      ________
               70.668        70.705        70.370


           Covariances
              ABFAS_AC      BBFAS_AC      CBFAS_AC      DBFAS_AC      AHRZ_COL
              ________      ________      ________      ________      ________
 ABFAS_AC     272.036
 BBFAS_AC     220.954       285.999
 CBFAS_AC     199.104       232.602       277.310
 DBFAS_AC     192.236       206.781       217.084       251.248
 AHRZ_COL     164.819       141.040       124.226       119.432       314.347
 BHRZ_COL     145.875       152.842       132.422       134.733       212.454
 CHRZ_COL     143.259       160.428       166.331       138.316       208.403
 DHRZ_COL     142.629       146.667       143.706       147.584       206.290


           Covariances
              BHRZ_COL      CHRZ_COL      DHRZ_COL
              ________      ________      ________
 BHRZ_COL     329.242
 CHRZ_COL     231.613       357.289
 DHRZ_COL     225.345       239.714       341.428


           Correlations
              ABFAS_AC      BBFAS_AC      CBFAS_AC      DBFAS_AC      AHRZ_COL
              ________      ________      ________      ________      ________
 ABFAS_AC       1.000
 BBFAS_AC       0.792         1.000
 CBFAS_AC       0.725         0.826         1.000
 DBFAS_AC       0.735         0.771         0.822         1.000
 AHRZ_COL       0.564         0.470         0.421         0.425         1.000
 BHRZ_COL       0.487         0.498         0.438         0.468         0.660
 CHRZ_COL       0.460         0.502         0.528         0.462         0.622
 DHRZ_COL       0.468         0.469         0.467         0.504         0.630


           Correlations
              BHRZ_COL      CHRZ_COL      DHRZ_COL
              ________      ________      ________
 BHRZ_COL       1.000
 CHRZ_COL       0.675         1.000
 DHRZ_COL       0.672         0.686         1.000


     ESTIMATED SAMPLE STATISTICS FOR LATER


           Means
              ABFAS_AC      BBFAS_AC      CBFAS_AC      DBFAS_AC      AHRZ_COL
              ________      ________      ________      ________      ________
               79.331        79.985        79.402        78.502        75.018


           Means
              BHRZ_COL      CHRZ_COL      DHRZ_COL
              ________      ________      ________
               73.009        73.391        72.618


           Covariances
              ABFAS_AC      BBFAS_AC      CBFAS_AC      DBFAS_AC      AHRZ_COL
              ________      ________      ________      ________      ________
 ABFAS_AC     244.476
 BBFAS_AC     166.332       189.845
 CBFAS_AC     183.074       162.561       228.501
 DBFAS_AC     201.617       174.278       200.708       262.236
 AHRZ_COL     136.029       106.187       110.948       117.327       254.697
 BHRZ_COL     121.502       124.781       128.327       128.087       180.680
 CHRZ_COL     122.550       109.563       125.383       143.521       157.613
 DHRZ_COL     129.723       100.191       127.415       147.053       159.457


           Covariances
              BHRZ_COL      CHRZ_COL      DHRZ_COL
              ________      ________      ________
 BHRZ_COL     266.717
 CHRZ_COL     182.517       246.305
 DHRZ_COL     178.618       179.527       270.748


           Correlations
              ABFAS_AC      BBFAS_AC      CBFAS_AC      DBFAS_AC      AHRZ_COL
              ________      ________      ________      ________      ________
 ABFAS_AC       1.000
 BBFAS_AC       0.772         1.000
 CBFAS_AC       0.775         0.780         1.000
 DBFAS_AC       0.796         0.781         0.820         1.000
 AHRZ_COL       0.545         0.483         0.460         0.454         1.000
 BHRZ_COL       0.476         0.555         0.520         0.484         0.693
 CHRZ_COL       0.499         0.507         0.529         0.565         0.629
 DHRZ_COL       0.504         0.442         0.512         0.552         0.607


           Correlations
              BHRZ_COL      CHRZ_COL      DHRZ_COL
              ________      ________      ________
 BHRZ_COL       1.000
 CHRZ_COL       0.712         1.000
 DHRZ_COL       0.665         0.695         1.000


     MAXIMUM LOG-LIKELIHOOD VALUE FOR THE UNRESTRICTED (H1) MODEL IS -20464.928


UNIVARIATE SAMPLE STATISTICS


     UNIVARIATE HIGHER-ORDER MOMENT DESCRIPTIVE STATISTICS FOR EARLIER

         Variable/         Mean/     Skewness/   Minimum/ % with                Percentiles
        Sample Size      Variance    Kurtosis    Maximum  Min/Max      20%/60%    40%/80%    Median

     ABFAS_AC             76.600      -0.832      12.500    0.19%      62.500     75.000     80.000
             533.000     272.162       0.474     100.000    4.88%      82.500     90.000
     BBFAS_AC             76.789      -0.822      10.000    0.25%      65.000     75.000     80.000
             393.000     284.938       0.456     100.000    6.62%      82.500     92.500
     CBFAS_AC             76.020      -0.774      20.000    0.27%      62.500     75.000     77.500
             376.000     280.371       0.172     100.000    5.32%      82.500     92.500
     DBFAS_AC             77.564      -0.975      10.000    0.27%      67.500     75.000     80.000
             371.000     250.754       1.084     100.000    5.12%      82.500     90.000
     AHRZ_COL_D           71.559      -0.683       8.333    0.19%      58.333     66.667     75.000
             534.000     314.347       0.416     100.000    7.30%      75.000     83.333
     BHRZ_COL_D           70.791      -0.756      16.667    1.54%      58.333     66.667     75.000
             390.000     322.826       0.458     100.000    5.64%      75.000     83.333
     CHRZ_COL_D           70.744      -0.682       8.333    0.80%      58.333     66.667     75.000
             374.000     355.291       0.421     100.000    7.49%      75.000     91.667
     DHRZ_COL_D           70.463      -0.839       0.000    0.54%      58.333     66.667     75.000
             371.000     344.043       1.102     100.000    6.74%      75.000     83.333


     UNIVARIATE HIGHER-ORDER MOMENT DESCRIPTIVE STATISTICS FOR LATER

         Variable/         Mean/     Skewness/   Minimum/ % with                Percentiles
        Sample Size      Variance    Kurtosis    Maximum  Min/Max      20%/60%    40%/80%    Median

     ABFAS_AC             79.280      -1.000       7.500    0.30%      70.000     77.500     80.000
             329.000     244.143       1.362     100.000    8.81%      85.000     92.500
     BBFAS_AC             80.291      -0.861      32.500    0.43%      70.000     77.500     82.500
             230.000     194.586       0.654     100.000    7.39%      85.000     92.500
     CBFAS_AC             80.023      -0.934      17.500    0.47%      70.000     77.500     82.500
             214.000     235.287       0.989     100.000    7.94%      87.500     95.000
     DBFAS_AC             79.576      -1.124       5.000    0.50%      70.000     77.500     80.000
             199.000     267.793       2.014     100.000   12.06%      85.000     95.000
     AHRZ_COL_D           75.076      -0.518      16.667    0.30%      66.667     75.000     75.000
             329.000     253.815       0.212     100.000   10.94%      75.000     91.667
     BHRZ_COL_D           72.769      -0.652      16.667    0.88%      58.333     75.000     75.000
             226.000     273.493       0.413     100.000    6.19%      75.000     83.333
     CHRZ_COL_D           73.703      -0.395      16.667    0.47%      58.333     66.667     75.000
             212.000     248.252       0.371     100.000    8.96%      75.000     91.667
     DHRZ_COL_D           73.409      -0.813       0.000    0.50%      66.667     75.000     75.000
             199.000     267.568       1.637     100.000    7.04%      75.000     91.667


THE MODEL ESTIMATION TERMINATED NORMALLY



MODEL FIT INFORMATION

Number of Free Parameters                       34

Loglikelihood

          H0 Value                      -20499.707
          H0 Scaling Correction Factor      1.4069
            for MLR

Information Criteria

          Akaike (AIC)                   41067.414
          Bayesian (BIC)                 41229.308
          Sample-Size Adjusted BIC       41121.333
            (n* = (n + 2) / 24)



MODEL RESULTS

                                                    Two-Tailed
                    Estimate       S.E.  Est./S.E.    P-Value

Group EARLIER

 P1       BY
    ABFAS_AC           1.000      0.000    999.000    999.000

 P2       BY
    BBFAS_AC           1.000      0.000    999.000    999.000

 P3       BY
    CBFAS_AC           1.000      0.000    999.000    999.000

 P4       BY
    DBFAS_AC           1.000      0.000    999.000    999.000

 V1       BY
    AHRZ_COL_D         1.000      0.000    999.000    999.000

 V2       BY
    BHRZ_COL_D         1.000      0.000    999.000    999.000

 V3       BY
    CHRZ_COL_D         1.000      0.000    999.000    999.000

 V4       BY
    DHRZ_COL_D         1.000      0.000    999.000    999.000

 P4         ON
    P3                 0.294      0.070      4.219      0.000
    V3                -0.049      0.039     -1.251      0.211

 P3         ON
    P2                 0.294      0.070      4.219      0.000
    V2                -0.049      0.039     -1.251      0.211

 P2         ON
    P1                 0.294      0.070      4.219      0.000
    V1                -0.049      0.039     -1.251      0.211

 V4         ON
    V3                 0.087      0.061      1.415      0.157
    P3                 0.078      0.077      1.013      0.311

 V3         ON
    V2                 0.087      0.061      1.415      0.157
    P2                 0.078      0.077      1.013      0.311

 V2         ON
    V1                 0.087      0.061      1.415      0.157
    P1                 0.078      0.077      1.013      0.311

 S_BFAS_A WITH
    I_BFAS_AC         -1.023      0.731     -1.400      0.162
    S_HRZ_COL_         0.126      0.109      1.151      0.250
    I_HRZ_COL_        -1.529      1.978     -0.773      0.439

 I_BFAS_A WITH
    S_HRZ_COL_        -0.346      2.108     -0.164      0.870
    I_HRZ_COL_       112.656     13.506      8.341      0.000

 S_HRZ_CO WITH
    I_HRZ_COL_        -1.554      0.813     -1.911      0.056

 P1       WITH
    V1                39.000      8.210      4.750      0.000

 P2       WITH
    V2                13.120      5.618      2.335      0.020

 P3       WITH
    V3                13.120      5.618      2.335      0.020

 P4       WITH
    V4                13.120      5.618      2.335      0.020

 Means
    P1                 0.000      0.000    999.000    999.000
    V1                 0.000      0.000    999.000    999.000
    I_BFAS_AC         77.505      0.515    150.640      0.000
    S_BFAS_AC          0.138      0.047      2.948      0.003
    I_HRZ_COL_        71.921      0.532    135.315      0.000
    S_HRZ_COL_         0.163      0.049      3.344      0.001

 Intercepts
    ABFAS_AC           0.000      0.000    999.000    999.000
    BBFAS_AC           0.000      0.000    999.000    999.000
    CBFAS_AC           0.000      0.000    999.000    999.000
    DBFAS_AC           0.000      0.000    999.000    999.000
    AHRZ_COL_D         0.000      0.000    999.000    999.000
    BHRZ_COL_D         0.000      0.000    999.000    999.000
    CHRZ_COL_D         0.000      0.000    999.000    999.000
    DHRZ_COL_D         0.000      0.000    999.000    999.000
    P2                 0.000      0.000    999.000    999.000
    P3                 0.000      0.000    999.000    999.000
    P4                 0.000      0.000    999.000    999.000
    V2                 0.000      0.000    999.000    999.000
    V3                 0.000      0.000    999.000    999.000
    V4                 0.000      0.000    999.000    999.000

 Variances
    P1                80.968      8.639      9.373      0.000
    V1               123.005     16.051      7.663      0.000
    I_BFAS_AC        175.253     15.990     10.960      0.000
    S_BFAS_AC          0.144      0.130      1.112      0.266
    I_HRZ_COL_       175.729     17.080     10.288      0.000
    S_HRZ_COL_         0.143      0.126      1.136      0.256

 Residual Variances
    ABFAS_AC           0.000      0.000    999.000    999.000
    BBFAS_AC           0.000      0.000    999.000    999.000
    CBFAS_AC           0.000      0.000    999.000    999.000
    DBFAS_AC           0.000      0.000    999.000    999.000
    AHRZ_COL_D         0.000      0.000    999.000    999.000
    BHRZ_COL_D         0.000      0.000    999.000    999.000
    CHRZ_COL_D         0.000      0.000    999.000    999.000
    DHRZ_COL_D         0.000      0.000    999.000    999.000
    P2                64.055      5.681     11.275      0.000
    P3                64.055      5.681     11.275      0.000
    P4                64.055      5.681     11.275      0.000
    V2               121.056      8.933     13.551      0.000
    V3               121.056      8.933     13.551      0.000
    V4               121.056      8.933     13.551      0.000

Group LATER

 P1       BY
    ABFAS_AC           1.000      0.000    999.000    999.000

 P2       BY
    BBFAS_AC           1.000      0.000    999.000    999.000

 P3       BY
    CBFAS_AC           1.000      0.000    999.000    999.000

 P4       BY
    DBFAS_AC           1.000      0.000    999.000    999.000

 V1       BY
    AHRZ_COL_D         1.000      0.000    999.000    999.000

 V2       BY
    BHRZ_COL_D         1.000      0.000    999.000    999.000

 V3       BY
    CHRZ_COL_D         1.000      0.000    999.000    999.000

 V4       BY
    DHRZ_COL_D         1.000      0.000    999.000    999.000

 P4         ON
    P3                 0.009      0.094      0.091      0.928
    V3                 0.138      0.056      2.481      0.013

 P3         ON
    P2                 0.009      0.094      0.091      0.928
    V2                 0.138      0.056      2.481      0.013

 P2         ON
    P1                 0.009      0.094      0.091      0.928
    V1                 0.138      0.056      2.481      0.013

 V4         ON
    V3                 0.181      0.100      1.809      0.070
    P3                 0.037      0.099      0.375      0.707

 V3         ON
    V2                 0.181      0.100      1.809      0.070
    P2                 0.037      0.099      0.375      0.707

 V2         ON
    V1                 0.181      0.100      1.809      0.070
    P1                 0.037      0.099      0.375      0.707

 S_BFAS_A WITH
    I_BFAS_AC         -1.023      0.731     -1.400      0.162
    S_HRZ_COL_         0.126      0.109      1.151      0.250
    I_HRZ_COL_        -1.529      1.978     -0.773      0.439

 I_BFAS_A WITH
    S_HRZ_COL_        -0.346      2.108     -0.164      0.870
    I_HRZ_COL_       112.656     13.506      8.341      0.000

 S_HRZ_CO WITH
    I_HRZ_COL_        -1.554      0.813     -1.911      0.056

 P1       WITH
    V1                25.360      9.016      2.813      0.005

 P2       WITH
    V2                13.684      4.527      3.022      0.003

 P3       WITH
    V3                13.684      4.527      3.022      0.003

 P4       WITH
    V4                13.684      4.527      3.022      0.003

 Means
    P1                 0.000      0.000    999.000    999.000
    V1                 0.000      0.000    999.000    999.000
    I_BFAS_AC         77.505      0.515    150.640      0.000
    S_BFAS_AC          0.138      0.047      2.948      0.003
    I_HRZ_COL_        71.921      0.532    135.315      0.000
    S_HRZ_COL_         0.163      0.049      3.344      0.001

 Intercepts
    ABFAS_AC           0.000      0.000    999.000    999.000
    BBFAS_AC           0.000      0.000    999.000    999.000
    CBFAS_AC           0.000      0.000    999.000    999.000
    DBFAS_AC           0.000      0.000    999.000    999.000
    AHRZ_COL_D         0.000      0.000    999.000    999.000
    BHRZ_COL_D         0.000      0.000    999.000    999.000
    CHRZ_COL_D         0.000      0.000    999.000    999.000
    DHRZ_COL_D         0.000      0.000    999.000    999.000
    P2                 0.000      0.000    999.000    999.000
    P3                 0.000      0.000    999.000    999.000
    P4                 0.000      0.000    999.000    999.000
    V2                 0.000      0.000    999.000    999.000
    V3                 0.000      0.000    999.000    999.000
    V4                 0.000      0.000    999.000    999.000

 Variances
    P1                60.069     10.036      5.985      0.000
    V1               103.166     11.613      8.883      0.000
    I_BFAS_AC        175.253     15.990     10.960      0.000
    S_BFAS_AC          0.144      0.130      1.112      0.266
    I_HRZ_COL_       175.729     17.080     10.288      0.000
    S_HRZ_COL_         0.143      0.126      1.136      0.256

 Residual Variances
    ABFAS_AC           0.000      0.000    999.000    999.000
    BBFAS_AC           0.000      0.000    999.000    999.000
    CBFAS_AC           0.000      0.000    999.000    999.000
    DBFAS_AC           0.000      0.000    999.000    999.000
    AHRZ_COL_D         0.000      0.000    999.000    999.000
    BHRZ_COL_D         0.000      0.000    999.000    999.000
    CHRZ_COL_D         0.000      0.000    999.000    999.000
    DHRZ_COL_D         0.000      0.000    999.000    999.000
    P2                47.391      6.093      7.778      0.000
    P3                47.391      6.093      7.778      0.000
    P4                47.391      6.093      7.778      0.000
    V2                92.204      9.008     10.236      0.000
    V3                92.204      9.008     10.236      0.000
    V4                92.204      9.008     10.236      0.000


QUALITY OF NUMERICAL RESULTS

     Condition Number for the Information Matrix              0.148E-04
       (ratio of smallest to largest eigenvalue)


     Beginning Time:  17:16:59
        Ending Time:  17:17:10
       Elapsed Time:  00:00:11



MUTHEN & MUTHEN
3463 Stoner Ave.
Los Angeles, CA  90066

Tel: (310) 391-9971
Fax: (310) 391-8971
Web: www.StatModel.com
Support: Support@StatModel.com

Copyright (c) 1998-2017 Muthen & Muthen
