Mplus VERSION 8 (Linux)
MUTHEN & MUTHEN
07/07/2018   3:42 PM

INPUT INSTRUCTIONS


  title: PxVx Bivariate LCM-SR - post mi - Linear bfas_co with Linear hrz_col;
  data: file = /home/jflournoy/code_new/lnt_pxvx/Data/lnt_nat_recalc.tsv;

  variable:
  names =
  subjid
  aage
  aaspfin
  aaspfin_d
  abfa_mt
  abfa_mt_d
  abfas_ac
  abfas_ap
  abfas_ci
  abfas_co
  abfas_ea
  abfas_ee
  abfas_nv
  abfas_nv9
  abfas_nw
  abfas_oi
  abfas_oo
  abfi_a
  abfi_a6
  abfi_c
  abfi_d_scale
  abfi_e
  abfi_hp8
  abfi_n
  abfi_o
  abfi_s_scale
  ahrz_col
  ahrz_col_d
  ahrz_ind
  ahrz_ind_d
  amvi
  ausi
  ausi_d
  avrt_col
  avrt_col_d
  avrt_ind
  avrt_ind_d
  bage
  baspfin
  baspfin_d
  bbfa_mt
  bbfa_mt_d
  bbfas_ac
  bbfas_ap
  bbfas_ci
  bbfas_co
  bbfas_ea
  bbfas_ee
  bbfas_nv
  bbfas_nv9
  bbfas_nw
  bbfas_oi
  bbfas_oo
  bbfi_a
  bbfi_a6
  bbfi_c
  bbfi_d_scale
  bbfi_e
  bbfi_hp8
  bbfi_n
  bbfi_o
  bbfi_s_scale
  bhrz_col
  bhrz_col_d
  bhrz_ind
  bhrz_ind_d
  bmvi
  busi
  busi_d
  bvrt_col
  bvrt_col_d
  bvrt_ind
  bvrt_ind_d
  cage
  caspfin
  caspfin_d
  cbfa_mt
  cbfa_mt_d
  cbfas_ac
  cbfas_ap
  cbfas_ci
  cbfas_co
  cbfas_ea
  cbfas_ee
  cbfas_nv
  cbfas_nv9
  cbfas_nw
  cbfas_oi
  cbfas_oo
  cbfi_a
  cbfi_a6
  cbfi_c
  cbfi_d_scale
  cbfi_e
  cbfi_hp8
  cbfi_n
  cbfi_o
  cbfi_s_scale
  chrz_col
  chrz_col_d
  chrz_ind
  chrz_ind_d
  cmvi
  cusi
  cusi_d
  cvrt_col
  cvrt_col_d
  cvrt_ind
  cvrt_ind_d
  dage
  daspfin
  daspfin_d
  dbfa_mt
  dbfa_mt_d
  dbfas_ac
  dbfas_ap
  dbfas_ci
  dbfas_co
  dbfas_ea
  dbfas_ee
  dbfas_nv
  dbfas_nv9
  dbfas_nw
  dbfas_oi
  dbfas_oo
  dbfi_a
  dbfi_a6
  dbfi_c
  dbfi_d_scale
  dbfi_e
  dbfi_hp8
  dbfi_n
  dbfi_o
  dbfi_s_scale
  dhrz_col
  dhrz_col_d
  dhrz_ind
  dhrz_ind_d
  dmvi
  dusi
  dusi_d
  dvrt_col
  dvrt_col_d
  dvrt_ind
  dvrt_ind_d;

  USEVARIABLES =
  abfas_co
  bbfas_co
  cbfas_co
  dbfas_co
  ahrz_col
  bhrz_col
  chrz_col
  dhrz_col
  a1
  a2
  a3
  a4
  ;

  missing = all (-9999);

  tscores = a1 a2 a3 a4;

  DEFINE:
  a1 = aage + 0 - 36;
  a2 = aage + 1 - 36;
  a3 = aage + 2 - 36;
  a4 = aage + 3 - 36;

  ANALYSIS:
  TYPE=RANDOM;
  PROCESSORS = 6;
  model=nocovariances; ! supresses default estimation of certain covs in model;

  MODEL:

  i_bfas_co s_bfas_co | abfas_co bbfas_co cbfas_co dbfas_co AT a1 a2 a3 a4;
  i_hrz_col s_hrz_col | ahrz_col bhrz_col chrz_col dhrz_col AT a1 a2 a3 a4;

  ! freeing factor covs because of "nocovariances"
  s_bfas_co WITH i_bfas_co s_hrz_col i_hrz_col;
  i_bfas_co WITH s_hrz_col i_hrz_col;
  s_hrz_col WITH i_hrz_col;

  p1 BY abfas_co@1; ! Residual "factors";
  p2 BY bbfas_co@1;
  p3 BY cbfas_co@1;
  p4 BY dbfas_co@1;

  v1 BY ahrz_col@1; ! Residual "factors";
  v2 BY bhrz_col@1;
  v3 BY chrz_col@1;
  v4 BY dhrz_col@1;

  !residual variances on observed/manifest vars set to 0
  abfas_co@0;
  bbfas_co@0;
  cbfas_co@0;
  dbfas_co@0;

  !residual variances on observed/manifest vars set to 0
  ahrz_col@0;
  bhrz_col@0;
  chrz_col@0;
  dhrz_col@0;

  ! means of observed/manifest vars set to 0
  [abfas_co@0];
  [bbfas_co@0];
  [cbfas_co@0];
  [dbfas_co@0];

  ! means of observed/manifest vars set to 0
  [ahrz_col@0];
  [bhrz_col@0];
  [chrz_col@0];
  [dhrz_col@0];

  [p1@0]; ! means of residual "factors" set to 0
  [p2@0];
  [p3@0];
  [p4@0];

  [v1@0]; ! means of residual "factors" set to 0
  [v2@0];
  [v3@0];
  [v4@0];

  p4 on p3 (a); ! Autoregressive paths constrained to equality
  p3 on p2 (a);
  p2 on p1 (a);

  v4 on v3 (b); ! Autoregressive paths constrained to equality
  v3 on v2 (b);
  v2 on v1 (b);

  p4 on v3 (c); ! Cross-lagged paths constrained to equality
  p3 on v2 (c);
  p2 on v1 (c);

  v4 on p3 (d); ! Cross-lagged paths constrained to equality
  v3 on p2 (d);
  v2 on p1 (d);

  p1 with v1; !(this one is not like the others)

  p2 with v2 (e); ! Within-wave correlations constrained to equality
  p3 with v3 (e);
  p4 with v4 (e);

  p2 p3 p4 (f); ! estimate variances of residual "factors"
  v2 v3 v4 (g); ! estimate variances of residual "factors"

  OUTPUT: SAMPSTAT PATTERNS;



*** WARNING
  Data set contains cases with missing on time scores but non-missing on the
  corresponding dependent variables.  These cases were not included in the analysis.
  Number of such cases:  5
   1 WARNING(S) FOUND IN THE INPUT INSTRUCTIONS



PxVx Bivariate LCM-SR - post mi - Linear bfas_co with Linear hrz_col;

SUMMARY OF ANALYSIS

Number of groups                                                 1
Number of observations                                         864

Number of dependent variables                                    8
Number of independent variables                                  0
Number of continuous latent variables                           12

Observed dependent variables

  Continuous
   ABFAS_CO    BBFAS_CO    CBFAS_CO    DBFAS_CO    AHRZ_COL    BHRZ_COL
   CHRZ_COL    DHRZ_COL

Continuous latent variables
   P1          P2          P3          P4          V1          V2
   V3          V4          I_BFAS_C    S_BFAS_C    I_HRZ_CO    S_HRZ_CO

Variables with special functions

  Time scores
   A1          A2          A3          A4


Estimator                                                      MLR
Information matrix                                        OBSERVED
Maximum number of iterations                                   100
Convergence criterion                                    0.100D-05
Maximum number of EM iterations                                500
Convergence criteria for the EM algorithm
  Loglikelihood change                                   0.100D-02
  Relative loglikelihood change                          0.100D-05
  Derivative                                             0.100D-03
Minimum variance                                         0.100D-03
Maximum number of steepest descent iterations                   20
Maximum number of iterations for H1                           2000
Convergence criterion for H1                             0.100D-03
Optimization algorithm                                         EMA

Input data file(s)
  /home/jflournoy/code_new/lnt_pxvx/Data/lnt_nat_recalc.tsv
Input data format  FREE


SUMMARY OF DATA

     Number of missing data patterns            19


SUMMARY OF MISSING DATA PATTERNS


     MISSING DATA PATTERNS (x = not missing)

           1  2  3  4  5  6  7  8  9 10 11 12 13 14 15 16 17 18 19
 ABFAS_CO  x  x  x  x  x  x  x  x  x  x  x  x  x     x  x  x  x  x
 BBFAS_CO  x     x  x     x     x     x  x  x     x     x     x
 CBFAS_CO  x           x  x     x  x     x  x  x  x        x  x
 DBFAS_CO  x     x     x  x  x              x  x  x     x        x
 AHRZ_COL  x  x  x  x  x  x  x  x  x  x  x  x  x  x     x  x  x  x
 BHRZ_COL  x     x  x     x     x        x     x  x           x
 CHRZ_COL  x           x        x  x        x  x  x           x
 DHRZ_COL  x     x     x  x  x              x  x  x     x     x


     MISSING DATA PATTERN FREQUENCIES

    Pattern   Frequency     Pattern   Frequency     Pattern   Frequency
          1         488           8          46          15           1
          2         169           9          23          16           1
          3          26          10           4          17           1
          4          48          11           1          18           1
          5          21          12           3          19           1
          6           2          13           2
          7          24          14           2


COVARIANCE COVERAGE OF DATA

Minimum covariance coverage value   0.100


     PROPORTION OF DATA PRESENT


           Covariance Coverage
              ABFAS_CO      BBFAS_CO      CBFAS_CO      DBFAS_CO      AHRZ_COL
              ________      ________      ________      ________      ________
 ABFAS_CO       0.998
 BBFAS_CO       0.718         0.720
 CBFAS_CO       0.681         0.628         0.683
 DBFAS_CO       0.657         0.604         0.600         0.660
 AHRZ_COL       0.997         0.720         0.683         0.660         0.999
 BHRZ_COL       0.711         0.711         0.627         0.602         0.713
 CHRZ_COL       0.676         0.625         0.678         0.597         0.678
 DHRZ_COL       0.657         0.605         0.601         0.659         0.660


           Covariance Coverage
              BHRZ_COL      CHRZ_COL      DHRZ_COL
              ________      ________      ________
 BHRZ_COL       0.713
 CHRZ_COL       0.624         0.678
 DHRZ_COL       0.603         0.598         0.660


SAMPLE STATISTICS


     ESTIMATED SAMPLE STATISTICS


           Means
              ABFAS_CO      BBFAS_CO      CBFAS_CO      DBFAS_CO      AHRZ_COL
              ________      ________      ________      ________      ________
               61.835        61.631        62.095        62.154        72.172


           Means
              BHRZ_COL      CHRZ_COL      DHRZ_COL
              ________      ________      ________
               71.477        72.315        71.763


           Covariances
              ABFAS_CO      BBFAS_CO      CBFAS_CO      DBFAS_CO      AHRZ_COL
              ________      ________      ________      ________      ________
 ABFAS_CO     272.356
 BBFAS_CO     219.328       275.622
 CBFAS_CO     212.283       222.587       264.284
 DBFAS_CO     207.042       212.901       218.985       269.826
 AHRZ_COL      34.372        44.669        26.549        23.555       290.972
 BHRZ_COL      43.543        52.565        38.094        30.991       207.126
 CHRZ_COL      26.022        34.526        23.521        26.156       198.217
 DHRZ_COL      35.892        43.193        32.299        36.603       197.607


           Covariances
              BHRZ_COL      CHRZ_COL      DHRZ_COL
              ________      ________      ________
 BHRZ_COL     287.341
 CHRZ_COL     213.773       298.181
 DHRZ_COL     204.645       215.079       289.049


           Correlations
              ABFAS_CO      BBFAS_CO      CBFAS_CO      DBFAS_CO      AHRZ_COL
              ________      ________      ________      ________      ________
 ABFAS_CO       1.000
 BBFAS_CO       0.801         1.000
 CBFAS_CO       0.791         0.825         1.000
 DBFAS_CO       0.764         0.781         0.820         1.000
 AHRZ_COL       0.122         0.158         0.096         0.084         1.000
 BHRZ_COL       0.156         0.187         0.138         0.111         0.716
 CHRZ_COL       0.091         0.120         0.084         0.092         0.673
 DHRZ_COL       0.128         0.153         0.117         0.131         0.681


           Correlations
              BHRZ_COL      CHRZ_COL      DHRZ_COL
              ________      ________      ________
 BHRZ_COL       1.000
 CHRZ_COL       0.730         1.000
 DHRZ_COL       0.710         0.733         1.000


     MAXIMUM LOG-LIKELIHOOD VALUE FOR THE UNRESTRICTED (H1) MODEL IS -20558.785


UNIVARIATE SAMPLE STATISTICS


     UNIVARIATE HIGHER-ORDER MOMENT DESCRIPTIVE STATISTICS

         Variable/         Mean/     Skewness/   Minimum/ % with                Percentiles
        Sample Size      Variance    Kurtosis    Maximum  Min/Max      20%/60%    40%/80%    Median

     ABFAS_CO             61.830      -0.239      10.000    0.35%      47.500     57.500     62.500
             862.000     271.916      -0.249     100.000    0.35%      67.500     77.500
     BBFAS_CO             61.984      -0.077      12.500    0.16%      47.500     57.500     62.500
             622.000     276.394      -0.550     100.000    0.32%      66.667     77.500
     CBFAS_CO             62.020      -0.137      20.000    0.34%      47.500     57.500     62.500
             590.000     270.946      -0.525     100.000    0.34%      67.500     77.500
     DBFAS_CO             62.558      -0.215       7.500    0.18%      47.500     60.000     62.500
             570.000     274.604      -0.343     100.000    0.88%      67.500     77.500
     AHRZ_COL             72.173      -0.669       6.250    0.12%      62.500     68.750     75.000
             863.000     290.975       0.612     100.000    6.49%      75.000     87.500
     BHRZ_COL             71.320      -0.620      12.500    0.32%      56.250     68.750     75.000
             616.000     286.968       0.425     100.000    5.03%      75.000     87.500
     CHRZ_COL             72.259      -0.675       6.250    0.17%      56.250     68.750     75.000
             586.000     298.787       0.559     100.000    6.31%      75.000     87.500
     DHRZ_COL             71.703      -0.681       6.250    0.35%      56.250     68.750     75.000
             570.000     292.844       0.623     100.000    5.09%      75.000     87.500


THE MODEL ESTIMATION TERMINATED NORMALLY



MODEL FIT INFORMATION

Number of Free Parameters                       24

Loglikelihood

          H0 Value                      -20545.801
          H0 Scaling Correction Factor      1.2618
            for MLR

Information Criteria

          Akaike (AIC)                   41139.602
          Bayesian (BIC)                 41253.879
          Sample-Size Adjusted BIC       41177.662
            (n* = (n + 2) / 24)



MODEL RESULTS

                                                    Two-Tailed
                    Estimate       S.E.  Est./S.E.    P-Value

 P1       BY
    ABFAS_CO           1.000      0.000    999.000    999.000

 P2       BY
    BBFAS_CO           1.000      0.000    999.000    999.000

 P3       BY
    CBFAS_CO           1.000      0.000    999.000    999.000

 P4       BY
    DBFAS_CO           1.000      0.000    999.000    999.000

 V1       BY
    AHRZ_COL           1.000      0.000    999.000    999.000

 V2       BY
    BHRZ_COL           1.000      0.000    999.000    999.000

 V3       BY
    CHRZ_COL           1.000      0.000    999.000    999.000

 V4       BY
    DHRZ_COL           1.000      0.000    999.000    999.000

 P4         ON
    P3                 0.152      0.055      2.749      0.006
    V3                 0.081      0.032      2.544      0.011

 P3         ON
    P2                 0.152      0.055      2.749      0.006
    V2                 0.081      0.032      2.544      0.011

 P2         ON
    P1                 0.152      0.055      2.749      0.006
    V1                 0.081      0.032      2.544      0.011

 V4         ON
    V3                 0.121      0.053      2.258      0.024
    P3                 0.076      0.051      1.493      0.136

 V3         ON
    V2                 0.121      0.053      2.258      0.024
    P2                 0.076      0.051      1.493      0.136

 V2         ON
    V1                 0.121      0.053      2.258      0.024
    P1                 0.076      0.051      1.493      0.136

 S_BFAS_C WITH
    I_BFAS_CO         -0.855      0.588     -1.453      0.146
    S_HRZ_COL          0.009      0.084      0.106      0.916
    I_HRZ_COL         -0.821      1.816     -0.452      0.651

 I_BFAS_C WITH
    S_HRZ_COL          1.095      1.850      0.592      0.554
    I_HRZ_COL         26.335     12.065      2.183      0.029

 S_HRZ_CO WITH
    I_HRZ_COL         -1.876      0.749     -2.503      0.012

 P1       WITH
    V1                 2.296      5.247      0.438      0.662

 P2       WITH
    V2                 6.981      2.887      2.418      0.016

 P3       WITH
    V3                 6.981      2.887      2.418      0.016

 P4       WITH
    V4                 6.981      2.887      2.418      0.016

 Means
    P1                 0.000      0.000    999.000    999.000
    V1                 0.000      0.000    999.000    999.000
    I_BFAS_CO         61.929      0.536    115.493      0.000
    S_BFAS_CO          0.084      0.048      1.735      0.083
    I_HRZ_COL         71.695      0.527    135.992      0.000
    S_HRZ_COL          0.279      0.046      6.125      0.000

 Intercepts
    ABFAS_CO           0.000      0.000    999.000    999.000
    BBFAS_CO           0.000      0.000    999.000    999.000
    CBFAS_CO           0.000      0.000    999.000    999.000
    DBFAS_CO           0.000      0.000    999.000    999.000
    AHRZ_COL           0.000      0.000    999.000    999.000
    BHRZ_COL           0.000      0.000    999.000    999.000
    CHRZ_COL           0.000      0.000    999.000    999.000
    DHRZ_COL           0.000      0.000    999.000    999.000
    P2                 0.000      0.000    999.000    999.000
    P3                 0.000      0.000    999.000    999.000
    P4                 0.000      0.000    999.000    999.000
    V2                 0.000      0.000    999.000    999.000
    V3                 0.000      0.000    999.000    999.000
    V4                 0.000      0.000    999.000    999.000

 Variances
    P1                63.732      5.424     11.750      0.000
    V1                97.800     11.221      8.716      0.000
    I_BFAS_CO        194.416     14.359     13.539      0.000
    S_BFAS_CO          0.156      0.113      1.376      0.169
    I_HRZ_COL        183.375     15.573     11.775      0.000
    S_HRZ_COL          0.084      0.112      0.752      0.452

 Residual Variances
    ABFAS_CO           0.000      0.000    999.000    999.000
    BBFAS_CO           0.000      0.000    999.000    999.000
    CBFAS_CO           0.000      0.000    999.000    999.000
    DBFAS_CO           0.000      0.000    999.000    999.000
    AHRZ_COL           0.000      0.000    999.000    999.000
    BHRZ_COL           0.000      0.000    999.000    999.000
    CHRZ_COL           0.000      0.000    999.000    999.000
    DHRZ_COL           0.000      0.000    999.000    999.000
    P2                57.102      4.022     14.199      0.000
    P3                57.102      4.022     14.199      0.000
    P4                57.102      4.022     14.199      0.000
    V2                88.516      5.177     17.099      0.000
    V3                88.516      5.177     17.099      0.000
    V4                88.516      5.177     17.099      0.000


QUALITY OF NUMERICAL RESULTS

     Condition Number for the Information Matrix              0.130E-04
       (ratio of smallest to largest eigenvalue)


     Beginning Time:  15:42:54
        Ending Time:  15:43:03
       Elapsed Time:  00:00:09



MUTHEN & MUTHEN
3463 Stoner Ave.
Los Angeles, CA  90066

Tel: (310) 391-9971
Fax: (310) 391-8971
Web: www.StatModel.com
Support: Support@StatModel.com

Copyright (c) 1998-2017 Muthen & Muthen
