Mplus VERSION 8 (Linux)
MUTHEN & MUTHEN
07/08/2018   5:38 PM

INPUT INSTRUCTIONS


  title: PxVx Bivariate LCM-SR - decadegroup - Linear bfas_ea with Linear usi_d;
  data: file = /home/jflournoy/code_new/lnt_pxvx/Data/lnt_nat_recalc.tsv;

  variable:
  names =
  subjid
  aage
  aaspfin
  aaspfin_d
  abfa_mt
  abfa_mt_d
  abfas_ac
  abfas_ap
  abfas_ci
  abfas_co
  abfas_ea
  abfas_ee
  abfas_nv
  abfas_nv9
  abfas_nw
  abfas_oi
  abfas_oo
  abfi_a
  abfi_a6
  abfi_c
  abfi_d_scale
  abfi_e
  abfi_hp8
  abfi_n
  abfi_o
  abfi_s_scale
  ahrz_col
  ahrz_col_d
  ahrz_ind
  ahrz_ind_d
  amvi
  ausi
  ausi_d
  avrt_col
  avrt_col_d
  avrt_ind
  avrt_ind_d
  bage
  baspfin
  baspfin_d
  bbfa_mt
  bbfa_mt_d
  bbfas_ac
  bbfas_ap
  bbfas_ci
  bbfas_co
  bbfas_ea
  bbfas_ee
  bbfas_nv
  bbfas_nv9
  bbfas_nw
  bbfas_oi
  bbfas_oo
  bbfi_a
  bbfi_a6
  bbfi_c
  bbfi_d_scale
  bbfi_e
  bbfi_hp8
  bbfi_n
  bbfi_o
  bbfi_s_scale
  bhrz_col
  bhrz_col_d
  bhrz_ind
  bhrz_ind_d
  bmvi
  busi
  busi_d
  bvrt_col
  bvrt_col_d
  bvrt_ind
  bvrt_ind_d
  cage
  caspfin
  caspfin_d
  cbfa_mt
  cbfa_mt_d
  cbfas_ac
  cbfas_ap
  cbfas_ci
  cbfas_co
  cbfas_ea
  cbfas_ee
  cbfas_nv
  cbfas_nv9
  cbfas_nw
  cbfas_oi
  cbfas_oo
  cbfi_a
  cbfi_a6
  cbfi_c
  cbfi_d_scale
  cbfi_e
  cbfi_hp8
  cbfi_n
  cbfi_o
  cbfi_s_scale
  chrz_col
  chrz_col_d
  chrz_ind
  chrz_ind_d
  cmvi
  cusi
  cusi_d
  cvrt_col
  cvrt_col_d
  cvrt_ind
  cvrt_ind_d
  dage
  daspfin
  daspfin_d
  dbfa_mt
  dbfa_mt_d
  dbfas_ac
  dbfas_ap
  dbfas_ci
  dbfas_co
  dbfas_ea
  dbfas_ee
  dbfas_nv
  dbfas_nv9
  dbfas_nw
  dbfas_oi
  dbfas_oo
  dbfi_a
  dbfi_a6
  dbfi_c
  dbfi_d_scale
  dbfi_e
  dbfi_hp8
  dbfi_n
  dbfi_o
  dbfi_s_scale
  dhrz_col
  dhrz_col_d
  dhrz_ind
  dhrz_ind_d
  dmvi
  dusi
  dusi_d
  dvrt_col
  dvrt_col_d
  dvrt_ind
  dvrt_ind_d;

  USEVARIABLES =
  abfas_ea
  bbfas_ea
  cbfas_ea
  dbfas_ea
  ausi_d
  busi_d
  cusi_d
  dusi_d
  a1
  a2
  a3
  a4
  aagegrp
  ;

  missing = all (-9999);

  tscores = a1 a2 a3 a4;

  grouping = aagegrp (0=d2, 1=d3, 2=d4, 3=d5);

  DEFINE:

  aagegrp = aage;

  cut aagegrp (29 39 49);

  a1 = aage + 0 - 36;
  a2 = aage + 1 - 36;
  a3 = aage + 2 - 36;
  a4 = aage + 3 - 36;

  ANALYSIS:
  TYPE=RANDOM;
  PROCESSORS = 6;
  model=nocovariances; ! supresses default estimation of certain covs in model;

  MODEL:

  i_bfas_ea s_bfas_ea | abfas_ea bbfas_ea cbfas_ea dbfas_ea AT a1 a2 a3 a4;
  i_usi_d s_usi_d | ausi_d busi_d cusi_d dusi_d AT a1 a2 a3 a4;

  ! freeing factor covs because of "nocovariances"
  ! But ensure they are constrained across groups
  s_bfas_ea WITH i_bfas_ea (p)
  s_usi_d (q)
  i_usi_d (r);
  i_bfas_ea WITH s_usi_d (s)
  i_usi_d (t);
  s_usi_d WITH i_usi_d (u);

  !constrain latent growth means across groups
  [i_bfas_ea] (v);
  [s_bfas_ea] (w);
  [i_usi_d] (x);
  [s_usi_d] (y);

  !constrain latent growth variances across groups
  i_bfas_ea (l);
  s_bfas_ea (m);
  i_usi_d (n);
  s_usi_d (o);

  p1 BY abfas_ea@1; ! Residual "factors";
  p2 BY bbfas_ea@1;
  p3 BY cbfas_ea@1;
  p4 BY dbfas_ea@1;

  v1 BY ausi_d@1; ! Residual "factors";
  v2 BY busi_d@1;
  v3 BY cusi_d@1;
  v4 BY dusi_d@1;

  !residual variances on observed/manifest vars set to 0
  abfas_ea@0;
  bbfas_ea@0;
  cbfas_ea@0;
  dbfas_ea@0;

  !residual variances on observed/manifest vars set to 0
  ausi_d@0;
  busi_d@0;
  cusi_d@0;
  dusi_d@0;

  ! means of observed/manifest vars set to 0
  [abfas_ea@0];
  [bbfas_ea@0];
  [cbfas_ea@0];
  [dbfas_ea@0];

  ! means of observed/manifest vars set to 0
  [ausi_d@0];
  [busi_d@0];
  [cusi_d@0];
  [dusi_d@0];

  [p1@0]; ! means of residual "factors" set to 0
  [p2@0];
  [p3@0];
  [p4@0];

  [v1@0]; ! means of residual "factors" set to 0
  [v2@0];
  [v3@0];
  [v4@0];

  p4 on p3 (a); ! Autoregressive paths constrained to equality
  p3 on p2 (a);
  p2 on p1 (a);

  v4 on v3 (b); ! Autoregressive paths constrained to equality
  v3 on v2 (b);
  v2 on v1 (b);

  p4 on v3 (c); ! Cross-lagged paths constrained to equality
  p3 on v2 (c);
  p2 on v1 (c);

  v4 on p3 (d); ! Cross-lagged paths constrained to equality
  v3 on p2 (d);
  v2 on p1 (d);

  p1 with v1; !(this one is not like the others)

  p2 with v2 (e); ! Within-wave correlations constrained to equality
  p3 with v3 (e);
  p4 with v4 (e);

  p2 p3 p4 (f); ! estimate variances of residual "factors"
  v2 v3 v4 (g); ! estimate variances of residual "factors"

  MODEL d2:

  p4 on p3 (a2); ! Autoregressive paths constrained to equality
  p3 on p2 (a2);
  p2 on p1 (a2);

  v4 on v3 (b2); ! Autoregressive paths constrained to equality
  v3 on v2 (b2);
  v2 on v1 (b2);

  p4 on v3 (c2); ! Cross-lagged paths constrained to equality
  p3 on v2 (c2);
  p2 on v1 (c2);

  v4 on p3 (d2); ! Cross-lagged paths constrained to equality
  v3 on p2 (d2);
  v2 on p1 (d2);

  p1 with v1; !(this one is not like the others)

  p2 with v2 (e2); ! Within-wave correlations constrained to equality
  p3 with v3 (e2);
  p4 with v4 (e2);

  p2 p3 p4 (f2); ! estimate variances of residual "factors"
  v2 v3 v4 (g2); ! estimate variances of residual "factors"

  MODEL d3:

  p4 on p3 (a3); ! Autoregressive paths constrained to equality
  p3 on p2 (a3);
  p2 on p1 (a3);

  v4 on v3 (b3); ! Autoregressive paths constrained to equality
  v3 on v2 (b3);
  v2 on v1 (b3);

  p4 on v3 (c3); ! Cross-lagged paths constrained to equality
  p3 on v2 (c3);
  p2 on v1 (c3);

  v4 on p3 (d3); ! Cross-lagged paths constrained to equality
  v3 on p2 (d3);
  v2 on p1 (d3);

  p1 with v1; !(this one is not like the others)

  p2 with v2 (e3); ! Within-wave correlations constrained to equality
  p3 with v3 (e3);
  p4 with v4 (e3);

  p2 p3 p4 (f3); ! estimate variances of residual "factors"
  v2 v3 v4 (g3); ! estimate variances of residual "factors"

  MODEL d4:

  p4 on p3 (a4); ! Autoregressive paths constrained to equality
  p3 on p2 (a4);
  p2 on p1 (a4);

  v4 on v3 (b4); ! Autoregressive paths constrained to equality
  v3 on v2 (b4);
  v2 on v1 (b4);

  p4 on v3 (c4); ! Cross-lagged paths constrained to equality
  p3 on v2 (c4);
  p2 on v1 (c4);

  v4 on p3 (d4); ! Cross-lagged paths constrained to equality
  v3 on p2 (d4);
  v2 on p1 (d4);

  p1 with v1; !(this one is not like the others)

  p2 with v2 (e4); ! Within-wave correlations constrained to equality
  p3 with v3 (e4);
  p4 with v4 (e4);

  p2 p3 p4 (f4); ! estimate variances of residual "factors"
  v2 v3 v4 (g4); ! estimate variances of residual "factors"

  MODEL d5:

  p4 on p3 (a5); ! Autoregressive paths constrained to equality
  p3 on p2 (a5);
  p2 on p1 (a5);

  v4 on v3 (b5); ! Autoregressive paths constrained to equality
  v3 on v2 (b5);
  v2 on v1 (b5);

  p4 on v3 (c5); ! Cross-lagged paths constrained to equality
  p3 on v2 (c5);
  p2 on v1 (c5);

  v4 on p3 (d5); ! Cross-lagged paths constrained to equality
  v3 on p2 (d5);
  v2 on p1 (d5);

  p1 with v1; !(this one is not like the others)

  p2 with v2 (e5); ! Within-wave correlations constrained to equality
  p3 with v3 (e5);
  p4 with v4 (e5);

  p2 p3 p4 (f5); ! estimate variances of residual "factors"
  v2 v3 v4 (g5); ! estimate variances of residual "factors"

  OUTPUT: SAMPSTAT PATTERNS;



*** WARNING
  Data set contains unknown or missing values for GROUPING,
  PATTERN, COHORT, CLUSTER and/or STRATIFICATION variables.
  Number of cases with unknown or missing values:  5
   1 WARNING(S) FOUND IN THE INPUT INSTRUCTIONS



PxVx Bivariate LCM-SR - decadegroup - Linear bfas_ea with Linear usi_d;

SUMMARY OF ANALYSIS

Number of groups                                                 4
Number of observations
   Group D2                                                    301
   Group D3                                                    233
   Group D4                                                    198
   Group D5                                                    132
   Total sample size                                           864

Number of dependent variables                                    8
Number of independent variables                                  0
Number of continuous latent variables                           12

Observed dependent variables

  Continuous
   ABFAS_EA    BBFAS_EA    CBFAS_EA    DBFAS_EA    AUSI_D      BUSI_D
   CUSI_D      DUSI_D

Continuous latent variables
   P1          P2          P3          P4          V1          V2
   V3          V4          I_BFAS_E    S_BFAS_E    I_USI_D     S_USI_D

Variables with special functions

  Grouping variable     AAGEGRP

  Time scores
   A1          A2          A3          A4


Estimator                                                      MLR
Information matrix                                        OBSERVED
Maximum number of iterations                                   100
Convergence criterion                                    0.100D-05
Maximum number of EM iterations                                500
Convergence criteria for the EM algorithm
  Loglikelihood change                                   0.100D-02
  Relative loglikelihood change                          0.100D-05
  Derivative                                             0.100D-03
Minimum variance                                         0.100D-03
Maximum number of steepest descent iterations                   20
Maximum number of iterations for H1                           2000
Convergence criterion for H1                             0.100D-03
Optimization algorithm                                         EMA

Input data file(s)
  /home/jflournoy/code_new/lnt_pxvx/Data/lnt_nat_recalc.tsv
Input data format  FREE


SUMMARY OF DATA

   Group D2
     Number of missing data patterns            15

   Group D3
     Number of missing data patterns            10

   Group D4
     Number of missing data patterns            15

   Group D5
     Number of missing data patterns             9


SUMMARY OF MISSING DATA PATTERNS


     MISSING DATA PATTERNS (x = not missing) FOR D2

           1  2  3  4  5  6  7  8  9 10 11 12 13 14 15
 ABFAS_EA  x  x  x  x  x  x  x  x  x  x     x  x  x  x
 BBFAS_EA  x     x  x  x  x           x  x  x  x  x
 CBFAS_EA  x        x     x     x  x  x  x  x  x     x
 DBFAS_EA  x     x  x        x     x     x  x        x
 AUSI_D    x  x  x  x  x  x  x  x  x  x  x  x  x  x  x
 BUSI_D    x     x  x  x  x           x  x     x     x
 CUSI_D    x              x     x  x     x  x  x     x
 DUSI_D    x     x  x        x     x     x  x  x     x


     MISSING DATA PATTERN FREQUENCIES FOR D2

    Pattern   Frequency     Pattern   Frequency     Pattern   Frequency
          1         185           6          13          11           1
          2          57           7          11          12           2
          3           6           8           5          13           1
          4           1           9           5          14           1
          5          11          10           1          15           1


     MISSING DATA PATTERNS (x = not missing) FOR D3

           1  2  3  4  5  6  7  8  9 10
 ABFAS_EA  x  x  x  x  x  x  x  x  x  x
 BBFAS_EA  x     x  x  x           x
 CBFAS_EA  x           x     x  x
 DBFAS_EA  x     x        x     x     x
 AUSI_D    x  x  x  x  x  x  x  x  x  x
 BUSI_D    x     x  x  x
 CUSI_D    x           x     x  x
 DUSI_D    x     x        x     x


     MISSING DATA PATTERN FREQUENCIES FOR D3

    Pattern   Frequency     Pattern   Frequency     Pattern   Frequency
          1         140           5           7           9           1
          2          44           6           3          10           1
          3           8           7           7
          4          15           8           7


     MISSING DATA PATTERNS (x = not missing) FOR D4

           1  2  3  4  5  6  7  8  9 10 11 12 13 14 15
 ABFAS_EA  x  x  x  x  x  x  x  x  x  x  x  x  x  x  x
 BBFAS_EA  x     x  x  x  x           x  x        x
 CBFAS_EA  x        x     x     x  x  x     x        x
 DBFAS_EA  x     x  x        x     x  x     x     x
 AUSI_D    x  x  x  x  x  x  x  x  x  x  x  x     x  x
 BUSI_D    x     x  x  x  x                 x
 CUSI_D    x              x     x  x  x     x
 DUSI_D    x     x  x        x     x  x     x     x


     MISSING DATA PATTERN FREQUENCIES FOR D4

    Pattern   Frequency     Pattern   Frequency     Pattern   Frequency
          1         103           6          15          11           3
          2          39           7           4          12           1
          3           7           8           5          13           1
          4           1           9           5          14           1
          5          11          10           1          15           1


     MISSING DATA PATTERNS (x = not missing) FOR D5

           1  2  3  4  5  6  7  8  9
 ABFAS_EA  x  x  x  x  x  x  x  x
 BBFAS_EA  x     x  x  x           x
 CBFAS_EA  x           x     x  x  x
 DBFAS_EA  x     x        x     x  x
 AUSI_D    x  x  x  x  x  x  x  x  x
 BUSI_D    x     x  x  x           x
 CUSI_D    x           x     x  x  x
 DUSI_D    x     x        x     x  x


     MISSING DATA PATTERN FREQUENCIES FOR D5

    Pattern   Frequency     Pattern   Frequency     Pattern   Frequency
          1          60           4          10           7           6
          2          29           5          11           8           4
          3           5           6           6           9           1


COVARIANCE COVERAGE OF DATA

Minimum covariance coverage value   0.100


     PROPORTION OF DATA PRESENT FOR D2


           Covariance Coverage
              ABFAS_EA      BBFAS_EA      CBFAS_EA      DBFAS_EA      AUSI_D
              ________      ________      ________      ________      ________
 ABFAS_EA       0.997
 BBFAS_EA       0.734         0.738
 CBFAS_EA       0.711         0.678         0.714
 DBFAS_EA       0.701         0.648         0.648         0.704
 AUSI_D         0.997         0.738         0.714         0.704         1.000
 BUSI_D         0.728         0.728         0.674         0.645         0.731
 CUSI_D         0.704         0.671         0.708         0.645         0.708
 DUSI_D         0.704         0.651         0.651         0.704         0.708


           Covariance Coverage
              BUSI_D        CUSI_D        DUSI_D
              ________      ________      ________
 BUSI_D         0.731
 CUSI_D         0.668         0.708
 DUSI_D         0.648         0.648         0.708


     PROPORTION OF DATA PRESENT FOR D3


           Covariance Coverage
              ABFAS_EA      BBFAS_EA      CBFAS_EA      DBFAS_EA      AUSI_D
              ________      ________      ________      ________      ________
 ABFAS_EA       1.000
 BBFAS_EA       0.747         0.747
 CBFAS_EA       0.717         0.682         0.717
 DBFAS_EA       0.734         0.700         0.670         0.734
 AUSI_D         1.000         0.747         0.717         0.734         1.000
 BUSI_D         0.747         0.747         0.682         0.700         0.747
 CUSI_D         0.648         0.614         0.648         0.605         0.648
 DUSI_D         0.734         0.700         0.670         0.734         0.734


           Covariance Coverage
              BUSI_D        CUSI_D        DUSI_D
              ________      ________      ________
 BUSI_D         0.747
 CUSI_D         0.614         0.648
 DUSI_D         0.700         0.605         0.734


     PROPORTION OF DATA PRESENT FOR D4


           Covariance Coverage
              ABFAS_EA      BBFAS_EA      CBFAS_EA      DBFAS_EA      AUSI_D
              ________      ________      ________      ________      ________
 ABFAS_EA       0.985
 BBFAS_EA       0.712         0.727
 CBFAS_EA       0.672         0.631         0.687
 DBFAS_EA       0.616         0.581         0.576         0.631
 AUSI_D         0.985         0.727         0.687         0.631         1.000
 BUSI_D         0.707         0.717         0.631         0.581         0.722
 CUSI_D         0.662         0.621         0.677         0.571         0.677
 DUSI_D         0.621         0.586         0.581         0.631         0.636


           Covariance Coverage
              BUSI_D        CUSI_D        DUSI_D
              ________      ________      ________
 BUSI_D         0.722
 CUSI_D         0.621         0.677
 DUSI_D         0.586         0.576         0.636


     PROPORTION OF DATA PRESENT FOR D5


           Covariance Coverage
              ABFAS_EA      BBFAS_EA      CBFAS_EA      DBFAS_EA      AUSI_D
              ________      ________      ________      ________      ________
 ABFAS_EA       1.000
 BBFAS_EA       0.697         0.697
 CBFAS_EA       0.614         0.576         0.614
 DBFAS_EA       0.621         0.568         0.538         0.621
 AUSI_D         1.000         0.697         0.614         0.621         1.000
 BUSI_D         0.697         0.697         0.576         0.568         0.697
 CUSI_D         0.538         0.500         0.538         0.462         0.538
 DUSI_D         0.621         0.568         0.538         0.621         0.621


           Covariance Coverage
              BUSI_D        CUSI_D        DUSI_D
              ________      ________      ________
 BUSI_D         0.697
 CUSI_D         0.500         0.538
 DUSI_D         0.568         0.462         0.621


SAMPLE STATISTICS


     ESTIMATED SAMPLE STATISTICS FOR D2


           Means
              ABFAS_EA      BBFAS_EA      CBFAS_EA      DBFAS_EA      AUSI_D
              ________      ________      ________      ________      ________
               59.338        59.470        58.472        57.544        34.095


           Means
              BUSI_D        CUSI_D        DUSI_D
              ________      ________      ________
               33.220        33.049        33.926


           Covariances
              ABFAS_EA      BBFAS_EA      CBFAS_EA      DBFAS_EA      AUSI_D
              ________      ________      ________      ________      ________
 ABFAS_EA     408.093
 BBFAS_EA     356.684       418.538
 CBFAS_EA     329.540       349.030       413.126
 DBFAS_EA     314.082       335.495       347.484       410.056
 AUSI_D        48.518        30.850        19.490        28.547       351.891
 BUSI_D        29.387        22.787         2.922        21.290       239.626
 CUSI_D        24.565        19.235        -4.929        10.489       183.495
 DUSI_D         1.042        -6.364       -22.746         4.549       194.487


           Covariances
              BUSI_D        CUSI_D        DUSI_D
              ________      ________      ________
 BUSI_D       352.757
 CUSI_D       213.971       312.602
 DUSI_D       210.954       225.995       327.130


           Correlations
              ABFAS_EA      BBFAS_EA      CBFAS_EA      DBFAS_EA      AUSI_D
              ________      ________      ________      ________      ________
 ABFAS_EA       1.000
 BBFAS_EA       0.863         1.000
 CBFAS_EA       0.803         0.839         1.000
 DBFAS_EA       0.768         0.810         0.844         1.000
 AUSI_D         0.128         0.080         0.051         0.075         1.000
 BUSI_D         0.077         0.059         0.008         0.056         0.680
 CUSI_D         0.069         0.053        -0.014         0.029         0.553
 DUSI_D         0.003        -0.017        -0.062         0.012         0.573


           Correlations
              BUSI_D        CUSI_D        DUSI_D
              ________      ________      ________
 BUSI_D         1.000
 CUSI_D         0.644         1.000
 DUSI_D         0.621         0.707         1.000


     ESTIMATED SAMPLE STATISTICS FOR D3


           Means
              ABFAS_EA      BBFAS_EA      CBFAS_EA      DBFAS_EA      AUSI_D
              ________      ________      ________      ________      ________
               62.648        62.855        61.374        62.431        29.614


           Means
              BUSI_D        CUSI_D        DUSI_D
              ________      ________      ________
               31.224        30.280        28.874


           Covariances
              ABFAS_EA      BBFAS_EA      CBFAS_EA      DBFAS_EA      AUSI_D
              ________      ________      ________      ________      ________
 ABFAS_EA     419.503
 BBFAS_EA     329.374       378.815
 CBFAS_EA     329.691       314.032       365.327
 DBFAS_EA     335.068       317.535       329.406       385.925
 AUSI_D         6.381        13.719        15.192        14.154       326.979
 BUSI_D        39.197        43.696        36.673        42.782       200.837
 CUSI_D        44.934        31.545        19.353        45.394       184.367
 DUSI_D        42.877        38.512        13.355        39.074       156.281


           Covariances
              BUSI_D        CUSI_D        DUSI_D
              ________      ________      ________
 BUSI_D       306.463
 CUSI_D       193.509       349.537
 DUSI_D       152.741       195.119       296.963


           Correlations
              ABFAS_EA      BBFAS_EA      CBFAS_EA      DBFAS_EA      AUSI_D
              ________      ________      ________      ________      ________
 ABFAS_EA       1.000
 BBFAS_EA       0.826         1.000
 CBFAS_EA       0.842         0.844         1.000
 DBFAS_EA       0.833         0.830         0.877         1.000
 AUSI_D         0.017         0.039         0.044         0.040         1.000
 BUSI_D         0.109         0.128         0.110         0.124         0.634
 CUSI_D         0.117         0.087         0.054         0.124         0.545
 DUSI_D         0.121         0.115         0.041         0.115         0.502


           Correlations
              BUSI_D        CUSI_D        DUSI_D
              ________      ________      ________
 BUSI_D         1.000
 CUSI_D         0.591         1.000
 DUSI_D         0.506         0.606         1.000


     ESTIMATED SAMPLE STATISTICS FOR D4


           Means
              ABFAS_EA      BBFAS_EA      CBFAS_EA      DBFAS_EA      AUSI_D
              ________      ________      ________      ________      ________
               62.755        61.226        62.162        62.611        28.338


           Means
              BUSI_D        CUSI_D        DUSI_D
              ________      ________      ________
               27.223        27.269        27.787


           Covariances
              ABFAS_EA      BBFAS_EA      CBFAS_EA      DBFAS_EA      AUSI_D
              ________      ________      ________      ________      ________
 ABFAS_EA     336.277
 BBFAS_EA     271.298       296.585
 CBFAS_EA     283.897       282.444       345.549
 DBFAS_EA     276.394       267.213       303.216       339.306
 AUSI_D        16.300         1.159        -1.881        20.358       377.650
 BUSI_D        13.043        10.653        12.653        18.579       283.492
 CUSI_D         9.176        -7.624        -2.254        11.566       272.692
 DUSI_D        32.736        27.699        25.425        35.132       213.088


           Covariances
              BUSI_D        CUSI_D        DUSI_D
              ________      ________      ________
 BUSI_D       399.136
 CUSI_D       275.189       386.045
 DUSI_D       205.761       249.234       328.271


           Correlations
              ABFAS_EA      BBFAS_EA      CBFAS_EA      DBFAS_EA      AUSI_D
              ________      ________      ________      ________      ________
 ABFAS_EA       1.000
 BBFAS_EA       0.859         1.000
 CBFAS_EA       0.833         0.882         1.000
 DBFAS_EA       0.818         0.842         0.886         1.000
 AUSI_D         0.046         0.003        -0.005         0.057         1.000
 BUSI_D         0.036         0.031         0.034         0.050         0.730
 CUSI_D         0.025        -0.023        -0.006         0.032         0.714
 DUSI_D         0.099         0.089         0.075         0.105         0.605


           Correlations
              BUSI_D        CUSI_D        DUSI_D
              ________      ________      ________
 BUSI_D         1.000
 CUSI_D         0.701         1.000
 DUSI_D         0.568         0.700         1.000


     ESTIMATED SAMPLE STATISTICS FOR D5


           Means
              ABFAS_EA      BBFAS_EA      CBFAS_EA      DBFAS_EA      AUSI_D
              ________      ________      ________      ________      ________
               62.636        61.833        61.335        59.531        25.694


           Means
              BUSI_D        CUSI_D        DUSI_D
              ________      ________      ________
               23.362        25.490        27.361


           Covariances
              ABFAS_EA      BBFAS_EA      CBFAS_EA      DBFAS_EA      AUSI_D
              ________      ________      ________      ________      ________
 ABFAS_EA     332.500
 BBFAS_EA     290.772       344.924
 CBFAS_EA     275.293       278.578       342.781
 DBFAS_EA     276.829       273.458       306.879       334.294
 AUSI_D       -13.736        -3.272        -0.993       -16.896       342.005
 BUSI_D       -38.930       -45.597       -27.338       -15.911       171.182
 CUSI_D        45.966        55.322        72.789        52.127       247.686
 DUSI_D       -18.812       -25.123         3.837       -20.399       228.467


           Covariances
              BUSI_D        CUSI_D        DUSI_D
              ________      ________      ________
 BUSI_D       299.992
 CUSI_D       245.668       453.828
 DUSI_D       252.172       337.002       432.138


           Correlations
              ABFAS_EA      BBFAS_EA      CBFAS_EA      DBFAS_EA      AUSI_D
              ________      ________      ________      ________      ________
 ABFAS_EA       1.000
 BBFAS_EA       0.859         1.000
 CBFAS_EA       0.815         0.810         1.000
 DBFAS_EA       0.830         0.805         0.907         1.000
 AUSI_D        -0.041        -0.010        -0.003        -0.050         1.000
 BUSI_D        -0.123        -0.142        -0.085        -0.050         0.534
 CUSI_D         0.118         0.140         0.185         0.134         0.629
 DUSI_D        -0.050        -0.065         0.010        -0.054         0.594


           Correlations
              BUSI_D        CUSI_D        DUSI_D
              ________      ________      ________
 BUSI_D         1.000
 CUSI_D         0.666         1.000
 DUSI_D         0.700         0.761         1.000


     MAXIMUM LOG-LIKELIHOOD VALUE FOR THE UNRESTRICTED (H1) MODEL IS -21161.087


UNIVARIATE SAMPLE STATISTICS


     UNIVARIATE HIGHER-ORDER MOMENT DESCRIPTIVE STATISTICS FOR D2

         Variable/         Mean/     Skewness/   Minimum/ % with                Percentiles
        Sample Size      Variance    Kurtosis    Maximum  Min/Max      20%/60%    40%/80%    Median

     ABFAS_EA             59.294      -0.511       2.500    1.00%      42.500     55.000     62.500
             300.000     408.550      -0.051     100.000    1.00%      67.500     75.000
     BBFAS_EA             59.134      -0.468       2.500    0.45%      42.500     55.000     61.250
             222.000     409.675      -0.317      97.500    0.90%      67.500     77.500
     CBFAS_EA             58.850      -0.304       5.000    0.47%      42.500     52.500     60.000
             215.000     414.030      -0.451     100.000    0.47%      65.000     77.500
     DBFAS_EA             57.087      -0.238       5.000    0.47%      40.000     52.500     58.750
             212.000     407.111      -0.567      97.500    0.94%      65.000     75.000
     AUSI_D               34.095       0.151       0.000    6.98%      16.667     33.333     33.333
             301.000     351.891      -0.339      91.667    0.33%      41.667     50.000
     BUSI_D               32.689      -0.008       0.000    7.27%      16.667     25.000     33.333
             220.000     338.916      -0.600      91.667    0.45%      41.667     50.000
     CUSI_D               33.099       0.089       0.000    6.57%      16.667     25.000     33.333
             213.000     305.761      -0.296      83.333    0.47%      33.333     50.000
     DUSI_D               33.549       0.033       0.000    6.10%      16.667     25.000     33.333
             213.000     315.959      -0.347      83.333    0.94%      41.667     50.000


     UNIVARIATE HIGHER-ORDER MOMENT DESCRIPTIVE STATISTICS FOR D3

         Variable/         Mean/     Skewness/   Minimum/ % with                Percentiles
        Sample Size      Variance    Kurtosis    Maximum  Min/Max      20%/60%    40%/80%    Median

     ABFAS_EA             62.648      -0.473       0.000    0.43%      45.000     57.500     65.000
             233.000     419.503      -0.256     100.000    0.86%      70.000     80.556
     BBFAS_EA             63.363      -0.271       5.000    0.58%      45.000     57.500     65.000
             171.000     378.242      -0.566     100.000    1.17%      70.000     80.000
     CBFAS_EA             61.194      -0.647       2.500    0.62%      47.500     60.000     65.000
             161.000     378.011       0.362      97.500    3.73%      67.500     75.000
     DBFAS_EA             62.980      -0.705       2.500    0.63%      50.000     60.000     65.000
             159.000     385.674       0.426     100.000    0.63%      70.000     80.000
     AUSI_D               29.614       0.002       0.000   12.88%       8.333     25.000     33.333
             233.000     326.979      -0.435      91.667    0.43%      33.333     41.667
     BUSI_D               30.515       0.091       0.000   10.00%      16.667     25.000     33.333
             170.000     305.066      -0.063      91.667    0.59%      33.333     41.667
     CUSI_D               30.072       0.264       0.000    9.32%       8.333     25.000     33.333
             161.000     352.980      -0.551      75.000    1.86%      33.333     41.667
     DUSI_D               28.191       0.144       0.000   10.76%       8.333     25.000     29.167
             158.000     299.351      -0.487      75.000    1.27%      33.333     41.667


     UNIVARIATE HIGHER-ORDER MOMENT DESCRIPTIVE STATISTICS FOR D4

         Variable/         Mean/     Skewness/   Minimum/ % with                Percentiles
        Sample Size      Variance    Kurtosis    Maximum  Min/Max      20%/60%    40%/80%    Median

     ABFAS_EA             62.755      -0.412       7.500    0.51%      47.500     60.000     62.500
             198.000     336.277      -0.094     100.000    1.01%      70.000     77.500
     BBFAS_EA             61.298      -0.350       7.500    1.41%      45.000     57.500     60.000
             142.000     310.126       0.152      97.500    0.70%      65.000     77.500
     CBFAS_EA             61.843      -0.261      12.500    0.76%      45.000     57.500     61.806
             132.000     361.723      -0.283     100.000    0.76%      67.500     80.000
     DBFAS_EA             63.801      -0.404      10.000    0.81%      47.500     57.500     65.000
             123.000     339.873      -0.413      95.000    2.44%      70.000     80.000
     AUSI_D               28.342       0.258       0.000   11.17%       8.333     16.667     25.000
             197.000     377.651      -0.783      83.333    0.51%      33.333     50.000
     BUSI_D               27.597       0.569       0.000   15.22%       8.333     25.000     25.000
             138.000     395.582       0.559     100.000    0.72%      33.333     41.667
     CUSI_D               28.141       0.148       0.000   17.69%       8.333     25.000     29.167
             130.000     391.309      -0.767      83.333    0.77%      33.333     41.667
     DUSI_D               28.659       0.031       0.000   14.63%       8.333     25.000     33.333
             123.000     335.531      -0.719      75.000    0.81%      33.333     41.667


     UNIVARIATE HIGHER-ORDER MOMENT DESCRIPTIVE STATISTICS FOR D5

         Variable/         Mean/     Skewness/   Minimum/ % with                Percentiles
        Sample Size      Variance    Kurtosis    Maximum  Min/Max      20%/60%    40%/80%    Median

     ABFAS_EA             62.550      -0.540      15.000    1.53%      47.500     60.000     65.000
             131.000     333.552       0.035      97.500    1.53%      69.444     77.500
     BBFAS_EA             61.303      -0.662       2.500    1.15%      45.000     57.500     65.000
              87.000     358.744       0.305      97.222    1.15%      70.000     75.000
     CBFAS_EA             60.640      -0.439      20.000    3.66%      42.500     60.000     67.500
              82.000     365.825      -0.565      97.500    1.22%      70.000     75.000
     DBFAS_EA             60.526      -0.568      10.000    1.32%      42.500     57.500     65.000
              76.000     328.835       0.091      95.000    1.32%      67.500     75.000
     AUSI_D               25.694       0.348       0.000   15.91%       8.333     16.667     25.000
             132.000     342.005      -0.680      75.000    0.76%      33.333     41.667
     BUSI_D               22.797       0.355       0.000   20.69%       0.000     16.667     25.000
              87.000     297.669      -0.593      66.667    2.30%      25.000     41.667
     CUSI_D               24.797       0.742       0.000   18.29%       8.333     16.667     16.667
              82.000     438.644       0.000      91.667    1.22%      25.000     41.667
     DUSI_D               25.768       0.437       0.000   19.74%       0.000     16.667     25.000
              76.000     427.956      -0.736      83.333    1.32%      33.333     50.000


THE MODEL ESTIMATION TERMINATED NORMALLY



MODEL FIT INFORMATION

Number of Free Parameters                       54

Loglikelihood

          H0 Value                      -21229.942
          H0 Scaling Correction Factor      1.1899
            for MLR

Information Criteria

          Akaike (AIC)                   42567.884
          Bayesian (BIC)                 42825.009
          Sample-Size Adjusted BIC       42653.519
            (n* = (n + 2) / 24)



MODEL RESULTS

                                                    Two-Tailed
                    Estimate       S.E.  Est./S.E.    P-Value

Group D2

 P1       BY
    ABFAS_EA           1.000      0.000    999.000    999.000

 P2       BY
    BBFAS_EA           1.000      0.000    999.000    999.000

 P3       BY
    CBFAS_EA           1.000      0.000    999.000    999.000

 P4       BY
    DBFAS_EA           1.000      0.000    999.000    999.000

 V1       BY
    AUSI_D             1.000      0.000    999.000    999.000

 V2       BY
    BUSI_D             1.000      0.000    999.000    999.000

 V3       BY
    CUSI_D             1.000      0.000    999.000    999.000

 V4       BY
    DUSI_D             1.000      0.000    999.000    999.000

 P4         ON
    P3                 0.381      0.117      3.251      0.001
    V3                -0.049      0.052     -0.939      0.348

 P3         ON
    P2                 0.381      0.117      3.251      0.001
    V2                -0.049      0.052     -0.939      0.348

 P2         ON
    P1                 0.381      0.117      3.251      0.001
    V1                -0.049      0.052     -0.939      0.348

 V4         ON
    V3                 0.259      0.068      3.814      0.000
    P3                -0.060      0.084     -0.718      0.473

 V3         ON
    V2                 0.259      0.068      3.814      0.000
    P2                -0.060      0.084     -0.718      0.473

 V2         ON
    V1                 0.259      0.068      3.814      0.000
    P1                -0.060      0.084     -0.718      0.473

 S_BFAS_E WITH
    I_BFAS_EA         -1.339      0.934     -1.434      0.151
    S_USI_D            0.008      0.117      0.070      0.944
    I_USI_D           -0.468      2.225     -0.210      0.833

 I_BFAS_E WITH
    S_USI_D            0.009      2.414      0.004      0.997
    I_USI_D           20.199     15.402      1.311      0.190

 S_USI_D  WITH
    I_USI_D            0.440      0.753      0.584      0.559

 P1       WITH
    V1                17.999     14.294      1.259      0.208

 P2       WITH
    V2                -3.398      5.888     -0.577      0.564

 P3       WITH
    V3                -3.398      5.888     -0.577      0.564

 P4       WITH
    V4                -3.398      5.888     -0.577      0.564

 Means
    P1                 0.000      0.000    999.000    999.000
    V1                 0.000      0.000    999.000    999.000
    I_BFAS_EA         61.011      0.642     95.067      0.000
    S_BFAS_EA          0.071      0.055      1.294      0.196
    I_USI_D           30.414      0.564     53.970      0.000
    S_USI_D           -0.291      0.053     -5.456      0.000

 Intercepts
    ABFAS_EA           0.000      0.000    999.000    999.000
    BBFAS_EA           0.000      0.000    999.000    999.000
    CBFAS_EA           0.000      0.000    999.000    999.000
    DBFAS_EA           0.000      0.000    999.000    999.000
    AUSI_D             0.000      0.000    999.000    999.000
    BUSI_D             0.000      0.000    999.000    999.000
    CUSI_D             0.000      0.000    999.000    999.000
    DUSI_D             0.000      0.000    999.000    999.000
    P2                 0.000      0.000    999.000    999.000
    P3                 0.000      0.000    999.000    999.000
    P4                 0.000      0.000    999.000    999.000
    V2                 0.000      0.000    999.000    999.000
    V3                 0.000      0.000    999.000    999.000
    V4                 0.000      0.000    999.000    999.000

 Variances
    P1                86.122     17.769      4.847      0.000
    V1               161.957     23.645      6.850      0.000
    I_BFAS_EA        296.442     22.130     13.396      0.000
    S_BFAS_EA          0.098      0.165      0.594      0.552
    I_USI_D          177.409     19.891      8.919      0.000
    S_USI_D            0.163      0.135      1.203      0.229

 Residual Variances
    ABFAS_EA           0.000      0.000    999.000    999.000
    BBFAS_EA           0.000      0.000    999.000    999.000
    CBFAS_EA           0.000      0.000    999.000    999.000
    DBFAS_EA           0.000      0.000    999.000    999.000
    AUSI_D             0.000      0.000    999.000    999.000
    BUSI_D             0.000      0.000    999.000    999.000
    CUSI_D             0.000      0.000    999.000    999.000
    DUSI_D             0.000      0.000    999.000    999.000
    P2                87.930      9.845      8.931      0.000
    P3                87.930      9.845      8.931      0.000
    P4                87.930      9.845      8.931      0.000
    V2               133.792     11.372     11.765      0.000
    V3               133.792     11.372     11.765      0.000
    V4               133.792     11.372     11.765      0.000

Group D3

 P1       BY
    ABFAS_EA           1.000      0.000    999.000    999.000

 P2       BY
    BBFAS_EA           1.000      0.000    999.000    999.000

 P3       BY
    CBFAS_EA           1.000      0.000    999.000    999.000

 P4       BY
    DBFAS_EA           1.000      0.000    999.000    999.000

 V1       BY
    AUSI_D             1.000      0.000    999.000    999.000

 V2       BY
    BUSI_D             1.000      0.000    999.000    999.000

 V3       BY
    CUSI_D             1.000      0.000    999.000    999.000

 V4       BY
    DUSI_D             1.000      0.000    999.000    999.000

 P4         ON
    P3                 0.066      0.091      0.724      0.469
    V3                 0.001      0.048      0.014      0.988

 P3         ON
    P2                 0.066      0.091      0.724      0.469
    V2                 0.001      0.048      0.014      0.988

 P2         ON
    P1                 0.066      0.091      0.724      0.469
    V1                 0.001      0.048      0.014      0.988

 V4         ON
    V3                 0.166      0.084      1.965      0.049
    P3                -0.133      0.100     -1.325      0.185

 V3         ON
    V2                 0.166      0.084      1.965      0.049
    P2                -0.133      0.100     -1.325      0.185

 V2         ON
    V1                 0.166      0.084      1.965      0.049
    P1                -0.133      0.100     -1.325      0.185

 S_BFAS_E WITH
    I_BFAS_EA         -1.339      0.934     -1.434      0.151
    S_USI_D            0.008      0.117      0.070      0.944
    I_USI_D           -0.468      2.225     -0.210      0.833

 I_BFAS_E WITH
    S_USI_D            0.009      2.414      0.004      0.997
    I_USI_D           20.199     15.402      1.311      0.190

 S_USI_D  WITH
    I_USI_D            0.440      0.753      0.584      0.559

 P1       WITH
    V1               -17.994     11.781     -1.527      0.127

 P2       WITH
    V2                -2.929      6.792     -0.431      0.666

 P3       WITH
    V3                -2.929      6.792     -0.431      0.666

 P4       WITH
    V4                -2.929      6.792     -0.431      0.666

 Means
    P1                 0.000      0.000    999.000    999.000
    V1                 0.000      0.000    999.000    999.000
    I_BFAS_EA         61.011      0.642     95.067      0.000
    S_BFAS_EA          0.071      0.055      1.294      0.196
    I_USI_D           30.414      0.564     53.970      0.000
    S_USI_D           -0.291      0.053     -5.456      0.000

 Intercepts
    ABFAS_EA           0.000      0.000    999.000    999.000
    BBFAS_EA           0.000      0.000    999.000    999.000
    CBFAS_EA           0.000      0.000    999.000    999.000
    DBFAS_EA           0.000      0.000    999.000    999.000
    AUSI_D             0.000      0.000    999.000    999.000
    BUSI_D             0.000      0.000    999.000    999.000
    CUSI_D             0.000      0.000    999.000    999.000
    DUSI_D             0.000      0.000    999.000    999.000
    P2                 0.000      0.000    999.000    999.000
    P3                 0.000      0.000    999.000    999.000
    P4                 0.000      0.000    999.000    999.000
    V2                 0.000      0.000    999.000    999.000
    V3                 0.000      0.000    999.000    999.000
    V4                 0.000      0.000    999.000    999.000

 Variances
    P1                80.738     11.048      7.308      0.000
    V1               155.448     20.273      7.668      0.000
    I_BFAS_EA        296.442     22.130     13.396      0.000
    S_BFAS_EA          0.098      0.165      0.594      0.552
    I_USI_D          177.409     19.891      8.919      0.000
    S_USI_D            0.163      0.135      1.203      0.229

 Residual Variances
    ABFAS_EA           0.000      0.000    999.000    999.000
    BBFAS_EA           0.000      0.000    999.000    999.000
    CBFAS_EA           0.000      0.000    999.000    999.000
    DBFAS_EA           0.000      0.000    999.000    999.000
    AUSI_D             0.000      0.000    999.000    999.000
    BUSI_D             0.000      0.000    999.000    999.000
    CUSI_D             0.000      0.000    999.000    999.000
    DUSI_D             0.000      0.000    999.000    999.000
    P2                58.824      6.273      9.377      0.000
    P3                58.824      6.273      9.377      0.000
    P4                58.824      6.273      9.377      0.000
    V2               146.747     15.085      9.728      0.000
    V3               146.747     15.085      9.728      0.000
    V4               146.747     15.085      9.728      0.000

Group D4

 P1       BY
    ABFAS_EA           1.000      0.000    999.000    999.000

 P2       BY
    BBFAS_EA           1.000      0.000    999.000    999.000

 P3       BY
    CBFAS_EA           1.000      0.000    999.000    999.000

 P4       BY
    DBFAS_EA           1.000      0.000    999.000    999.000

 V1       BY
    AUSI_D             1.000      0.000    999.000    999.000

 V2       BY
    BUSI_D             1.000      0.000    999.000    999.000

 V3       BY
    CUSI_D             1.000      0.000    999.000    999.000

 V4       BY
    DUSI_D             1.000      0.000    999.000    999.000

 P4         ON
    P3                 0.223      0.096      2.317      0.020
    V3                -0.016      0.053     -0.294      0.769

 P3         ON
    P2                 0.223      0.096      2.317      0.020
    V2                -0.016      0.053     -0.294      0.769

 P2         ON
    P1                 0.223      0.096      2.317      0.020
    V1                -0.016      0.053     -0.294      0.769

 V4         ON
    V3                 0.298      0.103      2.881      0.004
    P3                -0.117      0.120     -0.973      0.331

 V3         ON
    V2                 0.298      0.103      2.881      0.004
    P2                -0.117      0.120     -0.973      0.331

 V2         ON
    V1                 0.298      0.103      2.881      0.004
    P1                -0.117      0.120     -0.973      0.331

 S_BFAS_E WITH
    I_BFAS_EA         -1.339      0.934     -1.434      0.151
    S_USI_D            0.008      0.117      0.070      0.944
    I_USI_D           -0.468      2.225     -0.210      0.833

 I_BFAS_E WITH
    S_USI_D            0.009      2.414      0.004      0.997
    I_USI_D           20.199     15.402      1.311      0.190

 S_USI_D  WITH
    I_USI_D            0.440      0.753      0.584      0.559

 P1       WITH
    V1                 4.548     11.869      0.383      0.702

 P2       WITH
    V2                -1.090      6.201     -0.176      0.861

 P3       WITH
    V3                -1.090      6.201     -0.176      0.861

 P4       WITH
    V4                -1.090      6.201     -0.176      0.861

 Means
    P1                 0.000      0.000    999.000    999.000
    V1                 0.000      0.000    999.000    999.000
    I_BFAS_EA         61.011      0.642     95.067      0.000
    S_BFAS_EA          0.071      0.055      1.294      0.196
    I_USI_D           30.414      0.564     53.970      0.000
    S_USI_D           -0.291      0.053     -5.456      0.000

 Intercepts
    ABFAS_EA           0.000      0.000    999.000    999.000
    BBFAS_EA           0.000      0.000    999.000    999.000
    CBFAS_EA           0.000      0.000    999.000    999.000
    DBFAS_EA           0.000      0.000    999.000    999.000
    AUSI_D             0.000      0.000    999.000    999.000
    BUSI_D             0.000      0.000    999.000    999.000
    CUSI_D             0.000      0.000    999.000    999.000
    DUSI_D             0.000      0.000    999.000    999.000
    P2                 0.000      0.000    999.000    999.000
    P3                 0.000      0.000    999.000    999.000
    P4                 0.000      0.000    999.000    999.000
    V2                 0.000      0.000    999.000    999.000
    V3                 0.000      0.000    999.000    999.000
    V4                 0.000      0.000    999.000    999.000

 Variances
    P1                69.192     12.024      5.755      0.000
    V1               141.500     33.578      4.214      0.000
    I_BFAS_EA        296.442     22.130     13.396      0.000
    S_BFAS_EA          0.098      0.165      0.594      0.552
    I_USI_D          177.409     19.891      8.919      0.000
    S_USI_D            0.163      0.135      1.203      0.229

 Residual Variances
    ABFAS_EA           0.000      0.000    999.000    999.000
    BBFAS_EA           0.000      0.000    999.000    999.000
    CBFAS_EA           0.000      0.000    999.000    999.000
    DBFAS_EA           0.000      0.000    999.000    999.000
    AUSI_D             0.000      0.000    999.000    999.000
    BUSI_D             0.000      0.000    999.000    999.000
    CUSI_D             0.000      0.000    999.000    999.000
    DUSI_D             0.000      0.000    999.000    999.000
    P2                48.859      6.267      7.797      0.000
    P3                48.859      6.267      7.797      0.000
    P4                48.859      6.267      7.797      0.000
    V2               142.607     15.765      9.046      0.000
    V3               142.607     15.765      9.046      0.000
    V4               142.607     15.765      9.046      0.000

Group D5

 P1       BY
    ABFAS_EA           1.000      0.000    999.000    999.000

 P2       BY
    BBFAS_EA           1.000      0.000    999.000    999.000

 P3       BY
    CBFAS_EA           1.000      0.000    999.000    999.000

 P4       BY
    DBFAS_EA           1.000      0.000    999.000    999.000

 V1       BY
    AUSI_D             1.000      0.000    999.000    999.000

 V2       BY
    BUSI_D             1.000      0.000    999.000    999.000

 V3       BY
    CUSI_D             1.000      0.000    999.000    999.000

 V4       BY
    DUSI_D             1.000      0.000    999.000    999.000

 P4         ON
    P3                 0.327      0.188      1.744      0.081
    V3                -0.014      0.067     -0.212      0.832

 P3         ON
    P2                 0.327      0.188      1.744      0.081
    V2                -0.014      0.067     -0.212      0.832

 P2         ON
    P1                 0.327      0.188      1.744      0.081
    V1                -0.014      0.067     -0.212      0.832

 V4         ON
    V3                 0.022      0.128      0.175      0.861
    P3                 0.001      0.141      0.011      0.992

 V3         ON
    V2                 0.022      0.128      0.175      0.861
    P2                 0.001      0.141      0.011      0.992

 V2         ON
    V1                 0.022      0.128      0.175      0.861
    P1                 0.001      0.141      0.011      0.992

 S_BFAS_E WITH
    I_BFAS_EA         -1.339      0.934     -1.434      0.151
    S_USI_D            0.008      0.117      0.070      0.944
    I_USI_D           -0.468      2.225     -0.210      0.833

 I_BFAS_E WITH
    S_USI_D            0.009      2.414      0.004      0.997
    I_USI_D           20.199     15.402      1.311      0.190

 S_USI_D  WITH
    I_USI_D            0.440      0.753      0.584      0.559

 P1       WITH
    V1                 1.045     18.999      0.055      0.956

 P2       WITH
    V2                -8.126      7.744     -1.049      0.294

 P3       WITH
    V3                -8.126      7.744     -1.049      0.294

 P4       WITH
    V4                -8.126      7.744     -1.049      0.294

 Means
    P1                 0.000      0.000    999.000    999.000
    V1                 0.000      0.000    999.000    999.000
    I_BFAS_EA         61.011      0.642     95.067      0.000
    S_BFAS_EA          0.071      0.055      1.294      0.196
    I_USI_D           30.414      0.564     53.970      0.000
    S_USI_D           -0.291      0.053     -5.456      0.000

 Intercepts
    ABFAS_EA           0.000      0.000    999.000    999.000
    BBFAS_EA           0.000      0.000    999.000    999.000
    CBFAS_EA           0.000      0.000    999.000    999.000
    DBFAS_EA           0.000      0.000    999.000    999.000
    AUSI_D             0.000      0.000    999.000    999.000
    BUSI_D             0.000      0.000    999.000    999.000
    CUSI_D             0.000      0.000    999.000    999.000
    DUSI_D             0.000      0.000    999.000    999.000
    P2                 0.000      0.000    999.000    999.000
    P3                 0.000      0.000    999.000    999.000
    P4                 0.000      0.000    999.000    999.000
    V2                 0.000      0.000    999.000    999.000
    V3                 0.000      0.000    999.000    999.000
    V4                 0.000      0.000    999.000    999.000

 Variances
    P1                62.824     16.953      3.706      0.000
    V1               157.936     32.944      4.794      0.000
    I_BFAS_EA        296.442     22.130     13.396      0.000
    S_BFAS_EA          0.098      0.165      0.594      0.552
    I_USI_D          177.409     19.891      8.919      0.000
    S_USI_D            0.163      0.135      1.203      0.229

 Residual Variances
    ABFAS_EA           0.000      0.000    999.000    999.000
    BBFAS_EA           0.000      0.000    999.000    999.000
    CBFAS_EA           0.000      0.000    999.000    999.000
    DBFAS_EA           0.000      0.000    999.000    999.000
    AUSI_D             0.000      0.000    999.000    999.000
    BUSI_D             0.000      0.000    999.000    999.000
    CUSI_D             0.000      0.000    999.000    999.000
    DUSI_D             0.000      0.000    999.000    999.000
    P2                66.421     16.590      4.004      0.000
    P3                66.421     16.590      4.004      0.000
    P4                66.421     16.590      4.004      0.000
    V2               130.785     24.383      5.364      0.000
    V3               130.785     24.383      5.364      0.000
    V4               130.785     24.383      5.364      0.000


QUALITY OF NUMERICAL RESULTS

     Condition Number for the Information Matrix              0.150E-06
       (ratio of smallest to largest eigenvalue)


     Beginning Time:  17:38:13
        Ending Time:  17:38:26
       Elapsed Time:  00:00:13



MUTHEN & MUTHEN
3463 Stoner Ave.
Los Angeles, CA  90066

Tel: (310) 391-9971
Fax: (310) 391-8971
Web: www.StatModel.com
Support: Support@StatModel.com

Copyright (c) 1998-2017 Muthen & Muthen
