Mplus VERSION 8 (Linux)
MUTHEN & MUTHEN
07/07/2018   3:58 PM

INPUT INSTRUCTIONS


  title: PxVx Bivariate LCM-SR - post mi - Linear bfas_oi with Linear vrt_ind_d;
  data: file = /home/jflournoy/code_new/lnt_pxvx/Data/lnt_nat_recalc.tsv;

  variable:
  names =
  subjid
  aage
  aaspfin
  aaspfin_d
  abfa_mt
  abfa_mt_d
  abfas_ac
  abfas_ap
  abfas_ci
  abfas_co
  abfas_ea
  abfas_ee
  abfas_nv
  abfas_nv9
  abfas_nw
  abfas_oi
  abfas_oo
  abfi_a
  abfi_a6
  abfi_c
  abfi_d_scale
  abfi_e
  abfi_hp8
  abfi_n
  abfi_o
  abfi_s_scale
  ahrz_col
  ahrz_col_d
  ahrz_ind
  ahrz_ind_d
  amvi
  ausi
  ausi_d
  avrt_col
  avrt_col_d
  avrt_ind
  avrt_ind_d
  bage
  baspfin
  baspfin_d
  bbfa_mt
  bbfa_mt_d
  bbfas_ac
  bbfas_ap
  bbfas_ci
  bbfas_co
  bbfas_ea
  bbfas_ee
  bbfas_nv
  bbfas_nv9
  bbfas_nw
  bbfas_oi
  bbfas_oo
  bbfi_a
  bbfi_a6
  bbfi_c
  bbfi_d_scale
  bbfi_e
  bbfi_hp8
  bbfi_n
  bbfi_o
  bbfi_s_scale
  bhrz_col
  bhrz_col_d
  bhrz_ind
  bhrz_ind_d
  bmvi
  busi
  busi_d
  bvrt_col
  bvrt_col_d
  bvrt_ind
  bvrt_ind_d
  cage
  caspfin
  caspfin_d
  cbfa_mt
  cbfa_mt_d
  cbfas_ac
  cbfas_ap
  cbfas_ci
  cbfas_co
  cbfas_ea
  cbfas_ee
  cbfas_nv
  cbfas_nv9
  cbfas_nw
  cbfas_oi
  cbfas_oo
  cbfi_a
  cbfi_a6
  cbfi_c
  cbfi_d_scale
  cbfi_e
  cbfi_hp8
  cbfi_n
  cbfi_o
  cbfi_s_scale
  chrz_col
  chrz_col_d
  chrz_ind
  chrz_ind_d
  cmvi
  cusi
  cusi_d
  cvrt_col
  cvrt_col_d
  cvrt_ind
  cvrt_ind_d
  dage
  daspfin
  daspfin_d
  dbfa_mt
  dbfa_mt_d
  dbfas_ac
  dbfas_ap
  dbfas_ci
  dbfas_co
  dbfas_ea
  dbfas_ee
  dbfas_nv
  dbfas_nv9
  dbfas_nw
  dbfas_oi
  dbfas_oo
  dbfi_a
  dbfi_a6
  dbfi_c
  dbfi_d_scale
  dbfi_e
  dbfi_hp8
  dbfi_n
  dbfi_o
  dbfi_s_scale
  dhrz_col
  dhrz_col_d
  dhrz_ind
  dhrz_ind_d
  dmvi
  dusi
  dusi_d
  dvrt_col
  dvrt_col_d
  dvrt_ind
  dvrt_ind_d;

  USEVARIABLES =
  abfas_oi
  bbfas_oi
  cbfas_oi
  dbfas_oi
  avrt_ind_d
  bvrt_ind_d
  cvrt_ind_d
  dvrt_ind_d
  a1
  a2
  a3
  a4
  ;

  missing = all (-9999);

  tscores = a1 a2 a3 a4;

  DEFINE:
  a1 = aage + 0 - 36;
  a2 = aage + 1 - 36;
  a3 = aage + 2 - 36;
  a4 = aage + 3 - 36;

  ANALYSIS:
  TYPE=RANDOM;
  PROCESSORS = 6;
  model=nocovariances; ! supresses default estimation of certain covs in model;

  MODEL:

  i_bfas_oi s_bfas_oi | abfas_oi bbfas_oi cbfas_oi dbfas_oi AT a1 a2 a3 a4;
  i_vrt_ind_d s_vrt_ind_d | avrt_ind_d bvrt_ind_d cvrt_ind_d dvrt_ind_d AT a1 a2 a3 a4;

  ! freeing factor covs because of "nocovariances"
  s_bfas_oi WITH i_bfas_oi s_vrt_ind_d i_vrt_ind_d;
  i_bfas_oi WITH s_vrt_ind_d i_vrt_ind_d;
  s_vrt_ind_d WITH i_vrt_ind_d;

  p1 BY abfas_oi@1; ! Residual "factors";
  p2 BY bbfas_oi@1;
  p3 BY cbfas_oi@1;
  p4 BY dbfas_oi@1;

  v1 BY avrt_ind_d@1; ! Residual "factors";
  v2 BY bvrt_ind_d@1;
  v3 BY cvrt_ind_d@1;
  v4 BY dvrt_ind_d@1;

  !residual variances on observed/manifest vars set to 0
  abfas_oi@0;
  bbfas_oi@0;
  cbfas_oi@0;
  dbfas_oi@0;

  !residual variances on observed/manifest vars set to 0
  avrt_ind_d@0;
  bvrt_ind_d@0;
  cvrt_ind_d@0;
  dvrt_ind_d@0;

  ! means of observed/manifest vars set to 0
  [abfas_oi@0];
  [bbfas_oi@0];
  [cbfas_oi@0];
  [dbfas_oi@0];

  ! means of observed/manifest vars set to 0
  [avrt_ind_d@0];
  [bvrt_ind_d@0];
  [cvrt_ind_d@0];
  [dvrt_ind_d@0];

  [p1@0]; ! means of residual "factors" set to 0
  [p2@0];
  [p3@0];
  [p4@0];

  [v1@0]; ! means of residual "factors" set to 0
  [v2@0];
  [v3@0];
  [v4@0];

  p4 on p3 (a); ! Autoregressive paths constrained to equality
  p3 on p2 (a);
  p2 on p1 (a);

  v4 on v3 (b); ! Autoregressive paths constrained to equality
  v3 on v2 (b);
  v2 on v1 (b);

  p4 on v3 (c); ! Cross-lagged paths constrained to equality
  p3 on v2 (c);
  p2 on v1 (c);

  v4 on p3 (d); ! Cross-lagged paths constrained to equality
  v3 on p2 (d);
  v2 on p1 (d);

  p1 with v1; !(this one is not like the others)

  p2 with v2 (e); ! Within-wave correlations constrained to equality
  p3 with v3 (e);
  p4 with v4 (e);

  p2 p3 p4 (f); ! estimate variances of residual "factors"
  v2 v3 v4 (g); ! estimate variances of residual "factors"

  OUTPUT: SAMPSTAT PATTERNS;



*** WARNING in VARIABLE command
  Note that only the first 8 characters of variable names are used in the output.
  Shorten variable names to avoid any confusion.
*** WARNING
  Data set contains cases with missing on time scores but non-missing on the
  corresponding dependent variables.  These cases were not included in the analysis.
  Number of such cases:  5
   2 WARNING(S) FOUND IN THE INPUT INSTRUCTIONS



PxVx Bivariate LCM-SR - post mi - Linear bfas_oi with Linear vrt_ind_d;

SUMMARY OF ANALYSIS

Number of groups                                                 1
Number of observations                                         864

Number of dependent variables                                    8
Number of independent variables                                  0
Number of continuous latent variables                           12

Observed dependent variables

  Continuous
   ABFAS_OI    BBFAS_OI    CBFAS_OI    DBFAS_OI    AVRT_IND_D  BVRT_IND_D
   CVRT_IND_D  DVRT_IND_D

Continuous latent variables
   P1          P2          P3          P4          V1          V2
   V3          V4          I_BFAS_O    S_BFAS_O    I_VRT_IN    S_VRT_IN

Variables with special functions

  Time scores
   A1          A2          A3          A4


Estimator                                                      MLR
Information matrix                                        OBSERVED
Maximum number of iterations                                   100
Convergence criterion                                    0.100D-05
Maximum number of EM iterations                                500
Convergence criteria for the EM algorithm
  Loglikelihood change                                   0.100D-02
  Relative loglikelihood change                          0.100D-05
  Derivative                                             0.100D-03
Minimum variance                                         0.100D-03
Maximum number of steepest descent iterations                   20
Maximum number of iterations for H1                           2000
Convergence criterion for H1                             0.100D-03
Optimization algorithm                                         EMA

Input data file(s)
  /home/jflournoy/code_new/lnt_pxvx/Data/lnt_nat_recalc.tsv
Input data format  FREE


SUMMARY OF DATA

     Number of missing data patterns            19


SUMMARY OF MISSING DATA PATTERNS


     MISSING DATA PATTERNS (x = not missing)

           1  2  3  4  5  6  7  8  9 10 11 12 13 14 15 16 17 18 19
 ABFAS_OI  x  x  x  x  x  x  x  x  x  x  x  x     x  x  x  x  x  x
 BBFAS_OI  x     x  x     x     x     x  x  x  x     x     x
 CBFAS_OI  x           x  x     x  x     x  x  x        x  x  x
 DBFAS_OI  x     x     x  x  x              x  x     x        x  x
 AVRT_IND  x  x  x  x  x  x  x  x  x  x  x  x  x     x  x  x  x  x
 BVRT_IND  x     x  x     x     x        x     x           x  x
 CVRT_IND  x           x        x  x        x  x           x  x
 DVRT_IND  x     x     x  x  x              x  x     x     x  x


     MISSING DATA PATTERN FREQUENCIES

    Pattern   Frequency     Pattern   Frequency     Pattern   Frequency
          1         489           8          46          15           1
          2         169           9          23          16           1
          3          26          10           4          17           1
          4          48          11           1          18           1
          5          21          12           3          19           1
          6           2          13           2
          7          24          14           1


COVARIANCE COVERAGE OF DATA

Minimum covariance coverage value   0.100


     PROPORTION OF DATA PRESENT


           Covariance Coverage
              ABFAS_OI      BBFAS_OI      CBFAS_OI      DBFAS_OI      AVRT_IND
              ________      ________      ________      ________      ________
 ABFAS_OI       0.998
 BBFAS_OI       0.719         0.721
 CBFAS_OI       0.681         0.630         0.683
 DBFAS_OI       0.657         0.605         0.600         0.660
 AVRT_IND       0.997         0.721         0.683         0.660         0.999
 BVRT_IND       0.711         0.712         0.627         0.602         0.713
 CVRT_IND       0.676         0.626         0.678         0.597         0.678
 DVRT_IND       0.657         0.606         0.601         0.659         0.660


           Covariance Coverage
              BVRT_IND      CVRT_IND      DVRT_IND
              ________      ________      ________
 BVRT_IND       0.713
 CVRT_IND       0.624         0.678
 DVRT_IND       0.603         0.598         0.660


SAMPLE STATISTICS


     ESTIMATED SAMPLE STATISTICS


           Means
              ABFAS_OI      BBFAS_OI      CBFAS_OI      DBFAS_OI      AVRT_IND
              ________      ________      ________      ________      ________
               75.447        75.029        74.621        74.801        50.723


           Means
              BVRT_IND      CVRT_IND      DVRT_IND
              ________      ________      ________
               50.848        49.701        49.866


           Covariances
              ABFAS_OI      BBFAS_OI      CBFAS_OI      DBFAS_OI      AVRT_IND
              ________      ________      ________      ________      ________
 ABFAS_OI     254.627
 BBFAS_OI     201.750       241.406
 CBFAS_OI     205.424       208.752       267.571
 DBFAS_OI     200.795       197.434       218.830       258.330
 AVRT_IND      10.495        -1.408        13.250        10.906       421.252
 BVRT_IND     -17.878       -14.621       -16.828         0.257       280.762
 CVRT_IND       4.672         2.146         9.498         8.752       275.161
 DVRT_IND      16.648        16.381        23.327        21.107       266.804


           Covariances
              BVRT_IND      CVRT_IND      DVRT_IND
              ________      ________      ________
 BVRT_IND     404.646
 CVRT_IND     293.910       432.236
 DVRT_IND     289.884       311.496       426.341


           Correlations
              ABFAS_OI      BBFAS_OI      CBFAS_OI      DBFAS_OI      AVRT_IND
              ________      ________      ________      ________      ________
 ABFAS_OI       1.000
 BBFAS_OI       0.814         1.000
 CBFAS_OI       0.787         0.821         1.000
 DBFAS_OI       0.783         0.791         0.832         1.000
 AVRT_IND       0.032        -0.004         0.039         0.033         1.000
 BVRT_IND      -0.056        -0.047        -0.051         0.001         0.680
 CVRT_IND       0.014         0.007         0.028         0.026         0.645
 DVRT_IND       0.051         0.051         0.069         0.064         0.630


           Correlations
              BVRT_IND      CVRT_IND      DVRT_IND
              ________      ________      ________
 BVRT_IND       1.000
 CVRT_IND       0.703         1.000
 DVRT_IND       0.698         0.726         1.000


     MAXIMUM LOG-LIKELIHOOD VALUE FOR THE UNRESTRICTED (H1) MODEL IS -21006.056


UNIVARIATE SAMPLE STATISTICS


     UNIVARIATE HIGHER-ORDER MOMENT DESCRIPTIVE STATISTICS

         Variable/         Mean/     Skewness/   Minimum/ % with                Percentiles
        Sample Size      Variance    Kurtosis    Maximum  Min/Max      20%/60%    40%/80%    Median

     ABFAS_OI             75.436      -0.546      15.000    0.12%      62.500     72.500     77.500
             862.000     254.999       0.034     100.000    5.34%      80.000     90.000
     BBFAS_OI             75.252      -0.516      22.500    0.16%      62.500     72.500     77.500
             623.000     238.252      -0.142     100.000    3.69%      80.000     90.000
     CBFAS_OI             74.775      -0.574      20.000    0.17%      62.500     72.500     75.000
             590.000     262.004       0.002     100.000    3.73%      80.000     90.000
     DBFAS_OI             75.788      -0.681      15.000    0.18%      62.500     72.500     77.500
             570.000     249.703       0.297     100.000    4.39%      82.500     90.000
     AVRT_IND_D           50.724       0.032       0.000    0.70%      33.333     41.667     50.000
             863.000     421.252      -0.449     100.000    1.27%      58.333     66.667
     BVRT_IND_D           50.947       0.023       0.000    0.32%      33.333     50.000     50.000
             616.000     401.227      -0.455     100.000    1.14%      58.333     66.667
     CVRT_IND_D           49.730       0.165       0.000    0.17%      33.333     41.667     50.000
             586.000     431.407      -0.471     100.000    1.37%      58.333     66.667
     DVRT_IND_D           49.963       0.040       0.000    0.53%      33.333     41.667     50.000
             570.000     425.590      -0.524     100.000    0.88%      58.333     66.667


THE MODEL ESTIMATION TERMINATED NORMALLY



MODEL FIT INFORMATION

Number of Free Parameters                       24

Loglikelihood

          H0 Value                      -21013.732
          H0 Scaling Correction Factor      1.2024
            for MLR

Information Criteria

          Akaike (AIC)                   42075.465
          Bayesian (BIC)                 42189.742
          Sample-Size Adjusted BIC       42113.525
            (n* = (n + 2) / 24)



MODEL RESULTS

                                                    Two-Tailed
                    Estimate       S.E.  Est./S.E.    P-Value

 P1       BY
    ABFAS_OI           1.000      0.000    999.000    999.000

 P2       BY
    BBFAS_OI           1.000      0.000    999.000    999.000

 P3       BY
    CBFAS_OI           1.000      0.000    999.000    999.000

 P4       BY
    DBFAS_OI           1.000      0.000    999.000    999.000

 V1       BY
    AVRT_IND_D         1.000      0.000    999.000    999.000

 V2       BY
    BVRT_IND_D         1.000      0.000    999.000    999.000

 V3       BY
    CVRT_IND_D         1.000      0.000    999.000    999.000

 V4       BY
    DVRT_IND_D         1.000      0.000    999.000    999.000

 P4         ON
    P3                 0.188      0.058      3.262      0.001
    V3                -0.070      0.023     -3.088      0.002

 P3         ON
    P2                 0.188      0.058      3.262      0.001
    V2                -0.070      0.023     -3.088      0.002

 P2         ON
    P1                 0.188      0.058      3.262      0.001
    V1                -0.070      0.023     -3.088      0.002

 V4         ON
    V3                 0.117      0.053      2.200      0.028
    P3                -0.095      0.070     -1.353      0.176

 V3         ON
    V2                 0.117      0.053      2.200      0.028
    P2                -0.095      0.070     -1.353      0.176

 V2         ON
    V1                 0.117      0.053      2.200      0.028
    P1                -0.095      0.070     -1.353      0.176

 S_BFAS_O WITH
    I_BFAS_OI          0.096      0.584      0.165      0.869
    S_VRT_IND_        -0.016      0.093     -0.170      0.865
    I_VRT_IND_         0.042      2.139      0.019      0.984

 I_BFAS_O WITH
    S_VRT_IND_        -0.900      2.205     -0.408      0.683
    I_VRT_IND_        10.918     13.321      0.820      0.412

 S_VRT_IN WITH
    I_VRT_IND_        -1.690      0.777     -2.176      0.030

 P1       WITH
    V1                 5.362      6.845      0.783      0.433

 P2       WITH
    V2                -3.922      3.251     -1.206      0.228

 P3       WITH
    V3                -3.922      3.251     -1.206      0.228

 P4       WITH
    V4                -3.922      3.251     -1.206      0.228

 Means
    P1                 0.000      0.000    999.000    999.000
    V1                 0.000      0.000    999.000    999.000
    I_BFAS_OI         75.219      0.515    146.108      0.000
    S_BFAS_OI         -0.065      0.046     -1.409      0.159
    I_VRT_IND_        50.640      0.635     79.696      0.000
    S_VRT_IND_        -0.233      0.058     -4.036      0.000

 Intercepts
    ABFAS_OI           0.000      0.000    999.000    999.000
    BBFAS_OI           0.000      0.000    999.000    999.000
    CBFAS_OI           0.000      0.000    999.000    999.000
    DBFAS_OI           0.000      0.000    999.000    999.000
    AVRT_IND_D         0.000      0.000    999.000    999.000
    BVRT_IND_D         0.000      0.000    999.000    999.000
    CVRT_IND_D         0.000      0.000    999.000    999.000
    DVRT_IND_D         0.000      0.000    999.000    999.000
    P2                 0.000      0.000    999.000    999.000
    P3                 0.000      0.000    999.000    999.000
    P4                 0.000      0.000    999.000    999.000
    V2                 0.000      0.000    999.000    999.000
    V3                 0.000      0.000    999.000    999.000
    V4                 0.000      0.000    999.000    999.000

 Variances
    P1                58.517      6.021      9.718      0.000
    V1               166.115     14.108     11.774      0.000
    I_BFAS_OI        185.909     13.968     13.310      0.000
    S_BFAS_OI          0.105      0.106      0.993      0.321
    I_VRT_IND_       264.404     20.337     13.001      0.000
    S_VRT_IND_         0.067      0.126      0.533      0.594

 Residual Variances
    ABFAS_OI           0.000      0.000    999.000    999.000
    BBFAS_OI           0.000      0.000    999.000    999.000
    CBFAS_OI           0.000      0.000    999.000    999.000
    DBFAS_OI           0.000      0.000    999.000    999.000
    AVRT_IND_D         0.000      0.000    999.000    999.000
    BVRT_IND_D         0.000      0.000    999.000    999.000
    CVRT_IND_D         0.000      0.000    999.000    999.000
    DVRT_IND_D         0.000      0.000    999.000    999.000
    P2                52.710      3.961     13.306      0.000
    P3                52.710      3.961     13.306      0.000
    P4                52.710      3.961     13.306      0.000
    V2               134.820      9.002     14.976      0.000
    V3               134.820      9.002     14.976      0.000
    V4               134.820      9.002     14.976      0.000


QUALITY OF NUMERICAL RESULTS

     Condition Number for the Information Matrix              0.191E-04
       (ratio of smallest to largest eigenvalue)


     Beginning Time:  15:58:43
        Ending Time:  15:58:45
       Elapsed Time:  00:00:02



MUTHEN & MUTHEN
3463 Stoner Ave.
Los Angeles, CA  90066

Tel: (310) 391-9971
Fax: (310) 391-8971
Web: www.StatModel.com
Support: Support@StatModel.com

Copyright (c) 1998-2017 Muthen & Muthen
