Mplus VERSION 8 (Linux)
MUTHEN & MUTHEN
07/08/2018   5:40 PM

INPUT INSTRUCTIONS


  title: PxVx Bivariate LCM-SR - 40splitgroup - Linear bfas_nw with Linear vrt_ind_d;
  data: file = /home/jflournoy/code_new/lnt_pxvx/Data/lnt_nat_recalc.tsv;

  variable:
  names =
  subjid
  aage
  aaspfin
  aaspfin_d
  abfa_mt
  abfa_mt_d
  abfas_ac
  abfas_ap
  abfas_ci
  abfas_co
  abfas_ea
  abfas_ee
  abfas_nv
  abfas_nv9
  abfas_nw
  abfas_oi
  abfas_oo
  abfi_a
  abfi_a6
  abfi_c
  abfi_d_scale
  abfi_e
  abfi_hp8
  abfi_n
  abfi_o
  abfi_s_scale
  ahrz_col
  ahrz_col_d
  ahrz_ind
  ahrz_ind_d
  amvi
  ausi
  ausi_d
  avrt_col
  avrt_col_d
  avrt_ind
  avrt_ind_d
  bage
  baspfin
  baspfin_d
  bbfa_mt
  bbfa_mt_d
  bbfas_ac
  bbfas_ap
  bbfas_ci
  bbfas_co
  bbfas_ea
  bbfas_ee
  bbfas_nv
  bbfas_nv9
  bbfas_nw
  bbfas_oi
  bbfas_oo
  bbfi_a
  bbfi_a6
  bbfi_c
  bbfi_d_scale
  bbfi_e
  bbfi_hp8
  bbfi_n
  bbfi_o
  bbfi_s_scale
  bhrz_col
  bhrz_col_d
  bhrz_ind
  bhrz_ind_d
  bmvi
  busi
  busi_d
  bvrt_col
  bvrt_col_d
  bvrt_ind
  bvrt_ind_d
  cage
  caspfin
  caspfin_d
  cbfa_mt
  cbfa_mt_d
  cbfas_ac
  cbfas_ap
  cbfas_ci
  cbfas_co
  cbfas_ea
  cbfas_ee
  cbfas_nv
  cbfas_nv9
  cbfas_nw
  cbfas_oi
  cbfas_oo
  cbfi_a
  cbfi_a6
  cbfi_c
  cbfi_d_scale
  cbfi_e
  cbfi_hp8
  cbfi_n
  cbfi_o
  cbfi_s_scale
  chrz_col
  chrz_col_d
  chrz_ind
  chrz_ind_d
  cmvi
  cusi
  cusi_d
  cvrt_col
  cvrt_col_d
  cvrt_ind
  cvrt_ind_d
  dage
  daspfin
  daspfin_d
  dbfa_mt
  dbfa_mt_d
  dbfas_ac
  dbfas_ap
  dbfas_ci
  dbfas_co
  dbfas_ea
  dbfas_ee
  dbfas_nv
  dbfas_nv9
  dbfas_nw
  dbfas_oi
  dbfas_oo
  dbfi_a
  dbfi_a6
  dbfi_c
  dbfi_d_scale
  dbfi_e
  dbfi_hp8
  dbfi_n
  dbfi_o
  dbfi_s_scale
  dhrz_col
  dhrz_col_d
  dhrz_ind
  dhrz_ind_d
  dmvi
  dusi
  dusi_d
  dvrt_col
  dvrt_col_d
  dvrt_ind
  dvrt_ind_d;

  USEVARIABLES =
  abfas_nw
  bbfas_nw
  cbfas_nw
  dbfas_nw
  avrt_ind_d
  bvrt_ind_d
  cvrt_ind_d
  dvrt_ind_d
  a1
  a2
  a3
  a4
  aagegrp
  ;

  missing = all (-9999);

  tscores = a1 a2 a3 a4;

  grouping = aagegrp (0=earlier, 1=later);

  DEFINE:

  aagegrp = aage;

  cut aagegrp (39);

  a1 = aage + 0 - 36;
  a2 = aage + 1 - 36;
  a3 = aage + 2 - 36;
  a4 = aage + 3 - 36;

  ANALYSIS:
  TYPE=RANDOM;
  PROCESSORS = 6;
  model=nocovariances; ! supresses default estimation of certain covs in model;

  MODEL:

  i_bfas_nw s_bfas_nw | abfas_nw bbfas_nw cbfas_nw dbfas_nw AT a1 a2 a3 a4;
  i_vrt_ind_d s_vrt_ind_d | avrt_ind_d bvrt_ind_d cvrt_ind_d dvrt_ind_d AT a1 a2 a3 a4;

  ! freeing factor covs because of "nocovariances"
  ! But ensure they are constrained across groups
  s_bfas_nw WITH i_bfas_nw (p)
  s_vrt_ind_d (q)
  i_vrt_ind_d (r);
  i_bfas_nw WITH s_vrt_ind_d (s)
  i_vrt_ind_d (t);
  s_vrt_ind_d WITH i_vrt_ind_d (u);

  !constrain latent growth means across groups
  [i_bfas_nw] (v);
  [s_bfas_nw] (w);
  [i_vrt_ind_d] (x);
  [s_vrt_ind_d] (y);

  !constrain latent growth variances across groups
  i_bfas_nw (l);
  s_bfas_nw (m);
  i_vrt_ind_d (n);
  s_vrt_ind_d (o);

  p1 BY abfas_nw@1; ! Residual "factors";
  p2 BY bbfas_nw@1;
  p3 BY cbfas_nw@1;
  p4 BY dbfas_nw@1;

  v1 BY avrt_ind_d@1; ! Residual "factors";
  v2 BY bvrt_ind_d@1;
  v3 BY cvrt_ind_d@1;
  v4 BY dvrt_ind_d@1;

  !residual variances on observed/manifest vars set to 0
  abfas_nw@0;
  bbfas_nw@0;
  cbfas_nw@0;
  dbfas_nw@0;

  !residual variances on observed/manifest vars set to 0
  avrt_ind_d@0;
  bvrt_ind_d@0;
  cvrt_ind_d@0;
  dvrt_ind_d@0;

  ! means of observed/manifest vars set to 0
  [abfas_nw@0];
  [bbfas_nw@0];
  [cbfas_nw@0];
  [dbfas_nw@0];

  ! means of observed/manifest vars set to 0
  [avrt_ind_d@0];
  [bvrt_ind_d@0];
  [cvrt_ind_d@0];
  [dvrt_ind_d@0];

  [p1@0]; ! means of residual "factors" set to 0
  [p2@0];
  [p3@0];
  [p4@0];

  [v1@0]; ! means of residual "factors" set to 0
  [v2@0];
  [v3@0];
  [v4@0];

  p4 on p3 (a); ! Autoregressive paths constrained to equality
  p3 on p2 (a);
  p2 on p1 (a);

  v4 on v3 (b); ! Autoregressive paths constrained to equality
  v3 on v2 (b);
  v2 on v1 (b);

  p4 on v3 (c); ! Cross-lagged paths constrained to equality
  p3 on v2 (c);
  p2 on v1 (c);

  v4 on p3 (d); ! Cross-lagged paths constrained to equality
  v3 on p2 (d);
  v2 on p1 (d);

  p1 with v1; !(this one is not like the others)

  p2 with v2 (e); ! Within-wave correlations constrained to equality
  p3 with v3 (e);
  p4 with v4 (e);

  p2 p3 p4 (f); ! estimate variances of residual "factors"
  v2 v3 v4 (g); ! estimate variances of residual "factors"

  MODEL earlier:

  p4 on p3 (a23); ! Autoregressive paths constrained to equality
  p3 on p2 (a23);
  p2 on p1 (a23);

  v4 on v3 (b23); ! Autoregressive paths constrained to equality
  v3 on v2 (b23);
  v2 on v1 (b23);

  p4 on v3 (c23); ! Cross-lagged paths constrained to equality
  p3 on v2 (c23);
  p2 on v1 (c23);

  v4 on p3 (d23); ! Cross-lagged paths constrained to equality
  v3 on p2 (d23);
  v2 on p1 (d23);

  p1 with v1; !(this one is not like the others)

  p2 with v2 (e23); ! Within-wave correlations constrained to equality
  p3 with v3 (e23);
  p4 with v4 (e23);

  p2 p3 p4 (f23); ! estimate variances of residual "factors"
  v2 v3 v4 (g23); ! estimate variances of residual "factors"

  MODEL later:

  p4 on p3 (a45); ! Autoregressive paths constrained to equality
  p3 on p2 (a45);
  p2 on p1 (a45);

  v4 on v3 (b45); ! Autoregressive paths constrained to equality
  v3 on v2 (b45);
  v2 on v1 (b45);

  p4 on v3 (c45); ! Cross-lagged paths constrained to equality
  p3 on v2 (c45);
  p2 on v1 (c45);

  v4 on p3 (d45); ! Cross-lagged paths constrained to equality
  v3 on p2 (d45);
  v2 on p1 (d45);

  p1 with v1; !(this one is not like the others)

  p2 with v2 (e45); ! Within-wave correlations constrained to equality
  p3 with v3 (e45);
  p4 with v4 (e45);

  p2 p3 p4 (f45); ! estimate variances of residual "factors"
  v2 v3 v4 (g45); ! estimate variances of residual "factors"

  OUTPUT: SAMPSTAT PATTERNS;



*** WARNING in VARIABLE command
  Note that only the first 8 characters of variable names are used in the output.
  Shorten variable names to avoid any confusion.
*** WARNING
  Data set contains unknown or missing values for GROUPING,
  PATTERN, COHORT, CLUSTER and/or STRATIFICATION variables.
  Number of cases with unknown or missing values:  5
   2 WARNING(S) FOUND IN THE INPUT INSTRUCTIONS



PxVx Bivariate LCM-SR - 40splitgroup - Linear bfas_nw with Linear vrt_ind_d;

SUMMARY OF ANALYSIS

Number of groups                                                 2
Number of observations
   Group EARLIER                                               534
   Group LATER                                                 330
   Total sample size                                           864

Number of dependent variables                                    8
Number of independent variables                                  0
Number of continuous latent variables                           12

Observed dependent variables

  Continuous
   ABFAS_NW    BBFAS_NW    CBFAS_NW    DBFAS_NW    AVRT_IND_D  BVRT_IND_D
   CVRT_IND_D  DVRT_IND_D

Continuous latent variables
   P1          P2          P3          P4          V1          V2
   V3          V4          I_BFAS_N    S_BFAS_N    I_VRT_IN    S_VRT_IN

Variables with special functions

  Grouping variable     AAGEGRP

  Time scores
   A1          A2          A3          A4


Estimator                                                      MLR
Information matrix                                        OBSERVED
Maximum number of iterations                                   100
Convergence criterion                                    0.100D-05
Maximum number of EM iterations                                500
Convergence criteria for the EM algorithm
  Loglikelihood change                                   0.100D-02
  Relative loglikelihood change                          0.100D-05
  Derivative                                             0.100D-03
Minimum variance                                         0.100D-03
Maximum number of steepest descent iterations                   20
Maximum number of iterations for H1                           2000
Convergence criterion for H1                             0.100D-03
Optimization algorithm                                         EMA

Input data file(s)
  /home/jflournoy/code_new/lnt_pxvx/Data/lnt_nat_recalc.tsv
Input data format  FREE


SUMMARY OF DATA

   Group EARLIER
     Number of missing data patterns            16

   Group LATER
     Number of missing data patterns            16


SUMMARY OF MISSING DATA PATTERNS


     MISSING DATA PATTERNS (x = not missing) FOR EARLIER

           1  2  3  4  5  6  7  8  9 10 11 12 13 14 15 16
 ABFAS_NW  x  x  x  x  x  x  x  x  x  x  x     x  x  x  x
 BBFAS_NW  x     x     x  x  x        x  x  x  x  x
 CBFAS_NW  x        x  x     x     x  x     x  x  x  x
 DBFAS_NW  x     x  x  x        x           x  x     x  x
 AVRT_IND  x  x  x  x  x  x  x  x  x  x  x  x  x  x  x  x
 BVRT_IND  x     x     x  x  x        x     x     x  x
 CVRT_IND  x        x        x     x        x  x  x  x
 DVRT_IND  x     x  x  x        x           x  x  x  x


     MISSING DATA PATTERN FREQUENCIES FOR EARLIER

    Pattern   Frequency     Pattern   Frequency     Pattern   Frequency
          1         324           7          20          13           2
          2         101           8          14          14           1
          3          14           9          12          15           1
          4          12          10           1          16           1
          5           1          11           2
          6          26          12           2


     MISSING DATA PATTERNS (x = not missing) FOR LATER

           1  2  3  4  5  6  7  8  9 10 11 12 13 14 15 16
 ABFAS_NW  x  x  x  x  x  x  x  x  x  x     x  x  x  x  x
 BBFAS_NW  x     x     x  x  x        x  x  x        x
 CBFAS_NW  x        x  x     x     x     x  x  x        x
 DBFAS_NW  x     x  x  x        x        x  x  x     x
 AVRT_IND  x  x  x  x  x  x  x  x  x  x  x  x  x     x  x
 BVRT_IND  x     x     x  x  x           x     x
 CVRT_IND  x        x        x     x     x  x  x
 DVRT_IND  x     x  x  x        x        x  x  x     x


     MISSING DATA PATTERN FREQUENCIES FOR LATER

    Pattern   Frequency     Pattern   Frequency     Pattern   Frequency
          1         163           7          26          13           1
          2          68           8          10          14           1
          3          12           9          11          15           1
          4           9          10           2          16           1
          5           1          11           1
          6          22          12           1


COVARIANCE COVERAGE OF DATA

Minimum covariance coverage value   0.100


     PROPORTION OF DATA PRESENT FOR EARLIER


           Covariance Coverage
              ABFAS_NW      BBFAS_NW      CBFAS_NW      DBFAS_NW      AVRT_IND
              ________      ________      ________      ________      ________
 ABFAS_NW       0.996
 BBFAS_NW       0.732         0.736
 CBFAS_NW       0.700         0.657         0.704
 DBFAS_NW       0.691         0.642         0.640         0.695
 AVRT_IND       0.996         0.736         0.704         0.695         1.000
 BVRT_IND       0.727         0.728         0.655         0.640         0.730
 CVRT_IND       0.697         0.654         0.700         0.639         0.700
 DVRT_IND       0.691         0.644         0.642         0.693         0.695


           Covariance Coverage
              BVRT_IND      CVRT_IND      DVRT_IND
              ________      ________      ________
 BVRT_IND       0.730
 CVRT_IND       0.652         0.700
 DVRT_IND       0.642         0.640         0.695


     PROPORTION OF DATA PRESENT FOR LATER


           Covariance Coverage
              ABFAS_NW      BBFAS_NW      CBFAS_NW      DBFAS_NW      AVRT_IND
              ________      ________      ________      ________      ________
 ABFAS_NW       0.997
 BBFAS_NW       0.694         0.697
 CBFAS_NW       0.652         0.591         0.655
 DBFAS_NW       0.600         0.539         0.533         0.603
 AVRT_IND       0.997         0.697         0.655         0.603         1.000
 BVRT_IND       0.691         0.691         0.591         0.539         0.694
 CVRT_IND       0.642         0.582         0.645         0.530         0.645
 DVRT_IND       0.600         0.542         0.536         0.600         0.603


           Covariance Coverage
              BVRT_IND      CVRT_IND      DVRT_IND
              ________      ________      ________
 BVRT_IND       0.694
 CVRT_IND       0.582         0.645
 DVRT_IND       0.542         0.533         0.603


SAMPLE STATISTICS


     ESTIMATED SAMPLE STATISTICS FOR EARLIER


           Means
              ABFAS_NW      BBFAS_NW      CBFAS_NW      DBFAS_NW      AVRT_IND
              ________      ________      ________      ________      ________
               47.419        47.287        47.666        47.780        52.138


           Means
              BVRT_IND      CVRT_IND      DVRT_IND
              ________      ________      ________
               52.764        51.687        51.519


           Covariances
              ABFAS_NW      BBFAS_NW      CBFAS_NW      DBFAS_NW      AVRT_IND
              ________      ________      ________      ________      ________
 ABFAS_NW     441.721
 BBFAS_NW     353.044       420.725
 CBFAS_NW     337.758       344.349       435.468
 DBFAS_NW     342.097       346.148       369.483       432.834
 AVRT_IND     -19.009       -22.956        -5.864       -24.226       446.883
 BVRT_IND      -9.080        10.741       -11.980        -3.496       300.406
 CVRT_IND     -38.363       -24.062        -9.258       -19.012       290.201
 DVRT_IND     -28.030        -9.947        -5.730       -17.709       284.219


           Covariances
              BVRT_IND      CVRT_IND      DVRT_IND
              ________      ________      ________
 BVRT_IND     429.628
 CVRT_IND     314.029       456.480
 DVRT_IND     317.520       339.283       472.059


           Correlations
              ABFAS_NW      BBFAS_NW      CBFAS_NW      DBFAS_NW      AVRT_IND
              ________      ________      ________      ________      ________
 ABFAS_NW       1.000
 BBFAS_NW       0.819         1.000
 CBFAS_NW       0.770         0.804         1.000
 DBFAS_NW       0.782         0.811         0.851         1.000
 AVRT_IND      -0.043        -0.053        -0.013        -0.055         1.000
 BVRT_IND      -0.021         0.025        -0.028        -0.008         0.686
 CVRT_IND      -0.085        -0.055        -0.021        -0.043         0.643
 DVRT_IND      -0.061        -0.022        -0.013        -0.039         0.619


           Correlations
              BVRT_IND      CVRT_IND      DVRT_IND
              ________      ________      ________
 BVRT_IND       1.000
 CVRT_IND       0.709         1.000
 DVRT_IND       0.705         0.731         1.000


     ESTIMATED SAMPLE STATISTICS FOR LATER


           Means
              ABFAS_NW      BBFAS_NW      CBFAS_NW      DBFAS_NW      AVRT_IND
              ________      ________      ________      ________      ________
               43.642        43.972        43.743        43.114        48.430


           Means
              BVRT_IND      CVRT_IND      DVRT_IND
              ________      ________      ________
               47.605        46.425        47.270


           Covariances
              ABFAS_NW      BBFAS_NW      CBFAS_NW      DBFAS_NW      AVRT_IND
              ________      ________      ________      ________      ________
 ABFAS_NW     406.112
 BBFAS_NW     324.366       385.385
 CBFAS_NW     319.152       348.179       412.234
 DBFAS_NW     333.600       356.250       375.465       438.420
 AVRT_IND      -0.492        15.149        12.066        12.759       371.141
 BVRT_IND      23.637        46.085        33.499        40.154       238.789
 CVRT_IND      -3.680        24.894         8.012        22.985       239.992
 DVRT_IND      -9.150         9.192         3.910         8.575       229.863


           Covariances
              BVRT_IND      CVRT_IND      DVRT_IND
              ________      ________      ________
 BVRT_IND     349.850
 CVRT_IND     245.751       374.074
 DVRT_IND     231.319       251.468       336.543


           Correlations
              ABFAS_NW      BBFAS_NW      CBFAS_NW      DBFAS_NW      AVRT_IND
              ________      ________      ________      ________      ________
 ABFAS_NW       1.000
 BBFAS_NW       0.820         1.000
 CBFAS_NW       0.780         0.874         1.000
 DBFAS_NW       0.791         0.867         0.883         1.000
 AVRT_IND      -0.001         0.040         0.031         0.032         1.000
 BVRT_IND       0.063         0.126         0.088         0.103         0.663
 CVRT_IND      -0.009         0.066         0.020         0.057         0.644
 DVRT_IND      -0.025         0.026         0.010         0.022         0.650


           Correlations
              BVRT_IND      CVRT_IND      DVRT_IND
              ________      ________      ________
 BVRT_IND       1.000
 CVRT_IND       0.679         1.000
 DVRT_IND       0.674         0.709         1.000


     MAXIMUM LOG-LIKELIHOOD VALUE FOR THE UNRESTRICTED (H1) MODEL IS -21583.190


UNIVARIATE SAMPLE STATISTICS


     UNIVARIATE HIGHER-ORDER MOMENT DESCRIPTIVE STATISTICS FOR EARLIER

         Variable/         Mean/     Skewness/   Minimum/ % with                Percentiles
        Sample Size      Variance    Kurtosis    Maximum  Min/Max      20%/60%    40%/80%    Median

     ABFAS_NW             47.439       0.147       0.000    0.75%      27.500     42.500     47.500
             532.000     440.970      -0.402     100.000    0.19%      52.500     65.000
     BBFAS_NW             47.590       0.038       0.000    0.25%      27.500     42.500     50.000
             393.000     423.923      -0.572      97.500    0.51%      52.500     65.000
     CBFAS_NW             48.042       0.038       0.000    0.53%      30.000     42.500     47.500
             376.000     445.879      -0.449      97.500    1.06%      52.500     65.000
     DBFAS_NW             48.348       0.032       0.000    0.54%      30.000     42.500     50.000
             371.000     435.445      -0.471      97.500    0.81%      55.000     65.000
     AVRT_IND_D           52.138      -0.003       0.000    0.94%      33.333     50.000     50.000
             534.000     446.883      -0.476     100.000    1.69%      58.333     75.000
     BVRT_IND_D           52.927      -0.077       0.000    0.26%      33.333     50.000     50.000
             390.000     423.411      -0.483     100.000    1.54%      58.333     66.667
     CVRT_IND_D           52.005       0.094       8.333    2.41%      33.333     50.000     50.000
             374.000     454.238      -0.527     100.000    1.87%      58.333     66.667
     DVRT_IND_D           51.561      -0.015       0.000    0.81%      33.333     50.000     50.000
             371.000     469.495      -0.568     100.000    1.35%      58.333     75.000


     UNIVARIATE HIGHER-ORDER MOMENT DESCRIPTIVE STATISTICS FOR LATER

         Variable/         Mean/     Skewness/   Minimum/ % with                Percentiles
        Sample Size      Variance    Kurtosis    Maximum  Min/Max      20%/60%    40%/80%    Median

     ABFAS_NW             43.672       0.041       0.000    0.91%      27.500     37.500     42.500
             329.000     406.689      -0.428     100.000    0.30%      47.500     62.500
     BBFAS_NW             43.668       0.183       0.000    1.31%      25.000     37.500     42.500
             229.000     404.724      -0.287      97.500    0.44%      47.500     60.000
     CBFAS_NW             43.046       0.100       0.000    1.87%      25.000     37.500     42.500
             214.000     427.174      -0.373      92.500    0.47%      47.500     60.000
     DBFAS_NW             40.779       0.244       0.000    1.01%      20.000     35.000     40.000
             199.000     439.720      -0.388     100.000    0.50%      45.000     60.000
     AVRT_IND_D           48.430       0.036       0.000    0.30%      33.333     41.667     50.000
             329.000     371.141      -0.450     100.000    0.61%      50.000     66.667
     BVRT_IND_D           47.529       0.137       0.000    0.44%      33.333     41.667     50.000
             226.000     344.499      -0.324     100.000    0.44%      50.000     58.333
     CVRT_IND_D           45.715       0.210       0.000    0.47%      25.000     41.667     41.667
             212.000     365.880      -0.392     100.000    0.47%      50.000     58.333
     DVRT_IND_D           46.985       0.011       8.333    2.01%      33.333     41.667     50.000
             199.000     330.105      -0.645      83.333    4.52%      50.000     58.333


THE MODEL ESTIMATION TERMINATED NORMALLY



MODEL FIT INFORMATION

Number of Free Parameters                       34

Loglikelihood

          H0 Value                      -21602.172
          H0 Scaling Correction Factor      1.1749
            for MLR

Information Criteria

          Akaike (AIC)                   43272.343
          Bayesian (BIC)                 43434.237
          Sample-Size Adjusted BIC       43326.262
            (n* = (n + 2) / 24)



MODEL RESULTS

                                                    Two-Tailed
                    Estimate       S.E.  Est./S.E.    P-Value

Group EARLIER

 P1       BY
    ABFAS_NW           1.000      0.000    999.000    999.000

 P2       BY
    BBFAS_NW           1.000      0.000    999.000    999.000

 P3       BY
    CBFAS_NW           1.000      0.000    999.000    999.000

 P4       BY
    DBFAS_NW           1.000      0.000    999.000    999.000

 V1       BY
    AVRT_IND_D         1.000      0.000    999.000    999.000

 V2       BY
    BVRT_IND_D         1.000      0.000    999.000    999.000

 V3       BY
    CVRT_IND_D         1.000      0.000    999.000    999.000

 V4       BY
    DVRT_IND_D         1.000      0.000    999.000    999.000

 P4         ON
    P3                 0.180      0.058      3.125      0.002
    V3                -0.056      0.036     -1.562      0.118

 P3         ON
    P2                 0.180      0.058      3.125      0.002
    V2                -0.056      0.036     -1.562      0.118

 P2         ON
    P1                 0.180      0.058      3.125      0.002
    V1                -0.056      0.036     -1.562      0.118

 V4         ON
    V3                 0.137      0.070      1.951      0.051
    P3                -0.003      0.065     -0.042      0.966

 V3         ON
    V2                 0.137      0.070      1.951      0.051
    P2                -0.003      0.065     -0.042      0.966

 V2         ON
    V1                 0.137      0.070      1.951      0.051
    P1                -0.003      0.065     -0.042      0.966

 S_BFAS_N WITH
    I_BFAS_NW         -0.945      0.932     -1.015      0.310
    S_VRT_IND_         0.042      0.123      0.340      0.734
    I_VRT_IND_         3.430      2.682      1.279      0.201

 I_BFAS_N WITH
    S_VRT_IND_        -0.760      2.819     -0.270      0.787
    I_VRT_IND_       -16.574     17.267     -0.960      0.337

 S_VRT_IN WITH
    I_VRT_IND_        -1.798      0.820     -2.192      0.028

 P1       WITH
    V1                 7.358      9.998      0.736      0.462

 P2       WITH
    V2                 6.254      5.547      1.128      0.260

 P3       WITH
    V3                 6.254      5.547      1.128      0.260

 P4       WITH
    V4                 6.254      5.547      1.128      0.260

 Means
    P1                 0.000      0.000    999.000    999.000
    V1                 0.000      0.000    999.000    999.000
    I_BFAS_NW         46.352      0.668     69.354      0.000
    S_BFAS_NW         -0.275      0.060     -4.560      0.000
    I_VRT_IND_        50.697      0.633     80.107      0.000
    S_VRT_IND_        -0.232      0.058     -4.020      0.000

 Intercepts
    ABFAS_NW           0.000      0.000    999.000    999.000
    BBFAS_NW           0.000      0.000    999.000    999.000
    CBFAS_NW           0.000      0.000    999.000    999.000
    DBFAS_NW           0.000      0.000    999.000    999.000
    AVRT_IND_D         0.000      0.000    999.000    999.000
    BVRT_IND_D         0.000      0.000    999.000    999.000
    CVRT_IND_D         0.000      0.000    999.000    999.000
    DVRT_IND_D         0.000      0.000    999.000    999.000
    P2                 0.000      0.000    999.000    999.000
    P3                 0.000      0.000    999.000    999.000
    P4                 0.000      0.000    999.000    999.000
    V2                 0.000      0.000    999.000    999.000
    V3                 0.000      0.000    999.000    999.000
    V4                 0.000      0.000    999.000    999.000

 Variances
    P1               107.240     13.409      7.997      0.000
    V1               179.578     19.194      9.356      0.000
    I_BFAS_NW        305.974     22.736     13.458      0.000
    S_BFAS_NW          0.248      0.177      1.404      0.160
    I_VRT_IND_       255.413     20.342     12.556      0.000
    S_VRT_IND_         0.172      0.136      1.260      0.208

 Residual Variances
    ABFAS_NW           0.000      0.000    999.000    999.000
    BBFAS_NW           0.000      0.000    999.000    999.000
    CBFAS_NW           0.000      0.000    999.000    999.000
    DBFAS_NW           0.000      0.000    999.000    999.000
    AVRT_IND_D         0.000      0.000    999.000    999.000
    BVRT_IND_D         0.000      0.000    999.000    999.000
    CVRT_IND_D         0.000      0.000    999.000    999.000
    DVRT_IND_D         0.000      0.000    999.000    999.000
    P2                85.038      6.913     12.300      0.000
    P3                85.038      6.913     12.300      0.000
    P4                85.038      6.913     12.300      0.000
    V2               144.812     12.950     11.183      0.000
    V3               144.812     12.950     11.183      0.000
    V4               144.812     12.950     11.183      0.000

Group LATER

 P1       BY
    ABFAS_NW           1.000      0.000    999.000    999.000

 P2       BY
    BBFAS_NW           1.000      0.000    999.000    999.000

 P3       BY
    CBFAS_NW           1.000      0.000    999.000    999.000

 P4       BY
    DBFAS_NW           1.000      0.000    999.000    999.000

 V1       BY
    AVRT_IND_D         1.000      0.000    999.000    999.000

 V2       BY
    BVRT_IND_D         1.000      0.000    999.000    999.000

 V3       BY
    CVRT_IND_D         1.000      0.000    999.000    999.000

 V4       BY
    DVRT_IND_D         1.000      0.000    999.000    999.000

 P4         ON
    P3                 0.141      0.064      2.196      0.028
    V3                 0.006      0.040      0.142      0.887

 P3         ON
    P2                 0.141      0.064      2.196      0.028
    V2                 0.006      0.040      0.142      0.887

 P2         ON
    P1                 0.141      0.064      2.196      0.028
    V1                 0.006      0.040      0.142      0.887

 V4         ON
    V3                 0.048      0.080      0.598      0.550
    P3                 0.041      0.071      0.575      0.565

 V3         ON
    V2                 0.048      0.080      0.598      0.550
    P2                 0.041      0.071      0.575      0.565

 V2         ON
    V1                 0.048      0.080      0.598      0.550
    P1                 0.041      0.071      0.575      0.565

 S_BFAS_N WITH
    I_BFAS_NW         -0.945      0.932     -1.015      0.310
    S_VRT_IND_         0.042      0.123      0.340      0.734
    I_VRT_IND_         3.430      2.682      1.279      0.201

 I_BFAS_N WITH
    S_VRT_IND_        -0.760      2.819     -0.270      0.787
    I_VRT_IND_       -16.574     17.267     -0.960      0.337

 S_VRT_IN WITH
    I_VRT_IND_        -1.798      0.820     -2.192      0.028

 P1       WITH
    V1                 1.684     10.511      0.160      0.873

 P2       WITH
    V2                -0.449      4.939     -0.091      0.928

 P3       WITH
    V3                -0.449      4.939     -0.091      0.928

 P4       WITH
    V4                -0.449      4.939     -0.091      0.928

 Means
    P1                 0.000      0.000    999.000    999.000
    V1                 0.000      0.000    999.000    999.000
    I_BFAS_NW         46.352      0.668     69.354      0.000
    S_BFAS_NW         -0.275      0.060     -4.560      0.000
    I_VRT_IND_        50.697      0.633     80.107      0.000
    S_VRT_IND_        -0.232      0.058     -4.020      0.000

 Intercepts
    ABFAS_NW           0.000      0.000    999.000    999.000
    BBFAS_NW           0.000      0.000    999.000    999.000
    CBFAS_NW           0.000      0.000    999.000    999.000
    DBFAS_NW           0.000      0.000    999.000    999.000
    AVRT_IND_D         0.000      0.000    999.000    999.000
    BVRT_IND_D         0.000      0.000    999.000    999.000
    CVRT_IND_D         0.000      0.000    999.000    999.000
    DVRT_IND_D         0.000      0.000    999.000    999.000
    P2                 0.000      0.000    999.000    999.000
    P3                 0.000      0.000    999.000    999.000
    P4                 0.000      0.000    999.000    999.000
    V2                 0.000      0.000    999.000    999.000
    V3                 0.000      0.000    999.000    999.000
    V4                 0.000      0.000    999.000    999.000

 Variances
    P1               113.198     14.024      8.072      0.000
    V1               139.970     18.115      7.727      0.000
    I_BFAS_NW        305.974     22.736     13.458      0.000
    S_BFAS_NW          0.248      0.177      1.404      0.160
    I_VRT_IND_       255.413     20.342     12.556      0.000
    S_VRT_IND_         0.172      0.136      1.260      0.208

 Residual Variances
    ABFAS_NW           0.000      0.000    999.000    999.000
    BBFAS_NW           0.000      0.000    999.000    999.000
    CBFAS_NW           0.000      0.000    999.000    999.000
    DBFAS_NW           0.000      0.000    999.000    999.000
    AVRT_IND_D         0.000      0.000    999.000    999.000
    BVRT_IND_D         0.000      0.000    999.000    999.000
    CVRT_IND_D         0.000      0.000    999.000    999.000
    DVRT_IND_D         0.000      0.000    999.000    999.000
    P2                57.532      5.890      9.768      0.000
    P3                57.532      5.890      9.768      0.000
    P4                57.532      5.890      9.768      0.000
    V2               114.678     12.109      9.471      0.000
    V3               114.678     12.109      9.471      0.000
    V4               114.678     12.109      9.471      0.000


QUALITY OF NUMERICAL RESULTS

     Condition Number for the Information Matrix              0.478E-05
       (ratio of smallest to largest eigenvalue)


     Beginning Time:  17:40:53
        Ending Time:  17:41:09
       Elapsed Time:  00:00:16



MUTHEN & MUTHEN
3463 Stoner Ave.
Los Angeles, CA  90066

Tel: (310) 391-9971
Fax: (310) 391-8971
Web: www.StatModel.com
Support: Support@StatModel.com

Copyright (c) 1998-2017 Muthen & Muthen
