Mplus VERSION 8 (Linux)
MUTHEN & MUTHEN
07/08/2018   6:05 PM

INPUT INSTRUCTIONS


  title: PxVx Bivariate LCM-SR - decadegroup - Linear bfi_a6 with Linear bfa_mt_d;
  data: file = /home/jflournoy/code_new/lnt_pxvx/Data/lnt_nat_recalc.tsv;

  variable:
  names =
  subjid
  aage
  aaspfin
  aaspfin_d
  abfa_mt
  abfa_mt_d
  abfas_ac
  abfas_ap
  abfas_ci
  abfas_co
  abfas_ea
  abfas_ee
  abfas_nv
  abfas_nv9
  abfas_nw
  abfas_oi
  abfas_oo
  abfi_a
  abfi_a6
  abfi_c
  abfi_d_scale
  abfi_e
  abfi_hp8
  abfi_n
  abfi_o
  abfi_s_scale
  ahrz_col
  ahrz_col_d
  ahrz_ind
  ahrz_ind_d
  amvi
  ausi
  ausi_d
  avrt_col
  avrt_col_d
  avrt_ind
  avrt_ind_d
  bage
  baspfin
  baspfin_d
  bbfa_mt
  bbfa_mt_d
  bbfas_ac
  bbfas_ap
  bbfas_ci
  bbfas_co
  bbfas_ea
  bbfas_ee
  bbfas_nv
  bbfas_nv9
  bbfas_nw
  bbfas_oi
  bbfas_oo
  bbfi_a
  bbfi_a6
  bbfi_c
  bbfi_d_scale
  bbfi_e
  bbfi_hp8
  bbfi_n
  bbfi_o
  bbfi_s_scale
  bhrz_col
  bhrz_col_d
  bhrz_ind
  bhrz_ind_d
  bmvi
  busi
  busi_d
  bvrt_col
  bvrt_col_d
  bvrt_ind
  bvrt_ind_d
  cage
  caspfin
  caspfin_d
  cbfa_mt
  cbfa_mt_d
  cbfas_ac
  cbfas_ap
  cbfas_ci
  cbfas_co
  cbfas_ea
  cbfas_ee
  cbfas_nv
  cbfas_nv9
  cbfas_nw
  cbfas_oi
  cbfas_oo
  cbfi_a
  cbfi_a6
  cbfi_c
  cbfi_d_scale
  cbfi_e
  cbfi_hp8
  cbfi_n
  cbfi_o
  cbfi_s_scale
  chrz_col
  chrz_col_d
  chrz_ind
  chrz_ind_d
  cmvi
  cusi
  cusi_d
  cvrt_col
  cvrt_col_d
  cvrt_ind
  cvrt_ind_d
  dage
  daspfin
  daspfin_d
  dbfa_mt
  dbfa_mt_d
  dbfas_ac
  dbfas_ap
  dbfas_ci
  dbfas_co
  dbfas_ea
  dbfas_ee
  dbfas_nv
  dbfas_nv9
  dbfas_nw
  dbfas_oi
  dbfas_oo
  dbfi_a
  dbfi_a6
  dbfi_c
  dbfi_d_scale
  dbfi_e
  dbfi_hp8
  dbfi_n
  dbfi_o
  dbfi_s_scale
  dhrz_col
  dhrz_col_d
  dhrz_ind
  dhrz_ind_d
  dmvi
  dusi
  dusi_d
  dvrt_col
  dvrt_col_d
  dvrt_ind
  dvrt_ind_d;

  USEVARIABLES =
  abfi_a6
  bbfi_a6
  cbfi_a6
  dbfi_a6
  abfa_mt_d
  bbfa_mt_d
  cbfa_mt_d
  dbfa_mt_d
  a1
  a2
  a3
  a4
  aagegrp
  ;

  missing = all (-9999);

  tscores = a1 a2 a3 a4;

  grouping = aagegrp (0=d2, 1=d3, 2=d4, 3=d5);

  DEFINE:

  aagegrp = aage;

  cut aagegrp (29 39 49);

  a1 = aage + 0 - 36;
  a2 = aage + 1 - 36;
  a3 = aage + 2 - 36;
  a4 = aage + 3 - 36;

  ANALYSIS:
  TYPE=RANDOM;
  PROCESSORS = 6;
  model=nocovariances; ! supresses default estimation of certain covs in model;

  MODEL:

  i_bfi_a6 s_bfi_a6 | abfi_a6 bbfi_a6 cbfi_a6 dbfi_a6 AT a1 a2 a3 a4;
  i_bfa_mt_d s_bfa_mt_d | abfa_mt_d bbfa_mt_d cbfa_mt_d dbfa_mt_d AT a1 a2 a3 a4;

  ! freeing factor covs because of "nocovariances"
  ! But ensure they are constrained across groups
  s_bfi_a6 WITH i_bfi_a6 (p)
  s_bfa_mt_d (q)
  i_bfa_mt_d (r);
  i_bfi_a6 WITH s_bfa_mt_d (s)
  i_bfa_mt_d (t);
  s_bfa_mt_d WITH i_bfa_mt_d (u);

  !constrain latent growth means across groups
  [i_bfi_a6] (v);
  [s_bfi_a6] (w);
  [i_bfa_mt_d] (x);
  [s_bfa_mt_d] (y);

  !constrain latent growth variances across groups
  i_bfi_a6 (l);
  s_bfi_a6 (m);
  i_bfa_mt_d (n);
  s_bfa_mt_d (o);

  p1 BY abfi_a6@1; ! Residual "factors";
  p2 BY bbfi_a6@1;
  p3 BY cbfi_a6@1;
  p4 BY dbfi_a6@1;

  v1 BY abfa_mt_d@1; ! Residual "factors";
  v2 BY bbfa_mt_d@1;
  v3 BY cbfa_mt_d@1;
  v4 BY dbfa_mt_d@1;

  !residual variances on observed/manifest vars set to 0
  abfi_a6@0;
  bbfi_a6@0;
  cbfi_a6@0;
  dbfi_a6@0;

  !residual variances on observed/manifest vars set to 0
  abfa_mt_d@0;
  bbfa_mt_d@0;
  cbfa_mt_d@0;
  dbfa_mt_d@0;

  ! means of observed/manifest vars set to 0
  [abfi_a6@0];
  [bbfi_a6@0];
  [cbfi_a6@0];
  [dbfi_a6@0];

  ! means of observed/manifest vars set to 0
  [abfa_mt_d@0];
  [bbfa_mt_d@0];
  [cbfa_mt_d@0];
  [dbfa_mt_d@0];

  [p1@0]; ! means of residual "factors" set to 0
  [p2@0];
  [p3@0];
  [p4@0];

  [v1@0]; ! means of residual "factors" set to 0
  [v2@0];
  [v3@0];
  [v4@0];

  p4 on p3 (a); ! Autoregressive paths constrained to equality
  p3 on p2 (a);
  p2 on p1 (a);

  v4 on v3 (b); ! Autoregressive paths constrained to equality
  v3 on v2 (b);
  v2 on v1 (b);

  p4 on v3 (c); ! Cross-lagged paths constrained to equality
  p3 on v2 (c);
  p2 on v1 (c);

  v4 on p3 (d); ! Cross-lagged paths constrained to equality
  v3 on p2 (d);
  v2 on p1 (d);

  p1 with v1; !(this one is not like the others)

  p2 with v2 (e); ! Within-wave correlations constrained to equality
  p3 with v3 (e);
  p4 with v4 (e);

  p2 p3 p4 (f); ! estimate variances of residual "factors"
  v2 v3 v4 (g); ! estimate variances of residual "factors"

  MODEL d2:

  p4 on p3 (a2); ! Autoregressive paths constrained to equality
  p3 on p2 (a2);
  p2 on p1 (a2);

  v4 on v3 (b2); ! Autoregressive paths constrained to equality
  v3 on v2 (b2);
  v2 on v1 (b2);

  p4 on v3 (c2); ! Cross-lagged paths constrained to equality
  p3 on v2 (c2);
  p2 on v1 (c2);

  v4 on p3 (d2); ! Cross-lagged paths constrained to equality
  v3 on p2 (d2);
  v2 on p1 (d2);

  p1 with v1; !(this one is not like the others)

  p2 with v2 (e2); ! Within-wave correlations constrained to equality
  p3 with v3 (e2);
  p4 with v4 (e2);

  p2 p3 p4 (f2); ! estimate variances of residual "factors"
  v2 v3 v4 (g2); ! estimate variances of residual "factors"

  MODEL d3:

  p4 on p3 (a3); ! Autoregressive paths constrained to equality
  p3 on p2 (a3);
  p2 on p1 (a3);

  v4 on v3 (b3); ! Autoregressive paths constrained to equality
  v3 on v2 (b3);
  v2 on v1 (b3);

  p4 on v3 (c3); ! Cross-lagged paths constrained to equality
  p3 on v2 (c3);
  p2 on v1 (c3);

  v4 on p3 (d3); ! Cross-lagged paths constrained to equality
  v3 on p2 (d3);
  v2 on p1 (d3);

  p1 with v1; !(this one is not like the others)

  p2 with v2 (e3); ! Within-wave correlations constrained to equality
  p3 with v3 (e3);
  p4 with v4 (e3);

  p2 p3 p4 (f3); ! estimate variances of residual "factors"
  v2 v3 v4 (g3); ! estimate variances of residual "factors"

  MODEL d4:

  p4 on p3 (a4); ! Autoregressive paths constrained to equality
  p3 on p2 (a4);
  p2 on p1 (a4);

  v4 on v3 (b4); ! Autoregressive paths constrained to equality
  v3 on v2 (b4);
  v2 on v1 (b4);

  p4 on v3 (c4); ! Cross-lagged paths constrained to equality
  p3 on v2 (c4);
  p2 on v1 (c4);

  v4 on p3 (d4); ! Cross-lagged paths constrained to equality
  v3 on p2 (d4);
  v2 on p1 (d4);

  p1 with v1; !(this one is not like the others)

  p2 with v2 (e4); ! Within-wave correlations constrained to equality
  p3 with v3 (e4);
  p4 with v4 (e4);

  p2 p3 p4 (f4); ! estimate variances of residual "factors"
  v2 v3 v4 (g4); ! estimate variances of residual "factors"

  MODEL d5:

  p4 on p3 (a5); ! Autoregressive paths constrained to equality
  p3 on p2 (a5);
  p2 on p1 (a5);

  v4 on v3 (b5); ! Autoregressive paths constrained to equality
  v3 on v2 (b5);
  v2 on v1 (b5);

  p4 on v3 (c5); ! Cross-lagged paths constrained to equality
  p3 on v2 (c5);
  p2 on v1 (c5);

  v4 on p3 (d5); ! Cross-lagged paths constrained to equality
  v3 on p2 (d5);
  v2 on p1 (d5);

  p1 with v1; !(this one is not like the others)

  p2 with v2 (e5); ! Within-wave correlations constrained to equality
  p3 with v3 (e5);
  p4 with v4 (e5);

  p2 p3 p4 (f5); ! estimate variances of residual "factors"
  v2 v3 v4 (g5); ! estimate variances of residual "factors"

  OUTPUT: SAMPSTAT PATTERNS;



*** WARNING in VARIABLE command
  Note that only the first 8 characters of variable names are used in the output.
  Shorten variable names to avoid any confusion.
*** WARNING
  Data set contains unknown or missing values for GROUPING,
  PATTERN, COHORT, CLUSTER and/or STRATIFICATION variables.
  Number of cases with unknown or missing values:  5
   2 WARNING(S) FOUND IN THE INPUT INSTRUCTIONS



PxVx Bivariate LCM-SR - decadegroup - Linear bfi_a6 with Linear bfa_mt_d;

SUMMARY OF ANALYSIS

Number of groups                                                 4
Number of observations
   Group D2                                                    301
   Group D3                                                    233
   Group D4                                                    198
   Group D5                                                    132
   Total sample size                                           864

Number of dependent variables                                    8
Number of independent variables                                  0
Number of continuous latent variables                           12

Observed dependent variables

  Continuous
   ABFI_A6     BBFI_A6     CBFI_A6     DBFI_A6     ABFA_MT_D   BBFA_MT_D
   CBFA_MT_D   DBFA_MT_D

Continuous latent variables
   P1          P2          P3          P4          V1          V2
   V3          V4          I_BFI_A6    S_BFI_A6    I_BFA_MT    S_BFA_MT

Variables with special functions

  Grouping variable     AAGEGRP

  Time scores
   A1          A2          A3          A4


Estimator                                                      MLR
Information matrix                                        OBSERVED
Maximum number of iterations                                   100
Convergence criterion                                    0.100D-05
Maximum number of EM iterations                                500
Convergence criteria for the EM algorithm
  Loglikelihood change                                   0.100D-02
  Relative loglikelihood change                          0.100D-05
  Derivative                                             0.100D-03
Minimum variance                                         0.100D-03
Maximum number of steepest descent iterations                   20
Maximum number of iterations for H1                           2000
Convergence criterion for H1                             0.100D-03
Optimization algorithm                                         EMA

Input data file(s)
  /home/jflournoy/code_new/lnt_pxvx/Data/lnt_nat_recalc.tsv
Input data format  FREE


SUMMARY OF DATA

   Group D2
     Number of missing data patterns            11

   Group D3
     Number of missing data patterns            11

   Group D4
     Number of missing data patterns            10

   Group D5
     Number of missing data patterns            11


SUMMARY OF MISSING DATA PATTERNS


     MISSING DATA PATTERNS (x = not missing) FOR D2

           1  2  3  4  5  6  7  8  9 10 11
 ABFI_A6   x  x  x  x  x  x  x  x  x  x  x
 BBFI_A6   x     x  x  x           x     x
 CBFI_A6   x           x     x  x  x  x  x
 DBFI_A6   x     x        x     x  x  x  x
 ABFA_MT_  x  x  x  x  x  x  x  x     x  x
 BBFA_MT_  x     x  x  x           x
 CBFA_MT_  x           x     x  x  x  x  x
 DBFA_MT_  x     x        x     x  x     x


     MISSING DATA PATTERN FREQUENCIES FOR D2

    Pattern   Frequency     Pattern   Frequency     Pattern   Frequency
          1         188           5          15           9           1
          2          57           6          11          10           1
          3           6           7           4          11           1
          4          12           8           5


     MISSING DATA PATTERNS (x = not missing) FOR D3

           1  2  3  4  5  6  7  8  9 10 11
 ABFI_A6   x  x  x  x  x  x  x  x  x  x  x
 BBFI_A6   x     x  x  x           x  x
 CBFI_A6   x           x     x  x  x  x
 DBFI_A6   x     x        x     x  x  x  x
 ABFA_MT_  x  x  x  x  x  x  x  x     x  x
 BBFA_MT_  x     x  x  x           x  x
 CBFA_MT_  x           x     x  x  x  x
 DBFA_MT_  x     x        x     x  x


     MISSING DATA PATTERN FREQUENCIES FOR D3

    Pattern   Frequency     Pattern   Frequency     Pattern   Frequency
          1         139           5           6           9           1
          2          43           6           4          10           1
          3           8           7           7          11           1
          4          16           8           7


     MISSING DATA PATTERNS (x = not missing) FOR D4

           1  2  3  4  5  6  7  8  9 10
 ABFI_A6   x  x  x  x  x  x  x  x  x  x
 BBFI_A6   x     x  x  x              x
 CBFI_A6   x           x     x  x  x  x
 DBFI_A6   x     x        x     x  x  x
 ABFA_MT_  x  x  x  x  x  x  x  x  x  x
 BBFA_MT_  x     x  x  x
 CBFA_MT_  x           x     x  x  x  x
 DBFA_MT_  x     x        x     x     x


     MISSING DATA PATTERN FREQUENCIES FOR D4

    Pattern   Frequency     Pattern   Frequency     Pattern   Frequency
          1         105           5          15           9           1
          2          40           6           4          10           1
          3           8           7           5
          4          14           8           5


     MISSING DATA PATTERNS (x = not missing) FOR D5

           1  2  3  4  5  6  7  8  9 10 11
 ABFI_A6   x  x  x  x  x  x  x  x  x     x
 BBFI_A6   x     x  x  x           x
 CBFI_A6   x           x     x  x  x     x
 DBFI_A6   x     x        x     x  x  x  x
 ABFA_MT_  x  x  x  x  x  x  x  x     x  x
 BBFA_MT_  x     x  x  x           x     x
 CBFA_MT_  x           x     x  x  x     x
 DBFA_MT_  x     x        x     x  x  x  x


     MISSING DATA PATTERN FREQUENCIES FOR D5

    Pattern   Frequency     Pattern   Frequency     Pattern   Frequency
          1          59           5          11           9           1
          2          29           6           5          10           1
          3           5           7           6          11           1
          4          10           8           4


COVARIANCE COVERAGE OF DATA

Minimum covariance coverage value   0.100


     PROPORTION OF DATA PRESENT FOR D2


           Covariance Coverage
              ABFI_A6       BBFI_A6       CBFI_A6       DBFI_A6       ABFA_MT_
              ________      ________      ________      ________      ________
 ABFI_A6        1.000
 BBFI_A6        0.741         0.741
 CBFI_A6        0.714         0.681         0.714
 DBFI_A6        0.708         0.651         0.651         0.708
 ABFA_MT_       0.997         0.738         0.711         0.704         0.997
 BBFA_MT_       0.738         0.738         0.678         0.648         0.734
 CBFA_MT_       0.714         0.681         0.714         0.651         0.711
 DBFA_MT_       0.704         0.651         0.648         0.704         0.701


           Covariance Coverage
              BBFA_MT_      CBFA_MT_      DBFA_MT_
              ________      ________      ________
 BBFA_MT_       0.738
 CBFA_MT_       0.678         0.714
 DBFA_MT_       0.648         0.648         0.704


     PROPORTION OF DATA PRESENT FOR D3


           Covariance Coverage
              ABFI_A6       BBFI_A6       CBFI_A6       DBFI_A6       ABFA_MT_
              ________      ________      ________      ________      ________
 ABFI_A6        1.000
 BBFI_A6        0.734         0.734
 CBFI_A6        0.695         0.631         0.695
 DBFI_A6        0.691         0.639         0.639         0.691
 ABFA_MT_       0.996         0.730         0.691         0.687         0.996
 BBFA_MT_       0.730         0.730         0.627         0.635         0.725
 CBFA_MT_       0.695         0.631         0.695         0.639         0.691
 DBFA_MT_       0.687         0.639         0.635         0.687         0.682


           Covariance Coverage
              BBFA_MT_      CBFA_MT_      DBFA_MT_
              ________      ________      ________
 BBFA_MT_       0.730
 CBFA_MT_       0.627         0.695
 DBFA_MT_       0.635         0.635         0.687


     PROPORTION OF DATA PRESENT FOR D4


           Covariance Coverage
              ABFI_A6       BBFI_A6       CBFI_A6       DBFI_A6       ABFA_MT_
              ________      ________      ________      ________      ________
 ABFI_A6        1.000
 BBFI_A6        0.722         0.722
 CBFI_A6        0.667         0.611         0.667
 DBFI_A6        0.626         0.576         0.566         0.626
 ABFA_MT_       0.995         0.717         0.662         0.621         0.995
 BBFA_MT_       0.722         0.722         0.611         0.576         0.717
 CBFA_MT_       0.667         0.611         0.667         0.566         0.662
 DBFA_MT_       0.621         0.576         0.561         0.621         0.616


           Covariance Coverage
              BBFA_MT_      CBFA_MT_      DBFA_MT_
              ________      ________      ________
 BBFA_MT_       0.722
 CBFA_MT_       0.611         0.667
 DBFA_MT_       0.576         0.561         0.621


     PROPORTION OF DATA PRESENT FOR D5


           Covariance Coverage
              ABFI_A6       BBFI_A6       CBFI_A6       DBFI_A6       ABFA_MT_
              ________      ________      ________      ________      ________
 ABFI_A6        1.000
 BBFI_A6        0.659         0.659
 CBFI_A6        0.629         0.545         0.629
 DBFI_A6        0.576         0.500         0.500         0.576
 ABFA_MT_       0.992         0.652         0.621         0.568         0.992
 BBFA_MT_       0.652         0.652         0.538         0.492         0.644
 CBFA_MT_       0.629         0.545         0.629         0.500         0.621
 DBFA_MT_       0.568         0.500         0.492         0.568         0.561


           Covariance Coverage
              BBFA_MT_      CBFA_MT_      DBFA_MT_
              ________      ________      ________
 BBFA_MT_       0.652
 CBFA_MT_       0.538         0.629
 DBFA_MT_       0.492         0.492         0.568


SAMPLE STATISTICS


     ESTIMATED SAMPLE STATISTICS FOR D2


           Means
              ABFI_A6       BBFI_A6       CBFI_A6       DBFI_A6       ABFA_MT_
              ________      ________      ________      ________      ________
               56.906        55.372        55.824        55.774        42.124


           Means
              BBFA_MT_      CBFA_MT_      DBFA_MT_
              ________      ________      ________
               42.272        43.185        40.249


           Covariances
              ABFI_A6       BBFI_A6       CBFI_A6       DBFI_A6       ABFA_MT_
              ________      ________      ________      ________      ________
 ABFI_A6      366.710
 BBFI_A6      277.122       354.489
 CBFI_A6      263.957       279.825       345.862
 DBFI_A6      254.397       276.562       298.424       389.913
 ABFA_MT_     -75.453       -90.195       -68.001       -87.574       479.965
 BBFA_MT_     -95.807      -114.361       -84.090      -104.598       307.094
 CBFA_MT_    -111.929      -126.770      -128.137      -131.785       308.799
 DBFA_MT_    -117.459      -120.110      -136.650      -138.409       291.419


           Covariances
              BBFA_MT_      CBFA_MT_      DBFA_MT_
              ________      ________      ________
 BBFA_MT_     507.522
 CBFA_MT_     377.178       520.526
 DBFA_MT_     367.633       409.949       550.866


           Correlations
              ABFI_A6       BBFI_A6       CBFI_A6       DBFI_A6       ABFA_MT_
              ________      ________      ________      ________      ________
 ABFI_A6        1.000
 BBFI_A6        0.769         1.000
 CBFI_A6        0.741         0.799         1.000
 DBFI_A6        0.673         0.744         0.813         1.000
 ABFA_MT_      -0.180        -0.219        -0.167        -0.202         1.000
 BBFA_MT_      -0.222        -0.270        -0.201        -0.235         0.622
 CBFA_MT_      -0.256        -0.295        -0.302        -0.293         0.618
 DBFA_MT_      -0.261        -0.272        -0.313        -0.299         0.567


           Correlations
              BBFA_MT_      CBFA_MT_      DBFA_MT_
              ________      ________      ________
 BBFA_MT_       1.000
 CBFA_MT_       0.734         1.000
 DBFA_MT_       0.695         0.766         1.000


     ESTIMATED SAMPLE STATISTICS FOR D3


           Means
              ABFI_A6       BBFI_A6       CBFI_A6       DBFI_A6       ABFA_MT_
              ________      ________      ________      ________      ________
               59.503        61.148        60.399        61.132        40.633


           Means
              BBFA_MT_      CBFA_MT_      DBFA_MT_
              ________      ________      ________
               38.903        38.984        41.149


           Covariances
              ABFI_A6       BBFI_A6       CBFI_A6       DBFI_A6       ABFA_MT_
              ________      ________      ________      ________      ________
 ABFI_A6      323.498
 BBFI_A6      243.694       311.909
 CBFI_A6      233.453       243.083       325.422
 DBFI_A6      221.585       243.427       237.543       299.236
 ABFA_MT_     -94.421      -102.157       -83.292       -82.861       444.289
 BBFA_MT_     -68.198       -72.134       -54.200       -75.094       309.922
 CBFA_MT_     -17.195       -39.156       -22.723       -47.428       313.552
 DBFA_MT_     -63.840       -66.150       -39.774       -59.721       261.837


           Covariances
              BBFA_MT_      CBFA_MT_      DBFA_MT_
              ________      ________      ________
 BBFA_MT_     447.004
 CBFA_MT_     342.953       470.442
 DBFA_MT_     322.490       309.833       414.145


           Correlations
              ABFI_A6       BBFI_A6       CBFI_A6       DBFI_A6       ABFA_MT_
              ________      ________      ________      ________      ________
 ABFI_A6        1.000
 BBFI_A6        0.767         1.000
 CBFI_A6        0.720         0.763         1.000
 DBFI_A6        0.712         0.797         0.761         1.000
 ABFA_MT_      -0.249        -0.274        -0.219        -0.227         1.000
 BBFA_MT_      -0.179        -0.193        -0.142        -0.205         0.695
 CBFA_MT_      -0.044        -0.102        -0.058        -0.126         0.686
 DBFA_MT_      -0.174        -0.184        -0.108        -0.170         0.610


           Correlations
              BBFA_MT_      CBFA_MT_      DBFA_MT_
              ________      ________      ________
 BBFA_MT_       1.000
 CBFA_MT_       0.748         1.000
 DBFA_MT_       0.750         0.702         1.000


     ESTIMATED SAMPLE STATISTICS FOR D4


           Means
              ABFI_A6       BBFI_A6       CBFI_A6       DBFI_A6       ABFA_MT_
              ________      ________      ________      ________      ________
               61.596        62.439        61.960        62.228        36.258


           Means
              BBFA_MT_      CBFA_MT_      DBFA_MT_
              ________      ________      ________
               37.961        36.996        38.041


           Covariances
              ABFI_A6       BBFI_A6       CBFI_A6       DBFI_A6       ABFA_MT_
              ________      ________      ________      ________      ________
 ABFI_A6      316.223
 BBFI_A6      270.912       337.169
 CBFI_A6      286.802       291.402       372.208
 DBFI_A6      263.177       265.229       303.367       333.671
 ABFA_MT_     -94.589       -88.760       -81.280       -23.327       427.708
 BBFA_MT_     -69.616       -76.977       -97.201       -40.004       281.695
 CBFA_MT_     -75.577       -82.809       -80.111       -39.714       295.079
 DBFA_MT_     -96.773       -83.395       -91.431       -53.518       258.625


           Covariances
              BBFA_MT_      CBFA_MT_      DBFA_MT_
              ________      ________      ________
 BBFA_MT_     404.427
 CBFA_MT_     292.434       417.660
 DBFA_MT_     249.392       231.442       371.767


           Correlations
              ABFI_A6       BBFI_A6       CBFI_A6       DBFI_A6       ABFA_MT_
              ________      ________      ________      ________      ________
 ABFI_A6        1.000
 BBFI_A6        0.830         1.000
 CBFI_A6        0.836         0.823         1.000
 DBFI_A6        0.810         0.791         0.861         1.000
 ABFA_MT_      -0.257        -0.234        -0.204        -0.062         1.000
 BBFA_MT_      -0.195        -0.208        -0.251        -0.109         0.677
 CBFA_MT_      -0.208        -0.221        -0.203        -0.106         0.698
 DBFA_MT_      -0.282        -0.236        -0.246        -0.152         0.649


           Correlations
              BBFA_MT_      CBFA_MT_      DBFA_MT_
              ________      ________      ________
 BBFA_MT_       1.000
 CBFA_MT_       0.712         1.000
 DBFA_MT_       0.643         0.587         1.000


     ESTIMATED SAMPLE STATISTICS FOR D5


           Means
              ABFI_A6       BBFI_A6       CBFI_A6       DBFI_A6       ABFA_MT_
              ________      ________      ________      ________      ________
               64.047        65.677        66.352        66.736        34.624


           Means
              BBFA_MT_      CBFA_MT_      DBFA_MT_
              ________      ________      ________
               34.680        36.906        34.816


           Covariances
              ABFI_A6       BBFI_A6       CBFI_A6       DBFI_A6       ABFA_MT_
              ________      ________      ________      ________      ________
 ABFI_A6      355.736
 BBFI_A6      265.096       356.786
 CBFI_A6      272.479       262.006       315.867
 DBFI_A6      234.942       242.938       261.460       313.600
 ABFA_MT_     -95.045      -137.852       -91.451       -91.946       408.497
 BBFA_MT_     -76.604      -146.681      -104.868      -106.298       311.889
 CBFA_MT_    -102.792      -101.206       -89.152       -60.003       314.015
 DBFA_MT_     -26.361       -93.203       -63.589       -37.560       331.460


           Covariances
              BBFA_MT_      CBFA_MT_      DBFA_MT_
              ________      ________      ________
 BBFA_MT_     461.415
 CBFA_MT_     346.138       488.889
 DBFA_MT_     332.881       350.251       519.705


           Correlations
              ABFI_A6       BBFI_A6       CBFI_A6       DBFI_A6       ABFA_MT_
              ________      ________      ________      ________      ________
 ABFI_A6        1.000
 BBFI_A6        0.744         1.000
 CBFI_A6        0.813         0.780         1.000
 DBFI_A6        0.703         0.726         0.831         1.000
 ABFA_MT_      -0.249        -0.361        -0.255        -0.257         1.000
 BBFA_MT_      -0.189        -0.362        -0.275        -0.279         0.718
 CBFA_MT_      -0.246        -0.242        -0.227        -0.153         0.703
 DBFA_MT_      -0.061        -0.216        -0.157        -0.093         0.719


           Correlations
              BBFA_MT_      CBFA_MT_      DBFA_MT_
              ________      ________      ________
 BBFA_MT_       1.000
 CBFA_MT_       0.729         1.000
 DBFA_MT_       0.680         0.695         1.000


     MAXIMUM LOG-LIKELIHOOD VALUE FOR THE UNRESTRICTED (H1) MODEL IS -21586.067


UNIVARIATE SAMPLE STATISTICS


     UNIVARIATE HIGHER-ORDER MOMENT DESCRIPTIVE STATISTICS FOR D2

         Variable/         Mean/     Skewness/   Minimum/ % with                Percentiles
        Sample Size      Variance    Kurtosis    Maximum  Min/Max      20%/60%    40%/80%    Median

     ABFI_A6              56.906      -0.118       0.000    0.33%      40.625     53.125     56.250
             301.000     366.710      -0.340     100.000    0.66%      62.500     75.000
     BBFI_A6              55.487      -0.292       3.125    0.45%      40.625     50.000     56.250
             223.000     345.312      -0.071     100.000    0.45%      62.500     71.875
     CBFI_A6              55.363      -0.172       6.250    0.47%      40.625     53.125     56.250
             215.000     344.917      -0.296      96.875    0.93%      59.375     71.875
     DBFI_A6              55.927      -0.177       3.125    0.47%      40.625     50.000     56.250
             213.000     383.277      -0.105     100.000    1.41%      59.375     71.875
     ABFA_MT_D            42.153       0.202       0.000    2.00%      18.750     33.333     43.750
             300.000     480.435      -0.684     100.000    0.67%      50.000     62.500
     BBFA_MT_D            42.089       0.238       0.000    2.70%      18.750     33.333     43.750
             222.000     507.380      -0.561     100.000    0.90%      50.000     62.500
     CBFA_MT_D            42.810       0.239       0.000    4.19%      25.000     37.500     43.750
             215.000     525.663      -0.333     100.000    1.86%      50.000     62.500
     DBFA_MT_D            40.389       0.334       0.000    6.60%      18.750     31.250     37.500
             212.000     558.428      -0.411     100.000    1.42%      43.750     62.500


     UNIVARIATE HIGHER-ORDER MOMENT DESCRIPTIVE STATISTICS FOR D3

         Variable/         Mean/     Skewness/   Minimum/ % with                Percentiles
        Sample Size      Variance    Kurtosis    Maximum  Min/Max      20%/60%    40%/80%    Median

     ABFI_A6              59.503      -0.222       3.125    0.43%      43.750     56.250     60.714
             233.000     323.498      -0.210     100.000    0.86%      65.625     75.000
     BBFI_A6              61.072      -0.479       9.375    1.17%      46.875     56.250     62.500
             171.000     315.485      -0.030      96.875    0.58%      65.625     78.125
     CBFI_A6              60.113      -0.250      12.500    0.62%      43.750     56.250     62.500
             161.000     319.720      -0.426     100.000    0.62%      65.625     75.000
     DBFI_A6              60.908      -0.499      12.500    0.62%      46.875     56.250     62.500
             161.000     305.114      -0.172      96.875    0.62%      68.750     75.000
     ABFA_MT_D            40.706       0.337       0.000    3.02%      25.000     31.250     37.500
             232.000     444.161      -0.106     100.000    1.29%      43.750     56.250
     BBFA_MT_D            39.693       0.240       0.000    4.09%      18.750     31.250     37.500
             171.000     458.052      -0.485     100.000    0.58%      50.000     56.250
     CBFA_MT_D            39.648       0.275       0.000    3.11%      25.000     31.250     37.500
             161.000     445.319      -0.356     100.000    0.62%      43.750     56.250
     DBFA_MT_D            41.903       0.025       0.000    3.77%      25.000     37.500     43.750
             159.000     416.939      -0.348     100.000    0.63%      50.000     56.250


     UNIVARIATE HIGHER-ORDER MOMENT DESCRIPTIVE STATISTICS FOR D4

         Variable/         Mean/     Skewness/   Minimum/ % with                Percentiles
        Sample Size      Variance    Kurtosis    Maximum  Min/Max      20%/60%    40%/80%    Median

     ABFI_A6              61.596      -0.371      12.500    0.51%      43.750     59.375     64.286
             198.000     316.223      -0.401      96.875    1.52%      68.750     78.125
     BBFI_A6              62.500      -0.342       3.125    0.70%      43.750     59.375     62.500
             143.000     356.011      -0.394      96.875    1.40%      68.750     78.125
     CBFI_A6              62.216      -0.422      12.500    0.76%      43.750     59.375     62.500
             132.000     374.860      -0.198     100.000    1.52%      68.750     78.125
     DBFI_A6              63.155      -0.583      12.500    0.81%      46.875     62.500     65.625
             124.000     356.961      -0.199     100.000    0.81%      68.750     78.125
     ABFA_MT_D            36.258       0.329       0.000    4.04%      18.750     25.000     37.500
             198.000     427.708      -0.254     100.000    0.51%      43.750     56.250
     BBFA_MT_D            37.837       0.273       0.000    2.82%      18.750     31.250     37.500
             142.000     407.964      -0.402      93.750    0.70%      43.750     56.250
     CBFA_MT_D            38.305       0.318       0.000    3.79%      18.750     31.250     37.500
             132.000     424.009      -0.414      93.750    0.76%      43.750     56.250
     DBFA_MT_D            38.770       0.256       0.000    2.44%      18.750     31.250     37.500
             123.000     377.896      -0.440      87.500    0.81%      43.750     56.250


     UNIVARIATE HIGHER-ORDER MOMENT DESCRIPTIVE STATISTICS FOR D5

         Variable/         Mean/     Skewness/   Minimum/ % with                Percentiles
        Sample Size      Variance    Kurtosis    Maximum  Min/Max      20%/60%    40%/80%    Median

     ABFI_A6              64.170      -0.681       6.250    1.53%      46.875     62.500     65.625
             131.000     355.121       0.247     100.000    0.76%      71.875     78.125
     BBFI_A6              66.899      -0.889       3.125    1.16%      53.125     65.625     71.875
              86.000     368.066       0.602      96.875    1.16%      75.000     84.375
     CBFI_A6              67.950      -1.067       6.250    1.22%      53.125     65.625     71.875
              82.000     330.319       1.387      93.750    6.10%      75.000     81.250
     DBFI_A6              68.298      -0.902       9.375    1.32%      53.125     68.750     71.875
              76.000     311.653       0.638      96.875    3.95%      78.125     81.250
     ABFA_MT_D            34.749       0.411       0.000    5.34%      18.750     25.000     31.250
             131.000     408.534      -0.283      87.500    0.76%      37.500     50.000
     BBFA_MT_D            34.363       0.133       0.000   10.34%      18.750     25.000     31.250
              87.000     420.146      -0.555      87.500    1.15%      37.500     50.000
     CBFA_MT_D            35.976       0.023       0.000    8.54%      12.500     31.250     37.500
              82.000     464.521      -0.868      81.250    1.22%      37.500     56.250
     DBFA_MT_D            35.033       0.531       0.000    7.89%      18.750     25.000     37.500
              76.000     463.691       0.070      93.750    1.32%      37.500     50.000


THE MODEL ESTIMATION TERMINATED NORMALLY



MODEL FIT INFORMATION

Number of Free Parameters                       54

Loglikelihood

          H0 Value                      -21667.051
          H0 Scaling Correction Factor      1.2853
            for MLR

Information Criteria

          Akaike (AIC)                   43442.102
          Bayesian (BIC)                 43699.227
          Sample-Size Adjusted BIC       43527.737
            (n* = (n + 2) / 24)



MODEL RESULTS

                                                    Two-Tailed
                    Estimate       S.E.  Est./S.E.    P-Value

Group D2

 P1       BY
    ABFI_A6            1.000      0.000    999.000    999.000

 P2       BY
    BBFI_A6            1.000      0.000    999.000    999.000

 P3       BY
    CBFI_A6            1.000      0.000    999.000    999.000

 P4       BY
    DBFI_A6            1.000      0.000    999.000    999.000

 V1       BY
    ABFA_MT_D          1.000      0.000    999.000    999.000

 V2       BY
    BBFA_MT_D          1.000      0.000    999.000    999.000

 V3       BY
    CBFA_MT_D          1.000      0.000    999.000    999.000

 V4       BY
    DBFA_MT_D          1.000      0.000    999.000    999.000

 P4         ON
    P3                 0.282      0.107      2.638      0.008
    V3                -0.044      0.066     -0.658      0.510

 P3         ON
    P2                 0.282      0.107      2.638      0.008
    V2                -0.044      0.066     -0.658      0.510

 P2         ON
    P1                 0.282      0.107      2.638      0.008
    V1                -0.044      0.066     -0.658      0.510

 V4         ON
    V3                 0.158      0.121      1.311      0.190
    P3                -0.192      0.150     -1.276      0.202

 V3         ON
    V2                 0.158      0.121      1.311      0.190
    P2                -0.192      0.150     -1.276      0.202

 V2         ON
    V1                 0.158      0.121      1.311      0.190
    P1                -0.192      0.150     -1.276      0.202

 S_BFI_A6 WITH
    I_BFI_A6          -0.029      0.786     -0.037      0.970
    S_BFA_MT_D        -0.010      0.114     -0.083      0.934
    I_BFA_MT_D         1.127      2.697      0.418      0.676

 I_BFI_A6 WITH
    S_BFA_MT_D        -0.992      2.795     -0.355      0.723
    I_BFA_MT_D       -77.761     17.442     -4.458      0.000

 S_BFA_MT WITH
    I_BFA_MT_D        -0.335      1.023     -0.328      0.743

 P1       WITH
    V1                 1.163     15.780      0.074      0.941

 P2       WITH
    V2               -21.205     14.482     -1.464      0.143

 P3       WITH
    V3               -21.205     14.482     -1.464      0.143

 P4       WITH
    V4               -21.205     14.482     -1.464      0.143

 Means
    P1                 0.000      0.000    999.000    999.000
    V1                 0.000      0.000    999.000    999.000
    I_BFI_A6          59.652      0.594    100.494      0.000
    S_BFI_A6           0.283      0.055      5.122      0.000
    I_BFA_MT_D        39.433      0.669     58.966      0.000
    S_BFA_MT_D        -0.197      0.063     -3.126      0.002

 Intercepts
    ABFI_A6            0.000      0.000    999.000    999.000
    BBFI_A6            0.000      0.000    999.000    999.000
    CBFI_A6            0.000      0.000    999.000    999.000
    DBFI_A6            0.000      0.000    999.000    999.000
    ABFA_MT_D          0.000      0.000    999.000    999.000
    BBFA_MT_D          0.000      0.000    999.000    999.000
    CBFA_MT_D          0.000      0.000    999.000    999.000
    DBFA_MT_D          0.000      0.000    999.000    999.000
    P2                 0.000      0.000    999.000    999.000
    P3                 0.000      0.000    999.000    999.000
    P4                 0.000      0.000    999.000    999.000
    V2                 0.000      0.000    999.000    999.000
    V3                 0.000      0.000    999.000    999.000
    V4                 0.000      0.000    999.000    999.000

 Variances
    P1               127.494     22.813      5.589      0.000
    V1               225.574     26.633      8.470      0.000
    I_BFI_A6         244.602     19.540     12.518      0.000
    S_BFI_A6           0.076      0.157      0.482      0.630
    I_BFA_MT_D       291.700     25.132     11.607      0.000
    S_BFA_MT_D         0.129      0.169      0.764      0.445

 Residual Variances
    ABFI_A6            0.000      0.000    999.000    999.000
    BBFI_A6            0.000      0.000    999.000    999.000
    CBFI_A6            0.000      0.000    999.000    999.000
    DBFI_A6            0.000      0.000    999.000    999.000
    ABFA_MT_D          0.000      0.000    999.000    999.000
    BBFA_MT_D          0.000      0.000    999.000    999.000
    CBFA_MT_D          0.000      0.000    999.000    999.000
    DBFA_MT_D          0.000      0.000    999.000    999.000
    P2                95.181     11.662      8.161      0.000
    P3                95.181     11.662      8.161      0.000
    P4                95.181     11.662      8.161      0.000
    V2               170.543     26.372      6.467      0.000
    V3               170.543     26.372      6.467      0.000
    V4               170.543     26.372      6.467      0.000

Group D3

 P1       BY
    ABFI_A6            1.000      0.000    999.000    999.000

 P2       BY
    BBFI_A6            1.000      0.000    999.000    999.000

 P3       BY
    CBFI_A6            1.000      0.000    999.000    999.000

 P4       BY
    DBFI_A6            1.000      0.000    999.000    999.000

 V1       BY
    ABFA_MT_D          1.000      0.000    999.000    999.000

 V2       BY
    BBFA_MT_D          1.000      0.000    999.000    999.000

 V3       BY
    CBFA_MT_D          1.000      0.000    999.000    999.000

 V4       BY
    DBFA_MT_D          1.000      0.000    999.000    999.000

 P4         ON
    P3                 0.044      0.080      0.548      0.584
    V3                -0.031      0.046     -0.669      0.504

 P3         ON
    P2                 0.044      0.080      0.548      0.584
    V2                -0.031      0.046     -0.669      0.504

 P2         ON
    P1                 0.044      0.080      0.548      0.584
    V1                -0.031      0.046     -0.669      0.504

 V4         ON
    V3                 0.024      0.094      0.258      0.796
    P3                 0.050      0.089      0.564      0.572

 V3         ON
    V2                 0.024      0.094      0.258      0.796
    P2                 0.050      0.089      0.564      0.572

 V2         ON
    V1                 0.024      0.094      0.258      0.796
    P1                 0.050      0.089      0.564      0.572

 S_BFI_A6 WITH
    I_BFI_A6          -0.029      0.786     -0.037      0.970
    S_BFA_MT_D        -0.010      0.114     -0.083      0.934
    I_BFA_MT_D         1.127      2.697      0.418      0.676

 I_BFI_A6 WITH
    S_BFA_MT_D        -0.992      2.795     -0.355      0.723
    I_BFA_MT_D       -77.761     17.442     -4.458      0.000

 S_BFA_MT WITH
    I_BFA_MT_D        -0.335      1.023     -0.328      0.743

 P1       WITH
    V1               -13.455     12.872     -1.045      0.296

 P2       WITH
    V2                 4.027      6.744      0.597      0.550

 P3       WITH
    V3                 4.027      6.744      0.597      0.550

 P4       WITH
    V4                 4.027      6.744      0.597      0.550

 Means
    P1                 0.000      0.000    999.000    999.000
    V1                 0.000      0.000    999.000    999.000
    I_BFI_A6          59.652      0.594    100.494      0.000
    S_BFI_A6           0.283      0.055      5.122      0.000
    I_BFA_MT_D        39.433      0.669     58.966      0.000
    S_BFA_MT_D        -0.197      0.063     -3.126      0.002

 Intercepts
    ABFI_A6            0.000      0.000    999.000    999.000
    BBFI_A6            0.000      0.000    999.000    999.000
    CBFI_A6            0.000      0.000    999.000    999.000
    DBFI_A6            0.000      0.000    999.000    999.000
    ABFA_MT_D          0.000      0.000    999.000    999.000
    BBFA_MT_D          0.000      0.000    999.000    999.000
    CBFA_MT_D          0.000      0.000    999.000    999.000
    DBFA_MT_D          0.000      0.000    999.000    999.000
    P2                 0.000      0.000    999.000    999.000
    P3                 0.000      0.000    999.000    999.000
    P4                 0.000      0.000    999.000    999.000
    V2                 0.000      0.000    999.000    999.000
    V3                 0.000      0.000    999.000    999.000
    V4                 0.000      0.000    999.000    999.000

 Variances
    P1                97.289     12.119      8.028      0.000
    V1               164.760     23.204      7.100      0.000
    I_BFI_A6         244.602     19.540     12.518      0.000
    S_BFI_A6           0.076      0.157      0.482      0.630
    I_BFA_MT_D       291.700     25.132     11.607      0.000
    S_BFA_MT_D         0.129      0.169      0.764      0.445

 Residual Variances
    ABFI_A6            0.000      0.000    999.000    999.000
    BBFI_A6            0.000      0.000    999.000    999.000
    CBFI_A6            0.000      0.000    999.000    999.000
    DBFI_A6            0.000      0.000    999.000    999.000
    ABFA_MT_D          0.000      0.000    999.000    999.000
    BBFA_MT_D          0.000      0.000    999.000    999.000
    CBFA_MT_D          0.000      0.000    999.000    999.000
    DBFA_MT_D          0.000      0.000    999.000    999.000
    P2                73.829      8.399      8.790      0.000
    P3                73.829      8.399      8.790      0.000
    P4                73.829      8.399      8.790      0.000
    V2               127.300     13.636      9.335      0.000
    V3               127.300     13.636      9.335      0.000
    V4               127.300     13.636      9.335      0.000

Group D4

 P1       BY
    ABFI_A6            1.000      0.000    999.000    999.000

 P2       BY
    BBFI_A6            1.000      0.000    999.000    999.000

 P3       BY
    CBFI_A6            1.000      0.000    999.000    999.000

 P4       BY
    DBFI_A6            1.000      0.000    999.000    999.000

 V1       BY
    ABFA_MT_D          1.000      0.000    999.000    999.000

 V2       BY
    BBFA_MT_D          1.000      0.000    999.000    999.000

 V3       BY
    CBFA_MT_D          1.000      0.000    999.000    999.000

 V4       BY
    DBFA_MT_D          1.000      0.000    999.000    999.000

 P4         ON
    P3                 0.177      0.121      1.462      0.144
    V3                -0.093      0.066     -1.416      0.157

 P3         ON
    P2                 0.177      0.121      1.462      0.144
    V2                -0.093      0.066     -1.416      0.157

 P2         ON
    P1                 0.177      0.121      1.462      0.144
    V1                -0.093      0.066     -1.416      0.157

 V4         ON
    V3                -0.069      0.090     -0.769      0.442
    P3                -0.016      0.135     -0.121      0.903

 V3         ON
    V2                -0.069      0.090     -0.769      0.442
    P2                -0.016      0.135     -0.121      0.903

 V2         ON
    V1                -0.069      0.090     -0.769      0.442
    P1                -0.016      0.135     -0.121      0.903

 S_BFI_A6 WITH
    I_BFI_A6          -0.029      0.786     -0.037      0.970
    S_BFA_MT_D        -0.010      0.114     -0.083      0.934
    I_BFA_MT_D         1.127      2.697      0.418      0.676

 I_BFI_A6 WITH
    S_BFA_MT_D        -0.992      2.795     -0.355      0.723
    I_BFA_MT_D       -77.761     17.442     -4.458      0.000

 S_BFA_MT WITH
    I_BFA_MT_D        -0.335      1.023     -0.328      0.743

 P1       WITH
    V1               -24.605     11.704     -2.102      0.036

 P2       WITH
    V2                -2.326      7.198     -0.323      0.747

 P3       WITH
    V3                -2.326      7.198     -0.323      0.747

 P4       WITH
    V4                -2.326      7.198     -0.323      0.747

 Means
    P1                 0.000      0.000    999.000    999.000
    V1                 0.000      0.000    999.000    999.000
    I_BFI_A6          59.652      0.594    100.494      0.000
    S_BFI_A6           0.283      0.055      5.122      0.000
    I_BFA_MT_D        39.433      0.669     58.966      0.000
    S_BFA_MT_D        -0.197      0.063     -3.126      0.002

 Intercepts
    ABFI_A6            0.000      0.000    999.000    999.000
    BBFI_A6            0.000      0.000    999.000    999.000
    CBFI_A6            0.000      0.000    999.000    999.000
    DBFI_A6            0.000      0.000    999.000    999.000
    ABFA_MT_D          0.000      0.000    999.000    999.000
    BBFA_MT_D          0.000      0.000    999.000    999.000
    CBFA_MT_D          0.000      0.000    999.000    999.000
    DBFA_MT_D          0.000      0.000    999.000    999.000
    P2                 0.000      0.000    999.000    999.000
    P3                 0.000      0.000    999.000    999.000
    P4                 0.000      0.000    999.000    999.000
    V2                 0.000      0.000    999.000    999.000
    V3                 0.000      0.000    999.000    999.000
    V4                 0.000      0.000    999.000    999.000

 Variances
    P1                52.909      8.977      5.894      0.000
    V1               136.333     22.786      5.983      0.000
    I_BFI_A6         244.602     19.540     12.518      0.000
    S_BFI_A6           0.076      0.157      0.482      0.630
    I_BFA_MT_D       291.700     25.132     11.607      0.000
    S_BFA_MT_D         0.129      0.169      0.764      0.445

 Residual Variances
    ABFI_A6            0.000      0.000    999.000    999.000
    BBFI_A6            0.000      0.000    999.000    999.000
    CBFI_A6            0.000      0.000    999.000    999.000
    DBFI_A6            0.000      0.000    999.000    999.000
    ABFA_MT_D          0.000      0.000    999.000    999.000
    BBFA_MT_D          0.000      0.000    999.000    999.000
    CBFA_MT_D          0.000      0.000    999.000    999.000
    DBFA_MT_D          0.000      0.000    999.000    999.000
    P2                68.607     10.850      6.323      0.000
    P3                68.607     10.850      6.323      0.000
    P4                68.607     10.850      6.323      0.000
    V2               130.712     20.529      6.367      0.000
    V3               130.712     20.529      6.367      0.000
    V4               130.712     20.529      6.367      0.000

Group D5

 P1       BY
    ABFI_A6            1.000      0.000    999.000    999.000

 P2       BY
    BBFI_A6            1.000      0.000    999.000    999.000

 P3       BY
    CBFI_A6            1.000      0.000    999.000    999.000

 P4       BY
    DBFI_A6            1.000      0.000    999.000    999.000

 V1       BY
    ABFA_MT_D          1.000      0.000    999.000    999.000

 V2       BY
    BBFA_MT_D          1.000      0.000    999.000    999.000

 V3       BY
    CBFA_MT_D          1.000      0.000    999.000    999.000

 V4       BY
    DBFA_MT_D          1.000      0.000    999.000    999.000

 P4         ON
    P3                 0.073      0.168      0.433      0.665
    V3                 0.057      0.054      1.054      0.292

 P3         ON
    P2                 0.073      0.168      0.433      0.665
    V2                 0.057      0.054      1.054      0.292

 P2         ON
    P1                 0.073      0.168      0.433      0.665
    V1                 0.057      0.054      1.054      0.292

 V4         ON
    V3                 0.149      0.156      0.955      0.340
    P3                 0.211      0.153      1.380      0.167

 V3         ON
    V2                 0.149      0.156      0.955      0.340
    P2                 0.211      0.153      1.380      0.167

 V2         ON
    V1                 0.149      0.156      0.955      0.340
    P1                 0.211      0.153      1.380      0.167

 S_BFI_A6 WITH
    I_BFI_A6          -0.029      0.786     -0.037      0.970
    S_BFA_MT_D        -0.010      0.114     -0.083      0.934
    I_BFA_MT_D         1.127      2.697      0.418      0.676

 I_BFI_A6 WITH
    S_BFA_MT_D        -0.992      2.795     -0.355      0.723
    I_BFA_MT_D       -77.761     17.442     -4.458      0.000

 S_BFA_MT WITH
    I_BFA_MT_D        -0.335      1.023     -0.328      0.743

 P1       WITH
    V1                -1.516     13.533     -0.112      0.911

 P2       WITH
    V2                 1.870     10.396      0.180      0.857

 P3       WITH
    V3                 1.870     10.396      0.180      0.857

 P4       WITH
    V4                 1.870     10.396      0.180      0.857

 Means
    P1                 0.000      0.000    999.000    999.000
    V1                 0.000      0.000    999.000    999.000
    I_BFI_A6          59.652      0.594    100.494      0.000
    S_BFI_A6           0.283      0.055      5.122      0.000
    I_BFA_MT_D        39.433      0.669     58.966      0.000
    S_BFA_MT_D        -0.197      0.063     -3.126      0.002

 Intercepts
    ABFI_A6            0.000      0.000    999.000    999.000
    BBFI_A6            0.000      0.000    999.000    999.000
    CBFI_A6            0.000      0.000    999.000    999.000
    DBFI_A6            0.000      0.000    999.000    999.000
    ABFA_MT_D          0.000      0.000    999.000    999.000
    BBFA_MT_D          0.000      0.000    999.000    999.000
    CBFA_MT_D          0.000      0.000    999.000    999.000
    DBFA_MT_D          0.000      0.000    999.000    999.000
    P2                 0.000      0.000    999.000    999.000
    P3                 0.000      0.000    999.000    999.000
    P4                 0.000      0.000    999.000    999.000
    V2                 0.000      0.000    999.000    999.000
    V3                 0.000      0.000    999.000    999.000
    V4                 0.000      0.000    999.000    999.000

 Variances
    P1               100.486     20.710      4.852      0.000
    V1                96.207     29.894      3.218      0.001
    I_BFI_A6         244.602     19.540     12.518      0.000
    S_BFI_A6           0.076      0.157      0.482      0.630
    I_BFA_MT_D       291.700     25.132     11.607      0.000
    S_BFA_MT_D         0.129      0.169      0.764      0.445

 Residual Variances
    ABFI_A6            0.000      0.000    999.000    999.000
    BBFI_A6            0.000      0.000    999.000    999.000
    CBFI_A6            0.000      0.000    999.000    999.000
    DBFI_A6            0.000      0.000    999.000    999.000
    ABFA_MT_D          0.000      0.000    999.000    999.000
    BBFA_MT_D          0.000      0.000    999.000    999.000
    CBFA_MT_D          0.000      0.000    999.000    999.000
    DBFA_MT_D          0.000      0.000    999.000    999.000
    P2                74.980     20.977      3.574      0.000
    P3                74.980     20.977      3.574      0.000
    P4                74.980     20.977      3.574      0.000
    V2               162.589     25.342      6.416      0.000
    V3               162.589     25.342      6.416      0.000
    V4               162.589     25.342      6.416      0.000


QUALITY OF NUMERICAL RESULTS

     Condition Number for the Information Matrix              0.870E-06
       (ratio of smallest to largest eigenvalue)


     Beginning Time:  18:05:37
        Ending Time:  18:05:53
       Elapsed Time:  00:00:16



MUTHEN & MUTHEN
3463 Stoner Ave.
Los Angeles, CA  90066

Tel: (310) 391-9971
Fax: (310) 391-8971
Web: www.StatModel.com
Support: Support@StatModel.com

Copyright (c) 1998-2017 Muthen & Muthen
