Mplus VERSION 8 (Linux)
MUTHEN & MUTHEN
07/08/2018   6:30 PM

INPUT INSTRUCTIONS


  title: PxVx Bivariate LCM-SR - decadegroup - Linear bfi_o with Linear usi_d;
  data: file = /home/jflournoy/code_new/lnt_pxvx/Data/lnt_nat_recalc.tsv;

  variable:
  names =
  subjid
  aage
  aaspfin
  aaspfin_d
  abfa_mt
  abfa_mt_d
  abfas_ac
  abfas_ap
  abfas_ci
  abfas_co
  abfas_ea
  abfas_ee
  abfas_nv
  abfas_nv9
  abfas_nw
  abfas_oi
  abfas_oo
  abfi_a
  abfi_a6
  abfi_c
  abfi_d_scale
  abfi_e
  abfi_hp8
  abfi_n
  abfi_o
  abfi_s_scale
  ahrz_col
  ahrz_col_d
  ahrz_ind
  ahrz_ind_d
  amvi
  ausi
  ausi_d
  avrt_col
  avrt_col_d
  avrt_ind
  avrt_ind_d
  bage
  baspfin
  baspfin_d
  bbfa_mt
  bbfa_mt_d
  bbfas_ac
  bbfas_ap
  bbfas_ci
  bbfas_co
  bbfas_ea
  bbfas_ee
  bbfas_nv
  bbfas_nv9
  bbfas_nw
  bbfas_oi
  bbfas_oo
  bbfi_a
  bbfi_a6
  bbfi_c
  bbfi_d_scale
  bbfi_e
  bbfi_hp8
  bbfi_n
  bbfi_o
  bbfi_s_scale
  bhrz_col
  bhrz_col_d
  bhrz_ind
  bhrz_ind_d
  bmvi
  busi
  busi_d
  bvrt_col
  bvrt_col_d
  bvrt_ind
  bvrt_ind_d
  cage
  caspfin
  caspfin_d
  cbfa_mt
  cbfa_mt_d
  cbfas_ac
  cbfas_ap
  cbfas_ci
  cbfas_co
  cbfas_ea
  cbfas_ee
  cbfas_nv
  cbfas_nv9
  cbfas_nw
  cbfas_oi
  cbfas_oo
  cbfi_a
  cbfi_a6
  cbfi_c
  cbfi_d_scale
  cbfi_e
  cbfi_hp8
  cbfi_n
  cbfi_o
  cbfi_s_scale
  chrz_col
  chrz_col_d
  chrz_ind
  chrz_ind_d
  cmvi
  cusi
  cusi_d
  cvrt_col
  cvrt_col_d
  cvrt_ind
  cvrt_ind_d
  dage
  daspfin
  daspfin_d
  dbfa_mt
  dbfa_mt_d
  dbfas_ac
  dbfas_ap
  dbfas_ci
  dbfas_co
  dbfas_ea
  dbfas_ee
  dbfas_nv
  dbfas_nv9
  dbfas_nw
  dbfas_oi
  dbfas_oo
  dbfi_a
  dbfi_a6
  dbfi_c
  dbfi_d_scale
  dbfi_e
  dbfi_hp8
  dbfi_n
  dbfi_o
  dbfi_s_scale
  dhrz_col
  dhrz_col_d
  dhrz_ind
  dhrz_ind_d
  dmvi
  dusi
  dusi_d
  dvrt_col
  dvrt_col_d
  dvrt_ind
  dvrt_ind_d;

  USEVARIABLES =
  abfi_o
  bbfi_o
  cbfi_o
  dbfi_o
  ausi_d
  busi_d
  cusi_d
  dusi_d
  a1
  a2
  a3
  a4
  aagegrp
  ;

  missing = all (-9999);

  tscores = a1 a2 a3 a4;

  grouping = aagegrp (0=d2, 1=d3, 2=d4, 3=d5);

  DEFINE:

  aagegrp = aage;

  cut aagegrp (29 39 49);

  a1 = aage + 0 - 36;
  a2 = aage + 1 - 36;
  a3 = aage + 2 - 36;
  a4 = aage + 3 - 36;

  ANALYSIS:
  TYPE=RANDOM;
  PROCESSORS = 6;
  model=nocovariances; ! supresses default estimation of certain covs in model;

  MODEL:

  i_bfi_o s_bfi_o | abfi_o bbfi_o cbfi_o dbfi_o AT a1 a2 a3 a4;
  i_usi_d s_usi_d | ausi_d busi_d cusi_d dusi_d AT a1 a2 a3 a4;

  ! freeing factor covs because of "nocovariances"
  ! But ensure they are constrained across groups
  s_bfi_o WITH i_bfi_o (p)
  s_usi_d (q)
  i_usi_d (r);
  i_bfi_o WITH s_usi_d (s)
  i_usi_d (t);
  s_usi_d WITH i_usi_d (u);

  !constrain latent growth means across groups
  [i_bfi_o] (v);
  [s_bfi_o] (w);
  [i_usi_d] (x);
  [s_usi_d] (y);

  !constrain latent growth variances across groups
  i_bfi_o (l);
  s_bfi_o (m);
  i_usi_d (n);
  s_usi_d (o);

  p1 BY abfi_o@1; ! Residual "factors";
  p2 BY bbfi_o@1;
  p3 BY cbfi_o@1;
  p4 BY dbfi_o@1;

  v1 BY ausi_d@1; ! Residual "factors";
  v2 BY busi_d@1;
  v3 BY cusi_d@1;
  v4 BY dusi_d@1;

  !residual variances on observed/manifest vars set to 0
  abfi_o@0;
  bbfi_o@0;
  cbfi_o@0;
  dbfi_o@0;

  !residual variances on observed/manifest vars set to 0
  ausi_d@0;
  busi_d@0;
  cusi_d@0;
  dusi_d@0;

  ! means of observed/manifest vars set to 0
  [abfi_o@0];
  [bbfi_o@0];
  [cbfi_o@0];
  [dbfi_o@0];

  ! means of observed/manifest vars set to 0
  [ausi_d@0];
  [busi_d@0];
  [cusi_d@0];
  [dusi_d@0];

  [p1@0]; ! means of residual "factors" set to 0
  [p2@0];
  [p3@0];
  [p4@0];

  [v1@0]; ! means of residual "factors" set to 0
  [v2@0];
  [v3@0];
  [v4@0];

  p4 on p3 (a); ! Autoregressive paths constrained to equality
  p3 on p2 (a);
  p2 on p1 (a);

  v4 on v3 (b); ! Autoregressive paths constrained to equality
  v3 on v2 (b);
  v2 on v1 (b);

  p4 on v3 (c); ! Cross-lagged paths constrained to equality
  p3 on v2 (c);
  p2 on v1 (c);

  v4 on p3 (d); ! Cross-lagged paths constrained to equality
  v3 on p2 (d);
  v2 on p1 (d);

  p1 with v1; !(this one is not like the others)

  p2 with v2 (e); ! Within-wave correlations constrained to equality
  p3 with v3 (e);
  p4 with v4 (e);

  p2 p3 p4 (f); ! estimate variances of residual "factors"
  v2 v3 v4 (g); ! estimate variances of residual "factors"

  MODEL d2:

  p4 on p3 (a2); ! Autoregressive paths constrained to equality
  p3 on p2 (a2);
  p2 on p1 (a2);

  v4 on v3 (b2); ! Autoregressive paths constrained to equality
  v3 on v2 (b2);
  v2 on v1 (b2);

  p4 on v3 (c2); ! Cross-lagged paths constrained to equality
  p3 on v2 (c2);
  p2 on v1 (c2);

  v4 on p3 (d2); ! Cross-lagged paths constrained to equality
  v3 on p2 (d2);
  v2 on p1 (d2);

  p1 with v1; !(this one is not like the others)

  p2 with v2 (e2); ! Within-wave correlations constrained to equality
  p3 with v3 (e2);
  p4 with v4 (e2);

  p2 p3 p4 (f2); ! estimate variances of residual "factors"
  v2 v3 v4 (g2); ! estimate variances of residual "factors"

  MODEL d3:

  p4 on p3 (a3); ! Autoregressive paths constrained to equality
  p3 on p2 (a3);
  p2 on p1 (a3);

  v4 on v3 (b3); ! Autoregressive paths constrained to equality
  v3 on v2 (b3);
  v2 on v1 (b3);

  p4 on v3 (c3); ! Cross-lagged paths constrained to equality
  p3 on v2 (c3);
  p2 on v1 (c3);

  v4 on p3 (d3); ! Cross-lagged paths constrained to equality
  v3 on p2 (d3);
  v2 on p1 (d3);

  p1 with v1; !(this one is not like the others)

  p2 with v2 (e3); ! Within-wave correlations constrained to equality
  p3 with v3 (e3);
  p4 with v4 (e3);

  p2 p3 p4 (f3); ! estimate variances of residual "factors"
  v2 v3 v4 (g3); ! estimate variances of residual "factors"

  MODEL d4:

  p4 on p3 (a4); ! Autoregressive paths constrained to equality
  p3 on p2 (a4);
  p2 on p1 (a4);

  v4 on v3 (b4); ! Autoregressive paths constrained to equality
  v3 on v2 (b4);
  v2 on v1 (b4);

  p4 on v3 (c4); ! Cross-lagged paths constrained to equality
  p3 on v2 (c4);
  p2 on v1 (c4);

  v4 on p3 (d4); ! Cross-lagged paths constrained to equality
  v3 on p2 (d4);
  v2 on p1 (d4);

  p1 with v1; !(this one is not like the others)

  p2 with v2 (e4); ! Within-wave correlations constrained to equality
  p3 with v3 (e4);
  p4 with v4 (e4);

  p2 p3 p4 (f4); ! estimate variances of residual "factors"
  v2 v3 v4 (g4); ! estimate variances of residual "factors"

  MODEL d5:

  p4 on p3 (a5); ! Autoregressive paths constrained to equality
  p3 on p2 (a5);
  p2 on p1 (a5);

  v4 on v3 (b5); ! Autoregressive paths constrained to equality
  v3 on v2 (b5);
  v2 on v1 (b5);

  p4 on v3 (c5); ! Cross-lagged paths constrained to equality
  p3 on v2 (c5);
  p2 on v1 (c5);

  v4 on p3 (d5); ! Cross-lagged paths constrained to equality
  v3 on p2 (d5);
  v2 on p1 (d5);

  p1 with v1; !(this one is not like the others)

  p2 with v2 (e5); ! Within-wave correlations constrained to equality
  p3 with v3 (e5);
  p4 with v4 (e5);

  p2 p3 p4 (f5); ! estimate variances of residual "factors"
  v2 v3 v4 (g5); ! estimate variances of residual "factors"

  OUTPUT: SAMPSTAT PATTERNS;



*** WARNING
  Data set contains unknown or missing values for GROUPING,
  PATTERN, COHORT, CLUSTER and/or STRATIFICATION variables.
  Number of cases with unknown or missing values:  5
   1 WARNING(S) FOUND IN THE INPUT INSTRUCTIONS



PxVx Bivariate LCM-SR - decadegroup - Linear bfi_o with Linear usi_d;

SUMMARY OF ANALYSIS

Number of groups                                                 4
Number of observations
   Group D2                                                    301
   Group D3                                                    233
   Group D4                                                    198
   Group D5                                                    132
   Total sample size                                           864

Number of dependent variables                                    8
Number of independent variables                                  0
Number of continuous latent variables                           12

Observed dependent variables

  Continuous
   ABFI_O      BBFI_O      CBFI_O      DBFI_O      AUSI_D      BUSI_D
   CUSI_D      DUSI_D

Continuous latent variables
   P1          P2          P3          P4          V1          V2
   V3          V4          I_BFI_O     S_BFI_O     I_USI_D     S_USI_D

Variables with special functions

  Grouping variable     AAGEGRP

  Time scores
   A1          A2          A3          A4


Estimator                                                      MLR
Information matrix                                        OBSERVED
Maximum number of iterations                                   100
Convergence criterion                                    0.100D-05
Maximum number of EM iterations                                500
Convergence criteria for the EM algorithm
  Loglikelihood change                                   0.100D-02
  Relative loglikelihood change                          0.100D-05
  Derivative                                             0.100D-03
Minimum variance                                         0.100D-03
Maximum number of steepest descent iterations                   20
Maximum number of iterations for H1                           2000
Convergence criterion for H1                             0.100D-03
Optimization algorithm                                         EMA

Input data file(s)
  /home/jflournoy/code_new/lnt_pxvx/Data/lnt_nat_recalc.tsv
Input data format  FREE


SUMMARY OF DATA

   Group D2
     Number of missing data patterns            14

   Group D3
     Number of missing data patterns            11

   Group D4
     Number of missing data patterns            15

   Group D5
     Number of missing data patterns             9


SUMMARY OF MISSING DATA PATTERNS


     MISSING DATA PATTERNS (x = not missing) FOR D2

           1  2  3  4  5  6  7  8  9 10 11 12 13 14
 ABFI_O    x  x  x  x  x  x  x  x  x  x  x  x  x  x
 BBFI_O    x     x  x  x  x           x  x  x     x
 CBFI_O    x        x     x     x  x  x  x  x  x
 DBFI_O    x     x  x        x     x     x     x
 AUSI_D    x  x  x  x  x  x  x  x  x  x  x  x  x  x
 BUSI_D    x     x  x  x  x           x     x
 CUSI_D    x              x     x  x     x  x  x
 DUSI_D    x     x  x        x     x     x  x


     MISSING DATA PATTERN FREQUENCIES FOR D2

    Pattern   Frequency     Pattern   Frequency     Pattern   Frequency
          1         187           6          13          11           2
          2          57           7          11          12           1
          3           6           8           4          13           1
          4           1           9           5          14           1
          5          11          10           1


     MISSING DATA PATTERNS (x = not missing) FOR D3

           1  2  3  4  5  6  7  8  9 10 11
 ABFI_O    x  x  x  x  x  x  x  x  x  x  x
 BBFI_O    x     x  x  x           x  x
 CBFI_O    x           x     x  x     x
 DBFI_O    x     x        x     x     x  x
 AUSI_D    x  x  x  x  x  x  x  x  x  x  x
 BUSI_D    x     x  x  x              x
 CUSI_D    x           x     x  x     x
 DUSI_D    x     x        x     x


     MISSING DATA PATTERN FREQUENCIES FOR D3

    Pattern   Frequency     Pattern   Frequency     Pattern   Frequency
          1         140           5           6           9           1
          2          43           6           3          10           1
          3           8           7           7          11           2
          4          15           8           7


     MISSING DATA PATTERNS (x = not missing) FOR D4

           1  2  3  4  5  6  7  8  9 10 11 12 13 14 15
 ABFI_O    x  x  x  x  x  x  x  x  x  x  x  x  x  x  x
 BBFI_O    x     x  x  x  x           x     x     x
 CBFI_O    x        x     x     x  x  x  x           x
 DBFI_O    x     x  x        x     x  x  x        x
 AUSI_D    x  x  x  x  x  x  x  x  x  x  x  x     x  x
 BUSI_D    x     x  x  x  x
 CUSI_D    x              x     x  x  x  x
 DUSI_D    x     x  x        x     x  x           x


     MISSING DATA PATTERN FREQUENCIES FOR D4

    Pattern   Frequency     Pattern   Frequency     Pattern   Frequency
          1         104           6          15          11           1
          2          39           7           4          12           3
          3           7           8           4          13           1
          4           1           9           5          14           1
          5          11          10           1          15           1


     MISSING DATA PATTERNS (x = not missing) FOR D5

           1  2  3  4  5  6  7  8  9
 ABFI_O    x  x  x  x  x  x  x  x
 BBFI_O    x     x  x  x
 CBFI_O    x           x     x  x
 DBFI_O    x     x        x     x  x
 AUSI_D    x  x  x  x  x  x  x  x  x
 BUSI_D    x     x  x  x
 CUSI_D    x           x     x  x
 DUSI_D    x     x        x     x  x


     MISSING DATA PATTERN FREQUENCIES FOR D5

    Pattern   Frequency     Pattern   Frequency     Pattern   Frequency
          1          61           4          10           7           6
          2          29           5          11           8           4
          3           5           6           5           9           1


COVARIANCE COVERAGE OF DATA

Minimum covariance coverage value   0.100


     PROPORTION OF DATA PRESENT FOR D2


           Covariance Coverage
              ABFI_O        BBFI_O        CBFI_O        DBFI_O        AUSI_D
              ________      ________      ________      ________      ________
 ABFI_O         1.000
 BBFI_O         0.741         0.741
 CBFI_O         0.714         0.681         0.714
 DBFI_O         0.708         0.651         0.651         0.708
 AUSI_D         1.000         0.741         0.714         0.708         1.000
 BUSI_D         0.731         0.731         0.674         0.645         0.731
 CUSI_D         0.708         0.674         0.708         0.648         0.708
 DUSI_D         0.708         0.654         0.651         0.704         0.708


           Covariance Coverage
              BUSI_D        CUSI_D        DUSI_D
              ________      ________      ________
 BUSI_D         0.731
 CUSI_D         0.668         0.708
 DUSI_D         0.648         0.648         0.708


     PROPORTION OF DATA PRESENT FOR D3


           Covariance Coverage
              ABFI_O        BBFI_O        CBFI_O        DBFI_O        AUSI_D
              ________      ________      ________      ________      ________
 ABFI_O         1.000
 BBFI_O         0.751         0.751
 CBFI_O         0.725         0.691         0.725
 DBFI_O         0.742         0.708         0.678         0.742
 AUSI_D         1.000         0.751         0.725         0.742         1.000
 BUSI_D         0.742         0.742         0.682         0.700         0.742
 CUSI_D         0.657         0.622         0.657         0.614         0.657
 DUSI_D         0.742         0.708         0.678         0.742         0.742


           Covariance Coverage
              BUSI_D        CUSI_D        DUSI_D
              ________      ________      ________
 BUSI_D         0.742
 CUSI_D         0.614         0.657
 DUSI_D         0.700         0.614         0.742


     PROPORTION OF DATA PRESENT FOR D4


           Covariance Coverage
              ABFI_O        BBFI_O        CBFI_O        DBFI_O        AUSI_D
              ________      ________      ________      ________      ________
 ABFI_O         1.000
 BBFI_O         0.732         0.732
 CBFI_O         0.687         0.636         0.687
 DBFI_O         0.626         0.576         0.571         0.626
 AUSI_D         1.000         0.732         0.687         0.626         1.000
 BUSI_D         0.722         0.722         0.631         0.571         0.722
 CUSI_D         0.677         0.626         0.677         0.566         0.677
 DUSI_D         0.631         0.586         0.576         0.616         0.631


           Covariance Coverage
              BUSI_D        CUSI_D        DUSI_D
              ________      ________      ________
 BUSI_D         0.722
 CUSI_D         0.621         0.677
 DUSI_D         0.581         0.571         0.631


     PROPORTION OF DATA PRESENT FOR D5


           Covariance Coverage
              ABFI_O        BBFI_O        CBFI_O        DBFI_O        AUSI_D
              ________      ________      ________      ________      ________
 ABFI_O         1.000
 BBFI_O         0.697         0.697
 CBFI_O         0.614         0.576         0.614
 DBFI_O         0.629         0.576         0.545         0.629
 AUSI_D         1.000         0.697         0.614         0.629         1.000
 BUSI_D         0.697         0.697         0.576         0.576         0.697
 CUSI_D         0.538         0.500         0.538         0.470         0.538
 DUSI_D         0.629         0.576         0.545         0.629         0.629


           Covariance Coverage
              BUSI_D        CUSI_D        DUSI_D
              ________      ________      ________
 BUSI_D         0.697
 CUSI_D         0.500         0.538
 DUSI_D         0.576         0.470         0.629


SAMPLE STATISTICS


     ESTIMATED SAMPLE STATISTICS FOR D2


           Means
              ABFI_O        BBFI_O        CBFI_O        DBFI_O        AUSI_D
              ________      ________      ________      ________      ________
               74.525        74.113        72.939        72.053        34.095


           Means
              BUSI_D        CUSI_D        DUSI_D
              ________      ________      ________
               33.204        33.048        33.944


           Covariances
              ABFI_O        BBFI_O        CBFI_O        DBFI_O        AUSI_D
              ________      ________      ________      ________      ________
 ABFI_O       225.158
 BBFI_O       179.847       220.575
 CBFI_O       191.693       182.201       249.329
 DBFI_O       170.426       174.399       208.621       251.258
 AUSI_D       -64.711       -57.823       -47.275       -58.218       351.891
 BUSI_D       -85.991       -70.823       -71.148       -72.357       242.204
 CUSI_D       -64.938       -44.405       -65.991       -70.492       185.042
 DUSI_D       -62.309       -56.458       -65.647       -63.115       195.924


           Covariances
              BUSI_D        CUSI_D        DUSI_D
              ________      ________      ________
 BUSI_D       356.715
 CUSI_D       216.352       314.213
 DUSI_D       213.869       227.472       328.404


           Correlations
              ABFI_O        BBFI_O        CBFI_O        DBFI_O        AUSI_D
              ________      ________      ________      ________      ________
 ABFI_O         1.000
 BBFI_O         0.807         1.000
 CBFI_O         0.809         0.777         1.000
 DBFI_O         0.717         0.741         0.834         1.000
 AUSI_D        -0.230        -0.208        -0.160        -0.196         1.000
 BUSI_D        -0.303        -0.252        -0.239        -0.242         0.684
 CUSI_D        -0.244        -0.169        -0.236        -0.251         0.556
 DUSI_D        -0.229        -0.210        -0.229        -0.220         0.576


           Correlations
              BUSI_D        CUSI_D        DUSI_D
              ________      ________      ________
 BUSI_D         1.000
 CUSI_D         0.646         1.000
 DUSI_D         0.625         0.708         1.000


     ESTIMATED SAMPLE STATISTICS FOR D3


           Means
              ABFI_O        BBFI_O        CBFI_O        DBFI_O        AUSI_D
              ________      ________      ________      ________      ________
               75.123        73.744        72.914        72.903        29.614


           Means
              BUSI_D        CUSI_D        DUSI_D
              ________      ________      ________
               31.255        30.309        28.987


           Covariances
              ABFI_O        BBFI_O        CBFI_O        DBFI_O        AUSI_D
              ________      ________      ________      ________      ________
 ABFI_O       202.548
 BBFI_O       163.848       208.334
 CBFI_O       163.195       177.789       236.483
 DBFI_O       154.299       165.069       182.308       210.839
 AUSI_D       -58.973       -58.665       -59.316       -59.130       326.979
 BUSI_D       -37.661       -47.281       -38.626       -25.113       201.099
 CUSI_D       -59.405       -44.522       -46.195       -45.098       184.725
 DUSI_D       -38.138       -33.968       -31.462       -29.509       157.013


           Covariances
              BUSI_D        CUSI_D        DUSI_D
              ________      ________      ________
 BUSI_D       306.724
 CUSI_D       193.866       350.131
 DUSI_D       153.342       195.736       297.584


           Correlations
              ABFI_O        BBFI_O        CBFI_O        DBFI_O        AUSI_D
              ________      ________      ________      ________      ________
 ABFI_O         1.000
 BBFI_O         0.798         1.000
 CBFI_O         0.746         0.801         1.000
 DBFI_O         0.747         0.788         0.816         1.000
 AUSI_D        -0.229        -0.225        -0.213        -0.225         1.000
 BUSI_D        -0.151        -0.187        -0.143        -0.099         0.635
 CUSI_D        -0.223        -0.165        -0.161        -0.166         0.546
 DUSI_D        -0.155        -0.136        -0.119        -0.118         0.503


           Correlations
              BUSI_D        CUSI_D        DUSI_D
              ________      ________      ________
 BUSI_D         1.000
 CUSI_D         0.592         1.000
 DUSI_D         0.508         0.606         1.000


     ESTIMATED SAMPLE STATISTICS FOR D4


           Means
              ABFI_O        BBFI_O        CBFI_O        DBFI_O        AUSI_D
              ________      ________      ________      ________      ________
               73.194        72.428        71.183        73.393        28.351


           Means
              BUSI_D        CUSI_D        DUSI_D
              ________      ________      ________
               27.326        27.273        27.932


           Covariances
              ABFI_O        BBFI_O        CBFI_O        DBFI_O        AUSI_D
              ________      ________      ________      ________      ________
 ABFI_O       222.470
 BBFI_O       200.171       249.437
 CBFI_O       213.345       227.304       276.265
 DBFI_O       201.713       210.105       229.688       254.501
 AUSI_D       -36.978       -37.717       -31.491       -24.417       377.636
 BUSI_D       -50.248       -49.253       -55.969       -52.318       283.696
 CUSI_D       -36.582       -38.771       -48.467       -38.759       271.465
 DUSI_D       -34.066       -21.508       -40.570       -25.078       215.528


           Covariances
              BUSI_D        CUSI_D        DUSI_D
              ________      ________      ________
 BUSI_D       398.591
 CUSI_D       273.795       385.350
 DUSI_D       205.473       249.523       328.942


           Correlations
              ABFI_O        BBFI_O        CBFI_O        DBFI_O        AUSI_D
              ________      ________      ________      ________      ________
 ABFI_O         1.000
 BBFI_O         0.850         1.000
 CBFI_O         0.861         0.866         1.000
 DBFI_O         0.848         0.834         0.866         1.000
 AUSI_D        -0.128        -0.123        -0.097        -0.079         1.000
 BUSI_D        -0.169        -0.156        -0.169        -0.164         0.731
 CUSI_D        -0.125        -0.125        -0.149        -0.124         0.712
 DUSI_D        -0.126        -0.075        -0.135        -0.087         0.612


           Correlations
              BUSI_D        CUSI_D        DUSI_D
              ________      ________      ________
 BUSI_D         1.000
 CUSI_D         0.699         1.000
 DUSI_D         0.567         0.701         1.000


     ESTIMATED SAMPLE STATISTICS FOR D5


           Means
              ABFI_O        BBFI_O        CBFI_O        DBFI_O        AUSI_D
              ________      ________      ________      ________      ________
               74.346        74.353        72.200        71.119        25.694


           Means
              BUSI_D        CUSI_D        DUSI_D
              ________      ________      ________
               23.545        25.370        27.644


           Covariances
              ABFI_O        BBFI_O        CBFI_O        DBFI_O        AUSI_D
              ________      ________      ________      ________      ________
 ABFI_O       254.608
 BBFI_O       212.669       235.484
 CBFI_O       222.769       221.154       285.747
 DBFI_O       248.271       237.767       268.287       309.897
 AUSI_D       -46.173       -46.389       -51.072       -37.469       342.005
 BUSI_D       -91.705       -74.611       -99.677       -88.606       175.899
 CUSI_D       -59.707       -50.854       -76.119       -59.405       254.014
 DUSI_D       -98.105       -80.294      -115.560      -104.141       229.334


           Covariances
              BUSI_D        CUSI_D        DUSI_D
              ________      ________      ________
 BUSI_D       305.721
 CUSI_D       258.553       467.478
 DUSI_D       257.870       346.671       438.309


           Correlations
              ABFI_O        BBFI_O        CBFI_O        DBFI_O        AUSI_D
              ________      ________      ________      ________      ________
 ABFI_O         1.000
 BBFI_O         0.869         1.000
 CBFI_O         0.826         0.853         1.000
 DBFI_O         0.884         0.880         0.902         1.000
 AUSI_D        -0.156        -0.163        -0.163        -0.115         1.000
 BUSI_D        -0.329        -0.278        -0.337        -0.288         0.544
 CUSI_D        -0.173        -0.153        -0.208        -0.156         0.635
 DUSI_D        -0.294        -0.250        -0.327        -0.283         0.592


           Correlations
              BUSI_D        CUSI_D        DUSI_D
              ________      ________      ________
 BUSI_D         1.000
 CUSI_D         0.684         1.000
 DUSI_D         0.704         0.766         1.000


     MAXIMUM LOG-LIKELIHOOD VALUE FOR THE UNRESTRICTED (H1) MODEL IS -20667.249


UNIVARIATE SAMPLE STATISTICS


     UNIVARIATE HIGHER-ORDER MOMENT DESCRIPTIVE STATISTICS FOR D2

         Variable/         Mean/     Skewness/   Minimum/ % with                Percentiles
        Sample Size      Variance    Kurtosis    Maximum  Min/Max      20%/60%    40%/80%    Median

     ABFI_O               74.525      -0.610      30.000    0.33%      62.500     72.500     75.000
             301.000     225.158      -0.073     100.000    1.66%      80.000     87.500
     BBFI_O               74.096      -0.620      22.500    0.45%      62.500     72.500     75.000
             223.000     212.981       0.140     100.000    2.24%      80.000     87.500
     CBFI_O               73.111      -0.519      35.000    1.86%      60.000     70.000     75.000
             215.000     243.143      -0.442     100.000    0.47%      80.000     87.500
     DBFI_O               72.666      -0.512      22.500    0.47%      60.000     70.000     75.000
             213.000     240.244      -0.215     100.000    1.41%      77.500     85.000
     AUSI_D               34.095       0.151       0.000    6.98%      16.667     33.333     33.333
             301.000     351.891      -0.339      91.667    0.33%      41.667     50.000
     BUSI_D               32.689      -0.008       0.000    7.27%      16.667     25.000     33.333
             220.000     338.916      -0.600      91.667    0.45%      41.667     50.000
     CUSI_D               33.099       0.089       0.000    6.57%      16.667     25.000     33.333
             213.000     305.761      -0.296      83.333    0.47%      33.333     50.000
     DUSI_D               33.549       0.033       0.000    6.10%      16.667     25.000     33.333
             213.000     315.959      -0.347      83.333    0.94%      41.667     50.000


     UNIVARIATE HIGHER-ORDER MOMENT DESCRIPTIVE STATISTICS FOR D3

         Variable/         Mean/     Skewness/   Minimum/ % with                Percentiles
        Sample Size      Variance    Kurtosis    Maximum  Min/Max      20%/60%    40%/80%    Median

     ABFI_O               75.123      -0.393      27.500    0.86%      62.500     70.000     75.000
             233.000     202.548      -0.091     100.000    2.58%      80.000     87.500
     BBFI_O               73.894      -0.282      37.500    2.92%      60.000     70.000     75.000
             171.000     201.247      -0.423     100.000    0.58%      77.500     87.500
     CBFI_O               72.492      -0.452      30.000    0.62%      60.000     70.000     72.500
             161.000     232.735      -0.127     100.000    0.62%      77.500     87.500
     DBFI_O               72.900      -0.636      30.000    0.62%      62.500     70.000     75.000
             161.000     214.516       0.031      97.500    1.24%      77.500     85.000
     AUSI_D               29.614       0.002       0.000   12.88%       8.333     25.000     33.333
             233.000     326.979      -0.435      91.667    0.43%      33.333     41.667
     BUSI_D               30.515       0.091       0.000   10.00%      16.667     25.000     33.333
             170.000     305.066      -0.063      91.667    0.59%      33.333     41.667
     CUSI_D               30.072       0.264       0.000    9.32%       8.333     25.000     33.333
             161.000     352.980      -0.551      75.000    1.86%      33.333     41.667
     DUSI_D               28.191       0.144       0.000   10.76%       8.333     25.000     29.167
             158.000     299.351      -0.487      75.000    1.27%      33.333     41.667


     UNIVARIATE HIGHER-ORDER MOMENT DESCRIPTIVE STATISTICS FOR D4

         Variable/         Mean/     Skewness/   Minimum/ % with                Percentiles
        Sample Size      Variance    Kurtosis    Maximum  Min/Max      20%/60%    40%/80%    Median

     ABFI_O               73.194      -0.276      35.000    0.51%      60.000     70.000     73.750
             198.000     222.470      -0.617     100.000    1.01%      77.500     87.500
     BBFI_O               73.364      -0.392      32.500    0.70%      60.000     70.000     75.000
             143.000     255.207      -0.580     100.000    0.70%      80.000     90.000
     CBFI_O               72.367      -0.451      27.500    0.76%      60.000     70.000     75.000
             132.000     280.049      -0.333     100.000    3.03%      77.500     87.500
     DBFI_O               73.936      -0.698      30.000    0.81%      60.000     70.000     75.000
             124.000     274.369      -0.176      97.500    4.84%      80.000     90.000
     AUSI_D               28.342       0.258       0.000   11.17%       8.333     16.667     25.000
             197.000     377.651      -0.783      83.333    0.51%      33.333     50.000
     BUSI_D               27.597       0.569       0.000   15.22%       8.333     25.000     25.000
             138.000     395.582       0.559     100.000    0.72%      33.333     41.667
     CUSI_D               28.141       0.148       0.000   17.69%       8.333     25.000     29.167
             130.000     391.309      -0.767      83.333    0.77%      33.333     41.667
     DUSI_D               28.659       0.031       0.000   14.63%       8.333     25.000     33.333
             123.000     335.531      -0.719      75.000    0.81%      33.333     41.667


     UNIVARIATE HIGHER-ORDER MOMENT DESCRIPTIVE STATISTICS FOR D5

         Variable/         Mean/     Skewness/   Minimum/ % with                Percentiles
        Sample Size      Variance    Kurtosis    Maximum  Min/Max      20%/60%    40%/80%    Median

     ABFI_O               74.470      -0.319      30.000    0.76%      60.000     70.000     75.000
             131.000     254.085      -0.473     100.000    5.34%      80.556     87.500
     BBFI_O               74.638      -0.522      30.556    1.15%      62.500     70.000     75.000
              87.000     233.340       0.054     100.000    2.30%      80.000     87.500
     CBFI_O               72.652      -0.822      12.500    1.22%      60.000     70.000     75.000
              82.000     284.657       1.122     100.000    2.44%      77.500     87.500
     DBFI_O               74.112      -0.762      15.000    1.32%      57.500     72.500     76.250
              76.000     293.043       0.548     100.000    1.32%      82.500     90.000
     AUSI_D               25.694       0.348       0.000   15.91%       8.333     16.667     25.000
             132.000     342.005      -0.680      75.000    0.76%      33.333     41.667
     BUSI_D               22.797       0.355       0.000   20.69%       0.000     16.667     25.000
              87.000     297.669      -0.593      66.667    2.30%      25.000     41.667
     CUSI_D               24.797       0.742       0.000   18.29%       8.333     16.667     16.667
              82.000     438.644       0.000      91.667    1.22%      25.000     41.667
     DUSI_D               25.768       0.437       0.000   19.74%       0.000     16.667     25.000
              76.000     427.956      -0.736      83.333    1.32%      33.333     50.000


THE MODEL ESTIMATION TERMINATED NORMALLY



MODEL FIT INFORMATION

Number of Free Parameters                       54

Loglikelihood

          H0 Value                      -20747.230
          H0 Scaling Correction Factor      1.1748
            for MLR

Information Criteria

          Akaike (AIC)                   41602.460
          Bayesian (BIC)                 41859.584
          Sample-Size Adjusted BIC       41688.094
            (n* = (n + 2) / 24)



MODEL RESULTS

                                                    Two-Tailed
                    Estimate       S.E.  Est./S.E.    P-Value

Group D2

 P1       BY
    ABFI_O             1.000      0.000    999.000    999.000

 P2       BY
    BBFI_O             1.000      0.000    999.000    999.000

 P3       BY
    CBFI_O             1.000      0.000    999.000    999.000

 P4       BY
    DBFI_O             1.000      0.000    999.000    999.000

 V1       BY
    AUSI_D             1.000      0.000    999.000    999.000

 V2       BY
    BUSI_D             1.000      0.000    999.000    999.000

 V3       BY
    CUSI_D             1.000      0.000    999.000    999.000

 V4       BY
    DUSI_D             1.000      0.000    999.000    999.000

 P4         ON
    P3                 0.312      0.112      2.788      0.005
    V3                -0.049      0.046     -1.073      0.283

 P3         ON
    P2                 0.312      0.112      2.788      0.005
    V2                -0.049      0.046     -1.073      0.283

 P2         ON
    P1                 0.312      0.112      2.788      0.005
    V1                -0.049      0.046     -1.073      0.283

 V4         ON
    V3                 0.239      0.065      3.658      0.000
    P3                -0.060      0.107     -0.563      0.574

 V3         ON
    V2                 0.239      0.065      3.658      0.000
    P2                -0.060      0.107     -0.563      0.574

 V2         ON
    V1                 0.239      0.065      3.658      0.000
    P1                -0.060      0.107     -0.563      0.574

 S_BFI_O  WITH
    I_BFI_O            0.955      0.574      1.663      0.096
    S_USI_D           -0.039      0.104     -0.374      0.709
    I_USI_D            1.774      1.796      0.988      0.323

 I_BFI_O  WITH
    S_USI_D           -0.773      1.870     -0.414      0.679
    I_USI_D          -46.664     11.681     -3.995      0.000

 S_USI_D  WITH
    I_USI_D            0.259      0.758      0.342      0.732

 P1       WITH
    V1                -5.057     10.302     -0.491      0.624

 P2       WITH
    V2                -5.564      5.757     -0.966      0.334

 P3       WITH
    V3                -5.564      5.757     -0.966      0.334

 P4       WITH
    V4                -5.564      5.757     -0.966      0.334

 Means
    P1                 0.000      0.000    999.000    999.000
    V1                 0.000      0.000    999.000    999.000
    I_BFI_O           73.593      0.495    148.549      0.000
    S_BFI_O           -0.098      0.046     -2.112      0.035
    I_USI_D           30.430      0.565     53.814      0.000
    S_USI_D           -0.272      0.054     -5.035      0.000

 Intercepts
    ABFI_O             0.000      0.000    999.000    999.000
    BBFI_O             0.000      0.000    999.000    999.000
    CBFI_O             0.000      0.000    999.000    999.000
    DBFI_O             0.000      0.000    999.000    999.000
    AUSI_D             0.000      0.000    999.000    999.000
    BUSI_D             0.000      0.000    999.000    999.000
    CUSI_D             0.000      0.000    999.000    999.000
    DUSI_D             0.000      0.000    999.000    999.000
    P2                 0.000      0.000    999.000    999.000
    P3                 0.000      0.000    999.000    999.000
    P4                 0.000      0.000    999.000    999.000
    V2                 0.000      0.000    999.000    999.000
    V3                 0.000      0.000    999.000    999.000
    V4                 0.000      0.000    999.000    999.000

 Variances
    P1                56.200     10.998      5.110      0.000
    V1               162.322     23.419      6.931      0.000
    I_BFI_O          170.946     12.639     13.525      0.000
    S_BFI_O            0.100      0.110      0.914      0.361
    I_USI_D          179.571     20.810      8.629      0.000
    S_USI_D            0.149      0.155      0.964      0.335

 Residual Variances
    ABFI_O             0.000      0.000    999.000    999.000
    BBFI_O             0.000      0.000    999.000    999.000
    CBFI_O             0.000      0.000    999.000    999.000
    DBFI_O             0.000      0.000    999.000    999.000
    AUSI_D             0.000      0.000    999.000    999.000
    BUSI_D             0.000      0.000    999.000    999.000
    CUSI_D             0.000      0.000    999.000    999.000
    DUSI_D             0.000      0.000    999.000    999.000
    P2                62.283      6.616      9.414      0.000
    P3                62.283      6.616      9.414      0.000
    P4                62.283      6.616      9.414      0.000
    V2               131.375     11.133     11.800      0.000
    V3               131.375     11.133     11.800      0.000
    V4               131.375     11.133     11.800      0.000

Group D3

 P1       BY
    ABFI_O             1.000      0.000    999.000    999.000

 P2       BY
    BBFI_O             1.000      0.000    999.000    999.000

 P3       BY
    CBFI_O             1.000      0.000    999.000    999.000

 P4       BY
    DBFI_O             1.000      0.000    999.000    999.000

 V1       BY
    AUSI_D             1.000      0.000    999.000    999.000

 V2       BY
    BUSI_D             1.000      0.000    999.000    999.000

 V3       BY
    CUSI_D             1.000      0.000    999.000    999.000

 V4       BY
    DUSI_D             1.000      0.000    999.000    999.000

 P4         ON
    P3                 0.192      0.109      1.750      0.080
    V3                 0.003      0.038      0.068      0.946

 P3         ON
    P2                 0.192      0.109      1.750      0.080
    V2                 0.003      0.038      0.068      0.946

 P2         ON
    P1                 0.192      0.109      1.750      0.080
    V1                 0.003      0.038      0.068      0.946

 V4         ON
    V3                 0.181      0.078      2.307      0.021
    P3                 0.134      0.122      1.098      0.272

 V3         ON
    V2                 0.181      0.078      2.307      0.021
    P2                 0.134      0.122      1.098      0.272

 V2         ON
    V1                 0.181      0.078      2.307      0.021
    P1                 0.134      0.122      1.098      0.272

 S_BFI_O  WITH
    I_BFI_O            0.955      0.574      1.663      0.096
    S_USI_D           -0.039      0.104     -0.374      0.709
    I_USI_D            1.774      1.796      0.988      0.323

 I_BFI_O  WITH
    S_USI_D           -0.773      1.870     -0.414      0.679
    I_USI_D          -46.664     11.681     -3.995      0.000

 S_USI_D  WITH
    I_USI_D            0.259      0.758      0.342      0.732

 P1       WITH
    V1                 0.043      9.676      0.004      0.996

 P2       WITH
    V2                -0.972      5.890     -0.165      0.869

 P3       WITH
    V3                -0.972      5.890     -0.165      0.869

 P4       WITH
    V4                -0.972      5.890     -0.165      0.869

 Means
    P1                 0.000      0.000    999.000    999.000
    V1                 0.000      0.000    999.000    999.000
    I_BFI_O           73.593      0.495    148.549      0.000
    S_BFI_O           -0.098      0.046     -2.112      0.035
    I_USI_D           30.430      0.565     53.814      0.000
    S_USI_D           -0.272      0.054     -5.035      0.000

 Intercepts
    ABFI_O             0.000      0.000    999.000    999.000
    BBFI_O             0.000      0.000    999.000    999.000
    CBFI_O             0.000      0.000    999.000    999.000
    DBFI_O             0.000      0.000    999.000    999.000
    AUSI_D             0.000      0.000    999.000    999.000
    BUSI_D             0.000      0.000    999.000    999.000
    CUSI_D             0.000      0.000    999.000    999.000
    DUSI_D             0.000      0.000    999.000    999.000
    P2                 0.000      0.000    999.000    999.000
    P3                 0.000      0.000    999.000    999.000
    P4                 0.000      0.000    999.000    999.000
    V2                 0.000      0.000    999.000    999.000
    V3                 0.000      0.000    999.000    999.000
    V4                 0.000      0.000    999.000    999.000

 Variances
    P1                54.764      8.212      6.669      0.000
    V1               150.980     20.289      7.442      0.000
    I_BFI_O          170.946     12.639     13.525      0.000
    S_BFI_O            0.100      0.110      0.914      0.361
    I_USI_D          179.571     20.810      8.629      0.000
    S_USI_D            0.149      0.155      0.964      0.335

 Residual Variances
    ABFI_O             0.000      0.000    999.000    999.000
    BBFI_O             0.000      0.000    999.000    999.000
    CBFI_O             0.000      0.000    999.000    999.000
    DBFI_O             0.000      0.000    999.000    999.000
    AUSI_D             0.000      0.000    999.000    999.000
    BUSI_D             0.000      0.000    999.000    999.000
    CUSI_D             0.000      0.000    999.000    999.000
    DUSI_D             0.000      0.000    999.000    999.000
    P2                50.280      6.844      7.346      0.000
    P3                50.280      6.844      7.346      0.000
    P4                50.280      6.844      7.346      0.000
    V2               148.782     15.127      9.835      0.000
    V3               148.782     15.127      9.835      0.000
    V4               148.782     15.127      9.835      0.000

Group D4

 P1       BY
    ABFI_O             1.000      0.000    999.000    999.000

 P2       BY
    BBFI_O             1.000      0.000    999.000    999.000

 P3       BY
    CBFI_O             1.000      0.000    999.000    999.000

 P4       BY
    DBFI_O             1.000      0.000    999.000    999.000

 V1       BY
    AUSI_D             1.000      0.000    999.000    999.000

 V2       BY
    BUSI_D             1.000      0.000    999.000    999.000

 V3       BY
    CUSI_D             1.000      0.000    999.000    999.000

 V4       BY
    DUSI_D             1.000      0.000    999.000    999.000

 P4         ON
    P3                 0.109      0.130      0.837      0.403
    V3                -0.058      0.046     -1.267      0.205

 P3         ON
    P2                 0.109      0.130      0.837      0.403
    V2                -0.058      0.046     -1.267      0.205

 P2         ON
    P1                 0.109      0.130      0.837      0.403
    V1                -0.058      0.046     -1.267      0.205

 V4         ON
    V3                 0.302      0.105      2.885      0.004
    P3                -0.107      0.112     -0.957      0.338

 V3         ON
    V2                 0.302      0.105      2.885      0.004
    P2                -0.107      0.112     -0.957      0.338

 V2         ON
    V1                 0.302      0.105      2.885      0.004
    P1                -0.107      0.112     -0.957      0.338

 S_BFI_O  WITH
    I_BFI_O            0.955      0.574      1.663      0.096
    S_USI_D           -0.039      0.104     -0.374      0.709
    I_USI_D            1.774      1.796      0.988      0.323

 I_BFI_O  WITH
    S_USI_D           -0.773      1.870     -0.414      0.679
    I_USI_D          -46.664     11.681     -3.995      0.000

 S_USI_D  WITH
    I_USI_D            0.259      0.758      0.342      0.732

 P1       WITH
    V1                -4.808      9.137     -0.526      0.599

 P2       WITH
    V2                -2.867      5.741     -0.499      0.617

 P3       WITH
    V3                -2.867      5.741     -0.499      0.617

 P4       WITH
    V4                -2.867      5.741     -0.499      0.617

 Means
    P1                 0.000      0.000    999.000    999.000
    V1                 0.000      0.000    999.000    999.000
    I_BFI_O           73.593      0.495    148.549      0.000
    S_BFI_O           -0.098      0.046     -2.112      0.035
    I_USI_D           30.430      0.565     53.814      0.000
    S_USI_D           -0.272      0.054     -5.035      0.000

 Intercepts
    ABFI_O             0.000      0.000    999.000    999.000
    BBFI_O             0.000      0.000    999.000    999.000
    CBFI_O             0.000      0.000    999.000    999.000
    DBFI_O             0.000      0.000    999.000    999.000
    AUSI_D             0.000      0.000    999.000    999.000
    BUSI_D             0.000      0.000    999.000    999.000
    CUSI_D             0.000      0.000    999.000    999.000
    DUSI_D             0.000      0.000    999.000    999.000
    P2                 0.000      0.000    999.000    999.000
    P3                 0.000      0.000    999.000    999.000
    P4                 0.000      0.000    999.000    999.000
    V2                 0.000      0.000    999.000    999.000
    V3                 0.000      0.000    999.000    999.000
    V4                 0.000      0.000    999.000    999.000

 Variances
    P1                31.457      6.164      5.104      0.000
    V1               142.930     33.504      4.266      0.000
    I_BFI_O          170.946     12.639     13.525      0.000
    S_BFI_O            0.100      0.110      0.914      0.361
    I_USI_D          179.571     20.810      8.629      0.000
    S_USI_D            0.149      0.155      0.964      0.335

 Residual Variances
    ABFI_O             0.000      0.000    999.000    999.000
    BBFI_O             0.000      0.000    999.000    999.000
    CBFI_O             0.000      0.000    999.000    999.000
    DBFI_O             0.000      0.000    999.000    999.000
    AUSI_D             0.000      0.000    999.000    999.000
    BUSI_D             0.000      0.000    999.000    999.000
    CUSI_D             0.000      0.000    999.000    999.000
    DUSI_D             0.000      0.000    999.000    999.000
    P2                42.651      6.735      6.332      0.000
    P3                42.651      6.735      6.332      0.000
    P4                42.651      6.735      6.332      0.000
    V2               144.002     15.514      9.282      0.000
    V3               144.002     15.514      9.282      0.000
    V4               144.002     15.514      9.282      0.000

Group D5

 P1       BY
    ABFI_O             1.000      0.000    999.000    999.000

 P2       BY
    BBFI_O             1.000      0.000    999.000    999.000

 P3       BY
    CBFI_O             1.000      0.000    999.000    999.000

 P4       BY
    DBFI_O             1.000      0.000    999.000    999.000

 V1       BY
    AUSI_D             1.000      0.000    999.000    999.000

 V2       BY
    BUSI_D             1.000      0.000    999.000    999.000

 V3       BY
    CUSI_D             1.000      0.000    999.000    999.000

 V4       BY
    DUSI_D             1.000      0.000    999.000    999.000

 P4         ON
    P3                 0.270      0.149      1.816      0.069
    V3                -0.081      0.064     -1.270      0.204

 P3         ON
    P2                 0.270      0.149      1.816      0.069
    V2                -0.081      0.064     -1.270      0.204

 P2         ON
    P1                 0.270      0.149      1.816      0.069
    V1                -0.081      0.064     -1.270      0.204

 V4         ON
    V3                 0.054      0.135      0.397      0.692
    P3                -0.484      0.287     -1.685      0.092

 V3         ON
    V2                 0.054      0.135      0.397      0.692
    P2                -0.484      0.287     -1.685      0.092

 V2         ON
    V1                 0.054      0.135      0.397      0.692
    P1                -0.484      0.287     -1.685      0.092

 S_BFI_O  WITH
    I_BFI_O            0.955      0.574      1.663      0.096
    S_USI_D           -0.039      0.104     -0.374      0.709
    I_USI_D            1.774      1.796      0.988      0.323

 I_BFI_O  WITH
    S_USI_D           -0.773      1.870     -0.414      0.679
    I_USI_D          -46.664     11.681     -3.995      0.000

 S_USI_D  WITH
    I_USI_D            0.259      0.758      0.342      0.732

 P1       WITH
    V1                 3.027     16.244      0.186      0.852

 P2       WITH
    V2               -16.014      8.673     -1.846      0.065

 P3       WITH
    V3               -16.014      8.673     -1.846      0.065

 P4       WITH
    V4               -16.014      8.673     -1.846      0.065

 Means
    P1                 0.000      0.000    999.000    999.000
    V1                 0.000      0.000    999.000    999.000
    I_BFI_O           73.593      0.495    148.549      0.000
    S_BFI_O           -0.098      0.046     -2.112      0.035
    I_USI_D           30.430      0.565     53.814      0.000
    S_USI_D           -0.272      0.054     -5.035      0.000

 Intercepts
    ABFI_O             0.000      0.000    999.000    999.000
    BBFI_O             0.000      0.000    999.000    999.000
    CBFI_O             0.000      0.000    999.000    999.000
    DBFI_O             0.000      0.000    999.000    999.000
    AUSI_D             0.000      0.000    999.000    999.000
    BUSI_D             0.000      0.000    999.000    999.000
    CUSI_D             0.000      0.000    999.000    999.000
    DUSI_D             0.000      0.000    999.000    999.000
    P2                 0.000      0.000    999.000    999.000
    P3                 0.000      0.000    999.000    999.000
    P4                 0.000      0.000    999.000    999.000
    V2                 0.000      0.000    999.000    999.000
    V3                 0.000      0.000    999.000    999.000
    V4                 0.000      0.000    999.000    999.000

 Variances
    P1                45.773     15.047      3.042      0.002
    V1               153.095     31.013      4.936      0.000
    I_BFI_O          170.946     12.639     13.525      0.000
    S_BFI_O            0.100      0.110      0.914      0.361
    I_USI_D          179.571     20.810      8.629      0.000
    S_USI_D            0.149      0.155      0.964      0.335

 Residual Variances
    ABFI_O             0.000      0.000    999.000    999.000
    BBFI_O             0.000      0.000    999.000    999.000
    CBFI_O             0.000      0.000    999.000    999.000
    DBFI_O             0.000      0.000    999.000    999.000
    AUSI_D             0.000      0.000    999.000    999.000
    BUSI_D             0.000      0.000    999.000    999.000
    CUSI_D             0.000      0.000    999.000    999.000
    DUSI_D             0.000      0.000    999.000    999.000
    P2                43.029      8.282      5.196      0.000
    P3                43.029      8.282      5.196      0.000
    P4                43.029      8.282      5.196      0.000
    V2               131.941     26.293      5.018      0.000
    V3               131.941     26.293      5.018      0.000
    V4               131.941     26.293      5.018      0.000


QUALITY OF NUMERICAL RESULTS

     Condition Number for the Information Matrix              0.159E-05
       (ratio of smallest to largest eigenvalue)


     Beginning Time:  18:30:53
        Ending Time:  18:31:06
       Elapsed Time:  00:00:13



MUTHEN & MUTHEN
3463 Stoner Ave.
Los Angeles, CA  90066

Tel: (310) 391-9971
Fax: (310) 391-8971
Web: www.StatModel.com
Support: Support@StatModel.com

Copyright (c) 1998-2017 Muthen & Muthen
