Mplus VERSION 8 (Linux)
MUTHEN & MUTHEN
07/08/2018   5:28 PM

INPUT INSTRUCTIONS


  title: PxVx Bivariate LCM-SR - decadegroup - Linear bfas_co with Linear hrz_col_d;
  data: file = /home/jflournoy/code_new/lnt_pxvx/Data/lnt_nat_recalc.tsv;

  variable:
  names =
  subjid
  aage
  aaspfin
  aaspfin_d
  abfa_mt
  abfa_mt_d
  abfas_ac
  abfas_ap
  abfas_ci
  abfas_co
  abfas_ea
  abfas_ee
  abfas_nv
  abfas_nv9
  abfas_nw
  abfas_oi
  abfas_oo
  abfi_a
  abfi_a6
  abfi_c
  abfi_d_scale
  abfi_e
  abfi_hp8
  abfi_n
  abfi_o
  abfi_s_scale
  ahrz_col
  ahrz_col_d
  ahrz_ind
  ahrz_ind_d
  amvi
  ausi
  ausi_d
  avrt_col
  avrt_col_d
  avrt_ind
  avrt_ind_d
  bage
  baspfin
  baspfin_d
  bbfa_mt
  bbfa_mt_d
  bbfas_ac
  bbfas_ap
  bbfas_ci
  bbfas_co
  bbfas_ea
  bbfas_ee
  bbfas_nv
  bbfas_nv9
  bbfas_nw
  bbfas_oi
  bbfas_oo
  bbfi_a
  bbfi_a6
  bbfi_c
  bbfi_d_scale
  bbfi_e
  bbfi_hp8
  bbfi_n
  bbfi_o
  bbfi_s_scale
  bhrz_col
  bhrz_col_d
  bhrz_ind
  bhrz_ind_d
  bmvi
  busi
  busi_d
  bvrt_col
  bvrt_col_d
  bvrt_ind
  bvrt_ind_d
  cage
  caspfin
  caspfin_d
  cbfa_mt
  cbfa_mt_d
  cbfas_ac
  cbfas_ap
  cbfas_ci
  cbfas_co
  cbfas_ea
  cbfas_ee
  cbfas_nv
  cbfas_nv9
  cbfas_nw
  cbfas_oi
  cbfas_oo
  cbfi_a
  cbfi_a6
  cbfi_c
  cbfi_d_scale
  cbfi_e
  cbfi_hp8
  cbfi_n
  cbfi_o
  cbfi_s_scale
  chrz_col
  chrz_col_d
  chrz_ind
  chrz_ind_d
  cmvi
  cusi
  cusi_d
  cvrt_col
  cvrt_col_d
  cvrt_ind
  cvrt_ind_d
  dage
  daspfin
  daspfin_d
  dbfa_mt
  dbfa_mt_d
  dbfas_ac
  dbfas_ap
  dbfas_ci
  dbfas_co
  dbfas_ea
  dbfas_ee
  dbfas_nv
  dbfas_nv9
  dbfas_nw
  dbfas_oi
  dbfas_oo
  dbfi_a
  dbfi_a6
  dbfi_c
  dbfi_d_scale
  dbfi_e
  dbfi_hp8
  dbfi_n
  dbfi_o
  dbfi_s_scale
  dhrz_col
  dhrz_col_d
  dhrz_ind
  dhrz_ind_d
  dmvi
  dusi
  dusi_d
  dvrt_col
  dvrt_col_d
  dvrt_ind
  dvrt_ind_d;

  USEVARIABLES =
  abfas_co
  bbfas_co
  cbfas_co
  dbfas_co
  ahrz_col_d
  bhrz_col_d
  chrz_col_d
  dhrz_col_d
  a1
  a2
  a3
  a4
  aagegrp
  ;

  missing = all (-9999);

  tscores = a1 a2 a3 a4;

  grouping = aagegrp (0=d2, 1=d3, 2=d4, 3=d5);

  DEFINE:

  aagegrp = aage;

  cut aagegrp (29 39 49);

  a1 = aage + 0 - 36;
  a2 = aage + 1 - 36;
  a3 = aage + 2 - 36;
  a4 = aage + 3 - 36;

  ANALYSIS:
  TYPE=RANDOM;
  PROCESSORS = 6;
  model=nocovariances; ! supresses default estimation of certain covs in model;

  MODEL:

  i_bfas_co s_bfas_co | abfas_co bbfas_co cbfas_co dbfas_co AT a1 a2 a3 a4;
  i_hrz_col_d s_hrz_col_d | ahrz_col_d bhrz_col_d chrz_col_d dhrz_col_d AT a1 a2 a3 a4;

  ! freeing factor covs because of "nocovariances"
  ! But ensure they are constrained across groups
  s_bfas_co WITH i_bfas_co (p)
  s_hrz_col_d (q)
  i_hrz_col_d (r);
  i_bfas_co WITH s_hrz_col_d (s)
  i_hrz_col_d (t);
  s_hrz_col_d WITH i_hrz_col_d (u);

  !constrain latent growth means across groups
  [i_bfas_co] (v);
  [s_bfas_co] (w);
  [i_hrz_col_d] (x);
  [s_hrz_col_d] (y);

  !constrain latent growth variances across groups
  i_bfas_co (l);
  s_bfas_co (m);
  i_hrz_col_d (n);
  s_hrz_col_d (o);

  p1 BY abfas_co@1; ! Residual "factors";
  p2 BY bbfas_co@1;
  p3 BY cbfas_co@1;
  p4 BY dbfas_co@1;

  v1 BY ahrz_col_d@1; ! Residual "factors";
  v2 BY bhrz_col_d@1;
  v3 BY chrz_col_d@1;
  v4 BY dhrz_col_d@1;

  !residual variances on observed/manifest vars set to 0
  abfas_co@0;
  bbfas_co@0;
  cbfas_co@0;
  dbfas_co@0;

  !residual variances on observed/manifest vars set to 0
  ahrz_col_d@0;
  bhrz_col_d@0;
  chrz_col_d@0;
  dhrz_col_d@0;

  ! means of observed/manifest vars set to 0
  [abfas_co@0];
  [bbfas_co@0];
  [cbfas_co@0];
  [dbfas_co@0];

  ! means of observed/manifest vars set to 0
  [ahrz_col_d@0];
  [bhrz_col_d@0];
  [chrz_col_d@0];
  [dhrz_col_d@0];

  [p1@0]; ! means of residual "factors" set to 0
  [p2@0];
  [p3@0];
  [p4@0];

  [v1@0]; ! means of residual "factors" set to 0
  [v2@0];
  [v3@0];
  [v4@0];

  p4 on p3 (a); ! Autoregressive paths constrained to equality
  p3 on p2 (a);
  p2 on p1 (a);

  v4 on v3 (b); ! Autoregressive paths constrained to equality
  v3 on v2 (b);
  v2 on v1 (b);

  p4 on v3 (c); ! Cross-lagged paths constrained to equality
  p3 on v2 (c);
  p2 on v1 (c);

  v4 on p3 (d); ! Cross-lagged paths constrained to equality
  v3 on p2 (d);
  v2 on p1 (d);

  p1 with v1; !(this one is not like the others)

  p2 with v2 (e); ! Within-wave correlations constrained to equality
  p3 with v3 (e);
  p4 with v4 (e);

  p2 p3 p4 (f); ! estimate variances of residual "factors"
  v2 v3 v4 (g); ! estimate variances of residual "factors"

  MODEL d2:

  p4 on p3 (a2); ! Autoregressive paths constrained to equality
  p3 on p2 (a2);
  p2 on p1 (a2);

  v4 on v3 (b2); ! Autoregressive paths constrained to equality
  v3 on v2 (b2);
  v2 on v1 (b2);

  p4 on v3 (c2); ! Cross-lagged paths constrained to equality
  p3 on v2 (c2);
  p2 on v1 (c2);

  v4 on p3 (d2); ! Cross-lagged paths constrained to equality
  v3 on p2 (d2);
  v2 on p1 (d2);

  p1 with v1; !(this one is not like the others)

  p2 with v2 (e2); ! Within-wave correlations constrained to equality
  p3 with v3 (e2);
  p4 with v4 (e2);

  p2 p3 p4 (f2); ! estimate variances of residual "factors"
  v2 v3 v4 (g2); ! estimate variances of residual "factors"

  MODEL d3:

  p4 on p3 (a3); ! Autoregressive paths constrained to equality
  p3 on p2 (a3);
  p2 on p1 (a3);

  v4 on v3 (b3); ! Autoregressive paths constrained to equality
  v3 on v2 (b3);
  v2 on v1 (b3);

  p4 on v3 (c3); ! Cross-lagged paths constrained to equality
  p3 on v2 (c3);
  p2 on v1 (c3);

  v4 on p3 (d3); ! Cross-lagged paths constrained to equality
  v3 on p2 (d3);
  v2 on p1 (d3);

  p1 with v1; !(this one is not like the others)

  p2 with v2 (e3); ! Within-wave correlations constrained to equality
  p3 with v3 (e3);
  p4 with v4 (e3);

  p2 p3 p4 (f3); ! estimate variances of residual "factors"
  v2 v3 v4 (g3); ! estimate variances of residual "factors"

  MODEL d4:

  p4 on p3 (a4); ! Autoregressive paths constrained to equality
  p3 on p2 (a4);
  p2 on p1 (a4);

  v4 on v3 (b4); ! Autoregressive paths constrained to equality
  v3 on v2 (b4);
  v2 on v1 (b4);

  p4 on v3 (c4); ! Cross-lagged paths constrained to equality
  p3 on v2 (c4);
  p2 on v1 (c4);

  v4 on p3 (d4); ! Cross-lagged paths constrained to equality
  v3 on p2 (d4);
  v2 on p1 (d4);

  p1 with v1; !(this one is not like the others)

  p2 with v2 (e4); ! Within-wave correlations constrained to equality
  p3 with v3 (e4);
  p4 with v4 (e4);

  p2 p3 p4 (f4); ! estimate variances of residual "factors"
  v2 v3 v4 (g4); ! estimate variances of residual "factors"

  MODEL d5:

  p4 on p3 (a5); ! Autoregressive paths constrained to equality
  p3 on p2 (a5);
  p2 on p1 (a5);

  v4 on v3 (b5); ! Autoregressive paths constrained to equality
  v3 on v2 (b5);
  v2 on v1 (b5);

  p4 on v3 (c5); ! Cross-lagged paths constrained to equality
  p3 on v2 (c5);
  p2 on v1 (c5);

  v4 on p3 (d5); ! Cross-lagged paths constrained to equality
  v3 on p2 (d5);
  v2 on p1 (d5);

  p1 with v1; !(this one is not like the others)

  p2 with v2 (e5); ! Within-wave correlations constrained to equality
  p3 with v3 (e5);
  p4 with v4 (e5);

  p2 p3 p4 (f5); ! estimate variances of residual "factors"
  v2 v3 v4 (g5); ! estimate variances of residual "factors"

  OUTPUT: SAMPSTAT PATTERNS;



*** WARNING in VARIABLE command
  Note that only the first 8 characters of variable names are used in the output.
  Shorten variable names to avoid any confusion.
*** WARNING
  Data set contains unknown or missing values for GROUPING,
  PATTERN, COHORT, CLUSTER and/or STRATIFICATION variables.
  Number of cases with unknown or missing values:  5
   2 WARNING(S) FOUND IN THE INPUT INSTRUCTIONS



PxVx Bivariate LCM-SR - decadegroup - Linear bfas_co with Linear hrz_col_d;

SUMMARY OF ANALYSIS

Number of groups                                                 4
Number of observations
   Group D2                                                    301
   Group D3                                                    233
   Group D4                                                    198
   Group D5                                                    132
   Total sample size                                           864

Number of dependent variables                                    8
Number of independent variables                                  0
Number of continuous latent variables                           12

Observed dependent variables

  Continuous
   ABFAS_CO    BBFAS_CO    CBFAS_CO    DBFAS_CO    AHRZ_COL_D  BHRZ_COL_D
   CHRZ_COL_D  DHRZ_COL_D

Continuous latent variables
   P1          P2          P3          P4          V1          V2
   V3          V4          I_BFAS_C    S_BFAS_C    I_HRZ_CO    S_HRZ_CO

Variables with special functions

  Grouping variable     AAGEGRP

  Time scores
   A1          A2          A3          A4


Estimator                                                      MLR
Information matrix                                        OBSERVED
Maximum number of iterations                                   100
Convergence criterion                                    0.100D-05
Maximum number of EM iterations                                500
Convergence criteria for the EM algorithm
  Loglikelihood change                                   0.100D-02
  Relative loglikelihood change                          0.100D-05
  Derivative                                             0.100D-03
Minimum variance                                         0.100D-03
Maximum number of steepest descent iterations                   20
Maximum number of iterations for H1                           2000
Convergence criterion for H1                             0.100D-03
Optimization algorithm                                         EMA

Input data file(s)
  /home/jflournoy/code_new/lnt_pxvx/Data/lnt_nat_recalc.tsv
Input data format  FREE


SUMMARY OF DATA

   Group D2
     Number of missing data patterns            15

   Group D3
     Number of missing data patterns            10

   Group D4
     Number of missing data patterns            15

   Group D5
     Number of missing data patterns             9


SUMMARY OF MISSING DATA PATTERNS


     MISSING DATA PATTERNS (x = not missing) FOR D2

           1  2  3  4  5  6  7  8  9 10 11 12 13 14 15
 ABFAS_CO  x  x  x  x  x  x  x  x  x  x     x  x  x  x
 BBFAS_CO  x     x  x  x  x           x  x  x  x  x
 CBFAS_CO  x        x     x     x  x  x  x  x  x     x
 DBFAS_CO  x     x  x        x     x     x  x        x
 AHRZ_COL  x  x  x  x  x  x  x  x  x  x  x  x  x  x  x
 BHRZ_COL  x     x  x  x  x           x  x     x     x
 CHRZ_COL  x              x     x  x     x  x  x     x
 DHRZ_COL  x     x  x        x     x     x  x  x     x


     MISSING DATA PATTERN FREQUENCIES FOR D2

    Pattern   Frequency     Pattern   Frequency     Pattern   Frequency
          1         185           6          13          11           1
          2          57           7          11          12           2
          3           6           8           5          13           1
          4           1           9           5          14           1
          5          11          10           1          15           1


     MISSING DATA PATTERNS (x = not missing) FOR D3

           1  2  3  4  5  6  7  8  9 10
 ABFAS_CO  x  x  x  x  x  x  x  x  x  x
 BBFAS_CO  x     x  x  x           x
 CBFAS_CO  x           x     x  x
 DBFAS_CO  x     x        x     x     x
 AHRZ_COL  x  x  x  x  x  x  x  x  x  x
 BHRZ_COL  x     x  x  x
 CHRZ_COL  x           x     x  x
 DHRZ_COL  x     x        x     x


     MISSING DATA PATTERN FREQUENCIES FOR D3

    Pattern   Frequency     Pattern   Frequency     Pattern   Frequency
          1         140           5           7           9           1
          2          44           6           3          10           1
          3           8           7           7
          4          15           8           7


     MISSING DATA PATTERNS (x = not missing) FOR D4

           1  2  3  4  5  6  7  8  9 10 11 12 13 14 15
 ABFAS_CO  x  x  x  x  x  x  x  x  x  x  x  x  x  x  x
 BBFAS_CO  x     x  x  x  x           x  x        x
 CBFAS_CO  x        x     x     x  x  x     x        x
 DBFAS_CO  x     x  x        x     x  x     x     x
 AHRZ_COL  x  x  x  x  x  x  x  x  x  x  x  x     x  x
 BHRZ_COL  x     x  x  x  x                 x
 CHRZ_COL  x              x     x  x  x     x
 DHRZ_COL  x     x  x        x     x  x     x     x


     MISSING DATA PATTERN FREQUENCIES FOR D4

    Pattern   Frequency     Pattern   Frequency     Pattern   Frequency
          1         103           6          15          11           2
          2          39           7           4          12           1
          3           7           8           5          13           1
          4           1           9           5          14           1
          5          12          10           1          15           1


     MISSING DATA PATTERNS (x = not missing) FOR D5

           1  2  3  4  5  6  7  8  9
 ABFAS_CO  x  x  x  x  x  x  x  x
 BBFAS_CO  x     x  x  x           x
 CBFAS_CO  x           x     x  x  x
 DBFAS_CO  x     x        x     x  x
 AHRZ_COL  x  x  x  x  x  x  x  x  x
 BHRZ_COL  x     x  x  x           x
 CHRZ_COL  x           x     x  x  x
 DHRZ_COL  x     x        x     x  x


     MISSING DATA PATTERN FREQUENCIES FOR D5

    Pattern   Frequency     Pattern   Frequency     Pattern   Frequency
          1          60           4          10           7           6
          2          29           5          11           8           4
          3           5           6           6           9           1


COVARIANCE COVERAGE OF DATA

Minimum covariance coverage value   0.100


     PROPORTION OF DATA PRESENT FOR D2


           Covariance Coverage
              ABFAS_CO      BBFAS_CO      CBFAS_CO      DBFAS_CO      AHRZ_COL
              ________      ________      ________      ________      ________
 ABFAS_CO       0.997
 BBFAS_CO       0.734         0.738
 CBFAS_CO       0.711         0.678         0.714
 DBFAS_CO       0.701         0.648         0.648         0.704
 AHRZ_COL       0.997         0.738         0.714         0.704         1.000
 BHRZ_COL       0.728         0.728         0.674         0.645         0.731
 CHRZ_COL       0.704         0.671         0.708         0.645         0.708
 DHRZ_COL       0.704         0.651         0.651         0.704         0.708


           Covariance Coverage
              BHRZ_COL      CHRZ_COL      DHRZ_COL
              ________      ________      ________
 BHRZ_COL       0.731
 CHRZ_COL       0.668         0.708
 DHRZ_COL       0.648         0.648         0.708


     PROPORTION OF DATA PRESENT FOR D3


           Covariance Coverage
              ABFAS_CO      BBFAS_CO      CBFAS_CO      DBFAS_CO      AHRZ_COL
              ________      ________      ________      ________      ________
 ABFAS_CO       1.000
 BBFAS_CO       0.747         0.747
 CBFAS_CO       0.717         0.682         0.717
 DBFAS_CO       0.734         0.700         0.670         0.734
 AHRZ_COL       1.000         0.747         0.717         0.734         1.000
 BHRZ_COL       0.747         0.747         0.682         0.700         0.747
 CHRZ_COL       0.648         0.614         0.648         0.605         0.648
 DHRZ_COL       0.734         0.700         0.670         0.734         0.734


           Covariance Coverage
              BHRZ_COL      CHRZ_COL      DHRZ_COL
              ________      ________      ________
 BHRZ_COL       0.747
 CHRZ_COL       0.614         0.648
 DHRZ_COL       0.700         0.605         0.734


     PROPORTION OF DATA PRESENT FOR D4


           Covariance Coverage
              ABFAS_CO      BBFAS_CO      CBFAS_CO      DBFAS_CO      AHRZ_COL
              ________      ________      ________      ________      ________
 ABFAS_CO       0.990
 BBFAS_CO       0.717         0.727
 CBFAS_CO       0.672         0.626         0.682
 DBFAS_CO       0.616         0.576         0.571         0.626
 AHRZ_COL       0.990         0.727         0.682         0.626         1.000
 BHRZ_COL       0.712         0.717         0.626         0.576         0.722
 CHRZ_COL       0.662         0.616         0.672         0.566         0.672
 DHRZ_COL       0.621         0.581         0.576         0.626         0.631


           Covariance Coverage
              BHRZ_COL      CHRZ_COL      DHRZ_COL
              ________      ________      ________
 BHRZ_COL       0.722
 CHRZ_COL       0.616         0.672
 DHRZ_COL       0.581         0.571         0.631


     PROPORTION OF DATA PRESENT FOR D5


           Covariance Coverage
              ABFAS_CO      BBFAS_CO      CBFAS_CO      DBFAS_CO      AHRZ_COL
              ________      ________      ________      ________      ________
 ABFAS_CO       1.000
 BBFAS_CO       0.697         0.697
 CBFAS_CO       0.614         0.576         0.614
 DBFAS_CO       0.621         0.568         0.538         0.621
 AHRZ_COL       1.000         0.697         0.614         0.621         1.000
 BHRZ_COL       0.697         0.697         0.576         0.568         0.697
 CHRZ_COL       0.538         0.500         0.538         0.462         0.538
 DHRZ_COL       0.621         0.568         0.538         0.621         0.621


           Covariance Coverage
              BHRZ_COL      CHRZ_COL      DHRZ_COL
              ________      ________      ________
 BHRZ_COL       0.697
 CHRZ_COL       0.500         0.538
 DHRZ_COL       0.568         0.462         0.621


SAMPLE STATISTICS


     ESTIMATED SAMPLE STATISTICS FOR D2


           Means
              ABFAS_CO      BBFAS_CO      CBFAS_CO      DBFAS_CO      AHRZ_COL
              ________      ________      ________      ________      ________
               59.821        59.409        60.885        60.999        70.460


           Means
              BHRZ_COL      CHRZ_COL      DHRZ_COL
              ________      ________      ________
               69.084        68.607        68.046


           Covariances
              ABFAS_CO      BBFAS_CO      CBFAS_CO      DBFAS_CO      AHRZ_COL
              ________      ________      ________      ________      ________
 ABFAS_CO     299.650
 BBFAS_CO     233.764       293.546
 CBFAS_CO     215.998       222.248       267.599
 DBFAS_CO     210.746       214.830       215.557       272.503
 AHRZ_COL      29.069        39.251        13.478        -8.791       328.222
 BHRZ_COL      15.519        30.414         9.996       -12.872       211.286
 CHRZ_COL      14.934        29.843         9.672         2.051       205.176
 DHRZ_COL      25.963        38.880        22.149        25.915       217.907


           Covariances
              BHRZ_COL      CHRZ_COL      DHRZ_COL
              ________      ________      ________
 BHRZ_COL     332.264
 CHRZ_COL     221.681       366.510
 DHRZ_COL     221.681       253.867       368.581


           Correlations
              ABFAS_CO      BBFAS_CO      CBFAS_CO      DBFAS_CO      AHRZ_COL
              ________      ________      ________      ________      ________
 ABFAS_CO       1.000
 BBFAS_CO       0.788         1.000
 CBFAS_CO       0.763         0.793         1.000
 DBFAS_CO       0.738         0.760         0.798         1.000
 AHRZ_COL       0.093         0.126         0.045        -0.029         1.000
 BHRZ_COL       0.049         0.097         0.034        -0.043         0.640
 CHRZ_COL       0.045         0.091         0.031         0.006         0.592
 DHRZ_COL       0.078         0.118         0.071         0.082         0.626


           Correlations
              BHRZ_COL      CHRZ_COL      DHRZ_COL
              ________      ________      ________
 BHRZ_COL       1.000
 CHRZ_COL       0.635         1.000
 DHRZ_COL       0.633         0.691         1.000


     ESTIMATED SAMPLE STATISTICS FOR D3


           Means
              ABFAS_CO      BBFAS_CO      CBFAS_CO      DBFAS_CO      AHRZ_COL
              ________      ________      ________      ________      ________
               63.452        63.140        63.618        63.686        72.979


           Means
              BHRZ_COL      CHRZ_COL      DHRZ_COL
              ________      ________      ________
               72.849        73.536        73.441


           Covariances
              ABFAS_CO      BBFAS_CO      CBFAS_CO      DBFAS_CO      AHRZ_COL
              ________      ________      ________      ________      ________
 ABFAS_CO     267.820
 BBFAS_CO     216.635       278.641
 CBFAS_CO     210.843       224.507       264.996
 DBFAS_CO     199.578       205.360       214.654       259.305
 AHRZ_COL      21.972        29.595        19.760        25.627       292.844
 BHRZ_COL      63.339        73.746        45.373        46.697       207.843
 CHRZ_COL      10.163        21.879        22.624        18.362       204.737
 DHRZ_COL      46.782        49.015        38.654        43.224       185.573


           Covariances
              BHRZ_COL      CHRZ_COL      DHRZ_COL
              ________      ________      ________
 BHRZ_COL     315.299
 CHRZ_COL     232.390       330.651
 DHRZ_COL     220.093       210.982       294.213


           Correlations
              ABFAS_CO      BBFAS_CO      CBFAS_CO      DBFAS_CO      AHRZ_COL
              ________      ________      ________      ________      ________
 ABFAS_CO       1.000
 BBFAS_CO       0.793         1.000
 CBFAS_CO       0.791         0.826         1.000
 DBFAS_CO       0.757         0.764         0.819         1.000
 AHRZ_COL       0.078         0.104         0.071         0.093         1.000
 BHRZ_COL       0.218         0.249         0.157         0.163         0.684
 CHRZ_COL       0.034         0.072         0.076         0.063         0.658
 DHRZ_COL       0.167         0.171         0.138         0.156         0.632


           Correlations
              BHRZ_COL      CHRZ_COL      DHRZ_COL
              ________      ________      ________
 BHRZ_COL       1.000
 CHRZ_COL       0.720         1.000
 DHRZ_COL       0.723         0.676         1.000


     ESTIMATED SAMPLE STATISTICS FOR D4


           Means
              ABFAS_CO      BBFAS_CO      CBFAS_CO      DBFAS_CO      AHRZ_COL
              ________      ________      ________      ________      ________
               62.522        62.809        62.607        62.304        72.902


           Means
              BHRZ_COL      CHRZ_COL      DHRZ_COL
              ________      ________      ________
               71.811        73.115        71.829


           Covariances
              ABFAS_CO      BBFAS_CO      CBFAS_CO      DBFAS_CO      AHRZ_COL
              ________      ________      ________      ________      ________
 ABFAS_CO     249.755
 BBFAS_CO     215.101       260.643
 CBFAS_CO     219.473       231.266       274.947
 DBFAS_CO     211.478       226.869       233.759       284.924
 AHRZ_COL      22.201        37.602        17.140        38.001       257.613
 BHRZ_COL      62.279        65.617        60.428        75.567       162.400
 CHRZ_COL      30.910        46.628        27.096        47.933       155.393
 DHRZ_COL      32.780        16.694        19.700        48.237       156.783


           Covariances
              BHRZ_COL      CHRZ_COL      DHRZ_COL
              ________      ________      ________
 BHRZ_COL     250.206
 CHRZ_COL     163.521       229.720
 DHRZ_COL     165.154       161.599       255.923


           Correlations
              ABFAS_CO      BBFAS_CO      CBFAS_CO      DBFAS_CO      AHRZ_COL
              ________      ________      ________      ________      ________
 ABFAS_CO       1.000
 BBFAS_CO       0.843         1.000
 CBFAS_CO       0.838         0.864         1.000
 DBFAS_CO       0.793         0.833         0.835         1.000
 AHRZ_COL       0.088         0.145         0.064         0.140         1.000
 BHRZ_COL       0.249         0.257         0.230         0.283         0.640
 CHRZ_COL       0.129         0.191         0.108         0.187         0.639
 DHRZ_COL       0.130         0.065         0.074         0.179         0.611


           Correlations
              BHRZ_COL      CHRZ_COL      DHRZ_COL
              ________      ________      ________
 BHRZ_COL       1.000
 CHRZ_COL       0.682         1.000
 DHRZ_COL       0.653         0.666         1.000


     ESTIMATED SAMPLE STATISTICS FOR D5


           Means
              ABFAS_CO      BBFAS_CO      CBFAS_CO      DBFAS_CO      AHRZ_COL
              ________      ________      ________      ________      ________
               62.560        62.444        61.354        61.943        78.314


           Means
              BHRZ_COL      CHRZ_COL      DHRZ_COL
              ________      ________      ________
               75.107        74.634        74.197


           Covariances
              ABFAS_CO      BBFAS_CO      CBFAS_CO      DBFAS_CO      AHRZ_COL
              ________      ________      ________      ________      ________
 ABFAS_CO     236.328
 BBFAS_CO     178.877       226.708
 CBFAS_CO     184.473       193.782       228.009
 DBFAS_CO     199.386       188.499       205.786       253.313
 AHRZ_COL      25.770        13.594        16.612        16.244       230.624
 BHRZ_COL      37.827        18.165        30.504        25.146       200.528
 CHRZ_COL      53.151        19.280        26.927        34.678       155.842
 DHRZ_COL      48.139        40.776        60.622        39.027       158.169


           Covariances
              BHRZ_COL      CHRZ_COL      DHRZ_COL
              ________      ________      ________
 BHRZ_COL     284.434
 CHRZ_COL     205.250       266.555
 DHRZ_COL     201.729       200.746       295.840


           Correlations
              ABFAS_CO      BBFAS_CO      CBFAS_CO      DBFAS_CO      AHRZ_COL
              ________      ________      ________      ________      ________
 ABFAS_CO       1.000
 BBFAS_CO       0.773         1.000
 CBFAS_CO       0.795         0.852         1.000
 DBFAS_CO       0.815         0.787         0.856         1.000
 AHRZ_COL       0.110         0.059         0.072         0.067         1.000
 BHRZ_COL       0.146         0.072         0.120         0.094         0.783
 CHRZ_COL       0.212         0.078         0.109         0.133         0.629
 DHRZ_COL       0.182         0.157         0.233         0.143         0.606


           Correlations
              BHRZ_COL      CHRZ_COL      DHRZ_COL
              ________      ________      ________
 BHRZ_COL       1.000
 CHRZ_COL       0.745         1.000
 DHRZ_COL       0.695         0.715         1.000


     MAXIMUM LOG-LIKELIHOOD VALUE FOR THE UNRESTRICTED (H1) MODEL IS -20646.393


UNIVARIATE SAMPLE STATISTICS


     UNIVARIATE HIGHER-ORDER MOMENT DESCRIPTIVE STATISTICS FOR D2

         Variable/         Mean/     Skewness/   Minimum/ % with                Percentiles
        Sample Size      Variance    Kurtosis    Maximum  Min/Max      20%/60%    40%/80%    Median

     ABFAS_CO             59.742      -0.189      10.000    0.67%      45.000     55.000     60.000
             300.000     298.471      -0.299     100.000    0.33%      65.000     75.000
     BBFAS_CO             60.000       0.027      12.500    0.45%      45.000     55.000     60.000
             222.000     293.131      -0.460      97.500    0.90%      62.500     75.000
     CBFAS_CO             61.181      -0.126      20.000    0.47%      47.500     57.500     60.000
             215.000     266.060      -0.446      97.500    0.47%      65.000     75.000
     DBFAS_CO             61.439      -0.130       7.500    0.47%      45.000     57.500     62.500
             212.000     277.647      -0.336     100.000    0.94%      67.500     75.000
     AHRZ_COL_D           70.460      -0.737       8.333    0.33%      58.333     66.667     75.000
             301.000     328.222       0.603     100.000    6.64%      75.000     83.333
     BHRZ_COL_D           69.508      -0.819      16.667    1.82%      58.333     66.667     75.000
             220.000     326.841       0.565     100.000    4.55%      75.000     83.333
     CHRZ_COL_D           68.818      -0.706       8.333    1.41%      58.333     66.667     75.000
             213.000     370.631       0.581     100.000    6.10%      75.000     83.333
     DHRZ_COL_D           68.545      -0.716       0.000    0.47%      50.000     66.667     75.000
             213.000     369.452       0.673     100.000    6.10%      75.000     83.333


     UNIVARIATE HIGHER-ORDER MOMENT DESCRIPTIVE STATISTICS FOR D3

         Variable/         Mean/     Skewness/   Minimum/ % with                Percentiles
        Sample Size      Variance    Kurtosis    Maximum  Min/Max      20%/60%    40%/80%    Median

     ABFAS_CO             63.452      -0.209      15.000    0.43%      50.000     57.500     65.000
             233.000     267.820      -0.397     100.000    0.43%      67.500     77.500
     BBFAS_CO             63.309      -0.188      17.500    0.58%      47.500     60.000     65.000
             171.000     285.305      -0.620     100.000    1.17%      67.500     77.778
     CBFAS_CO             63.436      -0.153      25.000    0.62%      47.500     60.000     65.000
             161.000     275.117      -0.583     100.000    0.62%      67.500     80.000
     DBFAS_CO             63.526      -0.043      25.000    0.63%      47.500     60.000     62.500
             159.000     265.385      -0.722     100.000    1.26%      67.500     80.000
     AHRZ_COL_D           72.979      -0.581      25.000    1.29%      58.333     75.000     75.000
             233.000     292.844      -0.001     100.000    8.15%      75.000     83.333
     BHRZ_COL_D           72.451      -0.674      16.667    1.18%      58.333     75.000     75.000
             170.000     312.743       0.242     100.000    7.06%      75.000     91.667
     CHRZ_COL_D           73.292      -0.616      16.667    0.62%      58.333     75.000     75.000
             161.000     323.601      -0.003     100.000    9.32%      75.000     91.667
     DHRZ_COL_D           73.049      -1.005       0.000    0.63%      66.667     66.667     75.000
             158.000     298.143       1.975     100.000    7.59%      75.000     83.333


     UNIVARIATE HIGHER-ORDER MOMENT DESCRIPTIVE STATISTICS FOR D4

         Variable/         Mean/     Skewness/   Minimum/ % with                Percentiles
        Sample Size      Variance    Kurtosis    Maximum  Min/Max      20%/60%    40%/80%    Median

     ABFAS_CO             62.522      -0.234      22.500    0.51%      47.500     60.000     62.500
             198.000     249.755      -0.367      97.500    0.51%      67.500     75.000
     BBFAS_CO             62.649      -0.083      27.500    2.82%      47.500     57.500     62.500
             142.000     264.210      -0.603      97.500    0.70%      67.500     77.500
     CBFAS_CO             61.787      -0.274      20.000    0.76%      45.000     57.500     62.500
             132.000     301.706      -0.560      97.500    0.76%      67.500     77.500
     DBFAS_CO             63.008      -0.452      15.000    0.81%      47.500     60.000     65.000
             123.000     287.394      -0.189      95.000    1.63%      70.000     77.500
     AHRZ_COL_D           72.906      -0.450      16.667    0.51%      58.333     75.000     75.000
             197.000     257.619       0.470     100.000   10.15%      75.000     83.333
     BHRZ_COL_D           70.923      -0.496      16.667    0.72%      58.333     66.667     75.000
             139.000     261.158       0.224     100.000    5.04%      75.000     83.333
     CHRZ_COL_D           73.077      -0.153      25.000    0.77%      58.333     66.667     75.000
             130.000     230.276      -0.240     100.000    7.69%      75.000     83.333
     DHRZ_COL_D           71.816      -0.512      25.000    1.63%      58.333     66.667     75.000
             123.000     247.878       0.275     100.000    4.88%      75.000     83.333


     UNIVARIATE HIGHER-ORDER MOMENT DESCRIPTIVE STATISTICS FOR D5

         Variable/         Mean/     Skewness/   Minimum/ % with                Percentiles
        Sample Size      Variance    Kurtosis    Maximum  Min/Max      20%/60%    40%/80%    Median

     ABFAS_CO             62.680      -0.333      10.000    0.76%      50.000     60.000     65.000
             131.000     235.769       0.224     100.000    0.76%      65.625     77.500
     BBFAS_CO             63.357      -0.012      30.556    1.15%      50.000     60.000     62.500
              87.000     219.958      -0.643      95.000    1.15%      67.500     77.500
     CBFAS_CO             61.816       0.196      35.000    3.66%      47.500     55.000     62.500
              82.000     220.143      -0.763     100.000    1.22%      67.500     75.000
     DBFAS_CO             62.928      -0.388      17.500    1.32%      50.000     60.000     63.750
              76.000     258.781       0.161     100.000    1.32%      70.000     75.000
     AHRZ_COL_D           78.314      -0.627      41.667    3.79%      66.667     75.000     83.333
             132.000     230.624      -0.165     100.000   12.12%      83.333     91.667
     BHRZ_COL_D           75.718      -0.963      16.667    1.15%      66.667     75.000     75.000
              87.000     279.058       1.070     100.000    8.05%      83.333     91.667
     CHRZ_COL_D           74.695      -0.720      16.667    1.22%      58.333     75.000     75.000
              82.000     275.144       1.141     100.000   10.98%      75.000     91.667
     DHRZ_COL_D           75.987      -1.306       0.000    1.32%      66.667     75.000     75.000
              76.000     288.683       3.856     100.000   10.53%      83.333     91.667


THE MODEL ESTIMATION TERMINATED NORMALLY



MODEL FIT INFORMATION

Number of Free Parameters                       54

Loglikelihood

          H0 Value                      -20710.735
          H0 Scaling Correction Factor      1.2670
            for MLR

Information Criteria

          Akaike (AIC)                   41529.471
          Bayesian (BIC)                 41786.596
          Sample-Size Adjusted BIC       41615.106
            (n* = (n + 2) / 24)



MODEL RESULTS

                                                    Two-Tailed
                    Estimate       S.E.  Est./S.E.    P-Value

Group D2

 P1       BY
    ABFAS_CO           1.000      0.000    999.000    999.000

 P2       BY
    BBFAS_CO           1.000      0.000    999.000    999.000

 P3       BY
    CBFAS_CO           1.000      0.000    999.000    999.000

 P4       BY
    DBFAS_CO           1.000      0.000    999.000    999.000

 V1       BY
    AHRZ_COL_D         1.000      0.000    999.000    999.000

 V2       BY
    BHRZ_COL_D         1.000      0.000    999.000    999.000

 V3       BY
    CHRZ_COL_D         1.000      0.000    999.000    999.000

 V4       BY
    DHRZ_COL_D         1.000      0.000    999.000    999.000

 P4         ON
    P3                 0.148      0.083      1.775      0.076
    V3                 0.066      0.040      1.649      0.099

 P3         ON
    P2                 0.148      0.083      1.775      0.076
    V2                 0.066      0.040      1.649      0.099

 P2         ON
    P1                 0.148      0.083      1.775      0.076
    V1                 0.066      0.040      1.649      0.099

 V4         ON
    V3                 0.141      0.078      1.808      0.071
    P3                 0.088      0.090      0.975      0.330

 V3         ON
    V2                 0.141      0.078      1.808      0.071
    P2                 0.088      0.090      0.975      0.330

 V2         ON
    V1                 0.141      0.078      1.808      0.071
    P1                 0.088      0.090      0.975      0.330

 S_BFAS_C WITH
    I_BFAS_CO         -0.631      0.612     -1.031      0.303
    S_HRZ_COL_         0.028      0.096      0.288      0.773
    I_HRZ_COL_        -1.479      1.885     -0.785      0.433

 I_BFAS_C WITH
    S_HRZ_COL_         1.690      1.910      0.885      0.376
    I_HRZ_COL_        20.561     12.508      1.644      0.100

 S_HRZ_CO WITH
    I_HRZ_COL_        -1.500      0.825     -1.818      0.069

 P1       WITH
    V1                11.400     11.356      1.004      0.315

 P2       WITH
    V2                10.576      5.906      1.791      0.073

 P3       WITH
    V3                10.576      5.906      1.791      0.073

 P4       WITH
    V4                10.576      5.906      1.791      0.073

 Means
    P1                 0.000      0.000    999.000    999.000
    V1                 0.000      0.000    999.000    999.000
    I_BFAS_CO         61.972      0.536    115.703      0.000
    S_BFAS_CO          0.078      0.048      1.613      0.107
    I_HRZ_COL_        72.074      0.537    134.315      0.000
    S_HRZ_COL_         0.178      0.049      3.650      0.000

 Intercepts
    ABFAS_CO           0.000      0.000    999.000    999.000
    BBFAS_CO           0.000      0.000    999.000    999.000
    CBFAS_CO           0.000      0.000    999.000    999.000
    DBFAS_CO           0.000      0.000    999.000    999.000
    AHRZ_COL_D         0.000      0.000    999.000    999.000
    BHRZ_COL_D         0.000      0.000    999.000    999.000
    CHRZ_COL_D         0.000      0.000    999.000    999.000
    DHRZ_COL_D         0.000      0.000    999.000    999.000
    P2                 0.000      0.000    999.000    999.000
    P3                 0.000      0.000    999.000    999.000
    P4                 0.000      0.000    999.000    999.000
    V2                 0.000      0.000    999.000    999.000
    V3                 0.000      0.000    999.000    999.000
    V4                 0.000      0.000    999.000    999.000

 Variances
    P1                79.004     11.898      6.640      0.000
    V1               130.430     24.468      5.331      0.000
    I_BFAS_CO        193.472     14.746     13.120      0.000
    S_BFAS_CO          0.153      0.120      1.280      0.201
    I_HRZ_COL_       180.154     16.191     11.127      0.000
    S_HRZ_COL_         0.093      0.124      0.749      0.454

 Residual Variances
    ABFAS_CO           0.000      0.000    999.000    999.000
    BBFAS_CO           0.000      0.000    999.000    999.000
    CBFAS_CO           0.000      0.000    999.000    999.000
    DBFAS_CO           0.000      0.000    999.000    999.000
    AHRZ_COL_D         0.000      0.000    999.000    999.000
    BHRZ_COL_D         0.000      0.000    999.000    999.000
    CHRZ_COL_D         0.000      0.000    999.000    999.000
    DHRZ_COL_D         0.000      0.000    999.000    999.000
    P2                65.757      7.251      9.068      0.000
    P3                65.757      7.251      9.068      0.000
    P4                65.757      7.251      9.068      0.000
    V2               139.596     12.945     10.783      0.000
    V3               139.596     12.945     10.783      0.000
    V4               139.596     12.945     10.783      0.000

Group D3

 P1       BY
    ABFAS_CO           1.000      0.000    999.000    999.000

 P2       BY
    BBFAS_CO           1.000      0.000    999.000    999.000

 P3       BY
    CBFAS_CO           1.000      0.000    999.000    999.000

 P4       BY
    DBFAS_CO           1.000      0.000    999.000    999.000

 V1       BY
    AHRZ_COL_D         1.000      0.000    999.000    999.000

 V2       BY
    BHRZ_COL_D         1.000      0.000    999.000    999.000

 V3       BY
    CHRZ_COL_D         1.000      0.000    999.000    999.000

 V4       BY
    DHRZ_COL_D         1.000      0.000    999.000    999.000

 P4         ON
    P3                 0.188      0.114      1.646      0.100
    V3                 0.011      0.064      0.180      0.857

 P3         ON
    P2                 0.188      0.114      1.646      0.100
    V2                 0.011      0.064      0.180      0.857

 P2         ON
    P1                 0.188      0.114      1.646      0.100
    V1                 0.011      0.064      0.180      0.857

 V4         ON
    V3                 0.032      0.089      0.362      0.717
    P3                 0.120      0.094      1.279      0.201

 V3         ON
    V2                 0.032      0.089      0.362      0.717
    P2                 0.120      0.094      1.279      0.201

 V2         ON
    V1                 0.032      0.089      0.362      0.717
    P1                 0.120      0.094      1.279      0.201

 S_BFAS_C WITH
    I_BFAS_CO         -0.631      0.612     -1.031      0.303
    S_HRZ_COL_         0.028      0.096      0.288      0.773
    I_HRZ_COL_        -1.479      1.885     -0.785      0.433

 I_BFAS_C WITH
    S_HRZ_COL_         1.690      1.910      0.885      0.376
    I_HRZ_COL_        20.561     12.508      1.644      0.100

 S_HRZ_CO WITH
    I_HRZ_COL_        -1.500      0.825     -1.818      0.069

 P1       WITH
    V1                -8.661     13.977     -0.620      0.535

 P2       WITH
    V2                13.887      5.885      2.360      0.018

 P3       WITH
    V3                13.887      5.885      2.360      0.018

 P4       WITH
    V4                13.887      5.885      2.360      0.018

 Means
    P1                 0.000      0.000    999.000    999.000
    V1                 0.000      0.000    999.000    999.000
    I_BFAS_CO         61.972      0.536    115.703      0.000
    S_BFAS_CO          0.078      0.048      1.613      0.107
    I_HRZ_COL_        72.074      0.537    134.315      0.000
    S_HRZ_COL_         0.178      0.049      3.650      0.000

 Intercepts
    ABFAS_CO           0.000      0.000    999.000    999.000
    BBFAS_CO           0.000      0.000    999.000    999.000
    CBFAS_CO           0.000      0.000    999.000    999.000
    DBFAS_CO           0.000      0.000    999.000    999.000
    AHRZ_COL_D         0.000      0.000    999.000    999.000
    BHRZ_COL_D         0.000      0.000    999.000    999.000
    CHRZ_COL_D         0.000      0.000    999.000    999.000
    DHRZ_COL_D         0.000      0.000    999.000    999.000
    P2                 0.000      0.000    999.000    999.000
    P3                 0.000      0.000    999.000    999.000
    P4                 0.000      0.000    999.000    999.000
    V2                 0.000      0.000    999.000    999.000
    V3                 0.000      0.000    999.000    999.000
    V4                 0.000      0.000    999.000    999.000

 Variances
    P1                64.502     10.435      6.181      0.000
    V1               106.150     22.936      4.628      0.000
    I_BFAS_CO        193.472     14.746     13.120      0.000
    S_BFAS_CO          0.153      0.120      1.280      0.201
    I_HRZ_COL_       180.154     16.191     11.127      0.000
    S_HRZ_COL_         0.093      0.124      0.749      0.454

 Residual Variances
    ABFAS_CO           0.000      0.000    999.000    999.000
    BBFAS_CO           0.000      0.000    999.000    999.000
    CBFAS_CO           0.000      0.000    999.000    999.000
    DBFAS_CO           0.000      0.000    999.000    999.000
    AHRZ_COL_D         0.000      0.000    999.000    999.000
    BHRZ_COL_D         0.000      0.000    999.000    999.000
    CHRZ_COL_D         0.000      0.000    999.000    999.000
    DHRZ_COL_D         0.000      0.000    999.000    999.000
    P2                60.008      7.536      7.963      0.000
    P3                60.008      7.536      7.963      0.000
    P4                60.008      7.536      7.963      0.000
    V2                98.585     12.097      8.149      0.000
    V3                98.585     12.097      8.149      0.000
    V4                98.585     12.097      8.149      0.000

Group D4

 P1       BY
    ABFAS_CO           1.000      0.000    999.000    999.000

 P2       BY
    BBFAS_CO           1.000      0.000    999.000    999.000

 P3       BY
    CBFAS_CO           1.000      0.000    999.000    999.000

 P4       BY
    DBFAS_CO           1.000      0.000    999.000    999.000

 V1       BY
    AHRZ_COL_D         1.000      0.000    999.000    999.000

 V2       BY
    BHRZ_COL_D         1.000      0.000    999.000    999.000

 V3       BY
    CHRZ_COL_D         1.000      0.000    999.000    999.000

 V4       BY
    DHRZ_COL_D         1.000      0.000    999.000    999.000

 P4         ON
    P3                 0.200      0.136      1.470      0.141
    V3                 0.143      0.057      2.520      0.012

 P3         ON
    P2                 0.200      0.136      1.470      0.141
    V2                 0.143      0.057      2.520      0.012

 P2         ON
    P1                 0.200      0.136      1.470      0.141
    V1                 0.143      0.057      2.520      0.012

 V4         ON
    V3                 0.091      0.100      0.905      0.365
    P3                 0.232      0.135      1.726      0.084

 V3         ON
    V2                 0.091      0.100      0.905      0.365
    P2                 0.232      0.135      1.726      0.084

 V2         ON
    V1                 0.091      0.100      0.905      0.365
    P1                 0.232      0.135      1.726      0.084

 S_BFAS_C WITH
    I_BFAS_CO         -0.631      0.612     -1.031      0.303
    S_HRZ_COL_         0.028      0.096      0.288      0.773
    I_HRZ_COL_        -1.479      1.885     -0.785      0.433

 I_BFAS_C WITH
    S_HRZ_COL_         1.690      1.910      0.885      0.376
    I_HRZ_COL_        20.561     12.508      1.644      0.100

 S_HRZ_CO WITH
    I_HRZ_COL_        -1.500      0.825     -1.818      0.069

 P1       WITH
    V1                -6.386      8.237     -0.775      0.438

 P2       WITH
    V2                10.840      5.596      1.937      0.053

 P3       WITH
    V3                10.840      5.596      1.937      0.053

 P4       WITH
    V4                10.840      5.596      1.937      0.053

 Means
    P1                 0.000      0.000    999.000    999.000
    V1                 0.000      0.000    999.000    999.000
    I_BFAS_CO         61.972      0.536    115.703      0.000
    S_BFAS_CO          0.078      0.048      1.613      0.107
    I_HRZ_COL_        72.074      0.537    134.315      0.000
    S_HRZ_COL_         0.178      0.049      3.650      0.000

 Intercepts
    ABFAS_CO           0.000      0.000    999.000    999.000
    BBFAS_CO           0.000      0.000    999.000    999.000
    CBFAS_CO           0.000      0.000    999.000    999.000
    DBFAS_CO           0.000      0.000    999.000    999.000
    AHRZ_COL_D         0.000      0.000    999.000    999.000
    BHRZ_COL_D         0.000      0.000    999.000    999.000
    CHRZ_COL_D         0.000      0.000    999.000    999.000
    DHRZ_COL_D         0.000      0.000    999.000    999.000
    P2                 0.000      0.000    999.000    999.000
    P3                 0.000      0.000    999.000    999.000
    P4                 0.000      0.000    999.000    999.000
    V2                 0.000      0.000    999.000    999.000
    V3                 0.000      0.000    999.000    999.000
    V4                 0.000      0.000    999.000    999.000

 Variances
    P1                44.972      7.343      6.125      0.000
    V1               101.799     13.659      7.453      0.000
    I_BFAS_CO        193.472     14.746     13.120      0.000
    S_BFAS_CO          0.153      0.120      1.280      0.201
    I_HRZ_COL_       180.154     16.191     11.127      0.000
    S_HRZ_COL_         0.093      0.124      0.749      0.454

 Residual Variances
    ABFAS_CO           0.000      0.000    999.000    999.000
    BBFAS_CO           0.000      0.000    999.000    999.000
    CBFAS_CO           0.000      0.000    999.000    999.000
    DBFAS_CO           0.000      0.000    999.000    999.000
    AHRZ_COL_D         0.000      0.000    999.000    999.000
    BHRZ_COL_D         0.000      0.000    999.000    999.000
    CHRZ_COL_D         0.000      0.000    999.000    999.000
    DHRZ_COL_D         0.000      0.000    999.000    999.000
    P2                49.631      7.001      7.089      0.000
    P3                49.631      7.001      7.089      0.000
    P4                49.631      7.001      7.089      0.000
    V2                88.055      9.957      8.843      0.000
    V3                88.055      9.957      8.843      0.000
    V4                88.055      9.957      8.843      0.000

Group D5

 P1       BY
    ABFAS_CO           1.000      0.000    999.000    999.000

 P2       BY
    BBFAS_CO           1.000      0.000    999.000    999.000

 P3       BY
    CBFAS_CO           1.000      0.000    999.000    999.000

 P4       BY
    DBFAS_CO           1.000      0.000    999.000    999.000

 V1       BY
    AHRZ_COL_D         1.000      0.000    999.000    999.000

 V2       BY
    BHRZ_COL_D         1.000      0.000    999.000    999.000

 V3       BY
    CHRZ_COL_D         1.000      0.000    999.000    999.000

 V4       BY
    DHRZ_COL_D         1.000      0.000    999.000    999.000

 P4         ON
    P3                 0.066      0.094      0.704      0.482
    V3                 0.037      0.089      0.416      0.677

 P3         ON
    P2                 0.066      0.094      0.704      0.482
    V2                 0.037      0.089      0.416      0.677

 P2         ON
    P1                 0.066      0.094      0.704      0.482
    V1                 0.037      0.089      0.416      0.677

 V4         ON
    V3                 0.449      0.196      2.286      0.022
    P3                 0.100      0.139      0.717      0.473

 V3         ON
    V2                 0.449      0.196      2.286      0.022
    P2                 0.100      0.139      0.717      0.473

 V2         ON
    V1                 0.449      0.196      2.286      0.022
    P1                 0.100      0.139      0.717      0.473

 S_BFAS_C WITH
    I_BFAS_CO         -0.631      0.612     -1.031      0.303
    S_HRZ_COL_         0.028      0.096      0.288      0.773
    I_HRZ_COL_        -1.479      1.885     -0.785      0.433

 I_BFAS_C WITH
    S_HRZ_COL_         1.690      1.910      0.885      0.376
    I_HRZ_COL_        20.561     12.508      1.644      0.100

 S_HRZ_CO WITH
    I_HRZ_COL_        -1.500      0.825     -1.818      0.069

 P1       WITH
    V1                 9.374     11.252      0.833      0.405

 P2       WITH
    V2                -6.637      6.928     -0.958      0.338

 P3       WITH
    V3                -6.637      6.928     -0.958      0.338

 P4       WITH
    V4                -6.637      6.928     -0.958      0.338

 Means
    P1                 0.000      0.000    999.000    999.000
    V1                 0.000      0.000    999.000    999.000
    I_BFAS_CO         61.972      0.536    115.703      0.000
    S_BFAS_CO          0.078      0.048      1.613      0.107
    I_HRZ_COL_        72.074      0.537    134.315      0.000
    S_HRZ_COL_         0.178      0.049      3.650      0.000

 Intercepts
    ABFAS_CO           0.000      0.000    999.000    999.000
    BBFAS_CO           0.000      0.000    999.000    999.000
    CBFAS_CO           0.000      0.000    999.000    999.000
    DBFAS_CO           0.000      0.000    999.000    999.000
    AHRZ_COL_D         0.000      0.000    999.000    999.000
    BHRZ_COL_D         0.000      0.000    999.000    999.000
    CHRZ_COL_D         0.000      0.000    999.000    999.000
    DHRZ_COL_D         0.000      0.000    999.000    999.000
    P2                 0.000      0.000    999.000    999.000
    P3                 0.000      0.000    999.000    999.000
    P4                 0.000      0.000    999.000    999.000
    V2                 0.000      0.000    999.000    999.000
    V3                 0.000      0.000    999.000    999.000
    V4                 0.000      0.000    999.000    999.000

 Variances
    P1                58.372     10.243      5.699      0.000
    V1                98.885     23.862      4.144      0.000
    I_BFAS_CO        193.472     14.746     13.120      0.000
    S_BFAS_CO          0.153      0.120      1.280      0.201
    I_HRZ_COL_       180.154     16.191     11.127      0.000
    S_HRZ_COL_         0.093      0.124      0.749      0.454

 Residual Variances
    ABFAS_CO           0.000      0.000    999.000    999.000
    BBFAS_CO           0.000      0.000    999.000    999.000
    CBFAS_CO           0.000      0.000    999.000    999.000
    DBFAS_CO           0.000      0.000    999.000    999.000
    AHRZ_COL_D         0.000      0.000    999.000    999.000
    BHRZ_COL_D         0.000      0.000    999.000    999.000
    CHRZ_COL_D         0.000      0.000    999.000    999.000
    DHRZ_COL_D         0.000      0.000    999.000    999.000
    P2                41.080      6.743      6.092      0.000
    P3                41.080      6.743      6.092      0.000
    P4                41.080      6.743      6.092      0.000
    V2               104.690     18.122      5.777      0.000
    V3               104.690     18.122      5.777      0.000
    V4               104.690     18.122      5.777      0.000


QUALITY OF NUMERICAL RESULTS

     Condition Number for the Information Matrix              0.199E-04
       (ratio of smallest to largest eigenvalue)


     Beginning Time:  17:28:34
        Ending Time:  17:28:55
       Elapsed Time:  00:00:21



MUTHEN & MUTHEN
3463 Stoner Ave.
Los Angeles, CA  90066

Tel: (310) 391-9971
Fax: (310) 391-8971
Web: www.StatModel.com
Support: Support@StatModel.com

Copyright (c) 1998-2017 Muthen & Muthen
