Mplus VERSION 8 (Linux)
MUTHEN & MUTHEN
07/08/2018   5:21 PM

INPUT INSTRUCTIONS


  title: PxVx Bivariate LCM-SR - decadegroup - Linear bfas_ap with Linear mvi;
  data: file = /home/jflournoy/code_new/lnt_pxvx/Data/lnt_nat_recalc.tsv;

  variable:
  names =
  subjid
  aage
  aaspfin
  aaspfin_d
  abfa_mt
  abfa_mt_d
  abfas_ac
  abfas_ap
  abfas_ci
  abfas_co
  abfas_ea
  abfas_ee
  abfas_nv
  abfas_nv9
  abfas_nw
  abfas_oi
  abfas_oo
  abfi_a
  abfi_a6
  abfi_c
  abfi_d_scale
  abfi_e
  abfi_hp8
  abfi_n
  abfi_o
  abfi_s_scale
  ahrz_col
  ahrz_col_d
  ahrz_ind
  ahrz_ind_d
  amvi
  ausi
  ausi_d
  avrt_col
  avrt_col_d
  avrt_ind
  avrt_ind_d
  bage
  baspfin
  baspfin_d
  bbfa_mt
  bbfa_mt_d
  bbfas_ac
  bbfas_ap
  bbfas_ci
  bbfas_co
  bbfas_ea
  bbfas_ee
  bbfas_nv
  bbfas_nv9
  bbfas_nw
  bbfas_oi
  bbfas_oo
  bbfi_a
  bbfi_a6
  bbfi_c
  bbfi_d_scale
  bbfi_e
  bbfi_hp8
  bbfi_n
  bbfi_o
  bbfi_s_scale
  bhrz_col
  bhrz_col_d
  bhrz_ind
  bhrz_ind_d
  bmvi
  busi
  busi_d
  bvrt_col
  bvrt_col_d
  bvrt_ind
  bvrt_ind_d
  cage
  caspfin
  caspfin_d
  cbfa_mt
  cbfa_mt_d
  cbfas_ac
  cbfas_ap
  cbfas_ci
  cbfas_co
  cbfas_ea
  cbfas_ee
  cbfas_nv
  cbfas_nv9
  cbfas_nw
  cbfas_oi
  cbfas_oo
  cbfi_a
  cbfi_a6
  cbfi_c
  cbfi_d_scale
  cbfi_e
  cbfi_hp8
  cbfi_n
  cbfi_o
  cbfi_s_scale
  chrz_col
  chrz_col_d
  chrz_ind
  chrz_ind_d
  cmvi
  cusi
  cusi_d
  cvrt_col
  cvrt_col_d
  cvrt_ind
  cvrt_ind_d
  dage
  daspfin
  daspfin_d
  dbfa_mt
  dbfa_mt_d
  dbfas_ac
  dbfas_ap
  dbfas_ci
  dbfas_co
  dbfas_ea
  dbfas_ee
  dbfas_nv
  dbfas_nv9
  dbfas_nw
  dbfas_oi
  dbfas_oo
  dbfi_a
  dbfi_a6
  dbfi_c
  dbfi_d_scale
  dbfi_e
  dbfi_hp8
  dbfi_n
  dbfi_o
  dbfi_s_scale
  dhrz_col
  dhrz_col_d
  dhrz_ind
  dhrz_ind_d
  dmvi
  dusi
  dusi_d
  dvrt_col
  dvrt_col_d
  dvrt_ind
  dvrt_ind_d;

  USEVARIABLES =
  abfas_ap
  bbfas_ap
  cbfas_ap
  dbfas_ap
  amvi
  bmvi
  cmvi
  dmvi
  a1
  a2
  a3
  a4
  aagegrp
  ;

  missing = all (-9999);

  tscores = a1 a2 a3 a4;

  grouping = aagegrp (0=d2, 1=d3, 2=d4, 3=d5);

  DEFINE:

  aagegrp = aage;

  cut aagegrp (29 39 49);

  a1 = aage + 0 - 36;
  a2 = aage + 1 - 36;
  a3 = aage + 2 - 36;
  a4 = aage + 3 - 36;

  ANALYSIS:
  TYPE=RANDOM;
  PROCESSORS = 6;
  model=nocovariances; ! supresses default estimation of certain covs in model;

  MODEL:

  i_bfas_ap s_bfas_ap | abfas_ap bbfas_ap cbfas_ap dbfas_ap AT a1 a2 a3 a4;
  i_mvi s_mvi | amvi bmvi cmvi dmvi AT a1 a2 a3 a4;

  ! freeing factor covs because of "nocovariances"
  ! But ensure they are constrained across groups
  s_bfas_ap WITH i_bfas_ap (p)
  s_mvi (q)
  i_mvi (r);
  i_bfas_ap WITH s_mvi (s)
  i_mvi (t);
  s_mvi WITH i_mvi (u);

  !constrain latent growth means across groups
  [i_bfas_ap] (v);
  [s_bfas_ap] (w);
  [i_mvi] (x);
  [s_mvi] (y);

  !constrain latent growth variances across groups
  i_bfas_ap (l);
  s_bfas_ap (m);
  i_mvi (n);
  s_mvi (o);

  p1 BY abfas_ap@1; ! Residual "factors";
  p2 BY bbfas_ap@1;
  p3 BY cbfas_ap@1;
  p4 BY dbfas_ap@1;

  v1 BY amvi@1; ! Residual "factors";
  v2 BY bmvi@1;
  v3 BY cmvi@1;
  v4 BY dmvi@1;

  !residual variances on observed/manifest vars set to 0
  abfas_ap@0;
  bbfas_ap@0;
  cbfas_ap@0;
  dbfas_ap@0;

  !residual variances on observed/manifest vars set to 0
  amvi@0;
  bmvi@0;
  cmvi@0;
  dmvi@0;

  ! means of observed/manifest vars set to 0
  [abfas_ap@0];
  [bbfas_ap@0];
  [cbfas_ap@0];
  [dbfas_ap@0];

  ! means of observed/manifest vars set to 0
  [amvi@0];
  [bmvi@0];
  [cmvi@0];
  [dmvi@0];

  [p1@0]; ! means of residual "factors" set to 0
  [p2@0];
  [p3@0];
  [p4@0];

  [v1@0]; ! means of residual "factors" set to 0
  [v2@0];
  [v3@0];
  [v4@0];

  p4 on p3 (a); ! Autoregressive paths constrained to equality
  p3 on p2 (a);
  p2 on p1 (a);

  v4 on v3 (b); ! Autoregressive paths constrained to equality
  v3 on v2 (b);
  v2 on v1 (b);

  p4 on v3 (c); ! Cross-lagged paths constrained to equality
  p3 on v2 (c);
  p2 on v1 (c);

  v4 on p3 (d); ! Cross-lagged paths constrained to equality
  v3 on p2 (d);
  v2 on p1 (d);

  p1 with v1; !(this one is not like the others)

  p2 with v2 (e); ! Within-wave correlations constrained to equality
  p3 with v3 (e);
  p4 with v4 (e);

  p2 p3 p4 (f); ! estimate variances of residual "factors"
  v2 v3 v4 (g); ! estimate variances of residual "factors"

  MODEL d2:

  p4 on p3 (a2); ! Autoregressive paths constrained to equality
  p3 on p2 (a2);
  p2 on p1 (a2);

  v4 on v3 (b2); ! Autoregressive paths constrained to equality
  v3 on v2 (b2);
  v2 on v1 (b2);

  p4 on v3 (c2); ! Cross-lagged paths constrained to equality
  p3 on v2 (c2);
  p2 on v1 (c2);

  v4 on p3 (d2); ! Cross-lagged paths constrained to equality
  v3 on p2 (d2);
  v2 on p1 (d2);

  p1 with v1; !(this one is not like the others)

  p2 with v2 (e2); ! Within-wave correlations constrained to equality
  p3 with v3 (e2);
  p4 with v4 (e2);

  p2 p3 p4 (f2); ! estimate variances of residual "factors"
  v2 v3 v4 (g2); ! estimate variances of residual "factors"

  MODEL d3:

  p4 on p3 (a3); ! Autoregressive paths constrained to equality
  p3 on p2 (a3);
  p2 on p1 (a3);

  v4 on v3 (b3); ! Autoregressive paths constrained to equality
  v3 on v2 (b3);
  v2 on v1 (b3);

  p4 on v3 (c3); ! Cross-lagged paths constrained to equality
  p3 on v2 (c3);
  p2 on v1 (c3);

  v4 on p3 (d3); ! Cross-lagged paths constrained to equality
  v3 on p2 (d3);
  v2 on p1 (d3);

  p1 with v1; !(this one is not like the others)

  p2 with v2 (e3); ! Within-wave correlations constrained to equality
  p3 with v3 (e3);
  p4 with v4 (e3);

  p2 p3 p4 (f3); ! estimate variances of residual "factors"
  v2 v3 v4 (g3); ! estimate variances of residual "factors"

  MODEL d4:

  p4 on p3 (a4); ! Autoregressive paths constrained to equality
  p3 on p2 (a4);
  p2 on p1 (a4);

  v4 on v3 (b4); ! Autoregressive paths constrained to equality
  v3 on v2 (b4);
  v2 on v1 (b4);

  p4 on v3 (c4); ! Cross-lagged paths constrained to equality
  p3 on v2 (c4);
  p2 on v1 (c4);

  v4 on p3 (d4); ! Cross-lagged paths constrained to equality
  v3 on p2 (d4);
  v2 on p1 (d4);

  p1 with v1; !(this one is not like the others)

  p2 with v2 (e4); ! Within-wave correlations constrained to equality
  p3 with v3 (e4);
  p4 with v4 (e4);

  p2 p3 p4 (f4); ! estimate variances of residual "factors"
  v2 v3 v4 (g4); ! estimate variances of residual "factors"

  MODEL d5:

  p4 on p3 (a5); ! Autoregressive paths constrained to equality
  p3 on p2 (a5);
  p2 on p1 (a5);

  v4 on v3 (b5); ! Autoregressive paths constrained to equality
  v3 on v2 (b5);
  v2 on v1 (b5);

  p4 on v3 (c5); ! Cross-lagged paths constrained to equality
  p3 on v2 (c5);
  p2 on v1 (c5);

  v4 on p3 (d5); ! Cross-lagged paths constrained to equality
  v3 on p2 (d5);
  v2 on p1 (d5);

  p1 with v1; !(this one is not like the others)

  p2 with v2 (e5); ! Within-wave correlations constrained to equality
  p3 with v3 (e5);
  p4 with v4 (e5);

  p2 p3 p4 (f5); ! estimate variances of residual "factors"
  v2 v3 v4 (g5); ! estimate variances of residual "factors"

  OUTPUT: SAMPSTAT PATTERNS;



*** WARNING
  Data set contains unknown or missing values for GROUPING,
  PATTERN, COHORT, CLUSTER and/or STRATIFICATION variables.
  Number of cases with unknown or missing values:  5
   1 WARNING(S) FOUND IN THE INPUT INSTRUCTIONS



PxVx Bivariate LCM-SR - decadegroup - Linear bfas_ap with Linear mvi;

SUMMARY OF ANALYSIS

Number of groups                                                 4
Number of observations
   Group D2                                                    301
   Group D3                                                    233
   Group D4                                                    198
   Group D5                                                    132
   Total sample size                                           864

Number of dependent variables                                    8
Number of independent variables                                  0
Number of continuous latent variables                           12

Observed dependent variables

  Continuous
   ABFAS_AP    BBFAS_AP    CBFAS_AP    DBFAS_AP    AMVI        BMVI
   CMVI        DMVI

Continuous latent variables
   P1          P2          P3          P4          V1          V2
   V3          V4          I_BFAS_A    S_BFAS_A    I_MVI       S_MVI

Variables with special functions

  Grouping variable     AAGEGRP

  Time scores
   A1          A2          A3          A4


Estimator                                                      MLR
Information matrix                                        OBSERVED
Maximum number of iterations                                   100
Convergence criterion                                    0.100D-05
Maximum number of EM iterations                                500
Convergence criteria for the EM algorithm
  Loglikelihood change                                   0.100D-02
  Relative loglikelihood change                          0.100D-05
  Derivative                                             0.100D-03
Minimum variance                                         0.100D-03
Maximum number of steepest descent iterations                   20
Maximum number of iterations for H1                           2000
Convergence criterion for H1                             0.100D-03
Optimization algorithm                                         EMA

Input data file(s)
  /home/jflournoy/code_new/lnt_pxvx/Data/lnt_nat_recalc.tsv
Input data format  FREE


SUMMARY OF DATA

   Group D2
     Number of missing data patterns            10

   Group D3
     Number of missing data patterns            11

   Group D4
     Number of missing data patterns            11

   Group D5
     Number of missing data patterns             9


SUMMARY OF MISSING DATA PATTERNS


     MISSING DATA PATTERNS (x = not missing) FOR D2

           1  2  3  4  5  6  7  8  9 10
 ABFAS_AP  x  x  x  x  x  x  x  x  x
 BBFAS_AP  x     x  x  x     x        x
 CBFAS_AP  x           x        x  x  x
 DBFAS_AP  x     x        x        x  x
 AMVI      x  x  x  x  x  x     x  x  x
 BMVI      x     x  x  x     x        x
 CMVI      x           x        x  x  x
 DMVI      x     x        x        x  x


     MISSING DATA PATTERN FREQUENCIES FOR D2

    Pattern   Frequency     Pattern   Frequency     Pattern   Frequency
          1         188           5          15           9           6
          2          57           6          11          10           1
          3           6           7           1
          4          11           8           5


     MISSING DATA PATTERNS (x = not missing) FOR D3

           1  2  3  4  5  6  7  8  9 10 11
 ABFAS_AP  x  x  x  x  x  x  x  x     x  x
 BBFAS_AP  x     x  x  x           x  x
 CBFAS_AP  x           x     x  x  x
 DBFAS_AP  x     x        x     x  x     x
 AMVI      x  x  x  x  x  x  x  x  x  x  x
 BMVI      x     x  x  x           x
 CMVI      x           x     x  x  x
 DMVI      x     x        x     x  x


     MISSING DATA PATTERN FREQUENCIES FOR D3

    Pattern   Frequency     Pattern   Frequency     Pattern   Frequency
          1         139           5           7           9           1
          2          44           6           3          10           1
          3           8           7           7          11           1
          4          15           8           7


     MISSING DATA PATTERNS (x = not missing) FOR D4

           1  2  3  4  5  6  7  8  9 10 11
 ABFAS_AP  x  x  x  x  x  x  x  x  x  x  x
 BBFAS_AP  x     x  x  x           x  x
 CBFAS_AP  x           x     x  x     x
 DBFAS_AP  x     x        x     x     x
 AMVI      x  x  x  x  x  x  x  x  x  x
 BMVI      x     x  x  x
 CMVI      x           x     x  x     x
 DMVI      x     x        x     x     x


     MISSING DATA PATTERN FREQUENCIES FOR D4

    Pattern   Frequency     Pattern   Frequency     Pattern   Frequency
          1         105           5          15           9           2
          2          39           6           4          10           1
          3           8           7           6          11           1
          4          12           8           5


     MISSING DATA PATTERNS (x = not missing) FOR D5

           1  2  3  4  5  6  7  8  9
 ABFAS_AP  x  x  x  x  x  x  x  x
 BBFAS_AP  x     x  x  x           x
 CBFAS_AP  x           x     x  x  x
 DBFAS_AP  x     x        x     x  x
 AMVI      x  x  x  x  x  x  x  x  x
 BMVI      x     x  x  x           x
 CMVI      x           x     x  x  x
 DMVI      x     x        x     x  x


     MISSING DATA PATTERN FREQUENCIES FOR D5

    Pattern   Frequency     Pattern   Frequency     Pattern   Frequency
          1          60           4          10           7           6
          2          29           5          11           8           4
          3           5           6           6           9           1


COVARIANCE COVERAGE OF DATA

Minimum covariance coverage value   0.100


     PROPORTION OF DATA PRESENT FOR D2


           Covariance Coverage
              ABFAS_AP      BBFAS_AP      CBFAS_AP      DBFAS_AP      AMVI
              ________      ________      ________      ________      ________
 ABFAS_AP       0.997
 BBFAS_AP       0.734         0.738
 CBFAS_AP       0.711         0.678         0.714
 DBFAS_AP       0.701         0.648         0.648         0.704
 AMVI           0.993         0.734         0.714         0.704         0.997
 BMVI           0.734         0.738         0.678         0.648         0.734
 CMVI           0.711         0.678         0.714         0.648         0.714
 DMVI           0.701         0.648         0.648         0.704         0.704


           Covariance Coverage
              BMVI          CMVI          DMVI
              ________      ________      ________
 BMVI           0.738
 CMVI           0.678         0.714
 DMVI           0.648         0.648         0.704


     PROPORTION OF DATA PRESENT FOR D3


           Covariance Coverage
              ABFAS_AP      BBFAS_AP      CBFAS_AP      DBFAS_AP      AMVI
              ________      ________      ________      ________      ________
 ABFAS_AP       0.996
 BBFAS_AP       0.760         0.764
 CBFAS_AP       0.661         0.631         0.665
 DBFAS_AP       0.648         0.635         0.605         0.652
 AMVI           0.966         0.734         0.665         0.652         0.970
 BMVI           0.755         0.760         0.631         0.635         0.730
 CMVI           0.661         0.631         0.665         0.605         0.665
 DMVI           0.648         0.635         0.605         0.652         0.652


           Covariance Coverage
              BMVI          CMVI          DMVI
              ________      ________      ________
 BMVI           0.760
 CMVI           0.631         0.665
 DMVI           0.635         0.605         0.652


     PROPORTION OF DATA PRESENT FOR D4


           Covariance Coverage
              ABFAS_AP      BBFAS_AP      CBFAS_AP      DBFAS_AP      AMVI
              ________      ________      ________      ________      ________
 ABFAS_AP       0.995
 BBFAS_AP       0.742         0.747
 CBFAS_AP       0.641         0.611         0.646
 DBFAS_AP       0.601         0.576         0.545         0.606
 AMVI           0.965         0.717         0.646         0.606         0.970
 BMVI           0.737         0.742         0.611         0.576         0.712
 CMVI           0.641         0.611         0.646         0.545         0.646
 DMVI           0.601         0.576         0.545         0.606         0.606


           Covariance Coverage
              BMVI          CMVI          DMVI
              ________      ________      ________
 BMVI           0.742
 CMVI           0.611         0.646
 DMVI           0.576         0.545         0.606


     PROPORTION OF DATA PRESENT FOR D5


           Covariance Coverage
              ABFAS_AP      BBFAS_AP      CBFAS_AP      DBFAS_AP      AMVI
              ________      ________      ________      ________      ________
 ABFAS_AP       1.000
 BBFAS_AP       0.697         0.697
 CBFAS_AP       0.576         0.538         0.576
 DBFAS_AP       0.545         0.492         0.462         0.545
 AMVI           0.955         0.652         0.576         0.545         0.955
 BMVI           0.697         0.697         0.538         0.492         0.652
 CMVI           0.576         0.538         0.576         0.462         0.576
 DMVI           0.545         0.492         0.462         0.545         0.545


           Covariance Coverage
              BMVI          CMVI          DMVI
              ________      ________      ________
 BMVI           0.697
 CMVI           0.538         0.576
 DMVI           0.492         0.462         0.545


SAMPLE STATISTICS


     ESTIMATED SAMPLE STATISTICS FOR D2


           Means
              ABFAS_AP      BBFAS_AP      CBFAS_AP      DBFAS_AP      AMVI
              ________      ________      ________      ________      ________
               66.045        65.778        67.408        67.828        63.771


           Means
              BMVI          CMVI          DMVI
              ________      ________      ________
               62.587        63.270        62.738


           Covariances
              ABFAS_AP      BBFAS_AP      CBFAS_AP      DBFAS_AP      AMVI
              ________      ________      ________      ________      ________
 ABFAS_AP     269.271
 BBFAS_AP     207.789       259.464
 CBFAS_AP     178.524       198.425       238.946
 DBFAS_AP     173.584       182.794       193.313       230.896
 AMVI          44.785        43.144        38.800        35.632        64.032
 BMVI          49.648        58.112        54.481        49.307        50.848
 CMVI          34.369        39.932        46.180        45.193        48.375
 DMVI          35.944        38.949        39.902        41.779        42.138


           Covariances
              BMVI          CMVI          DMVI
              ________      ________      ________
 BMVI          68.706
 CMVI          58.063        80.411
 DMVI          50.256        56.959        63.438


           Correlations
              ABFAS_AP      BBFAS_AP      CBFAS_AP      DBFAS_AP      AMVI
              ________      ________      ________      ________      ________
 ABFAS_AP       1.000
 BBFAS_AP       0.786         1.000
 CBFAS_AP       0.704         0.797         1.000
 DBFAS_AP       0.696         0.747         0.823         1.000
 AMVI           0.341         0.335         0.314         0.293         1.000
 BMVI           0.365         0.435         0.425         0.391         0.767
 CMVI           0.234         0.276         0.333         0.332         0.674
 DMVI           0.275         0.304         0.324         0.345         0.661


           Correlations
              BMVI          CMVI          DMVI
              ________      ________      ________
 BMVI           1.000
 CMVI           0.781         1.000
 DMVI           0.761         0.797         1.000


     ESTIMATED SAMPLE STATISTICS FOR D3


           Means
              ABFAS_AP      BBFAS_AP      CBFAS_AP      DBFAS_AP      AMVI
              ________      ________      ________      ________      ________
               70.304        71.855        71.187        71.541        64.232


           Means
              BMVI          CMVI          DMVI
              ________      ________      ________
               63.687        64.098        63.984


           Covariances
              ABFAS_AP      BBFAS_AP      CBFAS_AP      DBFAS_AP      AMVI
              ________      ________      ________      ________      ________
 ABFAS_AP     249.307
 BBFAS_AP     205.086       265.073
 CBFAS_AP     195.022       205.054       252.881
 DBFAS_AP     194.580       200.901       210.965       260.547
 AMVI          41.521        42.474        36.996        36.934        65.308
 BMVI          30.351        34.809        30.046        25.066        48.888
 CMVI          34.865        29.988        31.838        27.217        51.395
 DMVI          29.741        32.226        30.234        31.607        47.115


           Covariances
              BMVI          CMVI          DMVI
              ________      ________      ________
 BMVI          57.926
 CMVI          49.615        69.945
 DMVI          47.037        49.964        62.345


           Correlations
              ABFAS_AP      BBFAS_AP      CBFAS_AP      DBFAS_AP      AMVI
              ________      ________      ________      ________      ________
 ABFAS_AP       1.000
 BBFAS_AP       0.798         1.000
 CBFAS_AP       0.777         0.792         1.000
 DBFAS_AP       0.763         0.764         0.822         1.000
 AMVI           0.325         0.323         0.288         0.283         1.000
 BMVI           0.253         0.281         0.248         0.204         0.795
 CMVI           0.264         0.220         0.239         0.202         0.760
 DMVI           0.239         0.251         0.241         0.248         0.738


           Correlations
              BMVI          CMVI          DMVI
              ________      ________      ________
 BMVI           1.000
 CMVI           0.779         1.000
 DMVI           0.783         0.757         1.000


     ESTIMATED SAMPLE STATISTICS FOR D4


           Means
              ABFAS_AP      BBFAS_AP      CBFAS_AP      DBFAS_AP      AMVI
              ________      ________      ________      ________      ________
               71.373        72.263        72.186        72.587        65.207


           Means
              BMVI          CMVI          DMVI
              ________      ________      ________
               65.510        64.505        64.899


           Covariances
              ABFAS_AP      BBFAS_AP      CBFAS_AP      DBFAS_AP      AMVI
              ________      ________      ________      ________      ________
 ABFAS_AP     237.077
 BBFAS_AP     176.638       219.536
 CBFAS_AP     193.907       188.346       239.816
 DBFAS_AP     191.620       182.508       201.410       234.730
 AMVI          29.829        23.587        17.961        22.943        55.900
 BMVI          32.064        35.873        30.468        30.706        41.137
 CMVI          24.759        27.605        24.372        27.572        40.800
 DMVI          34.807        34.726        30.758        37.639        39.886


           Covariances
              BMVI          CMVI          DMVI
              ________      ________      ________
 BMVI          52.612
 CMVI          40.998        51.348
 DMVI          40.486        41.944        49.424


           Correlations
              ABFAS_AP      BBFAS_AP      CBFAS_AP      DBFAS_AP      AMVI
              ________      ________      ________      ________      ________
 ABFAS_AP       1.000
 BBFAS_AP       0.774         1.000
 CBFAS_AP       0.813         0.821         1.000
 DBFAS_AP       0.812         0.804         0.849         1.000
 AMVI           0.259         0.213         0.155         0.200         1.000
 BMVI           0.287         0.334         0.271         0.276         0.759
 CMVI           0.224         0.260         0.220         0.251         0.762
 DMVI           0.322         0.333         0.283         0.349         0.759


           Correlations
              BMVI          CMVI          DMVI
              ________      ________      ________
 BMVI           1.000
 CMVI           0.789         1.000
 DMVI           0.794         0.833         1.000


     ESTIMATED SAMPLE STATISTICS FOR D5


           Means
              ABFAS_AP      BBFAS_AP      CBFAS_AP      DBFAS_AP      AMVI
              ________      ________      ________      ________      ________
               75.011        78.397        75.753        74.740        66.683


           Means
              BMVI          CMVI          DMVI
              ________      ________      ________
               67.106        66.991        66.429


           Covariances
              ABFAS_AP      BBFAS_AP      CBFAS_AP      DBFAS_AP      AMVI
              ________      ________      ________      ________      ________
 ABFAS_AP     260.564
 BBFAS_AP     148.614       162.651
 CBFAS_AP     176.585       118.889       201.475
 DBFAS_AP     201.970       151.006       164.473       229.451
 AMVI          50.145        45.030        45.951        63.425        66.635
 BMVI          39.871        39.700        45.505        60.399        50.530
 CMVI          45.687        50.762        50.710        73.264        43.192
 DMVI          40.933        40.564        32.566        58.491        49.366


           Covariances
              BMVI          CMVI          DMVI
              ________      ________      ________
 BMVI          58.851
 CMVI          45.620        57.234
 DMVI          48.019        46.203        58.266


           Correlations
              ABFAS_AP      BBFAS_AP      CBFAS_AP      DBFAS_AP      AMVI
              ________      ________      ________      ________      ________
 ABFAS_AP       1.000
 BBFAS_AP       0.722         1.000
 CBFAS_AP       0.771         0.657         1.000
 DBFAS_AP       0.826         0.782         0.765         1.000
 AMVI           0.381         0.433         0.397         0.513         1.000
 BMVI           0.322         0.406         0.418         0.520         0.807
 CMVI           0.374         0.526         0.472         0.639         0.699
 DMVI           0.332         0.417         0.301         0.506         0.792


           Correlations
              BMVI          CMVI          DMVI
              ________      ________      ________
 BMVI           1.000
 CMVI           0.786         1.000
 DMVI           0.820         0.800         1.000


     MAXIMUM LOG-LIKELIHOOD VALUE FOR THE UNRESTRICTED (H1) MODEL IS -18160.448


UNIVARIATE SAMPLE STATISTICS


     UNIVARIATE HIGHER-ORDER MOMENT DESCRIPTIVE STATISTICS FOR D2

         Variable/         Mean/     Skewness/   Minimum/ % with                Percentiles
        Sample Size      Variance    Kurtosis    Maximum  Min/Max      20%/60%    40%/80%    Median

     ABFAS_AP             66.040      -0.398       5.000    0.33%      52.500     62.500     67.500
             300.000     269.856       0.032     100.000    1.00%      72.500     80.000
     BBFAS_AP             66.083      -0.127      20.000    0.45%      52.500     62.500     65.000
             222.000     243.213      -0.526     100.000    0.90%      70.000     80.000
     CBFAS_AP             67.261      -0.275      22.500    0.47%      55.000     62.500     67.500
             215.000     234.842      -0.109     100.000    0.47%      72.500     80.000
     DBFAS_AP             68.325      -0.298      30.000    0.47%      57.500     65.000     70.000
             212.000     220.309      -0.389      97.500    0.94%      72.500     80.000
     AMVI                 63.781       0.026      39.062    0.33%      57.353     61.029     63.235
             300.000      64.132       0.128      86.765    0.33%      65.441     70.588
     BMVI                 62.699       0.015      41.912    0.45%      55.882     59.559     62.500
             222.000      66.807      -0.454      80.882    0.45%      63.971     70.588
     CMVI                 63.293      -0.063      33.088    0.47%      55.882     61.029     62.500
             215.000      79.579       0.245      86.765    0.47%      65.441     70.588
     DMVI                 63.000      -0.073      36.029    0.47%      56.618     61.029     63.235
             212.000      63.144       0.524      85.294    0.47%      64.706     69.118


     UNIVARIATE HIGHER-ORDER MOMENT DESCRIPTIVE STATISTICS FOR D3

         Variable/         Mean/     Skewness/   Minimum/ % with                Percentiles
        Sample Size      Variance    Kurtosis    Maximum  Min/Max      20%/60%    40%/80%    Median

     ABFAS_AP             70.356      -0.331      32.500    1.72%      57.500     67.500     70.000
             232.000     249.450      -0.507     100.000    0.43%      75.000     85.000
     BBFAS_AP             71.333      -0.501      25.000    0.58%      57.500     70.000     72.500
             171.000     273.686      -0.395     100.000    1.17%      77.500     87.500
     CBFAS_AP             70.785      -0.406      27.500    0.62%      55.000     67.500     72.500
             161.000     258.160      -0.436     100.000    1.86%      77.500     85.000
     DBFAS_AP             71.053      -0.399      32.500    0.63%      57.500     67.500     72.500
             159.000     264.102      -0.485     100.000    0.63%      75.000     85.000
     AMVI                 64.232      -0.060      32.353    0.43%      56.618     61.765     63.971
             233.000      65.308       0.444      86.029    0.43%      66.912     71.324
     BMVI                 63.443       0.007      40.441    0.59%      56.618     61.029     62.868
             170.000      60.193      -0.013      86.029    0.59%      65.441     69.853
     CMVI                 63.788       0.049      39.706    0.62%      56.618     61.029     63.235
             161.000      69.990      -0.097      87.500    0.62%      65.441     71.324
     DMVI                 63.920       0.081      42.647    0.63%      57.353     61.029     63.603
             158.000      62.185      -0.100      85.294    0.63%      65.441     71.324


     UNIVARIATE HIGHER-ORDER MOMENT DESCRIPTIVE STATISTICS FOR D4

         Variable/         Mean/     Skewness/   Minimum/ % with                Percentiles
        Sample Size      Variance    Kurtosis    Maximum  Min/Max      20%/60%    40%/80%    Median

     ABFAS_AP             71.373      -0.713      15.000    0.51%      57.500     70.000     72.500
             198.000     237.077       0.477     100.000    0.51%      75.000     85.000
     BBFAS_AP             71.442      -0.462      30.000    0.70%      57.500     67.500     72.500
             143.000     227.169      -0.255     100.000    2.10%      77.500     85.000
     CBFAS_AP             71.951      -0.962      15.000    0.76%      60.000     70.000     72.500
             132.000     249.935       1.243     100.000    1.52%      77.500     85.000
     DBFAS_AP             71.579      -0.705      17.500    0.81%      60.000     67.500     72.500
             123.000     242.974       0.608     100.000    0.81%      77.500     85.000
     AMVI                 65.223      -0.002      47.794    1.52%      58.824     63.235     65.441
             197.000      55.873      -0.325      82.812    0.51%      66.912     71.324
     BMVI                 65.398       0.236      49.265    0.71%      59.559     63.235     64.706
             140.000      52.404       0.150      88.235    0.71%      66.912     71.324
     CMVI                 64.509       0.114      44.853    0.76%      58.088     62.500     63.971
             132.000      52.452      -0.116      81.618    1.52%      65.441     69.853
     DMVI                 64.485       0.112      46.324    0.81%      58.824     62.500     63.971
             123.000      49.125      -0.337      83.088    0.81%      66.176     71.324


     UNIVARIATE HIGHER-ORDER MOMENT DESCRIPTIVE STATISTICS FOR D5

         Variable/         Mean/     Skewness/   Minimum/ % with                Percentiles
        Sample Size      Variance    Kurtosis    Maximum  Min/Max      20%/60%    40%/80%    Median

     ABFAS_AP             74.918      -0.793      15.000    0.76%      62.500     72.500     77.500
             131.000     261.007       0.703     100.000    3.82%      80.000     87.500
     BBFAS_AP             79.562      -0.794      42.500    1.15%      70.000     80.000     80.556
              87.000     165.978       0.242     100.000    2.30%      82.500     90.000
     CBFAS_AP             76.951      -0.783      37.500    1.22%      65.000     75.000     80.000
              82.000     200.918      -0.040     100.000    1.22%      82.500     90.000
     DBFAS_AP             77.072      -1.023      30.000    1.32%      67.500     75.000     80.000
              76.000     200.886       1.057     100.000    2.63%      82.500     87.500
     AMVI                 66.683       0.214      43.382    0.76%      60.294     63.971     66.176
             132.000      66.635       0.397      92.647    0.76%      67.647     72.794
     BMVI                 67.492      -0.138      48.529    1.15%      60.294     65.441     67.647
              87.000      59.577      -0.604      82.353    1.15%      69.853     73.529
     CMVI                 67.726      -0.376      44.853    1.22%      60.294     66.176     67.647
              82.000      61.225       0.192      84.559    1.22%      69.853     75.000
     DMVI                 67.355      -0.200      44.118    1.32%      61.029     65.441     67.279
              76.000      56.142       0.278      83.088    2.63%      68.382     72.794


THE MODEL ESTIMATION TERMINATED NORMALLY



MODEL FIT INFORMATION

Number of Free Parameters                       54

Loglikelihood

          H0 Value                      -18256.303
          H0 Scaling Correction Factor      1.2855
            for MLR

Information Criteria

          Akaike (AIC)                   36620.605
          Bayesian (BIC)                 36877.730
          Sample-Size Adjusted BIC       36706.240
            (n* = (n + 2) / 24)



MODEL RESULTS

                                                    Two-Tailed
                    Estimate       S.E.  Est./S.E.    P-Value

Group D2

 P1       BY
    ABFAS_AP           1.000      0.000    999.000    999.000

 P2       BY
    BBFAS_AP           1.000      0.000    999.000    999.000

 P3       BY
    CBFAS_AP           1.000      0.000    999.000    999.000

 P4       BY
    DBFAS_AP           1.000      0.000    999.000    999.000

 V1       BY
    AMVI               1.000      0.000    999.000    999.000

 V2       BY
    BMVI               1.000      0.000    999.000    999.000

 V3       BY
    CMVI               1.000      0.000    999.000    999.000

 V4       BY
    DMVI               1.000      0.000    999.000    999.000

 P4         ON
    P3                 0.267      0.066      4.061      0.000
    V3                 0.203      0.139      1.459      0.145

 P3         ON
    P2                 0.267      0.066      4.061      0.000
    V2                 0.203      0.139      1.459      0.145

 P2         ON
    P1                 0.267      0.066      4.061      0.000
    V1                 0.203      0.139      1.459      0.145

 V4         ON
    V3                 0.267      0.111      2.410      0.016
    P3                 0.004      0.037      0.110      0.913

 V3         ON
    V2                 0.267      0.111      2.410      0.016
    P2                 0.004      0.037      0.110      0.913

 V2         ON
    V1                 0.267      0.111      2.410      0.016
    P1                 0.004      0.037      0.110      0.913

 S_BFAS_A WITH
    I_BFAS_AP         -0.162      0.579     -0.281      0.779
    S_MVI              0.017      0.038      0.443      0.658
    I_MVI             -0.028      0.858     -0.033      0.974

 I_BFAS_A WITH
    S_MVI             -0.007      0.859     -0.008      0.994
    I_MVI             34.188      5.203      6.571      0.000

 S_MVI    WITH
    I_MVI             -0.080      0.156     -0.515      0.607

 P1       WITH
    V1                 9.991      4.912      2.034      0.042

 P2       WITH
    V2                 6.686      2.273      2.941      0.003

 P3       WITH
    V3                 6.686      2.273      2.941      0.003

 P4       WITH
    V4                 6.686      2.273      2.941      0.003

 Means
    P1                 0.000      0.000    999.000    999.000
    V1                 0.000      0.000    999.000    999.000
    I_BFAS_AP         70.123      0.513    136.766      0.000
    S_BFAS_AP          0.273      0.044      6.163      0.000
    I_MVI             64.301      0.258    249.368      0.000
    S_MVI              0.079      0.023      3.431      0.001

 Intercepts
    ABFAS_AP           0.000      0.000    999.000    999.000
    BBFAS_AP           0.000      0.000    999.000    999.000
    CBFAS_AP           0.000      0.000    999.000    999.000
    DBFAS_AP           0.000      0.000    999.000    999.000
    AMVI               0.000      0.000    999.000    999.000
    BMVI               0.000      0.000    999.000    999.000
    CMVI               0.000      0.000    999.000    999.000
    DMVI               0.000      0.000    999.000    999.000
    P2                 0.000      0.000    999.000    999.000
    P3                 0.000      0.000    999.000    999.000
    P4                 0.000      0.000    999.000    999.000
    V2                 0.000      0.000    999.000    999.000
    V3                 0.000      0.000    999.000    999.000
    V4                 0.000      0.000    999.000    999.000

 Variances
    P1                95.015     13.077      7.266      0.000
    V1                23.861      3.294      7.244      0.000
    I_BFAS_AP        179.267     13.514     13.266      0.000
    S_BFAS_AP          0.048      0.111      0.432      0.665
    I_MVI             44.730      3.527     12.681      0.000
    S_MVI              0.014      0.025      0.542      0.588

 Residual Variances
    ABFAS_AP           0.000      0.000    999.000    999.000
    BBFAS_AP           0.000      0.000    999.000    999.000
    CBFAS_AP           0.000      0.000    999.000    999.000
    DBFAS_AP           0.000      0.000    999.000    999.000
    AMVI               0.000      0.000    999.000    999.000
    BMVI               0.000      0.000    999.000    999.000
    CMVI               0.000      0.000    999.000    999.000
    DMVI               0.000      0.000    999.000    999.000
    P2                60.132      5.476     10.982      0.000
    P3                60.132      5.476     10.982      0.000
    P4                60.132      5.476     10.982      0.000
    V2                19.823      2.699      7.344      0.000
    V3                19.823      2.699      7.344      0.000
    V4                19.823      2.699      7.344      0.000

Group D3

 P1       BY
    ABFAS_AP           1.000      0.000    999.000    999.000

 P2       BY
    BBFAS_AP           1.000      0.000    999.000    999.000

 P3       BY
    CBFAS_AP           1.000      0.000    999.000    999.000

 P4       BY
    DBFAS_AP           1.000      0.000    999.000    999.000

 V1       BY
    AMVI               1.000      0.000    999.000    999.000

 V2       BY
    BMVI               1.000      0.000    999.000    999.000

 V3       BY
    CMVI               1.000      0.000    999.000    999.000

 V4       BY
    DMVI               1.000      0.000    999.000    999.000

 P4         ON
    P3                 0.197      0.136      1.450      0.147
    V3                 0.031      0.156      0.201      0.841

 P3         ON
    P2                 0.197      0.136      1.450      0.147
    V2                 0.031      0.156      0.201      0.841

 P2         ON
    P1                 0.197      0.136      1.450      0.147
    V1                 0.031      0.156      0.201      0.841

 V4         ON
    V3                 0.070      0.111      0.627      0.531
    P3                -0.021      0.038     -0.556      0.578

 V3         ON
    V2                 0.070      0.111      0.627      0.531
    P2                -0.021      0.038     -0.556      0.578

 V2         ON
    V1                 0.070      0.111      0.627      0.531
    P1                -0.021      0.038     -0.556      0.578

 S_BFAS_A WITH
    I_BFAS_AP         -0.162      0.579     -0.281      0.779
    S_MVI              0.017      0.038      0.443      0.658
    I_MVI             -0.028      0.858     -0.033      0.974

 I_BFAS_A WITH
    S_MVI             -0.007      0.859     -0.008      0.994
    I_MVI             34.188      5.203      6.571      0.000

 S_MVI    WITH
    I_MVI             -0.080      0.156     -0.515      0.607

 P1       WITH
    V1                 1.991      4.789      0.416      0.678

 P2       WITH
    V2                 2.729      2.382      1.146      0.252

 P3       WITH
    V3                 2.729      2.382      1.146      0.252

 P4       WITH
    V4                 2.729      2.382      1.146      0.252

 Means
    P1                 0.000      0.000    999.000    999.000
    V1                 0.000      0.000    999.000    999.000
    I_BFAS_AP         70.123      0.513    136.766      0.000
    S_BFAS_AP          0.273      0.044      6.163      0.000
    I_MVI             64.301      0.258    249.368      0.000
    S_MVI              0.079      0.023      3.431      0.001

 Intercepts
    ABFAS_AP           0.000      0.000    999.000    999.000
    BBFAS_AP           0.000      0.000    999.000    999.000
    CBFAS_AP           0.000      0.000    999.000    999.000
    DBFAS_AP           0.000      0.000    999.000    999.000
    AMVI               0.000      0.000    999.000    999.000
    BMVI               0.000      0.000    999.000    999.000
    CMVI               0.000      0.000    999.000    999.000
    DMVI               0.000      0.000    999.000    999.000
    P2                 0.000      0.000    999.000    999.000
    P3                 0.000      0.000    999.000    999.000
    P4                 0.000      0.000    999.000    999.000
    V2                 0.000      0.000    999.000    999.000
    V3                 0.000      0.000    999.000    999.000
    V4                 0.000      0.000    999.000    999.000

 Variances
    P1                57.939     10.083      5.746      0.000
    V1                16.038      3.148      5.095      0.000
    I_BFAS_AP        179.267     13.514     13.266      0.000
    S_BFAS_AP          0.048      0.111      0.432      0.665
    I_MVI             44.730      3.527     12.681      0.000
    S_MVI              0.014      0.025      0.542      0.588

 Residual Variances
    ABFAS_AP           0.000      0.000    999.000    999.000
    BBFAS_AP           0.000      0.000    999.000    999.000
    CBFAS_AP           0.000      0.000    999.000    999.000
    DBFAS_AP           0.000      0.000    999.000    999.000
    AMVI               0.000      0.000    999.000    999.000
    BMVI               0.000      0.000    999.000    999.000
    CMVI               0.000      0.000    999.000    999.000
    DMVI               0.000      0.000    999.000    999.000
    P2                62.070      9.973      6.224      0.000
    P3                62.070      9.973      6.224      0.000
    P4                62.070      9.973      6.224      0.000
    V2                15.206      2.216      6.860      0.000
    V3                15.206      2.216      6.860      0.000
    V4                15.206      2.216      6.860      0.000

Group D4

 P1       BY
    ABFAS_AP           1.000      0.000    999.000    999.000

 P2       BY
    BBFAS_AP           1.000      0.000    999.000    999.000

 P3       BY
    CBFAS_AP           1.000      0.000    999.000    999.000

 P4       BY
    DBFAS_AP           1.000      0.000    999.000    999.000

 V1       BY
    AMVI               1.000      0.000    999.000    999.000

 V2       BY
    BMVI               1.000      0.000    999.000    999.000

 V3       BY
    CMVI               1.000      0.000    999.000    999.000

 V4       BY
    DMVI               1.000      0.000    999.000    999.000

 P4         ON
    P3                -0.033      0.079     -0.415      0.678
    V3                 0.104      0.135      0.772      0.440

 P3         ON
    P2                -0.033      0.079     -0.415      0.678
    V2                 0.104      0.135      0.772      0.440

 P2         ON
    P1                -0.033      0.079     -0.415      0.678
    V1                 0.104      0.135      0.772      0.440

 V4         ON
    V3                 0.027      0.072      0.382      0.702
    P3                 0.014      0.035      0.382      0.703

 V3         ON
    V2                 0.027      0.072      0.382      0.702
    P2                 0.014      0.035      0.382      0.703

 V2         ON
    V1                 0.027      0.072      0.382      0.702
    P1                 0.014      0.035      0.382      0.703

 S_BFAS_A WITH
    I_BFAS_AP         -0.162      0.579     -0.281      0.779
    S_MVI              0.017      0.038      0.443      0.658
    I_MVI             -0.028      0.858     -0.033      0.974

 I_BFAS_A WITH
    S_MVI             -0.007      0.859     -0.008      0.994
    I_MVI             34.188      5.203      6.571      0.000

 S_MVI    WITH
    I_MVI             -0.080      0.156     -0.515      0.607

 P1       WITH
    V1                 6.892      2.993      2.302      0.021

 P2       WITH
    V2                 3.152      1.621      1.945      0.052

 P3       WITH
    V3                 3.152      1.621      1.945      0.052

 P4       WITH
    V4                 3.152      1.621      1.945      0.052

 Means
    P1                 0.000      0.000    999.000    999.000
    V1                 0.000      0.000    999.000    999.000
    I_BFAS_AP         70.123      0.513    136.766      0.000
    S_BFAS_AP          0.273      0.044      6.163      0.000
    I_MVI             64.301      0.258    249.368      0.000
    S_MVI              0.079      0.023      3.431      0.001

 Intercepts
    ABFAS_AP           0.000      0.000    999.000    999.000
    BBFAS_AP           0.000      0.000    999.000    999.000
    CBFAS_AP           0.000      0.000    999.000    999.000
    DBFAS_AP           0.000      0.000    999.000    999.000
    AMVI               0.000      0.000    999.000    999.000
    BMVI               0.000      0.000    999.000    999.000
    CMVI               0.000      0.000    999.000    999.000
    DMVI               0.000      0.000    999.000    999.000
    P2                 0.000      0.000    999.000    999.000
    P3                 0.000      0.000    999.000    999.000
    P4                 0.000      0.000    999.000    999.000
    V2                 0.000      0.000    999.000    999.000
    V3                 0.000      0.000    999.000    999.000
    V4                 0.000      0.000    999.000    999.000

 Variances
    P1                53.758      9.508      5.654      0.000
    V1                15.619      2.473      6.316      0.000
    I_BFAS_AP        179.267     13.514     13.266      0.000
    S_BFAS_AP          0.048      0.111      0.432      0.665
    I_MVI             44.730      3.527     12.681      0.000
    S_MVI              0.014      0.025      0.542      0.588

 Residual Variances
    ABFAS_AP           0.000      0.000    999.000    999.000
    BBFAS_AP           0.000      0.000    999.000    999.000
    CBFAS_AP           0.000      0.000    999.000    999.000
    DBFAS_AP           0.000      0.000    999.000    999.000
    AMVI               0.000      0.000    999.000    999.000
    BMVI               0.000      0.000    999.000    999.000
    CMVI               0.000      0.000    999.000    999.000
    DMVI               0.000      0.000    999.000    999.000
    P2                39.887      4.809      8.294      0.000
    P3                39.887      4.809      8.294      0.000
    P4                39.887      4.809      8.294      0.000
    V2                10.577      1.212      8.724      0.000
    V3                10.577      1.212      8.724      0.000
    V4                10.577      1.212      8.724      0.000

Group D5

 P1       BY
    ABFAS_AP           1.000      0.000    999.000    999.000

 P2       BY
    BBFAS_AP           1.000      0.000    999.000    999.000

 P3       BY
    CBFAS_AP           1.000      0.000    999.000    999.000

 P4       BY
    DBFAS_AP           1.000      0.000    999.000    999.000

 V1       BY
    AMVI               1.000      0.000    999.000    999.000

 V2       BY
    BMVI               1.000      0.000    999.000    999.000

 V3       BY
    CMVI               1.000      0.000    999.000    999.000

 V4       BY
    DMVI               1.000      0.000    999.000    999.000

 P4         ON
    P3                -0.199      0.112     -1.774      0.076
    V3                 0.272      0.134      2.027      0.043

 P3         ON
    P2                -0.199      0.112     -1.774      0.076
    V2                 0.272      0.134      2.027      0.043

 P2         ON
    P1                -0.199      0.112     -1.774      0.076
    V1                 0.272      0.134      2.027      0.043

 V4         ON
    V3                 0.129      0.111      1.164      0.244
    P3                -0.041      0.053     -0.767      0.443

 V3         ON
    V2                 0.129      0.111      1.164      0.244
    P2                -0.041      0.053     -0.767      0.443

 V2         ON
    V1                 0.129      0.111      1.164      0.244
    P1                -0.041      0.053     -0.767      0.443

 S_BFAS_A WITH
    I_BFAS_AP         -0.162      0.579     -0.281      0.779
    S_MVI              0.017      0.038      0.443      0.658
    I_MVI             -0.028      0.858     -0.033      0.974

 I_BFAS_A WITH
    S_MVI             -0.007      0.859     -0.008      0.994
    I_MVI             34.188      5.203      6.571      0.000

 S_MVI    WITH
    I_MVI             -0.080      0.156     -0.515      0.607

 P1       WITH
    V1                 5.535      4.617      1.199      0.231

 P2       WITH
    V2                 0.046      2.062      0.022      0.982

 P3       WITH
    V3                 0.046      2.062      0.022      0.982

 P4       WITH
    V4                 0.046      2.062      0.022      0.982

 Means
    P1                 0.000      0.000    999.000    999.000
    V1                 0.000      0.000    999.000    999.000
    I_BFAS_AP         70.123      0.513    136.766      0.000
    S_BFAS_AP          0.273      0.044      6.163      0.000
    I_MVI             64.301      0.258    249.368      0.000
    S_MVI              0.079      0.023      3.431      0.001

 Intercepts
    ABFAS_AP           0.000      0.000    999.000    999.000
    BBFAS_AP           0.000      0.000    999.000    999.000
    CBFAS_AP           0.000      0.000    999.000    999.000
    DBFAS_AP           0.000      0.000    999.000    999.000
    AMVI               0.000      0.000    999.000    999.000
    BMVI               0.000      0.000    999.000    999.000
    CMVI               0.000      0.000    999.000    999.000
    DMVI               0.000      0.000    999.000    999.000
    P2                 0.000      0.000    999.000    999.000
    P3                 0.000      0.000    999.000    999.000
    P4                 0.000      0.000    999.000    999.000
    V2                 0.000      0.000    999.000    999.000
    V3                 0.000      0.000    999.000    999.000
    V4                 0.000      0.000    999.000    999.000

 Variances
    P1                61.951     13.722      4.515      0.000
    V1                18.398      5.192      3.544      0.000
    I_BFAS_AP        179.267     13.514     13.266      0.000
    S_BFAS_AP          0.048      0.111      0.432      0.665
    I_MVI             44.730      3.527     12.681      0.000
    S_MVI              0.014      0.025      0.542      0.588

 Residual Variances
    ABFAS_AP           0.000      0.000    999.000    999.000
    BBFAS_AP           0.000      0.000    999.000    999.000
    CBFAS_AP           0.000      0.000    999.000    999.000
    DBFAS_AP           0.000      0.000    999.000    999.000
    AMVI               0.000      0.000    999.000    999.000
    BMVI               0.000      0.000    999.000    999.000
    CMVI               0.000      0.000    999.000    999.000
    DMVI               0.000      0.000    999.000    999.000
    P2                44.359      8.009      5.539      0.000
    P3                44.359      8.009      5.539      0.000
    P4                44.359      8.009      5.539      0.000
    V2                12.149      1.423      8.537      0.000
    V3                12.149      1.423      8.537      0.000
    V4                12.149      1.423      8.537      0.000


QUALITY OF NUMERICAL RESULTS

     Condition Number for the Information Matrix              0.194E-06
       (ratio of smallest to largest eigenvalue)


     Beginning Time:  17:21:59
        Ending Time:  17:22:14
       Elapsed Time:  00:00:15



MUTHEN & MUTHEN
3463 Stoner Ave.
Los Angeles, CA  90066

Tel: (310) 391-9971
Fax: (310) 391-8971
Web: www.StatModel.com
Support: Support@StatModel.com

Copyright (c) 1998-2017 Muthen & Muthen
