Mplus VERSION 8 (Linux)
MUTHEN & MUTHEN
07/08/2018   6:06 PM

INPUT INSTRUCTIONS


  title: PxVx Bivariate LCM-SR - decadegroup - Linear bfi_a6 with Linear hrz_col_d;
  data: file = /home/jflournoy/code_new/lnt_pxvx/Data/lnt_nat_recalc.tsv;

  variable:
  names =
  subjid
  aage
  aaspfin
  aaspfin_d
  abfa_mt
  abfa_mt_d
  abfas_ac
  abfas_ap
  abfas_ci
  abfas_co
  abfas_ea
  abfas_ee
  abfas_nv
  abfas_nv9
  abfas_nw
  abfas_oi
  abfas_oo
  abfi_a
  abfi_a6
  abfi_c
  abfi_d_scale
  abfi_e
  abfi_hp8
  abfi_n
  abfi_o
  abfi_s_scale
  ahrz_col
  ahrz_col_d
  ahrz_ind
  ahrz_ind_d
  amvi
  ausi
  ausi_d
  avrt_col
  avrt_col_d
  avrt_ind
  avrt_ind_d
  bage
  baspfin
  baspfin_d
  bbfa_mt
  bbfa_mt_d
  bbfas_ac
  bbfas_ap
  bbfas_ci
  bbfas_co
  bbfas_ea
  bbfas_ee
  bbfas_nv
  bbfas_nv9
  bbfas_nw
  bbfas_oi
  bbfas_oo
  bbfi_a
  bbfi_a6
  bbfi_c
  bbfi_d_scale
  bbfi_e
  bbfi_hp8
  bbfi_n
  bbfi_o
  bbfi_s_scale
  bhrz_col
  bhrz_col_d
  bhrz_ind
  bhrz_ind_d
  bmvi
  busi
  busi_d
  bvrt_col
  bvrt_col_d
  bvrt_ind
  bvrt_ind_d
  cage
  caspfin
  caspfin_d
  cbfa_mt
  cbfa_mt_d
  cbfas_ac
  cbfas_ap
  cbfas_ci
  cbfas_co
  cbfas_ea
  cbfas_ee
  cbfas_nv
  cbfas_nv9
  cbfas_nw
  cbfas_oi
  cbfas_oo
  cbfi_a
  cbfi_a6
  cbfi_c
  cbfi_d_scale
  cbfi_e
  cbfi_hp8
  cbfi_n
  cbfi_o
  cbfi_s_scale
  chrz_col
  chrz_col_d
  chrz_ind
  chrz_ind_d
  cmvi
  cusi
  cusi_d
  cvrt_col
  cvrt_col_d
  cvrt_ind
  cvrt_ind_d
  dage
  daspfin
  daspfin_d
  dbfa_mt
  dbfa_mt_d
  dbfas_ac
  dbfas_ap
  dbfas_ci
  dbfas_co
  dbfas_ea
  dbfas_ee
  dbfas_nv
  dbfas_nv9
  dbfas_nw
  dbfas_oi
  dbfas_oo
  dbfi_a
  dbfi_a6
  dbfi_c
  dbfi_d_scale
  dbfi_e
  dbfi_hp8
  dbfi_n
  dbfi_o
  dbfi_s_scale
  dhrz_col
  dhrz_col_d
  dhrz_ind
  dhrz_ind_d
  dmvi
  dusi
  dusi_d
  dvrt_col
  dvrt_col_d
  dvrt_ind
  dvrt_ind_d;

  USEVARIABLES =
  abfi_a6
  bbfi_a6
  cbfi_a6
  dbfi_a6
  ahrz_col_d
  bhrz_col_d
  chrz_col_d
  dhrz_col_d
  a1
  a2
  a3
  a4
  aagegrp
  ;

  missing = all (-9999);

  tscores = a1 a2 a3 a4;

  grouping = aagegrp (0=d2, 1=d3, 2=d4, 3=d5);

  DEFINE:

  aagegrp = aage;

  cut aagegrp (29 39 49);

  a1 = aage + 0 - 36;
  a2 = aage + 1 - 36;
  a3 = aage + 2 - 36;
  a4 = aage + 3 - 36;

  ANALYSIS:
  TYPE=RANDOM;
  PROCESSORS = 6;
  model=nocovariances; ! supresses default estimation of certain covs in model;

  MODEL:

  i_bfi_a6 s_bfi_a6 | abfi_a6 bbfi_a6 cbfi_a6 dbfi_a6 AT a1 a2 a3 a4;
  i_hrz_col_d s_hrz_col_d | ahrz_col_d bhrz_col_d chrz_col_d dhrz_col_d AT a1 a2 a3 a4;

  ! freeing factor covs because of "nocovariances"
  ! But ensure they are constrained across groups
  s_bfi_a6 WITH i_bfi_a6 (p)
  s_hrz_col_d (q)
  i_hrz_col_d (r);
  i_bfi_a6 WITH s_hrz_col_d (s)
  i_hrz_col_d (t);
  s_hrz_col_d WITH i_hrz_col_d (u);

  !constrain latent growth means across groups
  [i_bfi_a6] (v);
  [s_bfi_a6] (w);
  [i_hrz_col_d] (x);
  [s_hrz_col_d] (y);

  !constrain latent growth variances across groups
  i_bfi_a6 (l);
  s_bfi_a6 (m);
  i_hrz_col_d (n);
  s_hrz_col_d (o);

  p1 BY abfi_a6@1; ! Residual "factors";
  p2 BY bbfi_a6@1;
  p3 BY cbfi_a6@1;
  p4 BY dbfi_a6@1;

  v1 BY ahrz_col_d@1; ! Residual "factors";
  v2 BY bhrz_col_d@1;
  v3 BY chrz_col_d@1;
  v4 BY dhrz_col_d@1;

  !residual variances on observed/manifest vars set to 0
  abfi_a6@0;
  bbfi_a6@0;
  cbfi_a6@0;
  dbfi_a6@0;

  !residual variances on observed/manifest vars set to 0
  ahrz_col_d@0;
  bhrz_col_d@0;
  chrz_col_d@0;
  dhrz_col_d@0;

  ! means of observed/manifest vars set to 0
  [abfi_a6@0];
  [bbfi_a6@0];
  [cbfi_a6@0];
  [dbfi_a6@0];

  ! means of observed/manifest vars set to 0
  [ahrz_col_d@0];
  [bhrz_col_d@0];
  [chrz_col_d@0];
  [dhrz_col_d@0];

  [p1@0]; ! means of residual "factors" set to 0
  [p2@0];
  [p3@0];
  [p4@0];

  [v1@0]; ! means of residual "factors" set to 0
  [v2@0];
  [v3@0];
  [v4@0];

  p4 on p3 (a); ! Autoregressive paths constrained to equality
  p3 on p2 (a);
  p2 on p1 (a);

  v4 on v3 (b); ! Autoregressive paths constrained to equality
  v3 on v2 (b);
  v2 on v1 (b);

  p4 on v3 (c); ! Cross-lagged paths constrained to equality
  p3 on v2 (c);
  p2 on v1 (c);

  v4 on p3 (d); ! Cross-lagged paths constrained to equality
  v3 on p2 (d);
  v2 on p1 (d);

  p1 with v1; !(this one is not like the others)

  p2 with v2 (e); ! Within-wave correlations constrained to equality
  p3 with v3 (e);
  p4 with v4 (e);

  p2 p3 p4 (f); ! estimate variances of residual "factors"
  v2 v3 v4 (g); ! estimate variances of residual "factors"

  MODEL d2:

  p4 on p3 (a2); ! Autoregressive paths constrained to equality
  p3 on p2 (a2);
  p2 on p1 (a2);

  v4 on v3 (b2); ! Autoregressive paths constrained to equality
  v3 on v2 (b2);
  v2 on v1 (b2);

  p4 on v3 (c2); ! Cross-lagged paths constrained to equality
  p3 on v2 (c2);
  p2 on v1 (c2);

  v4 on p3 (d2); ! Cross-lagged paths constrained to equality
  v3 on p2 (d2);
  v2 on p1 (d2);

  p1 with v1; !(this one is not like the others)

  p2 with v2 (e2); ! Within-wave correlations constrained to equality
  p3 with v3 (e2);
  p4 with v4 (e2);

  p2 p3 p4 (f2); ! estimate variances of residual "factors"
  v2 v3 v4 (g2); ! estimate variances of residual "factors"

  MODEL d3:

  p4 on p3 (a3); ! Autoregressive paths constrained to equality
  p3 on p2 (a3);
  p2 on p1 (a3);

  v4 on v3 (b3); ! Autoregressive paths constrained to equality
  v3 on v2 (b3);
  v2 on v1 (b3);

  p4 on v3 (c3); ! Cross-lagged paths constrained to equality
  p3 on v2 (c3);
  p2 on v1 (c3);

  v4 on p3 (d3); ! Cross-lagged paths constrained to equality
  v3 on p2 (d3);
  v2 on p1 (d3);

  p1 with v1; !(this one is not like the others)

  p2 with v2 (e3); ! Within-wave correlations constrained to equality
  p3 with v3 (e3);
  p4 with v4 (e3);

  p2 p3 p4 (f3); ! estimate variances of residual "factors"
  v2 v3 v4 (g3); ! estimate variances of residual "factors"

  MODEL d4:

  p4 on p3 (a4); ! Autoregressive paths constrained to equality
  p3 on p2 (a4);
  p2 on p1 (a4);

  v4 on v3 (b4); ! Autoregressive paths constrained to equality
  v3 on v2 (b4);
  v2 on v1 (b4);

  p4 on v3 (c4); ! Cross-lagged paths constrained to equality
  p3 on v2 (c4);
  p2 on v1 (c4);

  v4 on p3 (d4); ! Cross-lagged paths constrained to equality
  v3 on p2 (d4);
  v2 on p1 (d4);

  p1 with v1; !(this one is not like the others)

  p2 with v2 (e4); ! Within-wave correlations constrained to equality
  p3 with v3 (e4);
  p4 with v4 (e4);

  p2 p3 p4 (f4); ! estimate variances of residual "factors"
  v2 v3 v4 (g4); ! estimate variances of residual "factors"

  MODEL d5:

  p4 on p3 (a5); ! Autoregressive paths constrained to equality
  p3 on p2 (a5);
  p2 on p1 (a5);

  v4 on v3 (b5); ! Autoregressive paths constrained to equality
  v3 on v2 (b5);
  v2 on v1 (b5);

  p4 on v3 (c5); ! Cross-lagged paths constrained to equality
  p3 on v2 (c5);
  p2 on v1 (c5);

  v4 on p3 (d5); ! Cross-lagged paths constrained to equality
  v3 on p2 (d5);
  v2 on p1 (d5);

  p1 with v1; !(this one is not like the others)

  p2 with v2 (e5); ! Within-wave correlations constrained to equality
  p3 with v3 (e5);
  p4 with v4 (e5);

  p2 p3 p4 (f5); ! estimate variances of residual "factors"
  v2 v3 v4 (g5); ! estimate variances of residual "factors"

  OUTPUT: SAMPSTAT PATTERNS;



*** WARNING in VARIABLE command
  Note that only the first 8 characters of variable names are used in the output.
  Shorten variable names to avoid any confusion.
*** WARNING
  Data set contains unknown or missing values for GROUPING,
  PATTERN, COHORT, CLUSTER and/or STRATIFICATION variables.
  Number of cases with unknown or missing values:  5
   2 WARNING(S) FOUND IN THE INPUT INSTRUCTIONS



PxVx Bivariate LCM-SR - decadegroup - Linear bfi_a6 with Linear hrz_col_d;

SUMMARY OF ANALYSIS

Number of groups                                                 4
Number of observations
   Group D2                                                    301
   Group D3                                                    233
   Group D4                                                    198
   Group D5                                                    132
   Total sample size                                           864

Number of dependent variables                                    8
Number of independent variables                                  0
Number of continuous latent variables                           12

Observed dependent variables

  Continuous
   ABFI_A6     BBFI_A6     CBFI_A6     DBFI_A6     AHRZ_COL_D  BHRZ_COL_D
   CHRZ_COL_D  DHRZ_COL_D

Continuous latent variables
   P1          P2          P3          P4          V1          V2
   V3          V4          I_BFI_A6    S_BFI_A6    I_HRZ_CO    S_HRZ_CO

Variables with special functions

  Grouping variable     AAGEGRP

  Time scores
   A1          A2          A3          A4


Estimator                                                      MLR
Information matrix                                        OBSERVED
Maximum number of iterations                                   100
Convergence criterion                                    0.100D-05
Maximum number of EM iterations                                500
Convergence criteria for the EM algorithm
  Loglikelihood change                                   0.100D-02
  Relative loglikelihood change                          0.100D-05
  Derivative                                             0.100D-03
Minimum variance                                         0.100D-03
Maximum number of steepest descent iterations                   20
Maximum number of iterations for H1                           2000
Convergence criterion for H1                             0.100D-03
Optimization algorithm                                         EMA

Input data file(s)
  /home/jflournoy/code_new/lnt_pxvx/Data/lnt_nat_recalc.tsv
Input data format  FREE


SUMMARY OF DATA

   Group D2
     Number of missing data patterns            14

   Group D3
     Number of missing data patterns            11

   Group D4
     Number of missing data patterns            15

   Group D5
     Number of missing data patterns            10


SUMMARY OF MISSING DATA PATTERNS


     MISSING DATA PATTERNS (x = not missing) FOR D2

           1  2  3  4  5  6  7  8  9 10 11 12 13 14
 ABFI_A6   x  x  x  x  x  x  x  x  x  x  x  x  x  x
 BBFI_A6   x     x  x  x  x           x  x  x     x
 CBFI_A6   x        x     x     x  x  x  x  x  x
 DBFI_A6   x     x  x        x     x     x     x
 AHRZ_COL  x  x  x  x  x  x  x  x  x  x  x  x  x  x
 BHRZ_COL  x     x  x  x  x           x     x
 CHRZ_COL  x              x     x  x     x  x  x
 DHRZ_COL  x     x  x        x     x     x  x


     MISSING DATA PATTERN FREQUENCIES FOR D2

    Pattern   Frequency     Pattern   Frequency     Pattern   Frequency
          1         187           6          13          11           2
          2          57           7          11          12           1
          3           6           8           4          13           1
          4           1           9           5          14           1
          5          11          10           1


     MISSING DATA PATTERNS (x = not missing) FOR D3

           1  2  3  4  5  6  7  8  9 10 11
 ABFI_A6   x  x  x  x  x  x  x  x  x  x  x
 BBFI_A6   x     x  x  x           x  x
 CBFI_A6   x           x     x  x     x
 DBFI_A6   x     x        x     x     x  x
 AHRZ_COL  x  x  x  x  x  x  x  x  x  x  x
 BHRZ_COL  x     x  x  x              x
 CHRZ_COL  x           x     x  x     x
 DHRZ_COL  x     x        x     x


     MISSING DATA PATTERN FREQUENCIES FOR D3

    Pattern   Frequency     Pattern   Frequency     Pattern   Frequency
          1         140           5           6           9           1
          2          43           6           3          10           1
          3           8           7           7          11           2
          4          15           8           7


     MISSING DATA PATTERNS (x = not missing) FOR D4

           1  2  3  4  5  6  7  8  9 10 11 12 13 14 15
 ABFI_A6   x  x  x  x  x  x  x  x  x  x  x  x  x  x  x
 BBFI_A6   x     x  x  x  x           x     x     x
 CBFI_A6   x        x     x     x  x  x  x           x
 DBFI_A6   x     x  x        x     x  x  x        x
 AHRZ_COL  x  x  x  x  x  x  x  x  x  x  x  x     x  x
 BHRZ_COL  x     x  x  x  x
 CHRZ_COL  x              x     x  x  x  x
 DHRZ_COL  x     x  x        x     x  x           x


     MISSING DATA PATTERN FREQUENCIES FOR D4

    Pattern   Frequency     Pattern   Frequency     Pattern   Frequency
          1         104           6          15          11           1
          2          39           7           4          12           2
          3           7           8           4          13           1
          4           1           9           5          14           1
          5          12          10           1          15           1


     MISSING DATA PATTERNS (x = not missing) FOR D5

           1  2  3  4  5  6  7  8  9 10
 ABFI_A6   x  x  x  x  x  x  x  x     x
 BBFI_A6   x     x  x  x
 CBFI_A6   x           x     x  x     x
 DBFI_A6   x     x        x     x  x  x
 AHRZ_COL  x  x  x  x  x  x  x  x  x  x
 BHRZ_COL  x     x  x  x              x
 CHRZ_COL  x           x     x  x     x
 DHRZ_COL  x     x        x     x  x  x


     MISSING DATA PATTERN FREQUENCIES FOR D5

    Pattern   Frequency     Pattern   Frequency     Pattern   Frequency
          1          60           5          11           9           1
          2          29           6           5          10           1
          3           5           7           6
          4          10           8           4


COVARIANCE COVERAGE OF DATA

Minimum covariance coverage value   0.100


     PROPORTION OF DATA PRESENT FOR D2


           Covariance Coverage
              ABFI_A6       BBFI_A6       CBFI_A6       DBFI_A6       AHRZ_COL
              ________      ________      ________      ________      ________
 ABFI_A6        1.000
 BBFI_A6        0.741         0.741
 CBFI_A6        0.714         0.681         0.714
 DBFI_A6        0.708         0.651         0.651         0.708
 AHRZ_COL       1.000         0.741         0.714         0.708         1.000
 BHRZ_COL       0.731         0.731         0.674         0.645         0.731
 CHRZ_COL       0.708         0.674         0.708         0.648         0.708
 DHRZ_COL       0.708         0.654         0.651         0.704         0.708


           Covariance Coverage
              BHRZ_COL      CHRZ_COL      DHRZ_COL
              ________      ________      ________
 BHRZ_COL       0.731
 CHRZ_COL       0.668         0.708
 DHRZ_COL       0.648         0.648         0.708


     PROPORTION OF DATA PRESENT FOR D3


           Covariance Coverage
              ABFI_A6       BBFI_A6       CBFI_A6       DBFI_A6       AHRZ_COL
              ________      ________      ________      ________      ________
 ABFI_A6        1.000
 BBFI_A6        0.751         0.751
 CBFI_A6        0.725         0.691         0.725
 DBFI_A6        0.742         0.708         0.678         0.742
 AHRZ_COL       1.000         0.751         0.725         0.742         1.000
 BHRZ_COL       0.742         0.742         0.682         0.700         0.742
 CHRZ_COL       0.657         0.622         0.657         0.614         0.657
 DHRZ_COL       0.742         0.708         0.678         0.742         0.742


           Covariance Coverage
              BHRZ_COL      CHRZ_COL      DHRZ_COL
              ________      ________      ________
 BHRZ_COL       0.742
 CHRZ_COL       0.614         0.657
 DHRZ_COL       0.700         0.614         0.742


     PROPORTION OF DATA PRESENT FOR D4


           Covariance Coverage
              ABFI_A6       BBFI_A6       CBFI_A6       DBFI_A6       AHRZ_COL
              ________      ________      ________      ________      ________
 ABFI_A6        1.000
 BBFI_A6        0.732         0.732
 CBFI_A6        0.682         0.631         0.682
 DBFI_A6        0.626         0.576         0.571         0.626
 AHRZ_COL       1.000         0.732         0.682         0.626         1.000
 BHRZ_COL       0.722         0.722         0.626         0.571         0.722
 CHRZ_COL       0.672         0.621         0.672         0.566         0.672
 DHRZ_COL       0.626         0.581         0.571         0.616         0.626


           Covariance Coverage
              BHRZ_COL      CHRZ_COL      DHRZ_COL
              ________      ________      ________
 BHRZ_COL       0.722
 CHRZ_COL       0.616         0.672
 DHRZ_COL       0.576         0.566         0.626


     PROPORTION OF DATA PRESENT FOR D5


           Covariance Coverage
              ABFI_A6       BBFI_A6       CBFI_A6       DBFI_A6       AHRZ_COL
              ________      ________      ________      ________      ________
 ABFI_A6        1.000
 BBFI_A6        0.697         0.697
 CBFI_A6        0.614         0.576         0.614
 DBFI_A6        0.621         0.568         0.538         0.621
 AHRZ_COL       1.000         0.697         0.614         0.621         1.000
 BHRZ_COL       0.697         0.697         0.576         0.568         0.697
 CHRZ_COL       0.530         0.492         0.530         0.462         0.530
 DHRZ_COL       0.621         0.568         0.538         0.621         0.621


           Covariance Coverage
              BHRZ_COL      CHRZ_COL      DHRZ_COL
              ________      ________      ________
 BHRZ_COL       0.697
 CHRZ_COL       0.492         0.530
 DHRZ_COL       0.568         0.462         0.621


SAMPLE STATISTICS


     ESTIMATED SAMPLE STATISTICS FOR D2


           Means
              ABFI_A6       BBFI_A6       CBFI_A6       DBFI_A6       AHRZ_COL
              ________      ________      ________      ________      ________
               56.906        55.425        55.884        55.678        70.460


           Means
              BHRZ_COL      CHRZ_COL      DHRZ_COL
              ________      ________      ________
               69.060        68.881        68.085


           Covariances
              ABFI_A6       BBFI_A6       CBFI_A6       DBFI_A6       AHRZ_COL
              ________      ________      ________      ________      ________
 ABFI_A6      366.710
 BBFI_A6      276.133       351.942
 CBFI_A6      264.001       278.741       345.601
 DBFI_A6      252.847       274.570       297.475       389.224
 AHRZ_COL     158.065       123.978       122.359       138.360       328.222
 BHRZ_COL     136.467       117.948       103.810        96.522       211.510
 CHRZ_COL     181.059       179.388       177.683       177.536       204.722
 DHRZ_COL     136.192       110.669       117.001       134.791       217.389


           Covariances
              BHRZ_COL      CHRZ_COL      DHRZ_COL
              ________      ________      ________
 BHRZ_COL     333.570
 CHRZ_COL     222.497       365.415
 DHRZ_COL     221.452       252.721       367.799


           Correlations
              ABFI_A6       BBFI_A6       CBFI_A6       DBFI_A6       AHRZ_COL
              ________      ________      ________      ________      ________
 ABFI_A6        1.000
 BBFI_A6        0.769         1.000
 CBFI_A6        0.742         0.799         1.000
 DBFI_A6        0.669         0.742         0.811         1.000
 AHRZ_COL       0.456         0.365         0.363         0.387         1.000
 BHRZ_COL       0.390         0.344         0.306         0.268         0.639
 CHRZ_COL       0.495         0.500         0.500         0.471         0.591
 DHRZ_COL       0.371         0.308         0.328         0.356         0.626


           Correlations
              BHRZ_COL      CHRZ_COL      DHRZ_COL
              ________      ________      ________
 BHRZ_COL       1.000
 CHRZ_COL       0.637         1.000
 DHRZ_COL       0.632         0.689         1.000


     ESTIMATED SAMPLE STATISTICS FOR D3


           Means
              ABFI_A6       BBFI_A6       CBFI_A6       DBFI_A6       AHRZ_COL
              ________      ________      ________      ________      ________
               59.503        61.130        60.349        61.166        72.979


           Means
              BHRZ_COL      CHRZ_COL      DHRZ_COL
              ________      ________      ________
               72.962        73.677        73.572


           Covariances
              ABFI_A6       BBFI_A6       CBFI_A6       DBFI_A6       AHRZ_COL
              ________      ________      ________      ________      ________
 ABFI_A6      323.498
 BBFI_A6      243.076       311.040
 CBFI_A6      233.008       242.832       324.415
 DBFI_A6      223.797       242.292       237.748       300.599
 AHRZ_COL     156.392       154.788       152.883       111.014       292.844
 BHRZ_COL     137.441       162.713       146.206       113.307       208.961
 CHRZ_COL     129.249       146.629       143.524       139.080       203.313
 DHRZ_COL     130.020       135.114       131.638       116.538       184.578


           Covariances
              BHRZ_COL      CHRZ_COL      DHRZ_COL
              ________      ________      ________
 BHRZ_COL     317.655
 CHRZ_COL     232.720       328.516
 DHRZ_COL     221.273       208.256       294.206


           Correlations
              ABFI_A6       BBFI_A6       CBFI_A6       DBFI_A6       AHRZ_COL
              ________      ________      ________      ________      ________
 ABFI_A6        1.000
 BBFI_A6        0.766         1.000
 CBFI_A6        0.719         0.764         1.000
 DBFI_A6        0.718         0.792         0.761         1.000
 AHRZ_COL       0.508         0.513         0.496         0.374         1.000
 BHRZ_COL       0.429         0.518         0.455         0.367         0.685
 CHRZ_COL       0.396         0.459         0.440         0.443         0.655
 DHRZ_COL       0.421         0.447         0.426         0.392         0.629


           Correlations
              BHRZ_COL      CHRZ_COL      DHRZ_COL
              ________      ________      ________
 BHRZ_COL       1.000
 CHRZ_COL       0.720         1.000
 DHRZ_COL       0.724         0.670         1.000


     ESTIMATED SAMPLE STATISTICS FOR D4


           Means
              ABFI_A6       BBFI_A6       CBFI_A6       DBFI_A6       AHRZ_COL
              ________      ________      ________      ________      ________
               61.596        62.458        61.905        62.512        72.884


           Means
              BHRZ_COL      CHRZ_COL      DHRZ_COL
              ________      ________      ________
               71.711        72.947        71.683


           Covariances
              ABFI_A6       BBFI_A6       CBFI_A6       DBFI_A6       AHRZ_COL
              ________      ________      ________      ________      ________
 ABFI_A6      316.223
 BBFI_A6      271.228       338.207
 CBFI_A6      286.364       290.693       370.783
 DBFI_A6      261.537       263.740       301.591       330.608
 AHRZ_COL     119.791       104.238       119.922       110.718       257.487
 BHRZ_COL     104.795       133.108       143.013       133.508       160.936
 CHRZ_COL     104.141       112.992       128.879       129.192       154.100
 DHRZ_COL     121.514       103.831       121.440       122.018       154.184


           Covariances
              BHRZ_COL      CHRZ_COL      DHRZ_COL
              ________      ________      ________
 BHRZ_COL     248.498
 CHRZ_COL     163.006       228.568
 DHRZ_COL     160.705       158.364       249.933


           Correlations
              ABFI_A6       BBFI_A6       CBFI_A6       DBFI_A6       AHRZ_COL
              ________      ________      ________      ________      ________
 ABFI_A6        1.000
 BBFI_A6        0.829         1.000
 CBFI_A6        0.836         0.821         1.000
 DBFI_A6        0.809         0.789         0.861         1.000
 AHRZ_COL       0.420         0.353         0.388         0.379         1.000
 BHRZ_COL       0.374         0.459         0.471         0.466         0.636
 CHRZ_COL       0.387         0.406         0.443         0.470         0.635
 DHRZ_COL       0.432         0.357         0.399         0.424         0.608


           Correlations
              BHRZ_COL      CHRZ_COL      DHRZ_COL
              ________      ________      ________
 BHRZ_COL       1.000
 CHRZ_COL       0.684         1.000
 DHRZ_COL       0.645         0.663         1.000


     ESTIMATED SAMPLE STATISTICS FOR D5


           Means
              ABFI_A6       BBFI_A6       CBFI_A6       DBFI_A6       AHRZ_COL
              ________      ________      ________      ________      ________
               64.010        65.895        66.466        66.628        78.314


           Means
              BHRZ_COL      CHRZ_COL      DHRZ_COL
              ________      ________      ________
               75.179        74.807        74.488


           Covariances
              ABFI_A6       BBFI_A6       CBFI_A6       DBFI_A6       AHRZ_COL
              ________      ________      ________      ________      ________
 ABFI_A6      357.138
 BBFI_A6      263.922       355.181
 CBFI_A6      274.523       265.167       317.645
 DBFI_A6      234.716       245.261       263.527       315.053
 AHRZ_COL     107.934       102.824       108.593       107.705       230.624
 BHRZ_COL      97.854       101.812       101.354       103.921       201.648
 CHRZ_COL      63.079        74.948        87.594        92.710       157.673
 DHRZ_COL      95.703        89.810        91.627       113.863       164.222


           Covariances
              BHRZ_COL      CHRZ_COL      DHRZ_COL
              ________      ________      ________
 BHRZ_COL     286.248
 CHRZ_COL     205.939       269.699
 DHRZ_COL     201.167       201.466       294.973


           Correlations
              ABFI_A6       BBFI_A6       CBFI_A6       DBFI_A6       AHRZ_COL
              ________      ________      ________      ________      ________
 ABFI_A6        1.000
 BBFI_A6        0.741         1.000
 CBFI_A6        0.815         0.789         1.000
 DBFI_A6        0.700         0.733         0.833         1.000
 AHRZ_COL       0.376         0.359         0.401         0.400         1.000
 BHRZ_COL       0.306         0.319         0.336         0.346         0.785
 CHRZ_COL       0.203         0.242         0.299         0.318         0.632
 DHRZ_COL       0.295         0.277         0.299         0.374         0.630


           Correlations
              BHRZ_COL      CHRZ_COL      DHRZ_COL
              ________      ________      ________
 BHRZ_COL       1.000
 CHRZ_COL       0.741         1.000
 DHRZ_COL       0.692         0.714         1.000


     MAXIMUM LOG-LIKELIHOOD VALUE FOR THE UNRESTRICTED (H1) MODEL IS -20938.607


UNIVARIATE SAMPLE STATISTICS


     UNIVARIATE HIGHER-ORDER MOMENT DESCRIPTIVE STATISTICS FOR D2

         Variable/         Mean/     Skewness/   Minimum/ % with                Percentiles
        Sample Size      Variance    Kurtosis    Maximum  Min/Max      20%/60%    40%/80%    Median

     ABFI_A6              56.906      -0.118       0.000    0.33%      40.625     53.125     56.250
             301.000     366.710      -0.340     100.000    0.66%      62.500     75.000
     BBFI_A6              55.487      -0.292       3.125    0.45%      40.625     50.000     56.250
             223.000     345.312      -0.071     100.000    0.45%      62.500     71.875
     CBFI_A6              55.363      -0.172       6.250    0.47%      40.625     53.125     56.250
             215.000     344.917      -0.296      96.875    0.93%      59.375     71.875
     DBFI_A6              55.927      -0.177       3.125    0.47%      40.625     50.000     56.250
             213.000     383.277      -0.105     100.000    1.41%      59.375     71.875
     AHRZ_COL_D           70.460      -0.737       8.333    0.33%      58.333     66.667     75.000
             301.000     328.222       0.603     100.000    6.64%      75.000     83.333
     BHRZ_COL_D           69.508      -0.819      16.667    1.82%      58.333     66.667     75.000
             220.000     326.841       0.565     100.000    4.55%      75.000     83.333
     CHRZ_COL_D           68.818      -0.706       8.333    1.41%      58.333     66.667     75.000
             213.000     370.631       0.581     100.000    6.10%      75.000     83.333
     DHRZ_COL_D           68.545      -0.716       0.000    0.47%      50.000     66.667     75.000
             213.000     369.452       0.673     100.000    6.10%      75.000     83.333


     UNIVARIATE HIGHER-ORDER MOMENT DESCRIPTIVE STATISTICS FOR D3

         Variable/         Mean/     Skewness/   Minimum/ % with                Percentiles
        Sample Size      Variance    Kurtosis    Maximum  Min/Max      20%/60%    40%/80%    Median

     ABFI_A6              59.503      -0.222       3.125    0.43%      43.750     56.250     60.714
             233.000     323.498      -0.210     100.000    0.86%      65.625     75.000
     BBFI_A6              61.072      -0.479       9.375    1.17%      46.875     56.250     62.500
             171.000     315.485      -0.030      96.875    0.58%      65.625     78.125
     CBFI_A6              60.113      -0.250      12.500    0.62%      43.750     56.250     62.500
             161.000     319.720      -0.426     100.000    0.62%      65.625     75.000
     DBFI_A6              60.908      -0.499      12.500    0.62%      46.875     56.250     62.500
             161.000     305.114      -0.172      96.875    0.62%      68.750     75.000
     AHRZ_COL_D           72.979      -0.581      25.000    1.29%      58.333     75.000     75.000
             233.000     292.844      -0.001     100.000    8.15%      75.000     83.333
     BHRZ_COL_D           72.451      -0.674      16.667    1.18%      58.333     75.000     75.000
             170.000     312.743       0.242     100.000    7.06%      75.000     91.667
     CHRZ_COL_D           73.292      -0.616      16.667    0.62%      58.333     75.000     75.000
             161.000     323.601      -0.003     100.000    9.32%      75.000     91.667
     DHRZ_COL_D           73.049      -1.005       0.000    0.63%      66.667     66.667     75.000
             158.000     298.143       1.975     100.000    7.59%      75.000     83.333


     UNIVARIATE HIGHER-ORDER MOMENT DESCRIPTIVE STATISTICS FOR D4

         Variable/         Mean/     Skewness/   Minimum/ % with                Percentiles
        Sample Size      Variance    Kurtosis    Maximum  Min/Max      20%/60%    40%/80%    Median

     ABFI_A6              61.596      -0.371      12.500    0.51%      43.750     59.375     64.286
             198.000     316.223      -0.401      96.875    1.52%      68.750     78.125
     BBFI_A6              62.500      -0.342       3.125    0.70%      43.750     59.375     62.500
             143.000     356.011      -0.394      96.875    1.40%      68.750     78.125
     CBFI_A6              62.216      -0.422      12.500    0.76%      43.750     59.375     62.500
             132.000     374.860      -0.198     100.000    1.52%      68.750     78.125
     DBFI_A6              63.155      -0.583      12.500    0.81%      46.875     62.500     65.625
             124.000     356.961      -0.199     100.000    0.81%      68.750     78.125
     AHRZ_COL_D           72.906      -0.450      16.667    0.51%      58.333     75.000     75.000
             197.000     257.619       0.470     100.000   10.15%      75.000     83.333
     BHRZ_COL_D           70.923      -0.496      16.667    0.72%      58.333     66.667     75.000
             139.000     261.158       0.224     100.000    5.04%      75.000     83.333
     CHRZ_COL_D           73.077      -0.153      25.000    0.77%      58.333     66.667     75.000
             130.000     230.276      -0.240     100.000    7.69%      75.000     83.333
     DHRZ_COL_D           71.816      -0.512      25.000    1.63%      58.333     66.667     75.000
             123.000     247.878       0.275     100.000    4.88%      75.000     83.333


     UNIVARIATE HIGHER-ORDER MOMENT DESCRIPTIVE STATISTICS FOR D5

         Variable/         Mean/     Skewness/   Minimum/ % with                Percentiles
        Sample Size      Variance    Kurtosis    Maximum  Min/Max      20%/60%    40%/80%    Median

     ABFI_A6              64.170      -0.681       6.250    1.53%      46.875     62.500     65.625
             131.000     355.121       0.247     100.000    0.76%      71.875     78.125
     BBFI_A6              66.899      -0.889       3.125    1.16%      53.125     65.625     71.875
              86.000     368.066       0.602      96.875    1.16%      75.000     84.375
     CBFI_A6              67.950      -1.067       6.250    1.22%      53.125     65.625     71.875
              82.000     330.319       1.387      93.750    6.10%      75.000     81.250
     DBFI_A6              68.298      -0.902       9.375    1.32%      53.125     68.750     71.875
              76.000     311.653       0.638      96.875    3.95%      78.125     81.250
     AHRZ_COL_D           78.314      -0.627      41.667    3.79%      66.667     75.000     83.333
             132.000     230.624      -0.165     100.000   12.12%      83.333     91.667
     BHRZ_COL_D           75.718      -0.963      16.667    1.15%      66.667     75.000     75.000
              87.000     279.058       1.070     100.000    8.05%      83.333     91.667
     CHRZ_COL_D           74.695      -0.720      16.667    1.22%      58.333     75.000     75.000
              82.000     275.144       1.141     100.000   10.98%      75.000     91.667
     DHRZ_COL_D           75.987      -1.306       0.000    1.32%      66.667     75.000     75.000
              76.000     288.683       3.856     100.000   10.53%      83.333     91.667


THE MODEL ESTIMATION TERMINATED NORMALLY



MODEL FIT INFORMATION

Number of Free Parameters                       54

Loglikelihood

          H0 Value                      -21021.318
          H0 Scaling Correction Factor      1.3461
            for MLR

Information Criteria

          Akaike (AIC)                   42150.636
          Bayesian (BIC)                 42407.761
          Sample-Size Adjusted BIC       42236.271
            (n* = (n + 2) / 24)



MODEL RESULTS

                                                    Two-Tailed
                    Estimate       S.E.  Est./S.E.    P-Value

Group D2

 P1       BY
    ABFI_A6            1.000      0.000    999.000    999.000

 P2       BY
    BBFI_A6            1.000      0.000    999.000    999.000

 P3       BY
    CBFI_A6            1.000      0.000    999.000    999.000

 P4       BY
    DBFI_A6            1.000      0.000    999.000    999.000

 V1       BY
    AHRZ_COL_D         1.000      0.000    999.000    999.000

 V2       BY
    BHRZ_COL_D         1.000      0.000    999.000    999.000

 V3       BY
    CHRZ_COL_D         1.000      0.000    999.000    999.000

 V4       BY
    DHRZ_COL_D         1.000      0.000    999.000    999.000

 P4         ON
    P3                 0.281      0.099      2.855      0.004
    V3                 0.004      0.060      0.058      0.954

 P3         ON
    P2                 0.281      0.099      2.855      0.004
    V2                 0.004      0.060      0.058      0.954

 P2         ON
    P1                 0.281      0.099      2.855      0.004
    V1                 0.004      0.060      0.058      0.954

 V4         ON
    V3                 0.133      0.078      1.713      0.087
    P3                 0.153      0.091      1.685      0.092

 V3         ON
    V2                 0.133      0.078      1.713      0.087
    P2                 0.153      0.091      1.685      0.092

 V2         ON
    V1                 0.133      0.078      1.713      0.087
    P1                 0.153      0.091      1.685      0.092

 S_BFI_A6 WITH
    I_BFI_A6          -0.010      0.775     -0.013      0.990
    S_HRZ_COL_         0.030      0.124      0.245      0.807
    I_HRZ_COL_        -0.492      2.033     -0.242      0.809

 I_BFI_A6 WITH
    S_HRZ_COL_        -0.963      2.091     -0.460      0.645
    I_HRZ_COL_       120.800     14.851      8.134      0.000

 S_HRZ_CO WITH
    I_HRZ_COL_        -1.446      0.809     -1.788      0.074

 P1       WITH
    V1                24.506     17.336      1.414      0.157

 P2       WITH
    V2                14.283      7.940      1.799      0.072

 P3       WITH
    V3                14.283      7.940      1.799      0.072

 P4       WITH
    V4                14.283      7.940      1.799      0.072

 Means
    P1                 0.000      0.000    999.000    999.000
    V1                 0.000      0.000    999.000    999.000
    I_BFI_A6          59.701      0.597    100.003      0.000
    S_BFI_A6           0.277      0.055      4.991      0.000
    I_HRZ_COL_        72.061      0.536    134.331      0.000
    S_HRZ_COL_         0.182      0.049      3.720      0.000

 Intercepts
    ABFI_A6            0.000      0.000    999.000    999.000
    BBFI_A6            0.000      0.000    999.000    999.000
    CBFI_A6            0.000      0.000    999.000    999.000
    DBFI_A6            0.000      0.000    999.000    999.000
    AHRZ_COL_D         0.000      0.000    999.000    999.000
    BHRZ_COL_D         0.000      0.000    999.000    999.000
    CHRZ_COL_D         0.000      0.000    999.000    999.000
    DHRZ_COL_D         0.000      0.000    999.000    999.000
    P2                 0.000      0.000    999.000    999.000
    P3                 0.000      0.000    999.000    999.000
    P4                 0.000      0.000    999.000    999.000
    V2                 0.000      0.000    999.000    999.000
    V3                 0.000      0.000    999.000    999.000
    V4                 0.000      0.000    999.000    999.000

 Variances
    P1               126.865     22.462      5.648      0.000
    V1               129.291     22.223      5.818      0.000
    I_BFI_A6         246.687     19.218     12.836      0.000
    S_BFI_A6           0.068      0.158      0.431      0.667
    I_HRZ_COL_       181.464     16.627     10.914      0.000
    S_HRZ_COL_         0.081      0.125      0.650      0.516

 Residual Variances
    ABFI_A6            0.000      0.000    999.000    999.000
    BBFI_A6            0.000      0.000    999.000    999.000
    CBFI_A6            0.000      0.000    999.000    999.000
    DBFI_A6            0.000      0.000    999.000    999.000
    AHRZ_COL_D         0.000      0.000    999.000    999.000
    BHRZ_COL_D         0.000      0.000    999.000    999.000
    CHRZ_COL_D         0.000      0.000    999.000    999.000
    DHRZ_COL_D         0.000      0.000    999.000    999.000
    P2                94.850     10.547      8.993      0.000
    P3                94.850     10.547      8.993      0.000
    P4                94.850     10.547      8.993      0.000
    V2               139.674     12.788     10.922      0.000
    V3               139.674     12.788     10.922      0.000
    V4               139.674     12.788     10.922      0.000

Group D3

 P1       BY
    ABFI_A6            1.000      0.000    999.000    999.000

 P2       BY
    BBFI_A6            1.000      0.000    999.000    999.000

 P3       BY
    CBFI_A6            1.000      0.000    999.000    999.000

 P4       BY
    DBFI_A6            1.000      0.000    999.000    999.000

 V1       BY
    AHRZ_COL_D         1.000      0.000    999.000    999.000

 V2       BY
    BHRZ_COL_D         1.000      0.000    999.000    999.000

 V3       BY
    CHRZ_COL_D         1.000      0.000    999.000    999.000

 V4       BY
    DHRZ_COL_D         1.000      0.000    999.000    999.000

 P4         ON
    P3                 0.004      0.073      0.049      0.961
    V3                 0.130      0.057      2.297      0.022

 P3         ON
    P2                 0.004      0.073      0.049      0.961
    V2                 0.130      0.057      2.297      0.022

 P2         ON
    P1                 0.004      0.073      0.049      0.961
    V1                 0.130      0.057      2.297      0.022

 V4         ON
    V3                 0.039      0.094      0.411      0.681
    P3                 0.026      0.073      0.356      0.722

 V3         ON
    V2                 0.039      0.094      0.411      0.681
    P2                 0.026      0.073      0.356      0.722

 V2         ON
    V1                 0.039      0.094      0.411      0.681
    P1                 0.026      0.073      0.356      0.722

 S_BFI_A6 WITH
    I_BFI_A6          -0.010      0.775     -0.013      0.990
    S_HRZ_COL_         0.030      0.124      0.245      0.807
    I_HRZ_COL_        -0.492      2.033     -0.242      0.809

 I_BFI_A6 WITH
    S_HRZ_COL_        -0.963      2.091     -0.460      0.645
    I_HRZ_COL_       120.800     14.851      8.134      0.000

 S_HRZ_CO WITH
    I_HRZ_COL_        -1.446      0.809     -1.788      0.074

 P1       WITH
    V1                24.310     11.744      2.070      0.038

 P2       WITH
    V2                 9.572      6.753      1.417      0.156

 P3       WITH
    V3                 9.572      6.753      1.417      0.156

 P4       WITH
    V4                 9.572      6.753      1.417      0.156

 Means
    P1                 0.000      0.000    999.000    999.000
    V1                 0.000      0.000    999.000    999.000
    I_BFI_A6          59.701      0.597    100.003      0.000
    S_BFI_A6           0.277      0.055      4.991      0.000
    I_HRZ_COL_        72.061      0.536    134.331      0.000
    S_HRZ_COL_         0.182      0.049      3.720      0.000

 Intercepts
    ABFI_A6            0.000      0.000    999.000    999.000
    BBFI_A6            0.000      0.000    999.000    999.000
    CBFI_A6            0.000      0.000    999.000    999.000
    DBFI_A6            0.000      0.000    999.000    999.000
    AHRZ_COL_D         0.000      0.000    999.000    999.000
    BHRZ_COL_D         0.000      0.000    999.000    999.000
    CHRZ_COL_D         0.000      0.000    999.000    999.000
    DHRZ_COL_D         0.000      0.000    999.000    999.000
    P2                 0.000      0.000    999.000    999.000
    P3                 0.000      0.000    999.000    999.000
    P4                 0.000      0.000    999.000    999.000
    V2                 0.000      0.000    999.000    999.000
    V3                 0.000      0.000    999.000    999.000
    V4                 0.000      0.000    999.000    999.000

 Variances
    P1                95.973     12.165      7.889      0.000
    V1               106.658     22.631      4.713      0.000
    I_BFI_A6         246.687     19.218     12.836      0.000
    S_BFI_A6           0.068      0.158      0.431      0.667
    I_HRZ_COL_       181.464     16.627     10.914      0.000
    S_HRZ_COL_         0.081      0.125      0.650      0.516

 Residual Variances
    ABFI_A6            0.000      0.000    999.000    999.000
    BBFI_A6            0.000      0.000    999.000    999.000
    CBFI_A6            0.000      0.000    999.000    999.000
    DBFI_A6            0.000      0.000    999.000    999.000
    AHRZ_COL_D         0.000      0.000    999.000    999.000
    BHRZ_COL_D         0.000      0.000    999.000    999.000
    CHRZ_COL_D         0.000      0.000    999.000    999.000
    DHRZ_COL_D         0.000      0.000    999.000    999.000
    P2                71.285      7.742      9.207      0.000
    P3                71.285      7.742      9.207      0.000
    P4                71.285      7.742      9.207      0.000
    V2                99.738     12.921      7.719      0.000
    V3                99.738     12.921      7.719      0.000
    V4                99.738     12.921      7.719      0.000

Group D4

 P1       BY
    ABFI_A6            1.000      0.000    999.000    999.000

 P2       BY
    BBFI_A6            1.000      0.000    999.000    999.000

 P3       BY
    CBFI_A6            1.000      0.000    999.000    999.000

 P4       BY
    DBFI_A6            1.000      0.000    999.000    999.000

 V1       BY
    AHRZ_COL_D         1.000      0.000    999.000    999.000

 V2       BY
    BHRZ_COL_D         1.000      0.000    999.000    999.000

 V3       BY
    CHRZ_COL_D         1.000      0.000    999.000    999.000

 V4       BY
    DHRZ_COL_D         1.000      0.000    999.000    999.000

 P4         ON
    P3                 0.151      0.102      1.470      0.141
    V3                 0.050      0.076      0.651      0.515

 P3         ON
    P2                 0.151      0.102      1.470      0.141
    V2                 0.050      0.076      0.651      0.515

 P2         ON
    P1                 0.151      0.102      1.470      0.141
    V1                 0.050      0.076      0.651      0.515

 V4         ON
    V3                 0.058      0.097      0.602      0.547
    P3                -0.108      0.101     -1.073      0.283

 V3         ON
    V2                 0.058      0.097      0.602      0.547
    P2                -0.108      0.101     -1.073      0.283

 V2         ON
    V1                 0.058      0.097      0.602      0.547
    P1                -0.108      0.101     -1.073      0.283

 S_BFI_A6 WITH
    I_BFI_A6          -0.010      0.775     -0.013      0.990
    S_HRZ_COL_         0.030      0.124      0.245      0.807
    I_HRZ_COL_        -0.492      2.033     -0.242      0.809

 I_BFI_A6 WITH
    S_HRZ_COL_        -0.963      2.091     -0.460      0.645
    I_HRZ_COL_       120.800     14.851      8.134      0.000

 S_HRZ_CO WITH
    I_HRZ_COL_        -1.446      0.809     -1.788      0.074

 P1       WITH
    V1                19.283      8.546      2.256      0.024

 P2       WITH
    V2                 5.577      6.688      0.834      0.404

 P3       WITH
    V3                 5.577      6.688      0.834      0.404

 P4       WITH
    V4                 5.577      6.688      0.834      0.404

 Means
    P1                 0.000      0.000    999.000    999.000
    V1                 0.000      0.000    999.000    999.000
    I_BFI_A6          59.701      0.597    100.003      0.000
    S_BFI_A6           0.277      0.055      4.991      0.000
    I_HRZ_COL_        72.061      0.536    134.331      0.000
    S_HRZ_COL_         0.182      0.049      3.720      0.000

 Intercepts
    ABFI_A6            0.000      0.000    999.000    999.000
    BBFI_A6            0.000      0.000    999.000    999.000
    CBFI_A6            0.000      0.000    999.000    999.000
    DBFI_A6            0.000      0.000    999.000    999.000
    AHRZ_COL_D         0.000      0.000    999.000    999.000
    BHRZ_COL_D         0.000      0.000    999.000    999.000
    CHRZ_COL_D         0.000      0.000    999.000    999.000
    DHRZ_COL_D         0.000      0.000    999.000    999.000
    P2                 0.000      0.000    999.000    999.000
    P3                 0.000      0.000    999.000    999.000
    P4                 0.000      0.000    999.000    999.000
    V2                 0.000      0.000    999.000    999.000
    V3                 0.000      0.000    999.000    999.000
    V4                 0.000      0.000    999.000    999.000

 Variances
    P1                54.353      9.155      5.937      0.000
    V1               104.306     13.249      7.873      0.000
    I_BFI_A6         246.687     19.218     12.836      0.000
    S_BFI_A6           0.068      0.158      0.431      0.667
    I_HRZ_COL_       181.464     16.627     10.914      0.000
    S_HRZ_COL_         0.081      0.125      0.650      0.516

 Residual Variances
    ABFI_A6            0.000      0.000    999.000    999.000
    BBFI_A6            0.000      0.000    999.000    999.000
    CBFI_A6            0.000      0.000    999.000    999.000
    DBFI_A6            0.000      0.000    999.000    999.000
    AHRZ_COL_D         0.000      0.000    999.000    999.000
    BHRZ_COL_D         0.000      0.000    999.000    999.000
    CHRZ_COL_D         0.000      0.000    999.000    999.000
    DHRZ_COL_D         0.000      0.000    999.000    999.000
    P2                67.384     10.322      6.528      0.000
    P3                67.384     10.322      6.528      0.000
    P4                67.384     10.322      6.528      0.000
    V2                83.626      9.578      8.731      0.000
    V3                83.626      9.578      8.731      0.000
    V4                83.626      9.578      8.731      0.000

Group D5

 P1       BY
    ABFI_A6            1.000      0.000    999.000    999.000

 P2       BY
    BBFI_A6            1.000      0.000    999.000    999.000

 P3       BY
    CBFI_A6            1.000      0.000    999.000    999.000

 P4       BY
    DBFI_A6            1.000      0.000    999.000    999.000

 V1       BY
    AHRZ_COL_D         1.000      0.000    999.000    999.000

 V2       BY
    BHRZ_COL_D         1.000      0.000    999.000    999.000

 V3       BY
    CHRZ_COL_D         1.000      0.000    999.000    999.000

 V4       BY
    DHRZ_COL_D         1.000      0.000    999.000    999.000

 P4         ON
    P3                 0.078      0.175      0.446      0.656
    V3                 0.021      0.106      0.201      0.841

 P3         ON
    P2                 0.078      0.175      0.446      0.656
    V2                 0.021      0.106      0.201      0.841

 P2         ON
    P1                 0.078      0.175      0.446      0.656
    V1                 0.021      0.106      0.201      0.841

 V4         ON
    V3                 0.499      0.166      3.011      0.003
    P3                -0.067      0.152     -0.441      0.659

 V3         ON
    V2                 0.499      0.166      3.011      0.003
    P2                -0.067      0.152     -0.441      0.659

 V2         ON
    V1                 0.499      0.166      3.011      0.003
    P1                -0.067      0.152     -0.441      0.659

 S_BFI_A6 WITH
    I_BFI_A6          -0.010      0.775     -0.013      0.990
    S_HRZ_COL_         0.030      0.124      0.245      0.807
    I_HRZ_COL_        -0.492      2.033     -0.242      0.809

 I_BFI_A6 WITH
    S_HRZ_COL_        -0.963      2.091     -0.460      0.645
    I_HRZ_COL_       120.800     14.851      8.134      0.000

 S_HRZ_CO WITH
    I_HRZ_COL_        -1.446      0.809     -1.788      0.074

 P1       WITH
    V1                -0.810     17.200     -0.047      0.962

 P2       WITH
    V2                 6.936     11.956      0.580      0.562

 P3       WITH
    V3                 6.936     11.956      0.580      0.562

 P4       WITH
    V4                 6.936     11.956      0.580      0.562

 Means
    P1                 0.000      0.000    999.000    999.000
    V1                 0.000      0.000    999.000    999.000
    I_BFI_A6          59.701      0.597    100.003      0.000
    S_BFI_A6           0.277      0.055      4.991      0.000
    I_HRZ_COL_        72.061      0.536    134.331      0.000
    S_HRZ_COL_         0.182      0.049      3.720      0.000

 Intercepts
    ABFI_A6            0.000      0.000    999.000    999.000
    BBFI_A6            0.000      0.000    999.000    999.000
    CBFI_A6            0.000      0.000    999.000    999.000
    DBFI_A6            0.000      0.000    999.000    999.000
    AHRZ_COL_D         0.000      0.000    999.000    999.000
    BHRZ_COL_D         0.000      0.000    999.000    999.000
    CHRZ_COL_D         0.000      0.000    999.000    999.000
    DHRZ_COL_D         0.000      0.000    999.000    999.000
    P2                 0.000      0.000    999.000    999.000
    P3                 0.000      0.000    999.000    999.000
    P4                 0.000      0.000    999.000    999.000
    V2                 0.000      0.000    999.000    999.000
    V3                 0.000      0.000    999.000    999.000
    V4                 0.000      0.000    999.000    999.000

 Variances
    P1                99.749     20.746      4.808      0.000
    V1                87.048     22.298      3.904      0.000
    I_BFI_A6         246.687     19.218     12.836      0.000
    S_BFI_A6           0.068      0.158      0.431      0.667
    I_HRZ_COL_       181.464     16.627     10.914      0.000
    S_HRZ_COL_         0.081      0.125      0.650      0.516

 Residual Variances
    ABFI_A6            0.000      0.000    999.000    999.000
    BBFI_A6            0.000      0.000    999.000    999.000
    CBFI_A6            0.000      0.000    999.000    999.000
    DBFI_A6            0.000      0.000    999.000    999.000
    AHRZ_COL_D         0.000      0.000    999.000    999.000
    BHRZ_COL_D         0.000      0.000    999.000    999.000
    CHRZ_COL_D         0.000      0.000    999.000    999.000
    DHRZ_COL_D         0.000      0.000    999.000    999.000
    P2                75.531     21.237      3.557      0.000
    P3                75.531     21.237      3.557      0.000
    P4                75.531     21.237      3.557      0.000
    V2               110.636     16.393      6.749      0.000
    V3               110.636     16.393      6.749      0.000
    V4               110.636     16.393      6.749      0.000


QUALITY OF NUMERICAL RESULTS

     Condition Number for the Information Matrix              0.613E-06
       (ratio of smallest to largest eigenvalue)


     Beginning Time:  18:06:11
        Ending Time:  18:06:51
       Elapsed Time:  00:00:40



MUTHEN & MUTHEN
3463 Stoner Ave.
Los Angeles, CA  90066

Tel: (310) 391-9971
Fax: (310) 391-8971
Web: www.StatModel.com
Support: Support@StatModel.com

Copyright (c) 1998-2017 Muthen & Muthen
