Mplus VERSION 8 (Linux)
MUTHEN & MUTHEN
07/08/2018   5:32 PM

INPUT INSTRUCTIONS


  title: PxVx Bivariate LCM-SR - 40splitgroup - Linear bfas_ee with Linear aspfin;
  data: file = /home/jflournoy/code_new/lnt_pxvx/Data/lnt_nat_recalc.tsv;

  variable:
  names =
  subjid
  aage
  aaspfin
  aaspfin_d
  abfa_mt
  abfa_mt_d
  abfas_ac
  abfas_ap
  abfas_ci
  abfas_co
  abfas_ea
  abfas_ee
  abfas_nv
  abfas_nv9
  abfas_nw
  abfas_oi
  abfas_oo
  abfi_a
  abfi_a6
  abfi_c
  abfi_d_scale
  abfi_e
  abfi_hp8
  abfi_n
  abfi_o
  abfi_s_scale
  ahrz_col
  ahrz_col_d
  ahrz_ind
  ahrz_ind_d
  amvi
  ausi
  ausi_d
  avrt_col
  avrt_col_d
  avrt_ind
  avrt_ind_d
  bage
  baspfin
  baspfin_d
  bbfa_mt
  bbfa_mt_d
  bbfas_ac
  bbfas_ap
  bbfas_ci
  bbfas_co
  bbfas_ea
  bbfas_ee
  bbfas_nv
  bbfas_nv9
  bbfas_nw
  bbfas_oi
  bbfas_oo
  bbfi_a
  bbfi_a6
  bbfi_c
  bbfi_d_scale
  bbfi_e
  bbfi_hp8
  bbfi_n
  bbfi_o
  bbfi_s_scale
  bhrz_col
  bhrz_col_d
  bhrz_ind
  bhrz_ind_d
  bmvi
  busi
  busi_d
  bvrt_col
  bvrt_col_d
  bvrt_ind
  bvrt_ind_d
  cage
  caspfin
  caspfin_d
  cbfa_mt
  cbfa_mt_d
  cbfas_ac
  cbfas_ap
  cbfas_ci
  cbfas_co
  cbfas_ea
  cbfas_ee
  cbfas_nv
  cbfas_nv9
  cbfas_nw
  cbfas_oi
  cbfas_oo
  cbfi_a
  cbfi_a6
  cbfi_c
  cbfi_d_scale
  cbfi_e
  cbfi_hp8
  cbfi_n
  cbfi_o
  cbfi_s_scale
  chrz_col
  chrz_col_d
  chrz_ind
  chrz_ind_d
  cmvi
  cusi
  cusi_d
  cvrt_col
  cvrt_col_d
  cvrt_ind
  cvrt_ind_d
  dage
  daspfin
  daspfin_d
  dbfa_mt
  dbfa_mt_d
  dbfas_ac
  dbfas_ap
  dbfas_ci
  dbfas_co
  dbfas_ea
  dbfas_ee
  dbfas_nv
  dbfas_nv9
  dbfas_nw
  dbfas_oi
  dbfas_oo
  dbfi_a
  dbfi_a6
  dbfi_c
  dbfi_d_scale
  dbfi_e
  dbfi_hp8
  dbfi_n
  dbfi_o
  dbfi_s_scale
  dhrz_col
  dhrz_col_d
  dhrz_ind
  dhrz_ind_d
  dmvi
  dusi
  dusi_d
  dvrt_col
  dvrt_col_d
  dvrt_ind
  dvrt_ind_d;

  USEVARIABLES =
  abfas_ee
  bbfas_ee
  cbfas_ee
  dbfas_ee
  aaspfin
  baspfin
  caspfin
  daspfin
  a1
  a2
  a3
  a4
  aagegrp
  ;

  missing = all (-9999);

  tscores = a1 a2 a3 a4;

  grouping = aagegrp (0=earlier, 1=later);

  DEFINE:

  aagegrp = aage;

  cut aagegrp (39);

  a1 = aage + 0 - 36;
  a2 = aage + 1 - 36;
  a3 = aage + 2 - 36;
  a4 = aage + 3 - 36;

  ANALYSIS:
  TYPE=RANDOM;
  PROCESSORS = 6;
  model=nocovariances; ! supresses default estimation of certain covs in model;

  MODEL:

  i_bfas_ee s_bfas_ee | abfas_ee bbfas_ee cbfas_ee dbfas_ee AT a1 a2 a3 a4;
  i_aspfin s_aspfin | aaspfin baspfin caspfin daspfin AT a1 a2 a3 a4;

  ! freeing factor covs because of "nocovariances"
  ! But ensure they are constrained across groups
  s_bfas_ee WITH i_bfas_ee (p)
  s_aspfin (q)
  i_aspfin (r);
  i_bfas_ee WITH s_aspfin (s)
  i_aspfin (t);
  s_aspfin WITH i_aspfin (u);

  !constrain latent growth means across groups
  [i_bfas_ee] (v);
  [s_bfas_ee] (w);
  [i_aspfin] (x);
  [s_aspfin] (y);

  !constrain latent growth variances across groups
  i_bfas_ee (l);
  s_bfas_ee (m);
  i_aspfin (n);
  s_aspfin (o);

  p1 BY abfas_ee@1; ! Residual "factors";
  p2 BY bbfas_ee@1;
  p3 BY cbfas_ee@1;
  p4 BY dbfas_ee@1;

  v1 BY aaspfin@1; ! Residual "factors";
  v2 BY baspfin@1;
  v3 BY caspfin@1;
  v4 BY daspfin@1;

  !residual variances on observed/manifest vars set to 0
  abfas_ee@0;
  bbfas_ee@0;
  cbfas_ee@0;
  dbfas_ee@0;

  !residual variances on observed/manifest vars set to 0
  aaspfin@0;
  baspfin@0;
  caspfin@0;
  daspfin@0;

  ! means of observed/manifest vars set to 0
  [abfas_ee@0];
  [bbfas_ee@0];
  [cbfas_ee@0];
  [dbfas_ee@0];

  ! means of observed/manifest vars set to 0
  [aaspfin@0];
  [baspfin@0];
  [caspfin@0];
  [daspfin@0];

  [p1@0]; ! means of residual "factors" set to 0
  [p2@0];
  [p3@0];
  [p4@0];

  [v1@0]; ! means of residual "factors" set to 0
  [v2@0];
  [v3@0];
  [v4@0];

  p4 on p3 (a); ! Autoregressive paths constrained to equality
  p3 on p2 (a);
  p2 on p1 (a);

  v4 on v3 (b); ! Autoregressive paths constrained to equality
  v3 on v2 (b);
  v2 on v1 (b);

  p4 on v3 (c); ! Cross-lagged paths constrained to equality
  p3 on v2 (c);
  p2 on v1 (c);

  v4 on p3 (d); ! Cross-lagged paths constrained to equality
  v3 on p2 (d);
  v2 on p1 (d);

  p1 with v1; !(this one is not like the others)

  p2 with v2 (e); ! Within-wave correlations constrained to equality
  p3 with v3 (e);
  p4 with v4 (e);

  p2 p3 p4 (f); ! estimate variances of residual "factors"
  v2 v3 v4 (g); ! estimate variances of residual "factors"

  MODEL earlier:

  p4 on p3 (a23); ! Autoregressive paths constrained to equality
  p3 on p2 (a23);
  p2 on p1 (a23);

  v4 on v3 (b23); ! Autoregressive paths constrained to equality
  v3 on v2 (b23);
  v2 on v1 (b23);

  p4 on v3 (c23); ! Cross-lagged paths constrained to equality
  p3 on v2 (c23);
  p2 on v1 (c23);

  v4 on p3 (d23); ! Cross-lagged paths constrained to equality
  v3 on p2 (d23);
  v2 on p1 (d23);

  p1 with v1; !(this one is not like the others)

  p2 with v2 (e23); ! Within-wave correlations constrained to equality
  p3 with v3 (e23);
  p4 with v4 (e23);

  p2 p3 p4 (f23); ! estimate variances of residual "factors"
  v2 v3 v4 (g23); ! estimate variances of residual "factors"

  MODEL later:

  p4 on p3 (a45); ! Autoregressive paths constrained to equality
  p3 on p2 (a45);
  p2 on p1 (a45);

  v4 on v3 (b45); ! Autoregressive paths constrained to equality
  v3 on v2 (b45);
  v2 on v1 (b45);

  p4 on v3 (c45); ! Cross-lagged paths constrained to equality
  p3 on v2 (c45);
  p2 on v1 (c45);

  v4 on p3 (d45); ! Cross-lagged paths constrained to equality
  v3 on p2 (d45);
  v2 on p1 (d45);

  p1 with v1; !(this one is not like the others)

  p2 with v2 (e45); ! Within-wave correlations constrained to equality
  p3 with v3 (e45);
  p4 with v4 (e45);

  p2 p3 p4 (f45); ! estimate variances of residual "factors"
  v2 v3 v4 (g45); ! estimate variances of residual "factors"

  OUTPUT: SAMPSTAT PATTERNS;



*** WARNING
  Data set contains unknown or missing values for GROUPING,
  PATTERN, COHORT, CLUSTER and/or STRATIFICATION variables.
  Number of cases with unknown or missing values:  5
   1 WARNING(S) FOUND IN THE INPUT INSTRUCTIONS



PxVx Bivariate LCM-SR - 40splitgroup - Linear bfas_ee with Linear aspfin;

SUMMARY OF ANALYSIS

Number of groups                                                 2
Number of observations
   Group EARLIER                                               534
   Group LATER                                                 330
   Total sample size                                           864

Number of dependent variables                                    8
Number of independent variables                                  0
Number of continuous latent variables                           12

Observed dependent variables

  Continuous
   ABFAS_EE    BBFAS_EE    CBFAS_EE    DBFAS_EE    AASPFIN     BASPFIN
   CASPFIN     DASPFIN

Continuous latent variables
   P1          P2          P3          P4          V1          V2
   V3          V4          I_BFAS_E    S_BFAS_E    I_ASPFIN    S_ASPFIN

Variables with special functions

  Grouping variable     AAGEGRP

  Time scores
   A1          A2          A3          A4


Estimator                                                      MLR
Information matrix                                        OBSERVED
Maximum number of iterations                                   100
Convergence criterion                                    0.100D-05
Maximum number of EM iterations                                500
Convergence criteria for the EM algorithm
  Loglikelihood change                                   0.100D-02
  Relative loglikelihood change                          0.100D-05
  Derivative                                             0.100D-03
Minimum variance                                         0.100D-03
Maximum number of steepest descent iterations                   20
Maximum number of iterations for H1                           2000
Convergence criterion for H1                             0.100D-03
Optimization algorithm                                         EMA

Input data file(s)
  /home/jflournoy/code_new/lnt_pxvx/Data/lnt_nat_recalc.tsv
Input data format  FREE


SUMMARY OF DATA

   Group EARLIER
     Number of missing data patterns            15

   Group LATER
     Number of missing data patterns            14


SUMMARY OF MISSING DATA PATTERNS


     MISSING DATA PATTERNS (x = not missing) FOR EARLIER

           1  2  3  4  5  6  7  8  9 10 11 12 13 14 15
 ABFAS_EE  x  x  x  x  x  x  x  x  x  x     x  x  x  x
 BBFAS_EE  x     x     x  x        x  x  x  x        x
 CBFAS_EE  x        x     x     x        x  x  x     x
 DBFAS_EE  x     x  x        x           x     x  x  x
 AASPFIN   x  x  x  x  x  x  x  x     x  x  x  x  x  x
 BASPFIN   x     x     x  x        x     x  x  x
 CASPFIN   x        x     x     x        x  x  x     x
 DASPFIN   x     x  x        x           x  x  x     x


     MISSING DATA PATTERN FREQUENCIES FOR EARLIER

    Pattern   Frequency     Pattern   Frequency     Pattern   Frequency
          1         327           6          21          11           1
          2         101           7          14          12           1
          3          14           8          12          13           1
          4          12           9           1          14           1
          5          26          10           1          15           1


     MISSING DATA PATTERNS (x = not missing) FOR LATER

           1  2  3  4  5  6  7  8  9 10 11 12 13 14
 ABFAS_EE  x  x  x  x  x  x  x  x  x     x  x  x  x
 BBFAS_EE  x     x     x  x        x  x  x  x     x
 CBFAS_EE  x        x     x     x     x  x  x
 DBFAS_EE  x     x  x        x        x  x  x     x
 AASPFIN   x  x  x  x  x  x  x  x  x  x  x  x     x
 BASPFIN   x     x     x  x           x     x
 CASPFIN   x        x     x     x     x  x
 DASPFIN   x     x  x        x        x  x  x     x


     MISSING DATA PATTERN FREQUENCIES FOR LATER

    Pattern   Frequency     Pattern   Frequency     Pattern   Frequency
          1         164           6          26          11           1
          2          68           7          10          12           1
          3          12           8          12          13           1
          4           9           9           2          14           1
          5          22          10           1


COVARIANCE COVERAGE OF DATA

Minimum covariance coverage value   0.100


     PROPORTION OF DATA PRESENT FOR EARLIER


           Covariance Coverage
              ABFAS_EE      BBFAS_EE      CBFAS_EE      DBFAS_EE      AASPFIN
              ________      ________      ________      ________      ________
 ABFAS_EE       0.998
 BBFAS_EE       0.734         0.736
 CBFAS_EE       0.702         0.657         0.704
 DBFAS_EE       0.693         0.642         0.640         0.695
 AASPFIN        0.996         0.734         0.704         0.695         0.998
 BASPFIN        0.732         0.732         0.657         0.642         0.732
 CASPFIN        0.702         0.657         0.704         0.640         0.704
 DASPFIN        0.693         0.644         0.642         0.693         0.695


           Covariance Coverage
              BASPFIN       CASPFIN       DASPFIN
              ________      ________      ________
 BASPFIN        0.734
 CASPFIN        0.657         0.704
 DASPFIN        0.644         0.642         0.695


     PROPORTION OF DATA PRESENT FOR LATER


           Covariance Coverage
              ABFAS_EE      BBFAS_EE      CBFAS_EE      DBFAS_EE      AASPFIN
              ________      ________      ________      ________      ________
 ABFAS_EE       0.997
 BBFAS_EE       0.691         0.694
 CBFAS_EE       0.645         0.582         0.648
 DBFAS_EE       0.597         0.536         0.530         0.600
 AASPFIN        0.991         0.688         0.648         0.600         0.994
 BASPFIN        0.691         0.691         0.585         0.539         0.688
 CASPFIN        0.645         0.582         0.648         0.530         0.648
 DASPFIN        0.597         0.539         0.533         0.597         0.600


           Covariance Coverage
              BASPFIN       CASPFIN       DASPFIN
              ________      ________      ________
 BASPFIN        0.694
 CASPFIN        0.585         0.648
 DASPFIN        0.542         0.533         0.600


SAMPLE STATISTICS


     ESTIMATED SAMPLE STATISTICS FOR EARLIER


           Means
              ABFAS_EE      BBFAS_EE      CBFAS_EE      DBFAS_EE      AASPFIN
              ________      ________      ________      ________      ________
               61.415        61.321        59.794        59.210        49.400


           Means
              BASPFIN       CASPFIN       DASPFIN
              ________      ________      ________
               49.404        49.461        48.598


           Covariances
              ABFAS_EE      BBFAS_EE      CBFAS_EE      DBFAS_EE      AASPFIN
              ________      ________      ________      ________      ________
 ABFAS_EE     360.078
 BBFAS_EE     289.083       326.579
 CBFAS_EE     293.032       286.293       367.536
 DBFAS_EE     292.784       288.480       308.968       380.740
 AASPFIN       10.928        31.888        -1.297         6.565       526.231
 BASPFIN       28.889        33.338         3.041         5.645       419.605
 CASPFIN       12.272        20.436        -1.994       -13.520       414.399
 DASPFIN       34.589        48.305        19.075        10.590       404.976


           Covariances
              BASPFIN       CASPFIN       DASPFIN
              ________      ________      ________
 BASPFIN      554.970
 CASPFIN      460.513       585.018
 DASPFIN      440.809       450.777       584.337


           Correlations
              ABFAS_EE      BBFAS_EE      CBFAS_EE      DBFAS_EE      AASPFIN
              ________      ________      ________      ________      ________
 ABFAS_EE       1.000
 BBFAS_EE       0.843         1.000
 CBFAS_EE       0.806         0.826         1.000
 DBFAS_EE       0.791         0.818         0.826         1.000
 AASPFIN        0.025         0.077        -0.003         0.015         1.000
 BASPFIN        0.065         0.078         0.007         0.012         0.776
 CASPFIN        0.027         0.047        -0.004        -0.029         0.747
 DASPFIN        0.075         0.111         0.041         0.022         0.730


           Correlations
              BASPFIN       CASPFIN       DASPFIN
              ________      ________      ________
 BASPFIN        1.000
 CASPFIN        0.808         1.000
 DASPFIN        0.774         0.771         1.000


     ESTIMATED SAMPLE STATISTICS FOR LATER


           Means
              ABFAS_EE      BBFAS_EE      CBFAS_EE      DBFAS_EE      AASPFIN
              ________      ________      ________      ________      ________
               63.280        62.950        63.083        61.911        46.944


           Means
              BASPFIN       CASPFIN       DASPFIN
              ________      ________      ________
               46.586        47.550        48.449


           Covariances
              ABFAS_EE      BBFAS_EE      CBFAS_EE      DBFAS_EE      AASPFIN
              ________      ________      ________      ________      ________
 ABFAS_EE     340.605
 BBFAS_EE     304.807       392.859
 CBFAS_EE     282.234       316.190       338.842
 DBFAS_EE     290.177       319.630       316.089       376.239
 AASPFIN       47.115        39.679        43.962        61.973       437.709
 BASPFIN       28.226         3.887        16.079        15.114       338.892
 CASPFIN       50.999        43.443        52.065        62.555       312.107
 DASPFIN       54.741        46.306        58.755        75.326       309.952


           Covariances
              BASPFIN       CASPFIN       DASPFIN
              ________      ________      ________
 BASPFIN      452.615
 CASPFIN      341.694       427.193
 DASPFIN      340.125       341.899       437.035


           Correlations
              ABFAS_EE      BBFAS_EE      CBFAS_EE      DBFAS_EE      AASPFIN
              ________      ________      ________      ________      ________
 ABFAS_EE       1.000
 BBFAS_EE       0.833         1.000
 CBFAS_EE       0.831         0.867         1.000
 DBFAS_EE       0.811         0.831         0.885         1.000
 AASPFIN        0.122         0.096         0.114         0.153         1.000
 BASPFIN        0.072         0.009         0.041         0.037         0.761
 CASPFIN        0.134         0.106         0.137         0.156         0.722
 DASPFIN        0.142         0.112         0.153         0.186         0.709


           Correlations
              BASPFIN       CASPFIN       DASPFIN
              ________      ________      ________
 BASPFIN        1.000
 CASPFIN        0.777         1.000
 DASPFIN        0.765         0.791         1.000


     MAXIMUM LOG-LIKELIHOOD VALUE FOR THE UNRESTRICTED (H1) MODEL IS -21369.818


UNIVARIATE SAMPLE STATISTICS


     UNIVARIATE HIGHER-ORDER MOMENT DESCRIPTIVE STATISTICS FOR EARLIER

         Variable/         Mean/     Skewness/   Minimum/ % with                Percentiles
        Sample Size      Variance    Kurtosis    Maximum  Min/Max      20%/60%    40%/80%    Median

     ABFAS_EE             61.410      -0.194       7.500    0.19%      45.000     57.500     60.000
             533.000     360.575      -0.417     100.000    0.94%      67.500     80.000
     BBFAS_EE             61.036      -0.063      15.000    0.25%      45.000     55.000     60.000
             393.000     329.727      -0.631     100.000    0.51%      65.000     77.500
     CBFAS_EE             59.470      -0.071       7.500    0.53%      42.500     55.000     60.000
             376.000     371.419      -0.432     100.000    0.80%      62.500     77.500
     DBFAS_EE             59.299      -0.101       7.500    0.27%      42.500     55.000     57.500
             371.000     384.632      -0.485     100.000    0.81%      62.500     77.500
     AASPFIN              49.434       0.175       0.000    1.69%      30.000     40.000     50.000
             533.000     526.224      -0.529     100.000    2.44%      55.000     70.000
     BASPFIN              49.069       0.234       0.000    1.02%      25.000     40.000     45.000
             392.000     563.363      -0.670     100.000    3.32%      55.000     70.000
     CASPFIN              49.402       0.276       0.000    0.53%      25.000     40.000     47.500
             376.000     588.006      -0.771     100.000    2.93%      55.000     70.000
     DASPFIN              48.265       0.216       0.000    0.54%      25.000     40.000     45.000
             371.000     599.284      -0.852     100.000    3.23%      55.000     70.000


     UNIVARIATE HIGHER-ORDER MOMENT DESCRIPTIVE STATISTICS FOR LATER

         Variable/         Mean/     Skewness/   Minimum/ % with                Percentiles
        Sample Size      Variance    Kurtosis    Maximum  Min/Max      20%/60%    40%/80%    Median

     ABFAS_EE             63.209      -0.347       0.000    0.30%      47.500     60.000     65.000
             329.000     339.704      -0.072     100.000    0.61%      70.000     77.500
     BBFAS_EE             62.121      -0.393       5.000    0.87%      47.500     57.500     62.500
             230.000     415.968      -0.272     100.000    2.17%      70.000     80.000
     CBFAS_EE             63.236      -0.425      10.000    0.47%      47.500     57.500     63.750
             214.000     368.238      -0.164     100.000    0.93%      70.000     80.000
     DBFAS_EE             62.532      -0.196       2.500    0.50%      45.000     57.500     62.500
             199.000     392.192      -0.305     100.000    3.02%      67.500     80.000
     AASPFIN              46.953       0.367       0.000    0.91%      30.000     40.000     45.000
             329.000     437.704      -0.158     100.000    1.52%      50.000     65.000
     BASPFIN              46.661       0.453       5.000    0.44%      30.000     40.000     45.000
             226.000     443.443      -0.197     100.000    2.21%      50.000     65.000
     CASPFIN              47.729       0.276       0.000    0.94%      30.000     40.000     45.000
             213.000     432.995      -0.322     100.000    1.41%      50.000     65.000
     DASPFIN              48.505       0.355       0.000    0.50%      30.000     40.000     45.000
             199.000     442.897      -0.455     100.000    1.01%      50.000     65.000


THE MODEL ESTIMATION TERMINATED NORMALLY



MODEL FIT INFORMATION

Number of Free Parameters                       34

Loglikelihood

          H0 Value                      -21422.055
          H0 Scaling Correction Factor      1.1847
            for MLR

Information Criteria

          Akaike (AIC)                   42912.111
          Bayesian (BIC)                 43074.004
          Sample-Size Adjusted BIC       42966.029
            (n* = (n + 2) / 24)



MODEL RESULTS

                                                    Two-Tailed
                    Estimate       S.E.  Est./S.E.    P-Value

Group EARLIER

 P1       BY
    ABFAS_EE           1.000      0.000    999.000    999.000

 P2       BY
    BBFAS_EE           1.000      0.000    999.000    999.000

 P3       BY
    CBFAS_EE           1.000      0.000    999.000    999.000

 P4       BY
    DBFAS_EE           1.000      0.000    999.000    999.000

 V1       BY
    AASPFIN            1.000      0.000    999.000    999.000

 V2       BY
    BASPFIN            1.000      0.000    999.000    999.000

 V3       BY
    CASPFIN            1.000      0.000    999.000    999.000

 V4       BY
    DASPFIN            1.000      0.000    999.000    999.000

 P4         ON
    P3                 0.183      0.059      3.120      0.002
    V3                -0.029      0.037     -0.779      0.436

 P3         ON
    P2                 0.183      0.059      3.120      0.002
    V2                -0.029      0.037     -0.779      0.436

 P2         ON
    P1                 0.183      0.059      3.120      0.002
    V1                -0.029      0.037     -0.779      0.436

 V4         ON
    V3                 0.154      0.080      1.925      0.054
    P3                 0.033      0.082      0.401      0.689

 V3         ON
    V2                 0.154      0.080      1.925      0.054
    P2                 0.033      0.082      0.401      0.689

 V2         ON
    V1                 0.154      0.080      1.925      0.054
    P1                 0.033      0.082      0.401      0.689

 S_BFAS_E WITH
    I_BFAS_EE          0.338      0.776      0.436      0.663
    S_ASPFIN           0.056      0.126      0.444      0.657
    I_ASPFIN          -2.261      2.582     -0.876      0.381

 I_BFAS_E WITH
    S_ASPFIN           2.072      2.542      0.815      0.415
    I_ASPFIN          21.152     16.786      1.260      0.208

 S_ASPFIN WITH
    I_ASPFIN          -1.986      1.098     -1.810      0.070

 P1       WITH
    V1               -13.564      7.254     -1.870      0.062

 P2       WITH
    V2                -0.804      5.448     -0.148      0.883

 P3       WITH
    V3                -0.804      5.448     -0.148      0.883

 P4       WITH
    V4                -0.804      5.448     -0.148      0.883

 Means
    P1                 0.000      0.000    999.000    999.000
    V1                 0.000      0.000    999.000    999.000
    I_BFAS_EE         61.381      0.617     99.487      0.000
    S_BFAS_EE          0.059      0.057      1.045      0.296
    I_ASPFIN          48.507      0.730     66.473      0.000
    S_ASPFIN          -0.078      0.063     -1.247      0.212

 Intercepts
    ABFAS_EE           0.000      0.000    999.000    999.000
    BBFAS_EE           0.000      0.000    999.000    999.000
    CBFAS_EE           0.000      0.000    999.000    999.000
    DBFAS_EE           0.000      0.000    999.000    999.000
    AASPFIN            0.000      0.000    999.000    999.000
    BASPFIN            0.000      0.000    999.000    999.000
    CASPFIN            0.000      0.000    999.000    999.000
    DASPFIN            0.000      0.000    999.000    999.000
    P2                 0.000      0.000    999.000    999.000
    P3                 0.000      0.000    999.000    999.000
    P4                 0.000      0.000    999.000    999.000
    V2                 0.000      0.000    999.000    999.000
    V3                 0.000      0.000    999.000    999.000
    V4                 0.000      0.000    999.000    999.000

 Variances
    P1                75.158     10.597      7.093      0.000
    V1               139.247     15.102      9.220      0.000
    I_BFAS_EE        274.778     18.583     14.786      0.000
    S_BFAS_EE          0.112      0.128      0.874      0.382
    I_ASPFIN         367.685     25.258     14.557      0.000
    S_ASPFIN           0.132      0.171      0.769      0.442

 Residual Variances
    ABFAS_EE           0.000      0.000    999.000    999.000
    BBFAS_EE           0.000      0.000    999.000    999.000
    CBFAS_EE           0.000      0.000    999.000    999.000
    DBFAS_EE           0.000      0.000    999.000    999.000
    AASPFIN            0.000      0.000    999.000    999.000
    BASPFIN            0.000      0.000    999.000    999.000
    CASPFIN            0.000      0.000    999.000    999.000
    DASPFIN            0.000      0.000    999.000    999.000
    P2                71.633      4.590     15.605      0.000
    P3                71.633      4.590     15.605      0.000
    P4                71.633      4.590     15.605      0.000
    V2               141.862     13.029     10.888      0.000
    V3               141.862     13.029     10.888      0.000
    V4               141.862     13.029     10.888      0.000

Group LATER

 P1       BY
    ABFAS_EE           1.000      0.000    999.000    999.000

 P2       BY
    BBFAS_EE           1.000      0.000    999.000    999.000

 P3       BY
    CBFAS_EE           1.000      0.000    999.000    999.000

 P4       BY
    DBFAS_EE           1.000      0.000    999.000    999.000

 V1       BY
    AASPFIN            1.000      0.000    999.000    999.000

 V2       BY
    BASPFIN            1.000      0.000    999.000    999.000

 V3       BY
    CASPFIN            1.000      0.000    999.000    999.000

 V4       BY
    DASPFIN            1.000      0.000    999.000    999.000

 P4         ON
    P3                 0.196      0.112      1.747      0.081
    V3                 0.063      0.054      1.170      0.242

 P3         ON
    P2                 0.196      0.112      1.747      0.081
    V2                 0.063      0.054      1.170      0.242

 P2         ON
    P1                 0.196      0.112      1.747      0.081
    V1                 0.063      0.054      1.170      0.242

 V4         ON
    V3                 0.138      0.075      1.832      0.067
    P3                 0.161      0.090      1.793      0.073

 V3         ON
    V2                 0.138      0.075      1.832      0.067
    P2                 0.161      0.090      1.793      0.073

 V2         ON
    V1                 0.138      0.075      1.832      0.067
    P1                 0.161      0.090      1.793      0.073

 S_BFAS_E WITH
    I_BFAS_EE          0.338      0.776      0.436      0.663
    S_ASPFIN           0.056      0.126      0.444      0.657
    I_ASPFIN          -2.261      2.582     -0.876      0.381

 I_BFAS_E WITH
    S_ASPFIN           2.072      2.542      0.815      0.415
    I_ASPFIN          21.152     16.786      1.260      0.208

 S_ASPFIN WITH
    I_ASPFIN          -1.986      1.098     -1.810      0.070

 P1       WITH
    V1                -2.561      9.497     -0.270      0.787

 P2       WITH
    V2                 6.538      5.527      1.183      0.237

 P3       WITH
    V3                 6.538      5.527      1.183      0.237

 P4       WITH
    V4                 6.538      5.527      1.183      0.237

 Means
    P1                 0.000      0.000    999.000    999.000
    V1                 0.000      0.000    999.000    999.000
    I_BFAS_EE         61.381      0.617     99.487      0.000
    S_BFAS_EE          0.059      0.057      1.045      0.296
    I_ASPFIN          48.507      0.730     66.473      0.000
    S_ASPFIN          -0.078      0.063     -1.247      0.212

 Intercepts
    ABFAS_EE           0.000      0.000    999.000    999.000
    BBFAS_EE           0.000      0.000    999.000    999.000
    CBFAS_EE           0.000      0.000    999.000    999.000
    DBFAS_EE           0.000      0.000    999.000    999.000
    AASPFIN            0.000      0.000    999.000    999.000
    BASPFIN            0.000      0.000    999.000    999.000
    CASPFIN            0.000      0.000    999.000    999.000
    DASPFIN            0.000      0.000    999.000    999.000
    P2                 0.000      0.000    999.000    999.000
    P3                 0.000      0.000    999.000    999.000
    P4                 0.000      0.000    999.000    999.000
    V2                 0.000      0.000    999.000    999.000
    V3                 0.000      0.000    999.000    999.000
    V4                 0.000      0.000    999.000    999.000

 Variances
    P1                70.275     10.834      6.486      0.000
    V1               134.089     16.946      7.913      0.000
    I_BFAS_EE        274.778     18.583     14.786      0.000
    S_BFAS_EE          0.112      0.128      0.874      0.382
    I_ASPFIN         367.685     25.258     14.557      0.000
    S_ASPFIN           0.132      0.171      0.769      0.442

 Residual Variances
    ABFAS_EE           0.000      0.000    999.000    999.000
    BBFAS_EE           0.000      0.000    999.000    999.000
    CBFAS_EE           0.000      0.000    999.000    999.000
    DBFAS_EE           0.000      0.000    999.000    999.000
    AASPFIN            0.000      0.000    999.000    999.000
    BASPFIN            0.000      0.000    999.000    999.000
    CASPFIN            0.000      0.000    999.000    999.000
    DASPFIN            0.000      0.000    999.000    999.000
    P2                60.779      9.643      6.303      0.000
    P3                60.779      9.643      6.303      0.000
    P4                60.779      9.643      6.303      0.000
    V2               107.848     11.287      9.555      0.000
    V3               107.848     11.287      9.555      0.000
    V4               107.848     11.287      9.555      0.000


QUALITY OF NUMERICAL RESULTS

     Condition Number for the Information Matrix              0.776E-05
       (ratio of smallest to largest eigenvalue)


     Beginning Time:  17:32:36
        Ending Time:  17:32:48
       Elapsed Time:  00:00:12



MUTHEN & MUTHEN
3463 Stoner Ave.
Los Angeles, CA  90066

Tel: (310) 391-9971
Fax: (310) 391-8971
Web: www.StatModel.com
Support: Support@StatModel.com

Copyright (c) 1998-2017 Muthen & Muthen
