Mplus VERSION 8 (Linux)
MUTHEN & MUTHEN
07/08/2018   6:09 PM

INPUT INSTRUCTIONS


  title: PxVx Bivariate LCM-SR - 40splitgroup - Linear bfi_o with Linear vrt_col_d;
  data: file = /home/jflournoy/code_new/lnt_pxvx/Data/lnt_nat_recalc.tsv;

  variable:
  names =
  subjid
  aage
  aaspfin
  aaspfin_d
  abfa_mt
  abfa_mt_d
  abfas_ac
  abfas_ap
  abfas_ci
  abfas_co
  abfas_ea
  abfas_ee
  abfas_nv
  abfas_nv9
  abfas_nw
  abfas_oi
  abfas_oo
  abfi_a
  abfi_a6
  abfi_c
  abfi_d_scale
  abfi_e
  abfi_hp8
  abfi_n
  abfi_o
  abfi_s_scale
  ahrz_col
  ahrz_col_d
  ahrz_ind
  ahrz_ind_d
  amvi
  ausi
  ausi_d
  avrt_col
  avrt_col_d
  avrt_ind
  avrt_ind_d
  bage
  baspfin
  baspfin_d
  bbfa_mt
  bbfa_mt_d
  bbfas_ac
  bbfas_ap
  bbfas_ci
  bbfas_co
  bbfas_ea
  bbfas_ee
  bbfas_nv
  bbfas_nv9
  bbfas_nw
  bbfas_oi
  bbfas_oo
  bbfi_a
  bbfi_a6
  bbfi_c
  bbfi_d_scale
  bbfi_e
  bbfi_hp8
  bbfi_n
  bbfi_o
  bbfi_s_scale
  bhrz_col
  bhrz_col_d
  bhrz_ind
  bhrz_ind_d
  bmvi
  busi
  busi_d
  bvrt_col
  bvrt_col_d
  bvrt_ind
  bvrt_ind_d
  cage
  caspfin
  caspfin_d
  cbfa_mt
  cbfa_mt_d
  cbfas_ac
  cbfas_ap
  cbfas_ci
  cbfas_co
  cbfas_ea
  cbfas_ee
  cbfas_nv
  cbfas_nv9
  cbfas_nw
  cbfas_oi
  cbfas_oo
  cbfi_a
  cbfi_a6
  cbfi_c
  cbfi_d_scale
  cbfi_e
  cbfi_hp8
  cbfi_n
  cbfi_o
  cbfi_s_scale
  chrz_col
  chrz_col_d
  chrz_ind
  chrz_ind_d
  cmvi
  cusi
  cusi_d
  cvrt_col
  cvrt_col_d
  cvrt_ind
  cvrt_ind_d
  dage
  daspfin
  daspfin_d
  dbfa_mt
  dbfa_mt_d
  dbfas_ac
  dbfas_ap
  dbfas_ci
  dbfas_co
  dbfas_ea
  dbfas_ee
  dbfas_nv
  dbfas_nv9
  dbfas_nw
  dbfas_oi
  dbfas_oo
  dbfi_a
  dbfi_a6
  dbfi_c
  dbfi_d_scale
  dbfi_e
  dbfi_hp8
  dbfi_n
  dbfi_o
  dbfi_s_scale
  dhrz_col
  dhrz_col_d
  dhrz_ind
  dhrz_ind_d
  dmvi
  dusi
  dusi_d
  dvrt_col
  dvrt_col_d
  dvrt_ind
  dvrt_ind_d;

  USEVARIABLES =
  abfi_o
  bbfi_o
  cbfi_o
  dbfi_o
  avrt_col_d
  bvrt_col_d
  cvrt_col_d
  dvrt_col_d
  a1
  a2
  a3
  a4
  aagegrp
  ;

  missing = all (-9999);

  tscores = a1 a2 a3 a4;

  grouping = aagegrp (0=earlier, 1=later);

  DEFINE:

  aagegrp = aage;

  cut aagegrp (39);

  a1 = aage + 0 - 36;
  a2 = aage + 1 - 36;
  a3 = aage + 2 - 36;
  a4 = aage + 3 - 36;

  ANALYSIS:
  TYPE=RANDOM;
  PROCESSORS = 6;
  model=nocovariances; ! supresses default estimation of certain covs in model;

  MODEL:

  i_bfi_o s_bfi_o | abfi_o bbfi_o cbfi_o dbfi_o AT a1 a2 a3 a4;
  i_vrt_col_d s_vrt_col_d | avrt_col_d bvrt_col_d cvrt_col_d dvrt_col_d AT a1 a2 a3 a4;

  ! freeing factor covs because of "nocovariances"
  ! But ensure they are constrained across groups
  s_bfi_o WITH i_bfi_o (p)
  s_vrt_col_d (q)
  i_vrt_col_d (r);
  i_bfi_o WITH s_vrt_col_d (s)
  i_vrt_col_d (t);
  s_vrt_col_d WITH i_vrt_col_d (u);

  !constrain latent growth means across groups
  [i_bfi_o] (v);
  [s_bfi_o] (w);
  [i_vrt_col_d] (x);
  [s_vrt_col_d] (y);

  !constrain latent growth variances across groups
  i_bfi_o (l);
  s_bfi_o (m);
  i_vrt_col_d (n);
  s_vrt_col_d (o);

  p1 BY abfi_o@1; ! Residual "factors";
  p2 BY bbfi_o@1;
  p3 BY cbfi_o@1;
  p4 BY dbfi_o@1;

  v1 BY avrt_col_d@1; ! Residual "factors";
  v2 BY bvrt_col_d@1;
  v3 BY cvrt_col_d@1;
  v4 BY dvrt_col_d@1;

  !residual variances on observed/manifest vars set to 0
  abfi_o@0;
  bbfi_o@0;
  cbfi_o@0;
  dbfi_o@0;

  !residual variances on observed/manifest vars set to 0
  avrt_col_d@0;
  bvrt_col_d@0;
  cvrt_col_d@0;
  dvrt_col_d@0;

  ! means of observed/manifest vars set to 0
  [abfi_o@0];
  [bbfi_o@0];
  [cbfi_o@0];
  [dbfi_o@0];

  ! means of observed/manifest vars set to 0
  [avrt_col_d@0];
  [bvrt_col_d@0];
  [cvrt_col_d@0];
  [dvrt_col_d@0];

  [p1@0]; ! means of residual "factors" set to 0
  [p2@0];
  [p3@0];
  [p4@0];

  [v1@0]; ! means of residual "factors" set to 0
  [v2@0];
  [v3@0];
  [v4@0];

  p4 on p3 (a); ! Autoregressive paths constrained to equality
  p3 on p2 (a);
  p2 on p1 (a);

  v4 on v3 (b); ! Autoregressive paths constrained to equality
  v3 on v2 (b);
  v2 on v1 (b);

  p4 on v3 (c); ! Cross-lagged paths constrained to equality
  p3 on v2 (c);
  p2 on v1 (c);

  v4 on p3 (d); ! Cross-lagged paths constrained to equality
  v3 on p2 (d);
  v2 on p1 (d);

  p1 with v1; !(this one is not like the others)

  p2 with v2 (e); ! Within-wave correlations constrained to equality
  p3 with v3 (e);
  p4 with v4 (e);

  p2 p3 p4 (f); ! estimate variances of residual "factors"
  v2 v3 v4 (g); ! estimate variances of residual "factors"

  MODEL earlier:

  p4 on p3 (a23); ! Autoregressive paths constrained to equality
  p3 on p2 (a23);
  p2 on p1 (a23);

  v4 on v3 (b23); ! Autoregressive paths constrained to equality
  v3 on v2 (b23);
  v2 on v1 (b23);

  p4 on v3 (c23); ! Cross-lagged paths constrained to equality
  p3 on v2 (c23);
  p2 on v1 (c23);

  v4 on p3 (d23); ! Cross-lagged paths constrained to equality
  v3 on p2 (d23);
  v2 on p1 (d23);

  p1 with v1; !(this one is not like the others)

  p2 with v2 (e23); ! Within-wave correlations constrained to equality
  p3 with v3 (e23);
  p4 with v4 (e23);

  p2 p3 p4 (f23); ! estimate variances of residual "factors"
  v2 v3 v4 (g23); ! estimate variances of residual "factors"

  MODEL later:

  p4 on p3 (a45); ! Autoregressive paths constrained to equality
  p3 on p2 (a45);
  p2 on p1 (a45);

  v4 on v3 (b45); ! Autoregressive paths constrained to equality
  v3 on v2 (b45);
  v2 on v1 (b45);

  p4 on v3 (c45); ! Cross-lagged paths constrained to equality
  p3 on v2 (c45);
  p2 on v1 (c45);

  v4 on p3 (d45); ! Cross-lagged paths constrained to equality
  v3 on p2 (d45);
  v2 on p1 (d45);

  p1 with v1; !(this one is not like the others)

  p2 with v2 (e45); ! Within-wave correlations constrained to equality
  p3 with v3 (e45);
  p4 with v4 (e45);

  p2 p3 p4 (f45); ! estimate variances of residual "factors"
  v2 v3 v4 (g45); ! estimate variances of residual "factors"

  OUTPUT: SAMPSTAT PATTERNS;



*** WARNING in VARIABLE command
  Note that only the first 8 characters of variable names are used in the output.
  Shorten variable names to avoid any confusion.
*** WARNING
  Data set contains unknown or missing values for GROUPING,
  PATTERN, COHORT, CLUSTER and/or STRATIFICATION variables.
  Number of cases with unknown or missing values:  5
   2 WARNING(S) FOUND IN THE INPUT INSTRUCTIONS



PxVx Bivariate LCM-SR - 40splitgroup - Linear bfi_o with Linear vrt_col_d;

SUMMARY OF ANALYSIS

Number of groups                                                 2
Number of observations
   Group EARLIER                                               534
   Group LATER                                                 330
   Total sample size                                           864

Number of dependent variables                                    8
Number of independent variables                                  0
Number of continuous latent variables                           12

Observed dependent variables

  Continuous
   ABFI_O      BBFI_O      CBFI_O      DBFI_O      AVRT_COL_D  BVRT_COL_D
   CVRT_COL_D  DVRT_COL_D

Continuous latent variables
   P1          P2          P3          P4          V1          V2
   V3          V4          I_BFI_O     S_BFI_O     I_VRT_CO    S_VRT_CO

Variables with special functions

  Grouping variable     AAGEGRP

  Time scores
   A1          A2          A3          A4


Estimator                                                      MLR
Information matrix                                        OBSERVED
Maximum number of iterations                                   100
Convergence criterion                                    0.100D-05
Maximum number of EM iterations                                500
Convergence criteria for the EM algorithm
  Loglikelihood change                                   0.100D-02
  Relative loglikelihood change                          0.100D-05
  Derivative                                             0.100D-03
Minimum variance                                         0.100D-03
Maximum number of steepest descent iterations                   20
Maximum number of iterations for H1                           2000
Convergence criterion for H1                             0.100D-03
Optimization algorithm                                         EMA

Input data file(s)
  /home/jflournoy/code_new/lnt_pxvx/Data/lnt_nat_recalc.tsv
Input data format  FREE


SUMMARY OF DATA

   Group EARLIER
     Number of missing data patterns            16

   Group LATER
     Number of missing data patterns            16


SUMMARY OF MISSING DATA PATTERNS


     MISSING DATA PATTERNS (x = not missing) FOR EARLIER

           1  2  3  4  5  6  7  8  9 10 11 12 13 14 15 16
 ABFI_O    x  x  x  x  x  x  x  x  x  x  x  x  x  x  x  x
 BBFI_O    x     x     x  x  x        x  x  x  x  x
 CBFI_O    x        x  x     x     x  x  x     x  x  x
 DBFI_O    x     x  x  x        x     x        x     x  x
 AVRT_COL  x  x  x  x  x  x  x  x  x  x  x  x  x  x  x  x
 BVRT_COL  x     x     x  x  x        x  x        x
 CVRT_COL  x        x        x     x  x        x  x  x
 DVRT_COL  x     x  x  x        x              x  x


     MISSING DATA PATTERN FREQUENCIES FOR EARLIER

    Pattern   Frequency     Pattern   Frequency     Pattern   Frequency
          1         327           7          19          13           2
          2         100           8          14          14           1
          3          14           9          11          15           1
          4          12          10           1          16           2
          5           1          11           1
          6          26          12           2


     MISSING DATA PATTERNS (x = not missing) FOR LATER

           1  2  3  4  5  6  7  8  9 10 11 12 13 14 15 16
 ABFI_O    x  x  x  x  x  x  x  x  x  x  x  x     x  x  x
 BBFI_O    x     x     x  x  x        x  x           x
 CBFI_O    x        x  x     x     x     x  x           x
 DBFI_O    x     x  x  x        x        x  x  x     x
 AVRT_COL  x  x  x  x  x  x  x  x  x  x  x  x  x     x  x
 BVRT_COL  x     x     x  x  x
 CVRT_COL  x        x        x     x     x  x
 DVRT_COL  x     x  x  x        x        x     x     x


     MISSING DATA PATTERN FREQUENCIES FOR LATER

    Pattern   Frequency     Pattern   Frequency     Pattern   Frequency
          1         165           7          26          13           1
          2          68           8           9          14           1
          3          12           9          10          15           1
          4           9          10           2          16           1
          5           1          11           1
          6          22          12           1


COVARIANCE COVERAGE OF DATA

Minimum covariance coverage value   0.100


     PROPORTION OF DATA PRESENT FOR EARLIER


           Covariance Coverage
              ABFI_O        BBFI_O        CBFI_O        DBFI_O        AVRT_COL
              ________      ________      ________      ________      ________
 ABFI_O         1.000
 BBFI_O         0.738         0.738
 CBFI_O         0.704         0.659         0.704
 DBFI_O         0.700         0.646         0.644         0.700
 AVRT_COL       1.000         0.738         0.704         0.700         1.000
 BVRT_COL       0.730         0.730         0.655         0.642         0.730
 CVRT_COL       0.700         0.655         0.700         0.642         0.700
 DVRT_COL       0.695         0.646         0.642         0.693         0.695


           Covariance Coverage
              BVRT_COL      CVRT_COL      DVRT_COL
              ________      ________      ________
 BVRT_COL       0.730
 CVRT_COL       0.652         0.700
 DVRT_COL       0.642         0.640         0.695


     PROPORTION OF DATA PRESENT FOR LATER


           Covariance Coverage
              ABFI_O        BBFI_O        CBFI_O        DBFI_O        AVRT_COL
              ________      ________      ________      ________      ________
 ABFI_O         1.000
 BBFI_O         0.703         0.703
 CBFI_O         0.658         0.597         0.658
 DBFI_O         0.609         0.548         0.542         0.609
 AVRT_COL       1.000         0.703         0.658         0.609         1.000
 BVRT_COL       0.697         0.697         0.594         0.545         0.697
 CVRT_COL       0.652         0.591         0.652         0.539         0.652
 DVRT_COL       0.600         0.545         0.536         0.597         0.600


           Covariance Coverage
              BVRT_COL      CVRT_COL      DVRT_COL
              ________      ________      ________
 BVRT_COL       0.697
 CVRT_COL       0.588         0.652
 DVRT_COL       0.542         0.533         0.600


SAMPLE STATISTICS


     ESTIMATED SAMPLE STATISTICS FOR EARLIER


           Means
              ABFI_O        BBFI_O        CBFI_O        DBFI_O        AVRT_COL
              ________      ________      ________      ________      ________
               74.786        73.979        72.937        72.423        66.386


           Means
              BVRT_COL      CVRT_COL      DVRT_COL
              ________      ________      ________
               64.454        63.657        63.123


           Covariances
              ABFI_O        BBFI_O        CBFI_O        DBFI_O        AVRT_COL
              ________      ________      ________      ________      ________
 ABFI_O       215.380
 BBFI_O       172.711       214.657
 CBFI_O       178.655       179.291       242.730
 DBFI_O       162.266       168.932       195.678       232.089
 AVRT_COL       7.265        11.877        -0.173        -8.434       391.684
 BVRT_COL     -16.837        -8.359       -16.786       -24.441       266.143
 CVRT_COL     -20.356        -1.123       -18.902       -23.914       250.904
 DVRT_COL     -15.460         6.443       -29.108       -26.326       271.317


           Covariances
              BVRT_COL      CVRT_COL      DVRT_COL
              ________      ________      ________
 BVRT_COL     414.260
 CVRT_COL     277.828       451.758
 DVRT_COL     287.657       309.397       443.322


           Correlations
              ABFI_O        BBFI_O        CBFI_O        DBFI_O        AVRT_COL
              ________      ________      ________      ________      ________
 ABFI_O         1.000
 BBFI_O         0.803         1.000
 CBFI_O         0.781         0.785         1.000
 DBFI_O         0.726         0.757         0.824         1.000
 AVRT_COL       0.025         0.041        -0.001        -0.028         1.000
 BVRT_COL      -0.056        -0.028        -0.053        -0.079         0.661
 CVRT_COL      -0.065        -0.004        -0.057        -0.074         0.596
 DVRT_COL      -0.050         0.021        -0.089        -0.082         0.651


           Correlations
              BVRT_COL      CVRT_COL      DVRT_COL
              ________      ________      ________
 BVRT_COL       1.000
 CVRT_COL       0.642         1.000
 DVRT_COL       0.671         0.691         1.000


     ESTIMATED SAMPLE STATISTICS FOR LATER


           Means
              ABFI_O        BBFI_O        CBFI_O        DBFI_O        AVRT_COL
              ________      ________      ________      ________      ________
               73.652        73.199        71.498        72.616        69.127


           Means
              BVRT_COL      CVRT_COL      DVRT_COL
              ________      ________      ________
               69.695        66.127        67.061


           Covariances
              ABFI_O        BBFI_O        CBFI_O        DBFI_O        AVRT_COL
              ________      ________      ________      ________      ________
 ABFI_O       235.746
 BBFI_O       205.560       244.539
 CBFI_O       218.824       226.498       283.021
 DBFI_O       217.126       218.042       243.226       272.526
 AVRT_COL     -20.611       -16.070       -34.597       -24.472       400.601
 BVRT_COL     -13.778        -1.672       -13.730        -7.239       284.267
 CVRT_COL     -21.483       -19.173       -26.423       -21.180       280.923
 DVRT_COL     -41.698       -39.839       -46.907       -37.838       286.750


           Covariances
              BVRT_COL      CVRT_COL      DVRT_COL
              ________      ________      ________
 BVRT_COL     388.664
 CVRT_COL     297.367       427.109
 DVRT_COL     315.319       323.266       407.421


           Correlations
              ABFI_O        BBFI_O        CBFI_O        DBFI_O        AVRT_COL
              ________      ________      ________      ________      ________
 ABFI_O         1.000
 BBFI_O         0.856         1.000
 CBFI_O         0.847         0.861         1.000
 DBFI_O         0.857         0.845         0.876         1.000
 AVRT_COL      -0.067        -0.051        -0.103        -0.074         1.000
 BVRT_COL      -0.046        -0.005        -0.041        -0.022         0.720
 CVRT_COL      -0.068        -0.059        -0.076        -0.062         0.679
 DVRT_COL      -0.135        -0.126        -0.138        -0.114         0.710


           Correlations
              BVRT_COL      CVRT_COL      DVRT_COL
              ________      ________      ________
 BVRT_COL       1.000
 CVRT_COL       0.730         1.000
 DVRT_COL       0.792         0.775         1.000


     MAXIMUM LOG-LIKELIHOOD VALUE FOR THE UNRESTRICTED (H1) MODEL IS -20851.085


UNIVARIATE SAMPLE STATISTICS


     UNIVARIATE HIGHER-ORDER MOMENT DESCRIPTIVE STATISTICS FOR EARLIER

         Variable/         Mean/     Skewness/   Minimum/ % with                Percentiles
        Sample Size      Variance    Kurtosis    Maximum  Min/Max      20%/60%    40%/80%    Median

     ABFI_O               74.786      -0.527      27.500    0.37%      62.500     72.500     75.000
             534.000     215.380      -0.060     100.000    2.06%      80.000     87.500
     BBFI_O               74.008      -0.480      22.500    0.25%      62.500     72.500     75.000
             394.000     207.898      -0.092     100.000    1.52%      80.000     87.500
     CBFI_O               72.846      -0.490      30.000    0.27%      60.000     70.000     75.000
             376.000     238.780      -0.316     100.000    0.53%      77.500     87.500
     DBFI_O               72.767      -0.562      22.500    0.27%      60.000     70.000     75.000
             374.000     229.182      -0.114     100.000    0.80%      77.500     85.000
     AVRT_COL_D           66.386      -0.410       8.333    0.37%      50.000     66.667     66.667
             534.000     391.684      -0.224     100.000    5.81%      75.000     83.333
     BVRT_COL_D           63.921      -0.268       8.333    0.26%      50.000     58.333     66.667
             390.000     420.034      -0.470     100.000    5.64%      75.000     83.333
     CVRT_COL_D           63.090      -0.487       0.000    0.27%      41.667     58.333     66.667
             374.000     457.400      -0.152     100.000    4.55%      66.667     83.333
     DVRT_COL_D           62.758      -0.433       0.000    0.27%      41.667     58.333     66.667
             371.000     456.797      -0.369     100.000    4.31%      66.667     83.333


     UNIVARIATE HIGHER-ORDER MOMENT DESCRIPTIVE STATISTICS FOR LATER

         Variable/         Mean/     Skewness/   Minimum/ % with                Percentiles
        Sample Size      Variance    Kurtosis    Maximum  Min/Max      20%/60%    40%/80%    Median

     ABFI_O               73.703      -0.287      30.000    0.30%      60.000     70.000     75.000
             329.000     235.448      -0.546     100.000    2.74%      80.000     87.500
     BBFI_O               73.846      -0.441      30.556    0.43%      60.000     70.000     75.000
             230.000     247.317      -0.366     100.000    1.30%      80.000     90.000
     CBFI_O               72.477      -0.595      12.500    0.47%      60.000     70.000     75.000
             214.000     281.834       0.229     100.000    2.80%      77.500     87.500
     DBFI_O               74.003      -0.723      15.000    0.50%      60.000     70.000     75.000
             200.000     281.472       0.124     100.000    0.50%      82.500     90.000
     AVRT_COL_D           69.124      -0.491       8.333    0.61%      50.000     66.667     75.000
             329.000     400.604      -0.290     100.000    7.60%      75.000     87.500
     BVRT_COL_D           69.543      -0.339       8.333    0.44%      50.000     66.667     75.000
             226.000     379.972      -0.571     100.000    7.52%      75.000     91.667
     CVRT_COL_D           65.959      -0.444       0.000    0.47%      50.000     58.333     66.667
             212.000     430.579      -0.095     100.000    6.60%      75.000     83.333
     DVRT_COL_D           66.583      -0.512       0.000    1.01%      50.000     58.333     66.667
             199.000     411.076       0.144     100.000    6.53%      75.000     83.333


THE MODEL ESTIMATION TERMINATED NORMALLY



MODEL FIT INFORMATION

Number of Free Parameters                       34

Loglikelihood

          H0 Value                      -20915.200
          H0 Scaling Correction Factor      1.1140
            for MLR

Information Criteria

          Akaike (AIC)                   41898.400
          Bayesian (BIC)                 42060.293
          Sample-Size Adjusted BIC       41952.318
            (n* = (n + 2) / 24)



MODEL RESULTS

                                                    Two-Tailed
                    Estimate       S.E.  Est./S.E.    P-Value

Group EARLIER

 P1       BY
    ABFI_O             1.000      0.000    999.000    999.000

 P2       BY
    BBFI_O             1.000      0.000    999.000    999.000

 P3       BY
    CBFI_O             1.000      0.000    999.000    999.000

 P4       BY
    DBFI_O             1.000      0.000    999.000    999.000

 V1       BY
    AVRT_COL_D         1.000      0.000    999.000    999.000

 V2       BY
    BVRT_COL_D         1.000      0.000    999.000    999.000

 V3       BY
    CVRT_COL_D         1.000      0.000    999.000    999.000

 V4       BY
    DVRT_COL_D         1.000      0.000    999.000    999.000

 P4         ON
    P3                 0.268      0.080      3.343      0.001
    V3                -0.004      0.030     -0.127      0.899

 P3         ON
    P2                 0.268      0.080      3.343      0.001
    V2                -0.004      0.030     -0.127      0.899

 P2         ON
    P1                 0.268      0.080      3.343      0.001
    V1                -0.004      0.030     -0.127      0.899

 V4         ON
    V3                 0.122      0.054      2.274      0.023
    P3                -0.078      0.086     -0.905      0.366

 V3         ON
    V2                 0.122      0.054      2.274      0.023
    P2                -0.078      0.086     -0.905      0.366

 V2         ON
    V1                 0.122      0.054      2.274      0.023
    P1                -0.078      0.086     -0.905      0.366

 S_BFI_O  WITH
    I_BFI_O            1.138      0.512      2.223      0.026
    S_VRT_COL_        -0.048      0.087     -0.553      0.581
    I_VRT_COL_         0.937      1.913      0.490      0.624

 I_BFI_O  WITH
    S_VRT_COL_        -2.019      1.999     -1.010      0.312
    I_VRT_COL_        -8.909     13.307     -0.669      0.503

 S_VRT_CO WITH
    I_VRT_COL_         0.753      0.798      0.944      0.345

 P1       WITH
    V1                16.162      7.200      2.245      0.025

 P2       WITH
    V2                -4.187      4.844     -0.864      0.387

 P3       WITH
    V3                -4.187      4.844     -0.864      0.387

 P4       WITH
    V4                -4.187      4.844     -0.864      0.387

 Means
    P1                 0.000      0.000    999.000    999.000
    V1                 0.000      0.000    999.000    999.000
    I_BFI_O           73.499      0.497    147.959      0.000
    S_BFI_O           -0.086      0.046     -1.874      0.061
    I_VRT_COL_        66.048      0.628    105.197      0.000
    S_VRT_COL_         0.143      0.058      2.440      0.015

 Intercepts
    ABFI_O             0.000      0.000    999.000    999.000
    BBFI_O             0.000      0.000    999.000    999.000
    CBFI_O             0.000      0.000    999.000    999.000
    DBFI_O             0.000      0.000    999.000    999.000
    AVRT_COL_D         0.000      0.000    999.000    999.000
    BVRT_COL_D         0.000      0.000    999.000    999.000
    CVRT_COL_D         0.000      0.000    999.000    999.000
    DVRT_COL_D         0.000      0.000    999.000    999.000
    P2                 0.000      0.000    999.000    999.000
    P3                 0.000      0.000    999.000    999.000
    P4                 0.000      0.000    999.000    999.000
    V2                 0.000      0.000    999.000    999.000
    V3                 0.000      0.000    999.000    999.000
    V4                 0.000      0.000    999.000    999.000

 Variances
    P1                57.114      7.026      8.129      0.000
    V1               148.749     15.200      9.786      0.000
    I_BFI_O          176.964     13.144     13.464      0.000
    S_BFI_O            0.030      0.097      0.311      0.756
    I_VRT_COL_       254.076     22.702     11.192      0.000
    S_VRT_COL_         0.154      0.164      0.941      0.347

 Residual Variances
    ABFI_O             0.000      0.000    999.000    999.000
    BBFI_O             0.000      0.000    999.000    999.000
    CBFI_O             0.000      0.000    999.000    999.000
    DBFI_O             0.000      0.000    999.000    999.000
    AVRT_COL_D         0.000      0.000    999.000    999.000
    BVRT_COL_D         0.000      0.000    999.000    999.000
    CVRT_COL_D         0.000      0.000    999.000    999.000
    DVRT_COL_D         0.000      0.000    999.000    999.000
    P2                57.382      4.980     11.522      0.000
    P3                57.382      4.980     11.522      0.000
    P4                57.382      4.980     11.522      0.000
    V2               162.113     10.213     15.872      0.000
    V3               162.113     10.213     15.872      0.000
    V4               162.113     10.213     15.872      0.000

Group LATER

 P1       BY
    ABFI_O             1.000      0.000    999.000    999.000

 P2       BY
    BBFI_O             1.000      0.000    999.000    999.000

 P3       BY
    CBFI_O             1.000      0.000    999.000    999.000

 P4       BY
    DBFI_O             1.000      0.000    999.000    999.000

 V1       BY
    AVRT_COL_D         1.000      0.000    999.000    999.000

 V2       BY
    BVRT_COL_D         1.000      0.000    999.000    999.000

 V3       BY
    CVRT_COL_D         1.000      0.000    999.000    999.000

 V4       BY
    DVRT_COL_D         1.000      0.000    999.000    999.000

 P4         ON
    P3                 0.167      0.097      1.709      0.087
    V3                 0.031      0.038      0.828      0.408

 P3         ON
    P2                 0.167      0.097      1.709      0.087
    V2                 0.031      0.038      0.828      0.408

 P2         ON
    P1                 0.167      0.097      1.709      0.087
    V1                 0.031      0.038      0.828      0.408

 V4         ON
    V3                 0.040      0.060      0.665      0.506
    P3                 0.048      0.102      0.468      0.640

 V3         ON
    V2                 0.040      0.060      0.665      0.506
    P2                 0.048      0.102      0.468      0.640

 V2         ON
    V1                 0.040      0.060      0.665      0.506
    P1                 0.048      0.102      0.468      0.640

 S_BFI_O  WITH
    I_BFI_O            1.138      0.512      2.223      0.026
    S_VRT_COL_        -0.048      0.087     -0.553      0.581
    I_VRT_COL_         0.937      1.913      0.490      0.624

 I_BFI_O  WITH
    S_VRT_COL_        -2.019      1.999     -1.010      0.312
    I_VRT_COL_        -8.909     13.307     -0.669      0.503

 S_VRT_CO WITH
    I_VRT_COL_         0.753      0.798      0.944      0.345

 P1       WITH
    V1                 5.745      6.139      0.936      0.349

 P2       WITH
    V2                 6.800      4.371      1.556      0.120

 P3       WITH
    V3                 6.800      4.371      1.556      0.120

 P4       WITH
    V4                 6.800      4.371      1.556      0.120

 Means
    P1                 0.000      0.000    999.000    999.000
    V1                 0.000      0.000    999.000    999.000
    I_BFI_O           73.499      0.497    147.959      0.000
    S_BFI_O           -0.086      0.046     -1.874      0.061
    I_VRT_COL_        66.048      0.628    105.197      0.000
    S_VRT_COL_         0.143      0.058      2.440      0.015

 Intercepts
    ABFI_O             0.000      0.000    999.000    999.000
    BBFI_O             0.000      0.000    999.000    999.000
    CBFI_O             0.000      0.000    999.000    999.000
    DBFI_O             0.000      0.000    999.000    999.000
    AVRT_COL_D         0.000      0.000    999.000    999.000
    BVRT_COL_D         0.000      0.000    999.000    999.000
    CVRT_COL_D         0.000      0.000    999.000    999.000
    DVRT_COL_D         0.000      0.000    999.000    999.000
    P2                 0.000      0.000    999.000    999.000
    P3                 0.000      0.000    999.000    999.000
    P4                 0.000      0.000    999.000    999.000
    V2                 0.000      0.000    999.000    999.000
    V3                 0.000      0.000    999.000    999.000
    V4                 0.000      0.000    999.000    999.000

 Variances
    P1                35.661      5.862      6.084      0.000
    V1               137.615     15.477      8.891      0.000
    I_BFI_O          176.964     13.144     13.464      0.000
    S_BFI_O            0.030      0.097      0.311      0.756
    I_VRT_COL_       254.076     22.702     11.192      0.000
    S_VRT_COL_         0.154      0.164      0.941      0.347

 Residual Variances
    ABFI_O             0.000      0.000    999.000    999.000
    BBFI_O             0.000      0.000    999.000    999.000
    CBFI_O             0.000      0.000    999.000    999.000
    DBFI_O             0.000      0.000    999.000    999.000
    AVRT_COL_D         0.000      0.000    999.000    999.000
    BVRT_COL_D         0.000      0.000    999.000    999.000
    CVRT_COL_D         0.000      0.000    999.000    999.000
    DVRT_COL_D         0.000      0.000    999.000    999.000
    P2                43.082      5.347      8.057      0.000
    P3                43.082      5.347      8.057      0.000
    P4                43.082      5.347      8.057      0.000
    V2               104.303      9.600     10.865      0.000
    V3               104.303      9.600     10.865      0.000
    V4               104.303      9.600     10.865      0.000


QUALITY OF NUMERICAL RESULTS

     Condition Number for the Information Matrix              0.200E-04
       (ratio of smallest to largest eigenvalue)


     Beginning Time:  18:09:48
        Ending Time:  18:09:51
       Elapsed Time:  00:00:03



MUTHEN & MUTHEN
3463 Stoner Ave.
Los Angeles, CA  90066

Tel: (310) 391-9971
Fax: (310) 391-8971
Web: www.StatModel.com
Support: Support@StatModel.com

Copyright (c) 1998-2017 Muthen & Muthen
