Mplus VERSION 8 (Linux)
MUTHEN & MUTHEN
07/08/2018   5:43 PM

INPUT INSTRUCTIONS


  title: PxVx Bivariate LCM-SR - 40splitgroup - Linear bfas_oi with Linear usi_d;
  data: file = /home/jflournoy/code_new/lnt_pxvx/Data/lnt_nat_recalc.tsv;

  variable:
  names =
  subjid
  aage
  aaspfin
  aaspfin_d
  abfa_mt
  abfa_mt_d
  abfas_ac
  abfas_ap
  abfas_ci
  abfas_co
  abfas_ea
  abfas_ee
  abfas_nv
  abfas_nv9
  abfas_nw
  abfas_oi
  abfas_oo
  abfi_a
  abfi_a6
  abfi_c
  abfi_d_scale
  abfi_e
  abfi_hp8
  abfi_n
  abfi_o
  abfi_s_scale
  ahrz_col
  ahrz_col_d
  ahrz_ind
  ahrz_ind_d
  amvi
  ausi
  ausi_d
  avrt_col
  avrt_col_d
  avrt_ind
  avrt_ind_d
  bage
  baspfin
  baspfin_d
  bbfa_mt
  bbfa_mt_d
  bbfas_ac
  bbfas_ap
  bbfas_ci
  bbfas_co
  bbfas_ea
  bbfas_ee
  bbfas_nv
  bbfas_nv9
  bbfas_nw
  bbfas_oi
  bbfas_oo
  bbfi_a
  bbfi_a6
  bbfi_c
  bbfi_d_scale
  bbfi_e
  bbfi_hp8
  bbfi_n
  bbfi_o
  bbfi_s_scale
  bhrz_col
  bhrz_col_d
  bhrz_ind
  bhrz_ind_d
  bmvi
  busi
  busi_d
  bvrt_col
  bvrt_col_d
  bvrt_ind
  bvrt_ind_d
  cage
  caspfin
  caspfin_d
  cbfa_mt
  cbfa_mt_d
  cbfas_ac
  cbfas_ap
  cbfas_ci
  cbfas_co
  cbfas_ea
  cbfas_ee
  cbfas_nv
  cbfas_nv9
  cbfas_nw
  cbfas_oi
  cbfas_oo
  cbfi_a
  cbfi_a6
  cbfi_c
  cbfi_d_scale
  cbfi_e
  cbfi_hp8
  cbfi_n
  cbfi_o
  cbfi_s_scale
  chrz_col
  chrz_col_d
  chrz_ind
  chrz_ind_d
  cmvi
  cusi
  cusi_d
  cvrt_col
  cvrt_col_d
  cvrt_ind
  cvrt_ind_d
  dage
  daspfin
  daspfin_d
  dbfa_mt
  dbfa_mt_d
  dbfas_ac
  dbfas_ap
  dbfas_ci
  dbfas_co
  dbfas_ea
  dbfas_ee
  dbfas_nv
  dbfas_nv9
  dbfas_nw
  dbfas_oi
  dbfas_oo
  dbfi_a
  dbfi_a6
  dbfi_c
  dbfi_d_scale
  dbfi_e
  dbfi_hp8
  dbfi_n
  dbfi_o
  dbfi_s_scale
  dhrz_col
  dhrz_col_d
  dhrz_ind
  dhrz_ind_d
  dmvi
  dusi
  dusi_d
  dvrt_col
  dvrt_col_d
  dvrt_ind
  dvrt_ind_d;

  USEVARIABLES =
  abfas_oi
  bbfas_oi
  cbfas_oi
  dbfas_oi
  ausi_d
  busi_d
  cusi_d
  dusi_d
  a1
  a2
  a3
  a4
  aagegrp
  ;

  missing = all (-9999);

  tscores = a1 a2 a3 a4;

  grouping = aagegrp (0=earlier, 1=later);

  DEFINE:

  aagegrp = aage;

  cut aagegrp (39);

  a1 = aage + 0 - 36;
  a2 = aage + 1 - 36;
  a3 = aage + 2 - 36;
  a4 = aage + 3 - 36;

  ANALYSIS:
  TYPE=RANDOM;
  PROCESSORS = 6;
  model=nocovariances; ! supresses default estimation of certain covs in model;

  MODEL:

  i_bfas_oi s_bfas_oi | abfas_oi bbfas_oi cbfas_oi dbfas_oi AT a1 a2 a3 a4;
  i_usi_d s_usi_d | ausi_d busi_d cusi_d dusi_d AT a1 a2 a3 a4;

  ! freeing factor covs because of "nocovariances"
  ! But ensure they are constrained across groups
  s_bfas_oi WITH i_bfas_oi (p)
  s_usi_d (q)
  i_usi_d (r);
  i_bfas_oi WITH s_usi_d (s)
  i_usi_d (t);
  s_usi_d WITH i_usi_d (u);

  !constrain latent growth means across groups
  [i_bfas_oi] (v);
  [s_bfas_oi] (w);
  [i_usi_d] (x);
  [s_usi_d] (y);

  !constrain latent growth variances across groups
  i_bfas_oi (l);
  s_bfas_oi (m);
  i_usi_d (n);
  s_usi_d (o);

  p1 BY abfas_oi@1; ! Residual "factors";
  p2 BY bbfas_oi@1;
  p3 BY cbfas_oi@1;
  p4 BY dbfas_oi@1;

  v1 BY ausi_d@1; ! Residual "factors";
  v2 BY busi_d@1;
  v3 BY cusi_d@1;
  v4 BY dusi_d@1;

  !residual variances on observed/manifest vars set to 0
  abfas_oi@0;
  bbfas_oi@0;
  cbfas_oi@0;
  dbfas_oi@0;

  !residual variances on observed/manifest vars set to 0
  ausi_d@0;
  busi_d@0;
  cusi_d@0;
  dusi_d@0;

  ! means of observed/manifest vars set to 0
  [abfas_oi@0];
  [bbfas_oi@0];
  [cbfas_oi@0];
  [dbfas_oi@0];

  ! means of observed/manifest vars set to 0
  [ausi_d@0];
  [busi_d@0];
  [cusi_d@0];
  [dusi_d@0];

  [p1@0]; ! means of residual "factors" set to 0
  [p2@0];
  [p3@0];
  [p4@0];

  [v1@0]; ! means of residual "factors" set to 0
  [v2@0];
  [v3@0];
  [v4@0];

  p4 on p3 (a); ! Autoregressive paths constrained to equality
  p3 on p2 (a);
  p2 on p1 (a);

  v4 on v3 (b); ! Autoregressive paths constrained to equality
  v3 on v2 (b);
  v2 on v1 (b);

  p4 on v3 (c); ! Cross-lagged paths constrained to equality
  p3 on v2 (c);
  p2 on v1 (c);

  v4 on p3 (d); ! Cross-lagged paths constrained to equality
  v3 on p2 (d);
  v2 on p1 (d);

  p1 with v1; !(this one is not like the others)

  p2 with v2 (e); ! Within-wave correlations constrained to equality
  p3 with v3 (e);
  p4 with v4 (e);

  p2 p3 p4 (f); ! estimate variances of residual "factors"
  v2 v3 v4 (g); ! estimate variances of residual "factors"

  MODEL earlier:

  p4 on p3 (a23); ! Autoregressive paths constrained to equality
  p3 on p2 (a23);
  p2 on p1 (a23);

  v4 on v3 (b23); ! Autoregressive paths constrained to equality
  v3 on v2 (b23);
  v2 on v1 (b23);

  p4 on v3 (c23); ! Cross-lagged paths constrained to equality
  p3 on v2 (c23);
  p2 on v1 (c23);

  v4 on p3 (d23); ! Cross-lagged paths constrained to equality
  v3 on p2 (d23);
  v2 on p1 (d23);

  p1 with v1; !(this one is not like the others)

  p2 with v2 (e23); ! Within-wave correlations constrained to equality
  p3 with v3 (e23);
  p4 with v4 (e23);

  p2 p3 p4 (f23); ! estimate variances of residual "factors"
  v2 v3 v4 (g23); ! estimate variances of residual "factors"

  MODEL later:

  p4 on p3 (a45); ! Autoregressive paths constrained to equality
  p3 on p2 (a45);
  p2 on p1 (a45);

  v4 on v3 (b45); ! Autoregressive paths constrained to equality
  v3 on v2 (b45);
  v2 on v1 (b45);

  p4 on v3 (c45); ! Cross-lagged paths constrained to equality
  p3 on v2 (c45);
  p2 on v1 (c45);

  v4 on p3 (d45); ! Cross-lagged paths constrained to equality
  v3 on p2 (d45);
  v2 on p1 (d45);

  p1 with v1; !(this one is not like the others)

  p2 with v2 (e45); ! Within-wave correlations constrained to equality
  p3 with v3 (e45);
  p4 with v4 (e45);

  p2 p3 p4 (f45); ! estimate variances of residual "factors"
  v2 v3 v4 (g45); ! estimate variances of residual "factors"

  OUTPUT: SAMPSTAT PATTERNS;



*** WARNING
  Data set contains unknown or missing values for GROUPING,
  PATTERN, COHORT, CLUSTER and/or STRATIFICATION variables.
  Number of cases with unknown or missing values:  5
   1 WARNING(S) FOUND IN THE INPUT INSTRUCTIONS



PxVx Bivariate LCM-SR - 40splitgroup - Linear bfas_oi with Linear usi_d;

SUMMARY OF ANALYSIS

Number of groups                                                 2
Number of observations
   Group EARLIER                                               534
   Group LATER                                                 330
   Total sample size                                           864

Number of dependent variables                                    8
Number of independent variables                                  0
Number of continuous latent variables                           12

Observed dependent variables

  Continuous
   ABFAS_OI    BBFAS_OI    CBFAS_OI    DBFAS_OI    AUSI_D      BUSI_D
   CUSI_D      DUSI_D

Continuous latent variables
   P1          P2          P3          P4          V1          V2
   V3          V4          I_BFAS_O    S_BFAS_O    I_USI_D     S_USI_D

Variables with special functions

  Grouping variable     AAGEGRP

  Time scores
   A1          A2          A3          A4


Estimator                                                      MLR
Information matrix                                        OBSERVED
Maximum number of iterations                                   100
Convergence criterion                                    0.100D-05
Maximum number of EM iterations                                500
Convergence criteria for the EM algorithm
  Loglikelihood change                                   0.100D-02
  Relative loglikelihood change                          0.100D-05
  Derivative                                             0.100D-03
Minimum variance                                         0.100D-03
Maximum number of steepest descent iterations                   20
Maximum number of iterations for H1                           2000
Convergence criterion for H1                             0.100D-03
Optimization algorithm                                         EMA

Input data file(s)
  /home/jflournoy/code_new/lnt_pxvx/Data/lnt_nat_recalc.tsv
Input data format  FREE


SUMMARY OF DATA

   Group EARLIER
     Number of missing data patterns            16

   Group LATER
     Number of missing data patterns            15


SUMMARY OF MISSING DATA PATTERNS


     MISSING DATA PATTERNS (x = not missing) FOR EARLIER

           1  2  3  4  5  6  7  8  9 10 11 12 13 14 15 16
 ABFAS_OI  x  x  x  x  x  x  x  x  x  x  x     x  x  x  x
 BBFAS_OI  x     x     x  x  x        x  x  x  x  x
 CBFAS_OI  x        x  x     x     x  x     x  x  x  x
 DBFAS_OI  x     x  x  x        x           x  x     x  x
 AUSI_D    x  x  x  x  x  x  x  x  x  x  x  x  x  x  x  x
 BUSI_D    x     x     x  x  x        x     x     x  x
 CUSI_D    x        x        x     x        x  x  x  x
 DUSI_D    x     x  x  x        x           x  x  x  x


     MISSING DATA PATTERN FREQUENCIES FOR EARLIER

    Pattern   Frequency     Pattern   Frequency     Pattern   Frequency
          1         325           7          20          13           2
          2         101           8          14          14           1
          3          14           9          12          15           1
          4          12          10           1          16           1
          5           1          11           2
          6          26          12           1


     MISSING DATA PATTERNS (x = not missing) FOR LATER

           1  2  3  4  5  6  7  8  9 10 11 12 13 14 15
 ABFAS_OI  x  x  x  x  x  x  x  x  x  x     x  x  x  x
 BBFAS_OI  x     x     x  x  x        x  x  x     x
 CBFAS_OI  x        x  x     x     x     x  x        x
 DBFAS_OI  x     x  x  x        x        x  x     x
 AUSI_D    x  x  x  x  x  x  x  x  x  x  x  x     x  x
 BUSI_D    x     x     x  x  x           x
 CUSI_D    x        x        x     x     x  x
 DUSI_D    x     x  x  x        x        x  x     x


     MISSING DATA PATTERN FREQUENCIES FOR LATER

    Pattern   Frequency     Pattern   Frequency     Pattern   Frequency
          1         164           6          21          11           1
          2          68           7          26          12           1
          3          12           8          10          13           1
          4           9           9          11          14           1
          5           1          10           3          15           1


COVARIANCE COVERAGE OF DATA

Minimum covariance coverage value   0.100


     PROPORTION OF DATA PRESENT FOR EARLIER


           Covariance Coverage
              ABFAS_OI      BBFAS_OI      CBFAS_OI      DBFAS_OI      AUSI_D
              ________      ________      ________      ________      ________
 ABFAS_OI       0.998
 BBFAS_OI       0.734         0.736
 CBFAS_OI       0.702         0.657         0.704
 DBFAS_OI       0.693         0.642         0.640         0.695
 AUSI_D         0.998         0.736         0.704         0.695         1.000
 BUSI_D         0.728         0.728         0.655         0.640         0.730
 CUSI_D         0.699         0.654         0.700         0.639         0.700
 DUSI_D         0.693         0.644         0.642         0.693         0.695


           Covariance Coverage
              BUSI_D        CUSI_D        DUSI_D
              ________      ________      ________
 BUSI_D         0.730
 CUSI_D         0.652         0.700
 DUSI_D         0.642         0.640         0.695


     PROPORTION OF DATA PRESENT FOR LATER


           Covariance Coverage
              ABFAS_OI      BBFAS_OI      CBFAS_OI      DBFAS_OI      AUSI_D
              ________      ________      ________      ________      ________
 ABFAS_OI       0.997
 BBFAS_OI       0.697         0.700
 CBFAS_OI       0.658         0.597         0.661
 DBFAS_OI       0.600         0.542         0.536         0.603
 AUSI_D         0.997         0.700         0.661         0.603         1.000
 BUSI_D         0.694         0.694         0.597         0.542         0.697
 CUSI_D         0.645         0.585         0.648         0.533         0.648
 DUSI_D         0.603         0.545         0.539         0.603         0.606


           Covariance Coverage
              BUSI_D        CUSI_D        DUSI_D
              ________      ________      ________
 BUSI_D         0.697
 CUSI_D         0.585         0.648
 DUSI_D         0.545         0.536         0.606


SAMPLE STATISTICS


     ESTIMATED SAMPLE STATISTICS FOR EARLIER


           Means
              ABFAS_OI      BBFAS_OI      CBFAS_OI      DBFAS_OI      AUSI_D
              ________      ________      ________      ________      ________
               75.973        75.290        75.287        75.570        32.140


           Means
              BUSI_D        CUSI_D        DUSI_D
              ________      ________      ________
               32.399        31.924        31.844


           Covariances
              ABFAS_OI      BBFAS_OI      CBFAS_OI      DBFAS_OI      AUSI_D
              ________      ________      ________      ________      ________
 ABFAS_OI     251.788
 BBFAS_OI     199.676       240.360
 CBFAS_OI     199.085       204.815       266.836
 DBFAS_OI     190.034       187.615       209.383       250.218
 AUSI_D       -42.814       -45.730       -44.589       -43.408       345.960
 BUSI_D       -50.600       -52.579       -52.270       -38.158       224.647
 CUSI_D       -47.304       -40.825       -54.618       -44.197       186.738
 DUSI_D       -43.809       -39.441       -54.995       -54.656       183.577


           Covariances
              BUSI_D        CUSI_D        DUSI_D
              ________      ________      ________
 BUSI_D       332.927
 CUSI_D       205.349       330.323
 DUSI_D       187.664       215.754       319.585


           Correlations
              ABFAS_OI      BBFAS_OI      CBFAS_OI      DBFAS_OI      AUSI_D
              ________      ________      ________      ________      ________
 ABFAS_OI       1.000
 BBFAS_OI       0.812         1.000
 CBFAS_OI       0.768         0.809         1.000
 DBFAS_OI       0.757         0.765         0.810         1.000
 AUSI_D        -0.145        -0.159        -0.147        -0.148         1.000
 BUSI_D        -0.175        -0.186        -0.175        -0.132         0.662
 CUSI_D        -0.164        -0.145        -0.184        -0.154         0.552
 DUSI_D        -0.154        -0.142        -0.188        -0.193         0.552


           Correlations
              BUSI_D        CUSI_D        DUSI_D
              ________      ________      ________
 BUSI_D         1.000
 CUSI_D         0.619         1.000
 DUSI_D         0.575         0.664         1.000


     ESTIMATED SAMPLE STATISTICS FOR LATER


           Means
              ABFAS_OI      BBFAS_OI      CBFAS_OI      DBFAS_OI      AUSI_D
              ________      ________      ________      ________      ________
               74.595        74.607        73.435        73.417        27.289


           Means
              BUSI_D        CUSI_D        DUSI_D
              ________      ________      ________
               25.852        26.498        27.541


           Covariances
              ABFAS_OI      BBFAS_OI      CBFAS_OI      DBFAS_OI      AUSI_D
              ________      ________      ________      ________      ________
 ABFAS_OI     258.029
 BBFAS_OI     204.697       243.547
 CBFAS_OI     214.239       213.789       264.612
 DBFAS_OI     217.479       215.699       234.134       271.411
 AUSI_D       -42.721       -27.825       -30.046       -28.315       365.044
 BUSI_D       -69.659       -55.591       -56.302       -76.152       243.121
 CUSI_D       -46.175       -36.965       -36.258       -50.653       263.443
 DUSI_D       -53.387       -43.958       -39.450       -62.688       219.778


           Covariances
              BUSI_D        CUSI_D        DUSI_D
              ________      ________      ________
 BUSI_D       366.436
 CUSI_D       267.553       413.304
 DUSI_D       219.892       281.500       365.425


           Correlations
              ABFAS_OI      BBFAS_OI      CBFAS_OI      DBFAS_OI      AUSI_D
              ________      ________      ________      ________      ________
 ABFAS_OI       1.000
 BBFAS_OI       0.817         1.000
 CBFAS_OI       0.820         0.842         1.000
 DBFAS_OI       0.822         0.839         0.874         1.000
 AUSI_D        -0.139        -0.093        -0.097        -0.090         1.000
 BUSI_D        -0.227        -0.186        -0.181        -0.241         0.665
 CUSI_D        -0.141        -0.117        -0.110        -0.151         0.678
 DUSI_D        -0.174        -0.147        -0.127        -0.199         0.602


           Correlations
              BUSI_D        CUSI_D        DUSI_D
              ________      ________      ________
 BUSI_D         1.000
 CUSI_D         0.688         1.000
 DUSI_D         0.601         0.724         1.000


     MAXIMUM LOG-LIKELIHOOD VALUE FOR THE UNRESTRICTED (H1) MODEL IS -20836.614


UNIVARIATE SAMPLE STATISTICS


     UNIVARIATE HIGHER-ORDER MOMENT DESCRIPTIVE STATISTICS FOR EARLIER

         Variable/         Mean/     Skewness/   Minimum/ % with                Percentiles
        Sample Size      Variance    Kurtosis    Maximum  Min/Max      20%/60%    40%/80%    Median

     ABFAS_OI             75.965      -0.573      15.000    0.19%      62.500     72.500     77.500
             533.000     252.091       0.018     100.000    5.44%      80.000     90.000
     BBFAS_OI             75.287      -0.411      32.500    0.51%      62.500     72.500     77.500
             393.000     234.524      -0.514     100.000    3.05%      80.000     90.000
     CBFAS_OI             75.119      -0.591      22.500    0.27%      62.500     72.500     77.500
             376.000     263.399      -0.050     100.000    4.26%      82.500     90.000
     DBFAS_OI             76.089      -0.554      20.000    0.27%      62.500     72.500     77.500
             371.000     236.764       0.027     100.000    4.58%      82.500     90.000
     AUSI_D               32.140       0.101       0.000    9.55%      16.667     25.000     33.333
             534.000     345.960      -0.328      91.667    0.37%      33.333     50.000
     BUSI_D               31.741       0.040       0.000    8.46%      16.667     25.000     33.333
             390.000     325.324      -0.395      91.667    0.51%      41.667     50.000
     CUSI_D               31.796       0.155       0.000    7.75%      16.667     25.000     33.333
             374.000     328.333      -0.440      83.333    0.27%      33.333     50.000
     DUSI_D               31.267       0.086       0.000    8.09%      16.667     25.000     33.333
             371.000     315.904      -0.415      83.333    0.54%      33.333     50.000


     UNIVARIATE HIGHER-ORDER MOMENT DESCRIPTIVE STATISTICS FOR LATER

         Variable/         Mean/     Skewness/   Minimum/ % with                Percentiles
        Sample Size      Variance    Kurtosis    Maximum  Min/Max      20%/60%    40%/80%    Median

     ABFAS_OI             74.578      -0.503      17.500    0.30%      62.500     70.000     75.000
             329.000     258.521       0.068     100.000    5.17%      80.000     90.000
     BBFAS_OI             75.192      -0.685      22.500    0.43%      62.500     75.000     76.250
             230.000     244.617       0.436     100.000    4.78%      80.000     87.500
     CBFAS_OI             74.171      -0.547      20.000    0.47%      60.000     72.500     75.000
             214.000     258.979       0.103     100.000    2.80%      80.000     90.000
     DBFAS_OI             75.229      -0.856      15.000    0.50%      62.500     72.500     77.500
             199.000     273.344       0.582     100.000    4.02%      82.500     90.000
     AUSI_D               27.280       0.299       0.000   13.07%       8.333     16.667     25.000
             329.000     365.033      -0.741      83.333    0.30%      33.333     50.000
     BUSI_D               25.741       0.546       0.000   17.33%       8.333     16.667     25.000
             225.000     363.186       0.390     100.000    0.44%      33.333     41.667
     CUSI_D               26.847       0.385       0.000   17.92%       8.333     16.667     25.000
             212.000     412.271      -0.520      91.667    0.47%      33.333     41.667
     DUSI_D               27.554       0.195       0.000   16.58%       8.333     25.000     25.000
             199.000     372.802      -0.757      83.333    0.50%      33.333     41.667


THE MODEL ESTIMATION TERMINATED NORMALLY



MODEL FIT INFORMATION

Number of Free Parameters                       34

Loglikelihood

          H0 Value                      -20856.527
          H0 Scaling Correction Factor      1.1712
            for MLR

Information Criteria

          Akaike (AIC)                   41781.053
          Bayesian (BIC)                 41942.947
          Sample-Size Adjusted BIC       41834.971
            (n* = (n + 2) / 24)



MODEL RESULTS

                                                    Two-Tailed
                    Estimate       S.E.  Est./S.E.    P-Value

Group EARLIER

 P1       BY
    ABFAS_OI           1.000      0.000    999.000    999.000

 P2       BY
    BBFAS_OI           1.000      0.000    999.000    999.000

 P3       BY
    CBFAS_OI           1.000      0.000    999.000    999.000

 P4       BY
    DBFAS_OI           1.000      0.000    999.000    999.000

 V1       BY
    AUSI_D             1.000      0.000    999.000    999.000

 V2       BY
    BUSI_D             1.000      0.000    999.000    999.000

 V3       BY
    CUSI_D             1.000      0.000    999.000    999.000

 V4       BY
    DUSI_D             1.000      0.000    999.000    999.000

 P4         ON
    P3                 0.225      0.071      3.182      0.001
    V3                -0.044      0.030     -1.438      0.150

 P3         ON
    P2                 0.225      0.071      3.182      0.001
    V2                -0.044      0.030     -1.438      0.150

 P2         ON
    P1                 0.225      0.071      3.182      0.001
    V1                -0.044      0.030     -1.438      0.150

 V4         ON
    V3                 0.212      0.051      4.108      0.000
    P3                -0.107      0.076     -1.399      0.162

 V3         ON
    V2                 0.212      0.051      4.108      0.000
    P2                -0.107      0.076     -1.399      0.162

 V2         ON
    V1                 0.212      0.051      4.108      0.000
    P1                -0.107      0.076     -1.399      0.162

 S_BFAS_O WITH
    I_BFAS_OI          0.211      0.604      0.348      0.728
    S_USI_D            0.027      0.096      0.286      0.775
    I_USI_D            0.562      1.892      0.297      0.766

 I_BFAS_O WITH
    S_USI_D           -1.489      1.884     -0.791      0.429
    I_USI_D          -43.049     12.370     -3.480      0.001

 S_USI_D  WITH
    I_USI_D            0.496      0.667      0.744      0.457

 P1       WITH
    V1                 0.232      7.331      0.032      0.975

 P2       WITH
    V2               -12.034      3.984     -3.021      0.003

 P3       WITH
    V3               -12.034      3.984     -3.021      0.003

 P4       WITH
    V4               -12.034      3.984     -3.021      0.003

 Means
    P1                 0.000      0.000    999.000    999.000
    V1                 0.000      0.000    999.000    999.000
    I_BFAS_OI         75.263      0.517    145.625      0.000
    S_BFAS_OI         -0.065      0.046     -1.418      0.156
    I_USI_D           30.488      0.561     54.380      0.000
    S_USI_D           -0.277      0.053     -5.200      0.000

 Intercepts
    ABFAS_OI           0.000      0.000    999.000    999.000
    BBFAS_OI           0.000      0.000    999.000    999.000
    CBFAS_OI           0.000      0.000    999.000    999.000
    DBFAS_OI           0.000      0.000    999.000    999.000
    AUSI_D             0.000      0.000    999.000    999.000
    BUSI_D             0.000      0.000    999.000    999.000
    CUSI_D             0.000      0.000    999.000    999.000
    DUSI_D             0.000      0.000    999.000    999.000
    P2                 0.000      0.000    999.000    999.000
    P3                 0.000      0.000    999.000    999.000
    P4                 0.000      0.000    999.000    999.000
    V2                 0.000      0.000    999.000    999.000
    V3                 0.000      0.000    999.000    999.000
    V4                 0.000      0.000    999.000    999.000

 Variances
    P1                60.626      8.680      6.985      0.000
    V1               158.002     15.932      9.917      0.000
    I_BFAS_OI        182.965     14.039     13.033      0.000
    S_BFAS_OI          0.139      0.107      1.297      0.195
    I_USI_D          184.188     18.341     10.042      0.000
    S_USI_D            0.105      0.126      0.831      0.406

 Residual Variances
    ABFAS_OI           0.000      0.000    999.000    999.000
    BBFAS_OI           0.000      0.000    999.000    999.000
    CBFAS_OI           0.000      0.000    999.000    999.000
    DBFAS_OI           0.000      0.000    999.000    999.000
    AUSI_D             0.000      0.000    999.000    999.000
    BUSI_D             0.000      0.000    999.000    999.000
    CUSI_D             0.000      0.000    999.000    999.000
    DUSI_D             0.000      0.000    999.000    999.000
    P2                59.086      5.467     10.807      0.000
    P3                59.086      5.467     10.807      0.000
    P4                59.086      5.467     10.807      0.000
    V2               139.407      9.170     15.203      0.000
    V3               139.407      9.170     15.203      0.000
    V4               139.407      9.170     15.203      0.000

Group LATER

 P1       BY
    ABFAS_OI           1.000      0.000    999.000    999.000

 P2       BY
    BBFAS_OI           1.000      0.000    999.000    999.000

 P3       BY
    CBFAS_OI           1.000      0.000    999.000    999.000

 P4       BY
    DBFAS_OI           1.000      0.000    999.000    999.000

 V1       BY
    AUSI_D             1.000      0.000    999.000    999.000

 V2       BY
    BUSI_D             1.000      0.000    999.000    999.000

 V3       BY
    CUSI_D             1.000      0.000    999.000    999.000

 V4       BY
    DUSI_D             1.000      0.000    999.000    999.000

 P4         ON
    P3                 0.072      0.083      0.873      0.383
    V3                -0.005      0.033     -0.141      0.888

 P3         ON
    P2                 0.072      0.083      0.873      0.383
    V2                -0.005      0.033     -0.141      0.888

 P2         ON
    P1                 0.072      0.083      0.873      0.383
    V1                -0.005      0.033     -0.141      0.888

 V4         ON
    V3                 0.200      0.089      2.251      0.024
    P3                -0.006      0.115     -0.056      0.956

 V3         ON
    V2                 0.200      0.089      2.251      0.024
    P2                -0.006      0.115     -0.056      0.956

 V2         ON
    V1                 0.200      0.089      2.251      0.024
    P1                -0.006      0.115     -0.056      0.956

 S_BFAS_O WITH
    I_BFAS_OI          0.211      0.604      0.348      0.728
    S_USI_D            0.027      0.096      0.286      0.775
    I_USI_D            0.562      1.892      0.297      0.766

 I_BFAS_O WITH
    S_USI_D           -1.489      1.884     -0.791      0.429
    I_USI_D          -43.049     12.370     -3.480      0.001

 S_USI_D  WITH
    I_USI_D            0.496      0.667      0.744      0.457

 P1       WITH
    V1                -6.052      7.767     -0.779      0.436

 P2       WITH
    V2                -2.193      4.770     -0.460      0.646

 P3       WITH
    V3                -2.193      4.770     -0.460      0.646

 P4       WITH
    V4                -2.193      4.770     -0.460      0.646

 Means
    P1                 0.000      0.000    999.000    999.000
    V1                 0.000      0.000    999.000    999.000
    I_BFAS_OI         75.263      0.517    145.625      0.000
    S_BFAS_OI         -0.065      0.046     -1.418      0.156
    I_USI_D           30.488      0.561     54.380      0.000
    S_USI_D           -0.277      0.053     -5.200      0.000

 Intercepts
    ABFAS_OI           0.000      0.000    999.000    999.000
    BBFAS_OI           0.000      0.000    999.000    999.000
    CBFAS_OI           0.000      0.000    999.000    999.000
    DBFAS_OI           0.000      0.000    999.000    999.000
    AUSI_D             0.000      0.000    999.000    999.000
    BUSI_D             0.000      0.000    999.000    999.000
    CUSI_D             0.000      0.000    999.000    999.000
    DUSI_D             0.000      0.000    999.000    999.000
    P2                 0.000      0.000    999.000    999.000
    P3                 0.000      0.000    999.000    999.000
    P4                 0.000      0.000    999.000    999.000
    V2                 0.000      0.000    999.000    999.000
    V3                 0.000      0.000    999.000    999.000
    V4                 0.000      0.000    999.000    999.000

 Variances
    P1                54.179      7.645      7.087      0.000
    V1               143.313     21.085      6.797      0.000
    I_BFAS_OI        182.965     14.039     13.033      0.000
    S_BFAS_OI          0.139      0.107      1.297      0.195
    I_USI_D          184.188     18.341     10.042      0.000
    S_USI_D            0.105      0.126      0.831      0.406

 Residual Variances
    ABFAS_OI           0.000      0.000    999.000    999.000
    BBFAS_OI           0.000      0.000    999.000    999.000
    CBFAS_OI           0.000      0.000    999.000    999.000
    DBFAS_OI           0.000      0.000    999.000    999.000
    AUSI_D             0.000      0.000    999.000    999.000
    BUSI_D             0.000      0.000    999.000    999.000
    CUSI_D             0.000      0.000    999.000    999.000
    DUSI_D             0.000      0.000    999.000    999.000
    P2                41.111      4.544      9.048      0.000
    P3                41.111      4.544      9.048      0.000
    P4                41.111      4.544      9.048      0.000
    V2               142.595     14.683      9.712      0.000
    V3               142.595     14.683      9.712      0.000
    V4               142.595     14.683      9.712      0.000


QUALITY OF NUMERICAL RESULTS

     Condition Number for the Information Matrix              0.305E-05
       (ratio of smallest to largest eigenvalue)


     Beginning Time:  17:43:18
        Ending Time:  17:43:21
       Elapsed Time:  00:00:03



MUTHEN & MUTHEN
3463 Stoner Ave.
Los Angeles, CA  90066

Tel: (310) 391-9971
Fax: (310) 391-8971
Web: www.StatModel.com
Support: Support@StatModel.com

Copyright (c) 1998-2017 Muthen & Muthen
