Mplus VERSION 8 (Linux)
MUTHEN & MUTHEN
07/08/2018   5:27 PM

INPUT INSTRUCTIONS


  title: PxVx Bivariate LCM-SR - decadegroup - Linear bfas_co with Linear aspfin;
  data: file = /home/jflournoy/code_new/lnt_pxvx/Data/lnt_nat_recalc.tsv;

  variable:
  names =
  subjid
  aage
  aaspfin
  aaspfin_d
  abfa_mt
  abfa_mt_d
  abfas_ac
  abfas_ap
  abfas_ci
  abfas_co
  abfas_ea
  abfas_ee
  abfas_nv
  abfas_nv9
  abfas_nw
  abfas_oi
  abfas_oo
  abfi_a
  abfi_a6
  abfi_c
  abfi_d_scale
  abfi_e
  abfi_hp8
  abfi_n
  abfi_o
  abfi_s_scale
  ahrz_col
  ahrz_col_d
  ahrz_ind
  ahrz_ind_d
  amvi
  ausi
  ausi_d
  avrt_col
  avrt_col_d
  avrt_ind
  avrt_ind_d
  bage
  baspfin
  baspfin_d
  bbfa_mt
  bbfa_mt_d
  bbfas_ac
  bbfas_ap
  bbfas_ci
  bbfas_co
  bbfas_ea
  bbfas_ee
  bbfas_nv
  bbfas_nv9
  bbfas_nw
  bbfas_oi
  bbfas_oo
  bbfi_a
  bbfi_a6
  bbfi_c
  bbfi_d_scale
  bbfi_e
  bbfi_hp8
  bbfi_n
  bbfi_o
  bbfi_s_scale
  bhrz_col
  bhrz_col_d
  bhrz_ind
  bhrz_ind_d
  bmvi
  busi
  busi_d
  bvrt_col
  bvrt_col_d
  bvrt_ind
  bvrt_ind_d
  cage
  caspfin
  caspfin_d
  cbfa_mt
  cbfa_mt_d
  cbfas_ac
  cbfas_ap
  cbfas_ci
  cbfas_co
  cbfas_ea
  cbfas_ee
  cbfas_nv
  cbfas_nv9
  cbfas_nw
  cbfas_oi
  cbfas_oo
  cbfi_a
  cbfi_a6
  cbfi_c
  cbfi_d_scale
  cbfi_e
  cbfi_hp8
  cbfi_n
  cbfi_o
  cbfi_s_scale
  chrz_col
  chrz_col_d
  chrz_ind
  chrz_ind_d
  cmvi
  cusi
  cusi_d
  cvrt_col
  cvrt_col_d
  cvrt_ind
  cvrt_ind_d
  dage
  daspfin
  daspfin_d
  dbfa_mt
  dbfa_mt_d
  dbfas_ac
  dbfas_ap
  dbfas_ci
  dbfas_co
  dbfas_ea
  dbfas_ee
  dbfas_nv
  dbfas_nv9
  dbfas_nw
  dbfas_oi
  dbfas_oo
  dbfi_a
  dbfi_a6
  dbfi_c
  dbfi_d_scale
  dbfi_e
  dbfi_hp8
  dbfi_n
  dbfi_o
  dbfi_s_scale
  dhrz_col
  dhrz_col_d
  dhrz_ind
  dhrz_ind_d
  dmvi
  dusi
  dusi_d
  dvrt_col
  dvrt_col_d
  dvrt_ind
  dvrt_ind_d;

  USEVARIABLES =
  abfas_co
  bbfas_co
  cbfas_co
  dbfas_co
  aaspfin
  baspfin
  caspfin
  daspfin
  a1
  a2
  a3
  a4
  aagegrp
  ;

  missing = all (-9999);

  tscores = a1 a2 a3 a4;

  grouping = aagegrp (0=d2, 1=d3, 2=d4, 3=d5);

  DEFINE:

  aagegrp = aage;

  cut aagegrp (29 39 49);

  a1 = aage + 0 - 36;
  a2 = aage + 1 - 36;
  a3 = aage + 2 - 36;
  a4 = aage + 3 - 36;

  ANALYSIS:
  TYPE=RANDOM;
  PROCESSORS = 6;
  model=nocovariances; ! supresses default estimation of certain covs in model;

  MODEL:

  i_bfas_co s_bfas_co | abfas_co bbfas_co cbfas_co dbfas_co AT a1 a2 a3 a4;
  i_aspfin s_aspfin | aaspfin baspfin caspfin daspfin AT a1 a2 a3 a4;

  ! freeing factor covs because of "nocovariances"
  ! But ensure they are constrained across groups
  s_bfas_co WITH i_bfas_co (p)
  s_aspfin (q)
  i_aspfin (r);
  i_bfas_co WITH s_aspfin (s)
  i_aspfin (t);
  s_aspfin WITH i_aspfin (u);

  !constrain latent growth means across groups
  [i_bfas_co] (v);
  [s_bfas_co] (w);
  [i_aspfin] (x);
  [s_aspfin] (y);

  !constrain latent growth variances across groups
  i_bfas_co (l);
  s_bfas_co (m);
  i_aspfin (n);
  s_aspfin (o);

  p1 BY abfas_co@1; ! Residual "factors";
  p2 BY bbfas_co@1;
  p3 BY cbfas_co@1;
  p4 BY dbfas_co@1;

  v1 BY aaspfin@1; ! Residual "factors";
  v2 BY baspfin@1;
  v3 BY caspfin@1;
  v4 BY daspfin@1;

  !residual variances on observed/manifest vars set to 0
  abfas_co@0;
  bbfas_co@0;
  cbfas_co@0;
  dbfas_co@0;

  !residual variances on observed/manifest vars set to 0
  aaspfin@0;
  baspfin@0;
  caspfin@0;
  daspfin@0;

  ! means of observed/manifest vars set to 0
  [abfas_co@0];
  [bbfas_co@0];
  [cbfas_co@0];
  [dbfas_co@0];

  ! means of observed/manifest vars set to 0
  [aaspfin@0];
  [baspfin@0];
  [caspfin@0];
  [daspfin@0];

  [p1@0]; ! means of residual "factors" set to 0
  [p2@0];
  [p3@0];
  [p4@0];

  [v1@0]; ! means of residual "factors" set to 0
  [v2@0];
  [v3@0];
  [v4@0];

  p4 on p3 (a); ! Autoregressive paths constrained to equality
  p3 on p2 (a);
  p2 on p1 (a);

  v4 on v3 (b); ! Autoregressive paths constrained to equality
  v3 on v2 (b);
  v2 on v1 (b);

  p4 on v3 (c); ! Cross-lagged paths constrained to equality
  p3 on v2 (c);
  p2 on v1 (c);

  v4 on p3 (d); ! Cross-lagged paths constrained to equality
  v3 on p2 (d);
  v2 on p1 (d);

  p1 with v1; !(this one is not like the others)

  p2 with v2 (e); ! Within-wave correlations constrained to equality
  p3 with v3 (e);
  p4 with v4 (e);

  p2 p3 p4 (f); ! estimate variances of residual "factors"
  v2 v3 v4 (g); ! estimate variances of residual "factors"

  MODEL d2:

  p4 on p3 (a2); ! Autoregressive paths constrained to equality
  p3 on p2 (a2);
  p2 on p1 (a2);

  v4 on v3 (b2); ! Autoregressive paths constrained to equality
  v3 on v2 (b2);
  v2 on v1 (b2);

  p4 on v3 (c2); ! Cross-lagged paths constrained to equality
  p3 on v2 (c2);
  p2 on v1 (c2);

  v4 on p3 (d2); ! Cross-lagged paths constrained to equality
  v3 on p2 (d2);
  v2 on p1 (d2);

  p1 with v1; !(this one is not like the others)

  p2 with v2 (e2); ! Within-wave correlations constrained to equality
  p3 with v3 (e2);
  p4 with v4 (e2);

  p2 p3 p4 (f2); ! estimate variances of residual "factors"
  v2 v3 v4 (g2); ! estimate variances of residual "factors"

  MODEL d3:

  p4 on p3 (a3); ! Autoregressive paths constrained to equality
  p3 on p2 (a3);
  p2 on p1 (a3);

  v4 on v3 (b3); ! Autoregressive paths constrained to equality
  v3 on v2 (b3);
  v2 on v1 (b3);

  p4 on v3 (c3); ! Cross-lagged paths constrained to equality
  p3 on v2 (c3);
  p2 on v1 (c3);

  v4 on p3 (d3); ! Cross-lagged paths constrained to equality
  v3 on p2 (d3);
  v2 on p1 (d3);

  p1 with v1; !(this one is not like the others)

  p2 with v2 (e3); ! Within-wave correlations constrained to equality
  p3 with v3 (e3);
  p4 with v4 (e3);

  p2 p3 p4 (f3); ! estimate variances of residual "factors"
  v2 v3 v4 (g3); ! estimate variances of residual "factors"

  MODEL d4:

  p4 on p3 (a4); ! Autoregressive paths constrained to equality
  p3 on p2 (a4);
  p2 on p1 (a4);

  v4 on v3 (b4); ! Autoregressive paths constrained to equality
  v3 on v2 (b4);
  v2 on v1 (b4);

  p4 on v3 (c4); ! Cross-lagged paths constrained to equality
  p3 on v2 (c4);
  p2 on v1 (c4);

  v4 on p3 (d4); ! Cross-lagged paths constrained to equality
  v3 on p2 (d4);
  v2 on p1 (d4);

  p1 with v1; !(this one is not like the others)

  p2 with v2 (e4); ! Within-wave correlations constrained to equality
  p3 with v3 (e4);
  p4 with v4 (e4);

  p2 p3 p4 (f4); ! estimate variances of residual "factors"
  v2 v3 v4 (g4); ! estimate variances of residual "factors"

  MODEL d5:

  p4 on p3 (a5); ! Autoregressive paths constrained to equality
  p3 on p2 (a5);
  p2 on p1 (a5);

  v4 on v3 (b5); ! Autoregressive paths constrained to equality
  v3 on v2 (b5);
  v2 on v1 (b5);

  p4 on v3 (c5); ! Cross-lagged paths constrained to equality
  p3 on v2 (c5);
  p2 on v1 (c5);

  v4 on p3 (d5); ! Cross-lagged paths constrained to equality
  v3 on p2 (d5);
  v2 on p1 (d5);

  p1 with v1; !(this one is not like the others)

  p2 with v2 (e5); ! Within-wave correlations constrained to equality
  p3 with v3 (e5);
  p4 with v4 (e5);

  p2 p3 p4 (f5); ! estimate variances of residual "factors"
  v2 v3 v4 (g5); ! estimate variances of residual "factors"

  OUTPUT: SAMPSTAT PATTERNS;



*** WARNING
  Data set contains unknown or missing values for GROUPING,
  PATTERN, COHORT, CLUSTER and/or STRATIFICATION variables.
  Number of cases with unknown or missing values:  5
   1 WARNING(S) FOUND IN THE INPUT INSTRUCTIONS



PxVx Bivariate LCM-SR - decadegroup - Linear bfas_co with Linear aspfin;

SUMMARY OF ANALYSIS

Number of groups                                                 4
Number of observations
   Group D2                                                    301
   Group D3                                                    233
   Group D4                                                    198
   Group D5                                                    132
   Total sample size                                           864

Number of dependent variables                                    8
Number of independent variables                                  0
Number of continuous latent variables                           12

Observed dependent variables

  Continuous
   ABFAS_CO    BBFAS_CO    CBFAS_CO    DBFAS_CO    AASPFIN     BASPFIN
   CASPFIN     DASPFIN

Continuous latent variables
   P1          P2          P3          P4          V1          V2
   V3          V4          I_BFAS_C    S_BFAS_C    I_ASPFIN    S_ASPFIN

Variables with special functions

  Grouping variable     AAGEGRP

  Time scores
   A1          A2          A3          A4


Estimator                                                      MLR
Information matrix                                        OBSERVED
Maximum number of iterations                                   100
Convergence criterion                                    0.100D-05
Maximum number of EM iterations                                500
Convergence criteria for the EM algorithm
  Loglikelihood change                                   0.100D-02
  Relative loglikelihood change                          0.100D-05
  Derivative                                             0.100D-03
Minimum variance                                         0.100D-03
Maximum number of steepest descent iterations                   20
Maximum number of iterations for H1                           2000
Convergence criterion for H1                             0.100D-03
Optimization algorithm                                         EMA

Input data file(s)
  /home/jflournoy/code_new/lnt_pxvx/Data/lnt_nat_recalc.tsv
Input data format  FREE


SUMMARY OF DATA

   Group D2
     Number of missing data patterns            13

   Group D3
     Number of missing data patterns            10

   Group D4
     Number of missing data patterns            14

   Group D5
     Number of missing data patterns             9


SUMMARY OF MISSING DATA PATTERNS


     MISSING DATA PATTERNS (x = not missing) FOR D2

           1  2  3  4  5  6  7  8  9 10 11 12 13
 ABFAS_CO  x  x  x  x  x  x  x  x  x     x  x  x
 BBFAS_CO  x     x  x  x     x        x  x     x
 CBFAS_CO  x           x        x  x  x  x  x  x
 DBFAS_CO  x     x        x        x  x     x  x
 AASPFIN   x  x  x  x  x  x     x  x  x  x  x  x
 BASPFIN   x     x  x  x     x        x  x  x
 CASPFIN   x           x        x  x  x  x  x  x
 DASPFIN   x     x        x        x  x  x  x  x


     MISSING DATA PATTERN FREQUENCIES FOR D2

    Pattern   Frequency     Pattern   Frequency     Pattern   Frequency
          1         187           6          11          11           1
          2          57           7           1          12           1
          3           6           8           5          13           1
          4          11           9           5
          5          14          10           1


     MISSING DATA PATTERNS (x = not missing) FOR D3

           1  2  3  4  5  6  7  8  9 10
 ABFAS_CO  x  x  x  x  x  x  x  x  x  x
 BBFAS_CO  x     x  x  x           x
 CBFAS_CO  x           x     x  x
 DBFAS_CO  x     x        x     x     x
 AASPFIN   x  x  x  x  x  x  x  x  x  x
 BASPFIN   x     x  x  x
 CASPFIN   x           x     x  x
 DASPFIN   x     x        x     x


     MISSING DATA PATTERN FREQUENCIES FOR D3

    Pattern   Frequency     Pattern   Frequency     Pattern   Frequency
          1         140           5           7           9           1
          2          44           6           3          10           1
          3           8           7           7
          4          15           8           7


     MISSING DATA PATTERNS (x = not missing) FOR D4

           1  2  3  4  5  6  7  8  9 10 11 12 13 14
 ABFAS_CO  x  x  x  x  x  x  x  x  x  x  x  x  x  x
 BBFAS_CO  x     x  x  x              x  x  x     x
 CBFAS_CO  x           x     x  x  x  x     x
 DBFAS_CO  x     x        x     x  x  x     x     x
 AASPFIN   x  x  x  x  x  x  x  x  x  x  x  x     x
 BASPFIN   x     x  x  x           x        x
 CASPFIN   x           x     x  x  x  x
 DASPFIN   x     x        x     x  x  x     x     x


     MISSING DATA PATTERN FREQUENCIES FOR D4

    Pattern   Frequency     Pattern   Frequency     Pattern   Frequency
          1         103           6           4          11           2
          2          39           7           6          12           1
          3           7           8           5          13           1
          4          12           9           1          14           1
          5          15          10           1


     MISSING DATA PATTERNS (x = not missing) FOR D5

           1  2  3  4  5  6  7  8  9
 ABFAS_CO  x  x  x  x  x  x  x  x
 BBFAS_CO  x     x  x  x           x
 CBFAS_CO  x           x     x  x  x
 DBFAS_CO  x     x        x     x  x
 AASPFIN   x  x  x  x  x  x  x  x  x
 BASPFIN   x     x  x  x           x
 CASPFIN   x           x     x  x  x
 DASPFIN   x     x        x     x  x


     MISSING DATA PATTERN FREQUENCIES FOR D5

    Pattern   Frequency     Pattern   Frequency     Pattern   Frequency
          1          60           4          10           7           6
          2          29           5          11           8           4
          3           5           6           6           9           1


COVARIANCE COVERAGE OF DATA

Minimum covariance coverage value   0.100


     PROPORTION OF DATA PRESENT FOR D2


           Covariance Coverage
              ABFAS_CO      BBFAS_CO      CBFAS_CO      DBFAS_CO      AASPFIN
              ________      ________      ________      ________      ________
 ABFAS_CO       0.997
 BBFAS_CO       0.734         0.738
 CBFAS_CO       0.711         0.678         0.714
 DBFAS_CO       0.701         0.648         0.648         0.704
 AASPFIN        0.993         0.734         0.714         0.704         0.997
 BASPFIN        0.734         0.734         0.678         0.648         0.734
 CASPFIN        0.711         0.678         0.714         0.648         0.714
 DASPFIN        0.704         0.651         0.651         0.704         0.708


           Covariance Coverage
              BASPFIN       CASPFIN       DASPFIN
              ________      ________      ________
 BASPFIN        0.738
 CASPFIN        0.678         0.714
 DASPFIN        0.651         0.651         0.708


     PROPORTION OF DATA PRESENT FOR D3


           Covariance Coverage
              ABFAS_CO      BBFAS_CO      CBFAS_CO      DBFAS_CO      AASPFIN
              ________      ________      ________      ________      ________
 ABFAS_CO       0.996
 BBFAS_CO       0.760         0.764
 CBFAS_CO       0.665         0.635         0.670
 DBFAS_CO       0.652         0.639         0.609         0.657
 AASPFIN        0.966         0.734         0.670         0.657         0.970
 BASPFIN        0.760         0.764         0.635         0.639         0.734
 CASPFIN        0.665         0.635         0.670         0.609         0.670
 DASPFIN        0.652         0.639         0.609         0.657         0.657


           Covariance Coverage
              BASPFIN       CASPFIN       DASPFIN
              ________      ________      ________
 BASPFIN        0.764
 CASPFIN        0.635         0.670
 DASPFIN        0.639         0.609         0.657


     PROPORTION OF DATA PRESENT FOR D4


           Covariance Coverage
              ABFAS_CO      BBFAS_CO      CBFAS_CO      DBFAS_CO      AASPFIN
              ________      ________      ________      ________      ________
 ABFAS_CO       0.995
 BBFAS_CO       0.742         0.747
 CBFAS_CO       0.646         0.616         0.652
 DBFAS_CO       0.591         0.566         0.540         0.596
 AASPFIN        0.965         0.717         0.652         0.596         0.970
 BASPFIN        0.737         0.737         0.616         0.566         0.712
 CASPFIN        0.646         0.616         0.652         0.540         0.652
 DASPFIN        0.601         0.576         0.551         0.596         0.606


           Covariance Coverage
              BASPFIN       CASPFIN       DASPFIN
              ________      ________      ________
 BASPFIN        0.742
 CASPFIN        0.616         0.652
 DASPFIN        0.576         0.551         0.606


     PROPORTION OF DATA PRESENT FOR D5


           Covariance Coverage
              ABFAS_CO      BBFAS_CO      CBFAS_CO      DBFAS_CO      AASPFIN
              ________      ________      ________      ________      ________
 ABFAS_CO       1.000
 BBFAS_CO       0.697         0.697
 CBFAS_CO       0.576         0.538         0.576
 DBFAS_CO       0.545         0.492         0.462         0.545
 AASPFIN        0.955         0.652         0.576         0.545         0.955
 BASPFIN        0.697         0.697         0.538         0.492         0.652
 CASPFIN        0.576         0.538         0.576         0.462         0.576
 DASPFIN        0.545         0.492         0.462         0.545         0.545


           Covariance Coverage
              BASPFIN       CASPFIN       DASPFIN
              ________      ________      ________
 BASPFIN        0.697
 CASPFIN        0.538         0.576
 DASPFIN        0.492         0.462         0.545


SAMPLE STATISTICS


     ESTIMATED SAMPLE STATISTICS FOR D2


           Means
              ABFAS_CO      BBFAS_CO      CBFAS_CO      DBFAS_CO      AASPFIN
              ________      ________      ________      ________      ________
               59.809        59.419        60.868        60.880        49.960


           Means
              BASPFIN       CASPFIN       DASPFIN
              ________      ________      ________
               49.999        49.696        48.124


           Covariances
              ABFAS_CO      BBFAS_CO      CBFAS_CO      DBFAS_CO      AASPFIN
              ________      ________      ________      ________      ________
 ABFAS_CO     299.128
 BBFAS_CO     232.864       292.166
 CBFAS_CO     215.177       221.008       266.750
 DBFAS_CO     211.717       214.797       216.837       274.996
 AASPFIN      109.061        53.816        67.918        52.535       543.106
 BASPFIN       91.140        41.976        40.734        63.029       399.228
 CASPFIN      103.483        64.438        61.922        57.495       411.490
 DASPFIN       87.597        60.974        75.324        83.706       387.149


           Covariances
              BASPFIN       CASPFIN       DASPFIN
              ________      ________      ________
 BASPFIN      519.144
 CASPFIN      436.376       578.242
 DASPFIN      417.102       450.273       604.528


           Correlations
              ABFAS_CO      BBFAS_CO      CBFAS_CO      DBFAS_CO      AASPFIN
              ________      ________      ________      ________      ________
 ABFAS_CO       1.000
 BBFAS_CO       0.788         1.000
 CBFAS_CO       0.762         0.792         1.000
 DBFAS_CO       0.738         0.758         0.801         1.000
 AASPFIN        0.271         0.135         0.178         0.136         1.000
 BASPFIN        0.231         0.108         0.109         0.167         0.752
 CASPFIN        0.249         0.157         0.158         0.144         0.734
 DASPFIN        0.206         0.145         0.188         0.205         0.676


           Correlations
              BASPFIN       CASPFIN       DASPFIN
              ________      ________      ________
 BASPFIN        1.000
 CASPFIN        0.796         1.000
 DASPFIN        0.745         0.762         1.000


     ESTIMATED SAMPLE STATISTICS FOR D3


           Means
              ABFAS_CO      BBFAS_CO      CBFAS_CO      DBFAS_CO      AASPFIN
              ________      ________      ________      ________      ________
               63.452        63.126        63.663        63.659        48.677


           Means
              BASPFIN       CASPFIN       DASPFIN
              ________      ________      ________
               48.534        49.157        49.052


           Covariances
              ABFAS_CO      BBFAS_CO      CBFAS_CO      DBFAS_CO      AASPFIN
              ________      ________      ________      ________      ________
 ABFAS_CO     267.820
 BBFAS_CO     216.517       278.598
 CBFAS_CO     212.099       225.663       267.129
 DBFAS_CO     200.673       206.558       216.757       261.159
 AASPFIN       41.927        47.531        29.460        19.475       503.648
 BASPFIN       47.834        79.831        40.687        27.199       446.042
 CASPFIN       49.517        65.330        46.001        24.204       413.452
 DASPFIN       32.752        43.576        34.386        10.752       430.732


           Covariances
              BASPFIN       CASPFIN       DASPFIN
              ________      ________      ________
 BASPFIN      601.786
 CASPFIN      490.458       588.437
 DASPFIN      475.756       452.161       560.850


           Correlations
              ABFAS_CO      BBFAS_CO      CBFAS_CO      DBFAS_CO      AASPFIN
              ________      ________      ________      ________      ________
 ABFAS_CO       1.000
 BBFAS_CO       0.793         1.000
 CBFAS_CO       0.793         0.827         1.000
 DBFAS_CO       0.759         0.766         0.821         1.000
 AASPFIN        0.114         0.127         0.080         0.054         1.000
 BASPFIN        0.119         0.195         0.101         0.069         0.810
 CASPFIN        0.125         0.161         0.116         0.062         0.759
 DASPFIN        0.085         0.110         0.089         0.028         0.810


           Correlations
              BASPFIN       CASPFIN       DASPFIN
              ________      ________      ________
 BASPFIN        1.000
 CASPFIN        0.824         1.000
 DASPFIN        0.819         0.787         1.000


     ESTIMATED SAMPLE STATISTICS FOR D4


           Means
              ABFAS_CO      BBFAS_CO      CBFAS_CO      DBFAS_CO      AASPFIN
              ________      ________      ________      ________      ________
               62.522        62.678        62.569        62.292        46.833


           Means
              BASPFIN       CASPFIN       DASPFIN
              ________      ________      ________
               46.211        47.758        48.530


           Covariances
              ABFAS_CO      BBFAS_CO      CBFAS_CO      DBFAS_CO      AASPFIN
              ________      ________      ________      ________      ________
 ABFAS_CO     249.755
 BBFAS_CO     216.173       263.644
 CBFAS_CO     219.128       233.014       273.766
 DBFAS_CO     210.714       228.220       232.508       283.786
 AASPFIN       68.265        65.732        63.252        84.872       465.958
 BASPFIN       67.220        54.362        67.402        78.070       355.637
 CASPFIN       62.801        54.688        50.398        77.022       314.994
 DASPFIN       72.120        60.685        52.589        78.820       323.204


           Covariances
              BASPFIN       CASPFIN       DASPFIN
              ________      ________      ________
 BASPFIN      464.870
 CASPFIN      338.357       415.311
 DASPFIN      341.972       341.973       441.858


           Correlations
              ABFAS_CO      BBFAS_CO      CBFAS_CO      DBFAS_CO      AASPFIN
              ________      ________      ________      ________      ________
 ABFAS_CO       1.000
 BBFAS_CO       0.842         1.000
 CBFAS_CO       0.838         0.867         1.000
 DBFAS_CO       0.791         0.834         0.834         1.000
 AASPFIN        0.200         0.188         0.177         0.233         1.000
 BASPFIN        0.197         0.155         0.189         0.215         0.764
 CASPFIN        0.195         0.165         0.149         0.224         0.716
 DASPFIN        0.217         0.178         0.151         0.223         0.712


           Correlations
              BASPFIN       CASPFIN       DASPFIN
              ________      ________      ________
 BASPFIN        1.000
 CASPFIN        0.770         1.000
 DASPFIN        0.755         0.798         1.000


     ESTIMATED SAMPLE STATISTICS FOR D5


           Means
              ABFAS_CO      BBFAS_CO      CBFAS_CO      DBFAS_CO      AASPFIN
              ________      ________      ________      ________      ________
               62.542        62.393        61.384        61.938        47.112


           Means
              BASPFIN       CASPFIN       DASPFIN
              ________      ________      ________
               47.505        47.467        48.356


           Covariances
              ABFAS_CO      BBFAS_CO      CBFAS_CO      DBFAS_CO      AASPFIN
              ________      ________      ________      ________      ________
 ABFAS_CO     236.961
 BBFAS_CO     178.562       225.285
 CBFAS_CO     184.833       191.618       226.747
 DBFAS_CO     200.096       187.359       205.240       253.176
 AASPFIN       62.256        43.056        62.695        69.692       395.410
 BASPFIN       42.223        24.500        49.579        63.785       307.459
 CASPFIN       34.426        -3.230        26.151        36.197       306.637
 DASPFIN       34.832        19.654        36.436        53.176       295.601


           Covariances
              BASPFIN       CASPFIN       DASPFIN
              ________      ________      ________
 BASPFIN      422.659
 CASPFIN      342.490       443.021
 DASPFIN      335.507       339.533       434.937


           Correlations
              ABFAS_CO      BBFAS_CO      CBFAS_CO      DBFAS_CO      AASPFIN
              ________      ________      ________      ________      ________
 ABFAS_CO       1.000
 BBFAS_CO       0.773         1.000
 CBFAS_CO       0.797         0.848         1.000
 DBFAS_CO       0.817         0.785         0.857         1.000
 AASPFIN        0.203         0.144         0.209         0.220         1.000
 BASPFIN        0.133         0.079         0.160         0.195         0.752
 CASPFIN        0.106        -0.010         0.083         0.108         0.733
 DASPFIN        0.108         0.063         0.116         0.160         0.713


           Correlations
              BASPFIN       CASPFIN       DASPFIN
              ________      ________      ________
 BASPFIN        1.000
 CASPFIN        0.791         1.000
 DASPFIN        0.783         0.773         1.000


     MAXIMUM LOG-LIKELIHOOD VALUE FOR THE UNRESTRICTED (H1) MODEL IS -21070.606


UNIVARIATE SAMPLE STATISTICS


     UNIVARIATE HIGHER-ORDER MOMENT DESCRIPTIVE STATISTICS FOR D2

         Variable/         Mean/     Skewness/   Minimum/ % with                Percentiles
        Sample Size      Variance    Kurtosis    Maximum  Min/Max      20%/60%    40%/80%    Median

     ABFAS_CO             59.742      -0.189      10.000    0.67%      45.000     55.000     60.000
             300.000     298.471      -0.299     100.000    0.33%      65.000     75.000
     BBFAS_CO             60.000       0.027      12.500    0.45%      45.000     55.000     60.000
             222.000     293.131      -0.460      97.500    0.90%      62.500     75.000
     CBFAS_CO             61.181      -0.126      20.000    0.47%      47.500     57.500     60.000
             215.000     266.060      -0.446      97.500    0.47%      65.000     75.000
     DBFAS_CO             61.439      -0.130       7.500    0.47%      45.000     57.500     62.500
             212.000     277.647      -0.336     100.000    0.94%      67.500     75.000
     AASPFIN              50.022       0.093       0.000    2.00%      30.000     45.000     50.000
             300.000     542.967      -0.569     100.000    2.33%      55.000     70.000
     BASPFIN              49.510       0.182       0.000    0.90%      30.000     40.000     50.000
             222.000     518.770      -0.686     100.000    2.25%      55.000     70.000
     CASPFIN              49.953       0.245       0.000    0.47%      25.000     40.000     50.000
             215.000     571.161      -0.808     100.000    2.79%      55.000     70.000
     DASPFIN              47.958       0.215       0.000    0.94%      25.000     40.000     45.000
             213.000     612.144      -0.854     100.000    2.82%      55.000     70.000


     UNIVARIATE HIGHER-ORDER MOMENT DESCRIPTIVE STATISTICS FOR D3

         Variable/         Mean/     Skewness/   Minimum/ % with                Percentiles
        Sample Size      Variance    Kurtosis    Maximum  Min/Max      20%/60%    40%/80%    Median

     ABFAS_CO             63.452      -0.209      15.000    0.43%      50.000     57.500     65.000
             233.000     267.820      -0.397     100.000    0.43%      67.500     77.500
     BBFAS_CO             63.309      -0.188      17.500    0.58%      47.500     60.000     65.000
             171.000     285.305      -0.620     100.000    1.17%      67.500     77.778
     CBFAS_CO             63.436      -0.153      25.000    0.62%      47.500     60.000     65.000
             161.000     275.117      -0.583     100.000    0.62%      67.500     80.000
     DBFAS_CO             63.526      -0.043      25.000    0.63%      47.500     60.000     62.500
             159.000     265.385      -0.722     100.000    1.26%      67.500     80.000
     AASPFIN              48.677       0.286       0.000    1.29%      30.000     40.000     45.000
             233.000     503.648      -0.457     100.000    2.58%      50.000     70.000
     BASPFIN              48.493       0.297       0.000    1.18%      25.000     40.000     45.000
             170.000     621.009      -0.678     100.000    4.71%      55.000     70.000
     CASPFIN              48.665       0.321       0.000    0.62%      25.000     40.000     45.000
             161.000     609.552      -0.724     100.000    3.11%      50.000     70.000
     DASPFIN              48.679       0.221       5.000    1.27%      25.000     40.000     45.000
             158.000     581.650      -0.853     100.000    3.80%      55.000     70.000


     UNIVARIATE HIGHER-ORDER MOMENT DESCRIPTIVE STATISTICS FOR D4

         Variable/         Mean/     Skewness/   Minimum/ % with                Percentiles
        Sample Size      Variance    Kurtosis    Maximum  Min/Max      20%/60%    40%/80%    Median

     ABFAS_CO             62.522      -0.234      22.500    0.51%      47.500     60.000     62.500
             198.000     249.755      -0.367      97.500    0.51%      67.500     75.000
     BBFAS_CO             62.649      -0.083      27.500    2.82%      47.500     57.500     62.500
             142.000     264.210      -0.603      97.500    0.70%      67.500     77.500
     CBFAS_CO             61.787      -0.274      20.000    0.76%      45.000     57.500     62.500
             132.000     301.706      -0.560      97.500    0.76%      67.500     77.500
     DBFAS_CO             63.008      -0.452      15.000    0.81%      47.500     60.000     65.000
             123.000     287.394      -0.189      95.000    1.63%      70.000     77.500
     AASPFIN              46.846       0.347       0.000    1.02%      25.000     40.000     45.000
             197.000     466.015      -0.307     100.000    1.52%      50.000     65.000
     BASPFIN              45.902       0.447       5.000    0.72%      25.000     40.000     45.000
             139.000     457.670      -0.142     100.000    2.16%      45.000     60.000
     CASPFIN              48.330       0.228       0.000    1.53%      30.000     40.000     50.000
             131.000     415.926      -0.373     100.000    0.76%      50.000     65.000
     DASPFIN              48.333       0.233       0.000    0.81%      30.000     40.000     45.000
             123.000     439.702      -0.438      95.000    4.07%      55.000     65.000


     UNIVARIATE HIGHER-ORDER MOMENT DESCRIPTIVE STATISTICS FOR D5

         Variable/         Mean/     Skewness/   Minimum/ % with                Percentiles
        Sample Size      Variance    Kurtosis    Maximum  Min/Max      20%/60%    40%/80%    Median

     ABFAS_CO             62.680      -0.333      10.000    0.76%      50.000     60.000     65.000
             131.000     235.769       0.224     100.000    0.76%      65.625     77.500
     BBFAS_CO             63.357      -0.012      30.556    1.15%      50.000     60.000     62.500
              87.000     219.958      -0.643      95.000    1.15%      67.500     77.500
     CBFAS_CO             61.816       0.196      35.000    3.66%      47.500     55.000     62.500
              82.000     220.143      -0.763     100.000    1.22%      67.500     75.000
     DBFAS_CO             62.928      -0.388      17.500    1.32%      50.000     60.000     63.750
              76.000     258.781       0.161     100.000    1.32%      70.000     75.000
     AASPFIN              47.112       0.407       0.000    0.76%      30.000     40.000     45.000
             132.000     395.410       0.099     100.000    1.52%      50.000     60.000
     BASPFIN              47.874       0.483      10.000    1.15%      30.000     40.000     45.000
              87.000     418.323      -0.313     100.000    2.30%      50.000     65.000
     CASPFIN              46.768       0.356       5.000    1.22%      25.000     40.000     45.000
              82.000     458.763      -0.244     100.000    2.44%      50.000     65.000
     DASPFIN              48.783       0.545      15.000    1.32%      30.000     40.000     45.000
              76.000     447.943      -0.500     100.000    2.63%      50.000     70.000


THE MODEL ESTIMATION TERMINATED NORMALLY



MODEL FIT INFORMATION

Number of Free Parameters                       54

Loglikelihood

          H0 Value                      -21127.340
          H0 Scaling Correction Factor      1.1815
            for MLR

Information Criteria

          Akaike (AIC)                   42362.679
          Bayesian (BIC)                 42619.804
          Sample-Size Adjusted BIC       42448.314
            (n* = (n + 2) / 24)



MODEL RESULTS

                                                    Two-Tailed
                    Estimate       S.E.  Est./S.E.    P-Value

Group D2

 P1       BY
    ABFAS_CO           1.000      0.000    999.000    999.000

 P2       BY
    BBFAS_CO           1.000      0.000    999.000    999.000

 P3       BY
    CBFAS_CO           1.000      0.000    999.000    999.000

 P4       BY
    DBFAS_CO           1.000      0.000    999.000    999.000

 V1       BY
    AASPFIN            1.000      0.000    999.000    999.000

 V2       BY
    BASPFIN            1.000      0.000    999.000    999.000

 V3       BY
    CASPFIN            1.000      0.000    999.000    999.000

 V4       BY
    DASPFIN            1.000      0.000    999.000    999.000

 P4         ON
    P3                 0.162      0.086      1.872      0.061
    V3                -0.078      0.042     -1.858      0.063

 P3         ON
    P2                 0.162      0.086      1.872      0.061
    V2                -0.078      0.042     -1.858      0.063

 P2         ON
    P1                 0.162      0.086      1.872      0.061
    V1                -0.078      0.042     -1.858      0.063

 V4         ON
    V3                 0.188      0.107      1.753      0.080
    P3                 0.073      0.095      0.768      0.442

 V3         ON
    V2                 0.188      0.107      1.753      0.080
    P2                 0.073      0.095      0.768      0.442

 V2         ON
    V1                 0.188      0.107      1.753      0.080
    P1                 0.073      0.095      0.768      0.442

 S_BFAS_C WITH
    I_BFAS_CO         -0.612      0.599     -1.023      0.306
    S_ASPFIN           0.072      0.106      0.677      0.499
    I_ASPFIN          -0.787      2.239     -0.352      0.725

 I_BFAS_C WITH
    S_ASPFIN          -0.224      2.389     -0.094      0.925
    I_ASPFIN          51.935     14.414      3.603      0.000

 S_ASPFIN WITH
    I_ASPFIN          -1.624      1.168     -1.390      0.165

 P1       WITH
    V1                25.112     11.029      2.277      0.023

 P2       WITH
    V2                -2.340      6.763     -0.346      0.729

 P3       WITH
    V3                -2.340      6.763     -0.346      0.729

 P4       WITH
    V4                -2.340      6.763     -0.346      0.729

 Means
    P1                 0.000      0.000    999.000    999.000
    V1                 0.000      0.000    999.000    999.000
    I_BFAS_CO         61.886      0.536    115.372      0.000
    S_BFAS_CO          0.085      0.048      1.773      0.076
    I_ASPFIN          48.606      0.724     67.108      0.000
    S_ASPFIN          -0.068      0.063     -1.069      0.285

 Intercepts
    ABFAS_CO           0.000      0.000    999.000    999.000
    BBFAS_CO           0.000      0.000    999.000    999.000
    CBFAS_CO           0.000      0.000    999.000    999.000
    DBFAS_CO           0.000      0.000    999.000    999.000
    AASPFIN            0.000      0.000    999.000    999.000
    BASPFIN            0.000      0.000    999.000    999.000
    CASPFIN            0.000      0.000    999.000    999.000
    DASPFIN            0.000      0.000    999.000    999.000
    P2                 0.000      0.000    999.000    999.000
    P3                 0.000      0.000    999.000    999.000
    P4                 0.000      0.000    999.000    999.000
    V2                 0.000      0.000    999.000    999.000
    V3                 0.000      0.000    999.000    999.000
    V4                 0.000      0.000    999.000    999.000

 Variances
    P1                74.505     11.238      6.629      0.000
    V1               171.231     22.701      7.543      0.000
    I_BFAS_CO        194.818     14.400     13.529      0.000
    S_BFAS_CO          0.147      0.116      1.265      0.206
    I_ASPFIN         366.092     25.388     14.420      0.000
    S_ASPFIN           0.124      0.183      0.677      0.498

 Residual Variances
    ABFAS_CO           0.000      0.000    999.000    999.000
    BBFAS_CO           0.000      0.000    999.000    999.000
    CBFAS_CO           0.000      0.000    999.000    999.000
    DBFAS_CO           0.000      0.000    999.000    999.000
    AASPFIN            0.000      0.000    999.000    999.000
    BASPFIN            0.000      0.000    999.000    999.000
    CASPFIN            0.000      0.000    999.000    999.000
    DASPFIN            0.000      0.000    999.000    999.000
    P2                66.318      7.230      9.172      0.000
    P3                66.318      7.230      9.172      0.000
    P4                66.318      7.230      9.172      0.000
    V2               153.837     17.496      8.792      0.000
    V3               153.837     17.496      8.792      0.000
    V4               153.837     17.496      8.792      0.000

Group D3

 P1       BY
    ABFAS_CO           1.000      0.000    999.000    999.000

 P2       BY
    BBFAS_CO           1.000      0.000    999.000    999.000

 P3       BY
    CBFAS_CO           1.000      0.000    999.000    999.000

 P4       BY
    DBFAS_CO           1.000      0.000    999.000    999.000

 V1       BY
    AASPFIN            1.000      0.000    999.000    999.000

 V2       BY
    BASPFIN            1.000      0.000    999.000    999.000

 V3       BY
    CASPFIN            1.000      0.000    999.000    999.000

 V4       BY
    DASPFIN            1.000      0.000    999.000    999.000

 P4         ON
    P3                 0.193      0.119      1.630      0.103
    V3                -0.056      0.056     -0.997      0.319

 P3         ON
    P2                 0.193      0.119      1.630      0.103
    V2                -0.056      0.056     -0.997      0.319

 P2         ON
    P1                 0.193      0.119      1.630      0.103
    V1                -0.056      0.056     -0.997      0.319

 V4         ON
    V3                 0.111      0.133      0.835      0.404
    P3                 0.016      0.123      0.131      0.896

 V3         ON
    V2                 0.111      0.133      0.835      0.404
    P2                 0.016      0.123      0.131      0.896

 V2         ON
    V1                 0.111      0.133      0.835      0.404
    P1                 0.016      0.123      0.131      0.896

 S_BFAS_C WITH
    I_BFAS_CO         -0.612      0.599     -1.023      0.306
    S_ASPFIN           0.072      0.106      0.677      0.499
    I_ASPFIN          -0.787      2.239     -0.352      0.725

 I_BFAS_C WITH
    S_ASPFIN          -0.224      2.389     -0.094      0.925
    I_ASPFIN          51.935     14.414      3.603      0.000

 S_ASPFIN WITH
    I_ASPFIN          -1.624      1.168     -1.390      0.165

 P1       WITH
    V1                 3.523      9.191      0.383      0.701

 P2       WITH
    V2                 5.351      6.515      0.821      0.411

 P3       WITH
    V3                 5.351      6.515      0.821      0.411

 P4       WITH
    V4                 5.351      6.515      0.821      0.411

 Means
    P1                 0.000      0.000    999.000    999.000
    V1                 0.000      0.000    999.000    999.000
    I_BFAS_CO         61.886      0.536    115.372      0.000
    S_BFAS_CO          0.085      0.048      1.773      0.076
    I_ASPFIN          48.606      0.724     67.108      0.000
    S_ASPFIN          -0.068      0.063     -1.069      0.285

 Intercepts
    ABFAS_CO           0.000      0.000    999.000    999.000
    BBFAS_CO           0.000      0.000    999.000    999.000
    CBFAS_CO           0.000      0.000    999.000    999.000
    DBFAS_CO           0.000      0.000    999.000    999.000
    AASPFIN            0.000      0.000    999.000    999.000
    BASPFIN            0.000      0.000    999.000    999.000
    CASPFIN            0.000      0.000    999.000    999.000
    DASPFIN            0.000      0.000    999.000    999.000
    P2                 0.000      0.000    999.000    999.000
    P3                 0.000      0.000    999.000    999.000
    P4                 0.000      0.000    999.000    999.000
    V2                 0.000      0.000    999.000    999.000
    V3                 0.000      0.000    999.000    999.000
    V4                 0.000      0.000    999.000    999.000

 Variances
    P1                64.727     10.025      6.457      0.000
    V1               104.372     18.365      5.683      0.000
    I_BFAS_CO        194.818     14.400     13.529      0.000
    S_BFAS_CO          0.147      0.116      1.265      0.206
    I_ASPFIN         366.092     25.388     14.420      0.000
    S_ASPFIN           0.124      0.183      0.677      0.498

 Residual Variances
    ABFAS_CO           0.000      0.000    999.000    999.000
    BBFAS_CO           0.000      0.000    999.000    999.000
    CBFAS_CO           0.000      0.000    999.000    999.000
    DBFAS_CO           0.000      0.000    999.000    999.000
    AASPFIN            0.000      0.000    999.000    999.000
    BASPFIN            0.000      0.000    999.000    999.000
    CASPFIN            0.000      0.000    999.000    999.000
    DASPFIN            0.000      0.000    999.000    999.000
    P2                59.447      7.785      7.636      0.000
    P3                59.447      7.785      7.636      0.000
    P4                59.447      7.785      7.636      0.000
    V2               125.764     19.834      6.341      0.000
    V3               125.764     19.834      6.341      0.000
    V4               125.764     19.834      6.341      0.000

Group D4

 P1       BY
    ABFAS_CO           1.000      0.000    999.000    999.000

 P2       BY
    BBFAS_CO           1.000      0.000    999.000    999.000

 P3       BY
    CBFAS_CO           1.000      0.000    999.000    999.000

 P4       BY
    DBFAS_CO           1.000      0.000    999.000    999.000

 V1       BY
    AASPFIN            1.000      0.000    999.000    999.000

 V2       BY
    BASPFIN            1.000      0.000    999.000    999.000

 V3       BY
    CASPFIN            1.000      0.000    999.000    999.000

 V4       BY
    DASPFIN            1.000      0.000    999.000    999.000

 P4         ON
    P3                 0.158      0.125      1.262      0.207
    V3                 0.041      0.055      0.740      0.459

 P3         ON
    P2                 0.158      0.125      1.262      0.207
    V2                 0.041      0.055      0.740      0.459

 P2         ON
    P1                 0.158      0.125      1.262      0.207
    V1                 0.041      0.055      0.740      0.459

 V4         ON
    V3                 0.154      0.088      1.758      0.079
    P3                -0.094      0.116     -0.811      0.418

 V3         ON
    V2                 0.154      0.088      1.758      0.079
    P2                -0.094      0.116     -0.811      0.418

 V2         ON
    V1                 0.154      0.088      1.758      0.079
    P1                -0.094      0.116     -0.811      0.418

 S_BFAS_C WITH
    I_BFAS_CO         -0.612      0.599     -1.023      0.306
    S_ASPFIN           0.072      0.106      0.677      0.499
    I_ASPFIN          -0.787      2.239     -0.352      0.725

 I_BFAS_C WITH
    S_ASPFIN          -0.224      2.389     -0.094      0.925
    I_ASPFIN          51.935     14.414      3.603      0.000

 S_ASPFIN WITH
    I_ASPFIN          -1.624      1.168     -1.390      0.165

 P1       WITH
    V1                -2.780      9.052     -0.307      0.759

 P2       WITH
    V2                -5.443      7.350     -0.741      0.459

 P3       WITH
    V3                -5.443      7.350     -0.741      0.459

 P4       WITH
    V4                -5.443      7.350     -0.741      0.459

 Means
    P1                 0.000      0.000    999.000    999.000
    V1                 0.000      0.000    999.000    999.000
    I_BFAS_CO         61.886      0.536    115.372      0.000
    S_BFAS_CO          0.085      0.048      1.773      0.076
    I_ASPFIN          48.606      0.724     67.108      0.000
    S_ASPFIN          -0.068      0.063     -1.069      0.285

 Intercepts
    ABFAS_CO           0.000      0.000    999.000    999.000
    BBFAS_CO           0.000      0.000    999.000    999.000
    CBFAS_CO           0.000      0.000    999.000    999.000
    DBFAS_CO           0.000      0.000    999.000    999.000
    AASPFIN            0.000      0.000    999.000    999.000
    BASPFIN            0.000      0.000    999.000    999.000
    CASPFIN            0.000      0.000    999.000    999.000
    DASPFIN            0.000      0.000    999.000    999.000
    P2                 0.000      0.000    999.000    999.000
    P3                 0.000      0.000    999.000    999.000
    P4                 0.000      0.000    999.000    999.000
    V2                 0.000      0.000    999.000    999.000
    V3                 0.000      0.000    999.000    999.000
    V4                 0.000      0.000    999.000    999.000

 Variances
    P1                46.346      7.124      6.506      0.000
    V1               145.634     23.282      6.255      0.000
    I_BFAS_CO        194.818     14.400     13.529      0.000
    S_BFAS_CO          0.147      0.116      1.265      0.206
    I_ASPFIN         366.092     25.388     14.420      0.000
    S_ASPFIN           0.124      0.183      0.677      0.498

 Residual Variances
    ABFAS_CO           0.000      0.000    999.000    999.000
    BBFAS_CO           0.000      0.000    999.000    999.000
    CBFAS_CO           0.000      0.000    999.000    999.000
    DBFAS_CO           0.000      0.000    999.000    999.000
    AASPFIN            0.000      0.000    999.000    999.000
    BASPFIN            0.000      0.000    999.000    999.000
    CASPFIN            0.000      0.000    999.000    999.000
    DASPFIN            0.000      0.000    999.000    999.000
    P2                47.776      6.647      7.188      0.000
    P3                47.776      6.647      7.188      0.000
    P4                47.776      6.647      7.188      0.000
    V2               110.693     14.626      7.568      0.000
    V3               110.693     14.626      7.568      0.000
    V4               110.693     14.626      7.568      0.000

Group D5

 P1       BY
    ABFAS_CO           1.000      0.000    999.000    999.000

 P2       BY
    BBFAS_CO           1.000      0.000    999.000    999.000

 P3       BY
    CBFAS_CO           1.000      0.000    999.000    999.000

 P4       BY
    DBFAS_CO           1.000      0.000    999.000    999.000

 V1       BY
    AASPFIN            1.000      0.000    999.000    999.000

 V2       BY
    BASPFIN            1.000      0.000    999.000    999.000

 V3       BY
    CASPFIN            1.000      0.000    999.000    999.000

 V4       BY
    DASPFIN            1.000      0.000    999.000    999.000

 P4         ON
    P3                 0.090      0.118      0.762      0.446
    V3                -0.015      0.081     -0.188      0.851

 P3         ON
    P2                 0.090      0.118      0.762      0.446
    V2                -0.015      0.081     -0.188      0.851

 P2         ON
    P1                 0.090      0.118      0.762      0.446
    V1                -0.015      0.081     -0.188      0.851

 V4         ON
    V3                 0.085      0.148      0.576      0.565
    P3                -0.207      0.175     -1.185      0.236

 V3         ON
    V2                 0.085      0.148      0.576      0.565
    P2                -0.207      0.175     -1.185      0.236

 V2         ON
    V1                 0.085      0.148      0.576      0.565
    P1                -0.207      0.175     -1.185      0.236

 S_BFAS_C WITH
    I_BFAS_CO         -0.612      0.599     -1.023      0.306
    S_ASPFIN           0.072      0.106      0.677      0.499
    I_ASPFIN          -0.787      2.239     -0.352      0.725

 I_BFAS_C WITH
    S_ASPFIN          -0.224      2.389     -0.094      0.925
    I_ASPFIN          51.935     14.414      3.603      0.000

 S_ASPFIN WITH
    I_ASPFIN          -1.624      1.168     -1.390      0.165

 P1       WITH
    V1                 4.543     12.551      0.362      0.717

 P2       WITH
    V2                -4.562      9.727     -0.469      0.639

 P3       WITH
    V3                -4.562      9.727     -0.469      0.639

 P4       WITH
    V4                -4.562      9.727     -0.469      0.639

 Means
    P1                 0.000      0.000    999.000    999.000
    V1                 0.000      0.000    999.000    999.000
    I_BFAS_CO         61.886      0.536    115.372      0.000
    S_BFAS_CO          0.085      0.048      1.773      0.076
    I_ASPFIN          48.606      0.724     67.108      0.000
    S_ASPFIN          -0.068      0.063     -1.069      0.285

 Intercepts
    ABFAS_CO           0.000      0.000    999.000    999.000
    BBFAS_CO           0.000      0.000    999.000    999.000
    CBFAS_CO           0.000      0.000    999.000    999.000
    DBFAS_CO           0.000      0.000    999.000    999.000
    AASPFIN            0.000      0.000    999.000    999.000
    BASPFIN            0.000      0.000    999.000    999.000
    CASPFIN            0.000      0.000    999.000    999.000
    DASPFIN            0.000      0.000    999.000    999.000
    P2                 0.000      0.000    999.000    999.000
    P3                 0.000      0.000    999.000    999.000
    P4                 0.000      0.000    999.000    999.000
    V2                 0.000      0.000    999.000    999.000
    V3                 0.000      0.000    999.000    999.000
    V4                 0.000      0.000    999.000    999.000

 Variances
    P1                56.871     10.183      5.585      0.000
    V1               113.001     26.400      4.280      0.000
    I_BFAS_CO        194.818     14.400     13.529      0.000
    S_BFAS_CO          0.147      0.116      1.265      0.206
    I_ASPFIN         366.092     25.388     14.420      0.000
    S_ASPFIN           0.124      0.183      0.677      0.498

 Residual Variances
    ABFAS_CO           0.000      0.000    999.000    999.000
    BBFAS_CO           0.000      0.000    999.000    999.000
    CBFAS_CO           0.000      0.000    999.000    999.000
    DBFAS_CO           0.000      0.000    999.000    999.000
    AASPFIN            0.000      0.000    999.000    999.000
    BASPFIN            0.000      0.000    999.000    999.000
    CASPFIN            0.000      0.000    999.000    999.000
    DASPFIN            0.000      0.000    999.000    999.000
    P2                42.834      8.271      5.179      0.000
    P3                42.834      8.271      5.179      0.000
    P4                42.834      8.271      5.179      0.000
    V2               102.679     18.963      5.415      0.000
    V3               102.679     18.963      5.415      0.000
    V4               102.679     18.963      5.415      0.000


QUALITY OF NUMERICAL RESULTS

     Condition Number for the Information Matrix              0.477E-05
       (ratio of smallest to largest eigenvalue)


     Beginning Time:  17:27:23
        Ending Time:  17:27:41
       Elapsed Time:  00:00:18



MUTHEN & MUTHEN
3463 Stoner Ave.
Los Angeles, CA  90066

Tel: (310) 391-9971
Fax: (310) 391-8971
Web: www.StatModel.com
Support: Support@StatModel.com

Copyright (c) 1998-2017 Muthen & Muthen
