Mplus VERSION 8 (Linux)
MUTHEN & MUTHEN
07/08/2018   5:17 PM

INPUT INSTRUCTIONS


  title: PxVx Bivariate LCM-SR - 40splitgroup - Linear bfas_ac with Linear hrz_ind_d;
  data: file = /home/jflournoy/code_new/lnt_pxvx/Data/lnt_nat_recalc.tsv;

  variable:
  names =
  subjid
  aage
  aaspfin
  aaspfin_d
  abfa_mt
  abfa_mt_d
  abfas_ac
  abfas_ap
  abfas_ci
  abfas_co
  abfas_ea
  abfas_ee
  abfas_nv
  abfas_nv9
  abfas_nw
  abfas_oi
  abfas_oo
  abfi_a
  abfi_a6
  abfi_c
  abfi_d_scale
  abfi_e
  abfi_hp8
  abfi_n
  abfi_o
  abfi_s_scale
  ahrz_col
  ahrz_col_d
  ahrz_ind
  ahrz_ind_d
  amvi
  ausi
  ausi_d
  avrt_col
  avrt_col_d
  avrt_ind
  avrt_ind_d
  bage
  baspfin
  baspfin_d
  bbfa_mt
  bbfa_mt_d
  bbfas_ac
  bbfas_ap
  bbfas_ci
  bbfas_co
  bbfas_ea
  bbfas_ee
  bbfas_nv
  bbfas_nv9
  bbfas_nw
  bbfas_oi
  bbfas_oo
  bbfi_a
  bbfi_a6
  bbfi_c
  bbfi_d_scale
  bbfi_e
  bbfi_hp8
  bbfi_n
  bbfi_o
  bbfi_s_scale
  bhrz_col
  bhrz_col_d
  bhrz_ind
  bhrz_ind_d
  bmvi
  busi
  busi_d
  bvrt_col
  bvrt_col_d
  bvrt_ind
  bvrt_ind_d
  cage
  caspfin
  caspfin_d
  cbfa_mt
  cbfa_mt_d
  cbfas_ac
  cbfas_ap
  cbfas_ci
  cbfas_co
  cbfas_ea
  cbfas_ee
  cbfas_nv
  cbfas_nv9
  cbfas_nw
  cbfas_oi
  cbfas_oo
  cbfi_a
  cbfi_a6
  cbfi_c
  cbfi_d_scale
  cbfi_e
  cbfi_hp8
  cbfi_n
  cbfi_o
  cbfi_s_scale
  chrz_col
  chrz_col_d
  chrz_ind
  chrz_ind_d
  cmvi
  cusi
  cusi_d
  cvrt_col
  cvrt_col_d
  cvrt_ind
  cvrt_ind_d
  dage
  daspfin
  daspfin_d
  dbfa_mt
  dbfa_mt_d
  dbfas_ac
  dbfas_ap
  dbfas_ci
  dbfas_co
  dbfas_ea
  dbfas_ee
  dbfas_nv
  dbfas_nv9
  dbfas_nw
  dbfas_oi
  dbfas_oo
  dbfi_a
  dbfi_a6
  dbfi_c
  dbfi_d_scale
  dbfi_e
  dbfi_hp8
  dbfi_n
  dbfi_o
  dbfi_s_scale
  dhrz_col
  dhrz_col_d
  dhrz_ind
  dhrz_ind_d
  dmvi
  dusi
  dusi_d
  dvrt_col
  dvrt_col_d
  dvrt_ind
  dvrt_ind_d;

  USEVARIABLES =
  abfas_ac
  bbfas_ac
  cbfas_ac
  dbfas_ac
  ahrz_ind_d
  bhrz_ind_d
  chrz_ind_d
  dhrz_ind_d
  a1
  a2
  a3
  a4
  aagegrp
  ;

  missing = all (-9999);

  tscores = a1 a2 a3 a4;

  grouping = aagegrp (0=earlier, 1=later);

  DEFINE:

  aagegrp = aage;

  cut aagegrp (39);

  a1 = aage + 0 - 36;
  a2 = aage + 1 - 36;
  a3 = aage + 2 - 36;
  a4 = aage + 3 - 36;

  ANALYSIS:
  TYPE=RANDOM;
  PROCESSORS = 6;
  model=nocovariances; ! supresses default estimation of certain covs in model;

  MODEL:

  i_bfas_ac s_bfas_ac | abfas_ac bbfas_ac cbfas_ac dbfas_ac AT a1 a2 a3 a4;
  i_hrz_ind_d s_hrz_ind_d | ahrz_ind_d bhrz_ind_d chrz_ind_d dhrz_ind_d AT a1 a2 a3 a4;

  ! freeing factor covs because of "nocovariances"
  ! But ensure they are constrained across groups
  s_bfas_ac WITH i_bfas_ac (p)
  s_hrz_ind_d (q)
  i_hrz_ind_d (r);
  i_bfas_ac WITH s_hrz_ind_d (s)
  i_hrz_ind_d (t);
  s_hrz_ind_d WITH i_hrz_ind_d (u);

  !constrain latent growth means across groups
  [i_bfas_ac] (v);
  [s_bfas_ac] (w);
  [i_hrz_ind_d] (x);
  [s_hrz_ind_d] (y);

  !constrain latent growth variances across groups
  i_bfas_ac (l);
  s_bfas_ac (m);
  i_hrz_ind_d (n);
  s_hrz_ind_d (o);

  p1 BY abfas_ac@1; ! Residual "factors";
  p2 BY bbfas_ac@1;
  p3 BY cbfas_ac@1;
  p4 BY dbfas_ac@1;

  v1 BY ahrz_ind_d@1; ! Residual "factors";
  v2 BY bhrz_ind_d@1;
  v3 BY chrz_ind_d@1;
  v4 BY dhrz_ind_d@1;

  !residual variances on observed/manifest vars set to 0
  abfas_ac@0;
  bbfas_ac@0;
  cbfas_ac@0;
  dbfas_ac@0;

  !residual variances on observed/manifest vars set to 0
  ahrz_ind_d@0;
  bhrz_ind_d@0;
  chrz_ind_d@0;
  dhrz_ind_d@0;

  ! means of observed/manifest vars set to 0
  [abfas_ac@0];
  [bbfas_ac@0];
  [cbfas_ac@0];
  [dbfas_ac@0];

  ! means of observed/manifest vars set to 0
  [ahrz_ind_d@0];
  [bhrz_ind_d@0];
  [chrz_ind_d@0];
  [dhrz_ind_d@0];

  [p1@0]; ! means of residual "factors" set to 0
  [p2@0];
  [p3@0];
  [p4@0];

  [v1@0]; ! means of residual "factors" set to 0
  [v2@0];
  [v3@0];
  [v4@0];

  p4 on p3 (a); ! Autoregressive paths constrained to equality
  p3 on p2 (a);
  p2 on p1 (a);

  v4 on v3 (b); ! Autoregressive paths constrained to equality
  v3 on v2 (b);
  v2 on v1 (b);

  p4 on v3 (c); ! Cross-lagged paths constrained to equality
  p3 on v2 (c);
  p2 on v1 (c);

  v4 on p3 (d); ! Cross-lagged paths constrained to equality
  v3 on p2 (d);
  v2 on p1 (d);

  p1 with v1; !(this one is not like the others)

  p2 with v2 (e); ! Within-wave correlations constrained to equality
  p3 with v3 (e);
  p4 with v4 (e);

  p2 p3 p4 (f); ! estimate variances of residual "factors"
  v2 v3 v4 (g); ! estimate variances of residual "factors"

  MODEL earlier:

  p4 on p3 (a23); ! Autoregressive paths constrained to equality
  p3 on p2 (a23);
  p2 on p1 (a23);

  v4 on v3 (b23); ! Autoregressive paths constrained to equality
  v3 on v2 (b23);
  v2 on v1 (b23);

  p4 on v3 (c23); ! Cross-lagged paths constrained to equality
  p3 on v2 (c23);
  p2 on v1 (c23);

  v4 on p3 (d23); ! Cross-lagged paths constrained to equality
  v3 on p2 (d23);
  v2 on p1 (d23);

  p1 with v1; !(this one is not like the others)

  p2 with v2 (e23); ! Within-wave correlations constrained to equality
  p3 with v3 (e23);
  p4 with v4 (e23);

  p2 p3 p4 (f23); ! estimate variances of residual "factors"
  v2 v3 v4 (g23); ! estimate variances of residual "factors"

  MODEL later:

  p4 on p3 (a45); ! Autoregressive paths constrained to equality
  p3 on p2 (a45);
  p2 on p1 (a45);

  v4 on v3 (b45); ! Autoregressive paths constrained to equality
  v3 on v2 (b45);
  v2 on v1 (b45);

  p4 on v3 (c45); ! Cross-lagged paths constrained to equality
  p3 on v2 (c45);
  p2 on v1 (c45);

  v4 on p3 (d45); ! Cross-lagged paths constrained to equality
  v3 on p2 (d45);
  v2 on p1 (d45);

  p1 with v1; !(this one is not like the others)

  p2 with v2 (e45); ! Within-wave correlations constrained to equality
  p3 with v3 (e45);
  p4 with v4 (e45);

  p2 p3 p4 (f45); ! estimate variances of residual "factors"
  v2 v3 v4 (g45); ! estimate variances of residual "factors"

  OUTPUT: SAMPSTAT PATTERNS;



*** WARNING in VARIABLE command
  Note that only the first 8 characters of variable names are used in the output.
  Shorten variable names to avoid any confusion.
*** WARNING
  Data set contains unknown or missing values for GROUPING,
  PATTERN, COHORT, CLUSTER and/or STRATIFICATION variables.
  Number of cases with unknown or missing values:  5
   2 WARNING(S) FOUND IN THE INPUT INSTRUCTIONS



PxVx Bivariate LCM-SR - 40splitgroup - Linear bfas_ac with Linear hrz_ind_d;

SUMMARY OF ANALYSIS

Number of groups                                                 2
Number of observations
   Group EARLIER                                               534
   Group LATER                                                 330
   Total sample size                                           864

Number of dependent variables                                    8
Number of independent variables                                  0
Number of continuous latent variables                           12

Observed dependent variables

  Continuous
   ABFAS_AC    BBFAS_AC    CBFAS_AC    DBFAS_AC    AHRZ_IND_D  BHRZ_IND_D
   CHRZ_IND_D  DHRZ_IND_D

Continuous latent variables
   P1          P2          P3          P4          V1          V2
   V3          V4          I_BFAS_A    S_BFAS_A    I_HRZ_IN    S_HRZ_IN

Variables with special functions

  Grouping variable     AAGEGRP

  Time scores
   A1          A2          A3          A4


Estimator                                                      MLR
Information matrix                                        OBSERVED
Maximum number of iterations                                   100
Convergence criterion                                    0.100D-05
Maximum number of EM iterations                                500
Convergence criteria for the EM algorithm
  Loglikelihood change                                   0.100D-02
  Relative loglikelihood change                          0.100D-05
  Derivative                                             0.100D-03
Minimum variance                                         0.100D-03
Maximum number of steepest descent iterations                   20
Maximum number of iterations for H1                           2000
Convergence criterion for H1                             0.100D-03
Optimization algorithm                                         EMA

Input data file(s)
  /home/jflournoy/code_new/lnt_pxvx/Data/lnt_nat_recalc.tsv
Input data format  FREE


SUMMARY OF DATA

   Group EARLIER
     Number of missing data patterns            16

   Group LATER
     Number of missing data patterns            15


SUMMARY OF MISSING DATA PATTERNS


     MISSING DATA PATTERNS (x = not missing) FOR EARLIER

           1  2  3  4  5  6  7  8  9 10 11 12 13 14 15 16
 ABFAS_AC  x  x  x  x  x  x  x  x  x  x  x     x  x  x  x
 BBFAS_AC  x     x     x  x  x        x  x  x  x  x
 CBFAS_AC  x        x  x     x     x  x     x  x  x  x
 DBFAS_AC  x     x  x  x        x           x  x     x  x
 AHRZ_IND  x  x  x  x  x  x  x  x  x  x  x  x  x  x  x  x
 BHRZ_IND  x     x     x  x  x        x     x     x  x
 CHRZ_IND  x        x        x     x        x  x  x  x
 DHRZ_IND  x     x  x  x        x           x  x  x  x


     MISSING DATA PATTERN FREQUENCIES FOR EARLIER

    Pattern   Frequency     Pattern   Frequency     Pattern   Frequency
          1         325           7          20          13           2
          2         101           8          14          14           1
          3          14           9          12          15           1
          4          12          10           1          16           1
          5           1          11           2
          6          26          12           1


     MISSING DATA PATTERNS (x = not missing) FOR LATER

           1  2  3  4  5  6  7  8  9 10 11 12 13 14 15
 ABFAS_AC  x  x  x  x  x  x  x  x  x  x     x  x  x  x
 BBFAS_AC  x     x     x  x  x        x  x  x     x
 CBFAS_AC  x        x  x     x     x     x  x        x
 DBFAS_AC  x     x  x  x        x        x  x     x
 AHRZ_IND  x  x  x  x  x  x  x  x  x  x  x  x     x  x
 BHRZ_IND  x     x     x  x  x           x
 CHRZ_IND  x        x        x     x     x  x
 DHRZ_IND  x     x  x  x        x        x  x     x


     MISSING DATA PATTERN FREQUENCIES FOR LATER

    Pattern   Frequency     Pattern   Frequency     Pattern   Frequency
          1         164           6          22          11           1
          2          68           7          26          12           1
          3          12           8          10          13           1
          4           9           9          11          14           1
          5           1          10           2          15           1


COVARIANCE COVERAGE OF DATA

Minimum covariance coverage value   0.100


     PROPORTION OF DATA PRESENT FOR EARLIER


           Covariance Coverage
              ABFAS_AC      BBFAS_AC      CBFAS_AC      DBFAS_AC      AHRZ_IND
              ________      ________      ________      ________      ________
 ABFAS_AC       0.998
 BBFAS_AC       0.734         0.736
 CBFAS_AC       0.702         0.657         0.704
 DBFAS_AC       0.693         0.642         0.640         0.695
 AHRZ_IND       0.998         0.736         0.704         0.695         1.000
 BHRZ_IND       0.728         0.728         0.655         0.640         0.730
 CHRZ_IND       0.699         0.654         0.700         0.639         0.700
 DHRZ_IND       0.693         0.644         0.642         0.693         0.695


           Covariance Coverage
              BHRZ_IND      CHRZ_IND      DHRZ_IND
              ________      ________      ________
 BHRZ_IND       0.730
 CHRZ_IND       0.652         0.700
 DHRZ_IND       0.642         0.640         0.695


     PROPORTION OF DATA PRESENT FOR LATER


           Covariance Coverage
              ABFAS_AC      BBFAS_AC      CBFAS_AC      DBFAS_AC      AHRZ_IND
              ________      ________      ________      ________      ________
 ABFAS_AC       0.997
 BBFAS_AC       0.697         0.700
 CBFAS_AC       0.655         0.594         0.658
 DBFAS_AC       0.600         0.542         0.536         0.603
 AHRZ_IND       0.997         0.700         0.658         0.603         1.000
 BHRZ_IND       0.694         0.694         0.594         0.542         0.697
 CHRZ_IND       0.645         0.585         0.648         0.533         0.648
 DHRZ_IND       0.603         0.545         0.539         0.603         0.606


           Covariance Coverage
              BHRZ_IND      CHRZ_IND      DHRZ_IND
              ________      ________      ________
 BHRZ_IND       0.697
 CHRZ_IND       0.585         0.648
 DHRZ_IND       0.545         0.536         0.606


SAMPLE STATISTICS


     ESTIMATED SAMPLE STATISTICS FOR EARLIER


           Means
              ABFAS_AC      BBFAS_AC      CBFAS_AC      DBFAS_AC      AHRZ_IND
              ________      ________      ________      ________      ________
               76.622        76.506        76.100        77.193        73.455


           Means
              BHRZ_IND      CHRZ_IND      DHRZ_IND
              ________      ________      ________
               73.085        73.763        72.955


           Covariances
              ABFAS_AC      BBFAS_AC      CBFAS_AC      DBFAS_AC      AHRZ_IND
              ________      ________      ________      ________      ________
 ABFAS_AC     272.072
 BBFAS_AC     220.824       285.109
 CBFAS_AC     199.144       231.968       277.584
 DBFAS_AC     192.928       207.520       218.303       253.126
 AHRZ_IND     -46.097       -34.879       -50.323       -43.836       320.322
 BHRZ_IND     -38.632       -48.865       -42.642       -28.830       189.051
 CHRZ_IND     -24.110       -38.765       -42.544       -26.675       174.627
 DHRZ_IND     -23.377       -37.871       -41.765       -31.666       149.698


           Covariances
              BHRZ_IND      CHRZ_IND      DHRZ_IND
              ________      ________      ________
 BHRZ_IND     329.937
 CHRZ_IND     166.844       321.690
 DHRZ_IND     193.217       190.612       304.012


           Correlations
              ABFAS_AC      BBFAS_AC      CBFAS_AC      DBFAS_AC      AHRZ_IND
              ________      ________      ________      ________      ________
 ABFAS_AC       1.000
 BBFAS_AC       0.793         1.000
 CBFAS_AC       0.725         0.825         1.000
 DBFAS_AC       0.735         0.772         0.824         1.000
 AHRZ_IND      -0.156        -0.115        -0.169        -0.154         1.000
 BHRZ_IND      -0.129        -0.159        -0.141        -0.100         0.582
 CHRZ_IND      -0.081        -0.128        -0.142        -0.093         0.544
 DHRZ_IND      -0.081        -0.129        -0.144        -0.114         0.480


           Correlations
              BHRZ_IND      CHRZ_IND      DHRZ_IND
              ________      ________      ________
 BHRZ_IND       1.000
 CHRZ_IND       0.512         1.000
 DHRZ_IND       0.610         0.610         1.000


     ESTIMATED SAMPLE STATISTICS FOR LATER


           Means
              ABFAS_AC      BBFAS_AC      CBFAS_AC      DBFAS_AC      AHRZ_IND
              ________      ________      ________      ________      ________
               79.347        79.944        79.402        78.538        71.748


           Means
              BHRZ_IND      CHRZ_IND      DHRZ_IND
              ________      ________      ________
               72.506        72.719        71.721


           Covariances
              ABFAS_AC      BBFAS_AC      CBFAS_AC      DBFAS_AC      AHRZ_IND
              ________      ________      ________      ________      ________
 ABFAS_AC     245.097
 BBFAS_AC     165.691       188.249
 CBFAS_AC     182.913       161.418       228.015
 DBFAS_AC     200.859       172.092       198.341       259.315
 AHRZ_IND     -35.585       -31.088       -31.840       -42.121       327.213
 BHRZ_IND     -28.373       -13.263       -17.675       -23.015       169.381
 CHRZ_IND     -34.361       -33.135       -27.693       -34.280       155.698
 DHRZ_IND     -38.703       -22.405       -12.870       -28.439       165.256


           Covariances
              BHRZ_IND      CHRZ_IND      DHRZ_IND
              ________      ________      ________
 BHRZ_IND     303.213
 CHRZ_IND     182.178       282.866
 DHRZ_IND     168.538       167.842       267.667


           Correlations
              ABFAS_AC      BBFAS_AC      CBFAS_AC      DBFAS_AC      AHRZ_IND
              ________      ________      ________      ________      ________
 ABFAS_AC       1.000
 BBFAS_AC       0.771         1.000
 CBFAS_AC       0.774         0.779         1.000
 DBFAS_AC       0.797         0.779         0.816         1.000
 AHRZ_IND      -0.126        -0.125        -0.117        -0.145         1.000
 BHRZ_IND      -0.104        -0.056        -0.067        -0.082         0.538
 CHRZ_IND      -0.130        -0.144        -0.109        -0.127         0.512
 DHRZ_IND      -0.151        -0.100        -0.052        -0.108         0.558


           Correlations
              BHRZ_IND      CHRZ_IND      DHRZ_IND
              ________      ________      ________
 BHRZ_IND       1.000
 CHRZ_IND       0.622         1.000
 DHRZ_IND       0.592         0.610         1.000


     MAXIMUM LOG-LIKELIHOOD VALUE FOR THE UNRESTRICTED (H1) MODEL IS -20916.818


UNIVARIATE SAMPLE STATISTICS


     UNIVARIATE HIGHER-ORDER MOMENT DESCRIPTIVE STATISTICS FOR EARLIER

         Variable/         Mean/     Skewness/   Minimum/ % with                Percentiles
        Sample Size      Variance    Kurtosis    Maximum  Min/Max      20%/60%    40%/80%    Median

     ABFAS_AC             76.600      -0.832      12.500    0.19%      62.500     75.000     80.000
             533.000     272.162       0.474     100.000    4.88%      82.500     90.000
     BBFAS_AC             76.789      -0.822      10.000    0.25%      65.000     75.000     80.000
             393.000     284.938       0.456     100.000    6.62%      82.500     92.500
     CBFAS_AC             76.020      -0.774      20.000    0.27%      62.500     75.000     77.500
             376.000     280.371       0.172     100.000    5.32%      82.500     92.500
     DBFAS_AC             77.564      -0.975      10.000    0.27%      67.500     75.000     80.000
             371.000     250.754       1.084     100.000    5.12%      82.500     90.000
     AHRZ_IND_D           73.455      -0.546       8.333    0.19%      58.333     66.667     75.000
             534.000     320.322       0.002     100.000   10.67%      75.000     91.667
     BHRZ_IND_D           72.821      -0.373      16.667    0.51%      58.333     66.667     75.000
             390.000     334.370      -0.315     100.000   12.82%      75.000     91.667
     CHRZ_IND_D           74.064      -0.533       8.333    0.53%      58.333     75.000     75.000
             374.000     322.951       0.171     100.000   13.64%      75.000     91.667
     DHRZ_IND_D           73.270      -0.442      25.000    0.54%      58.333     75.000     75.000
             371.000     302.676      -0.357     100.000    9.97%      75.000     91.667


     UNIVARIATE HIGHER-ORDER MOMENT DESCRIPTIVE STATISTICS FOR LATER

         Variable/         Mean/     Skewness/   Minimum/ % with                Percentiles
        Sample Size      Variance    Kurtosis    Maximum  Min/Max      20%/60%    40%/80%    Median

     ABFAS_AC             79.280      -1.000       7.500    0.30%      70.000     77.500     80.000
             329.000     244.143       1.362     100.000    8.81%      85.000     92.500
     BBFAS_AC             80.291      -0.861      32.500    0.43%      70.000     77.500     82.500
             230.000     194.586       0.654     100.000    7.39%      85.000     92.500
     CBFAS_AC             80.023      -0.934      17.500    0.47%      70.000     77.500     82.500
             214.000     235.287       0.989     100.000    7.94%      87.500     95.000
     DBFAS_AC             79.576      -1.124       5.000    0.50%      70.000     77.500     80.000
             199.000     267.793       2.014     100.000   12.06%      85.000     95.000
     AHRZ_IND_D           71.733      -0.556      25.000    2.43%      58.333     66.667     75.000
             329.000     327.153      -0.049     100.000    8.51%      75.000     87.500
     BHRZ_IND_D           73.101      -0.514      25.000    2.65%      58.333     66.667     75.000
             226.000     302.211       0.055     100.000    9.73%      75.000     91.667
     CHRZ_IND_D           72.602      -0.285      16.667    0.47%      58.333     66.667     75.000
             212.000     280.873      -0.148     100.000    9.43%      75.000     91.667
     DHRZ_IND_D           71.273      -0.586      16.667    0.50%      58.333     66.667     75.000
             199.000     272.612       0.304     100.000    5.03%      75.000     83.333


THE MODEL ESTIMATION TERMINATED NORMALLY



MODEL FIT INFORMATION

Number of Free Parameters                       34

Loglikelihood

          H0 Value                      -20954.308
          H0 Scaling Correction Factor      1.2927
            for MLR

Information Criteria

          Akaike (AIC)                   41976.615
          Bayesian (BIC)                 42138.509
          Sample-Size Adjusted BIC       42030.533
            (n* = (n + 2) / 24)



MODEL RESULTS

                                                    Two-Tailed
                    Estimate       S.E.  Est./S.E.    P-Value

Group EARLIER

 P1       BY
    ABFAS_AC           1.000      0.000    999.000    999.000

 P2       BY
    BBFAS_AC           1.000      0.000    999.000    999.000

 P3       BY
    CBFAS_AC           1.000      0.000    999.000    999.000

 P4       BY
    DBFAS_AC           1.000      0.000    999.000    999.000

 V1       BY
    AHRZ_IND_D         1.000      0.000    999.000    999.000

 V2       BY
    BHRZ_IND_D         1.000      0.000    999.000    999.000

 V3       BY
    CHRZ_IND_D         1.000      0.000    999.000    999.000

 V4       BY
    DHRZ_IND_D         1.000      0.000    999.000    999.000

 P4         ON
    P3                 0.281      0.071      3.968      0.000
    V3                 0.050      0.032      1.564      0.118

 P3         ON
    P2                 0.281      0.071      3.968      0.000
    V2                 0.050      0.032      1.564      0.118

 P2         ON
    P1                 0.281      0.071      3.968      0.000
    V1                 0.050      0.032      1.564      0.118

 V4         ON
    V3                 0.033      0.066      0.498      0.618
    P3                -0.076      0.069     -1.109      0.268

 V3         ON
    V2                 0.033      0.066      0.498      0.618
    P2                -0.076      0.069     -1.109      0.268

 V2         ON
    V1                 0.033      0.066      0.498      0.618
    P1                -0.076      0.069     -1.109      0.268

 S_BFAS_A WITH
    I_BFAS_AC         -0.987      0.734     -1.345      0.179
    S_HRZ_IND_        -0.005      0.087     -0.056      0.955
    I_HRZ_IND_        -0.468      1.962     -0.238      0.812

 I_BFAS_A WITH
    S_HRZ_IND_         0.649      1.974      0.329      0.743
    I_HRZ_IND_       -32.796     10.713     -3.061      0.002

 S_HRZ_IN WITH
    I_HRZ_IND_         0.049      0.676      0.073      0.942

 P1       WITH
    V1               -10.538      8.283     -1.272      0.203

 P2       WITH
    V2                -4.178      4.627     -0.903      0.367

 P3       WITH
    V3                -4.178      4.627     -0.903      0.367

 P4       WITH
    V4                -4.178      4.627     -0.903      0.367

 Means
    P1                 0.000      0.000    999.000    999.000
    V1                 0.000      0.000    999.000    999.000
    I_BFAS_AC         77.491      0.513    151.184      0.000
    S_BFAS_AC          0.143      0.047      3.048      0.002
    I_HRZ_IND_        72.967      0.521    140.027      0.000
    S_HRZ_IND_        -0.072      0.047     -1.514      0.130

 Intercepts
    ABFAS_AC           0.000      0.000    999.000    999.000
    BBFAS_AC           0.000      0.000    999.000    999.000
    CBFAS_AC           0.000      0.000    999.000    999.000
    DBFAS_AC           0.000      0.000    999.000    999.000
    AHRZ_IND_D         0.000      0.000    999.000    999.000
    BHRZ_IND_D         0.000      0.000    999.000    999.000
    CHRZ_IND_D         0.000      0.000    999.000    999.000
    DHRZ_IND_D         0.000      0.000    999.000    999.000
    P2                 0.000      0.000    999.000    999.000
    P3                 0.000      0.000    999.000    999.000
    P4                 0.000      0.000    999.000    999.000
    V2                 0.000      0.000    999.000    999.000
    V3                 0.000      0.000    999.000    999.000
    V4                 0.000      0.000    999.000    999.000

 Variances
    P1                81.981      9.079      9.029      0.000
    V1               153.848     16.892      9.108      0.000
    I_BFAS_AC        176.108     16.184     10.882      0.000
    S_BFAS_AC          0.133      0.130      1.025      0.305
    I_HRZ_IND_       166.829     15.859     10.520      0.000
    S_HRZ_IND_         0.048      0.121      0.397      0.691

 Residual Variances
    ABFAS_AC           0.000      0.000    999.000    999.000
    BBFAS_AC           0.000      0.000    999.000    999.000
    CBFAS_AC           0.000      0.000    999.000    999.000
    DBFAS_AC           0.000      0.000    999.000    999.000
    AHRZ_IND_D         0.000      0.000    999.000    999.000
    BHRZ_IND_D         0.000      0.000    999.000    999.000
    CHRZ_IND_D         0.000      0.000    999.000    999.000
    DHRZ_IND_D         0.000      0.000    999.000    999.000
    P2                63.592      5.759     11.043      0.000
    P3                63.592      5.759     11.043      0.000
    P4                63.592      5.759     11.043      0.000
    V2               140.263     11.342     12.367      0.000
    V3               140.263     11.342     12.367      0.000
    V4               140.263     11.342     12.367      0.000

Group LATER

 P1       BY
    ABFAS_AC           1.000      0.000    999.000    999.000

 P2       BY
    BBFAS_AC           1.000      0.000    999.000    999.000

 P3       BY
    CBFAS_AC           1.000      0.000    999.000    999.000

 P4       BY
    DBFAS_AC           1.000      0.000    999.000    999.000

 V1       BY
    AHRZ_IND_D         1.000      0.000    999.000    999.000

 V2       BY
    BHRZ_IND_D         1.000      0.000    999.000    999.000

 V3       BY
    CHRZ_IND_D         1.000      0.000    999.000    999.000

 V4       BY
    DHRZ_IND_D         1.000      0.000    999.000    999.000

 P4         ON
    P3                 0.051      0.090      0.569      0.569
    V3                 0.004      0.030      0.145      0.885

 P3         ON
    P2                 0.051      0.090      0.569      0.569
    V2                 0.004      0.030      0.145      0.885

 P2         ON
    P1                 0.051      0.090      0.569      0.569
    V1                 0.004      0.030      0.145      0.885

 V4         ON
    V3                 0.022      0.057      0.383      0.701
    P3                 0.029      0.086      0.341      0.733

 V3         ON
    V2                 0.022      0.057      0.383      0.701
    P2                 0.029      0.086      0.341      0.733

 V2         ON
    V1                 0.022      0.057      0.383      0.701
    P1                 0.029      0.086      0.341      0.733

 S_BFAS_A WITH
    I_BFAS_AC         -0.987      0.734     -1.345      0.179
    S_HRZ_IND_        -0.005      0.087     -0.056      0.955
    I_HRZ_IND_        -0.468      1.962     -0.238      0.812

 I_BFAS_A WITH
    S_HRZ_IND_         0.649      1.974      0.329      0.743
    I_HRZ_IND_       -32.796     10.713     -3.061      0.002

 S_HRZ_IN WITH
    I_HRZ_IND_         0.049      0.676      0.073      0.942

 P1       WITH
    V1                 4.460      8.685      0.514      0.608

 P2       WITH
    V2                 3.385      4.600      0.736      0.462

 P3       WITH
    V3                 3.385      4.600      0.736      0.462

 P4       WITH
    V4                 3.385      4.600      0.736      0.462

 Means
    P1                 0.000      0.000    999.000    999.000
    V1                 0.000      0.000    999.000    999.000
    I_BFAS_AC         77.491      0.513    151.184      0.000
    S_BFAS_AC          0.143      0.047      3.048      0.002
    I_HRZ_IND_        72.967      0.521    140.027      0.000
    S_HRZ_IND_        -0.072      0.047     -1.514      0.130

 Intercepts
    ABFAS_AC           0.000      0.000    999.000    999.000
    BBFAS_AC           0.000      0.000    999.000    999.000
    CBFAS_AC           0.000      0.000    999.000    999.000
    DBFAS_AC           0.000      0.000    999.000    999.000
    AHRZ_IND_D         0.000      0.000    999.000    999.000
    BHRZ_IND_D         0.000      0.000    999.000    999.000
    CHRZ_IND_D         0.000      0.000    999.000    999.000
    DHRZ_IND_D         0.000      0.000    999.000    999.000
    P2                 0.000      0.000    999.000    999.000
    P3                 0.000      0.000    999.000    999.000
    P4                 0.000      0.000    999.000    999.000
    V2                 0.000      0.000    999.000    999.000
    V3                 0.000      0.000    999.000    999.000
    V4                 0.000      0.000    999.000    999.000

 Variances
    P1                59.336     10.059      5.899      0.000
    V1               167.917     26.642      6.303      0.000
    I_BFAS_AC        176.108     16.184     10.882      0.000
    S_BFAS_AC          0.133      0.130      1.025      0.305
    I_HRZ_IND_       166.829     15.859     10.520      0.000
    S_HRZ_IND_         0.048      0.121      0.397      0.691

 Residual Variances
    ABFAS_AC           0.000      0.000    999.000    999.000
    BBFAS_AC           0.000      0.000    999.000    999.000
    CBFAS_AC           0.000      0.000    999.000    999.000
    DBFAS_AC           0.000      0.000    999.000    999.000
    AHRZ_IND_D         0.000      0.000    999.000    999.000
    BHRZ_IND_D         0.000      0.000    999.000    999.000
    CHRZ_IND_D         0.000      0.000    999.000    999.000
    DHRZ_IND_D         0.000      0.000    999.000    999.000
    P2                48.970      5.959      8.218      0.000
    P3                48.970      5.959      8.218      0.000
    P4                48.970      5.959      8.218      0.000
    V2               114.639     10.360     11.065      0.000
    V3               114.639     10.360     11.065      0.000
    V4               114.639     10.360     11.065      0.000


QUALITY OF NUMERICAL RESULTS

     Condition Number for the Information Matrix              0.117E-04
       (ratio of smallest to largest eigenvalue)


     Beginning Time:  17:17:25
        Ending Time:  17:17:35
       Elapsed Time:  00:00:10



MUTHEN & MUTHEN
3463 Stoner Ave.
Los Angeles, CA  90066

Tel: (310) 391-9971
Fax: (310) 391-8971
Web: www.StatModel.com
Support: Support@StatModel.com

Copyright (c) 1998-2017 Muthen & Muthen
