Mplus VERSION 8 (Linux)
MUTHEN & MUTHEN
07/08/2018   5:51 PM

INPUT INSTRUCTIONS


  title: PxVx Bivariate LCM-SR - decadegroup - Linear bfas_nw with Linear aspfin_d;
  data: file = /home/jflournoy/code_new/lnt_pxvx/Data/lnt_nat_recalc.tsv;

  variable:
  names =
  subjid
  aage
  aaspfin
  aaspfin_d
  abfa_mt
  abfa_mt_d
  abfas_ac
  abfas_ap
  abfas_ci
  abfas_co
  abfas_ea
  abfas_ee
  abfas_nv
  abfas_nv9
  abfas_nw
  abfas_oi
  abfas_oo
  abfi_a
  abfi_a6
  abfi_c
  abfi_d_scale
  abfi_e
  abfi_hp8
  abfi_n
  abfi_o
  abfi_s_scale
  ahrz_col
  ahrz_col_d
  ahrz_ind
  ahrz_ind_d
  amvi
  ausi
  ausi_d
  avrt_col
  avrt_col_d
  avrt_ind
  avrt_ind_d
  bage
  baspfin
  baspfin_d
  bbfa_mt
  bbfa_mt_d
  bbfas_ac
  bbfas_ap
  bbfas_ci
  bbfas_co
  bbfas_ea
  bbfas_ee
  bbfas_nv
  bbfas_nv9
  bbfas_nw
  bbfas_oi
  bbfas_oo
  bbfi_a
  bbfi_a6
  bbfi_c
  bbfi_d_scale
  bbfi_e
  bbfi_hp8
  bbfi_n
  bbfi_o
  bbfi_s_scale
  bhrz_col
  bhrz_col_d
  bhrz_ind
  bhrz_ind_d
  bmvi
  busi
  busi_d
  bvrt_col
  bvrt_col_d
  bvrt_ind
  bvrt_ind_d
  cage
  caspfin
  caspfin_d
  cbfa_mt
  cbfa_mt_d
  cbfas_ac
  cbfas_ap
  cbfas_ci
  cbfas_co
  cbfas_ea
  cbfas_ee
  cbfas_nv
  cbfas_nv9
  cbfas_nw
  cbfas_oi
  cbfas_oo
  cbfi_a
  cbfi_a6
  cbfi_c
  cbfi_d_scale
  cbfi_e
  cbfi_hp8
  cbfi_n
  cbfi_o
  cbfi_s_scale
  chrz_col
  chrz_col_d
  chrz_ind
  chrz_ind_d
  cmvi
  cusi
  cusi_d
  cvrt_col
  cvrt_col_d
  cvrt_ind
  cvrt_ind_d
  dage
  daspfin
  daspfin_d
  dbfa_mt
  dbfa_mt_d
  dbfas_ac
  dbfas_ap
  dbfas_ci
  dbfas_co
  dbfas_ea
  dbfas_ee
  dbfas_nv
  dbfas_nv9
  dbfas_nw
  dbfas_oi
  dbfas_oo
  dbfi_a
  dbfi_a6
  dbfi_c
  dbfi_d_scale
  dbfi_e
  dbfi_hp8
  dbfi_n
  dbfi_o
  dbfi_s_scale
  dhrz_col
  dhrz_col_d
  dhrz_ind
  dhrz_ind_d
  dmvi
  dusi
  dusi_d
  dvrt_col
  dvrt_col_d
  dvrt_ind
  dvrt_ind_d;

  USEVARIABLES =
  abfas_nw
  bbfas_nw
  cbfas_nw
  dbfas_nw
  aaspfin_d
  baspfin_d
  caspfin_d
  daspfin_d
  a1
  a2
  a3
  a4
  aagegrp
  ;

  missing = all (-9999);

  tscores = a1 a2 a3 a4;

  grouping = aagegrp (0=d2, 1=d3, 2=d4, 3=d5);

  DEFINE:

  aagegrp = aage;

  cut aagegrp (29 39 49);

  a1 = aage + 0 - 36;
  a2 = aage + 1 - 36;
  a3 = aage + 2 - 36;
  a4 = aage + 3 - 36;

  ANALYSIS:
  TYPE=RANDOM;
  PROCESSORS = 6;
  model=nocovariances; ! supresses default estimation of certain covs in model;

  MODEL:

  i_bfas_nw s_bfas_nw | abfas_nw bbfas_nw cbfas_nw dbfas_nw AT a1 a2 a3 a4;
  i_aspfin_d s_aspfin_d | aaspfin_d baspfin_d caspfin_d daspfin_d AT a1 a2 a3 a4;

  ! freeing factor covs because of "nocovariances"
  ! But ensure they are constrained across groups
  s_bfas_nw WITH i_bfas_nw (p)
  s_aspfin_d (q)
  i_aspfin_d (r);
  i_bfas_nw WITH s_aspfin_d (s)
  i_aspfin_d (t);
  s_aspfin_d WITH i_aspfin_d (u);

  !constrain latent growth means across groups
  [i_bfas_nw] (v);
  [s_bfas_nw] (w);
  [i_aspfin_d] (x);
  [s_aspfin_d] (y);

  !constrain latent growth variances across groups
  i_bfas_nw (l);
  s_bfas_nw (m);
  i_aspfin_d (n);
  s_aspfin_d (o);

  p1 BY abfas_nw@1; ! Residual "factors";
  p2 BY bbfas_nw@1;
  p3 BY cbfas_nw@1;
  p4 BY dbfas_nw@1;

  v1 BY aaspfin_d@1; ! Residual "factors";
  v2 BY baspfin_d@1;
  v3 BY caspfin_d@1;
  v4 BY daspfin_d@1;

  !residual variances on observed/manifest vars set to 0
  abfas_nw@0;
  bbfas_nw@0;
  cbfas_nw@0;
  dbfas_nw@0;

  !residual variances on observed/manifest vars set to 0
  aaspfin_d@0;
  baspfin_d@0;
  caspfin_d@0;
  daspfin_d@0;

  ! means of observed/manifest vars set to 0
  [abfas_nw@0];
  [bbfas_nw@0];
  [cbfas_nw@0];
  [dbfas_nw@0];

  ! means of observed/manifest vars set to 0
  [aaspfin_d@0];
  [baspfin_d@0];
  [caspfin_d@0];
  [daspfin_d@0];

  [p1@0]; ! means of residual "factors" set to 0
  [p2@0];
  [p3@0];
  [p4@0];

  [v1@0]; ! means of residual "factors" set to 0
  [v2@0];
  [v3@0];
  [v4@0];

  p4 on p3 (a); ! Autoregressive paths constrained to equality
  p3 on p2 (a);
  p2 on p1 (a);

  v4 on v3 (b); ! Autoregressive paths constrained to equality
  v3 on v2 (b);
  v2 on v1 (b);

  p4 on v3 (c); ! Cross-lagged paths constrained to equality
  p3 on v2 (c);
  p2 on v1 (c);

  v4 on p3 (d); ! Cross-lagged paths constrained to equality
  v3 on p2 (d);
  v2 on p1 (d);

  p1 with v1; !(this one is not like the others)

  p2 with v2 (e); ! Within-wave correlations constrained to equality
  p3 with v3 (e);
  p4 with v4 (e);

  p2 p3 p4 (f); ! estimate variances of residual "factors"
  v2 v3 v4 (g); ! estimate variances of residual "factors"

  MODEL d2:

  p4 on p3 (a2); ! Autoregressive paths constrained to equality
  p3 on p2 (a2);
  p2 on p1 (a2);

  v4 on v3 (b2); ! Autoregressive paths constrained to equality
  v3 on v2 (b2);
  v2 on v1 (b2);

  p4 on v3 (c2); ! Cross-lagged paths constrained to equality
  p3 on v2 (c2);
  p2 on v1 (c2);

  v4 on p3 (d2); ! Cross-lagged paths constrained to equality
  v3 on p2 (d2);
  v2 on p1 (d2);

  p1 with v1; !(this one is not like the others)

  p2 with v2 (e2); ! Within-wave correlations constrained to equality
  p3 with v3 (e2);
  p4 with v4 (e2);

  p2 p3 p4 (f2); ! estimate variances of residual "factors"
  v2 v3 v4 (g2); ! estimate variances of residual "factors"

  MODEL d3:

  p4 on p3 (a3); ! Autoregressive paths constrained to equality
  p3 on p2 (a3);
  p2 on p1 (a3);

  v4 on v3 (b3); ! Autoregressive paths constrained to equality
  v3 on v2 (b3);
  v2 on v1 (b3);

  p4 on v3 (c3); ! Cross-lagged paths constrained to equality
  p3 on v2 (c3);
  p2 on v1 (c3);

  v4 on p3 (d3); ! Cross-lagged paths constrained to equality
  v3 on p2 (d3);
  v2 on p1 (d3);

  p1 with v1; !(this one is not like the others)

  p2 with v2 (e3); ! Within-wave correlations constrained to equality
  p3 with v3 (e3);
  p4 with v4 (e3);

  p2 p3 p4 (f3); ! estimate variances of residual "factors"
  v2 v3 v4 (g3); ! estimate variances of residual "factors"

  MODEL d4:

  p4 on p3 (a4); ! Autoregressive paths constrained to equality
  p3 on p2 (a4);
  p2 on p1 (a4);

  v4 on v3 (b4); ! Autoregressive paths constrained to equality
  v3 on v2 (b4);
  v2 on v1 (b4);

  p4 on v3 (c4); ! Cross-lagged paths constrained to equality
  p3 on v2 (c4);
  p2 on v1 (c4);

  v4 on p3 (d4); ! Cross-lagged paths constrained to equality
  v3 on p2 (d4);
  v2 on p1 (d4);

  p1 with v1; !(this one is not like the others)

  p2 with v2 (e4); ! Within-wave correlations constrained to equality
  p3 with v3 (e4);
  p4 with v4 (e4);

  p2 p3 p4 (f4); ! estimate variances of residual "factors"
  v2 v3 v4 (g4); ! estimate variances of residual "factors"

  MODEL d5:

  p4 on p3 (a5); ! Autoregressive paths constrained to equality
  p3 on p2 (a5);
  p2 on p1 (a5);

  v4 on v3 (b5); ! Autoregressive paths constrained to equality
  v3 on v2 (b5);
  v2 on v1 (b5);

  p4 on v3 (c5); ! Cross-lagged paths constrained to equality
  p3 on v2 (c5);
  p2 on v1 (c5);

  v4 on p3 (d5); ! Cross-lagged paths constrained to equality
  v3 on p2 (d5);
  v2 on p1 (d5);

  p1 with v1; !(this one is not like the others)

  p2 with v2 (e5); ! Within-wave correlations constrained to equality
  p3 with v3 (e5);
  p4 with v4 (e5);

  p2 p3 p4 (f5); ! estimate variances of residual "factors"
  v2 v3 v4 (g5); ! estimate variances of residual "factors"

  OUTPUT: SAMPSTAT PATTERNS;



*** WARNING in VARIABLE command
  Note that only the first 8 characters of variable names are used in the output.
  Shorten variable names to avoid any confusion.
*** WARNING
  Data set contains unknown or missing values for GROUPING,
  PATTERN, COHORT, CLUSTER and/or STRATIFICATION variables.
  Number of cases with unknown or missing values:  5
   2 WARNING(S) FOUND IN THE INPUT INSTRUCTIONS



PxVx Bivariate LCM-SR - decadegroup - Linear bfas_nw with Linear aspfin_d;

SUMMARY OF ANALYSIS

Number of groups                                                 4
Number of observations
   Group D2                                                    301
   Group D3                                                    233
   Group D4                                                    198
   Group D5                                                    132
   Total sample size                                           864

Number of dependent variables                                    8
Number of independent variables                                  0
Number of continuous latent variables                           12

Observed dependent variables

  Continuous
   ABFAS_NW    BBFAS_NW    CBFAS_NW    DBFAS_NW    AASPFIN_D   BASPFIN_D
   CASPFIN_D   DASPFIN_D

Continuous latent variables
   P1          P2          P3          P4          V1          V2
   V3          V4          I_BFAS_N    S_BFAS_N    I_ASPFIN    S_ASPFIN

Variables with special functions

  Grouping variable     AAGEGRP

  Time scores
   A1          A2          A3          A4


Estimator                                                      MLR
Information matrix                                        OBSERVED
Maximum number of iterations                                   100
Convergence criterion                                    0.100D-05
Maximum number of EM iterations                                500
Convergence criteria for the EM algorithm
  Loglikelihood change                                   0.100D-02
  Relative loglikelihood change                          0.100D-05
  Derivative                                             0.100D-03
Minimum variance                                         0.100D-03
Maximum number of steepest descent iterations                   20
Maximum number of iterations for H1                           2000
Convergence criterion for H1                             0.100D-03
Optimization algorithm                                         EMA

Input data file(s)
  /home/jflournoy/code_new/lnt_pxvx/Data/lnt_nat_recalc.tsv
Input data format  FREE


SUMMARY OF DATA

   Group D2
     Number of missing data patterns            13

   Group D3
     Number of missing data patterns            11

   Group D4
     Number of missing data patterns            14

   Group D5
     Number of missing data patterns             9


SUMMARY OF MISSING DATA PATTERNS


     MISSING DATA PATTERNS (x = not missing) FOR D2

           1  2  3  4  5  6  7  8  9 10 11 12 13
 ABFAS_NW  x  x  x  x  x  x  x  x  x     x  x  x
 BBFAS_NW  x     x  x  x     x        x  x     x
 CBFAS_NW  x           x        x  x  x  x  x  x
 DBFAS_NW  x     x        x        x  x     x  x
 AASPFIN_  x  x  x  x  x  x     x  x  x  x  x  x
 BASPFIN_  x     x  x  x     x        x  x  x
 CASPFIN_  x           x        x  x  x  x  x  x
 DASPFIN_  x     x        x        x  x  x  x  x


     MISSING DATA PATTERN FREQUENCIES FOR D2

    Pattern   Frequency     Pattern   Frequency     Pattern   Frequency
          1         187           6          11          11           1
          2          57           7           1          12           1
          3           6           8           5          13           1
          4          11           9           5
          5          14          10           1


     MISSING DATA PATTERNS (x = not missing) FOR D3

           1  2  3  4  5  6  7  8  9 10 11
 ABFAS_NW  x  x  x  x  x  x  x  x     x  x
 BBFAS_NW  x     x  x  x           x  x
 CBFAS_NW  x           x     x  x  x
 DBFAS_NW  x     x        x     x  x     x
 AASPFIN_  x  x  x  x  x  x  x  x  x  x  x
 BASPFIN_  x     x  x  x           x
 CASPFIN_  x           x     x  x  x
 DASPFIN_  x     x        x     x  x


     MISSING DATA PATTERN FREQUENCIES FOR D3

    Pattern   Frequency     Pattern   Frequency     Pattern   Frequency
          1         139           5           7           9           1
          2          44           6           3          10           1
          3           8           7           7          11           1
          4          15           8           7


     MISSING DATA PATTERNS (x = not missing) FOR D4

           1  2  3  4  5  6  7  8  9 10 11 12 13 14
 ABFAS_NW  x  x  x  x  x  x  x  x  x  x  x  x  x  x
 BBFAS_NW  x     x  x  x              x  x  x     x
 CBFAS_NW  x           x     x  x  x  x     x
 DBFAS_NW  x     x        x     x  x  x     x     x
 AASPFIN_  x  x  x  x  x  x  x  x  x  x  x  x     x
 BASPFIN_  x     x  x  x           x        x
 CASPFIN_  x           x     x  x  x  x
 DASPFIN_  x     x        x     x  x  x     x     x


     MISSING DATA PATTERN FREQUENCIES FOR D4

    Pattern   Frequency     Pattern   Frequency     Pattern   Frequency
          1         103           6           4          11           2
          2          39           7           6          12           1
          3           7           8           5          13           1
          4          12           9           1          14           1
          5          15          10           1


     MISSING DATA PATTERNS (x = not missing) FOR D5

           1  2  3  4  5  6  7  8  9
 ABFAS_NW  x  x  x  x  x  x  x  x
 BBFAS_NW  x     x  x  x           x
 CBFAS_NW  x           x     x  x  x
 DBFAS_NW  x     x        x     x  x
 AASPFIN_  x  x  x  x  x  x  x  x  x
 BASPFIN_  x     x  x  x           x
 CASPFIN_  x           x     x  x  x
 DASPFIN_  x     x        x     x  x


     MISSING DATA PATTERN FREQUENCIES FOR D5

    Pattern   Frequency     Pattern   Frequency     Pattern   Frequency
          1          60           4          10           7           6
          2          29           5          11           8           4
          3           5           6           6           9           1


COVARIANCE COVERAGE OF DATA

Minimum covariance coverage value   0.100


     PROPORTION OF DATA PRESENT FOR D2


           Covariance Coverage
              ABFAS_NW      BBFAS_NW      CBFAS_NW      DBFAS_NW      AASPFIN_
              ________      ________      ________      ________      ________
 ABFAS_NW       0.997
 BBFAS_NW       0.734         0.738
 CBFAS_NW       0.711         0.678         0.714
 DBFAS_NW       0.701         0.648         0.648         0.704
 AASPFIN_       0.993         0.734         0.714         0.704         0.997
 BASPFIN_       0.734         0.734         0.678         0.648         0.734
 CASPFIN_       0.711         0.678         0.714         0.648         0.714
 DASPFIN_       0.704         0.651         0.651         0.704         0.708


           Covariance Coverage
              BASPFIN_      CASPFIN_      DASPFIN_
              ________      ________      ________
 BASPFIN_       0.738
 CASPFIN_       0.678         0.714
 DASPFIN_       0.651         0.651         0.708


     PROPORTION OF DATA PRESENT FOR D3


           Covariance Coverage
              ABFAS_NW      BBFAS_NW      CBFAS_NW      DBFAS_NW      AASPFIN_
              ________      ________      ________      ________      ________
 ABFAS_NW       0.996
 BBFAS_NW       0.760         0.764
 CBFAS_NW       0.665         0.635         0.670
 DBFAS_NW       0.648         0.635         0.605         0.652
 AASPFIN_       0.966         0.734         0.670         0.652         0.970
 BASPFIN_       0.760         0.764         0.635         0.635         0.734
 CASPFIN_       0.665         0.635         0.670         0.605         0.670
 DASPFIN_       0.652         0.639         0.609         0.652         0.657


           Covariance Coverage
              BASPFIN_      CASPFIN_      DASPFIN_
              ________      ________      ________
 BASPFIN_       0.764
 CASPFIN_       0.635         0.670
 DASPFIN_       0.639         0.609         0.657


     PROPORTION OF DATA PRESENT FOR D4


           Covariance Coverage
              ABFAS_NW      BBFAS_NW      CBFAS_NW      DBFAS_NW      AASPFIN_
              ________      ________      ________      ________      ________
 ABFAS_NW       0.995
 BBFAS_NW       0.742         0.747
 CBFAS_NW       0.646         0.616         0.652
 DBFAS_NW       0.591         0.566         0.540         0.596
 AASPFIN_       0.965         0.717         0.652         0.596         0.970
 BASPFIN_       0.737         0.737         0.616         0.566         0.712
 CASPFIN_       0.646         0.616         0.652         0.540         0.652
 DASPFIN_       0.601         0.576         0.551         0.596         0.606


           Covariance Coverage
              BASPFIN_      CASPFIN_      DASPFIN_
              ________      ________      ________
 BASPFIN_       0.742
 CASPFIN_       0.616         0.652
 DASPFIN_       0.576         0.551         0.606


     PROPORTION OF DATA PRESENT FOR D5


           Covariance Coverage
              ABFAS_NW      BBFAS_NW      CBFAS_NW      DBFAS_NW      AASPFIN_
              ________      ________      ________      ________      ________
 ABFAS_NW       1.000
 BBFAS_NW       0.697         0.697
 CBFAS_NW       0.576         0.538         0.576
 DBFAS_NW       0.545         0.492         0.462         0.545
 AASPFIN_       0.955         0.652         0.576         0.545         0.955
 BASPFIN_       0.697         0.697         0.538         0.492         0.652
 CASPFIN_       0.576         0.538         0.576         0.462         0.576
 DASPFIN_       0.545         0.492         0.462         0.545         0.545


           Covariance Coverage
              BASPFIN_      CASPFIN_      DASPFIN_
              ________      ________      ________
 BASPFIN_       0.697
 CASPFIN_       0.538         0.576
 DASPFIN_       0.492         0.462         0.545


SAMPLE STATISTICS


     ESTIMATED SAMPLE STATISTICS FOR D2


           Means
              ABFAS_NW      BBFAS_NW      CBFAS_NW      DBFAS_NW      AASPFIN_
              ________      ________      ________      ________      ________
               50.306        50.563        50.399        50.883        45.250


           Means
              BASPFIN_      CASPFIN_      DASPFIN_
              ________      ________      ________
               46.705        45.488        45.312


           Covariances
              ABFAS_NW      BBFAS_NW      CBFAS_NW      DBFAS_NW      AASPFIN_
              ________      ________      ________      ________      ________
 ABFAS_NW     445.998
 BBFAS_NW     369.279       444.454
 CBFAS_NW     353.410       374.704       481.396
 DBFAS_NW     352.548       368.783       394.598       450.938
 AASPFIN_      29.942         3.683         0.478        14.587       622.165
 BASPFIN_       1.167         6.218       -11.946         4.332       457.492
 CASPFIN_     -14.131         1.493        -6.406         7.082       475.054
 DASPFIN_      41.972        44.611        33.332        60.368       434.990


           Covariances
              BASPFIN_      CASPFIN_      DASPFIN_
              ________      ________      ________
 BASPFIN_     607.012
 CASPFIN_     492.043       661.435
 DASPFIN_     462.595       509.304       676.946


           Correlations
              ABFAS_NW      BBFAS_NW      CBFAS_NW      DBFAS_NW      AASPFIN_
              ________      ________      ________      ________      ________
 ABFAS_NW       1.000
 BBFAS_NW       0.829         1.000
 CBFAS_NW       0.763         0.810         1.000
 DBFAS_NW       0.786         0.824         0.847         1.000
 AASPFIN_       0.057         0.007         0.001         0.028         1.000
 BASPFIN_       0.002         0.012        -0.022         0.008         0.744
 CASPFIN_      -0.026         0.003        -0.011         0.013         0.741
 DASPFIN_       0.076         0.081         0.058         0.109         0.670


           Correlations
              BASPFIN_      CASPFIN_      DASPFIN_
              ________      ________      ________
 BASPFIN_       1.000
 CASPFIN_       0.777         1.000
 DASPFIN_       0.722         0.761         1.000


     ESTIMATED SAMPLE STATISTICS FOR D3


           Means
              ABFAS_NW      BBFAS_NW      CBFAS_NW      DBFAS_NW      AASPFIN_
              ________      ________      ________      ________      ________
               43.698        43.006        44.147        43.744        42.793


           Means
              BASPFIN_      CASPFIN_      DASPFIN_
              ________      ________      ________
               43.693        43.771        44.021


           Covariances
              ABFAS_NW      BBFAS_NW      CBFAS_NW      DBFAS_NW      AASPFIN_
              ________      ________      ________      ________      ________
 ABFAS_NW     412.124
 BBFAS_NW     301.378       352.987
 CBFAS_NW     295.844       275.116       352.145
 DBFAS_NW     300.882       281.624       307.495       376.237
 AASPFIN_     -31.388       -35.446         0.181       -13.506       558.235
 BASPFIN_     -54.889       -47.983       -12.234       -17.925       488.893
 CASPFIN_     -21.675        -1.280        43.747        20.306       479.561
 DASPFIN_     -30.037       -28.688         7.516        -6.300       465.355


           Covariances
              BASPFIN_      CASPFIN_      DASPFIN_
              ________      ________      ________
 BASPFIN_     678.833
 CASPFIN_     526.820       660.779
 DASPFIN_     515.322       509.803       626.546


           Correlations
              ABFAS_NW      BBFAS_NW      CBFAS_NW      DBFAS_NW      AASPFIN_
              ________      ________      ________      ________      ________
 ABFAS_NW       1.000
 BBFAS_NW       0.790         1.000
 CBFAS_NW       0.777         0.780         1.000
 DBFAS_NW       0.764         0.773         0.845         1.000
 AASPFIN_      -0.065        -0.080         0.000        -0.029         1.000
 BASPFIN_      -0.104        -0.098        -0.025        -0.035         0.794
 CASPFIN_      -0.042        -0.003         0.091         0.041         0.790
 DASPFIN_      -0.059        -0.061         0.016        -0.013         0.787


           Correlations
              BASPFIN_      CASPFIN_      DASPFIN_
              ________      ________      ________
 BASPFIN_       1.000
 CASPFIN_       0.787         1.000
 DASPFIN_       0.790         0.792         1.000


     ESTIMATED SAMPLE STATISTICS FOR D4


           Means
              ABFAS_NW      BBFAS_NW      CBFAS_NW      DBFAS_NW      AASPFIN_
              ________      ________      ________      ________      ________
               43.566        45.224        44.114        43.876        39.780


           Means
              BASPFIN_      CASPFIN_      DASPFIN_
              ________      ________      ________
               40.419        41.440        42.911


           Covariances
              ABFAS_NW      BBFAS_NW      CBFAS_NW      DBFAS_NW      AASPFIN_
              ________      ________      ________      ________      ________
 ABFAS_NW     395.442
 BBFAS_NW     308.260       361.699
 CBFAS_NW     317.170       353.114       420.998
 DBFAS_NW     326.784       341.585       368.063       431.263
 AASPFIN_     -26.478       -21.287       -19.608       -11.106       549.803
 BASPFIN_     -49.570       -39.756       -16.320       -14.117       406.019
 CASPFIN_     -19.459        -9.604        -1.321         5.791       354.283
 DASPFIN_     -36.025       -45.696       -47.842       -21.966       381.868


           Covariances
              BASPFIN_      CASPFIN_      DASPFIN_
              ________      ________      ________
 BASPFIN_     533.846
 CASPFIN_     355.522       428.211
 DASPFIN_     352.910       351.192       500.852


           Correlations
              ABFAS_NW      BBFAS_NW      CBFAS_NW      DBFAS_NW      AASPFIN_
              ________      ________      ________      ________      ________
 ABFAS_NW       1.000
 BBFAS_NW       0.815         1.000
 CBFAS_NW       0.777         0.905         1.000
 DBFAS_NW       0.791         0.865         0.864         1.000
 AASPFIN_      -0.057        -0.048        -0.041        -0.023         1.000
 BASPFIN_      -0.108        -0.090        -0.034        -0.029         0.749
 CASPFIN_      -0.047        -0.024        -0.003         0.013         0.730
 DASPFIN_      -0.081        -0.107        -0.104        -0.047         0.728


           Correlations
              BASPFIN_      CASPFIN_      DASPFIN_
              ________      ________      ________
 BASPFIN_       1.000
 CASPFIN_       0.744         1.000
 DASPFIN_       0.682         0.758         1.000


     ESTIMATED SAMPLE STATISTICS FOR D5


           Means
              ABFAS_NW      BBFAS_NW      CBFAS_NW      DBFAS_NW      AASPFIN_
              ________      ________      ________      ________      ________
               43.762        42.262        43.233        41.939        39.615


           Means
              BASPFIN_      CASPFIN_      DASPFIN_
              ________      ________      ________
               40.441        40.181        40.887


           Covariances
              ABFAS_NW      BBFAS_NW      CBFAS_NW      DBFAS_NW      AASPFIN_
              ________      ________      ________      ________      ________
 ABFAS_NW     421.848
 BBFAS_NW     353.482       421.018
 CBFAS_NW     326.185       338.819       398.679
 DBFAS_NW     345.016       382.744       391.579       457.019
 AASPFIN_       4.385        32.698        34.498        13.918       527.803
 BASPFIN_      56.462       109.545        95.486        93.582       379.196
 CASPFIN_       0.887        65.503        40.700        16.421       391.699
 DASPFIN_     -96.202       -40.837       -59.491       -53.676       372.438


           Covariances
              BASPFIN_      CASPFIN_      DASPFIN_
              ________      ________      ________
 BASPFIN_     482.386
 CASPFIN_     381.228       533.089
 DASPFIN_     338.521       392.032       516.846


           Correlations
              ABFAS_NW      BBFAS_NW      CBFAS_NW      DBFAS_NW      AASPFIN_
              ________      ________      ________      ________      ________
 ABFAS_NW       1.000
 BBFAS_NW       0.839         1.000
 CBFAS_NW       0.795         0.827         1.000
 DBFAS_NW       0.786         0.873         0.917         1.000
 AASPFIN_       0.009         0.069         0.075         0.028         1.000
 BASPFIN_       0.125         0.243         0.218         0.199         0.752
 CASPFIN_       0.002         0.138         0.088         0.033         0.738
 DASPFIN_      -0.206        -0.088        -0.131        -0.110         0.713


           Correlations
              BASPFIN_      CASPFIN_      DASPFIN_
              ________      ________      ________
 BASPFIN_       1.000
 CASPFIN_       0.752         1.000
 DASPFIN_       0.678         0.747         1.000


     MAXIMUM LOG-LIKELIHOOD VALUE FOR THE UNRESTRICTED (H1) MODEL IS -21795.319


UNIVARIATE SAMPLE STATISTICS


     UNIVARIATE HIGHER-ORDER MOMENT DESCRIPTIVE STATISTICS FOR D2

         Variable/         Mean/     Skewness/   Minimum/ % with                Percentiles
        Sample Size      Variance    Kurtosis    Maximum  Min/Max      20%/60%    40%/80%    Median

     ABFAS_NW             50.250       0.069       0.000    0.33%      30.000     42.500     50.000
             300.000     446.164      -0.500     100.000    0.33%      57.500     67.500
     BBFAS_NW             51.471      -0.152       5.000    0.90%      32.500     50.000     52.500
             222.000     449.311      -0.614      97.500    0.45%      57.500     70.000
     CBFAS_NW             50.634      -0.042       0.000    0.93%      30.000     45.000     50.000
             215.000     500.110      -0.470      97.500    1.86%      55.000     72.500
     DBFAS_NW             51.619      -0.150       0.000    0.47%      32.500     47.500     52.500
             212.000     460.651      -0.506      97.500    0.94%      57.500     70.000
     AASPFIN_D            45.319       0.184       0.000    3.67%      25.000     33.333     41.667
             300.000     621.900      -0.696     100.000    3.00%      50.000     66.667
     BASPFIN_D            46.115       0.245       0.000    2.25%      25.000     41.667     50.000
             222.000     599.348      -0.680     100.000    3.15%      50.000     66.667
     CASPFIN_D            45.659       0.288       0.000    3.72%      25.000     33.333     41.667
             215.000     653.636      -0.696     100.000    3.72%      50.000     66.667
     DASPFIN_D            45.207       0.196       0.000    3.29%      16.667     33.333     41.667
             213.000     677.099      -0.914     100.000    2.82%      50.000     66.667


     UNIVARIATE HIGHER-ORDER MOMENT DESCRIPTIVE STATISTICS FOR D3

         Variable/         Mean/     Skewness/   Minimum/ % with                Percentiles
        Sample Size      Variance    Kurtosis    Maximum  Min/Max      20%/60%    40%/80%    Median

     ABFAS_NW             43.803       0.229       0.000    1.29%      27.500     40.000     42.500
             232.000     410.817      -0.199      97.500    0.43%      47.500     60.000
     BBFAS_NW             42.550       0.177       0.000    0.58%      27.500     35.000     42.500
             171.000     346.007      -0.300      97.500    0.58%      47.500     57.500
     CBFAS_NW             44.580      -0.008       2.500    1.24%      27.500     37.500     45.000
             161.000     352.499      -0.646      87.500    0.62%      50.000     62.500
     DBFAS_NW             43.985       0.211       0.000    0.63%      27.500     37.500     45.000
             159.000     368.531      -0.177      97.500    0.63%      50.000     60.000
     AASPFIN_D            42.793       0.515       0.000    2.58%      25.000     33.333     41.667
             233.000     558.235      -0.375     100.000    2.58%      50.000     58.333
     BASPFIN_D            44.412       0.484       0.000    3.53%      25.000     33.333     41.667
             170.000     699.777      -0.578     100.000    5.88%      50.000     66.667
     CASPFIN_D            43.996       0.471       0.000    1.86%      16.667     33.333     41.667
             161.000     680.824      -0.728     100.000    4.35%      50.000     66.667
     DASPFIN_D            44.594       0.350       0.000    0.63%      16.667     33.333     41.667
             158.000     646.429      -0.745     100.000    3.80%      50.000     66.667


     UNIVARIATE HIGHER-ORDER MOMENT DESCRIPTIVE STATISTICS FOR D4

         Variable/         Mean/     Skewness/   Minimum/ % with                Percentiles
        Sample Size      Variance    Kurtosis    Maximum  Min/Max      20%/60%    40%/80%    Median

     ABFAS_NW             43.566       0.052       0.000    1.01%      25.000     37.500     43.750
             198.000     395.442      -0.511      94.444    0.51%      47.500     60.000
     BBFAS_NW             44.993       0.054       2.500    1.41%      27.500     40.000     45.000
             142.000     384.869      -0.529      87.500    1.41%      50.000     62.500
     CBFAS_NW             43.083       0.030       0.000    2.27%      25.000     37.500     42.500
             132.000     431.795      -0.374      90.000    0.76%      47.500     60.000
     DBFAS_NW             41.402       0.125       2.500    2.44%      22.500     35.000     40.000
             123.000     440.360      -0.713      92.500    0.81%      47.500     60.000
     AASPFIN_D            39.784       0.424       0.000    6.60%      16.667     33.333     33.333
             197.000     549.809      -0.288     100.000    1.52%      41.667     58.333
     BASPFIN_D            39.778       0.518       0.000    4.32%      16.667     33.333     41.667
             139.000     529.632       0.110     100.000    2.88%      41.667     50.000
     CASPFIN_D            42.335       0.391       0.000    1.53%      25.000     33.333     41.667
             131.000     424.835      -0.251     100.000    0.76%      41.667     58.333
     DASPFIN_D            43.022       0.413       0.000    1.63%      25.000     33.333     41.667
             123.000     502.906      -0.423     100.000    0.81%      50.000     58.333


     UNIVARIATE HIGHER-ORDER MOMENT DESCRIPTIVE STATISTICS FOR D5

         Variable/         Mean/     Skewness/   Minimum/ % with                Percentiles
        Sample Size      Variance    Kurtosis    Maximum  Min/Max      20%/60%    40%/80%    Median

     ABFAS_NW             43.831       0.024       0.000    0.76%      27.500     40.000     42.500
             131.000     423.646      -0.324     100.000    0.76%      50.000     62.500
     BBFAS_NW             41.505       0.400       0.000    3.45%      22.500     35.000     40.000
              87.000     429.591       0.147      97.500    1.15%      47.222     58.333
     CBFAS_NW             42.988       0.219       0.000    1.22%      25.000     37.500     40.000
              82.000     419.732      -0.370      92.500    1.22%      47.500     60.000
     DBFAS_NW             39.770       0.440       0.000    2.63%      20.000     35.000     38.750
              76.000     437.036       0.202     100.000    1.32%      45.000     57.500
     AASPFIN_D            39.615       0.468       0.000    4.55%      16.667     33.333     41.667
             132.000     527.803      -0.196     100.000    1.52%      41.667     58.333
     BASPFIN_D            40.661       0.598       0.000    1.15%      25.000     33.333     33.333
              87.000     494.079      -0.161     100.000    2.30%      41.667     58.333
     CASPFIN_D            39.228       0.532       0.000    4.88%      16.667     33.333     37.500
              82.000     547.913      -0.111     100.000    2.44%      41.667     58.333
     DASPFIN_D            41.996       0.594       0.000    1.32%      16.667     33.333     33.333
              76.000     543.569      -0.314     100.000    2.63%      41.667     58.333


THE MODEL ESTIMATION TERMINATED NORMALLY



MODEL FIT INFORMATION

Number of Free Parameters                       54

Loglikelihood

          H0 Value                      -21873.961
          H0 Scaling Correction Factor      1.1932
            for MLR

Information Criteria

          Akaike (AIC)                   43855.922
          Bayesian (BIC)                 44113.047
          Sample-Size Adjusted BIC       43941.557
            (n* = (n + 2) / 24)



MODEL RESULTS

                                                    Two-Tailed
                    Estimate       S.E.  Est./S.E.    P-Value

Group D2

 P1       BY
    ABFAS_NW           1.000      0.000    999.000    999.000

 P2       BY
    BBFAS_NW           1.000      0.000    999.000    999.000

 P3       BY
    CBFAS_NW           1.000      0.000    999.000    999.000

 P4       BY
    DBFAS_NW           1.000      0.000    999.000    999.000

 V1       BY
    AASPFIN_D          1.000      0.000    999.000    999.000

 V2       BY
    BASPFIN_D          1.000      0.000    999.000    999.000

 V3       BY
    CASPFIN_D          1.000      0.000    999.000    999.000

 V4       BY
    DASPFIN_D          1.000      0.000    999.000    999.000

 P4         ON
    P3                 0.207      0.081      2.563      0.010
    V3                -0.026      0.046     -0.559      0.576

 P3         ON
    P2                 0.207      0.081      2.563      0.010
    V2                -0.026      0.046     -0.559      0.576

 P2         ON
    P1                 0.207      0.081      2.563      0.010
    V1                -0.026      0.046     -0.559      0.576

 V4         ON
    V3                 0.155      0.098      1.588      0.112
    P3                 0.021      0.084      0.248      0.804

 V3         ON
    V2                 0.155      0.098      1.588      0.112
    P2                 0.021      0.084      0.248      0.804

 V2         ON
    V1                 0.155      0.098      1.588      0.112
    P1                 0.021      0.084      0.248      0.804

 S_BFAS_N WITH
    I_BFAS_NW         -0.819      0.940     -0.872      0.383
    S_ASPFIN_D        -0.017      0.152     -0.113      0.910
    I_ASPFIN_D         3.062      3.004      1.019      0.308

 I_BFAS_N WITH
    S_ASPFIN_D        -2.207      3.134     -0.704      0.481
    I_ASPFIN_D        -7.206     19.319     -0.373      0.709

 S_ASPFIN WITH
    I_ASPFIN_D        -2.063      1.295     -1.592      0.111

 P1       WITH
    V1                30.125     14.262      2.112      0.035

 P2       WITH
    V2                 7.392      7.971      0.927      0.354

 P3       WITH
    V3                 7.392      7.971      0.927      0.354

 P4       WITH
    V4                 7.392      7.971      0.927      0.354

 Means
    P1                 0.000      0.000    999.000    999.000
    V1                 0.000      0.000    999.000    999.000
    I_BFAS_NW         46.401      0.669     69.410      0.000
    S_BFAS_NW         -0.280      0.061     -4.607      0.000
    I_ASPFIN_D        43.196      0.772     55.924      0.000
    S_ASPFIN_D        -0.147      0.068     -2.178      0.029

 Intercepts
    ABFAS_NW           0.000      0.000    999.000    999.000
    BBFAS_NW           0.000      0.000    999.000    999.000
    CBFAS_NW           0.000      0.000    999.000    999.000
    DBFAS_NW           0.000      0.000    999.000    999.000
    AASPFIN_D          0.000      0.000    999.000    999.000
    BASPFIN_D          0.000      0.000    999.000    999.000
    CASPFIN_D          0.000      0.000    999.000    999.000
    DASPFIN_D          0.000      0.000    999.000    999.000
    P2                 0.000      0.000    999.000    999.000
    P3                 0.000      0.000    999.000    999.000
    P4                 0.000      0.000    999.000    999.000
    V2                 0.000      0.000    999.000    999.000
    V3                 0.000      0.000    999.000    999.000
    V4                 0.000      0.000    999.000    999.000

 Variances
    P1               106.696     19.728      5.408      0.000
    V1               192.408     24.499      7.854      0.000
    I_BFAS_NW        306.683     22.913     13.385      0.000
    S_BFAS_NW          0.237      0.178      1.333      0.183
    I_ASPFIN_D       419.385     29.640     14.149      0.000
    S_ASPFIN_D         0.131      0.222      0.592      0.554

 Residual Variances
    ABFAS_NW           0.000      0.000    999.000    999.000
    BBFAS_NW           0.000      0.000    999.000    999.000
    CBFAS_NW           0.000      0.000    999.000    999.000
    DBFAS_NW           0.000      0.000    999.000    999.000
    AASPFIN_D          0.000      0.000    999.000    999.000
    BASPFIN_D          0.000      0.000    999.000    999.000
    CASPFIN_D          0.000      0.000    999.000    999.000
    DASPFIN_D          0.000      0.000    999.000    999.000
    P2                91.895     10.028      9.164      0.000
    P3                91.895     10.028      9.164      0.000
    P4                91.895     10.028      9.164      0.000
    V2               180.334     18.590      9.701      0.000
    V3               180.334     18.590      9.701      0.000
    V4               180.334     18.590      9.701      0.000

Group D3

 P1       BY
    ABFAS_NW           1.000      0.000    999.000    999.000

 P2       BY
    BBFAS_NW           1.000      0.000    999.000    999.000

 P3       BY
    CBFAS_NW           1.000      0.000    999.000    999.000

 P4       BY
    DBFAS_NW           1.000      0.000    999.000    999.000

 V1       BY
    AASPFIN_D          1.000      0.000    999.000    999.000

 V2       BY
    BASPFIN_D          1.000      0.000    999.000    999.000

 V3       BY
    CASPFIN_D          1.000      0.000    999.000    999.000

 V4       BY
    DASPFIN_D          1.000      0.000    999.000    999.000

 P4         ON
    P3                 0.138      0.082      1.670      0.095
    V3                 0.000      0.061      0.001      0.999

 P3         ON
    P2                 0.138      0.082      1.670      0.095
    V2                 0.000      0.061      0.001      0.999

 P2         ON
    P1                 0.138      0.082      1.670      0.095
    V1                 0.000      0.061      0.001      0.999

 V4         ON
    V3                 0.055      0.115      0.481      0.631
    P3                -0.003      0.080     -0.037      0.970

 V3         ON
    V2                 0.055      0.115      0.481      0.631
    P2                -0.003      0.080     -0.037      0.970

 V2         ON
    V1                 0.055      0.115      0.481      0.631
    P1                -0.003      0.080     -0.037      0.970

 S_BFAS_N WITH
    I_BFAS_NW         -0.819      0.940     -0.872      0.383
    S_ASPFIN_D        -0.017      0.152     -0.113      0.910
    I_ASPFIN_D         3.062      3.004      1.019      0.308

 I_BFAS_N WITH
    S_ASPFIN_D        -2.207      3.134     -0.704      0.481
    I_ASPFIN_D        -7.206     19.319     -0.373      0.709

 S_ASPFIN WITH
    I_ASPFIN_D        -2.063      1.295     -1.592      0.111

 P1       WITH
    V1                10.773     13.007      0.828      0.408

 P2       WITH
    V2                 3.816      8.147      0.468      0.639

 P3       WITH
    V3                 3.816      8.147      0.468      0.639

 P4       WITH
    V4                 3.816      8.147      0.468      0.639

 Means
    P1                 0.000      0.000    999.000    999.000
    V1                 0.000      0.000    999.000    999.000
    I_BFAS_NW         46.401      0.669     69.410      0.000
    S_BFAS_NW         -0.280      0.061     -4.607      0.000
    I_ASPFIN_D        43.196      0.772     55.924      0.000
    S_ASPFIN_D        -0.147      0.068     -2.178      0.029

 Intercepts
    ABFAS_NW           0.000      0.000    999.000    999.000
    BBFAS_NW           0.000      0.000    999.000    999.000
    CBFAS_NW           0.000      0.000    999.000    999.000
    DBFAS_NW           0.000      0.000    999.000    999.000
    AASPFIN_D          0.000      0.000    999.000    999.000
    BASPFIN_D          0.000      0.000    999.000    999.000
    CASPFIN_D          0.000      0.000    999.000    999.000
    DASPFIN_D          0.000      0.000    999.000    999.000
    P2                 0.000      0.000    999.000    999.000
    P3                 0.000      0.000    999.000    999.000
    P4                 0.000      0.000    999.000    999.000
    V2                 0.000      0.000    999.000    999.000
    V3                 0.000      0.000    999.000    999.000
    V4                 0.000      0.000    999.000    999.000

 Variances
    P1               106.617     16.686      6.390      0.000
    V1               108.481     18.066      6.005      0.000
    I_BFAS_NW        306.683     22.913     13.385      0.000
    S_BFAS_NW          0.237      0.178      1.333      0.183
    I_ASPFIN_D       419.385     29.640     14.149      0.000
    S_ASPFIN_D         0.131      0.222      0.592      0.554

 Residual Variances
    ABFAS_NW           0.000      0.000    999.000    999.000
    BBFAS_NW           0.000      0.000    999.000    999.000
    CBFAS_NW           0.000      0.000    999.000    999.000
    DBFAS_NW           0.000      0.000    999.000    999.000
    AASPFIN_D          0.000      0.000    999.000    999.000
    BASPFIN_D          0.000      0.000    999.000    999.000
    CASPFIN_D          0.000      0.000    999.000    999.000
    DASPFIN_D          0.000      0.000    999.000    999.000
    P2                77.545      9.691      8.002      0.000
    P3                77.545      9.691      8.002      0.000
    P4                77.545      9.691      8.002      0.000
    V2               149.652     19.380      7.722      0.000
    V3               149.652     19.380      7.722      0.000
    V4               149.652     19.380      7.722      0.000

Group D4

 P1       BY
    ABFAS_NW           1.000      0.000    999.000    999.000

 P2       BY
    BBFAS_NW           1.000      0.000    999.000    999.000

 P3       BY
    CBFAS_NW           1.000      0.000    999.000    999.000

 P4       BY
    DBFAS_NW           1.000      0.000    999.000    999.000

 V1       BY
    AASPFIN_D          1.000      0.000    999.000    999.000

 V2       BY
    BASPFIN_D          1.000      0.000    999.000    999.000

 V3       BY
    CASPFIN_D          1.000      0.000    999.000    999.000

 V4       BY
    DASPFIN_D          1.000      0.000    999.000    999.000

 P4         ON
    P3                 0.128      0.078      1.644      0.100
    V3                 0.040      0.048      0.837      0.402

 P3         ON
    P2                 0.128      0.078      1.644      0.100
    V2                 0.040      0.048      0.837      0.402

 P2         ON
    P1                 0.128      0.078      1.644      0.100
    V1                 0.040      0.048      0.837      0.402

 V4         ON
    V3                 0.147      0.091      1.624      0.104
    P3                -0.115      0.113     -1.016      0.310

 V3         ON
    V2                 0.147      0.091      1.624      0.104
    P2                -0.115      0.113     -1.016      0.310

 V2         ON
    V1                 0.147      0.091      1.624      0.104
    P1                -0.115      0.113     -1.016      0.310

 S_BFAS_N WITH
    I_BFAS_NW         -0.819      0.940     -0.872      0.383
    S_ASPFIN_D        -0.017      0.152     -0.113      0.910
    I_ASPFIN_D         3.062      3.004      1.019      0.308

 I_BFAS_N WITH
    S_ASPFIN_D        -2.207      3.134     -0.704      0.481
    I_ASPFIN_D        -7.206     19.319     -0.373      0.709

 S_ASPFIN WITH
    I_ASPFIN_D        -2.063      1.295     -1.592      0.111

 P1       WITH
    V1                 2.809     16.739      0.168      0.867

 P2       WITH
    V2                 0.425      6.732      0.063      0.950

 P3       WITH
    V3                 0.425      6.732      0.063      0.950

 P4       WITH
    V4                 0.425      6.732      0.063      0.950

 Means
    P1                 0.000      0.000    999.000    999.000
    V1                 0.000      0.000    999.000    999.000
    I_BFAS_NW         46.401      0.669     69.410      0.000
    S_BFAS_NW         -0.280      0.061     -4.607      0.000
    I_ASPFIN_D        43.196      0.772     55.924      0.000
    S_ASPFIN_D        -0.147      0.068     -2.178      0.029

 Intercepts
    ABFAS_NW           0.000      0.000    999.000    999.000
    BBFAS_NW           0.000      0.000    999.000    999.000
    CBFAS_NW           0.000      0.000    999.000    999.000
    DBFAS_NW           0.000      0.000    999.000    999.000
    AASPFIN_D          0.000      0.000    999.000    999.000
    BASPFIN_D          0.000      0.000    999.000    999.000
    CASPFIN_D          0.000      0.000    999.000    999.000
    DASPFIN_D          0.000      0.000    999.000    999.000
    P2                 0.000      0.000    999.000    999.000
    P3                 0.000      0.000    999.000    999.000
    P4                 0.000      0.000    999.000    999.000
    V2                 0.000      0.000    999.000    999.000
    V3                 0.000      0.000    999.000    999.000
    V4                 0.000      0.000    999.000    999.000

 Variances
    P1               115.086     17.481      6.583      0.000
    V1               156.396     24.384      6.414      0.000
    I_BFAS_NW        306.683     22.913     13.385      0.000
    S_BFAS_NW          0.237      0.178      1.333      0.183
    I_ASPFIN_D       419.385     29.640     14.149      0.000
    S_ASPFIN_D         0.131      0.222      0.592      0.554

 Residual Variances
    ABFAS_NW           0.000      0.000    999.000    999.000
    BBFAS_NW           0.000      0.000    999.000    999.000
    CBFAS_NW           0.000      0.000    999.000    999.000
    DBFAS_NW           0.000      0.000    999.000    999.000
    AASPFIN_D          0.000      0.000    999.000    999.000
    BASPFIN_D          0.000      0.000    999.000    999.000
    CASPFIN_D          0.000      0.000    999.000    999.000
    DASPFIN_D          0.000      0.000    999.000    999.000
    P2                54.849      6.966      7.874      0.000
    P3                54.849      6.966      7.874      0.000
    P4                54.849      6.966      7.874      0.000
    V2               142.481     19.647      7.252      0.000
    V3               142.481     19.647      7.252      0.000
    V4               142.481     19.647      7.252      0.000

Group D5

 P1       BY
    ABFAS_NW           1.000      0.000    999.000    999.000

 P2       BY
    BBFAS_NW           1.000      0.000    999.000    999.000

 P3       BY
    CBFAS_NW           1.000      0.000    999.000    999.000

 P4       BY
    DBFAS_NW           1.000      0.000    999.000    999.000

 V1       BY
    AASPFIN_D          1.000      0.000    999.000    999.000

 V2       BY
    BASPFIN_D          1.000      0.000    999.000    999.000

 V3       BY
    CASPFIN_D          1.000      0.000    999.000    999.000

 V4       BY
    DASPFIN_D          1.000      0.000    999.000    999.000

 P4         ON
    P3                 0.143      0.103      1.384      0.166
    V3                -0.033      0.064     -0.516      0.606

 P3         ON
    P2                 0.143      0.103      1.384      0.166
    V2                -0.033      0.064     -0.516      0.606

 P2         ON
    P1                 0.143      0.103      1.384      0.166
    V1                -0.033      0.064     -0.516      0.606

 V4         ON
    V3                 0.128      0.114      1.126      0.260
    P3                 0.034      0.132      0.254      0.800

 V3         ON
    V2                 0.128      0.114      1.126      0.260
    P2                 0.034      0.132      0.254      0.800

 V2         ON
    V1                 0.128      0.114      1.126      0.260
    P1                 0.034      0.132      0.254      0.800

 S_BFAS_N WITH
    I_BFAS_NW         -0.819      0.940     -0.872      0.383
    S_ASPFIN_D        -0.017      0.152     -0.113      0.910
    I_ASPFIN_D         3.062      3.004      1.019      0.308

 I_BFAS_N WITH
    S_ASPFIN_D        -2.207      3.134     -0.704      0.481
    I_ASPFIN_D        -7.206     19.319     -0.373      0.709

 S_ASPFIN WITH
    I_ASPFIN_D        -2.063      1.295     -1.592      0.111

 P1       WITH
    V1                11.288     20.962      0.539      0.590

 P2       WITH
    V2                 6.137      6.829      0.899      0.369

 P3       WITH
    V3                 6.137      6.829      0.899      0.369

 P4       WITH
    V4                 6.137      6.829      0.899      0.369

 Means
    P1                 0.000      0.000    999.000    999.000
    V1                 0.000      0.000    999.000    999.000
    I_BFAS_NW         46.401      0.669     69.410      0.000
    S_BFAS_NW         -0.280      0.061     -4.607      0.000
    I_ASPFIN_D        43.196      0.772     55.924      0.000
    S_ASPFIN_D        -0.147      0.068     -2.178      0.029

 Intercepts
    ABFAS_NW           0.000      0.000    999.000    999.000
    BBFAS_NW           0.000      0.000    999.000    999.000
    CBFAS_NW           0.000      0.000    999.000    999.000
    DBFAS_NW           0.000      0.000    999.000    999.000
    AASPFIN_D          0.000      0.000    999.000    999.000
    BASPFIN_D          0.000      0.000    999.000    999.000
    CASPFIN_D          0.000      0.000    999.000    999.000
    DASPFIN_D          0.000      0.000    999.000    999.000
    P2                 0.000      0.000    999.000    999.000
    P3                 0.000      0.000    999.000    999.000
    P4                 0.000      0.000    999.000    999.000
    V2                 0.000      0.000    999.000    999.000
    V3                 0.000      0.000    999.000    999.000
    V4                 0.000      0.000    999.000    999.000

 Variances
    P1               107.252     23.408      4.582      0.000
    V1               145.558     29.064      5.008      0.000
    I_BFAS_NW        306.683     22.913     13.385      0.000
    S_BFAS_NW          0.237      0.178      1.333      0.183
    I_ASPFIN_D       419.385     29.640     14.149      0.000
    S_ASPFIN_D         0.131      0.222      0.592      0.554

 Residual Variances
    ABFAS_NW           0.000      0.000    999.000    999.000
    BBFAS_NW           0.000      0.000    999.000    999.000
    CBFAS_NW           0.000      0.000    999.000    999.000
    DBFAS_NW           0.000      0.000    999.000    999.000
    AASPFIN_D          0.000      0.000    999.000    999.000
    BASPFIN_D          0.000      0.000    999.000    999.000
    CASPFIN_D          0.000      0.000    999.000    999.000
    DASPFIN_D          0.000      0.000    999.000    999.000
    P2                60.396      9.187      6.574      0.000
    P3                60.396      9.187      6.574      0.000
    P4                60.396      9.187      6.574      0.000
    V2               147.147     20.312      7.244      0.000
    V3               147.147     20.312      7.244      0.000
    V4               147.147     20.312      7.244      0.000


QUALITY OF NUMERICAL RESULTS

     Condition Number for the Information Matrix              0.761E-05
       (ratio of smallest to largest eigenvalue)


     Beginning Time:  17:51:40
        Ending Time:  17:52:01
       Elapsed Time:  00:00:21



MUTHEN & MUTHEN
3463 Stoner Ave.
Los Angeles, CA  90066

Tel: (310) 391-9971
Fax: (310) 391-8971
Web: www.StatModel.com
Support: Support@StatModel.com

Copyright (c) 1998-2017 Muthen & Muthen
