Mplus VERSION 8 (Linux)
MUTHEN & MUTHEN
07/08/2018   6:23 PM

INPUT INSTRUCTIONS


  title: PxVx Bivariate LCM-SR - decadegroup - Linear bfi_n with Linear aspfin;
  data: file = /home/jflournoy/code_new/lnt_pxvx/Data/lnt_nat_recalc.tsv;

  variable:
  names =
  subjid
  aage
  aaspfin
  aaspfin_d
  abfa_mt
  abfa_mt_d
  abfas_ac
  abfas_ap
  abfas_ci
  abfas_co
  abfas_ea
  abfas_ee
  abfas_nv
  abfas_nv9
  abfas_nw
  abfas_oi
  abfas_oo
  abfi_a
  abfi_a6
  abfi_c
  abfi_d_scale
  abfi_e
  abfi_hp8
  abfi_n
  abfi_o
  abfi_s_scale
  ahrz_col
  ahrz_col_d
  ahrz_ind
  ahrz_ind_d
  amvi
  ausi
  ausi_d
  avrt_col
  avrt_col_d
  avrt_ind
  avrt_ind_d
  bage
  baspfin
  baspfin_d
  bbfa_mt
  bbfa_mt_d
  bbfas_ac
  bbfas_ap
  bbfas_ci
  bbfas_co
  bbfas_ea
  bbfas_ee
  bbfas_nv
  bbfas_nv9
  bbfas_nw
  bbfas_oi
  bbfas_oo
  bbfi_a
  bbfi_a6
  bbfi_c
  bbfi_d_scale
  bbfi_e
  bbfi_hp8
  bbfi_n
  bbfi_o
  bbfi_s_scale
  bhrz_col
  bhrz_col_d
  bhrz_ind
  bhrz_ind_d
  bmvi
  busi
  busi_d
  bvrt_col
  bvrt_col_d
  bvrt_ind
  bvrt_ind_d
  cage
  caspfin
  caspfin_d
  cbfa_mt
  cbfa_mt_d
  cbfas_ac
  cbfas_ap
  cbfas_ci
  cbfas_co
  cbfas_ea
  cbfas_ee
  cbfas_nv
  cbfas_nv9
  cbfas_nw
  cbfas_oi
  cbfas_oo
  cbfi_a
  cbfi_a6
  cbfi_c
  cbfi_d_scale
  cbfi_e
  cbfi_hp8
  cbfi_n
  cbfi_o
  cbfi_s_scale
  chrz_col
  chrz_col_d
  chrz_ind
  chrz_ind_d
  cmvi
  cusi
  cusi_d
  cvrt_col
  cvrt_col_d
  cvrt_ind
  cvrt_ind_d
  dage
  daspfin
  daspfin_d
  dbfa_mt
  dbfa_mt_d
  dbfas_ac
  dbfas_ap
  dbfas_ci
  dbfas_co
  dbfas_ea
  dbfas_ee
  dbfas_nv
  dbfas_nv9
  dbfas_nw
  dbfas_oi
  dbfas_oo
  dbfi_a
  dbfi_a6
  dbfi_c
  dbfi_d_scale
  dbfi_e
  dbfi_hp8
  dbfi_n
  dbfi_o
  dbfi_s_scale
  dhrz_col
  dhrz_col_d
  dhrz_ind
  dhrz_ind_d
  dmvi
  dusi
  dusi_d
  dvrt_col
  dvrt_col_d
  dvrt_ind
  dvrt_ind_d;

  USEVARIABLES =
  abfi_n
  bbfi_n
  cbfi_n
  dbfi_n
  aaspfin
  baspfin
  caspfin
  daspfin
  a1
  a2
  a3
  a4
  aagegrp
  ;

  missing = all (-9999);

  tscores = a1 a2 a3 a4;

  grouping = aagegrp (0=d2, 1=d3, 2=d4, 3=d5);

  DEFINE:

  aagegrp = aage;

  cut aagegrp (29 39 49);

  a1 = aage + 0 - 36;
  a2 = aage + 1 - 36;
  a3 = aage + 2 - 36;
  a4 = aage + 3 - 36;

  ANALYSIS:
  TYPE=RANDOM;
  PROCESSORS = 6;
  model=nocovariances; ! supresses default estimation of certain covs in model;

  MODEL:

  i_bfi_n s_bfi_n | abfi_n bbfi_n cbfi_n dbfi_n AT a1 a2 a3 a4;
  i_aspfin s_aspfin | aaspfin baspfin caspfin daspfin AT a1 a2 a3 a4;

  ! freeing factor covs because of "nocovariances"
  ! But ensure they are constrained across groups
  s_bfi_n WITH i_bfi_n (p)
  s_aspfin (q)
  i_aspfin (r);
  i_bfi_n WITH s_aspfin (s)
  i_aspfin (t);
  s_aspfin WITH i_aspfin (u);

  !constrain latent growth means across groups
  [i_bfi_n] (v);
  [s_bfi_n] (w);
  [i_aspfin] (x);
  [s_aspfin] (y);

  !constrain latent growth variances across groups
  i_bfi_n (l);
  s_bfi_n (m);
  i_aspfin (n);
  s_aspfin (o);

  p1 BY abfi_n@1; ! Residual "factors";
  p2 BY bbfi_n@1;
  p3 BY cbfi_n@1;
  p4 BY dbfi_n@1;

  v1 BY aaspfin@1; ! Residual "factors";
  v2 BY baspfin@1;
  v3 BY caspfin@1;
  v4 BY daspfin@1;

  !residual variances on observed/manifest vars set to 0
  abfi_n@0;
  bbfi_n@0;
  cbfi_n@0;
  dbfi_n@0;

  !residual variances on observed/manifest vars set to 0
  aaspfin@0;
  baspfin@0;
  caspfin@0;
  daspfin@0;

  ! means of observed/manifest vars set to 0
  [abfi_n@0];
  [bbfi_n@0];
  [cbfi_n@0];
  [dbfi_n@0];

  ! means of observed/manifest vars set to 0
  [aaspfin@0];
  [baspfin@0];
  [caspfin@0];
  [daspfin@0];

  [p1@0]; ! means of residual "factors" set to 0
  [p2@0];
  [p3@0];
  [p4@0];

  [v1@0]; ! means of residual "factors" set to 0
  [v2@0];
  [v3@0];
  [v4@0];

  p4 on p3 (a); ! Autoregressive paths constrained to equality
  p3 on p2 (a);
  p2 on p1 (a);

  v4 on v3 (b); ! Autoregressive paths constrained to equality
  v3 on v2 (b);
  v2 on v1 (b);

  p4 on v3 (c); ! Cross-lagged paths constrained to equality
  p3 on v2 (c);
  p2 on v1 (c);

  v4 on p3 (d); ! Cross-lagged paths constrained to equality
  v3 on p2 (d);
  v2 on p1 (d);

  p1 with v1; !(this one is not like the others)

  p2 with v2 (e); ! Within-wave correlations constrained to equality
  p3 with v3 (e);
  p4 with v4 (e);

  p2 p3 p4 (f); ! estimate variances of residual "factors"
  v2 v3 v4 (g); ! estimate variances of residual "factors"

  MODEL d2:

  p4 on p3 (a2); ! Autoregressive paths constrained to equality
  p3 on p2 (a2);
  p2 on p1 (a2);

  v4 on v3 (b2); ! Autoregressive paths constrained to equality
  v3 on v2 (b2);
  v2 on v1 (b2);

  p4 on v3 (c2); ! Cross-lagged paths constrained to equality
  p3 on v2 (c2);
  p2 on v1 (c2);

  v4 on p3 (d2); ! Cross-lagged paths constrained to equality
  v3 on p2 (d2);
  v2 on p1 (d2);

  p1 with v1; !(this one is not like the others)

  p2 with v2 (e2); ! Within-wave correlations constrained to equality
  p3 with v3 (e2);
  p4 with v4 (e2);

  p2 p3 p4 (f2); ! estimate variances of residual "factors"
  v2 v3 v4 (g2); ! estimate variances of residual "factors"

  MODEL d3:

  p4 on p3 (a3); ! Autoregressive paths constrained to equality
  p3 on p2 (a3);
  p2 on p1 (a3);

  v4 on v3 (b3); ! Autoregressive paths constrained to equality
  v3 on v2 (b3);
  v2 on v1 (b3);

  p4 on v3 (c3); ! Cross-lagged paths constrained to equality
  p3 on v2 (c3);
  p2 on v1 (c3);

  v4 on p3 (d3); ! Cross-lagged paths constrained to equality
  v3 on p2 (d3);
  v2 on p1 (d3);

  p1 with v1; !(this one is not like the others)

  p2 with v2 (e3); ! Within-wave correlations constrained to equality
  p3 with v3 (e3);
  p4 with v4 (e3);

  p2 p3 p4 (f3); ! estimate variances of residual "factors"
  v2 v3 v4 (g3); ! estimate variances of residual "factors"

  MODEL d4:

  p4 on p3 (a4); ! Autoregressive paths constrained to equality
  p3 on p2 (a4);
  p2 on p1 (a4);

  v4 on v3 (b4); ! Autoregressive paths constrained to equality
  v3 on v2 (b4);
  v2 on v1 (b4);

  p4 on v3 (c4); ! Cross-lagged paths constrained to equality
  p3 on v2 (c4);
  p2 on v1 (c4);

  v4 on p3 (d4); ! Cross-lagged paths constrained to equality
  v3 on p2 (d4);
  v2 on p1 (d4);

  p1 with v1; !(this one is not like the others)

  p2 with v2 (e4); ! Within-wave correlations constrained to equality
  p3 with v3 (e4);
  p4 with v4 (e4);

  p2 p3 p4 (f4); ! estimate variances of residual "factors"
  v2 v3 v4 (g4); ! estimate variances of residual "factors"

  MODEL d5:

  p4 on p3 (a5); ! Autoregressive paths constrained to equality
  p3 on p2 (a5);
  p2 on p1 (a5);

  v4 on v3 (b5); ! Autoregressive paths constrained to equality
  v3 on v2 (b5);
  v2 on v1 (b5);

  p4 on v3 (c5); ! Cross-lagged paths constrained to equality
  p3 on v2 (c5);
  p2 on v1 (c5);

  v4 on p3 (d5); ! Cross-lagged paths constrained to equality
  v3 on p2 (d5);
  v2 on p1 (d5);

  p1 with v1; !(this one is not like the others)

  p2 with v2 (e5); ! Within-wave correlations constrained to equality
  p3 with v3 (e5);
  p4 with v4 (e5);

  p2 p3 p4 (f5); ! estimate variances of residual "factors"
  v2 v3 v4 (g5); ! estimate variances of residual "factors"

  OUTPUT: SAMPSTAT PATTERNS;



*** WARNING
  Data set contains unknown or missing values for GROUPING,
  PATTERN, COHORT, CLUSTER and/or STRATIFICATION variables.
  Number of cases with unknown or missing values:  5
   1 WARNING(S) FOUND IN THE INPUT INSTRUCTIONS



PxVx Bivariate LCM-SR - decadegroup - Linear bfi_n with Linear aspfin;

SUMMARY OF ANALYSIS

Number of groups                                                 4
Number of observations
   Group D2                                                    301
   Group D3                                                    233
   Group D4                                                    198
   Group D5                                                    132
   Total sample size                                           864

Number of dependent variables                                    8
Number of independent variables                                  0
Number of continuous latent variables                           12

Observed dependent variables

  Continuous
   ABFI_N      BBFI_N      CBFI_N      DBFI_N      AASPFIN     BASPFIN
   CASPFIN     DASPFIN

Continuous latent variables
   P1          P2          P3          P4          V1          V2
   V3          V4          I_BFI_N     S_BFI_N     I_ASPFIN    S_ASPFIN

Variables with special functions

  Grouping variable     AAGEGRP

  Time scores
   A1          A2          A3          A4


Estimator                                                      MLR
Information matrix                                        OBSERVED
Maximum number of iterations                                   100
Convergence criterion                                    0.100D-05
Maximum number of EM iterations                                500
Convergence criteria for the EM algorithm
  Loglikelihood change                                   0.100D-02
  Relative loglikelihood change                          0.100D-05
  Derivative                                             0.100D-03
Minimum variance                                         0.100D-03
Maximum number of steepest descent iterations                   20
Maximum number of iterations for H1                           2000
Convergence criterion for H1                             0.100D-03
Optimization algorithm                                         EMA

Input data file(s)
  /home/jflournoy/code_new/lnt_pxvx/Data/lnt_nat_recalc.tsv
Input data format  FREE


SUMMARY OF DATA

   Group D2
     Number of missing data patterns            12

   Group D3
     Number of missing data patterns            11

   Group D4
     Number of missing data patterns            14

   Group D5
     Number of missing data patterns             9


SUMMARY OF MISSING DATA PATTERNS


     MISSING DATA PATTERNS (x = not missing) FOR D2

           1  2  3  4  5  6  7  8  9 10 11 12
 ABFI_N    x  x  x  x  x  x  x  x  x  x  x  x
 BBFI_N    x     x  x  x     x        x     x
 CBFI_N    x           x        x  x  x  x  x
 DBFI_N    x     x        x        x     x  x
 AASPFIN   x  x  x  x  x  x     x  x  x  x  x
 BASPFIN   x     x  x  x     x        x
 CASPFIN   x           x        x  x  x  x  x
 DASPFIN   x     x        x        x  x     x


     MISSING DATA PATTERN FREQUENCIES FOR D2

    Pattern   Frequency     Pattern   Frequency     Pattern   Frequency
          1         189           5          14           9           5
          2          57           6          11          10           1
          3           6           7           1          11           1
          4          11           8           4          12           1


     MISSING DATA PATTERNS (x = not missing) FOR D3

           1  2  3  4  5  6  7  8  9 10 11
 ABFI_N    x  x  x  x  x  x  x  x  x  x  x
 BBFI_N    x     x  x  x           x  x
 CBFI_N    x           x     x  x  x
 DBFI_N    x     x        x     x  x     x
 AASPFIN   x  x  x  x  x  x  x  x  x  x  x
 BASPFIN   x     x  x  x           x
 CASPFIN   x           x     x  x  x
 DASPFIN   x     x        x     x


     MISSING DATA PATTERN FREQUENCIES FOR D3

    Pattern   Frequency     Pattern   Frequency     Pattern   Frequency
          1         140           5           6           9           1
          2          43           6           3          10           1
          3           8           7           7          11           2
          4          15           8           7


     MISSING DATA PATTERNS (x = not missing) FOR D4

           1  2  3  4  5  6  7  8  9 10 11 12 13 14
 ABFI_N    x  x  x  x  x  x  x  x  x  x  x  x  x  x
 BBFI_N    x     x  x  x              x  x  x     x
 CBFI_N    x           x     x  x  x  x     x
 DBFI_N    x     x        x     x  x  x     x     x
 AASPFIN   x  x  x  x  x  x  x  x  x  x  x  x     x
 BASPFIN   x     x  x  x                    x
 CASPFIN   x           x     x  x  x  x
 DASPFIN   x     x        x     x     x     x     x


     MISSING DATA PATTERN FREQUENCIES FOR D4

    Pattern   Frequency     Pattern   Frequency     Pattern   Frequency
          1         104           6           4          11           2
          2          39           7           5          12           1
          3           7           8           5          13           1
          4          12           9           1          14           1
          5          15          10           1


     MISSING DATA PATTERNS (x = not missing) FOR D5

           1  2  3  4  5  6  7  8  9
 ABFI_N    x  x  x  x  x  x  x  x
 BBFI_N    x     x  x  x
 CBFI_N    x           x     x  x
 DBFI_N    x     x        x     x  x
 AASPFIN   x  x  x  x  x  x  x  x  x
 BASPFIN   x     x  x  x
 CASPFIN   x           x     x  x
 DASPFIN   x     x        x     x  x


     MISSING DATA PATTERN FREQUENCIES FOR D5

    Pattern   Frequency     Pattern   Frequency     Pattern   Frequency
          1          61           4          10           7           6
          2          29           5          11           8           4
          3           5           6           5           9           1


COVARIANCE COVERAGE OF DATA

Minimum covariance coverage value   0.100


     PROPORTION OF DATA PRESENT FOR D2


           Covariance Coverage
              ABFI_N        BBFI_N        CBFI_N        DBFI_N        AASPFIN
              ________      ________      ________      ________      ________
 ABFI_N         1.000
 BBFI_N         0.741         0.741
 CBFI_N         0.714         0.681         0.714
 DBFI_N         0.708         0.651         0.651         0.708
 AASPFIN        0.997         0.738         0.714         0.708         0.997
 BASPFIN        0.738         0.738         0.678         0.648         0.734
 CASPFIN        0.714         0.681         0.714         0.651         0.714
 DASPFIN        0.708         0.654         0.651         0.704         0.708


           Covariance Coverage
              BASPFIN       CASPFIN       DASPFIN
              ________      ________      ________
 BASPFIN        0.738
 CASPFIN        0.678         0.714
 DASPFIN        0.651         0.651         0.708


     PROPORTION OF DATA PRESENT FOR D3


           Covariance Coverage
              ABFI_N        BBFI_N        CBFI_N        DBFI_N        AASPFIN
              ________      ________      ________      ________      ________
 ABFI_N         1.000
 BBFI_N         0.760         0.760
 CBFI_N         0.674         0.631         0.674
 DBFI_N         0.661         0.635         0.614         0.661
 AASPFIN        0.970         0.730         0.674         0.661         0.970
 BASPFIN        0.760         0.760         0.631         0.635         0.730
 CASPFIN        0.674         0.631         0.674         0.614         0.674
 DASPFIN        0.657         0.639         0.609         0.652         0.657


           Covariance Coverage
              BASPFIN       CASPFIN       DASPFIN
              ________      ________      ________
 BASPFIN        0.760
 CASPFIN        0.631         0.674
 DASPFIN        0.639         0.609         0.657


     PROPORTION OF DATA PRESENT FOR D4


           Covariance Coverage
              ABFI_N        BBFI_N        CBFI_N        DBFI_N        AASPFIN
              ________      ________      ________      ________      ________
 ABFI_N         1.000
 BBFI_N         0.742         0.742
 CBFI_N         0.657         0.616         0.657
 DBFI_N         0.606         0.571         0.551         0.606
 AASPFIN        0.975         0.717         0.657         0.606         0.975
 BASPFIN        0.732         0.732         0.611         0.566         0.707
 CASPFIN        0.657         0.616         0.657         0.551         0.657
 DASPFIN        0.596         0.571         0.540         0.591         0.596


           Covariance Coverage
              BASPFIN       CASPFIN       DASPFIN
              ________      ________      ________
 BASPFIN        0.732
 CASPFIN        0.611         0.657
 DASPFIN        0.566         0.540         0.596


     PROPORTION OF DATA PRESENT FOR D5


           Covariance Coverage
              ABFI_N        BBFI_N        CBFI_N        DBFI_N        AASPFIN
              ________      ________      ________      ________      ________
 ABFI_N         1.000
 BBFI_N         0.705         0.705
 CBFI_N         0.583         0.545         0.583
 DBFI_N         0.545         0.500         0.470         0.545
 AASPFIN        0.955         0.659         0.583         0.545         0.955
 BASPFIN        0.705         0.705         0.545         0.500         0.659
 CASPFIN        0.583         0.545         0.583         0.470         0.583
 DASPFIN        0.545         0.500         0.470         0.545         0.545


           Covariance Coverage
              BASPFIN       CASPFIN       DASPFIN
              ________      ________      ________
 BASPFIN        0.705
 CASPFIN        0.545         0.583
 DASPFIN        0.500         0.470         0.545


SAMPLE STATISTICS


     ESTIMATED SAMPLE STATISTICS FOR D2


           Means
              ABFI_N        BBFI_N        CBFI_N        DBFI_N        AASPFIN
              ________      ________      ________      ________      ________
               52.551        52.319        51.576        52.471        49.966


           Means
              BASPFIN       CASPFIN       DASPFIN
              ________      ________      ________
               50.100        49.770        48.169


           Covariances
              ABFI_N        BBFI_N        CBFI_N        DBFI_N        AASPFIN
              ________      ________      ________      ________      ________
 ABFI_N       513.407
 BBFI_N       395.849       495.764
 CBFI_N       386.070       406.396       495.893
 DBFI_N       409.603       424.603       456.259       549.191
 AASPFIN       23.426         8.230        12.598         2.280       542.890
 BASPFIN      -22.039       -21.817       -14.029       -29.810       397.400
 CASPFIN      -52.463       -28.663       -23.233       -21.310       409.610
 DASPFIN       20.918        36.302        19.204        24.332       389.200


           Covariances
              BASPFIN       CASPFIN       DASPFIN
              ________      ________      ________
 BASPFIN      517.038
 CASPFIN      435.552       576.857
 DASPFIN      416.721       451.259       607.334


           Correlations
              ABFI_N        BBFI_N        CBFI_N        DBFI_N        AASPFIN
              ________      ________      ________      ________      ________
 ABFI_N         1.000
 BBFI_N         0.785         1.000
 CBFI_N         0.765         0.820         1.000
 DBFI_N         0.771         0.814         0.874         1.000
 AASPFIN        0.044         0.016         0.024         0.004         1.000
 BASPFIN       -0.043        -0.043        -0.028        -0.056         0.750
 CASPFIN       -0.096        -0.054        -0.043        -0.038         0.732
 DASPFIN        0.037         0.066         0.035         0.042         0.678


           Correlations
              BASPFIN       CASPFIN       DASPFIN
              ________      ________      ________
 BASPFIN        1.000
 CASPFIN        0.798         1.000
 DASPFIN        0.744         0.762         1.000


     ESTIMATED SAMPLE STATISTICS FOR D3


           Means
              ABFI_N        BBFI_N        CBFI_N        DBFI_N        AASPFIN
              ________      ________      ________      ________      ________
               47.296        46.653        45.649        44.490        48.677


           Means
              BASPFIN       CASPFIN       DASPFIN
              ________      ________      ________
               48.518        49.188        49.040


           Covariances
              ABFI_N        BBFI_N        CBFI_N        DBFI_N        AASPFIN
              ________      ________      ________      ________      ________
 ABFI_N       422.844
 BBFI_N       328.123       423.770
 CBFI_N       309.267       340.881       375.559
 DBFI_N       329.093       356.453       342.593       445.302
 AASPFIN      -27.334        -6.122         8.000       -31.954       503.648
 BASPFIN      -37.345       -40.101        -7.272       -35.913       445.405
 CASPFIN       -5.042       -19.809        -3.532       -10.603       414.180
 DASPFIN      -32.200       -34.867       -16.855       -46.762       428.794


           Covariances
              BASPFIN       CASPFIN       DASPFIN
              ________      ________      ________
 BASPFIN      601.152
 CASPFIN      492.141       590.384
 DASPFIN      474.465       452.301       558.550


           Correlations
              ABFI_N        BBFI_N        CBFI_N        DBFI_N        AASPFIN
              ________      ________      ________      ________      ________
 ABFI_N         1.000
 BBFI_N         0.775         1.000
 CBFI_N         0.776         0.854         1.000
 DBFI_N         0.758         0.821         0.838         1.000
 AASPFIN       -0.059        -0.013         0.018        -0.067         1.000
 BASPFIN       -0.074        -0.079        -0.015        -0.069         0.809
 CASPFIN       -0.010        -0.040        -0.008        -0.021         0.760
 DASPFIN       -0.066        -0.072        -0.037        -0.094         0.808


           Correlations
              BASPFIN       CASPFIN       DASPFIN
              ________      ________      ________
 BASPFIN        1.000
 CASPFIN        0.826         1.000
 DASPFIN        0.819         0.788         1.000


     ESTIMATED SAMPLE STATISTICS FOR D4


           Means
              ABFI_N        BBFI_N        CBFI_N        DBFI_N        AASPFIN
              ________      ________      ________      ________      ________
               48.620        49.028        47.170        46.465        46.848


           Means
              BASPFIN       CASPFIN       DASPFIN
              ________      ________      ________
               46.181        47.709        48.403


           Covariances
              ABFI_N        BBFI_N        CBFI_N        DBFI_N        AASPFIN
              ________      ________      ________      ________      ________
 ABFI_N       410.471
 BBFI_N       345.824       441.166
 CBFI_N       336.695       361.291       441.483
 DBFI_N       336.056       351.565       359.616       431.090
 AASPFIN      -65.609       -30.265       -58.523       -60.703       465.962
 BASPFIN      -94.785       -53.210       -70.124       -76.970       356.950
 CASPFIN      -46.322       -11.874       -43.101       -21.783       316.835
 DASPFIN      -78.698       -52.172       -79.685       -81.208       324.527


           Covariances
              BASPFIN       CASPFIN       DASPFIN
              ________      ________      ________
 BASPFIN      465.506
 CASPFIN      342.092       419.983
 DASPFIN      340.829       346.127       443.724


           Correlations
              ABFI_N        BBFI_N        CBFI_N        DBFI_N        AASPFIN
              ________      ________      ________      ________      ________
 ABFI_N         1.000
 BBFI_N         0.813         1.000
 CBFI_N         0.791         0.819         1.000
 DBFI_N         0.799         0.806         0.824         1.000
 AASPFIN       -0.150        -0.067        -0.129        -0.135         1.000
 BASPFIN       -0.217        -0.117        -0.155        -0.172         0.766
 CASPFIN       -0.112        -0.028        -0.100        -0.051         0.716
 DASPFIN       -0.184        -0.118        -0.180        -0.186         0.714


           Correlations
              BASPFIN       CASPFIN       DASPFIN
              ________      ________      ________
 BASPFIN        1.000
 CASPFIN        0.774         1.000
 DASPFIN        0.750         0.802         1.000


     ESTIMATED SAMPLE STATISTICS FOR D5


           Means
              ABFI_N        BBFI_N        CBFI_N        DBFI_N        AASPFIN
              ________      ________      ________      ________      ________
               48.443        45.573        45.902        45.621        47.112


           Means
              BASPFIN       CASPFIN       DASPFIN
              ________      ________      ________
               47.535        47.302        48.071


           Covariances
              ABFI_N        BBFI_N        CBFI_N        DBFI_N        AASPFIN
              ________      ________      ________      ________      ________
 ABFI_N       436.913
 BBFI_N       328.862       375.143
 CBFI_N       363.539       349.297       445.708
 DBFI_N       327.705       338.898       392.136       452.730
 AASPFIN      -22.379        13.611        17.260         4.369       395.410
 BASPFIN      -20.423        29.968        33.212        14.335       305.754
 CASPFIN      -43.576        -0.696        11.451       -20.899       306.651
 DASPFIN     -103.743       -37.460       -46.430       -51.750       302.979


           Covariances
              BASPFIN       CASPFIN       DASPFIN
              ________      ________      ________
 BASPFIN      419.731
 CASPFIN      341.492       444.338
 DASPFIN      342.950       350.586       450.137


           Correlations
              ABFI_N        BBFI_N        CBFI_N        DBFI_N        AASPFIN
              ________      ________      ________      ________      ________
 ABFI_N         1.000
 BBFI_N         0.812         1.000
 CBFI_N         0.824         0.854         1.000
 DBFI_N         0.737         0.822         0.873         1.000
 AASPFIN       -0.054         0.035         0.041         0.010         1.000
 BASPFIN       -0.048         0.076         0.077         0.033         0.751
 CASPFIN       -0.099        -0.002         0.026        -0.047         0.732
 DASPFIN       -0.234        -0.091        -0.104        -0.115         0.718


           Correlations
              BASPFIN       CASPFIN       DASPFIN
              ________      ________      ________
 BASPFIN        1.000
 CASPFIN        0.791         1.000
 DASPFIN        0.789         0.784         1.000


     MAXIMUM LOG-LIKELIHOOD VALUE FOR THE UNRESTRICTED (H1) MODEL IS -21758.833


UNIVARIATE SAMPLE STATISTICS


     UNIVARIATE HIGHER-ORDER MOMENT DESCRIPTIVE STATISTICS FOR D2

         Variable/         Mean/     Skewness/   Minimum/ % with                Percentiles
        Sample Size      Variance    Kurtosis    Maximum  Min/Max      20%/60%    40%/80%    Median

     ABFI_N               52.551      -0.015       0.000    0.33%      31.250     43.750     53.125
             301.000     513.407      -0.733     100.000    1.00%      59.375     75.000
     BBFI_N               52.955      -0.305       0.000    0.90%      34.375     46.875     56.250
             223.000     491.642      -0.326     100.000    0.90%      62.500     71.875
     CBFI_N               51.686      -0.100       0.000    1.40%      31.250     46.875     53.125
             215.000     502.971      -0.456     100.000    0.93%      56.250     71.875
     DBFI_N               52.993      -0.280       0.000    1.88%      34.375     46.875     53.125
             213.000     548.646      -0.560     100.000    0.47%      62.500     75.000
     AASPFIN              50.022       0.093       0.000    2.00%      30.000     45.000     50.000
             300.000     542.967      -0.569     100.000    2.33%      55.000     70.000
     BASPFIN              49.510       0.182       0.000    0.90%      30.000     40.000     50.000
             222.000     518.770      -0.686     100.000    2.25%      55.000     70.000
     CASPFIN              49.953       0.245       0.000    0.47%      25.000     40.000     50.000
             215.000     571.161      -0.808     100.000    2.79%      55.000     70.000
     DASPFIN              47.958       0.215       0.000    0.94%      25.000     40.000     45.000
             213.000     612.144      -0.854     100.000    2.82%      55.000     70.000


     UNIVARIATE HIGHER-ORDER MOMENT DESCRIPTIVE STATISTICS FOR D3

         Variable/         Mean/     Skewness/   Minimum/ % with                Percentiles
        Sample Size      Variance    Kurtosis    Maximum  Min/Max      20%/60%    40%/80%    Median

     ABFI_N               47.296      -0.018       0.000    1.29%      28.125     43.750     50.000
             233.000     422.844      -0.553      96.875    0.43%      53.125     65.625
     BBFI_N               45.739      -0.123       0.000    0.58%      25.000     42.857     46.875
             171.000     417.791      -0.669      90.625    0.58%      50.000     62.500
     CBFI_N               45.342      -0.152       0.000    0.62%      28.125     40.625     46.875
             161.000     376.810      -0.692      87.500    1.24%      53.125     62.500
     DBFI_N               44.424      -0.057       0.000    1.24%      25.000     37.500     43.750
             161.000     448.709      -0.686      90.625    0.62%      50.000     65.625
     AASPFIN              48.677       0.286       0.000    1.29%      30.000     40.000     45.000
             233.000     503.648      -0.457     100.000    2.58%      50.000     70.000
     BASPFIN              48.493       0.297       0.000    1.18%      25.000     40.000     45.000
             170.000     621.009      -0.678     100.000    4.71%      55.000     70.000
     CASPFIN              48.665       0.321       0.000    0.62%      25.000     40.000     45.000
             161.000     609.552      -0.724     100.000    3.11%      50.000     70.000
     DASPFIN              48.679       0.221       5.000    1.27%      25.000     40.000     45.000
             158.000     581.650      -0.853     100.000    3.80%      55.000     70.000


     UNIVARIATE HIGHER-ORDER MOMENT DESCRIPTIVE STATISTICS FOR D4

         Variable/         Mean/     Skewness/   Minimum/ % with                Percentiles
        Sample Size      Variance    Kurtosis    Maximum  Min/Max      20%/60%    40%/80%    Median

     ABFI_N               48.620      -0.018       3.125    0.51%      28.125     43.750     50.000
             198.000     410.471      -0.630      96.875    0.51%      56.250     65.625
     BBFI_N               48.659       0.159       3.125    1.40%      31.250     40.625     46.875
             143.000     473.710      -0.571      96.875    0.70%      53.125     65.625
     CBFI_N               45.928       0.169       0.000    0.76%      25.000     40.625     45.312
             132.000     443.735      -0.730      90.625    1.52%      50.000     65.625
     DBFI_N               43.725       0.015       3.125    2.42%      21.875     40.625     43.750
             124.000     430.396      -0.730      90.625    0.81%      50.000     59.375
     AASPFIN              46.846       0.347       0.000    1.02%      25.000     40.000     45.000
             197.000     466.015      -0.307     100.000    1.52%      50.000     65.000
     BASPFIN              45.902       0.447       5.000    0.72%      25.000     40.000     45.000
             139.000     457.670      -0.142     100.000    2.16%      45.000     60.000
     CASPFIN              48.330       0.228       0.000    1.53%      30.000     40.000     50.000
             131.000     415.926      -0.373     100.000    0.76%      50.000     65.000
     DASPFIN              48.333       0.233       0.000    0.81%      30.000     40.000     45.000
             123.000     439.702      -0.438      95.000    4.07%      55.000     65.000


     UNIVARIATE HIGHER-ORDER MOMENT DESCRIPTIVE STATISTICS FOR D5

         Variable/         Mean/     Skewness/   Minimum/ % with                Percentiles
        Sample Size      Variance    Kurtosis    Maximum  Min/Max      20%/60%    40%/80%    Median

     ABFI_N               48.284       0.112       3.125    0.76%      31.250     42.857     50.000
             131.000     435.456      -0.428      93.750    3.05%      53.125     65.625
     BBFI_N               44.886       0.159       9.375    2.30%      28.125     37.500     43.750
              87.000     370.132      -0.696      93.750    1.15%      50.000     65.625
     CBFI_N               44.970       0.229       0.000    1.22%      25.000     34.375     43.750
              82.000     462.261      -0.707      96.875    1.22%      50.000     65.625
     DBFI_N               44.490       0.390       3.125    1.32%      25.000     37.500     42.188
              76.000     425.799      -0.257     100.000    1.32%      46.875     62.500
     AASPFIN              47.112       0.407       0.000    0.76%      30.000     40.000     45.000
             132.000     395.410       0.099     100.000    1.52%      50.000     60.000
     BASPFIN              47.874       0.483      10.000    1.15%      30.000     40.000     45.000
              87.000     418.323      -0.313     100.000    2.30%      50.000     65.000
     CASPFIN              46.768       0.356       5.000    1.22%      25.000     40.000     45.000
              82.000     458.763      -0.244     100.000    2.44%      50.000     65.000
     DASPFIN              48.783       0.545      15.000    1.32%      30.000     40.000     45.000
              76.000     447.943      -0.500     100.000    2.63%      50.000     70.000


THE MODEL ESTIMATION TERMINATED NORMALLY



MODEL FIT INFORMATION

Number of Free Parameters                       54

Loglikelihood

          H0 Value                      -21826.541
          H0 Scaling Correction Factor      1.2309
            for MLR

Information Criteria

          Akaike (AIC)                   43761.082
          Bayesian (BIC)                 44018.207
          Sample-Size Adjusted BIC       43846.717
            (n* = (n + 2) / 24)



MODEL RESULTS

                                                    Two-Tailed
                    Estimate       S.E.  Est./S.E.    P-Value

Group D2

 P1       BY
    ABFI_N             1.000      0.000    999.000    999.000

 P2       BY
    BBFI_N             1.000      0.000    999.000    999.000

 P3       BY
    CBFI_N             1.000      0.000    999.000    999.000

 P4       BY
    DBFI_N             1.000      0.000    999.000    999.000

 V1       BY
    AASPFIN            1.000      0.000    999.000    999.000

 V2       BY
    BASPFIN            1.000      0.000    999.000    999.000

 V3       BY
    CASPFIN            1.000      0.000    999.000    999.000

 V4       BY
    DASPFIN            1.000      0.000    999.000    999.000

 P4         ON
    P3                 0.154      0.083      1.858      0.063
    V3                 0.024      0.056      0.432      0.666

 P3         ON
    P2                 0.154      0.083      1.858      0.063
    V2                 0.024      0.056      0.432      0.666

 P2         ON
    P1                 0.154      0.083      1.858      0.063
    V1                 0.024      0.056      0.432      0.666

 V4         ON
    V3                 0.158      0.088      1.794      0.073
    P3                -0.025      0.069     -0.360      0.718

 V3         ON
    V2                 0.158      0.088      1.794      0.073
    P2                -0.025      0.069     -0.360      0.718

 V2         ON
    V1                 0.158      0.088      1.794      0.073
    P1                -0.025      0.069     -0.360      0.718

 S_BFI_N  WITH
    I_BFI_N           -1.083      0.933     -1.160      0.246
    S_ASPFIN           0.004      0.141      0.026      0.980
    I_ASPFIN           1.013      2.883      0.351      0.725

 I_BFI_N  WITH
    S_ASPFIN          -1.747      2.847     -0.614      0.539
    I_ASPFIN         -23.329     19.281     -1.210      0.226

 S_ASPFIN WITH
    I_ASPFIN          -1.766      1.156     -1.528      0.127

 P1       WITH
    V1                30.461     15.234      2.000      0.046

 P2       WITH
    V2                -0.873      8.222     -0.106      0.915

 P3       WITH
    V3                -0.873      8.222     -0.106      0.915

 P4       WITH
    V4                -0.873      8.222     -0.106      0.915

 Means
    P1                 0.000      0.000    999.000    999.000
    V1                 0.000      0.000    999.000    999.000
    I_BFI_N           49.142      0.694     70.846      0.000
    S_BFI_N           -0.267      0.063     -4.259      0.000
    I_ASPFIN          48.574      0.726     66.940      0.000
    S_ASPFIN          -0.063      0.063     -0.997      0.319

 Intercepts
    ABFI_N             0.000      0.000    999.000    999.000
    BBFI_N             0.000      0.000    999.000    999.000
    CBFI_N             0.000      0.000    999.000    999.000
    DBFI_N             0.000      0.000    999.000    999.000
    AASPFIN            0.000      0.000    999.000    999.000
    BASPFIN            0.000      0.000    999.000    999.000
    CASPFIN            0.000      0.000    999.000    999.000
    DASPFIN            0.000      0.000    999.000    999.000
    P2                 0.000      0.000    999.000    999.000
    P3                 0.000      0.000    999.000    999.000
    P4                 0.000      0.000    999.000    999.000
    V2                 0.000      0.000    999.000    999.000
    V3                 0.000      0.000    999.000    999.000
    V4                 0.000      0.000    999.000    999.000

 Variances
    P1               147.223     23.930      6.152      0.000
    V1               168.969     22.219      7.605      0.000
    I_BFI_N          343.614     23.414     14.676      0.000
    S_BFI_N            0.171      0.169      1.011      0.312
    I_ASPFIN         371.505     25.220     14.730      0.000
    S_ASPFIN           0.114      0.178      0.643      0.521

 Residual Variances
    ABFI_N             0.000      0.000    999.000    999.000
    BBFI_N             0.000      0.000    999.000    999.000
    CBFI_N             0.000      0.000    999.000    999.000
    DBFI_N             0.000      0.000    999.000    999.000
    AASPFIN            0.000      0.000    999.000    999.000
    BASPFIN            0.000      0.000    999.000    999.000
    CASPFIN            0.000      0.000    999.000    999.000
    DASPFIN            0.000      0.000    999.000    999.000
    P2                95.624     10.180      9.393      0.000
    P3                95.624     10.180      9.393      0.000
    P4                95.624     10.180      9.393      0.000
    V2               150.663     15.947      9.448      0.000
    V3               150.663     15.947      9.448      0.000
    V4               150.663     15.947      9.448      0.000

Group D3

 P1       BY
    ABFI_N             1.000      0.000    999.000    999.000

 P2       BY
    BBFI_N             1.000      0.000    999.000    999.000

 P3       BY
    CBFI_N             1.000      0.000    999.000    999.000

 P4       BY
    DBFI_N             1.000      0.000    999.000    999.000

 V1       BY
    AASPFIN            1.000      0.000    999.000    999.000

 V2       BY
    BASPFIN            1.000      0.000    999.000    999.000

 V3       BY
    CASPFIN            1.000      0.000    999.000    999.000

 V4       BY
    DASPFIN            1.000      0.000    999.000    999.000

 P4         ON
    P3                 0.074      0.073      1.011      0.312
    V3                 0.088      0.055      1.599      0.110

 P3         ON
    P2                 0.074      0.073      1.011      0.312
    V2                 0.088      0.055      1.599      0.110

 P2         ON
    P1                 0.074      0.073      1.011      0.312
    V1                 0.088      0.055      1.599      0.110

 V4         ON
    V3                 0.095      0.135      0.706      0.480
    P3                -0.067      0.109     -0.617      0.537

 V3         ON
    V2                 0.095      0.135      0.706      0.480
    P2                -0.067      0.109     -0.617      0.537

 V2         ON
    V1                 0.095      0.135      0.706      0.480
    P1                -0.067      0.109     -0.617      0.537

 S_BFI_N  WITH
    I_BFI_N           -1.083      0.933     -1.160      0.246
    S_ASPFIN           0.004      0.141      0.026      0.980
    I_ASPFIN           1.013      2.883      0.351      0.725

 I_BFI_N  WITH
    S_ASPFIN          -1.747      2.847     -0.614      0.539
    I_ASPFIN         -23.329     19.281     -1.210      0.226

 S_ASPFIN WITH
    I_ASPFIN          -1.766      1.156     -1.528      0.127

 P1       WITH
    V1               -14.191     16.102     -0.881      0.378

 P2       WITH
    V2                -8.628      7.246     -1.191      0.234

 P3       WITH
    V3                -8.628      7.246     -1.191      0.234

 P4       WITH
    V4                -8.628      7.246     -1.191      0.234

 Means
    P1                 0.000      0.000    999.000    999.000
    V1                 0.000      0.000    999.000    999.000
    I_BFI_N           49.142      0.694     70.846      0.000
    S_BFI_N           -0.267      0.063     -4.259      0.000
    I_ASPFIN          48.574      0.726     66.940      0.000
    S_ASPFIN          -0.063      0.063     -0.997      0.319

 Intercepts
    ABFI_N             0.000      0.000    999.000    999.000
    BBFI_N             0.000      0.000    999.000    999.000
    CBFI_N             0.000      0.000    999.000    999.000
    DBFI_N             0.000      0.000    999.000    999.000
    AASPFIN            0.000      0.000    999.000    999.000
    BASPFIN            0.000      0.000    999.000    999.000
    CASPFIN            0.000      0.000    999.000    999.000
    DASPFIN            0.000      0.000    999.000    999.000
    P2                 0.000      0.000    999.000    999.000
    P3                 0.000      0.000    999.000    999.000
    P4                 0.000      0.000    999.000    999.000
    V2                 0.000      0.000    999.000    999.000
    V3                 0.000      0.000    999.000    999.000
    V4                 0.000      0.000    999.000    999.000

 Variances
    P1               121.310     20.077      6.042      0.000
    V1               104.202     18.602      5.602      0.000
    I_BFI_N          343.614     23.414     14.676      0.000
    S_BFI_N            0.171      0.169      1.011      0.312
    I_ASPFIN         371.505     25.220     14.730      0.000
    S_ASPFIN           0.114      0.178      0.643      0.521

 Residual Variances
    ABFI_N             0.000      0.000    999.000    999.000
    BBFI_N             0.000      0.000    999.000    999.000
    CBFI_N             0.000      0.000    999.000    999.000
    DBFI_N             0.000      0.000    999.000    999.000
    AASPFIN            0.000      0.000    999.000    999.000
    BASPFIN            0.000      0.000    999.000    999.000
    CASPFIN            0.000      0.000    999.000    999.000
    DASPFIN            0.000      0.000    999.000    999.000
    P2                72.161      9.604      7.514      0.000
    P3                72.161      9.604      7.514      0.000
    P4                72.161      9.604      7.514      0.000
    V2               123.783     19.162      6.460      0.000
    V3               123.783     19.162      6.460      0.000
    V4               123.783     19.162      6.460      0.000

Group D4

 P1       BY
    ABFI_N             1.000      0.000    999.000    999.000

 P2       BY
    BBFI_N             1.000      0.000    999.000    999.000

 P3       BY
    CBFI_N             1.000      0.000    999.000    999.000

 P4       BY
    DBFI_N             1.000      0.000    999.000    999.000

 V1       BY
    AASPFIN            1.000      0.000    999.000    999.000

 V2       BY
    BASPFIN            1.000      0.000    999.000    999.000

 V3       BY
    CASPFIN            1.000      0.000    999.000    999.000

 V4       BY
    DASPFIN            1.000      0.000    999.000    999.000

 P4         ON
    P3                 0.099      0.092      1.072      0.284
    V3                 0.073      0.065      1.123      0.261

 P3         ON
    P2                 0.099      0.092      1.072      0.284
    V2                 0.073      0.065      1.123      0.261

 P2         ON
    P1                 0.099      0.092      1.072      0.284
    V1                 0.073      0.065      1.123      0.261

 V4         ON
    V3                 0.166      0.090      1.848      0.065
    P3                -0.081      0.103     -0.789      0.430

 V3         ON
    V2                 0.166      0.090      1.848      0.065
    P2                -0.081      0.103     -0.789      0.430

 V2         ON
    V1                 0.166      0.090      1.848      0.065
    P1                -0.081      0.103     -0.789      0.430

 S_BFI_N  WITH
    I_BFI_N           -1.083      0.933     -1.160      0.246
    S_ASPFIN           0.004      0.141      0.026      0.980
    I_ASPFIN           1.013      2.883      0.351      0.725

 I_BFI_N  WITH
    S_ASPFIN          -1.747      2.847     -0.614      0.539
    I_ASPFIN         -23.329     19.281     -1.210      0.226

 S_ASPFIN WITH
    I_ASPFIN          -1.766      1.156     -1.528      0.127

 P1       WITH
    V1                 2.907     12.330      0.236      0.814

 P2       WITH
    V2                -8.075      9.706     -0.832      0.405

 P3       WITH
    V3                -8.075      9.706     -0.832      0.405

 P4       WITH
    V4                -8.075      9.706     -0.832      0.405

 Means
    P1                 0.000      0.000    999.000    999.000
    V1                 0.000      0.000    999.000    999.000
    I_BFI_N           49.142      0.694     70.846      0.000
    S_BFI_N           -0.267      0.063     -4.259      0.000
    I_ASPFIN          48.574      0.726     66.940      0.000
    S_ASPFIN          -0.063      0.063     -0.997      0.319

 Intercepts
    ABFI_N             0.000      0.000    999.000    999.000
    BBFI_N             0.000      0.000    999.000    999.000
    CBFI_N             0.000      0.000    999.000    999.000
    DBFI_N             0.000      0.000    999.000    999.000
    AASPFIN            0.000      0.000    999.000    999.000
    BASPFIN            0.000      0.000    999.000    999.000
    CASPFIN            0.000      0.000    999.000    999.000
    DASPFIN            0.000      0.000    999.000    999.000
    P2                 0.000      0.000    999.000    999.000
    P3                 0.000      0.000    999.000    999.000
    P4                 0.000      0.000    999.000    999.000
    V2                 0.000      0.000    999.000    999.000
    V3                 0.000      0.000    999.000    999.000
    V4                 0.000      0.000    999.000    999.000

 Variances
    P1                84.541     17.266      4.896      0.000
    V1               144.066     23.327      6.176      0.000
    I_BFI_N          343.614     23.414     14.676      0.000
    S_BFI_N            0.171      0.169      1.011      0.312
    I_ASPFIN         371.505     25.220     14.730      0.000
    S_ASPFIN           0.114      0.178      0.643      0.521

 Residual Variances
    ABFI_N             0.000      0.000    999.000    999.000
    BBFI_N             0.000      0.000    999.000    999.000
    CBFI_N             0.000      0.000    999.000    999.000
    DBFI_N             0.000      0.000    999.000    999.000
    AASPFIN            0.000      0.000    999.000    999.000
    BASPFIN            0.000      0.000    999.000    999.000
    CASPFIN            0.000      0.000    999.000    999.000
    DASPFIN            0.000      0.000    999.000    999.000
    P2                86.756     10.495      8.267      0.000
    P3                86.756     10.495      8.267      0.000
    P4                86.756     10.495      8.267      0.000
    V2               111.615     14.438      7.731      0.000
    V3               111.615     14.438      7.731      0.000
    V4               111.615     14.438      7.731      0.000

Group D5

 P1       BY
    ABFI_N             1.000      0.000    999.000    999.000

 P2       BY
    BBFI_N             1.000      0.000    999.000    999.000

 P3       BY
    CBFI_N             1.000      0.000    999.000    999.000

 P4       BY
    DBFI_N             1.000      0.000    999.000    999.000

 V1       BY
    AASPFIN            1.000      0.000    999.000    999.000

 V2       BY
    BASPFIN            1.000      0.000    999.000    999.000

 V3       BY
    CASPFIN            1.000      0.000    999.000    999.000

 V4       BY
    DASPFIN            1.000      0.000    999.000    999.000

 P4         ON
    P3                 0.164      0.143      1.149      0.251
    V3                -0.015      0.097     -0.155      0.877

 P3         ON
    P2                 0.164      0.143      1.149      0.251
    V2                -0.015      0.097     -0.155      0.877

 P2         ON
    P1                 0.164      0.143      1.149      0.251
    V1                -0.015      0.097     -0.155      0.877

 V4         ON
    V3                 0.071      0.126      0.568      0.570
    P3                -0.043      0.125     -0.347      0.729

 V3         ON
    V2                 0.071      0.126      0.568      0.570
    P2                -0.043      0.125     -0.347      0.729

 V2         ON
    V1                 0.071      0.126      0.568      0.570
    P1                -0.043      0.125     -0.347      0.729

 S_BFI_N  WITH
    I_BFI_N           -1.083      0.933     -1.160      0.246
    S_ASPFIN           0.004      0.141      0.026      0.980
    I_ASPFIN           1.013      2.883      0.351      0.725

 I_BFI_N  WITH
    S_ASPFIN          -1.747      2.847     -0.614      0.539
    I_ASPFIN         -23.329     19.281     -1.210      0.226

 S_ASPFIN WITH
    I_ASPFIN          -1.766      1.156     -1.528      0.127

 P1       WITH
    V1                 5.247     16.797      0.312      0.755

 P2       WITH
    V2                 7.128      8.993      0.793      0.428

 P3       WITH
    V3                 7.128      8.993      0.793      0.428

 P4       WITH
    V4                 7.128      8.993      0.793      0.428

 Means
    P1                 0.000      0.000    999.000    999.000
    V1                 0.000      0.000    999.000    999.000
    I_BFI_N           49.142      0.694     70.846      0.000
    S_BFI_N           -0.267      0.063     -4.259      0.000
    I_ASPFIN          48.574      0.726     66.940      0.000
    S_ASPFIN          -0.063      0.063     -0.997      0.319

 Intercepts
    ABFI_N             0.000      0.000    999.000    999.000
    BBFI_N             0.000      0.000    999.000    999.000
    CBFI_N             0.000      0.000    999.000    999.000
    DBFI_N             0.000      0.000    999.000    999.000
    AASPFIN            0.000      0.000    999.000    999.000
    BASPFIN            0.000      0.000    999.000    999.000
    CASPFIN            0.000      0.000    999.000    999.000
    DASPFIN            0.000      0.000    999.000    999.000
    P2                 0.000      0.000    999.000    999.000
    P3                 0.000      0.000    999.000    999.000
    P4                 0.000      0.000    999.000    999.000
    V2                 0.000      0.000    999.000    999.000
    V3                 0.000      0.000    999.000    999.000
    V4                 0.000      0.000    999.000    999.000

 Variances
    P1               117.921     21.556      5.470      0.000
    V1               118.266     23.319      5.072      0.000
    I_BFI_N          343.614     23.414     14.676      0.000
    S_BFI_N            0.171      0.169      1.011      0.312
    I_ASPFIN         371.505     25.220     14.730      0.000
    S_ASPFIN           0.114      0.178      0.643      0.521

 Residual Variances
    ABFI_N             0.000      0.000    999.000    999.000
    BBFI_N             0.000      0.000    999.000    999.000
    CBFI_N             0.000      0.000    999.000    999.000
    DBFI_N             0.000      0.000    999.000    999.000
    AASPFIN            0.000      0.000    999.000    999.000
    BASPFIN            0.000      0.000    999.000    999.000
    CASPFIN            0.000      0.000    999.000    999.000
    DASPFIN            0.000      0.000    999.000    999.000
    P2                71.734     14.623      4.906      0.000
    P3                71.734     14.623      4.906      0.000
    P4                71.734     14.623      4.906      0.000
    V2               100.746     15.678      6.426      0.000
    V3               100.746     15.678      6.426      0.000
    V4               100.746     15.678      6.426      0.000


QUALITY OF NUMERICAL RESULTS

     Condition Number for the Information Matrix              0.843E-05
       (ratio of smallest to largest eigenvalue)


     Beginning Time:  18:23:49
        Ending Time:  18:24:00
       Elapsed Time:  00:00:11



MUTHEN & MUTHEN
3463 Stoner Ave.
Los Angeles, CA  90066

Tel: (310) 391-9971
Fax: (310) 391-8971
Web: www.StatModel.com
Support: Support@StatModel.com

Copyright (c) 1998-2017 Muthen & Muthen
