Mplus VERSION 8 (Linux)
MUTHEN & MUTHEN
07/08/2018   5:59 PM

INPUT INSTRUCTIONS


  title: PxVx Bivariate LCM-SR - 40splitgroup - Linear bfi_e with Linear vrt_ind_d;
  data: file = /home/jflournoy/code_new/lnt_pxvx/Data/lnt_nat_recalc.tsv;

  variable:
  names =
  subjid
  aage
  aaspfin
  aaspfin_d
  abfa_mt
  abfa_mt_d
  abfas_ac
  abfas_ap
  abfas_ci
  abfas_co
  abfas_ea
  abfas_ee
  abfas_nv
  abfas_nv9
  abfas_nw
  abfas_oi
  abfas_oo
  abfi_a
  abfi_a6
  abfi_c
  abfi_d_scale
  abfi_e
  abfi_hp8
  abfi_n
  abfi_o
  abfi_s_scale
  ahrz_col
  ahrz_col_d
  ahrz_ind
  ahrz_ind_d
  amvi
  ausi
  ausi_d
  avrt_col
  avrt_col_d
  avrt_ind
  avrt_ind_d
  bage
  baspfin
  baspfin_d
  bbfa_mt
  bbfa_mt_d
  bbfas_ac
  bbfas_ap
  bbfas_ci
  bbfas_co
  bbfas_ea
  bbfas_ee
  bbfas_nv
  bbfas_nv9
  bbfas_nw
  bbfas_oi
  bbfas_oo
  bbfi_a
  bbfi_a6
  bbfi_c
  bbfi_d_scale
  bbfi_e
  bbfi_hp8
  bbfi_n
  bbfi_o
  bbfi_s_scale
  bhrz_col
  bhrz_col_d
  bhrz_ind
  bhrz_ind_d
  bmvi
  busi
  busi_d
  bvrt_col
  bvrt_col_d
  bvrt_ind
  bvrt_ind_d
  cage
  caspfin
  caspfin_d
  cbfa_mt
  cbfa_mt_d
  cbfas_ac
  cbfas_ap
  cbfas_ci
  cbfas_co
  cbfas_ea
  cbfas_ee
  cbfas_nv
  cbfas_nv9
  cbfas_nw
  cbfas_oi
  cbfas_oo
  cbfi_a
  cbfi_a6
  cbfi_c
  cbfi_d_scale
  cbfi_e
  cbfi_hp8
  cbfi_n
  cbfi_o
  cbfi_s_scale
  chrz_col
  chrz_col_d
  chrz_ind
  chrz_ind_d
  cmvi
  cusi
  cusi_d
  cvrt_col
  cvrt_col_d
  cvrt_ind
  cvrt_ind_d
  dage
  daspfin
  daspfin_d
  dbfa_mt
  dbfa_mt_d
  dbfas_ac
  dbfas_ap
  dbfas_ci
  dbfas_co
  dbfas_ea
  dbfas_ee
  dbfas_nv
  dbfas_nv9
  dbfas_nw
  dbfas_oi
  dbfas_oo
  dbfi_a
  dbfi_a6
  dbfi_c
  dbfi_d_scale
  dbfi_e
  dbfi_hp8
  dbfi_n
  dbfi_o
  dbfi_s_scale
  dhrz_col
  dhrz_col_d
  dhrz_ind
  dhrz_ind_d
  dmvi
  dusi
  dusi_d
  dvrt_col
  dvrt_col_d
  dvrt_ind
  dvrt_ind_d;

  USEVARIABLES =
  abfi_e
  bbfi_e
  cbfi_e
  dbfi_e
  avrt_ind_d
  bvrt_ind_d
  cvrt_ind_d
  dvrt_ind_d
  a1
  a2
  a3
  a4
  aagegrp
  ;

  missing = all (-9999);

  tscores = a1 a2 a3 a4;

  grouping = aagegrp (0=earlier, 1=later);

  DEFINE:

  aagegrp = aage;

  cut aagegrp (39);

  a1 = aage + 0 - 36;
  a2 = aage + 1 - 36;
  a3 = aage + 2 - 36;
  a4 = aage + 3 - 36;

  ANALYSIS:
  TYPE=RANDOM;
  PROCESSORS = 6;
  model=nocovariances; ! supresses default estimation of certain covs in model;

  MODEL:

  i_bfi_e s_bfi_e | abfi_e bbfi_e cbfi_e dbfi_e AT a1 a2 a3 a4;
  i_vrt_ind_d s_vrt_ind_d | avrt_ind_d bvrt_ind_d cvrt_ind_d dvrt_ind_d AT a1 a2 a3 a4;

  ! freeing factor covs because of "nocovariances"
  ! But ensure they are constrained across groups
  s_bfi_e WITH i_bfi_e (p)
  s_vrt_ind_d (q)
  i_vrt_ind_d (r);
  i_bfi_e WITH s_vrt_ind_d (s)
  i_vrt_ind_d (t);
  s_vrt_ind_d WITH i_vrt_ind_d (u);

  !constrain latent growth means across groups
  [i_bfi_e] (v);
  [s_bfi_e] (w);
  [i_vrt_ind_d] (x);
  [s_vrt_ind_d] (y);

  !constrain latent growth variances across groups
  i_bfi_e (l);
  s_bfi_e (m);
  i_vrt_ind_d (n);
  s_vrt_ind_d (o);

  p1 BY abfi_e@1; ! Residual "factors";
  p2 BY bbfi_e@1;
  p3 BY cbfi_e@1;
  p4 BY dbfi_e@1;

  v1 BY avrt_ind_d@1; ! Residual "factors";
  v2 BY bvrt_ind_d@1;
  v3 BY cvrt_ind_d@1;
  v4 BY dvrt_ind_d@1;

  !residual variances on observed/manifest vars set to 0
  abfi_e@0;
  bbfi_e@0;
  cbfi_e@0;
  dbfi_e@0;

  !residual variances on observed/manifest vars set to 0
  avrt_ind_d@0;
  bvrt_ind_d@0;
  cvrt_ind_d@0;
  dvrt_ind_d@0;

  ! means of observed/manifest vars set to 0
  [abfi_e@0];
  [bbfi_e@0];
  [cbfi_e@0];
  [dbfi_e@0];

  ! means of observed/manifest vars set to 0
  [avrt_ind_d@0];
  [bvrt_ind_d@0];
  [cvrt_ind_d@0];
  [dvrt_ind_d@0];

  [p1@0]; ! means of residual "factors" set to 0
  [p2@0];
  [p3@0];
  [p4@0];

  [v1@0]; ! means of residual "factors" set to 0
  [v2@0];
  [v3@0];
  [v4@0];

  p4 on p3 (a); ! Autoregressive paths constrained to equality
  p3 on p2 (a);
  p2 on p1 (a);

  v4 on v3 (b); ! Autoregressive paths constrained to equality
  v3 on v2 (b);
  v2 on v1 (b);

  p4 on v3 (c); ! Cross-lagged paths constrained to equality
  p3 on v2 (c);
  p2 on v1 (c);

  v4 on p3 (d); ! Cross-lagged paths constrained to equality
  v3 on p2 (d);
  v2 on p1 (d);

  p1 with v1; !(this one is not like the others)

  p2 with v2 (e); ! Within-wave correlations constrained to equality
  p3 with v3 (e);
  p4 with v4 (e);

  p2 p3 p4 (f); ! estimate variances of residual "factors"
  v2 v3 v4 (g); ! estimate variances of residual "factors"

  MODEL earlier:

  p4 on p3 (a23); ! Autoregressive paths constrained to equality
  p3 on p2 (a23);
  p2 on p1 (a23);

  v4 on v3 (b23); ! Autoregressive paths constrained to equality
  v3 on v2 (b23);
  v2 on v1 (b23);

  p4 on v3 (c23); ! Cross-lagged paths constrained to equality
  p3 on v2 (c23);
  p2 on v1 (c23);

  v4 on p3 (d23); ! Cross-lagged paths constrained to equality
  v3 on p2 (d23);
  v2 on p1 (d23);

  p1 with v1; !(this one is not like the others)

  p2 with v2 (e23); ! Within-wave correlations constrained to equality
  p3 with v3 (e23);
  p4 with v4 (e23);

  p2 p3 p4 (f23); ! estimate variances of residual "factors"
  v2 v3 v4 (g23); ! estimate variances of residual "factors"

  MODEL later:

  p4 on p3 (a45); ! Autoregressive paths constrained to equality
  p3 on p2 (a45);
  p2 on p1 (a45);

  v4 on v3 (b45); ! Autoregressive paths constrained to equality
  v3 on v2 (b45);
  v2 on v1 (b45);

  p4 on v3 (c45); ! Cross-lagged paths constrained to equality
  p3 on v2 (c45);
  p2 on v1 (c45);

  v4 on p3 (d45); ! Cross-lagged paths constrained to equality
  v3 on p2 (d45);
  v2 on p1 (d45);

  p1 with v1; !(this one is not like the others)

  p2 with v2 (e45); ! Within-wave correlations constrained to equality
  p3 with v3 (e45);
  p4 with v4 (e45);

  p2 p3 p4 (f45); ! estimate variances of residual "factors"
  v2 v3 v4 (g45); ! estimate variances of residual "factors"

  OUTPUT: SAMPSTAT PATTERNS;



*** WARNING in VARIABLE command
  Note that only the first 8 characters of variable names are used in the output.
  Shorten variable names to avoid any confusion.
*** WARNING
  Data set contains unknown or missing values for GROUPING,
  PATTERN, COHORT, CLUSTER and/or STRATIFICATION variables.
  Number of cases with unknown or missing values:  5
   2 WARNING(S) FOUND IN THE INPUT INSTRUCTIONS



PxVx Bivariate LCM-SR - 40splitgroup - Linear bfi_e with Linear vrt_ind_d;

SUMMARY OF ANALYSIS

Number of groups                                                 2
Number of observations
   Group EARLIER                                               534
   Group LATER                                                 330
   Total sample size                                           864

Number of dependent variables                                    8
Number of independent variables                                  0
Number of continuous latent variables                           12

Observed dependent variables

  Continuous
   ABFI_E      BBFI_E      CBFI_E      DBFI_E      AVRT_IND_D  BVRT_IND_D
   CVRT_IND_D  DVRT_IND_D

Continuous latent variables
   P1          P2          P3          P4          V1          V2
   V3          V4          I_BFI_E     S_BFI_E     I_VRT_IN    S_VRT_IN

Variables with special functions

  Grouping variable     AAGEGRP

  Time scores
   A1          A2          A3          A4


Estimator                                                      MLR
Information matrix                                        OBSERVED
Maximum number of iterations                                   100
Convergence criterion                                    0.100D-05
Maximum number of EM iterations                                500
Convergence criteria for the EM algorithm
  Loglikelihood change                                   0.100D-02
  Relative loglikelihood change                          0.100D-05
  Derivative                                             0.100D-03
Minimum variance                                         0.100D-03
Maximum number of steepest descent iterations                   20
Maximum number of iterations for H1                           2000
Convergence criterion for H1                             0.100D-03
Optimization algorithm                                         EMA

Input data file(s)
  /home/jflournoy/code_new/lnt_pxvx/Data/lnt_nat_recalc.tsv
Input data format  FREE


SUMMARY OF DATA

   Group EARLIER
     Number of missing data patterns            16

   Group LATER
     Number of missing data patterns            16


SUMMARY OF MISSING DATA PATTERNS


     MISSING DATA PATTERNS (x = not missing) FOR EARLIER

           1  2  3  4  5  6  7  8  9 10 11 12 13 14 15 16
 ABFI_E    x  x  x  x  x  x  x  x  x  x  x  x  x  x  x  x
 BBFI_E    x     x     x  x  x        x  x  x  x  x
 CBFI_E    x        x  x     x     x  x  x     x  x  x
 DBFI_E    x     x  x  x        x     x        x     x  x
 AVRT_IND  x  x  x  x  x  x  x  x  x  x  x  x  x  x  x  x
 BVRT_IND  x     x     x  x  x        x  x        x
 CVRT_IND  x        x        x     x  x        x  x  x
 DVRT_IND  x     x  x  x        x              x  x


     MISSING DATA PATTERN FREQUENCIES FOR EARLIER

    Pattern   Frequency     Pattern   Frequency     Pattern   Frequency
          1         327           7          19          13           2
          2         100           8          14          14           1
          3          14           9          11          15           1
          4          12          10           1          16           2
          5           1          11           1
          6          26          12           2


     MISSING DATA PATTERNS (x = not missing) FOR LATER

           1  2  3  4  5  6  7  8  9 10 11 12 13 14 15 16
 ABFI_E    x  x  x  x  x  x  x  x  x  x  x  x     x  x  x
 BBFI_E    x     x     x  x  x        x  x           x
 CBFI_E    x        x  x     x     x     x  x           x
 DBFI_E    x     x  x  x        x        x  x  x     x
 AVRT_IND  x  x  x  x  x  x  x  x  x  x  x  x  x     x  x
 BVRT_IND  x     x     x  x  x
 CVRT_IND  x        x        x     x     x  x
 DVRT_IND  x     x  x  x        x        x     x     x


     MISSING DATA PATTERN FREQUENCIES FOR LATER

    Pattern   Frequency     Pattern   Frequency     Pattern   Frequency
          1         165           7          26          13           1
          2          68           8           9          14           1
          3          12           9          10          15           1
          4           9          10           2          16           1
          5           1          11           1
          6          22          12           1


COVARIANCE COVERAGE OF DATA

Minimum covariance coverage value   0.100


     PROPORTION OF DATA PRESENT FOR EARLIER


           Covariance Coverage
              ABFI_E        BBFI_E        CBFI_E        DBFI_E        AVRT_IND
              ________      ________      ________      ________      ________
 ABFI_E         1.000
 BBFI_E         0.738         0.738
 CBFI_E         0.704         0.659         0.704
 DBFI_E         0.700         0.646         0.644         0.700
 AVRT_IND       1.000         0.738         0.704         0.700         1.000
 BVRT_IND       0.730         0.730         0.655         0.642         0.730
 CVRT_IND       0.700         0.655         0.700         0.642         0.700
 DVRT_IND       0.695         0.646         0.642         0.693         0.695


           Covariance Coverage
              BVRT_IND      CVRT_IND      DVRT_IND
              ________      ________      ________
 BVRT_IND       0.730
 CVRT_IND       0.652         0.700
 DVRT_IND       0.642         0.640         0.695


     PROPORTION OF DATA PRESENT FOR LATER


           Covariance Coverage
              ABFI_E        BBFI_E        CBFI_E        DBFI_E        AVRT_IND
              ________      ________      ________      ________      ________
 ABFI_E         1.000
 BBFI_E         0.703         0.703
 CBFI_E         0.658         0.597         0.658
 DBFI_E         0.609         0.548         0.542         0.609
 AVRT_IND       1.000         0.703         0.658         0.609         1.000
 BVRT_IND       0.697         0.697         0.594         0.545         0.697
 CVRT_IND       0.652         0.591         0.652         0.539         0.652
 DVRT_IND       0.600         0.545         0.536         0.597         0.600


           Covariance Coverage
              BVRT_IND      CVRT_IND      DVRT_IND
              ________      ________      ________
 BVRT_IND       0.697
 CVRT_IND       0.588         0.652
 DVRT_IND       0.542         0.533         0.600


SAMPLE STATISTICS


     ESTIMATED SAMPLE STATISTICS FOR EARLIER


           Means
              ABFI_E        BBFI_E        CBFI_E        DBFI_E        AVRT_IND
              ________      ________      ________      ________      ________
               53.519        53.431        52.458        52.185        52.138


           Means
              BVRT_IND      CVRT_IND      DVRT_IND
              ________      ________      ________
               52.748        51.712        51.526


           Covariances
              ABFI_E        BBFI_E        CBFI_E        DBFI_E        AVRT_IND
              ________      ________      ________      ________      ________
 ABFI_E       515.266
 BBFI_E       437.653       486.903
 CBFI_E       423.228       421.349       475.504
 DBFI_E       408.793       401.512       414.053       469.236
 AVRT_IND      58.116        57.083        42.269        52.034       446.883
 BVRT_IND      71.051        74.174        68.346        63.515       300.381
 CVRT_IND      88.531        94.457        77.589        86.002       290.042
 DVRT_IND      66.341        79.866        64.730        69.131       284.353


           Covariances
              BVRT_IND      CVRT_IND      DVRT_IND
              ________      ________      ________
 BVRT_IND     429.154
 CVRT_IND     313.668       456.144
 DVRT_IND     317.285       339.127       472.114


           Correlations
              ABFI_E        BBFI_E        CBFI_E        DBFI_E        AVRT_IND
              ________      ________      ________      ________      ________
 ABFI_E         1.000
 BBFI_E         0.874         1.000
 CBFI_E         0.855         0.876         1.000
 DBFI_E         0.831         0.840         0.877         1.000
 AVRT_IND       0.121         0.122         0.092         0.114         1.000
 BVRT_IND       0.151         0.162         0.151         0.142         0.686
 CVRT_IND       0.183         0.200         0.167         0.186         0.642
 DVRT_IND       0.135         0.167         0.137         0.147         0.619


           Correlations
              BVRT_IND      CVRT_IND      DVRT_IND
              ________      ________      ________
 BVRT_IND       1.000
 CVRT_IND       0.709         1.000
 DVRT_IND       0.705         0.731         1.000


     ESTIMATED SAMPLE STATISTICS FOR LATER


           Means
              ABFI_E        BBFI_E        CBFI_E        DBFI_E        AVRT_IND
              ________      ________      ________      ________      ________
               57.149        56.329        57.217        56.530        48.428


           Means
              BVRT_IND      CVRT_IND      DVRT_IND
              ________      ________      ________
               47.539        46.515        47.334


           Covariances
              ABFI_E        BBFI_E        CBFI_E        DBFI_E        AVRT_IND
              ________      ________      ________      ________      ________
 ABFI_E       448.630
 BBFI_E       392.122       457.447
 CBFI_E       394.241       395.444       445.339
 DBFI_E       399.206       399.969       417.220       495.280
 AVRT_IND      25.437        21.923        21.270         7.395       371.138
 BVRT_IND      22.100        22.999        34.143        16.291       240.521
 CVRT_IND      57.465        72.168        93.679        56.864       241.348
 DVRT_IND      49.988        53.616        56.149        41.837       231.340


           Covariances
              BVRT_IND      CVRT_IND      DVRT_IND
              ________      ________      ________
 BVRT_IND     352.166
 CVRT_IND     246.315       375.320
 DVRT_IND     232.521       252.723       337.159


           Correlations
              ABFI_E        BBFI_E        CBFI_E        DBFI_E        AVRT_IND
              ________      ________      ________      ________      ________
 ABFI_E         1.000
 BBFI_E         0.866         1.000
 CBFI_E         0.882         0.876         1.000
 DBFI_E         0.847         0.840         0.888         1.000
 AVRT_IND       0.062         0.053         0.052         0.017         1.000
 BVRT_IND       0.056         0.057         0.086         0.039         0.665
 CVRT_IND       0.140         0.174         0.229         0.132         0.647
 DVRT_IND       0.129         0.137         0.145         0.102         0.654


           Correlations
              BVRT_IND      CVRT_IND      DVRT_IND
              ________      ________      ________
 BVRT_IND       1.000
 CVRT_IND       0.678         1.000
 DVRT_IND       0.675         0.710         1.000


     MAXIMUM LOG-LIKELIHOOD VALUE FOR THE UNRESTRICTED (H1) MODEL IS -21532.338


UNIVARIATE SAMPLE STATISTICS


     UNIVARIATE HIGHER-ORDER MOMENT DESCRIPTIVE STATISTICS FOR EARLIER

         Variable/         Mean/     Skewness/   Minimum/ % with                Percentiles
        Sample Size      Variance    Kurtosis    Maximum  Min/Max      20%/60%    40%/80%    Median

     ABFI_E               53.519      -0.110       0.000    0.37%      34.375     50.000     53.125
             534.000     515.266      -0.620     100.000    0.56%      59.375     75.000
     BBFI_E               53.114      -0.083       0.000    0.51%      34.375     50.000     53.125
             394.000     482.653      -0.440     100.000    1.02%      59.375     71.875
     CBFI_E               51.828      -0.021       0.000    0.27%      31.250     46.875     53.125
             376.000     484.990      -0.463     100.000    1.33%      56.250     68.750
     DBFI_E               51.878      -0.073       0.000    0.53%      34.375     46.875     51.562
             374.000     483.926      -0.489     100.000    1.34%      56.250     68.750
     AVRT_IND_D           52.138      -0.003       0.000    0.94%      33.333     50.000     50.000
             534.000     446.883      -0.476     100.000    1.69%      58.333     75.000
     BVRT_IND_D           52.927      -0.077       0.000    0.26%      33.333     50.000     50.000
             390.000     423.411      -0.483     100.000    1.54%      58.333     66.667
     CVRT_IND_D           52.005       0.094       8.333    2.41%      33.333     50.000     50.000
             374.000     454.238      -0.527     100.000    1.87%      58.333     66.667
     DVRT_IND_D           51.561      -0.015       0.000    0.81%      33.333     50.000     50.000
             371.000     469.495      -0.568     100.000    1.35%      58.333     75.000


     UNIVARIATE HIGHER-ORDER MOMENT DESCRIPTIVE STATISTICS FOR LATER

         Variable/         Mean/     Skewness/   Minimum/ % with                Percentiles
        Sample Size      Variance    Kurtosis    Maximum  Min/Max      20%/60%    40%/80%    Median

     ABFI_E               57.146      -0.138       3.125    0.30%      37.500     53.125     59.375
             329.000     449.607      -0.625     100.000    1.52%      62.500     75.000
     BBFI_E               54.275      -0.100       6.250    0.43%      34.375     46.875     53.125
             230.000     469.667      -0.844     100.000    0.43%      59.375     75.000
     CBFI_E               56.263      -0.207       3.125    0.47%      34.375     50.000     59.375
             214.000     469.461      -0.633     100.000    1.40%      62.500     75.000
     DBFI_E               56.357      -0.081       0.000    0.50%      34.375     50.000     56.250
             200.000     505.549      -0.725     100.000    1.00%      62.500     78.125
     AVRT_IND_D           48.430       0.036       0.000    0.30%      33.333     41.667     50.000
             329.000     371.141      -0.450     100.000    0.61%      50.000     66.667
     BVRT_IND_D           47.529       0.137       0.000    0.44%      33.333     41.667     50.000
             226.000     344.499      -0.324     100.000    0.44%      50.000     58.333
     CVRT_IND_D           45.715       0.210       0.000    0.47%      25.000     41.667     41.667
             212.000     365.880      -0.392     100.000    0.47%      50.000     58.333
     DVRT_IND_D           46.985       0.011       8.333    2.01%      33.333     41.667     50.000
             199.000     330.105      -0.645      83.333    4.52%      50.000     58.333


THE MODEL ESTIMATION TERMINATED NORMALLY



MODEL FIT INFORMATION

Number of Free Parameters                       34

Loglikelihood

          H0 Value                      -21562.884
          H0 Scaling Correction Factor      1.2531
            for MLR

Information Criteria

          Akaike (AIC)                   43193.768
          Bayesian (BIC)                 43355.661
          Sample-Size Adjusted BIC       43247.686
            (n* = (n + 2) / 24)



MODEL RESULTS

                                                    Two-Tailed
                    Estimate       S.E.  Est./S.E.    P-Value

Group EARLIER

 P1       BY
    ABFI_E             1.000      0.000    999.000    999.000

 P2       BY
    BBFI_E             1.000      0.000    999.000    999.000

 P3       BY
    CBFI_E             1.000      0.000    999.000    999.000

 P4       BY
    DBFI_E             1.000      0.000    999.000    999.000

 V1       BY
    AVRT_IND_D         1.000      0.000    999.000    999.000

 V2       BY
    BVRT_IND_D         1.000      0.000    999.000    999.000

 V3       BY
    CVRT_IND_D         1.000      0.000    999.000    999.000

 V4       BY
    DVRT_IND_D         1.000      0.000    999.000    999.000

 P4         ON
    P3                 0.232      0.078      2.957      0.003
    V3                 0.030      0.038      0.799      0.424

 P3         ON
    P2                 0.232      0.078      2.957      0.003
    V2                 0.030      0.038      0.799      0.424

 P2         ON
    P1                 0.232      0.078      2.957      0.003
    V1                 0.030      0.038      0.799      0.424

 V4         ON
    V3                 0.137      0.071      1.930      0.054
    P3                 0.053      0.084      0.633      0.527

 V3         ON
    V2                 0.137      0.071      1.930      0.054
    P2                 0.053      0.084      0.633      0.527

 V2         ON
    V1                 0.137      0.071      1.930      0.054
    P1                 0.053      0.084      0.633      0.527

 S_BFI_E  WITH
    I_BFI_E           -1.700      0.952     -1.786      0.074
    S_VRT_IND_         0.000      0.116      0.002      0.999
    I_VRT_IND_        -3.977      2.549     -1.560      0.119

 I_BFI_E  WITH
    S_VRT_IND_         2.500      2.726      0.917      0.359
    I_VRT_IND_        55.412     18.206      3.044      0.002

 S_VRT_IN WITH
    I_VRT_IND_        -1.519      0.818     -1.856      0.063

 P1       WITH
    V1                 6.695     10.487      0.638      0.523

 P2       WITH
    V2                 1.494      5.931      0.252      0.801

 P3       WITH
    V3                 1.494      5.931      0.252      0.801

 P4       WITH
    V4                 1.494      5.931      0.252      0.801

 Means
    P1                 0.000      0.000    999.000    999.000
    V1                 0.000      0.000    999.000    999.000
    I_BFI_E           54.290      0.720     75.390      0.000
    S_BFI_E            0.174      0.065      2.703      0.007
    I_VRT_IND_        50.631      0.638     79.395      0.000
    S_VRT_IND_        -0.231      0.058     -3.976      0.000

 Intercepts
    ABFI_E             0.000      0.000    999.000    999.000
    BBFI_E             0.000      0.000    999.000    999.000
    CBFI_E             0.000      0.000    999.000    999.000
    DBFI_E             0.000      0.000    999.000    999.000
    AVRT_IND_D         0.000      0.000    999.000    999.000
    BVRT_IND_D         0.000      0.000    999.000    999.000
    CVRT_IND_D         0.000      0.000    999.000    999.000
    DVRT_IND_D         0.000      0.000    999.000    999.000
    P2                 0.000      0.000    999.000    999.000
    P3                 0.000      0.000    999.000    999.000
    P4                 0.000      0.000    999.000    999.000
    V2                 0.000      0.000    999.000    999.000
    V3                 0.000      0.000    999.000    999.000
    V4                 0.000      0.000    999.000    999.000

 Variances
    P1                88.629     11.176      7.930      0.000
    V1               180.715     19.272      9.377      0.000
    I_BFI_E          378.844     25.042     15.129      0.000
    S_BFI_E            0.222      0.167      1.330      0.184
    I_VRT_IND_       261.104     20.669     12.633      0.000
    S_VRT_IND_         0.109      0.130      0.838      0.402

 Residual Variances
    ABFI_E             0.000      0.000    999.000    999.000
    BBFI_E             0.000      0.000    999.000    999.000
    CBFI_E             0.000      0.000    999.000    999.000
    DBFI_E             0.000      0.000    999.000    999.000
    AVRT_IND_D         0.000      0.000    999.000    999.000
    BVRT_IND_D         0.000      0.000    999.000    999.000
    CVRT_IND_D         0.000      0.000    999.000    999.000
    DVRT_IND_D         0.000      0.000    999.000    999.000
    P2                73.506      5.394     13.627      0.000
    P3                73.506      5.394     13.627      0.000
    P4                73.506      5.394     13.627      0.000
    V2               144.593     12.932     11.181      0.000
    V3               144.593     12.932     11.181      0.000
    V4               144.593     12.932     11.181      0.000

Group LATER

 P1       BY
    ABFI_E             1.000      0.000    999.000    999.000

 P2       BY
    BBFI_E             1.000      0.000    999.000    999.000

 P3       BY
    CBFI_E             1.000      0.000    999.000    999.000

 P4       BY
    DBFI_E             1.000      0.000    999.000    999.000

 V1       BY
    AVRT_IND_D         1.000      0.000    999.000    999.000

 V2       BY
    BVRT_IND_D         1.000      0.000    999.000    999.000

 V3       BY
    CVRT_IND_D         1.000      0.000    999.000    999.000

 V4       BY
    DVRT_IND_D         1.000      0.000    999.000    999.000

 P4         ON
    P3                 0.170      0.107      1.581      0.114
    V3                 0.011      0.050      0.217      0.829

 P3         ON
    P2                 0.170      0.107      1.581      0.114
    V2                 0.011      0.050      0.217      0.829

 P2         ON
    P1                 0.170      0.107      1.581      0.114
    V1                 0.011      0.050      0.217      0.829

 V4         ON
    V3                 0.050      0.081      0.621      0.535
    P3                 0.038      0.094      0.406      0.684

 V3         ON
    V2                 0.050      0.081      0.621      0.535
    P2                 0.038      0.094      0.406      0.684

 V2         ON
    V1                 0.050      0.081      0.621      0.535
    P1                 0.038      0.094      0.406      0.684

 S_BFI_E  WITH
    I_BFI_E           -1.700      0.952     -1.786      0.074
    S_VRT_IND_         0.000      0.116      0.002      0.999
    I_VRT_IND_        -3.977      2.549     -1.560      0.119

 I_BFI_E  WITH
    S_VRT_IND_         2.500      2.726      0.917      0.359
    I_VRT_IND_        55.412     18.206      3.044      0.002

 S_VRT_IN WITH
    I_VRT_IND_        -1.519      0.818     -1.856      0.063

 P1       WITH
    V1                 7.896      9.732      0.811      0.417

 P2       WITH
    V2                 8.117      6.678      1.216      0.224

 P3       WITH
    V3                 8.117      6.678      1.216      0.224

 P4       WITH
    V4                 8.117      6.678      1.216      0.224

 Means
    P1                 0.000      0.000    999.000    999.000
    V1                 0.000      0.000    999.000    999.000
    I_BFI_E           54.290      0.720     75.390      0.000
    S_BFI_E            0.174      0.065      2.703      0.007
    I_VRT_IND_        50.631      0.638     79.395      0.000
    S_VRT_IND_        -0.231      0.058     -3.976      0.000

 Intercepts
    ABFI_E             0.000      0.000    999.000    999.000
    BBFI_E             0.000      0.000    999.000    999.000
    CBFI_E             0.000      0.000    999.000    999.000
    DBFI_E             0.000      0.000    999.000    999.000
    AVRT_IND_D         0.000      0.000    999.000    999.000
    BVRT_IND_D         0.000      0.000    999.000    999.000
    CVRT_IND_D         0.000      0.000    999.000    999.000
    DVRT_IND_D         0.000      0.000    999.000    999.000
    P2                 0.000      0.000    999.000    999.000
    P3                 0.000      0.000    999.000    999.000
    P4                 0.000      0.000    999.000    999.000
    V2                 0.000      0.000    999.000    999.000
    V3                 0.000      0.000    999.000    999.000
    V4                 0.000      0.000    999.000    999.000

 Variances
    P1                62.981      9.084      6.933      0.000
    V1               138.894     17.997      7.718      0.000
    I_BFI_E          378.844     25.042     15.129      0.000
    S_BFI_E            0.222      0.167      1.330      0.184
    I_VRT_IND_       261.104     20.669     12.633      0.000
    S_VRT_IND_         0.109      0.130      0.838      0.402

 Residual Variances
    ABFI_E             0.000      0.000    999.000    999.000
    BBFI_E             0.000      0.000    999.000    999.000
    CBFI_E             0.000      0.000    999.000    999.000
    DBFI_E             0.000      0.000    999.000    999.000
    AVRT_IND_D         0.000      0.000    999.000    999.000
    BVRT_IND_D         0.000      0.000    999.000    999.000
    CVRT_IND_D         0.000      0.000    999.000    999.000
    DVRT_IND_D         0.000      0.000    999.000    999.000
    P2                68.291     10.101      6.761      0.000
    P3                68.291     10.101      6.761      0.000
    P4                68.291     10.101      6.761      0.000
    V2               115.469     12.547      9.203      0.000
    V3               115.469     12.547      9.203      0.000
    V4               115.469     12.547      9.203      0.000


QUALITY OF NUMERICAL RESULTS

     Condition Number for the Information Matrix              0.228E-04
       (ratio of smallest to largest eigenvalue)


     Beginning Time:  17:59:12
        Ending Time:  17:59:15
       Elapsed Time:  00:00:03



MUTHEN & MUTHEN
3463 Stoner Ave.
Los Angeles, CA  90066

Tel: (310) 391-9971
Fax: (310) 391-8971
Web: www.StatModel.com
Support: Support@StatModel.com

Copyright (c) 1998-2017 Muthen & Muthen
