Mplus VERSION 8 (Linux)
MUTHEN & MUTHEN
07/07/2018   3:57 PM

INPUT INSTRUCTIONS


  title: PxVx Bivariate LCM-SR - post mi - Linear bfas_oi with Linear mvi;
  data: file = /home/jflournoy/code_new/lnt_pxvx/Data/lnt_nat_recalc.tsv;

  variable:
  names =
  subjid
  aage
  aaspfin
  aaspfin_d
  abfa_mt
  abfa_mt_d
  abfas_ac
  abfas_ap
  abfas_ci
  abfas_co
  abfas_ea
  abfas_ee
  abfas_nv
  abfas_nv9
  abfas_nw
  abfas_oi
  abfas_oo
  abfi_a
  abfi_a6
  abfi_c
  abfi_d_scale
  abfi_e
  abfi_hp8
  abfi_n
  abfi_o
  abfi_s_scale
  ahrz_col
  ahrz_col_d
  ahrz_ind
  ahrz_ind_d
  amvi
  ausi
  ausi_d
  avrt_col
  avrt_col_d
  avrt_ind
  avrt_ind_d
  bage
  baspfin
  baspfin_d
  bbfa_mt
  bbfa_mt_d
  bbfas_ac
  bbfas_ap
  bbfas_ci
  bbfas_co
  bbfas_ea
  bbfas_ee
  bbfas_nv
  bbfas_nv9
  bbfas_nw
  bbfas_oi
  bbfas_oo
  bbfi_a
  bbfi_a6
  bbfi_c
  bbfi_d_scale
  bbfi_e
  bbfi_hp8
  bbfi_n
  bbfi_o
  bbfi_s_scale
  bhrz_col
  bhrz_col_d
  bhrz_ind
  bhrz_ind_d
  bmvi
  busi
  busi_d
  bvrt_col
  bvrt_col_d
  bvrt_ind
  bvrt_ind_d
  cage
  caspfin
  caspfin_d
  cbfa_mt
  cbfa_mt_d
  cbfas_ac
  cbfas_ap
  cbfas_ci
  cbfas_co
  cbfas_ea
  cbfas_ee
  cbfas_nv
  cbfas_nv9
  cbfas_nw
  cbfas_oi
  cbfas_oo
  cbfi_a
  cbfi_a6
  cbfi_c
  cbfi_d_scale
  cbfi_e
  cbfi_hp8
  cbfi_n
  cbfi_o
  cbfi_s_scale
  chrz_col
  chrz_col_d
  chrz_ind
  chrz_ind_d
  cmvi
  cusi
  cusi_d
  cvrt_col
  cvrt_col_d
  cvrt_ind
  cvrt_ind_d
  dage
  daspfin
  daspfin_d
  dbfa_mt
  dbfa_mt_d
  dbfas_ac
  dbfas_ap
  dbfas_ci
  dbfas_co
  dbfas_ea
  dbfas_ee
  dbfas_nv
  dbfas_nv9
  dbfas_nw
  dbfas_oi
  dbfas_oo
  dbfi_a
  dbfi_a6
  dbfi_c
  dbfi_d_scale
  dbfi_e
  dbfi_hp8
  dbfi_n
  dbfi_o
  dbfi_s_scale
  dhrz_col
  dhrz_col_d
  dhrz_ind
  dhrz_ind_d
  dmvi
  dusi
  dusi_d
  dvrt_col
  dvrt_col_d
  dvrt_ind
  dvrt_ind_d;

  USEVARIABLES =
  abfas_oi
  bbfas_oi
  cbfas_oi
  dbfas_oi
  amvi
  bmvi
  cmvi
  dmvi
  a1
  a2
  a3
  a4
  ;

  missing = all (-9999);

  tscores = a1 a2 a3 a4;

  DEFINE:
  a1 = aage + 0 - 36;
  a2 = aage + 1 - 36;
  a3 = aage + 2 - 36;
  a4 = aage + 3 - 36;

  ANALYSIS:
  TYPE=RANDOM;
  PROCESSORS = 6;
  model=nocovariances; ! supresses default estimation of certain covs in model;

  MODEL:

  i_bfas_oi s_bfas_oi | abfas_oi bbfas_oi cbfas_oi dbfas_oi AT a1 a2 a3 a4;
  i_mvi s_mvi | amvi bmvi cmvi dmvi AT a1 a2 a3 a4;

  ! freeing factor covs because of "nocovariances"
  s_bfas_oi WITH i_bfas_oi s_mvi i_mvi;
  i_bfas_oi WITH s_mvi i_mvi;
  s_mvi WITH i_mvi;

  p1 BY abfas_oi@1; ! Residual "factors";
  p2 BY bbfas_oi@1;
  p3 BY cbfas_oi@1;
  p4 BY dbfas_oi@1;

  v1 BY amvi@1; ! Residual "factors";
  v2 BY bmvi@1;
  v3 BY cmvi@1;
  v4 BY dmvi@1;

  !residual variances on observed/manifest vars set to 0
  abfas_oi@0;
  bbfas_oi@0;
  cbfas_oi@0;
  dbfas_oi@0;

  !residual variances on observed/manifest vars set to 0
  amvi@0;
  bmvi@0;
  cmvi@0;
  dmvi@0;

  ! means of observed/manifest vars set to 0
  [abfas_oi@0];
  [bbfas_oi@0];
  [cbfas_oi@0];
  [dbfas_oi@0];

  ! means of observed/manifest vars set to 0
  [amvi@0];
  [bmvi@0];
  [cmvi@0];
  [dmvi@0];

  [p1@0]; ! means of residual "factors" set to 0
  [p2@0];
  [p3@0];
  [p4@0];

  [v1@0]; ! means of residual "factors" set to 0
  [v2@0];
  [v3@0];
  [v4@0];

  p4 on p3 (a); ! Autoregressive paths constrained to equality
  p3 on p2 (a);
  p2 on p1 (a);

  v4 on v3 (b); ! Autoregressive paths constrained to equality
  v3 on v2 (b);
  v2 on v1 (b);

  p4 on v3 (c); ! Cross-lagged paths constrained to equality
  p3 on v2 (c);
  p2 on v1 (c);

  v4 on p3 (d); ! Cross-lagged paths constrained to equality
  v3 on p2 (d);
  v2 on p1 (d);

  p1 with v1; !(this one is not like the others)

  p2 with v2 (e); ! Within-wave correlations constrained to equality
  p3 with v3 (e);
  p4 with v4 (e);

  p2 p3 p4 (f); ! estimate variances of residual "factors"
  v2 v3 v4 (g); ! estimate variances of residual "factors"

  OUTPUT: SAMPSTAT PATTERNS;



*** WARNING
  Data set contains cases with missing on time scores but non-missing on the
  corresponding dependent variables.  These cases were not included in the analysis.
  Number of such cases:  5
   1 WARNING(S) FOUND IN THE INPUT INSTRUCTIONS



PxVx Bivariate LCM-SR - post mi - Linear bfas_oi with Linear mvi;

SUMMARY OF ANALYSIS

Number of groups                                                 1
Number of observations                                         864

Number of dependent variables                                    8
Number of independent variables                                  0
Number of continuous latent variables                           12

Observed dependent variables

  Continuous
   ABFAS_OI    BBFAS_OI    CBFAS_OI    DBFAS_OI    AMVI        BMVI
   CMVI        DMVI

Continuous latent variables
   P1          P2          P3          P4          V1          V2
   V3          V4          I_BFAS_O    S_BFAS_O    I_MVI       S_MVI

Variables with special functions

  Time scores
   A1          A2          A3          A4


Estimator                                                      MLR
Information matrix                                        OBSERVED
Maximum number of iterations                                   100
Convergence criterion                                    0.100D-05
Maximum number of EM iterations                                500
Convergence criteria for the EM algorithm
  Loglikelihood change                                   0.100D-02
  Relative loglikelihood change                          0.100D-05
  Derivative                                             0.100D-03
Minimum variance                                         0.100D-03
Maximum number of steepest descent iterations                   20
Maximum number of iterations for H1                           2000
Convergence criterion for H1                             0.100D-03
Optimization algorithm                                         EMA

Input data file(s)
  /home/jflournoy/code_new/lnt_pxvx/Data/lnt_nat_recalc.tsv
Input data format  FREE


SUMMARY OF DATA

     Number of missing data patterns            14


SUMMARY OF MISSING DATA PATTERNS


     MISSING DATA PATTERNS (x = not missing)

           1  2  3  4  5  6  7  8  9 10 11 12 13 14
 ABFAS_OI  x  x  x  x  x  x  x  x  x  x  x     x  x
 BBFAS_OI  x     x  x        x     x  x  x  x
 CBFAS_OI  x           x     x  x        x  x
 DBFAS_OI  x     x     x  x              x  x     x
 AMVI      x  x  x  x  x  x  x  x     x  x  x     x
 BMVI      x     x  x        x     x        x
 CMVI      x           x     x  x        x  x
 DMVI      x     x     x  x              x  x


     MISSING DATA PATTERN FREQUENCIES

    Pattern   Frequency     Pattern   Frequency     Pattern   Frequency
          1         493           6          24          11           1
          2         169           7          48          12           2
          3          27           8          24          13           1
          4          48           9           1          14           1
          5          22          10           3


COVARIANCE COVERAGE OF DATA

Minimum covariance coverage value   0.100


     PROPORTION OF DATA PRESENT


           Covariance Coverage
              ABFAS_OI      BBFAS_OI      CBFAS_OI      DBFAS_OI      AMVI
              ________      ________      ________      ________      ________
 ABFAS_OI       0.998
 BBFAS_OI       0.719         0.721
 CBFAS_OI       0.681         0.630         0.683
 DBFAS_OI       0.657         0.605         0.600         0.660
 AMVI           0.995         0.720         0.683         0.660         0.998
 BMVI           0.714         0.716         0.628         0.604         0.715
 CMVI           0.681         0.630         0.683         0.600         0.683
 DMVI           0.656         0.605         0.600         0.659         0.659


           Covariance Coverage
              BMVI          CMVI          DMVI
              ________      ________      ________
 BMVI           0.716
 CMVI           0.628         0.683
 DMVI           0.604         0.600         0.659


SAMPLE STATISTICS


     ESTIMATED SAMPLE STATISTICS


           Means
              ABFAS_OI      BBFAS_OI      CBFAS_OI      DBFAS_OI      AMVI
              ________      ________      ________      ________      ________
               75.447        75.035        74.620        74.804        64.668


           Means
              BMVI          CMVI          DMVI
              ________      ________      ________
               64.223        64.313        64.074


           Covariances
              ABFAS_OI      BBFAS_OI      CBFAS_OI      DBFAS_OI      AMVI
              ________      ________      ________      ________      ________
 ABFAS_OI     254.625
 BBFAS_OI     201.933       241.722
 CBFAS_OI     205.337       208.716       267.111
 DBFAS_OI     201.240       198.121       219.191       259.440
 AMVI          31.387        29.062        31.167        24.824        63.947
 BMVI          24.333        30.491        28.117        23.541        49.668
 CMVI          27.491        29.019        34.159        29.304        48.252
 DMVI          25.317        26.781        33.381        32.684        45.149


           Covariances
              BMVI          CMVI          DMVI
              ________      ________      ________
 BMVI          63.121
 CMVI          51.902        69.424
 DMVI          48.620        51.651        60.771


           Correlations
              ABFAS_OI      BBFAS_OI      CBFAS_OI      DBFAS_OI      AMVI
              ________      ________      ________      ________      ________
 ABFAS_OI       1.000
 BBFAS_OI       0.814         1.000
 CBFAS_OI       0.787         0.821         1.000
 DBFAS_OI       0.783         0.791         0.833         1.000
 AMVI           0.246         0.234         0.238         0.193         1.000
 BMVI           0.192         0.247         0.217         0.184         0.782
 CMVI           0.207         0.224         0.251         0.218         0.724
 DMVI           0.204         0.221         0.262         0.260         0.724


           Correlations
              BMVI          CMVI          DMVI
              ________      ________      ________
 BMVI           1.000
 CMVI           0.784         1.000
 DMVI           0.785         0.795         1.000


     MAXIMUM LOG-LIKELIHOOD VALUE FOR THE UNRESTRICTED (H1) MODEL IS -18242.301


UNIVARIATE SAMPLE STATISTICS


     UNIVARIATE HIGHER-ORDER MOMENT DESCRIPTIVE STATISTICS

         Variable/         Mean/     Skewness/   Minimum/ % with                Percentiles
        Sample Size      Variance    Kurtosis    Maximum  Min/Max      20%/60%    40%/80%    Median

     ABFAS_OI             75.436      -0.546      15.000    0.12%      62.500     72.500     77.500
             862.000     254.999       0.034     100.000    5.34%      80.000     90.000
     BBFAS_OI             75.252      -0.516      22.500    0.16%      62.500     72.500     77.500
             623.000     238.252      -0.142     100.000    3.69%      80.000     90.000
     CBFAS_OI             74.775      -0.574      20.000    0.17%      62.500     72.500     75.000
             590.000     262.004       0.002     100.000    3.73%      80.000     90.000
     DBFAS_OI             75.788      -0.681      15.000    0.18%      62.500     72.500     77.500
             570.000     249.703       0.297     100.000    4.39%      82.500     90.000
     AMVI                 64.677       0.026      32.353    0.12%      58.088     62.500     64.706
             862.000      63.962       0.228      92.647    0.12%      66.912     71.324
     BMVI                 64.188       0.003      40.441    0.16%      57.353     61.765     63.971
             619.000      63.530      -0.224      88.235    0.16%      66.176     71.094
     CMVI                 64.316      -0.075      33.088    0.17%      57.353     61.765     63.971
             590.000      70.424       0.095      87.500    0.17%      66.176     71.324
     DMVI                 64.158      -0.028      36.029    0.18%      58.088     62.500     63.971
             569.000      60.815       0.167      85.294    0.35%      66.176     70.588


THE MODEL ESTIMATION TERMINATED NORMALLY



MODEL FIT INFORMATION

Number of Free Parameters                       24

Loglikelihood

          H0 Value                      -18255.446
          H0 Scaling Correction Factor      1.1865
            for MLR

Information Criteria

          Akaike (AIC)                   36558.892
          Bayesian (BIC)                 36673.170
          Sample-Size Adjusted BIC       36596.952
            (n* = (n + 2) / 24)



MODEL RESULTS

                                                    Two-Tailed
                    Estimate       S.E.  Est./S.E.    P-Value

 P1       BY
    ABFAS_OI           1.000      0.000    999.000    999.000

 P2       BY
    BBFAS_OI           1.000      0.000    999.000    999.000

 P3       BY
    CBFAS_OI           1.000      0.000    999.000    999.000

 P4       BY
    DBFAS_OI           1.000      0.000    999.000    999.000

 V1       BY
    AMVI               1.000      0.000    999.000    999.000

 V2       BY
    BMVI               1.000      0.000    999.000    999.000

 V3       BY
    CMVI               1.000      0.000    999.000    999.000

 V4       BY
    DMVI               1.000      0.000    999.000    999.000

 P4         ON
    P3                 0.173      0.059      2.918      0.004
    V3                 0.088      0.070      1.252      0.211

 P3         ON
    P2                 0.173      0.059      2.918      0.004
    V2                 0.088      0.070      1.252      0.211

 P2         ON
    P1                 0.173      0.059      2.918      0.004
    V1                 0.088      0.070      1.252      0.211

 V4         ON
    V3                 0.137      0.049      2.811      0.005
    P3                 0.035      0.023      1.541      0.123

 V3         ON
    V2                 0.137      0.049      2.811      0.005
    P2                 0.035      0.023      1.541      0.123

 V2         ON
    V1                 0.137      0.049      2.811      0.005
    P1                 0.035      0.023      1.541      0.123

 S_BFAS_O WITH
    I_BFAS_OI         -0.015      0.600     -0.024      0.981
    S_MVI             -0.007      0.040     -0.179      0.858
    I_MVI              0.298      0.763      0.391      0.696

 I_BFAS_O WITH
    S_MVI             -0.077      0.773     -0.099      0.921
    I_MVI             26.844      5.163      5.199      0.000

 S_MVI    WITH
    I_MVI             -0.168      0.144     -1.165      0.244

 P1       WITH
    V1                 6.386      1.863      3.427      0.001

 P2       WITH
    V2                 5.436      1.226      4.433      0.000

 P3       WITH
    V3                 5.436      1.226      4.433      0.000

 P4       WITH
    V4                 5.436      1.226      4.433      0.000

 Means
    P1                 0.000      0.000    999.000    999.000
    V1                 0.000      0.000    999.000    999.000
    I_BFAS_OI         75.282      0.520    144.698      0.000
    S_BFAS_OI         -0.064      0.046     -1.369      0.171
    I_MVI             64.254      0.257    250.093      0.000
    S_MVI              0.082      0.023      3.622      0.000

 Intercepts
    ABFAS_OI           0.000      0.000    999.000    999.000
    BBFAS_OI           0.000      0.000    999.000    999.000
    CBFAS_OI           0.000      0.000    999.000    999.000
    DBFAS_OI           0.000      0.000    999.000    999.000
    AMVI               0.000      0.000    999.000    999.000
    BMVI               0.000      0.000    999.000    999.000
    CMVI               0.000      0.000    999.000    999.000
    DMVI               0.000      0.000    999.000    999.000
    P2                 0.000      0.000    999.000    999.000
    P3                 0.000      0.000    999.000    999.000
    P4                 0.000      0.000    999.000    999.000
    V2                 0.000      0.000    999.000    999.000
    V3                 0.000      0.000    999.000    999.000
    V4                 0.000      0.000    999.000    999.000

 Variances
    P1                58.057      5.945      9.766      0.000
    V1                19.408      1.795     10.814      0.000
    I_BFAS_OI        182.033     13.404     13.580      0.000
    S_BFAS_OI          0.151      0.105      1.435      0.151
    I_MVI             44.396      3.533     12.565      0.000
    S_MVI              0.020      0.025      0.767      0.443

 Residual Variances
    ABFAS_OI           0.000      0.000    999.000    999.000
    BBFAS_OI           0.000      0.000    999.000    999.000
    CBFAS_OI           0.000      0.000    999.000    999.000
    DBFAS_OI           0.000      0.000    999.000    999.000
    AMVI               0.000      0.000    999.000    999.000
    BMVI               0.000      0.000    999.000    999.000
    CMVI               0.000      0.000    999.000    999.000
    DMVI               0.000      0.000    999.000    999.000
    P2                52.967      4.091     12.948      0.000
    P3                52.967      4.091     12.948      0.000
    P4                52.967      4.091     12.948      0.000
    V2                15.274      1.026     14.883      0.000
    V3                15.274      1.026     14.883      0.000
    V4                15.274      1.026     14.883      0.000


QUALITY OF NUMERICAL RESULTS

     Condition Number for the Information Matrix              0.381E-04
       (ratio of smallest to largest eigenvalue)


     Beginning Time:  15:57:52
        Ending Time:  15:58:24
       Elapsed Time:  00:00:32



MUTHEN & MUTHEN
3463 Stoner Ave.
Los Angeles, CA  90066

Tel: (310) 391-9971
Fax: (310) 391-8971
Web: www.StatModel.com
Support: Support@StatModel.com

Copyright (c) 1998-2017 Muthen & Muthen
