Mplus VERSION 8 (Linux)
MUTHEN & MUTHEN
07/07/2018   3:58 PM

INPUT INSTRUCTIONS


  title: PxVx Bivariate LCM-SR - post mi - Linear bfas_oi with Linear vrt_col_d;
  data: file = /home/jflournoy/code_new/lnt_pxvx/Data/lnt_nat_recalc.tsv;

  variable:
  names =
  subjid
  aage
  aaspfin
  aaspfin_d
  abfa_mt
  abfa_mt_d
  abfas_ac
  abfas_ap
  abfas_ci
  abfas_co
  abfas_ea
  abfas_ee
  abfas_nv
  abfas_nv9
  abfas_nw
  abfas_oi
  abfas_oo
  abfi_a
  abfi_a6
  abfi_c
  abfi_d_scale
  abfi_e
  abfi_hp8
  abfi_n
  abfi_o
  abfi_s_scale
  ahrz_col
  ahrz_col_d
  ahrz_ind
  ahrz_ind_d
  amvi
  ausi
  ausi_d
  avrt_col
  avrt_col_d
  avrt_ind
  avrt_ind_d
  bage
  baspfin
  baspfin_d
  bbfa_mt
  bbfa_mt_d
  bbfas_ac
  bbfas_ap
  bbfas_ci
  bbfas_co
  bbfas_ea
  bbfas_ee
  bbfas_nv
  bbfas_nv9
  bbfas_nw
  bbfas_oi
  bbfas_oo
  bbfi_a
  bbfi_a6
  bbfi_c
  bbfi_d_scale
  bbfi_e
  bbfi_hp8
  bbfi_n
  bbfi_o
  bbfi_s_scale
  bhrz_col
  bhrz_col_d
  bhrz_ind
  bhrz_ind_d
  bmvi
  busi
  busi_d
  bvrt_col
  bvrt_col_d
  bvrt_ind
  bvrt_ind_d
  cage
  caspfin
  caspfin_d
  cbfa_mt
  cbfa_mt_d
  cbfas_ac
  cbfas_ap
  cbfas_ci
  cbfas_co
  cbfas_ea
  cbfas_ee
  cbfas_nv
  cbfas_nv9
  cbfas_nw
  cbfas_oi
  cbfas_oo
  cbfi_a
  cbfi_a6
  cbfi_c
  cbfi_d_scale
  cbfi_e
  cbfi_hp8
  cbfi_n
  cbfi_o
  cbfi_s_scale
  chrz_col
  chrz_col_d
  chrz_ind
  chrz_ind_d
  cmvi
  cusi
  cusi_d
  cvrt_col
  cvrt_col_d
  cvrt_ind
  cvrt_ind_d
  dage
  daspfin
  daspfin_d
  dbfa_mt
  dbfa_mt_d
  dbfas_ac
  dbfas_ap
  dbfas_ci
  dbfas_co
  dbfas_ea
  dbfas_ee
  dbfas_nv
  dbfas_nv9
  dbfas_nw
  dbfas_oi
  dbfas_oo
  dbfi_a
  dbfi_a6
  dbfi_c
  dbfi_d_scale
  dbfi_e
  dbfi_hp8
  dbfi_n
  dbfi_o
  dbfi_s_scale
  dhrz_col
  dhrz_col_d
  dhrz_ind
  dhrz_ind_d
  dmvi
  dusi
  dusi_d
  dvrt_col
  dvrt_col_d
  dvrt_ind
  dvrt_ind_d;

  USEVARIABLES =
  abfas_oi
  bbfas_oi
  cbfas_oi
  dbfas_oi
  avrt_col_d
  bvrt_col_d
  cvrt_col_d
  dvrt_col_d
  a1
  a2
  a3
  a4
  ;

  missing = all (-9999);

  tscores = a1 a2 a3 a4;

  DEFINE:
  a1 = aage + 0 - 36;
  a2 = aage + 1 - 36;
  a3 = aage + 2 - 36;
  a4 = aage + 3 - 36;

  ANALYSIS:
  TYPE=RANDOM;
  PROCESSORS = 6;
  model=nocovariances; ! supresses default estimation of certain covs in model;

  MODEL:

  i_bfas_oi s_bfas_oi | abfas_oi bbfas_oi cbfas_oi dbfas_oi AT a1 a2 a3 a4;
  i_vrt_col_d s_vrt_col_d | avrt_col_d bvrt_col_d cvrt_col_d dvrt_col_d AT a1 a2 a3 a4;

  ! freeing factor covs because of "nocovariances"
  s_bfas_oi WITH i_bfas_oi s_vrt_col_d i_vrt_col_d;
  i_bfas_oi WITH s_vrt_col_d i_vrt_col_d;
  s_vrt_col_d WITH i_vrt_col_d;

  p1 BY abfas_oi@1; ! Residual "factors";
  p2 BY bbfas_oi@1;
  p3 BY cbfas_oi@1;
  p4 BY dbfas_oi@1;

  v1 BY avrt_col_d@1; ! Residual "factors";
  v2 BY bvrt_col_d@1;
  v3 BY cvrt_col_d@1;
  v4 BY dvrt_col_d@1;

  !residual variances on observed/manifest vars set to 0
  abfas_oi@0;
  bbfas_oi@0;
  cbfas_oi@0;
  dbfas_oi@0;

  !residual variances on observed/manifest vars set to 0
  avrt_col_d@0;
  bvrt_col_d@0;
  cvrt_col_d@0;
  dvrt_col_d@0;

  ! means of observed/manifest vars set to 0
  [abfas_oi@0];
  [bbfas_oi@0];
  [cbfas_oi@0];
  [dbfas_oi@0];

  ! means of observed/manifest vars set to 0
  [avrt_col_d@0];
  [bvrt_col_d@0];
  [cvrt_col_d@0];
  [dvrt_col_d@0];

  [p1@0]; ! means of residual "factors" set to 0
  [p2@0];
  [p3@0];
  [p4@0];

  [v1@0]; ! means of residual "factors" set to 0
  [v2@0];
  [v3@0];
  [v4@0];

  p4 on p3 (a); ! Autoregressive paths constrained to equality
  p3 on p2 (a);
  p2 on p1 (a);

  v4 on v3 (b); ! Autoregressive paths constrained to equality
  v3 on v2 (b);
  v2 on v1 (b);

  p4 on v3 (c); ! Cross-lagged paths constrained to equality
  p3 on v2 (c);
  p2 on v1 (c);

  v4 on p3 (d); ! Cross-lagged paths constrained to equality
  v3 on p2 (d);
  v2 on p1 (d);

  p1 with v1; !(this one is not like the others)

  p2 with v2 (e); ! Within-wave correlations constrained to equality
  p3 with v3 (e);
  p4 with v4 (e);

  p2 p3 p4 (f); ! estimate variances of residual "factors"
  v2 v3 v4 (g); ! estimate variances of residual "factors"

  OUTPUT: SAMPSTAT PATTERNS;



*** WARNING in VARIABLE command
  Note that only the first 8 characters of variable names are used in the output.
  Shorten variable names to avoid any confusion.
*** WARNING
  Data set contains cases with missing on time scores but non-missing on the
  corresponding dependent variables.  These cases were not included in the analysis.
  Number of such cases:  5
   2 WARNING(S) FOUND IN THE INPUT INSTRUCTIONS



PxVx Bivariate LCM-SR - post mi - Linear bfas_oi with Linear vrt_col_d;

SUMMARY OF ANALYSIS

Number of groups                                                 1
Number of observations                                         864

Number of dependent variables                                    8
Number of independent variables                                  0
Number of continuous latent variables                           12

Observed dependent variables

  Continuous
   ABFAS_OI    BBFAS_OI    CBFAS_OI    DBFAS_OI    AVRT_COL_D  BVRT_COL_D
   CVRT_COL_D  DVRT_COL_D

Continuous latent variables
   P1          P2          P3          P4          V1          V2
   V3          V4          I_BFAS_O    S_BFAS_O    I_VRT_CO    S_VRT_CO

Variables with special functions

  Time scores
   A1          A2          A3          A4


Estimator                                                      MLR
Information matrix                                        OBSERVED
Maximum number of iterations                                   100
Convergence criterion                                    0.100D-05
Maximum number of EM iterations                                500
Convergence criteria for the EM algorithm
  Loglikelihood change                                   0.100D-02
  Relative loglikelihood change                          0.100D-05
  Derivative                                             0.100D-03
Minimum variance                                         0.100D-03
Maximum number of steepest descent iterations                   20
Maximum number of iterations for H1                           2000
Convergence criterion for H1                             0.100D-03
Optimization algorithm                                         EMA

Input data file(s)
  /home/jflournoy/code_new/lnt_pxvx/Data/lnt_nat_recalc.tsv
Input data format  FREE


SUMMARY OF DATA

     Number of missing data patterns            19


SUMMARY OF MISSING DATA PATTERNS


     MISSING DATA PATTERNS (x = not missing)

           1  2  3  4  5  6  7  8  9 10 11 12 13 14 15 16 17 18 19
 ABFAS_OI  x  x  x  x  x  x  x  x  x  x  x  x     x  x  x  x  x  x
 BBFAS_OI  x     x  x     x     x     x  x  x  x     x     x
 CBFAS_OI  x           x  x     x  x     x  x  x        x  x  x
 DBFAS_OI  x     x     x  x  x              x  x     x        x  x
 AVRT_COL  x  x  x  x  x  x  x  x  x  x  x  x  x     x  x  x  x  x
 BVRT_COL  x     x  x     x     x        x     x           x  x
 CVRT_COL  x           x        x  x        x  x           x  x
 DVRT_COL  x     x     x  x  x              x  x     x     x  x


     MISSING DATA PATTERN FREQUENCIES

    Pattern   Frequency     Pattern   Frequency     Pattern   Frequency
          1         489           8          46          15           1
          2         169           9          23          16           1
          3          26          10           4          17           1
          4          48          11           1          18           1
          5          21          12           3          19           1
          6           2          13           2
          7          24          14           1


COVARIANCE COVERAGE OF DATA

Minimum covariance coverage value   0.100


     PROPORTION OF DATA PRESENT


           Covariance Coverage
              ABFAS_OI      BBFAS_OI      CBFAS_OI      DBFAS_OI      AVRT_COL
              ________      ________      ________      ________      ________
 ABFAS_OI       0.998
 BBFAS_OI       0.719         0.721
 CBFAS_OI       0.681         0.630         0.683
 DBFAS_OI       0.657         0.605         0.600         0.660
 AVRT_COL       0.997         0.721         0.683         0.660         0.999
 BVRT_COL       0.711         0.712         0.627         0.602         0.713
 CVRT_COL       0.676         0.626         0.678         0.597         0.678
 DVRT_COL       0.657         0.606         0.601         0.659         0.660


           Covariance Coverage
              BVRT_COL      CVRT_COL      DVRT_COL
              ________      ________      ________
 BVRT_COL       0.713
 CVRT_COL       0.624         0.678
 DVRT_COL       0.603         0.598         0.660


SAMPLE STATISTICS


     ESTIMATED SAMPLE STATISTICS


           Means
              ABFAS_OI      BBFAS_OI      CBFAS_OI      DBFAS_OI      AVRT_COL
              ________      ________      ________      ________      ________
               75.444        75.037        74.616        74.810        67.430


           Means
              BVRT_COL      CVRT_COL      DVRT_COL
              ________      ________      ________
               66.443        64.635        64.586


           Covariances
              ABFAS_OI      BBFAS_OI      CBFAS_OI      DBFAS_OI      AVRT_COL
              ________      ________      ________      ________      ________
 ABFAS_OI     254.599
 BBFAS_OI     201.898       241.908
 CBFAS_OI     205.180       208.709       266.770
 DBFAS_OI     200.841       198.043       218.717       258.789
 AVRT_COL      -7.205        -2.440        -5.830        -7.441       396.853
 BVRT_COL     -18.282         5.805       -11.100       -11.427       277.231
 CVRT_COL     -16.989        -7.178        -9.300       -15.635       263.764
 DVRT_COL     -19.502        -4.298       -13.345       -11.737       279.356


           Covariances
              BVRT_COL      CVRT_COL      DVRT_COL
              ________      ________      ________
 BVRT_COL     413.086
 CVRT_COL     288.766       444.185
 DVRT_COL     302.242       316.018       433.236


           Correlations
              ABFAS_OI      BBFAS_OI      CBFAS_OI      DBFAS_OI      AVRT_COL
              ________      ________      ________      ________      ________
 ABFAS_OI       1.000
 BBFAS_OI       0.814         1.000
 CBFAS_OI       0.787         0.822         1.000
 DBFAS_OI       0.782         0.792         0.832         1.000
 AVRT_COL      -0.023        -0.008        -0.018        -0.023         1.000
 BVRT_COL      -0.056         0.018        -0.033        -0.035         0.685
 CVRT_COL      -0.051        -0.022        -0.027        -0.046         0.628
 DVRT_COL      -0.059        -0.013        -0.039        -0.035         0.674


           Correlations
              BVRT_COL      CVRT_COL      DVRT_COL
              ________      ________      ________
 BVRT_COL       1.000
 CVRT_COL       0.674         1.000
 DVRT_COL       0.714         0.720         1.000


     MAXIMUM LOG-LIKELIHOOD VALUE FOR THE UNRESTRICTED (H1) MODEL IS -21000.842


UNIVARIATE SAMPLE STATISTICS


     UNIVARIATE HIGHER-ORDER MOMENT DESCRIPTIVE STATISTICS

         Variable/         Mean/     Skewness/   Minimum/ % with                Percentiles
        Sample Size      Variance    Kurtosis    Maximum  Min/Max      20%/60%    40%/80%    Median

     ABFAS_OI             75.436      -0.546      15.000    0.12%      62.500     72.500     77.500
             862.000     254.999       0.034     100.000    5.34%      80.000     90.000
     BBFAS_OI             75.252      -0.516      22.500    0.16%      62.500     72.500     77.500
             623.000     238.252      -0.142     100.000    3.69%      80.000     90.000
     CBFAS_OI             74.775      -0.574      20.000    0.17%      62.500     72.500     75.000
             590.000     262.004       0.002     100.000    3.73%      80.000     90.000
     DBFAS_OI             75.788      -0.681      15.000    0.18%      62.500     72.500     77.500
             570.000     249.703       0.297     100.000    4.39%      82.500     90.000
     AVRT_COL_D           67.430      -0.437       8.333    0.46%      50.000     66.667     66.667
             863.000     396.853      -0.260     100.000    6.49%      75.000     83.333
     BVRT_COL_D           65.983      -0.302       8.333    0.32%      50.000     58.333     66.667
             616.000     412.677      -0.489     100.000    6.33%      75.000     83.333
     CVRT_COL_D           64.128      -0.475       0.000    0.34%      50.000     58.333     66.667
             586.000     449.597      -0.120     100.000    5.29%      75.000     83.333
     DVRT_COL_D           64.094      -0.465       0.000    0.53%      50.000     58.333     66.667
             570.000     444.159      -0.206     100.000    5.09%      75.000     83.333


THE MODEL ESTIMATION TERMINATED NORMALLY



MODEL FIT INFORMATION

Number of Free Parameters                       24

Loglikelihood

          H0 Value                      -21024.096
          H0 Scaling Correction Factor      1.1270
            for MLR

Information Criteria

          Akaike (AIC)                   42096.193
          Bayesian (BIC)                 42210.470
          Sample-Size Adjusted BIC       42134.253
            (n* = (n + 2) / 24)



MODEL RESULTS

                                                    Two-Tailed
                    Estimate       S.E.  Est./S.E.    P-Value

 P1       BY
    ABFAS_OI           1.000      0.000    999.000    999.000

 P2       BY
    BBFAS_OI           1.000      0.000    999.000    999.000

 P3       BY
    CBFAS_OI           1.000      0.000    999.000    999.000

 P4       BY
    DBFAS_OI           1.000      0.000    999.000    999.000

 V1       BY
    AVRT_COL_D         1.000      0.000    999.000    999.000

 V2       BY
    BVRT_COL_D         1.000      0.000    999.000    999.000

 V3       BY
    CVRT_COL_D         1.000      0.000    999.000    999.000

 V4       BY
    DVRT_COL_D         1.000      0.000    999.000    999.000

 P4         ON
    P3                 0.185      0.059      3.111      0.002
    V3                -0.026      0.023     -1.126      0.260

 P3         ON
    P2                 0.185      0.059      3.111      0.002
    V2                -0.026      0.023     -1.126      0.260

 P2         ON
    P1                 0.185      0.059      3.111      0.002
    V1                -0.026      0.023     -1.126      0.260

 V4         ON
    V3                 0.098      0.041      2.392      0.017
    P3                -0.044      0.065     -0.678      0.498

 V3         ON
    V2                 0.098      0.041      2.392      0.017
    P2                -0.044      0.065     -0.678      0.498

 V2         ON
    V1                 0.098      0.041      2.392      0.017
    P1                -0.044      0.065     -0.678      0.498

 S_BFAS_O WITH
    I_BFAS_OI          0.050      0.586      0.086      0.931
    S_VRT_COL_         0.008      0.084      0.101      0.919
    I_VRT_COL_         1.340      2.146      0.625      0.532

 I_BFAS_O WITH
    S_VRT_COL_        -2.519      2.221     -1.134      0.257
    I_VRT_COL_        -9.401     13.155     -0.715      0.475

 S_VRT_CO WITH
    I_VRT_COL_         0.497      0.779      0.639      0.523

 P1       WITH
    V1                 4.982      5.184      0.961      0.337

 P2       WITH
    V2                 5.279      3.364      1.570      0.117

 P3       WITH
    V3                 5.279      3.364      1.570      0.117

 P4       WITH
    V4                 5.279      3.364      1.570      0.117

 Means
    P1                 0.000      0.000    999.000    999.000
    V1                 0.000      0.000    999.000    999.000
    I_BFAS_OI         75.188      0.518    145.105      0.000
    S_BFAS_OI         -0.056      0.046     -1.212      0.225
    I_VRT_COL_        66.010      0.628    105.179      0.000
    S_VRT_COL_         0.137      0.059      2.318      0.020

 Intercepts
    ABFAS_OI           0.000      0.000    999.000    999.000
    BBFAS_OI           0.000      0.000    999.000    999.000
    CBFAS_OI           0.000      0.000    999.000    999.000
    DBFAS_OI           0.000      0.000    999.000    999.000
    AVRT_COL_D         0.000      0.000    999.000    999.000
    BVRT_COL_D         0.000      0.000    999.000    999.000
    CVRT_COL_D         0.000      0.000    999.000    999.000
    DVRT_COL_D         0.000      0.000    999.000    999.000
    P2                 0.000      0.000    999.000    999.000
    P3                 0.000      0.000    999.000    999.000
    P4                 0.000      0.000    999.000    999.000
    V2                 0.000      0.000    999.000    999.000
    V3                 0.000      0.000    999.000    999.000
    V4                 0.000      0.000    999.000    999.000

 Variances
    P1                58.002      5.977      9.703      0.000
    V1               145.719     11.230     12.976      0.000
    I_BFAS_OI        184.773     13.597     13.589      0.000
    S_BFAS_OI          0.123      0.105      1.178      0.239
    I_VRT_COL_       262.146     22.622     11.588      0.000
    S_VRT_COL_         0.079      0.158      0.498      0.618

 Residual Variances
    ABFAS_OI           0.000      0.000    999.000    999.000
    BBFAS_OI           0.000      0.000    999.000    999.000
    CBFAS_OI           0.000      0.000    999.000    999.000
    DBFAS_OI           0.000      0.000    999.000    999.000
    AVRT_COL_D         0.000      0.000    999.000    999.000
    BVRT_COL_D         0.000      0.000    999.000    999.000
    CVRT_COL_D         0.000      0.000    999.000    999.000
    DVRT_COL_D         0.000      0.000    999.000    999.000
    P2                53.013      4.045     13.107      0.000
    P3                53.013      4.045     13.107      0.000
    P4                53.013      4.045     13.107      0.000
    V2               141.499      7.535     18.779      0.000
    V3               141.499      7.535     18.779      0.000
    V4               141.499      7.535     18.779      0.000


QUALITY OF NUMERICAL RESULTS

     Condition Number for the Information Matrix              0.184E-04
       (ratio of smallest to largest eigenvalue)


     Beginning Time:  15:58:39
        Ending Time:  15:58:41
       Elapsed Time:  00:00:02



MUTHEN & MUTHEN
3463 Stoner Ave.
Los Angeles, CA  90066

Tel: (310) 391-9971
Fax: (310) 391-8971
Web: www.StatModel.com
Support: Support@StatModel.com

Copyright (c) 1998-2017 Muthen & Muthen
