Mplus VERSION 8 (Linux)
MUTHEN & MUTHEN
07/08/2018   6:07 PM

INPUT INSTRUCTIONS


  title: PxVx Bivariate LCM-SR - 40splitgroup - Linear bfi_o with Linear bfa_mt;
  data: file = /home/jflournoy/code_new/lnt_pxvx/Data/lnt_nat_recalc.tsv;

  variable:
  names =
  subjid
  aage
  aaspfin
  aaspfin_d
  abfa_mt
  abfa_mt_d
  abfas_ac
  abfas_ap
  abfas_ci
  abfas_co
  abfas_ea
  abfas_ee
  abfas_nv
  abfas_nv9
  abfas_nw
  abfas_oi
  abfas_oo
  abfi_a
  abfi_a6
  abfi_c
  abfi_d_scale
  abfi_e
  abfi_hp8
  abfi_n
  abfi_o
  abfi_s_scale
  ahrz_col
  ahrz_col_d
  ahrz_ind
  ahrz_ind_d
  amvi
  ausi
  ausi_d
  avrt_col
  avrt_col_d
  avrt_ind
  avrt_ind_d
  bage
  baspfin
  baspfin_d
  bbfa_mt
  bbfa_mt_d
  bbfas_ac
  bbfas_ap
  bbfas_ci
  bbfas_co
  bbfas_ea
  bbfas_ee
  bbfas_nv
  bbfas_nv9
  bbfas_nw
  bbfas_oi
  bbfas_oo
  bbfi_a
  bbfi_a6
  bbfi_c
  bbfi_d_scale
  bbfi_e
  bbfi_hp8
  bbfi_n
  bbfi_o
  bbfi_s_scale
  bhrz_col
  bhrz_col_d
  bhrz_ind
  bhrz_ind_d
  bmvi
  busi
  busi_d
  bvrt_col
  bvrt_col_d
  bvrt_ind
  bvrt_ind_d
  cage
  caspfin
  caspfin_d
  cbfa_mt
  cbfa_mt_d
  cbfas_ac
  cbfas_ap
  cbfas_ci
  cbfas_co
  cbfas_ea
  cbfas_ee
  cbfas_nv
  cbfas_nv9
  cbfas_nw
  cbfas_oi
  cbfas_oo
  cbfi_a
  cbfi_a6
  cbfi_c
  cbfi_d_scale
  cbfi_e
  cbfi_hp8
  cbfi_n
  cbfi_o
  cbfi_s_scale
  chrz_col
  chrz_col_d
  chrz_ind
  chrz_ind_d
  cmvi
  cusi
  cusi_d
  cvrt_col
  cvrt_col_d
  cvrt_ind
  cvrt_ind_d
  dage
  daspfin
  daspfin_d
  dbfa_mt
  dbfa_mt_d
  dbfas_ac
  dbfas_ap
  dbfas_ci
  dbfas_co
  dbfas_ea
  dbfas_ee
  dbfas_nv
  dbfas_nv9
  dbfas_nw
  dbfas_oi
  dbfas_oo
  dbfi_a
  dbfi_a6
  dbfi_c
  dbfi_d_scale
  dbfi_e
  dbfi_hp8
  dbfi_n
  dbfi_o
  dbfi_s_scale
  dhrz_col
  dhrz_col_d
  dhrz_ind
  dhrz_ind_d
  dmvi
  dusi
  dusi_d
  dvrt_col
  dvrt_col_d
  dvrt_ind
  dvrt_ind_d;

  USEVARIABLES =
  abfi_o
  bbfi_o
  cbfi_o
  dbfi_o
  abfa_mt
  bbfa_mt
  cbfa_mt
  dbfa_mt
  a1
  a2
  a3
  a4
  aagegrp
  ;

  missing = all (-9999);

  tscores = a1 a2 a3 a4;

  grouping = aagegrp (0=earlier, 1=later);

  DEFINE:

  aagegrp = aage;

  cut aagegrp (39);

  a1 = aage + 0 - 36;
  a2 = aage + 1 - 36;
  a3 = aage + 2 - 36;
  a4 = aage + 3 - 36;

  ANALYSIS:
  TYPE=RANDOM;
  PROCESSORS = 6;
  model=nocovariances; ! supresses default estimation of certain covs in model;

  MODEL:

  i_bfi_o s_bfi_o | abfi_o bbfi_o cbfi_o dbfi_o AT a1 a2 a3 a4;
  i_bfa_mt s_bfa_mt | abfa_mt bbfa_mt cbfa_mt dbfa_mt AT a1 a2 a3 a4;

  ! freeing factor covs because of "nocovariances"
  ! But ensure they are constrained across groups
  s_bfi_o WITH i_bfi_o (p)
  s_bfa_mt (q)
  i_bfa_mt (r);
  i_bfi_o WITH s_bfa_mt (s)
  i_bfa_mt (t);
  s_bfa_mt WITH i_bfa_mt (u);

  !constrain latent growth means across groups
  [i_bfi_o] (v);
  [s_bfi_o] (w);
  [i_bfa_mt] (x);
  [s_bfa_mt] (y);

  !constrain latent growth variances across groups
  i_bfi_o (l);
  s_bfi_o (m);
  i_bfa_mt (n);
  s_bfa_mt (o);

  p1 BY abfi_o@1; ! Residual "factors";
  p2 BY bbfi_o@1;
  p3 BY cbfi_o@1;
  p4 BY dbfi_o@1;

  v1 BY abfa_mt@1; ! Residual "factors";
  v2 BY bbfa_mt@1;
  v3 BY cbfa_mt@1;
  v4 BY dbfa_mt@1;

  !residual variances on observed/manifest vars set to 0
  abfi_o@0;
  bbfi_o@0;
  cbfi_o@0;
  dbfi_o@0;

  !residual variances on observed/manifest vars set to 0
  abfa_mt@0;
  bbfa_mt@0;
  cbfa_mt@0;
  dbfa_mt@0;

  ! means of observed/manifest vars set to 0
  [abfi_o@0];
  [bbfi_o@0];
  [cbfi_o@0];
  [dbfi_o@0];

  ! means of observed/manifest vars set to 0
  [abfa_mt@0];
  [bbfa_mt@0];
  [cbfa_mt@0];
  [dbfa_mt@0];

  [p1@0]; ! means of residual "factors" set to 0
  [p2@0];
  [p3@0];
  [p4@0];

  [v1@0]; ! means of residual "factors" set to 0
  [v2@0];
  [v3@0];
  [v4@0];

  p4 on p3 (a); ! Autoregressive paths constrained to equality
  p3 on p2 (a);
  p2 on p1 (a);

  v4 on v3 (b); ! Autoregressive paths constrained to equality
  v3 on v2 (b);
  v2 on v1 (b);

  p4 on v3 (c); ! Cross-lagged paths constrained to equality
  p3 on v2 (c);
  p2 on v1 (c);

  v4 on p3 (d); ! Cross-lagged paths constrained to equality
  v3 on p2 (d);
  v2 on p1 (d);

  p1 with v1; !(this one is not like the others)

  p2 with v2 (e); ! Within-wave correlations constrained to equality
  p3 with v3 (e);
  p4 with v4 (e);

  p2 p3 p4 (f); ! estimate variances of residual "factors"
  v2 v3 v4 (g); ! estimate variances of residual "factors"

  MODEL earlier:

  p4 on p3 (a23); ! Autoregressive paths constrained to equality
  p3 on p2 (a23);
  p2 on p1 (a23);

  v4 on v3 (b23); ! Autoregressive paths constrained to equality
  v3 on v2 (b23);
  v2 on v1 (b23);

  p4 on v3 (c23); ! Cross-lagged paths constrained to equality
  p3 on v2 (c23);
  p2 on v1 (c23);

  v4 on p3 (d23); ! Cross-lagged paths constrained to equality
  v3 on p2 (d23);
  v2 on p1 (d23);

  p1 with v1; !(this one is not like the others)

  p2 with v2 (e23); ! Within-wave correlations constrained to equality
  p3 with v3 (e23);
  p4 with v4 (e23);

  p2 p3 p4 (f23); ! estimate variances of residual "factors"
  v2 v3 v4 (g23); ! estimate variances of residual "factors"

  MODEL later:

  p4 on p3 (a45); ! Autoregressive paths constrained to equality
  p3 on p2 (a45);
  p2 on p1 (a45);

  v4 on v3 (b45); ! Autoregressive paths constrained to equality
  v3 on v2 (b45);
  v2 on v1 (b45);

  p4 on v3 (c45); ! Cross-lagged paths constrained to equality
  p3 on v2 (c45);
  p2 on v1 (c45);

  v4 on p3 (d45); ! Cross-lagged paths constrained to equality
  v3 on p2 (d45);
  v2 on p1 (d45);

  p1 with v1; !(this one is not like the others)

  p2 with v2 (e45); ! Within-wave correlations constrained to equality
  p3 with v3 (e45);
  p4 with v4 (e45);

  p2 p3 p4 (f45); ! estimate variances of residual "factors"
  v2 v3 v4 (g45); ! estimate variances of residual "factors"

  OUTPUT: SAMPSTAT PATTERNS;



*** WARNING
  Data set contains unknown or missing values for GROUPING,
  PATTERN, COHORT, CLUSTER and/or STRATIFICATION variables.
  Number of cases with unknown or missing values:  5
   1 WARNING(S) FOUND IN THE INPUT INSTRUCTIONS



PxVx Bivariate LCM-SR - 40splitgroup - Linear bfi_o with Linear bfa_mt;

SUMMARY OF ANALYSIS

Number of groups                                                 2
Number of observations
   Group EARLIER                                               534
   Group LATER                                                 330
   Total sample size                                           864

Number of dependent variables                                    8
Number of independent variables                                  0
Number of continuous latent variables                           12

Observed dependent variables

  Continuous
   ABFI_O      BBFI_O      CBFI_O      DBFI_O      ABFA_MT     BBFA_MT
   CBFA_MT     DBFA_MT

Continuous latent variables
   P1          P2          P3          P4          V1          V2
   V3          V4          I_BFI_O     S_BFI_O     I_BFA_MT    S_BFA_MT

Variables with special functions

  Grouping variable     AAGEGRP

  Time scores
   A1          A2          A3          A4


Estimator                                                      MLR
Information matrix                                        OBSERVED
Maximum number of iterations                                   100
Convergence criterion                                    0.100D-05
Maximum number of EM iterations                                500
Convergence criteria for the EM algorithm
  Loglikelihood change                                   0.100D-02
  Relative loglikelihood change                          0.100D-05
  Derivative                                             0.100D-03
Minimum variance                                         0.100D-03
Maximum number of steepest descent iterations                   20
Maximum number of iterations for H1                           2000
Convergence criterion for H1                             0.100D-03
Optimization algorithm                                         EMA

Input data file(s)
  /home/jflournoy/code_new/lnt_pxvx/Data/lnt_nat_recalc.tsv
Input data format  FREE


SUMMARY OF DATA

   Group EARLIER
     Number of missing data patterns            13

   Group LATER
     Number of missing data patterns            12


SUMMARY OF MISSING DATA PATTERNS


     MISSING DATA PATTERNS (x = not missing) FOR EARLIER

           1  2  3  4  5  6  7  8  9 10 11 12 13
 ABFI_O    x  x  x  x  x  x  x  x  x  x  x  x  x
 BBFI_O    x     x     x  x        x  x        x
 CBFI_O    x        x     x     x  x  x  x     x
 DBFI_O    x     x  x        x     x  x  x  x  x
 ABFA_MT   x  x  x  x  x  x  x  x  x     x  x  x
 BBFA_MT   x     x     x  x        x  x
 CBFA_MT   x        x     x     x  x  x  x     x
 DBFA_MT   x     x  x        x        x        x


     MISSING DATA PATTERN FREQUENCIES FOR EARLIER

    Pattern   Frequency     Pattern   Frequency     Pattern   Frequency
          1         328           6          21          11           1
          2         100           7          15          12           1
          3          14           8          11          13           1
          4          12           9           1
          5          28          10           1


     MISSING DATA PATTERNS (x = not missing) FOR LATER

           1  2  3  4  5  6  7  8  9 10 11 12
 ABFI_O    x  x  x  x  x  x  x  x  x  x  x
 BBFI_O    x     x     x  x        x     x
 CBFI_O    x        x     x     x  x  x  x
 DBFI_O    x     x  x        x     x  x  x  x
 ABFA_MT   x  x  x  x  x  x  x  x     x  x  x
 BBFA_MT   x     x     x  x        x
 CBFA_MT   x        x     x     x  x  x  x
 DBFA_MT   x     x  x        x     x     x  x


     MISSING DATA PATTERN FREQUENCIES FOR LATER

    Pattern   Frequency     Pattern   Frequency     Pattern   Frequency
          1         165           5          24           9           1
          2          69           6          26          10           1
          3          13           7           9          11           1
          4           9           8          11          12           1


COVARIANCE COVERAGE OF DATA

Minimum covariance coverage value   0.100


     PROPORTION OF DATA PRESENT FOR EARLIER


           Covariance Coverage
              ABFI_O        BBFI_O        CBFI_O        DBFI_O        ABFA_MT
              ________      ________      ________      ________      ________
 ABFI_O         1.000
 BBFI_O         0.738         0.738
 CBFI_O         0.704         0.659         0.704
 DBFI_O         0.700         0.646         0.644         0.700
 ABFA_MT        0.998         0.736         0.702         0.699         0.998
 BBFA_MT        0.736         0.736         0.657         0.644         0.734
 CBFA_MT        0.704         0.659         0.704         0.644         0.702
 DBFA_MT        0.695         0.644         0.640         0.695         0.693


           Covariance Coverage
              BBFA_MT       CBFA_MT       DBFA_MT
              ________      ________      ________
 BBFA_MT        0.736
 CBFA_MT        0.657         0.704
 DBFA_MT        0.642         0.640         0.695


     PROPORTION OF DATA PRESENT FOR LATER


           Covariance Coverage
              ABFI_O        BBFI_O        CBFI_O        DBFI_O        ABFA_MT
              ________      ________      ________      ________      ________
 ABFI_O         1.000
 BBFI_O         0.697         0.697
 CBFI_O         0.648         0.585         0.648
 DBFI_O         0.606         0.545         0.536         0.606
 ABFA_MT        0.997         0.694         0.645         0.603         0.997
 BBFA_MT        0.697         0.697         0.585         0.545         0.694
 CBFA_MT        0.648         0.585         0.648         0.536         0.645
 DBFA_MT        0.597         0.542         0.530         0.597         0.594


           Covariance Coverage
              BBFA_MT       CBFA_MT       DBFA_MT
              ________      ________      ________
 BBFA_MT        0.697
 CBFA_MT        0.585         0.648
 DBFA_MT        0.542         0.530         0.597


SAMPLE STATISTICS


     ESTIMATED SAMPLE STATISTICS FOR EARLIER


           Means
              ABFI_O        BBFI_O        CBFI_O        DBFI_O        ABFA_MT
              ________      ________      ________      ________      ________
               74.786        73.962        72.949        72.458        42.280


           Means
              BBFA_MT       CBFA_MT       DBFA_MT
              ________      ________      ________
               41.791        41.573        41.709


           Covariances
              ABFI_O        BBFI_O        CBFI_O        DBFI_O        ABFA_MT
              ________      ________      ________      ________      ________
 ABFI_O       215.380
 BBFI_O       172.503       214.520
 CBFI_O       178.775       179.407       242.916
 DBFI_O       163.421       170.237       196.901       234.185
 ABFA_MT      -70.264       -67.420       -66.336       -77.808       414.067
 BBFA_MT      -57.402       -59.135       -66.771       -74.147       309.441
 CBFA_MT      -60.836       -56.465       -68.222       -75.986       297.527
 DBFA_MT      -41.051       -40.396       -39.389       -53.280       281.836


           Covariances
              BBFA_MT       CBFA_MT       DBFA_MT
              ________      ________      ________
 BBFA_MT      415.902
 CBFA_MT      336.089       428.895
 DBFA_MT      317.241       341.642       421.427


           Correlations
              ABFI_O        BBFI_O        CBFI_O        DBFI_O        ABFA_MT
              ________      ________      ________      ________      ________
 ABFI_O         1.000
 BBFI_O         0.803         1.000
 CBFI_O         0.782         0.786         1.000
 DBFI_O         0.728         0.760         0.826         1.000
 ABFA_MT       -0.235        -0.226        -0.209        -0.250         1.000
 BBFA_MT       -0.192        -0.198        -0.210        -0.238         0.746
 CBFA_MT       -0.200        -0.186        -0.211        -0.240         0.706
 DBFA_MT       -0.136        -0.134        -0.123        -0.170         0.675


           Correlations
              BBFA_MT       CBFA_MT       DBFA_MT
              ________      ________      ________
 BBFA_MT        1.000
 CBFA_MT        0.796         1.000
 DBFA_MT        0.758         0.804         1.000


     ESTIMATED SAMPLE STATISTICS FOR LATER


           Means
              ABFI_O        BBFI_O        CBFI_O        DBFI_O        ABFA_MT
              ________      ________      ________      ________      ________
               73.657        73.217        71.564        72.608        35.649


           Means
              BBFA_MT       CBFA_MT       DBFA_MT
              ________      ________      ________
               36.490        36.472        36.144


           Covariances
              ABFI_O        BBFI_O        CBFI_O        DBFI_O        ABFA_MT
              ________      ________      ________      ________      ________
 ABFI_O       235.604
 BBFI_O       205.217       244.299
 CBFI_O       218.151       226.084       281.685
 DBFI_O       217.184       217.802       242.122       272.490
 ABFA_MT      -32.627       -22.898       -31.230       -22.633       359.972
 BBFA_MT      -37.118       -29.463       -44.963       -40.545       267.853
 CBFA_MT      -41.090       -24.778       -42.114       -37.454       271.728
 DBFA_MT      -29.923       -14.271       -28.089       -31.941       257.872


           Covariances
              BBFA_MT       CBFA_MT       DBFA_MT
              ________      ________      ________
 BBFA_MT      353.007
 CBFA_MT      284.401       381.672
 DBFA_MT      262.742       271.791       361.754


           Correlations
              ABFI_O        BBFI_O        CBFI_O        DBFI_O        ABFA_MT
              ________      ________      ________      ________      ________
 ABFI_O         1.000
 BBFI_O         0.855         1.000
 CBFI_O         0.847         0.862         1.000
 DBFI_O         0.857         0.844         0.874         1.000
 ABFA_MT       -0.112        -0.077        -0.098        -0.072         1.000
 BBFA_MT       -0.129        -0.100        -0.143        -0.131         0.751
 CBFA_MT       -0.137        -0.081        -0.128        -0.116         0.733
 DBFA_MT       -0.102        -0.048        -0.088        -0.102         0.715


           Correlations
              BBFA_MT       CBFA_MT       DBFA_MT
              ________      ________      ________
 BBFA_MT        1.000
 CBFA_MT        0.775         1.000
 DBFA_MT        0.735         0.731         1.000


     MAXIMUM LOG-LIKELIHOOD VALUE FOR THE UNRESTRICTED (H1) MODEL IS -20638.339


UNIVARIATE SAMPLE STATISTICS


     UNIVARIATE HIGHER-ORDER MOMENT DESCRIPTIVE STATISTICS FOR EARLIER

         Variable/         Mean/     Skewness/   Minimum/ % with                Percentiles
        Sample Size      Variance    Kurtosis    Maximum  Min/Max      20%/60%    40%/80%    Median

     ABFI_O               74.786      -0.527      27.500    0.37%      62.500     72.500     75.000
             534.000     215.380      -0.060     100.000    2.06%      80.000     87.500
     BBFI_O               74.008      -0.480      22.500    0.25%      62.500     72.500     75.000
             394.000     207.898      -0.092     100.000    1.52%      80.000     87.500
     CBFI_O               72.846      -0.490      30.000    0.27%      60.000     70.000     75.000
             376.000     238.780      -0.316     100.000    0.53%      77.500     87.500
     DBFI_O               72.767      -0.562      22.500    0.27%      60.000     70.000     75.000
             374.000     229.182      -0.114     100.000    0.80%      77.500     85.000
     ABFA_MT              42.294       0.186       0.000    1.69%      25.000     37.500     41.667
             533.000     414.433      -0.424     100.000    0.19%      45.833     58.333
     BBFA_MT              41.896       0.258       0.000    1.27%      25.000     33.333     41.667
             393.000     419.120      -0.425     100.000    0.25%      45.833     58.333
     CBFA_MT              41.602       0.223       0.000    1.86%      20.833     33.333     41.667
             376.000     428.337      -0.391     100.000    0.27%      45.833     58.333
     DBFA_MT              42.066       0.215       0.000    2.70%      20.833     37.500     41.667
             371.000     431.021      -0.193     100.000    0.81%      45.833     58.333


     UNIVARIATE HIGHER-ORDER MOMENT DESCRIPTIVE STATISTICS FOR LATER

         Variable/         Mean/     Skewness/   Minimum/ % with                Percentiles
        Sample Size      Variance    Kurtosis    Maximum  Min/Max      20%/60%    40%/80%    Median

     ABFI_O               73.703      -0.287      30.000    0.30%      60.000     70.000     75.000
             329.000     235.448      -0.546     100.000    2.74%      80.000     87.500
     BBFI_O               73.846      -0.441      30.556    0.43%      60.000     70.000     75.000
             230.000     247.317      -0.366     100.000    1.30%      80.000     90.000
     CBFI_O               72.477      -0.595      12.500    0.47%      60.000     70.000     75.000
             214.000     281.834       0.229     100.000    2.80%      77.500     87.500
     DBFI_O               74.003      -0.723      15.000    0.50%      60.000     70.000     75.000
             200.000     281.472       0.124     100.000    0.50%      82.500     90.000
     ABFA_MT              35.689       0.377       0.000    1.82%      16.667     29.167     33.333
             329.000     360.164      -0.082      95.833    0.30%      37.500     50.000
     BBFA_MT              36.117       0.287       0.000    3.06%      16.667     29.167     35.000
             229.000     346.693      -0.160      91.667    0.44%      40.000     50.000
     CBFA_MT              36.585       0.279       0.000    3.74%      20.833     29.167     35.417
             214.000     379.079      -0.493      83.333    0.93%      41.667     54.167
     DBFA_MT              36.118       0.428       0.000    1.51%      20.833     29.167     33.333
             199.000     353.862      -0.329      87.500    1.01%      37.500     50.000


THE MODEL ESTIMATION TERMINATED NORMALLY



MODEL FIT INFORMATION

Number of Free Parameters                       34

Loglikelihood

          H0 Value                      -20680.312
          H0 Scaling Correction Factor      1.2216
            for MLR

Information Criteria

          Akaike (AIC)                   41428.624
          Bayesian (BIC)                 41590.518
          Sample-Size Adjusted BIC       41482.542
            (n* = (n + 2) / 24)



MODEL RESULTS

                                                    Two-Tailed
                    Estimate       S.E.  Est./S.E.    P-Value

Group EARLIER

 P1       BY
    ABFI_O             1.000      0.000    999.000    999.000

 P2       BY
    BBFI_O             1.000      0.000    999.000    999.000

 P3       BY
    CBFI_O             1.000      0.000    999.000    999.000

 P4       BY
    DBFI_O             1.000      0.000    999.000    999.000

 V1       BY
    ABFA_MT            1.000      0.000    999.000    999.000

 V2       BY
    BBFA_MT            1.000      0.000    999.000    999.000

 V3       BY
    CBFA_MT            1.000      0.000    999.000    999.000

 V4       BY
    DBFA_MT            1.000      0.000    999.000    999.000

 P4         ON
    P3                 0.266      0.081      3.301      0.001
    V3                -0.019      0.037     -0.503      0.615

 P3         ON
    P2                 0.266      0.081      3.301      0.001
    V2                -0.019      0.037     -0.503      0.615

 P2         ON
    P1                 0.266      0.081      3.301      0.001
    V1                -0.019      0.037     -0.503      0.615

 V4         ON
    V3                 0.204      0.073      2.784      0.005
    P3                 0.120      0.089      1.346      0.178

 V3         ON
    V2                 0.204      0.073      2.784      0.005
    P2                 0.120      0.089      1.346      0.178

 V2         ON
    V1                 0.204      0.073      2.784      0.005
    P1                 0.120      0.089      1.346      0.178

 S_BFI_O  WITH
    I_BFI_O            1.031      0.544      1.894      0.058
    S_BFA_MT          -0.001      0.085     -0.010      0.992
    I_BFA_MT          -1.236      1.968     -0.628      0.530

 I_BFI_O  WITH
    S_BFA_MT           2.449      1.972      1.242      0.214
    I_BFA_MT         -50.663     12.795     -3.960      0.000

 S_BFA_MT WITH
    I_BFA_MT          -0.829      0.856     -0.968      0.333

 P1       WITH
    V1                -8.853      6.630     -1.335      0.182

 P2       WITH
    V2                 0.104      4.276      0.024      0.981

 P3       WITH
    V3                 0.104      4.276      0.024      0.981

 P4       WITH
    V4                 0.104      4.276      0.024      0.981

 Means
    P1                 0.000      0.000    999.000    999.000
    V1                 0.000      0.000    999.000    999.000
    I_BFI_O           73.608      0.496    148.269      0.000
    S_BFI_O           -0.102      0.046     -2.205      0.027
    I_BFA_MT          39.888      0.636     62.678      0.000
    S_BFA_MT          -0.241      0.058     -4.177      0.000

 Intercepts
    ABFI_O             0.000      0.000    999.000    999.000
    BBFI_O             0.000      0.000    999.000    999.000
    CBFI_O             0.000      0.000    999.000    999.000
    DBFI_O             0.000      0.000    999.000    999.000
    ABFA_MT            0.000      0.000    999.000    999.000
    BBFA_MT            0.000      0.000    999.000    999.000
    CBFA_MT            0.000      0.000    999.000    999.000
    DBFA_MT            0.000      0.000    999.000    999.000
    P2                 0.000      0.000    999.000    999.000
    P3                 0.000      0.000    999.000    999.000
    P4                 0.000      0.000    999.000    999.000
    V2                 0.000      0.000    999.000    999.000
    V3                 0.000      0.000    999.000    999.000
    V4                 0.000      0.000    999.000    999.000

 Variances
    P1                56.171      6.952      8.080      0.000
    V1               147.029     13.266     11.083      0.000
    I_BFI_O          172.694     12.740     13.555      0.000
    S_BFI_O            0.087      0.103      0.847      0.397
    I_BFA_MT         269.875     21.159     12.755      0.000
    S_BFA_MT           0.150      0.138      1.086      0.277

 Residual Variances
    ABFI_O             0.000      0.000    999.000    999.000
    BBFI_O             0.000      0.000    999.000    999.000
    CBFI_O             0.000      0.000    999.000    999.000
    DBFI_O             0.000      0.000    999.000    999.000
    ABFA_MT            0.000      0.000    999.000    999.000
    BBFA_MT            0.000      0.000    999.000    999.000
    CBFA_MT            0.000      0.000    999.000    999.000
    DBFA_MT            0.000      0.000    999.000    999.000
    P2                57.275      5.010     11.432      0.000
    P3                57.275      5.010     11.432      0.000
    P4                57.275      5.010     11.432      0.000
    V2               105.001     10.587      9.918      0.000
    V3               105.001     10.587      9.918      0.000
    V4               105.001     10.587      9.918      0.000

Group LATER

 P1       BY
    ABFI_O             1.000      0.000    999.000    999.000

 P2       BY
    BBFI_O             1.000      0.000    999.000    999.000

 P3       BY
    CBFI_O             1.000      0.000    999.000    999.000

 P4       BY
    DBFI_O             1.000      0.000    999.000    999.000

 V1       BY
    ABFA_MT            1.000      0.000    999.000    999.000

 V2       BY
    BBFA_MT            1.000      0.000    999.000    999.000

 V3       BY
    CBFA_MT            1.000      0.000    999.000    999.000

 V4       BY
    DBFA_MT            1.000      0.000    999.000    999.000

 P4         ON
    P3                 0.157      0.097      1.625      0.104
    V3                -0.043      0.049     -0.865      0.387

 P3         ON
    P2                 0.157      0.097      1.625      0.104
    V2                -0.043      0.049     -0.865      0.387

 P2         ON
    P1                 0.157      0.097      1.625      0.104
    V1                -0.043      0.049     -0.865      0.387

 V4         ON
    V3                 0.070      0.096      0.730      0.465
    P3                 0.059      0.108      0.541      0.588

 V3         ON
    V2                 0.070      0.096      0.730      0.465
    P2                 0.059      0.108      0.541      0.588

 V2         ON
    V1                 0.070      0.096      0.730      0.465
    P1                 0.059      0.108      0.541      0.588

 S_BFI_O  WITH
    I_BFI_O            1.031      0.544      1.894      0.058
    S_BFA_MT          -0.001      0.085     -0.010      0.992
    I_BFA_MT          -1.236      1.968     -0.628      0.530

 I_BFI_O  WITH
    S_BFA_MT           2.449      1.972      1.242      0.214
    I_BFA_MT         -50.663     12.795     -3.960      0.000

 S_BFA_MT WITH
    I_BFA_MT          -0.829      0.856     -0.968      0.333

 P1       WITH
    V1                -4.207      5.210     -0.808      0.419

 P2       WITH
    V2                -3.529      4.346     -0.812      0.417

 P3       WITH
    V3                -3.529      4.346     -0.812      0.417

 P4       WITH
    V4                -3.529      4.346     -0.812      0.417

 Means
    P1                 0.000      0.000    999.000    999.000
    V1                 0.000      0.000    999.000    999.000
    I_BFI_O           73.608      0.496    148.269      0.000
    S_BFI_O           -0.102      0.046     -2.205      0.027
    I_BFA_MT          39.888      0.636     62.678      0.000
    S_BFA_MT          -0.241      0.058     -4.177      0.000

 Intercepts
    ABFI_O             0.000      0.000    999.000    999.000
    BBFI_O             0.000      0.000    999.000    999.000
    CBFI_O             0.000      0.000    999.000    999.000
    DBFI_O             0.000      0.000    999.000    999.000
    ABFA_MT            0.000      0.000    999.000    999.000
    BBFA_MT            0.000      0.000    999.000    999.000
    CBFA_MT            0.000      0.000    999.000    999.000
    DBFA_MT            0.000      0.000    999.000    999.000
    P2                 0.000      0.000    999.000    999.000
    P3                 0.000      0.000    999.000    999.000
    P4                 0.000      0.000    999.000    999.000
    V2                 0.000      0.000    999.000    999.000
    V3                 0.000      0.000    999.000    999.000
    V4                 0.000      0.000    999.000    999.000

 Variances
    P1                35.465      5.889      6.023      0.000
    V1               102.708     15.959      6.436      0.000
    I_BFI_O          172.694     12.740     13.555      0.000
    S_BFI_O            0.087      0.103      0.847      0.397
    I_BFA_MT         269.875     21.159     12.755      0.000
    S_BFA_MT           0.150      0.138      1.086      0.277

 Residual Variances
    ABFI_O             0.000      0.000    999.000    999.000
    BBFI_O             0.000      0.000    999.000    999.000
    CBFI_O             0.000      0.000    999.000    999.000
    DBFI_O             0.000      0.000    999.000    999.000
    ABFA_MT            0.000      0.000    999.000    999.000
    BBFA_MT            0.000      0.000    999.000    999.000
    CBFA_MT            0.000      0.000    999.000    999.000
    DBFA_MT            0.000      0.000    999.000    999.000
    P2                42.595      5.336      7.982      0.000
    P3                42.595      5.336      7.982      0.000
    P4                42.595      5.336      7.982      0.000
    V2                95.508     12.772      7.478      0.000
    V3                95.508     12.772      7.478      0.000
    V4                95.508     12.772      7.478      0.000


QUALITY OF NUMERICAL RESULTS

     Condition Number for the Information Matrix              0.120E-04
       (ratio of smallest to largest eigenvalue)


     Beginning Time:  18:07:52
        Ending Time:  18:08:04
       Elapsed Time:  00:00:12



MUTHEN & MUTHEN
3463 Stoner Ave.
Los Angeles, CA  90066

Tel: (310) 391-9971
Fax: (310) 391-8971
Web: www.StatModel.com
Support: Support@StatModel.com

Copyright (c) 1998-2017 Muthen & Muthen
