Mplus VERSION 8 (Linux)
MUTHEN & MUTHEN
07/08/2018   5:25 PM

INPUT INSTRUCTIONS


  title: PxVx Bivariate LCM-SR - 40splitgroup - Linear bfas_co with Linear bfa_mt;
  data: file = /home/jflournoy/code_new/lnt_pxvx/Data/lnt_nat_recalc.tsv;

  variable:
  names =
  subjid
  aage
  aaspfin
  aaspfin_d
  abfa_mt
  abfa_mt_d
  abfas_ac
  abfas_ap
  abfas_ci
  abfas_co
  abfas_ea
  abfas_ee
  abfas_nv
  abfas_nv9
  abfas_nw
  abfas_oi
  abfas_oo
  abfi_a
  abfi_a6
  abfi_c
  abfi_d_scale
  abfi_e
  abfi_hp8
  abfi_n
  abfi_o
  abfi_s_scale
  ahrz_col
  ahrz_col_d
  ahrz_ind
  ahrz_ind_d
  amvi
  ausi
  ausi_d
  avrt_col
  avrt_col_d
  avrt_ind
  avrt_ind_d
  bage
  baspfin
  baspfin_d
  bbfa_mt
  bbfa_mt_d
  bbfas_ac
  bbfas_ap
  bbfas_ci
  bbfas_co
  bbfas_ea
  bbfas_ee
  bbfas_nv
  bbfas_nv9
  bbfas_nw
  bbfas_oi
  bbfas_oo
  bbfi_a
  bbfi_a6
  bbfi_c
  bbfi_d_scale
  bbfi_e
  bbfi_hp8
  bbfi_n
  bbfi_o
  bbfi_s_scale
  bhrz_col
  bhrz_col_d
  bhrz_ind
  bhrz_ind_d
  bmvi
  busi
  busi_d
  bvrt_col
  bvrt_col_d
  bvrt_ind
  bvrt_ind_d
  cage
  caspfin
  caspfin_d
  cbfa_mt
  cbfa_mt_d
  cbfas_ac
  cbfas_ap
  cbfas_ci
  cbfas_co
  cbfas_ea
  cbfas_ee
  cbfas_nv
  cbfas_nv9
  cbfas_nw
  cbfas_oi
  cbfas_oo
  cbfi_a
  cbfi_a6
  cbfi_c
  cbfi_d_scale
  cbfi_e
  cbfi_hp8
  cbfi_n
  cbfi_o
  cbfi_s_scale
  chrz_col
  chrz_col_d
  chrz_ind
  chrz_ind_d
  cmvi
  cusi
  cusi_d
  cvrt_col
  cvrt_col_d
  cvrt_ind
  cvrt_ind_d
  dage
  daspfin
  daspfin_d
  dbfa_mt
  dbfa_mt_d
  dbfas_ac
  dbfas_ap
  dbfas_ci
  dbfas_co
  dbfas_ea
  dbfas_ee
  dbfas_nv
  dbfas_nv9
  dbfas_nw
  dbfas_oi
  dbfas_oo
  dbfi_a
  dbfi_a6
  dbfi_c
  dbfi_d_scale
  dbfi_e
  dbfi_hp8
  dbfi_n
  dbfi_o
  dbfi_s_scale
  dhrz_col
  dhrz_col_d
  dhrz_ind
  dhrz_ind_d
  dmvi
  dusi
  dusi_d
  dvrt_col
  dvrt_col_d
  dvrt_ind
  dvrt_ind_d;

  USEVARIABLES =
  abfas_co
  bbfas_co
  cbfas_co
  dbfas_co
  abfa_mt
  bbfa_mt
  cbfa_mt
  dbfa_mt
  a1
  a2
  a3
  a4
  aagegrp
  ;

  missing = all (-9999);

  tscores = a1 a2 a3 a4;

  grouping = aagegrp (0=earlier, 1=later);

  DEFINE:

  aagegrp = aage;

  cut aagegrp (39);

  a1 = aage + 0 - 36;
  a2 = aage + 1 - 36;
  a3 = aage + 2 - 36;
  a4 = aage + 3 - 36;

  ANALYSIS:
  TYPE=RANDOM;
  PROCESSORS = 6;
  model=nocovariances; ! supresses default estimation of certain covs in model;

  MODEL:

  i_bfas_co s_bfas_co | abfas_co bbfas_co cbfas_co dbfas_co AT a1 a2 a3 a4;
  i_bfa_mt s_bfa_mt | abfa_mt bbfa_mt cbfa_mt dbfa_mt AT a1 a2 a3 a4;

  ! freeing factor covs because of "nocovariances"
  ! But ensure they are constrained across groups
  s_bfas_co WITH i_bfas_co (p)
  s_bfa_mt (q)
  i_bfa_mt (r);
  i_bfas_co WITH s_bfa_mt (s)
  i_bfa_mt (t);
  s_bfa_mt WITH i_bfa_mt (u);

  !constrain latent growth means across groups
  [i_bfas_co] (v);
  [s_bfas_co] (w);
  [i_bfa_mt] (x);
  [s_bfa_mt] (y);

  !constrain latent growth variances across groups
  i_bfas_co (l);
  s_bfas_co (m);
  i_bfa_mt (n);
  s_bfa_mt (o);

  p1 BY abfas_co@1; ! Residual "factors";
  p2 BY bbfas_co@1;
  p3 BY cbfas_co@1;
  p4 BY dbfas_co@1;

  v1 BY abfa_mt@1; ! Residual "factors";
  v2 BY bbfa_mt@1;
  v3 BY cbfa_mt@1;
  v4 BY dbfa_mt@1;

  !residual variances on observed/manifest vars set to 0
  abfas_co@0;
  bbfas_co@0;
  cbfas_co@0;
  dbfas_co@0;

  !residual variances on observed/manifest vars set to 0
  abfa_mt@0;
  bbfa_mt@0;
  cbfa_mt@0;
  dbfa_mt@0;

  ! means of observed/manifest vars set to 0
  [abfas_co@0];
  [bbfas_co@0];
  [cbfas_co@0];
  [dbfas_co@0];

  ! means of observed/manifest vars set to 0
  [abfa_mt@0];
  [bbfa_mt@0];
  [cbfa_mt@0];
  [dbfa_mt@0];

  [p1@0]; ! means of residual "factors" set to 0
  [p2@0];
  [p3@0];
  [p4@0];

  [v1@0]; ! means of residual "factors" set to 0
  [v2@0];
  [v3@0];
  [v4@0];

  p4 on p3 (a); ! Autoregressive paths constrained to equality
  p3 on p2 (a);
  p2 on p1 (a);

  v4 on v3 (b); ! Autoregressive paths constrained to equality
  v3 on v2 (b);
  v2 on v1 (b);

  p4 on v3 (c); ! Cross-lagged paths constrained to equality
  p3 on v2 (c);
  p2 on v1 (c);

  v4 on p3 (d); ! Cross-lagged paths constrained to equality
  v3 on p2 (d);
  v2 on p1 (d);

  p1 with v1; !(this one is not like the others)

  p2 with v2 (e); ! Within-wave correlations constrained to equality
  p3 with v3 (e);
  p4 with v4 (e);

  p2 p3 p4 (f); ! estimate variances of residual "factors"
  v2 v3 v4 (g); ! estimate variances of residual "factors"

  MODEL earlier:

  p4 on p3 (a23); ! Autoregressive paths constrained to equality
  p3 on p2 (a23);
  p2 on p1 (a23);

  v4 on v3 (b23); ! Autoregressive paths constrained to equality
  v3 on v2 (b23);
  v2 on v1 (b23);

  p4 on v3 (c23); ! Cross-lagged paths constrained to equality
  p3 on v2 (c23);
  p2 on v1 (c23);

  v4 on p3 (d23); ! Cross-lagged paths constrained to equality
  v3 on p2 (d23);
  v2 on p1 (d23);

  p1 with v1; !(this one is not like the others)

  p2 with v2 (e23); ! Within-wave correlations constrained to equality
  p3 with v3 (e23);
  p4 with v4 (e23);

  p2 p3 p4 (f23); ! estimate variances of residual "factors"
  v2 v3 v4 (g23); ! estimate variances of residual "factors"

  MODEL later:

  p4 on p3 (a45); ! Autoregressive paths constrained to equality
  p3 on p2 (a45);
  p2 on p1 (a45);

  v4 on v3 (b45); ! Autoregressive paths constrained to equality
  v3 on v2 (b45);
  v2 on v1 (b45);

  p4 on v3 (c45); ! Cross-lagged paths constrained to equality
  p3 on v2 (c45);
  p2 on v1 (c45);

  v4 on p3 (d45); ! Cross-lagged paths constrained to equality
  v3 on p2 (d45);
  v2 on p1 (d45);

  p1 with v1; !(this one is not like the others)

  p2 with v2 (e45); ! Within-wave correlations constrained to equality
  p3 with v3 (e45);
  p4 with v4 (e45);

  p2 p3 p4 (f45); ! estimate variances of residual "factors"
  v2 v3 v4 (g45); ! estimate variances of residual "factors"

  OUTPUT: SAMPSTAT PATTERNS;



*** WARNING
  Data set contains unknown or missing values for GROUPING,
  PATTERN, COHORT, CLUSTER and/or STRATIFICATION variables.
  Number of cases with unknown or missing values:  5
   1 WARNING(S) FOUND IN THE INPUT INSTRUCTIONS



PxVx Bivariate LCM-SR - 40splitgroup - Linear bfas_co with Linear bfa_mt;

SUMMARY OF ANALYSIS

Number of groups                                                 2
Number of observations
   Group EARLIER                                               534
   Group LATER                                                 330
   Total sample size                                           864

Number of dependent variables                                    8
Number of independent variables                                  0
Number of continuous latent variables                           12

Observed dependent variables

  Continuous
   ABFAS_CO    BBFAS_CO    CBFAS_CO    DBFAS_CO    ABFA_MT     BBFA_MT
   CBFA_MT     DBFA_MT

Continuous latent variables
   P1          P2          P3          P4          V1          V2
   V3          V4          I_BFAS_C    S_BFAS_C    I_BFA_MT    S_BFA_MT

Variables with special functions

  Grouping variable     AAGEGRP

  Time scores
   A1          A2          A3          A4


Estimator                                                      MLR
Information matrix                                        OBSERVED
Maximum number of iterations                                   100
Convergence criterion                                    0.100D-05
Maximum number of EM iterations                                500
Convergence criteria for the EM algorithm
  Loglikelihood change                                   0.100D-02
  Relative loglikelihood change                          0.100D-05
  Derivative                                             0.100D-03
Minimum variance                                         0.100D-03
Maximum number of steepest descent iterations                   20
Maximum number of iterations for H1                           2000
Convergence criterion for H1                             0.100D-03
Optimization algorithm                                         EMA

Input data file(s)
  /home/jflournoy/code_new/lnt_pxvx/Data/lnt_nat_recalc.tsv
Input data format  FREE


SUMMARY OF DATA

   Group EARLIER
     Number of missing data patterns             9

   Group LATER
     Number of missing data patterns             9


SUMMARY OF MISSING DATA PATTERNS


     MISSING DATA PATTERNS (x = not missing) FOR EARLIER

           1  2  3  4  5  6  7  8  9
 ABFAS_CO  x  x  x  x  x  x  x  x
 BBFAS_CO  x     x     x  x        x
 CBFAS_CO  x        x     x     x  x
 DBFAS_CO  x     x  x        x     x
 ABFA_MT   x  x  x  x  x  x  x  x
 BBFA_MT   x     x     x  x        x
 CBFA_MT   x        x     x     x  x
 DBFA_MT   x     x  x        x     x


     MISSING DATA PATTERN FREQUENCIES FOR EARLIER

    Pattern   Frequency     Pattern   Frequency     Pattern   Frequency
          1         328           4          13           7          15
          2         101           5          28           8          12
          3          14           6          22           9           1


     MISSING DATA PATTERNS (x = not missing) FOR LATER

           1  2  3  4  5  6  7  8  9
 ABFAS_CO  x  x  x  x  x  x  x  x
 BBFAS_CO  x     x     x  x        x
 CBFAS_CO  x        x     x     x  x
 DBFAS_CO  x     x  x        x     x
 ABFA_MT   x  x  x  x  x  x  x  x
 BBFA_MT   x     x     x  x        x
 CBFA_MT   x        x     x     x  x
 DBFA_MT   x     x  x        x     x


     MISSING DATA PATTERN FREQUENCIES FOR LATER

    Pattern   Frequency     Pattern   Frequency     Pattern   Frequency
          1         165           4          10           7          10
          2          69           5          24           8          12
          3          13           6          26           9           1


COVARIANCE COVERAGE OF DATA

Minimum covariance coverage value   0.100


     PROPORTION OF DATA PRESENT FOR EARLIER


           Covariance Coverage
              ABFAS_CO      BBFAS_CO      CBFAS_CO      DBFAS_CO      ABFA_MT
              ________      ________      ________      ________      ________
 ABFAS_CO       0.998
 BBFAS_CO       0.734         0.736
 CBFAS_CO       0.702         0.657         0.704
 DBFAS_CO       0.693         0.642         0.640         0.695
 ABFA_MT        0.998         0.734         0.702         0.693         0.998
 BBFA_MT        0.734         0.736         0.657         0.642         0.734
 CBFA_MT        0.702         0.657         0.704         0.640         0.702
 DBFA_MT        0.693         0.642         0.640         0.695         0.693


           Covariance Coverage
              BBFA_MT       CBFA_MT       DBFA_MT
              ________      ________      ________
 BBFA_MT        0.736
 CBFA_MT        0.657         0.704
 DBFA_MT        0.642         0.640         0.695


     PROPORTION OF DATA PRESENT FOR LATER


           Covariance Coverage
              ABFAS_CO      BBFAS_CO      CBFAS_CO      DBFAS_CO      ABFA_MT
              ________      ________      ________      ________      ________
 ABFAS_CO       0.997
 BBFAS_CO       0.691         0.694
 CBFAS_CO       0.645         0.582         0.648
 DBFAS_CO       0.600         0.542         0.533         0.603
 ABFA_MT        0.997         0.691         0.645         0.600         0.997
 BBFA_MT        0.691         0.694         0.582         0.542         0.691
 CBFA_MT        0.645         0.582         0.648         0.533         0.645
 DBFA_MT        0.600         0.542         0.533         0.603         0.600


           Covariance Coverage
              BBFA_MT       CBFA_MT       DBFA_MT
              ________      ________      ________
 BBFA_MT        0.694
 CBFA_MT        0.582         0.648
 DBFA_MT        0.542         0.533         0.603


SAMPLE STATISTICS


     ESTIMATED SAMPLE STATISTICS FOR EARLIER


           Means
              ABFAS_CO      BBFAS_CO      CBFAS_CO      DBFAS_CO      ABFA_MT
              ________      ________      ________      ________      ________
               61.403        61.053        62.063        62.137        42.280


           Means
              BBFA_MT       CBFA_MT       DBFA_MT
              ________      ________      ________
               41.795        41.577        41.706


           Covariances
              ABFAS_CO      BBFAS_CO      CBFAS_CO      DBFAS_CO      ABFA_MT
              ________      ________      ________      ________      ________
 ABFAS_CO     288.893
 BBFAS_CO     229.509       290.267
 CBFAS_CO     216.459       225.862       268.900
 DBFAS_CO     208.732       213.264       217.940       269.524
 ABFA_MT       58.977        36.017        49.966        41.844       414.058
 BBFA_MT       52.645        27.215        35.994        42.348       310.124
 CBFA_MT       62.325        44.809        57.665        50.795       296.288
 DBFA_MT       60.771        53.591        53.621        60.526       281.707


           Covariances
              BBFA_MT       CBFA_MT       DBFA_MT
              ________      ________      ________
 BBFA_MT      416.774
 CBFA_MT      335.529       427.085
 DBFA_MT      316.964       341.211       421.493


           Correlations
              ABFAS_CO      BBFAS_CO      CBFAS_CO      DBFAS_CO      ABFA_MT
              ________      ________      ________      ________      ________
 ABFAS_CO       1.000
 BBFAS_CO       0.793         1.000
 CBFAS_CO       0.777         0.808         1.000
 DBFAS_CO       0.748         0.762         0.810         1.000
 ABFA_MT        0.171         0.104         0.150         0.125         1.000
 BBFA_MT        0.152         0.078         0.108         0.126         0.747
 CBFA_MT        0.177         0.127         0.170         0.150         0.705
 DBFA_MT        0.174         0.153         0.159         0.180         0.674


           Correlations
              BBFA_MT       CBFA_MT       DBFA_MT
              ________      ________      ________
 BBFA_MT        1.000
 CBFA_MT        0.795         1.000
 DBFA_MT        0.756         0.804         1.000


     ESTIMATED SAMPLE STATISTICS FOR LATER


           Means
              ABFAS_CO      BBFAS_CO      CBFAS_CO      DBFAS_CO      ABFA_MT
              ________      ________      ________      ________      ________
               62.533        62.588        62.081        62.089        35.645


           Means
              BBFA_MT       CBFA_MT       DBFA_MT
              ________      ________      ________
               36.505        36.419        36.117


           Covariances
              ABFAS_CO      BBFAS_CO      CBFAS_CO      DBFAS_CO      ABFA_MT
              ________      ________      ________      ________      ________
 ABFAS_CO     244.544
 BBFAS_CO     202.248       250.318
 CBFAS_CO     205.643       217.834       256.049
 DBFAS_CO     205.608       213.323       221.838       271.033
 ABFA_MT       29.471        33.642        32.653        42.772       360.088
 BBFA_MT       21.936        26.222        20.029        16.352       267.832
 CBFA_MT       27.521        24.226        22.605        26.829       271.164
 DBFA_MT       35.703        39.008        27.930        26.084       258.074


           Covariances
              BBFA_MT       CBFA_MT       DBFA_MT
              ________      ________      ________
 BBFA_MT      353.391
 CBFA_MT      284.394       380.453
 DBFA_MT      263.461       270.954       362.117


           Correlations
              ABFAS_CO      BBFAS_CO      CBFAS_CO      DBFAS_CO      ABFA_MT
              ________      ________      ________      ________      ________
 ABFAS_CO       1.000
 BBFAS_CO       0.817         1.000
 CBFAS_CO       0.822         0.860         1.000
 DBFAS_CO       0.799         0.819         0.842         1.000
 ABFA_MT        0.099         0.112         0.108         0.137         1.000
 BBFA_MT        0.075         0.088         0.067         0.053         0.751
 CBFA_MT        0.090         0.079         0.072         0.084         0.733
 DBFA_MT        0.120         0.130         0.092         0.083         0.715


           Correlations
              BBFA_MT       CBFA_MT       DBFA_MT
              ________      ________      ________
 BBFA_MT        1.000
 CBFA_MT        0.776         1.000
 DBFA_MT        0.736         0.730         1.000


     MAXIMUM LOG-LIKELIHOOD VALUE FOR THE UNRESTRICTED (H1) MODEL IS -20860.487


UNIVARIATE SAMPLE STATISTICS


     UNIVARIATE HIGHER-ORDER MOMENT DESCRIPTIVE STATISTICS FOR EARLIER

         Variable/         Mean/     Skewness/   Minimum/ % with                Percentiles
        Sample Size      Variance    Kurtosis    Maximum  Min/Max      20%/60%    40%/80%    Median

     ABFAS_CO             61.364      -0.211      10.000    0.38%      47.500     57.500     62.500
             533.000     288.460      -0.320     100.000    0.38%      67.500     77.500
     BBFAS_CO             61.440      -0.067      12.500    0.25%      45.000     57.500     62.500
             393.000     292.417      -0.558     100.000    0.51%      65.000     77.500
     CBFAS_CO             62.146      -0.133      20.000    0.27%      47.500     57.500     62.500
             376.000     271.183      -0.506     100.000    0.27%      67.500     77.500
     DBFAS_CO             62.333      -0.098       7.500    0.27%      47.500     57.500     62.500
             371.000     273.459      -0.477     100.000    1.08%      67.500     77.500
     ABFA_MT              42.294       0.186       0.000    1.69%      25.000     37.500     41.667
             533.000     414.433      -0.424     100.000    0.19%      45.833     58.333
     BBFA_MT              41.896       0.258       0.000    1.27%      25.000     33.333     41.667
             393.000     419.120      -0.425     100.000    0.25%      45.833     58.333
     CBFA_MT              41.602       0.223       0.000    1.86%      20.833     33.333     41.667
             376.000     428.337      -0.391     100.000    0.27%      45.833     58.333
     DBFA_MT              42.066       0.215       0.000    2.70%      20.833     37.500     41.667
             371.000     431.021      -0.193     100.000    0.81%      45.833     58.333


     UNIVARIATE HIGHER-ORDER MOMENT DESCRIPTIVE STATISTICS FOR LATER

         Variable/         Mean/     Skewness/   Minimum/ % with                Percentiles
        Sample Size      Variance    Kurtosis    Maximum  Min/Max      20%/60%    40%/80%    Median

     ABFAS_CO             62.585      -0.272      10.000    0.30%      50.000     60.000     62.500
             329.000     244.192      -0.146     100.000    0.30%      67.500     75.000
     BBFAS_CO             62.918      -0.066      27.500    1.75%      50.000     60.000     62.500
             229.000     247.516      -0.593      97.500    0.44%      67.500     77.500
     CBFAS_CO             61.798      -0.144      20.000    0.47%      47.500     57.500     62.500
             214.000     270.453      -0.559     100.000    0.47%      67.500     77.500
     DBFAS_CO             62.977      -0.430      15.000    0.50%      50.000     60.000     65.000
             199.000     276.468      -0.065     100.000    0.50%      70.000     77.500
     ABFA_MT              35.689       0.377       0.000    1.82%      16.667     29.167     33.333
             329.000     360.164      -0.082      95.833    0.30%      37.500     50.000
     BBFA_MT              36.117       0.287       0.000    3.06%      16.667     29.167     35.000
             229.000     346.693      -0.160      91.667    0.44%      40.000     50.000
     CBFA_MT              36.585       0.279       0.000    3.74%      20.833     29.167     35.417
             214.000     379.079      -0.493      83.333    0.93%      41.667     54.167
     DBFA_MT              36.118       0.428       0.000    1.51%      20.833     29.167     33.333
             199.000     353.862      -0.329      87.500    1.01%      37.500     50.000


THE MODEL ESTIMATION TERMINATED NORMALLY



MODEL FIT INFORMATION

Number of Free Parameters                       34

Loglikelihood

          H0 Value                      -20883.864
          H0 Scaling Correction Factor      1.2169
            for MLR

Information Criteria

          Akaike (AIC)                   41835.728
          Bayesian (BIC)                 41997.622
          Sample-Size Adjusted BIC       41889.646
            (n* = (n + 2) / 24)



MODEL RESULTS

                                                    Two-Tailed
                    Estimate       S.E.  Est./S.E.    P-Value

Group EARLIER

 P1       BY
    ABFAS_CO           1.000      0.000    999.000    999.000

 P2       BY
    BBFAS_CO           1.000      0.000    999.000    999.000

 P3       BY
    CBFAS_CO           1.000      0.000    999.000    999.000

 P4       BY
    DBFAS_CO           1.000      0.000    999.000    999.000

 V1       BY
    ABFA_MT            1.000      0.000    999.000    999.000

 V2       BY
    BBFA_MT            1.000      0.000    999.000    999.000

 V3       BY
    CBFA_MT            1.000      0.000    999.000    999.000

 V4       BY
    DBFA_MT            1.000      0.000    999.000    999.000

 P4         ON
    P3                 0.175      0.069      2.549      0.011
    V3                -0.049      0.039     -1.275      0.202

 P3         ON
    P2                 0.175      0.069      2.549      0.011
    V2                -0.049      0.039     -1.275      0.202

 P2         ON
    P1                 0.175      0.069      2.549      0.011
    V1                -0.049      0.039     -1.275      0.202

 V4         ON
    V3                 0.215      0.077      2.781      0.005
    P3                -0.035      0.077     -0.450      0.653

 V3         ON
    V2                 0.215      0.077      2.781      0.005
    P2                -0.035      0.077     -0.450      0.653

 V2         ON
    V1                 0.215      0.077      2.781      0.005
    P1                -0.035      0.077     -0.450      0.653

 S_BFAS_C WITH
    I_BFAS_CO         -0.544      0.576     -0.944      0.345
    S_BFA_MT           0.076      0.097      0.789      0.430
    I_BFA_MT          -1.862      1.944     -0.958      0.338

 I_BFAS_C WITH
    S_BFA_MT          -0.238      2.069     -0.115      0.908
    I_BFA_MT          40.503     13.790      2.937      0.003

 S_BFA_MT WITH
    I_BFA_MT          -0.583      0.835     -0.697      0.485

 P1       WITH
    V1                 5.505      7.613      0.723      0.470

 P2       WITH
    V2                -1.079      4.373     -0.247      0.805

 P3       WITH
    V3                -1.079      4.373     -0.247      0.805

 P4       WITH
    V4                -1.079      4.373     -0.247      0.805

 Means
    P1                 0.000      0.000    999.000    999.000
    V1                 0.000      0.000    999.000    999.000
    I_BFAS_CO         61.873      0.536    115.435      0.000
    S_BFAS_CO          0.081      0.048      1.693      0.090
    I_BFA_MT          40.047      0.637     62.851      0.000
    S_BFA_MT          -0.258      0.059     -4.399      0.000

 Intercepts
    ABFAS_CO           0.000      0.000    999.000    999.000
    BBFAS_CO           0.000      0.000    999.000    999.000
    CBFAS_CO           0.000      0.000    999.000    999.000
    DBFAS_CO           0.000      0.000    999.000    999.000
    ABFA_MT            0.000      0.000    999.000    999.000
    BBFA_MT            0.000      0.000    999.000    999.000
    CBFA_MT            0.000      0.000    999.000    999.000
    DBFA_MT            0.000      0.000    999.000    999.000
    P2                 0.000      0.000    999.000    999.000
    P3                 0.000      0.000    999.000    999.000
    P4                 0.000      0.000    999.000    999.000
    V2                 0.000      0.000    999.000    999.000
    V3                 0.000      0.000    999.000    999.000
    V4                 0.000      0.000    999.000    999.000

 Variances
    P1                71.703      7.883      9.096      0.000
    V1               150.679     13.111     11.493      0.000
    I_BFAS_CO        195.436     14.354     13.616      0.000
    S_BFAS_CO          0.137      0.112      1.218      0.223
    I_BFA_MT         274.540     21.834     12.574      0.000
    S_BFA_MT           0.078      0.131      0.597      0.551

 Residual Variances
    ABFAS_CO           0.000      0.000    999.000    999.000
    BBFAS_CO           0.000      0.000    999.000    999.000
    CBFAS_CO           0.000      0.000    999.000    999.000
    DBFAS_CO           0.000      0.000    999.000    999.000
    ABFA_MT            0.000      0.000    999.000    999.000
    BBFA_MT            0.000      0.000    999.000    999.000
    CBFA_MT            0.000      0.000    999.000    999.000
    DBFA_MT            0.000      0.000    999.000    999.000
    P2                63.918      5.346     11.956      0.000
    P3                63.918      5.346     11.956      0.000
    P4                63.918      5.346     11.956      0.000
    V2               106.701     11.055      9.652      0.000
    V3               106.701     11.055      9.652      0.000
    V4               106.701     11.055      9.652      0.000

Group LATER

 P1       BY
    ABFAS_CO           1.000      0.000    999.000    999.000

 P2       BY
    BBFAS_CO           1.000      0.000    999.000    999.000

 P3       BY
    CBFAS_CO           1.000      0.000    999.000    999.000

 P4       BY
    DBFAS_CO           1.000      0.000    999.000    999.000

 V1       BY
    ABFA_MT            1.000      0.000    999.000    999.000

 V2       BY
    BBFA_MT            1.000      0.000    999.000    999.000

 V3       BY
    CBFA_MT            1.000      0.000    999.000    999.000

 V4       BY
    DBFA_MT            1.000      0.000    999.000    999.000

 P4         ON
    P3                 0.114      0.078      1.455      0.146
    V3                -0.036      0.048     -0.752      0.452

 P3         ON
    P2                 0.114      0.078      1.455      0.146
    V2                -0.036      0.048     -0.752      0.452

 P2         ON
    P1                 0.114      0.078      1.455      0.146
    V1                -0.036      0.048     -0.752      0.452

 V4         ON
    V3                 0.069      0.100      0.688      0.491
    P3                -0.122      0.097     -1.249      0.212

 V3         ON
    V2                 0.069      0.100      0.688      0.491
    P2                -0.122      0.097     -1.249      0.212

 V2         ON
    V1                 0.069      0.100      0.688      0.491
    P1                -0.122      0.097     -1.249      0.212

 S_BFAS_C WITH
    I_BFAS_CO         -0.544      0.576     -0.944      0.345
    S_BFA_MT           0.076      0.097      0.789      0.430
    I_BFA_MT          -1.862      1.944     -0.958      0.338

 I_BFAS_C WITH
    S_BFA_MT          -0.238      2.069     -0.115      0.908
    I_BFA_MT          40.503     13.790      2.937      0.003

 S_BFA_MT WITH
    I_BFA_MT          -0.583      0.835     -0.697      0.485

 P1       WITH
    V1                -9.027      6.299     -1.433      0.152

 P2       WITH
    V2                -4.015      4.875     -0.824      0.410

 P3       WITH
    V3                -4.015      4.875     -0.824      0.410

 P4       WITH
    V4                -4.015      4.875     -0.824      0.410

 Means
    P1                 0.000      0.000    999.000    999.000
    V1                 0.000      0.000    999.000    999.000
    I_BFAS_CO         61.873      0.536    115.435      0.000
    S_BFAS_CO          0.081      0.048      1.693      0.090
    I_BFA_MT          40.047      0.637     62.851      0.000
    S_BFA_MT          -0.258      0.059     -4.399      0.000

 Intercepts
    ABFAS_CO           0.000      0.000    999.000    999.000
    BBFAS_CO           0.000      0.000    999.000    999.000
    CBFAS_CO           0.000      0.000    999.000    999.000
    DBFAS_CO           0.000      0.000    999.000    999.000
    ABFA_MT            0.000      0.000    999.000    999.000
    BBFA_MT            0.000      0.000    999.000    999.000
    CBFA_MT            0.000      0.000    999.000    999.000
    DBFA_MT            0.000      0.000    999.000    999.000
    P2                 0.000      0.000    999.000    999.000
    P3                 0.000      0.000    999.000    999.000
    P4                 0.000      0.000    999.000    999.000
    V2                 0.000      0.000    999.000    999.000
    V3                 0.000      0.000    999.000    999.000
    V4                 0.000      0.000    999.000    999.000

 Variances
    P1                51.193      5.885      8.699      0.000
    V1               102.207     16.131      6.336      0.000
    I_BFAS_CO        195.436     14.354     13.616      0.000
    S_BFAS_CO          0.137      0.112      1.218      0.223
    I_BFA_MT         274.540     21.834     12.574      0.000
    S_BFA_MT           0.078      0.131      0.597      0.551

 Residual Variances
    ABFAS_CO           0.000      0.000    999.000    999.000
    BBFAS_CO           0.000      0.000    999.000    999.000
    CBFAS_CO           0.000      0.000    999.000    999.000
    DBFAS_CO           0.000      0.000    999.000    999.000
    ABFA_MT            0.000      0.000    999.000    999.000
    BBFA_MT            0.000      0.000    999.000    999.000
    CBFA_MT            0.000      0.000    999.000    999.000
    DBFA_MT            0.000      0.000    999.000    999.000
    P2                45.278      4.892      9.255      0.000
    P3                45.278      4.892      9.255      0.000
    P4                45.278      4.892      9.255      0.000
    V2                96.175     13.366      7.195      0.000
    V3                96.175     13.366      7.195      0.000
    V4                96.175     13.366      7.195      0.000


QUALITY OF NUMERICAL RESULTS

     Condition Number for the Information Matrix              0.181E-04
       (ratio of smallest to largest eigenvalue)


     Beginning Time:  17:25:29
        Ending Time:  17:25:31
       Elapsed Time:  00:00:02



MUTHEN & MUTHEN
3463 Stoner Ave.
Los Angeles, CA  90066

Tel: (310) 391-9971
Fax: (310) 391-8971
Web: www.StatModel.com
Support: Support@StatModel.com

Copyright (c) 1998-2017 Muthen & Muthen
