Mplus VERSION 8 (Linux)
MUTHEN & MUTHEN
07/08/2018   5:56 PM

INPUT INSTRUCTIONS


  title: PxVx Bivariate LCM-SR - decadegroup - Linear bfas_oi with Linear bfa_mt_d;
  data: file = /home/jflournoy/code_new/lnt_pxvx/Data/lnt_nat_recalc.tsv;

  variable:
  names =
  subjid
  aage
  aaspfin
  aaspfin_d
  abfa_mt
  abfa_mt_d
  abfas_ac
  abfas_ap
  abfas_ci
  abfas_co
  abfas_ea
  abfas_ee
  abfas_nv
  abfas_nv9
  abfas_nw
  abfas_oi
  abfas_oo
  abfi_a
  abfi_a6
  abfi_c
  abfi_d_scale
  abfi_e
  abfi_hp8
  abfi_n
  abfi_o
  abfi_s_scale
  ahrz_col
  ahrz_col_d
  ahrz_ind
  ahrz_ind_d
  amvi
  ausi
  ausi_d
  avrt_col
  avrt_col_d
  avrt_ind
  avrt_ind_d
  bage
  baspfin
  baspfin_d
  bbfa_mt
  bbfa_mt_d
  bbfas_ac
  bbfas_ap
  bbfas_ci
  bbfas_co
  bbfas_ea
  bbfas_ee
  bbfas_nv
  bbfas_nv9
  bbfas_nw
  bbfas_oi
  bbfas_oo
  bbfi_a
  bbfi_a6
  bbfi_c
  bbfi_d_scale
  bbfi_e
  bbfi_hp8
  bbfi_n
  bbfi_o
  bbfi_s_scale
  bhrz_col
  bhrz_col_d
  bhrz_ind
  bhrz_ind_d
  bmvi
  busi
  busi_d
  bvrt_col
  bvrt_col_d
  bvrt_ind
  bvrt_ind_d
  cage
  caspfin
  caspfin_d
  cbfa_mt
  cbfa_mt_d
  cbfas_ac
  cbfas_ap
  cbfas_ci
  cbfas_co
  cbfas_ea
  cbfas_ee
  cbfas_nv
  cbfas_nv9
  cbfas_nw
  cbfas_oi
  cbfas_oo
  cbfi_a
  cbfi_a6
  cbfi_c
  cbfi_d_scale
  cbfi_e
  cbfi_hp8
  cbfi_n
  cbfi_o
  cbfi_s_scale
  chrz_col
  chrz_col_d
  chrz_ind
  chrz_ind_d
  cmvi
  cusi
  cusi_d
  cvrt_col
  cvrt_col_d
  cvrt_ind
  cvrt_ind_d
  dage
  daspfin
  daspfin_d
  dbfa_mt
  dbfa_mt_d
  dbfas_ac
  dbfas_ap
  dbfas_ci
  dbfas_co
  dbfas_ea
  dbfas_ee
  dbfas_nv
  dbfas_nv9
  dbfas_nw
  dbfas_oi
  dbfas_oo
  dbfi_a
  dbfi_a6
  dbfi_c
  dbfi_d_scale
  dbfi_e
  dbfi_hp8
  dbfi_n
  dbfi_o
  dbfi_s_scale
  dhrz_col
  dhrz_col_d
  dhrz_ind
  dhrz_ind_d
  dmvi
  dusi
  dusi_d
  dvrt_col
  dvrt_col_d
  dvrt_ind
  dvrt_ind_d;

  USEVARIABLES =
  abfas_oi
  bbfas_oi
  cbfas_oi
  dbfas_oi
  abfa_mt_d
  bbfa_mt_d
  cbfa_mt_d
  dbfa_mt_d
  a1
  a2
  a3
  a4
  aagegrp
  ;

  missing = all (-9999);

  tscores = a1 a2 a3 a4;

  grouping = aagegrp (0=d2, 1=d3, 2=d4, 3=d5);

  DEFINE:

  aagegrp = aage;

  cut aagegrp (29 39 49);

  a1 = aage + 0 - 36;
  a2 = aage + 1 - 36;
  a3 = aage + 2 - 36;
  a4 = aage + 3 - 36;

  ANALYSIS:
  TYPE=RANDOM;
  PROCESSORS = 6;
  model=nocovariances; ! supresses default estimation of certain covs in model;

  MODEL:

  i_bfas_oi s_bfas_oi | abfas_oi bbfas_oi cbfas_oi dbfas_oi AT a1 a2 a3 a4;
  i_bfa_mt_d s_bfa_mt_d | abfa_mt_d bbfa_mt_d cbfa_mt_d dbfa_mt_d AT a1 a2 a3 a4;

  ! freeing factor covs because of "nocovariances"
  ! But ensure they are constrained across groups
  s_bfas_oi WITH i_bfas_oi (p)
  s_bfa_mt_d (q)
  i_bfa_mt_d (r);
  i_bfas_oi WITH s_bfa_mt_d (s)
  i_bfa_mt_d (t);
  s_bfa_mt_d WITH i_bfa_mt_d (u);

  !constrain latent growth means across groups
  [i_bfas_oi] (v);
  [s_bfas_oi] (w);
  [i_bfa_mt_d] (x);
  [s_bfa_mt_d] (y);

  !constrain latent growth variances across groups
  i_bfas_oi (l);
  s_bfas_oi (m);
  i_bfa_mt_d (n);
  s_bfa_mt_d (o);

  p1 BY abfas_oi@1; ! Residual "factors";
  p2 BY bbfas_oi@1;
  p3 BY cbfas_oi@1;
  p4 BY dbfas_oi@1;

  v1 BY abfa_mt_d@1; ! Residual "factors";
  v2 BY bbfa_mt_d@1;
  v3 BY cbfa_mt_d@1;
  v4 BY dbfa_mt_d@1;

  !residual variances on observed/manifest vars set to 0
  abfas_oi@0;
  bbfas_oi@0;
  cbfas_oi@0;
  dbfas_oi@0;

  !residual variances on observed/manifest vars set to 0
  abfa_mt_d@0;
  bbfa_mt_d@0;
  cbfa_mt_d@0;
  dbfa_mt_d@0;

  ! means of observed/manifest vars set to 0
  [abfas_oi@0];
  [bbfas_oi@0];
  [cbfas_oi@0];
  [dbfas_oi@0];

  ! means of observed/manifest vars set to 0
  [abfa_mt_d@0];
  [bbfa_mt_d@0];
  [cbfa_mt_d@0];
  [dbfa_mt_d@0];

  [p1@0]; ! means of residual "factors" set to 0
  [p2@0];
  [p3@0];
  [p4@0];

  [v1@0]; ! means of residual "factors" set to 0
  [v2@0];
  [v3@0];
  [v4@0];

  p4 on p3 (a); ! Autoregressive paths constrained to equality
  p3 on p2 (a);
  p2 on p1 (a);

  v4 on v3 (b); ! Autoregressive paths constrained to equality
  v3 on v2 (b);
  v2 on v1 (b);

  p4 on v3 (c); ! Cross-lagged paths constrained to equality
  p3 on v2 (c);
  p2 on v1 (c);

  v4 on p3 (d); ! Cross-lagged paths constrained to equality
  v3 on p2 (d);
  v2 on p1 (d);

  p1 with v1; !(this one is not like the others)

  p2 with v2 (e); ! Within-wave correlations constrained to equality
  p3 with v3 (e);
  p4 with v4 (e);

  p2 p3 p4 (f); ! estimate variances of residual "factors"
  v2 v3 v4 (g); ! estimate variances of residual "factors"

  MODEL d2:

  p4 on p3 (a2); ! Autoregressive paths constrained to equality
  p3 on p2 (a2);
  p2 on p1 (a2);

  v4 on v3 (b2); ! Autoregressive paths constrained to equality
  v3 on v2 (b2);
  v2 on v1 (b2);

  p4 on v3 (c2); ! Cross-lagged paths constrained to equality
  p3 on v2 (c2);
  p2 on v1 (c2);

  v4 on p3 (d2); ! Cross-lagged paths constrained to equality
  v3 on p2 (d2);
  v2 on p1 (d2);

  p1 with v1; !(this one is not like the others)

  p2 with v2 (e2); ! Within-wave correlations constrained to equality
  p3 with v3 (e2);
  p4 with v4 (e2);

  p2 p3 p4 (f2); ! estimate variances of residual "factors"
  v2 v3 v4 (g2); ! estimate variances of residual "factors"

  MODEL d3:

  p4 on p3 (a3); ! Autoregressive paths constrained to equality
  p3 on p2 (a3);
  p2 on p1 (a3);

  v4 on v3 (b3); ! Autoregressive paths constrained to equality
  v3 on v2 (b3);
  v2 on v1 (b3);

  p4 on v3 (c3); ! Cross-lagged paths constrained to equality
  p3 on v2 (c3);
  p2 on v1 (c3);

  v4 on p3 (d3); ! Cross-lagged paths constrained to equality
  v3 on p2 (d3);
  v2 on p1 (d3);

  p1 with v1; !(this one is not like the others)

  p2 with v2 (e3); ! Within-wave correlations constrained to equality
  p3 with v3 (e3);
  p4 with v4 (e3);

  p2 p3 p4 (f3); ! estimate variances of residual "factors"
  v2 v3 v4 (g3); ! estimate variances of residual "factors"

  MODEL d4:

  p4 on p3 (a4); ! Autoregressive paths constrained to equality
  p3 on p2 (a4);
  p2 on p1 (a4);

  v4 on v3 (b4); ! Autoregressive paths constrained to equality
  v3 on v2 (b4);
  v2 on v1 (b4);

  p4 on v3 (c4); ! Cross-lagged paths constrained to equality
  p3 on v2 (c4);
  p2 on v1 (c4);

  v4 on p3 (d4); ! Cross-lagged paths constrained to equality
  v3 on p2 (d4);
  v2 on p1 (d4);

  p1 with v1; !(this one is not like the others)

  p2 with v2 (e4); ! Within-wave correlations constrained to equality
  p3 with v3 (e4);
  p4 with v4 (e4);

  p2 p3 p4 (f4); ! estimate variances of residual "factors"
  v2 v3 v4 (g4); ! estimate variances of residual "factors"

  MODEL d5:

  p4 on p3 (a5); ! Autoregressive paths constrained to equality
  p3 on p2 (a5);
  p2 on p1 (a5);

  v4 on v3 (b5); ! Autoregressive paths constrained to equality
  v3 on v2 (b5);
  v2 on v1 (b5);

  p4 on v3 (c5); ! Cross-lagged paths constrained to equality
  p3 on v2 (c5);
  p2 on v1 (c5);

  v4 on p3 (d5); ! Cross-lagged paths constrained to equality
  v3 on p2 (d5);
  v2 on p1 (d5);

  p1 with v1; !(this one is not like the others)

  p2 with v2 (e5); ! Within-wave correlations constrained to equality
  p3 with v3 (e5);
  p4 with v4 (e5);

  p2 p3 p4 (f5); ! estimate variances of residual "factors"
  v2 v3 v4 (g5); ! estimate variances of residual "factors"

  OUTPUT: SAMPSTAT PATTERNS;



*** WARNING in VARIABLE command
  Note that only the first 8 characters of variable names are used in the output.
  Shorten variable names to avoid any confusion.
*** WARNING
  Data set contains unknown or missing values for GROUPING,
  PATTERN, COHORT, CLUSTER and/or STRATIFICATION variables.
  Number of cases with unknown or missing values:  5
   2 WARNING(S) FOUND IN THE INPUT INSTRUCTIONS



PxVx Bivariate LCM-SR - decadegroup - Linear bfas_oi with Linear bfa_mt_d;

SUMMARY OF ANALYSIS

Number of groups                                                 4
Number of observations
   Group D2                                                    301
   Group D3                                                    233
   Group D4                                                    198
   Group D5                                                    132
   Total sample size                                           864

Number of dependent variables                                    8
Number of independent variables                                  0
Number of continuous latent variables                           12

Observed dependent variables

  Continuous
   ABFAS_OI    BBFAS_OI    CBFAS_OI    DBFAS_OI    ABFA_MT_D   BBFA_MT_D
   CBFA_MT_D   DBFA_MT_D

Continuous latent variables
   P1          P2          P3          P4          V1          V2
   V3          V4          I_BFAS_O    S_BFAS_O    I_BFA_MT    S_BFA_MT

Variables with special functions

  Grouping variable     AAGEGRP

  Time scores
   A1          A2          A3          A4


Estimator                                                      MLR
Information matrix                                        OBSERVED
Maximum number of iterations                                   100
Convergence criterion                                    0.100D-05
Maximum number of EM iterations                                500
Convergence criteria for the EM algorithm
  Loglikelihood change                                   0.100D-02
  Relative loglikelihood change                          0.100D-05
  Derivative                                             0.100D-03
Minimum variance                                         0.100D-03
Maximum number of steepest descent iterations                   20
Maximum number of iterations for H1                           2000
Convergence criterion for H1                             0.100D-03
Optimization algorithm                                         EMA

Input data file(s)
  /home/jflournoy/code_new/lnt_pxvx/Data/lnt_nat_recalc.tsv
Input data format  FREE


SUMMARY OF DATA

   Group D2
     Number of missing data patterns             9

   Group D3
     Number of missing data patterns             9

   Group D4
     Number of missing data patterns             9

   Group D5
     Number of missing data patterns             9


SUMMARY OF MISSING DATA PATTERNS


     MISSING DATA PATTERNS (x = not missing) FOR D2

           1  2  3  4  5  6  7  8  9
 ABFAS_OI  x  x  x  x  x  x  x  x
 BBFAS_OI  x     x  x  x           x
 CBFAS_OI  x           x     x  x  x
 DBFAS_OI  x     x        x     x  x
 ABFA_MT_  x  x  x  x  x  x  x  x
 BBFA_MT_  x     x  x  x           x
 CBFA_MT_  x           x     x  x  x
 DBFA_MT_  x     x        x     x  x


     MISSING DATA PATTERN FREQUENCIES FOR D2

    Pattern   Frequency     Pattern   Frequency     Pattern   Frequency
          1         188           4          12           7           5
          2          57           5          15           8           6
          3           6           6          11           9           1


     MISSING DATA PATTERNS (x = not missing) FOR D3

           1  2  3  4  5  6  7  8  9
 ABFAS_OI  x  x  x  x  x  x  x  x  x
 BBFAS_OI  x     x  x  x           x
 CBFAS_OI  x           x     x  x  x
 DBFAS_OI  x     x        x     x  x
 ABFA_MT_  x  x  x  x  x  x  x  x
 BBFA_MT_  x     x  x  x           x
 CBFA_MT_  x           x     x  x  x
 DBFA_MT_  x     x        x     x  x


     MISSING DATA PATTERN FREQUENCIES FOR D3

    Pattern   Frequency     Pattern   Frequency     Pattern   Frequency
          1         139           4          16           7           7
          2          44           5           7           8           7
          3           8           6           4           9           1


     MISSING DATA PATTERNS (x = not missing) FOR D4

           1  2  3  4  5  6  7  8  9
 ABFAS_OI  x  x  x  x  x  x  x  x  x
 BBFAS_OI  x     x  x  x           x
 CBFAS_OI  x           x     x  x  x
 DBFAS_OI  x     x        x     x  x
 ABFA_MT_  x  x  x  x  x  x  x  x  x
 BBFA_MT_  x     x  x  x
 CBFA_MT_  x           x     x  x  x
 DBFA_MT_  x     x        x     x  x


     MISSING DATA PATTERN FREQUENCIES FOR D4

    Pattern   Frequency     Pattern   Frequency     Pattern   Frequency
          1         105           4          14           7           6
          2          40           5          15           8           5
          3           8           6           4           9           1


     MISSING DATA PATTERNS (x = not missing) FOR D5

           1  2  3  4  5  6  7  8  9
 ABFAS_OI  x  x  x  x  x  x  x  x
 BBFAS_OI  x     x  x  x           x
 CBFAS_OI  x           x     x  x  x
 DBFAS_OI  x     x        x     x  x
 ABFA_MT_  x  x  x  x  x  x  x  x
 BBFA_MT_  x     x  x  x           x
 CBFA_MT_  x           x     x  x  x
 DBFA_MT_  x     x        x     x  x


     MISSING DATA PATTERN FREQUENCIES FOR D5

    Pattern   Frequency     Pattern   Frequency     Pattern   Frequency
          1          60           4          10           7           6
          2          29           5          11           8           4
          3           5           6           6           9           1


COVARIANCE COVERAGE OF DATA

Minimum covariance coverage value   0.100


     PROPORTION OF DATA PRESENT FOR D2


           Covariance Coverage
              ABFAS_OI      BBFAS_OI      CBFAS_OI      DBFAS_OI      ABFA_MT_
              ________      ________      ________      ________      ________
 ABFAS_OI       0.997
 BBFAS_OI       0.734         0.738
 CBFAS_OI       0.711         0.678         0.714
 DBFAS_OI       0.701         0.648         0.648         0.704
 ABFA_MT_       0.997         0.734         0.711         0.701         0.997
 BBFA_MT_       0.734         0.738         0.678         0.648         0.734
 CBFA_MT_       0.711         0.678         0.714         0.648         0.711
 DBFA_MT_       0.701         0.648         0.648         0.704         0.701


           Covariance Coverage
              BBFA_MT_      CBFA_MT_      DBFA_MT_
              ________      ________      ________
 BBFA_MT_       0.738
 CBFA_MT_       0.678         0.714
 DBFA_MT_       0.648         0.648         0.704


     PROPORTION OF DATA PRESENT FOR D3


           Covariance Coverage
              ABFAS_OI      BBFAS_OI      CBFAS_OI      DBFAS_OI      ABFA_MT_
              ________      ________      ________      ________      ________
 ABFAS_OI       0.996
 BBFAS_OI       0.730         0.734
 CBFAS_OI       0.687         0.631         0.691
 DBFAS_OI       0.678         0.635         0.631         0.682
 ABFA_MT_       0.996         0.730         0.687         0.678         0.996
 BBFA_MT_       0.730         0.734         0.631         0.635         0.730
 CBFA_MT_       0.687         0.631         0.691         0.631         0.687
 DBFA_MT_       0.678         0.635         0.631         0.682         0.678


           Covariance Coverage
              BBFA_MT_      CBFA_MT_      DBFA_MT_
              ________      ________      ________
 BBFA_MT_       0.734
 CBFA_MT_       0.631         0.691
 DBFA_MT_       0.635         0.631         0.682


     PROPORTION OF DATA PRESENT FOR D4


           Covariance Coverage
              ABFAS_OI      BBFAS_OI      CBFAS_OI      DBFAS_OI      ABFA_MT_
              ________      ________      ________      ________      ________
 ABFAS_OI       0.995
 BBFAS_OI       0.717         0.722
 CBFAS_OI       0.662         0.611         0.667
 DBFAS_OI       0.616         0.576         0.561         0.621
 ABFA_MT_       0.995         0.717         0.662         0.616         0.995
 BBFA_MT_       0.717         0.722         0.611         0.576         0.717
 CBFA_MT_       0.662         0.611         0.667         0.561         0.662
 DBFA_MT_       0.616         0.576         0.561         0.621         0.616


           Covariance Coverage
              BBFA_MT_      CBFA_MT_      DBFA_MT_
              ________      ________      ________
 BBFA_MT_       0.722
 CBFA_MT_       0.611         0.667
 DBFA_MT_       0.576         0.561         0.621


     PROPORTION OF DATA PRESENT FOR D5


           Covariance Coverage
              ABFAS_OI      BBFAS_OI      CBFAS_OI      DBFAS_OI      ABFA_MT_
              ________      ________      ________      ________      ________
 ABFAS_OI       0.992
 BBFAS_OI       0.652         0.659
 CBFAS_OI       0.614         0.545         0.621
 DBFAS_OI       0.568         0.500         0.492         0.576
 ABFA_MT_       0.992         0.652         0.614         0.568         0.992
 BBFA_MT_       0.652         0.659         0.545         0.500         0.652
 CBFA_MT_       0.614         0.545         0.621         0.492         0.614
 DBFA_MT_       0.568         0.500         0.492         0.576         0.568


           Covariance Coverage
              BBFA_MT_      CBFA_MT_      DBFA_MT_
              ________      ________      ________
 BBFA_MT_       0.659
 CBFA_MT_       0.545         0.621
 DBFA_MT_       0.500         0.492         0.576


SAMPLE STATISTICS


     ESTIMATED SAMPLE STATISTICS FOR D2


           Means
              ABFAS_OI      BBFAS_OI      CBFAS_OI      DBFAS_OI      ABFA_MT_
              ________      ________      ________      ________      ________
               74.932        74.198        74.387        74.284        42.123


           Means
              BBFA_MT_      CBFA_MT_      DBFA_MT_
              ________      ________      ________
               42.231        43.239        40.171


           Covariances
              ABFAS_OI      BBFAS_OI      CBFAS_OI      DBFAS_OI      ABFA_MT_
              ________      ________      ________      ________      ________
 ABFAS_OI     271.509
 BBFAS_OI     192.828       227.496
 CBFAS_OI     207.952       201.903       274.508
 DBFAS_OI     186.837       175.568       212.052       255.334
 ABFA_MT_     -71.761       -69.117       -38.748       -20.577       479.950
 BBFA_MT_     -46.698       -51.095       -34.951        -4.425       305.939
 CBFA_MT_     -49.804       -35.734       -42.504        -4.503       304.638
 DBFA_MT_     -55.738       -51.297       -60.127       -28.511       286.981


           Covariances
              BBFA_MT_      CBFA_MT_      DBFA_MT_
              ________      ________      ________
 BBFA_MT_     505.325
 CBFA_MT_     373.271       516.203
 DBFA_MT_     364.436       406.883       546.709


           Correlations
              ABFAS_OI      BBFAS_OI      CBFAS_OI      DBFAS_OI      ABFA_MT_
              ________      ________      ________      ________      ________
 ABFAS_OI       1.000
 BBFAS_OI       0.776         1.000
 CBFAS_OI       0.762         0.808         1.000
 DBFAS_OI       0.710         0.728         0.801         1.000
 ABFA_MT_      -0.199        -0.209        -0.107        -0.059         1.000
 BBFA_MT_      -0.126        -0.151        -0.094        -0.012         0.621
 CBFA_MT_      -0.133        -0.104        -0.113        -0.012         0.612
 DBFA_MT_      -0.145        -0.145        -0.155        -0.076         0.560


           Correlations
              BBFA_MT_      CBFA_MT_      DBFA_MT_
              ________      ________      ________
 BBFA_MT_       1.000
 CBFA_MT_       0.731         1.000
 DBFA_MT_       0.693         0.766         1.000


     ESTIMATED SAMPLE STATISTICS FOR D3


           Means
              ABFAS_OI      BBFAS_OI      CBFAS_OI      DBFAS_OI      ABFA_MT_
              ________      ________      ________      ________      ________
               77.318        76.655        76.370        77.261        40.615


           Means
              BBFA_MT_      CBFA_MT_      DBFA_MT_
              ________      ________      ________
               38.892        39.023        41.169


           Covariances
              ABFAS_OI      BBFAS_OI      CBFAS_OI      DBFAS_OI      ABFA_MT_
              ________      ________      ________      ________      ________
 ABFAS_OI     223.176
 BBFAS_OI     204.692       252.385
 CBFAS_OI     184.317       204.159       253.225
 DBFAS_OI     186.717       196.207       198.804       232.659
 ABFA_MT_     -87.120       -71.494       -80.426       -66.436       444.987
 BBFA_MT_     -70.455       -62.992       -83.623       -68.466       311.042
 CBFA_MT_     -80.614       -70.188      -106.857       -74.062       314.346
 DBFA_MT_     -64.537       -65.831       -71.499       -59.727       263.371


           Covariances
              BBFA_MT_      CBFA_MT_      DBFA_MT_
              ________      ________      ________
 BBFA_MT_     448.033
 CBFA_MT_     342.048       468.784
 DBFA_MT_     323.641       308.388       414.842


           Correlations
              ABFAS_OI      BBFAS_OI      CBFAS_OI      DBFAS_OI      ABFA_MT_
              ________      ________      ________      ________      ________
 ABFAS_OI       1.000
 BBFAS_OI       0.862         1.000
 CBFAS_OI       0.775         0.808         1.000
 DBFAS_OI       0.819         0.810         0.819         1.000
 ABFA_MT_      -0.276        -0.213        -0.240        -0.206         1.000
 BBFA_MT_      -0.223        -0.187        -0.248        -0.212         0.697
 CBFA_MT_      -0.249        -0.204        -0.310        -0.224         0.688
 DBFA_MT_      -0.212        -0.203        -0.221        -0.192         0.613


           Correlations
              BBFA_MT_      CBFA_MT_      DBFA_MT_
              ________      ________      ________
 BBFA_MT_       1.000
 CBFA_MT_       0.746         1.000
 DBFA_MT_       0.751         0.699         1.000


     ESTIMATED SAMPLE STATISTICS FOR D4


           Means
              ABFAS_OI      BBFAS_OI      CBFAS_OI      DBFAS_OI      ABFA_MT_
              ________      ________      ________      ________      ________
               75.132        75.281        74.431        74.645        36.258


           Means
              BBFA_MT_      CBFA_MT_      DBFA_MT_
              ________      ________      ________
               38.016        37.138        38.136


           Covariances
              ABFAS_OI      BBFAS_OI      CBFAS_OI      DBFAS_OI      ABFA_MT_
              ________      ________      ________      ________      ________
 ABFAS_OI     249.838
 BBFAS_OI     205.766       246.989
 CBFAS_OI     206.275       213.152       259.052
 DBFAS_OI     200.247       207.719       226.492       252.696
 ABFA_MT_     -77.084       -47.326        -8.044       -42.679       427.708
 BBFA_MT_     -84.579       -72.043       -50.896       -86.329       279.137
 CBFA_MT_     -97.271       -84.715       -46.171       -58.666       294.705
 DBFA_MT_     -77.752       -68.176       -59.274       -74.564       258.660


           Covariances
              BBFA_MT_      CBFA_MT_      DBFA_MT_
              ________      ________      ________
 BBFA_MT_     399.340
 CBFA_MT_     288.488       416.986
 DBFA_MT_     250.627       230.001       374.994


           Correlations
              ABFAS_OI      BBFAS_OI      CBFAS_OI      DBFAS_OI      ABFA_MT_
              ________      ________      ________      ________      ________
 ABFAS_OI       1.000
 BBFAS_OI       0.828         1.000
 CBFAS_OI       0.811         0.843         1.000
 DBFAS_OI       0.797         0.831         0.885         1.000
 ABFA_MT_      -0.236        -0.146        -0.024        -0.130         1.000
 BBFA_MT_      -0.268        -0.229        -0.158        -0.272         0.675
 CBFA_MT_      -0.301        -0.264        -0.140        -0.181         0.698
 DBFA_MT_      -0.254        -0.224        -0.190        -0.242         0.646


           Correlations
              BBFA_MT_      CBFA_MT_      DBFA_MT_
              ________      ________      ________
 BBFA_MT_       1.000
 CBFA_MT_       0.707         1.000
 DBFA_MT_       0.648         0.582         1.000


     ESTIMATED SAMPLE STATISTICS FOR D5


           Means
              ABFAS_OI      BBFAS_OI      CBFAS_OI      DBFAS_OI      ABFA_MT_
              ________      ________      ________      ________      ________
               73.782        73.508        71.488        71.564        34.673


           Means
              BBFA_MT_      CBFA_MT_      DBFA_MT_
              ________      ________      ________
               34.990        36.423        34.970


           Covariances
              ABFAS_OI      BBFAS_OI      CBFAS_OI      DBFAS_OI      ABFA_MT_
              ________      ________      ________      ________      ________
 ABFAS_OI     269.060
 BBFAS_OI     201.242       235.789
 CBFAS_OI     226.347       211.631       269.986
 DBFAS_OI     247.708       226.258       242.861       301.569
 ABFA_MT_     -68.728       -56.365       -60.716       -80.970       407.246
 BBFA_MT_     -49.582       -55.098       -37.442       -67.465       315.650
 CBFA_MT_     -38.533       -54.086       -52.580       -59.569       311.875
 DBFA_MT_     -30.793       -44.647       -35.178       -61.478       339.087


           Covariances
              BBFA_MT_      CBFA_MT_      DBFA_MT_
              ________      ________      ________
 BBFA_MT_     460.505
 CBFA_MT_     343.416       487.677
 DBFA_MT_     337.842       354.703       531.835


           Correlations
              ABFAS_OI      BBFAS_OI      CBFAS_OI      DBFAS_OI      ABFA_MT_
              ________      ________      ________      ________      ________
 ABFAS_OI       1.000
 BBFAS_OI       0.799         1.000
 CBFAS_OI       0.840         0.839         1.000
 DBFAS_OI       0.870         0.848         0.851         1.000
 ABFA_MT_      -0.208        -0.182        -0.183        -0.231         1.000
 BBFA_MT_      -0.141        -0.167        -0.106        -0.181         0.729
 CBFA_MT_      -0.106        -0.159        -0.145        -0.155         0.700
 DBFA_MT_      -0.081        -0.126        -0.093        -0.154         0.729


           Correlations
              BBFA_MT_      CBFA_MT_      DBFA_MT_
              ________      ________      ________
 BBFA_MT_       1.000
 CBFA_MT_       0.725         1.000
 DBFA_MT_       0.683         0.696         1.000


     MAXIMUM LOG-LIKELIHOOD VALUE FOR THE UNRESTRICTED (H1) MODEL IS -21051.940


UNIVARIATE SAMPLE STATISTICS


     UNIVARIATE HIGHER-ORDER MOMENT DESCRIPTIVE STATISTICS FOR D2

         Variable/         Mean/     Skewness/   Minimum/ % with                Percentiles
        Sample Size      Variance    Kurtosis    Maximum  Min/Max      20%/60%    40%/80%    Median

     ABFAS_OI             74.914      -0.627      15.000    0.33%      60.000     72.500     77.500
             300.000     272.023       0.154     100.000    3.67%      80.000     90.000
     BBFAS_OI             73.924      -0.308      35.000    0.45%      60.000     70.000     75.000
             222.000     217.482      -0.530     100.000    2.25%      80.000     87.500
     CBFAS_OI             74.416      -0.543      25.000    0.47%      60.000     70.000     75.000
             215.000     268.640      -0.162     100.000    4.19%      80.000     90.000
     DBFAS_OI             74.860      -0.552      20.000    0.47%      60.000     72.500     75.000
             212.000     241.370       0.121     100.000    2.83%      82.500     90.000
     ABFA_MT_D            42.153       0.202       0.000    2.00%      18.750     33.333     43.750
             300.000     480.435      -0.684     100.000    0.67%      50.000     62.500
     BBFA_MT_D            42.089       0.238       0.000    2.70%      18.750     33.333     43.750
             222.000     507.380      -0.561     100.000    0.90%      50.000     62.500
     CBFA_MT_D            42.810       0.239       0.000    4.19%      25.000     37.500     43.750
             215.000     525.663      -0.333     100.000    1.86%      50.000     62.500
     DBFA_MT_D            40.389       0.334       0.000    6.60%      18.750     31.250     37.500
             212.000     558.428      -0.411     100.000    1.42%      43.750     62.500


     UNIVARIATE HIGHER-ORDER MOMENT DESCRIPTIVE STATISTICS FOR D3

         Variable/         Mean/     Skewness/   Minimum/ % with                Percentiles
        Sample Size      Variance    Kurtosis    Maximum  Min/Max      20%/60%    40%/80%    Median

     ABFAS_OI             77.318      -0.428      38.889    0.43%      65.000     75.000     80.000
             233.000     223.176      -0.472     100.000    7.73%      82.500     92.500
     BBFAS_OI             77.057      -0.576      32.500    1.17%      62.500     75.000     80.000
             171.000     251.105      -0.400     100.000    4.09%      85.000     92.500
     CBFAS_OI             76.058      -0.656      22.500    0.62%      62.500     75.000     77.500
             161.000     254.860       0.127     100.000    4.35%      82.500     90.000
     DBFAS_OI             77.727      -0.554      35.000    0.63%      67.500     75.000     77.500
             159.000     225.926      -0.146     100.000    6.92%      82.500     92.500
     ABFA_MT_D            40.706       0.337       0.000    3.02%      25.000     31.250     37.500
             232.000     444.161      -0.106     100.000    1.29%      43.750     56.250
     BBFA_MT_D            39.693       0.240       0.000    4.09%      18.750     31.250     37.500
             171.000     458.052      -0.485     100.000    0.58%      50.000     56.250
     CBFA_MT_D            39.648       0.275       0.000    3.11%      25.000     31.250     37.500
             161.000     445.319      -0.356     100.000    0.62%      43.750     56.250
     DBFA_MT_D            41.903       0.025       0.000    3.77%      25.000     37.500     43.750
             159.000     416.939      -0.348     100.000    0.63%      50.000     56.250


     UNIVARIATE HIGHER-ORDER MOMENT DESCRIPTIVE STATISTICS FOR D4

         Variable/         Mean/     Skewness/   Minimum/ % with                Percentiles
        Sample Size      Variance    Kurtosis    Maximum  Min/Max      20%/60%    40%/80%    Median

     ABFAS_OI             75.132      -0.411      35.000    1.01%      62.500     72.222     75.000
             198.000     249.838      -0.411     100.000    5.05%      80.000     90.000
     BBFAS_OI             76.232      -0.692      22.500    0.70%      65.000     75.000     77.500
             143.000     250.211       0.542     100.000    6.99%      80.000     90.000
     CBFAS_OI             75.492      -0.351      32.500    0.76%      60.000     72.500     77.500
             132.000     255.061      -0.603     100.000    4.55%      80.000     92.500
     DBFAS_OI             76.077      -0.714      25.000    0.81%      62.500     75.000     77.500
             123.000     252.854       0.141     100.000    4.88%      82.500     90.000
     ABFA_MT_D            36.258       0.329       0.000    4.04%      18.750     25.000     37.500
             198.000     427.708      -0.254     100.000    0.51%      43.750     56.250
     BBFA_MT_D            37.837       0.273       0.000    2.82%      18.750     31.250     37.500
             142.000     407.964      -0.402      93.750    0.70%      43.750     56.250
     CBFA_MT_D            38.305       0.318       0.000    3.79%      18.750     31.250     37.500
             132.000     424.009      -0.414      93.750    0.76%      43.750     56.250
     DBFA_MT_D            38.770       0.256       0.000    2.44%      18.750     31.250     37.500
             123.000     377.896      -0.440      87.500    0.81%      43.750     56.250


     UNIVARIATE HIGHER-ORDER MOMENT DESCRIPTIVE STATISTICS FOR D5

         Variable/         Mean/     Skewness/   Minimum/ % with                Percentiles
        Sample Size      Variance    Kurtosis    Maximum  Min/Max      20%/60%    40%/80%    Median

     ABFAS_OI             73.742      -0.618      17.500    0.76%      60.000     70.000     75.000
             131.000     270.480       0.624     100.000    5.34%      80.000     90.000
     BBFAS_OI             73.483      -0.719      27.500    1.15%      61.111     72.500     75.000
              87.000     230.727       0.265     100.000    1.15%      77.500     87.500
     CBFAS_OI             72.043      -0.876      20.000    1.22%      60.000     70.000     72.500
              82.000     257.946       0.938      97.500    3.66%      77.500     87.500
     DBFAS_OI             73.856      -0.997      15.000    1.32%      60.000     72.500     77.500
              76.000     303.456       0.882     100.000    2.63%      80.556     87.500
     ABFA_MT_D            34.749       0.411       0.000    5.34%      18.750     25.000     31.250
             131.000     408.534      -0.283      87.500    0.76%      37.500     50.000
     BBFA_MT_D            34.363       0.133       0.000   10.34%      18.750     25.000     31.250
              87.000     420.146      -0.555      87.500    1.15%      37.500     50.000
     CBFA_MT_D            35.976       0.023       0.000    8.54%      12.500     31.250     37.500
              82.000     464.521      -0.868      81.250    1.22%      37.500     56.250
     DBFA_MT_D            35.033       0.531       0.000    7.89%      18.750     25.000     37.500
              76.000     463.691       0.070      93.750    1.32%      37.500     50.000


THE MODEL ESTIMATION TERMINATED NORMALLY



MODEL FIT INFORMATION

Number of Free Parameters                       54

Loglikelihood

          H0 Value                      -21131.612
          H0 Scaling Correction Factor      1.2939
            for MLR

Information Criteria

          Akaike (AIC)                   42371.223
          Bayesian (BIC)                 42628.348
          Sample-Size Adjusted BIC       42456.858
            (n* = (n + 2) / 24)



MODEL RESULTS

                                                    Two-Tailed
                    Estimate       S.E.  Est./S.E.    P-Value

Group D2

 P1       BY
    ABFAS_OI           1.000      0.000    999.000    999.000

 P2       BY
    BBFAS_OI           1.000      0.000    999.000    999.000

 P3       BY
    CBFAS_OI           1.000      0.000    999.000    999.000

 P4       BY
    DBFAS_OI           1.000      0.000    999.000    999.000

 V1       BY
    ABFA_MT_D          1.000      0.000    999.000    999.000

 V2       BY
    BBFA_MT_D          1.000      0.000    999.000    999.000

 V3       BY
    CBFA_MT_D          1.000      0.000    999.000    999.000

 V4       BY
    DBFA_MT_D          1.000      0.000    999.000    999.000

 P4         ON
    P3                 0.215      0.099      2.168      0.030
    V3                -0.028      0.045     -0.617      0.537

 P3         ON
    P2                 0.215      0.099      2.168      0.030
    V2                -0.028      0.045     -0.617      0.537

 P2         ON
    P1                 0.215      0.099      2.168      0.030
    V1                -0.028      0.045     -0.617      0.537

 V4         ON
    V3                 0.159      0.114      1.395      0.163
    P3                -0.053      0.139     -0.379      0.705

 V3         ON
    V2                 0.159      0.114      1.395      0.163
    P2                -0.053      0.139     -0.379      0.705

 V2         ON
    V1                 0.159      0.114      1.395      0.163
    P1                -0.053      0.139     -0.379      0.705

 S_BFAS_O WITH
    I_BFAS_OI          0.228      0.637      0.358      0.720
    S_BFA_MT_D        -0.019      0.101     -0.189      0.850
    I_BFA_MT_D         2.200      2.430      0.906      0.365

 I_BFAS_O WITH
    S_BFA_MT_D        -2.668      2.547     -1.048      0.295
    I_BFA_MT_D       -53.094     13.768     -3.856      0.000

 S_BFA_MT WITH
    I_BFA_MT_D        -0.354      1.060     -0.334      0.738

 P1       WITH
    V1               -19.371     14.469     -1.339      0.181

 P2       WITH
    V2                -8.924      9.438     -0.946      0.344

 P3       WITH
    V3                -8.924      9.438     -0.946      0.344

 P4       WITH
    V4                -8.924      9.438     -0.946      0.344

 Means
    P1                 0.000      0.000    999.000    999.000
    V1                 0.000      0.000    999.000    999.000
    I_BFAS_OI         75.295      0.517    145.656      0.000
    S_BFAS_OI         -0.074      0.046     -1.601      0.109
    I_BFA_MT_D        39.552      0.669     59.138      0.000
    S_BFA_MT_D        -0.189      0.062     -3.032      0.002

 Intercepts
    ABFAS_OI           0.000      0.000    999.000    999.000
    BBFAS_OI           0.000      0.000    999.000    999.000
    CBFAS_OI           0.000      0.000    999.000    999.000
    DBFAS_OI           0.000      0.000    999.000    999.000
    ABFA_MT_D          0.000      0.000    999.000    999.000
    BBFA_MT_D          0.000      0.000    999.000    999.000
    CBFA_MT_D          0.000      0.000    999.000    999.000
    DBFA_MT_D          0.000      0.000    999.000    999.000
    P2                 0.000      0.000    999.000    999.000
    P3                 0.000      0.000    999.000    999.000
    P4                 0.000      0.000    999.000    999.000
    V2                 0.000      0.000    999.000    999.000
    V3                 0.000      0.000    999.000    999.000
    V4                 0.000      0.000    999.000    999.000

 Variances
    P1                79.618     12.974      6.137      0.000
    V1               232.097     26.365      8.803      0.000
    I_BFAS_OI        183.278     13.993     13.098      0.000
    S_BFAS_OI          0.144      0.114      1.268      0.205
    I_BFA_MT_D       288.139     23.785     12.114      0.000
    S_BFA_MT_D         0.176      0.171      1.032      0.302

 Residual Variances
    ABFAS_OI           0.000      0.000    999.000    999.000
    BBFAS_OI           0.000      0.000    999.000    999.000
    CBFAS_OI           0.000      0.000    999.000    999.000
    DBFAS_OI           0.000      0.000    999.000    999.000
    ABFA_MT_D          0.000      0.000    999.000    999.000
    BBFA_MT_D          0.000      0.000    999.000    999.000
    CBFA_MT_D          0.000      0.000    999.000    999.000
    DBFA_MT_D          0.000      0.000    999.000    999.000
    P2                62.905      7.995      7.868      0.000
    P3                62.905      7.995      7.868      0.000
    P4                62.905      7.995      7.868      0.000
    V2               170.274     25.131      6.775      0.000
    V3               170.274     25.131      6.775      0.000
    V4               170.274     25.131      6.775      0.000

Group D3

 P1       BY
    ABFAS_OI           1.000      0.000    999.000    999.000

 P2       BY
    BBFAS_OI           1.000      0.000    999.000    999.000

 P3       BY
    CBFAS_OI           1.000      0.000    999.000    999.000

 P4       BY
    DBFAS_OI           1.000      0.000    999.000    999.000

 V1       BY
    ABFA_MT_D          1.000      0.000    999.000    999.000

 V2       BY
    BBFA_MT_D          1.000      0.000    999.000    999.000

 V3       BY
    CBFA_MT_D          1.000      0.000    999.000    999.000

 V4       BY
    DBFA_MT_D          1.000      0.000    999.000    999.000

 P4         ON
    P3                 0.241      0.100      2.415      0.016
    V3                 0.007      0.046      0.159      0.873

 P3         ON
    P2                 0.241      0.100      2.415      0.016
    V2                 0.007      0.046      0.159      0.873

 P2         ON
    P1                 0.241      0.100      2.415      0.016
    V1                 0.007      0.046      0.159      0.873

 V4         ON
    V3                 0.016      0.086      0.185      0.853
    P3                 0.112      0.146      0.767      0.443

 V3         ON
    V2                 0.016      0.086      0.185      0.853
    P2                 0.112      0.146      0.767      0.443

 V2         ON
    V1                 0.016      0.086      0.185      0.853
    P1                 0.112      0.146      0.767      0.443

 S_BFAS_O WITH
    I_BFAS_OI          0.228      0.637      0.358      0.720
    S_BFA_MT_D        -0.019      0.101     -0.189      0.850
    I_BFA_MT_D         2.200      2.430      0.906      0.365

 I_BFAS_O WITH
    S_BFA_MT_D        -2.668      2.547     -1.048      0.295
    I_BFA_MT_D       -53.094     13.768     -3.856      0.000

 S_BFA_MT WITH
    I_BFA_MT_D        -0.354      1.060     -0.334      0.738

 P1       WITH
    V1               -18.074      8.761     -2.063      0.039

 P2       WITH
    V2                -2.376      6.872     -0.346      0.730

 P3       WITH
    V3                -2.376      6.872     -0.346      0.730

 P4       WITH
    V4                -2.376      6.872     -0.346      0.730

 Means
    P1                 0.000      0.000    999.000    999.000
    V1                 0.000      0.000    999.000    999.000
    I_BFAS_OI         75.295      0.517    145.656      0.000
    S_BFAS_OI         -0.074      0.046     -1.601      0.109
    I_BFA_MT_D        39.552      0.669     59.138      0.000
    S_BFA_MT_D        -0.189      0.062     -3.032      0.002

 Intercepts
    ABFAS_OI           0.000      0.000    999.000    999.000
    BBFAS_OI           0.000      0.000    999.000    999.000
    CBFAS_OI           0.000      0.000    999.000    999.000
    DBFAS_OI           0.000      0.000    999.000    999.000
    ABFA_MT_D          0.000      0.000    999.000    999.000
    BBFA_MT_D          0.000      0.000    999.000    999.000
    CBFA_MT_D          0.000      0.000    999.000    999.000
    DBFA_MT_D          0.000      0.000    999.000    999.000
    P2                 0.000      0.000    999.000    999.000
    P3                 0.000      0.000    999.000    999.000
    P4                 0.000      0.000    999.000    999.000
    V2                 0.000      0.000    999.000    999.000
    V3                 0.000      0.000    999.000    999.000
    V4                 0.000      0.000    999.000    999.000

 Variances
    P1                35.822      9.215      3.887      0.000
    V1               166.254     23.792      6.988      0.000
    I_BFAS_OI        183.278     13.993     13.098      0.000
    S_BFAS_OI          0.144      0.114      1.268      0.205
    I_BFA_MT_D       288.139     23.785     12.114      0.000
    S_BFA_MT_D         0.176      0.171      1.032      0.302

 Residual Variances
    ABFAS_OI           0.000      0.000    999.000    999.000
    BBFAS_OI           0.000      0.000    999.000    999.000
    CBFAS_OI           0.000      0.000    999.000    999.000
    DBFAS_OI           0.000      0.000    999.000    999.000
    ABFA_MT_D          0.000      0.000    999.000    999.000
    BBFA_MT_D          0.000      0.000    999.000    999.000
    CBFA_MT_D          0.000      0.000    999.000    999.000
    DBFA_MT_D          0.000      0.000    999.000    999.000
    P2                53.939      6.927      7.787      0.000
    P3                53.939      6.927      7.787      0.000
    P4                53.939      6.927      7.787      0.000
    V2               124.250     12.219     10.169      0.000
    V3               124.250     12.219     10.169      0.000
    V4               124.250     12.219     10.169      0.000

Group D4

 P1       BY
    ABFAS_OI           1.000      0.000    999.000    999.000

 P2       BY
    BBFAS_OI           1.000      0.000    999.000    999.000

 P3       BY
    CBFAS_OI           1.000      0.000    999.000    999.000

 P4       BY
    DBFAS_OI           1.000      0.000    999.000    999.000

 V1       BY
    ABFA_MT_D          1.000      0.000    999.000    999.000

 V2       BY
    BBFA_MT_D          1.000      0.000    999.000    999.000

 V3       BY
    CBFA_MT_D          1.000      0.000    999.000    999.000

 V4       BY
    DBFA_MT_D          1.000      0.000    999.000    999.000

 P4         ON
    P3                 0.170      0.125      1.358      0.175
    V3                 0.040      0.050      0.798      0.425

 P3         ON
    P2                 0.170      0.125      1.358      0.175
    V2                 0.040      0.050      0.798      0.425

 P2         ON
    P1                 0.170      0.125      1.358      0.175
    V1                 0.040      0.050      0.798      0.425

 V4         ON
    V3                -0.073      0.095     -0.764      0.445
    P3                -0.110      0.131     -0.840      0.401

 V3         ON
    V2                -0.073      0.095     -0.764      0.445
    P2                -0.110      0.131     -0.840      0.401

 V2         ON
    V1                -0.073      0.095     -0.764      0.445
    P1                -0.110      0.131     -0.840      0.401

 S_BFAS_O WITH
    I_BFAS_OI          0.228      0.637      0.358      0.720
    S_BFA_MT_D        -0.019      0.101     -0.189      0.850
    I_BFA_MT_D         2.200      2.430      0.906      0.365

 I_BFAS_O WITH
    S_BFA_MT_D        -2.668      2.547     -1.048      0.295
    I_BFA_MT_D       -53.094     13.768     -3.856      0.000

 S_BFA_MT WITH
    I_BFA_MT_D        -0.354      1.060     -0.334      0.738

 P1       WITH
    V1               -25.741     10.790     -2.386      0.017

 P2       WITH
    V2                 5.161      6.515      0.792      0.428

 P3       WITH
    V3                 5.161      6.515      0.792      0.428

 P4       WITH
    V4                 5.161      6.515      0.792      0.428

 Means
    P1                 0.000      0.000    999.000    999.000
    V1                 0.000      0.000    999.000    999.000
    I_BFAS_OI         75.295      0.517    145.656      0.000
    S_BFAS_OI         -0.074      0.046     -1.601      0.109
    I_BFA_MT_D        39.552      0.669     59.138      0.000
    S_BFA_MT_D        -0.189      0.062     -3.032      0.002

 Intercepts
    ABFAS_OI           0.000      0.000    999.000    999.000
    BBFAS_OI           0.000      0.000    999.000    999.000
    CBFAS_OI           0.000      0.000    999.000    999.000
    DBFAS_OI           0.000      0.000    999.000    999.000
    ABFA_MT_D          0.000      0.000    999.000    999.000
    BBFA_MT_D          0.000      0.000    999.000    999.000
    CBFA_MT_D          0.000      0.000    999.000    999.000
    DBFA_MT_D          0.000      0.000    999.000    999.000
    P2                 0.000      0.000    999.000    999.000
    P3                 0.000      0.000    999.000    999.000
    P4                 0.000      0.000    999.000    999.000
    V2                 0.000      0.000    999.000    999.000
    V3                 0.000      0.000    999.000    999.000
    V4                 0.000      0.000    999.000    999.000

 Variances
    P1                55.805      8.809      6.335      0.000
    V1               139.843     22.503      6.214      0.000
    I_BFAS_OI        183.278     13.993     13.098      0.000
    S_BFAS_OI          0.144      0.114      1.268      0.205
    I_BFA_MT_D       288.139     23.785     12.114      0.000
    S_BFA_MT_D         0.176      0.171      1.032      0.302

 Residual Variances
    ABFAS_OI           0.000      0.000    999.000    999.000
    BBFAS_OI           0.000      0.000    999.000    999.000
    CBFAS_OI           0.000      0.000    999.000    999.000
    DBFAS_OI           0.000      0.000    999.000    999.000
    ABFA_MT_D          0.000      0.000    999.000    999.000
    BBFA_MT_D          0.000      0.000    999.000    999.000
    CBFA_MT_D          0.000      0.000    999.000    999.000
    DBFA_MT_D          0.000      0.000    999.000    999.000
    P2                41.465      5.637      7.357      0.000
    P3                41.465      5.637      7.357      0.000
    P4                41.465      5.637      7.357      0.000
    V2               128.502     20.976      6.126      0.000
    V3               128.502     20.976      6.126      0.000
    V4               128.502     20.976      6.126      0.000

Group D5

 P1       BY
    ABFAS_OI           1.000      0.000    999.000    999.000

 P2       BY
    BBFAS_OI           1.000      0.000    999.000    999.000

 P3       BY
    CBFAS_OI           1.000      0.000    999.000    999.000

 P4       BY
    DBFAS_OI           1.000      0.000    999.000    999.000

 V1       BY
    ABFA_MT_D          1.000      0.000    999.000    999.000

 V2       BY
    BBFA_MT_D          1.000      0.000    999.000    999.000

 V3       BY
    CBFA_MT_D          1.000      0.000    999.000    999.000

 V4       BY
    DBFA_MT_D          1.000      0.000    999.000    999.000

 P4         ON
    P3                -0.071      0.091     -0.781      0.435
    V3                 0.045      0.055      0.818      0.414

 P3         ON
    P2                -0.071      0.091     -0.781      0.435
    V2                 0.045      0.055      0.818      0.414

 P2         ON
    P1                -0.071      0.091     -0.781      0.435
    V1                 0.045      0.055      0.818      0.414

 V4         ON
    V3                 0.143      0.149      0.961      0.337
    P3                -0.010      0.159     -0.062      0.951

 V3         ON
    V2                 0.143      0.149      0.961      0.337
    P2                -0.010      0.159     -0.062      0.951

 V2         ON
    V1                 0.143      0.149      0.961      0.337
    P1                -0.010      0.159     -0.062      0.951

 S_BFAS_O WITH
    I_BFAS_OI          0.228      0.637      0.358      0.720
    S_BFA_MT_D        -0.019      0.101     -0.189      0.850
    I_BFA_MT_D         2.200      2.430      0.906      0.365

 I_BFAS_O WITH
    S_BFA_MT_D        -2.668      2.547     -1.048      0.295
    I_BFA_MT_D       -53.094     13.768     -3.856      0.000

 S_BFA_MT WITH
    I_BFA_MT_D        -0.354      1.060     -0.334      0.738

 P1       WITH
    V1               -15.500     10.561     -1.468      0.142

 P2       WITH
    V2                -5.804      7.932     -0.732      0.464

 P3       WITH
    V3                -5.804      7.932     -0.732      0.464

 P4       WITH
    V4                -5.804      7.932     -0.732      0.464

 Means
    P1                 0.000      0.000    999.000    999.000
    V1                 0.000      0.000    999.000    999.000
    I_BFAS_OI         75.295      0.517    145.656      0.000
    S_BFAS_OI         -0.074      0.046     -1.601      0.109
    I_BFA_MT_D        39.552      0.669     59.138      0.000
    S_BFA_MT_D        -0.189      0.062     -3.032      0.002

 Intercepts
    ABFAS_OI           0.000      0.000    999.000    999.000
    BBFAS_OI           0.000      0.000    999.000    999.000
    CBFAS_OI           0.000      0.000    999.000    999.000
    DBFAS_OI           0.000      0.000    999.000    999.000
    ABFA_MT_D          0.000      0.000    999.000    999.000
    BBFA_MT_D          0.000      0.000    999.000    999.000
    CBFA_MT_D          0.000      0.000    999.000    999.000
    DBFA_MT_D          0.000      0.000    999.000    999.000
    P2                 0.000      0.000    999.000    999.000
    P3                 0.000      0.000    999.000    999.000
    P4                 0.000      0.000    999.000    999.000
    V2                 0.000      0.000    999.000    999.000
    V3                 0.000      0.000    999.000    999.000
    V4                 0.000      0.000    999.000    999.000

 Variances
    P1                49.271     13.127      3.753      0.000
    V1                97.777     26.716      3.660      0.000
    I_BFAS_OI        183.278     13.993     13.098      0.000
    S_BFAS_OI          0.144      0.114      1.268      0.205
    I_BFA_MT_D       288.139     23.785     12.114      0.000
    S_BFA_MT_D         0.176      0.171      1.032      0.302

 Residual Variances
    ABFAS_OI           0.000      0.000    999.000    999.000
    BBFAS_OI           0.000      0.000    999.000    999.000
    CBFAS_OI           0.000      0.000    999.000    999.000
    DBFAS_OI           0.000      0.000    999.000    999.000
    ABFA_MT_D          0.000      0.000    999.000    999.000
    BBFA_MT_D          0.000      0.000    999.000    999.000
    CBFA_MT_D          0.000      0.000    999.000    999.000
    DBFA_MT_D          0.000      0.000    999.000    999.000
    P2                39.493      6.994      5.646      0.000
    P3                39.493      6.994      5.646      0.000
    P4                39.493      6.994      5.646      0.000
    V2               164.817     24.844      6.634      0.000
    V3               164.817     24.844      6.634      0.000
    V4               164.817     24.844      6.634      0.000


QUALITY OF NUMERICAL RESULTS

     Condition Number for the Information Matrix              0.574E-05
       (ratio of smallest to largest eigenvalue)


     Beginning Time:  17:56:15
        Ending Time:  17:56:46
       Elapsed Time:  00:00:31



MUTHEN & MUTHEN
3463 Stoner Ave.
Los Angeles, CA  90066

Tel: (310) 391-9971
Fax: (310) 391-8971
Web: www.StatModel.com
Support: Support@StatModel.com

Copyright (c) 1998-2017 Muthen & Muthen
