Mplus VERSION 8 (Linux)
MUTHEN & MUTHEN
07/08/2018   6:24 PM

INPUT INSTRUCTIONS


  title: PxVx Bivariate LCM-SR - decadegroup - Linear bfi_n with Linear aspfin_d;
  data: file = /home/jflournoy/code_new/lnt_pxvx/Data/lnt_nat_recalc.tsv;

  variable:
  names =
  subjid
  aage
  aaspfin
  aaspfin_d
  abfa_mt
  abfa_mt_d
  abfas_ac
  abfas_ap
  abfas_ci
  abfas_co
  abfas_ea
  abfas_ee
  abfas_nv
  abfas_nv9
  abfas_nw
  abfas_oi
  abfas_oo
  abfi_a
  abfi_a6
  abfi_c
  abfi_d_scale
  abfi_e
  abfi_hp8
  abfi_n
  abfi_o
  abfi_s_scale
  ahrz_col
  ahrz_col_d
  ahrz_ind
  ahrz_ind_d
  amvi
  ausi
  ausi_d
  avrt_col
  avrt_col_d
  avrt_ind
  avrt_ind_d
  bage
  baspfin
  baspfin_d
  bbfa_mt
  bbfa_mt_d
  bbfas_ac
  bbfas_ap
  bbfas_ci
  bbfas_co
  bbfas_ea
  bbfas_ee
  bbfas_nv
  bbfas_nv9
  bbfas_nw
  bbfas_oi
  bbfas_oo
  bbfi_a
  bbfi_a6
  bbfi_c
  bbfi_d_scale
  bbfi_e
  bbfi_hp8
  bbfi_n
  bbfi_o
  bbfi_s_scale
  bhrz_col
  bhrz_col_d
  bhrz_ind
  bhrz_ind_d
  bmvi
  busi
  busi_d
  bvrt_col
  bvrt_col_d
  bvrt_ind
  bvrt_ind_d
  cage
  caspfin
  caspfin_d
  cbfa_mt
  cbfa_mt_d
  cbfas_ac
  cbfas_ap
  cbfas_ci
  cbfas_co
  cbfas_ea
  cbfas_ee
  cbfas_nv
  cbfas_nv9
  cbfas_nw
  cbfas_oi
  cbfas_oo
  cbfi_a
  cbfi_a6
  cbfi_c
  cbfi_d_scale
  cbfi_e
  cbfi_hp8
  cbfi_n
  cbfi_o
  cbfi_s_scale
  chrz_col
  chrz_col_d
  chrz_ind
  chrz_ind_d
  cmvi
  cusi
  cusi_d
  cvrt_col
  cvrt_col_d
  cvrt_ind
  cvrt_ind_d
  dage
  daspfin
  daspfin_d
  dbfa_mt
  dbfa_mt_d
  dbfas_ac
  dbfas_ap
  dbfas_ci
  dbfas_co
  dbfas_ea
  dbfas_ee
  dbfas_nv
  dbfas_nv9
  dbfas_nw
  dbfas_oi
  dbfas_oo
  dbfi_a
  dbfi_a6
  dbfi_c
  dbfi_d_scale
  dbfi_e
  dbfi_hp8
  dbfi_n
  dbfi_o
  dbfi_s_scale
  dhrz_col
  dhrz_col_d
  dhrz_ind
  dhrz_ind_d
  dmvi
  dusi
  dusi_d
  dvrt_col
  dvrt_col_d
  dvrt_ind
  dvrt_ind_d;

  USEVARIABLES =
  abfi_n
  bbfi_n
  cbfi_n
  dbfi_n
  aaspfin_d
  baspfin_d
  caspfin_d
  daspfin_d
  a1
  a2
  a3
  a4
  aagegrp
  ;

  missing = all (-9999);

  tscores = a1 a2 a3 a4;

  grouping = aagegrp (0=d2, 1=d3, 2=d4, 3=d5);

  DEFINE:

  aagegrp = aage;

  cut aagegrp (29 39 49);

  a1 = aage + 0 - 36;
  a2 = aage + 1 - 36;
  a3 = aage + 2 - 36;
  a4 = aage + 3 - 36;

  ANALYSIS:
  TYPE=RANDOM;
  PROCESSORS = 6;
  model=nocovariances; ! supresses default estimation of certain covs in model;

  MODEL:

  i_bfi_n s_bfi_n | abfi_n bbfi_n cbfi_n dbfi_n AT a1 a2 a3 a4;
  i_aspfin_d s_aspfin_d | aaspfin_d baspfin_d caspfin_d daspfin_d AT a1 a2 a3 a4;

  ! freeing factor covs because of "nocovariances"
  ! But ensure they are constrained across groups
  s_bfi_n WITH i_bfi_n (p)
  s_aspfin_d (q)
  i_aspfin_d (r);
  i_bfi_n WITH s_aspfin_d (s)
  i_aspfin_d (t);
  s_aspfin_d WITH i_aspfin_d (u);

  !constrain latent growth means across groups
  [i_bfi_n] (v);
  [s_bfi_n] (w);
  [i_aspfin_d] (x);
  [s_aspfin_d] (y);

  !constrain latent growth variances across groups
  i_bfi_n (l);
  s_bfi_n (m);
  i_aspfin_d (n);
  s_aspfin_d (o);

  p1 BY abfi_n@1; ! Residual "factors";
  p2 BY bbfi_n@1;
  p3 BY cbfi_n@1;
  p4 BY dbfi_n@1;

  v1 BY aaspfin_d@1; ! Residual "factors";
  v2 BY baspfin_d@1;
  v3 BY caspfin_d@1;
  v4 BY daspfin_d@1;

  !residual variances on observed/manifest vars set to 0
  abfi_n@0;
  bbfi_n@0;
  cbfi_n@0;
  dbfi_n@0;

  !residual variances on observed/manifest vars set to 0
  aaspfin_d@0;
  baspfin_d@0;
  caspfin_d@0;
  daspfin_d@0;

  ! means of observed/manifest vars set to 0
  [abfi_n@0];
  [bbfi_n@0];
  [cbfi_n@0];
  [dbfi_n@0];

  ! means of observed/manifest vars set to 0
  [aaspfin_d@0];
  [baspfin_d@0];
  [caspfin_d@0];
  [daspfin_d@0];

  [p1@0]; ! means of residual "factors" set to 0
  [p2@0];
  [p3@0];
  [p4@0];

  [v1@0]; ! means of residual "factors" set to 0
  [v2@0];
  [v3@0];
  [v4@0];

  p4 on p3 (a); ! Autoregressive paths constrained to equality
  p3 on p2 (a);
  p2 on p1 (a);

  v4 on v3 (b); ! Autoregressive paths constrained to equality
  v3 on v2 (b);
  v2 on v1 (b);

  p4 on v3 (c); ! Cross-lagged paths constrained to equality
  p3 on v2 (c);
  p2 on v1 (c);

  v4 on p3 (d); ! Cross-lagged paths constrained to equality
  v3 on p2 (d);
  v2 on p1 (d);

  p1 with v1; !(this one is not like the others)

  p2 with v2 (e); ! Within-wave correlations constrained to equality
  p3 with v3 (e);
  p4 with v4 (e);

  p2 p3 p4 (f); ! estimate variances of residual "factors"
  v2 v3 v4 (g); ! estimate variances of residual "factors"

  MODEL d2:

  p4 on p3 (a2); ! Autoregressive paths constrained to equality
  p3 on p2 (a2);
  p2 on p1 (a2);

  v4 on v3 (b2); ! Autoregressive paths constrained to equality
  v3 on v2 (b2);
  v2 on v1 (b2);

  p4 on v3 (c2); ! Cross-lagged paths constrained to equality
  p3 on v2 (c2);
  p2 on v1 (c2);

  v4 on p3 (d2); ! Cross-lagged paths constrained to equality
  v3 on p2 (d2);
  v2 on p1 (d2);

  p1 with v1; !(this one is not like the others)

  p2 with v2 (e2); ! Within-wave correlations constrained to equality
  p3 with v3 (e2);
  p4 with v4 (e2);

  p2 p3 p4 (f2); ! estimate variances of residual "factors"
  v2 v3 v4 (g2); ! estimate variances of residual "factors"

  MODEL d3:

  p4 on p3 (a3); ! Autoregressive paths constrained to equality
  p3 on p2 (a3);
  p2 on p1 (a3);

  v4 on v3 (b3); ! Autoregressive paths constrained to equality
  v3 on v2 (b3);
  v2 on v1 (b3);

  p4 on v3 (c3); ! Cross-lagged paths constrained to equality
  p3 on v2 (c3);
  p2 on v1 (c3);

  v4 on p3 (d3); ! Cross-lagged paths constrained to equality
  v3 on p2 (d3);
  v2 on p1 (d3);

  p1 with v1; !(this one is not like the others)

  p2 with v2 (e3); ! Within-wave correlations constrained to equality
  p3 with v3 (e3);
  p4 with v4 (e3);

  p2 p3 p4 (f3); ! estimate variances of residual "factors"
  v2 v3 v4 (g3); ! estimate variances of residual "factors"

  MODEL d4:

  p4 on p3 (a4); ! Autoregressive paths constrained to equality
  p3 on p2 (a4);
  p2 on p1 (a4);

  v4 on v3 (b4); ! Autoregressive paths constrained to equality
  v3 on v2 (b4);
  v2 on v1 (b4);

  p4 on v3 (c4); ! Cross-lagged paths constrained to equality
  p3 on v2 (c4);
  p2 on v1 (c4);

  v4 on p3 (d4); ! Cross-lagged paths constrained to equality
  v3 on p2 (d4);
  v2 on p1 (d4);

  p1 with v1; !(this one is not like the others)

  p2 with v2 (e4); ! Within-wave correlations constrained to equality
  p3 with v3 (e4);
  p4 with v4 (e4);

  p2 p3 p4 (f4); ! estimate variances of residual "factors"
  v2 v3 v4 (g4); ! estimate variances of residual "factors"

  MODEL d5:

  p4 on p3 (a5); ! Autoregressive paths constrained to equality
  p3 on p2 (a5);
  p2 on p1 (a5);

  v4 on v3 (b5); ! Autoregressive paths constrained to equality
  v3 on v2 (b5);
  v2 on v1 (b5);

  p4 on v3 (c5); ! Cross-lagged paths constrained to equality
  p3 on v2 (c5);
  p2 on v1 (c5);

  v4 on p3 (d5); ! Cross-lagged paths constrained to equality
  v3 on p2 (d5);
  v2 on p1 (d5);

  p1 with v1; !(this one is not like the others)

  p2 with v2 (e5); ! Within-wave correlations constrained to equality
  p3 with v3 (e5);
  p4 with v4 (e5);

  p2 p3 p4 (f5); ! estimate variances of residual "factors"
  v2 v3 v4 (g5); ! estimate variances of residual "factors"

  OUTPUT: SAMPSTAT PATTERNS;



*** WARNING in VARIABLE command
  Note that only the first 8 characters of variable names are used in the output.
  Shorten variable names to avoid any confusion.
*** WARNING
  Data set contains unknown or missing values for GROUPING,
  PATTERN, COHORT, CLUSTER and/or STRATIFICATION variables.
  Number of cases with unknown or missing values:  5
   2 WARNING(S) FOUND IN THE INPUT INSTRUCTIONS



PxVx Bivariate LCM-SR - decadegroup - Linear bfi_n with Linear aspfin_d;

SUMMARY OF ANALYSIS

Number of groups                                                 4
Number of observations
   Group D2                                                    301
   Group D3                                                    233
   Group D4                                                    198
   Group D5                                                    132
   Total sample size                                           864

Number of dependent variables                                    8
Number of independent variables                                  0
Number of continuous latent variables                           12

Observed dependent variables

  Continuous
   ABFI_N      BBFI_N      CBFI_N      DBFI_N      AASPFIN_D   BASPFIN_D
   CASPFIN_D   DASPFIN_D

Continuous latent variables
   P1          P2          P3          P4          V1          V2
   V3          V4          I_BFI_N     S_BFI_N     I_ASPFIN    S_ASPFIN

Variables with special functions

  Grouping variable     AAGEGRP

  Time scores
   A1          A2          A3          A4


Estimator                                                      MLR
Information matrix                                        OBSERVED
Maximum number of iterations                                   100
Convergence criterion                                    0.100D-05
Maximum number of EM iterations                                500
Convergence criteria for the EM algorithm
  Loglikelihood change                                   0.100D-02
  Relative loglikelihood change                          0.100D-05
  Derivative                                             0.100D-03
Minimum variance                                         0.100D-03
Maximum number of steepest descent iterations                   20
Maximum number of iterations for H1                           2000
Convergence criterion for H1                             0.100D-03
Optimization algorithm                                         EMA

Input data file(s)
  /home/jflournoy/code_new/lnt_pxvx/Data/lnt_nat_recalc.tsv
Input data format  FREE


SUMMARY OF DATA

   Group D2
     Number of missing data patterns            12

   Group D3
     Number of missing data patterns            11

   Group D4
     Number of missing data patterns            14

   Group D5
     Number of missing data patterns             9


SUMMARY OF MISSING DATA PATTERNS


     MISSING DATA PATTERNS (x = not missing) FOR D2

           1  2  3  4  5  6  7  8  9 10 11 12
 ABFI_N    x  x  x  x  x  x  x  x  x  x  x  x
 BBFI_N    x     x  x  x     x        x     x
 CBFI_N    x           x        x  x  x  x  x
 DBFI_N    x     x        x        x     x  x
 AASPFIN_  x  x  x  x  x  x     x  x  x  x  x
 BASPFIN_  x     x  x  x     x        x
 CASPFIN_  x           x        x  x  x  x  x
 DASPFIN_  x     x        x        x  x     x


     MISSING DATA PATTERN FREQUENCIES FOR D2

    Pattern   Frequency     Pattern   Frequency     Pattern   Frequency
          1         189           5          14           9           5
          2          57           6          11          10           1
          3           6           7           1          11           1
          4          11           8           4          12           1


     MISSING DATA PATTERNS (x = not missing) FOR D3

           1  2  3  4  5  6  7  8  9 10 11
 ABFI_N    x  x  x  x  x  x  x  x  x  x  x
 BBFI_N    x     x  x  x           x  x
 CBFI_N    x           x     x  x  x
 DBFI_N    x     x        x     x  x     x
 AASPFIN_  x  x  x  x  x  x  x  x  x  x  x
 BASPFIN_  x     x  x  x           x
 CASPFIN_  x           x     x  x  x
 DASPFIN_  x     x        x     x


     MISSING DATA PATTERN FREQUENCIES FOR D3

    Pattern   Frequency     Pattern   Frequency     Pattern   Frequency
          1         140           5           6           9           1
          2          43           6           3          10           1
          3           8           7           7          11           2
          4          15           8           7


     MISSING DATA PATTERNS (x = not missing) FOR D4

           1  2  3  4  5  6  7  8  9 10 11 12 13 14
 ABFI_N    x  x  x  x  x  x  x  x  x  x  x  x  x  x
 BBFI_N    x     x  x  x              x  x  x     x
 CBFI_N    x           x     x  x  x  x     x
 DBFI_N    x     x        x     x  x  x     x     x
 AASPFIN_  x  x  x  x  x  x  x  x  x  x  x  x     x
 BASPFIN_  x     x  x  x                    x
 CASPFIN_  x           x     x  x  x  x
 DASPFIN_  x     x        x     x     x     x     x


     MISSING DATA PATTERN FREQUENCIES FOR D4

    Pattern   Frequency     Pattern   Frequency     Pattern   Frequency
          1         104           6           4          11           2
          2          39           7           5          12           1
          3           7           8           5          13           1
          4          12           9           1          14           1
          5          15          10           1


     MISSING DATA PATTERNS (x = not missing) FOR D5

           1  2  3  4  5  6  7  8  9
 ABFI_N    x  x  x  x  x  x  x  x
 BBFI_N    x     x  x  x
 CBFI_N    x           x     x  x
 DBFI_N    x     x        x     x  x
 AASPFIN_  x  x  x  x  x  x  x  x  x
 BASPFIN_  x     x  x  x
 CASPFIN_  x           x     x  x
 DASPFIN_  x     x        x     x  x


     MISSING DATA PATTERN FREQUENCIES FOR D5

    Pattern   Frequency     Pattern   Frequency     Pattern   Frequency
          1          61           4          10           7           6
          2          29           5          11           8           4
          3           5           6           5           9           1


COVARIANCE COVERAGE OF DATA

Minimum covariance coverage value   0.100


     PROPORTION OF DATA PRESENT FOR D2


           Covariance Coverage
              ABFI_N        BBFI_N        CBFI_N        DBFI_N        AASPFIN_
              ________      ________      ________      ________      ________
 ABFI_N         1.000
 BBFI_N         0.741         0.741
 CBFI_N         0.714         0.681         0.714
 DBFI_N         0.708         0.651         0.651         0.708
 AASPFIN_       0.997         0.738         0.714         0.708         0.997
 BASPFIN_       0.738         0.738         0.678         0.648         0.734
 CASPFIN_       0.714         0.681         0.714         0.651         0.714
 DASPFIN_       0.708         0.654         0.651         0.704         0.708


           Covariance Coverage
              BASPFIN_      CASPFIN_      DASPFIN_
              ________      ________      ________
 BASPFIN_       0.738
 CASPFIN_       0.678         0.714
 DASPFIN_       0.651         0.651         0.708


     PROPORTION OF DATA PRESENT FOR D3


           Covariance Coverage
              ABFI_N        BBFI_N        CBFI_N        DBFI_N        AASPFIN_
              ________      ________      ________      ________      ________
 ABFI_N         1.000
 BBFI_N         0.760         0.760
 CBFI_N         0.674         0.631         0.674
 DBFI_N         0.661         0.635         0.614         0.661
 AASPFIN_       0.970         0.730         0.674         0.661         0.970
 BASPFIN_       0.760         0.760         0.631         0.635         0.730
 CASPFIN_       0.674         0.631         0.674         0.614         0.674
 DASPFIN_       0.657         0.639         0.609         0.652         0.657


           Covariance Coverage
              BASPFIN_      CASPFIN_      DASPFIN_
              ________      ________      ________
 BASPFIN_       0.760
 CASPFIN_       0.631         0.674
 DASPFIN_       0.639         0.609         0.657


     PROPORTION OF DATA PRESENT FOR D4


           Covariance Coverage
              ABFI_N        BBFI_N        CBFI_N        DBFI_N        AASPFIN_
              ________      ________      ________      ________      ________
 ABFI_N         1.000
 BBFI_N         0.742         0.742
 CBFI_N         0.657         0.616         0.657
 DBFI_N         0.606         0.571         0.551         0.606
 AASPFIN_       0.975         0.717         0.657         0.606         0.975
 BASPFIN_       0.732         0.732         0.611         0.566         0.707
 CASPFIN_       0.657         0.616         0.657         0.551         0.657
 DASPFIN_       0.596         0.571         0.540         0.591         0.596


           Covariance Coverage
              BASPFIN_      CASPFIN_      DASPFIN_
              ________      ________      ________
 BASPFIN_       0.732
 CASPFIN_       0.611         0.657
 DASPFIN_       0.566         0.540         0.596


     PROPORTION OF DATA PRESENT FOR D5


           Covariance Coverage
              ABFI_N        BBFI_N        CBFI_N        DBFI_N        AASPFIN_
              ________      ________      ________      ________      ________
 ABFI_N         1.000
 BBFI_N         0.705         0.705
 CBFI_N         0.583         0.545         0.583
 DBFI_N         0.545         0.500         0.470         0.545
 AASPFIN_       0.955         0.659         0.583         0.545         0.955
 BASPFIN_       0.705         0.705         0.545         0.500         0.659
 CASPFIN_       0.583         0.545         0.583         0.470         0.583
 DASPFIN_       0.545         0.500         0.470         0.545         0.545


           Covariance Coverage
              BASPFIN_      CASPFIN_      DASPFIN_
              ________      ________      ________
 BASPFIN_       0.705
 CASPFIN_       0.545         0.583
 DASPFIN_       0.500         0.470         0.545


SAMPLE STATISTICS


     ESTIMATED SAMPLE STATISTICS FOR D2


           Means
              ABFI_N        BBFI_N        CBFI_N        DBFI_N        AASPFIN_
              ________      ________      ________      ________      ________
               52.551        52.323        51.588        52.437        45.251


           Means
              BASPFIN_      CASPFIN_      DASPFIN_
              ________      ________      ________
               46.650        45.537        45.318


           Covariances
              ABFI_N        BBFI_N        CBFI_N        DBFI_N        AASPFIN_
              ________      ________      ________      ________      ________
 ABFI_N       513.407
 BBFI_N       395.771       495.707
 CBFI_N       386.449       406.573       496.275
 DBFI_N       409.325       424.616       456.435       549.246
 AASPFIN_      15.355         5.357         5.691        -5.197       622.157
 BASPFIN_       1.596         9.245         2.390        -3.424       456.778
 CASPFIN_     -43.482       -19.240       -15.795        -2.358       473.387
 DASPFIN_       8.284        41.817        17.927        31.961       434.165


           Covariances
              BASPFIN_      CASPFIN_      DASPFIN_
              ________      ________      ________
 BASPFIN_     605.510
 CASPFIN_     491.703       660.987
 DASPFIN_     463.132       509.941       678.202


           Correlations
              ABFI_N        BBFI_N        CBFI_N        DBFI_N        AASPFIN_
              ________      ________      ________      ________      ________
 ABFI_N         1.000
 BBFI_N         0.785         1.000
 CBFI_N         0.766         0.820         1.000
 DBFI_N         0.771         0.814         0.874         1.000
 AASPFIN_       0.027         0.010         0.010        -0.009         1.000
 BASPFIN_       0.003         0.017         0.004        -0.006         0.744
 CASPFIN_      -0.075        -0.034        -0.028        -0.004         0.738
 DASPFIN_       0.014         0.072         0.031         0.052         0.668


           Correlations
              BASPFIN_      CASPFIN_      DASPFIN_
              ________      ________      ________
 BASPFIN_       1.000
 CASPFIN_       0.777         1.000
 DASPFIN_       0.723         0.762         1.000


     ESTIMATED SAMPLE STATISTICS FOR D3


           Means
              ABFI_N        BBFI_N        CBFI_N        DBFI_N        AASPFIN_
              ________      ________      ________      ________      ________
               47.296        46.639        45.599        44.515        42.793


           Means
              BASPFIN_      CASPFIN_      DASPFIN_
              ________      ________      ________
               43.675        43.825        44.016


           Covariances
              ABFI_N        BBFI_N        CBFI_N        DBFI_N        AASPFIN_
              ________      ________      ________      ________      ________
 ABFI_N       422.844
 BBFI_N       328.495       424.321
 CBFI_N       309.222       341.167       375.579
 DBFI_N       328.939       356.935       342.526       445.389
 AASPFIN_     -26.529       -15.463         7.638       -38.718       558.235
 BASPFIN_     -46.196       -48.911       -13.459       -45.699       487.247
 CASPFIN_      -3.784       -12.074        15.264         4.836       479.717
 DASPFIN_     -36.563       -28.311        -7.195       -38.496       464.120


           Covariances
              BASPFIN_      CASPFIN_      DASPFIN_
              ________      ________      ________
 BASPFIN_     676.791
 CASPFIN_     527.337       661.221
 DASPFIN_     513.122       509.252       624.785


           Correlations
              ABFI_N        BBFI_N        CBFI_N        DBFI_N        AASPFIN_
              ________      ________      ________      ________      ________
 ABFI_N         1.000
 BBFI_N         0.776         1.000
 CBFI_N         0.776         0.855         1.000
 DBFI_N         0.758         0.821         0.837         1.000
 AASPFIN_      -0.055        -0.032         0.017        -0.078         1.000
 BASPFIN_      -0.086        -0.091        -0.027        -0.083         0.793
 CASPFIN_      -0.007        -0.023         0.031         0.009         0.790
 DASPFIN_      -0.071        -0.055        -0.015        -0.073         0.786


           Correlations
              BASPFIN_      CASPFIN_      DASPFIN_
              ________      ________      ________
 BASPFIN_       1.000
 CASPFIN_       0.788         1.000
 DASPFIN_       0.789         0.792         1.000


     ESTIMATED SAMPLE STATISTICS FOR D4


           Means
              ABFI_N        BBFI_N        CBFI_N        DBFI_N        AASPFIN_
              ________      ________      ________      ________      ________
               48.620        49.055        47.158        46.502        39.786


           Means
              BASPFIN_      CASPFIN_      DASPFIN_
              ________      ________      ________
               40.433        41.499        42.833


           Covariances
              ABFI_N        BBFI_N        CBFI_N        DBFI_N        AASPFIN_
              ________      ________      ________      ________      ________
 ABFI_N       410.471
 BBFI_N       345.834       441.271
 CBFI_N       336.140       360.984       440.536
 DBFI_N       337.490       353.375       360.827       434.202
 AASPFIN_     -77.361       -35.884       -54.721       -63.403       549.735
 BASPFIN_    -124.197       -84.138       -89.586       -93.501       405.814
 CASPFIN_     -50.460       -18.286       -52.289       -32.443       354.372
 DASPFIN_     -86.255       -62.887       -89.214       -85.303       382.337


           Covariances
              BASPFIN_      CASPFIN_      DASPFIN_
              ________      ________      ________
 BASPFIN_     532.624
 CASPFIN_     356.933       429.876
 DASPFIN_     349.452       350.144       499.269


           Correlations
              ABFI_N        BBFI_N        CBFI_N        DBFI_N        AASPFIN_
              ________      ________      ________      ________      ________
 ABFI_N         1.000
 BBFI_N         0.813         1.000
 CBFI_N         0.790         0.819         1.000
 DBFI_N         0.799         0.807         0.825         1.000
 AASPFIN_      -0.163        -0.073        -0.111        -0.130         1.000
 BASPFIN_      -0.266        -0.174        -0.185        -0.194         0.750
 CASPFIN_      -0.120        -0.042        -0.120        -0.075         0.729
 DASPFIN_      -0.191        -0.134        -0.190        -0.183         0.730


           Correlations
              BASPFIN_      CASPFIN_      DASPFIN_
              ________      ________      ________
 BASPFIN_       1.000
 CASPFIN_       0.746         1.000
 DASPFIN_       0.678         0.756         1.000


     ESTIMATED SAMPLE STATISTICS FOR D5


           Means
              ABFI_N        BBFI_N        CBFI_N        DBFI_N        AASPFIN_
              ________      ________      ________      ________      ________
               48.444        45.622        45.964        45.730        39.615


           Means
              BASPFIN_      CASPFIN_      DASPFIN_
              ________      ________      ________
               40.486        40.143        41.088


           Covariances
              ABFI_N        BBFI_N        CBFI_N        DBFI_N        AASPFIN_
              ________      ________      ________      ________      ________
 ABFI_N       436.929
 BBFI_N       329.424       376.114
 CBFI_N       364.440       351.004       447.496
 DBFI_N       328.054       340.615       393.630       453.878
 AASPFIN_     -19.341        21.993        43.844        11.094       527.803
 BASPFIN_       7.646        57.490        75.625        48.503       376.499
 CASPFIN_     -47.698         8.018        30.194       -13.108       388.262
 DASPFIN_    -128.688       -56.846       -62.532       -75.228       374.348


           Covariances
              BASPFIN_      CASPFIN_      DASPFIN_
              ________      ________      ________
 BASPFIN_     480.325
 CASPFIN_     376.196       526.353
 DASPFIN_     341.711       393.220       521.426


           Correlations
              ABFI_N        BBFI_N        CBFI_N        DBFI_N        AASPFIN_
              ________      ________      ________      ________      ________
 ABFI_N         1.000
 BBFI_N         0.813         1.000
 CBFI_N         0.824         0.856         1.000
 DBFI_N         0.737         0.824         0.873         1.000
 AASPFIN_      -0.040         0.049         0.090         0.023         1.000
 BASPFIN_       0.017         0.135         0.163         0.104         0.748
 CASPFIN_      -0.099         0.018         0.062        -0.027         0.737
 DASPFIN_      -0.270        -0.128        -0.129        -0.155         0.714


           Correlations
              BASPFIN_      CASPFIN_      DASPFIN_
              ________      ________      ________
 BASPFIN_       1.000
 CASPFIN_       0.748         1.000
 DASPFIN_       0.683         0.751         1.000


     MAXIMUM LOG-LIKELIHOOD VALUE FOR THE UNRESTRICTED (H1) MODEL IS -21986.229


UNIVARIATE SAMPLE STATISTICS


     UNIVARIATE HIGHER-ORDER MOMENT DESCRIPTIVE STATISTICS FOR D2

         Variable/         Mean/     Skewness/   Minimum/ % with                Percentiles
        Sample Size      Variance    Kurtosis    Maximum  Min/Max      20%/60%    40%/80%    Median

     ABFI_N               52.551      -0.015       0.000    0.33%      31.250     43.750     53.125
             301.000     513.407      -0.733     100.000    1.00%      59.375     75.000
     BBFI_N               52.955      -0.305       0.000    0.90%      34.375     46.875     56.250
             223.000     491.642      -0.326     100.000    0.90%      62.500     71.875
     CBFI_N               51.686      -0.100       0.000    1.40%      31.250     46.875     53.125
             215.000     502.971      -0.456     100.000    0.93%      56.250     71.875
     DBFI_N               52.993      -0.280       0.000    1.88%      34.375     46.875     53.125
             213.000     548.646      -0.560     100.000    0.47%      62.500     75.000
     AASPFIN_D            45.319       0.184       0.000    3.67%      25.000     33.333     41.667
             300.000     621.900      -0.696     100.000    3.00%      50.000     66.667
     BASPFIN_D            46.115       0.245       0.000    2.25%      25.000     41.667     50.000
             222.000     599.348      -0.680     100.000    3.15%      50.000     66.667
     CASPFIN_D            45.659       0.288       0.000    3.72%      25.000     33.333     41.667
             215.000     653.636      -0.696     100.000    3.72%      50.000     66.667
     DASPFIN_D            45.207       0.196       0.000    3.29%      16.667     33.333     41.667
             213.000     677.099      -0.914     100.000    2.82%      50.000     66.667


     UNIVARIATE HIGHER-ORDER MOMENT DESCRIPTIVE STATISTICS FOR D3

         Variable/         Mean/     Skewness/   Minimum/ % with                Percentiles
        Sample Size      Variance    Kurtosis    Maximum  Min/Max      20%/60%    40%/80%    Median

     ABFI_N               47.296      -0.018       0.000    1.29%      28.125     43.750     50.000
             233.000     422.844      -0.553      96.875    0.43%      53.125     65.625
     BBFI_N               45.739      -0.123       0.000    0.58%      25.000     42.857     46.875
             171.000     417.791      -0.669      90.625    0.58%      50.000     62.500
     CBFI_N               45.342      -0.152       0.000    0.62%      28.125     40.625     46.875
             161.000     376.810      -0.692      87.500    1.24%      53.125     62.500
     DBFI_N               44.424      -0.057       0.000    1.24%      25.000     37.500     43.750
             161.000     448.709      -0.686      90.625    0.62%      50.000     65.625
     AASPFIN_D            42.793       0.515       0.000    2.58%      25.000     33.333     41.667
             233.000     558.235      -0.375     100.000    2.58%      50.000     58.333
     BASPFIN_D            44.412       0.484       0.000    3.53%      25.000     33.333     41.667
             170.000     699.777      -0.578     100.000    5.88%      50.000     66.667
     CASPFIN_D            43.996       0.471       0.000    1.86%      16.667     33.333     41.667
             161.000     680.824      -0.728     100.000    4.35%      50.000     66.667
     DASPFIN_D            44.594       0.350       0.000    0.63%      16.667     33.333     41.667
             158.000     646.429      -0.745     100.000    3.80%      50.000     66.667


     UNIVARIATE HIGHER-ORDER MOMENT DESCRIPTIVE STATISTICS FOR D4

         Variable/         Mean/     Skewness/   Minimum/ % with                Percentiles
        Sample Size      Variance    Kurtosis    Maximum  Min/Max      20%/60%    40%/80%    Median

     ABFI_N               48.620      -0.018       3.125    0.51%      28.125     43.750     50.000
             198.000     410.471      -0.630      96.875    0.51%      56.250     65.625
     BBFI_N               48.659       0.159       3.125    1.40%      31.250     40.625     46.875
             143.000     473.710      -0.571      96.875    0.70%      53.125     65.625
     CBFI_N               45.928       0.169       0.000    0.76%      25.000     40.625     45.312
             132.000     443.735      -0.730      90.625    1.52%      50.000     65.625
     DBFI_N               43.725       0.015       3.125    2.42%      21.875     40.625     43.750
             124.000     430.396      -0.730      90.625    0.81%      50.000     59.375
     AASPFIN_D            39.784       0.424       0.000    6.60%      16.667     33.333     33.333
             197.000     549.809      -0.288     100.000    1.52%      41.667     58.333
     BASPFIN_D            39.778       0.518       0.000    4.32%      16.667     33.333     41.667
             139.000     529.632       0.110     100.000    2.88%      41.667     50.000
     CASPFIN_D            42.335       0.391       0.000    1.53%      25.000     33.333     41.667
             131.000     424.835      -0.251     100.000    0.76%      41.667     58.333
     DASPFIN_D            43.022       0.413       0.000    1.63%      25.000     33.333     41.667
             123.000     502.906      -0.423     100.000    0.81%      50.000     58.333


     UNIVARIATE HIGHER-ORDER MOMENT DESCRIPTIVE STATISTICS FOR D5

         Variable/         Mean/     Skewness/   Minimum/ % with                Percentiles
        Sample Size      Variance    Kurtosis    Maximum  Min/Max      20%/60%    40%/80%    Median

     ABFI_N               48.284       0.112       3.125    0.76%      31.250     42.857     50.000
             131.000     435.456      -0.428      93.750    3.05%      53.125     65.625
     BBFI_N               44.886       0.159       9.375    2.30%      28.125     37.500     43.750
              87.000     370.132      -0.696      93.750    1.15%      50.000     65.625
     CBFI_N               44.970       0.229       0.000    1.22%      25.000     34.375     43.750
              82.000     462.261      -0.707      96.875    1.22%      50.000     65.625
     DBFI_N               44.490       0.390       3.125    1.32%      25.000     37.500     42.188
              76.000     425.799      -0.257     100.000    1.32%      46.875     62.500
     AASPFIN_D            39.615       0.468       0.000    4.55%      16.667     33.333     41.667
             132.000     527.803      -0.196     100.000    1.52%      41.667     58.333
     BASPFIN_D            40.661       0.598       0.000    1.15%      25.000     33.333     33.333
              87.000     494.079      -0.161     100.000    2.30%      41.667     58.333
     CASPFIN_D            39.228       0.532       0.000    4.88%      16.667     33.333     37.500
              82.000     547.913      -0.111     100.000    2.44%      41.667     58.333
     DASPFIN_D            41.996       0.594       0.000    1.32%      16.667     33.333     33.333
              76.000     543.569      -0.314     100.000    2.63%      41.667     58.333


THE MODEL ESTIMATION TERMINATED NORMALLY



MODEL FIT INFORMATION

Number of Free Parameters                       54

Loglikelihood

          H0 Value                      -22058.204
          H0 Scaling Correction Factor      1.2211
            for MLR

Information Criteria

          Akaike (AIC)                   44224.408
          Bayesian (BIC)                 44481.533
          Sample-Size Adjusted BIC       44310.042
            (n* = (n + 2) / 24)



MODEL RESULTS

                                                    Two-Tailed
                    Estimate       S.E.  Est./S.E.    P-Value

Group D2

 P1       BY
    ABFI_N             1.000      0.000    999.000    999.000

 P2       BY
    BBFI_N             1.000      0.000    999.000    999.000

 P3       BY
    CBFI_N             1.000      0.000    999.000    999.000

 P4       BY
    DBFI_N             1.000      0.000    999.000    999.000

 V1       BY
    AASPFIN_D          1.000      0.000    999.000    999.000

 V2       BY
    BASPFIN_D          1.000      0.000    999.000    999.000

 V3       BY
    CASPFIN_D          1.000      0.000    999.000    999.000

 V4       BY
    DASPFIN_D          1.000      0.000    999.000    999.000

 P4         ON
    P3                 0.151      0.081      1.859      0.063
    V3                 0.034      0.050      0.684      0.494

 P3         ON
    P2                 0.151      0.081      1.859      0.063
    V2                 0.034      0.050      0.684      0.494

 P2         ON
    P1                 0.151      0.081      1.859      0.063
    V1                 0.034      0.050      0.684      0.494

 V4         ON
    V3                 0.155      0.097      1.592      0.111
    P3                 0.004      0.069      0.061      0.951

 V3         ON
    V2                 0.155      0.097      1.592      0.111
    P2                 0.004      0.069      0.061      0.951

 V2         ON
    V1                 0.155      0.097      1.592      0.111
    P1                 0.004      0.069      0.061      0.951

 S_BFI_N  WITH
    I_BFI_N           -1.150      0.930     -1.236      0.217
    S_ASPFIN_D         0.009      0.157      0.057      0.954
    I_ASPFIN_D         1.649      3.213      0.513      0.608

 I_BFI_N  WITH
    S_ASPFIN_D        -2.286      3.196     -0.715      0.474
    I_ASPFIN_D       -27.074     20.699     -1.308      0.191

 S_ASPFIN WITH
    I_ASPFIN_D        -2.090      1.305     -1.602      0.109

 P1       WITH
    V1                31.692     15.852      1.999      0.046

 P2       WITH
    V2                 5.700      8.715      0.654      0.513

 P3       WITH
    V3                 5.700      8.715      0.654      0.513

 P4       WITH
    V4                 5.700      8.715      0.654      0.513

 Means
    P1                 0.000      0.000    999.000    999.000
    V1                 0.000      0.000    999.000    999.000
    I_BFI_N           49.182      0.698     70.447      0.000
    S_BFI_N           -0.271      0.063     -4.329      0.000
    I_ASPFIN_D        43.244      0.773     55.938      0.000
    S_ASPFIN_D        -0.139      0.067     -2.063      0.039

 Intercepts
    ABFI_N             0.000      0.000    999.000    999.000
    BBFI_N             0.000      0.000    999.000    999.000
    CBFI_N             0.000      0.000    999.000    999.000
    DBFI_N             0.000      0.000    999.000    999.000
    AASPFIN_D          0.000      0.000    999.000    999.000
    BASPFIN_D          0.000      0.000    999.000    999.000
    CASPFIN_D          0.000      0.000    999.000    999.000
    DASPFIN_D          0.000      0.000    999.000    999.000
    P2                 0.000      0.000    999.000    999.000
    P3                 0.000      0.000    999.000    999.000
    P4                 0.000      0.000    999.000    999.000
    V2                 0.000      0.000    999.000    999.000
    V3                 0.000      0.000    999.000    999.000
    V4                 0.000      0.000    999.000    999.000

 Variances
    P1               146.934     23.823      6.168      0.000
    V1               192.297     24.353      7.896      0.000
    I_BFI_N          343.556     23.417     14.671      0.000
    S_BFI_N            0.173      0.168      1.029      0.304
    I_ASPFIN_D       419.714     29.198     14.375      0.000
    S_ASPFIN_D         0.125      0.223      0.560      0.576

 Residual Variances
    ABFI_N             0.000      0.000    999.000    999.000
    BBFI_N             0.000      0.000    999.000    999.000
    CBFI_N             0.000      0.000    999.000    999.000
    DBFI_N             0.000      0.000    999.000    999.000
    AASPFIN_D          0.000      0.000    999.000    999.000
    BASPFIN_D          0.000      0.000    999.000    999.000
    CASPFIN_D          0.000      0.000    999.000    999.000
    DASPFIN_D          0.000      0.000    999.000    999.000
    P2                95.406     10.076      9.469      0.000
    P3                95.406     10.076      9.469      0.000
    P4                95.406     10.076      9.469      0.000
    V2               180.108     18.372      9.803      0.000
    V3               180.108     18.372      9.803      0.000
    V4               180.108     18.372      9.803      0.000

Group D3

 P1       BY
    ABFI_N             1.000      0.000    999.000    999.000

 P2       BY
    BBFI_N             1.000      0.000    999.000    999.000

 P3       BY
    CBFI_N             1.000      0.000    999.000    999.000

 P4       BY
    DBFI_N             1.000      0.000    999.000    999.000

 V1       BY
    AASPFIN_D          1.000      0.000    999.000    999.000

 V2       BY
    BASPFIN_D          1.000      0.000    999.000    999.000

 V3       BY
    CASPFIN_D          1.000      0.000    999.000    999.000

 V4       BY
    DASPFIN_D          1.000      0.000    999.000    999.000

 P4         ON
    P3                 0.068      0.073      0.928      0.354
    V3                 0.084      0.049      1.725      0.085

 P3         ON
    P2                 0.068      0.073      0.928      0.354
    V2                 0.084      0.049      1.725      0.085

 P2         ON
    P1                 0.068      0.073      0.928      0.354
    V1                 0.084      0.049      1.725      0.085

 V4         ON
    V3                 0.057      0.114      0.505      0.614
    P3                -0.035      0.109     -0.321      0.748

 V3         ON
    V2                 0.057      0.114      0.505      0.614
    P2                -0.035      0.109     -0.321      0.748

 V2         ON
    V1                 0.057      0.114      0.505      0.614
    P1                -0.035      0.109     -0.321      0.748

 S_BFI_N  WITH
    I_BFI_N           -1.150      0.930     -1.236      0.217
    S_ASPFIN_D         0.009      0.157      0.057      0.954
    I_ASPFIN_D         1.649      3.213      0.513      0.608

 I_BFI_N  WITH
    S_ASPFIN_D        -2.286      3.196     -0.715      0.474
    I_ASPFIN_D       -27.074     20.699     -1.308      0.191

 S_ASPFIN WITH
    I_ASPFIN_D        -2.090      1.305     -1.602      0.109

 P1       WITH
    V1                -2.496     16.089     -0.155      0.877

 P2       WITH
    V2                -4.192      7.552     -0.555      0.579

 P3       WITH
    V3                -4.192      7.552     -0.555      0.579

 P4       WITH
    V4                -4.192      7.552     -0.555      0.579

 Means
    P1                 0.000      0.000    999.000    999.000
    V1                 0.000      0.000    999.000    999.000
    I_BFI_N           49.182      0.698     70.447      0.000
    S_BFI_N           -0.271      0.063     -4.329      0.000
    I_ASPFIN_D        43.244      0.773     55.938      0.000
    S_ASPFIN_D        -0.139      0.067     -2.063      0.039

 Intercepts
    ABFI_N             0.000      0.000    999.000    999.000
    BBFI_N             0.000      0.000    999.000    999.000
    CBFI_N             0.000      0.000    999.000    999.000
    DBFI_N             0.000      0.000    999.000    999.000
    AASPFIN_D          0.000      0.000    999.000    999.000
    BASPFIN_D          0.000      0.000    999.000    999.000
    CASPFIN_D          0.000      0.000    999.000    999.000
    DASPFIN_D          0.000      0.000    999.000    999.000
    P2                 0.000      0.000    999.000    999.000
    P3                 0.000      0.000    999.000    999.000
    P4                 0.000      0.000    999.000    999.000
    V2                 0.000      0.000    999.000    999.000
    V3                 0.000      0.000    999.000    999.000
    V4                 0.000      0.000    999.000    999.000

 Variances
    P1               121.757     20.314      5.994      0.000
    V1               108.722     18.256      5.955      0.000
    I_BFI_N          343.556     23.417     14.671      0.000
    S_BFI_N            0.173      0.168      1.029      0.304
    I_ASPFIN_D       419.714     29.198     14.375      0.000
    S_ASPFIN_D         0.125      0.223      0.560      0.576

 Residual Variances
    ABFI_N             0.000      0.000    999.000    999.000
    BBFI_N             0.000      0.000    999.000    999.000
    CBFI_N             0.000      0.000    999.000    999.000
    DBFI_N             0.000      0.000    999.000    999.000
    AASPFIN_D          0.000      0.000    999.000    999.000
    BASPFIN_D          0.000      0.000    999.000    999.000
    CASPFIN_D          0.000      0.000    999.000    999.000
    DASPFIN_D          0.000      0.000    999.000    999.000
    P2                72.142      9.688      7.446      0.000
    P3                72.142      9.688      7.446      0.000
    P4                72.142      9.688      7.446      0.000
    V2               149.664     19.073      7.847      0.000
    V3               149.664     19.073      7.847      0.000
    V4               149.664     19.073      7.847      0.000

Group D4

 P1       BY
    ABFI_N             1.000      0.000    999.000    999.000

 P2       BY
    BBFI_N             1.000      0.000    999.000    999.000

 P3       BY
    CBFI_N             1.000      0.000    999.000    999.000

 P4       BY
    DBFI_N             1.000      0.000    999.000    999.000

 V1       BY
    AASPFIN_D          1.000      0.000    999.000    999.000

 V2       BY
    BASPFIN_D          1.000      0.000    999.000    999.000

 V3       BY
    CASPFIN_D          1.000      0.000    999.000    999.000

 V4       BY
    DASPFIN_D          1.000      0.000    999.000    999.000

 P4         ON
    P3                 0.107      0.093      1.149      0.251
    V3                 0.030      0.059      0.509      0.611

 P3         ON
    P2                 0.107      0.093      1.149      0.251
    V2                 0.030      0.059      0.509      0.611

 P2         ON
    P1                 0.107      0.093      1.149      0.251
    V1                 0.030      0.059      0.509      0.611

 V4         ON
    V3                 0.136      0.089      1.516      0.130
    P3                -0.121      0.111     -1.093      0.274

 V3         ON
    V2                 0.136      0.089      1.516      0.130
    P2                -0.121      0.111     -1.093      0.274

 V2         ON
    V1                 0.136      0.089      1.516      0.130
    P1                -0.121      0.111     -1.093      0.274

 S_BFI_N  WITH
    I_BFI_N           -1.150      0.930     -1.236      0.217
    S_ASPFIN_D         0.009      0.157      0.057      0.954
    I_ASPFIN_D         1.649      3.213      0.513      0.608

 I_BFI_N  WITH
    S_ASPFIN_D        -2.286      3.196     -0.715      0.474
    I_ASPFIN_D       -27.074     20.699     -1.308      0.191

 S_ASPFIN WITH
    I_ASPFIN_D        -2.090      1.305     -1.602      0.109

 P1       WITH
    V1                -6.746     13.094     -0.515      0.606

 P2       WITH
    V2               -12.796     10.678     -1.198      0.231

 P3       WITH
    V3               -12.796     10.678     -1.198      0.231

 P4       WITH
    V4               -12.796     10.678     -1.198      0.231

 Means
    P1                 0.000      0.000    999.000    999.000
    V1                 0.000      0.000    999.000    999.000
    I_BFI_N           49.182      0.698     70.447      0.000
    S_BFI_N           -0.271      0.063     -4.329      0.000
    I_ASPFIN_D        43.244      0.773     55.938      0.000
    S_ASPFIN_D        -0.139      0.067     -2.063      0.039

 Intercepts
    ABFI_N             0.000      0.000    999.000    999.000
    BBFI_N             0.000      0.000    999.000    999.000
    CBFI_N             0.000      0.000    999.000    999.000
    DBFI_N             0.000      0.000    999.000    999.000
    AASPFIN_D          0.000      0.000    999.000    999.000
    BASPFIN_D          0.000      0.000    999.000    999.000
    CASPFIN_D          0.000      0.000    999.000    999.000
    DASPFIN_D          0.000      0.000    999.000    999.000
    P2                 0.000      0.000    999.000    999.000
    P3                 0.000      0.000    999.000    999.000
    P4                 0.000      0.000    999.000    999.000
    V2                 0.000      0.000    999.000    999.000
    V3                 0.000      0.000    999.000    999.000
    V4                 0.000      0.000    999.000    999.000

 Variances
    P1                84.634     17.564      4.819      0.000
    V1               154.614     23.826      6.489      0.000
    I_BFI_N          343.556     23.417     14.671      0.000
    S_BFI_N            0.173      0.168      1.029      0.304
    I_ASPFIN_D       419.714     29.198     14.375      0.000
    S_ASPFIN_D         0.125      0.223      0.560      0.576

 Residual Variances
    ABFI_N             0.000      0.000    999.000    999.000
    BBFI_N             0.000      0.000    999.000    999.000
    CBFI_N             0.000      0.000    999.000    999.000
    DBFI_N             0.000      0.000    999.000    999.000
    AASPFIN_D          0.000      0.000    999.000    999.000
    BASPFIN_D          0.000      0.000    999.000    999.000
    CASPFIN_D          0.000      0.000    999.000    999.000
    DASPFIN_D          0.000      0.000    999.000    999.000
    P2                87.869     10.539      8.338      0.000
    P3                87.869     10.539      8.338      0.000
    P4                87.869     10.539      8.338      0.000
    V2               142.520     19.469      7.320      0.000
    V3               142.520     19.469      7.320      0.000
    V4               142.520     19.469      7.320      0.000

Group D5

 P1       BY
    ABFI_N             1.000      0.000    999.000    999.000

 P2       BY
    BBFI_N             1.000      0.000    999.000    999.000

 P3       BY
    CBFI_N             1.000      0.000    999.000    999.000

 P4       BY
    DBFI_N             1.000      0.000    999.000    999.000

 V1       BY
    AASPFIN_D          1.000      0.000    999.000    999.000

 V2       BY
    BASPFIN_D          1.000      0.000    999.000    999.000

 V3       BY
    CASPFIN_D          1.000      0.000    999.000    999.000

 V4       BY
    DASPFIN_D          1.000      0.000    999.000    999.000

 P4         ON
    P3                 0.165      0.146      1.131      0.258
    V3                 0.005      0.071      0.071      0.943

 P3         ON
    P2                 0.165      0.146      1.131      0.258
    V2                 0.005      0.071      0.071      0.943

 P2         ON
    P1                 0.165      0.146      1.131      0.258
    V1                 0.005      0.071      0.071      0.943

 V4         ON
    V3                 0.151      0.121      1.246      0.213
    P3                -0.058      0.134     -0.435      0.664

 V3         ON
    V2                 0.151      0.121      1.246      0.213
    P2                -0.058      0.134     -0.435      0.664

 V2         ON
    V1                 0.151      0.121      1.246      0.213
    P1                -0.058      0.134     -0.435      0.664

 S_BFI_N  WITH
    I_BFI_N           -1.150      0.930     -1.236      0.217
    S_ASPFIN_D         0.009      0.157      0.057      0.954
    I_ASPFIN_D         1.649      3.213      0.513      0.608

 I_BFI_N  WITH
    S_ASPFIN_D        -2.286      3.196     -0.715      0.474
    I_ASPFIN_D       -27.074     20.699     -1.308      0.191

 S_ASPFIN WITH
    I_ASPFIN_D        -2.090      1.305     -1.602      0.109

 P1       WITH
    V1                 0.605     20.695      0.029      0.977

 P2       WITH
    V2                 6.925     10.659      0.650      0.516

 P3       WITH
    V3                 6.925     10.659      0.650      0.516

 P4       WITH
    V4                 6.925     10.659      0.650      0.516

 Means
    P1                 0.000      0.000    999.000    999.000
    V1                 0.000      0.000    999.000    999.000
    I_BFI_N           49.182      0.698     70.447      0.000
    S_BFI_N           -0.271      0.063     -4.329      0.000
    I_ASPFIN_D        43.244      0.773     55.938      0.000
    S_ASPFIN_D        -0.139      0.067     -2.063      0.039

 Intercepts
    ABFI_N             0.000      0.000    999.000    999.000
    BBFI_N             0.000      0.000    999.000    999.000
    CBFI_N             0.000      0.000    999.000    999.000
    DBFI_N             0.000      0.000    999.000    999.000
    AASPFIN_D          0.000      0.000    999.000    999.000
    BASPFIN_D          0.000      0.000    999.000    999.000
    CASPFIN_D          0.000      0.000    999.000    999.000
    DASPFIN_D          0.000      0.000    999.000    999.000
    P2                 0.000      0.000    999.000    999.000
    P3                 0.000      0.000    999.000    999.000
    P4                 0.000      0.000    999.000    999.000
    V2                 0.000      0.000    999.000    999.000
    V3                 0.000      0.000    999.000    999.000
    V4                 0.000      0.000    999.000    999.000

 Variances
    P1               117.714     21.793      5.401      0.000
    V1               146.746     29.087      5.045      0.000
    I_BFI_N          343.556     23.417     14.671      0.000
    S_BFI_N            0.173      0.168      1.029      0.304
    I_ASPFIN_D       419.714     29.198     14.375      0.000
    S_ASPFIN_D         0.125      0.223      0.560      0.576

 Residual Variances
    ABFI_N             0.000      0.000    999.000    999.000
    BBFI_N             0.000      0.000    999.000    999.000
    CBFI_N             0.000      0.000    999.000    999.000
    DBFI_N             0.000      0.000    999.000    999.000
    AASPFIN_D          0.000      0.000    999.000    999.000
    BASPFIN_D          0.000      0.000    999.000    999.000
    CASPFIN_D          0.000      0.000    999.000    999.000
    DASPFIN_D          0.000      0.000    999.000    999.000
    P2                71.936     15.209      4.730      0.000
    P3                71.936     15.209      4.730      0.000
    P4                71.936     15.209      4.730      0.000
    V2               149.495     21.105      7.083      0.000
    V3               149.495     21.105      7.083      0.000
    V4               149.495     21.105      7.083      0.000


QUALITY OF NUMERICAL RESULTS

     Condition Number for the Information Matrix              0.188E-05
       (ratio of smallest to largest eigenvalue)


     Beginning Time:  18:24:00
        Ending Time:  18:24:14
       Elapsed Time:  00:00:14



MUTHEN & MUTHEN
3463 Stoner Ave.
Los Angeles, CA  90066

Tel: (310) 391-9971
Fax: (310) 391-8971
Web: www.StatModel.com
Support: Support@StatModel.com

Copyright (c) 1998-2017 Muthen & Muthen
