Mplus VERSION 8 (Linux)
MUTHEN & MUTHEN
07/08/2018   5:57 PM

INPUT INSTRUCTIONS


  title: PxVx Bivariate LCM-SR - 40splitgroup - Linear bfi_e with Linear hrz_ind;
  data: file = /home/jflournoy/code_new/lnt_pxvx/Data/lnt_nat_recalc.tsv;

  variable:
  names =
  subjid
  aage
  aaspfin
  aaspfin_d
  abfa_mt
  abfa_mt_d
  abfas_ac
  abfas_ap
  abfas_ci
  abfas_co
  abfas_ea
  abfas_ee
  abfas_nv
  abfas_nv9
  abfas_nw
  abfas_oi
  abfas_oo
  abfi_a
  abfi_a6
  abfi_c
  abfi_d_scale
  abfi_e
  abfi_hp8
  abfi_n
  abfi_o
  abfi_s_scale
  ahrz_col
  ahrz_col_d
  ahrz_ind
  ahrz_ind_d
  amvi
  ausi
  ausi_d
  avrt_col
  avrt_col_d
  avrt_ind
  avrt_ind_d
  bage
  baspfin
  baspfin_d
  bbfa_mt
  bbfa_mt_d
  bbfas_ac
  bbfas_ap
  bbfas_ci
  bbfas_co
  bbfas_ea
  bbfas_ee
  bbfas_nv
  bbfas_nv9
  bbfas_nw
  bbfas_oi
  bbfas_oo
  bbfi_a
  bbfi_a6
  bbfi_c
  bbfi_d_scale
  bbfi_e
  bbfi_hp8
  bbfi_n
  bbfi_o
  bbfi_s_scale
  bhrz_col
  bhrz_col_d
  bhrz_ind
  bhrz_ind_d
  bmvi
  busi
  busi_d
  bvrt_col
  bvrt_col_d
  bvrt_ind
  bvrt_ind_d
  cage
  caspfin
  caspfin_d
  cbfa_mt
  cbfa_mt_d
  cbfas_ac
  cbfas_ap
  cbfas_ci
  cbfas_co
  cbfas_ea
  cbfas_ee
  cbfas_nv
  cbfas_nv9
  cbfas_nw
  cbfas_oi
  cbfas_oo
  cbfi_a
  cbfi_a6
  cbfi_c
  cbfi_d_scale
  cbfi_e
  cbfi_hp8
  cbfi_n
  cbfi_o
  cbfi_s_scale
  chrz_col
  chrz_col_d
  chrz_ind
  chrz_ind_d
  cmvi
  cusi
  cusi_d
  cvrt_col
  cvrt_col_d
  cvrt_ind
  cvrt_ind_d
  dage
  daspfin
  daspfin_d
  dbfa_mt
  dbfa_mt_d
  dbfas_ac
  dbfas_ap
  dbfas_ci
  dbfas_co
  dbfas_ea
  dbfas_ee
  dbfas_nv
  dbfas_nv9
  dbfas_nw
  dbfas_oi
  dbfas_oo
  dbfi_a
  dbfi_a6
  dbfi_c
  dbfi_d_scale
  dbfi_e
  dbfi_hp8
  dbfi_n
  dbfi_o
  dbfi_s_scale
  dhrz_col
  dhrz_col_d
  dhrz_ind
  dhrz_ind_d
  dmvi
  dusi
  dusi_d
  dvrt_col
  dvrt_col_d
  dvrt_ind
  dvrt_ind_d;

  USEVARIABLES =
  abfi_e
  bbfi_e
  cbfi_e
  dbfi_e
  ahrz_ind
  bhrz_ind
  chrz_ind
  dhrz_ind
  a1
  a2
  a3
  a4
  aagegrp
  ;

  missing = all (-9999);

  tscores = a1 a2 a3 a4;

  grouping = aagegrp (0=earlier, 1=later);

  DEFINE:

  aagegrp = aage;

  cut aagegrp (39);

  a1 = aage + 0 - 36;
  a2 = aage + 1 - 36;
  a3 = aage + 2 - 36;
  a4 = aage + 3 - 36;

  ANALYSIS:
  TYPE=RANDOM;
  PROCESSORS = 6;
  model=nocovariances; ! supresses default estimation of certain covs in model;

  MODEL:

  i_bfi_e s_bfi_e | abfi_e bbfi_e cbfi_e dbfi_e AT a1 a2 a3 a4;
  i_hrz_ind s_hrz_ind | ahrz_ind bhrz_ind chrz_ind dhrz_ind AT a1 a2 a3 a4;

  ! freeing factor covs because of "nocovariances"
  ! But ensure they are constrained across groups
  s_bfi_e WITH i_bfi_e (p)
  s_hrz_ind (q)
  i_hrz_ind (r);
  i_bfi_e WITH s_hrz_ind (s)
  i_hrz_ind (t);
  s_hrz_ind WITH i_hrz_ind (u);

  !constrain latent growth means across groups
  [i_bfi_e] (v);
  [s_bfi_e] (w);
  [i_hrz_ind] (x);
  [s_hrz_ind] (y);

  !constrain latent growth variances across groups
  i_bfi_e (l);
  s_bfi_e (m);
  i_hrz_ind (n);
  s_hrz_ind (o);

  p1 BY abfi_e@1; ! Residual "factors";
  p2 BY bbfi_e@1;
  p3 BY cbfi_e@1;
  p4 BY dbfi_e@1;

  v1 BY ahrz_ind@1; ! Residual "factors";
  v2 BY bhrz_ind@1;
  v3 BY chrz_ind@1;
  v4 BY dhrz_ind@1;

  !residual variances on observed/manifest vars set to 0
  abfi_e@0;
  bbfi_e@0;
  cbfi_e@0;
  dbfi_e@0;

  !residual variances on observed/manifest vars set to 0
  ahrz_ind@0;
  bhrz_ind@0;
  chrz_ind@0;
  dhrz_ind@0;

  ! means of observed/manifest vars set to 0
  [abfi_e@0];
  [bbfi_e@0];
  [cbfi_e@0];
  [dbfi_e@0];

  ! means of observed/manifest vars set to 0
  [ahrz_ind@0];
  [bhrz_ind@0];
  [chrz_ind@0];
  [dhrz_ind@0];

  [p1@0]; ! means of residual "factors" set to 0
  [p2@0];
  [p3@0];
  [p4@0];

  [v1@0]; ! means of residual "factors" set to 0
  [v2@0];
  [v3@0];
  [v4@0];

  p4 on p3 (a); ! Autoregressive paths constrained to equality
  p3 on p2 (a);
  p2 on p1 (a);

  v4 on v3 (b); ! Autoregressive paths constrained to equality
  v3 on v2 (b);
  v2 on v1 (b);

  p4 on v3 (c); ! Cross-lagged paths constrained to equality
  p3 on v2 (c);
  p2 on v1 (c);

  v4 on p3 (d); ! Cross-lagged paths constrained to equality
  v3 on p2 (d);
  v2 on p1 (d);

  p1 with v1; !(this one is not like the others)

  p2 with v2 (e); ! Within-wave correlations constrained to equality
  p3 with v3 (e);
  p4 with v4 (e);

  p2 p3 p4 (f); ! estimate variances of residual "factors"
  v2 v3 v4 (g); ! estimate variances of residual "factors"

  MODEL earlier:

  p4 on p3 (a23); ! Autoregressive paths constrained to equality
  p3 on p2 (a23);
  p2 on p1 (a23);

  v4 on v3 (b23); ! Autoregressive paths constrained to equality
  v3 on v2 (b23);
  v2 on v1 (b23);

  p4 on v3 (c23); ! Cross-lagged paths constrained to equality
  p3 on v2 (c23);
  p2 on v1 (c23);

  v4 on p3 (d23); ! Cross-lagged paths constrained to equality
  v3 on p2 (d23);
  v2 on p1 (d23);

  p1 with v1; !(this one is not like the others)

  p2 with v2 (e23); ! Within-wave correlations constrained to equality
  p3 with v3 (e23);
  p4 with v4 (e23);

  p2 p3 p4 (f23); ! estimate variances of residual "factors"
  v2 v3 v4 (g23); ! estimate variances of residual "factors"

  MODEL later:

  p4 on p3 (a45); ! Autoregressive paths constrained to equality
  p3 on p2 (a45);
  p2 on p1 (a45);

  v4 on v3 (b45); ! Autoregressive paths constrained to equality
  v3 on v2 (b45);
  v2 on v1 (b45);

  p4 on v3 (c45); ! Cross-lagged paths constrained to equality
  p3 on v2 (c45);
  p2 on v1 (c45);

  v4 on p3 (d45); ! Cross-lagged paths constrained to equality
  v3 on p2 (d45);
  v2 on p1 (d45);

  p1 with v1; !(this one is not like the others)

  p2 with v2 (e45); ! Within-wave correlations constrained to equality
  p3 with v3 (e45);
  p4 with v4 (e45);

  p2 p3 p4 (f45); ! estimate variances of residual "factors"
  v2 v3 v4 (g45); ! estimate variances of residual "factors"

  OUTPUT: SAMPSTAT PATTERNS;



*** WARNING
  Data set contains unknown or missing values for GROUPING,
  PATTERN, COHORT, CLUSTER and/or STRATIFICATION variables.
  Number of cases with unknown or missing values:  5
   1 WARNING(S) FOUND IN THE INPUT INSTRUCTIONS



PxVx Bivariate LCM-SR - 40splitgroup - Linear bfi_e with Linear hrz_ind;

SUMMARY OF ANALYSIS

Number of groups                                                 2
Number of observations
   Group EARLIER                                               534
   Group LATER                                                 330
   Total sample size                                           864

Number of dependent variables                                    8
Number of independent variables                                  0
Number of continuous latent variables                           12

Observed dependent variables

  Continuous
   ABFI_E      BBFI_E      CBFI_E      DBFI_E      AHRZ_IND    BHRZ_IND
   CHRZ_IND    DHRZ_IND

Continuous latent variables
   P1          P2          P3          P4          V1          V2
   V3          V4          I_BFI_E     S_BFI_E     I_HRZ_IN    S_HRZ_IN

Variables with special functions

  Grouping variable     AAGEGRP

  Time scores
   A1          A2          A3          A4


Estimator                                                      MLR
Information matrix                                        OBSERVED
Maximum number of iterations                                   100
Convergence criterion                                    0.100D-05
Maximum number of EM iterations                                500
Convergence criteria for the EM algorithm
  Loglikelihood change                                   0.100D-02
  Relative loglikelihood change                          0.100D-05
  Derivative                                             0.100D-03
Minimum variance                                         0.100D-03
Maximum number of steepest descent iterations                   20
Maximum number of iterations for H1                           2000
Convergence criterion for H1                             0.100D-03
Optimization algorithm                                         EMA

Input data file(s)
  /home/jflournoy/code_new/lnt_pxvx/Data/lnt_nat_recalc.tsv
Input data format  FREE


SUMMARY OF DATA

   Group EARLIER
     Number of missing data patterns            16

   Group LATER
     Number of missing data patterns            16


SUMMARY OF MISSING DATA PATTERNS


     MISSING DATA PATTERNS (x = not missing) FOR EARLIER

           1  2  3  4  5  6  7  8  9 10 11 12 13 14 15 16
 ABFI_E    x  x  x  x  x  x  x  x  x  x  x  x  x  x  x  x
 BBFI_E    x     x     x  x  x        x  x  x  x  x
 CBFI_E    x        x  x     x     x  x  x     x  x  x
 DBFI_E    x     x  x  x        x     x        x     x  x
 AHRZ_IND  x  x  x  x  x  x  x  x  x  x  x  x  x  x  x  x
 BHRZ_IND  x     x     x  x  x        x  x        x
 CHRZ_IND  x        x        x     x  x        x  x  x
 DHRZ_IND  x     x  x  x        x              x  x


     MISSING DATA PATTERN FREQUENCIES FOR EARLIER

    Pattern   Frequency     Pattern   Frequency     Pattern   Frequency
          1         327           7          19          13           2
          2         100           8          14          14           1
          3          14           9          11          15           1
          4          12          10           1          16           2
          5           1          11           1
          6          26          12           2


     MISSING DATA PATTERNS (x = not missing) FOR LATER

           1  2  3  4  5  6  7  8  9 10 11 12 13 14 15 16
 ABFI_E    x  x  x  x  x  x  x  x  x  x  x  x     x  x  x
 BBFI_E    x     x     x  x  x        x  x           x
 CBFI_E    x        x  x     x     x     x  x           x
 DBFI_E    x     x  x  x        x        x  x  x     x
 AHRZ_IND  x  x  x  x  x  x  x  x  x  x  x  x  x     x  x
 BHRZ_IND  x     x     x  x  x
 CHRZ_IND  x        x        x     x     x  x
 DHRZ_IND  x     x  x  x        x        x     x     x


     MISSING DATA PATTERN FREQUENCIES FOR LATER

    Pattern   Frequency     Pattern   Frequency     Pattern   Frequency
          1         165           7          26          13           1
          2          68           8           9          14           1
          3          12           9          10          15           1
          4           9          10           2          16           1
          5           1          11           1
          6          22          12           1


COVARIANCE COVERAGE OF DATA

Minimum covariance coverage value   0.100


     PROPORTION OF DATA PRESENT FOR EARLIER


           Covariance Coverage
              ABFI_E        BBFI_E        CBFI_E        DBFI_E        AHRZ_IND
              ________      ________      ________      ________      ________
 ABFI_E         1.000
 BBFI_E         0.738         0.738
 CBFI_E         0.704         0.659         0.704
 DBFI_E         0.700         0.646         0.644         0.700
 AHRZ_IND       1.000         0.738         0.704         0.700         1.000
 BHRZ_IND       0.730         0.730         0.655         0.642         0.730
 CHRZ_IND       0.700         0.655         0.700         0.642         0.700
 DHRZ_IND       0.695         0.646         0.642         0.693         0.695


           Covariance Coverage
              BHRZ_IND      CHRZ_IND      DHRZ_IND
              ________      ________      ________
 BHRZ_IND       0.730
 CHRZ_IND       0.652         0.700
 DHRZ_IND       0.642         0.640         0.695


     PROPORTION OF DATA PRESENT FOR LATER


           Covariance Coverage
              ABFI_E        BBFI_E        CBFI_E        DBFI_E        AHRZ_IND
              ________      ________      ________      ________      ________
 ABFI_E         1.000
 BBFI_E         0.703         0.703
 CBFI_E         0.658         0.597         0.658
 DBFI_E         0.609         0.548         0.542         0.609
 AHRZ_IND       1.000         0.703         0.658         0.609         1.000
 BHRZ_IND       0.697         0.697         0.594         0.545         0.697
 CHRZ_IND       0.652         0.591         0.652         0.539         0.652
 DHRZ_IND       0.600         0.545         0.536         0.597         0.600


           Covariance Coverage
              BHRZ_IND      CHRZ_IND      DHRZ_IND
              ________      ________      ________
 BHRZ_IND       0.697
 CHRZ_IND       0.588         0.652
 DHRZ_IND       0.542         0.533         0.600


SAMPLE STATISTICS


     ESTIMATED SAMPLE STATISTICS FOR EARLIER


           Means
              ABFI_E        BBFI_E        CBFI_E        DBFI_E        AHRZ_IND
              ________      ________      ________      ________      ________
               53.519        53.474        52.462        52.232        75.051


           Means
              BHRZ_IND      CHRZ_IND      DHRZ_IND
              ________      ________      ________
               74.677        74.867        74.162


           Covariances
              ABFI_E        BBFI_E        CBFI_E        DBFI_E        AHRZ_IND
              ________      ________      ________      ________      ________
 ABFI_E       515.266
 BBFI_E       437.342       486.633
 CBFI_E       422.378       420.501       473.976
 DBFI_E       407.723       400.538       412.498       467.796
 AHRZ_IND      -8.224         1.143       -24.376       -18.760       252.278
 BHRZ_IND      18.218        24.387         8.028         3.481       144.316
 CHRZ_IND      35.232        26.092        25.227        12.464       136.283
 DHRZ_IND      30.743        44.601        30.720        23.717       131.948


           Covariances
              BHRZ_IND      CHRZ_IND      DHRZ_IND
              ________      ________      ________
 BHRZ_IND     255.837
 CHRZ_IND     138.674       257.290
 DHRZ_IND     151.606       164.995       259.146


           Correlations
              ABFI_E        BBFI_E        CBFI_E        DBFI_E        AHRZ_IND
              ________      ________      ________      ________      ________
 ABFI_E         1.000
 BBFI_E         0.873         1.000
 CBFI_E         0.855         0.876         1.000
 DBFI_E         0.830         0.839         0.876         1.000
 AHRZ_IND      -0.023         0.003        -0.070        -0.055         1.000
 BHRZ_IND       0.050         0.069         0.023         0.010         0.568
 CHRZ_IND       0.097         0.074         0.072         0.036         0.535
 DHRZ_IND       0.084         0.126         0.088         0.068         0.516


           Correlations
              BHRZ_IND      CHRZ_IND      DHRZ_IND
              ________      ________      ________
 BHRZ_IND       1.000
 CHRZ_IND       0.541         1.000
 DHRZ_IND       0.589         0.639         1.000


     ESTIMATED SAMPLE STATISTICS FOR LATER


           Means
              ABFI_E        BBFI_E        CBFI_E        DBFI_E        AHRZ_IND
              ________      ________      ________      ________      ________
               57.145        56.398        57.244        56.599        73.497


           Means
              BHRZ_IND      CHRZ_IND      DHRZ_IND
              ________      ________      ________
               74.157        73.810        72.800


           Covariances
              ABFI_E        BBFI_E        CBFI_E        DBFI_E        AHRZ_IND
              ________      ________      ________      ________      ________
 ABFI_E       448.626
 BBFI_E       392.265       458.043
 CBFI_E       394.026       395.841       444.856
 DBFI_E       398.653       399.781       416.154       493.832
 AHRZ_IND      31.532        10.985        31.582        20.052       247.118
 BHRZ_IND      15.972         6.595        20.250         5.699       134.140
 CHRZ_IND      12.137         5.414        10.555         0.157       124.999
 DHRZ_IND      16.546         9.711        29.955         9.130       131.841


           Covariances
              BHRZ_IND      CHRZ_IND      DHRZ_IND
              ________      ________      ________
 BHRZ_IND     239.679
 CHRZ_IND     133.979       215.517
 DHRZ_IND     143.916       136.916       220.875


           Correlations
              ABFI_E        BBFI_E        CBFI_E        DBFI_E        AHRZ_IND
              ________      ________      ________      ________      ________
 ABFI_E         1.000
 BBFI_E         0.865         1.000
 CBFI_E         0.882         0.877         1.000
 DBFI_E         0.847         0.841         0.888         1.000
 AHRZ_IND       0.095         0.033         0.095         0.057         1.000
 BHRZ_IND       0.049         0.020         0.062         0.017         0.551
 CHRZ_IND       0.039         0.017         0.034         0.000         0.542
 DHRZ_IND       0.053         0.031         0.096         0.028         0.564


           Correlations
              BHRZ_IND      CHRZ_IND      DHRZ_IND
              ________      ________      ________
 BHRZ_IND       1.000
 CHRZ_IND       0.589         1.000
 DHRZ_IND       0.625         0.628         1.000


     MAXIMUM LOG-LIKELIHOOD VALUE FOR THE UNRESTRICTED (H1) MODEL IS -21076.309


UNIVARIATE SAMPLE STATISTICS


     UNIVARIATE HIGHER-ORDER MOMENT DESCRIPTIVE STATISTICS FOR EARLIER

         Variable/         Mean/     Skewness/   Minimum/ % with                Percentiles
        Sample Size      Variance    Kurtosis    Maximum  Min/Max      20%/60%    40%/80%    Median

     ABFI_E               53.519      -0.110       0.000    0.37%      34.375     50.000     53.125
             534.000     515.266      -0.620     100.000    0.56%      59.375     75.000
     BBFI_E               53.114      -0.083       0.000    0.51%      34.375     50.000     53.125
             394.000     482.653      -0.440     100.000    1.02%      59.375     71.875
     CBFI_E               51.828      -0.021       0.000    0.27%      31.250     46.875     53.125
             376.000     484.990      -0.463     100.000    1.33%      56.250     68.750
     DBFI_E               51.878      -0.073       0.000    0.53%      34.375     46.875     51.562
             374.000     483.926      -0.489     100.000    1.34%      56.250     68.750
     AHRZ_IND             75.051      -0.435      25.000    0.37%      62.500     68.750     75.000
             534.000     252.278      -0.205     100.000    7.68%      81.250     87.500
     BHRZ_IND             74.434      -0.253      31.250    0.77%      58.333     68.750     75.000
             390.000     257.803      -0.479     100.000   10.26%      81.250     87.500
     CHRZ_IND             75.045      -0.457      25.000    0.80%      62.500     68.750     75.000
             374.000     254.821      -0.031     100.000    9.36%      81.250     87.500
     DHRZ_IND             74.478      -0.480      18.750    0.27%      62.500     75.000     75.000
             371.000     254.844      -0.123     100.000    8.09%      81.250     87.500


     UNIVARIATE HIGHER-ORDER MOMENT DESCRIPTIVE STATISTICS FOR LATER

         Variable/         Mean/     Skewness/   Minimum/ % with                Percentiles
        Sample Size      Variance    Kurtosis    Maximum  Min/Max      20%/60%    40%/80%    Median

     ABFI_E               57.146      -0.138       3.125    0.30%      37.500     53.125     59.375
             329.000     449.607      -0.625     100.000    1.52%      62.500     75.000
     BBFI_E               54.275      -0.100       6.250    0.43%      34.375     46.875     53.125
             230.000     469.667      -0.844     100.000    0.43%      59.375     75.000
     CBFI_E               56.263      -0.207       3.125    0.47%      34.375     50.000     59.375
             214.000     469.461      -0.633     100.000    1.40%      62.500     75.000
     DBFI_E               56.357      -0.081       0.000    0.50%      34.375     50.000     56.250
             200.000     505.549      -0.725     100.000    1.00%      62.500     78.125
     AHRZ_IND             73.499      -0.431      18.750    0.30%      62.500     68.750     75.000
             329.000     247.122      -0.165     100.000    6.08%      75.000     87.500
     BHRZ_IND             74.668      -0.398      31.250    0.88%      62.500     68.750     75.000
             226.000     239.796      -0.071     100.000    8.85%      81.250     87.500
     CHRZ_IND             73.732      -0.257      31.250    0.94%      62.500     68.750     75.000
             212.000     217.475      -0.242     100.000    5.66%      75.000     87.500
     DHRZ_IND             72.760      -0.483      25.000    0.50%      62.500     68.750     75.000
             199.000     223.772      -0.133     100.000    4.02%      81.250     87.500


THE MODEL ESTIMATION TERMINATED NORMALLY



MODEL FIT INFORMATION

Number of Free Parameters                       34

Loglikelihood

          H0 Value                      -21107.963
          H0 Scaling Correction Factor      1.2438
            for MLR

Information Criteria

          Akaike (AIC)                   42283.925
          Bayesian (BIC)                 42445.819
          Sample-Size Adjusted BIC       42337.843
            (n* = (n + 2) / 24)



MODEL RESULTS

                                                    Two-Tailed
                    Estimate       S.E.  Est./S.E.    P-Value

Group EARLIER

 P1       BY
    ABFI_E             1.000      0.000    999.000    999.000

 P2       BY
    BBFI_E             1.000      0.000    999.000    999.000

 P3       BY
    CBFI_E             1.000      0.000    999.000    999.000

 P4       BY
    DBFI_E             1.000      0.000    999.000    999.000

 V1       BY
    AHRZ_IND           1.000      0.000    999.000    999.000

 V2       BY
    BHRZ_IND           1.000      0.000    999.000    999.000

 V3       BY
    CHRZ_IND           1.000      0.000    999.000    999.000

 V4       BY
    DHRZ_IND           1.000      0.000    999.000    999.000

 P4         ON
    P3                 0.231      0.078      2.961      0.003
    V3                 0.013      0.039      0.325      0.745

 P3         ON
    P2                 0.231      0.078      2.961      0.003
    V2                 0.013      0.039      0.325      0.745

 P2         ON
    P1                 0.231      0.078      2.961      0.003
    V1                 0.013      0.039      0.325      0.745

 V4         ON
    V3                 0.082      0.068      1.206      0.228
    P3                 0.024      0.065      0.368      0.713

 V3         ON
    V2                 0.082      0.068      1.206      0.228
    P2                 0.024      0.065      0.368      0.713

 V2         ON
    V1                 0.082      0.068      1.206      0.228
    P1                 0.024      0.065      0.368      0.713

 S_BFI_E  WITH
    I_BFI_E           -1.790      0.962     -1.860      0.063
    S_HRZ_IND         -0.017      0.097     -0.178      0.859
    I_HRZ_IND         -2.855      1.945     -1.468      0.142

 I_BFI_E  WITH
    S_HRZ_IND          2.990      2.037      1.468      0.142
    I_HRZ_IND         14.879     13.534      1.099      0.272

 S_HRZ_IN WITH
    I_HRZ_IND          0.216      0.508      0.425      0.671

 P1       WITH
    V1                -4.840      8.183     -0.591      0.554

 P2       WITH
    V2                 6.263      4.672      1.341      0.180

 P3       WITH
    V3                 6.263      4.672      1.341      0.180

 P4       WITH
    V4                 6.263      4.672      1.341      0.180

 Means
    P1                 0.000      0.000    999.000    999.000
    V1                 0.000      0.000    999.000    999.000
    I_BFI_E           54.325      0.719     75.556      0.000
    S_BFI_E            0.174      0.064      2.704      0.007
    I_HRZ_IND         74.344      0.465    159.760      0.000
    S_HRZ_IND         -0.091      0.042     -2.149      0.032

 Intercepts
    ABFI_E             0.000      0.000    999.000    999.000
    BBFI_E             0.000      0.000    999.000    999.000
    CBFI_E             0.000      0.000    999.000    999.000
    DBFI_E             0.000      0.000    999.000    999.000
    AHRZ_IND           0.000      0.000    999.000    999.000
    BHRZ_IND           0.000      0.000    999.000    999.000
    CHRZ_IND           0.000      0.000    999.000    999.000
    DHRZ_IND           0.000      0.000    999.000    999.000
    P2                 0.000      0.000    999.000    999.000
    P3                 0.000      0.000    999.000    999.000
    P4                 0.000      0.000    999.000    999.000
    V2                 0.000      0.000    999.000    999.000
    V3                 0.000      0.000    999.000    999.000
    V4                 0.000      0.000    999.000    999.000

 Variances
    P1                87.240     10.979      7.946      0.000
    V1               123.486     14.117      8.748      0.000
    I_BFI_E          375.188     24.788     15.136      0.000
    S_BFI_E            0.267      0.169      1.581      0.114
    I_HRZ_IND        130.195     12.079     10.779      0.000
    S_HRZ_IND          0.053      0.090      0.583      0.560

 Residual Variances
    ABFI_E             0.000      0.000    999.000    999.000
    BBFI_E             0.000      0.000    999.000    999.000
    CBFI_E             0.000      0.000    999.000    999.000
    DBFI_E             0.000      0.000    999.000    999.000
    AHRZ_IND           0.000      0.000    999.000    999.000
    BHRZ_IND           0.000      0.000    999.000    999.000
    CHRZ_IND           0.000      0.000    999.000    999.000
    DHRZ_IND           0.000      0.000    999.000    999.000
    P2                73.532      5.608     13.111      0.000
    P3                73.532      5.608     13.111      0.000
    P4                73.532      5.608     13.111      0.000
    V2               113.835      9.411     12.096      0.000
    V3               113.835      9.411     12.096      0.000
    V4               113.835      9.411     12.096      0.000

Group LATER

 P1       BY
    ABFI_E             1.000      0.000    999.000    999.000

 P2       BY
    BBFI_E             1.000      0.000    999.000    999.000

 P3       BY
    CBFI_E             1.000      0.000    999.000    999.000

 P4       BY
    DBFI_E             1.000      0.000    999.000    999.000

 V1       BY
    AHRZ_IND           1.000      0.000    999.000    999.000

 V2       BY
    BHRZ_IND           1.000      0.000    999.000    999.000

 V3       BY
    CHRZ_IND           1.000      0.000    999.000    999.000

 V4       BY
    DHRZ_IND           1.000      0.000    999.000    999.000

 P4         ON
    P3                 0.169      0.107      1.579      0.114
    V3                -0.040      0.046     -0.861      0.389

 P3         ON
    P2                 0.169      0.107      1.579      0.114
    V2                -0.040      0.046     -0.861      0.389

 P2         ON
    P1                 0.169      0.107      1.579      0.114
    V1                -0.040      0.046     -0.861      0.389

 V4         ON
    V3                -0.018      0.059     -0.315      0.753
    P3                 0.034      0.066      0.525      0.599

 V3         ON
    V2                -0.018      0.059     -0.315      0.753
    P2                 0.034      0.066      0.525      0.599

 V2         ON
    V1                -0.018      0.059     -0.315      0.753
    P1                 0.034      0.066      0.525      0.599

 S_BFI_E  WITH
    I_BFI_E           -1.790      0.962     -1.860      0.063
    S_HRZ_IND         -0.017      0.097     -0.178      0.859
    I_HRZ_IND         -2.855      1.945     -1.468      0.142

 I_BFI_E  WITH
    S_HRZ_IND          2.990      2.037      1.468      0.142
    I_HRZ_IND         14.879     13.534      1.099      0.272

 S_HRZ_IN WITH
    I_HRZ_IND          0.216      0.508      0.425      0.671

 P1       WITH
    V1                 9.237      9.364      0.986      0.324

 P2       WITH
    V2                -4.212      5.127     -0.822      0.411

 P3       WITH
    V3                -4.212      5.127     -0.822      0.411

 P4       WITH
    V4                -4.212      5.127     -0.822      0.411

 Means
    P1                 0.000      0.000    999.000    999.000
    V1                 0.000      0.000    999.000    999.000
    I_BFI_E           54.325      0.719     75.556      0.000
    S_BFI_E            0.174      0.064      2.704      0.007
    I_HRZ_IND         74.344      0.465    159.760      0.000
    S_HRZ_IND         -0.091      0.042     -2.149      0.032

 Intercepts
    ABFI_E             0.000      0.000    999.000    999.000
    BBFI_E             0.000      0.000    999.000    999.000
    CBFI_E             0.000      0.000    999.000    999.000
    DBFI_E             0.000      0.000    999.000    999.000
    AHRZ_IND           0.000      0.000    999.000    999.000
    BHRZ_IND           0.000      0.000    999.000    999.000
    CHRZ_IND           0.000      0.000    999.000    999.000
    DHRZ_IND           0.000      0.000    999.000    999.000
    P2                 0.000      0.000    999.000    999.000
    P3                 0.000      0.000    999.000    999.000
    P4                 0.000      0.000    999.000    999.000
    V2                 0.000      0.000    999.000    999.000
    V3                 0.000      0.000    999.000    999.000
    V4                 0.000      0.000    999.000    999.000

 Variances
    P1                63.045      9.078      6.945      0.000
    V1               119.290     17.963      6.641      0.000
    I_BFI_E          375.188     24.788     15.136      0.000
    S_BFI_E            0.267      0.169      1.581      0.114
    I_HRZ_IND        130.195     12.079     10.779      0.000
    S_HRZ_IND          0.053      0.090      0.583      0.560

 Residual Variances
    ABFI_E             0.000      0.000    999.000    999.000
    BBFI_E             0.000      0.000    999.000    999.000
    CBFI_E             0.000      0.000    999.000    999.000
    DBFI_E             0.000      0.000    999.000    999.000
    AHRZ_IND           0.000      0.000    999.000    999.000
    BHRZ_IND           0.000      0.000    999.000    999.000
    CHRZ_IND           0.000      0.000    999.000    999.000
    DHRZ_IND           0.000      0.000    999.000    999.000
    P2                67.965     10.003      6.794      0.000
    P3                67.965     10.003      6.794      0.000
    P4                67.965     10.003      6.794      0.000
    V2                87.288      7.370     11.844      0.000
    V3                87.288      7.370     11.844      0.000
    V4                87.288      7.370     11.844      0.000


QUALITY OF NUMERICAL RESULTS

     Condition Number for the Information Matrix              0.162E-04
       (ratio of smallest to largest eigenvalue)


     Beginning Time:  17:57:23
        Ending Time:  17:57:35
       Elapsed Time:  00:00:12



MUTHEN & MUTHEN
3463 Stoner Ave.
Los Angeles, CA  90066

Tel: (310) 391-9971
Fax: (310) 391-8971
Web: www.StatModel.com
Support: Support@StatModel.com

Copyright (c) 1998-2017 Muthen & Muthen
