Mplus VERSION 8 (Linux)
MUTHEN & MUTHEN
07/07/2018   3:40 PM

INPUT INSTRUCTIONS


  title: PxVx Bivariate LCM-SR - post mi - Linear bfas_ci with Linear hrz_ind;
  data: file = /home/jflournoy/code_new/lnt_pxvx/Data/lnt_nat_recalc.tsv;

  variable:
  names =
  subjid
  aage
  aaspfin
  aaspfin_d
  abfa_mt
  abfa_mt_d
  abfas_ac
  abfas_ap
  abfas_ci
  abfas_co
  abfas_ea
  abfas_ee
  abfas_nv
  abfas_nv9
  abfas_nw
  abfas_oi
  abfas_oo
  abfi_a
  abfi_a6
  abfi_c
  abfi_d_scale
  abfi_e
  abfi_hp8
  abfi_n
  abfi_o
  abfi_s_scale
  ahrz_col
  ahrz_col_d
  ahrz_ind
  ahrz_ind_d
  amvi
  ausi
  ausi_d
  avrt_col
  avrt_col_d
  avrt_ind
  avrt_ind_d
  bage
  baspfin
  baspfin_d
  bbfa_mt
  bbfa_mt_d
  bbfas_ac
  bbfas_ap
  bbfas_ci
  bbfas_co
  bbfas_ea
  bbfas_ee
  bbfas_nv
  bbfas_nv9
  bbfas_nw
  bbfas_oi
  bbfas_oo
  bbfi_a
  bbfi_a6
  bbfi_c
  bbfi_d_scale
  bbfi_e
  bbfi_hp8
  bbfi_n
  bbfi_o
  bbfi_s_scale
  bhrz_col
  bhrz_col_d
  bhrz_ind
  bhrz_ind_d
  bmvi
  busi
  busi_d
  bvrt_col
  bvrt_col_d
  bvrt_ind
  bvrt_ind_d
  cage
  caspfin
  caspfin_d
  cbfa_mt
  cbfa_mt_d
  cbfas_ac
  cbfas_ap
  cbfas_ci
  cbfas_co
  cbfas_ea
  cbfas_ee
  cbfas_nv
  cbfas_nv9
  cbfas_nw
  cbfas_oi
  cbfas_oo
  cbfi_a
  cbfi_a6
  cbfi_c
  cbfi_d_scale
  cbfi_e
  cbfi_hp8
  cbfi_n
  cbfi_o
  cbfi_s_scale
  chrz_col
  chrz_col_d
  chrz_ind
  chrz_ind_d
  cmvi
  cusi
  cusi_d
  cvrt_col
  cvrt_col_d
  cvrt_ind
  cvrt_ind_d
  dage
  daspfin
  daspfin_d
  dbfa_mt
  dbfa_mt_d
  dbfas_ac
  dbfas_ap
  dbfas_ci
  dbfas_co
  dbfas_ea
  dbfas_ee
  dbfas_nv
  dbfas_nv9
  dbfas_nw
  dbfas_oi
  dbfas_oo
  dbfi_a
  dbfi_a6
  dbfi_c
  dbfi_d_scale
  dbfi_e
  dbfi_hp8
  dbfi_n
  dbfi_o
  dbfi_s_scale
  dhrz_col
  dhrz_col_d
  dhrz_ind
  dhrz_ind_d
  dmvi
  dusi
  dusi_d
  dvrt_col
  dvrt_col_d
  dvrt_ind
  dvrt_ind_d;

  USEVARIABLES =
  abfas_ci
  bbfas_ci
  cbfas_ci
  dbfas_ci
  ahrz_ind
  bhrz_ind
  chrz_ind
  dhrz_ind
  a1
  a2
  a3
  a4
  ;

  missing = all (-9999);

  tscores = a1 a2 a3 a4;

  DEFINE:
  a1 = aage + 0 - 36;
  a2 = aage + 1 - 36;
  a3 = aage + 2 - 36;
  a4 = aage + 3 - 36;

  ANALYSIS:
  TYPE=RANDOM;
  PROCESSORS = 6;
  model=nocovariances; ! supresses default estimation of certain covs in model;

  MODEL:

  i_bfas_ci s_bfas_ci | abfas_ci bbfas_ci cbfas_ci dbfas_ci AT a1 a2 a3 a4;
  i_hrz_ind s_hrz_ind | ahrz_ind bhrz_ind chrz_ind dhrz_ind AT a1 a2 a3 a4;

  ! freeing factor covs because of "nocovariances"
  s_bfas_ci WITH i_bfas_ci s_hrz_ind i_hrz_ind;
  i_bfas_ci WITH s_hrz_ind i_hrz_ind;
  s_hrz_ind WITH i_hrz_ind;

  p1 BY abfas_ci@1; ! Residual "factors";
  p2 BY bbfas_ci@1;
  p3 BY cbfas_ci@1;
  p4 BY dbfas_ci@1;

  v1 BY ahrz_ind@1; ! Residual "factors";
  v2 BY bhrz_ind@1;
  v3 BY chrz_ind@1;
  v4 BY dhrz_ind@1;

  !residual variances on observed/manifest vars set to 0
  abfas_ci@0;
  bbfas_ci@0;
  cbfas_ci@0;
  dbfas_ci@0;

  !residual variances on observed/manifest vars set to 0
  ahrz_ind@0;
  bhrz_ind@0;
  chrz_ind@0;
  dhrz_ind@0;

  ! means of observed/manifest vars set to 0
  [abfas_ci@0];
  [bbfas_ci@0];
  [cbfas_ci@0];
  [dbfas_ci@0];

  ! means of observed/manifest vars set to 0
  [ahrz_ind@0];
  [bhrz_ind@0];
  [chrz_ind@0];
  [dhrz_ind@0];

  [p1@0]; ! means of residual "factors" set to 0
  [p2@0];
  [p3@0];
  [p4@0];

  [v1@0]; ! means of residual "factors" set to 0
  [v2@0];
  [v3@0];
  [v4@0];

  p4 on p3 (a); ! Autoregressive paths constrained to equality
  p3 on p2 (a);
  p2 on p1 (a);

  v4 on v3 (b); ! Autoregressive paths constrained to equality
  v3 on v2 (b);
  v2 on v1 (b);

  p4 on v3 (c); ! Cross-lagged paths constrained to equality
  p3 on v2 (c);
  p2 on v1 (c);

  v4 on p3 (d); ! Cross-lagged paths constrained to equality
  v3 on p2 (d);
  v2 on p1 (d);

  p1 with v1; !(this one is not like the others)

  p2 with v2 (e); ! Within-wave correlations constrained to equality
  p3 with v3 (e);
  p4 with v4 (e);

  p2 p3 p4 (f); ! estimate variances of residual "factors"
  v2 v3 v4 (g); ! estimate variances of residual "factors"

  OUTPUT: SAMPSTAT PATTERNS;



*** WARNING
  Data set contains cases with missing on time scores but non-missing on the
  corresponding dependent variables.  These cases were not included in the analysis.
  Number of such cases:  5
   1 WARNING(S) FOUND IN THE INPUT INSTRUCTIONS



PxVx Bivariate LCM-SR - post mi - Linear bfas_ci with Linear hrz_ind;

SUMMARY OF ANALYSIS

Number of groups                                                 1
Number of observations                                         864

Number of dependent variables                                    8
Number of independent variables                                  0
Number of continuous latent variables                           12

Observed dependent variables

  Continuous
   ABFAS_CI    BBFAS_CI    CBFAS_CI    DBFAS_CI    AHRZ_IND    BHRZ_IND
   CHRZ_IND    DHRZ_IND

Continuous latent variables
   P1          P2          P3          P4          V1          V2
   V3          V4          I_BFAS_C    S_BFAS_C    I_HRZ_IN    S_HRZ_IN

Variables with special functions

  Time scores
   A1          A2          A3          A4


Estimator                                                      MLR
Information matrix                                        OBSERVED
Maximum number of iterations                                   100
Convergence criterion                                    0.100D-05
Maximum number of EM iterations                                500
Convergence criteria for the EM algorithm
  Loglikelihood change                                   0.100D-02
  Relative loglikelihood change                          0.100D-05
  Derivative                                             0.100D-03
Minimum variance                                         0.100D-03
Maximum number of steepest descent iterations                   20
Maximum number of iterations for H1                           2000
Convergence criterion for H1                             0.100D-03
Optimization algorithm                                         EMA

Input data file(s)
  /home/jflournoy/code_new/lnt_pxvx/Data/lnt_nat_recalc.tsv
Input data format  FREE


SUMMARY OF DATA

     Number of missing data patterns            19


SUMMARY OF MISSING DATA PATTERNS


     MISSING DATA PATTERNS (x = not missing)

           1  2  3  4  5  6  7  8  9 10 11 12 13 14 15 16 17 18 19
 ABFAS_CI  x  x  x  x  x  x  x  x  x  x  x  x     x  x  x  x  x  x
 BBFAS_CI  x     x  x     x     x     x  x  x  x     x     x
 CBFAS_CI  x           x  x     x  x     x  x  x        x  x  x
 DBFAS_CI  x     x     x  x  x              x  x     x        x  x
 AHRZ_IND  x  x  x  x  x  x  x  x  x  x  x  x  x     x  x  x  x  x
 BHRZ_IND  x     x  x     x     x        x     x           x  x
 CHRZ_IND  x           x        x  x        x  x           x  x
 DHRZ_IND  x     x     x  x  x              x  x     x     x  x


     MISSING DATA PATTERN FREQUENCIES

    Pattern   Frequency     Pattern   Frequency     Pattern   Frequency
          1         489           8          46          15           1
          2         169           9          23          16           1
          3          26          10           4          17           1
          4          48          11           1          18           1
          5          21          12           3          19           1
          6           2          13           2
          7          24          14           1


COVARIANCE COVERAGE OF DATA

Minimum covariance coverage value   0.100


     PROPORTION OF DATA PRESENT


           Covariance Coverage
              ABFAS_CI      BBFAS_CI      CBFAS_CI      DBFAS_CI      AHRZ_IND
              ________      ________      ________      ________      ________
 ABFAS_CI       0.998
 BBFAS_CI       0.719         0.721
 CBFAS_CI       0.681         0.630         0.683
 DBFAS_CI       0.657         0.605         0.600         0.660
 AHRZ_IND       0.997         0.721         0.683         0.660         0.999
 BHRZ_IND       0.711         0.712         0.627         0.602         0.713
 CHRZ_IND       0.676         0.626         0.678         0.597         0.678
 DHRZ_IND       0.657         0.606         0.601         0.659         0.660


           Covariance Coverage
              BHRZ_IND      CHRZ_IND      DHRZ_IND
              ________      ________      ________
 BHRZ_IND       0.713
 CHRZ_IND       0.624         0.678
 DHRZ_IND       0.603         0.598         0.660


SAMPLE STATISTICS


     ESTIMATED SAMPLE STATISTICS


           Means
              ABFAS_CI      BBFAS_CI      CBFAS_CI      DBFAS_CI      AHRZ_IND
              ________      ________      ________      ________      ________
               63.195        62.973        63.066        63.082        74.458


           Means
              BHRZ_IND      CHRZ_IND      DHRZ_IND
              ________      ________      ________
               74.385        74.411        73.553


           Covariances
              ABFAS_CI      BBFAS_CI      CBFAS_CI      DBFAS_CI      AHRZ_IND
              ________      ________      ________      ________      ________
 ABFAS_CI     341.728
 BBFAS_CI     267.509       325.297
 CBFAS_CI     251.542       262.344       325.219
 DBFAS_CI     244.224       257.066       261.435       324.378
 AHRZ_IND      25.792        11.799         2.489       -10.000       250.880
 BHRZ_IND      53.029        53.504        46.981        37.315       141.112
 CHRZ_IND      35.256        37.373        38.699        30.838       131.602
 DHRZ_IND      41.391        38.405        30.720        27.652       131.641


           Covariances
              BHRZ_IND      CHRZ_IND      DHRZ_IND
              ________      ________      ________
 BHRZ_IND     250.958
 CHRZ_IND     137.716       241.635
 DHRZ_IND     149.646       154.563       245.689


           Correlations
              ABFAS_CI      BBFAS_CI      CBFAS_CI      DBFAS_CI      AHRZ_IND
              ________      ________      ________      ________      ________
 ABFAS_CI       1.000
 BBFAS_CI       0.802         1.000
 CBFAS_CI       0.755         0.807         1.000
 DBFAS_CI       0.734         0.791         0.805         1.000
 AHRZ_IND       0.088         0.041         0.009        -0.035         1.000
 BHRZ_IND       0.181         0.187         0.164         0.131         0.562
 CHRZ_IND       0.123         0.133         0.138         0.110         0.535
 DHRZ_IND       0.143         0.136         0.109         0.098         0.530


           Correlations
              BHRZ_IND      CHRZ_IND      DHRZ_IND
              ________      ________      ________
 BHRZ_IND       1.000
 CHRZ_IND       0.559         1.000
 DHRZ_IND       0.603         0.634         1.000


     MAXIMUM LOG-LIKELIHOOD VALUE FOR THE UNRESTRICTED (H1) MODEL IS -20948.608


UNIVARIATE SAMPLE STATISTICS


     UNIVARIATE HIGHER-ORDER MOMENT DESCRIPTIVE STATISTICS

         Variable/         Mean/     Skewness/   Minimum/ % with                Percentiles
        Sample Size      Variance    Kurtosis    Maximum  Min/Max      20%/60%    40%/80%    Median

     ABFAS_CI             63.174      -0.323       7.500    0.12%      47.500     60.000     65.000
             862.000     342.090      -0.268     100.000    1.04%      70.000     80.000
     BBFAS_CI             63.359      -0.172       2.500    0.16%      47.500     60.000     63.889
             623.000     314.337      -0.418     100.000    0.80%      67.500     80.000
     CBFAS_CI             63.310      -0.236      10.000    0.17%      47.500     57.500     65.000
             590.000     319.473      -0.258     100.000    0.85%      70.000     77.500
     DBFAS_CI             63.663      -0.150       7.500    0.18%      47.500     60.000     62.500
             570.000     318.594      -0.373     100.000    0.35%      67.500     80.000
     AHRZ_IND             74.459      -0.431      18.750    0.12%      62.500     68.750     75.000
             863.000     250.880      -0.191     100.000    7.07%      81.250     87.500
     BHRZ_IND             74.520      -0.304      31.250    0.81%      62.500     68.750     75.000
             616.000     251.210      -0.341     100.000    9.74%      81.250     87.500
     CHRZ_IND             74.570      -0.386      25.000    0.51%      62.500     68.750     75.000
             586.000     241.708      -0.098     100.000    8.02%      81.250     87.500
     DHRZ_IND             73.878      -0.471      18.750    0.18%      62.500     68.750     75.000
             570.000     244.667      -0.124     100.000    6.67%      81.250     87.500


THE MODEL ESTIMATION TERMINATED NORMALLY



MODEL FIT INFORMATION

Number of Free Parameters                       24

Loglikelihood

          H0 Value                      -20958.478
          H0 Scaling Correction Factor      1.1836
            for MLR

Information Criteria

          Akaike (AIC)                   41964.957
          Bayesian (BIC)                 42079.234
          Sample-Size Adjusted BIC       42003.017
            (n* = (n + 2) / 24)



MODEL RESULTS

                                                    Two-Tailed
                    Estimate       S.E.  Est./S.E.    P-Value

 P1       BY
    ABFAS_CI           1.000      0.000    999.000    999.000

 P2       BY
    BBFAS_CI           1.000      0.000    999.000    999.000

 P3       BY
    CBFAS_CI           1.000      0.000    999.000    999.000

 P4       BY
    DBFAS_CI           1.000      0.000    999.000    999.000

 V1       BY
    AHRZ_IND           1.000      0.000    999.000    999.000

 V2       BY
    BHRZ_IND           1.000      0.000    999.000    999.000

 V3       BY
    CHRZ_IND           1.000      0.000    999.000    999.000

 V4       BY
    DHRZ_IND           1.000      0.000    999.000    999.000

 P4         ON
    P3                 0.147      0.049      2.993      0.003
    V3                 0.042      0.029      1.446      0.148

 P3         ON
    P2                 0.147      0.049      2.993      0.003
    V2                 0.042      0.029      1.446      0.148

 P2         ON
    P1                 0.147      0.049      2.993      0.003
    V1                 0.042      0.029      1.446      0.148

 V4         ON
    V3                 0.047      0.049      0.962      0.336
    P3                 0.031      0.049      0.622      0.534

 V3         ON
    V2                 0.047      0.049      0.962      0.336
    P2                 0.031      0.049      0.622      0.534

 V2         ON
    V1                 0.047      0.049      0.962      0.336
    P1                 0.031      0.049      0.622      0.534

 S_BFAS_C WITH
    I_BFAS_CI         -0.965      0.781     -1.235      0.217
    S_HRZ_IND         -0.022      0.073     -0.294      0.768
    I_HRZ_IND         -2.966      1.931     -1.536      0.124

 I_BFAS_C WITH
    S_HRZ_IND          3.081      1.991      1.547      0.122
    I_HRZ_IND         28.359     10.129      2.800      0.005

 S_HRZ_IN WITH
    I_HRZ_IND          0.022      0.493      0.045      0.964

 P1       WITH
    V1                15.924      6.248      2.549      0.011

 P2       WITH
    V2                 6.699      3.497      1.916      0.055

 P3       WITH
    V3                 6.699      3.497      1.916      0.055

 P4       WITH
    V4                 6.699      3.497      1.916      0.055

 Means
    P1                 0.000      0.000    999.000    999.000
    V1                 0.000      0.000    999.000    999.000
    I_BFAS_CI         62.968      0.585    107.622      0.000
    S_BFAS_CI          0.191      0.052      3.656      0.000
    I_HRZ_IND         74.301      0.463    160.370      0.000
    S_HRZ_IND         -0.090      0.043     -2.097      0.036

 Intercepts
    ABFAS_CI           0.000      0.000    999.000    999.000
    BBFAS_CI           0.000      0.000    999.000    999.000
    CBFAS_CI           0.000      0.000    999.000    999.000
    DBFAS_CI           0.000      0.000    999.000    999.000
    AHRZ_IND           0.000      0.000    999.000    999.000
    BHRZ_IND           0.000      0.000    999.000    999.000
    CHRZ_IND           0.000      0.000    999.000    999.000
    DHRZ_IND           0.000      0.000    999.000    999.000
    P2                 0.000      0.000    999.000    999.000
    P3                 0.000      0.000    999.000    999.000
    P4                 0.000      0.000    999.000    999.000
    V2                 0.000      0.000    999.000    999.000
    V3                 0.000      0.000    999.000    999.000
    V4                 0.000      0.000    999.000    999.000

 Variances
    P1                95.080     10.527      9.032      0.000
    V1               122.001     11.055     11.036      0.000
    I_BFAS_CI        229.710     17.163     13.384      0.000
    S_BFAS_CI          0.170      0.136      1.251      0.211
    I_HRZ_IND        128.862     11.492     11.213      0.000
    S_HRZ_IND          0.070      0.090      0.773      0.439

 Residual Variances
    ABFAS_CI           0.000      0.000    999.000    999.000
    BBFAS_CI           0.000      0.000    999.000    999.000
    CBFAS_CI           0.000      0.000    999.000    999.000
    DBFAS_CI           0.000      0.000    999.000    999.000
    AHRZ_IND           0.000      0.000    999.000    999.000
    BHRZ_IND           0.000      0.000    999.000    999.000
    CHRZ_IND           0.000      0.000    999.000    999.000
    DHRZ_IND           0.000      0.000    999.000    999.000
    P2                70.336      4.758     14.782      0.000
    P3                70.336      4.758     14.782      0.000
    P4                70.336      4.758     14.782      0.000
    V2               104.413      6.667     15.662      0.000
    V3               104.413      6.667     15.662      0.000
    V4               104.413      6.667     15.662      0.000


QUALITY OF NUMERICAL RESULTS

     Condition Number for the Information Matrix              0.481E-04
       (ratio of smallest to largest eigenvalue)


     Beginning Time:  15:40:49
        Ending Time:  15:40:58
       Elapsed Time:  00:00:09



MUTHEN & MUTHEN
3463 Stoner Ave.
Los Angeles, CA  90066

Tel: (310) 391-9971
Fax: (310) 391-8971
Web: www.StatModel.com
Support: Support@StatModel.com

Copyright (c) 1998-2017 Muthen & Muthen
