Mplus VERSION 8 (Linux)
MUTHEN & MUTHEN
07/08/2018   5:51 PM

INPUT INSTRUCTIONS


  title: PxVx Bivariate LCM-SR - 40splitgroup - Linear bfi_c with Linear aspfin;
  data: file = /home/jflournoy/code_new/lnt_pxvx/Data/lnt_nat_recalc.tsv;

  variable:
  names =
  subjid
  aage
  aaspfin
  aaspfin_d
  abfa_mt
  abfa_mt_d
  abfas_ac
  abfas_ap
  abfas_ci
  abfas_co
  abfas_ea
  abfas_ee
  abfas_nv
  abfas_nv9
  abfas_nw
  abfas_oi
  abfas_oo
  abfi_a
  abfi_a6
  abfi_c
  abfi_d_scale
  abfi_e
  abfi_hp8
  abfi_n
  abfi_o
  abfi_s_scale
  ahrz_col
  ahrz_col_d
  ahrz_ind
  ahrz_ind_d
  amvi
  ausi
  ausi_d
  avrt_col
  avrt_col_d
  avrt_ind
  avrt_ind_d
  bage
  baspfin
  baspfin_d
  bbfa_mt
  bbfa_mt_d
  bbfas_ac
  bbfas_ap
  bbfas_ci
  bbfas_co
  bbfas_ea
  bbfas_ee
  bbfas_nv
  bbfas_nv9
  bbfas_nw
  bbfas_oi
  bbfas_oo
  bbfi_a
  bbfi_a6
  bbfi_c
  bbfi_d_scale
  bbfi_e
  bbfi_hp8
  bbfi_n
  bbfi_o
  bbfi_s_scale
  bhrz_col
  bhrz_col_d
  bhrz_ind
  bhrz_ind_d
  bmvi
  busi
  busi_d
  bvrt_col
  bvrt_col_d
  bvrt_ind
  bvrt_ind_d
  cage
  caspfin
  caspfin_d
  cbfa_mt
  cbfa_mt_d
  cbfas_ac
  cbfas_ap
  cbfas_ci
  cbfas_co
  cbfas_ea
  cbfas_ee
  cbfas_nv
  cbfas_nv9
  cbfas_nw
  cbfas_oi
  cbfas_oo
  cbfi_a
  cbfi_a6
  cbfi_c
  cbfi_d_scale
  cbfi_e
  cbfi_hp8
  cbfi_n
  cbfi_o
  cbfi_s_scale
  chrz_col
  chrz_col_d
  chrz_ind
  chrz_ind_d
  cmvi
  cusi
  cusi_d
  cvrt_col
  cvrt_col_d
  cvrt_ind
  cvrt_ind_d
  dage
  daspfin
  daspfin_d
  dbfa_mt
  dbfa_mt_d
  dbfas_ac
  dbfas_ap
  dbfas_ci
  dbfas_co
  dbfas_ea
  dbfas_ee
  dbfas_nv
  dbfas_nv9
  dbfas_nw
  dbfas_oi
  dbfas_oo
  dbfi_a
  dbfi_a6
  dbfi_c
  dbfi_d_scale
  dbfi_e
  dbfi_hp8
  dbfi_n
  dbfi_o
  dbfi_s_scale
  dhrz_col
  dhrz_col_d
  dhrz_ind
  dhrz_ind_d
  dmvi
  dusi
  dusi_d
  dvrt_col
  dvrt_col_d
  dvrt_ind
  dvrt_ind_d;

  USEVARIABLES =
  abfi_c
  bbfi_c
  cbfi_c
  dbfi_c
  aaspfin
  baspfin
  caspfin
  daspfin
  a1
  a2
  a3
  a4
  aagegrp
  ;

  missing = all (-9999);

  tscores = a1 a2 a3 a4;

  grouping = aagegrp (0=earlier, 1=later);

  DEFINE:

  aagegrp = aage;

  cut aagegrp (39);

  a1 = aage + 0 - 36;
  a2 = aage + 1 - 36;
  a3 = aage + 2 - 36;
  a4 = aage + 3 - 36;

  ANALYSIS:
  TYPE=RANDOM;
  PROCESSORS = 6;
  model=nocovariances; ! supresses default estimation of certain covs in model;

  MODEL:

  i_bfi_c s_bfi_c | abfi_c bbfi_c cbfi_c dbfi_c AT a1 a2 a3 a4;
  i_aspfin s_aspfin | aaspfin baspfin caspfin daspfin AT a1 a2 a3 a4;

  ! freeing factor covs because of "nocovariances"
  ! But ensure they are constrained across groups
  s_bfi_c WITH i_bfi_c (p)
  s_aspfin (q)
  i_aspfin (r);
  i_bfi_c WITH s_aspfin (s)
  i_aspfin (t);
  s_aspfin WITH i_aspfin (u);

  !constrain latent growth means across groups
  [i_bfi_c] (v);
  [s_bfi_c] (w);
  [i_aspfin] (x);
  [s_aspfin] (y);

  !constrain latent growth variances across groups
  i_bfi_c (l);
  s_bfi_c (m);
  i_aspfin (n);
  s_aspfin (o);

  p1 BY abfi_c@1; ! Residual "factors";
  p2 BY bbfi_c@1;
  p3 BY cbfi_c@1;
  p4 BY dbfi_c@1;

  v1 BY aaspfin@1; ! Residual "factors";
  v2 BY baspfin@1;
  v3 BY caspfin@1;
  v4 BY daspfin@1;

  !residual variances on observed/manifest vars set to 0
  abfi_c@0;
  bbfi_c@0;
  cbfi_c@0;
  dbfi_c@0;

  !residual variances on observed/manifest vars set to 0
  aaspfin@0;
  baspfin@0;
  caspfin@0;
  daspfin@0;

  ! means of observed/manifest vars set to 0
  [abfi_c@0];
  [bbfi_c@0];
  [cbfi_c@0];
  [dbfi_c@0];

  ! means of observed/manifest vars set to 0
  [aaspfin@0];
  [baspfin@0];
  [caspfin@0];
  [daspfin@0];

  [p1@0]; ! means of residual "factors" set to 0
  [p2@0];
  [p3@0];
  [p4@0];

  [v1@0]; ! means of residual "factors" set to 0
  [v2@0];
  [v3@0];
  [v4@0];

  p4 on p3 (a); ! Autoregressive paths constrained to equality
  p3 on p2 (a);
  p2 on p1 (a);

  v4 on v3 (b); ! Autoregressive paths constrained to equality
  v3 on v2 (b);
  v2 on v1 (b);

  p4 on v3 (c); ! Cross-lagged paths constrained to equality
  p3 on v2 (c);
  p2 on v1 (c);

  v4 on p3 (d); ! Cross-lagged paths constrained to equality
  v3 on p2 (d);
  v2 on p1 (d);

  p1 with v1; !(this one is not like the others)

  p2 with v2 (e); ! Within-wave correlations constrained to equality
  p3 with v3 (e);
  p4 with v4 (e);

  p2 p3 p4 (f); ! estimate variances of residual "factors"
  v2 v3 v4 (g); ! estimate variances of residual "factors"

  MODEL earlier:

  p4 on p3 (a23); ! Autoregressive paths constrained to equality
  p3 on p2 (a23);
  p2 on p1 (a23);

  v4 on v3 (b23); ! Autoregressive paths constrained to equality
  v3 on v2 (b23);
  v2 on v1 (b23);

  p4 on v3 (c23); ! Cross-lagged paths constrained to equality
  p3 on v2 (c23);
  p2 on v1 (c23);

  v4 on p3 (d23); ! Cross-lagged paths constrained to equality
  v3 on p2 (d23);
  v2 on p1 (d23);

  p1 with v1; !(this one is not like the others)

  p2 with v2 (e23); ! Within-wave correlations constrained to equality
  p3 with v3 (e23);
  p4 with v4 (e23);

  p2 p3 p4 (f23); ! estimate variances of residual "factors"
  v2 v3 v4 (g23); ! estimate variances of residual "factors"

  MODEL later:

  p4 on p3 (a45); ! Autoregressive paths constrained to equality
  p3 on p2 (a45);
  p2 on p1 (a45);

  v4 on v3 (b45); ! Autoregressive paths constrained to equality
  v3 on v2 (b45);
  v2 on v1 (b45);

  p4 on v3 (c45); ! Cross-lagged paths constrained to equality
  p3 on v2 (c45);
  p2 on v1 (c45);

  v4 on p3 (d45); ! Cross-lagged paths constrained to equality
  v3 on p2 (d45);
  v2 on p1 (d45);

  p1 with v1; !(this one is not like the others)

  p2 with v2 (e45); ! Within-wave correlations constrained to equality
  p3 with v3 (e45);
  p4 with v4 (e45);

  p2 p3 p4 (f45); ! estimate variances of residual "factors"
  v2 v3 v4 (g45); ! estimate variances of residual "factors"

  OUTPUT: SAMPSTAT PATTERNS;



*** WARNING
  Data set contains unknown or missing values for GROUPING,
  PATTERN, COHORT, CLUSTER and/or STRATIFICATION variables.
  Number of cases with unknown or missing values:  5
   1 WARNING(S) FOUND IN THE INPUT INSTRUCTIONS



PxVx Bivariate LCM-SR - 40splitgroup - Linear bfi_c with Linear aspfin;

SUMMARY OF ANALYSIS

Number of groups                                                 2
Number of observations
   Group EARLIER                                               534
   Group LATER                                                 330
   Total sample size                                           864

Number of dependent variables                                    8
Number of independent variables                                  0
Number of continuous latent variables                           12

Observed dependent variables

  Continuous
   ABFI_C      BBFI_C      CBFI_C      DBFI_C      AASPFIN     BASPFIN
   CASPFIN     DASPFIN

Continuous latent variables
   P1          P2          P3          P4          V1          V2
   V3          V4          I_BFI_C     S_BFI_C     I_ASPFIN    S_ASPFIN

Variables with special functions

  Grouping variable     AAGEGRP

  Time scores
   A1          A2          A3          A4


Estimator                                                      MLR
Information matrix                                        OBSERVED
Maximum number of iterations                                   100
Convergence criterion                                    0.100D-05
Maximum number of EM iterations                                500
Convergence criteria for the EM algorithm
  Loglikelihood change                                   0.100D-02
  Relative loglikelihood change                          0.100D-05
  Derivative                                             0.100D-03
Minimum variance                                         0.100D-03
Maximum number of steepest descent iterations                   20
Maximum number of iterations for H1                           2000
Convergence criterion for H1                             0.100D-03
Optimization algorithm                                         EMA

Input data file(s)
  /home/jflournoy/code_new/lnt_pxvx/Data/lnt_nat_recalc.tsv
Input data format  FREE


SUMMARY OF DATA

   Group EARLIER
     Number of missing data patterns            15

   Group LATER
     Number of missing data patterns            15


SUMMARY OF MISSING DATA PATTERNS


     MISSING DATA PATTERNS (x = not missing) FOR EARLIER

           1  2  3  4  5  6  7  8  9 10 11 12 13 14 15
 ABFI_C    x  x  x  x  x  x  x  x  x  x  x  x  x  x  x
 BBFI_C    x     x     x  x        x  x  x  x        x
 CBFI_C    x        x     x     x     x     x  x     x
 DBFI_C    x     x  x        x        x        x  x  x
 AASPFIN   x  x  x  x  x  x  x  x     x  x  x  x  x  x
 BASPFIN   x     x     x  x        x  x     x
 CASPFIN   x        x     x     x     x     x  x     x
 DASPFIN   x     x  x        x              x        x


     MISSING DATA PATTERN FREQUENCIES FOR EARLIER

    Pattern   Frequency     Pattern   Frequency     Pattern   Frequency
          1         329           6          20          11           1
          2         100           7          14          12           1
          3          14           8          11          13           1
          4          12           9           1          14           2
          5          26          10           1          15           1


     MISSING DATA PATTERNS (x = not missing) FOR LATER

           1  2  3  4  5  6  7  8  9 10 11 12 13 14 15
 ABFI_C    x  x  x  x  x  x  x  x  x  x  x  x     x  x
 BBFI_C    x     x     x  x        x     x  x        x
 CBFI_C    x        x     x     x     x  x  x
 DBFI_C    x     x  x        x        x  x  x  x     x
 AASPFIN   x  x  x  x  x  x  x  x  x  x  x  x  x     x
 BASPFIN   x     x     x  x                 x
 CASPFIN   x        x     x     x     x  x
 DASPFIN   x     x  x        x           x  x  x     x


     MISSING DATA PATTERN FREQUENCIES FOR LATER

    Pattern   Frequency     Pattern   Frequency     Pattern   Frequency
          1         165           6          26          11           1
          2          68           7           9          12           1
          3          12           8          11          13           1
          4           9           9           2          14           1
          5          22          10           1          15           1


COVARIANCE COVERAGE OF DATA

Minimum covariance coverage value   0.100


     PROPORTION OF DATA PRESENT FOR EARLIER


           Covariance Coverage
              ABFI_C        BBFI_C        CBFI_C        DBFI_C        AASPFIN
              ________      ________      ________      ________      ________
 ABFI_C         1.000
 BBFI_C         0.738         0.738
 CBFI_C         0.704         0.659         0.704
 DBFI_C         0.700         0.646         0.644         0.700
 AASPFIN        0.998         0.736         0.704         0.700         0.998
 BASPFIN        0.734         0.734         0.657         0.644         0.732
 CASPFIN        0.704         0.659         0.704         0.644         0.704
 DASPFIN        0.695         0.646         0.642         0.693         0.695


           Covariance Coverage
              BASPFIN       CASPFIN       DASPFIN
              ________      ________      ________
 BASPFIN        0.734
 CASPFIN        0.657         0.704
 DASPFIN        0.644         0.642         0.695


     PROPORTION OF DATA PRESENT FOR LATER


           Covariance Coverage
              ABFI_C        BBFI_C        CBFI_C        DBFI_C        AASPFIN
              ________      ________      ________      ________      ________
 ABFI_C         1.000
 BBFI_C         0.700         0.700
 CBFI_C         0.652         0.588         0.652
 DBFI_C         0.603         0.542         0.536         0.603
 AASPFIN        0.994         0.694         0.652         0.603         0.994
 BASPFIN        0.694         0.694         0.585         0.539         0.688
 CASPFIN        0.652         0.588         0.652         0.536         0.652
 DASPFIN        0.597         0.542         0.533         0.594         0.597


           Covariance Coverage
              BASPFIN       CASPFIN       DASPFIN
              ________      ________      ________
 BASPFIN        0.694
 CASPFIN        0.585         0.652
 DASPFIN        0.539         0.533         0.597


SAMPLE STATISTICS


     ESTIMATED SAMPLE STATISTICS FOR EARLIER


           Means
              ABFI_C        BBFI_C        CBFI_C        DBFI_C        AASPFIN
              ________      ________      ________      ________      ________
               67.517        66.861        67.161        67.547        49.398


           Means
              BASPFIN       CASPFIN       DASPFIN
              ________      ________      ________
               49.365        49.474        48.633


           Covariances
              ABFI_C        BBFI_C        CBFI_C        DBFI_C        AASPFIN
              ________      ________      ________      ________      ________
 ABFI_C       308.904
 BBFI_C       239.098       282.875
 CBFI_C       222.662       225.373       289.497
 DBFI_C       219.625       222.425       235.140       293.665
 AASPFIN       47.798        19.914        11.410        18.379       526.317
 BASPFIN       52.791        26.263        13.983        34.172       419.845
 CASPFIN       52.715        24.983        17.329        19.034       413.685
 DASPFIN       33.146        15.874        10.743        11.154       407.064


           Covariances
              BASPFIN       CASPFIN       DASPFIN
              ________      ________      ________
 BASPFIN      555.726
 CASPFIN      460.781       583.962
 DASPFIN      442.045       450.928       586.713


           Correlations
              ABFI_C        BBFI_C        CBFI_C        DBFI_C        AASPFIN
              ________      ________      ________      ________      ________
 ABFI_C         1.000
 BBFI_C         0.809         1.000
 CBFI_C         0.745         0.788         1.000
 DBFI_C         0.729         0.772         0.806         1.000
 AASPFIN        0.119         0.052         0.029         0.047         1.000
 BASPFIN        0.127         0.066         0.035         0.085         0.776
 CASPFIN        0.124         0.061         0.042         0.046         0.746
 DASPFIN        0.078         0.039         0.026         0.027         0.733


           Correlations
              BASPFIN       CASPFIN       DASPFIN
              ________      ________      ________
 BASPFIN        1.000
 CASPFIN        0.809         1.000
 DASPFIN        0.774         0.770         1.000


     ESTIMATED SAMPLE STATISTICS FOR LATER


           Means
              ABFI_C        BBFI_C        CBFI_C        DBFI_C        AASPFIN
              ________      ________      ________      ________      ________
               70.207        71.356        71.046        70.731        46.945


           Means
              BASPFIN       CASPFIN       DASPFIN
              ________      ________      ________
               46.542        47.529        48.242


           Covariances
              ABFI_C        BBFI_C        CBFI_C        DBFI_C        AASPFIN
              ________      ________      ________      ________      ________
 ABFI_C       276.557
 BBFI_C       220.993       271.777
 CBFI_C       236.932       231.732       296.818
 DBFI_C       220.487       217.713       242.319       284.854
 AASPFIN       40.166        43.062        40.757        21.636       437.706
 BASPFIN       50.272        38.898        32.416        15.229       340.622
 CASPFIN       40.748        40.990        46.239        29.822       312.270
 DASPFIN       63.209        55.178        54.625        49.309       311.460


           Covariances
              BASPFIN       CASPFIN       DASPFIN
              ________      ________      ________
 BASPFIN      454.052
 CASPFIN      341.753       427.391
 DASPFIN      341.040       341.984       438.961


           Correlations
              ABFI_C        BBFI_C        CBFI_C        DBFI_C        AASPFIN
              ________      ________      ________      ________      ________
 ABFI_C         1.000
 BBFI_C         0.806         1.000
 CBFI_C         0.827         0.816         1.000
 DBFI_C         0.786         0.782         0.833         1.000
 AASPFIN        0.115         0.125         0.113         0.061         1.000
 BASPFIN        0.142         0.111         0.088         0.042         0.764
 CASPFIN        0.119         0.120         0.130         0.085         0.722
 DASPFIN        0.181         0.160         0.151         0.139         0.711


           Correlations
              BASPFIN       CASPFIN       DASPFIN
              ________      ________      ________
 BASPFIN        1.000
 CASPFIN        0.776         1.000
 DASPFIN        0.764         0.790         1.000


     MAXIMUM LOG-LIKELIHOOD VALUE FOR THE UNRESTRICTED (H1) MODEL IS -21285.446


UNIVARIATE SAMPLE STATISTICS


     UNIVARIATE HIGHER-ORDER MOMENT DESCRIPTIVE STATISTICS FOR EARLIER

         Variable/         Mean/     Skewness/   Minimum/ % with                Percentiles
        Sample Size      Variance    Kurtosis    Maximum  Min/Max      20%/60%    40%/80%    Median

     ABFI_C               67.517      -0.293      16.667    0.19%      52.778     63.889     67.708
             534.000     308.904      -0.477     100.000    1.87%      72.222     83.333
     BBFI_C               67.120      -0.173       8.333    0.25%      52.778     63.889     66.667
             394.000     272.790      -0.079     100.000    2.54%      72.222     80.556
     CBFI_C               67.051      -0.137      19.444    0.27%      52.778     63.889     66.667
             376.000     278.697      -0.453     100.000    1.33%      69.444     83.333
     DBFI_C               67.781      -0.234      16.667    0.53%      52.778     63.889     69.444
             374.000     287.100      -0.272     100.000    2.94%      72.222     83.333
     AASPFIN              49.434       0.175       0.000    1.69%      30.000     40.000     50.000
             533.000     526.224      -0.529     100.000    2.44%      55.000     70.000
     BASPFIN              49.069       0.234       0.000    1.02%      25.000     40.000     45.000
             392.000     563.363      -0.670     100.000    3.32%      55.000     70.000
     CASPFIN              49.402       0.276       0.000    0.53%      25.000     40.000     47.500
             376.000     588.006      -0.771     100.000    2.93%      55.000     70.000
     DASPFIN              48.265       0.216       0.000    0.54%      25.000     40.000     45.000
             371.000     599.284      -0.852     100.000    3.23%      55.000     70.000


     UNIVARIATE HIGHER-ORDER MOMENT DESCRIPTIVE STATISTICS FOR LATER

         Variable/         Mean/     Skewness/   Minimum/ % with                Percentiles
        Sample Size      Variance    Kurtosis    Maximum  Min/Max      20%/60%    40%/80%    Median

     ABFI_C               70.190      -0.580      12.500    0.30%      55.556     66.667     72.222
             329.000     276.982       0.223     100.000    1.52%      75.000     83.333
     BBFI_C               72.295      -0.493      11.111    0.43%      58.333     69.444     72.222
             230.000     266.571       0.165     100.000    5.65%      77.778     86.111
     CBFI_C               71.998      -0.636       8.333    0.47%      58.333     69.444     75.000
             214.000     290.981       0.466     100.000    4.21%      77.778     86.111
     DBFI_C               72.042      -0.628       8.333    0.50%      58.333     72.222     75.000
             200.000     279.558       0.570     100.000    3.50%      75.000     86.111
     AASPFIN              46.953       0.367       0.000    0.91%      30.000     40.000     45.000
             329.000     437.704      -0.158     100.000    1.52%      50.000     65.000
     BASPFIN              46.661       0.453       5.000    0.44%      30.000     40.000     45.000
             226.000     443.443      -0.197     100.000    2.21%      50.000     65.000
     CASPFIN              47.729       0.276       0.000    0.94%      30.000     40.000     45.000
             213.000     432.995      -0.322     100.000    1.41%      50.000     65.000
     DASPFIN              48.505       0.355       0.000    0.50%      30.000     40.000     45.000
             199.000     442.897      -0.455     100.000    1.01%      50.000     65.000


THE MODEL ESTIMATION TERMINATED NORMALLY



MODEL FIT INFORMATION

Number of Free Parameters                       34

Loglikelihood

          H0 Value                      -21307.577
          H0 Scaling Correction Factor      1.2197
            for MLR

Information Criteria

          Akaike (AIC)                   42683.154
          Bayesian (BIC)                 42845.047
          Sample-Size Adjusted BIC       42737.072
            (n* = (n + 2) / 24)



MODEL RESULTS

                                                    Two-Tailed
                    Estimate       S.E.  Est./S.E.    P-Value

Group EARLIER

 P1       BY
    ABFI_C             1.000      0.000    999.000    999.000

 P2       BY
    BBFI_C             1.000      0.000    999.000    999.000

 P3       BY
    CBFI_C             1.000      0.000    999.000    999.000

 P4       BY
    DBFI_C             1.000      0.000    999.000    999.000

 V1       BY
    AASPFIN            1.000      0.000    999.000    999.000

 V2       BY
    BASPFIN            1.000      0.000    999.000    999.000

 V3       BY
    CASPFIN            1.000      0.000    999.000    999.000

 V4       BY
    DASPFIN            1.000      0.000    999.000    999.000

 P4         ON
    P3                 0.229      0.076      3.018      0.003
    V3                -0.064      0.037     -1.746      0.081

 P3         ON
    P2                 0.229      0.076      3.018      0.003
    V2                -0.064      0.037     -1.746      0.081

 P2         ON
    P1                 0.229      0.076      3.018      0.003
    V1                -0.064      0.037     -1.746      0.081

 V4         ON
    V3                 0.170      0.090      1.892      0.058
    P3                -0.047      0.087     -0.541      0.588

 V3         ON
    V2                 0.170      0.090      1.892      0.058
    P2                -0.047      0.087     -0.541      0.588

 V2         ON
    V1                 0.170      0.090      1.892      0.058
    P1                -0.047      0.087     -0.541      0.588

 S_BFI_C  WITH
    I_BFI_C            0.455      0.700      0.649      0.516
    S_ASPFIN           0.011      0.105      0.107      0.915
    I_ASPFIN          -2.426      2.366     -1.026      0.305

 I_BFI_C  WITH
    S_ASPFIN           2.181      2.445      0.892      0.372
    I_ASPFIN          34.355     14.590      2.355      0.019

 S_ASPFIN WITH
    I_ASPFIN          -1.900      1.075     -1.767      0.077

 P1       WITH
    V1                10.518      8.746      1.203      0.229

 P2       WITH
    V2                -7.543      5.783     -1.304      0.192

 P3       WITH
    V3                -7.543      5.783     -1.304      0.192

 P4       WITH
    V4                -7.543      5.783     -1.304      0.192

 Means
    P1                 0.000      0.000    999.000    999.000
    V1                 0.000      0.000    999.000    999.000
    I_BFI_C           68.359      0.554    123.502      0.000
    S_BFI_C            0.213      0.048      4.388      0.000
    I_ASPFIN          48.474      0.723     67.001      0.000
    S_ASPFIN          -0.067      0.064     -1.057      0.291

 Intercepts
    ABFI_C             0.000      0.000    999.000    999.000
    BBFI_C             0.000      0.000    999.000    999.000
    CBFI_C             0.000      0.000    999.000    999.000
    DBFI_C             0.000      0.000    999.000    999.000
    AASPFIN            0.000      0.000    999.000    999.000
    BASPFIN            0.000      0.000    999.000    999.000
    CASPFIN            0.000      0.000    999.000    999.000
    DASPFIN            0.000      0.000    999.000    999.000
    P2                 0.000      0.000    999.000    999.000
    P3                 0.000      0.000    999.000    999.000
    P4                 0.000      0.000    999.000    999.000
    V2                 0.000      0.000    999.000    999.000
    V3                 0.000      0.000    999.000    999.000
    V4                 0.000      0.000    999.000    999.000

 Variances
    P1                87.082     10.035      8.678      0.000
    V1               138.701     15.248      9.096      0.000
    I_BFI_C          208.801     15.913     13.121      0.000
    S_BFI_C            0.079      0.117      0.680      0.497
    I_ASPFIN         364.658     26.168     13.935      0.000
    S_ASPFIN           0.132      0.176      0.754      0.451

 Residual Variances
    ABFI_C             0.000      0.000    999.000    999.000
    BBFI_C             0.000      0.000    999.000    999.000
    CBFI_C             0.000      0.000    999.000    999.000
    DBFI_C             0.000      0.000    999.000    999.000
    AASPFIN            0.000      0.000    999.000    999.000
    BASPFIN            0.000      0.000    999.000    999.000
    CASPFIN            0.000      0.000    999.000    999.000
    DASPFIN            0.000      0.000    999.000    999.000
    P2                68.991      5.871     11.751      0.000
    P3                68.991      5.871     11.751      0.000
    P4                68.991      5.871     11.751      0.000
    V2               144.537     13.849     10.437      0.000
    V3               144.537     13.849     10.437      0.000
    V4               144.537     13.849     10.437      0.000

Group LATER

 P1       BY
    ABFI_C             1.000      0.000    999.000    999.000

 P2       BY
    BBFI_C             1.000      0.000    999.000    999.000

 P3       BY
    CBFI_C             1.000      0.000    999.000    999.000

 P4       BY
    DBFI_C             1.000      0.000    999.000    999.000

 V1       BY
    AASPFIN            1.000      0.000    999.000    999.000

 V2       BY
    BASPFIN            1.000      0.000    999.000    999.000

 V3       BY
    CASPFIN            1.000      0.000    999.000    999.000

 V4       BY
    DASPFIN            1.000      0.000    999.000    999.000

 P4         ON
    P3                 0.081      0.086      0.944      0.345
    V3                 0.045      0.040      1.134      0.257

 P3         ON
    P2                 0.081      0.086      0.944      0.345
    V2                 0.045      0.040      1.134      0.257

 P2         ON
    P1                 0.081      0.086      0.944      0.345
    V1                 0.045      0.040      1.134      0.257

 V4         ON
    V3                 0.134      0.075      1.788      0.074
    P3                 0.126      0.090      1.400      0.161

 V3         ON
    V2                 0.134      0.075      1.788      0.074
    P2                 0.126      0.090      1.400      0.161

 V2         ON
    V1                 0.134      0.075      1.788      0.074
    P1                 0.126      0.090      1.400      0.161

 S_BFI_C  WITH
    I_BFI_C            0.455      0.700      0.649      0.516
    S_ASPFIN           0.011      0.105      0.107      0.915
    I_ASPFIN          -2.426      2.366     -1.026      0.305

 I_BFI_C  WITH
    S_ASPFIN           2.181      2.445      0.892      0.372
    I_ASPFIN          34.355     14.590      2.355      0.019

 S_ASPFIN WITH
    I_ASPFIN          -1.900      1.075     -1.767      0.077

 P1       WITH
    V1                -5.154      8.811     -0.585      0.559

 P2       WITH
    V2                 9.141      5.444      1.679      0.093

 P3       WITH
    V3                 9.141      5.444      1.679      0.093

 P4       WITH
    V4                 9.141      5.444      1.679      0.093

 Means
    P1                 0.000      0.000    999.000    999.000
    V1                 0.000      0.000    999.000    999.000
    I_BFI_C           68.359      0.554    123.502      0.000
    S_BFI_C            0.213      0.048      4.388      0.000
    I_ASPFIN          48.474      0.723     67.001      0.000
    S_ASPFIN          -0.067      0.064     -1.057      0.291

 Intercepts
    ABFI_C             0.000      0.000    999.000    999.000
    BBFI_C             0.000      0.000    999.000    999.000
    CBFI_C             0.000      0.000    999.000    999.000
    DBFI_C             0.000      0.000    999.000    999.000
    AASPFIN            0.000      0.000    999.000    999.000
    BASPFIN            0.000      0.000    999.000    999.000
    CASPFIN            0.000      0.000    999.000    999.000
    DASPFIN            0.000      0.000    999.000    999.000
    P2                 0.000      0.000    999.000    999.000
    P3                 0.000      0.000    999.000    999.000
    P4                 0.000      0.000    999.000    999.000
    V2                 0.000      0.000    999.000    999.000
    V3                 0.000      0.000    999.000    999.000
    V4                 0.000      0.000    999.000    999.000

 Variances
    P1                52.652      7.269      7.244      0.000
    V1               133.550     16.698      7.998      0.000
    I_BFI_C          208.801     15.913     13.121      0.000
    S_BFI_C            0.079      0.117      0.680      0.497
    I_ASPFIN         364.658     26.168     13.935      0.000
    S_ASPFIN           0.132      0.176      0.754      0.451

 Residual Variances
    ABFI_C             0.000      0.000    999.000    999.000
    BBFI_C             0.000      0.000    999.000    999.000
    CBFI_C             0.000      0.000    999.000    999.000
    DBFI_C             0.000      0.000    999.000    999.000
    AASPFIN            0.000      0.000    999.000    999.000
    BASPFIN            0.000      0.000    999.000    999.000
    CASPFIN            0.000      0.000    999.000    999.000
    DASPFIN            0.000      0.000    999.000    999.000
    P2                57.187      5.885      9.717      0.000
    P3                57.187      5.885      9.717      0.000
    P4                57.187      5.885      9.717      0.000
    V2               108.071     11.070      9.762      0.000
    V3               108.071     11.070      9.762      0.000
    V4               108.071     11.070      9.762      0.000


QUALITY OF NUMERICAL RESULTS

     Condition Number for the Information Matrix              0.262E-04
       (ratio of smallest to largest eigenvalue)


     Beginning Time:  17:51:10
        Ending Time:  17:51:22
       Elapsed Time:  00:00:12



MUTHEN & MUTHEN
3463 Stoner Ave.
Los Angeles, CA  90066

Tel: (310) 391-9971
Fax: (310) 391-8971
Web: www.StatModel.com
Support: Support@StatModel.com

Copyright (c) 1998-2017 Muthen & Muthen
