Mplus VERSION 8 (Linux)
MUTHEN & MUTHEN
07/08/2018   6:06 PM

INPUT INSTRUCTIONS


  title: PxVx Bivariate LCM-SR - 40splitgroup - Linear bfi_n with Linear vrt_ind_d;
  data: file = /home/jflournoy/code_new/lnt_pxvx/Data/lnt_nat_recalc.tsv;

  variable:
  names =
  subjid
  aage
  aaspfin
  aaspfin_d
  abfa_mt
  abfa_mt_d
  abfas_ac
  abfas_ap
  abfas_ci
  abfas_co
  abfas_ea
  abfas_ee
  abfas_nv
  abfas_nv9
  abfas_nw
  abfas_oi
  abfas_oo
  abfi_a
  abfi_a6
  abfi_c
  abfi_d_scale
  abfi_e
  abfi_hp8
  abfi_n
  abfi_o
  abfi_s_scale
  ahrz_col
  ahrz_col_d
  ahrz_ind
  ahrz_ind_d
  amvi
  ausi
  ausi_d
  avrt_col
  avrt_col_d
  avrt_ind
  avrt_ind_d
  bage
  baspfin
  baspfin_d
  bbfa_mt
  bbfa_mt_d
  bbfas_ac
  bbfas_ap
  bbfas_ci
  bbfas_co
  bbfas_ea
  bbfas_ee
  bbfas_nv
  bbfas_nv9
  bbfas_nw
  bbfas_oi
  bbfas_oo
  bbfi_a
  bbfi_a6
  bbfi_c
  bbfi_d_scale
  bbfi_e
  bbfi_hp8
  bbfi_n
  bbfi_o
  bbfi_s_scale
  bhrz_col
  bhrz_col_d
  bhrz_ind
  bhrz_ind_d
  bmvi
  busi
  busi_d
  bvrt_col
  bvrt_col_d
  bvrt_ind
  bvrt_ind_d
  cage
  caspfin
  caspfin_d
  cbfa_mt
  cbfa_mt_d
  cbfas_ac
  cbfas_ap
  cbfas_ci
  cbfas_co
  cbfas_ea
  cbfas_ee
  cbfas_nv
  cbfas_nv9
  cbfas_nw
  cbfas_oi
  cbfas_oo
  cbfi_a
  cbfi_a6
  cbfi_c
  cbfi_d_scale
  cbfi_e
  cbfi_hp8
  cbfi_n
  cbfi_o
  cbfi_s_scale
  chrz_col
  chrz_col_d
  chrz_ind
  chrz_ind_d
  cmvi
  cusi
  cusi_d
  cvrt_col
  cvrt_col_d
  cvrt_ind
  cvrt_ind_d
  dage
  daspfin
  daspfin_d
  dbfa_mt
  dbfa_mt_d
  dbfas_ac
  dbfas_ap
  dbfas_ci
  dbfas_co
  dbfas_ea
  dbfas_ee
  dbfas_nv
  dbfas_nv9
  dbfas_nw
  dbfas_oi
  dbfas_oo
  dbfi_a
  dbfi_a6
  dbfi_c
  dbfi_d_scale
  dbfi_e
  dbfi_hp8
  dbfi_n
  dbfi_o
  dbfi_s_scale
  dhrz_col
  dhrz_col_d
  dhrz_ind
  dhrz_ind_d
  dmvi
  dusi
  dusi_d
  dvrt_col
  dvrt_col_d
  dvrt_ind
  dvrt_ind_d;

  USEVARIABLES =
  abfi_n
  bbfi_n
  cbfi_n
  dbfi_n
  avrt_ind_d
  bvrt_ind_d
  cvrt_ind_d
  dvrt_ind_d
  a1
  a2
  a3
  a4
  aagegrp
  ;

  missing = all (-9999);

  tscores = a1 a2 a3 a4;

  grouping = aagegrp (0=earlier, 1=later);

  DEFINE:

  aagegrp = aage;

  cut aagegrp (39);

  a1 = aage + 0 - 36;
  a2 = aage + 1 - 36;
  a3 = aage + 2 - 36;
  a4 = aage + 3 - 36;

  ANALYSIS:
  TYPE=RANDOM;
  PROCESSORS = 6;
  model=nocovariances; ! supresses default estimation of certain covs in model;

  MODEL:

  i_bfi_n s_bfi_n | abfi_n bbfi_n cbfi_n dbfi_n AT a1 a2 a3 a4;
  i_vrt_ind_d s_vrt_ind_d | avrt_ind_d bvrt_ind_d cvrt_ind_d dvrt_ind_d AT a1 a2 a3 a4;

  ! freeing factor covs because of "nocovariances"
  ! But ensure they are constrained across groups
  s_bfi_n WITH i_bfi_n (p)
  s_vrt_ind_d (q)
  i_vrt_ind_d (r);
  i_bfi_n WITH s_vrt_ind_d (s)
  i_vrt_ind_d (t);
  s_vrt_ind_d WITH i_vrt_ind_d (u);

  !constrain latent growth means across groups
  [i_bfi_n] (v);
  [s_bfi_n] (w);
  [i_vrt_ind_d] (x);
  [s_vrt_ind_d] (y);

  !constrain latent growth variances across groups
  i_bfi_n (l);
  s_bfi_n (m);
  i_vrt_ind_d (n);
  s_vrt_ind_d (o);

  p1 BY abfi_n@1; ! Residual "factors";
  p2 BY bbfi_n@1;
  p3 BY cbfi_n@1;
  p4 BY dbfi_n@1;

  v1 BY avrt_ind_d@1; ! Residual "factors";
  v2 BY bvrt_ind_d@1;
  v3 BY cvrt_ind_d@1;
  v4 BY dvrt_ind_d@1;

  !residual variances on observed/manifest vars set to 0
  abfi_n@0;
  bbfi_n@0;
  cbfi_n@0;
  dbfi_n@0;

  !residual variances on observed/manifest vars set to 0
  avrt_ind_d@0;
  bvrt_ind_d@0;
  cvrt_ind_d@0;
  dvrt_ind_d@0;

  ! means of observed/manifest vars set to 0
  [abfi_n@0];
  [bbfi_n@0];
  [cbfi_n@0];
  [dbfi_n@0];

  ! means of observed/manifest vars set to 0
  [avrt_ind_d@0];
  [bvrt_ind_d@0];
  [cvrt_ind_d@0];
  [dvrt_ind_d@0];

  [p1@0]; ! means of residual "factors" set to 0
  [p2@0];
  [p3@0];
  [p4@0];

  [v1@0]; ! means of residual "factors" set to 0
  [v2@0];
  [v3@0];
  [v4@0];

  p4 on p3 (a); ! Autoregressive paths constrained to equality
  p3 on p2 (a);
  p2 on p1 (a);

  v4 on v3 (b); ! Autoregressive paths constrained to equality
  v3 on v2 (b);
  v2 on v1 (b);

  p4 on v3 (c); ! Cross-lagged paths constrained to equality
  p3 on v2 (c);
  p2 on v1 (c);

  v4 on p3 (d); ! Cross-lagged paths constrained to equality
  v3 on p2 (d);
  v2 on p1 (d);

  p1 with v1; !(this one is not like the others)

  p2 with v2 (e); ! Within-wave correlations constrained to equality
  p3 with v3 (e);
  p4 with v4 (e);

  p2 p3 p4 (f); ! estimate variances of residual "factors"
  v2 v3 v4 (g); ! estimate variances of residual "factors"

  MODEL earlier:

  p4 on p3 (a23); ! Autoregressive paths constrained to equality
  p3 on p2 (a23);
  p2 on p1 (a23);

  v4 on v3 (b23); ! Autoregressive paths constrained to equality
  v3 on v2 (b23);
  v2 on v1 (b23);

  p4 on v3 (c23); ! Cross-lagged paths constrained to equality
  p3 on v2 (c23);
  p2 on v1 (c23);

  v4 on p3 (d23); ! Cross-lagged paths constrained to equality
  v3 on p2 (d23);
  v2 on p1 (d23);

  p1 with v1; !(this one is not like the others)

  p2 with v2 (e23); ! Within-wave correlations constrained to equality
  p3 with v3 (e23);
  p4 with v4 (e23);

  p2 p3 p4 (f23); ! estimate variances of residual "factors"
  v2 v3 v4 (g23); ! estimate variances of residual "factors"

  MODEL later:

  p4 on p3 (a45); ! Autoregressive paths constrained to equality
  p3 on p2 (a45);
  p2 on p1 (a45);

  v4 on v3 (b45); ! Autoregressive paths constrained to equality
  v3 on v2 (b45);
  v2 on v1 (b45);

  p4 on v3 (c45); ! Cross-lagged paths constrained to equality
  p3 on v2 (c45);
  p2 on v1 (c45);

  v4 on p3 (d45); ! Cross-lagged paths constrained to equality
  v3 on p2 (d45);
  v2 on p1 (d45);

  p1 with v1; !(this one is not like the others)

  p2 with v2 (e45); ! Within-wave correlations constrained to equality
  p3 with v3 (e45);
  p4 with v4 (e45);

  p2 p3 p4 (f45); ! estimate variances of residual "factors"
  v2 v3 v4 (g45); ! estimate variances of residual "factors"

  OUTPUT: SAMPSTAT PATTERNS;



*** WARNING in VARIABLE command
  Note that only the first 8 characters of variable names are used in the output.
  Shorten variable names to avoid any confusion.
*** WARNING
  Data set contains unknown or missing values for GROUPING,
  PATTERN, COHORT, CLUSTER and/or STRATIFICATION variables.
  Number of cases with unknown or missing values:  5
   2 WARNING(S) FOUND IN THE INPUT INSTRUCTIONS



PxVx Bivariate LCM-SR - 40splitgroup - Linear bfi_n with Linear vrt_ind_d;

SUMMARY OF ANALYSIS

Number of groups                                                 2
Number of observations
   Group EARLIER                                               534
   Group LATER                                                 330
   Total sample size                                           864

Number of dependent variables                                    8
Number of independent variables                                  0
Number of continuous latent variables                           12

Observed dependent variables

  Continuous
   ABFI_N      BBFI_N      CBFI_N      DBFI_N      AVRT_IND_D  BVRT_IND_D
   CVRT_IND_D  DVRT_IND_D

Continuous latent variables
   P1          P2          P3          P4          V1          V2
   V3          V4          I_BFI_N     S_BFI_N     I_VRT_IN    S_VRT_IN

Variables with special functions

  Grouping variable     AAGEGRP

  Time scores
   A1          A2          A3          A4


Estimator                                                      MLR
Information matrix                                        OBSERVED
Maximum number of iterations                                   100
Convergence criterion                                    0.100D-05
Maximum number of EM iterations                                500
Convergence criteria for the EM algorithm
  Loglikelihood change                                   0.100D-02
  Relative loglikelihood change                          0.100D-05
  Derivative                                             0.100D-03
Minimum variance                                         0.100D-03
Maximum number of steepest descent iterations                   20
Maximum number of iterations for H1                           2000
Convergence criterion for H1                             0.100D-03
Optimization algorithm                                         EMA

Input data file(s)
  /home/jflournoy/code_new/lnt_pxvx/Data/lnt_nat_recalc.tsv
Input data format  FREE


SUMMARY OF DATA

   Group EARLIER
     Number of missing data patterns            16

   Group LATER
     Number of missing data patterns            16


SUMMARY OF MISSING DATA PATTERNS


     MISSING DATA PATTERNS (x = not missing) FOR EARLIER

           1  2  3  4  5  6  7  8  9 10 11 12 13 14 15 16
 ABFI_N    x  x  x  x  x  x  x  x  x  x  x  x  x  x  x  x
 BBFI_N    x     x     x  x  x        x  x  x  x  x
 CBFI_N    x        x  x     x     x  x  x     x  x  x
 DBFI_N    x     x  x  x        x     x        x     x  x
 AVRT_IND  x  x  x  x  x  x  x  x  x  x  x  x  x  x  x  x
 BVRT_IND  x     x     x  x  x        x  x        x
 CVRT_IND  x        x        x     x  x        x  x  x
 DVRT_IND  x     x  x  x        x              x  x


     MISSING DATA PATTERN FREQUENCIES FOR EARLIER

    Pattern   Frequency     Pattern   Frequency     Pattern   Frequency
          1         327           7          19          13           2
          2         100           8          14          14           1
          3          14           9          11          15           1
          4          12          10           1          16           2
          5           1          11           1
          6          26          12           2


     MISSING DATA PATTERNS (x = not missing) FOR LATER

           1  2  3  4  5  6  7  8  9 10 11 12 13 14 15 16
 ABFI_N    x  x  x  x  x  x  x  x  x  x  x  x     x  x  x
 BBFI_N    x     x     x  x  x        x  x           x
 CBFI_N    x        x  x     x     x     x  x           x
 DBFI_N    x     x  x  x        x        x  x  x     x
 AVRT_IND  x  x  x  x  x  x  x  x  x  x  x  x  x     x  x
 BVRT_IND  x     x     x  x  x
 CVRT_IND  x        x        x     x     x  x
 DVRT_IND  x     x  x  x        x        x     x     x


     MISSING DATA PATTERN FREQUENCIES FOR LATER

    Pattern   Frequency     Pattern   Frequency     Pattern   Frequency
          1         165           7          26          13           1
          2          68           8           9          14           1
          3          12           9          10          15           1
          4           9          10           2          16           1
          5           1          11           1
          6          22          12           1


COVARIANCE COVERAGE OF DATA

Minimum covariance coverage value   0.100


     PROPORTION OF DATA PRESENT FOR EARLIER


           Covariance Coverage
              ABFI_N        BBFI_N        CBFI_N        DBFI_N        AVRT_IND
              ________      ________      ________      ________      ________
 ABFI_N         1.000
 BBFI_N         0.738         0.738
 CBFI_N         0.704         0.659         0.704
 DBFI_N         0.700         0.646         0.644         0.700
 AVRT_IND       1.000         0.738         0.704         0.700         1.000
 BVRT_IND       0.730         0.730         0.655         0.642         0.730
 CVRT_IND       0.700         0.655         0.700         0.642         0.700
 DVRT_IND       0.695         0.646         0.642         0.693         0.695


           Covariance Coverage
              BVRT_IND      CVRT_IND      DVRT_IND
              ________      ________      ________
 BVRT_IND       0.730
 CVRT_IND       0.652         0.700
 DVRT_IND       0.642         0.640         0.695


     PROPORTION OF DATA PRESENT FOR LATER


           Covariance Coverage
              ABFI_N        BBFI_N        CBFI_N        DBFI_N        AVRT_IND
              ________      ________      ________      ________      ________
 ABFI_N         1.000
 BBFI_N         0.703         0.703
 CBFI_N         0.658         0.597         0.658
 DBFI_N         0.609         0.548         0.542         0.609
 AVRT_IND       1.000         0.703         0.658         0.609         1.000
 BVRT_IND       0.697         0.697         0.594         0.545         0.697
 CVRT_IND       0.652         0.591         0.652         0.539         0.652
 DVRT_IND       0.600         0.545         0.536         0.597         0.600


           Covariance Coverage
              BVRT_IND      CVRT_IND      DVRT_IND
              ________      ________      ________
 BVRT_IND       0.697
 CVRT_IND       0.588         0.652
 DVRT_IND       0.542         0.533         0.600


SAMPLE STATISTICS


     ESTIMATED SAMPLE STATISTICS FOR EARLIER


           Means
              ABFI_N        BBFI_N        CBFI_N        DBFI_N        AVRT_IND
              ________      ________      ________      ________      ________
               50.258        49.816        48.970        48.993        52.138


           Means
              BVRT_IND      CVRT_IND      DVRT_IND
              ________      ________      ________
               52.716        51.676        51.541


           Covariances
              ABFI_N        BBFI_N        CBFI_N        DBFI_N        AVRT_IND
              ________      ________      ________      ________      ________
 ABFI_N       480.684
 BBFI_N       373.384       472.253
 CBFI_N       360.305       386.277       452.609
 DBFI_N       385.996       406.388       419.431       521.484
 AVRT_IND     -12.831       -10.605         2.872       -25.727       446.883
 BVRT_IND      -6.601         7.216         4.334       -14.849       299.432
 CVRT_IND     -37.059       -13.557       -10.898       -24.588       288.655
 DVRT_IND      -9.109       -12.899         0.458       -12.910       282.987


           Covariances
              BVRT_IND      CVRT_IND      DVRT_IND
              ________      ________      ________
 BVRT_IND     427.485
 CVRT_IND     312.052       454.398
 DVRT_IND     315.408       337.487       470.598


           Correlations
              ABFI_N        BBFI_N        CBFI_N        DBFI_N        AVRT_IND
              ________      ________      ________      ________      ________
 ABFI_N         1.000
 BBFI_N         0.784         1.000
 CBFI_N         0.772         0.836         1.000
 DBFI_N         0.771         0.819         0.863         1.000
 AVRT_IND      -0.028        -0.023         0.006        -0.053         1.000
 BVRT_IND      -0.015         0.016         0.010        -0.031         0.685
 CVRT_IND      -0.079        -0.029        -0.024        -0.051         0.641
 DVRT_IND      -0.019        -0.027         0.001        -0.026         0.617


           Correlations
              BVRT_IND      CVRT_IND      DVRT_IND
              ________      ________      ________
 BVRT_IND       1.000
 CVRT_IND       0.708         1.000
 DVRT_IND       0.703         0.730         1.000


     ESTIMATED SAMPLE STATISTICS FOR LATER


           Means
              ABFI_N        BBFI_N        CBFI_N        DBFI_N        AVRT_IND
              ________      ________      ________      ________      ________
               48.544        47.706        46.741        46.179        48.430


           Means
              BVRT_IND      CVRT_IND      DVRT_IND
              ________      ________      ________
               47.615        46.463        47.309


           Covariances
              ABFI_N        BBFI_N        CBFI_N        DBFI_N        AVRT_IND
              ________      ________      ________      ________      ________
 ABFI_N       420.764
 BBFI_N       341.338       421.307
 CBFI_N       347.998       358.847       444.665
 DBFI_N       335.824       348.596       371.757       439.878
 AVRT_IND     -10.030        27.825        20.550       -10.995       371.140
 BVRT_IND      -3.058        34.264        28.230        11.034       239.449
 CVRT_IND      -4.961        26.708         9.760         8.544       240.267
 DVRT_IND     -17.313        27.104        17.301         9.720       230.424


           Covariances
              BVRT_IND      CVRT_IND      DVRT_IND
              ________      ________      ________
 BVRT_IND     350.389
 CVRT_IND     246.775       375.648
 DVRT_IND     232.854       253.449       338.141


           Correlations
              ABFI_N        BBFI_N        CBFI_N        DBFI_N        AVRT_IND
              ________      ________      ________      ________      ________
 ABFI_N         1.000
 BBFI_N         0.811         1.000
 CBFI_N         0.805         0.829         1.000
 DBFI_N         0.781         0.810         0.841         1.000
 AVRT_IND      -0.025         0.070         0.051        -0.027         1.000
 BVRT_IND      -0.008         0.089         0.072         0.028         0.664
 CVRT_IND      -0.012         0.067         0.024         0.021         0.643
 DVRT_IND      -0.046         0.072         0.045         0.025         0.650


           Correlations
              BVRT_IND      CVRT_IND      DVRT_IND
              ________      ________      ________
 BVRT_IND       1.000
 CVRT_IND       0.680         1.000
 DVRT_IND       0.676         0.711         1.000


     MAXIMUM LOG-LIKELIHOOD VALUE FOR THE UNRESTRICTED (H1) MODEL IS -21772.099


UNIVARIATE SAMPLE STATISTICS


     UNIVARIATE HIGHER-ORDER MOMENT DESCRIPTIVE STATISTICS FOR EARLIER

         Variable/         Mean/     Skewness/   Minimum/ % with                Percentiles
        Sample Size      Variance    Kurtosis    Maximum  Min/Max      20%/60%    40%/80%    Median

     ABFI_N               50.258       0.017       0.000    0.75%      28.125     43.750     50.000
             534.000     480.684      -0.635     100.000    0.56%      56.250     68.750
     BBFI_N               49.823      -0.191       0.000    0.76%      31.250     43.750     50.000
             394.000     472.379      -0.486     100.000    0.51%      56.250     68.750
     CBFI_N               48.969      -0.055       0.000    1.06%      31.250     43.750     50.000
             376.000     458.805      -0.464     100.000    0.53%      56.250     68.750
     DBFI_N               49.304      -0.139       0.000    1.60%      28.125     43.750     50.000
             374.000     523.628      -0.642     100.000    0.27%      56.250     68.750
     AVRT_IND_D           52.138      -0.003       0.000    0.94%      33.333     50.000     50.000
             534.000     446.883      -0.476     100.000    1.69%      58.333     75.000
     BVRT_IND_D           52.927      -0.077       0.000    0.26%      33.333     50.000     50.000
             390.000     423.411      -0.483     100.000    1.54%      58.333     66.667
     CVRT_IND_D           52.005       0.094       8.333    2.41%      33.333     50.000     50.000
             374.000     454.238      -0.527     100.000    1.87%      58.333     66.667
     DVRT_IND_D           51.561      -0.015       0.000    0.81%      33.333     50.000     50.000
             371.000     469.495      -0.568     100.000    1.35%      58.333     75.000


     UNIVARIATE HIGHER-ORDER MOMENT DESCRIPTIVE STATISTICS FOR LATER

         Variable/         Mean/     Skewness/   Minimum/ % with                Percentiles
        Sample Size      Variance    Kurtosis    Maximum  Min/Max      20%/60%    40%/80%    Median

     ABFI_N               48.486       0.036       3.125    0.61%      29.167     43.750     50.000
             329.000     420.446      -0.544      96.875    0.30%      56.250     65.625
     BBFI_N               47.232       0.188       3.125    0.87%      28.125     40.625     46.875
             230.000     437.879      -0.558      96.875    0.43%      50.000     65.625
     CBFI_N               45.561       0.191       0.000    0.93%      25.000     37.500     43.750
             214.000     451.051      -0.722      96.875    0.47%      50.000     65.625
     DBFI_N               44.016       0.156       3.125    2.00%      21.875     37.500     43.750
             200.000     428.787      -0.539     100.000    0.50%      50.000     62.500
     AVRT_IND_D           48.430       0.036       0.000    0.30%      33.333     41.667     50.000
             329.000     371.141      -0.450     100.000    0.61%      50.000     66.667
     BVRT_IND_D           47.529       0.137       0.000    0.44%      33.333     41.667     50.000
             226.000     344.499      -0.324     100.000    0.44%      50.000     58.333
     CVRT_IND_D           45.715       0.210       0.000    0.47%      25.000     41.667     41.667
             212.000     365.880      -0.392     100.000    0.47%      50.000     58.333
     DVRT_IND_D           46.985       0.011       8.333    2.01%      33.333     41.667     50.000
             199.000     330.105      -0.645      83.333    4.52%      50.000     58.333


THE MODEL ESTIMATION TERMINATED NORMALLY



MODEL FIT INFORMATION

Number of Free Parameters                       34

Loglikelihood

          H0 Value                      -21797.342
          H0 Scaling Correction Factor      1.1877
            for MLR

Information Criteria

          Akaike (AIC)                   43662.684
          Bayesian (BIC)                 43824.578
          Sample-Size Adjusted BIC       43716.603
            (n* = (n + 2) / 24)



MODEL RESULTS

                                                    Two-Tailed
                    Estimate       S.E.  Est./S.E.    P-Value

Group EARLIER

 P1       BY
    ABFI_N             1.000      0.000    999.000    999.000

 P2       BY
    BBFI_N             1.000      0.000    999.000    999.000

 P3       BY
    CBFI_N             1.000      0.000    999.000    999.000

 P4       BY
    DBFI_N             1.000      0.000    999.000    999.000

 V1       BY
    AVRT_IND_D         1.000      0.000    999.000    999.000

 V2       BY
    BVRT_IND_D         1.000      0.000    999.000    999.000

 V3       BY
    CVRT_IND_D         1.000      0.000    999.000    999.000

 V4       BY
    DVRT_IND_D         1.000      0.000    999.000    999.000

 P4         ON
    P3                 0.125      0.059      2.107      0.035
    V3                 0.027      0.040      0.692      0.489

 P3         ON
    P2                 0.125      0.059      2.107      0.035
    V2                 0.027      0.040      0.692      0.489

 P2         ON
    P1                 0.125      0.059      2.107      0.035
    V1                 0.027      0.040      0.692      0.489

 V4         ON
    V3                 0.141      0.071      1.978      0.048
    P3                 0.067      0.063      1.067      0.286

 V3         ON
    V2                 0.141      0.071      1.978      0.048
    P2                 0.067      0.063      1.067      0.286

 V2         ON
    V1                 0.141      0.071      1.978      0.048
    P1                 0.067      0.063      1.067      0.286

 S_BFI_N  WITH
    I_BFI_N           -1.275      0.909     -1.402      0.161
    S_VRT_IND_         0.056      0.121      0.460      0.645
    I_VRT_IND_         1.390      2.813      0.494      0.621

 I_BFI_N  WITH
    S_VRT_IND_         0.764      2.878      0.265      0.791
    I_VRT_IND_       -21.078     17.131     -1.230      0.219

 S_VRT_IN WITH
    I_VRT_IND_        -1.795      0.824     -2.178      0.029

 P1       WITH
    V1                 5.769     11.655      0.495      0.621

 P2       WITH
    V2                 8.973      6.425      1.397      0.163

 P3       WITH
    V3                 8.973      6.425      1.397      0.163

 P4       WITH
    V4                 8.973      6.425      1.397      0.163

 Means
    P1                 0.000      0.000    999.000    999.000
    V1                 0.000      0.000    999.000    999.000
    I_BFI_N           49.182      0.696     70.674      0.000
    S_BFI_N           -0.259      0.062     -4.164      0.000
    I_VRT_IND_        50.690      0.637     79.627      0.000
    S_VRT_IND_        -0.226      0.058     -3.888      0.000

 Intercepts
    ABFI_N             0.000      0.000    999.000    999.000
    BBFI_N             0.000      0.000    999.000    999.000
    CBFI_N             0.000      0.000    999.000    999.000
    DBFI_N             0.000      0.000    999.000    999.000
    AVRT_IND_D         0.000      0.000    999.000    999.000
    BVRT_IND_D         0.000      0.000    999.000    999.000
    CVRT_IND_D         0.000      0.000    999.000    999.000
    DVRT_IND_D         0.000      0.000    999.000    999.000
    P2                 0.000      0.000    999.000    999.000
    P3                 0.000      0.000    999.000    999.000
    P4                 0.000      0.000    999.000    999.000
    V2                 0.000      0.000    999.000    999.000
    V3                 0.000      0.000    999.000    999.000
    V4                 0.000      0.000    999.000    999.000

 Variances
    P1               134.797     16.008      8.421      0.000
    V1               180.811     19.348      9.345      0.000
    I_BFI_N          342.637     23.595     14.522      0.000
    S_BFI_N            0.187      0.166      1.125      0.261
    I_VRT_IND_       252.211     20.362     12.386      0.000
    S_VRT_IND_         0.176      0.135      1.303      0.192

 Residual Variances
    ABFI_N             0.000      0.000    999.000    999.000
    BBFI_N             0.000      0.000    999.000    999.000
    CBFI_N             0.000      0.000    999.000    999.000
    DBFI_N             0.000      0.000    999.000    999.000
    AVRT_IND_D         0.000      0.000    999.000    999.000
    BVRT_IND_D         0.000      0.000    999.000    999.000
    CVRT_IND_D         0.000      0.000    999.000    999.000
    DVRT_IND_D         0.000      0.000    999.000    999.000
    P2                86.755      7.466     11.620      0.000
    P3                86.755      7.466     11.620      0.000
    P4                86.755      7.466     11.620      0.000
    V2               145.465     12.860     11.312      0.000
    V3               145.465     12.860     11.312      0.000
    V4               145.465     12.860     11.312      0.000

Group LATER

 P1       BY
    ABFI_N             1.000      0.000    999.000    999.000

 P2       BY
    BBFI_N             1.000      0.000    999.000    999.000

 P3       BY
    CBFI_N             1.000      0.000    999.000    999.000

 P4       BY
    DBFI_N             1.000      0.000    999.000    999.000

 V1       BY
    AVRT_IND_D         1.000      0.000    999.000    999.000

 V2       BY
    BVRT_IND_D         1.000      0.000    999.000    999.000

 V3       BY
    CVRT_IND_D         1.000      0.000    999.000    999.000

 V4       BY
    DVRT_IND_D         1.000      0.000    999.000    999.000

 P4         ON
    P3                 0.125      0.079      1.575      0.115
    V3                 0.068      0.047      1.431      0.152

 P3         ON
    P2                 0.125      0.079      1.575      0.115
    V2                 0.068      0.047      1.431      0.152

 P2         ON
    P1                 0.125      0.079      1.575      0.115
    V1                 0.068      0.047      1.431      0.152

 V4         ON
    V3                 0.058      0.083      0.698      0.485
    P3                 0.023      0.073      0.312      0.755

 V3         ON
    V2                 0.058      0.083      0.698      0.485
    P2                 0.023      0.073      0.312      0.755

 V2         ON
    V1                 0.058      0.083      0.698      0.485
    P1                 0.023      0.073      0.312      0.755

 S_BFI_N  WITH
    I_BFI_N           -1.275      0.909     -1.402      0.161
    S_VRT_IND_         0.056      0.121      0.460      0.645
    I_VRT_IND_         1.390      2.813      0.494      0.621

 I_BFI_N  WITH
    S_VRT_IND_         0.764      2.878      0.265      0.791
    I_VRT_IND_       -21.078     17.131     -1.230      0.219

 S_VRT_IN WITH
    I_VRT_IND_        -1.795      0.824     -2.178      0.029

 P1       WITH
    V1                 0.346     10.110      0.034      0.973

 P2       WITH
    V2                 2.954      6.666      0.443      0.658

 P3       WITH
    V3                 2.954      6.666      0.443      0.658

 P4       WITH
    V4                 2.954      6.666      0.443      0.658

 Means
    P1                 0.000      0.000    999.000    999.000
    V1                 0.000      0.000    999.000    999.000
    I_BFI_N           49.182      0.696     70.674      0.000
    S_BFI_N           -0.259      0.062     -4.164      0.000
    I_VRT_IND_        50.690      0.637     79.627      0.000
    S_VRT_IND_        -0.226      0.058     -3.888      0.000

 Intercepts
    ABFI_N             0.000      0.000    999.000    999.000
    BBFI_N             0.000      0.000    999.000    999.000
    CBFI_N             0.000      0.000    999.000    999.000
    DBFI_N             0.000      0.000    999.000    999.000
    AVRT_IND_D         0.000      0.000    999.000    999.000
    BVRT_IND_D         0.000      0.000    999.000    999.000
    CVRT_IND_D         0.000      0.000    999.000    999.000
    DVRT_IND_D         0.000      0.000    999.000    999.000
    P2                 0.000      0.000    999.000    999.000
    P3                 0.000      0.000    999.000    999.000
    P4                 0.000      0.000    999.000    999.000
    V2                 0.000      0.000    999.000    999.000
    V3                 0.000      0.000    999.000    999.000
    V4                 0.000      0.000    999.000    999.000

 Variances
    P1                95.107     13.719      6.932      0.000
    V1               140.063     17.936      7.809      0.000
    I_BFI_N          342.637     23.595     14.522      0.000
    S_BFI_N            0.187      0.166      1.125      0.261
    I_VRT_IND_       252.211     20.362     12.386      0.000
    S_VRT_IND_         0.176      0.135      1.303      0.192

 Residual Variances
    ABFI_N             0.000      0.000    999.000    999.000
    BBFI_N             0.000      0.000    999.000    999.000
    CBFI_N             0.000      0.000    999.000    999.000
    DBFI_N             0.000      0.000    999.000    999.000
    AVRT_IND_D         0.000      0.000    999.000    999.000
    BVRT_IND_D         0.000      0.000    999.000    999.000
    CVRT_IND_D         0.000      0.000    999.000    999.000
    DVRT_IND_D         0.000      0.000    999.000    999.000
    P2                82.271      8.818      9.330      0.000
    P3                82.271      8.818      9.330      0.000
    P4                82.271      8.818      9.330      0.000
    V2               116.160     12.628      9.199      0.000
    V3               116.160     12.628      9.199      0.000
    V4               116.160     12.628      9.199      0.000


QUALITY OF NUMERICAL RESULTS

     Condition Number for the Information Matrix              0.491E-05
       (ratio of smallest to largest eigenvalue)


     Beginning Time:  18:06:24
        Ending Time:  18:06:43
       Elapsed Time:  00:00:19



MUTHEN & MUTHEN
3463 Stoner Ave.
Los Angeles, CA  90066

Tel: (310) 391-9971
Fax: (310) 391-8971
Web: www.StatModel.com
Support: Support@StatModel.com

Copyright (c) 1998-2017 Muthen & Muthen
