Mplus VERSION 8 (Linux)
MUTHEN & MUTHEN
07/08/2018   5:18 PM

INPUT INSTRUCTIONS


  title: PxVx Bivariate LCM-SR - decadegroup - Linear bfas_ac with Linear usi_d;
  data: file = /home/jflournoy/code_new/lnt_pxvx/Data/lnt_nat_recalc.tsv;

  variable:
  names =
  subjid
  aage
  aaspfin
  aaspfin_d
  abfa_mt
  abfa_mt_d
  abfas_ac
  abfas_ap
  abfas_ci
  abfas_co
  abfas_ea
  abfas_ee
  abfas_nv
  abfas_nv9
  abfas_nw
  abfas_oi
  abfas_oo
  abfi_a
  abfi_a6
  abfi_c
  abfi_d_scale
  abfi_e
  abfi_hp8
  abfi_n
  abfi_o
  abfi_s_scale
  ahrz_col
  ahrz_col_d
  ahrz_ind
  ahrz_ind_d
  amvi
  ausi
  ausi_d
  avrt_col
  avrt_col_d
  avrt_ind
  avrt_ind_d
  bage
  baspfin
  baspfin_d
  bbfa_mt
  bbfa_mt_d
  bbfas_ac
  bbfas_ap
  bbfas_ci
  bbfas_co
  bbfas_ea
  bbfas_ee
  bbfas_nv
  bbfas_nv9
  bbfas_nw
  bbfas_oi
  bbfas_oo
  bbfi_a
  bbfi_a6
  bbfi_c
  bbfi_d_scale
  bbfi_e
  bbfi_hp8
  bbfi_n
  bbfi_o
  bbfi_s_scale
  bhrz_col
  bhrz_col_d
  bhrz_ind
  bhrz_ind_d
  bmvi
  busi
  busi_d
  bvrt_col
  bvrt_col_d
  bvrt_ind
  bvrt_ind_d
  cage
  caspfin
  caspfin_d
  cbfa_mt
  cbfa_mt_d
  cbfas_ac
  cbfas_ap
  cbfas_ci
  cbfas_co
  cbfas_ea
  cbfas_ee
  cbfas_nv
  cbfas_nv9
  cbfas_nw
  cbfas_oi
  cbfas_oo
  cbfi_a
  cbfi_a6
  cbfi_c
  cbfi_d_scale
  cbfi_e
  cbfi_hp8
  cbfi_n
  cbfi_o
  cbfi_s_scale
  chrz_col
  chrz_col_d
  chrz_ind
  chrz_ind_d
  cmvi
  cusi
  cusi_d
  cvrt_col
  cvrt_col_d
  cvrt_ind
  cvrt_ind_d
  dage
  daspfin
  daspfin_d
  dbfa_mt
  dbfa_mt_d
  dbfas_ac
  dbfas_ap
  dbfas_ci
  dbfas_co
  dbfas_ea
  dbfas_ee
  dbfas_nv
  dbfas_nv9
  dbfas_nw
  dbfas_oi
  dbfas_oo
  dbfi_a
  dbfi_a6
  dbfi_c
  dbfi_d_scale
  dbfi_e
  dbfi_hp8
  dbfi_n
  dbfi_o
  dbfi_s_scale
  dhrz_col
  dhrz_col_d
  dhrz_ind
  dhrz_ind_d
  dmvi
  dusi
  dusi_d
  dvrt_col
  dvrt_col_d
  dvrt_ind
  dvrt_ind_d;

  USEVARIABLES =
  abfas_ac
  bbfas_ac
  cbfas_ac
  dbfas_ac
  ausi_d
  busi_d
  cusi_d
  dusi_d
  a1
  a2
  a3
  a4
  aagegrp
  ;

  missing = all (-9999);

  tscores = a1 a2 a3 a4;

  grouping = aagegrp (0=d2, 1=d3, 2=d4, 3=d5);

  DEFINE:

  aagegrp = aage;

  cut aagegrp (29 39 49);

  a1 = aage + 0 - 36;
  a2 = aage + 1 - 36;
  a3 = aage + 2 - 36;
  a4 = aage + 3 - 36;

  ANALYSIS:
  TYPE=RANDOM;
  PROCESSORS = 6;
  model=nocovariances; ! supresses default estimation of certain covs in model;

  MODEL:

  i_bfas_ac s_bfas_ac | abfas_ac bbfas_ac cbfas_ac dbfas_ac AT a1 a2 a3 a4;
  i_usi_d s_usi_d | ausi_d busi_d cusi_d dusi_d AT a1 a2 a3 a4;

  ! freeing factor covs because of "nocovariances"
  ! But ensure they are constrained across groups
  s_bfas_ac WITH i_bfas_ac (p)
  s_usi_d (q)
  i_usi_d (r);
  i_bfas_ac WITH s_usi_d (s)
  i_usi_d (t);
  s_usi_d WITH i_usi_d (u);

  !constrain latent growth means across groups
  [i_bfas_ac] (v);
  [s_bfas_ac] (w);
  [i_usi_d] (x);
  [s_usi_d] (y);

  !constrain latent growth variances across groups
  i_bfas_ac (l);
  s_bfas_ac (m);
  i_usi_d (n);
  s_usi_d (o);

  p1 BY abfas_ac@1; ! Residual "factors";
  p2 BY bbfas_ac@1;
  p3 BY cbfas_ac@1;
  p4 BY dbfas_ac@1;

  v1 BY ausi_d@1; ! Residual "factors";
  v2 BY busi_d@1;
  v3 BY cusi_d@1;
  v4 BY dusi_d@1;

  !residual variances on observed/manifest vars set to 0
  abfas_ac@0;
  bbfas_ac@0;
  cbfas_ac@0;
  dbfas_ac@0;

  !residual variances on observed/manifest vars set to 0
  ausi_d@0;
  busi_d@0;
  cusi_d@0;
  dusi_d@0;

  ! means of observed/manifest vars set to 0
  [abfas_ac@0];
  [bbfas_ac@0];
  [cbfas_ac@0];
  [dbfas_ac@0];

  ! means of observed/manifest vars set to 0
  [ausi_d@0];
  [busi_d@0];
  [cusi_d@0];
  [dusi_d@0];

  [p1@0]; ! means of residual "factors" set to 0
  [p2@0];
  [p3@0];
  [p4@0];

  [v1@0]; ! means of residual "factors" set to 0
  [v2@0];
  [v3@0];
  [v4@0];

  p4 on p3 (a); ! Autoregressive paths constrained to equality
  p3 on p2 (a);
  p2 on p1 (a);

  v4 on v3 (b); ! Autoregressive paths constrained to equality
  v3 on v2 (b);
  v2 on v1 (b);

  p4 on v3 (c); ! Cross-lagged paths constrained to equality
  p3 on v2 (c);
  p2 on v1 (c);

  v4 on p3 (d); ! Cross-lagged paths constrained to equality
  v3 on p2 (d);
  v2 on p1 (d);

  p1 with v1; !(this one is not like the others)

  p2 with v2 (e); ! Within-wave correlations constrained to equality
  p3 with v3 (e);
  p4 with v4 (e);

  p2 p3 p4 (f); ! estimate variances of residual "factors"
  v2 v3 v4 (g); ! estimate variances of residual "factors"

  MODEL d2:

  p4 on p3 (a2); ! Autoregressive paths constrained to equality
  p3 on p2 (a2);
  p2 on p1 (a2);

  v4 on v3 (b2); ! Autoregressive paths constrained to equality
  v3 on v2 (b2);
  v2 on v1 (b2);

  p4 on v3 (c2); ! Cross-lagged paths constrained to equality
  p3 on v2 (c2);
  p2 on v1 (c2);

  v4 on p3 (d2); ! Cross-lagged paths constrained to equality
  v3 on p2 (d2);
  v2 on p1 (d2);

  p1 with v1; !(this one is not like the others)

  p2 with v2 (e2); ! Within-wave correlations constrained to equality
  p3 with v3 (e2);
  p4 with v4 (e2);

  p2 p3 p4 (f2); ! estimate variances of residual "factors"
  v2 v3 v4 (g2); ! estimate variances of residual "factors"

  MODEL d3:

  p4 on p3 (a3); ! Autoregressive paths constrained to equality
  p3 on p2 (a3);
  p2 on p1 (a3);

  v4 on v3 (b3); ! Autoregressive paths constrained to equality
  v3 on v2 (b3);
  v2 on v1 (b3);

  p4 on v3 (c3); ! Cross-lagged paths constrained to equality
  p3 on v2 (c3);
  p2 on v1 (c3);

  v4 on p3 (d3); ! Cross-lagged paths constrained to equality
  v3 on p2 (d3);
  v2 on p1 (d3);

  p1 with v1; !(this one is not like the others)

  p2 with v2 (e3); ! Within-wave correlations constrained to equality
  p3 with v3 (e3);
  p4 with v4 (e3);

  p2 p3 p4 (f3); ! estimate variances of residual "factors"
  v2 v3 v4 (g3); ! estimate variances of residual "factors"

  MODEL d4:

  p4 on p3 (a4); ! Autoregressive paths constrained to equality
  p3 on p2 (a4);
  p2 on p1 (a4);

  v4 on v3 (b4); ! Autoregressive paths constrained to equality
  v3 on v2 (b4);
  v2 on v1 (b4);

  p4 on v3 (c4); ! Cross-lagged paths constrained to equality
  p3 on v2 (c4);
  p2 on v1 (c4);

  v4 on p3 (d4); ! Cross-lagged paths constrained to equality
  v3 on p2 (d4);
  v2 on p1 (d4);

  p1 with v1; !(this one is not like the others)

  p2 with v2 (e4); ! Within-wave correlations constrained to equality
  p3 with v3 (e4);
  p4 with v4 (e4);

  p2 p3 p4 (f4); ! estimate variances of residual "factors"
  v2 v3 v4 (g4); ! estimate variances of residual "factors"

  MODEL d5:

  p4 on p3 (a5); ! Autoregressive paths constrained to equality
  p3 on p2 (a5);
  p2 on p1 (a5);

  v4 on v3 (b5); ! Autoregressive paths constrained to equality
  v3 on v2 (b5);
  v2 on v1 (b5);

  p4 on v3 (c5); ! Cross-lagged paths constrained to equality
  p3 on v2 (c5);
  p2 on v1 (c5);

  v4 on p3 (d5); ! Cross-lagged paths constrained to equality
  v3 on p2 (d5);
  v2 on p1 (d5);

  p1 with v1; !(this one is not like the others)

  p2 with v2 (e5); ! Within-wave correlations constrained to equality
  p3 with v3 (e5);
  p4 with v4 (e5);

  p2 p3 p4 (f5); ! estimate variances of residual "factors"
  v2 v3 v4 (g5); ! estimate variances of residual "factors"

  OUTPUT: SAMPSTAT PATTERNS;



*** WARNING
  Data set contains unknown or missing values for GROUPING,
  PATTERN, COHORT, CLUSTER and/or STRATIFICATION variables.
  Number of cases with unknown or missing values:  5
   1 WARNING(S) FOUND IN THE INPUT INSTRUCTIONS



PxVx Bivariate LCM-SR - decadegroup - Linear bfas_ac with Linear usi_d;

SUMMARY OF ANALYSIS

Number of groups                                                 4
Number of observations
   Group D2                                                    301
   Group D3                                                    233
   Group D4                                                    198
   Group D5                                                    132
   Total sample size                                           864

Number of dependent variables                                    8
Number of independent variables                                  0
Number of continuous latent variables                           12

Observed dependent variables

  Continuous
   ABFAS_AC    BBFAS_AC    CBFAS_AC    DBFAS_AC    AUSI_D      BUSI_D
   CUSI_D      DUSI_D

Continuous latent variables
   P1          P2          P3          P4          V1          V2
   V3          V4          I_BFAS_A    S_BFAS_A    I_USI_D     S_USI_D

Variables with special functions

  Grouping variable     AAGEGRP

  Time scores
   A1          A2          A3          A4


Estimator                                                      MLR
Information matrix                                        OBSERVED
Maximum number of iterations                                   100
Convergence criterion                                    0.100D-05
Maximum number of EM iterations                                500
Convergence criteria for the EM algorithm
  Loglikelihood change                                   0.100D-02
  Relative loglikelihood change                          0.100D-05
  Derivative                                             0.100D-03
Minimum variance                                         0.100D-03
Maximum number of steepest descent iterations                   20
Maximum number of iterations for H1                           2000
Convergence criterion for H1                             0.100D-03
Optimization algorithm                                         EMA

Input data file(s)
  /home/jflournoy/code_new/lnt_pxvx/Data/lnt_nat_recalc.tsv
Input data format  FREE


SUMMARY OF DATA

   Group D2
     Number of missing data patterns            15

   Group D3
     Number of missing data patterns            10

   Group D4
     Number of missing data patterns            14

   Group D5
     Number of missing data patterns             9


SUMMARY OF MISSING DATA PATTERNS


     MISSING DATA PATTERNS (x = not missing) FOR D2

           1  2  3  4  5  6  7  8  9 10 11 12 13 14 15
 ABFAS_AC  x  x  x  x  x  x  x  x  x  x     x  x  x  x
 BBFAS_AC  x     x  x  x  x           x  x  x  x  x
 CBFAS_AC  x        x     x     x  x  x  x  x  x     x
 DBFAS_AC  x     x  x        x     x     x  x        x
 AUSI_D    x  x  x  x  x  x  x  x  x  x  x  x  x  x  x
 BUSI_D    x     x  x  x  x           x  x     x     x
 CUSI_D    x              x     x  x     x  x  x     x
 DUSI_D    x     x  x        x     x     x  x  x     x


     MISSING DATA PATTERN FREQUENCIES FOR D2

    Pattern   Frequency     Pattern   Frequency     Pattern   Frequency
          1         185           6          13          11           1
          2          57           7          11          12           2
          3           6           8           5          13           1
          4           1           9           5          14           1
          5          11          10           1          15           1


     MISSING DATA PATTERNS (x = not missing) FOR D3

           1  2  3  4  5  6  7  8  9 10
 ABFAS_AC  x  x  x  x  x  x  x  x  x  x
 BBFAS_AC  x     x  x  x           x
 CBFAS_AC  x           x     x  x
 DBFAS_AC  x     x        x     x     x
 AUSI_D    x  x  x  x  x  x  x  x  x  x
 BUSI_D    x     x  x  x
 CUSI_D    x           x     x  x
 DUSI_D    x     x        x     x


     MISSING DATA PATTERN FREQUENCIES FOR D3

    Pattern   Frequency     Pattern   Frequency     Pattern   Frequency
          1         140           5           7           9           1
          2          44           6           3          10           1
          3           8           7           7
          4          15           8           7


     MISSING DATA PATTERNS (x = not missing) FOR D4

           1  2  3  4  5  6  7  8  9 10 11 12 13 14
 ABFAS_AC  x  x  x  x  x  x  x  x  x  x  x  x  x  x
 BBFAS_AC  x     x  x  x  x           x  x     x
 CBFAS_AC  x        x     x     x  x  x           x
 DBFAS_AC  x     x  x        x     x  x        x
 AUSI_D    x  x  x  x  x  x  x  x  x  x  x     x  x
 BUSI_D    x     x  x  x  x
 CUSI_D    x              x     x  x  x
 DUSI_D    x     x  x        x     x  x        x


     MISSING DATA PATTERN FREQUENCIES FOR D4

    Pattern   Frequency     Pattern   Frequency     Pattern   Frequency
          1         104           6          15          11           3
          2          39           7           4          12           1
          3           7           8           5          13           1
          4           1           9           5          14           1
          5          11          10           1


     MISSING DATA PATTERNS (x = not missing) FOR D5

           1  2  3  4  5  6  7  8  9
 ABFAS_AC  x  x  x  x  x  x  x  x
 BBFAS_AC  x     x  x  x           x
 CBFAS_AC  x           x     x  x  x
 DBFAS_AC  x     x        x     x  x
 AUSI_D    x  x  x  x  x  x  x  x  x
 BUSI_D    x     x  x  x           x
 CUSI_D    x           x     x  x  x
 DUSI_D    x     x        x     x  x


     MISSING DATA PATTERN FREQUENCIES FOR D5

    Pattern   Frequency     Pattern   Frequency     Pattern   Frequency
          1          60           4          10           7           6
          2          29           5          11           8           4
          3           5           6           6           9           1


COVARIANCE COVERAGE OF DATA

Minimum covariance coverage value   0.100


     PROPORTION OF DATA PRESENT FOR D2


           Covariance Coverage
              ABFAS_AC      BBFAS_AC      CBFAS_AC      DBFAS_AC      AUSI_D
              ________      ________      ________      ________      ________
 ABFAS_AC       0.997
 BBFAS_AC       0.734         0.738
 CBFAS_AC       0.711         0.678         0.714
 DBFAS_AC       0.701         0.648         0.648         0.704
 AUSI_D         0.997         0.738         0.714         0.704         1.000
 BUSI_D         0.728         0.728         0.674         0.645         0.731
 CUSI_D         0.704         0.671         0.708         0.645         0.708
 DUSI_D         0.704         0.651         0.651         0.704         0.708


           Covariance Coverage
              BUSI_D        CUSI_D        DUSI_D
              ________      ________      ________
 BUSI_D         0.731
 CUSI_D         0.668         0.708
 DUSI_D         0.648         0.648         0.708


     PROPORTION OF DATA PRESENT FOR D3


           Covariance Coverage
              ABFAS_AC      BBFAS_AC      CBFAS_AC      DBFAS_AC      AUSI_D
              ________      ________      ________      ________      ________
 ABFAS_AC       1.000
 BBFAS_AC       0.747         0.747
 CBFAS_AC       0.717         0.682         0.717
 DBFAS_AC       0.734         0.700         0.670         0.734
 AUSI_D         1.000         0.747         0.717         0.734         1.000
 BUSI_D         0.747         0.747         0.682         0.700         0.747
 CUSI_D         0.648         0.614         0.648         0.605         0.648
 DUSI_D         0.734         0.700         0.670         0.734         0.734


           Covariance Coverage
              BUSI_D        CUSI_D        DUSI_D
              ________      ________      ________
 BUSI_D         0.747
 CUSI_D         0.614         0.648
 DUSI_D         0.700         0.605         0.734


     PROPORTION OF DATA PRESENT FOR D4


           Covariance Coverage
              ABFAS_AC      BBFAS_AC      CBFAS_AC      DBFAS_AC      AUSI_D
              ________      ________      ________      ________      ________
 ABFAS_AC       0.985
 BBFAS_AC       0.717         0.732
 CBFAS_AC       0.672         0.636         0.687
 DBFAS_AC       0.616         0.586         0.576         0.631
 AUSI_D         0.985         0.732         0.687         0.631         1.000
 BUSI_D         0.707         0.722         0.631         0.581         0.722
 CUSI_D         0.662         0.626         0.677         0.571         0.677
 DUSI_D         0.621         0.591         0.581         0.631         0.636


           Covariance Coverage
              BUSI_D        CUSI_D        DUSI_D
              ________      ________      ________
 BUSI_D         0.722
 CUSI_D         0.621         0.677
 DUSI_D         0.586         0.576         0.636


     PROPORTION OF DATA PRESENT FOR D5


           Covariance Coverage
              ABFAS_AC      BBFAS_AC      CBFAS_AC      DBFAS_AC      AUSI_D
              ________      ________      ________      ________      ________
 ABFAS_AC       1.000
 BBFAS_AC       0.697         0.697
 CBFAS_AC       0.614         0.576         0.614
 DBFAS_AC       0.621         0.568         0.538         0.621
 AUSI_D         1.000         0.697         0.614         0.621         1.000
 BUSI_D         0.697         0.697         0.576         0.568         0.697
 CUSI_D         0.538         0.500         0.538         0.462         0.538
 DUSI_D         0.621         0.568         0.538         0.621         0.621


           Covariance Coverage
              BUSI_D        CUSI_D        DUSI_D
              ________      ________      ________
 BUSI_D         0.697
 CUSI_D         0.500         0.538
 DUSI_D         0.568         0.462         0.621


SAMPLE STATISTICS


     ESTIMATED SAMPLE STATISTICS FOR D2


           Means
              ABFAS_AC      BBFAS_AC      CBFAS_AC      DBFAS_AC      AUSI_D
              ________      ________      ________      ________      ________
               76.106        75.023        75.845        75.859        34.095


           Means
              BUSI_D        CUSI_D        DUSI_D
              ________      ________      ________
               33.231        33.034        33.956


           Covariances
              ABFAS_AC      BBFAS_AC      CBFAS_AC      DBFAS_AC      AUSI_D
              ________      ________      ________      ________      ________
 ABFAS_AC     296.117
 BBFAS_AC     244.515       309.062
 CBFAS_AC     204.121       247.307       279.495
 DBFAS_AC     215.886       228.195       234.894       279.156
 AUSI_D      -129.258      -133.610      -107.827      -132.274       351.891
 BUSI_D      -120.538      -124.686      -115.251      -122.230       241.867
 CUSI_D       -92.127      -113.700      -120.578      -104.277       185.875
 DUSI_D      -107.823      -115.177      -126.203      -139.972       197.517


           Covariances
              BUSI_D        CUSI_D        DUSI_D
              ________      ________      ________
 BUSI_D       355.532
 CUSI_D       216.763       314.865
 DUSI_D       213.384       228.620       330.074


           Correlations
              ABFAS_AC      BBFAS_AC      CBFAS_AC      DBFAS_AC      AUSI_D
              ________      ________      ________      ________      ________
 ABFAS_AC       1.000
 BBFAS_AC       0.808         1.000
 CBFAS_AC       0.710         0.841         1.000
 DBFAS_AC       0.751         0.777         0.841         1.000
 AUSI_D        -0.400        -0.405        -0.344        -0.422         1.000
 BUSI_D        -0.371        -0.376        -0.366        -0.388         0.684
 CUSI_D        -0.302        -0.364        -0.406        -0.352         0.558
 DUSI_D        -0.345        -0.361        -0.416        -0.461         0.580


           Correlations
              BUSI_D        CUSI_D        DUSI_D
              ________      ________      ________
 BUSI_D         1.000
 CUSI_D         0.648         1.000
 DUSI_D         0.623         0.709         1.000


     ESTIMATED SAMPLE STATISTICS FOR D3


           Means
              ABFAS_AC      BBFAS_AC      CBFAS_AC      DBFAS_AC      AUSI_D
              ________      ________      ________      ________      ________
               77.302        78.207        76.262        78.883        29.614


           Means
              BUSI_D        CUSI_D        DUSI_D
              ________      ________      ________
               31.281        30.368        29.011


           Covariances
              ABFAS_AC      BBFAS_AC      CBFAS_AC      DBFAS_AC      AUSI_D
              ________      ________      ________      ________      ________
 ABFAS_AC     240.549
 BBFAS_AC     191.568       254.904
 CBFAS_AC     194.187       216.601       277.559
 DBFAS_AC     162.832       180.138       196.046       215.069
 AUSI_D       -86.489       -89.260      -101.680       -63.080       326.979
 BUSI_D       -73.885       -73.494       -73.720       -38.686       199.491
 CUSI_D       -75.350       -60.695       -92.344       -57.208       184.926
 DUSI_D       -79.461       -61.908       -83.167       -57.300       158.947


           Covariances
              BUSI_D        CUSI_D        DUSI_D
              ________      ________      ________
 BUSI_D       304.245
 CUSI_D       191.073       349.029
 DUSI_D       153.768       196.316       299.568


           Correlations
              ABFAS_AC      BBFAS_AC      CBFAS_AC      DBFAS_AC      AUSI_D
              ________      ________      ________      ________      ________
 ABFAS_AC       1.000
 BBFAS_AC       0.774         1.000
 CBFAS_AC       0.752         0.814         1.000
 DBFAS_AC       0.716         0.769         0.802         1.000
 AUSI_D        -0.308        -0.309        -0.338        -0.238         1.000
 BUSI_D        -0.273        -0.264        -0.254        -0.151         0.632
 CUSI_D        -0.260        -0.203        -0.297        -0.209         0.547
 DUSI_D        -0.296        -0.224        -0.288        -0.226         0.508


           Correlations
              BUSI_D        CUSI_D        DUSI_D
              ________      ________      ________
 BUSI_D         1.000
 CUSI_D         0.586         1.000
 DUSI_D         0.509         0.607         1.000


     ESTIMATED SAMPLE STATISTICS FOR D4


           Means
              ABFAS_AC      BBFAS_AC      CBFAS_AC      DBFAS_AC      AUSI_D
              ________      ________      ________      ________      ________
               77.276        78.734        78.276        77.448        28.405


           Means
              BUSI_D        CUSI_D        DUSI_D
              ________      ________      ________
               27.278        27.404        28.075


           Covariances
              ABFAS_AC      BBFAS_AC      CBFAS_AC      DBFAS_AC      AUSI_D
              ________      ________      ________      ________      ________
 ABFAS_AC     219.768
 BBFAS_AC     159.543       200.203
 CBFAS_AC     173.733       171.189       228.466
 DBFAS_AC     181.856       174.378       193.784       251.215
 AUSI_D       -84.247       -79.821       -71.729       -72.298       378.268
 BUSI_D       -78.427       -99.026       -80.184       -75.159       287.159
 CUSI_D       -89.826       -89.222       -76.296       -84.888       274.909
 DUSI_D       -74.247       -67.394       -67.871       -75.049       217.667


           Covariances
              BUSI_D        CUSI_D        DUSI_D
              ________      ________      ________
 BUSI_D       404.056
 CUSI_D       278.577       389.430
 DUSI_D       208.139       253.579       332.757


           Correlations
              ABFAS_AC      BBFAS_AC      CBFAS_AC      DBFAS_AC      AUSI_D
              ________      ________      ________      ________      ________
 ABFAS_AC       1.000
 BBFAS_AC       0.761         1.000
 CBFAS_AC       0.775         0.800         1.000
 DBFAS_AC       0.774         0.778         0.809         1.000
 AUSI_D        -0.292        -0.290        -0.244        -0.235         1.000
 BUSI_D        -0.263        -0.348        -0.264        -0.236         0.735
 CUSI_D        -0.307        -0.320        -0.256        -0.271         0.716
 DUSI_D        -0.275        -0.261        -0.246        -0.260         0.614


           Correlations
              BUSI_D        CUSI_D        DUSI_D
              ________      ________      ________
 BUSI_D         1.000
 CUSI_D         0.702         1.000
 DUSI_D         0.568         0.704         1.000


     ESTIMATED SAMPLE STATISTICS FOR D5


           Means
              ABFAS_AC      BBFAS_AC      CBFAS_AC      DBFAS_AC      AUSI_D
              ________      ________      ________      ________      ________
               82.469        81.901        80.914        79.672        25.694


           Means
              BUSI_D        CUSI_D        DUSI_D
              ________      ________      ________
               23.700        25.404        27.985


           Covariances
              ABFAS_AC      BBFAS_AC      CBFAS_AC      DBFAS_AC      AUSI_D
              ________      ________      ________      ________      ________
 ABFAS_AC     267.453
 BBFAS_AC     170.651       166.657
 CBFAS_AC     192.253       140.142       227.499
 DBFAS_AC     229.926       164.634       206.678       276.918
 AUSI_D       -78.039       -38.593       -45.711       -76.449       342.005
 BUSI_D       -92.695       -54.570      -101.620      -142.160       179.528
 CUSI_D       -54.029       -12.291       -46.642       -65.827       256.006
 DUSI_D      -127.119       -63.128      -113.789      -116.765       225.080


           Covariances
              BUSI_D        CUSI_D        DUSI_D
              ________      ________      ________
 BUSI_D       315.587
 CUSI_D       265.187       475.594
 DUSI_D       266.399       352.483       440.274


           Correlations
              ABFAS_AC      BBFAS_AC      CBFAS_AC      DBFAS_AC      AUSI_D
              ________      ________      ________      ________      ________
 ABFAS_AC       1.000
 BBFAS_AC       0.808         1.000
 CBFAS_AC       0.779         0.720         1.000
 DBFAS_AC       0.845         0.766         0.823         1.000
 AUSI_D        -0.258        -0.162        -0.164        -0.248         1.000
 BUSI_D        -0.319        -0.238        -0.379        -0.481         0.546
 CUSI_D        -0.151        -0.044        -0.142        -0.181         0.635
 DUSI_D        -0.370        -0.233        -0.360        -0.334         0.580


           Correlations
              BUSI_D        CUSI_D        DUSI_D
              ________      ________      ________
 BUSI_D         1.000
 CUSI_D         0.685         1.000
 DUSI_D         0.715         0.770         1.000


     MAXIMUM LOG-LIKELIHOOD VALUE FOR THE UNRESTRICTED (H1) MODEL IS -20795.958


UNIVARIATE SAMPLE STATISTICS


     UNIVARIATE HIGHER-ORDER MOMENT DESCRIPTIVE STATISTICS FOR D2

         Variable/         Mean/     Skewness/   Minimum/ % with                Percentiles
        Sample Size      Variance    Kurtosis    Maximum  Min/Max      20%/60%    40%/80%    Median

     ABFAS_AC             76.056      -0.996      12.500    0.33%      62.500     75.000     80.000
             300.000     296.036       0.890     100.000    4.33%      82.500     90.000
     BBFAS_AC             75.413      -0.861      10.000    0.45%      61.111     75.000     77.500
             222.000     297.720       0.636     100.000    6.31%      82.500     90.000
     CBFAS_AC             75.775      -0.891      20.000    0.47%      65.000     75.000     77.500
             215.000     277.765       0.460     100.000    3.26%      82.500     90.000
     DBFAS_AC             76.226      -1.076      10.000    0.47%      65.000     75.000     80.000
             212.000     274.970       1.266     100.000    3.30%      82.500     90.000
     AUSI_D               34.095       0.151       0.000    6.98%      16.667     33.333     33.333
             301.000     351.891      -0.339      91.667    0.33%      41.667     50.000
     BUSI_D               32.689      -0.008       0.000    7.27%      16.667     25.000     33.333
             220.000     338.916      -0.600      91.667    0.45%      41.667     50.000
     CUSI_D               33.099       0.089       0.000    6.57%      16.667     25.000     33.333
             213.000     305.761      -0.296      83.333    0.47%      33.333     50.000
     DUSI_D               33.549       0.033       0.000    6.10%      16.667     25.000     33.333
             213.000     315.959      -0.347      83.333    0.94%      41.667     50.000


     UNIVARIATE HIGHER-ORDER MOMENT DESCRIPTIVE STATISTICS FOR D3

         Variable/         Mean/     Skewness/   Minimum/ % with                Percentiles
        Sample Size      Variance    Kurtosis    Maximum  Min/Max      20%/60%    40%/80%    Median

     ABFAS_AC             77.302      -0.508      40.000    0.86%      62.500     75.000     77.500
             233.000     240.549      -0.591     100.000    5.58%      82.500     92.500
     BBFAS_AC             78.577      -0.742      27.500    0.58%      65.000     77.500     80.000
             171.000     262.688       0.015     100.000    7.02%      85.000     95.000
     CBFAS_AC             76.347      -0.625      27.500    0.62%      60.000     75.000     80.000
             161.000     283.665      -0.216     100.000    8.07%      82.500     92.500
     DBFAS_AC             79.347      -0.697      35.000    0.63%      67.500     77.500     82.500
             159.000     212.902       0.124     100.000    7.55%      85.000     92.500
     AUSI_D               29.614       0.002       0.000   12.88%       8.333     25.000     33.333
             233.000     326.979      -0.435      91.667    0.43%      33.333     41.667
     BUSI_D               30.515       0.091       0.000   10.00%      16.667     25.000     33.333
             170.000     305.066      -0.063      91.667    0.59%      33.333     41.667
     CUSI_D               30.072       0.264       0.000    9.32%       8.333     25.000     33.333
             161.000     352.980      -0.551      75.000    1.86%      33.333     41.667
     DUSI_D               28.191       0.144       0.000   10.76%       8.333     25.000     29.167
             158.000     299.351      -0.487      75.000    1.27%      33.333     41.667


     UNIVARIATE HIGHER-ORDER MOMENT DESCRIPTIVE STATISTICS FOR D4

         Variable/         Mean/     Skewness/   Minimum/ % with                Percentiles
        Sample Size      Variance    Kurtosis    Maximum  Min/Max      20%/60%    40%/80%    Median

     ABFAS_AC             77.276      -0.816      27.500    0.51%      67.500     75.000     77.500
             198.000     219.768       0.844     100.000    6.57%      80.556     90.000
     BBFAS_AC             78.640      -0.743      32.500    0.70%      70.000     77.500     77.778
             143.000     201.389       0.577     100.000    6.29%      82.500     92.500
     CBFAS_AC             78.655      -0.709      32.500    0.76%      67.500     75.000     78.889
             132.000     229.406       0.333     100.000    7.58%      82.500     92.500
     DBFAS_AC             77.667      -0.767      27.500    0.81%      67.500     75.000     80.000
             123.000     261.389       0.537     100.000   10.57%      82.500     92.500
     AUSI_D               28.342       0.258       0.000   11.17%       8.333     16.667     25.000
             197.000     377.651      -0.783      83.333    0.51%      33.333     50.000
     BUSI_D               27.597       0.569       0.000   15.22%       8.333     25.000     25.000
             138.000     395.582       0.559     100.000    0.72%      33.333     41.667
     CUSI_D               28.141       0.148       0.000   17.69%       8.333     25.000     29.167
             130.000     391.309      -0.767      83.333    0.77%      33.333     41.667
     DUSI_D               28.659       0.031       0.000   14.63%       8.333     25.000     33.333
             123.000     335.531      -0.719      75.000    0.81%      33.333     41.667


     UNIVARIATE HIGHER-ORDER MOMENT DESCRIPTIVE STATISTICS FOR D5

         Variable/         Mean/     Skewness/   Minimum/ % with                Percentiles
        Sample Size      Variance    Kurtosis    Maximum  Min/Max      20%/60%    40%/80%    Median

     ABFAS_AC             82.309      -1.385       7.500    0.76%      71.875     82.500     87.500
             131.000     265.739       2.524     100.000   12.21%      90.000     95.000
     BBFAS_AC             83.004      -1.094      42.500    1.15%      75.000     82.500     85.000
              87.000     171.564       1.006     100.000    9.20%      88.889     92.500
     CBFAS_AC             82.226      -1.341      17.500    1.22%      70.000     82.500     87.500
              82.000     236.891       2.422     100.000    8.54%      90.000     95.000
     DBFAS_AC             82.664      -1.804       5.000    1.32%      72.500     80.000     85.000
              76.000     262.720       5.417     100.000   14.47%      87.500     97.500
     AUSI_D               25.694       0.348       0.000   15.91%       8.333     16.667     25.000
             132.000     342.005      -0.680      75.000    0.76%      33.333     41.667
     BUSI_D               22.797       0.355       0.000   20.69%       0.000     16.667     25.000
              87.000     297.669      -0.593      66.667    2.30%      25.000     41.667
     CUSI_D               24.797       0.742       0.000   18.29%       8.333     16.667     16.667
              82.000     438.644       0.000      91.667    1.22%      25.000     41.667
     DUSI_D               25.768       0.437       0.000   19.74%       0.000     16.667     25.000
              76.000     427.956      -0.736      83.333    1.32%      33.333     50.000


THE MODEL ESTIMATION TERMINATED NORMALLY



MODEL FIT INFORMATION

Number of Free Parameters                       54

Loglikelihood

          H0 Value                      -20889.639
          H0 Scaling Correction Factor      1.3038
            for MLR

Information Criteria

          Akaike (AIC)                   41887.278
          Bayesian (BIC)                 42144.403
          Sample-Size Adjusted BIC       41972.913
            (n* = (n + 2) / 24)



MODEL RESULTS

                                                    Two-Tailed
                    Estimate       S.E.  Est./S.E.    P-Value

Group D2

 P1       BY
    ABFAS_AC           1.000      0.000    999.000    999.000

 P2       BY
    BBFAS_AC           1.000      0.000    999.000    999.000

 P3       BY
    CBFAS_AC           1.000      0.000    999.000    999.000

 P4       BY
    DBFAS_AC           1.000      0.000    999.000    999.000

 V1       BY
    AUSI_D             1.000      0.000    999.000    999.000

 V2       BY
    BUSI_D             1.000      0.000    999.000    999.000

 V3       BY
    CUSI_D             1.000      0.000    999.000    999.000

 V4       BY
    DUSI_D             1.000      0.000    999.000    999.000

 P4         ON
    P3                 0.364      0.091      3.989      0.000
    V3                -0.037      0.047     -0.780      0.435

 P3         ON
    P2                 0.364      0.091      3.989      0.000
    V2                -0.037      0.047     -0.780      0.435

 P2         ON
    P1                 0.364      0.091      3.989      0.000
    V1                -0.037      0.047     -0.780      0.435

 V4         ON
    V3                 0.246      0.070      3.489      0.000
    P3                -0.199      0.082     -2.433      0.015

 V3         ON
    V2                 0.246      0.070      3.489      0.000
    P2                -0.199      0.082     -2.433      0.015

 V2         ON
    V1                 0.246      0.070      3.489      0.000
    P1                -0.199      0.082     -2.433      0.015

 S_BFAS_A WITH
    I_BFAS_AC         -0.866      0.762     -1.137      0.255
    S_USI_D           -0.092      0.099     -0.932      0.351
    I_USI_D            1.291      2.165      0.596      0.551

 I_BFAS_A WITH
    S_USI_D            0.494      2.184      0.226      0.821
    I_USI_D          -75.566     12.522     -6.035      0.000

 S_USI_D  WITH
    I_USI_D            0.452      0.742      0.609      0.542

 P1       WITH
    V1               -18.114     13.322     -1.360      0.174

 P2       WITH
    V2               -18.266      5.905     -3.093      0.002

 P3       WITH
    V3               -18.266      5.905     -3.093      0.002

 P4       WITH
    V4               -18.266      5.905     -3.093      0.002

 Means
    P1                 0.000      0.000    999.000    999.000
    V1                 0.000      0.000    999.000    999.000
    I_BFAS_AC         77.486      0.516    150.238      0.000
    S_BFAS_AC          0.141      0.047      3.004      0.003
    I_USI_D           30.460      0.561     54.258      0.000
    S_USI_D           -0.270      0.053     -5.070      0.000

 Intercepts
    ABFAS_AC           0.000      0.000    999.000    999.000
    BBFAS_AC           0.000      0.000    999.000    999.000
    CBFAS_AC           0.000      0.000    999.000    999.000
    DBFAS_AC           0.000      0.000    999.000    999.000
    AUSI_D             0.000      0.000    999.000    999.000
    BUSI_D             0.000      0.000    999.000    999.000
    CUSI_D             0.000      0.000    999.000    999.000
    DUSI_D             0.000      0.000    999.000    999.000
    P2                 0.000      0.000    999.000    999.000
    P3                 0.000      0.000    999.000    999.000
    P4                 0.000      0.000    999.000    999.000
    V2                 0.000      0.000    999.000    999.000
    V3                 0.000      0.000    999.000    999.000
    V4                 0.000      0.000    999.000    999.000

 Variances
    P1                94.986     13.975      6.797      0.000
    V1               157.541     23.973      6.572      0.000
    I_BFAS_AC        180.230     15.716     11.468      0.000
    S_BFAS_AC          0.101      0.127      0.793      0.428
    I_USI_D          182.242     19.651      9.274      0.000
    S_USI_D            0.134      0.134      1.000      0.317

 Residual Variances
    ABFAS_AC           0.000      0.000    999.000    999.000
    BBFAS_AC           0.000      0.000    999.000    999.000
    CBFAS_AC           0.000      0.000    999.000    999.000
    DBFAS_AC           0.000      0.000    999.000    999.000
    AUSI_D             0.000      0.000    999.000    999.000
    BUSI_D             0.000      0.000    999.000    999.000
    CUSI_D             0.000      0.000    999.000    999.000
    DUSI_D             0.000      0.000    999.000    999.000
    P2                66.664      7.410      8.997      0.000
    P3                66.664      7.410      8.997      0.000
    P4                66.664      7.410      8.997      0.000
    V2               133.080     11.523     11.549      0.000
    V3               133.080     11.523     11.549      0.000
    V4               133.080     11.523     11.549      0.000

Group D3

 P1       BY
    ABFAS_AC           1.000      0.000    999.000    999.000

 P2       BY
    BBFAS_AC           1.000      0.000    999.000    999.000

 P3       BY
    CBFAS_AC           1.000      0.000    999.000    999.000

 P4       BY
    DBFAS_AC           1.000      0.000    999.000    999.000

 V1       BY
    AUSI_D             1.000      0.000    999.000    999.000

 V2       BY
    BUSI_D             1.000      0.000    999.000    999.000

 V3       BY
    CUSI_D             1.000      0.000    999.000    999.000

 V4       BY
    DUSI_D             1.000      0.000    999.000    999.000

 P4         ON
    P3                 0.133      0.102      1.311      0.190
    V3                -0.034      0.044     -0.773      0.439

 P3         ON
    P2                 0.133      0.102      1.311      0.190
    V2                -0.034      0.044     -0.773      0.439

 P2         ON
    P1                 0.133      0.102      1.311      0.190
    V1                -0.034      0.044     -0.773      0.439

 V4         ON
    V3                 0.177      0.082      2.155      0.031
    P3                 0.006      0.116      0.051      0.960

 V3         ON
    V2                 0.177      0.082      2.155      0.031
    P2                 0.006      0.116      0.051      0.960

 V2         ON
    V1                 0.177      0.082      2.155      0.031
    P1                 0.006      0.116      0.051      0.960

 S_BFAS_A WITH
    I_BFAS_AC         -0.866      0.762     -1.137      0.255
    S_USI_D           -0.092      0.099     -0.932      0.351
    I_USI_D            1.291      2.165      0.596      0.551

 I_BFAS_A WITH
    S_USI_D            0.494      2.184      0.226      0.821
    I_USI_D          -75.566     12.522     -6.035      0.000

 S_USI_D  WITH
    I_USI_D            0.452      0.742      0.609      0.542

 P1       WITH
    V1                 3.916     10.307      0.380      0.704

 P2       WITH
    V2               -10.276      7.557     -1.360      0.174

 P3       WITH
    V3               -10.276      7.557     -1.360      0.174

 P4       WITH
    V4               -10.276      7.557     -1.360      0.174

 Means
    P1                 0.000      0.000    999.000    999.000
    V1                 0.000      0.000    999.000    999.000
    I_BFAS_AC         77.486      0.516    150.238      0.000
    S_BFAS_AC          0.141      0.047      3.004      0.003
    I_USI_D           30.460      0.561     54.258      0.000
    S_USI_D           -0.270      0.053     -5.070      0.000

 Intercepts
    ABFAS_AC           0.000      0.000    999.000    999.000
    BBFAS_AC           0.000      0.000    999.000    999.000
    CBFAS_AC           0.000      0.000    999.000    999.000
    DBFAS_AC           0.000      0.000    999.000    999.000
    AUSI_D             0.000      0.000    999.000    999.000
    BUSI_D             0.000      0.000    999.000    999.000
    CUSI_D             0.000      0.000    999.000    999.000
    DUSI_D             0.000      0.000    999.000    999.000
    P2                 0.000      0.000    999.000    999.000
    P3                 0.000      0.000    999.000    999.000
    P4                 0.000      0.000    999.000    999.000
    V2                 0.000      0.000    999.000    999.000
    V3                 0.000      0.000    999.000    999.000
    V4                 0.000      0.000    999.000    999.000

 Variances
    P1                66.673     11.281      5.910      0.000
    V1               149.775     19.769      7.576      0.000
    I_BFAS_AC        180.230     15.716     11.468      0.000
    S_BFAS_AC          0.101      0.127      0.793      0.428
    I_USI_D          182.242     19.651      9.274      0.000
    S_USI_D            0.134      0.134      1.000      0.317

 Residual Variances
    ABFAS_AC           0.000      0.000    999.000    999.000
    BBFAS_AC           0.000      0.000    999.000    999.000
    CBFAS_AC           0.000      0.000    999.000    999.000
    DBFAS_AC           0.000      0.000    999.000    999.000
    AUSI_D             0.000      0.000    999.000    999.000
    BUSI_D             0.000      0.000    999.000    999.000
    CUSI_D             0.000      0.000    999.000    999.000
    DUSI_D             0.000      0.000    999.000    999.000
    P2                59.452      8.965      6.632      0.000
    P3                59.452      8.965      6.632      0.000
    P4                59.452      8.965      6.632      0.000
    V2               149.138     15.107      9.872      0.000
    V3               149.138     15.107      9.872      0.000
    V4               149.138     15.107      9.872      0.000

Group D4

 P1       BY
    ABFAS_AC           1.000      0.000    999.000    999.000

 P2       BY
    BBFAS_AC           1.000      0.000    999.000    999.000

 P3       BY
    CBFAS_AC           1.000      0.000    999.000    999.000

 P4       BY
    DBFAS_AC           1.000      0.000    999.000    999.000

 V1       BY
    AUSI_D             1.000      0.000    999.000    999.000

 V2       BY
    BUSI_D             1.000      0.000    999.000    999.000

 V3       BY
    CUSI_D             1.000      0.000    999.000    999.000

 V4       BY
    DUSI_D             1.000      0.000    999.000    999.000

 P4         ON
    P3                 0.053      0.111      0.476      0.634
    V3                -0.029      0.046     -0.618      0.537

 P3         ON
    P2                 0.053      0.111      0.476      0.634
    V2                -0.029      0.046     -0.618      0.537

 P2         ON
    P1                 0.053      0.111      0.476      0.634
    V1                -0.029      0.046     -0.618      0.537

 V4         ON
    V3                 0.295      0.100      2.952      0.003
    P3                 0.014      0.111      0.124      0.902

 V3         ON
    V2                 0.295      0.100      2.952      0.003
    P2                 0.014      0.111      0.124      0.902

 V2         ON
    V1                 0.295      0.100      2.952      0.003
    P1                 0.014      0.111      0.124      0.902

 S_BFAS_A WITH
    I_BFAS_AC         -0.866      0.762     -1.137      0.255
    S_USI_D           -0.092      0.099     -0.932      0.351
    I_USI_D            1.291      2.165      0.596      0.551

 I_BFAS_A WITH
    S_USI_D            0.494      2.184      0.226      0.821
    I_USI_D          -75.566     12.522     -6.035      0.000

 S_USI_D  WITH
    I_USI_D            0.452      0.742      0.609      0.542

 P1       WITH
    V1                -8.748     10.036     -0.872      0.383

 P2       WITH
    V2                -7.954      6.026     -1.320      0.187

 P3       WITH
    V3                -7.954      6.026     -1.320      0.187

 P4       WITH
    V4                -7.954      6.026     -1.320      0.187

 Means
    P1                 0.000      0.000    999.000    999.000
    V1                 0.000      0.000    999.000    999.000
    I_BFAS_AC         77.486      0.516    150.238      0.000
    S_BFAS_AC          0.141      0.047      3.004      0.003
    I_USI_D           30.460      0.561     54.258      0.000
    S_USI_D           -0.270      0.053     -5.070      0.000

 Intercepts
    ABFAS_AC           0.000      0.000    999.000    999.000
    BBFAS_AC           0.000      0.000    999.000    999.000
    CBFAS_AC           0.000      0.000    999.000    999.000
    DBFAS_AC           0.000      0.000    999.000    999.000
    AUSI_D             0.000      0.000    999.000    999.000
    BUSI_D             0.000      0.000    999.000    999.000
    CUSI_D             0.000      0.000    999.000    999.000
    DUSI_D             0.000      0.000    999.000    999.000
    P2                 0.000      0.000    999.000    999.000
    P3                 0.000      0.000    999.000    999.000
    P4                 0.000      0.000    999.000    999.000
    V2                 0.000      0.000    999.000    999.000
    V3                 0.000      0.000    999.000    999.000
    V4                 0.000      0.000    999.000    999.000

 Variances
    P1                54.757     11.183      4.897      0.000
    V1               138.299     32.056      4.314      0.000
    I_BFAS_AC        180.230     15.716     11.468      0.000
    S_BFAS_AC          0.101      0.127      0.793      0.428
    I_USI_D          182.242     19.651      9.274      0.000
    S_USI_D            0.134      0.134      1.000      0.317

 Residual Variances
    ABFAS_AC           0.000      0.000    999.000    999.000
    BBFAS_AC           0.000      0.000    999.000    999.000
    CBFAS_AC           0.000      0.000    999.000    999.000
    DBFAS_AC           0.000      0.000    999.000    999.000
    AUSI_D             0.000      0.000    999.000    999.000
    BUSI_D             0.000      0.000    999.000    999.000
    CUSI_D             0.000      0.000    999.000    999.000
    DUSI_D             0.000      0.000    999.000    999.000
    P2                49.468      8.426      5.871      0.000
    P3                49.468      8.426      5.871      0.000
    P4                49.468      8.426      5.871      0.000
    V2               143.109     15.516      9.223      0.000
    V3               143.109     15.516      9.223      0.000
    V4               143.109     15.516      9.223      0.000

Group D5

 P1       BY
    ABFAS_AC           1.000      0.000    999.000    999.000

 P2       BY
    BBFAS_AC           1.000      0.000    999.000    999.000

 P3       BY
    CBFAS_AC           1.000      0.000    999.000    999.000

 P4       BY
    DBFAS_AC           1.000      0.000    999.000    999.000

 V1       BY
    AUSI_D             1.000      0.000    999.000    999.000

 V2       BY
    BUSI_D             1.000      0.000    999.000    999.000

 V3       BY
    CUSI_D             1.000      0.000    999.000    999.000

 V4       BY
    DUSI_D             1.000      0.000    999.000    999.000

 P4         ON
    P3                 0.058      0.155      0.377      0.706
    V3                -0.016      0.054     -0.288      0.773

 P3         ON
    P2                 0.058      0.155      0.377      0.706
    V2                -0.016      0.054     -0.288      0.773

 P2         ON
    P1                 0.058      0.155      0.377      0.706
    V1                -0.016      0.054     -0.288      0.773

 V4         ON
    V3                 0.033      0.128      0.256      0.798
    P3                 0.078      0.228      0.344      0.731

 V3         ON
    V2                 0.033      0.128      0.256      0.798
    P2                 0.078      0.228      0.344      0.731

 V2         ON
    V1                 0.033      0.128      0.256      0.798
    P1                 0.078      0.228      0.344      0.731

 S_BFAS_A WITH
    I_BFAS_AC         -0.866      0.762     -1.137      0.255
    S_USI_D           -0.092      0.099     -0.932      0.351
    I_USI_D            1.291      2.165      0.596      0.551

 I_BFAS_A WITH
    S_USI_D            0.494      2.184      0.226      0.821
    I_USI_D          -75.566     12.522     -6.035      0.000

 S_USI_D  WITH
    I_USI_D            0.452      0.742      0.609      0.542

 P1       WITH
    V1               -15.982     12.819     -1.247      0.212

 P2       WITH
    V2                10.247     10.208      1.004      0.315

 P3       WITH
    V3                10.247     10.208      1.004      0.315

 P4       WITH
    V4                10.247     10.208      1.004      0.315

 Means
    P1                 0.000      0.000    999.000    999.000
    V1                 0.000      0.000    999.000    999.000
    I_BFAS_AC         77.486      0.516    150.238      0.000
    S_BFAS_AC          0.141      0.047      3.004      0.003
    I_USI_D           30.460      0.561     54.258      0.000
    S_USI_D           -0.270      0.053     -5.070      0.000

 Intercepts
    ABFAS_AC           0.000      0.000    999.000    999.000
    BBFAS_AC           0.000      0.000    999.000    999.000
    CBFAS_AC           0.000      0.000    999.000    999.000
    DBFAS_AC           0.000      0.000    999.000    999.000
    AUSI_D             0.000      0.000    999.000    999.000
    BUSI_D             0.000      0.000    999.000    999.000
    CUSI_D             0.000      0.000    999.000    999.000
    DUSI_D             0.000      0.000    999.000    999.000
    P2                 0.000      0.000    999.000    999.000
    P3                 0.000      0.000    999.000    999.000
    P4                 0.000      0.000    999.000    999.000
    V2                 0.000      0.000    999.000    999.000
    V3                 0.000      0.000    999.000    999.000
    V4                 0.000      0.000    999.000    999.000

 Variances
    P1                68.501     21.361      3.207      0.001
    V1               158.865     33.215      4.783      0.000
    I_BFAS_AC        180.230     15.716     11.468      0.000
    S_BFAS_AC          0.101      0.127      0.793      0.428
    I_USI_D          182.242     19.651      9.274      0.000
    S_USI_D            0.134      0.134      1.000      0.317

 Residual Variances
    ABFAS_AC           0.000      0.000    999.000    999.000
    BBFAS_AC           0.000      0.000    999.000    999.000
    CBFAS_AC           0.000      0.000    999.000    999.000
    DBFAS_AC           0.000      0.000    999.000    999.000
    AUSI_D             0.000      0.000    999.000    999.000
    BUSI_D             0.000      0.000    999.000    999.000
    CUSI_D             0.000      0.000    999.000    999.000
    DUSI_D             0.000      0.000    999.000    999.000
    P2                47.935      8.241      5.817      0.000
    P3                47.935      8.241      5.817      0.000
    P4                47.935      8.241      5.817      0.000
    V2               131.430     25.088      5.239      0.000
    V3               131.430     25.088      5.239      0.000
    V4               131.430     25.088      5.239      0.000


QUALITY OF NUMERICAL RESULTS

     Condition Number for the Information Matrix              0.388E-05
       (ratio of smallest to largest eigenvalue)


     Beginning Time:  17:18:46
        Ending Time:  17:18:49
       Elapsed Time:  00:00:03



MUTHEN & MUTHEN
3463 Stoner Ave.
Los Angeles, CA  90066

Tel: (310) 391-9971
Fax: (310) 391-8971
Web: www.StatModel.com
Support: Support@StatModel.com

Copyright (c) 1998-2017 Muthen & Muthen
