Mplus VERSION 8 (Linux)
MUTHEN & MUTHEN
07/07/2018   4:13 PM

INPUT INSTRUCTIONS


  title: PxVx Bivariate LCM-SR - post mi - Linear bfi_hp8 with Linear bfa_mt_d;
  data: file = /home/jflournoy/code_new/lnt_pxvx/Data/lnt_nat_recalc.tsv;

  variable:
  names =
  subjid
  aage
  aaspfin
  aaspfin_d
  abfa_mt
  abfa_mt_d
  abfas_ac
  abfas_ap
  abfas_ci
  abfas_co
  abfas_ea
  abfas_ee
  abfas_nv
  abfas_nv9
  abfas_nw
  abfas_oi
  abfas_oo
  abfi_a
  abfi_a6
  abfi_c
  abfi_d_scale
  abfi_e
  abfi_hp8
  abfi_n
  abfi_o
  abfi_s_scale
  ahrz_col
  ahrz_col_d
  ahrz_ind
  ahrz_ind_d
  amvi
  ausi
  ausi_d
  avrt_col
  avrt_col_d
  avrt_ind
  avrt_ind_d
  bage
  baspfin
  baspfin_d
  bbfa_mt
  bbfa_mt_d
  bbfas_ac
  bbfas_ap
  bbfas_ci
  bbfas_co
  bbfas_ea
  bbfas_ee
  bbfas_nv
  bbfas_nv9
  bbfas_nw
  bbfas_oi
  bbfas_oo
  bbfi_a
  bbfi_a6
  bbfi_c
  bbfi_d_scale
  bbfi_e
  bbfi_hp8
  bbfi_n
  bbfi_o
  bbfi_s_scale
  bhrz_col
  bhrz_col_d
  bhrz_ind
  bhrz_ind_d
  bmvi
  busi
  busi_d
  bvrt_col
  bvrt_col_d
  bvrt_ind
  bvrt_ind_d
  cage
  caspfin
  caspfin_d
  cbfa_mt
  cbfa_mt_d
  cbfas_ac
  cbfas_ap
  cbfas_ci
  cbfas_co
  cbfas_ea
  cbfas_ee
  cbfas_nv
  cbfas_nv9
  cbfas_nw
  cbfas_oi
  cbfas_oo
  cbfi_a
  cbfi_a6
  cbfi_c
  cbfi_d_scale
  cbfi_e
  cbfi_hp8
  cbfi_n
  cbfi_o
  cbfi_s_scale
  chrz_col
  chrz_col_d
  chrz_ind
  chrz_ind_d
  cmvi
  cusi
  cusi_d
  cvrt_col
  cvrt_col_d
  cvrt_ind
  cvrt_ind_d
  dage
  daspfin
  daspfin_d
  dbfa_mt
  dbfa_mt_d
  dbfas_ac
  dbfas_ap
  dbfas_ci
  dbfas_co
  dbfas_ea
  dbfas_ee
  dbfas_nv
  dbfas_nv9
  dbfas_nw
  dbfas_oi
  dbfas_oo
  dbfi_a
  dbfi_a6
  dbfi_c
  dbfi_d_scale
  dbfi_e
  dbfi_hp8
  dbfi_n
  dbfi_o
  dbfi_s_scale
  dhrz_col
  dhrz_col_d
  dhrz_ind
  dhrz_ind_d
  dmvi
  dusi
  dusi_d
  dvrt_col
  dvrt_col_d
  dvrt_ind
  dvrt_ind_d;

  USEVARIABLES =
  abfi_hp8
  bbfi_hp8
  cbfi_hp8
  dbfi_hp8
  abfa_mt_d
  bbfa_mt_d
  cbfa_mt_d
  dbfa_mt_d
  a1
  a2
  a3
  a4
  ;

  missing = all (-9999);

  tscores = a1 a2 a3 a4;

  DEFINE:
  a1 = aage + 0 - 36;
  a2 = aage + 1 - 36;
  a3 = aage + 2 - 36;
  a4 = aage + 3 - 36;

  ANALYSIS:
  TYPE=RANDOM;
  PROCESSORS = 6;
  model=nocovariances; ! supresses default estimation of certain covs in model;

  MODEL:

  i_bfi_hp8 s_bfi_hp8 | abfi_hp8 bbfi_hp8 cbfi_hp8 dbfi_hp8 AT a1 a2 a3 a4;
  i_bfa_mt_d s_bfa_mt_d | abfa_mt_d bbfa_mt_d cbfa_mt_d dbfa_mt_d AT a1 a2 a3 a4;

  ! freeing factor covs because of "nocovariances"
  s_bfi_hp8 WITH i_bfi_hp8 s_bfa_mt_d i_bfa_mt_d;
  i_bfi_hp8 WITH s_bfa_mt_d i_bfa_mt_d;
  s_bfa_mt_d WITH i_bfa_mt_d;

  p1 BY abfi_hp8@1; ! Residual "factors";
  p2 BY bbfi_hp8@1;
  p3 BY cbfi_hp8@1;
  p4 BY dbfi_hp8@1;

  v1 BY abfa_mt_d@1; ! Residual "factors";
  v2 BY bbfa_mt_d@1;
  v3 BY cbfa_mt_d@1;
  v4 BY dbfa_mt_d@1;

  !residual variances on observed/manifest vars set to 0
  abfi_hp8@0;
  bbfi_hp8@0;
  cbfi_hp8@0;
  dbfi_hp8@0;

  !residual variances on observed/manifest vars set to 0
  abfa_mt_d@0;
  bbfa_mt_d@0;
  cbfa_mt_d@0;
  dbfa_mt_d@0;

  ! means of observed/manifest vars set to 0
  [abfi_hp8@0];
  [bbfi_hp8@0];
  [cbfi_hp8@0];
  [dbfi_hp8@0];

  ! means of observed/manifest vars set to 0
  [abfa_mt_d@0];
  [bbfa_mt_d@0];
  [cbfa_mt_d@0];
  [dbfa_mt_d@0];

  [p1@0]; ! means of residual "factors" set to 0
  [p2@0];
  [p3@0];
  [p4@0];

  [v1@0]; ! means of residual "factors" set to 0
  [v2@0];
  [v3@0];
  [v4@0];

  p4 on p3 (a); ! Autoregressive paths constrained to equality
  p3 on p2 (a);
  p2 on p1 (a);

  v4 on v3 (b); ! Autoregressive paths constrained to equality
  v3 on v2 (b);
  v2 on v1 (b);

  p4 on v3 (c); ! Cross-lagged paths constrained to equality
  p3 on v2 (c);
  p2 on v1 (c);

  v4 on p3 (d); ! Cross-lagged paths constrained to equality
  v3 on p2 (d);
  v2 on p1 (d);

  p1 with v1; !(this one is not like the others)

  p2 with v2 (e); ! Within-wave correlations constrained to equality
  p3 with v3 (e);
  p4 with v4 (e);

  p2 p3 p4 (f); ! estimate variances of residual "factors"
  v2 v3 v4 (g); ! estimate variances of residual "factors"

  OUTPUT: SAMPSTAT PATTERNS;



*** WARNING in VARIABLE command
  Note that only the first 8 characters of variable names are used in the output.
  Shorten variable names to avoid any confusion.
*** WARNING
  Data set contains cases with missing on time scores but non-missing on the
  corresponding dependent variables.  These cases were not included in the analysis.
  Number of such cases:  5
   2 WARNING(S) FOUND IN THE INPUT INSTRUCTIONS



PxVx Bivariate LCM-SR - post mi - Linear bfi_hp8 with Linear bfa_mt_d;

SUMMARY OF ANALYSIS

Number of groups                                                 1
Number of observations                                         864

Number of dependent variables                                    8
Number of independent variables                                  0
Number of continuous latent variables                           12

Observed dependent variables

  Continuous
   ABFI_HP8    BBFI_HP8    CBFI_HP8    DBFI_HP8    ABFA_MT_D   BBFA_MT_D
   CBFA_MT_D   DBFA_MT_D

Continuous latent variables
   P1          P2          P3          P4          V1          V2
   V3          V4          I_BFI_HP    S_BFI_HP    I_BFA_MT    S_BFA_MT

Variables with special functions

  Time scores
   A1          A2          A3          A4


Estimator                                                      MLR
Information matrix                                        OBSERVED
Maximum number of iterations                                   100
Convergence criterion                                    0.100D-05
Maximum number of EM iterations                                500
Convergence criteria for the EM algorithm
  Loglikelihood change                                   0.100D-02
  Relative loglikelihood change                          0.100D-05
  Derivative                                             0.100D-03
Minimum variance                                         0.100D-03
Maximum number of steepest descent iterations                   20
Maximum number of iterations for H1                           2000
Convergence criterion for H1                             0.100D-03
Optimization algorithm                                         EMA

Input data file(s)
  /home/jflournoy/code_new/lnt_pxvx/Data/lnt_nat_recalc.tsv
Input data format  FREE


SUMMARY OF DATA

     Number of missing data patterns            14


SUMMARY OF MISSING DATA PATTERNS


     MISSING DATA PATTERNS (x = not missing)

           1  2  3  4  5  6  7  8  9 10 11 12 13 14
 ABFI_HP8  x  x  x  x  x  x  x  x  x  x     x  x  x
 BBFI_HP8  x     x  x        x     x  x     x
 CBFI_HP8  x           x     x  x  x  x     x  x
 DBFI_HP8  x     x     x  x        x  x  x  x  x  x
 ABFA_MT_  x  x  x  x  x  x  x  x  x  x  x     x  x
 BBFA_MT_  x     x  x        x     x        x
 CBFA_MT_  x           x     x  x  x  x     x  x
 DBFA_MT_  x     x     x  x           x  x  x


     MISSING DATA PATTERN FREQUENCIES

    Pattern   Frequency     Pattern   Frequency     Pattern   Frequency
          1         492           6          24          11           1
          2         169           7          47          12           3
          3          27           8          22          13           2
          4          52           9           1          14           1
          5          21          10           2


COVARIANCE COVERAGE OF DATA

Minimum covariance coverage value   0.100


     PROPORTION OF DATA PRESENT


           Covariance Coverage
              ABFI_HP8      BBFI_HP8      CBFI_HP8      DBFI_HP8      ABFA_MT_
              ________      ________      ________      ________      ________
 ABFI_HP8       0.999
 BBFI_HP8       0.722         0.722
 CBFI_HP8       0.683         0.631         0.683
 DBFI_HP8       0.663         0.608         0.603         0.664
 ABFA_MT_       0.995         0.719         0.679         0.661         0.997
 BBFA_MT_       0.720         0.720         0.628         0.605         0.716
 CBFA_MT_       0.683         0.631         0.683         0.603         0.679
 DBFA_MT_       0.659         0.606         0.600         0.660         0.656


           Covariance Coverage
              BBFA_MT_      CBFA_MT_      DBFA_MT_
              ________      ________      ________
 BBFA_MT_       0.720
 CBFA_MT_       0.628         0.683
 DBFA_MT_       0.604         0.600         0.660


SAMPLE STATISTICS


     ESTIMATED SAMPLE STATISTICS


           Means
              ABFI_HP8      BBFI_HP8      CBFI_HP8      DBFI_HP8      ABFA_MT_
              ________      ________      ________      ________      ________
               71.149        71.576        72.293        72.311        39.240


           Means
              BBFA_MT_      CBFA_MT_      DBFA_MT_
              ________      ________      ________
               39.265        39.559        39.236


           Covariances
              ABFI_HP8      BBFI_HP8      CBFI_HP8      DBFI_HP8      ABFA_MT_
              ________      ________      ________      ________      ________
 ABFI_HP8     247.363
 BBFI_HP8     187.232       253.735
 CBFI_HP8     173.955       185.761       231.250
 DBFI_HP8     164.856       176.519       176.556       233.532
 ABFA_MT_     -79.320       -84.361       -74.926       -60.483       455.964
 BBFA_MT_     -77.838       -93.234       -72.954       -62.994       308.025
 CBFA_MT_     -64.551       -89.284       -77.799       -77.837       312.360
 DBFA_MT_     -75.657       -90.160       -75.880       -71.840       284.746


           Covariances
              BBFA_MT_      CBFA_MT_      DBFA_MT_
              ________      ________      ________
 BBFA_MT_     464.269
 CBFA_MT_     346.728       483.002
 DBFA_MT_     325.051       334.412       470.342


           Correlations
              ABFI_HP8      BBFI_HP8      CBFI_HP8      DBFI_HP8      ABFA_MT_
              ________      ________      ________      ________      ________
 ABFI_HP8       1.000
 BBFI_HP8       0.747         1.000
 CBFI_HP8       0.727         0.767         1.000
 DBFI_HP8       0.686         0.725         0.760         1.000
 ABFA_MT_      -0.236        -0.248        -0.231        -0.185         1.000
 BBFA_MT_      -0.230        -0.272        -0.223        -0.191         0.669
 CBFA_MT_      -0.187        -0.255        -0.233        -0.232         0.666
 DBFA_MT_      -0.222        -0.261        -0.230        -0.217         0.615


           Correlations
              BBFA_MT_      CBFA_MT_      DBFA_MT_
              ________      ________      ________
 BBFA_MT_       1.000
 CBFA_MT_       0.732         1.000
 DBFA_MT_       0.696         0.702         1.000


     MAXIMUM LOG-LIKELIHOOD VALUE FOR THE UNRESTRICTED (H1) MODEL IS -21350.092


UNIVARIATE SAMPLE STATISTICS


     UNIVARIATE HIGHER-ORDER MOMENT DESCRIPTIVE STATISTICS

         Variable/         Mean/     Skewness/   Minimum/ % with                Percentiles
        Sample Size      Variance    Kurtosis    Maximum  Min/Max      20%/60%    40%/80%    Median

     ABFI_HP8             71.135      -0.353      25.000    0.23%      56.250     68.750     71.875
             863.000     247.335      -0.371     100.000    2.67%      75.000     84.375
     BBFI_HP8             71.731      -0.342      21.875    0.16%      56.250     68.750     71.875
             624.000     248.888      -0.525     100.000    1.44%      78.125     87.500
     CBFI_HP8             72.103      -0.329      28.125    0.51%      59.375     68.750     71.875
             590.000     234.156      -0.407     100.000    2.54%      78.125     87.500
     DBFI_HP8             72.391      -0.351      28.125    0.35%      59.375     68.750     71.875
             574.000     234.868      -0.329     100.000    2.09%      78.125     87.500
     ABFA_MT_D            39.281       0.306       0.000    3.25%      18.750     31.250     37.500
             861.000     456.243      -0.389     100.000    0.70%      43.750     56.250
     BBFA_MT_D            39.379       0.255       0.000    4.18%      18.750     31.250     37.500
             622.000     465.631      -0.456     100.000    0.48%      43.750     56.250
     CBFA_MT_D            39.989       0.253       0.000    4.41%      18.750     31.250     37.500
             590.000     478.303      -0.365     100.000    0.85%      43.750     56.250
     DBFA_MT_D            39.748       0.276       0.000    5.09%      18.750     31.250     37.500
             570.000     471.990      -0.315     100.000    0.70%      43.750     56.250


THE MODEL ESTIMATION TERMINATED NORMALLY



MODEL FIT INFORMATION

Number of Free Parameters                       24

Loglikelihood

          H0 Value                      -21347.916
          H0 Scaling Correction Factor      1.0758
            for MLR

Information Criteria

          Akaike (AIC)                   42743.831
          Bayesian (BIC)                 42858.109
          Sample-Size Adjusted BIC       42781.891
            (n* = (n + 2) / 24)



MODEL RESULTS

                                                    Two-Tailed
                    Estimate       S.E.  Est./S.E.    P-Value

 P1       BY
    ABFI_HP8           1.000      0.000    999.000    999.000

 P2       BY
    BBFI_HP8           1.000      0.000    999.000    999.000

 P3       BY
    CBFI_HP8           1.000      0.000    999.000    999.000

 P4       BY
    DBFI_HP8           1.000      0.000    999.000    999.000

 V1       BY
    ABFA_MT_D          1.000      0.000    999.000    999.000

 V2       BY
    BBFA_MT_D          1.000      0.000    999.000    999.000

 V3       BY
    CBFA_MT_D          1.000      0.000    999.000    999.000

 V4       BY
    DBFA_MT_D          1.000      0.000    999.000    999.000

 P4         ON
    P3                 0.129      0.048      2.659      0.008
    V3                -0.026      0.024     -1.050      0.294

 P3         ON
    P2                 0.129      0.048      2.659      0.008
    V2                -0.026      0.024     -1.050      0.294

 P2         ON
    P1                 0.129      0.048      2.659      0.008
    V1                -0.026      0.024     -1.050      0.294

 V4         ON
    V3                 0.076      0.056      1.356      0.175
    P3                -0.065      0.060     -1.094      0.274

 V3         ON
    V2                 0.076      0.056      1.356      0.175
    P2                -0.065      0.060     -1.094      0.274

 V2         ON
    V1                 0.076      0.056      1.356      0.175
    P1                -0.065      0.060     -1.094      0.274

 S_BFI_HP WITH
    I_BFI_HP8         -0.587      0.470     -1.247      0.212
    S_BFA_MT_D         0.007      0.091      0.080      0.936
    I_BFA_MT_D         0.942      2.237      0.421      0.674

 I_BFI_HP WITH
    S_BFA_MT_D        -1.394      2.312     -0.603      0.547
    I_BFA_MT_D       -65.540     12.399     -5.286      0.000

 S_BFA_MT WITH
    I_BFA_MT_D        -1.019      0.936     -1.089      0.276

 P1       WITH
    V1               -12.075      6.428     -1.879      0.060

 P2       WITH
    V2                -5.542      3.945     -1.405      0.160

 P3       WITH
    V3                -5.542      3.945     -1.405      0.160

 P4       WITH
    V4                -5.542      3.945     -1.405      0.160

 Means
    P1                 0.000      0.000    999.000    999.000
    V1                 0.000      0.000    999.000    999.000
    I_BFI_HP8         71.364      0.485    147.202      0.000
    S_BFI_HP8          0.288      0.043      6.737      0.000
    I_BFA_MT_D        39.589      0.662     59.844      0.000
    S_BFA_MT_D        -0.208      0.061     -3.404      0.001

 Intercepts
    ABFI_HP8           0.000      0.000    999.000    999.000
    BBFI_HP8           0.000      0.000    999.000    999.000
    CBFI_HP8           0.000      0.000    999.000    999.000
    DBFI_HP8           0.000      0.000    999.000    999.000
    ABFA_MT_D          0.000      0.000    999.000    999.000
    BBFA_MT_D          0.000      0.000    999.000    999.000
    CBFA_MT_D          0.000      0.000    999.000    999.000
    DBFA_MT_D          0.000      0.000    999.000    999.000
    P2                 0.000      0.000    999.000    999.000
    P3                 0.000      0.000    999.000    999.000
    P4                 0.000      0.000    999.000    999.000
    V2                 0.000      0.000    999.000    999.000
    V3                 0.000      0.000    999.000    999.000
    V4                 0.000      0.000    999.000    999.000

 Variances
    P1                76.916      6.253     12.302      0.000
    V1               175.720     13.080     13.435      0.000
    I_BFI_HP8        159.345     11.775     13.533      0.000
    S_BFI_HP8          0.057      0.096      0.595      0.552
    I_BFA_MT_D       285.372     23.490     12.148      0.000
    S_BFA_MT_D         0.176      0.160      1.101      0.271

 Residual Variances
    ABFI_HP8           0.000      0.000    999.000    999.000
    BBFI_HP8           0.000      0.000    999.000    999.000
    CBFI_HP8           0.000      0.000    999.000    999.000
    DBFI_HP8           0.000      0.000    999.000    999.000
    ABFA_MT_D          0.000      0.000    999.000    999.000
    BBFA_MT_D          0.000      0.000    999.000    999.000
    CBFA_MT_D          0.000      0.000    999.000    999.000
    DBFA_MT_D          0.000      0.000    999.000    999.000
    P2                65.020      3.952     16.451      0.000
    P3                65.020      3.952     16.451      0.000
    P4                65.020      3.952     16.451      0.000
    V2               148.418     10.777     13.772      0.000
    V3               148.418     10.777     13.772      0.000
    V4               148.418     10.777     13.772      0.000


QUALITY OF NUMERICAL RESULTS

     Condition Number for the Information Matrix              0.168E-04
       (ratio of smallest to largest eigenvalue)


     Beginning Time:  16:13:31
        Ending Time:  16:13:53
       Elapsed Time:  00:00:22



MUTHEN & MUTHEN
3463 Stoner Ave.
Los Angeles, CA  90066

Tel: (310) 391-9971
Fax: (310) 391-8971
Web: www.StatModel.com
Support: Support@StatModel.com

Copyright (c) 1998-2017 Muthen & Muthen
