Mplus VERSION 8 (Linux)
MUTHEN & MUTHEN
07/07/2018   3:53 PM

INPUT INSTRUCTIONS


  title: PxVx Bivariate LCM-SR - post mi - Linear bfas_nv with Linear usi_d;
  data: file = /home/jflournoy/code_new/lnt_pxvx/Data/lnt_nat_recalc.tsv;

  variable:
  names =
  subjid
  aage
  aaspfin
  aaspfin_d
  abfa_mt
  abfa_mt_d
  abfas_ac
  abfas_ap
  abfas_ci
  abfas_co
  abfas_ea
  abfas_ee
  abfas_nv
  abfas_nv9
  abfas_nw
  abfas_oi
  abfas_oo
  abfi_a
  abfi_a6
  abfi_c
  abfi_d_scale
  abfi_e
  abfi_hp8
  abfi_n
  abfi_o
  abfi_s_scale
  ahrz_col
  ahrz_col_d
  ahrz_ind
  ahrz_ind_d
  amvi
  ausi
  ausi_d
  avrt_col
  avrt_col_d
  avrt_ind
  avrt_ind_d
  bage
  baspfin
  baspfin_d
  bbfa_mt
  bbfa_mt_d
  bbfas_ac
  bbfas_ap
  bbfas_ci
  bbfas_co
  bbfas_ea
  bbfas_ee
  bbfas_nv
  bbfas_nv9
  bbfas_nw
  bbfas_oi
  bbfas_oo
  bbfi_a
  bbfi_a6
  bbfi_c
  bbfi_d_scale
  bbfi_e
  bbfi_hp8
  bbfi_n
  bbfi_o
  bbfi_s_scale
  bhrz_col
  bhrz_col_d
  bhrz_ind
  bhrz_ind_d
  bmvi
  busi
  busi_d
  bvrt_col
  bvrt_col_d
  bvrt_ind
  bvrt_ind_d
  cage
  caspfin
  caspfin_d
  cbfa_mt
  cbfa_mt_d
  cbfas_ac
  cbfas_ap
  cbfas_ci
  cbfas_co
  cbfas_ea
  cbfas_ee
  cbfas_nv
  cbfas_nv9
  cbfas_nw
  cbfas_oi
  cbfas_oo
  cbfi_a
  cbfi_a6
  cbfi_c
  cbfi_d_scale
  cbfi_e
  cbfi_hp8
  cbfi_n
  cbfi_o
  cbfi_s_scale
  chrz_col
  chrz_col_d
  chrz_ind
  chrz_ind_d
  cmvi
  cusi
  cusi_d
  cvrt_col
  cvrt_col_d
  cvrt_ind
  cvrt_ind_d
  dage
  daspfin
  daspfin_d
  dbfa_mt
  dbfa_mt_d
  dbfas_ac
  dbfas_ap
  dbfas_ci
  dbfas_co
  dbfas_ea
  dbfas_ee
  dbfas_nv
  dbfas_nv9
  dbfas_nw
  dbfas_oi
  dbfas_oo
  dbfi_a
  dbfi_a6
  dbfi_c
  dbfi_d_scale
  dbfi_e
  dbfi_hp8
  dbfi_n
  dbfi_o
  dbfi_s_scale
  dhrz_col
  dhrz_col_d
  dhrz_ind
  dhrz_ind_d
  dmvi
  dusi
  dusi_d
  dvrt_col
  dvrt_col_d
  dvrt_ind
  dvrt_ind_d;

  USEVARIABLES =
  abfas_nv
  bbfas_nv
  cbfas_nv
  dbfas_nv
  ausi_d
  busi_d
  cusi_d
  dusi_d
  a1
  a2
  a3
  a4
  ;

  missing = all (-9999);

  tscores = a1 a2 a3 a4;

  DEFINE:
  a1 = aage + 0 - 36;
  a2 = aage + 1 - 36;
  a3 = aage + 2 - 36;
  a4 = aage + 3 - 36;

  ANALYSIS:
  TYPE=RANDOM;
  PROCESSORS = 6;
  model=nocovariances; ! supresses default estimation of certain covs in model;

  MODEL:

  i_bfas_nv s_bfas_nv | abfas_nv bbfas_nv cbfas_nv dbfas_nv AT a1 a2 a3 a4;
  i_usi_d s_usi_d | ausi_d busi_d cusi_d dusi_d AT a1 a2 a3 a4;

  ! freeing factor covs because of "nocovariances"
  s_bfas_nv WITH i_bfas_nv s_usi_d i_usi_d;
  i_bfas_nv WITH s_usi_d i_usi_d;
  s_usi_d WITH i_usi_d;

  p1 BY abfas_nv@1; ! Residual "factors";
  p2 BY bbfas_nv@1;
  p3 BY cbfas_nv@1;
  p4 BY dbfas_nv@1;

  v1 BY ausi_d@1; ! Residual "factors";
  v2 BY busi_d@1;
  v3 BY cusi_d@1;
  v4 BY dusi_d@1;

  !residual variances on observed/manifest vars set to 0
  abfas_nv@0;
  bbfas_nv@0;
  cbfas_nv@0;
  dbfas_nv@0;

  !residual variances on observed/manifest vars set to 0
  ausi_d@0;
  busi_d@0;
  cusi_d@0;
  dusi_d@0;

  ! means of observed/manifest vars set to 0
  [abfas_nv@0];
  [bbfas_nv@0];
  [cbfas_nv@0];
  [dbfas_nv@0];

  ! means of observed/manifest vars set to 0
  [ausi_d@0];
  [busi_d@0];
  [cusi_d@0];
  [dusi_d@0];

  [p1@0]; ! means of residual "factors" set to 0
  [p2@0];
  [p3@0];
  [p4@0];

  [v1@0]; ! means of residual "factors" set to 0
  [v2@0];
  [v3@0];
  [v4@0];

  p4 on p3 (a); ! Autoregressive paths constrained to equality
  p3 on p2 (a);
  p2 on p1 (a);

  v4 on v3 (b); ! Autoregressive paths constrained to equality
  v3 on v2 (b);
  v2 on v1 (b);

  p4 on v3 (c); ! Cross-lagged paths constrained to equality
  p3 on v2 (c);
  p2 on v1 (c);

  v4 on p3 (d); ! Cross-lagged paths constrained to equality
  v3 on p2 (d);
  v2 on p1 (d);

  p1 with v1; !(this one is not like the others)

  p2 with v2 (e); ! Within-wave correlations constrained to equality
  p3 with v3 (e);
  p4 with v4 (e);

  p2 p3 p4 (f); ! estimate variances of residual "factors"
  v2 v3 v4 (g); ! estimate variances of residual "factors"

  OUTPUT: SAMPSTAT PATTERNS;



*** WARNING
  Data set contains cases with missing on time scores but non-missing on the
  corresponding dependent variables.  These cases were not included in the analysis.
  Number of such cases:  5
   1 WARNING(S) FOUND IN THE INPUT INSTRUCTIONS



PxVx Bivariate LCM-SR - post mi - Linear bfas_nv with Linear usi_d;

SUMMARY OF ANALYSIS

Number of groups                                                 1
Number of observations                                         864

Number of dependent variables                                    8
Number of independent variables                                  0
Number of continuous latent variables                           12

Observed dependent variables

  Continuous
   ABFAS_NV    BBFAS_NV    CBFAS_NV    DBFAS_NV    AUSI_D      BUSI_D
   CUSI_D      DUSI_D

Continuous latent variables
   P1          P2          P3          P4          V1          V2
   V3          V4          I_BFAS_N    S_BFAS_N    I_USI_D     S_USI_D

Variables with special functions

  Time scores
   A1          A2          A3          A4


Estimator                                                      MLR
Information matrix                                        OBSERVED
Maximum number of iterations                                   100
Convergence criterion                                    0.100D-05
Maximum number of EM iterations                                500
Convergence criteria for the EM algorithm
  Loglikelihood change                                   0.100D-02
  Relative loglikelihood change                          0.100D-05
  Derivative                                             0.100D-03
Minimum variance                                         0.100D-03
Maximum number of steepest descent iterations                   20
Maximum number of iterations for H1                           2000
Convergence criterion for H1                             0.100D-03
Optimization algorithm                                         EMA

Input data file(s)
  /home/jflournoy/code_new/lnt_pxvx/Data/lnt_nat_recalc.tsv
Input data format  FREE


SUMMARY OF DATA

     Number of missing data patterns            19


SUMMARY OF MISSING DATA PATTERNS


     MISSING DATA PATTERNS (x = not missing)

           1  2  3  4  5  6  7  8  9 10 11 12 13 14 15 16 17 18 19
 ABFAS_NV  x  x  x  x  x  x  x  x  x  x  x  x  x  x  x  x  x  x  x
 BBFAS_NV  x     x  x     x     x     x  x  x  x     x     x
 CBFAS_NV  x           x  x     x  x     x  x  x        x  x  x
 DBFAS_NV  x     x     x  x  x           x     x     x        x  x
 AUSI_D    x  x  x  x  x  x  x  x  x  x  x  x  x     x  x  x  x  x
 BUSI_D    x     x  x     x     x        x  x              x
 CUSI_D    x           x        x  x     x     x           x  x
 DUSI_D    x     x     x  x  x                 x     x     x


     MISSING DATA PATTERN FREQUENCIES

    Pattern   Frequency     Pattern   Frequency     Pattern   Frequency
          1         492           8          45          15           1
          2         168           9          21          16           1
          3          26          10           5          17           1
          4          47          11           1          18           2
          5          21          12           1          19           2
          6           2          13           3
          7          24          14           1


COVARIANCE COVERAGE OF DATA

Minimum covariance coverage value   0.100


     PROPORTION OF DATA PRESENT


           Covariance Coverage
              ABFAS_NV      BBFAS_NV      CBFAS_NV      DBFAS_NV      AUSI_D
              ________      ________      ________      ________      ________
 ABFAS_NV       1.000
 BBFAS_NV       0.722         0.722
 CBFAS_NV       0.683         0.631         0.683
 DBFAS_NV       0.664         0.608         0.603         0.664
 AUSI_D         0.999         0.722         0.683         0.664         0.999
 BUSI_D         0.712         0.712         0.627         0.603         0.712
 CUSI_D         0.678         0.627         0.678         0.601         0.678
 DUSI_D         0.660         0.608         0.601         0.659         0.660


           Covariance Coverage
              BUSI_D        CUSI_D        DUSI_D
              ________      ________      ________
 BUSI_D         0.712
 CUSI_D         0.624         0.678
 DUSI_D         0.603         0.598         0.660


SAMPLE STATISTICS


     ESTIMATED SAMPLE STATISTICS


           Means
              ABFAS_NV      BBFAS_NV      CBFAS_NV      DBFAS_NV      AUSI_D
              ________      ________      ________      ________      ________
               43.796        43.582        42.901        42.960        30.287


           Means
              BUSI_D        CUSI_D        DUSI_D
              ________      ________      ________
               29.848        29.910        30.199


           Covariances
              ABFAS_NV      BBFAS_NV      CBFAS_NV      DBFAS_NV      AUSI_D
              ________      ________      ________      ________      ________
 ABFAS_NV     486.828
 BBFAS_NV     379.144       441.420
 CBFAS_NV     364.566       368.876       451.160
 DBFAS_NV     367.398       368.668       383.159       476.881
 AUSI_D        27.140        36.021        42.883        37.680       358.801
 BUSI_D        27.655        52.797        68.827        55.880       239.231
 CUSI_D        52.006        63.271        70.801        67.142       219.753
 DUSI_D        39.161        49.896        51.283        57.839       200.547


           Covariances
              BUSI_D        CUSI_D        DUSI_D
              ________      ________      ________
 BUSI_D       355.935
 CUSI_D       236.271       366.285
 DUSI_D       205.614       243.507       338.937


           Correlations
              ABFAS_NV      BBFAS_NV      CBFAS_NV      DBFAS_NV      AUSI_D
              ________      ________      ________      ________      ________
 ABFAS_NV       1.000
 BBFAS_NV       0.818         1.000
 CBFAS_NV       0.778         0.827         1.000
 DBFAS_NV       0.763         0.804         0.826         1.000
 AUSI_D         0.065         0.091         0.107         0.091         1.000
 BUSI_D         0.066         0.133         0.172         0.136         0.669
 CUSI_D         0.123         0.157         0.174         0.161         0.606
 DUSI_D         0.096         0.129         0.131         0.144         0.575


           Correlations
              BUSI_D        CUSI_D        DUSI_D
              ________      ________      ________
 BUSI_D         1.000
 CUSI_D         0.654         1.000
 DUSI_D         0.592         0.691         1.000


     MAXIMUM LOG-LIKELIHOOD VALUE FOR THE UNRESTRICTED (H1) MODEL IS -21704.083


UNIVARIATE SAMPLE STATISTICS


     UNIVARIATE HIGHER-ORDER MOMENT DESCRIPTIVE STATISTICS

         Variable/         Mean/     Skewness/   Minimum/ % with                Percentiles
        Sample Size      Variance    Kurtosis    Maximum  Min/Max      20%/60%    40%/80%    Median

     ABFAS_NV             43.796       0.157       0.000    1.04%      22.500     35.000     42.500
             864.000     486.828      -0.646     100.000    0.46%      50.000     63.889
     BBFAS_NV             43.309       0.234       0.000    0.64%      25.000     35.000     42.500
             624.000     446.272      -0.565      97.500    0.32%      47.500     62.500
     CBFAS_NV             42.825       0.197       0.000    0.34%      22.500     35.000     41.250
             590.000     455.625      -0.691     100.000    0.17%      47.500     62.500
     DBFAS_NV             42.654       0.167       0.000    2.26%      22.500     35.000     42.500
             574.000     486.773      -0.646     100.000    0.52%      47.500     65.000
     AUSI_D               30.287       0.165       0.000   10.89%       8.333     25.000     33.333
             863.000     358.802      -0.530      91.667    0.23%      33.333     50.000
     BUSI_D               29.546       0.210       0.000   11.71%       8.333     25.000     33.333
             615.000     347.530      -0.216     100.000    0.16%      33.333     41.667
     CUSI_D               30.006       0.210       0.000   11.43%       8.333     25.000     33.333
             586.000     364.353      -0.506      91.667    0.17%      33.333     50.000
     DUSI_D               29.971       0.105       0.000   11.05%       8.333     25.000     33.333
             570.000     338.900      -0.560      83.333    0.53%      33.333     50.000


THE MODEL ESTIMATION TERMINATED NORMALLY



MODEL FIT INFORMATION

Number of Free Parameters                       24

Loglikelihood

          H0 Value                      -21694.079
          H0 Scaling Correction Factor      1.0768
            for MLR

Information Criteria

          Akaike (AIC)                   43436.159
          Bayesian (BIC)                 43550.437
          Sample-Size Adjusted BIC       43474.219
            (n* = (n + 2) / 24)



MODEL RESULTS

                                                    Two-Tailed
                    Estimate       S.E.  Est./S.E.    P-Value

 P1       BY
    ABFAS_NV           1.000      0.000    999.000    999.000

 P2       BY
    BBFAS_NV           1.000      0.000    999.000    999.000

 P3       BY
    CBFAS_NV           1.000      0.000    999.000    999.000

 P4       BY
    DBFAS_NV           1.000      0.000    999.000    999.000

 V1       BY
    AUSI_D             1.000      0.000    999.000    999.000

 V2       BY
    BUSI_D             1.000      0.000    999.000    999.000

 V3       BY
    CUSI_D             1.000      0.000    999.000    999.000

 V4       BY
    DUSI_D             1.000      0.000    999.000    999.000

 P4         ON
    P3                 0.168      0.050      3.346      0.001
    V3                 0.031      0.031      1.002      0.316

 P3         ON
    P2                 0.168      0.050      3.346      0.001
    V2                 0.031      0.031      1.002      0.316

 P2         ON
    P1                 0.168      0.050      3.346      0.001
    V1                 0.031      0.031      1.002      0.316

 V4         ON
    V3                 0.215      0.046      4.621      0.000
    P3                -0.064      0.047     -1.367      0.172

 V3         ON
    V2                 0.215      0.046      4.621      0.000
    P2                -0.064      0.047     -1.367      0.172

 V2         ON
    V1                 0.215      0.046      4.621      0.000
    P1                -0.064      0.047     -1.367      0.172

 S_BFAS_N WITH
    I_BFAS_NV         -1.287      0.871     -1.478      0.139
    S_USI_D           -0.010      0.122     -0.081      0.935
    I_USI_D            0.923      2.657      0.347      0.728

 I_BFAS_N WITH
    S_USI_D            0.497      2.633      0.189      0.850
    I_USI_D           35.423     16.694      2.122      0.034

 S_USI_D  WITH
    I_USI_D            0.438      0.609      0.719      0.472

 P1       WITH
    V1                -0.611      8.653     -0.071      0.944

 P2       WITH
    V2                 3.780      4.209      0.898      0.369

 P3       WITH
    V3                 3.780      4.209      0.898      0.369

 P4       WITH
    V4                 3.780      4.209      0.898      0.369

 Means
    P1                 0.000      0.000    999.000    999.000
    V1                 0.000      0.000    999.000    999.000
    I_BFAS_NV         43.716      0.694     63.024      0.000
    S_BFAS_NV         -0.261      0.063     -4.137      0.000
    I_USI_D           30.468      0.556     54.811      0.000
    S_USI_D           -0.282      0.053     -5.317      0.000

 Intercepts
    ABFAS_NV           0.000      0.000    999.000    999.000
    BBFAS_NV           0.000      0.000    999.000    999.000
    CBFAS_NV           0.000      0.000    999.000    999.000
    DBFAS_NV           0.000      0.000    999.000    999.000
    AUSI_D             0.000      0.000    999.000    999.000
    BUSI_D             0.000      0.000    999.000    999.000
    CUSI_D             0.000      0.000    999.000    999.000
    DUSI_D             0.000      0.000    999.000    999.000
    P2                 0.000      0.000    999.000    999.000
    P3                 0.000      0.000    999.000    999.000
    P4                 0.000      0.000    999.000    999.000
    V2                 0.000      0.000    999.000    999.000
    V3                 0.000      0.000    999.000    999.000
    V4                 0.000      0.000    999.000    999.000

 Variances
    P1               124.025     12.537      9.893      0.000
    V1               154.625     13.069     11.831      0.000
    I_BFAS_NV        336.378     24.646     13.648      0.000
    S_BFAS_NV          0.195      0.165      1.179      0.238
    I_USI_D          183.029     18.150     10.084      0.000
    S_USI_D            0.097      0.117      0.834      0.404

 Residual Variances
    ABFAS_NV           0.000      0.000    999.000    999.000
    BBFAS_NV           0.000      0.000    999.000    999.000
    CBFAS_NV           0.000      0.000    999.000    999.000
    DBFAS_NV           0.000      0.000    999.000    999.000
    AUSI_D             0.000      0.000    999.000    999.000
    BUSI_D             0.000      0.000    999.000    999.000
    CUSI_D             0.000      0.000    999.000    999.000
    DUSI_D             0.000      0.000    999.000    999.000
    P2                90.858      5.556     16.354      0.000
    P3                90.858      5.556     16.354      0.000
    P4                90.858      5.556     16.354      0.000
    V2               140.420      7.931     17.705      0.000
    V3               140.420      7.931     17.705      0.000
    V4               140.420      7.931     17.705      0.000


QUALITY OF NUMERICAL RESULTS

     Condition Number for the Information Matrix              0.942E-05
       (ratio of smallest to largest eigenvalue)


     Beginning Time:  15:53:13
        Ending Time:  15:53:15
       Elapsed Time:  00:00:02



MUTHEN & MUTHEN
3463 Stoner Ave.
Los Angeles, CA  90066

Tel: (310) 391-9971
Fax: (310) 391-8971
Web: www.StatModel.com
Support: Support@StatModel.com

Copyright (c) 1998-2017 Muthen & Muthen
