Mplus VERSION 8 (Linux)
MUTHEN & MUTHEN
07/08/2018   5:27 PM

INPUT INSTRUCTIONS


  title: PxVx Bivariate LCM-SR - 40splitgroup - Linear bfas_co with Linear vrt_ind_d;
  data: file = /home/jflournoy/code_new/lnt_pxvx/Data/lnt_nat_recalc.tsv;

  variable:
  names =
  subjid
  aage
  aaspfin
  aaspfin_d
  abfa_mt
  abfa_mt_d
  abfas_ac
  abfas_ap
  abfas_ci
  abfas_co
  abfas_ea
  abfas_ee
  abfas_nv
  abfas_nv9
  abfas_nw
  abfas_oi
  abfas_oo
  abfi_a
  abfi_a6
  abfi_c
  abfi_d_scale
  abfi_e
  abfi_hp8
  abfi_n
  abfi_o
  abfi_s_scale
  ahrz_col
  ahrz_col_d
  ahrz_ind
  ahrz_ind_d
  amvi
  ausi
  ausi_d
  avrt_col
  avrt_col_d
  avrt_ind
  avrt_ind_d
  bage
  baspfin
  baspfin_d
  bbfa_mt
  bbfa_mt_d
  bbfas_ac
  bbfas_ap
  bbfas_ci
  bbfas_co
  bbfas_ea
  bbfas_ee
  bbfas_nv
  bbfas_nv9
  bbfas_nw
  bbfas_oi
  bbfas_oo
  bbfi_a
  bbfi_a6
  bbfi_c
  bbfi_d_scale
  bbfi_e
  bbfi_hp8
  bbfi_n
  bbfi_o
  bbfi_s_scale
  bhrz_col
  bhrz_col_d
  bhrz_ind
  bhrz_ind_d
  bmvi
  busi
  busi_d
  bvrt_col
  bvrt_col_d
  bvrt_ind
  bvrt_ind_d
  cage
  caspfin
  caspfin_d
  cbfa_mt
  cbfa_mt_d
  cbfas_ac
  cbfas_ap
  cbfas_ci
  cbfas_co
  cbfas_ea
  cbfas_ee
  cbfas_nv
  cbfas_nv9
  cbfas_nw
  cbfas_oi
  cbfas_oo
  cbfi_a
  cbfi_a6
  cbfi_c
  cbfi_d_scale
  cbfi_e
  cbfi_hp8
  cbfi_n
  cbfi_o
  cbfi_s_scale
  chrz_col
  chrz_col_d
  chrz_ind
  chrz_ind_d
  cmvi
  cusi
  cusi_d
  cvrt_col
  cvrt_col_d
  cvrt_ind
  cvrt_ind_d
  dage
  daspfin
  daspfin_d
  dbfa_mt
  dbfa_mt_d
  dbfas_ac
  dbfas_ap
  dbfas_ci
  dbfas_co
  dbfas_ea
  dbfas_ee
  dbfas_nv
  dbfas_nv9
  dbfas_nw
  dbfas_oi
  dbfas_oo
  dbfi_a
  dbfi_a6
  dbfi_c
  dbfi_d_scale
  dbfi_e
  dbfi_hp8
  dbfi_n
  dbfi_o
  dbfi_s_scale
  dhrz_col
  dhrz_col_d
  dhrz_ind
  dhrz_ind_d
  dmvi
  dusi
  dusi_d
  dvrt_col
  dvrt_col_d
  dvrt_ind
  dvrt_ind_d;

  USEVARIABLES =
  abfas_co
  bbfas_co
  cbfas_co
  dbfas_co
  avrt_ind_d
  bvrt_ind_d
  cvrt_ind_d
  dvrt_ind_d
  a1
  a2
  a3
  a4
  aagegrp
  ;

  missing = all (-9999);

  tscores = a1 a2 a3 a4;

  grouping = aagegrp (0=earlier, 1=later);

  DEFINE:

  aagegrp = aage;

  cut aagegrp (39);

  a1 = aage + 0 - 36;
  a2 = aage + 1 - 36;
  a3 = aage + 2 - 36;
  a4 = aage + 3 - 36;

  ANALYSIS:
  TYPE=RANDOM;
  PROCESSORS = 6;
  model=nocovariances; ! supresses default estimation of certain covs in model;

  MODEL:

  i_bfas_co s_bfas_co | abfas_co bbfas_co cbfas_co dbfas_co AT a1 a2 a3 a4;
  i_vrt_ind_d s_vrt_ind_d | avrt_ind_d bvrt_ind_d cvrt_ind_d dvrt_ind_d AT a1 a2 a3 a4;

  ! freeing factor covs because of "nocovariances"
  ! But ensure they are constrained across groups
  s_bfas_co WITH i_bfas_co (p)
  s_vrt_ind_d (q)
  i_vrt_ind_d (r);
  i_bfas_co WITH s_vrt_ind_d (s)
  i_vrt_ind_d (t);
  s_vrt_ind_d WITH i_vrt_ind_d (u);

  !constrain latent growth means across groups
  [i_bfas_co] (v);
  [s_bfas_co] (w);
  [i_vrt_ind_d] (x);
  [s_vrt_ind_d] (y);

  !constrain latent growth variances across groups
  i_bfas_co (l);
  s_bfas_co (m);
  i_vrt_ind_d (n);
  s_vrt_ind_d (o);

  p1 BY abfas_co@1; ! Residual "factors";
  p2 BY bbfas_co@1;
  p3 BY cbfas_co@1;
  p4 BY dbfas_co@1;

  v1 BY avrt_ind_d@1; ! Residual "factors";
  v2 BY bvrt_ind_d@1;
  v3 BY cvrt_ind_d@1;
  v4 BY dvrt_ind_d@1;

  !residual variances on observed/manifest vars set to 0
  abfas_co@0;
  bbfas_co@0;
  cbfas_co@0;
  dbfas_co@0;

  !residual variances on observed/manifest vars set to 0
  avrt_ind_d@0;
  bvrt_ind_d@0;
  cvrt_ind_d@0;
  dvrt_ind_d@0;

  ! means of observed/manifest vars set to 0
  [abfas_co@0];
  [bbfas_co@0];
  [cbfas_co@0];
  [dbfas_co@0];

  ! means of observed/manifest vars set to 0
  [avrt_ind_d@0];
  [bvrt_ind_d@0];
  [cvrt_ind_d@0];
  [dvrt_ind_d@0];

  [p1@0]; ! means of residual "factors" set to 0
  [p2@0];
  [p3@0];
  [p4@0];

  [v1@0]; ! means of residual "factors" set to 0
  [v2@0];
  [v3@0];
  [v4@0];

  p4 on p3 (a); ! Autoregressive paths constrained to equality
  p3 on p2 (a);
  p2 on p1 (a);

  v4 on v3 (b); ! Autoregressive paths constrained to equality
  v3 on v2 (b);
  v2 on v1 (b);

  p4 on v3 (c); ! Cross-lagged paths constrained to equality
  p3 on v2 (c);
  p2 on v1 (c);

  v4 on p3 (d); ! Cross-lagged paths constrained to equality
  v3 on p2 (d);
  v2 on p1 (d);

  p1 with v1; !(this one is not like the others)

  p2 with v2 (e); ! Within-wave correlations constrained to equality
  p3 with v3 (e);
  p4 with v4 (e);

  p2 p3 p4 (f); ! estimate variances of residual "factors"
  v2 v3 v4 (g); ! estimate variances of residual "factors"

  MODEL earlier:

  p4 on p3 (a23); ! Autoregressive paths constrained to equality
  p3 on p2 (a23);
  p2 on p1 (a23);

  v4 on v3 (b23); ! Autoregressive paths constrained to equality
  v3 on v2 (b23);
  v2 on v1 (b23);

  p4 on v3 (c23); ! Cross-lagged paths constrained to equality
  p3 on v2 (c23);
  p2 on v1 (c23);

  v4 on p3 (d23); ! Cross-lagged paths constrained to equality
  v3 on p2 (d23);
  v2 on p1 (d23);

  p1 with v1; !(this one is not like the others)

  p2 with v2 (e23); ! Within-wave correlations constrained to equality
  p3 with v3 (e23);
  p4 with v4 (e23);

  p2 p3 p4 (f23); ! estimate variances of residual "factors"
  v2 v3 v4 (g23); ! estimate variances of residual "factors"

  MODEL later:

  p4 on p3 (a45); ! Autoregressive paths constrained to equality
  p3 on p2 (a45);
  p2 on p1 (a45);

  v4 on v3 (b45); ! Autoregressive paths constrained to equality
  v3 on v2 (b45);
  v2 on v1 (b45);

  p4 on v3 (c45); ! Cross-lagged paths constrained to equality
  p3 on v2 (c45);
  p2 on v1 (c45);

  v4 on p3 (d45); ! Cross-lagged paths constrained to equality
  v3 on p2 (d45);
  v2 on p1 (d45);

  p1 with v1; !(this one is not like the others)

  p2 with v2 (e45); ! Within-wave correlations constrained to equality
  p3 with v3 (e45);
  p4 with v4 (e45);

  p2 p3 p4 (f45); ! estimate variances of residual "factors"
  v2 v3 v4 (g45); ! estimate variances of residual "factors"

  OUTPUT: SAMPSTAT PATTERNS;



*** WARNING in VARIABLE command
  Note that only the first 8 characters of variable names are used in the output.
  Shorten variable names to avoid any confusion.
*** WARNING
  Data set contains unknown or missing values for GROUPING,
  PATTERN, COHORT, CLUSTER and/or STRATIFICATION variables.
  Number of cases with unknown or missing values:  5
   2 WARNING(S) FOUND IN THE INPUT INSTRUCTIONS



PxVx Bivariate LCM-SR - 40splitgroup - Linear bfas_co with Linear vrt_ind_d;

SUMMARY OF ANALYSIS

Number of groups                                                 2
Number of observations
   Group EARLIER                                               534
   Group LATER                                                 330
   Total sample size                                           864

Number of dependent variables                                    8
Number of independent variables                                  0
Number of continuous latent variables                           12

Observed dependent variables

  Continuous
   ABFAS_CO    BBFAS_CO    CBFAS_CO    DBFAS_CO    AVRT_IND_D  BVRT_IND_D
   CVRT_IND_D  DVRT_IND_D

Continuous latent variables
   P1          P2          P3          P4          V1          V2
   V3          V4          I_BFAS_C    S_BFAS_C    I_VRT_IN    S_VRT_IN

Variables with special functions

  Grouping variable     AAGEGRP

  Time scores
   A1          A2          A3          A4


Estimator                                                      MLR
Information matrix                                        OBSERVED
Maximum number of iterations                                   100
Convergence criterion                                    0.100D-05
Maximum number of EM iterations                                500
Convergence criteria for the EM algorithm
  Loglikelihood change                                   0.100D-02
  Relative loglikelihood change                          0.100D-05
  Derivative                                             0.100D-03
Minimum variance                                         0.100D-03
Maximum number of steepest descent iterations                   20
Maximum number of iterations for H1                           2000
Convergence criterion for H1                             0.100D-03
Optimization algorithm                                         EMA

Input data file(s)
  /home/jflournoy/code_new/lnt_pxvx/Data/lnt_nat_recalc.tsv
Input data format  FREE


SUMMARY OF DATA

   Group EARLIER
     Number of missing data patterns            16

   Group LATER
     Number of missing data patterns            16


SUMMARY OF MISSING DATA PATTERNS


     MISSING DATA PATTERNS (x = not missing) FOR EARLIER

           1  2  3  4  5  6  7  8  9 10 11 12 13 14 15 16
 ABFAS_CO  x  x  x  x  x  x  x  x  x  x  x     x  x  x  x
 BBFAS_CO  x     x     x  x  x        x  x  x  x  x
 CBFAS_CO  x        x  x     x     x  x     x  x  x  x
 DBFAS_CO  x     x  x  x        x           x  x     x  x
 AVRT_IND  x  x  x  x  x  x  x  x  x  x  x  x  x  x  x  x
 BVRT_IND  x     x     x  x  x        x     x     x  x
 CVRT_IND  x        x        x     x        x  x  x  x
 DVRT_IND  x     x  x  x        x           x  x  x  x


     MISSING DATA PATTERN FREQUENCIES FOR EARLIER

    Pattern   Frequency     Pattern   Frequency     Pattern   Frequency
          1         325           7          20          13           2
          2         101           8          14          14           1
          3          14           9          12          15           1
          4          12          10           1          16           1
          5           1          11           2
          6          26          12           1


     MISSING DATA PATTERNS (x = not missing) FOR LATER

           1  2  3  4  5  6  7  8  9 10 11 12 13 14 15 16
 ABFAS_CO  x  x  x  x  x  x  x  x  x  x     x  x  x  x  x
 BBFAS_CO  x     x     x  x  x        x  x  x        x
 CBFAS_CO  x        x  x     x     x     x  x  x        x
 DBFAS_CO  x     x  x  x        x        x  x  x     x
 AVRT_IND  x  x  x  x  x  x  x  x  x  x  x  x  x     x  x
 BVRT_IND  x     x     x  x  x           x     x
 CVRT_IND  x        x        x     x     x  x  x
 DVRT_IND  x     x  x  x        x        x  x  x     x


     MISSING DATA PATTERN FREQUENCIES FOR LATER

    Pattern   Frequency     Pattern   Frequency     Pattern   Frequency
          1         163           7          26          13           1
          2          68           8          10          14           1
          3          12           9          11          15           1
          4           9          10           2          16           1
          5           1          11           1
          6          22          12           1


COVARIANCE COVERAGE OF DATA

Minimum covariance coverage value   0.100


     PROPORTION OF DATA PRESENT FOR EARLIER


           Covariance Coverage
              ABFAS_CO      BBFAS_CO      CBFAS_CO      DBFAS_CO      AVRT_IND
              ________      ________      ________      ________      ________
 ABFAS_CO       0.998
 BBFAS_CO       0.734         0.736
 CBFAS_CO       0.702         0.657         0.704
 DBFAS_CO       0.693         0.642         0.640         0.695
 AVRT_IND       0.998         0.736         0.704         0.695         1.000
 BVRT_IND       0.728         0.728         0.655         0.640         0.730
 CVRT_IND       0.699         0.654         0.700         0.639         0.700
 DVRT_IND       0.693         0.644         0.642         0.693         0.695


           Covariance Coverage
              BVRT_IND      CVRT_IND      DVRT_IND
              ________      ________      ________
 BVRT_IND       0.730
 CVRT_IND       0.652         0.700
 DVRT_IND       0.642         0.640         0.695


     PROPORTION OF DATA PRESENT FOR LATER


           Covariance Coverage
              ABFAS_CO      BBFAS_CO      CBFAS_CO      DBFAS_CO      AVRT_IND
              ________      ________      ________      ________      ________
 ABFAS_CO       0.997
 BBFAS_CO       0.694         0.697
 CBFAS_CO       0.652         0.591         0.655
 DBFAS_CO       0.600         0.539         0.533         0.603
 AVRT_IND       0.997         0.697         0.655         0.603         1.000
 BVRT_IND       0.691         0.691         0.591         0.539         0.694
 CVRT_IND       0.642         0.582         0.645         0.530         0.645
 DVRT_IND       0.600         0.542         0.536         0.600         0.603


           Covariance Coverage
              BVRT_IND      CVRT_IND      DVRT_IND
              ________      ________      ________
 BVRT_IND       0.694
 CVRT_IND       0.582         0.645
 DVRT_IND       0.542         0.533         0.603


SAMPLE STATISTICS


     ESTIMATED SAMPLE STATISTICS FOR EARLIER


           Means
              ABFAS_CO      BBFAS_CO      CBFAS_CO      DBFAS_CO      AVRT_IND
              ________      ________      ________      ________      ________
               61.401        61.047        62.057        62.131        52.138


           Means
              BVRT_IND      CVRT_IND      DVRT_IND
              ________      ________      ________
               52.707        51.630        51.504


           Covariances
              ABFAS_CO      BBFAS_CO      CBFAS_CO      DBFAS_CO      AVRT_IND
              ________      ________      ________      ________      ________
 ABFAS_CO     288.823
 BBFAS_CO     229.285       289.755
 CBFAS_CO     216.368       225.443       268.816
 DBFAS_CO     208.896       213.555       218.351       270.295
 AVRT_IND      50.319        29.202        37.863        15.720       446.883
 BVRT_IND      48.840        35.428        30.398        23.495       300.214
 CVRT_IND      36.276        28.303        35.519        30.691       288.889
 DVRT_IND      47.068        44.122        45.341        37.344       282.915


           Covariances
              BVRT_IND      CVRT_IND      DVRT_IND
              ________      ________      ________
 BVRT_IND     428.645
 CVRT_IND     312.451       454.653
 DVRT_IND     316.202       337.516       470.591


           Correlations
              ABFAS_CO      BBFAS_CO      CBFAS_CO      DBFAS_CO      AVRT_IND
              ________      ________      ________      ________      ________
 ABFAS_CO       1.000
 BBFAS_CO       0.793         1.000
 CBFAS_CO       0.777         0.808         1.000
 DBFAS_CO       0.748         0.763         0.810         1.000
 AVRT_IND       0.140         0.081         0.109         0.045         1.000
 BVRT_IND       0.139         0.101         0.090         0.069         0.686
 CVRT_IND       0.100         0.078         0.102         0.088         0.641
 DVRT_IND       0.128         0.119         0.127         0.105         0.617


           Correlations
              BVRT_IND      CVRT_IND      DVRT_IND
              ________      ________      ________
 BVRT_IND       1.000
 CVRT_IND       0.708         1.000
 DVRT_IND       0.704         0.730         1.000


     ESTIMATED SAMPLE STATISTICS FOR LATER


           Means
              ABFAS_CO      BBFAS_CO      CBFAS_CO      DBFAS_CO      AVRT_IND
              ________      ________      ________      ________      ________
               62.533        62.568        62.093        62.155        48.424


           Means
              BVRT_IND      CVRT_IND      DVRT_IND
              ________      ________      ________
               47.550        46.480        47.332


           Covariances
              ABFAS_CO      BBFAS_CO      CBFAS_CO      DBFAS_CO      AVRT_IND
              ________      ________      ________      ________      ________
 ABFAS_CO     244.535
 BBFAS_CO     202.377       250.798
 CBFAS_CO     205.695       218.294       256.304
 DBFAS_CO     206.693       214.314       222.705       272.689
 AVRT_IND      47.964        49.980        58.385        61.602       371.124
 BVRT_IND      55.556        62.632        63.889        58.860       239.610
 CVRT_IND      43.539        54.144        47.795        63.026       240.353
 DVRT_IND      33.637        54.622        46.754        65.968       229.563


           Covariances
              BVRT_IND      CVRT_IND      DVRT_IND
              ________      ________      ________
 BVRT_IND     350.405
 CVRT_IND     246.202       375.398
 DVRT_IND     231.559       252.369       336.495


           Correlations
              ABFAS_CO      BBFAS_CO      CBFAS_CO      DBFAS_CO      AVRT_IND
              ________      ________      ________      ________      ________
 ABFAS_CO       1.000
 BBFAS_CO       0.817         1.000
 CBFAS_CO       0.822         0.861         1.000
 DBFAS_CO       0.800         0.820         0.842         1.000
 AVRT_IND       0.159         0.164         0.189         0.194         1.000
 BVRT_IND       0.190         0.211         0.213         0.190         0.664
 CVRT_IND       0.144         0.176         0.154         0.197         0.644
 DVRT_IND       0.117         0.188         0.159         0.218         0.650


           Correlations
              BVRT_IND      CVRT_IND      DVRT_IND
              ________      ________      ________
 BVRT_IND       1.000
 CVRT_IND       0.679         1.000
 DVRT_IND       0.674         0.710         1.000


     MAXIMUM LOG-LIKELIHOOD VALUE FOR THE UNRESTRICTED (H1) MODEL IS -21073.983


UNIVARIATE SAMPLE STATISTICS


     UNIVARIATE HIGHER-ORDER MOMENT DESCRIPTIVE STATISTICS FOR EARLIER

         Variable/         Mean/     Skewness/   Minimum/ % with                Percentiles
        Sample Size      Variance    Kurtosis    Maximum  Min/Max      20%/60%    40%/80%    Median

     ABFAS_CO             61.364      -0.211      10.000    0.38%      47.500     57.500     62.500
             533.000     288.460      -0.320     100.000    0.38%      67.500     77.500
     BBFAS_CO             61.440      -0.067      12.500    0.25%      45.000     57.500     62.500
             393.000     292.417      -0.558     100.000    0.51%      65.000     77.500
     CBFAS_CO             62.146      -0.133      20.000    0.27%      47.500     57.500     62.500
             376.000     271.183      -0.506     100.000    0.27%      67.500     77.500
     DBFAS_CO             62.333      -0.098       7.500    0.27%      47.500     57.500     62.500
             371.000     273.459      -0.477     100.000    1.08%      67.500     77.500
     AVRT_IND_D           52.138      -0.003       0.000    0.94%      33.333     50.000     50.000
             534.000     446.883      -0.476     100.000    1.69%      58.333     75.000
     BVRT_IND_D           52.927      -0.077       0.000    0.26%      33.333     50.000     50.000
             390.000     423.411      -0.483     100.000    1.54%      58.333     66.667
     CVRT_IND_D           52.005       0.094       8.333    2.41%      33.333     50.000     50.000
             374.000     454.238      -0.527     100.000    1.87%      58.333     66.667
     DVRT_IND_D           51.561      -0.015       0.000    0.81%      33.333     50.000     50.000
             371.000     469.495      -0.568     100.000    1.35%      58.333     75.000


     UNIVARIATE HIGHER-ORDER MOMENT DESCRIPTIVE STATISTICS FOR LATER

         Variable/         Mean/     Skewness/   Minimum/ % with                Percentiles
        Sample Size      Variance    Kurtosis    Maximum  Min/Max      20%/60%    40%/80%    Median

     ABFAS_CO             62.585      -0.272      10.000    0.30%      50.000     60.000     62.500
             329.000     244.192      -0.146     100.000    0.30%      67.500     75.000
     BBFAS_CO             62.918      -0.066      27.500    1.75%      50.000     60.000     62.500
             229.000     247.516      -0.593      97.500    0.44%      67.500     77.500
     CBFAS_CO             61.798      -0.144      20.000    0.47%      47.500     57.500     62.500
             214.000     270.453      -0.559     100.000    0.47%      67.500     77.500
     DBFAS_CO             62.977      -0.430      15.000    0.50%      50.000     60.000     65.000
             199.000     276.468      -0.065     100.000    0.50%      70.000     77.500
     AVRT_IND_D           48.430       0.036       0.000    0.30%      33.333     41.667     50.000
             329.000     371.141      -0.450     100.000    0.61%      50.000     66.667
     BVRT_IND_D           47.529       0.137       0.000    0.44%      33.333     41.667     50.000
             226.000     344.499      -0.324     100.000    0.44%      50.000     58.333
     CVRT_IND_D           45.715       0.210       0.000    0.47%      25.000     41.667     41.667
             212.000     365.880      -0.392     100.000    0.47%      50.000     58.333
     DVRT_IND_D           46.985       0.011       8.333    2.01%      33.333     41.667     50.000
             199.000     330.105      -0.645      83.333    4.52%      50.000     58.333


THE MODEL ESTIMATION TERMINATED NORMALLY



MODEL FIT INFORMATION

Number of Free Parameters                       34

Loglikelihood

          H0 Value                      -21097.973
          H0 Scaling Correction Factor      1.1733
            for MLR

Information Criteria

          Akaike (AIC)                   42263.945
          Bayesian (BIC)                 42425.839
          Sample-Size Adjusted BIC       42317.863
            (n* = (n + 2) / 24)



MODEL RESULTS

                                                    Two-Tailed
                    Estimate       S.E.  Est./S.E.    P-Value

Group EARLIER

 P1       BY
    ABFAS_CO           1.000      0.000    999.000    999.000

 P2       BY
    BBFAS_CO           1.000      0.000    999.000    999.000

 P3       BY
    CBFAS_CO           1.000      0.000    999.000    999.000

 P4       BY
    DBFAS_CO           1.000      0.000    999.000    999.000

 V1       BY
    AVRT_IND_D         1.000      0.000    999.000    999.000

 V2       BY
    BVRT_IND_D         1.000      0.000    999.000    999.000

 V3       BY
    CVRT_IND_D         1.000      0.000    999.000    999.000

 V4       BY
    DVRT_IND_D         1.000      0.000    999.000    999.000

 P4         ON
    P3                 0.168      0.070      2.412      0.016
    V3                 0.000      0.031     -0.005      0.996

 P3         ON
    P2                 0.168      0.070      2.412      0.016
    V2                 0.000      0.031     -0.005      0.996

 P2         ON
    P1                 0.168      0.070      2.412      0.016
    V1                 0.000      0.031     -0.005      0.996

 V4         ON
    V3                 0.142      0.073      1.950      0.051
    P3                 0.035      0.072      0.490      0.624

 V3         ON
    V2                 0.142      0.073      1.950      0.051
    P2                 0.035      0.072      0.490      0.624

 V2         ON
    V1                 0.142      0.073      1.950      0.051
    P1                 0.035      0.072      0.490      0.624

 S_BFAS_C WITH
    I_BFAS_CO         -0.675      0.598     -1.128      0.259
    S_VRT_IND_         0.137      0.099      1.382      0.167
    I_VRT_IND_        -0.694      2.214     -0.314      0.754

 I_BFAS_C WITH
    S_VRT_IND_         0.240      2.277      0.106      0.916
    I_VRT_IND_        27.159     12.852      2.113      0.035

 S_VRT_IN WITH
    I_VRT_IND_        -1.870      0.840     -2.227      0.026

 P1       WITH
    V1                14.036      8.187      1.714      0.086

 P2       WITH
    V2                 2.311      4.781      0.483      0.629

 P3       WITH
    V3                 2.311      4.781      0.483      0.629

 P4       WITH
    V4                 2.311      4.781      0.483      0.629

 Means
    P1                 0.000      0.000    999.000    999.000
    V1                 0.000      0.000    999.000    999.000
    I_BFAS_CO         61.939      0.536    115.602      0.000
    S_BFAS_CO          0.082      0.048      1.697      0.090
    I_VRT_IND_        50.752      0.632     80.339      0.000
    S_VRT_IND_        -0.222      0.058     -3.809      0.000

 Intercepts
    ABFAS_CO           0.000      0.000    999.000    999.000
    BBFAS_CO           0.000      0.000    999.000    999.000
    CBFAS_CO           0.000      0.000    999.000    999.000
    DBFAS_CO           0.000      0.000    999.000    999.000
    AVRT_IND_D         0.000      0.000    999.000    999.000
    BVRT_IND_D         0.000      0.000    999.000    999.000
    CVRT_IND_D         0.000      0.000    999.000    999.000
    DVRT_IND_D         0.000      0.000    999.000    999.000
    P2                 0.000      0.000    999.000    999.000
    P3                 0.000      0.000    999.000    999.000
    P4                 0.000      0.000    999.000    999.000
    V2                 0.000      0.000    999.000    999.000
    V3                 0.000      0.000    999.000    999.000
    V4                 0.000      0.000    999.000    999.000

 Variances
    P1                71.534      7.882      9.075      0.000
    V1               180.451     19.341      9.330      0.000
    I_BFAS_CO        191.894     14.195     13.518      0.000
    S_BFAS_CO          0.182      0.119      1.527      0.127
    I_VRT_IND_       248.018     20.091     12.345      0.000
    S_VRT_IND_         0.223      0.143      1.562      0.118

 Residual Variances
    ABFAS_CO           0.000      0.000    999.000    999.000
    BBFAS_CO           0.000      0.000    999.000    999.000
    CBFAS_CO           0.000      0.000    999.000    999.000
    DBFAS_CO           0.000      0.000    999.000    999.000
    AVRT_IND_D         0.000      0.000    999.000    999.000
    BVRT_IND_D         0.000      0.000    999.000    999.000
    CVRT_IND_D         0.000      0.000    999.000    999.000
    DVRT_IND_D         0.000      0.000    999.000    999.000
    P2                63.705      5.476     11.633      0.000
    P3                63.705      5.476     11.633      0.000
    P4                63.705      5.476     11.633      0.000
    V2               145.667     13.070     11.145      0.000
    V3               145.667     13.070     11.145      0.000
    V4               145.667     13.070     11.145      0.000

Group LATER

 P1       BY
    ABFAS_CO           1.000      0.000    999.000    999.000

 P2       BY
    BBFAS_CO           1.000      0.000    999.000    999.000

 P3       BY
    CBFAS_CO           1.000      0.000    999.000    999.000

 P4       BY
    DBFAS_CO           1.000      0.000    999.000    999.000

 V1       BY
    AVRT_IND_D         1.000      0.000    999.000    999.000

 V2       BY
    BVRT_IND_D         1.000      0.000    999.000    999.000

 V3       BY
    CVRT_IND_D         1.000      0.000    999.000    999.000

 V4       BY
    DVRT_IND_D         1.000      0.000    999.000    999.000

 P4         ON
    P3                 0.115      0.081      1.419      0.156
    V3                 0.028      0.044      0.644      0.520

 P3         ON
    P2                 0.115      0.081      1.419      0.156
    V2                 0.028      0.044      0.644      0.520

 P2         ON
    P1                 0.115      0.081      1.419      0.156
    V1                 0.028      0.044      0.644      0.520

 V4         ON
    V3                 0.054      0.084      0.643      0.520
    P3                 0.064      0.108      0.596      0.551

 V3         ON
    V2                 0.054      0.084      0.643      0.520
    P2                 0.064      0.108      0.596      0.551

 V2         ON
    V1                 0.054      0.084      0.643      0.520
    P1                 0.064      0.108      0.596      0.551

 S_BFAS_C WITH
    I_BFAS_CO         -0.675      0.598     -1.128      0.259
    S_VRT_IND_         0.137      0.099      1.382      0.167
    I_VRT_IND_        -0.694      2.214     -0.314      0.754

 I_BFAS_C WITH
    S_VRT_IND_         0.240      2.277      0.106      0.916
    I_VRT_IND_        27.159     12.852      2.113      0.035

 S_VRT_IN WITH
    I_VRT_IND_        -1.870      0.840     -2.227      0.026

 P1       WITH
    V1                 2.930      8.514      0.344      0.731

 P2       WITH
    V2                 4.240      5.429      0.781      0.435

 P3       WITH
    V3                 4.240      5.429      0.781      0.435

 P4       WITH
    V4                 4.240      5.429      0.781      0.435

 Means
    P1                 0.000      0.000    999.000    999.000
    V1                 0.000      0.000    999.000    999.000
    I_BFAS_CO         61.939      0.536    115.602      0.000
    S_BFAS_CO          0.082      0.048      1.697      0.090
    I_VRT_IND_        50.752      0.632     80.339      0.000
    S_VRT_IND_        -0.222      0.058     -3.809      0.000

 Intercepts
    ABFAS_CO           0.000      0.000    999.000    999.000
    BBFAS_CO           0.000      0.000    999.000    999.000
    CBFAS_CO           0.000      0.000    999.000    999.000
    DBFAS_CO           0.000      0.000    999.000    999.000
    AVRT_IND_D         0.000      0.000    999.000    999.000
    BVRT_IND_D         0.000      0.000    999.000    999.000
    CVRT_IND_D         0.000      0.000    999.000    999.000
    DVRT_IND_D         0.000      0.000    999.000    999.000
    P2                 0.000      0.000    999.000    999.000
    P3                 0.000      0.000    999.000    999.000
    P4                 0.000      0.000    999.000    999.000
    V2                 0.000      0.000    999.000    999.000
    V3                 0.000      0.000    999.000    999.000
    V4                 0.000      0.000    999.000    999.000

 Variances
    P1                51.261      5.934      8.638      0.000
    V1               139.881     18.325      7.633      0.000
    I_BFAS_CO        191.894     14.195     13.518      0.000
    S_BFAS_CO          0.182      0.119      1.527      0.127
    I_VRT_IND_       248.018     20.091     12.345      0.000
    S_VRT_IND_         0.223      0.143      1.562      0.118

 Residual Variances
    ABFAS_CO           0.000      0.000    999.000    999.000
    BBFAS_CO           0.000      0.000    999.000    999.000
    CBFAS_CO           0.000      0.000    999.000    999.000
    DBFAS_CO           0.000      0.000    999.000    999.000
    AVRT_IND_D         0.000      0.000    999.000    999.000
    BVRT_IND_D         0.000      0.000    999.000    999.000
    CVRT_IND_D         0.000      0.000    999.000    999.000
    DVRT_IND_D         0.000      0.000    999.000    999.000
    P2                45.021      4.796      9.387      0.000
    P3                45.021      4.796      9.387      0.000
    P4                45.021      4.796      9.387      0.000
    V2               115.407     12.515      9.222      0.000
    V3               115.407     12.515      9.222      0.000
    V4               115.407     12.515      9.222      0.000


QUALITY OF NUMERICAL RESULTS

     Condition Number for the Information Matrix              0.105E-04
       (ratio of smallest to largest eigenvalue)


     Beginning Time:  17:27:49
        Ending Time:  17:28:01
       Elapsed Time:  00:00:12



MUTHEN & MUTHEN
3463 Stoner Ave.
Los Angeles, CA  90066

Tel: (310) 391-9971
Fax: (310) 391-8971
Web: www.StatModel.com
Support: Support@StatModel.com

Copyright (c) 1998-2017 Muthen & Muthen
