Mplus VERSION 8 (Linux)
MUTHEN & MUTHEN
07/07/2018   3:40 PM

INPUT INSTRUCTIONS


  title: PxVx Bivariate LCM-SR - post mi - Linear bfas_ci with Linear bfa_mt_d;
  data: file = /home/jflournoy/code_new/lnt_pxvx/Data/lnt_nat_recalc.tsv;

  variable:
  names =
  subjid
  aage
  aaspfin
  aaspfin_d
  abfa_mt
  abfa_mt_d
  abfas_ac
  abfas_ap
  abfas_ci
  abfas_co
  abfas_ea
  abfas_ee
  abfas_nv
  abfas_nv9
  abfas_nw
  abfas_oi
  abfas_oo
  abfi_a
  abfi_a6
  abfi_c
  abfi_d_scale
  abfi_e
  abfi_hp8
  abfi_n
  abfi_o
  abfi_s_scale
  ahrz_col
  ahrz_col_d
  ahrz_ind
  ahrz_ind_d
  amvi
  ausi
  ausi_d
  avrt_col
  avrt_col_d
  avrt_ind
  avrt_ind_d
  bage
  baspfin
  baspfin_d
  bbfa_mt
  bbfa_mt_d
  bbfas_ac
  bbfas_ap
  bbfas_ci
  bbfas_co
  bbfas_ea
  bbfas_ee
  bbfas_nv
  bbfas_nv9
  bbfas_nw
  bbfas_oi
  bbfas_oo
  bbfi_a
  bbfi_a6
  bbfi_c
  bbfi_d_scale
  bbfi_e
  bbfi_hp8
  bbfi_n
  bbfi_o
  bbfi_s_scale
  bhrz_col
  bhrz_col_d
  bhrz_ind
  bhrz_ind_d
  bmvi
  busi
  busi_d
  bvrt_col
  bvrt_col_d
  bvrt_ind
  bvrt_ind_d
  cage
  caspfin
  caspfin_d
  cbfa_mt
  cbfa_mt_d
  cbfas_ac
  cbfas_ap
  cbfas_ci
  cbfas_co
  cbfas_ea
  cbfas_ee
  cbfas_nv
  cbfas_nv9
  cbfas_nw
  cbfas_oi
  cbfas_oo
  cbfi_a
  cbfi_a6
  cbfi_c
  cbfi_d_scale
  cbfi_e
  cbfi_hp8
  cbfi_n
  cbfi_o
  cbfi_s_scale
  chrz_col
  chrz_col_d
  chrz_ind
  chrz_ind_d
  cmvi
  cusi
  cusi_d
  cvrt_col
  cvrt_col_d
  cvrt_ind
  cvrt_ind_d
  dage
  daspfin
  daspfin_d
  dbfa_mt
  dbfa_mt_d
  dbfas_ac
  dbfas_ap
  dbfas_ci
  dbfas_co
  dbfas_ea
  dbfas_ee
  dbfas_nv
  dbfas_nv9
  dbfas_nw
  dbfas_oi
  dbfas_oo
  dbfi_a
  dbfi_a6
  dbfi_c
  dbfi_d_scale
  dbfi_e
  dbfi_hp8
  dbfi_n
  dbfi_o
  dbfi_s_scale
  dhrz_col
  dhrz_col_d
  dhrz_ind
  dhrz_ind_d
  dmvi
  dusi
  dusi_d
  dvrt_col
  dvrt_col_d
  dvrt_ind
  dvrt_ind_d;

  USEVARIABLES =
  abfas_ci
  bbfas_ci
  cbfas_ci
  dbfas_ci
  abfa_mt_d
  bbfa_mt_d
  cbfa_mt_d
  dbfa_mt_d
  a1
  a2
  a3
  a4
  ;

  missing = all (-9999);

  tscores = a1 a2 a3 a4;

  DEFINE:
  a1 = aage + 0 - 36;
  a2 = aage + 1 - 36;
  a3 = aage + 2 - 36;
  a4 = aage + 3 - 36;

  ANALYSIS:
  TYPE=RANDOM;
  PROCESSORS = 6;
  model=nocovariances; ! supresses default estimation of certain covs in model;

  MODEL:

  i_bfas_ci s_bfas_ci | abfas_ci bbfas_ci cbfas_ci dbfas_ci AT a1 a2 a3 a4;
  i_bfa_mt_d s_bfa_mt_d | abfa_mt_d bbfa_mt_d cbfa_mt_d dbfa_mt_d AT a1 a2 a3 a4;

  ! freeing factor covs because of "nocovariances"
  s_bfas_ci WITH i_bfas_ci s_bfa_mt_d i_bfa_mt_d;
  i_bfas_ci WITH s_bfa_mt_d i_bfa_mt_d;
  s_bfa_mt_d WITH i_bfa_mt_d;

  p1 BY abfas_ci@1; ! Residual "factors";
  p2 BY bbfas_ci@1;
  p3 BY cbfas_ci@1;
  p4 BY dbfas_ci@1;

  v1 BY abfa_mt_d@1; ! Residual "factors";
  v2 BY bbfa_mt_d@1;
  v3 BY cbfa_mt_d@1;
  v4 BY dbfa_mt_d@1;

  !residual variances on observed/manifest vars set to 0
  abfas_ci@0;
  bbfas_ci@0;
  cbfas_ci@0;
  dbfas_ci@0;

  !residual variances on observed/manifest vars set to 0
  abfa_mt_d@0;
  bbfa_mt_d@0;
  cbfa_mt_d@0;
  dbfa_mt_d@0;

  ! means of observed/manifest vars set to 0
  [abfas_ci@0];
  [bbfas_ci@0];
  [cbfas_ci@0];
  [dbfas_ci@0];

  ! means of observed/manifest vars set to 0
  [abfa_mt_d@0];
  [bbfa_mt_d@0];
  [cbfa_mt_d@0];
  [dbfa_mt_d@0];

  [p1@0]; ! means of residual "factors" set to 0
  [p2@0];
  [p3@0];
  [p4@0];

  [v1@0]; ! means of residual "factors" set to 0
  [v2@0];
  [v3@0];
  [v4@0];

  p4 on p3 (a); ! Autoregressive paths constrained to equality
  p3 on p2 (a);
  p2 on p1 (a);

  v4 on v3 (b); ! Autoregressive paths constrained to equality
  v3 on v2 (b);
  v2 on v1 (b);

  p4 on v3 (c); ! Cross-lagged paths constrained to equality
  p3 on v2 (c);
  p2 on v1 (c);

  v4 on p3 (d); ! Cross-lagged paths constrained to equality
  v3 on p2 (d);
  v2 on p1 (d);

  p1 with v1; !(this one is not like the others)

  p2 with v2 (e); ! Within-wave correlations constrained to equality
  p3 with v3 (e);
  p4 with v4 (e);

  p2 p3 p4 (f); ! estimate variances of residual "factors"
  v2 v3 v4 (g); ! estimate variances of residual "factors"

  OUTPUT: SAMPSTAT PATTERNS;



*** WARNING in VARIABLE command
  Note that only the first 8 characters of variable names are used in the output.
  Shorten variable names to avoid any confusion.
*** WARNING
  Data set contains cases with missing on time scores but non-missing on the
  corresponding dependent variables.  These cases were not included in the analysis.
  Number of such cases:  5
   2 WARNING(S) FOUND IN THE INPUT INSTRUCTIONS



PxVx Bivariate LCM-SR - post mi - Linear bfas_ci with Linear bfa_mt_d;

SUMMARY OF ANALYSIS

Number of groups                                                 1
Number of observations                                         864

Number of dependent variables                                    8
Number of independent variables                                  0
Number of continuous latent variables                           12

Observed dependent variables

  Continuous
   ABFAS_CI    BBFAS_CI    CBFAS_CI    DBFAS_CI    ABFA_MT_D   BBFA_MT_D
   CBFA_MT_D   DBFA_MT_D

Continuous latent variables
   P1          P2          P3          P4          V1          V2
   V3          V4          I_BFAS_C    S_BFAS_C    I_BFA_MT    S_BFA_MT

Variables with special functions

  Time scores
   A1          A2          A3          A4


Estimator                                                      MLR
Information matrix                                        OBSERVED
Maximum number of iterations                                   100
Convergence criterion                                    0.100D-05
Maximum number of EM iterations                                500
Convergence criteria for the EM algorithm
  Loglikelihood change                                   0.100D-02
  Relative loglikelihood change                          0.100D-05
  Derivative                                             0.100D-03
Minimum variance                                         0.100D-03
Maximum number of steepest descent iterations                   20
Maximum number of iterations for H1                           2000
Convergence criterion for H1                             0.100D-03
Optimization algorithm                                         EMA

Input data file(s)
  /home/jflournoy/code_new/lnt_pxvx/Data/lnt_nat_recalc.tsv
Input data format  FREE


SUMMARY OF DATA

     Number of missing data patterns            11


SUMMARY OF MISSING DATA PATTERNS


     MISSING DATA PATTERNS (x = not missing)

           1  2  3  4  5  6  7  8  9 10 11
 ABFAS_CI  x  x  x  x  x  x  x  x  x     x
 BBFAS_CI  x     x  x        x     x  x  x
 CBFAS_CI  x           x     x  x  x  x  x
 DBFAS_CI  x     x     x  x        x  x  x
 ABFA_MT_  x  x  x  x  x  x  x  x  x
 BBFA_MT_  x     x  x        x        x  x
 CBFA_MT_  x           x     x  x  x  x  x
 DBFA_MT_  x     x     x  x        x  x  x


     MISSING DATA PATTERN FREQUENCIES

    Pattern   Frequency     Pattern   Frequency     Pattern   Frequency
          1         492           5          22           9           1
          2         170           6          25          10           2
          3          27           7          48          11           1
          4          52           8          24


COVARIANCE COVERAGE OF DATA

Minimum covariance coverage value   0.100


     PROPORTION OF DATA PRESENT


           Covariance Coverage
              ABFAS_CI      BBFAS_CI      CBFAS_CI      DBFAS_CI      ABFA_MT_
              ________      ________      ________      ________      ________
 ABFAS_CI       0.998
 BBFAS_CI       0.719         0.721
 CBFAS_CI       0.681         0.630         0.683
 DBFAS_CI       0.657         0.605         0.600         0.660
 ABFA_MT_       0.997         0.718         0.679         0.656         0.997
 BBFA_MT_       0.718         0.720         0.628         0.604         0.716
 CBFA_MT_       0.681         0.630         0.683         0.600         0.679
 DBFA_MT_       0.657         0.605         0.600         0.660         0.656


           Covariance Coverage
              BBFA_MT_      CBFA_MT_      DBFA_MT_
              ________      ________      ________
 BBFA_MT_       0.720
 CBFA_MT_       0.628         0.683
 DBFA_MT_       0.604         0.600         0.660


SAMPLE STATISTICS


     ESTIMATED SAMPLE STATISTICS


           Means
              ABFAS_CI      BBFAS_CI      CBFAS_CI      DBFAS_CI      ABFA_MT_
              ________      ________      ________      ________      ________
               63.196        62.972        63.055        63.077        39.236


           Means
              BBFA_MT_      CBFA_MT_      DBFA_MT_
              ________      ________      ________
               39.206        39.600        39.228


           Covariances
              ABFAS_CI      BBFAS_CI      CBFAS_CI      DBFAS_CI      ABFA_MT_
              ________      ________      ________      ________      ________
 ABFAS_CI     341.764
 BBFAS_CI     267.413       325.008
 CBFAS_CI     252.194       262.605       326.001
 DBFAS_CI     243.998       256.573       261.707       323.881
 ABFA_MT_     -24.561       -23.221       -17.132       -19.740       456.065
 BBFA_MT_     -18.003       -28.942       -31.283       -34.338       308.754
 CBFA_MT_     -12.091       -18.470       -31.373       -14.776       310.986
 DBFA_MT_     -21.215       -28.023       -25.537       -27.958       284.442


           Covariances
              BBFA_MT_      CBFA_MT_      DBFA_MT_
              ________      ________      ________
 BBFA_MT_     465.916
 CBFA_MT_     347.267       480.939
 DBFA_MT_     325.667       333.354       470.096


           Correlations
              ABFAS_CI      BBFAS_CI      CBFAS_CI      DBFAS_CI      ABFA_MT_
              ________      ________      ________      ________      ________
 ABFAS_CI       1.000
 BBFAS_CI       0.802         1.000
 CBFAS_CI       0.756         0.807         1.000
 DBFAS_CI       0.733         0.791         0.805         1.000
 ABFA_MT_      -0.062        -0.060        -0.044        -0.051         1.000
 BBFA_MT_      -0.045        -0.074        -0.080        -0.088         0.670
 CBFA_MT_      -0.030        -0.047        -0.079        -0.037         0.664
 DBFA_MT_      -0.053        -0.072        -0.065        -0.072         0.614


           Correlations
              BBFA_MT_      CBFA_MT_      DBFA_MT_
              ________      ________      ________
 BBFA_MT_       1.000
 CBFA_MT_       0.734         1.000
 DBFA_MT_       0.696         0.701         1.000


     MAXIMUM LOG-LIKELIHOOD VALUE FOR THE UNRESTRICTED (H1) MODEL IS -21608.339


UNIVARIATE SAMPLE STATISTICS


     UNIVARIATE HIGHER-ORDER MOMENT DESCRIPTIVE STATISTICS

         Variable/         Mean/     Skewness/   Minimum/ % with                Percentiles
        Sample Size      Variance    Kurtosis    Maximum  Min/Max      20%/60%    40%/80%    Median

     ABFAS_CI             63.174      -0.323       7.500    0.12%      47.500     60.000     65.000
             862.000     342.090      -0.268     100.000    1.04%      70.000     80.000
     BBFAS_CI             63.359      -0.172       2.500    0.16%      47.500     60.000     63.889
             623.000     314.337      -0.418     100.000    0.80%      67.500     80.000
     CBFAS_CI             63.310      -0.236      10.000    0.17%      47.500     57.500     65.000
             590.000     319.473      -0.258     100.000    0.85%      70.000     77.500
     DBFAS_CI             63.663      -0.150       7.500    0.18%      47.500     60.000     62.500
             570.000     318.594      -0.373     100.000    0.35%      67.500     80.000
     ABFA_MT_D            39.281       0.306       0.000    3.25%      18.750     31.250     37.500
             861.000     456.243      -0.389     100.000    0.70%      43.750     56.250
     BBFA_MT_D            39.379       0.255       0.000    4.18%      18.750     31.250     37.500
             622.000     465.631      -0.456     100.000    0.48%      43.750     56.250
     CBFA_MT_D            39.989       0.253       0.000    4.41%      18.750     31.250     37.500
             590.000     478.303      -0.365     100.000    0.85%      43.750     56.250
     DBFA_MT_D            39.748       0.276       0.000    5.09%      18.750     31.250     37.500
             570.000     471.990      -0.315     100.000    0.70%      43.750     56.250


THE MODEL ESTIMATION TERMINATED NORMALLY



MODEL FIT INFORMATION

Number of Free Parameters                       24

Loglikelihood

          H0 Value                      -21608.905
          H0 Scaling Correction Factor      1.1834
            for MLR

Information Criteria

          Akaike (AIC)                   43265.811
          Bayesian (BIC)                 43380.088
          Sample-Size Adjusted BIC       43303.871
            (n* = (n + 2) / 24)



MODEL RESULTS

                                                    Two-Tailed
                    Estimate       S.E.  Est./S.E.    P-Value

 P1       BY
    ABFAS_CI           1.000      0.000    999.000    999.000

 P2       BY
    BBFAS_CI           1.000      0.000    999.000    999.000

 P3       BY
    CBFAS_CI           1.000      0.000    999.000    999.000

 P4       BY
    DBFAS_CI           1.000      0.000    999.000    999.000

 V1       BY
    ABFA_MT_D          1.000      0.000    999.000    999.000

 V2       BY
    BBFA_MT_D          1.000      0.000    999.000    999.000

 V3       BY
    CBFA_MT_D          1.000      0.000    999.000    999.000

 V4       BY
    DBFA_MT_D          1.000      0.000    999.000    999.000

 P4         ON
    P3                 0.160      0.049      3.237      0.001
    V3                 0.016      0.028      0.572      0.567

 P3         ON
    P2                 0.160      0.049      3.237      0.001
    V2                 0.016      0.028      0.572      0.567

 P2         ON
    P1                 0.160      0.049      3.237      0.001
    V1                 0.016      0.028      0.572      0.567

 V4         ON
    V3                 0.080      0.056      1.431      0.152
    P3                 0.064      0.063      1.015      0.310

 V3         ON
    V2                 0.080      0.056      1.431      0.152
    P2                 0.064      0.063      1.015      0.310

 V2         ON
    V1                 0.080      0.056      1.431      0.152
    P1                 0.064      0.063      1.015      0.310

 S_BFAS_C WITH
    I_BFAS_CI         -0.733      0.752     -0.974      0.330
    S_BFA_MT_D        -0.040      0.106     -0.377      0.706
    I_BFA_MT_D        -0.751      2.589     -0.290      0.772

 I_BFAS_C WITH
    S_BFA_MT_D        -0.939      2.814     -0.334      0.739
    I_BFA_MT_D       -11.195     15.844     -0.707      0.480

 S_BFA_MT WITH
    I_BFA_MT_D        -0.961      0.947     -1.015      0.310

 P1       WITH
    V1               -10.473      7.160     -1.463      0.144

 P2       WITH
    V2                -2.977      4.573     -0.651      0.515

 P3       WITH
    V3                -2.977      4.573     -0.651      0.515

 P4       WITH
    V4                -2.977      4.573     -0.651      0.515

 Means
    P1                 0.000      0.000    999.000    999.000
    V1                 0.000      0.000    999.000    999.000
    I_BFAS_CI         62.914      0.584    107.759      0.000
    S_BFAS_CI          0.190      0.052      3.644      0.000
    I_BFA_MT_D        39.574      0.665     59.537      0.000
    S_BFA_MT_D        -0.210      0.062     -3.394      0.001

 Intercepts
    ABFAS_CI           0.000      0.000    999.000    999.000
    BBFAS_CI           0.000      0.000    999.000    999.000
    CBFAS_CI           0.000      0.000    999.000    999.000
    DBFAS_CI           0.000      0.000    999.000    999.000
    ABFA_MT_D          0.000      0.000    999.000    999.000
    BBFA_MT_D          0.000      0.000    999.000    999.000
    CBFA_MT_D          0.000      0.000    999.000    999.000
    DBFA_MT_D          0.000      0.000    999.000    999.000
    P2                 0.000      0.000    999.000    999.000
    P3                 0.000      0.000    999.000    999.000
    P4                 0.000      0.000    999.000    999.000
    V2                 0.000      0.000    999.000    999.000
    V3                 0.000      0.000    999.000    999.000
    V4                 0.000      0.000    999.000    999.000

 Variances
    P1                96.067     10.644      9.025      0.000
    V1               176.526     12.970     13.611      0.000
    I_BFAS_CI        232.658     17.383     13.384      0.000
    S_BFAS_CI          0.126      0.136      0.929      0.353
    I_BFA_MT_D       287.371     23.846     12.051      0.000
    S_BFA_MT_D         0.161      0.165      0.975      0.329

 Residual Variances
    ABFAS_CI           0.000      0.000    999.000    999.000
    BBFAS_CI           0.000      0.000    999.000    999.000
    CBFAS_CI           0.000      0.000    999.000    999.000
    DBFAS_CI           0.000      0.000    999.000    999.000
    ABFA_MT_D          0.000      0.000    999.000    999.000
    BBFA_MT_D          0.000      0.000    999.000    999.000
    CBFA_MT_D          0.000      0.000    999.000    999.000
    DBFA_MT_D          0.000      0.000    999.000    999.000
    P2                70.932      4.721     15.025      0.000
    P3                70.932      4.721     15.025      0.000
    P4                70.932      4.721     15.025      0.000
    V2               147.858     10.525     14.048      0.000
    V3               147.858     10.525     14.048      0.000
    V4               147.858     10.525     14.048      0.000


QUALITY OF NUMERICAL RESULTS

     Condition Number for the Information Matrix              0.255E-04
       (ratio of smallest to largest eigenvalue)


     Beginning Time:  15:40:30
        Ending Time:  15:40:40
       Elapsed Time:  00:00:10



MUTHEN & MUTHEN
3463 Stoner Ave.
Los Angeles, CA  90066

Tel: (310) 391-9971
Fax: (310) 391-8971
Web: www.StatModel.com
Support: Support@StatModel.com

Copyright (c) 1998-2017 Muthen & Muthen
