Mplus VERSION 8 (Linux)
MUTHEN & MUTHEN
07/08/2018   5:16 PM

INPUT INSTRUCTIONS


  title: PxVx Bivariate LCM-SR - decadegroup - Linear bfas_ac with Linear bfa_mt;
  data: file = /home/jflournoy/code_new/lnt_pxvx/Data/lnt_nat_recalc.tsv;

  variable:
  names =
  subjid
  aage
  aaspfin
  aaspfin_d
  abfa_mt
  abfa_mt_d
  abfas_ac
  abfas_ap
  abfas_ci
  abfas_co
  abfas_ea
  abfas_ee
  abfas_nv
  abfas_nv9
  abfas_nw
  abfas_oi
  abfas_oo
  abfi_a
  abfi_a6
  abfi_c
  abfi_d_scale
  abfi_e
  abfi_hp8
  abfi_n
  abfi_o
  abfi_s_scale
  ahrz_col
  ahrz_col_d
  ahrz_ind
  ahrz_ind_d
  amvi
  ausi
  ausi_d
  avrt_col
  avrt_col_d
  avrt_ind
  avrt_ind_d
  bage
  baspfin
  baspfin_d
  bbfa_mt
  bbfa_mt_d
  bbfas_ac
  bbfas_ap
  bbfas_ci
  bbfas_co
  bbfas_ea
  bbfas_ee
  bbfas_nv
  bbfas_nv9
  bbfas_nw
  bbfas_oi
  bbfas_oo
  bbfi_a
  bbfi_a6
  bbfi_c
  bbfi_d_scale
  bbfi_e
  bbfi_hp8
  bbfi_n
  bbfi_o
  bbfi_s_scale
  bhrz_col
  bhrz_col_d
  bhrz_ind
  bhrz_ind_d
  bmvi
  busi
  busi_d
  bvrt_col
  bvrt_col_d
  bvrt_ind
  bvrt_ind_d
  cage
  caspfin
  caspfin_d
  cbfa_mt
  cbfa_mt_d
  cbfas_ac
  cbfas_ap
  cbfas_ci
  cbfas_co
  cbfas_ea
  cbfas_ee
  cbfas_nv
  cbfas_nv9
  cbfas_nw
  cbfas_oi
  cbfas_oo
  cbfi_a
  cbfi_a6
  cbfi_c
  cbfi_d_scale
  cbfi_e
  cbfi_hp8
  cbfi_n
  cbfi_o
  cbfi_s_scale
  chrz_col
  chrz_col_d
  chrz_ind
  chrz_ind_d
  cmvi
  cusi
  cusi_d
  cvrt_col
  cvrt_col_d
  cvrt_ind
  cvrt_ind_d
  dage
  daspfin
  daspfin_d
  dbfa_mt
  dbfa_mt_d
  dbfas_ac
  dbfas_ap
  dbfas_ci
  dbfas_co
  dbfas_ea
  dbfas_ee
  dbfas_nv
  dbfas_nv9
  dbfas_nw
  dbfas_oi
  dbfas_oo
  dbfi_a
  dbfi_a6
  dbfi_c
  dbfi_d_scale
  dbfi_e
  dbfi_hp8
  dbfi_n
  dbfi_o
  dbfi_s_scale
  dhrz_col
  dhrz_col_d
  dhrz_ind
  dhrz_ind_d
  dmvi
  dusi
  dusi_d
  dvrt_col
  dvrt_col_d
  dvrt_ind
  dvrt_ind_d;

  USEVARIABLES =
  abfas_ac
  bbfas_ac
  cbfas_ac
  dbfas_ac
  abfa_mt
  bbfa_mt
  cbfa_mt
  dbfa_mt
  a1
  a2
  a3
  a4
  aagegrp
  ;

  missing = all (-9999);

  tscores = a1 a2 a3 a4;

  grouping = aagegrp (0=d2, 1=d3, 2=d4, 3=d5);

  DEFINE:

  aagegrp = aage;

  cut aagegrp (29 39 49);

  a1 = aage + 0 - 36;
  a2 = aage + 1 - 36;
  a3 = aage + 2 - 36;
  a4 = aage + 3 - 36;

  ANALYSIS:
  TYPE=RANDOM;
  PROCESSORS = 6;
  model=nocovariances; ! supresses default estimation of certain covs in model;

  MODEL:

  i_bfas_ac s_bfas_ac | abfas_ac bbfas_ac cbfas_ac dbfas_ac AT a1 a2 a3 a4;
  i_bfa_mt s_bfa_mt | abfa_mt bbfa_mt cbfa_mt dbfa_mt AT a1 a2 a3 a4;

  ! freeing factor covs because of "nocovariances"
  ! But ensure they are constrained across groups
  s_bfas_ac WITH i_bfas_ac (p)
  s_bfa_mt (q)
  i_bfa_mt (r);
  i_bfas_ac WITH s_bfa_mt (s)
  i_bfa_mt (t);
  s_bfa_mt WITH i_bfa_mt (u);

  !constrain latent growth means across groups
  [i_bfas_ac] (v);
  [s_bfas_ac] (w);
  [i_bfa_mt] (x);
  [s_bfa_mt] (y);

  !constrain latent growth variances across groups
  i_bfas_ac (l);
  s_bfas_ac (m);
  i_bfa_mt (n);
  s_bfa_mt (o);

  p1 BY abfas_ac@1; ! Residual "factors";
  p2 BY bbfas_ac@1;
  p3 BY cbfas_ac@1;
  p4 BY dbfas_ac@1;

  v1 BY abfa_mt@1; ! Residual "factors";
  v2 BY bbfa_mt@1;
  v3 BY cbfa_mt@1;
  v4 BY dbfa_mt@1;

  !residual variances on observed/manifest vars set to 0
  abfas_ac@0;
  bbfas_ac@0;
  cbfas_ac@0;
  dbfas_ac@0;

  !residual variances on observed/manifest vars set to 0
  abfa_mt@0;
  bbfa_mt@0;
  cbfa_mt@0;
  dbfa_mt@0;

  ! means of observed/manifest vars set to 0
  [abfas_ac@0];
  [bbfas_ac@0];
  [cbfas_ac@0];
  [dbfas_ac@0];

  ! means of observed/manifest vars set to 0
  [abfa_mt@0];
  [bbfa_mt@0];
  [cbfa_mt@0];
  [dbfa_mt@0];

  [p1@0]; ! means of residual "factors" set to 0
  [p2@0];
  [p3@0];
  [p4@0];

  [v1@0]; ! means of residual "factors" set to 0
  [v2@0];
  [v3@0];
  [v4@0];

  p4 on p3 (a); ! Autoregressive paths constrained to equality
  p3 on p2 (a);
  p2 on p1 (a);

  v4 on v3 (b); ! Autoregressive paths constrained to equality
  v3 on v2 (b);
  v2 on v1 (b);

  p4 on v3 (c); ! Cross-lagged paths constrained to equality
  p3 on v2 (c);
  p2 on v1 (c);

  v4 on p3 (d); ! Cross-lagged paths constrained to equality
  v3 on p2 (d);
  v2 on p1 (d);

  p1 with v1; !(this one is not like the others)

  p2 with v2 (e); ! Within-wave correlations constrained to equality
  p3 with v3 (e);
  p4 with v4 (e);

  p2 p3 p4 (f); ! estimate variances of residual "factors"
  v2 v3 v4 (g); ! estimate variances of residual "factors"

  MODEL d2:

  p4 on p3 (a2); ! Autoregressive paths constrained to equality
  p3 on p2 (a2);
  p2 on p1 (a2);

  v4 on v3 (b2); ! Autoregressive paths constrained to equality
  v3 on v2 (b2);
  v2 on v1 (b2);

  p4 on v3 (c2); ! Cross-lagged paths constrained to equality
  p3 on v2 (c2);
  p2 on v1 (c2);

  v4 on p3 (d2); ! Cross-lagged paths constrained to equality
  v3 on p2 (d2);
  v2 on p1 (d2);

  p1 with v1; !(this one is not like the others)

  p2 with v2 (e2); ! Within-wave correlations constrained to equality
  p3 with v3 (e2);
  p4 with v4 (e2);

  p2 p3 p4 (f2); ! estimate variances of residual "factors"
  v2 v3 v4 (g2); ! estimate variances of residual "factors"

  MODEL d3:

  p4 on p3 (a3); ! Autoregressive paths constrained to equality
  p3 on p2 (a3);
  p2 on p1 (a3);

  v4 on v3 (b3); ! Autoregressive paths constrained to equality
  v3 on v2 (b3);
  v2 on v1 (b3);

  p4 on v3 (c3); ! Cross-lagged paths constrained to equality
  p3 on v2 (c3);
  p2 on v1 (c3);

  v4 on p3 (d3); ! Cross-lagged paths constrained to equality
  v3 on p2 (d3);
  v2 on p1 (d3);

  p1 with v1; !(this one is not like the others)

  p2 with v2 (e3); ! Within-wave correlations constrained to equality
  p3 with v3 (e3);
  p4 with v4 (e3);

  p2 p3 p4 (f3); ! estimate variances of residual "factors"
  v2 v3 v4 (g3); ! estimate variances of residual "factors"

  MODEL d4:

  p4 on p3 (a4); ! Autoregressive paths constrained to equality
  p3 on p2 (a4);
  p2 on p1 (a4);

  v4 on v3 (b4); ! Autoregressive paths constrained to equality
  v3 on v2 (b4);
  v2 on v1 (b4);

  p4 on v3 (c4); ! Cross-lagged paths constrained to equality
  p3 on v2 (c4);
  p2 on v1 (c4);

  v4 on p3 (d4); ! Cross-lagged paths constrained to equality
  v3 on p2 (d4);
  v2 on p1 (d4);

  p1 with v1; !(this one is not like the others)

  p2 with v2 (e4); ! Within-wave correlations constrained to equality
  p3 with v3 (e4);
  p4 with v4 (e4);

  p2 p3 p4 (f4); ! estimate variances of residual "factors"
  v2 v3 v4 (g4); ! estimate variances of residual "factors"

  MODEL d5:

  p4 on p3 (a5); ! Autoregressive paths constrained to equality
  p3 on p2 (a5);
  p2 on p1 (a5);

  v4 on v3 (b5); ! Autoregressive paths constrained to equality
  v3 on v2 (b5);
  v2 on v1 (b5);

  p4 on v3 (c5); ! Cross-lagged paths constrained to equality
  p3 on v2 (c5);
  p2 on v1 (c5);

  v4 on p3 (d5); ! Cross-lagged paths constrained to equality
  v3 on p2 (d5);
  v2 on p1 (d5);

  p1 with v1; !(this one is not like the others)

  p2 with v2 (e5); ! Within-wave correlations constrained to equality
  p3 with v3 (e5);
  p4 with v4 (e5);

  p2 p3 p4 (f5); ! estimate variances of residual "factors"
  v2 v3 v4 (g5); ! estimate variances of residual "factors"

  OUTPUT: SAMPSTAT PATTERNS;



*** WARNING
  Data set contains unknown or missing values for GROUPING,
  PATTERN, COHORT, CLUSTER and/or STRATIFICATION variables.
  Number of cases with unknown or missing values:  5
   1 WARNING(S) FOUND IN THE INPUT INSTRUCTIONS



PxVx Bivariate LCM-SR - decadegroup - Linear bfas_ac with Linear bfa_mt;

SUMMARY OF ANALYSIS

Number of groups                                                 4
Number of observations
   Group D2                                                    301
   Group D3                                                    233
   Group D4                                                    198
   Group D5                                                    132
   Total sample size                                           864

Number of dependent variables                                    8
Number of independent variables                                  0
Number of continuous latent variables                           12

Observed dependent variables

  Continuous
   ABFAS_AC    BBFAS_AC    CBFAS_AC    DBFAS_AC    ABFA_MT     BBFA_MT
   CBFA_MT     DBFA_MT

Continuous latent variables
   P1          P2          P3          P4          V1          V2
   V3          V4          I_BFAS_A    S_BFAS_A    I_BFA_MT    S_BFA_MT

Variables with special functions

  Grouping variable     AAGEGRP

  Time scores
   A1          A2          A3          A4


Estimator                                                      MLR
Information matrix                                        OBSERVED
Maximum number of iterations                                   100
Convergence criterion                                    0.100D-05
Maximum number of EM iterations                                500
Convergence criteria for the EM algorithm
  Loglikelihood change                                   0.100D-02
  Relative loglikelihood change                          0.100D-05
  Derivative                                             0.100D-03
Minimum variance                                         0.100D-03
Maximum number of steepest descent iterations                   20
Maximum number of iterations for H1                           2000
Convergence criterion for H1                             0.100D-03
Optimization algorithm                                         EMA

Input data file(s)
  /home/jflournoy/code_new/lnt_pxvx/Data/lnt_nat_recalc.tsv
Input data format  FREE


SUMMARY OF DATA

   Group D2
     Number of missing data patterns             9

   Group D3
     Number of missing data patterns             8

   Group D4
     Number of missing data patterns             9

   Group D5
     Number of missing data patterns             9


SUMMARY OF MISSING DATA PATTERNS


     MISSING DATA PATTERNS (x = not missing) FOR D2

           1  2  3  4  5  6  7  8  9
 ABFAS_AC  x  x  x  x  x  x  x  x
 BBFAS_AC  x     x  x  x           x
 CBFAS_AC  x           x     x  x  x
 DBFAS_AC  x     x        x     x  x
 ABFA_MT   x  x  x  x  x  x  x  x
 BBFA_MT   x     x  x  x           x
 CBFA_MT   x           x     x  x  x
 DBFA_MT   x     x        x     x  x


     MISSING DATA PATTERN FREQUENCIES FOR D2

    Pattern   Frequency     Pattern   Frequency     Pattern   Frequency
          1         188           4          12           7           5
          2          57           5          15           8           6
          3           6           6          11           9           1


     MISSING DATA PATTERNS (x = not missing) FOR D3

           1  2  3  4  5  6  7  8
 ABFAS_AC  x  x  x  x  x  x  x  x
 BBFAS_AC  x     x  x  x
 CBFAS_AC  x           x     x  x
 DBFAS_AC  x     x        x     x
 ABFA_MT   x  x  x  x  x  x  x  x
 BBFA_MT   x     x  x  x
 CBFA_MT   x           x     x  x
 DBFA_MT   x     x        x     x


     MISSING DATA PATTERN FREQUENCIES FOR D3

    Pattern   Frequency     Pattern   Frequency     Pattern   Frequency
          1         140           4          16           7           7
          2          44           5           7           8           7
          3           8           6           4


     MISSING DATA PATTERNS (x = not missing) FOR D4

           1  2  3  4  5  6  7  8  9
 ABFAS_AC  x  x  x  x  x  x  x  x  x
 BBFAS_AC  x     x  x  x           x
 CBFAS_AC  x           x     x  x  x
 DBFAS_AC  x     x        x     x  x
 ABFA_MT   x  x  x  x  x  x  x  x  x
 BBFA_MT   x     x  x  x
 CBFA_MT   x           x     x  x  x
 DBFA_MT   x     x        x     x  x


     MISSING DATA PATTERN FREQUENCIES FOR D4

    Pattern   Frequency     Pattern   Frequency     Pattern   Frequency
          1         105           4          14           7           6
          2          40           5          15           8           5
          3           8           6           4           9           1


     MISSING DATA PATTERNS (x = not missing) FOR D5

           1  2  3  4  5  6  7  8  9
 ABFAS_AC  x  x  x  x  x  x  x  x
 BBFAS_AC  x     x  x  x           x
 CBFAS_AC  x           x     x  x  x
 DBFAS_AC  x     x        x     x  x
 ABFA_MT   x  x  x  x  x  x  x  x
 BBFA_MT   x     x  x  x           x
 CBFA_MT   x           x     x  x  x
 DBFA_MT   x     x        x     x  x


     MISSING DATA PATTERN FREQUENCIES FOR D5

    Pattern   Frequency     Pattern   Frequency     Pattern   Frequency
          1          60           4          10           7           6
          2          29           5          11           8           4
          3           5           6           6           9           1


COVARIANCE COVERAGE OF DATA

Minimum covariance coverage value   0.100


     PROPORTION OF DATA PRESENT FOR D2


           Covariance Coverage
              ABFAS_AC      BBFAS_AC      CBFAS_AC      DBFAS_AC      ABFA_MT
              ________      ________      ________      ________      ________
 ABFAS_AC       0.997
 BBFAS_AC       0.734         0.738
 CBFAS_AC       0.711         0.678         0.714
 DBFAS_AC       0.701         0.648         0.648         0.704
 ABFA_MT        0.997         0.734         0.711         0.701         0.997
 BBFA_MT        0.734         0.738         0.678         0.648         0.734
 CBFA_MT        0.711         0.678         0.714         0.648         0.711
 DBFA_MT        0.701         0.648         0.648         0.704         0.701


           Covariance Coverage
              BBFA_MT       CBFA_MT       DBFA_MT
              ________      ________      ________
 BBFA_MT        0.738
 CBFA_MT        0.678         0.714
 DBFA_MT        0.648         0.648         0.704


     PROPORTION OF DATA PRESENT FOR D3


           Covariance Coverage
              ABFAS_AC      BBFAS_AC      CBFAS_AC      DBFAS_AC      ABFA_MT
              ________      ________      ________      ________      ________
 ABFAS_AC       1.000
 BBFAS_AC       0.734         0.734
 CBFAS_AC       0.691         0.631         0.691
 DBFAS_AC       0.682         0.635         0.631         0.682
 ABFA_MT        1.000         0.734         0.691         0.682         1.000
 BBFA_MT        0.734         0.734         0.631         0.635         0.734
 CBFA_MT        0.691         0.631         0.691         0.631         0.691
 DBFA_MT        0.682         0.635         0.631         0.682         0.682


           Covariance Coverage
              BBFA_MT       CBFA_MT       DBFA_MT
              ________      ________      ________
 BBFA_MT        0.734
 CBFA_MT        0.631         0.691
 DBFA_MT        0.635         0.631         0.682


     PROPORTION OF DATA PRESENT FOR D4


           Covariance Coverage
              ABFAS_AC      BBFAS_AC      CBFAS_AC      DBFAS_AC      ABFA_MT
              ________      ________      ________      ________      ________
 ABFAS_AC       0.995
 BBFAS_AC       0.717         0.722
 CBFAS_AC       0.662         0.611         0.667
 DBFAS_AC       0.616         0.576         0.561         0.621
 ABFA_MT        0.995         0.717         0.662         0.616         0.995
 BBFA_MT        0.717         0.722         0.611         0.576         0.717
 CBFA_MT        0.662         0.611         0.667         0.561         0.662
 DBFA_MT        0.616         0.576         0.561         0.621         0.616


           Covariance Coverage
              BBFA_MT       CBFA_MT       DBFA_MT
              ________      ________      ________
 BBFA_MT        0.722
 CBFA_MT        0.611         0.667
 DBFA_MT        0.576         0.561         0.621


     PROPORTION OF DATA PRESENT FOR D5


           Covariance Coverage
              ABFAS_AC      BBFAS_AC      CBFAS_AC      DBFAS_AC      ABFA_MT
              ________      ________      ________      ________      ________
 ABFAS_AC       0.992
 BBFAS_AC       0.652         0.659
 CBFAS_AC       0.614         0.545         0.621
 DBFAS_AC       0.568         0.500         0.492         0.576
 ABFA_MT        0.992         0.652         0.614         0.568         0.992
 BBFA_MT        0.652         0.659         0.545         0.500         0.652
 CBFA_MT        0.614         0.545         0.621         0.492         0.614
 DBFA_MT        0.568         0.500         0.492         0.576         0.568


           Covariance Coverage
              BBFA_MT       CBFA_MT       DBFA_MT
              ________      ________      ________
 BBFA_MT        0.659
 CBFA_MT        0.545         0.621
 DBFA_MT        0.500         0.492         0.576


SAMPLE STATISTICS


     ESTIMATED SAMPLE STATISTICS FOR D2


           Means
              ABFAS_AC      BBFAS_AC      CBFAS_AC      DBFAS_AC      ABFA_MT
              ________      ________      ________      ________      ________
               76.098        75.043        75.808        75.888        43.282


           Means
              BBFA_MT       CBFA_MT       DBFA_MT
              ________      ________      ________
               43.488        42.813        41.522


           Covariances
              ABFAS_AC      BBFAS_AC      CBFAS_AC      DBFAS_AC      ABFA_MT
              ________      ________      ________      ________      ________
 ABFAS_AC     295.901
 BBFAS_AC     241.671       304.822
 CBFAS_AC     202.500       243.730       276.573
 DBFAS_AC     211.305       221.796       230.249       272.192
 ABFA_MT      -65.647       -75.340       -61.461       -65.435       412.950
 BBFA_MT      -55.608       -84.714       -80.363       -72.656       305.039
 CBFA_MT      -64.231       -97.380      -102.064       -79.876       293.450
 DBFA_MT      -51.993       -75.798       -85.581       -76.273       286.644


           Covariances
              BBFA_MT       CBFA_MT       DBFA_MT
              ________      ________      ________
 BBFA_MT      427.733
 CBFA_MT      338.616       440.265
 DBFA_MT      332.782       375.034       473.361


           Correlations
              ABFAS_AC      BBFAS_AC      CBFAS_AC      DBFAS_AC      ABFA_MT
              ________      ________      ________      ________      ________
 ABFAS_AC       1.000
 BBFAS_AC       0.805         1.000
 CBFAS_AC       0.708         0.839         1.000
 DBFAS_AC       0.745         0.770         0.839         1.000
 ABFA_MT       -0.188        -0.212        -0.182        -0.195         1.000
 BBFA_MT       -0.156        -0.235        -0.234        -0.213         0.726
 CBFA_MT       -0.178        -0.266        -0.292        -0.231         0.688
 DBFA_MT       -0.139        -0.200        -0.237        -0.212         0.648


           Correlations
              BBFA_MT       CBFA_MT       DBFA_MT
              ________      ________      ________
 BBFA_MT        1.000
 CBFA_MT        0.780         1.000
 DBFA_MT        0.740         0.822         1.000


     ESTIMATED SAMPLE STATISTICS FOR D3


           Means
              ABFAS_AC      BBFAS_AC      CBFAS_AC      DBFAS_AC      ABFA_MT
              ________      ________      ________      ________      ________
               77.302        78.318        76.348        78.846        40.980


           Means
              BBFA_MT       CBFA_MT       DBFA_MT
              ________      ________      ________
               39.713        40.079        41.899


           Covariances
              ABFAS_AC      BBFAS_AC      CBFAS_AC      DBFAS_AC      ABFA_MT
              ________      ________      ________      ________      ________
 ABFAS_AC     240.549
 BBFAS_AC     192.684       257.766
 CBFAS_AC     193.632       217.740       276.343
 DBFAS_AC     162.699       181.636       195.451       214.846
 ABFA_MT     -116.610      -102.322      -102.009       -74.371       412.648
 BBFA_MT     -102.736       -92.463      -106.420       -83.189       313.114
 CBFA_MT      -97.690       -91.918       -95.543       -68.638       297.331
 DBFA_MT      -95.597       -67.406       -78.265       -60.044       275.158


           Covariances
              BBFA_MT       CBFA_MT       DBFA_MT
              ________      ________      ________
 BBFA_MT      396.872
 CBFA_MT      327.551       405.512
 DBFA_MT      297.244       299.612       354.321


           Correlations
              ABFAS_AC      BBFAS_AC      CBFAS_AC      DBFAS_AC      ABFA_MT
              ________      ________      ________      ________      ________
 ABFAS_AC       1.000
 BBFAS_AC       0.774         1.000
 CBFAS_AC       0.751         0.816         1.000
 DBFAS_AC       0.716         0.772         0.802         1.000
 ABFA_MT       -0.370        -0.314        -0.302        -0.250         1.000
 BBFA_MT       -0.333        -0.289        -0.321        -0.285         0.774
 CBFA_MT       -0.313        -0.284        -0.285        -0.233         0.727
 DBFA_MT       -0.327        -0.223        -0.250        -0.218         0.720


           Correlations
              BBFA_MT       CBFA_MT       DBFA_MT
              ________      ________      ________
 BBFA_MT        1.000
 CBFA_MT        0.816         1.000
 DBFA_MT        0.793         0.790         1.000


     ESTIMATED SAMPLE STATISTICS FOR D4


           Means
              ABFAS_AC      BBFAS_AC      CBFAS_AC      DBFAS_AC      ABFA_MT
              ________      ________      ________      ________      ________
               77.276        78.733        78.268        77.294        36.637


           Means
              BBFA_MT       CBFA_MT       DBFA_MT
              ________      ________      ________
               37.580        37.333        37.054


           Covariances
              ABFAS_AC      BBFAS_AC      CBFAS_AC      DBFAS_AC      ABFA_MT
              ________      ________      ________      ________      ________
 ABFAS_AC     219.768
 BBFAS_AC     158.566       198.907
 CBFAS_AC     173.658       170.638       228.508
 DBFAS_AC     181.441       172.488       192.466       249.139
 ABFA_MT      -71.954       -66.570       -57.980       -52.094       371.299
 BBFA_MT      -59.449       -50.362       -53.869       -63.715       263.403
 CBFA_MT      -63.136       -57.174       -45.432       -72.663       265.065
 DBFA_MT      -57.429       -54.839       -52.630       -65.209       242.181


           Covariances
              BBFA_MT       CBFA_MT       DBFA_MT
              ________      ________      ________
 BBFA_MT      330.112
 CBFA_MT      272.602       362.242
 DBFA_MT      239.389       234.944       314.274


           Correlations
              ABFAS_AC      BBFAS_AC      CBFAS_AC      DBFAS_AC      ABFA_MT
              ________      ________      ________      ________      ________
 ABFAS_AC       1.000
 BBFAS_AC       0.758         1.000
 CBFAS_AC       0.775         0.800         1.000
 DBFAS_AC       0.775         0.775         0.807         1.000
 ABFA_MT       -0.252        -0.245        -0.199        -0.171         1.000
 BBFA_MT       -0.221        -0.197        -0.196        -0.222         0.752
 CBFA_MT       -0.224        -0.213        -0.158        -0.242         0.723
 DBFA_MT       -0.219        -0.219        -0.196        -0.233         0.709


           Correlations
              BBFA_MT       CBFA_MT       DBFA_MT
              ________      ________      ________
 BBFA_MT        1.000
 CBFA_MT        0.788         1.000
 DBFA_MT        0.743         0.696         1.000


     ESTIMATED SAMPLE STATISTICS FOR D5


           Means
              ABFAS_AC      BBFAS_AC      CBFAS_AC      DBFAS_AC      ABFA_MT
              ________      ________      ________      ________      ________
               82.474        81.862        80.888        80.060        34.161


           Means
              BBFA_MT       CBFA_MT       DBFA_MT
              ________      ________      ________
               35.172        35.480        34.102


           Covariances
              ABFAS_AC      BBFAS_AC      CBFAS_AC      DBFAS_AC      ABFA_MT
              ________      ________      ________      ________      ________
 ABFAS_AC     267.725
 BBFAS_AC     171.147       168.365
 CBFAS_AC     193.498       142.959       229.493
 DBFAS_AC     228.160       167.941       208.585       276.060
 ABFA_MT      -65.605       -26.798       -76.440       -70.934       339.364
 BBFA_MT      -86.860       -37.144       -95.884      -104.649       276.160
 CBFA_MT      -59.878       -14.089       -94.938       -64.896       284.886
 DBFA_MT        9.567        -0.161       -18.834       -15.421       269.512


           Covariances
              BBFA_MT       CBFA_MT       DBFA_MT
              ________      ________      ________
 BBFA_MT      393.351
 CBFA_MT      303.921       414.212
 DBFA_MT      295.616       314.456       424.070


           Correlations
              ABFAS_AC      BBFAS_AC      CBFAS_AC      DBFAS_AC      ABFA_MT
              ________      ________      ________      ________      ________
 ABFAS_AC       1.000
 BBFAS_AC       0.806         1.000
 CBFAS_AC       0.781         0.727         1.000
 DBFAS_AC       0.839         0.779         0.829         1.000
 ABFA_MT       -0.218        -0.112        -0.274        -0.232         1.000
 BBFA_MT       -0.268        -0.144        -0.319        -0.318         0.756
 CBFA_MT       -0.180        -0.053        -0.308        -0.192         0.760
 DBFA_MT        0.028        -0.001        -0.060        -0.045         0.710


           Correlations
              BBFA_MT       CBFA_MT       DBFA_MT
              ________      ________      ________
 BBFA_MT        1.000
 CBFA_MT        0.753         1.000
 DBFA_MT        0.724         0.750         1.000


     MAXIMUM LOG-LIKELIHOOD VALUE FOR THE UNRESTRICTED (H1) MODEL IS -20754.011


UNIVARIATE SAMPLE STATISTICS


     UNIVARIATE HIGHER-ORDER MOMENT DESCRIPTIVE STATISTICS FOR D2

         Variable/         Mean/     Skewness/   Minimum/ % with                Percentiles
        Sample Size      Variance    Kurtosis    Maximum  Min/Max      20%/60%    40%/80%    Median

     ABFAS_AC             76.056      -0.996      12.500    0.33%      62.500     75.000     80.000
             300.000     296.036       0.890     100.000    4.33%      82.500     90.000
     BBFAS_AC             75.413      -0.861      10.000    0.45%      61.111     75.000     77.500
             222.000     297.720       0.636     100.000    6.31%      82.500     90.000
     CBFAS_AC             75.775      -0.891      20.000    0.47%      65.000     75.000     77.500
             215.000     277.765       0.460     100.000    3.26%      82.500     90.000
     DBFAS_AC             76.226      -1.076      10.000    0.47%      65.000     75.000     80.000
             212.000     274.970       1.266     100.000    3.30%      82.500     90.000
     ABFA_MT              43.314       0.129       0.000    1.00%      25.000     37.500     41.667
             300.000     413.437      -0.593     100.000    0.33%      50.000     62.500
     BBFA_MT              43.194       0.265       0.000    0.45%      25.000     37.500     41.667
             222.000     427.674      -0.520      95.833    1.80%      45.833     62.500
     CBFA_MT              42.492       0.246       0.000    1.86%      20.833     37.500     41.667
             215.000     451.570      -0.378     100.000    0.47%      45.833     58.333
     DBFA_MT              41.726       0.330       0.000    2.83%      20.833     33.333     41.667
             212.000     487.008      -0.325     100.000    0.94%      45.833     58.333


     UNIVARIATE HIGHER-ORDER MOMENT DESCRIPTIVE STATISTICS FOR D3

         Variable/         Mean/     Skewness/   Minimum/ % with                Percentiles
        Sample Size      Variance    Kurtosis    Maximum  Min/Max      20%/60%    40%/80%    Median

     ABFAS_AC             77.302      -0.508      40.000    0.86%      62.500     75.000     77.500
             233.000     240.549      -0.591     100.000    5.58%      82.500     92.500
     BBFAS_AC             78.577      -0.742      27.500    0.58%      65.000     77.500     80.000
             171.000     262.688       0.015     100.000    7.02%      85.000     95.000
     CBFAS_AC             76.347      -0.625      27.500    0.62%      60.000     75.000     80.000
             161.000     283.665      -0.216     100.000    8.07%      82.500     92.500
     DBFAS_AC             79.347      -0.697      35.000    0.63%      67.500     77.500     82.500
             159.000     212.902       0.124     100.000    7.55%      85.000     92.500
     ABFA_MT              40.980       0.262       0.000    2.58%      25.000     37.500     41.667
             233.000     412.648      -0.177      95.833    0.43%      45.833     58.333
     BBFA_MT              40.210       0.238       0.000    2.34%      20.833     33.333     41.667
             171.000     402.982      -0.318     100.000    0.58%      45.833     58.333
     CBFA_MT              40.414       0.161       0.000    1.86%      20.833     33.333     40.000
             161.000     394.842      -0.484      95.833    0.62%      45.833     58.333
     DBFA_MT              42.521      -0.008       0.000    2.52%      25.000     41.667     45.833
             159.000     356.009      -0.032     100.000    0.63%      45.833     58.333


     UNIVARIATE HIGHER-ORDER MOMENT DESCRIPTIVE STATISTICS FOR D4

         Variable/         Mean/     Skewness/   Minimum/ % with                Percentiles
        Sample Size      Variance    Kurtosis    Maximum  Min/Max      20%/60%    40%/80%    Median

     ABFAS_AC             77.276      -0.816      27.500    0.51%      67.500     75.000     77.500
             198.000     219.768       0.844     100.000    6.57%      80.556     90.000
     BBFAS_AC             78.640      -0.743      32.500    0.70%      70.000     77.500     77.778
             143.000     201.389       0.577     100.000    6.29%      82.500     92.500
     CBFAS_AC             78.655      -0.709      32.500    0.76%      67.500     75.000     78.889
             132.000     229.406       0.333     100.000    7.58%      82.500     92.500
     DBFAS_AC             77.667      -0.767      27.500    0.81%      67.500     75.000     80.000
             123.000     261.389       0.537     100.000   10.57%      82.500     92.500
     ABFA_MT              36.637       0.380       0.000    1.52%      20.833     29.167     33.333
             198.000     371.299      -0.014      95.833    0.51%      37.500     54.167
     BBFA_MT              37.541       0.332       0.000    1.41%      20.833     29.167     37.500
             142.000     336.232      -0.149      91.667    0.70%      41.667     54.167
     CBFA_MT              38.321       0.340       0.000    1.52%      20.833     33.333     37.500
             132.000     369.171      -0.524      83.333    1.52%      41.667     54.167
     DBFA_MT              37.364       0.318       0.000    0.81%      20.833     33.333     33.333
             123.000     314.175      -0.625      79.167    1.63%      37.500     54.167


     UNIVARIATE HIGHER-ORDER MOMENT DESCRIPTIVE STATISTICS FOR D5

         Variable/         Mean/     Skewness/   Minimum/ % with                Percentiles
        Sample Size      Variance    Kurtosis    Maximum  Min/Max      20%/60%    40%/80%    Median

     ABFAS_AC             82.309      -1.385       7.500    0.76%      71.875     82.500     87.500
             131.000     265.739       2.524     100.000   12.21%      90.000     95.000
     BBFAS_AC             83.004      -1.094      42.500    1.15%      75.000     82.500     85.000
              87.000     171.564       1.006     100.000    9.20%      88.889     92.500
     CBFAS_AC             82.226      -1.341      17.500    1.22%      70.000     82.500     87.500
              82.000     236.891       2.422     100.000    8.54%      90.000     95.000
     DBFAS_AC             82.664      -1.804       5.000    1.32%      72.500     80.000     85.000
              76.000     262.720       5.417     100.000   14.47%      87.500     97.500
     ABFA_MT              34.256       0.355       0.000    2.29%      16.667     29.167     33.333
             131.000     339.920      -0.245      85.000    0.76%      37.500     50.000
     BBFA_MT              33.793       0.250       0.000    5.75%      16.667     29.167     33.333
              87.000     355.057      -0.219      87.500    1.15%      37.500     50.000
     CBFA_MT              33.791       0.215       0.000    7.32%      16.667     25.000     33.333
              82.000     382.370      -0.542      79.167    2.44%      37.500     50.000
     DBFA_MT              34.101       0.622       0.000    2.63%      16.667     29.167     29.167
              76.000     411.509       0.007      87.500    2.63%      37.500     50.000


THE MODEL ESTIMATION TERMINATED NORMALLY



MODEL FIT INFORMATION

Number of Free Parameters                       54

Loglikelihood

          H0 Value                      -20842.042
          H0 Scaling Correction Factor      1.4139
            for MLR

Information Criteria

          Akaike (AIC)                   41792.084
          Bayesian (BIC)                 42049.209
          Sample-Size Adjusted BIC       41877.719
            (n* = (n + 2) / 24)



MODEL RESULTS

                                                    Two-Tailed
                    Estimate       S.E.  Est./S.E.    P-Value

Group D2

 P1       BY
    ABFAS_AC           1.000      0.000    999.000    999.000

 P2       BY
    BBFAS_AC           1.000      0.000    999.000    999.000

 P3       BY
    CBFAS_AC           1.000      0.000    999.000    999.000

 P4       BY
    DBFAS_AC           1.000      0.000    999.000    999.000

 V1       BY
    ABFA_MT            1.000      0.000    999.000    999.000

 V2       BY
    BBFA_MT            1.000      0.000    999.000    999.000

 V3       BY
    CBFA_MT            1.000      0.000    999.000    999.000

 V4       BY
    DBFA_MT            1.000      0.000    999.000    999.000

 P4         ON
    P3                 0.369      0.103      3.586      0.000
    V3                -0.007      0.070     -0.095      0.925

 P3         ON
    P2                 0.369      0.103      3.586      0.000
    V2                -0.007      0.070     -0.095      0.925

 P2         ON
    P1                 0.369      0.103      3.586      0.000
    V1                -0.007      0.070     -0.095      0.925

 V4         ON
    V3                 0.254      0.143      1.775      0.076
    P3                -0.091      0.127     -0.714      0.475

 V3         ON
    V2                 0.254      0.143      1.775      0.076
    P2                -0.091      0.127     -0.714      0.475

 V2         ON
    V1                 0.254      0.143      1.775      0.076
    P1                -0.091      0.127     -0.714      0.475

 S_BFAS_A WITH
    I_BFAS_AC         -0.908      0.766     -1.185      0.236
    S_BFA_MT           0.055      0.101      0.544      0.587
    I_BFA_MT          -0.097      2.138     -0.045      0.964

 I_BFAS_A WITH
    S_BFA_MT           0.514      2.183      0.235      0.814
    I_BFA_MT         -74.334     14.005     -5.308      0.000

 S_BFA_MT WITH
    I_BFA_MT          -0.795      0.968     -0.821      0.412

 P1       WITH
    V1               -17.951     13.609     -1.319      0.187

 P2       WITH
    V2               -11.348     10.364     -1.095      0.274

 P3       WITH
    V3               -11.348     10.364     -1.095      0.274

 P4       WITH
    V4               -11.348     10.364     -1.095      0.274

 Means
    P1                 0.000      0.000    999.000    999.000
    V1                 0.000      0.000    999.000    999.000
    I_BFAS_AC         77.482      0.512    151.239      0.000
    S_BFAS_AC          0.134      0.047      2.871      0.004
    I_BFA_MT          39.990      0.634     63.071      0.000
    S_BFA_MT          -0.247      0.058     -4.264      0.000

 Intercepts
    ABFAS_AC           0.000      0.000    999.000    999.000
    BBFAS_AC           0.000      0.000    999.000    999.000
    CBFAS_AC           0.000      0.000    999.000    999.000
    DBFAS_AC           0.000      0.000    999.000    999.000
    ABFA_MT            0.000      0.000    999.000    999.000
    BBFA_MT            0.000      0.000    999.000    999.000
    CBFA_MT            0.000      0.000    999.000    999.000
    DBFA_MT            0.000      0.000    999.000    999.000
    P2                 0.000      0.000    999.000    999.000
    P3                 0.000      0.000    999.000    999.000
    P4                 0.000      0.000    999.000    999.000
    V2                 0.000      0.000    999.000    999.000
    V3                 0.000      0.000    999.000    999.000
    V4                 0.000      0.000    999.000    999.000

 Variances
    P1                95.605     14.117      6.772      0.000
    V1               161.100     20.274      7.946      0.000
    I_BFAS_AC        174.501     15.998     10.908      0.000
    S_BFAS_AC          0.138      0.135      1.019      0.308
    I_BFA_MT         268.443     21.703     12.369      0.000
    S_BFA_MT           0.156      0.149      1.045      0.296

 Residual Variances
    ABFAS_AC           0.000      0.000    999.000    999.000
    BBFAS_AC           0.000      0.000    999.000    999.000
    CBFAS_AC           0.000      0.000    999.000    999.000
    DBFAS_AC           0.000      0.000    999.000    999.000
    ABFA_MT            0.000      0.000    999.000    999.000
    BBFA_MT            0.000      0.000    999.000    999.000
    CBFA_MT            0.000      0.000    999.000    999.000
    DBFA_MT            0.000      0.000    999.000    999.000
    P2                66.666      8.427      7.911      0.000
    P3                66.666      8.427      7.911      0.000
    P4                66.666      8.427      7.911      0.000
    V2               121.258     22.174      5.468      0.000
    V3               121.258     22.174      5.468      0.000
    V4               121.258     22.174      5.468      0.000

Group D3

 P1       BY
    ABFAS_AC           1.000      0.000    999.000    999.000

 P2       BY
    BBFAS_AC           1.000      0.000    999.000    999.000

 P3       BY
    CBFAS_AC           1.000      0.000    999.000    999.000

 P4       BY
    DBFAS_AC           1.000      0.000    999.000    999.000

 V1       BY
    ABFA_MT            1.000      0.000    999.000    999.000

 V2       BY
    BBFA_MT            1.000      0.000    999.000    999.000

 V3       BY
    CBFA_MT            1.000      0.000    999.000    999.000

 V4       BY
    DBFA_MT            1.000      0.000    999.000    999.000

 P4         ON
    P3                 0.164      0.117      1.397      0.162
    V3                -0.034      0.064     -0.530      0.596

 P3         ON
    P2                 0.164      0.117      1.397      0.162
    V2                -0.034      0.064     -0.530      0.596

 P2         ON
    P1                 0.164      0.117      1.397      0.162
    V1                -0.034      0.064     -0.530      0.596

 V4         ON
    V3                 0.126      0.074      1.706      0.088
    P3                 0.022      0.112      0.196      0.845

 V3         ON
    V2                 0.126      0.074      1.706      0.088
    P2                 0.022      0.112      0.196      0.845

 V2         ON
    V1                 0.126      0.074      1.706      0.088
    P1                 0.022      0.112      0.196      0.845

 S_BFAS_A WITH
    I_BFAS_AC         -0.908      0.766     -1.185      0.236
    S_BFA_MT           0.055      0.101      0.544      0.587
    I_BFA_MT          -0.097      2.138     -0.045      0.964

 I_BFAS_A WITH
    S_BFA_MT           0.514      2.183      0.235      0.814
    I_BFA_MT         -74.334     14.005     -5.308      0.000

 S_BFA_MT WITH
    I_BFA_MT          -0.795      0.968     -0.821      0.412

 P1       WITH
    V1               -16.168     10.664     -1.516      0.129

 P2       WITH
    V2                 2.091      6.706      0.312      0.755

 P3       WITH
    V3                 2.091      6.706      0.312      0.755

 P4       WITH
    V4                 2.091      6.706      0.312      0.755

 Means
    P1                 0.000      0.000    999.000    999.000
    V1                 0.000      0.000    999.000    999.000
    I_BFAS_AC         77.482      0.512    151.239      0.000
    S_BFAS_AC          0.134      0.047      2.871      0.004
    I_BFA_MT          39.990      0.634     63.071      0.000
    S_BFA_MT          -0.247      0.058     -4.264      0.000

 Intercepts
    ABFAS_AC           0.000      0.000    999.000    999.000
    BBFAS_AC           0.000      0.000    999.000    999.000
    CBFAS_AC           0.000      0.000    999.000    999.000
    DBFAS_AC           0.000      0.000    999.000    999.000
    ABFA_MT            0.000      0.000    999.000    999.000
    BBFA_MT            0.000      0.000    999.000    999.000
    CBFA_MT            0.000      0.000    999.000    999.000
    DBFA_MT            0.000      0.000    999.000    999.000
    P2                 0.000      0.000    999.000    999.000
    P3                 0.000      0.000    999.000    999.000
    P4                 0.000      0.000    999.000    999.000
    V2                 0.000      0.000    999.000    999.000
    V3                 0.000      0.000    999.000    999.000
    V4                 0.000      0.000    999.000    999.000

 Variances
    P1                66.526     10.708      6.213      0.000
    V1               129.338     17.906      7.223      0.000
    I_BFAS_AC        174.501     15.998     10.908      0.000
    S_BFAS_AC          0.138      0.135      1.019      0.308
    I_BFA_MT         268.443     21.703     12.369      0.000
    S_BFA_MT           0.156      0.149      1.045      0.296

 Residual Variances
    ABFAS_AC           0.000      0.000    999.000    999.000
    BBFAS_AC           0.000      0.000    999.000    999.000
    CBFAS_AC           0.000      0.000    999.000    999.000
    DBFAS_AC           0.000      0.000    999.000    999.000
    ABFA_MT            0.000      0.000    999.000    999.000
    BBFA_MT            0.000      0.000    999.000    999.000
    CBFA_MT            0.000      0.000    999.000    999.000
    DBFA_MT            0.000      0.000    999.000    999.000
    P2                61.372     10.001      6.137      0.000
    P3                61.372     10.001      6.137      0.000
    P4                61.372     10.001      6.137      0.000
    V2                87.350      8.431     10.361      0.000
    V3                87.350      8.431     10.361      0.000
    V4                87.350      8.431     10.361      0.000

Group D4

 P1       BY
    ABFAS_AC           1.000      0.000    999.000    999.000

 P2       BY
    BBFAS_AC           1.000      0.000    999.000    999.000

 P3       BY
    CBFAS_AC           1.000      0.000    999.000    999.000

 P4       BY
    DBFAS_AC           1.000      0.000    999.000    999.000

 V1       BY
    ABFA_MT            1.000      0.000    999.000    999.000

 V2       BY
    BBFA_MT            1.000      0.000    999.000    999.000

 V3       BY
    CBFA_MT            1.000      0.000    999.000    999.000

 V4       BY
    DBFA_MT            1.000      0.000    999.000    999.000

 P4         ON
    P3                 0.057      0.112      0.511      0.610
    V3                -0.104      0.051     -2.046      0.041

 P3         ON
    P2                 0.057      0.112      0.511      0.610
    V2                -0.104      0.051     -2.046      0.041

 P2         ON
    P1                 0.057      0.112      0.511      0.610
    V1                -0.104      0.051     -2.046      0.041

 V4         ON
    V3                 0.046      0.124      0.367      0.714
    P3                -0.048      0.112     -0.434      0.665

 V3         ON
    V2                 0.046      0.124      0.367      0.714
    P2                -0.048      0.112     -0.434      0.665

 V2         ON
    V1                 0.046      0.124      0.367      0.714
    P1                -0.048      0.112     -0.434      0.665

 S_BFAS_A WITH
    I_BFAS_AC         -0.908      0.766     -1.185      0.236
    S_BFA_MT           0.055      0.101      0.544      0.587
    I_BFA_MT          -0.097      2.138     -0.045      0.964

 I_BFAS_A WITH
    S_BFA_MT           0.514      2.183      0.235      0.814
    I_BFA_MT         -74.334     14.005     -5.308      0.000

 S_BFA_MT WITH
    I_BFA_MT          -0.795      0.968     -0.821      0.412

 P1       WITH
    V1               -13.256      9.623     -1.377      0.168

 P2       WITH
    V2                 2.124      4.622      0.460      0.646

 P3       WITH
    V3                 2.124      4.622      0.460      0.646

 P4       WITH
    V4                 2.124      4.622      0.460      0.646

 Means
    P1                 0.000      0.000    999.000    999.000
    V1                 0.000      0.000    999.000    999.000
    I_BFAS_AC         77.482      0.512    151.239      0.000
    S_BFAS_AC          0.134      0.047      2.871      0.004
    I_BFA_MT          39.990      0.634     63.071      0.000
    S_BFA_MT          -0.247      0.058     -4.264      0.000

 Intercepts
    ABFAS_AC           0.000      0.000    999.000    999.000
    BBFAS_AC           0.000      0.000    999.000    999.000
    CBFAS_AC           0.000      0.000    999.000    999.000
    DBFAS_AC           0.000      0.000    999.000    999.000
    ABFA_MT            0.000      0.000    999.000    999.000
    BBFA_MT            0.000      0.000    999.000    999.000
    CBFA_MT            0.000      0.000    999.000    999.000
    DBFA_MT            0.000      0.000    999.000    999.000
    P2                 0.000      0.000    999.000    999.000
    P3                 0.000      0.000    999.000    999.000
    P4                 0.000      0.000    999.000    999.000
    V2                 0.000      0.000    999.000    999.000
    V3                 0.000      0.000    999.000    999.000
    V4                 0.000      0.000    999.000    999.000

 Variances
    P1                56.140     10.862      5.168      0.000
    V1               114.316     23.471      4.871      0.000
    I_BFAS_AC        174.501     15.998     10.908      0.000
    S_BFAS_AC          0.138      0.135      1.019      0.308
    I_BFA_MT         268.443     21.703     12.369      0.000
    S_BFA_MT           0.156      0.149      1.045      0.296

 Residual Variances
    ABFAS_AC           0.000      0.000    999.000    999.000
    BBFAS_AC           0.000      0.000    999.000    999.000
    CBFAS_AC           0.000      0.000    999.000    999.000
    DBFAS_AC           0.000      0.000    999.000    999.000
    ABFA_MT            0.000      0.000    999.000    999.000
    BBFA_MT            0.000      0.000    999.000    999.000
    CBFA_MT            0.000      0.000    999.000    999.000
    DBFA_MT            0.000      0.000    999.000    999.000
    P2                48.364      8.112      5.962      0.000
    P3                48.364      8.112      5.962      0.000
    P4                48.364      8.112      5.962      0.000
    V2                86.648     15.721      5.512      0.000
    V3                86.648     15.721      5.512      0.000
    V4                86.648     15.721      5.512      0.000

Group D5

 P1       BY
    ABFAS_AC           1.000      0.000    999.000    999.000

 P2       BY
    BBFAS_AC           1.000      0.000    999.000    999.000

 P3       BY
    CBFAS_AC           1.000      0.000    999.000    999.000

 P4       BY
    DBFAS_AC           1.000      0.000    999.000    999.000

 V1       BY
    ABFA_MT            1.000      0.000    999.000    999.000

 V2       BY
    BBFA_MT            1.000      0.000    999.000    999.000

 V3       BY
    CBFA_MT            1.000      0.000    999.000    999.000

 V4       BY
    DBFA_MT            1.000      0.000    999.000    999.000

 P4         ON
    P3                 0.053      0.153      0.348      0.728
    V3                 0.034      0.060      0.575      0.565

 P3         ON
    P2                 0.053      0.153      0.348      0.728
    V2                 0.034      0.060      0.575      0.565

 P2         ON
    P1                 0.053      0.153      0.348      0.728
    V1                 0.034      0.060      0.575      0.565

 V4         ON
    V3                 0.147      0.203      0.727      0.467
    P3                 0.152      0.129      1.175      0.240

 V3         ON
    V2                 0.147      0.203      0.727      0.467
    P2                 0.152      0.129      1.175      0.240

 V2         ON
    V1                 0.147      0.203      0.727      0.467
    P1                 0.152      0.129      1.175      0.240

 S_BFAS_A WITH
    I_BFAS_AC         -0.908      0.766     -1.185      0.236
    S_BFA_MT           0.055      0.101      0.544      0.587
    I_BFA_MT          -0.097      2.138     -0.045      0.964

 I_BFAS_A WITH
    S_BFA_MT           0.514      2.183      0.235      0.814
    I_BFA_MT         -74.334     14.005     -5.308      0.000

 S_BFA_MT WITH
    I_BFA_MT          -0.795      0.968     -0.821      0.412

 P1       WITH
    V1               -12.409     10.799     -1.149      0.250

 P2       WITH
    V2                 2.056      9.728      0.211      0.833

 P3       WITH
    V3                 2.056      9.728      0.211      0.833

 P4       WITH
    V4                 2.056      9.728      0.211      0.833

 Means
    P1                 0.000      0.000    999.000    999.000
    V1                 0.000      0.000    999.000    999.000
    I_BFAS_AC         77.482      0.512    151.239      0.000
    S_BFAS_AC          0.134      0.047      2.871      0.004
    I_BFA_MT          39.990      0.634     63.071      0.000
    S_BFA_MT          -0.247      0.058     -4.264      0.000

 Intercepts
    ABFAS_AC           0.000      0.000    999.000    999.000
    BBFAS_AC           0.000      0.000    999.000    999.000
    CBFAS_AC           0.000      0.000    999.000    999.000
    DBFAS_AC           0.000      0.000    999.000    999.000
    ABFA_MT            0.000      0.000    999.000    999.000
    BBFA_MT            0.000      0.000    999.000    999.000
    CBFA_MT            0.000      0.000    999.000    999.000
    DBFA_MT            0.000      0.000    999.000    999.000
    P2                 0.000      0.000    999.000    999.000
    P3                 0.000      0.000    999.000    999.000
    P4                 0.000      0.000    999.000    999.000
    V2                 0.000      0.000    999.000    999.000
    V3                 0.000      0.000    999.000    999.000
    V4                 0.000      0.000    999.000    999.000

 Variances
    P1                67.349     21.072      3.196      0.001
    V1                73.767     19.961      3.695      0.000
    I_BFAS_AC        174.501     15.998     10.908      0.000
    S_BFAS_AC          0.138      0.135      1.019      0.308
    I_BFA_MT         268.443     21.703     12.369      0.000
    S_BFA_MT           0.156      0.149      1.045      0.296

 Residual Variances
    ABFAS_AC           0.000      0.000    999.000    999.000
    BBFAS_AC           0.000      0.000    999.000    999.000
    CBFAS_AC           0.000      0.000    999.000    999.000
    DBFAS_AC           0.000      0.000    999.000    999.000
    ABFA_MT            0.000      0.000    999.000    999.000
    BBFA_MT            0.000      0.000    999.000    999.000
    CBFA_MT            0.000      0.000    999.000    999.000
    DBFA_MT            0.000      0.000    999.000    999.000
    P2                47.916      8.176      5.861      0.000
    P3                47.916      8.176      5.861      0.000
    P4                47.916      8.176      5.861      0.000
    V2               115.643     25.000      4.626      0.000
    V3               115.643     25.000      4.626      0.000
    V4               115.643     25.000      4.626      0.000


QUALITY OF NUMERICAL RESULTS

     Condition Number for the Information Matrix              0.284E-05
       (ratio of smallest to largest eigenvalue)


     Beginning Time:  17:16:14
        Ending Time:  17:16:32
       Elapsed Time:  00:00:18



MUTHEN & MUTHEN
3463 Stoner Ave.
Los Angeles, CA  90066

Tel: (310) 391-9971
Fax: (310) 391-8971
Web: www.StatModel.com
Support: Support@StatModel.com

Copyright (c) 1998-2017 Muthen & Muthen
