Mplus VERSION 8 (Linux)
MUTHEN & MUTHEN
07/08/2018   5:42 PM

INPUT INSTRUCTIONS


  title: PxVx Bivariate LCM-SR - 40splitgroup - Linear bfas_oi with Linear usi;
  data: file = /home/jflournoy/code_new/lnt_pxvx/Data/lnt_nat_recalc.tsv;

  variable:
  names =
  subjid
  aage
  aaspfin
  aaspfin_d
  abfa_mt
  abfa_mt_d
  abfas_ac
  abfas_ap
  abfas_ci
  abfas_co
  abfas_ea
  abfas_ee
  abfas_nv
  abfas_nv9
  abfas_nw
  abfas_oi
  abfas_oo
  abfi_a
  abfi_a6
  abfi_c
  abfi_d_scale
  abfi_e
  abfi_hp8
  abfi_n
  abfi_o
  abfi_s_scale
  ahrz_col
  ahrz_col_d
  ahrz_ind
  ahrz_ind_d
  amvi
  ausi
  ausi_d
  avrt_col
  avrt_col_d
  avrt_ind
  avrt_ind_d
  bage
  baspfin
  baspfin_d
  bbfa_mt
  bbfa_mt_d
  bbfas_ac
  bbfas_ap
  bbfas_ci
  bbfas_co
  bbfas_ea
  bbfas_ee
  bbfas_nv
  bbfas_nv9
  bbfas_nw
  bbfas_oi
  bbfas_oo
  bbfi_a
  bbfi_a6
  bbfi_c
  bbfi_d_scale
  bbfi_e
  bbfi_hp8
  bbfi_n
  bbfi_o
  bbfi_s_scale
  bhrz_col
  bhrz_col_d
  bhrz_ind
  bhrz_ind_d
  bmvi
  busi
  busi_d
  bvrt_col
  bvrt_col_d
  bvrt_ind
  bvrt_ind_d
  cage
  caspfin
  caspfin_d
  cbfa_mt
  cbfa_mt_d
  cbfas_ac
  cbfas_ap
  cbfas_ci
  cbfas_co
  cbfas_ea
  cbfas_ee
  cbfas_nv
  cbfas_nv9
  cbfas_nw
  cbfas_oi
  cbfas_oo
  cbfi_a
  cbfi_a6
  cbfi_c
  cbfi_d_scale
  cbfi_e
  cbfi_hp8
  cbfi_n
  cbfi_o
  cbfi_s_scale
  chrz_col
  chrz_col_d
  chrz_ind
  chrz_ind_d
  cmvi
  cusi
  cusi_d
  cvrt_col
  cvrt_col_d
  cvrt_ind
  cvrt_ind_d
  dage
  daspfin
  daspfin_d
  dbfa_mt
  dbfa_mt_d
  dbfas_ac
  dbfas_ap
  dbfas_ci
  dbfas_co
  dbfas_ea
  dbfas_ee
  dbfas_nv
  dbfas_nv9
  dbfas_nw
  dbfas_oi
  dbfas_oo
  dbfi_a
  dbfi_a6
  dbfi_c
  dbfi_d_scale
  dbfi_e
  dbfi_hp8
  dbfi_n
  dbfi_o
  dbfi_s_scale
  dhrz_col
  dhrz_col_d
  dhrz_ind
  dhrz_ind_d
  dmvi
  dusi
  dusi_d
  dvrt_col
  dvrt_col_d
  dvrt_ind
  dvrt_ind_d;

  USEVARIABLES =
  abfas_oi
  bbfas_oi
  cbfas_oi
  dbfas_oi
  ausi
  busi
  cusi
  dusi
  a1
  a2
  a3
  a4
  aagegrp
  ;

  missing = all (-9999);

  tscores = a1 a2 a3 a4;

  grouping = aagegrp (0=earlier, 1=later);

  DEFINE:

  aagegrp = aage;

  cut aagegrp (39);

  a1 = aage + 0 - 36;
  a2 = aage + 1 - 36;
  a3 = aage + 2 - 36;
  a4 = aage + 3 - 36;

  ANALYSIS:
  TYPE=RANDOM;
  PROCESSORS = 6;
  model=nocovariances; ! supresses default estimation of certain covs in model;

  MODEL:

  i_bfas_oi s_bfas_oi | abfas_oi bbfas_oi cbfas_oi dbfas_oi AT a1 a2 a3 a4;
  i_usi s_usi | ausi busi cusi dusi AT a1 a2 a3 a4;

  ! freeing factor covs because of "nocovariances"
  ! But ensure they are constrained across groups
  s_bfas_oi WITH i_bfas_oi (p)
  s_usi (q)
  i_usi (r);
  i_bfas_oi WITH s_usi (s)
  i_usi (t);
  s_usi WITH i_usi (u);

  !constrain latent growth means across groups
  [i_bfas_oi] (v);
  [s_bfas_oi] (w);
  [i_usi] (x);
  [s_usi] (y);

  !constrain latent growth variances across groups
  i_bfas_oi (l);
  s_bfas_oi (m);
  i_usi (n);
  s_usi (o);

  p1 BY abfas_oi@1; ! Residual "factors";
  p2 BY bbfas_oi@1;
  p3 BY cbfas_oi@1;
  p4 BY dbfas_oi@1;

  v1 BY ausi@1; ! Residual "factors";
  v2 BY busi@1;
  v3 BY cusi@1;
  v4 BY dusi@1;

  !residual variances on observed/manifest vars set to 0
  abfas_oi@0;
  bbfas_oi@0;
  cbfas_oi@0;
  dbfas_oi@0;

  !residual variances on observed/manifest vars set to 0
  ausi@0;
  busi@0;
  cusi@0;
  dusi@0;

  ! means of observed/manifest vars set to 0
  [abfas_oi@0];
  [bbfas_oi@0];
  [cbfas_oi@0];
  [dbfas_oi@0];

  ! means of observed/manifest vars set to 0
  [ausi@0];
  [busi@0];
  [cusi@0];
  [dusi@0];

  [p1@0]; ! means of residual "factors" set to 0
  [p2@0];
  [p3@0];
  [p4@0];

  [v1@0]; ! means of residual "factors" set to 0
  [v2@0];
  [v3@0];
  [v4@0];

  p4 on p3 (a); ! Autoregressive paths constrained to equality
  p3 on p2 (a);
  p2 on p1 (a);

  v4 on v3 (b); ! Autoregressive paths constrained to equality
  v3 on v2 (b);
  v2 on v1 (b);

  p4 on v3 (c); ! Cross-lagged paths constrained to equality
  p3 on v2 (c);
  p2 on v1 (c);

  v4 on p3 (d); ! Cross-lagged paths constrained to equality
  v3 on p2 (d);
  v2 on p1 (d);

  p1 with v1; !(this one is not like the others)

  p2 with v2 (e); ! Within-wave correlations constrained to equality
  p3 with v3 (e);
  p4 with v4 (e);

  p2 p3 p4 (f); ! estimate variances of residual "factors"
  v2 v3 v4 (g); ! estimate variances of residual "factors"

  MODEL earlier:

  p4 on p3 (a23); ! Autoregressive paths constrained to equality
  p3 on p2 (a23);
  p2 on p1 (a23);

  v4 on v3 (b23); ! Autoregressive paths constrained to equality
  v3 on v2 (b23);
  v2 on v1 (b23);

  p4 on v3 (c23); ! Cross-lagged paths constrained to equality
  p3 on v2 (c23);
  p2 on v1 (c23);

  v4 on p3 (d23); ! Cross-lagged paths constrained to equality
  v3 on p2 (d23);
  v2 on p1 (d23);

  p1 with v1; !(this one is not like the others)

  p2 with v2 (e23); ! Within-wave correlations constrained to equality
  p3 with v3 (e23);
  p4 with v4 (e23);

  p2 p3 p4 (f23); ! estimate variances of residual "factors"
  v2 v3 v4 (g23); ! estimate variances of residual "factors"

  MODEL later:

  p4 on p3 (a45); ! Autoregressive paths constrained to equality
  p3 on p2 (a45);
  p2 on p1 (a45);

  v4 on v3 (b45); ! Autoregressive paths constrained to equality
  v3 on v2 (b45);
  v2 on v1 (b45);

  p4 on v3 (c45); ! Cross-lagged paths constrained to equality
  p3 on v2 (c45);
  p2 on v1 (c45);

  v4 on p3 (d45); ! Cross-lagged paths constrained to equality
  v3 on p2 (d45);
  v2 on p1 (d45);

  p1 with v1; !(this one is not like the others)

  p2 with v2 (e45); ! Within-wave correlations constrained to equality
  p3 with v3 (e45);
  p4 with v4 (e45);

  p2 p3 p4 (f45); ! estimate variances of residual "factors"
  v2 v3 v4 (g45); ! estimate variances of residual "factors"

  OUTPUT: SAMPSTAT PATTERNS;



*** WARNING
  Data set contains unknown or missing values for GROUPING,
  PATTERN, COHORT, CLUSTER and/or STRATIFICATION variables.
  Number of cases with unknown or missing values:  5
   1 WARNING(S) FOUND IN THE INPUT INSTRUCTIONS



PxVx Bivariate LCM-SR - 40splitgroup - Linear bfas_oi with Linear usi;

SUMMARY OF ANALYSIS

Number of groups                                                 2
Number of observations
   Group EARLIER                                               534
   Group LATER                                                 330
   Total sample size                                           864

Number of dependent variables                                    8
Number of independent variables                                  0
Number of continuous latent variables                           12

Observed dependent variables

  Continuous
   ABFAS_OI    BBFAS_OI    CBFAS_OI    DBFAS_OI    AUSI        BUSI
   CUSI        DUSI

Continuous latent variables
   P1          P2          P3          P4          V1          V2
   V3          V4          I_BFAS_O    S_BFAS_O    I_USI       S_USI

Variables with special functions

  Grouping variable     AAGEGRP

  Time scores
   A1          A2          A3          A4


Estimator                                                      MLR
Information matrix                                        OBSERVED
Maximum number of iterations                                   100
Convergence criterion                                    0.100D-05
Maximum number of EM iterations                                500
Convergence criteria for the EM algorithm
  Loglikelihood change                                   0.100D-02
  Relative loglikelihood change                          0.100D-05
  Derivative                                             0.100D-03
Minimum variance                                         0.100D-03
Maximum number of steepest descent iterations                   20
Maximum number of iterations for H1                           2000
Convergence criterion for H1                             0.100D-03
Optimization algorithm                                         EMA

Input data file(s)
  /home/jflournoy/code_new/lnt_pxvx/Data/lnt_nat_recalc.tsv
Input data format  FREE


SUMMARY OF DATA

   Group EARLIER
     Number of missing data patterns            16

   Group LATER
     Number of missing data patterns            15


SUMMARY OF MISSING DATA PATTERNS


     MISSING DATA PATTERNS (x = not missing) FOR EARLIER

           1  2  3  4  5  6  7  8  9 10 11 12 13 14 15 16
 ABFAS_OI  x  x  x  x  x  x  x  x  x  x  x     x  x  x  x
 BBFAS_OI  x     x     x  x  x        x  x  x  x  x
 CBFAS_OI  x        x  x     x     x  x     x  x  x  x
 DBFAS_OI  x     x  x  x        x           x  x     x  x
 AUSI      x  x  x  x  x  x  x  x  x  x  x  x  x  x  x  x
 BUSI      x     x     x  x  x        x     x     x  x
 CUSI      x        x        x     x        x  x  x  x
 DUSI      x     x  x  x        x           x  x  x  x


     MISSING DATA PATTERN FREQUENCIES FOR EARLIER

    Pattern   Frequency     Pattern   Frequency     Pattern   Frequency
          1         325           7          20          13           2
          2         101           8          14          14           1
          3          14           9          12          15           1
          4          12          10           1          16           1
          5           1          11           2
          6          26          12           1


     MISSING DATA PATTERNS (x = not missing) FOR LATER

           1  2  3  4  5  6  7  8  9 10 11 12 13 14 15
 ABFAS_OI  x  x  x  x  x  x  x  x  x  x     x  x  x  x
 BBFAS_OI  x     x     x  x  x        x  x  x     x
 CBFAS_OI  x        x  x     x     x     x  x        x
 DBFAS_OI  x     x  x  x        x        x  x     x
 AUSI      x  x  x  x  x  x  x  x  x  x  x  x     x  x
 BUSI      x     x     x  x  x           x
 CUSI      x        x        x     x     x  x
 DUSI      x     x  x  x        x        x  x     x


     MISSING DATA PATTERN FREQUENCIES FOR LATER

    Pattern   Frequency     Pattern   Frequency     Pattern   Frequency
          1         164           6          21          11           1
          2          68           7          26          12           1
          3          12           8          10          13           1
          4           9           9          11          14           1
          5           1          10           3          15           1


COVARIANCE COVERAGE OF DATA

Minimum covariance coverage value   0.100


     PROPORTION OF DATA PRESENT FOR EARLIER


           Covariance Coverage
              ABFAS_OI      BBFAS_OI      CBFAS_OI      DBFAS_OI      AUSI
              ________      ________      ________      ________      ________
 ABFAS_OI       0.998
 BBFAS_OI       0.734         0.736
 CBFAS_OI       0.702         0.657         0.704
 DBFAS_OI       0.693         0.642         0.640         0.695
 AUSI           0.998         0.736         0.704         0.695         1.000
 BUSI           0.728         0.728         0.655         0.640         0.730
 CUSI           0.699         0.654         0.700         0.639         0.700
 DUSI           0.693         0.644         0.642         0.693         0.695


           Covariance Coverage
              BUSI          CUSI          DUSI
              ________      ________      ________
 BUSI           0.730
 CUSI           0.652         0.700
 DUSI           0.642         0.640         0.695


     PROPORTION OF DATA PRESENT FOR LATER


           Covariance Coverage
              ABFAS_OI      BBFAS_OI      CBFAS_OI      DBFAS_OI      AUSI
              ________      ________      ________      ________      ________
 ABFAS_OI       0.997
 BBFAS_OI       0.697         0.700
 CBFAS_OI       0.658         0.597         0.661
 DBFAS_OI       0.600         0.542         0.536         0.603
 AUSI           0.997         0.700         0.661         0.603         1.000
 BUSI           0.694         0.694         0.597         0.542         0.697
 CUSI           0.645         0.585         0.648         0.533         0.648
 DUSI           0.603         0.545         0.539         0.603         0.606


           Covariance Coverage
              BUSI          CUSI          DUSI
              ________      ________      ________
 BUSI           0.697
 CUSI           0.585         0.648
 DUSI           0.545         0.536         0.606


SAMPLE STATISTICS


     ESTIMATED SAMPLE STATISTICS FOR EARLIER


           Means
              ABFAS_OI      BBFAS_OI      CBFAS_OI      DBFAS_OI      AUSI
              ________      ________      ________      ________      ________
               75.974        75.306        75.290        75.593        30.923


           Means
              BUSI          CUSI          DUSI
              ________      ________      ________
               30.585        30.293        29.876


           Covariances
              ABFAS_OI      BBFAS_OI      CBFAS_OI      DBFAS_OI      AUSI
              ________      ________      ________      ________      ________
 ABFAS_OI     251.801
 BBFAS_OI     199.613       240.282
 CBFAS_OI     199.038       204.747       266.733
 DBFAS_OI     190.282       187.420       209.332       250.262
 AUSI         -53.142       -46.671       -49.569       -39.520       259.383
 BUSI         -61.123       -60.604       -61.234       -45.754       195.901
 CUSI         -54.203       -46.083       -60.074       -42.889       185.133
 DUSI         -47.059       -40.024       -55.052       -51.836       181.026


           Covariances
              BUSI          CUSI          DUSI
              ________      ________      ________
 BUSI         265.019
 CUSI         199.284       267.721
 DUSI         188.753       210.077       255.729


           Correlations
              ABFAS_OI      BBFAS_OI      CBFAS_OI      DBFAS_OI      AUSI
              ________      ________      ________      ________      ________
 ABFAS_OI       1.000
 BBFAS_OI       0.812         1.000
 CBFAS_OI       0.768         0.809         1.000
 DBFAS_OI       0.758         0.764         0.810         1.000
 AUSI          -0.208        -0.187        -0.188        -0.155         1.000
 BUSI          -0.237        -0.240        -0.230        -0.178         0.747
 CUSI          -0.209        -0.182        -0.225        -0.166         0.703
 DUSI          -0.185        -0.161        -0.211        -0.205         0.703


           Correlations
              BUSI          CUSI          DUSI
              ________      ________      ________
 BUSI           1.000
 CUSI           0.748         1.000
 DUSI           0.725         0.803         1.000


     ESTIMATED SAMPLE STATISTICS FOR LATER


           Means
              ABFAS_OI      BBFAS_OI      CBFAS_OI      DBFAS_OI      AUSI
              ________      ________      ________      ________      ________
               74.593        74.613        73.440        73.401        25.697


           Means
              BUSI          CUSI          DUSI
              ________      ________      ________
               24.937        25.325        26.046


           Covariances
              ABFAS_OI      BBFAS_OI      CBFAS_OI      DBFAS_OI      AUSI
              ________      ________      ________      ________      ________
 ABFAS_OI     258.000
 BBFAS_OI     205.035       244.005
 CBFAS_OI     213.970       213.417       263.836
 DBFAS_OI     217.949       216.285       234.557       272.670
 AUSI         -46.828       -36.278       -24.437       -34.021       253.959
 BUSI         -64.119       -57.204       -44.675       -68.450       204.681
 CUSI         -39.678       -36.065       -27.802       -48.445       213.402
 DUSI         -44.781       -44.056       -30.112       -52.534       192.605


           Covariances
              BUSI          CUSI          DUSI
              ________      ________      ________
 BUSI         269.222
 CUSI         213.071       283.436
 DUSI         196.837       217.878       253.758


           Correlations
              ABFAS_OI      BBFAS_OI      CBFAS_OI      DBFAS_OI      AUSI
              ________      ________      ________      ________      ________
 ABFAS_OI       1.000
 BBFAS_OI       0.817         1.000
 CBFAS_OI       0.820         0.841         1.000
 DBFAS_OI       0.822         0.839         0.875         1.000
 AUSI          -0.183        -0.146        -0.094        -0.129         1.000
 BUSI          -0.243        -0.223        -0.168        -0.253         0.783
 CUSI          -0.147        -0.137        -0.102        -0.174         0.795
 DUSI          -0.175        -0.177        -0.116        -0.200         0.759


           Correlations
              BUSI          CUSI          DUSI
              ________      ________      ________
 BUSI           1.000
 CUSI           0.771         1.000
 DUSI           0.753         0.812         1.000


     MAXIMUM LOG-LIKELIHOOD VALUE FOR THE UNRESTRICTED (H1) MODEL IS -20120.769


UNIVARIATE SAMPLE STATISTICS


     UNIVARIATE HIGHER-ORDER MOMENT DESCRIPTIVE STATISTICS FOR EARLIER

         Variable/         Mean/     Skewness/   Minimum/ % with                Percentiles
        Sample Size      Variance    Kurtosis    Maximum  Min/Max      20%/60%    40%/80%    Median

     ABFAS_OI             75.965      -0.573      15.000    0.19%      62.500     72.500     77.500
             533.000     252.091       0.018     100.000    5.44%      80.000     90.000
     BBFAS_OI             75.287      -0.411      32.500    0.51%      62.500     72.500     77.500
             393.000     234.524      -0.514     100.000    3.05%      80.000     90.000
     CBFAS_OI             75.119      -0.591      22.500    0.27%      62.500     72.500     77.500
             376.000     263.399      -0.050     100.000    4.26%      82.500     90.000
     DBFAS_OI             76.089      -0.554      20.000    0.27%      62.500     72.500     77.500
             371.000     236.764       0.027     100.000    4.58%      82.500     90.000
     AUSI                 30.923       0.113       0.000    3.18%      16.667     25.000     33.333
             534.000     259.383      -0.500      87.500    0.19%      33.333     45.833
     BUSI                 30.141      -0.033       0.000    4.36%      12.500     25.000     29.167
             390.000     265.019      -0.812      75.000    0.26%      33.333     45.833
     CUSI                 30.241       0.140       0.000    4.01%      16.667     25.000     29.167
             374.000     269.650      -0.570      75.000    0.27%      33.333     45.833
     DUSI                 29.344       0.220       0.000    3.23%      16.667     25.000     29.167
             371.000     253.246      -0.338      87.500    0.27%      33.333     45.000


     UNIVARIATE HIGHER-ORDER MOMENT DESCRIPTIVE STATISTICS FOR LATER

         Variable/         Mean/     Skewness/   Minimum/ % with                Percentiles
        Sample Size      Variance    Kurtosis    Maximum  Min/Max      20%/60%    40%/80%    Median

     ABFAS_OI             74.578      -0.503      17.500    0.30%      62.500     70.000     75.000
             329.000     258.521       0.068     100.000    5.17%      80.000     90.000
     BBFAS_OI             75.192      -0.685      22.500    0.43%      62.500     75.000     76.250
             230.000     244.617       0.436     100.000    4.78%      80.000     87.500
     CBFAS_OI             74.171      -0.547      20.000    0.47%      60.000     72.500     75.000
             214.000     258.979       0.103     100.000    2.80%      80.000     90.000
     DBFAS_OI             75.229      -0.856      15.000    0.50%      62.500     72.500     77.500
             199.000     273.344       0.582     100.000    4.02%      82.500     90.000
     AUSI                 25.686       0.241       0.000    6.69%      12.500     20.833     25.000
             329.000     253.947      -0.804      66.667    0.91%      29.167     41.667
     BUSI                 24.696       0.425       0.000    7.56%       8.333     20.833     25.000
             225.000     259.216      -0.312      75.000    0.44%      29.167     37.500
     CUSI                 25.649       0.503       0.000    4.72%       8.333     20.833     25.000
             212.000     274.327      -0.233      83.333    0.47%      29.167     41.667
     DUSI                 26.013       0.140       0.000    8.54%      12.500     20.833     25.000
             199.000     252.128      -0.757      62.500    0.50%      29.167     41.667


THE MODEL ESTIMATION TERMINATED NORMALLY



MODEL FIT INFORMATION

Number of Free Parameters                       34

Loglikelihood

          H0 Value                      -20147.048
          H0 Scaling Correction Factor      1.1841
            for MLR

Information Criteria

          Akaike (AIC)                   40362.096
          Bayesian (BIC)                 40523.990
          Sample-Size Adjusted BIC       40416.015
            (n* = (n + 2) / 24)



MODEL RESULTS

                                                    Two-Tailed
                    Estimate       S.E.  Est./S.E.    P-Value

Group EARLIER

 P1       BY
    ABFAS_OI           1.000      0.000    999.000    999.000

 P2       BY
    BBFAS_OI           1.000      0.000    999.000    999.000

 P3       BY
    CBFAS_OI           1.000      0.000    999.000    999.000

 P4       BY
    DBFAS_OI           1.000      0.000    999.000    999.000

 V1       BY
    AUSI               1.000      0.000    999.000    999.000

 V2       BY
    BUSI               1.000      0.000    999.000    999.000

 V3       BY
    CUSI               1.000      0.000    999.000    999.000

 V4       BY
    DUSI               1.000      0.000    999.000    999.000

 P4         ON
    P3                 0.226      0.072      3.125      0.002
    V3                -0.055      0.040     -1.374      0.169

 P3         ON
    P2                 0.226      0.072      3.125      0.002
    V2                -0.055      0.040     -1.374      0.169

 P2         ON
    P1                 0.226      0.072      3.125      0.002
    V1                -0.055      0.040     -1.374      0.169

 V4         ON
    V3                 0.187      0.057      3.264      0.001
    P3                -0.091      0.053     -1.713      0.087

 V3         ON
    V2                 0.187      0.057      3.264      0.001
    P2                -0.091      0.053     -1.713      0.087

 V2         ON
    V1                 0.187      0.057      3.264      0.001
    P1                -0.091      0.053     -1.713      0.087

 S_BFAS_O WITH
    I_BFAS_OI          0.131      0.611      0.215      0.830
    S_USI             -0.001      0.085     -0.009      0.993
    I_USI              0.635      1.629      0.390      0.697

 I_BFAS_O WITH
    S_USI             -0.985      1.638     -0.601      0.548
    I_USI            -42.591     10.854     -3.924      0.000

 S_USI    WITH
    I_USI              0.152      0.491      0.310      0.757

 P1       WITH
    V1                -4.344      5.396     -0.805      0.421

 P2       WITH
    V2               -11.969      3.509     -3.411      0.001

 P3       WITH
    V3               -11.969      3.509     -3.411      0.001

 P4       WITH
    V4               -11.969      3.509     -3.411      0.001

 Means
    P1                 0.000      0.000    999.000    999.000
    V1                 0.000      0.000    999.000    999.000
    I_BFAS_OI         75.262      0.517    145.456      0.000
    S_BFAS_OI         -0.065      0.046     -1.407      0.159
    I_USI             28.929      0.514     56.310      0.000
    S_USI             -0.256      0.046     -5.546      0.000

 Intercepts
    ABFAS_OI           0.000      0.000    999.000    999.000
    BBFAS_OI           0.000      0.000    999.000    999.000
    CBFAS_OI           0.000      0.000    999.000    999.000
    DBFAS_OI           0.000      0.000    999.000    999.000
    AUSI               0.000      0.000    999.000    999.000
    BUSI               0.000      0.000    999.000    999.000
    CUSI               0.000      0.000    999.000    999.000
    DUSI               0.000      0.000    999.000    999.000
    P2                 0.000      0.000    999.000    999.000
    P3                 0.000      0.000    999.000    999.000
    P4                 0.000      0.000    999.000    999.000
    V2                 0.000      0.000    999.000    999.000
    V3                 0.000      0.000    999.000    999.000
    V4                 0.000      0.000    999.000    999.000

 Variances
    P1                60.195      8.578      7.017      0.000
    V1                82.148      9.212      8.917      0.000
    I_BFAS_OI        180.290     13.949     12.925      0.000
    S_BFAS_OI          0.166      0.109      1.521      0.128
    I_USI            180.647     13.148     13.740      0.000
    S_USI              0.072      0.094      0.759      0.448

 Residual Variances
    ABFAS_OI           0.000      0.000    999.000    999.000
    BBFAS_OI           0.000      0.000    999.000    999.000
    CBFAS_OI           0.000      0.000    999.000    999.000
    DBFAS_OI           0.000      0.000    999.000    999.000
    AUSI               0.000      0.000    999.000    999.000
    BUSI               0.000      0.000    999.000    999.000
    CUSI               0.000      0.000    999.000    999.000
    DUSI               0.000      0.000    999.000    999.000
    P2                59.418      5.540     10.726      0.000
    P3                59.418      5.540     10.726      0.000
    P4                59.418      5.540     10.726      0.000
    V2                72.199      5.592     12.910      0.000
    V3                72.199      5.592     12.910      0.000
    V4                72.199      5.592     12.910      0.000

Group LATER

 P1       BY
    ABFAS_OI           1.000      0.000    999.000    999.000

 P2       BY
    BBFAS_OI           1.000      0.000    999.000    999.000

 P3       BY
    CBFAS_OI           1.000      0.000    999.000    999.000

 P4       BY
    DBFAS_OI           1.000      0.000    999.000    999.000

 V1       BY
    AUSI               1.000      0.000    999.000    999.000

 V2       BY
    BUSI               1.000      0.000    999.000    999.000

 V3       BY
    CUSI               1.000      0.000    999.000    999.000

 V4       BY
    DUSI               1.000      0.000    999.000    999.000

 P4         ON
    P3                 0.068      0.081      0.829      0.407
    V3                -0.030      0.051     -0.587      0.557

 P3         ON
    P2                 0.068      0.081      0.829      0.407
    V2                -0.030      0.051     -0.587      0.557

 P2         ON
    P1                 0.068      0.081      0.829      0.407
    V1                -0.030      0.051     -0.587      0.557

 V4         ON
    V3                 0.108      0.086      1.259      0.208
    P3                -0.027      0.080     -0.333      0.739

 V3         ON
    V2                 0.108      0.086      1.259      0.208
    P2                -0.027      0.080     -0.333      0.739

 V2         ON
    V1                 0.108      0.086      1.259      0.208
    P1                -0.027      0.080     -0.333      0.739

 S_BFAS_O WITH
    I_BFAS_OI          0.131      0.611      0.215      0.830
    S_USI             -0.001      0.085     -0.009      0.993
    I_USI              0.635      1.629      0.390      0.697

 I_BFAS_O WITH
    S_USI             -0.985      1.638     -0.601      0.548
    I_USI            -42.591     10.854     -3.924      0.000

 S_USI    WITH
    I_USI              0.152      0.491      0.310      0.757

 P1       WITH
    V1                -9.788      6.221     -1.573      0.116

 P2       WITH
    V2                -2.327      3.317     -0.702      0.483

 P3       WITH
    V3                -2.327      3.317     -0.702      0.483

 P4       WITH
    V4                -2.327      3.317     -0.702      0.483

 Means
    P1                 0.000      0.000    999.000    999.000
    V1                 0.000      0.000    999.000    999.000
    I_BFAS_OI         75.262      0.517    145.456      0.000
    S_BFAS_OI         -0.065      0.046     -1.407      0.159
    I_USI             28.929      0.514     56.310      0.000
    S_USI             -0.256      0.046     -5.546      0.000

 Intercepts
    ABFAS_OI           0.000      0.000    999.000    999.000
    BBFAS_OI           0.000      0.000    999.000    999.000
    CBFAS_OI           0.000      0.000    999.000    999.000
    DBFAS_OI           0.000      0.000    999.000    999.000
    AUSI               0.000      0.000    999.000    999.000
    BUSI               0.000      0.000    999.000    999.000
    CUSI               0.000      0.000    999.000    999.000
    DUSI               0.000      0.000    999.000    999.000
    P2                 0.000      0.000    999.000    999.000
    P3                 0.000      0.000    999.000    999.000
    P4                 0.000      0.000    999.000    999.000
    V2                 0.000      0.000    999.000    999.000
    V3                 0.000      0.000    999.000    999.000
    V4                 0.000      0.000    999.000    999.000

 Variances
    P1                54.494      7.664      7.110      0.000
    V1                55.676      8.228      6.767      0.000
    I_BFAS_OI        180.290     13.949     12.925      0.000
    S_BFAS_OI          0.166      0.109      1.521      0.128
    I_USI            180.647     13.148     13.740      0.000
    S_USI              0.072      0.094      0.759      0.448

 Residual Variances
    ABFAS_OI           0.000      0.000    999.000    999.000
    BBFAS_OI           0.000      0.000    999.000    999.000
    CBFAS_OI           0.000      0.000    999.000    999.000
    DBFAS_OI           0.000      0.000    999.000    999.000
    AUSI               0.000      0.000    999.000    999.000
    BUSI               0.000      0.000    999.000    999.000
    CUSI               0.000      0.000    999.000    999.000
    DUSI               0.000      0.000    999.000    999.000
    P2                40.814      4.452      9.168      0.000
    P3                40.814      4.452      9.168      0.000
    P4                40.814      4.452      9.168      0.000
    V2                64.591      7.022      9.199      0.000
    V3                64.591      7.022      9.199      0.000
    V4                64.591      7.022      9.199      0.000


QUALITY OF NUMERICAL RESULTS

     Condition Number for the Information Matrix              0.218E-04
       (ratio of smallest to largest eigenvalue)


     Beginning Time:  17:42:35
        Ending Time:  17:43:18
       Elapsed Time:  00:00:43



MUTHEN & MUTHEN
3463 Stoner Ave.
Los Angeles, CA  90066

Tel: (310) 391-9971
Fax: (310) 391-8971
Web: www.StatModel.com
Support: Support@StatModel.com

Copyright (c) 1998-2017 Muthen & Muthen
