Mplus VERSION 8 (Linux)
MUTHEN & MUTHEN
07/07/2018   4:12 PM

INPUT INSTRUCTIONS


  title: PxVx Bivariate LCM-SR - post mi - Linear bfi_e with Linear vrt_ind;
  data: file = /home/jflournoy/code_new/lnt_pxvx/Data/lnt_nat_recalc.tsv;

  variable:
  names =
  subjid
  aage
  aaspfin
  aaspfin_d
  abfa_mt
  abfa_mt_d
  abfas_ac
  abfas_ap
  abfas_ci
  abfas_co
  abfas_ea
  abfas_ee
  abfas_nv
  abfas_nv9
  abfas_nw
  abfas_oi
  abfas_oo
  abfi_a
  abfi_a6
  abfi_c
  abfi_d_scale
  abfi_e
  abfi_hp8
  abfi_n
  abfi_o
  abfi_s_scale
  ahrz_col
  ahrz_col_d
  ahrz_ind
  ahrz_ind_d
  amvi
  ausi
  ausi_d
  avrt_col
  avrt_col_d
  avrt_ind
  avrt_ind_d
  bage
  baspfin
  baspfin_d
  bbfa_mt
  bbfa_mt_d
  bbfas_ac
  bbfas_ap
  bbfas_ci
  bbfas_co
  bbfas_ea
  bbfas_ee
  bbfas_nv
  bbfas_nv9
  bbfas_nw
  bbfas_oi
  bbfas_oo
  bbfi_a
  bbfi_a6
  bbfi_c
  bbfi_d_scale
  bbfi_e
  bbfi_hp8
  bbfi_n
  bbfi_o
  bbfi_s_scale
  bhrz_col
  bhrz_col_d
  bhrz_ind
  bhrz_ind_d
  bmvi
  busi
  busi_d
  bvrt_col
  bvrt_col_d
  bvrt_ind
  bvrt_ind_d
  cage
  caspfin
  caspfin_d
  cbfa_mt
  cbfa_mt_d
  cbfas_ac
  cbfas_ap
  cbfas_ci
  cbfas_co
  cbfas_ea
  cbfas_ee
  cbfas_nv
  cbfas_nv9
  cbfas_nw
  cbfas_oi
  cbfas_oo
  cbfi_a
  cbfi_a6
  cbfi_c
  cbfi_d_scale
  cbfi_e
  cbfi_hp8
  cbfi_n
  cbfi_o
  cbfi_s_scale
  chrz_col
  chrz_col_d
  chrz_ind
  chrz_ind_d
  cmvi
  cusi
  cusi_d
  cvrt_col
  cvrt_col_d
  cvrt_ind
  cvrt_ind_d
  dage
  daspfin
  daspfin_d
  dbfa_mt
  dbfa_mt_d
  dbfas_ac
  dbfas_ap
  dbfas_ci
  dbfas_co
  dbfas_ea
  dbfas_ee
  dbfas_nv
  dbfas_nv9
  dbfas_nw
  dbfas_oi
  dbfas_oo
  dbfi_a
  dbfi_a6
  dbfi_c
  dbfi_d_scale
  dbfi_e
  dbfi_hp8
  dbfi_n
  dbfi_o
  dbfi_s_scale
  dhrz_col
  dhrz_col_d
  dhrz_ind
  dhrz_ind_d
  dmvi
  dusi
  dusi_d
  dvrt_col
  dvrt_col_d
  dvrt_ind
  dvrt_ind_d;

  USEVARIABLES =
  abfi_e
  bbfi_e
  cbfi_e
  dbfi_e
  avrt_ind
  bvrt_ind
  cvrt_ind
  dvrt_ind
  a1
  a2
  a3
  a4
  ;

  missing = all (-9999);

  tscores = a1 a2 a3 a4;

  DEFINE:
  a1 = aage + 0 - 36;
  a2 = aage + 1 - 36;
  a3 = aage + 2 - 36;
  a4 = aage + 3 - 36;

  ANALYSIS:
  TYPE=RANDOM;
  PROCESSORS = 6;
  model=nocovariances; ! supresses default estimation of certain covs in model;

  MODEL:

  i_bfi_e s_bfi_e | abfi_e bbfi_e cbfi_e dbfi_e AT a1 a2 a3 a4;
  i_vrt_ind s_vrt_ind | avrt_ind bvrt_ind cvrt_ind dvrt_ind AT a1 a2 a3 a4;

  ! freeing factor covs because of "nocovariances"
  s_bfi_e WITH i_bfi_e s_vrt_ind i_vrt_ind;
  i_bfi_e WITH s_vrt_ind i_vrt_ind;
  s_vrt_ind WITH i_vrt_ind;

  p1 BY abfi_e@1; ! Residual "factors";
  p2 BY bbfi_e@1;
  p3 BY cbfi_e@1;
  p4 BY dbfi_e@1;

  v1 BY avrt_ind@1; ! Residual "factors";
  v2 BY bvrt_ind@1;
  v3 BY cvrt_ind@1;
  v4 BY dvrt_ind@1;

  !residual variances on observed/manifest vars set to 0
  abfi_e@0;
  bbfi_e@0;
  cbfi_e@0;
  dbfi_e@0;

  !residual variances on observed/manifest vars set to 0
  avrt_ind@0;
  bvrt_ind@0;
  cvrt_ind@0;
  dvrt_ind@0;

  ! means of observed/manifest vars set to 0
  [abfi_e@0];
  [bbfi_e@0];
  [cbfi_e@0];
  [dbfi_e@0];

  ! means of observed/manifest vars set to 0
  [avrt_ind@0];
  [bvrt_ind@0];
  [cvrt_ind@0];
  [dvrt_ind@0];

  [p1@0]; ! means of residual "factors" set to 0
  [p2@0];
  [p3@0];
  [p4@0];

  [v1@0]; ! means of residual "factors" set to 0
  [v2@0];
  [v3@0];
  [v4@0];

  p4 on p3 (a); ! Autoregressive paths constrained to equality
  p3 on p2 (a);
  p2 on p1 (a);

  v4 on v3 (b); ! Autoregressive paths constrained to equality
  v3 on v2 (b);
  v2 on v1 (b);

  p4 on v3 (c); ! Cross-lagged paths constrained to equality
  p3 on v2 (c);
  p2 on v1 (c);

  v4 on p3 (d); ! Cross-lagged paths constrained to equality
  v3 on p2 (d);
  v2 on p1 (d);

  p1 with v1; !(this one is not like the others)

  p2 with v2 (e); ! Within-wave correlations constrained to equality
  p3 with v3 (e);
  p4 with v4 (e);

  p2 p3 p4 (f); ! estimate variances of residual "factors"
  v2 v3 v4 (g); ! estimate variances of residual "factors"

  OUTPUT: SAMPSTAT PATTERNS;



*** WARNING
  Data set contains cases with missing on time scores but non-missing on the
  corresponding dependent variables.  These cases were not included in the analysis.
  Number of such cases:  5
   1 WARNING(S) FOUND IN THE INPUT INSTRUCTIONS



PxVx Bivariate LCM-SR - post mi - Linear bfi_e with Linear vrt_ind;

SUMMARY OF ANALYSIS

Number of groups                                                 1
Number of observations                                         864

Number of dependent variables                                    8
Number of independent variables                                  0
Number of continuous latent variables                           12

Observed dependent variables

  Continuous
   ABFI_E      BBFI_E      CBFI_E      DBFI_E      AVRT_IND    BVRT_IND
   CVRT_IND    DVRT_IND

Continuous latent variables
   P1          P2          P3          P4          V1          V2
   V3          V4          I_BFI_E     S_BFI_E     I_VRT_IN    S_VRT_IN

Variables with special functions

  Time scores
   A1          A2          A3          A4


Estimator                                                      MLR
Information matrix                                        OBSERVED
Maximum number of iterations                                   100
Convergence criterion                                    0.100D-05
Maximum number of EM iterations                                500
Convergence criteria for the EM algorithm
  Loglikelihood change                                   0.100D-02
  Relative loglikelihood change                          0.100D-05
  Derivative                                             0.100D-03
Minimum variance                                         0.100D-03
Maximum number of steepest descent iterations                   20
Maximum number of iterations for H1                           2000
Convergence criterion for H1                             0.100D-03
Optimization algorithm                                         EMA

Input data file(s)
  /home/jflournoy/code_new/lnt_pxvx/Data/lnt_nat_recalc.tsv
Input data format  FREE


SUMMARY OF DATA

     Number of missing data patterns            20


SUMMARY OF MISSING DATA PATTERNS


     MISSING DATA PATTERNS (x = not missing)

           1  2  3  4  5  6  7  8  9 10 11 12 13 14 15 16 17 18 19 20
 ABFI_E    x  x  x  x  x  x  x  x  x  x  x  x  x     x  x  x  x  x  x
 BBFI_E    x     x  x     x     x     x  x  x  x        x     x
 CBFI_E    x           x  x     x  x     x  x  x           x  x  x
 DBFI_E    x     x     x  x  x           x     x  x     x        x  x
 AVRT_IND  x  x  x  x  x  x  x  x  x  x  x  x  x  x     x  x  x  x  x
 BVRT_IND  x     x  x     x     x        x  x                 x
 CVRT_IND  x           x        x  x     x     x              x  x
 DVRT_IND  x     x     x  x  x                 x  x     x     x


     MISSING DATA PATTERN FREQUENCIES

    Pattern   Frequency     Pattern   Frequency     Pattern   Frequency
          1         492           8          45          15           1
          2         168           9          21          16           1
          3          26          10           4          17           1
          4          48          11           1          18           1
          5          21          12           1          19           2
          6           2          13           3          20           2
          7          23          14           1


COVARIANCE COVERAGE OF DATA

Minimum covariance coverage value   0.100


     PROPORTION OF DATA PRESENT


           Covariance Coverage
              ABFI_E        BBFI_E        CBFI_E        DBFI_E        AVRT_IND
              ________      ________      ________      ________      ________
 ABFI_E         0.999
 BBFI_E         0.722         0.722
 CBFI_E         0.683         0.631         0.683
 DBFI_E         0.663         0.608         0.603         0.664
 AVRT_IND       0.998         0.722         0.683         0.664         0.999
 BVRT_IND       0.713         0.713         0.627         0.603         0.713
 CVRT_IND       0.678         0.627         0.678         0.601         0.678
 DVRT_IND       0.659         0.608         0.601         0.659         0.660


           Covariance Coverage
              BVRT_IND      CVRT_IND      DVRT_IND
              ________      ________      ________
 BVRT_IND       0.713
 CVRT_IND       0.624         0.678
 DVRT_IND       0.603         0.598         0.660


SAMPLE STATISTICS


     ESTIMATED SAMPLE STATISTICS


           Means
              ABFI_E        BBFI_E        CBFI_E        DBFI_E        AVRT_IND
              ________      ________      ________      ________      ________
               54.904        54.536        54.227        53.831        47.223


           Means
              BVRT_IND      CVRT_IND      DVRT_IND
              ________      ________      ________
               47.097        46.441        46.374


           Covariances
              ABFI_E        BBFI_E        CBFI_E        DBFI_E        AVRT_IND
              ________      ________      ________      ________      ________
 ABFI_E       492.944
 BBFI_E       422.999       478.043
 CBFI_E       415.792       415.021       469.266
 DBFI_E       407.556       402.800       418.726       481.204
 AVRT_IND      18.154        18.684         7.274        13.226       371.018
 BVRT_IND      20.378        24.533        20.294        16.346       248.516
 CVRT_IND      42.926        53.896        46.440        41.586       244.204
 DVRT_IND      29.179        40.150        29.333        26.283       242.070


           Covariances
              BVRT_IND      CVRT_IND      DVRT_IND
              ________      ________      ________
 BVRT_IND     350.073
 CVRT_IND     258.493       382.151
 DVRT_IND     257.209       277.687       376.551


           Correlations
              ABFI_E        BBFI_E        CBFI_E        DBFI_E        AVRT_IND
              ________      ________      ________      ________      ________
 ABFI_E         1.000
 BBFI_E         0.871         1.000
 CBFI_E         0.865         0.876         1.000
 DBFI_E         0.837         0.840         0.881         1.000
 AVRT_IND       0.042         0.044         0.017         0.031         1.000
 BVRT_IND       0.049         0.060         0.050         0.040         0.690
 CVRT_IND       0.099         0.126         0.110         0.097         0.649
 DVRT_IND       0.068         0.095         0.070         0.062         0.648


           Correlations
              BVRT_IND      CVRT_IND      DVRT_IND
              ________      ________      ________
 BVRT_IND       1.000
 CVRT_IND       0.707         1.000
 DVRT_IND       0.708         0.732         1.000


     MAXIMUM LOG-LIKELIHOOD VALUE FOR THE UNRESTRICTED (H1) MODEL IS -21385.069


UNIVARIATE SAMPLE STATISTICS


     UNIVARIATE HIGHER-ORDER MOMENT DESCRIPTIVE STATISTICS

         Variable/         Mean/     Skewness/   Minimum/ % with                Percentiles
        Sample Size      Variance    Kurtosis    Maximum  Min/Max      20%/60%    40%/80%    Median

     ABFI_E               54.902      -0.133       0.000    0.23%      34.375     50.000     56.250
             863.000     493.337      -0.606     100.000    0.93%      62.500     75.000
     BBFI_E               53.542      -0.090       0.000    0.32%      34.375     50.000     53.125
             624.000     478.180      -0.583     100.000    0.80%      59.375     75.000
     CBFI_E               53.437      -0.089       0.000    0.17%      34.375     50.000     53.125
             590.000     483.902      -0.545     100.000    1.36%      59.375     71.875
     DBFI_E               53.438      -0.068       0.000    0.52%      34.375     46.875     53.125
             574.000     496.016      -0.566     100.000    1.22%      59.375     71.875
     AVRT_IND             47.224       0.122       0.000    0.46%      31.250     43.750     43.750
             863.000     371.019      -0.306     100.000    0.58%      50.000     62.500
     BVRT_IND             47.247       0.187       0.000    0.16%      31.250     43.750     46.875
             616.000     350.043      -0.298     100.000    0.81%      50.000     62.500
     CVRT_IND             46.516       0.269       6.250    1.02%      31.250     37.500     43.750
             586.000     384.026      -0.375     100.000    0.68%      50.000     62.500
     DVRT_IND             46.462       0.204       0.000    0.18%      31.250     37.500     43.750
             570.000     376.173      -0.400     100.000    0.53%      50.000     62.500


THE MODEL ESTIMATION TERMINATED NORMALLY



MODEL FIT INFORMATION

Number of Free Parameters                       24

Loglikelihood

          H0 Value                      -21375.592
          H0 Scaling Correction Factor      1.1656
            for MLR

Information Criteria

          Akaike (AIC)                   42799.183
          Bayesian (BIC)                 42913.461
          Sample-Size Adjusted BIC       42837.243
            (n* = (n + 2) / 24)



MODEL RESULTS

                                                    Two-Tailed
                    Estimate       S.E.  Est./S.E.    P-Value

 P1       BY
    ABFI_E             1.000      0.000    999.000    999.000

 P2       BY
    BBFI_E             1.000      0.000    999.000    999.000

 P3       BY
    CBFI_E             1.000      0.000    999.000    999.000

 P4       BY
    DBFI_E             1.000      0.000    999.000    999.000

 V1       BY
    AVRT_IND           1.000      0.000    999.000    999.000

 V2       BY
    BVRT_IND           1.000      0.000    999.000    999.000

 V3       BY
    CVRT_IND           1.000      0.000    999.000    999.000

 V4       BY
    DVRT_IND           1.000      0.000    999.000    999.000

 P4         ON
    P3                 0.213      0.063      3.378      0.001
    V3                 0.006      0.030      0.206      0.837

 P3         ON
    P2                 0.213      0.063      3.378      0.001
    V2                 0.006      0.030      0.206      0.837

 P2         ON
    P1                 0.213      0.063      3.378      0.001
    V1                 0.006      0.030      0.206      0.837

 V4         ON
    V3                 0.103      0.052      1.978      0.048
    P3                 0.034      0.057      0.591      0.554

 V3         ON
    V2                 0.103      0.052      1.978      0.048
    P2                 0.034      0.057      0.591      0.554

 V2         ON
    V1                 0.103      0.052      1.978      0.048
    P1                 0.034      0.057      0.591      0.554

 S_BFI_E  WITH
    I_BFI_E           -1.946      0.923     -2.108      0.035
    S_VRT_IND          0.003      0.111      0.029      0.977
    I_VRT_IND         -2.764      2.445     -1.131      0.258

 I_BFI_E  WITH
    S_VRT_IND          1.630      2.586      0.630      0.528
    I_VRT_IND         32.918     16.625      1.980      0.048

 S_VRT_IN WITH
    I_VRT_IND         -2.030      0.715     -2.837      0.005

 P1       WITH
    V1                 4.797      6.681      0.718      0.473

 P2       WITH
    V2                 1.186      3.800      0.312      0.755

 P3       WITH
    V3                 1.186      3.800      0.312      0.755

 P4       WITH
    V4                 1.186      3.800      0.312      0.755

 Means
    P1                 0.000      0.000    999.000    999.000
    V1                 0.000      0.000    999.000    999.000
    I_BFI_E           54.293      0.720     75.379      0.000
    S_BFI_E            0.171      0.064      2.651      0.008
    I_VRT_IND         47.185      0.591     79.896      0.000
    S_VRT_IND         -0.315      0.054     -5.822      0.000

 Intercepts
    ABFI_E             0.000      0.000    999.000    999.000
    BBFI_E             0.000      0.000    999.000    999.000
    CBFI_E             0.000      0.000    999.000    999.000
    DBFI_E             0.000      0.000    999.000    999.000
    AVRT_IND           0.000      0.000    999.000    999.000
    BVRT_IND           0.000      0.000    999.000    999.000
    CVRT_IND           0.000      0.000    999.000    999.000
    DVRT_IND           0.000      0.000    999.000    999.000
    P2                 0.000      0.000    999.000    999.000
    P3                 0.000      0.000    999.000    999.000
    P4                 0.000      0.000    999.000    999.000
    V2                 0.000      0.000    999.000    999.000
    V3                 0.000      0.000    999.000    999.000
    V4                 0.000      0.000    999.000    999.000

 Variances
    P1                78.178      7.616     10.265      0.000
    V1               141.262     11.988     11.783      0.000
    I_BFI_E          377.907     24.634     15.341      0.000
    S_BFI_E            0.245      0.160      1.536      0.125
    I_VRT_IND        223.267     18.051     12.369      0.000
    S_VRT_IND          0.134      0.118      1.132      0.257

 Residual Variances
    ABFI_E             0.000      0.000    999.000    999.000
    BBFI_E             0.000      0.000    999.000    999.000
    CBFI_E             0.000      0.000    999.000    999.000
    DBFI_E             0.000      0.000    999.000    999.000
    AVRT_IND           0.000      0.000    999.000    999.000
    BVRT_IND           0.000      0.000    999.000    999.000
    CVRT_IND           0.000      0.000    999.000    999.000
    DVRT_IND           0.000      0.000    999.000    999.000
    P2                71.847      4.990     14.397      0.000
    P3                71.847      4.990     14.397      0.000
    P4                71.847      4.990     14.397      0.000
    V2               114.293      6.991     16.350      0.000
    V3               114.293      6.991     16.350      0.000
    V4               114.293      6.991     16.350      0.000


QUALITY OF NUMERICAL RESULTS

     Condition Number for the Information Matrix              0.376E-04
       (ratio of smallest to largest eigenvalue)


     Beginning Time:  16:12:50
        Ending Time:  16:12:52
       Elapsed Time:  00:00:02



MUTHEN & MUTHEN
3463 Stoner Ave.
Los Angeles, CA  90066

Tel: (310) 391-9971
Fax: (310) 391-8971
Web: www.StatModel.com
Support: Support@StatModel.com

Copyright (c) 1998-2017 Muthen & Muthen
