Mplus VERSION 8 (Linux)
MUTHEN & MUTHEN
07/07/2018   4:11 PM

INPUT INSTRUCTIONS


  title: PxVx Bivariate LCM-SR - post mi - Linear bfi_e with Linear mvi;
  data: file = /home/jflournoy/code_new/lnt_pxvx/Data/lnt_nat_recalc.tsv;

  variable:
  names =
  subjid
  aage
  aaspfin
  aaspfin_d
  abfa_mt
  abfa_mt_d
  abfas_ac
  abfas_ap
  abfas_ci
  abfas_co
  abfas_ea
  abfas_ee
  abfas_nv
  abfas_nv9
  abfas_nw
  abfas_oi
  abfas_oo
  abfi_a
  abfi_a6
  abfi_c
  abfi_d_scale
  abfi_e
  abfi_hp8
  abfi_n
  abfi_o
  abfi_s_scale
  ahrz_col
  ahrz_col_d
  ahrz_ind
  ahrz_ind_d
  amvi
  ausi
  ausi_d
  avrt_col
  avrt_col_d
  avrt_ind
  avrt_ind_d
  bage
  baspfin
  baspfin_d
  bbfa_mt
  bbfa_mt_d
  bbfas_ac
  bbfas_ap
  bbfas_ci
  bbfas_co
  bbfas_ea
  bbfas_ee
  bbfas_nv
  bbfas_nv9
  bbfas_nw
  bbfas_oi
  bbfas_oo
  bbfi_a
  bbfi_a6
  bbfi_c
  bbfi_d_scale
  bbfi_e
  bbfi_hp8
  bbfi_n
  bbfi_o
  bbfi_s_scale
  bhrz_col
  bhrz_col_d
  bhrz_ind
  bhrz_ind_d
  bmvi
  busi
  busi_d
  bvrt_col
  bvrt_col_d
  bvrt_ind
  bvrt_ind_d
  cage
  caspfin
  caspfin_d
  cbfa_mt
  cbfa_mt_d
  cbfas_ac
  cbfas_ap
  cbfas_ci
  cbfas_co
  cbfas_ea
  cbfas_ee
  cbfas_nv
  cbfas_nv9
  cbfas_nw
  cbfas_oi
  cbfas_oo
  cbfi_a
  cbfi_a6
  cbfi_c
  cbfi_d_scale
  cbfi_e
  cbfi_hp8
  cbfi_n
  cbfi_o
  cbfi_s_scale
  chrz_col
  chrz_col_d
  chrz_ind
  chrz_ind_d
  cmvi
  cusi
  cusi_d
  cvrt_col
  cvrt_col_d
  cvrt_ind
  cvrt_ind_d
  dage
  daspfin
  daspfin_d
  dbfa_mt
  dbfa_mt_d
  dbfas_ac
  dbfas_ap
  dbfas_ci
  dbfas_co
  dbfas_ea
  dbfas_ee
  dbfas_nv
  dbfas_nv9
  dbfas_nw
  dbfas_oi
  dbfas_oo
  dbfi_a
  dbfi_a6
  dbfi_c
  dbfi_d_scale
  dbfi_e
  dbfi_hp8
  dbfi_n
  dbfi_o
  dbfi_s_scale
  dhrz_col
  dhrz_col_d
  dhrz_ind
  dhrz_ind_d
  dmvi
  dusi
  dusi_d
  dvrt_col
  dvrt_col_d
  dvrt_ind
  dvrt_ind_d;

  USEVARIABLES =
  abfi_e
  bbfi_e
  cbfi_e
  dbfi_e
  amvi
  bmvi
  cmvi
  dmvi
  a1
  a2
  a3
  a4
  ;

  missing = all (-9999);

  tscores = a1 a2 a3 a4;

  DEFINE:
  a1 = aage + 0 - 36;
  a2 = aage + 1 - 36;
  a3 = aage + 2 - 36;
  a4 = aage + 3 - 36;

  ANALYSIS:
  TYPE=RANDOM;
  PROCESSORS = 6;
  model=nocovariances; ! supresses default estimation of certain covs in model;

  MODEL:

  i_bfi_e s_bfi_e | abfi_e bbfi_e cbfi_e dbfi_e AT a1 a2 a3 a4;
  i_mvi s_mvi | amvi bmvi cmvi dmvi AT a1 a2 a3 a4;

  ! freeing factor covs because of "nocovariances"
  s_bfi_e WITH i_bfi_e s_mvi i_mvi;
  i_bfi_e WITH s_mvi i_mvi;
  s_mvi WITH i_mvi;

  p1 BY abfi_e@1; ! Residual "factors";
  p2 BY bbfi_e@1;
  p3 BY cbfi_e@1;
  p4 BY dbfi_e@1;

  v1 BY amvi@1; ! Residual "factors";
  v2 BY bmvi@1;
  v3 BY cmvi@1;
  v4 BY dmvi@1;

  !residual variances on observed/manifest vars set to 0
  abfi_e@0;
  bbfi_e@0;
  cbfi_e@0;
  dbfi_e@0;

  !residual variances on observed/manifest vars set to 0
  amvi@0;
  bmvi@0;
  cmvi@0;
  dmvi@0;

  ! means of observed/manifest vars set to 0
  [abfi_e@0];
  [bbfi_e@0];
  [cbfi_e@0];
  [dbfi_e@0];

  ! means of observed/manifest vars set to 0
  [amvi@0];
  [bmvi@0];
  [cmvi@0];
  [dmvi@0];

  [p1@0]; ! means of residual "factors" set to 0
  [p2@0];
  [p3@0];
  [p4@0];

  [v1@0]; ! means of residual "factors" set to 0
  [v2@0];
  [v3@0];
  [v4@0];

  p4 on p3 (a); ! Autoregressive paths constrained to equality
  p3 on p2 (a);
  p2 on p1 (a);

  v4 on v3 (b); ! Autoregressive paths constrained to equality
  v3 on v2 (b);
  v2 on v1 (b);

  p4 on v3 (c); ! Cross-lagged paths constrained to equality
  p3 on v2 (c);
  p2 on v1 (c);

  v4 on p3 (d); ! Cross-lagged paths constrained to equality
  v3 on p2 (d);
  v2 on p1 (d);

  p1 with v1; !(this one is not like the others)

  p2 with v2 (e); ! Within-wave correlations constrained to equality
  p3 with v3 (e);
  p4 with v4 (e);

  p2 p3 p4 (f); ! estimate variances of residual "factors"
  v2 v3 v4 (g); ! estimate variances of residual "factors"

  OUTPUT: SAMPSTAT PATTERNS;



*** WARNING
  Data set contains cases with missing on time scores but non-missing on the
  corresponding dependent variables.  These cases were not included in the analysis.
  Number of such cases:  5
   1 WARNING(S) FOUND IN THE INPUT INSTRUCTIONS



PxVx Bivariate LCM-SR - post mi - Linear bfi_e with Linear mvi;

SUMMARY OF ANALYSIS

Number of groups                                                 1
Number of observations                                         864

Number of dependent variables                                    8
Number of independent variables                                  0
Number of continuous latent variables                           12

Observed dependent variables

  Continuous
   ABFI_E      BBFI_E      CBFI_E      DBFI_E      AMVI        BMVI
   CMVI        DMVI

Continuous latent variables
   P1          P2          P3          P4          V1          V2
   V3          V4          I_BFI_E     S_BFI_E     I_MVI       S_MVI

Variables with special functions

  Time scores
   A1          A2          A3          A4


Estimator                                                      MLR
Information matrix                                        OBSERVED
Maximum number of iterations                                   100
Convergence criterion                                    0.100D-05
Maximum number of EM iterations                                500
Convergence criteria for the EM algorithm
  Loglikelihood change                                   0.100D-02
  Relative loglikelihood change                          0.100D-05
  Derivative                                             0.100D-03
Minimum variance                                         0.100D-03
Maximum number of steepest descent iterations                   20
Maximum number of iterations for H1                           2000
Convergence criterion for H1                             0.100D-03
Optimization algorithm                                         EMA

Input data file(s)
  /home/jflournoy/code_new/lnt_pxvx/Data/lnt_nat_recalc.tsv
Input data format  FREE


SUMMARY OF DATA

     Number of missing data patterns            16


SUMMARY OF MISSING DATA PATTERNS


     MISSING DATA PATTERNS (x = not missing)

           1  2  3  4  5  6  7  8  9 10 11 12 13 14 15 16
 ABFI_E    x  x  x  x  x  x  x  x  x  x  x  x     x  x  x
 BBFI_E    x     x  x        x     x  x  x  x
 CBFI_E    x           x     x  x     x     x        x
 DBFI_E    x     x     x  x           x     x  x     x  x
 AMVI      x  x  x  x  x  x  x  x     x  x  x  x     x  x
 BMVI      x     x  x        x     x  x
 CMVI      x           x     x  x     x     x        x
 DMVI      x     x     x  x                 x  x


     MISSING DATA PATTERN FREQUENCIES

    Pattern   Frequency     Pattern   Frequency     Pattern   Frequency
          1         495           7          47          13           1
          2         168           8          22          14           1
          3          27           9           1          15           2
          4          48          10           1          16           2
          5          21          11           3
          6          23          12           2


COVARIANCE COVERAGE OF DATA

Minimum covariance coverage value   0.100


     PROPORTION OF DATA PRESENT


           Covariance Coverage
              ABFI_E        BBFI_E        CBFI_E        DBFI_E        AMVI
              ________      ________      ________      ________      ________
 ABFI_E         0.999
 BBFI_E         0.722         0.722
 CBFI_E         0.683         0.631         0.683
 DBFI_E         0.663         0.608         0.603         0.664
 AMVI           0.997         0.721         0.683         0.664         0.998
 BMVI           0.716         0.716         0.628         0.605         0.715
 CMVI           0.683         0.631         0.683         0.603         0.683
 DMVI           0.657         0.606         0.600         0.659         0.659


           Covariance Coverage
              BMVI          CMVI          DMVI
              ________      ________      ________
 BMVI           0.716
 CMVI           0.628         0.683
 DMVI           0.604         0.600         0.659


SAMPLE STATISTICS


     ESTIMATED SAMPLE STATISTICS


           Means
              ABFI_E        BBFI_E        CBFI_E        DBFI_E        AMVI
              ________      ________      ________      ________      ________
               54.903        54.555        54.222        53.815        64.671


           Means
              BMVI          CMVI          DMVI
              ________      ________      ________
               64.225        64.313        64.084


           Covariances
              ABFI_E        BBFI_E        CBFI_E        DBFI_E        AMVI
              ________      ________      ________      ________      ________
 ABFI_E       492.937
 BBFI_E       423.054       478.037
 CBFI_E       416.465       415.613       470.412
 DBFI_E       407.900       402.951       419.423       481.647
 AMVI          -1.828        -5.287        -4.629        -8.754        63.944
 BMVI          -7.559        -7.726        -5.734        -7.268        49.608
 CMVI          -8.367       -12.094       -11.268       -12.582        48.250
 DMVI          -3.075        -4.535        -2.950        -2.469        45.115


           Covariances
              BMVI          CMVI          DMVI
              ________      ________      ________
 BMVI          63.027
 CMVI          51.825        69.375
 DMVI          48.562        51.671        60.784


           Correlations
              ABFI_E        BBFI_E        CBFI_E        DBFI_E        AMVI
              ________      ________      ________      ________      ________
 ABFI_E         1.000
 BBFI_E         0.872         1.000
 CBFI_E         0.865         0.876         1.000
 DBFI_E         0.837         0.840         0.881         1.000
 AMVI          -0.010        -0.030        -0.027        -0.050         1.000
 BMVI          -0.043        -0.045        -0.033        -0.042         0.781
 CMVI          -0.045        -0.066        -0.062        -0.069         0.724
 DMVI          -0.018        -0.027        -0.017        -0.014         0.724


           Correlations
              BMVI          CMVI          DMVI
              ________      ________      ________
 BMVI           1.000
 CMVI           0.784         1.000
 DMVI           0.785         0.796         1.000


     MAXIMUM LOG-LIKELIHOOD VALUE FOR THE UNRESTRICTED (H1) MODEL IS -18859.586


UNIVARIATE SAMPLE STATISTICS


     UNIVARIATE HIGHER-ORDER MOMENT DESCRIPTIVE STATISTICS

         Variable/         Mean/     Skewness/   Minimum/ % with                Percentiles
        Sample Size      Variance    Kurtosis    Maximum  Min/Max      20%/60%    40%/80%    Median

     ABFI_E               54.902      -0.133       0.000    0.23%      34.375     50.000     56.250
             863.000     493.337      -0.606     100.000    0.93%      62.500     75.000
     BBFI_E               53.542      -0.090       0.000    0.32%      34.375     50.000     53.125
             624.000     478.180      -0.583     100.000    0.80%      59.375     75.000
     CBFI_E               53.437      -0.089       0.000    0.17%      34.375     50.000     53.125
             590.000     483.902      -0.545     100.000    1.36%      59.375     71.875
     DBFI_E               53.438      -0.068       0.000    0.52%      34.375     46.875     53.125
             574.000     496.016      -0.566     100.000    1.22%      59.375     71.875
     AMVI                 64.677       0.026      32.353    0.12%      58.088     62.500     64.706
             862.000      63.962       0.228      92.647    0.12%      66.912     71.324
     BMVI                 64.188       0.003      40.441    0.16%      57.353     61.765     63.971
             619.000      63.530      -0.224      88.235    0.16%      66.176     71.094
     CMVI                 64.316      -0.075      33.088    0.17%      57.353     61.765     63.971
             590.000      70.424       0.095      87.500    0.17%      66.176     71.324
     DMVI                 64.158      -0.028      36.029    0.18%      58.088     62.500     63.971
             569.000      60.815       0.167      85.294    0.35%      66.176     70.588


THE MODEL ESTIMATION TERMINATED NORMALLY



MODEL FIT INFORMATION

Number of Free Parameters                       24

Loglikelihood

          H0 Value                      -18870.498
          H0 Scaling Correction Factor      1.1484
            for MLR

Information Criteria

          Akaike (AIC)                   37788.996
          Bayesian (BIC)                 37903.274
          Sample-Size Adjusted BIC       37827.056
            (n* = (n + 2) / 24)



MODEL RESULTS

                                                    Two-Tailed
                    Estimate       S.E.  Est./S.E.    P-Value

 P1       BY
    ABFI_E             1.000      0.000    999.000    999.000

 P2       BY
    BBFI_E             1.000      0.000    999.000    999.000

 P3       BY
    CBFI_E             1.000      0.000    999.000    999.000

 P4       BY
    DBFI_E             1.000      0.000    999.000    999.000

 V1       BY
    AMVI               1.000      0.000    999.000    999.000

 V2       BY
    BMVI               1.000      0.000    999.000    999.000

 V3       BY
    CMVI               1.000      0.000    999.000    999.000

 V4       BY
    DMVI               1.000      0.000    999.000    999.000

 P4         ON
    P3                 0.215      0.063      3.404      0.001
    V3                 0.028      0.076      0.363      0.717

 P3         ON
    P2                 0.215      0.063      3.404      0.001
    V2                 0.028      0.076      0.363      0.717

 P2         ON
    P1                 0.215      0.063      3.404      0.001
    V1                 0.028      0.076      0.363      0.717

 V4         ON
    V3                 0.145      0.048      2.993      0.003
    P3                -0.016      0.020     -0.769      0.442

 V3         ON
    V2                 0.145      0.048      2.993      0.003
    P2                -0.016      0.020     -0.769      0.442

 V2         ON
    V1                 0.145      0.048      2.993      0.003
    P1                -0.016      0.020     -0.769      0.442

 S_BFI_E  WITH
    I_BFI_E           -1.934      0.935     -2.069      0.039
    S_MVI              0.007      0.051      0.142      0.887
    I_MVI             -0.545      0.995     -0.548      0.583

 I_BFI_E  WITH
    S_MVI              1.033      1.064      0.971      0.331
    I_MVI            -10.767      7.573     -1.422      0.155

 S_MVI    WITH
    I_MVI             -0.183      0.145     -1.261      0.207

 P1       WITH
    V1                 4.929      2.468      1.997      0.046

 P2       WITH
    V2                 0.073      1.331      0.055      0.956

 P3       WITH
    V3                 0.073      1.331      0.055      0.956

 P4       WITH
    V4                 0.073      1.331      0.055      0.956

 Means
    P1                 0.000      0.000    999.000    999.000
    V1                 0.000      0.000    999.000    999.000
    I_BFI_E           54.250      0.723     75.079      0.000
    S_BFI_E            0.176      0.065      2.728      0.006
    I_MVI             64.234      0.260    247.238      0.000
    S_MVI              0.084      0.023      3.613      0.000

 Intercepts
    ABFI_E             0.000      0.000    999.000    999.000
    BBFI_E             0.000      0.000    999.000    999.000
    CBFI_E             0.000      0.000    999.000    999.000
    DBFI_E             0.000      0.000    999.000    999.000
    AMVI               0.000      0.000    999.000    999.000
    BMVI               0.000      0.000    999.000    999.000
    CMVI               0.000      0.000    999.000    999.000
    DMVI               0.000      0.000    999.000    999.000
    P2                 0.000      0.000    999.000    999.000
    P3                 0.000      0.000    999.000    999.000
    P4                 0.000      0.000    999.000    999.000
    V2                 0.000      0.000    999.000    999.000
    V3                 0.000      0.000    999.000    999.000
    V4                 0.000      0.000    999.000    999.000

 Variances
    P1                77.644      7.557     10.275      0.000
    V1                19.339      1.781     10.858      0.000
    I_BFI_E          375.912     24.951     15.066      0.000
    S_BFI_E            0.273      0.165      1.653      0.098
    I_MVI             44.402      3.589     12.372      0.000
    S_MVI              0.021      0.026      0.808      0.419

 Residual Variances
    ABFI_E             0.000      0.000    999.000    999.000
    BBFI_E             0.000      0.000    999.000    999.000
    CBFI_E             0.000      0.000    999.000    999.000
    DBFI_E             0.000      0.000    999.000    999.000
    AMVI               0.000      0.000    999.000    999.000
    BMVI               0.000      0.000    999.000    999.000
    CMVI               0.000      0.000    999.000    999.000
    DMVI               0.000      0.000    999.000    999.000
    P2                71.992      5.026     14.324      0.000
    P3                71.992      5.026     14.324      0.000
    P4                71.992      5.026     14.324      0.000
    V2                15.229      1.025     14.863      0.000
    V3                15.229      1.025     14.863      0.000
    V4                15.229      1.025     14.863      0.000


QUALITY OF NUMERICAL RESULTS

     Condition Number for the Information Matrix              0.250E-04
       (ratio of smallest to largest eigenvalue)


     Beginning Time:  16:11:30
        Ending Time:  16:12:03
       Elapsed Time:  00:00:33



MUTHEN & MUTHEN
3463 Stoner Ave.
Los Angeles, CA  90066

Tel: (310) 391-9971
Fax: (310) 391-8971
Web: www.StatModel.com
Support: Support@StatModel.com

Copyright (c) 1998-2017 Muthen & Muthen
