Mplus VERSION 8 (Linux)
MUTHEN & MUTHEN
07/08/2018   5:39 PM

INPUT INSTRUCTIONS


  title: PxVx Bivariate LCM-SR - 40splitgroup - Linear bfas_nw with Linear aspfin;
  data: file = /home/jflournoy/code_new/lnt_pxvx/Data/lnt_nat_recalc.tsv;

  variable:
  names =
  subjid
  aage
  aaspfin
  aaspfin_d
  abfa_mt
  abfa_mt_d
  abfas_ac
  abfas_ap
  abfas_ci
  abfas_co
  abfas_ea
  abfas_ee
  abfas_nv
  abfas_nv9
  abfas_nw
  abfas_oi
  abfas_oo
  abfi_a
  abfi_a6
  abfi_c
  abfi_d_scale
  abfi_e
  abfi_hp8
  abfi_n
  abfi_o
  abfi_s_scale
  ahrz_col
  ahrz_col_d
  ahrz_ind
  ahrz_ind_d
  amvi
  ausi
  ausi_d
  avrt_col
  avrt_col_d
  avrt_ind
  avrt_ind_d
  bage
  baspfin
  baspfin_d
  bbfa_mt
  bbfa_mt_d
  bbfas_ac
  bbfas_ap
  bbfas_ci
  bbfas_co
  bbfas_ea
  bbfas_ee
  bbfas_nv
  bbfas_nv9
  bbfas_nw
  bbfas_oi
  bbfas_oo
  bbfi_a
  bbfi_a6
  bbfi_c
  bbfi_d_scale
  bbfi_e
  bbfi_hp8
  bbfi_n
  bbfi_o
  bbfi_s_scale
  bhrz_col
  bhrz_col_d
  bhrz_ind
  bhrz_ind_d
  bmvi
  busi
  busi_d
  bvrt_col
  bvrt_col_d
  bvrt_ind
  bvrt_ind_d
  cage
  caspfin
  caspfin_d
  cbfa_mt
  cbfa_mt_d
  cbfas_ac
  cbfas_ap
  cbfas_ci
  cbfas_co
  cbfas_ea
  cbfas_ee
  cbfas_nv
  cbfas_nv9
  cbfas_nw
  cbfas_oi
  cbfas_oo
  cbfi_a
  cbfi_a6
  cbfi_c
  cbfi_d_scale
  cbfi_e
  cbfi_hp8
  cbfi_n
  cbfi_o
  cbfi_s_scale
  chrz_col
  chrz_col_d
  chrz_ind
  chrz_ind_d
  cmvi
  cusi
  cusi_d
  cvrt_col
  cvrt_col_d
  cvrt_ind
  cvrt_ind_d
  dage
  daspfin
  daspfin_d
  dbfa_mt
  dbfa_mt_d
  dbfas_ac
  dbfas_ap
  dbfas_ci
  dbfas_co
  dbfas_ea
  dbfas_ee
  dbfas_nv
  dbfas_nv9
  dbfas_nw
  dbfas_oi
  dbfas_oo
  dbfi_a
  dbfi_a6
  dbfi_c
  dbfi_d_scale
  dbfi_e
  dbfi_hp8
  dbfi_n
  dbfi_o
  dbfi_s_scale
  dhrz_col
  dhrz_col_d
  dhrz_ind
  dhrz_ind_d
  dmvi
  dusi
  dusi_d
  dvrt_col
  dvrt_col_d
  dvrt_ind
  dvrt_ind_d;

  USEVARIABLES =
  abfas_nw
  bbfas_nw
  cbfas_nw
  dbfas_nw
  aaspfin
  baspfin
  caspfin
  daspfin
  a1
  a2
  a3
  a4
  aagegrp
  ;

  missing = all (-9999);

  tscores = a1 a2 a3 a4;

  grouping = aagegrp (0=earlier, 1=later);

  DEFINE:

  aagegrp = aage;

  cut aagegrp (39);

  a1 = aage + 0 - 36;
  a2 = aage + 1 - 36;
  a3 = aage + 2 - 36;
  a4 = aage + 3 - 36;

  ANALYSIS:
  TYPE=RANDOM;
  PROCESSORS = 6;
  model=nocovariances; ! supresses default estimation of certain covs in model;

  MODEL:

  i_bfas_nw s_bfas_nw | abfas_nw bbfas_nw cbfas_nw dbfas_nw AT a1 a2 a3 a4;
  i_aspfin s_aspfin | aaspfin baspfin caspfin daspfin AT a1 a2 a3 a4;

  ! freeing factor covs because of "nocovariances"
  ! But ensure they are constrained across groups
  s_bfas_nw WITH i_bfas_nw (p)
  s_aspfin (q)
  i_aspfin (r);
  i_bfas_nw WITH s_aspfin (s)
  i_aspfin (t);
  s_aspfin WITH i_aspfin (u);

  !constrain latent growth means across groups
  [i_bfas_nw] (v);
  [s_bfas_nw] (w);
  [i_aspfin] (x);
  [s_aspfin] (y);

  !constrain latent growth variances across groups
  i_bfas_nw (l);
  s_bfas_nw (m);
  i_aspfin (n);
  s_aspfin (o);

  p1 BY abfas_nw@1; ! Residual "factors";
  p2 BY bbfas_nw@1;
  p3 BY cbfas_nw@1;
  p4 BY dbfas_nw@1;

  v1 BY aaspfin@1; ! Residual "factors";
  v2 BY baspfin@1;
  v3 BY caspfin@1;
  v4 BY daspfin@1;

  !residual variances on observed/manifest vars set to 0
  abfas_nw@0;
  bbfas_nw@0;
  cbfas_nw@0;
  dbfas_nw@0;

  !residual variances on observed/manifest vars set to 0
  aaspfin@0;
  baspfin@0;
  caspfin@0;
  daspfin@0;

  ! means of observed/manifest vars set to 0
  [abfas_nw@0];
  [bbfas_nw@0];
  [cbfas_nw@0];
  [dbfas_nw@0];

  ! means of observed/manifest vars set to 0
  [aaspfin@0];
  [baspfin@0];
  [caspfin@0];
  [daspfin@0];

  [p1@0]; ! means of residual "factors" set to 0
  [p2@0];
  [p3@0];
  [p4@0];

  [v1@0]; ! means of residual "factors" set to 0
  [v2@0];
  [v3@0];
  [v4@0];

  p4 on p3 (a); ! Autoregressive paths constrained to equality
  p3 on p2 (a);
  p2 on p1 (a);

  v4 on v3 (b); ! Autoregressive paths constrained to equality
  v3 on v2 (b);
  v2 on v1 (b);

  p4 on v3 (c); ! Cross-lagged paths constrained to equality
  p3 on v2 (c);
  p2 on v1 (c);

  v4 on p3 (d); ! Cross-lagged paths constrained to equality
  v3 on p2 (d);
  v2 on p1 (d);

  p1 with v1; !(this one is not like the others)

  p2 with v2 (e); ! Within-wave correlations constrained to equality
  p3 with v3 (e);
  p4 with v4 (e);

  p2 p3 p4 (f); ! estimate variances of residual "factors"
  v2 v3 v4 (g); ! estimate variances of residual "factors"

  MODEL earlier:

  p4 on p3 (a23); ! Autoregressive paths constrained to equality
  p3 on p2 (a23);
  p2 on p1 (a23);

  v4 on v3 (b23); ! Autoregressive paths constrained to equality
  v3 on v2 (b23);
  v2 on v1 (b23);

  p4 on v3 (c23); ! Cross-lagged paths constrained to equality
  p3 on v2 (c23);
  p2 on v1 (c23);

  v4 on p3 (d23); ! Cross-lagged paths constrained to equality
  v3 on p2 (d23);
  v2 on p1 (d23);

  p1 with v1; !(this one is not like the others)

  p2 with v2 (e23); ! Within-wave correlations constrained to equality
  p3 with v3 (e23);
  p4 with v4 (e23);

  p2 p3 p4 (f23); ! estimate variances of residual "factors"
  v2 v3 v4 (g23); ! estimate variances of residual "factors"

  MODEL later:

  p4 on p3 (a45); ! Autoregressive paths constrained to equality
  p3 on p2 (a45);
  p2 on p1 (a45);

  v4 on v3 (b45); ! Autoregressive paths constrained to equality
  v3 on v2 (b45);
  v2 on v1 (b45);

  p4 on v3 (c45); ! Cross-lagged paths constrained to equality
  p3 on v2 (c45);
  p2 on v1 (c45);

  v4 on p3 (d45); ! Cross-lagged paths constrained to equality
  v3 on p2 (d45);
  v2 on p1 (d45);

  p1 with v1; !(this one is not like the others)

  p2 with v2 (e45); ! Within-wave correlations constrained to equality
  p3 with v3 (e45);
  p4 with v4 (e45);

  p2 p3 p4 (f45); ! estimate variances of residual "factors"
  v2 v3 v4 (g45); ! estimate variances of residual "factors"

  OUTPUT: SAMPSTAT PATTERNS;



*** WARNING
  Data set contains unknown or missing values for GROUPING,
  PATTERN, COHORT, CLUSTER and/or STRATIFICATION variables.
  Number of cases with unknown or missing values:  5
   1 WARNING(S) FOUND IN THE INPUT INSTRUCTIONS



PxVx Bivariate LCM-SR - 40splitgroup - Linear bfas_nw with Linear aspfin;

SUMMARY OF ANALYSIS

Number of groups                                                 2
Number of observations
   Group EARLIER                                               534
   Group LATER                                                 330
   Total sample size                                           864

Number of dependent variables                                    8
Number of independent variables                                  0
Number of continuous latent variables                           12

Observed dependent variables

  Continuous
   ABFAS_NW    BBFAS_NW    CBFAS_NW    DBFAS_NW    AASPFIN     BASPFIN
   CASPFIN     DASPFIN

Continuous latent variables
   P1          P2          P3          P4          V1          V2
   V3          V4          I_BFAS_N    S_BFAS_N    I_ASPFIN    S_ASPFIN

Variables with special functions

  Grouping variable     AAGEGRP

  Time scores
   A1          A2          A3          A4


Estimator                                                      MLR
Information matrix                                        OBSERVED
Maximum number of iterations                                   100
Convergence criterion                                    0.100D-05
Maximum number of EM iterations                                500
Convergence criteria for the EM algorithm
  Loglikelihood change                                   0.100D-02
  Relative loglikelihood change                          0.100D-05
  Derivative                                             0.100D-03
Minimum variance                                         0.100D-03
Maximum number of steepest descent iterations                   20
Maximum number of iterations for H1                           2000
Convergence criterion for H1                             0.100D-03
Optimization algorithm                                         EMA

Input data file(s)
  /home/jflournoy/code_new/lnt_pxvx/Data/lnt_nat_recalc.tsv
Input data format  FREE


SUMMARY OF DATA

   Group EARLIER
     Number of missing data patterns            15

   Group LATER
     Number of missing data patterns            15


SUMMARY OF MISSING DATA PATTERNS


     MISSING DATA PATTERNS (x = not missing) FOR EARLIER

           1  2  3  4  5  6  7  8  9 10 11 12 13 14 15
 ABFAS_NW  x  x  x  x  x  x  x  x  x  x     x  x  x  x
 BBFAS_NW  x     x     x  x        x  x  x  x        x
 CBFAS_NW  x        x     x     x        x  x  x     x
 DBFAS_NW  x     x  x        x           x     x  x  x
 AASPFIN   x  x  x  x  x  x  x  x     x  x  x  x  x  x
 BASPFIN   x     x     x  x        x     x  x  x
 CASPFIN   x        x     x     x        x  x  x     x
 DASPFIN   x     x  x        x           x  x  x     x


     MISSING DATA PATTERN FREQUENCIES FOR EARLIER

    Pattern   Frequency     Pattern   Frequency     Pattern   Frequency
          1         326           6          21          11           2
          2         101           7          14          12           1
          3          14           8          12          13           1
          4          12           9           1          14           1
          5          26          10           1          15           1


     MISSING DATA PATTERNS (x = not missing) FOR LATER

           1  2  3  4  5  6  7  8  9 10 11 12 13 14 15
 ABFAS_NW  x  x  x  x  x  x  x  x  x     x  x  x  x  x
 BBFAS_NW  x     x     x  x        x  x     x  x     x
 CBFAS_NW  x        x     x     x     x  x  x  x
 DBFAS_NW  x     x  x        x        x  x  x  x     x
 AASPFIN   x  x  x  x  x  x  x  x  x  x  x  x  x     x
 BASPFIN   x     x     x  x           x  x     x
 CASPFIN   x        x     x     x     x  x  x
 DASPFIN   x     x  x        x        x  x  x  x     x


     MISSING DATA PATTERN FREQUENCIES FOR LATER

    Pattern   Frequency     Pattern   Frequency     Pattern   Frequency
          1         163           6          26          11           1
          2          68           7          10          12           1
          3          12           8          12          13           1
          4           9           9           2          14           1
          5          22          10           1          15           1


COVARIANCE COVERAGE OF DATA

Minimum covariance coverage value   0.100


     PROPORTION OF DATA PRESENT FOR EARLIER


           Covariance Coverage
              ABFAS_NW      BBFAS_NW      CBFAS_NW      DBFAS_NW      AASPFIN
              ________      ________      ________      ________      ________
 ABFAS_NW       0.996
 BBFAS_NW       0.732         0.736
 CBFAS_NW       0.700         0.657         0.704
 DBFAS_NW       0.691         0.642         0.640         0.695
 AASPFIN        0.994         0.734         0.704         0.695         0.998
 BASPFIN        0.730         0.732         0.657         0.642         0.732
 CASPFIN        0.700         0.657         0.704         0.640         0.704
 DASPFIN        0.691         0.644         0.642         0.693         0.695


           Covariance Coverage
              BASPFIN       CASPFIN       DASPFIN
              ________      ________      ________
 BASPFIN        0.734
 CASPFIN        0.657         0.704
 DASPFIN        0.644         0.642         0.695


     PROPORTION OF DATA PRESENT FOR LATER


           Covariance Coverage
              ABFAS_NW      BBFAS_NW      CBFAS_NW      DBFAS_NW      AASPFIN
              ________      ________      ________      ________      ________
 ABFAS_NW       0.997
 BBFAS_NW       0.691         0.694
 CBFAS_NW       0.645         0.582         0.648
 DBFAS_NW       0.597         0.536         0.530         0.600
 AASPFIN        0.991         0.688         0.648         0.600         0.994
 BASPFIN        0.688         0.688         0.582         0.536         0.685
 CASPFIN        0.645         0.582         0.648         0.530         0.648
 DASPFIN        0.597         0.539         0.533         0.597         0.600


           Covariance Coverage
              BASPFIN       CASPFIN       DASPFIN
              ________      ________      ________
 BASPFIN        0.691
 CASPFIN        0.582         0.648
 DASPFIN        0.539         0.533         0.600


SAMPLE STATISTICS


     ESTIMATED SAMPLE STATISTICS FOR EARLIER


           Means
              ABFAS_NW      BBFAS_NW      CBFAS_NW      DBFAS_NW      AASPFIN
              ________      ________      ________      ________      ________
               47.428        47.287        47.690        47.799        49.404


           Means
              BASPFIN       CASPFIN       DASPFIN
              ________      ________      ________
               49.444        49.487        48.636


           Covariances
              ABFAS_NW      BBFAS_NW      CBFAS_NW      DBFAS_NW      AASPFIN
              ________      ________      ________      ________      ________
 ABFAS_NW     441.627
 BBFAS_NW     353.046       420.652
 CBFAS_NW     338.449       344.161       435.738
 DBFAS_NW     341.842       345.813       368.961       432.077
 AASPFIN       12.814        -1.057        15.159        17.212       526.118
 BASPFIN      -27.146       -20.687        -6.804        -2.057       420.087
 CASPFIN      -26.260        -0.694         7.977         8.042       412.236
 DASPFIN       14.636        10.402        21.234        27.532       407.611


           Covariances
              BASPFIN       CASPFIN       DASPFIN
              ________      ________      ________
 BASPFIN      555.775
 CASPFIN      459.790       581.797
 DASPFIN      442.221       450.397       587.542


           Correlations
              ABFAS_NW      BBFAS_NW      CBFAS_NW      DBFAS_NW      AASPFIN
              ________      ________      ________      ________      ________
 ABFAS_NW       1.000
 BBFAS_NW       0.819         1.000
 CBFAS_NW       0.772         0.804         1.000
 DBFAS_NW       0.783         0.811         0.850         1.000
 AASPFIN        0.027        -0.002         0.032         0.036         1.000
 BASPFIN       -0.055        -0.043        -0.014        -0.004         0.777
 CASPFIN       -0.052        -0.001         0.016         0.016         0.745
 DASPFIN        0.029         0.021         0.042         0.055         0.733


           Correlations
              BASPFIN       CASPFIN       DASPFIN
              ________      ________      ________
 BASPFIN        1.000
 CASPFIN        0.809         1.000
 DASPFIN        0.774         0.770         1.000


     ESTIMATED SAMPLE STATISTICS FOR LATER


           Means
              ABFAS_NW      BBFAS_NW      CBFAS_NW      DBFAS_NW      AASPFIN
              ________      ________      ________      ________      ________
               43.637        44.024        43.691        43.079        46.951


           Means
              BASPFIN       CASPFIN       DASPFIN
              ________      ________      ________
               46.641        47.559        48.262


           Covariances
              ABFAS_NW      BBFAS_NW      CBFAS_NW      DBFAS_NW      AASPFIN
              ________      ________      ________      ________      ________
 ABFAS_NW     406.209
 BBFAS_NW     325.249       386.159
 CBFAS_NW     319.930       349.163       413.741
 DBFAS_NW     334.872       357.803       377.595       440.935
 AASPFIN      -19.977        -3.780        -7.061       -12.987       437.702
 BASPFIN      -13.834         7.616         9.845         5.616       336.809
 CASPFIN      -15.444        14.825         9.026         0.627       312.145
 DASPFIN      -44.816       -32.516       -44.690       -36.617       312.701


           Covariances
              BASPFIN       CASPFIN       DASPFIN
              ________      ________      ________
 BASPFIN      448.636
 CASPFIN      340.661       427.958
 DASPFIN      339.468       345.198       441.568


           Correlations
              ABFAS_NW      BBFAS_NW      CBFAS_NW      DBFAS_NW      AASPFIN
              ________      ________      ________      ________      ________
 ABFAS_NW       1.000
 BBFAS_NW       0.821         1.000
 CBFAS_NW       0.780         0.874         1.000
 DBFAS_NW       0.791         0.867         0.884         1.000
 AASPFIN       -0.047        -0.009        -0.017        -0.030         1.000
 BASPFIN       -0.032         0.018         0.023         0.013         0.760
 CASPFIN       -0.037         0.036         0.021         0.001         0.721
 DASPFIN       -0.106        -0.079        -0.105        -0.083         0.711


           Correlations
              BASPFIN       CASPFIN       DASPFIN
              ________      ________      ________
 BASPFIN        1.000
 CASPFIN        0.777         1.000
 DASPFIN        0.763         0.794         1.000


     MAXIMUM LOG-LIKELIHOOD VALUE FOR THE UNRESTRICTED (H1) MODEL IS -21626.304


UNIVARIATE SAMPLE STATISTICS


     UNIVARIATE HIGHER-ORDER MOMENT DESCRIPTIVE STATISTICS FOR EARLIER

         Variable/         Mean/     Skewness/   Minimum/ % with                Percentiles
        Sample Size      Variance    Kurtosis    Maximum  Min/Max      20%/60%    40%/80%    Median

     ABFAS_NW             47.439       0.147       0.000    0.75%      27.500     42.500     47.500
             532.000     440.970      -0.402     100.000    0.19%      52.500     65.000
     BBFAS_NW             47.590       0.038       0.000    0.25%      27.500     42.500     50.000
             393.000     423.923      -0.572      97.500    0.51%      52.500     65.000
     CBFAS_NW             48.042       0.038       0.000    0.53%      30.000     42.500     47.500
             376.000     445.879      -0.449      97.500    1.06%      52.500     65.000
     DBFAS_NW             48.348       0.032       0.000    0.54%      30.000     42.500     50.000
             371.000     435.445      -0.471      97.500    0.81%      55.000     65.000
     AASPFIN              49.434       0.175       0.000    1.69%      30.000     40.000     50.000
             533.000     526.224      -0.529     100.000    2.44%      55.000     70.000
     BASPFIN              49.069       0.234       0.000    1.02%      25.000     40.000     45.000
             392.000     563.363      -0.670     100.000    3.32%      55.000     70.000
     CASPFIN              49.402       0.276       0.000    0.53%      25.000     40.000     47.500
             376.000     588.006      -0.771     100.000    2.93%      55.000     70.000
     DASPFIN              48.265       0.216       0.000    0.54%      25.000     40.000     45.000
             371.000     599.284      -0.852     100.000    3.23%      55.000     70.000


     UNIVARIATE HIGHER-ORDER MOMENT DESCRIPTIVE STATISTICS FOR LATER

         Variable/         Mean/     Skewness/   Minimum/ % with                Percentiles
        Sample Size      Variance    Kurtosis    Maximum  Min/Max      20%/60%    40%/80%    Median

     ABFAS_NW             43.672       0.041       0.000    0.91%      27.500     37.500     42.500
             329.000     406.689      -0.428     100.000    0.30%      47.500     62.500
     BBFAS_NW             43.668       0.183       0.000    1.31%      25.000     37.500     42.500
             229.000     404.724      -0.287      97.500    0.44%      47.500     60.000
     CBFAS_NW             43.046       0.100       0.000    1.87%      25.000     37.500     42.500
             214.000     427.174      -0.373      92.500    0.47%      47.500     60.000
     DBFAS_NW             40.779       0.244       0.000    1.01%      20.000     35.000     40.000
             199.000     439.720      -0.388     100.000    0.50%      45.000     60.000
     AASPFIN              46.953       0.367       0.000    0.91%      30.000     40.000     45.000
             329.000     437.704      -0.158     100.000    1.52%      50.000     65.000
     BASPFIN              46.661       0.453       5.000    0.44%      30.000     40.000     45.000
             226.000     443.443      -0.197     100.000    2.21%      50.000     65.000
     CASPFIN              47.729       0.276       0.000    0.94%      30.000     40.000     45.000
             213.000     432.995      -0.322     100.000    1.41%      50.000     65.000
     DASPFIN              48.505       0.355       0.000    0.50%      30.000     40.000     45.000
             199.000     442.897      -0.455     100.000    1.01%      50.000     65.000


THE MODEL ESTIMATION TERMINATED NORMALLY



MODEL FIT INFORMATION

Number of Free Parameters                       34

Loglikelihood

          H0 Value                      -21655.976
          H0 Scaling Correction Factor      1.1539
            for MLR

Information Criteria

          Akaike (AIC)                   43379.952
          Bayesian (BIC)                 43541.846
          Sample-Size Adjusted BIC       43433.870
            (n* = (n + 2) / 24)



MODEL RESULTS

                                                    Two-Tailed
                    Estimate       S.E.  Est./S.E.    P-Value

Group EARLIER

 P1       BY
    ABFAS_NW           1.000      0.000    999.000    999.000

 P2       BY
    BBFAS_NW           1.000      0.000    999.000    999.000

 P3       BY
    CBFAS_NW           1.000      0.000    999.000    999.000

 P4       BY
    DBFAS_NW           1.000      0.000    999.000    999.000

 V1       BY
    AASPFIN            1.000      0.000    999.000    999.000

 V2       BY
    BASPFIN            1.000      0.000    999.000    999.000

 V3       BY
    CASPFIN            1.000      0.000    999.000    999.000

 V4       BY
    DASPFIN            1.000      0.000    999.000    999.000

 P4         ON
    P3                 0.172      0.056      3.046      0.002
    V3                -0.023      0.042     -0.547      0.584

 P3         ON
    P2                 0.172      0.056      3.046      0.002
    V2                -0.023      0.042     -0.547      0.584

 P2         ON
    P1                 0.172      0.056      3.046      0.002
    V1                -0.023      0.042     -0.547      0.584

 V4         ON
    V3                 0.141      0.075      1.891      0.059
    P3                -0.019      0.061     -0.315      0.753

 V3         ON
    V2                 0.141      0.075      1.891      0.059
    P2                -0.019      0.061     -0.315      0.753

 V2         ON
    V1                 0.141      0.075      1.891      0.059
    P1                -0.019      0.061     -0.315      0.753

 S_BFAS_N WITH
    I_BFAS_NW         -0.793      0.926     -0.856      0.392
    S_ASPFIN          -0.027      0.138     -0.194      0.846
    I_ASPFIN           2.683      2.727      0.984      0.325

 I_BFAS_N WITH
    S_ASPFIN          -2.294      2.798     -0.820      0.412
    I_ASPFIN          -2.716     18.294     -0.148      0.882

 S_ASPFIN WITH
    I_ASPFIN          -1.967      1.093     -1.800      0.072

 P1       WITH
    V1                19.485      8.926      2.183      0.029

 P2       WITH
    V2                -0.766      5.283     -0.145      0.885

 P3       WITH
    V3                -0.766      5.283     -0.145      0.885

 P4       WITH
    V4                -0.766      5.283     -0.145      0.885

 Means
    P1                 0.000      0.000    999.000    999.000
    V1                 0.000      0.000    999.000    999.000
    I_BFAS_NW         46.361      0.665     69.674      0.000
    S_BFAS_NW         -0.277      0.060     -4.582      0.000
    I_ASPFIN          48.567      0.724     67.064      0.000
    S_ASPFIN          -0.070      0.063     -1.105      0.269

 Intercepts
    ABFAS_NW           0.000      0.000    999.000    999.000
    BBFAS_NW           0.000      0.000    999.000    999.000
    CBFAS_NW           0.000      0.000    999.000    999.000
    DBFAS_NW           0.000      0.000    999.000    999.000
    AASPFIN            0.000      0.000    999.000    999.000
    BASPFIN            0.000      0.000    999.000    999.000
    CASPFIN            0.000      0.000    999.000    999.000
    DASPFIN            0.000      0.000    999.000    999.000
    P2                 0.000      0.000    999.000    999.000
    P3                 0.000      0.000    999.000    999.000
    P4                 0.000      0.000    999.000    999.000
    V2                 0.000      0.000    999.000    999.000
    V3                 0.000      0.000    999.000    999.000
    V4                 0.000      0.000    999.000    999.000

 Variances
    P1               107.711     13.367      8.058      0.000
    V1               139.031     14.800      9.394      0.000
    I_BFAS_NW        308.524     22.670     13.609      0.000
    S_BFAS_NW          0.221      0.172      1.283      0.199
    I_ASPFIN         368.679     25.201     14.630      0.000
    S_ASPFIN           0.134      0.172      0.778      0.437

 Residual Variances
    ABFAS_NW           0.000      0.000    999.000    999.000
    BBFAS_NW           0.000      0.000    999.000    999.000
    CBFAS_NW           0.000      0.000    999.000    999.000
    DBFAS_NW           0.000      0.000    999.000    999.000
    AASPFIN            0.000      0.000    999.000    999.000
    BASPFIN            0.000      0.000    999.000    999.000
    CASPFIN            0.000      0.000    999.000    999.000
    DASPFIN            0.000      0.000    999.000    999.000
    P2                84.949      6.894     12.323      0.000
    P3                84.949      6.894     12.323      0.000
    P4                84.949      6.894     12.323      0.000
    V2               140.638     12.691     11.082      0.000
    V3               140.638     12.691     11.082      0.000
    V4               140.638     12.691     11.082      0.000

Group LATER

 P1       BY
    ABFAS_NW           1.000      0.000    999.000    999.000

 P2       BY
    BBFAS_NW           1.000      0.000    999.000    999.000

 P3       BY
    CBFAS_NW           1.000      0.000    999.000    999.000

 P4       BY
    DBFAS_NW           1.000      0.000    999.000    999.000

 V1       BY
    AASPFIN            1.000      0.000    999.000    999.000

 V2       BY
    BASPFIN            1.000      0.000    999.000    999.000

 V3       BY
    CASPFIN            1.000      0.000    999.000    999.000

 V4       BY
    DASPFIN            1.000      0.000    999.000    999.000

 P4         ON
    P3                 0.140      0.065      2.161      0.031
    V3                 0.011      0.046      0.240      0.810

 P3         ON
    P2                 0.140      0.065      2.161      0.031
    V2                 0.011      0.046      0.240      0.810

 P2         ON
    P1                 0.140      0.065      2.161      0.031
    V1                 0.011      0.046      0.240      0.810

 V4         ON
    V3                 0.135      0.076      1.775      0.076
    P3                -0.033      0.075     -0.442      0.659

 V3         ON
    V2                 0.135      0.076      1.775      0.076
    P2                -0.033      0.075     -0.442      0.659

 V2         ON
    V1                 0.135      0.076      1.775      0.076
    P1                -0.033      0.075     -0.442      0.659

 S_BFAS_N WITH
    I_BFAS_NW         -0.793      0.926     -0.856      0.392
    S_ASPFIN          -0.027      0.138     -0.194      0.846
    I_ASPFIN           2.683      2.727      0.984      0.325

 I_BFAS_N WITH
    S_ASPFIN          -2.294      2.798     -0.820      0.412
    I_ASPFIN          -2.716     18.294     -0.148      0.882

 S_ASPFIN WITH
    I_ASPFIN          -1.967      1.093     -1.800      0.072

 P1       WITH
    V1                 1.869     11.295      0.165      0.869

 P2       WITH
    V2                 1.809      4.633      0.390      0.696

 P3       WITH
    V3                 1.809      4.633      0.390      0.696

 P4       WITH
    V4                 1.809      4.633      0.390      0.696

 Means
    P1                 0.000      0.000    999.000    999.000
    V1                 0.000      0.000    999.000    999.000
    I_BFAS_NW         46.361      0.665     69.674      0.000
    S_BFAS_NW         -0.277      0.060     -4.582      0.000
    I_ASPFIN          48.567      0.724     67.064      0.000
    S_ASPFIN          -0.070      0.063     -1.105      0.269

 Intercepts
    ABFAS_NW           0.000      0.000    999.000    999.000
    BBFAS_NW           0.000      0.000    999.000    999.000
    CBFAS_NW           0.000      0.000    999.000    999.000
    DBFAS_NW           0.000      0.000    999.000    999.000
    AASPFIN            0.000      0.000    999.000    999.000
    BASPFIN            0.000      0.000    999.000    999.000
    CASPFIN            0.000      0.000    999.000    999.000
    DASPFIN            0.000      0.000    999.000    999.000
    P2                 0.000      0.000    999.000    999.000
    P3                 0.000      0.000    999.000    999.000
    P4                 0.000      0.000    999.000    999.000
    V2                 0.000      0.000    999.000    999.000
    V3                 0.000      0.000    999.000    999.000
    V4                 0.000      0.000    999.000    999.000

 Variances
    P1               113.107     14.078      8.034      0.000
    V1               134.190     16.727      8.022      0.000
    I_BFAS_NW        308.524     22.670     13.609      0.000
    S_BFAS_NW          0.221      0.172      1.283      0.199
    I_ASPFIN         368.679     25.201     14.630      0.000
    S_ASPFIN           0.134      0.172      0.778      0.437

 Residual Variances
    ABFAS_NW           0.000      0.000    999.000    999.000
    BBFAS_NW           0.000      0.000    999.000    999.000
    CBFAS_NW           0.000      0.000    999.000    999.000
    DBFAS_NW           0.000      0.000    999.000    999.000
    AASPFIN            0.000      0.000    999.000    999.000
    BASPFIN            0.000      0.000    999.000    999.000
    CASPFIN            0.000      0.000    999.000    999.000
    DASPFIN            0.000      0.000    999.000    999.000
    P2                57.508      5.870      9.798      0.000
    P3                57.508      5.870      9.798      0.000
    P4                57.508      5.870      9.798      0.000
    V2               108.218     11.408      9.486      0.000
    V3               108.218     11.408      9.486      0.000
    V4               108.218     11.408      9.486      0.000


QUALITY OF NUMERICAL RESULTS

     Condition Number for the Information Matrix              0.347E-05
       (ratio of smallest to largest eigenvalue)


     Beginning Time:  17:39:01
        Ending Time:  17:39:14
       Elapsed Time:  00:00:13



MUTHEN & MUTHEN
3463 Stoner Ave.
Los Angeles, CA  90066

Tel: (310) 391-9971
Fax: (310) 391-8971
Web: www.StatModel.com
Support: Support@StatModel.com

Copyright (c) 1998-2017 Muthen & Muthen
