Mplus VERSION 8 (Linux)
MUTHEN & MUTHEN
07/08/2018   5:28 PM

INPUT INSTRUCTIONS


  title: PxVx Bivariate LCM-SR - 40splitgroup - Linear bfas_ea with Linear bfa_mt_d;
  data: file = /home/jflournoy/code_new/lnt_pxvx/Data/lnt_nat_recalc.tsv;

  variable:
  names =
  subjid
  aage
  aaspfin
  aaspfin_d
  abfa_mt
  abfa_mt_d
  abfas_ac
  abfas_ap
  abfas_ci
  abfas_co
  abfas_ea
  abfas_ee
  abfas_nv
  abfas_nv9
  abfas_nw
  abfas_oi
  abfas_oo
  abfi_a
  abfi_a6
  abfi_c
  abfi_d_scale
  abfi_e
  abfi_hp8
  abfi_n
  abfi_o
  abfi_s_scale
  ahrz_col
  ahrz_col_d
  ahrz_ind
  ahrz_ind_d
  amvi
  ausi
  ausi_d
  avrt_col
  avrt_col_d
  avrt_ind
  avrt_ind_d
  bage
  baspfin
  baspfin_d
  bbfa_mt
  bbfa_mt_d
  bbfas_ac
  bbfas_ap
  bbfas_ci
  bbfas_co
  bbfas_ea
  bbfas_ee
  bbfas_nv
  bbfas_nv9
  bbfas_nw
  bbfas_oi
  bbfas_oo
  bbfi_a
  bbfi_a6
  bbfi_c
  bbfi_d_scale
  bbfi_e
  bbfi_hp8
  bbfi_n
  bbfi_o
  bbfi_s_scale
  bhrz_col
  bhrz_col_d
  bhrz_ind
  bhrz_ind_d
  bmvi
  busi
  busi_d
  bvrt_col
  bvrt_col_d
  bvrt_ind
  bvrt_ind_d
  cage
  caspfin
  caspfin_d
  cbfa_mt
  cbfa_mt_d
  cbfas_ac
  cbfas_ap
  cbfas_ci
  cbfas_co
  cbfas_ea
  cbfas_ee
  cbfas_nv
  cbfas_nv9
  cbfas_nw
  cbfas_oi
  cbfas_oo
  cbfi_a
  cbfi_a6
  cbfi_c
  cbfi_d_scale
  cbfi_e
  cbfi_hp8
  cbfi_n
  cbfi_o
  cbfi_s_scale
  chrz_col
  chrz_col_d
  chrz_ind
  chrz_ind_d
  cmvi
  cusi
  cusi_d
  cvrt_col
  cvrt_col_d
  cvrt_ind
  cvrt_ind_d
  dage
  daspfin
  daspfin_d
  dbfa_mt
  dbfa_mt_d
  dbfas_ac
  dbfas_ap
  dbfas_ci
  dbfas_co
  dbfas_ea
  dbfas_ee
  dbfas_nv
  dbfas_nv9
  dbfas_nw
  dbfas_oi
  dbfas_oo
  dbfi_a
  dbfi_a6
  dbfi_c
  dbfi_d_scale
  dbfi_e
  dbfi_hp8
  dbfi_n
  dbfi_o
  dbfi_s_scale
  dhrz_col
  dhrz_col_d
  dhrz_ind
  dhrz_ind_d
  dmvi
  dusi
  dusi_d
  dvrt_col
  dvrt_col_d
  dvrt_ind
  dvrt_ind_d;

  USEVARIABLES =
  abfas_ea
  bbfas_ea
  cbfas_ea
  dbfas_ea
  abfa_mt_d
  bbfa_mt_d
  cbfa_mt_d
  dbfa_mt_d
  a1
  a2
  a3
  a4
  aagegrp
  ;

  missing = all (-9999);

  tscores = a1 a2 a3 a4;

  grouping = aagegrp (0=earlier, 1=later);

  DEFINE:

  aagegrp = aage;

  cut aagegrp (39);

  a1 = aage + 0 - 36;
  a2 = aage + 1 - 36;
  a3 = aage + 2 - 36;
  a4 = aage + 3 - 36;

  ANALYSIS:
  TYPE=RANDOM;
  PROCESSORS = 6;
  model=nocovariances; ! supresses default estimation of certain covs in model;

  MODEL:

  i_bfas_ea s_bfas_ea | abfas_ea bbfas_ea cbfas_ea dbfas_ea AT a1 a2 a3 a4;
  i_bfa_mt_d s_bfa_mt_d | abfa_mt_d bbfa_mt_d cbfa_mt_d dbfa_mt_d AT a1 a2 a3 a4;

  ! freeing factor covs because of "nocovariances"
  ! But ensure they are constrained across groups
  s_bfas_ea WITH i_bfas_ea (p)
  s_bfa_mt_d (q)
  i_bfa_mt_d (r);
  i_bfas_ea WITH s_bfa_mt_d (s)
  i_bfa_mt_d (t);
  s_bfa_mt_d WITH i_bfa_mt_d (u);

  !constrain latent growth means across groups
  [i_bfas_ea] (v);
  [s_bfas_ea] (w);
  [i_bfa_mt_d] (x);
  [s_bfa_mt_d] (y);

  !constrain latent growth variances across groups
  i_bfas_ea (l);
  s_bfas_ea (m);
  i_bfa_mt_d (n);
  s_bfa_mt_d (o);

  p1 BY abfas_ea@1; ! Residual "factors";
  p2 BY bbfas_ea@1;
  p3 BY cbfas_ea@1;
  p4 BY dbfas_ea@1;

  v1 BY abfa_mt_d@1; ! Residual "factors";
  v2 BY bbfa_mt_d@1;
  v3 BY cbfa_mt_d@1;
  v4 BY dbfa_mt_d@1;

  !residual variances on observed/manifest vars set to 0
  abfas_ea@0;
  bbfas_ea@0;
  cbfas_ea@0;
  dbfas_ea@0;

  !residual variances on observed/manifest vars set to 0
  abfa_mt_d@0;
  bbfa_mt_d@0;
  cbfa_mt_d@0;
  dbfa_mt_d@0;

  ! means of observed/manifest vars set to 0
  [abfas_ea@0];
  [bbfas_ea@0];
  [cbfas_ea@0];
  [dbfas_ea@0];

  ! means of observed/manifest vars set to 0
  [abfa_mt_d@0];
  [bbfa_mt_d@0];
  [cbfa_mt_d@0];
  [dbfa_mt_d@0];

  [p1@0]; ! means of residual "factors" set to 0
  [p2@0];
  [p3@0];
  [p4@0];

  [v1@0]; ! means of residual "factors" set to 0
  [v2@0];
  [v3@0];
  [v4@0];

  p4 on p3 (a); ! Autoregressive paths constrained to equality
  p3 on p2 (a);
  p2 on p1 (a);

  v4 on v3 (b); ! Autoregressive paths constrained to equality
  v3 on v2 (b);
  v2 on v1 (b);

  p4 on v3 (c); ! Cross-lagged paths constrained to equality
  p3 on v2 (c);
  p2 on v1 (c);

  v4 on p3 (d); ! Cross-lagged paths constrained to equality
  v3 on p2 (d);
  v2 on p1 (d);

  p1 with v1; !(this one is not like the others)

  p2 with v2 (e); ! Within-wave correlations constrained to equality
  p3 with v3 (e);
  p4 with v4 (e);

  p2 p3 p4 (f); ! estimate variances of residual "factors"
  v2 v3 v4 (g); ! estimate variances of residual "factors"

  MODEL earlier:

  p4 on p3 (a23); ! Autoregressive paths constrained to equality
  p3 on p2 (a23);
  p2 on p1 (a23);

  v4 on v3 (b23); ! Autoregressive paths constrained to equality
  v3 on v2 (b23);
  v2 on v1 (b23);

  p4 on v3 (c23); ! Cross-lagged paths constrained to equality
  p3 on v2 (c23);
  p2 on v1 (c23);

  v4 on p3 (d23); ! Cross-lagged paths constrained to equality
  v3 on p2 (d23);
  v2 on p1 (d23);

  p1 with v1; !(this one is not like the others)

  p2 with v2 (e23); ! Within-wave correlations constrained to equality
  p3 with v3 (e23);
  p4 with v4 (e23);

  p2 p3 p4 (f23); ! estimate variances of residual "factors"
  v2 v3 v4 (g23); ! estimate variances of residual "factors"

  MODEL later:

  p4 on p3 (a45); ! Autoregressive paths constrained to equality
  p3 on p2 (a45);
  p2 on p1 (a45);

  v4 on v3 (b45); ! Autoregressive paths constrained to equality
  v3 on v2 (b45);
  v2 on v1 (b45);

  p4 on v3 (c45); ! Cross-lagged paths constrained to equality
  p3 on v2 (c45);
  p2 on v1 (c45);

  v4 on p3 (d45); ! Cross-lagged paths constrained to equality
  v3 on p2 (d45);
  v2 on p1 (d45);

  p1 with v1; !(this one is not like the others)

  p2 with v2 (e45); ! Within-wave correlations constrained to equality
  p3 with v3 (e45);
  p4 with v4 (e45);

  p2 p3 p4 (f45); ! estimate variances of residual "factors"
  v2 v3 v4 (g45); ! estimate variances of residual "factors"

  OUTPUT: SAMPSTAT PATTERNS;



*** WARNING in VARIABLE command
  Note that only the first 8 characters of variable names are used in the output.
  Shorten variable names to avoid any confusion.
*** WARNING
  Data set contains unknown or missing values for GROUPING,
  PATTERN, COHORT, CLUSTER and/or STRATIFICATION variables.
  Number of cases with unknown or missing values:  5
   2 WARNING(S) FOUND IN THE INPUT INSTRUCTIONS



PxVx Bivariate LCM-SR - 40splitgroup - Linear bfas_ea with Linear bfa_mt_d;

SUMMARY OF ANALYSIS

Number of groups                                                 2
Number of observations
   Group EARLIER                                               534
   Group LATER                                                 330
   Total sample size                                           864

Number of dependent variables                                    8
Number of independent variables                                  0
Number of continuous latent variables                           12

Observed dependent variables

  Continuous
   ABFAS_EA    BBFAS_EA    CBFAS_EA    DBFAS_EA    ABFA_MT_D   BBFA_MT_D
   CBFA_MT_D   DBFA_MT_D

Continuous latent variables
   P1          P2          P3          P4          V1          V2
   V3          V4          I_BFAS_E    S_BFAS_E    I_BFA_MT    S_BFA_MT

Variables with special functions

  Grouping variable     AAGEGRP

  Time scores
   A1          A2          A3          A4


Estimator                                                      MLR
Information matrix                                        OBSERVED
Maximum number of iterations                                   100
Convergence criterion                                    0.100D-05
Maximum number of EM iterations                                500
Convergence criteria for the EM algorithm
  Loglikelihood change                                   0.100D-02
  Relative loglikelihood change                          0.100D-05
  Derivative                                             0.100D-03
Minimum variance                                         0.100D-03
Maximum number of steepest descent iterations                   20
Maximum number of iterations for H1                           2000
Convergence criterion for H1                             0.100D-03
Optimization algorithm                                         EMA

Input data file(s)
  /home/jflournoy/code_new/lnt_pxvx/Data/lnt_nat_recalc.tsv
Input data format  FREE


SUMMARY OF DATA

   Group EARLIER
     Number of missing data patterns            10

   Group LATER
     Number of missing data patterns             9


SUMMARY OF MISSING DATA PATTERNS


     MISSING DATA PATTERNS (x = not missing) FOR EARLIER

           1  2  3  4  5  6  7  8  9 10
 ABFAS_EA  x  x  x  x  x  x  x  x     x
 BBFAS_EA  x     x     x  x        x  x
 CBFAS_EA  x        x     x     x  x  x
 DBFAS_EA  x     x  x        x     x  x
 ABFA_MT_  x  x  x  x  x  x  x  x
 BBFA_MT_  x     x     x  x        x  x
 CBFA_MT_  x        x     x     x  x  x
 DBFA_MT_  x     x  x        x     x  x


     MISSING DATA PATTERN FREQUENCIES FOR EARLIER

    Pattern   Frequency     Pattern   Frequency     Pattern   Frequency
          1         327           5          28           9           1
          2         101           6          22          10           1
          3          14           7          15
          4          13           8          12


     MISSING DATA PATTERNS (x = not missing) FOR LATER

           1  2  3  4  5  6  7  8  9
 ABFAS_EA  x  x  x  x  x  x  x  x
 BBFAS_EA  x     x     x  x        x
 CBFAS_EA  x        x     x     x  x
 DBFAS_EA  x     x  x        x     x
 ABFA_MT_  x  x  x  x  x  x  x  x
 BBFA_MT_  x     x     x  x        x
 CBFA_MT_  x        x     x     x  x
 DBFA_MT_  x     x  x        x     x


     MISSING DATA PATTERN FREQUENCIES FOR LATER

    Pattern   Frequency     Pattern   Frequency     Pattern   Frequency
          1         165           4          10           7          10
          2          69           5          24           8          12
          3          13           6          26           9           1


COVARIANCE COVERAGE OF DATA

Minimum covariance coverage value   0.100


     PROPORTION OF DATA PRESENT FOR EARLIER


           Covariance Coverage
              ABFAS_EA      BBFAS_EA      CBFAS_EA      DBFAS_EA      ABFA_MT_
              ________      ________      ________      ________      ________
 ABFAS_EA       0.998
 BBFAS_EA       0.734         0.736
 CBFAS_EA       0.702         0.657         0.704
 DBFAS_EA       0.693         0.642         0.640         0.695
 ABFA_MT_       0.996         0.732         0.700         0.691         0.996
 BBFA_MT_       0.734         0.736         0.657         0.642         0.732
 CBFA_MT_       0.702         0.657         0.704         0.640         0.700
 DBFA_MT_       0.693         0.642         0.640         0.695         0.691


           Covariance Coverage
              BBFA_MT_      CBFA_MT_      DBFA_MT_
              ________      ________      ________
 BBFA_MT_       0.736
 CBFA_MT_       0.657         0.704
 DBFA_MT_       0.642         0.640         0.695


     PROPORTION OF DATA PRESENT FOR LATER


           Covariance Coverage
              ABFAS_EA      BBFAS_EA      CBFAS_EA      DBFAS_EA      ABFA_MT_
              ________      ________      ________      ________      ________
 ABFAS_EA       0.997
 BBFAS_EA       0.691         0.694
 CBFAS_EA       0.645         0.582         0.648
 DBFAS_EA       0.600         0.542         0.533         0.603
 ABFA_MT_       0.997         0.691         0.645         0.600         0.997
 BBFA_MT_       0.691         0.694         0.582         0.542         0.691
 CBFA_MT_       0.645         0.582         0.648         0.533         0.645
 DBFA_MT_       0.600         0.542         0.533         0.603         0.600


           Covariance Coverage
              BBFA_MT_      CBFA_MT_      DBFA_MT_
              ________      ________      ________
 BBFA_MT_       0.694
 CBFA_MT_       0.582         0.648
 DBFA_MT_       0.542         0.533         0.603


SAMPLE STATISTICS


     ESTIMATED SAMPLE STATISTICS FOR EARLIER


           Means
              ABFAS_EA      BBFAS_EA      CBFAS_EA      DBFAS_EA      ABFA_MT_
              ________      ________      ________      ________      ________
               60.783        60.910        59.692        59.664        41.467


           Means
              BBFA_MT_      CBFA_MT_      DBFA_MT_
              ________      ________      ________
               40.740        41.431        40.637


           Covariances
              ABFAS_EA      BBFAS_EA      CBFAS_EA      DBFAS_EA      ABFA_MT_
              ________      ________      ________      ________      ________
 ABFAS_EA     415.784
 BBFAS_EA     346.959       403.124
 CBFAS_EA     331.720       336.265       394.897
 DBFAS_EA     327.275       331.681       343.760       406.116
 ABFA_MT_     -12.609        -0.500         9.670         0.971       465.216
 BBFA_MT_     -22.243       -10.496       -17.846       -28.253       309.384
 CBFA_MT_      -9.750        12.288        -2.942        -6.022       308.102
 DBFA_MT_       6.913        31.157        13.741        13.918       275.054


           Covariances
              BBFA_MT_      CBFA_MT_      DBFA_MT_
              ________      ________      ________
 BBFA_MT_     482.751
 CBFA_MT_     361.347       496.307
 DBFA_MT_     344.484       359.124       487.305


           Correlations
              ABFAS_EA      BBFAS_EA      CBFAS_EA      DBFAS_EA      ABFA_MT_
              ________      ________      ________      ________      ________
 ABFAS_EA       1.000
 BBFAS_EA       0.847         1.000
 CBFAS_EA       0.819         0.843         1.000
 DBFAS_EA       0.796         0.820         0.858         1.000
 ABFA_MT_      -0.029        -0.001         0.023         0.002         1.000
 BBFA_MT_      -0.050        -0.024        -0.041        -0.064         0.653
 CBFA_MT_      -0.021         0.027        -0.007        -0.013         0.641
 DBFA_MT_       0.015         0.070         0.031         0.031         0.578


           Correlations
              BBFA_MT_      CBFA_MT_      DBFA_MT_
              ________      ________      ________
 BBFA_MT_       1.000
 CBFA_MT_       0.738         1.000
 DBFA_MT_       0.710         0.730         1.000


     ESTIMATED SAMPLE STATISTICS FOR LATER


           Means
              ABFAS_EA      BBFAS_EA      CBFAS_EA      DBFAS_EA      ABFA_MT_
              ________      ________      ________      ________      ________
               62.705        61.446        61.745        61.403        35.622


           Means
              BBFA_MT_      CBFA_MT_      DBFA_MT_
              ________      ________      ________
               36.784        36.768        36.661


           Covariances
              ABFAS_EA      BBFAS_EA      CBFAS_EA      DBFAS_EA      ABFA_MT_
              ________      ________      ________      ________      ________
 ABFAS_EA     334.722
 BBFAS_EA     277.930       313.105
 CBFAS_EA     279.799       278.449       342.711
 DBFAS_EA     277.034       270.202       305.598       342.222
 ABFA_MT_     -19.084       -12.918        16.359        -3.017       420.252
 BBFA_MT_     -32.777       -14.406        -2.723       -19.263       295.044
 CBFA_MT_       3.152         9.482        38.673        20.750       300.315
 DBFA_MT_      -3.530        18.033        27.596        11.010       281.587


           Covariances
              BBFA_MT_      CBFA_MT_      DBFA_MT_
              ________      ________      ________
 BBFA_MT_     427.730
 CBFA_MT_     310.237       440.973
 DBFA_MT_     277.250       269.893       421.689


           Correlations
              ABFAS_EA      BBFAS_EA      CBFAS_EA      DBFAS_EA      ABFA_MT_
              ________      ________      ________      ________      ________
 ABFAS_EA       1.000
 BBFAS_EA       0.859         1.000
 CBFAS_EA       0.826         0.850         1.000
 DBFAS_EA       0.819         0.825         0.892         1.000
 ABFA_MT_      -0.051        -0.036         0.043        -0.008         1.000
 BBFA_MT_      -0.087        -0.039        -0.007        -0.050         0.696
 CBFA_MT_       0.008         0.026         0.099         0.053         0.698
 DBFA_MT_      -0.009         0.050         0.073         0.029         0.669


           Correlations
              BBFA_MT_      CBFA_MT_      DBFA_MT_
              ________      ________      ________
 BBFA_MT_       1.000
 CBFA_MT_       0.714         1.000
 DBFA_MT_       0.653         0.626         1.000


     MAXIMUM LOG-LIKELIHOOD VALUE FOR THE UNRESTRICTED (H1) MODEL IS -21511.934


UNIVARIATE SAMPLE STATISTICS


     UNIVARIATE HIGHER-ORDER MOMENT DESCRIPTIVE STATISTICS FOR EARLIER

         Variable/         Mean/     Skewness/   Minimum/ % with                Percentiles
        Sample Size      Variance    Kurtosis    Maximum  Min/Max      20%/60%    40%/80%    Median

     ABFAS_EA             60.760      -0.486       0.000    0.19%      44.444     57.500     62.500
             533.000     416.107      -0.138     100.000    0.94%      67.500     80.000
     BBFAS_EA             60.974      -0.394       2.500    0.25%      42.500     55.000     62.500
             393.000     400.392      -0.354     100.000    0.51%      69.444     77.500
     CBFAS_EA             59.854      -0.445       2.500    0.27%      45.000     55.000     62.500
             376.000     399.952      -0.163     100.000    0.27%      67.500     77.500
     DBFAS_EA             59.613      -0.426       2.500    0.27%      42.500     55.000     62.500
             371.000     406.429      -0.278     100.000    0.27%      67.500     77.500
     ABFA_MT_D            41.522       0.261       0.000    2.44%      25.000     33.333     37.500
             532.000     465.131      -0.456     100.000    0.94%      43.750     62.500
     BBFA_MT_D            41.046       0.246       0.000    3.31%      18.750     31.250     37.500
             393.000     487.328      -0.519     100.000    0.76%      50.000     62.500
     CBFA_MT_D            41.456       0.268       0.000    3.72%      25.000     33.333     37.500
             376.000     493.708      -0.317     100.000    1.33%      50.000     62.500
     DBFA_MT_D            41.038       0.220       0.000    5.39%      25.000     37.500     43.750
             371.000     498.350      -0.366     100.000    1.08%      43.750     62.500


     UNIVARIATE HIGHER-ORDER MOMENT DESCRIPTIVE STATISTICS FOR LATER

         Variable/         Mean/     Skewness/   Minimum/ % with                Percentiles
        Sample Size      Variance    Kurtosis    Maximum  Min/Max      20%/60%    40%/80%    Median

     ABFAS_EA             62.674      -0.462       7.500    0.30%      47.500     60.000     62.500
             329.000     335.202      -0.042     100.000    0.61%      70.000     77.500
     BBFAS_EA             61.300      -0.486       2.500    0.44%      45.000     57.500     62.500
             229.000     328.596       0.237      97.500    0.44%      67.500     77.500
     CBFAS_EA             61.382      -0.330      12.500    0.47%      45.000     57.500     65.000
             214.000     363.637      -0.381     100.000    0.47%      70.000     77.500
     DBFAS_EA             62.550      -0.456      10.000    1.01%      45.000     57.500     65.000
             199.000     338.188      -0.201      95.000    2.01%      67.500     80.000
     ABFA_MT_D            35.657       0.362       0.000    4.56%      18.750     31.250     37.500
             329.000     420.619      -0.267     100.000    0.30%      37.500     50.000
     BBFA_MT_D            36.517       0.213       0.000    5.68%      18.750     31.250     37.500
             229.000     415.436      -0.435      93.750    0.44%      43.750     56.250
     CBFA_MT_D            37.412       0.187       0.000    5.61%      18.750     31.250     37.500
             214.000     440.814      -0.571      93.750    0.47%      43.750     56.250
     DBFA_MT_D            37.343       0.351       0.000    4.52%      18.750     31.250     37.500
             199.000     413.959      -0.231      93.750    0.50%      37.500     56.250


THE MODEL ESTIMATION TERMINATED NORMALLY



MODEL FIT INFORMATION

Number of Free Parameters                       34

Loglikelihood

          H0 Value                      -21551.239
          H0 Scaling Correction Factor      1.2163
            for MLR

Information Criteria

          Akaike (AIC)                   43170.478
          Bayesian (BIC)                 43332.371
          Sample-Size Adjusted BIC       43224.396
            (n* = (n + 2) / 24)



MODEL RESULTS

                                                    Two-Tailed
                    Estimate       S.E.  Est./S.E.    P-Value

Group EARLIER

 P1       BY
    ABFAS_EA           1.000      0.000    999.000    999.000

 P2       BY
    BBFAS_EA           1.000      0.000    999.000    999.000

 P3       BY
    CBFAS_EA           1.000      0.000    999.000    999.000

 P4       BY
    DBFAS_EA           1.000      0.000    999.000    999.000

 V1       BY
    ABFA_MT_D          1.000      0.000    999.000    999.000

 V2       BY
    BBFA_MT_D          1.000      0.000    999.000    999.000

 V3       BY
    CBFA_MT_D          1.000      0.000    999.000    999.000

 V4       BY
    DBFA_MT_D          1.000      0.000    999.000    999.000

 P4         ON
    P3                 0.223      0.079      2.826      0.005
    V3                -0.030      0.031     -0.976      0.329

 P3         ON
    P2                 0.223      0.079      2.826      0.005
    V2                -0.030      0.031     -0.976      0.329

 P2         ON
    P1                 0.223      0.079      2.826      0.005
    V1                -0.030      0.031     -0.976      0.329

 V4         ON
    V3                 0.103      0.070      1.468      0.142
    P3                 0.036      0.081      0.448      0.654

 V3         ON
    V2                 0.103      0.070      1.468      0.142
    P2                 0.036      0.081      0.448      0.654

 V2         ON
    V1                 0.103      0.070      1.468      0.142
    P1                 0.036      0.081      0.448      0.654

 S_BFAS_E WITH
    I_BFAS_EA         -1.519      0.910     -1.670      0.095
    S_BFA_MT_D         0.003      0.117      0.028      0.978
    I_BFA_MT_D         0.256      2.381      0.107      0.914

 I_BFAS_E WITH
    S_BFA_MT_D         0.090      2.656      0.034      0.973
    I_BFA_MT_D        -0.655     18.036     -0.036      0.971

 S_BFA_MT WITH
    I_BFA_MT_D        -0.567      0.947     -0.598      0.550

 P1       WITH
    V1               -10.095     10.485     -0.963      0.336

 P2       WITH
    V2                -0.730      5.452     -0.134      0.893

 P3       WITH
    V3                -0.730      5.452     -0.134      0.893

 P4       WITH
    V4                -0.730      5.452     -0.134      0.893

 Means
    P1                 0.000      0.000    999.000    999.000
    V1                 0.000      0.000    999.000    999.000
    I_BFAS_EA         60.978      0.640     95.284      0.000
    S_BFAS_EA          0.063      0.055      1.152      0.249
    I_BFA_MT_D        39.519      0.667     59.231      0.000
    S_BFA_MT_D        -0.201      0.061     -3.275      0.001

 Intercepts
    ABFAS_EA           0.000      0.000    999.000    999.000
    BBFAS_EA           0.000      0.000    999.000    999.000
    CBFAS_EA           0.000      0.000    999.000    999.000
    DBFAS_EA           0.000      0.000    999.000    999.000
    ABFA_MT_D          0.000      0.000    999.000    999.000
    BBFA_MT_D          0.000      0.000    999.000    999.000
    CBFA_MT_D          0.000      0.000    999.000    999.000
    DBFA_MT_D          0.000      0.000    999.000    999.000
    P2                 0.000      0.000    999.000    999.000
    P3                 0.000      0.000    999.000    999.000
    P4                 0.000      0.000    999.000    999.000
    V2                 0.000      0.000    999.000    999.000
    V3                 0.000      0.000    999.000    999.000
    V4                 0.000      0.000    999.000    999.000

 Variances
    P1                86.662     11.008      7.873      0.000
    V1               206.337     17.783     11.603      0.000
    I_BFAS_EA        298.076     21.721     13.723      0.000
    S_BFAS_EA          0.095      0.152      0.628      0.530
    I_BFA_MT_D       289.635     24.260     11.939      0.000
    S_BFA_MT_D         0.152      0.165      0.923      0.356

 Residual Variances
    ABFAS_EA           0.000      0.000    999.000    999.000
    BBFAS_EA           0.000      0.000    999.000    999.000
    CBFAS_EA           0.000      0.000    999.000    999.000
    DBFAS_EA           0.000      0.000    999.000    999.000
    ABFA_MT_D          0.000      0.000    999.000    999.000
    BBFA_MT_D          0.000      0.000    999.000    999.000
    CBFA_MT_D          0.000      0.000    999.000    999.000
    DBFA_MT_D          0.000      0.000    999.000    999.000
    P2                73.236      6.010     12.185      0.000
    P3                73.236      6.010     12.185      0.000
    P4                73.236      6.010     12.185      0.000
    V2               149.595     13.560     11.032      0.000
    V3               149.595     13.560     11.032      0.000
    V4               149.595     13.560     11.032      0.000

Group LATER

 P1       BY
    ABFAS_EA           1.000      0.000    999.000    999.000

 P2       BY
    BBFAS_EA           1.000      0.000    999.000    999.000

 P3       BY
    CBFAS_EA           1.000      0.000    999.000    999.000

 P4       BY
    DBFAS_EA           1.000      0.000    999.000    999.000

 V1       BY
    ABFA_MT_D          1.000      0.000    999.000    999.000

 V2       BY
    BBFA_MT_D          1.000      0.000    999.000    999.000

 V3       BY
    CBFA_MT_D          1.000      0.000    999.000    999.000

 V4       BY
    DBFA_MT_D          1.000      0.000    999.000    999.000

 P4         ON
    P3                 0.281      0.117      2.411      0.016
    V3                -0.036      0.041     -0.862      0.389

 P3         ON
    P2                 0.281      0.117      2.411      0.016
    V2                -0.036      0.041     -0.862      0.389

 P2         ON
    P1                 0.281      0.117      2.411      0.016
    V1                -0.036      0.041     -0.862      0.389

 V4         ON
    V3                 0.003      0.080      0.036      0.971
    P3                -0.087      0.105     -0.826      0.409

 V3         ON
    V2                 0.003      0.080      0.036      0.971
    P2                -0.087      0.105     -0.826      0.409

 V2         ON
    V1                 0.003      0.080      0.036      0.971
    P1                -0.087      0.105     -0.826      0.409

 S_BFAS_E WITH
    I_BFAS_EA         -1.519      0.910     -1.670      0.095
    S_BFA_MT_D         0.003      0.117      0.028      0.978
    I_BFA_MT_D         0.256      2.381      0.107      0.914

 I_BFAS_E WITH
    S_BFA_MT_D         0.090      2.656      0.034      0.973
    I_BFA_MT_D        -0.655     18.036     -0.036      0.971

 S_BFA_MT WITH
    I_BFA_MT_D        -0.567      0.947     -0.598      0.550

 P1       WITH
    V1                -8.832      9.136     -0.967      0.334

 P2       WITH
    V2                 2.807      4.853      0.578      0.563

 P3       WITH
    V3                 2.807      4.853      0.578      0.563

 P4       WITH
    V4                 2.807      4.853      0.578      0.563

 Means
    P1                 0.000      0.000    999.000    999.000
    V1                 0.000      0.000    999.000    999.000
    I_BFAS_EA         60.978      0.640     95.284      0.000
    S_BFAS_EA          0.063      0.055      1.152      0.249
    I_BFA_MT_D        39.519      0.667     59.231      0.000
    S_BFA_MT_D        -0.201      0.061     -3.275      0.001

 Intercepts
    ABFAS_EA           0.000      0.000    999.000    999.000
    BBFAS_EA           0.000      0.000    999.000    999.000
    CBFAS_EA           0.000      0.000    999.000    999.000
    DBFAS_EA           0.000      0.000    999.000    999.000
    ABFA_MT_D          0.000      0.000    999.000    999.000
    BBFA_MT_D          0.000      0.000    999.000    999.000
    CBFA_MT_D          0.000      0.000    999.000    999.000
    DBFA_MT_D          0.000      0.000    999.000    999.000
    P2                 0.000      0.000    999.000    999.000
    P3                 0.000      0.000    999.000    999.000
    P4                 0.000      0.000    999.000    999.000
    V2                 0.000      0.000    999.000    999.000
    V3                 0.000      0.000    999.000    999.000
    V4                 0.000      0.000    999.000    999.000

 Variances
    P1                67.664     10.343      6.542      0.000
    V1               126.542     17.301      7.314      0.000
    I_BFAS_EA        298.076     21.721     13.723      0.000
    S_BFAS_EA          0.095      0.152      0.628      0.530
    I_BFA_MT_D       289.635     24.260     11.939      0.000
    S_BFA_MT_D         0.152      0.165      0.923      0.356

 Residual Variances
    ABFAS_EA           0.000      0.000    999.000    999.000
    BBFAS_EA           0.000      0.000    999.000    999.000
    CBFAS_EA           0.000      0.000    999.000    999.000
    DBFAS_EA           0.000      0.000    999.000    999.000
    ABFA_MT_D          0.000      0.000    999.000    999.000
    BBFA_MT_D          0.000      0.000    999.000    999.000
    CBFA_MT_D          0.000      0.000    999.000    999.000
    DBFA_MT_D          0.000      0.000    999.000    999.000
    P2                56.160      8.400      6.686      0.000
    P3                56.160      8.400      6.686      0.000
    P4                56.160      8.400      6.686      0.000
    V2               141.600     16.244      8.717      0.000
    V3               141.600     16.244      8.717      0.000
    V4               141.600     16.244      8.717      0.000


QUALITY OF NUMERICAL RESULTS

     Condition Number for the Information Matrix              0.158E-05
       (ratio of smallest to largest eigenvalue)


     Beginning Time:  17:28:48
        Ending Time:  17:28:59
       Elapsed Time:  00:00:11



MUTHEN & MUTHEN
3463 Stoner Ave.
Los Angeles, CA  90066

Tel: (310) 391-9971
Fax: (310) 391-8971
Web: www.StatModel.com
Support: Support@StatModel.com

Copyright (c) 1998-2017 Muthen & Muthen
