Mplus VERSION 8 (Linux)
MUTHEN & MUTHEN
07/08/2018   5:41 PM

INPUT INSTRUCTIONS


  title: PxVx Bivariate LCM-SR - 40splitgroup - Linear bfas_oi with Linear bfa_mt;
  data: file = /home/jflournoy/code_new/lnt_pxvx/Data/lnt_nat_recalc.tsv;

  variable:
  names =
  subjid
  aage
  aaspfin
  aaspfin_d
  abfa_mt
  abfa_mt_d
  abfas_ac
  abfas_ap
  abfas_ci
  abfas_co
  abfas_ea
  abfas_ee
  abfas_nv
  abfas_nv9
  abfas_nw
  abfas_oi
  abfas_oo
  abfi_a
  abfi_a6
  abfi_c
  abfi_d_scale
  abfi_e
  abfi_hp8
  abfi_n
  abfi_o
  abfi_s_scale
  ahrz_col
  ahrz_col_d
  ahrz_ind
  ahrz_ind_d
  amvi
  ausi
  ausi_d
  avrt_col
  avrt_col_d
  avrt_ind
  avrt_ind_d
  bage
  baspfin
  baspfin_d
  bbfa_mt
  bbfa_mt_d
  bbfas_ac
  bbfas_ap
  bbfas_ci
  bbfas_co
  bbfas_ea
  bbfas_ee
  bbfas_nv
  bbfas_nv9
  bbfas_nw
  bbfas_oi
  bbfas_oo
  bbfi_a
  bbfi_a6
  bbfi_c
  bbfi_d_scale
  bbfi_e
  bbfi_hp8
  bbfi_n
  bbfi_o
  bbfi_s_scale
  bhrz_col
  bhrz_col_d
  bhrz_ind
  bhrz_ind_d
  bmvi
  busi
  busi_d
  bvrt_col
  bvrt_col_d
  bvrt_ind
  bvrt_ind_d
  cage
  caspfin
  caspfin_d
  cbfa_mt
  cbfa_mt_d
  cbfas_ac
  cbfas_ap
  cbfas_ci
  cbfas_co
  cbfas_ea
  cbfas_ee
  cbfas_nv
  cbfas_nv9
  cbfas_nw
  cbfas_oi
  cbfas_oo
  cbfi_a
  cbfi_a6
  cbfi_c
  cbfi_d_scale
  cbfi_e
  cbfi_hp8
  cbfi_n
  cbfi_o
  cbfi_s_scale
  chrz_col
  chrz_col_d
  chrz_ind
  chrz_ind_d
  cmvi
  cusi
  cusi_d
  cvrt_col
  cvrt_col_d
  cvrt_ind
  cvrt_ind_d
  dage
  daspfin
  daspfin_d
  dbfa_mt
  dbfa_mt_d
  dbfas_ac
  dbfas_ap
  dbfas_ci
  dbfas_co
  dbfas_ea
  dbfas_ee
  dbfas_nv
  dbfas_nv9
  dbfas_nw
  dbfas_oi
  dbfas_oo
  dbfi_a
  dbfi_a6
  dbfi_c
  dbfi_d_scale
  dbfi_e
  dbfi_hp8
  dbfi_n
  dbfi_o
  dbfi_s_scale
  dhrz_col
  dhrz_col_d
  dhrz_ind
  dhrz_ind_d
  dmvi
  dusi
  dusi_d
  dvrt_col
  dvrt_col_d
  dvrt_ind
  dvrt_ind_d;

  USEVARIABLES =
  abfas_oi
  bbfas_oi
  cbfas_oi
  dbfas_oi
  abfa_mt
  bbfa_mt
  cbfa_mt
  dbfa_mt
  a1
  a2
  a3
  a4
  aagegrp
  ;

  missing = all (-9999);

  tscores = a1 a2 a3 a4;

  grouping = aagegrp (0=earlier, 1=later);

  DEFINE:

  aagegrp = aage;

  cut aagegrp (39);

  a1 = aage + 0 - 36;
  a2 = aage + 1 - 36;
  a3 = aage + 2 - 36;
  a4 = aage + 3 - 36;

  ANALYSIS:
  TYPE=RANDOM;
  PROCESSORS = 6;
  model=nocovariances; ! supresses default estimation of certain covs in model;

  MODEL:

  i_bfas_oi s_bfas_oi | abfas_oi bbfas_oi cbfas_oi dbfas_oi AT a1 a2 a3 a4;
  i_bfa_mt s_bfa_mt | abfa_mt bbfa_mt cbfa_mt dbfa_mt AT a1 a2 a3 a4;

  ! freeing factor covs because of "nocovariances"
  ! But ensure they are constrained across groups
  s_bfas_oi WITH i_bfas_oi (p)
  s_bfa_mt (q)
  i_bfa_mt (r);
  i_bfas_oi WITH s_bfa_mt (s)
  i_bfa_mt (t);
  s_bfa_mt WITH i_bfa_mt (u);

  !constrain latent growth means across groups
  [i_bfas_oi] (v);
  [s_bfas_oi] (w);
  [i_bfa_mt] (x);
  [s_bfa_mt] (y);

  !constrain latent growth variances across groups
  i_bfas_oi (l);
  s_bfas_oi (m);
  i_bfa_mt (n);
  s_bfa_mt (o);

  p1 BY abfas_oi@1; ! Residual "factors";
  p2 BY bbfas_oi@1;
  p3 BY cbfas_oi@1;
  p4 BY dbfas_oi@1;

  v1 BY abfa_mt@1; ! Residual "factors";
  v2 BY bbfa_mt@1;
  v3 BY cbfa_mt@1;
  v4 BY dbfa_mt@1;

  !residual variances on observed/manifest vars set to 0
  abfas_oi@0;
  bbfas_oi@0;
  cbfas_oi@0;
  dbfas_oi@0;

  !residual variances on observed/manifest vars set to 0
  abfa_mt@0;
  bbfa_mt@0;
  cbfa_mt@0;
  dbfa_mt@0;

  ! means of observed/manifest vars set to 0
  [abfas_oi@0];
  [bbfas_oi@0];
  [cbfas_oi@0];
  [dbfas_oi@0];

  ! means of observed/manifest vars set to 0
  [abfa_mt@0];
  [bbfa_mt@0];
  [cbfa_mt@0];
  [dbfa_mt@0];

  [p1@0]; ! means of residual "factors" set to 0
  [p2@0];
  [p3@0];
  [p4@0];

  [v1@0]; ! means of residual "factors" set to 0
  [v2@0];
  [v3@0];
  [v4@0];

  p4 on p3 (a); ! Autoregressive paths constrained to equality
  p3 on p2 (a);
  p2 on p1 (a);

  v4 on v3 (b); ! Autoregressive paths constrained to equality
  v3 on v2 (b);
  v2 on v1 (b);

  p4 on v3 (c); ! Cross-lagged paths constrained to equality
  p3 on v2 (c);
  p2 on v1 (c);

  v4 on p3 (d); ! Cross-lagged paths constrained to equality
  v3 on p2 (d);
  v2 on p1 (d);

  p1 with v1; !(this one is not like the others)

  p2 with v2 (e); ! Within-wave correlations constrained to equality
  p3 with v3 (e);
  p4 with v4 (e);

  p2 p3 p4 (f); ! estimate variances of residual "factors"
  v2 v3 v4 (g); ! estimate variances of residual "factors"

  MODEL earlier:

  p4 on p3 (a23); ! Autoregressive paths constrained to equality
  p3 on p2 (a23);
  p2 on p1 (a23);

  v4 on v3 (b23); ! Autoregressive paths constrained to equality
  v3 on v2 (b23);
  v2 on v1 (b23);

  p4 on v3 (c23); ! Cross-lagged paths constrained to equality
  p3 on v2 (c23);
  p2 on v1 (c23);

  v4 on p3 (d23); ! Cross-lagged paths constrained to equality
  v3 on p2 (d23);
  v2 on p1 (d23);

  p1 with v1; !(this one is not like the others)

  p2 with v2 (e23); ! Within-wave correlations constrained to equality
  p3 with v3 (e23);
  p4 with v4 (e23);

  p2 p3 p4 (f23); ! estimate variances of residual "factors"
  v2 v3 v4 (g23); ! estimate variances of residual "factors"

  MODEL later:

  p4 on p3 (a45); ! Autoregressive paths constrained to equality
  p3 on p2 (a45);
  p2 on p1 (a45);

  v4 on v3 (b45); ! Autoregressive paths constrained to equality
  v3 on v2 (b45);
  v2 on v1 (b45);

  p4 on v3 (c45); ! Cross-lagged paths constrained to equality
  p3 on v2 (c45);
  p2 on v1 (c45);

  v4 on p3 (d45); ! Cross-lagged paths constrained to equality
  v3 on p2 (d45);
  v2 on p1 (d45);

  p1 with v1; !(this one is not like the others)

  p2 with v2 (e45); ! Within-wave correlations constrained to equality
  p3 with v3 (e45);
  p4 with v4 (e45);

  p2 p3 p4 (f45); ! estimate variances of residual "factors"
  v2 v3 v4 (g45); ! estimate variances of residual "factors"

  OUTPUT: SAMPSTAT PATTERNS;



*** WARNING
  Data set contains unknown or missing values for GROUPING,
  PATTERN, COHORT, CLUSTER and/or STRATIFICATION variables.
  Number of cases with unknown or missing values:  5
   1 WARNING(S) FOUND IN THE INPUT INSTRUCTIONS



PxVx Bivariate LCM-SR - 40splitgroup - Linear bfas_oi with Linear bfa_mt;

SUMMARY OF ANALYSIS

Number of groups                                                 2
Number of observations
   Group EARLIER                                               534
   Group LATER                                                 330
   Total sample size                                           864

Number of dependent variables                                    8
Number of independent variables                                  0
Number of continuous latent variables                           12

Observed dependent variables

  Continuous
   ABFAS_OI    BBFAS_OI    CBFAS_OI    DBFAS_OI    ABFA_MT     BBFA_MT
   CBFA_MT     DBFA_MT

Continuous latent variables
   P1          P2          P3          P4          V1          V2
   V3          V4          I_BFAS_O    S_BFAS_O    I_BFA_MT    S_BFA_MT

Variables with special functions

  Grouping variable     AAGEGRP

  Time scores
   A1          A2          A3          A4


Estimator                                                      MLR
Information matrix                                        OBSERVED
Maximum number of iterations                                   100
Convergence criterion                                    0.100D-05
Maximum number of EM iterations                                500
Convergence criteria for the EM algorithm
  Loglikelihood change                                   0.100D-02
  Relative loglikelihood change                          0.100D-05
  Derivative                                             0.100D-03
Minimum variance                                         0.100D-03
Maximum number of steepest descent iterations                   20
Maximum number of iterations for H1                           2000
Convergence criterion for H1                             0.100D-03
Optimization algorithm                                         EMA

Input data file(s)
  /home/jflournoy/code_new/lnt_pxvx/Data/lnt_nat_recalc.tsv
Input data format  FREE


SUMMARY OF DATA

   Group EARLIER
     Number of missing data patterns             9

   Group LATER
     Number of missing data patterns            10


SUMMARY OF MISSING DATA PATTERNS


     MISSING DATA PATTERNS (x = not missing) FOR EARLIER

           1  2  3  4  5  6  7  8  9
 ABFAS_OI  x  x  x  x  x  x  x  x
 BBFAS_OI  x     x     x  x        x
 CBFAS_OI  x        x     x     x  x
 DBFAS_OI  x     x  x        x     x
 ABFA_MT   x  x  x  x  x  x  x  x
 BBFA_MT   x     x     x  x        x
 CBFA_MT   x        x     x     x  x
 DBFA_MT   x     x  x        x     x


     MISSING DATA PATTERN FREQUENCIES FOR EARLIER

    Pattern   Frequency     Pattern   Frequency     Pattern   Frequency
          1         328           4          13           7          15
          2         101           5          28           8          12
          3          14           6          22           9           1


     MISSING DATA PATTERNS (x = not missing) FOR LATER

           1  2  3  4  5  6  7  8  9 10
 ABFAS_OI  x  x  x  x  x  x  x  x     x
 BBFAS_OI  x     x     x  x        x  x
 CBFAS_OI  x        x     x     x  x  x
 DBFAS_OI  x     x  x        x     x  x
 ABFA_MT   x  x  x  x  x  x  x  x     x
 BBFA_MT   x     x     x  x        x
 CBFA_MT   x        x     x     x  x  x
 DBFA_MT   x     x  x        x     x  x


     MISSING DATA PATTERN FREQUENCIES FOR LATER

    Pattern   Frequency     Pattern   Frequency     Pattern   Frequency
          1         165           5          24           9           1
          2          69           6          26          10           1
          3          13           7          10
          4           9           8          12


COVARIANCE COVERAGE OF DATA

Minimum covariance coverage value   0.100


     PROPORTION OF DATA PRESENT FOR EARLIER


           Covariance Coverage
              ABFAS_OI      BBFAS_OI      CBFAS_OI      DBFAS_OI      ABFA_MT
              ________      ________      ________      ________      ________
 ABFAS_OI       0.998
 BBFAS_OI       0.734         0.736
 CBFAS_OI       0.702         0.657         0.704
 DBFAS_OI       0.693         0.642         0.640         0.695
 ABFA_MT        0.998         0.734         0.702         0.693         0.998
 BBFA_MT        0.734         0.736         0.657         0.642         0.734
 CBFA_MT        0.702         0.657         0.704         0.640         0.702
 DBFA_MT        0.693         0.642         0.640         0.695         0.693


           Covariance Coverage
              BBFA_MT       CBFA_MT       DBFA_MT
              ________      ________      ________
 BBFA_MT        0.736
 CBFA_MT        0.657         0.704
 DBFA_MT        0.642         0.640         0.695


     PROPORTION OF DATA PRESENT FOR LATER


           Covariance Coverage
              ABFAS_OI      BBFAS_OI      CBFAS_OI      DBFAS_OI      ABFA_MT
              ________      ________      ________      ________      ________
 ABFAS_OI       0.997
 BBFAS_OI       0.694         0.697
 CBFAS_OI       0.645         0.585         0.648
 DBFAS_OI       0.600         0.545         0.533         0.603
 ABFA_MT        0.997         0.694         0.645         0.600         0.997
 BBFA_MT        0.691         0.694         0.582         0.542         0.691
 CBFA_MT        0.645         0.585         0.648         0.533         0.645
 DBFA_MT        0.600         0.545         0.533         0.603         0.600


           Covariance Coverage
              BBFA_MT       CBFA_MT       DBFA_MT
              ________      ________      ________
 BBFA_MT        0.694
 CBFA_MT        0.582         0.648
 DBFA_MT        0.542         0.533         0.603


SAMPLE STATISTICS


     ESTIMATED SAMPLE STATISTICS FOR EARLIER


           Means
              ABFAS_OI      BBFAS_OI      CBFAS_OI      DBFAS_OI      ABFA_MT
              ________      ________      ________      ________      ________
               75.973        75.322        75.273        75.565        42.279


           Means
              BBFA_MT       CBFA_MT       DBFA_MT
              ________      ________      ________
               41.797        41.606        41.713


           Covariances
              ABFAS_OI      BBFAS_OI      CBFAS_OI      DBFAS_OI      ABFA_MT
              ________      ________      ________      ________      ________
 ABFAS_OI     251.787
 BBFAS_OI     199.566       240.307
 CBFAS_OI     198.859       204.479       266.150
 DBFAS_OI     189.289       186.961       208.244       248.839
 ABFA_MT      -79.665       -67.479       -61.850       -44.345       414.082
 BBFA_MT      -68.927       -65.836       -70.484       -45.530       309.487
 CBFA_MT      -70.073       -57.804       -79.048       -45.865       297.324
 DBFA_MT      -59.250       -54.347       -66.200       -42.207       282.546


           Covariances
              BBFA_MT       CBFA_MT       DBFA_MT
              ________      ________      ________
 BBFA_MT      415.988
 CBFA_MT      336.116       428.607
 DBFA_MT      317.564       342.713       422.898


           Correlations
              ABFAS_OI      BBFAS_OI      CBFAS_OI      DBFAS_OI      ABFA_MT
              ________      ________      ________      ________      ________
 ABFAS_OI       1.000
 BBFAS_OI       0.811         1.000
 CBFAS_OI       0.768         0.809         1.000
 DBFAS_OI       0.756         0.765         0.809         1.000
 ABFA_MT       -0.247        -0.214        -0.186        -0.138         1.000
 BBFA_MT       -0.213        -0.208        -0.212        -0.142         0.746
 CBFA_MT       -0.213        -0.180        -0.234        -0.140         0.706
 DBFA_MT       -0.182        -0.170        -0.197        -0.130         0.675


           Correlations
              BBFA_MT       CBFA_MT       DBFA_MT
              ________      ________      ________
 BBFA_MT        1.000
 CBFA_MT        0.796         1.000
 DBFA_MT        0.757         0.805         1.000


     ESTIMATED SAMPLE STATISTICS FOR LATER


           Means
              ABFAS_OI      BBFAS_OI      CBFAS_OI      DBFAS_OI      ABFA_MT
              ________      ________      ________      ________      ________
               74.596        74.598        73.427        73.416        35.646


           Means
              BBFA_MT       CBFA_MT       DBFA_MT
              ________      ________      ________
               36.530        36.495        36.169


           Covariances
              ABFAS_OI      BBFAS_OI      CBFAS_OI      DBFAS_OI      ABFA_MT
              ________      ________      ________      ________      ________
 ABFAS_OI     258.037
 BBFAS_OI     204.809       243.664
 CBFAS_OI     214.429       214.261       265.440
 DBFAS_OI     218.450       216.987       235.460       273.272
 ABFA_MT      -76.796       -53.621       -29.558       -59.415       360.055
 BBFA_MT      -73.106       -66.308       -44.149       -72.650       266.539
 CBFA_MT      -75.782       -70.316       -51.036       -67.176       271.258
 DBFA_MT      -49.006       -52.201       -42.022       -69.069       259.415


           Covariances
              BBFA_MT       CBFA_MT       DBFA_MT
              ________      ________      ________
 BBFA_MT      350.729
 CBFA_MT      283.678       381.920
 DBFA_MT      264.519       274.386       366.401


           Correlations
              ABFAS_OI      BBFAS_OI      CBFAS_OI      DBFAS_OI      ABFA_MT
              ________      ________      ________      ________      ________
 ABFAS_OI       1.000
 BBFAS_OI       0.817         1.000
 CBFAS_OI       0.819         0.842         1.000
 DBFAS_OI       0.823         0.841         0.874         1.000
 ABFA_MT       -0.252        -0.181        -0.096        -0.189         1.000
 BBFA_MT       -0.243        -0.227        -0.145        -0.235         0.750
 CBFA_MT       -0.241        -0.231        -0.160        -0.208         0.731
 DBFA_MT       -0.159        -0.175        -0.135        -0.218         0.714


           Correlations
              BBFA_MT       CBFA_MT       DBFA_MT
              ________      ________      ________
 BBFA_MT        1.000
 CBFA_MT        0.775         1.000
 DBFA_MT        0.738         0.733         1.000


     MAXIMUM LOG-LIKELIHOOD VALUE FOR THE UNRESTRICTED (H1) MODEL IS -20725.934


UNIVARIATE SAMPLE STATISTICS


     UNIVARIATE HIGHER-ORDER MOMENT DESCRIPTIVE STATISTICS FOR EARLIER

         Variable/         Mean/     Skewness/   Minimum/ % with                Percentiles
        Sample Size      Variance    Kurtosis    Maximum  Min/Max      20%/60%    40%/80%    Median

     ABFAS_OI             75.965      -0.573      15.000    0.19%      62.500     72.500     77.500
             533.000     252.091       0.018     100.000    5.44%      80.000     90.000
     BBFAS_OI             75.287      -0.411      32.500    0.51%      62.500     72.500     77.500
             393.000     234.524      -0.514     100.000    3.05%      80.000     90.000
     CBFAS_OI             75.119      -0.591      22.500    0.27%      62.500     72.500     77.500
             376.000     263.399      -0.050     100.000    4.26%      82.500     90.000
     DBFAS_OI             76.089      -0.554      20.000    0.27%      62.500     72.500     77.500
             371.000     236.764       0.027     100.000    4.58%      82.500     90.000
     ABFA_MT              42.294       0.186       0.000    1.69%      25.000     37.500     41.667
             533.000     414.433      -0.424     100.000    0.19%      45.833     58.333
     BBFA_MT              41.896       0.258       0.000    1.27%      25.000     33.333     41.667
             393.000     419.120      -0.425     100.000    0.25%      45.833     58.333
     CBFA_MT              41.602       0.223       0.000    1.86%      20.833     33.333     41.667
             376.000     428.337      -0.391     100.000    0.27%      45.833     58.333
     DBFA_MT              42.066       0.215       0.000    2.70%      20.833     37.500     41.667
             371.000     431.021      -0.193     100.000    0.81%      45.833     58.333


     UNIVARIATE HIGHER-ORDER MOMENT DESCRIPTIVE STATISTICS FOR LATER

         Variable/         Mean/     Skewness/   Minimum/ % with                Percentiles
        Sample Size      Variance    Kurtosis    Maximum  Min/Max      20%/60%    40%/80%    Median

     ABFAS_OI             74.578      -0.503      17.500    0.30%      62.500     70.000     75.000
             329.000     258.521       0.068     100.000    5.17%      80.000     90.000
     BBFAS_OI             75.192      -0.685      22.500    0.43%      62.500     75.000     76.250
             230.000     244.617       0.436     100.000    4.78%      80.000     87.500
     CBFAS_OI             74.171      -0.547      20.000    0.47%      60.000     72.500     75.000
             214.000     258.979       0.103     100.000    2.80%      80.000     90.000
     DBFAS_OI             75.229      -0.856      15.000    0.50%      62.500     72.500     77.500
             199.000     273.344       0.582     100.000    4.02%      82.500     90.000
     ABFA_MT              35.689       0.377       0.000    1.82%      16.667     29.167     33.333
             329.000     360.164      -0.082      95.833    0.30%      37.500     50.000
     BBFA_MT              36.117       0.287       0.000    3.06%      16.667     29.167     35.000
             229.000     346.693      -0.160      91.667    0.44%      40.000     50.000
     CBFA_MT              36.585       0.279       0.000    3.74%      20.833     29.167     35.417
             214.000     379.079      -0.493      83.333    0.93%      41.667     54.167
     DBFA_MT              36.118       0.428       0.000    1.51%      20.833     29.167     33.333
             199.000     353.862      -0.329      87.500    1.01%      37.500     50.000


THE MODEL ESTIMATION TERMINATED NORMALLY



MODEL FIT INFORMATION

Number of Free Parameters                       34

Loglikelihood

          H0 Value                      -20756.556
          H0 Scaling Correction Factor      1.3018
            for MLR

Information Criteria

          Akaike (AIC)                   41581.112
          Bayesian (BIC)                 41743.005
          Sample-Size Adjusted BIC       41635.030
            (n* = (n + 2) / 24)



MODEL RESULTS

                                                    Two-Tailed
                    Estimate       S.E.  Est./S.E.    P-Value

Group EARLIER

 P1       BY
    ABFAS_OI           1.000      0.000    999.000    999.000

 P2       BY
    BBFAS_OI           1.000      0.000    999.000    999.000

 P3       BY
    CBFAS_OI           1.000      0.000    999.000    999.000

 P4       BY
    DBFAS_OI           1.000      0.000    999.000    999.000

 V1       BY
    ABFA_MT            1.000      0.000    999.000    999.000

 V2       BY
    BBFA_MT            1.000      0.000    999.000    999.000

 V3       BY
    CBFA_MT            1.000      0.000    999.000    999.000

 V4       BY
    DBFA_MT            1.000      0.000    999.000    999.000

 P4         ON
    P3                 0.232      0.082      2.839      0.005
    V3                -0.020      0.043     -0.457      0.648

 P3         ON
    P2                 0.232      0.082      2.839      0.005
    V2                -0.020      0.043     -0.457      0.648

 P2         ON
    P1                 0.232      0.082      2.839      0.005
    V1                -0.020      0.043     -0.457      0.648

 V4         ON
    V3                 0.212      0.079      2.694      0.007
    P3                 0.022      0.085      0.253      0.800

 V3         ON
    V2                 0.212      0.079      2.694      0.007
    P2                 0.022      0.085      0.253      0.800

 V2         ON
    V1                 0.212      0.079      2.694      0.007
    P1                 0.022      0.085      0.253      0.800

 S_BFAS_O WITH
    I_BFAS_OI          0.112      0.608      0.184      0.854
    S_BFA_MT           0.021      0.093      0.230      0.818
    I_BFA_MT           2.233      2.131      1.047      0.295

 I_BFAS_O WITH
    S_BFA_MT          -2.733      2.233     -1.224      0.221
    I_BFA_MT         -57.936     13.856     -4.181      0.000

 S_BFA_MT WITH
    I_BFA_MT          -0.569      0.833     -0.683      0.495

 P1       WITH
    V1               -18.654      7.487     -2.492      0.013

 P2       WITH
    V2                -5.139      5.198     -0.989      0.323

 P3       WITH
    V3                -5.139      5.198     -0.989      0.323

 P4       WITH
    V4                -5.139      5.198     -0.989      0.323

 Means
    P1                 0.000      0.000    999.000    999.000
    V1                 0.000      0.000    999.000    999.000
    I_BFAS_OI         75.281      0.518    145.267      0.000
    S_BFAS_OI         -0.067      0.046     -1.437      0.151
    I_BFA_MT          40.077      0.639     62.721      0.000
    S_BFA_MT          -0.245      0.058     -4.220      0.000

 Intercepts
    ABFAS_OI           0.000      0.000    999.000    999.000
    BBFAS_OI           0.000      0.000    999.000    999.000
    CBFAS_OI           0.000      0.000    999.000    999.000
    DBFAS_OI           0.000      0.000    999.000    999.000
    ABFA_MT            0.000      0.000    999.000    999.000
    BBFA_MT            0.000      0.000    999.000    999.000
    CBFA_MT            0.000      0.000    999.000    999.000
    DBFA_MT            0.000      0.000    999.000    999.000
    P2                 0.000      0.000    999.000    999.000
    P3                 0.000      0.000    999.000    999.000
    P4                 0.000      0.000    999.000    999.000
    V2                 0.000      0.000    999.000    999.000
    V3                 0.000      0.000    999.000    999.000
    V4                 0.000      0.000    999.000    999.000

 Variances
    P1                59.987      8.203      7.313      0.000
    V1               149.586     13.519     11.065      0.000
    I_BFAS_OI        180.607     14.099     12.810      0.000
    S_BFAS_OI          0.164      0.109      1.502      0.133
    I_BFA_MT         272.414     21.746     12.527      0.000
    S_BFA_MT           0.103      0.133      0.775      0.438

 Residual Variances
    ABFAS_OI           0.000      0.000    999.000    999.000
    BBFAS_OI           0.000      0.000    999.000    999.000
    CBFAS_OI           0.000      0.000    999.000    999.000
    DBFAS_OI           0.000      0.000    999.000    999.000
    ABFA_MT            0.000      0.000    999.000    999.000
    BBFA_MT            0.000      0.000    999.000    999.000
    CBFA_MT            0.000      0.000    999.000    999.000
    DBFA_MT            0.000      0.000    999.000    999.000
    P2                59.590      5.906     10.089      0.000
    P3                59.590      5.906     10.089      0.000
    P4                59.590      5.906     10.089      0.000
    V2               106.504     11.234      9.481      0.000
    V3               106.504     11.234      9.481      0.000
    V4               106.504     11.234      9.481      0.000

Group LATER

 P1       BY
    ABFAS_OI           1.000      0.000    999.000    999.000

 P2       BY
    BBFAS_OI           1.000      0.000    999.000    999.000

 P3       BY
    CBFAS_OI           1.000      0.000    999.000    999.000

 P4       BY
    DBFAS_OI           1.000      0.000    999.000    999.000

 V1       BY
    ABFA_MT            1.000      0.000    999.000    999.000

 V2       BY
    BBFA_MT            1.000      0.000    999.000    999.000

 V3       BY
    CBFA_MT            1.000      0.000    999.000    999.000

 V4       BY
    DBFA_MT            1.000      0.000    999.000    999.000

 P4         ON
    P3                 0.075      0.085      0.882      0.378
    V3                 0.008      0.047      0.165      0.869

 P3         ON
    P2                 0.075      0.085      0.882      0.378
    V2                 0.008      0.047      0.165      0.869

 P2         ON
    P1                 0.075      0.085      0.882      0.378
    V1                 0.008      0.047      0.165      0.869

 V4         ON
    V3                 0.059      0.098      0.599      0.549
    P3                -0.133      0.087     -1.524      0.127

 V3         ON
    V2                 0.059      0.098      0.599      0.549
    P2                -0.133      0.087     -1.524      0.127

 V2         ON
    V1                 0.059      0.098      0.599      0.549
    P1                -0.133      0.087     -1.524      0.127

 S_BFAS_O WITH
    I_BFAS_OI          0.112      0.608      0.184      0.854
    S_BFA_MT           0.021      0.093      0.230      0.818
    I_BFA_MT           2.233      2.131      1.047      0.295

 I_BFAS_O WITH
    S_BFA_MT          -2.733      2.233     -1.224      0.221
    I_BFA_MT         -57.936     13.856     -4.181      0.000

 S_BFA_MT WITH
    I_BFA_MT          -0.569      0.833     -0.683      0.495

 P1       WITH
    V1               -23.345      7.559     -3.089      0.002

 P2       WITH
    V2                -5.491      4.753     -1.155      0.248

 P3       WITH
    V3                -5.491      4.753     -1.155      0.248

 P4       WITH
    V4                -5.491      4.753     -1.155      0.248

 Means
    P1                 0.000      0.000    999.000    999.000
    V1                 0.000      0.000    999.000    999.000
    I_BFAS_OI         75.281      0.518    145.267      0.000
    S_BFAS_OI         -0.067      0.046     -1.437      0.151
    I_BFA_MT          40.077      0.639     62.721      0.000
    S_BFA_MT          -0.245      0.058     -4.220      0.000

 Intercepts
    ABFAS_OI           0.000      0.000    999.000    999.000
    BBFAS_OI           0.000      0.000    999.000    999.000
    CBFAS_OI           0.000      0.000    999.000    999.000
    DBFAS_OI           0.000      0.000    999.000    999.000
    ABFA_MT            0.000      0.000    999.000    999.000
    BBFA_MT            0.000      0.000    999.000    999.000
    CBFA_MT            0.000      0.000    999.000    999.000
    DBFA_MT            0.000      0.000    999.000    999.000
    P2                 0.000      0.000    999.000    999.000
    P3                 0.000      0.000    999.000    999.000
    P4                 0.000      0.000    999.000    999.000
    V2                 0.000      0.000    999.000    999.000
    V3                 0.000      0.000    999.000    999.000
    V4                 0.000      0.000    999.000    999.000

 Variances
    P1                53.931      7.608      7.089      0.000
    V1               103.866     16.194      6.414      0.000
    I_BFAS_OI        180.607     14.099     12.810      0.000
    S_BFAS_OI          0.164      0.109      1.502      0.133
    I_BFA_MT         272.414     21.746     12.527      0.000
    S_BFA_MT           0.103      0.133      0.775      0.438

 Residual Variances
    ABFAS_OI           0.000      0.000    999.000    999.000
    BBFAS_OI           0.000      0.000    999.000    999.000
    CBFAS_OI           0.000      0.000    999.000    999.000
    DBFAS_OI           0.000      0.000    999.000    999.000
    ABFA_MT            0.000      0.000    999.000    999.000
    BBFA_MT            0.000      0.000    999.000    999.000
    CBFA_MT            0.000      0.000    999.000    999.000
    DBFA_MT            0.000      0.000    999.000    999.000
    P2                41.156      4.536      9.074      0.000
    P3                41.156      4.536      9.074      0.000
    P4                41.156      4.536      9.074      0.000
    V2                95.072     13.158      7.225      0.000
    V3                95.072     13.158      7.225      0.000
    V4                95.072     13.158      7.225      0.000


QUALITY OF NUMERICAL RESULTS

     Condition Number for the Information Matrix              0.344E-04
       (ratio of smallest to largest eigenvalue)


     Beginning Time:  17:41:32
        Ending Time:  17:41:34
       Elapsed Time:  00:00:02



MUTHEN & MUTHEN
3463 Stoner Ave.
Los Angeles, CA  90066

Tel: (310) 391-9971
Fax: (310) 391-8971
Web: www.StatModel.com
Support: Support@StatModel.com

Copyright (c) 1998-2017 Muthen & Muthen
