Mplus VERSION 8 (Linux)
MUTHEN & MUTHEN
07/08/2018   5:55 PM

INPUT INSTRUCTIONS


  title: PxVx Bivariate LCM-SR - 40splitgroup - Linear bfi_c with Linear vrt_col_d;
  data: file = /home/jflournoy/code_new/lnt_pxvx/Data/lnt_nat_recalc.tsv;

  variable:
  names =
  subjid
  aage
  aaspfin
  aaspfin_d
  abfa_mt
  abfa_mt_d
  abfas_ac
  abfas_ap
  abfas_ci
  abfas_co
  abfas_ea
  abfas_ee
  abfas_nv
  abfas_nv9
  abfas_nw
  abfas_oi
  abfas_oo
  abfi_a
  abfi_a6
  abfi_c
  abfi_d_scale
  abfi_e
  abfi_hp8
  abfi_n
  abfi_o
  abfi_s_scale
  ahrz_col
  ahrz_col_d
  ahrz_ind
  ahrz_ind_d
  amvi
  ausi
  ausi_d
  avrt_col
  avrt_col_d
  avrt_ind
  avrt_ind_d
  bage
  baspfin
  baspfin_d
  bbfa_mt
  bbfa_mt_d
  bbfas_ac
  bbfas_ap
  bbfas_ci
  bbfas_co
  bbfas_ea
  bbfas_ee
  bbfas_nv
  bbfas_nv9
  bbfas_nw
  bbfas_oi
  bbfas_oo
  bbfi_a
  bbfi_a6
  bbfi_c
  bbfi_d_scale
  bbfi_e
  bbfi_hp8
  bbfi_n
  bbfi_o
  bbfi_s_scale
  bhrz_col
  bhrz_col_d
  bhrz_ind
  bhrz_ind_d
  bmvi
  busi
  busi_d
  bvrt_col
  bvrt_col_d
  bvrt_ind
  bvrt_ind_d
  cage
  caspfin
  caspfin_d
  cbfa_mt
  cbfa_mt_d
  cbfas_ac
  cbfas_ap
  cbfas_ci
  cbfas_co
  cbfas_ea
  cbfas_ee
  cbfas_nv
  cbfas_nv9
  cbfas_nw
  cbfas_oi
  cbfas_oo
  cbfi_a
  cbfi_a6
  cbfi_c
  cbfi_d_scale
  cbfi_e
  cbfi_hp8
  cbfi_n
  cbfi_o
  cbfi_s_scale
  chrz_col
  chrz_col_d
  chrz_ind
  chrz_ind_d
  cmvi
  cusi
  cusi_d
  cvrt_col
  cvrt_col_d
  cvrt_ind
  cvrt_ind_d
  dage
  daspfin
  daspfin_d
  dbfa_mt
  dbfa_mt_d
  dbfas_ac
  dbfas_ap
  dbfas_ci
  dbfas_co
  dbfas_ea
  dbfas_ee
  dbfas_nv
  dbfas_nv9
  dbfas_nw
  dbfas_oi
  dbfas_oo
  dbfi_a
  dbfi_a6
  dbfi_c
  dbfi_d_scale
  dbfi_e
  dbfi_hp8
  dbfi_n
  dbfi_o
  dbfi_s_scale
  dhrz_col
  dhrz_col_d
  dhrz_ind
  dhrz_ind_d
  dmvi
  dusi
  dusi_d
  dvrt_col
  dvrt_col_d
  dvrt_ind
  dvrt_ind_d;

  USEVARIABLES =
  abfi_c
  bbfi_c
  cbfi_c
  dbfi_c
  avrt_col_d
  bvrt_col_d
  cvrt_col_d
  dvrt_col_d
  a1
  a2
  a3
  a4
  aagegrp
  ;

  missing = all (-9999);

  tscores = a1 a2 a3 a4;

  grouping = aagegrp (0=earlier, 1=later);

  DEFINE:

  aagegrp = aage;

  cut aagegrp (39);

  a1 = aage + 0 - 36;
  a2 = aage + 1 - 36;
  a3 = aage + 2 - 36;
  a4 = aage + 3 - 36;

  ANALYSIS:
  TYPE=RANDOM;
  PROCESSORS = 6;
  model=nocovariances; ! supresses default estimation of certain covs in model;

  MODEL:

  i_bfi_c s_bfi_c | abfi_c bbfi_c cbfi_c dbfi_c AT a1 a2 a3 a4;
  i_vrt_col_d s_vrt_col_d | avrt_col_d bvrt_col_d cvrt_col_d dvrt_col_d AT a1 a2 a3 a4;

  ! freeing factor covs because of "nocovariances"
  ! But ensure they are constrained across groups
  s_bfi_c WITH i_bfi_c (p)
  s_vrt_col_d (q)
  i_vrt_col_d (r);
  i_bfi_c WITH s_vrt_col_d (s)
  i_vrt_col_d (t);
  s_vrt_col_d WITH i_vrt_col_d (u);

  !constrain latent growth means across groups
  [i_bfi_c] (v);
  [s_bfi_c] (w);
  [i_vrt_col_d] (x);
  [s_vrt_col_d] (y);

  !constrain latent growth variances across groups
  i_bfi_c (l);
  s_bfi_c (m);
  i_vrt_col_d (n);
  s_vrt_col_d (o);

  p1 BY abfi_c@1; ! Residual "factors";
  p2 BY bbfi_c@1;
  p3 BY cbfi_c@1;
  p4 BY dbfi_c@1;

  v1 BY avrt_col_d@1; ! Residual "factors";
  v2 BY bvrt_col_d@1;
  v3 BY cvrt_col_d@1;
  v4 BY dvrt_col_d@1;

  !residual variances on observed/manifest vars set to 0
  abfi_c@0;
  bbfi_c@0;
  cbfi_c@0;
  dbfi_c@0;

  !residual variances on observed/manifest vars set to 0
  avrt_col_d@0;
  bvrt_col_d@0;
  cvrt_col_d@0;
  dvrt_col_d@0;

  ! means of observed/manifest vars set to 0
  [abfi_c@0];
  [bbfi_c@0];
  [cbfi_c@0];
  [dbfi_c@0];

  ! means of observed/manifest vars set to 0
  [avrt_col_d@0];
  [bvrt_col_d@0];
  [cvrt_col_d@0];
  [dvrt_col_d@0];

  [p1@0]; ! means of residual "factors" set to 0
  [p2@0];
  [p3@0];
  [p4@0];

  [v1@0]; ! means of residual "factors" set to 0
  [v2@0];
  [v3@0];
  [v4@0];

  p4 on p3 (a); ! Autoregressive paths constrained to equality
  p3 on p2 (a);
  p2 on p1 (a);

  v4 on v3 (b); ! Autoregressive paths constrained to equality
  v3 on v2 (b);
  v2 on v1 (b);

  p4 on v3 (c); ! Cross-lagged paths constrained to equality
  p3 on v2 (c);
  p2 on v1 (c);

  v4 on p3 (d); ! Cross-lagged paths constrained to equality
  v3 on p2 (d);
  v2 on p1 (d);

  p1 with v1; !(this one is not like the others)

  p2 with v2 (e); ! Within-wave correlations constrained to equality
  p3 with v3 (e);
  p4 with v4 (e);

  p2 p3 p4 (f); ! estimate variances of residual "factors"
  v2 v3 v4 (g); ! estimate variances of residual "factors"

  MODEL earlier:

  p4 on p3 (a23); ! Autoregressive paths constrained to equality
  p3 on p2 (a23);
  p2 on p1 (a23);

  v4 on v3 (b23); ! Autoregressive paths constrained to equality
  v3 on v2 (b23);
  v2 on v1 (b23);

  p4 on v3 (c23); ! Cross-lagged paths constrained to equality
  p3 on v2 (c23);
  p2 on v1 (c23);

  v4 on p3 (d23); ! Cross-lagged paths constrained to equality
  v3 on p2 (d23);
  v2 on p1 (d23);

  p1 with v1; !(this one is not like the others)

  p2 with v2 (e23); ! Within-wave correlations constrained to equality
  p3 with v3 (e23);
  p4 with v4 (e23);

  p2 p3 p4 (f23); ! estimate variances of residual "factors"
  v2 v3 v4 (g23); ! estimate variances of residual "factors"

  MODEL later:

  p4 on p3 (a45); ! Autoregressive paths constrained to equality
  p3 on p2 (a45);
  p2 on p1 (a45);

  v4 on v3 (b45); ! Autoregressive paths constrained to equality
  v3 on v2 (b45);
  v2 on v1 (b45);

  p4 on v3 (c45); ! Cross-lagged paths constrained to equality
  p3 on v2 (c45);
  p2 on v1 (c45);

  v4 on p3 (d45); ! Cross-lagged paths constrained to equality
  v3 on p2 (d45);
  v2 on p1 (d45);

  p1 with v1; !(this one is not like the others)

  p2 with v2 (e45); ! Within-wave correlations constrained to equality
  p3 with v3 (e45);
  p4 with v4 (e45);

  p2 p3 p4 (f45); ! estimate variances of residual "factors"
  v2 v3 v4 (g45); ! estimate variances of residual "factors"

  OUTPUT: SAMPSTAT PATTERNS;



*** WARNING in VARIABLE command
  Note that only the first 8 characters of variable names are used in the output.
  Shorten variable names to avoid any confusion.
*** WARNING
  Data set contains unknown or missing values for GROUPING,
  PATTERN, COHORT, CLUSTER and/or STRATIFICATION variables.
  Number of cases with unknown or missing values:  5
   2 WARNING(S) FOUND IN THE INPUT INSTRUCTIONS



PxVx Bivariate LCM-SR - 40splitgroup - Linear bfi_c with Linear vrt_col_d;

SUMMARY OF ANALYSIS

Number of groups                                                 2
Number of observations
   Group EARLIER                                               534
   Group LATER                                                 330
   Total sample size                                           864

Number of dependent variables                                    8
Number of independent variables                                  0
Number of continuous latent variables                           12

Observed dependent variables

  Continuous
   ABFI_C      BBFI_C      CBFI_C      DBFI_C      AVRT_COL_D  BVRT_COL_D
   CVRT_COL_D  DVRT_COL_D

Continuous latent variables
   P1          P2          P3          P4          V1          V2
   V3          V4          I_BFI_C     S_BFI_C     I_VRT_CO    S_VRT_CO

Variables with special functions

  Grouping variable     AAGEGRP

  Time scores
   A1          A2          A3          A4


Estimator                                                      MLR
Information matrix                                        OBSERVED
Maximum number of iterations                                   100
Convergence criterion                                    0.100D-05
Maximum number of EM iterations                                500
Convergence criteria for the EM algorithm
  Loglikelihood change                                   0.100D-02
  Relative loglikelihood change                          0.100D-05
  Derivative                                             0.100D-03
Minimum variance                                         0.100D-03
Maximum number of steepest descent iterations                   20
Maximum number of iterations for H1                           2000
Convergence criterion for H1                             0.100D-03
Optimization algorithm                                         EMA

Input data file(s)
  /home/jflournoy/code_new/lnt_pxvx/Data/lnt_nat_recalc.tsv
Input data format  FREE


SUMMARY OF DATA

   Group EARLIER
     Number of missing data patterns            16

   Group LATER
     Number of missing data patterns            16


SUMMARY OF MISSING DATA PATTERNS


     MISSING DATA PATTERNS (x = not missing) FOR EARLIER

           1  2  3  4  5  6  7  8  9 10 11 12 13 14 15 16
 ABFI_C    x  x  x  x  x  x  x  x  x  x  x  x  x  x  x  x
 BBFI_C    x     x     x  x  x        x  x  x  x  x
 CBFI_C    x        x  x     x     x  x  x     x  x  x
 DBFI_C    x     x  x  x        x     x        x     x  x
 AVRT_COL  x  x  x  x  x  x  x  x  x  x  x  x  x  x  x  x
 BVRT_COL  x     x     x  x  x        x  x        x
 CVRT_COL  x        x        x     x  x        x  x  x
 DVRT_COL  x     x  x  x        x              x  x


     MISSING DATA PATTERN FREQUENCIES FOR EARLIER

    Pattern   Frequency     Pattern   Frequency     Pattern   Frequency
          1         327           7          19          13           2
          2         100           8          14          14           1
          3          14           9          11          15           1
          4          12          10           1          16           2
          5           1          11           1
          6          26          12           2


     MISSING DATA PATTERNS (x = not missing) FOR LATER

           1  2  3  4  5  6  7  8  9 10 11 12 13 14 15 16
 ABFI_C    x  x  x  x  x  x  x  x  x  x  x  x     x  x  x
 BBFI_C    x     x     x  x  x        x  x           x
 CBFI_C    x        x  x     x     x     x  x           x
 DBFI_C    x     x  x  x        x        x  x  x     x
 AVRT_COL  x  x  x  x  x  x  x  x  x  x  x  x  x     x  x
 BVRT_COL  x     x     x  x  x
 CVRT_COL  x        x        x     x     x  x
 DVRT_COL  x     x  x  x        x        x     x     x


     MISSING DATA PATTERN FREQUENCIES FOR LATER

    Pattern   Frequency     Pattern   Frequency     Pattern   Frequency
          1         165           7          26          13           1
          2          68           8           9          14           1
          3          12           9          10          15           1
          4           9          10           2          16           1
          5           1          11           1
          6          22          12           1


COVARIANCE COVERAGE OF DATA

Minimum covariance coverage value   0.100


     PROPORTION OF DATA PRESENT FOR EARLIER


           Covariance Coverage
              ABFI_C        BBFI_C        CBFI_C        DBFI_C        AVRT_COL
              ________      ________      ________      ________      ________
 ABFI_C         1.000
 BBFI_C         0.738         0.738
 CBFI_C         0.704         0.659         0.704
 DBFI_C         0.700         0.646         0.644         0.700
 AVRT_COL       1.000         0.738         0.704         0.700         1.000
 BVRT_COL       0.730         0.730         0.655         0.642         0.730
 CVRT_COL       0.700         0.655         0.700         0.642         0.700
 DVRT_COL       0.695         0.646         0.642         0.693         0.695


           Covariance Coverage
              BVRT_COL      CVRT_COL      DVRT_COL
              ________      ________      ________
 BVRT_COL       0.730
 CVRT_COL       0.652         0.700
 DVRT_COL       0.642         0.640         0.695


     PROPORTION OF DATA PRESENT FOR LATER


           Covariance Coverage
              ABFI_C        BBFI_C        CBFI_C        DBFI_C        AVRT_COL
              ________      ________      ________      ________      ________
 ABFI_C         1.000
 BBFI_C         0.703         0.703
 CBFI_C         0.658         0.597         0.658
 DBFI_C         0.609         0.548         0.542         0.609
 AVRT_COL       1.000         0.703         0.658         0.609         1.000
 BVRT_COL       0.697         0.697         0.594         0.545         0.697
 CVRT_COL       0.652         0.591         0.652         0.539         0.652
 DVRT_COL       0.600         0.545         0.536         0.597         0.600


           Covariance Coverage
              BVRT_COL      CVRT_COL      DVRT_COL
              ________      ________      ________
 BVRT_COL       0.697
 CVRT_COL       0.588         0.652
 DVRT_COL       0.542         0.533         0.600


SAMPLE STATISTICS


     ESTIMATED SAMPLE STATISTICS FOR EARLIER


           Means
              ABFI_C        BBFI_C        CBFI_C        DBFI_C        AVRT_COL
              ________      ________      ________      ________      ________
               67.517        66.901        67.172        67.567        66.386


           Means
              BVRT_COL      CVRT_COL      DVRT_COL
              ________      ________      ________
               64.505        63.679        63.154


           Covariances
              ABFI_C        BBFI_C        CBFI_C        DBFI_C        AVRT_COL
              ________      ________      ________      ________      ________
 ABFI_C       308.904
 BBFI_C       238.748       282.350
 CBFI_C       222.979       225.471       289.881
 DBFI_C       220.179       221.714       235.305       293.703
 AVRT_COL      81.417        71.744        52.170        46.262       391.684
 BVRT_COL      53.869        63.612        49.294        29.174       268.984
 CVRT_COL      53.611        42.147        40.710        36.666       251.940
 DVRT_COL      79.342        58.541        58.021        45.859       272.567


           Covariances
              BVRT_COL      CVRT_COL      DVRT_COL
              ________      ________      ________
 BVRT_COL     418.796
 CVRT_COL     280.241       452.490
 DVRT_COL     290.100       311.832       445.107


           Correlations
              ABFI_C        BBFI_C        CBFI_C        DBFI_C        AVRT_COL
              ________      ________      ________      ________      ________
 ABFI_C         1.000
 BBFI_C         0.808         1.000
 CBFI_C         0.745         0.788         1.000
 DBFI_C         0.731         0.770         0.806         1.000
 AVRT_COL       0.234         0.216         0.155         0.136         1.000
 BVRT_COL       0.150         0.185         0.141         0.083         0.664
 CVRT_COL       0.143         0.118         0.112         0.101         0.598
 DVRT_COL       0.214         0.165         0.162         0.127         0.653


           Correlations
              BVRT_COL      CVRT_COL      DVRT_COL
              ________      ________      ________
 BVRT_COL       1.000
 CVRT_COL       0.644         1.000
 DVRT_COL       0.672         0.695         1.000


     ESTIMATED SAMPLE STATISTICS FOR LATER


           Means
              ABFI_C        BBFI_C        CBFI_C        DBFI_C        AVRT_COL
              ________      ________      ________      ________      ________
               70.205        71.414        71.081        70.756        69.108


           Means
              BVRT_COL      CVRT_COL      DVRT_COL
              ________      ________      ________
               69.527        65.883        66.756


           Covariances
              ABFI_C        BBFI_C        CBFI_C        DBFI_C        AVRT_COL
              ________      ________      ________      ________      ________
 ABFI_C       276.532
 BBFI_C       221.152       272.483
 CBFI_C       236.611       231.564       295.937
 DBFI_C       220.705       217.322       241.136       283.866
 AVRT_COL      81.948        91.198        88.601        89.315       400.611
 BVRT_COL      82.984        95.474        98.102        91.568       284.400
 CVRT_COL     103.684       104.942       114.313       108.008       280.632
 DVRT_COL      83.848        95.063        96.622       107.612       284.147


           Covariances
              BVRT_COL      CVRT_COL      DVRT_COL
              ________      ________      ________
 BVRT_COL     389.127
 CVRT_COL     296.779       425.955
 DVRT_COL     312.618       319.953       402.551


           Correlations
              ABFI_C        BBFI_C        CBFI_C        DBFI_C        AVRT_COL
              ________      ________      ________      ________      ________
 ABFI_C         1.000
 BBFI_C         0.806         1.000
 CBFI_C         0.827         0.815         1.000
 DBFI_C         0.788         0.781         0.832         1.000
 AVRT_COL       0.246         0.276         0.257         0.265         1.000
 BVRT_COL       0.253         0.293         0.289         0.276         0.720
 CVRT_COL       0.302         0.308         0.322         0.311         0.679
 DVRT_COL       0.251         0.287         0.280         0.318         0.708


           Correlations
              BVRT_COL      CVRT_COL      DVRT_COL
              ________      ________      ________
 BVRT_COL       1.000
 CVRT_COL       0.729         1.000
 DVRT_COL       0.790         0.773         1.000


     MAXIMUM LOG-LIKELIHOOD VALUE FOR THE UNRESTRICTED (H1) MODEL IS -21197.822


UNIVARIATE SAMPLE STATISTICS


     UNIVARIATE HIGHER-ORDER MOMENT DESCRIPTIVE STATISTICS FOR EARLIER

         Variable/         Mean/     Skewness/   Minimum/ % with                Percentiles
        Sample Size      Variance    Kurtosis    Maximum  Min/Max      20%/60%    40%/80%    Median

     ABFI_C               67.517      -0.293      16.667    0.19%      52.778     63.889     67.708
             534.000     308.904      -0.477     100.000    1.87%      72.222     83.333
     BBFI_C               67.120      -0.173       8.333    0.25%      52.778     63.889     66.667
             394.000     272.790      -0.079     100.000    2.54%      72.222     80.556
     CBFI_C               67.051      -0.137      19.444    0.27%      52.778     63.889     66.667
             376.000     278.697      -0.453     100.000    1.33%      69.444     83.333
     DBFI_C               67.781      -0.234      16.667    0.53%      52.778     63.889     69.444
             374.000     287.100      -0.272     100.000    2.94%      72.222     83.333
     AVRT_COL_D           66.386      -0.410       8.333    0.37%      50.000     66.667     66.667
             534.000     391.684      -0.224     100.000    5.81%      75.000     83.333
     BVRT_COL_D           63.921      -0.268       8.333    0.26%      50.000     58.333     66.667
             390.000     420.034      -0.470     100.000    5.64%      75.000     83.333
     CVRT_COL_D           63.090      -0.487       0.000    0.27%      41.667     58.333     66.667
             374.000     457.400      -0.152     100.000    4.55%      66.667     83.333
     DVRT_COL_D           62.758      -0.433       0.000    0.27%      41.667     58.333     66.667
             371.000     456.797      -0.369     100.000    4.31%      66.667     83.333


     UNIVARIATE HIGHER-ORDER MOMENT DESCRIPTIVE STATISTICS FOR LATER

         Variable/         Mean/     Skewness/   Minimum/ % with                Percentiles
        Sample Size      Variance    Kurtosis    Maximum  Min/Max      20%/60%    40%/80%    Median

     ABFI_C               70.190      -0.580      12.500    0.30%      55.556     66.667     72.222
             329.000     276.982       0.223     100.000    1.52%      75.000     83.333
     BBFI_C               72.295      -0.493      11.111    0.43%      58.333     69.444     72.222
             230.000     266.571       0.165     100.000    5.65%      77.778     86.111
     CBFI_C               71.998      -0.636       8.333    0.47%      58.333     69.444     75.000
             214.000     290.981       0.466     100.000    4.21%      77.778     86.111
     DBFI_C               72.042      -0.628       8.333    0.50%      58.333     72.222     75.000
             200.000     279.558       0.570     100.000    3.50%      75.000     86.111
     AVRT_COL_D           69.124      -0.491       8.333    0.61%      50.000     66.667     75.000
             329.000     400.604      -0.290     100.000    7.60%      75.000     87.500
     BVRT_COL_D           69.543      -0.339       8.333    0.44%      50.000     66.667     75.000
             226.000     379.972      -0.571     100.000    7.52%      75.000     91.667
     CVRT_COL_D           65.959      -0.444       0.000    0.47%      50.000     58.333     66.667
             212.000     430.579      -0.095     100.000    6.60%      75.000     83.333
     DVRT_COL_D           66.583      -0.512       0.000    1.01%      50.000     58.333     66.667
             199.000     411.076       0.144     100.000    6.53%      75.000     83.333


THE MODEL ESTIMATION TERMINATED NORMALLY



MODEL FIT INFORMATION

Number of Free Parameters                       34

Loglikelihood

          H0 Value                      -21239.352
          H0 Scaling Correction Factor      1.1903
            for MLR

Information Criteria

          Akaike (AIC)                   42546.703
          Bayesian (BIC)                 42708.597
          Sample-Size Adjusted BIC       42600.622
            (n* = (n + 2) / 24)



MODEL RESULTS

                                                    Two-Tailed
                    Estimate       S.E.  Est./S.E.    P-Value

Group EARLIER

 P1       BY
    ABFI_C             1.000      0.000    999.000    999.000

 P2       BY
    BBFI_C             1.000      0.000    999.000    999.000

 P3       BY
    CBFI_C             1.000      0.000    999.000    999.000

 P4       BY
    DBFI_C             1.000      0.000    999.000    999.000

 V1       BY
    AVRT_COL_D         1.000      0.000    999.000    999.000

 V2       BY
    BVRT_COL_D         1.000      0.000    999.000    999.000

 V3       BY
    CVRT_COL_D         1.000      0.000    999.000    999.000

 V4       BY
    DVRT_COL_D         1.000      0.000    999.000    999.000

 P4         ON
    P3                 0.218      0.080      2.736      0.006
    V3                 0.023      0.030      0.773      0.440

 P3         ON
    P2                 0.218      0.080      2.736      0.006
    V2                 0.023      0.030      0.773      0.440

 P2         ON
    P1                 0.218      0.080      2.736      0.006
    V1                 0.023      0.030      0.773      0.440

 V4         ON
    V3                 0.140      0.061      2.294      0.022
    P3                -0.078      0.084     -0.927      0.354

 V3         ON
    V2                 0.140      0.061      2.294      0.022
    P2                -0.078      0.084     -0.927      0.354

 V2         ON
    V1                 0.140      0.061      2.294      0.022
    P1                -0.078      0.084     -0.927      0.354

 S_BFI_C  WITH
    I_BFI_C            0.515      0.727      0.708      0.479
    S_VRT_COL_         0.144      0.113      1.269      0.204
    I_VRT_COL_        -1.335      2.288     -0.583      0.560

 I_BFI_C  WITH
    S_VRT_COL_         1.805      2.316      0.780      0.436
    I_VRT_COL_        49.508     14.117      3.507      0.000

 S_VRT_CO WITH
    I_VRT_COL_         0.431      0.835      0.517      0.605

 P1       WITH
    V1                16.462      8.945      1.840      0.066

 P2       WITH
    V2                 2.091      5.153      0.406      0.685

 P3       WITH
    V3                 2.091      5.153      0.406      0.685

 P4       WITH
    V4                 2.091      5.153      0.406      0.685

 Means
    P1                 0.000      0.000    999.000    999.000
    V1                 0.000      0.000    999.000    999.000
    I_BFI_C           68.403      0.554    123.573      0.000
    S_BFI_C            0.216      0.048      4.492      0.000
    I_VRT_COL_        66.043      0.620    106.599      0.000
    S_VRT_COL_         0.126      0.059      2.145      0.032

 Intercepts
    ABFI_C             0.000      0.000    999.000    999.000
    BBFI_C             0.000      0.000    999.000    999.000
    CBFI_C             0.000      0.000    999.000    999.000
    DBFI_C             0.000      0.000    999.000    999.000
    AVRT_COL_D         0.000      0.000    999.000    999.000
    BVRT_COL_D         0.000      0.000    999.000    999.000
    CVRT_COL_D         0.000      0.000    999.000    999.000
    DVRT_COL_D         0.000      0.000    999.000    999.000
    P2                 0.000      0.000    999.000    999.000
    P3                 0.000      0.000    999.000    999.000
    P4                 0.000      0.000    999.000    999.000
    V2                 0.000      0.000    999.000    999.000
    V3                 0.000      0.000    999.000    999.000
    V4                 0.000      0.000    999.000    999.000

 Variances
    P1                88.055     10.049      8.763      0.000
    V1               145.978     14.867      9.819      0.000
    I_BFI_C          203.272     15.263     13.318      0.000
    S_BFI_C            0.124      0.123      1.010      0.313
    I_VRT_COL_       241.748     21.728     11.126      0.000
    S_VRT_COL_         0.257      0.164      1.563      0.118

 Residual Variances
    ABFI_C             0.000      0.000    999.000    999.000
    BBFI_C             0.000      0.000    999.000    999.000
    CBFI_C             0.000      0.000    999.000    999.000
    DBFI_C             0.000      0.000    999.000    999.000
    AVRT_COL_D         0.000      0.000    999.000    999.000
    BVRT_COL_D         0.000      0.000    999.000    999.000
    CVRT_COL_D         0.000      0.000    999.000    999.000
    DVRT_COL_D         0.000      0.000    999.000    999.000
    P2                68.558      5.886     11.647      0.000
    P3                68.558      5.886     11.647      0.000
    P4                68.558      5.886     11.647      0.000
    V2               164.717     11.013     14.957      0.000
    V3               164.717     11.013     14.957      0.000
    V4               164.717     11.013     14.957      0.000

Group LATER

 P1       BY
    ABFI_C             1.000      0.000    999.000    999.000

 P2       BY
    BBFI_C             1.000      0.000    999.000    999.000

 P3       BY
    CBFI_C             1.000      0.000    999.000    999.000

 P4       BY
    DBFI_C             1.000      0.000    999.000    999.000

 V1       BY
    AVRT_COL_D         1.000      0.000    999.000    999.000

 V2       BY
    BVRT_COL_D         1.000      0.000    999.000    999.000

 V3       BY
    CVRT_COL_D         1.000      0.000    999.000    999.000

 V4       BY
    DVRT_COL_D         1.000      0.000    999.000    999.000

 P4         ON
    P3                 0.071      0.085      0.840      0.401
    V3                 0.048      0.048      0.996      0.319

 P3         ON
    P2                 0.071      0.085      0.840      0.401
    V2                 0.048      0.048      0.996      0.319

 P2         ON
    P1                 0.071      0.085      0.840      0.401
    V1                 0.048      0.048      0.996      0.319

 V4         ON
    V3                 0.037      0.059      0.634      0.526
    P3                -0.004      0.086     -0.052      0.959

 V3         ON
    V2                 0.037      0.059      0.634      0.526
    P2                -0.004      0.086     -0.052      0.959

 V2         ON
    V1                 0.037      0.059      0.634      0.526
    P1                -0.004      0.086     -0.052      0.959

 S_BFI_C  WITH
    I_BFI_C            0.515      0.727      0.708      0.479
    S_VRT_COL_         0.144      0.113      1.269      0.204
    I_VRT_COL_        -1.335      2.288     -0.583      0.560

 I_BFI_C  WITH
    S_VRT_COL_         1.805      2.316      0.780      0.436
    I_VRT_COL_        49.508     14.117      3.507      0.000

 S_VRT_CO WITH
    I_VRT_COL_         0.431      0.835      0.517      0.605

 P1       WITH
    V1                -0.543      7.995     -0.068      0.946

 P2       WITH
    V2                 9.797      4.983      1.966      0.049

 P3       WITH
    V3                 9.797      4.983      1.966      0.049

 P4       WITH
    V4                 9.797      4.983      1.966      0.049

 Means
    P1                 0.000      0.000    999.000    999.000
    V1                 0.000      0.000    999.000    999.000
    I_BFI_C           68.403      0.554    123.573      0.000
    S_BFI_C            0.216      0.048      4.492      0.000
    I_VRT_COL_        66.043      0.620    106.599      0.000
    S_VRT_COL_         0.126      0.059      2.145      0.032

 Intercepts
    ABFI_C             0.000      0.000    999.000    999.000
    BBFI_C             0.000      0.000    999.000    999.000
    CBFI_C             0.000      0.000    999.000    999.000
    DBFI_C             0.000      0.000    999.000    999.000
    AVRT_COL_D         0.000      0.000    999.000    999.000
    BVRT_COL_D         0.000      0.000    999.000    999.000
    CVRT_COL_D         0.000      0.000    999.000    999.000
    DVRT_COL_D         0.000      0.000    999.000    999.000
    P2                 0.000      0.000    999.000    999.000
    P3                 0.000      0.000    999.000    999.000
    P4                 0.000      0.000    999.000    999.000
    V2                 0.000      0.000    999.000    999.000
    V3                 0.000      0.000    999.000    999.000
    V4                 0.000      0.000    999.000    999.000

 Variances
    P1                52.993      7.015      7.554      0.000
    V1               138.110     15.495      8.913      0.000
    I_BFI_C          203.272     15.263     13.318      0.000
    S_BFI_C            0.124      0.123      1.010      0.313
    I_VRT_COL_       241.748     21.728     11.126      0.000
    S_VRT_COL_         0.257      0.164      1.563      0.118

 Residual Variances
    ABFI_C             0.000      0.000    999.000    999.000
    BBFI_C             0.000      0.000    999.000    999.000
    CBFI_C             0.000      0.000    999.000    999.000
    DBFI_C             0.000      0.000    999.000    999.000
    AVRT_COL_D         0.000      0.000    999.000    999.000
    BVRT_COL_D         0.000      0.000    999.000    999.000
    CVRT_COL_D         0.000      0.000    999.000    999.000
    DVRT_COL_D         0.000      0.000    999.000    999.000
    P2                56.553      5.881      9.616      0.000
    P3                56.553      5.881      9.616      0.000
    P4                56.553      5.881      9.616      0.000
    V2               103.888      9.362     11.097      0.000
    V3               103.888      9.362     11.097      0.000
    V4               103.888      9.362     11.097      0.000


QUALITY OF NUMERICAL RESULTS

     Condition Number for the Information Matrix              0.375E-05
       (ratio of smallest to largest eigenvalue)


     Beginning Time:  17:55:44
        Ending Time:  17:55:55
       Elapsed Time:  00:00:11



MUTHEN & MUTHEN
3463 Stoner Ave.
Los Angeles, CA  90066

Tel: (310) 391-9971
Fax: (310) 391-8971
Web: www.StatModel.com
Support: Support@StatModel.com

Copyright (c) 1998-2017 Muthen & Muthen
