Mplus VERSION 8 (Linux)
MUTHEN & MUTHEN
07/07/2018   4:04 PM

INPUT INSTRUCTIONS


  title: PxVx Bivariate LCM-SR - post mi - Linear bfi_a6 with Linear mvi;
  data: file = /home/jflournoy/code_new/lnt_pxvx/Data/lnt_nat_recalc.tsv;

  variable:
  names =
  subjid
  aage
  aaspfin
  aaspfin_d
  abfa_mt
  abfa_mt_d
  abfas_ac
  abfas_ap
  abfas_ci
  abfas_co
  abfas_ea
  abfas_ee
  abfas_nv
  abfas_nv9
  abfas_nw
  abfas_oi
  abfas_oo
  abfi_a
  abfi_a6
  abfi_c
  abfi_d_scale
  abfi_e
  abfi_hp8
  abfi_n
  abfi_o
  abfi_s_scale
  ahrz_col
  ahrz_col_d
  ahrz_ind
  ahrz_ind_d
  amvi
  ausi
  ausi_d
  avrt_col
  avrt_col_d
  avrt_ind
  avrt_ind_d
  bage
  baspfin
  baspfin_d
  bbfa_mt
  bbfa_mt_d
  bbfas_ac
  bbfas_ap
  bbfas_ci
  bbfas_co
  bbfas_ea
  bbfas_ee
  bbfas_nv
  bbfas_nv9
  bbfas_nw
  bbfas_oi
  bbfas_oo
  bbfi_a
  bbfi_a6
  bbfi_c
  bbfi_d_scale
  bbfi_e
  bbfi_hp8
  bbfi_n
  bbfi_o
  bbfi_s_scale
  bhrz_col
  bhrz_col_d
  bhrz_ind
  bhrz_ind_d
  bmvi
  busi
  busi_d
  bvrt_col
  bvrt_col_d
  bvrt_ind
  bvrt_ind_d
  cage
  caspfin
  caspfin_d
  cbfa_mt
  cbfa_mt_d
  cbfas_ac
  cbfas_ap
  cbfas_ci
  cbfas_co
  cbfas_ea
  cbfas_ee
  cbfas_nv
  cbfas_nv9
  cbfas_nw
  cbfas_oi
  cbfas_oo
  cbfi_a
  cbfi_a6
  cbfi_c
  cbfi_d_scale
  cbfi_e
  cbfi_hp8
  cbfi_n
  cbfi_o
  cbfi_s_scale
  chrz_col
  chrz_col_d
  chrz_ind
  chrz_ind_d
  cmvi
  cusi
  cusi_d
  cvrt_col
  cvrt_col_d
  cvrt_ind
  cvrt_ind_d
  dage
  daspfin
  daspfin_d
  dbfa_mt
  dbfa_mt_d
  dbfas_ac
  dbfas_ap
  dbfas_ci
  dbfas_co
  dbfas_ea
  dbfas_ee
  dbfas_nv
  dbfas_nv9
  dbfas_nw
  dbfas_oi
  dbfas_oo
  dbfi_a
  dbfi_a6
  dbfi_c
  dbfi_d_scale
  dbfi_e
  dbfi_hp8
  dbfi_n
  dbfi_o
  dbfi_s_scale
  dhrz_col
  dhrz_col_d
  dhrz_ind
  dhrz_ind_d
  dmvi
  dusi
  dusi_d
  dvrt_col
  dvrt_col_d
  dvrt_ind
  dvrt_ind_d;

  USEVARIABLES =
  abfi_a6
  bbfi_a6
  cbfi_a6
  dbfi_a6
  amvi
  bmvi
  cmvi
  dmvi
  a1
  a2
  a3
  a4
  ;

  missing = all (-9999);

  tscores = a1 a2 a3 a4;

  DEFINE:
  a1 = aage + 0 - 36;
  a2 = aage + 1 - 36;
  a3 = aage + 2 - 36;
  a4 = aage + 3 - 36;

  ANALYSIS:
  TYPE=RANDOM;
  PROCESSORS = 6;
  model=nocovariances; ! supresses default estimation of certain covs in model;

  MODEL:

  i_bfi_a6 s_bfi_a6 | abfi_a6 bbfi_a6 cbfi_a6 dbfi_a6 AT a1 a2 a3 a4;
  i_mvi s_mvi | amvi bmvi cmvi dmvi AT a1 a2 a3 a4;

  ! freeing factor covs because of "nocovariances"
  s_bfi_a6 WITH i_bfi_a6 s_mvi i_mvi;
  i_bfi_a6 WITH s_mvi i_mvi;
  s_mvi WITH i_mvi;

  p1 BY abfi_a6@1; ! Residual "factors";
  p2 BY bbfi_a6@1;
  p3 BY cbfi_a6@1;
  p4 BY dbfi_a6@1;

  v1 BY amvi@1; ! Residual "factors";
  v2 BY bmvi@1;
  v3 BY cmvi@1;
  v4 BY dmvi@1;

  !residual variances on observed/manifest vars set to 0
  abfi_a6@0;
  bbfi_a6@0;
  cbfi_a6@0;
  dbfi_a6@0;

  !residual variances on observed/manifest vars set to 0
  amvi@0;
  bmvi@0;
  cmvi@0;
  dmvi@0;

  ! means of observed/manifest vars set to 0
  [abfi_a6@0];
  [bbfi_a6@0];
  [cbfi_a6@0];
  [dbfi_a6@0];

  ! means of observed/manifest vars set to 0
  [amvi@0];
  [bmvi@0];
  [cmvi@0];
  [dmvi@0];

  [p1@0]; ! means of residual "factors" set to 0
  [p2@0];
  [p3@0];
  [p4@0];

  [v1@0]; ! means of residual "factors" set to 0
  [v2@0];
  [v3@0];
  [v4@0];

  p4 on p3 (a); ! Autoregressive paths constrained to equality
  p3 on p2 (a);
  p2 on p1 (a);

  v4 on v3 (b); ! Autoregressive paths constrained to equality
  v3 on v2 (b);
  v2 on v1 (b);

  p4 on v3 (c); ! Cross-lagged paths constrained to equality
  p3 on v2 (c);
  p2 on v1 (c);

  v4 on p3 (d); ! Cross-lagged paths constrained to equality
  v3 on p2 (d);
  v2 on p1 (d);

  p1 with v1; !(this one is not like the others)

  p2 with v2 (e); ! Within-wave correlations constrained to equality
  p3 with v3 (e);
  p4 with v4 (e);

  p2 p3 p4 (f); ! estimate variances of residual "factors"
  v2 v3 v4 (g); ! estimate variances of residual "factors"

  OUTPUT: SAMPSTAT PATTERNS;



*** WARNING
  Data set contains cases with missing on time scores but non-missing on the
  corresponding dependent variables.  These cases were not included in the analysis.
  Number of such cases:  5
   1 WARNING(S) FOUND IN THE INPUT INSTRUCTIONS



PxVx Bivariate LCM-SR - post mi - Linear bfi_a6 with Linear mvi;

SUMMARY OF ANALYSIS

Number of groups                                                 1
Number of observations                                         864

Number of dependent variables                                    8
Number of independent variables                                  0
Number of continuous latent variables                           12

Observed dependent variables

  Continuous
   ABFI_A6     BBFI_A6     CBFI_A6     DBFI_A6     AMVI        BMVI
   CMVI        DMVI

Continuous latent variables
   P1          P2          P3          P4          V1          V2
   V3          V4          I_BFI_A6    S_BFI_A6    I_MVI       S_MVI

Variables with special functions

  Time scores
   A1          A2          A3          A4


Estimator                                                      MLR
Information matrix                                        OBSERVED
Maximum number of iterations                                   100
Convergence criterion                                    0.100D-05
Maximum number of EM iterations                                500
Convergence criteria for the EM algorithm
  Loglikelihood change                                   0.100D-02
  Relative loglikelihood change                          0.100D-05
  Derivative                                             0.100D-03
Minimum variance                                         0.100D-03
Maximum number of steepest descent iterations                   20
Maximum number of iterations for H1                           2000
Convergence criterion for H1                             0.100D-03
Optimization algorithm                                         EMA

Input data file(s)
  /home/jflournoy/code_new/lnt_pxvx/Data/lnt_nat_recalc.tsv
Input data format  FREE


SUMMARY OF DATA

     Number of missing data patterns            17


SUMMARY OF MISSING DATA PATTERNS


     MISSING DATA PATTERNS (x = not missing)

           1  2  3  4  5  6  7  8  9 10 11 12 13 14 15 16 17
 ABFI_A6   x  x  x  x  x  x  x  x  x  x  x  x     x  x  x  x
 BBFI_A6   x     x  x        x     x  x  x  x
 CBFI_A6   x           x     x  x     x     x        x     x
 DBFI_A6   x     x     x  x           x     x  x     x  x  x
 AMVI      x  x  x  x  x  x  x  x     x  x  x  x     x  x  x
 BMVI      x     x  x        x     x  x                    x
 CMVI      x           x     x  x     x     x        x     x
 DMVI      x     x     x  x                 x  x           x


     MISSING DATA PATTERN FREQUENCIES

    Pattern   Frequency     Pattern   Frequency     Pattern   Frequency
          1         494           7          47          13           1
          2         168           8          22          14           1
          3          27           9           1          15           2
          4          48          10           1          16           2
          5          21          11           3          17           1
          6          23          12           2


COVARIANCE COVERAGE OF DATA

Minimum covariance coverage value   0.100


     PROPORTION OF DATA PRESENT


           Covariance Coverage
              ABFI_A6       BBFI_A6       CBFI_A6       DBFI_A6       AMVI
              ________      ________      ________      ________      ________
 ABFI_A6        0.999
 BBFI_A6        0.721         0.721
 CBFI_A6        0.683         0.630         0.683
 DBFI_A6        0.663         0.606         0.603         0.664
 AMVI           0.997         0.720         0.683         0.664         0.998
 BMVI           0.716         0.715         0.628         0.605         0.715
 CMVI           0.683         0.630         0.683         0.603         0.683
 DMVI           0.657         0.605         0.600         0.659         0.659


           Covariance Coverage
              BMVI          CMVI          DMVI
              ________      ________      ________
 BMVI           0.716
 CMVI           0.628         0.683
 DMVI           0.604         0.600         0.659


SAMPLE STATISTICS


     ESTIMATED SAMPLE STATISTICS


           Means
              ABFI_A6       BBFI_A6       CBFI_A6       DBFI_A6       AMVI
              ________      ________      ________      ________      ________
               59.767        60.110        60.044        60.334        64.669


           Means
              BMVI          CMVI          DMVI
              ________      ________      ________
               64.223        64.327        64.088


           Covariances
              ABFI_A6       BBFI_A6       CBFI_A6       DBFI_A6       AMVI
              ________      ________      ________      ________      ________
 ABFI_A6      348.358
 BBFI_A6      274.162       352.519
 CBFI_A6      271.632       283.137       355.382
 DBFI_A6      255.103       274.307       291.452       357.074
 AMVI          39.414        47.718        44.245        37.375        63.947
 BMVI          36.816        51.219        45.753        39.059        49.662
 CMVI          30.113        41.289        40.404        36.648        48.226
 DMVI          30.689        42.013        40.633        39.385        45.081


           Covariances
              BMVI          CMVI          DMVI
              ________      ________      ________
 BMVI          63.130
 CMVI          51.950        69.401
 DMVI          48.555        51.597        60.678


           Correlations
              ABFI_A6       BBFI_A6       CBFI_A6       DBFI_A6       AMVI
              ________      ________      ________      ________      ________
 ABFI_A6        1.000
 BBFI_A6        0.782         1.000
 CBFI_A6        0.772         0.800         1.000
 DBFI_A6        0.723         0.773         0.818         1.000
 AMVI           0.264         0.318         0.294         0.247         1.000
 BMVI           0.248         0.343         0.305         0.260         0.782
 CMVI           0.194         0.264         0.257         0.233         0.724
 DMVI           0.211         0.287         0.277         0.268         0.724


           Correlations
              BMVI          CMVI          DMVI
              ________      ________      ________
 BMVI           1.000
 CMVI           0.785         1.000
 DMVI           0.785         0.795         1.000


     MAXIMUM LOG-LIKELIHOOD VALUE FOR THE UNRESTRICTED (H1) MODEL IS -18791.159


UNIVARIATE SAMPLE STATISTICS


     UNIVARIATE HIGHER-ORDER MOMENT DESCRIPTIVE STATISTICS

         Variable/         Mean/     Skewness/   Minimum/ % with                Percentiles
        Sample Size      Variance    Kurtosis    Maximum  Min/Max      20%/60%    40%/80%    Median

     ABFI_A6              59.786      -0.289       0.000    0.12%      43.750     56.250     62.500
             863.000     348.285      -0.299     100.000    0.58%      65.625     78.125
     BBFI_A6              60.205      -0.403       3.125    0.48%      43.750     56.250     62.500
             623.000     358.289      -0.157     100.000    0.16%      65.625     78.125
     CBFI_A6              59.942      -0.341       6.250    0.34%      43.750     56.250     62.500
             590.000     360.428      -0.284     100.000    0.51%      65.625     75.000
     DBFI_A6              60.524      -0.433       3.125    0.17%      43.750     56.250     62.500
             574.000     363.564      -0.193     100.000    0.70%      65.625     78.125
     AMVI                 64.677       0.026      32.353    0.12%      58.088     62.500     64.706
             862.000      63.962       0.228      92.647    0.12%      66.912     71.324
     BMVI                 64.188       0.003      40.441    0.16%      57.353     61.765     63.971
             619.000      63.530      -0.224      88.235    0.16%      66.176     71.094
     CMVI                 64.316      -0.075      33.088    0.17%      57.353     61.765     63.971
             590.000      70.424       0.095      87.500    0.17%      66.176     71.324
     DMVI                 64.158      -0.028      36.029    0.18%      58.088     62.500     63.971
             569.000      60.815       0.167      85.294    0.35%      66.176     70.588


THE MODEL ESTIMATION TERMINATED NORMALLY



MODEL FIT INFORMATION

Number of Free Parameters                       24

Loglikelihood

          H0 Value                      -18804.491
          H0 Scaling Correction Factor      1.1732
            for MLR

Information Criteria

          Akaike (AIC)                   37656.982
          Bayesian (BIC)                 37771.260
          Sample-Size Adjusted BIC       37695.042
            (n* = (n + 2) / 24)



MODEL RESULTS

                                                    Two-Tailed
                    Estimate       S.E.  Est./S.E.    P-Value

 P1       BY
    ABFI_A6            1.000      0.000    999.000    999.000

 P2       BY
    BBFI_A6            1.000      0.000    999.000    999.000

 P3       BY
    CBFI_A6            1.000      0.000    999.000    999.000

 P4       BY
    DBFI_A6            1.000      0.000    999.000    999.000

 V1       BY
    AMVI               1.000      0.000    999.000    999.000

 V2       BY
    BMVI               1.000      0.000    999.000    999.000

 V3       BY
    CMVI               1.000      0.000    999.000    999.000

 V4       BY
    DMVI               1.000      0.000    999.000    999.000

 P4         ON
    P3                 0.149      0.052      2.846      0.004
    V3                 0.165      0.092      1.803      0.071

 P3         ON
    P2                 0.149      0.052      2.846      0.004
    V2                 0.165      0.092      1.803      0.071

 P2         ON
    P1                 0.149      0.052      2.846      0.004
    V1                 0.165      0.092      1.803      0.071

 V4         ON
    V3                 0.147      0.050      2.910      0.004
    P3                 0.014      0.016      0.880      0.379

 V3         ON
    V2                 0.147      0.050      2.910      0.004
    P2                 0.014      0.016      0.880      0.379

 V2         ON
    V1                 0.147      0.050      2.910      0.004
    P1                 0.014      0.016      0.880      0.379

 S_BFI_A6 WITH
    I_BFI_A6          -0.503      0.718     -0.701      0.484
    S_MVI              0.027      0.047      0.577      0.564
    I_MVI              0.348      0.978      0.356      0.722

 I_BFI_A6 WITH
    S_MVI             -0.802      0.991     -0.810      0.418
    I_MVI             31.058      6.832      4.546      0.000

 S_MVI    WITH
    I_MVI             -0.164      0.140     -1.167      0.243

 P1       WITH
    V1                 4.880      2.636      1.851      0.064

 P2       WITH
    V2                 4.252      1.410      3.016      0.003

 P3       WITH
    V3                 4.252      1.410      3.016      0.003

 P4       WITH
    V4                 4.252      1.410      3.016      0.003

 Means
    P1                 0.000      0.000    999.000    999.000
    V1                 0.000      0.000    999.000    999.000
    I_BFI_A6          59.594      0.597     99.854      0.000
    S_BFI_A6           0.281      0.055      5.094      0.000
    I_MVI             64.271      0.258    248.817      0.000
    S_MVI              0.080      0.023      3.417      0.001

 Intercepts
    ABFI_A6            0.000      0.000    999.000    999.000
    BBFI_A6            0.000      0.000    999.000    999.000
    CBFI_A6            0.000      0.000    999.000    999.000
    DBFI_A6            0.000      0.000    999.000    999.000
    AMVI               0.000      0.000    999.000    999.000
    BMVI               0.000      0.000    999.000    999.000
    CMVI               0.000      0.000    999.000    999.000
    DMVI               0.000      0.000    999.000    999.000
    P2                 0.000      0.000    999.000    999.000
    P3                 0.000      0.000    999.000    999.000
    P4                 0.000      0.000    999.000    999.000
    V2                 0.000      0.000    999.000    999.000
    V3                 0.000      0.000    999.000    999.000
    V4                 0.000      0.000    999.000    999.000

 Variances
    P1                97.088      9.047     10.731      0.000
    V1                19.362      1.806     10.721      0.000
    I_BFI_A6         245.010     19.476     12.580      0.000
    S_BFI_A6           0.098      0.149      0.658      0.511
    I_MVI             44.311      3.574     12.396      0.000
    S_MVI              0.019      0.025      0.750      0.453

 Residual Variances
    ABFI_A6            0.000      0.000    999.000    999.000
    BBFI_A6            0.000      0.000    999.000    999.000
    CBFI_A6            0.000      0.000    999.000    999.000
    DBFI_A6            0.000      0.000    999.000    999.000
    AMVI               0.000      0.000    999.000    999.000
    BMVI               0.000      0.000    999.000    999.000
    CMVI               0.000      0.000    999.000    999.000
    DMVI               0.000      0.000    999.000    999.000
    P2                79.745      5.631     14.162      0.000
    P3                79.745      5.631     14.162      0.000
    P4                79.745      5.631     14.162      0.000
    V2                15.354      1.040     14.770      0.000
    V3                15.354      1.040     14.770      0.000
    V4                15.354      1.040     14.770      0.000


QUALITY OF NUMERICAL RESULTS

     Condition Number for the Information Matrix              0.335E-04
       (ratio of smallest to largest eigenvalue)


     Beginning Time:  16:04:23
        Ending Time:  16:04:31
       Elapsed Time:  00:00:08



MUTHEN & MUTHEN
3463 Stoner Ave.
Los Angeles, CA  90066

Tel: (310) 391-9971
Fax: (310) 391-8971
Web: www.StatModel.com
Support: Support@StatModel.com

Copyright (c) 1998-2017 Muthen & Muthen
