Mplus VERSION 8 (Linux)
MUTHEN & MUTHEN
07/08/2018   5:44 PM

INPUT INSTRUCTIONS


  title: PxVx Bivariate LCM-SR - 40splitgroup - Linear bfas_oo with Linear bfa_mt_d;
  data: file = /home/jflournoy/code_new/lnt_pxvx/Data/lnt_nat_recalc.tsv;

  variable:
  names =
  subjid
  aage
  aaspfin
  aaspfin_d
  abfa_mt
  abfa_mt_d
  abfas_ac
  abfas_ap
  abfas_ci
  abfas_co
  abfas_ea
  abfas_ee
  abfas_nv
  abfas_nv9
  abfas_nw
  abfas_oi
  abfas_oo
  abfi_a
  abfi_a6
  abfi_c
  abfi_d_scale
  abfi_e
  abfi_hp8
  abfi_n
  abfi_o
  abfi_s_scale
  ahrz_col
  ahrz_col_d
  ahrz_ind
  ahrz_ind_d
  amvi
  ausi
  ausi_d
  avrt_col
  avrt_col_d
  avrt_ind
  avrt_ind_d
  bage
  baspfin
  baspfin_d
  bbfa_mt
  bbfa_mt_d
  bbfas_ac
  bbfas_ap
  bbfas_ci
  bbfas_co
  bbfas_ea
  bbfas_ee
  bbfas_nv
  bbfas_nv9
  bbfas_nw
  bbfas_oi
  bbfas_oo
  bbfi_a
  bbfi_a6
  bbfi_c
  bbfi_d_scale
  bbfi_e
  bbfi_hp8
  bbfi_n
  bbfi_o
  bbfi_s_scale
  bhrz_col
  bhrz_col_d
  bhrz_ind
  bhrz_ind_d
  bmvi
  busi
  busi_d
  bvrt_col
  bvrt_col_d
  bvrt_ind
  bvrt_ind_d
  cage
  caspfin
  caspfin_d
  cbfa_mt
  cbfa_mt_d
  cbfas_ac
  cbfas_ap
  cbfas_ci
  cbfas_co
  cbfas_ea
  cbfas_ee
  cbfas_nv
  cbfas_nv9
  cbfas_nw
  cbfas_oi
  cbfas_oo
  cbfi_a
  cbfi_a6
  cbfi_c
  cbfi_d_scale
  cbfi_e
  cbfi_hp8
  cbfi_n
  cbfi_o
  cbfi_s_scale
  chrz_col
  chrz_col_d
  chrz_ind
  chrz_ind_d
  cmvi
  cusi
  cusi_d
  cvrt_col
  cvrt_col_d
  cvrt_ind
  cvrt_ind_d
  dage
  daspfin
  daspfin_d
  dbfa_mt
  dbfa_mt_d
  dbfas_ac
  dbfas_ap
  dbfas_ci
  dbfas_co
  dbfas_ea
  dbfas_ee
  dbfas_nv
  dbfas_nv9
  dbfas_nw
  dbfas_oi
  dbfas_oo
  dbfi_a
  dbfi_a6
  dbfi_c
  dbfi_d_scale
  dbfi_e
  dbfi_hp8
  dbfi_n
  dbfi_o
  dbfi_s_scale
  dhrz_col
  dhrz_col_d
  dhrz_ind
  dhrz_ind_d
  dmvi
  dusi
  dusi_d
  dvrt_col
  dvrt_col_d
  dvrt_ind
  dvrt_ind_d;

  USEVARIABLES =
  abfas_oo
  bbfas_oo
  cbfas_oo
  dbfas_oo
  abfa_mt_d
  bbfa_mt_d
  cbfa_mt_d
  dbfa_mt_d
  a1
  a2
  a3
  a4
  aagegrp
  ;

  missing = all (-9999);

  tscores = a1 a2 a3 a4;

  grouping = aagegrp (0=earlier, 1=later);

  DEFINE:

  aagegrp = aage;

  cut aagegrp (39);

  a1 = aage + 0 - 36;
  a2 = aage + 1 - 36;
  a3 = aage + 2 - 36;
  a4 = aage + 3 - 36;

  ANALYSIS:
  TYPE=RANDOM;
  PROCESSORS = 6;
  model=nocovariances; ! supresses default estimation of certain covs in model;

  MODEL:

  i_bfas_oo s_bfas_oo | abfas_oo bbfas_oo cbfas_oo dbfas_oo AT a1 a2 a3 a4;
  i_bfa_mt_d s_bfa_mt_d | abfa_mt_d bbfa_mt_d cbfa_mt_d dbfa_mt_d AT a1 a2 a3 a4;

  ! freeing factor covs because of "nocovariances"
  ! But ensure they are constrained across groups
  s_bfas_oo WITH i_bfas_oo (p)
  s_bfa_mt_d (q)
  i_bfa_mt_d (r);
  i_bfas_oo WITH s_bfa_mt_d (s)
  i_bfa_mt_d (t);
  s_bfa_mt_d WITH i_bfa_mt_d (u);

  !constrain latent growth means across groups
  [i_bfas_oo] (v);
  [s_bfas_oo] (w);
  [i_bfa_mt_d] (x);
  [s_bfa_mt_d] (y);

  !constrain latent growth variances across groups
  i_bfas_oo (l);
  s_bfas_oo (m);
  i_bfa_mt_d (n);
  s_bfa_mt_d (o);

  p1 BY abfas_oo@1; ! Residual "factors";
  p2 BY bbfas_oo@1;
  p3 BY cbfas_oo@1;
  p4 BY dbfas_oo@1;

  v1 BY abfa_mt_d@1; ! Residual "factors";
  v2 BY bbfa_mt_d@1;
  v3 BY cbfa_mt_d@1;
  v4 BY dbfa_mt_d@1;

  !residual variances on observed/manifest vars set to 0
  abfas_oo@0;
  bbfas_oo@0;
  cbfas_oo@0;
  dbfas_oo@0;

  !residual variances on observed/manifest vars set to 0
  abfa_mt_d@0;
  bbfa_mt_d@0;
  cbfa_mt_d@0;
  dbfa_mt_d@0;

  ! means of observed/manifest vars set to 0
  [abfas_oo@0];
  [bbfas_oo@0];
  [cbfas_oo@0];
  [dbfas_oo@0];

  ! means of observed/manifest vars set to 0
  [abfa_mt_d@0];
  [bbfa_mt_d@0];
  [cbfa_mt_d@0];
  [dbfa_mt_d@0];

  [p1@0]; ! means of residual "factors" set to 0
  [p2@0];
  [p3@0];
  [p4@0];

  [v1@0]; ! means of residual "factors" set to 0
  [v2@0];
  [v3@0];
  [v4@0];

  p4 on p3 (a); ! Autoregressive paths constrained to equality
  p3 on p2 (a);
  p2 on p1 (a);

  v4 on v3 (b); ! Autoregressive paths constrained to equality
  v3 on v2 (b);
  v2 on v1 (b);

  p4 on v3 (c); ! Cross-lagged paths constrained to equality
  p3 on v2 (c);
  p2 on v1 (c);

  v4 on p3 (d); ! Cross-lagged paths constrained to equality
  v3 on p2 (d);
  v2 on p1 (d);

  p1 with v1; !(this one is not like the others)

  p2 with v2 (e); ! Within-wave correlations constrained to equality
  p3 with v3 (e);
  p4 with v4 (e);

  p2 p3 p4 (f); ! estimate variances of residual "factors"
  v2 v3 v4 (g); ! estimate variances of residual "factors"

  MODEL earlier:

  p4 on p3 (a23); ! Autoregressive paths constrained to equality
  p3 on p2 (a23);
  p2 on p1 (a23);

  v4 on v3 (b23); ! Autoregressive paths constrained to equality
  v3 on v2 (b23);
  v2 on v1 (b23);

  p4 on v3 (c23); ! Cross-lagged paths constrained to equality
  p3 on v2 (c23);
  p2 on v1 (c23);

  v4 on p3 (d23); ! Cross-lagged paths constrained to equality
  v3 on p2 (d23);
  v2 on p1 (d23);

  p1 with v1; !(this one is not like the others)

  p2 with v2 (e23); ! Within-wave correlations constrained to equality
  p3 with v3 (e23);
  p4 with v4 (e23);

  p2 p3 p4 (f23); ! estimate variances of residual "factors"
  v2 v3 v4 (g23); ! estimate variances of residual "factors"

  MODEL later:

  p4 on p3 (a45); ! Autoregressive paths constrained to equality
  p3 on p2 (a45);
  p2 on p1 (a45);

  v4 on v3 (b45); ! Autoregressive paths constrained to equality
  v3 on v2 (b45);
  v2 on v1 (b45);

  p4 on v3 (c45); ! Cross-lagged paths constrained to equality
  p3 on v2 (c45);
  p2 on v1 (c45);

  v4 on p3 (d45); ! Cross-lagged paths constrained to equality
  v3 on p2 (d45);
  v2 on p1 (d45);

  p1 with v1; !(this one is not like the others)

  p2 with v2 (e45); ! Within-wave correlations constrained to equality
  p3 with v3 (e45);
  p4 with v4 (e45);

  p2 p3 p4 (f45); ! estimate variances of residual "factors"
  v2 v3 v4 (g45); ! estimate variances of residual "factors"

  OUTPUT: SAMPSTAT PATTERNS;



*** WARNING in VARIABLE command
  Note that only the first 8 characters of variable names are used in the output.
  Shorten variable names to avoid any confusion.
*** WARNING
  Data set contains unknown or missing values for GROUPING,
  PATTERN, COHORT, CLUSTER and/or STRATIFICATION variables.
  Number of cases with unknown or missing values:  5
   2 WARNING(S) FOUND IN THE INPUT INSTRUCTIONS



PxVx Bivariate LCM-SR - 40splitgroup - Linear bfas_oo with Linear bfa_mt_d;

SUMMARY OF ANALYSIS

Number of groups                                                 2
Number of observations
   Group EARLIER                                               534
   Group LATER                                                 330
   Total sample size                                           864

Number of dependent variables                                    8
Number of independent variables                                  0
Number of continuous latent variables                           12

Observed dependent variables

  Continuous
   ABFAS_OO    BBFAS_OO    CBFAS_OO    DBFAS_OO    ABFA_MT_D   BBFA_MT_D
   CBFA_MT_D   DBFA_MT_D

Continuous latent variables
   P1          P2          P3          P4          V1          V2
   V3          V4          I_BFAS_O    S_BFAS_O    I_BFA_MT    S_BFA_MT

Variables with special functions

  Grouping variable     AAGEGRP

  Time scores
   A1          A2          A3          A4


Estimator                                                      MLR
Information matrix                                        OBSERVED
Maximum number of iterations                                   100
Convergence criterion                                    0.100D-05
Maximum number of EM iterations                                500
Convergence criteria for the EM algorithm
  Loglikelihood change                                   0.100D-02
  Relative loglikelihood change                          0.100D-05
  Derivative                                             0.100D-03
Minimum variance                                         0.100D-03
Maximum number of steepest descent iterations                   20
Maximum number of iterations for H1                           2000
Convergence criterion for H1                             0.100D-03
Optimization algorithm                                         EMA

Input data file(s)
  /home/jflournoy/code_new/lnt_pxvx/Data/lnt_nat_recalc.tsv
Input data format  FREE


SUMMARY OF DATA

   Group EARLIER
     Number of missing data patterns             9

   Group LATER
     Number of missing data patterns             9


SUMMARY OF MISSING DATA PATTERNS


     MISSING DATA PATTERNS (x = not missing) FOR EARLIER

           1  2  3  4  5  6  7  8  9
 ABFAS_OO  x  x  x  x  x  x  x  x  x
 BBFAS_OO  x     x     x  x        x
 CBFAS_OO  x        x     x     x  x
 DBFAS_OO  x     x  x        x     x
 ABFA_MT_  x  x  x  x  x  x  x  x
 BBFA_MT_  x     x     x  x        x
 CBFA_MT_  x        x     x     x  x
 DBFA_MT_  x     x  x        x     x


     MISSING DATA PATTERN FREQUENCIES FOR EARLIER

    Pattern   Frequency     Pattern   Frequency     Pattern   Frequency
          1         327           4          13           7          15
          2         101           5          28           8          12
          3          14           6          22           9           2


     MISSING DATA PATTERNS (x = not missing) FOR LATER

           1  2  3  4  5  6  7  8  9
 ABFAS_OO  x  x  x  x  x  x  x  x
 BBFAS_OO  x     x     x  x        x
 CBFAS_OO  x        x     x     x  x
 DBFAS_OO  x     x  x        x     x
 ABFA_MT_  x  x  x  x  x  x  x  x
 BBFA_MT_  x     x     x  x        x
 CBFA_MT_  x        x     x     x  x
 DBFA_MT_  x     x  x        x     x


     MISSING DATA PATTERN FREQUENCIES FOR LATER

    Pattern   Frequency     Pattern   Frequency     Pattern   Frequency
          1         165           4          10           7          10
          2          69           5          24           8          12
          3          13           6          26           9           1


COVARIANCE COVERAGE OF DATA

Minimum covariance coverage value   0.100


     PROPORTION OF DATA PRESENT FOR EARLIER


           Covariance Coverage
              ABFAS_OO      BBFAS_OO      CBFAS_OO      DBFAS_OO      ABFA_MT_
              ________      ________      ________      ________      ________
 ABFAS_OO       1.000
 BBFAS_OO       0.736         0.736
 CBFAS_OO       0.704         0.657         0.704
 DBFAS_OO       0.695         0.642         0.640         0.695
 ABFA_MT_       0.996         0.732         0.700         0.691         0.996
 BBFA_MT_       0.736         0.736         0.657         0.642         0.732
 CBFA_MT_       0.704         0.657         0.704         0.640         0.700
 DBFA_MT_       0.695         0.642         0.640         0.695         0.691


           Covariance Coverage
              BBFA_MT_      CBFA_MT_      DBFA_MT_
              ________      ________      ________
 BBFA_MT_       0.736
 CBFA_MT_       0.657         0.704
 DBFA_MT_       0.642         0.640         0.695


     PROPORTION OF DATA PRESENT FOR LATER


           Covariance Coverage
              ABFAS_OO      BBFAS_OO      CBFAS_OO      DBFAS_OO      ABFA_MT_
              ________      ________      ________      ________      ________
 ABFAS_OO       1.000
 BBFAS_OO       0.694         0.694
 CBFAS_OO       0.648         0.582         0.648
 DBFAS_OO       0.603         0.542         0.533         0.603
 ABFA_MT_       0.997         0.691         0.645         0.600         0.997
 BBFA_MT_       0.694         0.694         0.582         0.542         0.691
 CBFA_MT_       0.648         0.582         0.648         0.533         0.645
 DBFA_MT_       0.603         0.542         0.533         0.603         0.600


           Covariance Coverage
              BBFA_MT_      CBFA_MT_      DBFA_MT_
              ________      ________      ________
 BBFA_MT_       0.694
 CBFA_MT_       0.582         0.648
 DBFA_MT_       0.542         0.533         0.603


SAMPLE STATISTICS


     ESTIMATED SAMPLE STATISTICS FOR EARLIER


           Means
              ABFAS_OO      BBFAS_OO      CBFAS_OO      DBFAS_OO      ABFA_MT_
              ________      ________      ________      ________      ________
               73.573        73.220        72.572        72.403        41.470


           Means
              BBFA_MT_      CBFA_MT_      DBFA_MT_
              ________      ________      ________
               40.714        41.380        40.632


           Covariances
              ABFAS_OO      BBFAS_OO      CBFAS_OO      DBFAS_OO      ABFA_MT_
              ________      ________      ________      ________      ________
 ABFAS_OO     253.313
 BBFAS_OO     206.684       261.971
 CBFAS_OO     210.093       217.960       278.625
 DBFAS_OO     204.628       205.947       228.168       270.559
 ABFA_MT_     -72.347       -87.869       -90.356       -74.167       465.053
 BBFA_MT_     -64.362       -81.242       -74.739       -70.818       307.771
 CBFA_MT_     -76.699       -94.602       -98.149       -84.951       308.124
 DBFA_MT_     -61.317       -63.340       -86.585       -66.832       276.604


           Covariances
              BBFA_MT_      CBFA_MT_      DBFA_MT_
              ________      ________      ________
 BBFA_MT_     481.273
 CBFA_MT_     361.002       496.809
 DBFA_MT_     345.890       360.530       490.065


           Correlations
              ABFAS_OO      BBFAS_OO      CBFAS_OO      DBFAS_OO      ABFA_MT_
              ________      ________      ________      ________      ________
 ABFAS_OO       1.000
 BBFAS_OO       0.802         1.000
 CBFAS_OO       0.791         0.807         1.000
 DBFAS_OO       0.782         0.774         0.831         1.000
 ABFA_MT_      -0.211        -0.252        -0.251        -0.209         1.000
 BBFA_MT_      -0.184        -0.229        -0.204        -0.196         0.651
 CBFA_MT_      -0.216        -0.262        -0.264        -0.232         0.641
 DBFA_MT_      -0.174        -0.177        -0.234        -0.184         0.579


           Correlations
              BBFA_MT_      CBFA_MT_      DBFA_MT_
              ________      ________      ________
 BBFA_MT_       1.000
 CBFA_MT_       0.738         1.000
 DBFA_MT_       0.712         0.731         1.000


     ESTIMATED SAMPLE STATISTICS FOR LATER


           Means
              ABFAS_OO      BBFAS_OO      CBFAS_OO      DBFAS_OO      ABFA_MT_
              ________      ________      ________      ________      ________
               72.574        73.174        72.621        72.198        35.622


           Means
              BBFA_MT_      CBFA_MT_      DBFA_MT_
              ________      ________      ________
               36.781        36.802        36.954


           Covariances
              ABFAS_OO      BBFAS_OO      CBFAS_OO      DBFAS_OO      ABFA_MT_
              ________      ________      ________      ________      ________
 ABFAS_OO     245.018
 BBFAS_OO     204.368       249.638
 CBFAS_OO     196.234       215.727       251.676
 DBFAS_OO     195.982       212.744       212.278       241.801
 ABFA_MT_     -28.136       -30.963       -27.597       -12.797       420.245
 BBFA_MT_     -31.084       -30.769       -41.076       -31.583       295.388
 CBFA_MT_     -30.976       -42.841       -40.372       -25.391       300.572
 DBFA_MT_     -26.994       -57.772       -43.498       -38.855       283.192


           Covariances
              BBFA_MT_      CBFA_MT_      DBFA_MT_
              ________      ________      ________
 BBFA_MT_     428.036
 CBFA_MT_     310.803       441.967
 DBFA_MT_     281.629       273.131       426.488


           Correlations
              ABFAS_OO      BBFAS_OO      CBFAS_OO      DBFAS_OO      ABFA_MT_
              ________      ________      ________      ________      ________
 ABFAS_OO       1.000
 BBFAS_OO       0.826         1.000
 CBFAS_OO       0.790         0.861         1.000
 DBFAS_OO       0.805         0.866         0.861         1.000
 ABFA_MT_      -0.088        -0.096        -0.085        -0.040         1.000
 BBFA_MT_      -0.096        -0.094        -0.125        -0.098         0.696
 CBFA_MT_      -0.094        -0.129        -0.121        -0.078         0.697
 DBFA_MT_      -0.084        -0.177        -0.133        -0.121         0.669


           Correlations
              BBFA_MT_      CBFA_MT_      DBFA_MT_
              ________      ________      ________
 BBFA_MT_       1.000
 CBFA_MT_       0.715         1.000
 DBFA_MT_       0.659         0.629         1.000


     MAXIMUM LOG-LIKELIHOOD VALUE FOR THE UNRESTRICTED (H1) MODEL IS -21117.725


UNIVARIATE SAMPLE STATISTICS


     UNIVARIATE HIGHER-ORDER MOMENT DESCRIPTIVE STATISTICS FOR EARLIER

         Variable/         Mean/     Skewness/   Minimum/ % with                Percentiles
        Sample Size      Variance    Kurtosis    Maximum  Min/Max      20%/60%    40%/80%    Median

     ABFAS_OO             73.573      -0.504      20.000    0.19%      60.000     70.000     75.000
             534.000     253.313      -0.288     100.000    2.06%      80.000     87.500
     BBFAS_OO             72.808      -0.531      22.500    0.25%      58.333     70.000     75.000
             393.000     261.274      -0.189     100.000    1.78%      80.000     87.500
     CBFAS_OO             72.455      -0.448      17.500    0.27%      57.500     69.444     72.500
             376.000     272.712      -0.303     100.000    3.46%      80.000     87.500
     DBFAS_OO             72.513      -0.640      22.500    0.54%      60.000     70.000     75.000
             371.000     263.067       0.031     100.000    2.43%      80.000     85.000
     ABFA_MT_D            41.522       0.261       0.000    2.44%      25.000     33.333     37.500
             532.000     465.131      -0.456     100.000    0.94%      43.750     62.500
     BBFA_MT_D            41.046       0.246       0.000    3.31%      18.750     31.250     37.500
             393.000     487.328      -0.519     100.000    0.76%      50.000     62.500
     CBFA_MT_D            41.456       0.268       0.000    3.72%      25.000     33.333     37.500
             376.000     493.708      -0.317     100.000    1.33%      50.000     62.500
     DBFA_MT_D            41.038       0.220       0.000    5.39%      25.000     37.500     43.750
             371.000     498.350      -0.366     100.000    1.08%      43.750     62.500


     UNIVARIATE HIGHER-ORDER MOMENT DESCRIPTIVE STATISTICS FOR LATER

         Variable/         Mean/     Skewness/   Minimum/ % with                Percentiles
        Sample Size      Variance    Kurtosis    Maximum  Min/Max      20%/60%    40%/80%    Median

     ABFAS_OO             72.521      -0.503      27.500    0.91%      58.333     70.000     75.000
             329.000     244.640      -0.263     100.000    1.82%      77.500     87.500
     BBFAS_OO             73.358      -0.555      17.500    0.44%      60.000     70.000     75.000
             229.000     245.530      -0.174     100.000    1.31%      80.000     87.500
     CBFAS_OO             73.689      -0.447      27.500    0.47%      60.000     70.000     75.000
             214.000     244.667      -0.413     100.000    4.67%      80.000     87.500
     DBFAS_OO             73.200      -0.741      15.000    0.50%      60.000     72.500     75.000
             199.000     249.292       0.176     100.000    1.51%      80.000     87.500
     ABFA_MT_D            35.657       0.362       0.000    4.56%      18.750     31.250     37.500
             329.000     420.619      -0.267     100.000    0.30%      37.500     50.000
     BBFA_MT_D            36.517       0.213       0.000    5.68%      18.750     31.250     37.500
             229.000     415.436      -0.435      93.750    0.44%      43.750     56.250
     CBFA_MT_D            37.412       0.187       0.000    5.61%      18.750     31.250     37.500
             214.000     440.814      -0.571      93.750    0.47%      43.750     56.250
     DBFA_MT_D            37.343       0.351       0.000    4.52%      18.750     31.250     37.500
             199.000     413.959      -0.231      93.750    0.50%      37.500     56.250


THE MODEL ESTIMATION TERMINATED NORMALLY



MODEL FIT INFORMATION

Number of Free Parameters                       34

Loglikelihood

          H0 Value                      -21153.660
          H0 Scaling Correction Factor      1.2740
            for MLR

Information Criteria

          Akaike (AIC)                   42375.320
          Bayesian (BIC)                 42537.213
          Sample-Size Adjusted BIC       42429.238
            (n* = (n + 2) / 24)



MODEL RESULTS

                                                    Two-Tailed
                    Estimate       S.E.  Est./S.E.    P-Value

Group EARLIER

 P1       BY
    ABFAS_OO           1.000      0.000    999.000    999.000

 P2       BY
    BBFAS_OO           1.000      0.000    999.000    999.000

 P3       BY
    CBFAS_OO           1.000      0.000    999.000    999.000

 P4       BY
    DBFAS_OO           1.000      0.000    999.000    999.000

 V1       BY
    ABFA_MT_D          1.000      0.000    999.000    999.000

 V2       BY
    BBFA_MT_D          1.000      0.000    999.000    999.000

 V3       BY
    CBFA_MT_D          1.000      0.000    999.000    999.000

 V4       BY
    DBFA_MT_D          1.000      0.000    999.000    999.000

 P4         ON
    P3                 0.186      0.080      2.320      0.020
    V3                -0.024      0.032     -0.737      0.461

 P3         ON
    P2                 0.186      0.080      2.320      0.020
    V2                -0.024      0.032     -0.737      0.461

 P2         ON
    P1                 0.186      0.080      2.320      0.020
    V1                -0.024      0.032     -0.737      0.461

 V4         ON
    V3                 0.101      0.074      1.372      0.170
    P3                -0.168      0.098     -1.724      0.085

 V3         ON
    V2                 0.101      0.074      1.372      0.170
    P2                -0.168      0.098     -1.724      0.085

 V2         ON
    V1                 0.101      0.074      1.372      0.170
    P1                -0.168      0.098     -1.724      0.085

 S_BFAS_O WITH
    I_BFAS_OO          0.268      0.623      0.430      0.667
    S_BFA_MT_D         0.022      0.094      0.233      0.815
    I_BFA_MT_D        -0.156      2.332     -0.067      0.947

 I_BFAS_O WITH
    S_BFA_MT_D         1.521      2.431      0.626      0.532
    I_BFA_MT_D       -59.362     13.648     -4.349      0.000

 S_BFA_MT WITH
    I_BFA_MT_D        -0.580      0.954     -0.608      0.543

 P1       WITH
    V1                 0.040      8.773      0.005      0.996

 P2       WITH
    V2                -7.951      6.401     -1.242      0.214

 P3       WITH
    V3                -7.951      6.401     -1.242      0.214

 P4       WITH
    V4                -7.951      6.401     -1.242      0.214

 Means
    P1                 0.000      0.000    999.000    999.000
    V1                 0.000      0.000    999.000    999.000
    I_BFAS_OO         73.007      0.523    139.685      0.000
    S_BFAS_OO         -0.095      0.048     -1.973      0.048
    I_BFA_MT_D        39.431      0.663     59.450      0.000
    S_BFA_MT_D        -0.201      0.060     -3.320      0.001

 Intercepts
    ABFAS_OO           0.000      0.000    999.000    999.000
    BBFAS_OO           0.000      0.000    999.000    999.000
    CBFAS_OO           0.000      0.000    999.000    999.000
    DBFAS_OO           0.000      0.000    999.000    999.000
    ABFA_MT_D          0.000      0.000    999.000    999.000
    BBFA_MT_D          0.000      0.000    999.000    999.000
    CBFA_MT_D          0.000      0.000    999.000    999.000
    DBFA_MT_D          0.000      0.000    999.000    999.000
    P2                 0.000      0.000    999.000    999.000
    P3                 0.000      0.000    999.000    999.000
    P4                 0.000      0.000    999.000    999.000
    V2                 0.000      0.000    999.000    999.000
    V3                 0.000      0.000    999.000    999.000
    V4                 0.000      0.000    999.000    999.000

 Variances
    P1                54.587      7.721      7.070      0.000
    V1               204.644     17.706     11.558      0.000
    I_BFAS_OO        197.087     13.214     14.915      0.000
    S_BFAS_OO          0.052      0.094      0.555      0.579
    I_BFA_MT_D       286.534     24.539     11.677      0.000
    S_BFA_MT_D         0.172      0.163      1.053      0.292

 Residual Variances
    ABFAS_OO           0.000      0.000    999.000    999.000
    BBFAS_OO           0.000      0.000    999.000    999.000
    CBFAS_OO           0.000      0.000    999.000    999.000
    DBFAS_OO           0.000      0.000    999.000    999.000
    ABFA_MT_D          0.000      0.000    999.000    999.000
    BBFA_MT_D          0.000      0.000    999.000    999.000
    CBFA_MT_D          0.000      0.000    999.000    999.000
    DBFA_MT_D          0.000      0.000    999.000    999.000
    P2                60.370      6.391      9.446      0.000
    P3                60.370      6.391      9.446      0.000
    P4                60.370      6.391      9.446      0.000
    V2               149.774     14.163     10.575      0.000
    V3               149.774     14.163     10.575      0.000
    V4               149.774     14.163     10.575      0.000

Group LATER

 P1       BY
    ABFAS_OO           1.000      0.000    999.000    999.000

 P2       BY
    BBFAS_OO           1.000      0.000    999.000    999.000

 P3       BY
    CBFAS_OO           1.000      0.000    999.000    999.000

 P4       BY
    DBFAS_OO           1.000      0.000    999.000    999.000

 V1       BY
    ABFA_MT_D          1.000      0.000    999.000    999.000

 V2       BY
    BBFA_MT_D          1.000      0.000    999.000    999.000

 V3       BY
    CBFA_MT_D          1.000      0.000    999.000    999.000

 V4       BY
    DBFA_MT_D          1.000      0.000    999.000    999.000

 P4         ON
    P3                 0.069      0.057      1.226      0.220
    V3                -0.002      0.035     -0.067      0.947

 P3         ON
    P2                 0.069      0.057      1.226      0.220
    V2                -0.002      0.035     -0.067      0.947

 P2         ON
    P1                 0.069      0.057      1.226      0.220
    V1                -0.002      0.035     -0.067      0.947

 V4         ON
    V3                 0.000      0.079     -0.004      0.997
    P3                -0.008      0.104     -0.081      0.936

 V3         ON
    V2                 0.000      0.079     -0.004      0.997
    P2                -0.008      0.104     -0.081      0.936

 V2         ON
    V1                 0.000      0.079     -0.004      0.997
    P1                -0.008      0.104     -0.081      0.936

 S_BFAS_O WITH
    I_BFAS_OO          0.268      0.623      0.430      0.667
    S_BFA_MT_D         0.022      0.094      0.233      0.815
    I_BFA_MT_D        -0.156      2.332     -0.067      0.947

 I_BFAS_O WITH
    S_BFA_MT_D         1.521      2.431      0.626      0.532
    I_BFA_MT_D       -59.362     13.648     -4.349      0.000

 S_BFA_MT WITH
    I_BFA_MT_D        -0.580      0.954     -0.608      0.543

 P1       WITH
    V1               -10.602      7.980     -1.329      0.184

 P2       WITH
    V2                 2.598      5.075      0.512      0.609

 P3       WITH
    V3                 2.598      5.075      0.512      0.609

 P4       WITH
    V4                 2.598      5.075      0.512      0.609

 Means
    P1                 0.000      0.000    999.000    999.000
    V1                 0.000      0.000    999.000    999.000
    I_BFAS_OO         73.007      0.523    139.685      0.000
    S_BFAS_OO         -0.095      0.048     -1.973      0.048
    I_BFA_MT_D        39.431      0.663     59.450      0.000
    S_BFA_MT_D        -0.201      0.060     -3.320      0.001

 Intercepts
    ABFAS_OO           0.000      0.000    999.000    999.000
    BBFAS_OO           0.000      0.000    999.000    999.000
    CBFAS_OO           0.000      0.000    999.000    999.000
    DBFAS_OO           0.000      0.000    999.000    999.000
    ABFA_MT_D          0.000      0.000    999.000    999.000
    BBFA_MT_D          0.000      0.000    999.000    999.000
    CBFA_MT_D          0.000      0.000    999.000    999.000
    DBFA_MT_D          0.000      0.000    999.000    999.000
    P2                 0.000      0.000    999.000    999.000
    P3                 0.000      0.000    999.000    999.000
    P4                 0.000      0.000    999.000    999.000
    V2                 0.000      0.000    999.000    999.000
    V3                 0.000      0.000    999.000    999.000
    V4                 0.000      0.000    999.000    999.000

 Variances
    P1                58.931      8.478      6.951      0.000
    V1               128.172     17.289      7.413      0.000
    I_BFAS_OO        197.087     13.214     14.915      0.000
    S_BFAS_OO          0.052      0.094      0.555      0.579
    I_BFA_MT_D       286.534     24.539     11.677      0.000
    S_BFA_MT_D         0.172      0.163      1.053      0.292

 Residual Variances
    ABFAS_OO           0.000      0.000    999.000    999.000
    BBFAS_OO           0.000      0.000    999.000    999.000
    CBFAS_OO           0.000      0.000    999.000    999.000
    DBFAS_OO           0.000      0.000    999.000    999.000
    ABFA_MT_D          0.000      0.000    999.000    999.000
    BBFA_MT_D          0.000      0.000    999.000    999.000
    CBFA_MT_D          0.000      0.000    999.000    999.000
    DBFA_MT_D          0.000      0.000    999.000    999.000
    P2                36.481      3.912      9.326      0.000
    P3                36.481      3.912      9.326      0.000
    P4                36.481      3.912      9.326      0.000
    V2               140.717     15.736      8.942      0.000
    V3               140.717     15.736      8.942      0.000
    V4               140.717     15.736      8.942      0.000


QUALITY OF NUMERICAL RESULTS

     Condition Number for the Information Matrix              0.339E-05
       (ratio of smallest to largest eigenvalue)


     Beginning Time:  17:44:16
        Ending Time:  17:44:29
       Elapsed Time:  00:00:13



MUTHEN & MUTHEN
3463 Stoner Ave.
Los Angeles, CA  90066

Tel: (310) 391-9971
Fax: (310) 391-8971
Web: www.StatModel.com
Support: Support@StatModel.com

Copyright (c) 1998-2017 Muthen & Muthen
