Mplus VERSION 8 (Linux)
MUTHEN & MUTHEN
07/08/2018   6:27 PM

INPUT INSTRUCTIONS


  title: PxVx Bivariate LCM-SR - decadegroup - Linear bfi_o with Linear bfa_mt_d;
  data: file = /home/jflournoy/code_new/lnt_pxvx/Data/lnt_nat_recalc.tsv;

  variable:
  names =
  subjid
  aage
  aaspfin
  aaspfin_d
  abfa_mt
  abfa_mt_d
  abfas_ac
  abfas_ap
  abfas_ci
  abfas_co
  abfas_ea
  abfas_ee
  abfas_nv
  abfas_nv9
  abfas_nw
  abfas_oi
  abfas_oo
  abfi_a
  abfi_a6
  abfi_c
  abfi_d_scale
  abfi_e
  abfi_hp8
  abfi_n
  abfi_o
  abfi_s_scale
  ahrz_col
  ahrz_col_d
  ahrz_ind
  ahrz_ind_d
  amvi
  ausi
  ausi_d
  avrt_col
  avrt_col_d
  avrt_ind
  avrt_ind_d
  bage
  baspfin
  baspfin_d
  bbfa_mt
  bbfa_mt_d
  bbfas_ac
  bbfas_ap
  bbfas_ci
  bbfas_co
  bbfas_ea
  bbfas_ee
  bbfas_nv
  bbfas_nv9
  bbfas_nw
  bbfas_oi
  bbfas_oo
  bbfi_a
  bbfi_a6
  bbfi_c
  bbfi_d_scale
  bbfi_e
  bbfi_hp8
  bbfi_n
  bbfi_o
  bbfi_s_scale
  bhrz_col
  bhrz_col_d
  bhrz_ind
  bhrz_ind_d
  bmvi
  busi
  busi_d
  bvrt_col
  bvrt_col_d
  bvrt_ind
  bvrt_ind_d
  cage
  caspfin
  caspfin_d
  cbfa_mt
  cbfa_mt_d
  cbfas_ac
  cbfas_ap
  cbfas_ci
  cbfas_co
  cbfas_ea
  cbfas_ee
  cbfas_nv
  cbfas_nv9
  cbfas_nw
  cbfas_oi
  cbfas_oo
  cbfi_a
  cbfi_a6
  cbfi_c
  cbfi_d_scale
  cbfi_e
  cbfi_hp8
  cbfi_n
  cbfi_o
  cbfi_s_scale
  chrz_col
  chrz_col_d
  chrz_ind
  chrz_ind_d
  cmvi
  cusi
  cusi_d
  cvrt_col
  cvrt_col_d
  cvrt_ind
  cvrt_ind_d
  dage
  daspfin
  daspfin_d
  dbfa_mt
  dbfa_mt_d
  dbfas_ac
  dbfas_ap
  dbfas_ci
  dbfas_co
  dbfas_ea
  dbfas_ee
  dbfas_nv
  dbfas_nv9
  dbfas_nw
  dbfas_oi
  dbfas_oo
  dbfi_a
  dbfi_a6
  dbfi_c
  dbfi_d_scale
  dbfi_e
  dbfi_hp8
  dbfi_n
  dbfi_o
  dbfi_s_scale
  dhrz_col
  dhrz_col_d
  dhrz_ind
  dhrz_ind_d
  dmvi
  dusi
  dusi_d
  dvrt_col
  dvrt_col_d
  dvrt_ind
  dvrt_ind_d;

  USEVARIABLES =
  abfi_o
  bbfi_o
  cbfi_o
  dbfi_o
  abfa_mt_d
  bbfa_mt_d
  cbfa_mt_d
  dbfa_mt_d
  a1
  a2
  a3
  a4
  aagegrp
  ;

  missing = all (-9999);

  tscores = a1 a2 a3 a4;

  grouping = aagegrp (0=d2, 1=d3, 2=d4, 3=d5);

  DEFINE:

  aagegrp = aage;

  cut aagegrp (29 39 49);

  a1 = aage + 0 - 36;
  a2 = aage + 1 - 36;
  a3 = aage + 2 - 36;
  a4 = aage + 3 - 36;

  ANALYSIS:
  TYPE=RANDOM;
  PROCESSORS = 6;
  model=nocovariances; ! supresses default estimation of certain covs in model;

  MODEL:

  i_bfi_o s_bfi_o | abfi_o bbfi_o cbfi_o dbfi_o AT a1 a2 a3 a4;
  i_bfa_mt_d s_bfa_mt_d | abfa_mt_d bbfa_mt_d cbfa_mt_d dbfa_mt_d AT a1 a2 a3 a4;

  ! freeing factor covs because of "nocovariances"
  ! But ensure they are constrained across groups
  s_bfi_o WITH i_bfi_o (p)
  s_bfa_mt_d (q)
  i_bfa_mt_d (r);
  i_bfi_o WITH s_bfa_mt_d (s)
  i_bfa_mt_d (t);
  s_bfa_mt_d WITH i_bfa_mt_d (u);

  !constrain latent growth means across groups
  [i_bfi_o] (v);
  [s_bfi_o] (w);
  [i_bfa_mt_d] (x);
  [s_bfa_mt_d] (y);

  !constrain latent growth variances across groups
  i_bfi_o (l);
  s_bfi_o (m);
  i_bfa_mt_d (n);
  s_bfa_mt_d (o);

  p1 BY abfi_o@1; ! Residual "factors";
  p2 BY bbfi_o@1;
  p3 BY cbfi_o@1;
  p4 BY dbfi_o@1;

  v1 BY abfa_mt_d@1; ! Residual "factors";
  v2 BY bbfa_mt_d@1;
  v3 BY cbfa_mt_d@1;
  v4 BY dbfa_mt_d@1;

  !residual variances on observed/manifest vars set to 0
  abfi_o@0;
  bbfi_o@0;
  cbfi_o@0;
  dbfi_o@0;

  !residual variances on observed/manifest vars set to 0
  abfa_mt_d@0;
  bbfa_mt_d@0;
  cbfa_mt_d@0;
  dbfa_mt_d@0;

  ! means of observed/manifest vars set to 0
  [abfi_o@0];
  [bbfi_o@0];
  [cbfi_o@0];
  [dbfi_o@0];

  ! means of observed/manifest vars set to 0
  [abfa_mt_d@0];
  [bbfa_mt_d@0];
  [cbfa_mt_d@0];
  [dbfa_mt_d@0];

  [p1@0]; ! means of residual "factors" set to 0
  [p2@0];
  [p3@0];
  [p4@0];

  [v1@0]; ! means of residual "factors" set to 0
  [v2@0];
  [v3@0];
  [v4@0];

  p4 on p3 (a); ! Autoregressive paths constrained to equality
  p3 on p2 (a);
  p2 on p1 (a);

  v4 on v3 (b); ! Autoregressive paths constrained to equality
  v3 on v2 (b);
  v2 on v1 (b);

  p4 on v3 (c); ! Cross-lagged paths constrained to equality
  p3 on v2 (c);
  p2 on v1 (c);

  v4 on p3 (d); ! Cross-lagged paths constrained to equality
  v3 on p2 (d);
  v2 on p1 (d);

  p1 with v1; !(this one is not like the others)

  p2 with v2 (e); ! Within-wave correlations constrained to equality
  p3 with v3 (e);
  p4 with v4 (e);

  p2 p3 p4 (f); ! estimate variances of residual "factors"
  v2 v3 v4 (g); ! estimate variances of residual "factors"

  MODEL d2:

  p4 on p3 (a2); ! Autoregressive paths constrained to equality
  p3 on p2 (a2);
  p2 on p1 (a2);

  v4 on v3 (b2); ! Autoregressive paths constrained to equality
  v3 on v2 (b2);
  v2 on v1 (b2);

  p4 on v3 (c2); ! Cross-lagged paths constrained to equality
  p3 on v2 (c2);
  p2 on v1 (c2);

  v4 on p3 (d2); ! Cross-lagged paths constrained to equality
  v3 on p2 (d2);
  v2 on p1 (d2);

  p1 with v1; !(this one is not like the others)

  p2 with v2 (e2); ! Within-wave correlations constrained to equality
  p3 with v3 (e2);
  p4 with v4 (e2);

  p2 p3 p4 (f2); ! estimate variances of residual "factors"
  v2 v3 v4 (g2); ! estimate variances of residual "factors"

  MODEL d3:

  p4 on p3 (a3); ! Autoregressive paths constrained to equality
  p3 on p2 (a3);
  p2 on p1 (a3);

  v4 on v3 (b3); ! Autoregressive paths constrained to equality
  v3 on v2 (b3);
  v2 on v1 (b3);

  p4 on v3 (c3); ! Cross-lagged paths constrained to equality
  p3 on v2 (c3);
  p2 on v1 (c3);

  v4 on p3 (d3); ! Cross-lagged paths constrained to equality
  v3 on p2 (d3);
  v2 on p1 (d3);

  p1 with v1; !(this one is not like the others)

  p2 with v2 (e3); ! Within-wave correlations constrained to equality
  p3 with v3 (e3);
  p4 with v4 (e3);

  p2 p3 p4 (f3); ! estimate variances of residual "factors"
  v2 v3 v4 (g3); ! estimate variances of residual "factors"

  MODEL d4:

  p4 on p3 (a4); ! Autoregressive paths constrained to equality
  p3 on p2 (a4);
  p2 on p1 (a4);

  v4 on v3 (b4); ! Autoregressive paths constrained to equality
  v3 on v2 (b4);
  v2 on v1 (b4);

  p4 on v3 (c4); ! Cross-lagged paths constrained to equality
  p3 on v2 (c4);
  p2 on v1 (c4);

  v4 on p3 (d4); ! Cross-lagged paths constrained to equality
  v3 on p2 (d4);
  v2 on p1 (d4);

  p1 with v1; !(this one is not like the others)

  p2 with v2 (e4); ! Within-wave correlations constrained to equality
  p3 with v3 (e4);
  p4 with v4 (e4);

  p2 p3 p4 (f4); ! estimate variances of residual "factors"
  v2 v3 v4 (g4); ! estimate variances of residual "factors"

  MODEL d5:

  p4 on p3 (a5); ! Autoregressive paths constrained to equality
  p3 on p2 (a5);
  p2 on p1 (a5);

  v4 on v3 (b5); ! Autoregressive paths constrained to equality
  v3 on v2 (b5);
  v2 on v1 (b5);

  p4 on v3 (c5); ! Cross-lagged paths constrained to equality
  p3 on v2 (c5);
  p2 on v1 (c5);

  v4 on p3 (d5); ! Cross-lagged paths constrained to equality
  v3 on p2 (d5);
  v2 on p1 (d5);

  p1 with v1; !(this one is not like the others)

  p2 with v2 (e5); ! Within-wave correlations constrained to equality
  p3 with v3 (e5);
  p4 with v4 (e5);

  p2 p3 p4 (f5); ! estimate variances of residual "factors"
  v2 v3 v4 (g5); ! estimate variances of residual "factors"

  OUTPUT: SAMPSTAT PATTERNS;



*** WARNING in VARIABLE command
  Note that only the first 8 characters of variable names are used in the output.
  Shorten variable names to avoid any confusion.
*** WARNING
  Data set contains unknown or missing values for GROUPING,
  PATTERN, COHORT, CLUSTER and/or STRATIFICATION variables.
  Number of cases with unknown or missing values:  5
   2 WARNING(S) FOUND IN THE INPUT INSTRUCTIONS



PxVx Bivariate LCM-SR - decadegroup - Linear bfi_o with Linear bfa_mt_d;

SUMMARY OF ANALYSIS

Number of groups                                                 4
Number of observations
   Group D2                                                    301
   Group D3                                                    233
   Group D4                                                    198
   Group D5                                                    132
   Total sample size                                           864

Number of dependent variables                                    8
Number of independent variables                                  0
Number of continuous latent variables                           12

Observed dependent variables

  Continuous
   ABFI_O      BBFI_O      CBFI_O      DBFI_O      ABFA_MT_D   BBFA_MT_D
   CBFA_MT_D   DBFA_MT_D

Continuous latent variables
   P1          P2          P3          P4          V1          V2
   V3          V4          I_BFI_O     S_BFI_O     I_BFA_MT    S_BFA_MT

Variables with special functions

  Grouping variable     AAGEGRP

  Time scores
   A1          A2          A3          A4


Estimator                                                      MLR
Information matrix                                        OBSERVED
Maximum number of iterations                                   100
Convergence criterion                                    0.100D-05
Maximum number of EM iterations                                500
Convergence criteria for the EM algorithm
  Loglikelihood change                                   0.100D-02
  Relative loglikelihood change                          0.100D-05
  Derivative                                             0.100D-03
Minimum variance                                         0.100D-03
Maximum number of steepest descent iterations                   20
Maximum number of iterations for H1                           2000
Convergence criterion for H1                             0.100D-03
Optimization algorithm                                         EMA

Input data file(s)
  /home/jflournoy/code_new/lnt_pxvx/Data/lnt_nat_recalc.tsv
Input data format  FREE


SUMMARY OF DATA

   Group D2
     Number of missing data patterns            11

   Group D3
     Number of missing data patterns            11

   Group D4
     Number of missing data patterns            10

   Group D5
     Number of missing data patterns            10


SUMMARY OF MISSING DATA PATTERNS


     MISSING DATA PATTERNS (x = not missing) FOR D2

           1  2  3  4  5  6  7  8  9 10 11
 ABFI_O    x  x  x  x  x  x  x  x  x  x  x
 BBFI_O    x     x  x  x           x     x
 CBFI_O    x           x     x  x  x  x  x
 DBFI_O    x     x        x     x  x  x  x
 ABFA_MT_  x  x  x  x  x  x  x  x     x  x
 BBFA_MT_  x     x  x  x           x
 CBFA_MT_  x           x     x  x  x  x  x
 DBFA_MT_  x     x        x     x  x     x


     MISSING DATA PATTERN FREQUENCIES FOR D2

    Pattern   Frequency     Pattern   Frequency     Pattern   Frequency
          1         188           5          15           9           1
          2          57           6          11          10           1
          3           6           7           4          11           1
          4          12           8           5


     MISSING DATA PATTERNS (x = not missing) FOR D3

           1  2  3  4  5  6  7  8  9 10 11
 ABFI_O    x  x  x  x  x  x  x  x  x  x  x
 BBFI_O    x     x  x  x           x  x
 CBFI_O    x           x     x  x  x  x
 DBFI_O    x     x        x     x  x  x  x
 ABFA_MT_  x  x  x  x  x  x  x  x     x  x
 BBFA_MT_  x     x  x  x           x  x
 CBFA_MT_  x           x     x  x  x  x
 DBFA_MT_  x     x        x     x  x


     MISSING DATA PATTERN FREQUENCIES FOR D3

    Pattern   Frequency     Pattern   Frequency     Pattern   Frequency
          1         139           5           6           9           1
          2          43           6           4          10           1
          3           8           7           7          11           1
          4          16           8           7


     MISSING DATA PATTERNS (x = not missing) FOR D4

           1  2  3  4  5  6  7  8  9 10
 ABFI_O    x  x  x  x  x  x  x  x  x  x
 BBFI_O    x     x  x  x              x
 CBFI_O    x           x     x  x  x  x
 DBFI_O    x     x        x     x  x  x
 ABFA_MT_  x  x  x  x  x  x  x  x  x  x
 BBFA_MT_  x     x  x  x
 CBFA_MT_  x           x     x  x  x  x
 DBFA_MT_  x     x        x     x     x


     MISSING DATA PATTERN FREQUENCIES FOR D4

    Pattern   Frequency     Pattern   Frequency     Pattern   Frequency
          1         105           5          15           9           1
          2          40           6           4          10           1
          3           8           7           5
          4          14           8           5


     MISSING DATA PATTERNS (x = not missing) FOR D5

           1  2  3  4  5  6  7  8  9 10
 ABFI_O    x  x  x  x  x  x  x  x  x
 BBFI_O    x     x  x  x           x
 CBFI_O    x           x     x  x  x
 DBFI_O    x     x        x     x  x  x
 ABFA_MT_  x  x  x  x  x  x  x  x     x
 BBFA_MT_  x     x  x  x           x
 CBFA_MT_  x           x     x  x  x
 DBFA_MT_  x     x        x     x  x  x


     MISSING DATA PATTERN FREQUENCIES FOR D5

    Pattern   Frequency     Pattern   Frequency     Pattern   Frequency
          1          60           5          11           9           1
          2          29           6           5          10           1
          3           5           7           6
          4          10           8           4


COVARIANCE COVERAGE OF DATA

Minimum covariance coverage value   0.100


     PROPORTION OF DATA PRESENT FOR D2


           Covariance Coverage
              ABFI_O        BBFI_O        CBFI_O        DBFI_O        ABFA_MT_
              ________      ________      ________      ________      ________
 ABFI_O         1.000
 BBFI_O         0.741         0.741
 CBFI_O         0.714         0.681         0.714
 DBFI_O         0.708         0.651         0.651         0.708
 ABFA_MT_       0.997         0.738         0.711         0.704         0.997
 BBFA_MT_       0.738         0.738         0.678         0.648         0.734
 CBFA_MT_       0.714         0.681         0.714         0.651         0.711
 DBFA_MT_       0.704         0.651         0.648         0.704         0.701


           Covariance Coverage
              BBFA_MT_      CBFA_MT_      DBFA_MT_
              ________      ________      ________
 BBFA_MT_       0.738
 CBFA_MT_       0.678         0.714
 DBFA_MT_       0.648         0.648         0.704


     PROPORTION OF DATA PRESENT FOR D3


           Covariance Coverage
              ABFI_O        BBFI_O        CBFI_O        DBFI_O        ABFA_MT_
              ________      ________      ________      ________      ________
 ABFI_O         1.000
 BBFI_O         0.734         0.734
 CBFI_O         0.695         0.631         0.695
 DBFI_O         0.691         0.639         0.639         0.691
 ABFA_MT_       0.996         0.730         0.691         0.687         0.996
 BBFA_MT_       0.730         0.730         0.627         0.635         0.725
 CBFA_MT_       0.695         0.631         0.695         0.639         0.691
 DBFA_MT_       0.687         0.639         0.635         0.687         0.682


           Covariance Coverage
              BBFA_MT_      CBFA_MT_      DBFA_MT_
              ________      ________      ________
 BBFA_MT_       0.730
 CBFA_MT_       0.627         0.695
 DBFA_MT_       0.635         0.635         0.687


     PROPORTION OF DATA PRESENT FOR D4


           Covariance Coverage
              ABFI_O        BBFI_O        CBFI_O        DBFI_O        ABFA_MT_
              ________      ________      ________      ________      ________
 ABFI_O         1.000
 BBFI_O         0.722         0.722
 CBFI_O         0.667         0.611         0.667
 DBFI_O         0.626         0.576         0.566         0.626
 ABFA_MT_       0.995         0.717         0.662         0.621         0.995
 BBFA_MT_       0.722         0.722         0.611         0.576         0.717
 CBFA_MT_       0.667         0.611         0.667         0.566         0.662
 DBFA_MT_       0.621         0.576         0.561         0.621         0.616


           Covariance Coverage
              BBFA_MT_      CBFA_MT_      DBFA_MT_
              ________      ________      ________
 BBFA_MT_       0.722
 CBFA_MT_       0.611         0.667
 DBFA_MT_       0.576         0.561         0.621


     PROPORTION OF DATA PRESENT FOR D5


           Covariance Coverage
              ABFI_O        BBFI_O        CBFI_O        DBFI_O        ABFA_MT_
              ________      ________      ________      ________      ________
 ABFI_O         1.000
 BBFI_O         0.659         0.659
 CBFI_O         0.629         0.545         0.629
 DBFI_O         0.576         0.500         0.500         0.576
 ABFA_MT_       0.992         0.652         0.621         0.568         0.992
 BBFA_MT_       0.659         0.659         0.545         0.500         0.652
 CBFA_MT_       0.629         0.545         0.629         0.500         0.621
 DBFA_MT_       0.568         0.500         0.492         0.568         0.561


           Covariance Coverage
              BBFA_MT_      CBFA_MT_      DBFA_MT_
              ________      ________      ________
 BBFA_MT_       0.659
 CBFA_MT_       0.545         0.629
 DBFA_MT_       0.500         0.492         0.568


SAMPLE STATISTICS


     ESTIMATED SAMPLE STATISTICS FOR D2


           Means
              ABFI_O        BBFI_O        CBFI_O        DBFI_O        ABFA_MT_
              ________      ________      ________      ________      ________
               74.525        74.105        72.915        72.049        42.121


           Means
              BBFA_MT_      CBFA_MT_      DBFA_MT_
              ________      ________      ________
               42.232        43.233        40.177


           Covariances
              ABFI_O        BBFI_O        CBFI_O        DBFI_O        ABFA_MT_
              ________      ________      ________      ________      ________
 ABFI_O       225.158
 BBFI_O       179.369       219.665
 CBFI_O       191.752       181.916       249.476
 DBFI_O       169.223       173.660       207.991       250.123
 ABFA_MT_     -78.770       -72.349       -62.584       -94.196       479.964
 BBFA_MT_     -49.891       -52.297       -50.228       -59.211       305.770
 CBFA_MT_     -50.648       -46.279       -56.789       -70.248       304.337
 DBFA_MT_     -44.956       -41.703       -45.170       -60.661       285.183


           Covariances
              BBFA_MT_      CBFA_MT_      DBFA_MT_
              ________      ________      ________
 BBFA_MT_     504.947
 CBFA_MT_     373.063       515.386
 DBFA_MT_     363.258       404.071       543.872


           Correlations
              ABFI_O        BBFI_O        CBFI_O        DBFI_O        ABFA_MT_
              ________      ________      ________      ________      ________
 ABFI_O         1.000
 BBFI_O         0.807         1.000
 CBFI_O         0.809         0.777         1.000
 DBFI_O         0.713         0.741         0.833         1.000
 ABFA_MT_      -0.240        -0.223        -0.181        -0.272         1.000
 BBFA_MT_      -0.148        -0.157        -0.142        -0.167         0.621
 CBFA_MT_      -0.149        -0.138        -0.158        -0.196         0.612
 DBFA_MT_      -0.128        -0.121        -0.123        -0.164         0.558


           Correlations
              BBFA_MT_      CBFA_MT_      DBFA_MT_
              ________      ________      ________
 BBFA_MT_       1.000
 CBFA_MT_       0.731         1.000
 DBFA_MT_       0.693         0.763         1.000


     ESTIMATED SAMPLE STATISTICS FOR D3


           Means
              ABFI_O        BBFI_O        CBFI_O        DBFI_O        ABFA_MT_
              ________      ________      ________      ________      ________
               75.123        73.809        72.992        73.026        40.622


           Means
              BBFA_MT_      CBFA_MT_      DBFA_MT_
              ________      ________      ________
               38.900        38.929        41.202


           Covariances
              ABFI_O        BBFI_O        CBFI_O        DBFI_O        ABFA_MT_
              ________      ________      ________      ________      ________
 ABFI_O       202.548
 BBFI_O       164.675       209.592
 CBFI_O       164.248       179.094       238.200
 DBFI_O       155.952       167.607       184.220       213.379
 ABFA_MT_     -66.109       -72.433       -73.714       -74.280       444.748
 BBFA_MT_     -63.284       -78.266       -82.004       -94.045       311.831
 CBFA_MT_     -71.071       -74.250       -85.448       -83.177       315.973
 DBFA_MT_     -40.619       -49.864       -39.182       -54.423       262.268


           Covariances
              BBFA_MT_      CBFA_MT_      DBFA_MT_
              ________      ________      ________
 BBFA_MT_     450.209
 CBFA_MT_     343.838       470.984
 DBFA_MT_     324.872       308.792       415.163


           Correlations
              ABFI_O        BBFI_O        CBFI_O        DBFI_O        ABFA_MT_
              ________      ________      ________      ________      ________
 ABFI_O         1.000
 BBFI_O         0.799         1.000
 CBFI_O         0.748         0.802         1.000
 DBFI_O         0.750         0.793         0.817         1.000
 ABFA_MT_      -0.220        -0.237        -0.226        -0.241         1.000
 BBFA_MT_      -0.210        -0.255        -0.250        -0.303         0.697
 CBFA_MT_      -0.230        -0.236        -0.255        -0.262         0.690
 DBFA_MT_      -0.140        -0.169        -0.125        -0.183         0.610


           Correlations
              BBFA_MT_      CBFA_MT_      DBFA_MT_
              ________      ________      ________
 BBFA_MT_       1.000
 CBFA_MT_       0.747         1.000
 DBFA_MT_       0.751         0.698         1.000


     ESTIMATED SAMPLE STATISTICS FOR D4


           Means
              ABFI_O        BBFI_O        CBFI_O        DBFI_O        ABFA_MT_
              ________      ________      ________      ________      ________
               73.194        72.479        71.098        73.320        36.258


           Means
              BBFA_MT_      CBFA_MT_      DBFA_MT_
              ________      ________      ________
               38.047        37.065        37.928


           Covariances
              ABFI_O        BBFI_O        CBFI_O        DBFI_O        ABFA_MT_
              ________      ________      ________      ________      ________
 ABFI_O       222.470
 BBFI_O       199.803       248.650
 CBFI_O       214.179       227.611       277.534
 DBFI_O       202.364       210.491       230.652       255.685
 ABFA_MT_     -28.281       -19.038       -18.994       -18.035       427.708
 BBFA_MT_     -33.763       -10.972       -26.923       -38.330       284.606
 CBFA_MT_     -45.594       -31.270       -29.677       -43.864       297.691
 DBFA_MT_     -50.401       -28.824       -45.978       -52.601       265.691


           Covariances
              BBFA_MT_      CBFA_MT_      DBFA_MT_
              ________      ________      ________
 BBFA_MT_     408.477
 CBFA_MT_     296.233       421.264
 DBFA_MT_     259.247       236.146       382.262


           Correlations
              ABFI_O        BBFI_O        CBFI_O        DBFI_O        ABFA_MT_
              ________      ________      ________      ________      ________
 ABFI_O         1.000
 BBFI_O         0.850         1.000
 CBFI_O         0.862         0.866         1.000
 DBFI_O         0.848         0.835         0.866         1.000
 ABFA_MT_      -0.092        -0.058        -0.055        -0.055         1.000
 BBFA_MT_      -0.112        -0.034        -0.080        -0.119         0.681
 CBFA_MT_      -0.149        -0.097        -0.087        -0.134         0.701
 DBFA_MT_      -0.173        -0.093        -0.141        -0.168         0.657


           Correlations
              BBFA_MT_      CBFA_MT_      DBFA_MT_
              ________      ________      ________
 BBFA_MT_       1.000
 CBFA_MT_       0.714         1.000
 DBFA_MT_       0.656         0.588         1.000


     ESTIMATED SAMPLE STATISTICS FOR D5


           Means
              ABFI_O        BBFI_O        CBFI_O        DBFI_O        ABFA_MT_
              ________      ________      ________      ________      ________
               74.360        74.351        72.209        71.124        34.675


           Means
              BBFA_MT_      CBFA_MT_      DBFA_MT_
              ________      ________      ________
               34.862        36.582        34.953


           Covariances
              ABFI_O        BBFI_O        CBFI_O        DBFI_O        ABFA_MT_
              ________      ________      ________      ________      ________
 ABFI_O       254.158
 BBFI_O       211.761       234.603
 CBFI_O       222.344       220.814       284.904
 DBFI_O       248.164       236.852       267.254       309.473
 ABFA_MT_     -41.974       -26.960       -52.080       -37.444       407.201
 BBFA_MT_     -36.054       -36.350       -50.483       -49.354       315.893
 CBFA_MT_     -22.349        -6.808       -34.505       -16.777       311.098
 DBFA_MT_     -18.435        -5.698       -23.175       -10.515       336.612


           Covariances
              BBFA_MT_      CBFA_MT_      DBFA_MT_
              ________      ________      ________
 BBFA_MT_     463.225
 CBFA_MT_     343.625       483.365
 DBFA_MT_     334.373       345.871       524.626


           Correlations
              ABFI_O        BBFI_O        CBFI_O        DBFI_O        ABFA_MT_
              ________      ________      ________      ________      ________
 ABFI_O         1.000
 BBFI_O         0.867         1.000
 CBFI_O         0.826         0.854         1.000
 DBFI_O         0.885         0.879         0.900         1.000
 ABFA_MT_      -0.130        -0.087        -0.153        -0.105         1.000
 BBFA_MT_      -0.105        -0.110        -0.139        -0.130         0.727
 CBFA_MT_      -0.064        -0.020        -0.093        -0.043         0.701
 DBFA_MT_      -0.050        -0.016        -0.060        -0.026         0.728


           Correlations
              BBFA_MT_      CBFA_MT_      DBFA_MT_
              ________      ________      ________
 BBFA_MT_       1.000
 CBFA_MT_       0.726         1.000
 DBFA_MT_       0.678         0.687         1.000


     MAXIMUM LOG-LIKELIHOOD VALUE FOR THE UNRESTRICTED (H1) MODEL IS -20972.165


UNIVARIATE SAMPLE STATISTICS


     UNIVARIATE HIGHER-ORDER MOMENT DESCRIPTIVE STATISTICS FOR D2

         Variable/         Mean/     Skewness/   Minimum/ % with                Percentiles
        Sample Size      Variance    Kurtosis    Maximum  Min/Max      20%/60%    40%/80%    Median

     ABFI_O               74.525      -0.610      30.000    0.33%      62.500     72.500     75.000
             301.000     225.158      -0.073     100.000    1.66%      80.000     87.500
     BBFI_O               74.096      -0.620      22.500    0.45%      62.500     72.500     75.000
             223.000     212.981       0.140     100.000    2.24%      80.000     87.500
     CBFI_O               73.111      -0.519      35.000    1.86%      60.000     70.000     75.000
             215.000     243.143      -0.442     100.000    0.47%      80.000     87.500
     DBFI_O               72.666      -0.512      22.500    0.47%      60.000     70.000     75.000
             213.000     240.244      -0.215     100.000    1.41%      77.500     85.000
     ABFA_MT_D            42.153       0.202       0.000    2.00%      18.750     33.333     43.750
             300.000     480.435      -0.684     100.000    0.67%      50.000     62.500
     BBFA_MT_D            42.089       0.238       0.000    2.70%      18.750     33.333     43.750
             222.000     507.380      -0.561     100.000    0.90%      50.000     62.500
     CBFA_MT_D            42.810       0.239       0.000    4.19%      25.000     37.500     43.750
             215.000     525.663      -0.333     100.000    1.86%      50.000     62.500
     DBFA_MT_D            40.389       0.334       0.000    6.60%      18.750     31.250     37.500
             212.000     558.428      -0.411     100.000    1.42%      43.750     62.500


     UNIVARIATE HIGHER-ORDER MOMENT DESCRIPTIVE STATISTICS FOR D3

         Variable/         Mean/     Skewness/   Minimum/ % with                Percentiles
        Sample Size      Variance    Kurtosis    Maximum  Min/Max      20%/60%    40%/80%    Median

     ABFI_O               75.123      -0.393      27.500    0.86%      62.500     70.000     75.000
             233.000     202.548      -0.091     100.000    2.58%      80.000     87.500
     BBFI_O               73.894      -0.282      37.500    2.92%      60.000     70.000     75.000
             171.000     201.247      -0.423     100.000    0.58%      77.500     87.500
     CBFI_O               72.492      -0.452      30.000    0.62%      60.000     70.000     72.500
             161.000     232.735      -0.127     100.000    0.62%      77.500     87.500
     DBFI_O               72.900      -0.636      30.000    0.62%      62.500     70.000     75.000
             161.000     214.516       0.031      97.500    1.24%      77.500     85.000
     ABFA_MT_D            40.706       0.337       0.000    3.02%      25.000     31.250     37.500
             232.000     444.161      -0.106     100.000    1.29%      43.750     56.250
     BBFA_MT_D            39.693       0.240       0.000    4.09%      18.750     31.250     37.500
             171.000     458.052      -0.485     100.000    0.58%      50.000     56.250
     CBFA_MT_D            39.648       0.275       0.000    3.11%      25.000     31.250     37.500
             161.000     445.319      -0.356     100.000    0.62%      43.750     56.250
     DBFA_MT_D            41.903       0.025       0.000    3.77%      25.000     37.500     43.750
             159.000     416.939      -0.348     100.000    0.63%      50.000     56.250


     UNIVARIATE HIGHER-ORDER MOMENT DESCRIPTIVE STATISTICS FOR D4

         Variable/         Mean/     Skewness/   Minimum/ % with                Percentiles
        Sample Size      Variance    Kurtosis    Maximum  Min/Max      20%/60%    40%/80%    Median

     ABFI_O               73.194      -0.276      35.000    0.51%      60.000     70.000     73.750
             198.000     222.470      -0.617     100.000    1.01%      77.500     87.500
     BBFI_O               73.364      -0.392      32.500    0.70%      60.000     70.000     75.000
             143.000     255.207      -0.580     100.000    0.70%      80.000     90.000
     CBFI_O               72.367      -0.451      27.500    0.76%      60.000     70.000     75.000
             132.000     280.049      -0.333     100.000    3.03%      77.500     87.500
     DBFI_O               73.936      -0.698      30.000    0.81%      60.000     70.000     75.000
             124.000     274.369      -0.176      97.500    4.84%      80.000     90.000
     ABFA_MT_D            36.258       0.329       0.000    4.04%      18.750     25.000     37.500
             198.000     427.708      -0.254     100.000    0.51%      43.750     56.250
     BBFA_MT_D            37.837       0.273       0.000    2.82%      18.750     31.250     37.500
             142.000     407.964      -0.402      93.750    0.70%      43.750     56.250
     CBFA_MT_D            38.305       0.318       0.000    3.79%      18.750     31.250     37.500
             132.000     424.009      -0.414      93.750    0.76%      43.750     56.250
     DBFA_MT_D            38.770       0.256       0.000    2.44%      18.750     31.250     37.500
             123.000     377.896      -0.440      87.500    0.81%      43.750     56.250


     UNIVARIATE HIGHER-ORDER MOMENT DESCRIPTIVE STATISTICS FOR D5

         Variable/         Mean/     Skewness/   Minimum/ % with                Percentiles
        Sample Size      Variance    Kurtosis    Maximum  Min/Max      20%/60%    40%/80%    Median

     ABFI_O               74.470      -0.319      30.000    0.76%      60.000     70.000     75.000
             131.000     254.085      -0.473     100.000    5.34%      80.556     87.500
     BBFI_O               74.638      -0.522      30.556    1.15%      62.500     70.000     75.000
              87.000     233.340       0.054     100.000    2.30%      80.000     87.500
     CBFI_O               72.652      -0.822      12.500    1.22%      60.000     70.000     75.000
              82.000     284.657       1.122     100.000    2.44%      77.500     87.500
     DBFI_O               74.112      -0.762      15.000    1.32%      57.500     72.500     76.250
              76.000     293.043       0.548     100.000    1.32%      82.500     90.000
     ABFA_MT_D            34.749       0.411       0.000    5.34%      18.750     25.000     31.250
             131.000     408.534      -0.283      87.500    0.76%      37.500     50.000
     BBFA_MT_D            34.363       0.133       0.000   10.34%      18.750     25.000     31.250
              87.000     420.146      -0.555      87.500    1.15%      37.500     50.000
     CBFA_MT_D            35.976       0.023       0.000    8.54%      12.500     31.250     37.500
              82.000     464.521      -0.868      81.250    1.22%      37.500     56.250
     DBFA_MT_D            35.033       0.531       0.000    7.89%      18.750     25.000     37.500
              76.000     463.691       0.070      93.750    1.32%      37.500     50.000


THE MODEL ESTIMATION TERMINATED NORMALLY



MODEL FIT INFORMATION

Number of Free Parameters                       54

Loglikelihood

          H0 Value                      -21058.721
          H0 Scaling Correction Factor      1.2119
            for MLR

Information Criteria

          Akaike (AIC)                   42225.443
          Bayesian (BIC)                 42482.568
          Sample-Size Adjusted BIC       42311.078
            (n* = (n + 2) / 24)



MODEL RESULTS

                                                    Two-Tailed
                    Estimate       S.E.  Est./S.E.    P-Value

Group D2

 P1       BY
    ABFI_O             1.000      0.000    999.000    999.000

 P2       BY
    BBFI_O             1.000      0.000    999.000    999.000

 P3       BY
    CBFI_O             1.000      0.000    999.000    999.000

 P4       BY
    DBFI_O             1.000      0.000    999.000    999.000

 V1       BY
    ABFA_MT_D          1.000      0.000    999.000    999.000

 V2       BY
    BBFA_MT_D          1.000      0.000    999.000    999.000

 V3       BY
    CBFA_MT_D          1.000      0.000    999.000    999.000

 V4       BY
    DBFA_MT_D          1.000      0.000    999.000    999.000

 P4         ON
    P3                 0.332      0.121      2.736      0.006
    V3                -0.004      0.044     -0.089      0.929

 P3         ON
    P2                 0.332      0.121      2.736      0.006
    V2                -0.004      0.044     -0.089      0.929

 P2         ON
    P1                 0.332      0.121      2.736      0.006
    V1                -0.004      0.044     -0.089      0.929

 V4         ON
    V3                 0.177      0.121      1.463      0.143
    P3                 0.159      0.186      0.852      0.394

 V3         ON
    V2                 0.177      0.121      1.463      0.143
    P2                 0.159      0.186      0.852      0.394

 V2         ON
    V1                 0.177      0.121      1.463      0.143
    P1                 0.159      0.186      0.852      0.394

 S_BFI_O  WITH
    I_BFI_O            1.107      0.574      1.927      0.054
    S_BFA_MT_D         0.001      0.093      0.011      0.991
    I_BFA_MT_D        -0.902      2.110     -0.428      0.669

 I_BFI_O  WITH
    S_BFA_MT_D         2.063      2.205      0.936      0.349
    I_BFA_MT_D       -54.551     13.436     -4.060      0.000

 S_BFA_MT WITH
    I_BFA_MT_D        -0.260      1.066     -0.243      0.808

 P1       WITH
    V1               -13.795     11.280     -1.223      0.221

 P2       WITH
    V2                 0.576      8.913      0.065      0.948

 P3       WITH
    V3                 0.576      8.913      0.065      0.948

 P4       WITH
    V4                 0.576      8.913      0.065      0.948

 Means
    P1                 0.000      0.000    999.000    999.000
    V1                 0.000      0.000    999.000    999.000
    I_BFI_O           73.597      0.496    148.263      0.000
    S_BFI_O           -0.103      0.046     -2.237      0.025
    I_BFA_MT_D        39.394      0.669     58.922      0.000
    S_BFA_MT_D        -0.185      0.062     -2.998      0.003

 Intercepts
    ABFI_O             0.000      0.000    999.000    999.000
    BBFI_O             0.000      0.000    999.000    999.000
    CBFI_O             0.000      0.000    999.000    999.000
    DBFI_O             0.000      0.000    999.000    999.000
    ABFA_MT_D          0.000      0.000    999.000    999.000
    BBFA_MT_D          0.000      0.000    999.000    999.000
    CBFA_MT_D          0.000      0.000    999.000    999.000
    DBFA_MT_D          0.000      0.000    999.000    999.000
    P2                 0.000      0.000    999.000    999.000
    P3                 0.000      0.000    999.000    999.000
    P4                 0.000      0.000    999.000    999.000
    V2                 0.000      0.000    999.000    999.000
    V3                 0.000      0.000    999.000    999.000
    V4                 0.000      0.000    999.000    999.000

 Variances
    P1                58.664     11.531      5.088      0.000
    V1               226.450     26.141      8.663      0.000
    I_BFI_O          172.904     12.711     13.603      0.000
    S_BFI_O            0.078      0.107      0.735      0.462
    I_BFA_MT_D       291.305     23.998     12.139      0.000
    S_BFA_MT_D         0.136      0.171      0.799      0.424

 Residual Variances
    ABFI_O             0.000      0.000    999.000    999.000
    BBFI_O             0.000      0.000    999.000    999.000
    CBFI_O             0.000      0.000    999.000    999.000
    DBFI_O             0.000      0.000    999.000    999.000
    ABFA_MT_D          0.000      0.000    999.000    999.000
    BBFA_MT_D          0.000      0.000    999.000    999.000
    CBFA_MT_D          0.000      0.000    999.000    999.000
    DBFA_MT_D          0.000      0.000    999.000    999.000
    P2                63.038      6.883      9.158      0.000
    P3                63.038      6.883      9.158      0.000
    P4                63.038      6.883      9.158      0.000
    V2               172.043     25.447      6.761      0.000
    V3               172.043     25.447      6.761      0.000
    V4               172.043     25.447      6.761      0.000

Group D3

 P1       BY
    ABFI_O             1.000      0.000    999.000    999.000

 P2       BY
    BBFI_O             1.000      0.000    999.000    999.000

 P3       BY
    CBFI_O             1.000      0.000    999.000    999.000

 P4       BY
    DBFI_O             1.000      0.000    999.000    999.000

 V1       BY
    ABFA_MT_D          1.000      0.000    999.000    999.000

 V2       BY
    BBFA_MT_D          1.000      0.000    999.000    999.000

 V3       BY
    CBFA_MT_D          1.000      0.000    999.000    999.000

 V4       BY
    DBFA_MT_D          1.000      0.000    999.000    999.000

 P4         ON
    P3                 0.177      0.096      1.851      0.064
    V3                 0.010      0.047      0.215      0.830

 P3         ON
    P2                 0.177      0.096      1.851      0.064
    V2                 0.010      0.047      0.215      0.830

 P2         ON
    P1                 0.177      0.096      1.851      0.064
    V1                 0.010      0.047      0.215      0.830

 V4         ON
    V3                 0.003      0.083      0.033      0.974
    P3                 0.150      0.114      1.317      0.188

 V3         ON
    V2                 0.003      0.083      0.033      0.974
    P2                 0.150      0.114      1.317      0.188

 V2         ON
    V1                 0.003      0.083      0.033      0.974
    P1                 0.150      0.114      1.317      0.188

 S_BFI_O  WITH
    I_BFI_O            1.107      0.574      1.927      0.054
    S_BFA_MT_D         0.001      0.093      0.011      0.991
    I_BFA_MT_D        -0.902      2.110     -0.428      0.669

 I_BFI_O  WITH
    S_BFA_MT_D         2.063      2.205      0.936      0.349
    I_BFA_MT_D       -54.551     13.436     -4.060      0.000

 S_BFA_MT WITH
    I_BFA_MT_D        -0.260      1.066     -0.243      0.808

 P1       WITH
    V1                -2.462      9.062     -0.272      0.786

 P2       WITH
    V2                -1.337      5.858     -0.228      0.819

 P3       WITH
    V3                -1.337      5.858     -0.228      0.819

 P4       WITH
    V4                -1.337      5.858     -0.228      0.819

 Means
    P1                 0.000      0.000    999.000    999.000
    V1                 0.000      0.000    999.000    999.000
    I_BFI_O           73.597      0.496    148.263      0.000
    S_BFI_O           -0.103      0.046     -2.237      0.025
    I_BFA_MT_D        39.394      0.669     58.922      0.000
    S_BFA_MT_D        -0.185      0.062     -2.998      0.003

 Intercepts
    ABFI_O             0.000      0.000    999.000    999.000
    BBFI_O             0.000      0.000    999.000    999.000
    CBFI_O             0.000      0.000    999.000    999.000
    DBFI_O             0.000      0.000    999.000    999.000
    ABFA_MT_D          0.000      0.000    999.000    999.000
    BBFA_MT_D          0.000      0.000    999.000    999.000
    CBFA_MT_D          0.000      0.000    999.000    999.000
    DBFA_MT_D          0.000      0.000    999.000    999.000
    P2                 0.000      0.000    999.000    999.000
    P3                 0.000      0.000    999.000    999.000
    P4                 0.000      0.000    999.000    999.000
    V2                 0.000      0.000    999.000    999.000
    V3                 0.000      0.000    999.000    999.000
    V4                 0.000      0.000    999.000    999.000

 Variances
    P1                56.007      8.085      6.927      0.000
    V1               166.765     23.865      6.988      0.000
    I_BFI_O          172.904     12.711     13.603      0.000
    S_BFI_O            0.078      0.107      0.735      0.462
    I_BFA_MT_D       291.305     23.998     12.139      0.000
    S_BFA_MT_D         0.136      0.171      0.799      0.424

 Residual Variances
    ABFI_O             0.000      0.000    999.000    999.000
    BBFI_O             0.000      0.000    999.000    999.000
    CBFI_O             0.000      0.000    999.000    999.000
    DBFI_O             0.000      0.000    999.000    999.000
    ABFA_MT_D          0.000      0.000    999.000    999.000
    BBFA_MT_D          0.000      0.000    999.000    999.000
    CBFA_MT_D          0.000      0.000    999.000    999.000
    DBFA_MT_D          0.000      0.000    999.000    999.000
    P2                49.296      6.135      8.035      0.000
    P3                49.296      6.135      8.035      0.000
    P4                49.296      6.135      8.035      0.000
    V2               122.350     11.818     10.353      0.000
    V3               122.350     11.818     10.353      0.000
    V4               122.350     11.818     10.353      0.000

Group D4

 P1       BY
    ABFI_O             1.000      0.000    999.000    999.000

 P2       BY
    BBFI_O             1.000      0.000    999.000    999.000

 P3       BY
    CBFI_O             1.000      0.000    999.000    999.000

 P4       BY
    DBFI_O             1.000      0.000    999.000    999.000

 V1       BY
    ABFA_MT_D          1.000      0.000    999.000    999.000

 V2       BY
    BBFA_MT_D          1.000      0.000    999.000    999.000

 V3       BY
    CBFA_MT_D          1.000      0.000    999.000    999.000

 V4       BY
    DBFA_MT_D          1.000      0.000    999.000    999.000

 P4         ON
    P3                 0.128      0.145      0.882      0.378
    V3                -0.047      0.050     -0.923      0.356

 P3         ON
    P2                 0.128      0.145      0.882      0.378
    V2                -0.047      0.050     -0.923      0.356

 P2         ON
    P1                 0.128      0.145      0.882      0.378
    V1                -0.047      0.050     -0.923      0.356

 V4         ON
    V3                -0.054      0.096     -0.558      0.577
    P3                -0.087      0.143     -0.607      0.544

 V3         ON
    V2                -0.054      0.096     -0.558      0.577
    P2                -0.087      0.143     -0.607      0.544

 V2         ON
    V1                -0.054      0.096     -0.558      0.577
    P1                -0.087      0.143     -0.607      0.544

 S_BFI_O  WITH
    I_BFI_O            1.107      0.574      1.927      0.054
    S_BFA_MT_D         0.001      0.093      0.011      0.991
    I_BFA_MT_D        -0.902      2.110     -0.428      0.669

 I_BFI_O  WITH
    S_BFA_MT_D         2.063      2.205      0.936      0.349
    I_BFA_MT_D       -54.551     13.436     -4.060      0.000

 S_BFA_MT WITH
    I_BFA_MT_D        -0.260      1.066     -0.243      0.808

 P1       WITH
    V1                -3.680      6.855     -0.537      0.591

 P2       WITH
    V2                 2.963      6.435      0.461      0.645

 P3       WITH
    V3                 2.963      6.435      0.461      0.645

 P4       WITH
    V4                 2.963      6.435      0.461      0.645

 Means
    P1                 0.000      0.000    999.000    999.000
    V1                 0.000      0.000    999.000    999.000
    I_BFI_O           73.597      0.496    148.263      0.000
    S_BFI_O           -0.103      0.046     -2.237      0.025
    I_BFA_MT_D        39.394      0.669     58.922      0.000
    S_BFA_MT_D        -0.185      0.062     -2.998      0.003

 Intercepts
    ABFI_O             0.000      0.000    999.000    999.000
    BBFI_O             0.000      0.000    999.000    999.000
    CBFI_O             0.000      0.000    999.000    999.000
    DBFI_O             0.000      0.000    999.000    999.000
    ABFA_MT_D          0.000      0.000    999.000    999.000
    BBFA_MT_D          0.000      0.000    999.000    999.000
    CBFA_MT_D          0.000      0.000    999.000    999.000
    DBFA_MT_D          0.000      0.000    999.000    999.000
    P2                 0.000      0.000    999.000    999.000
    P3                 0.000      0.000    999.000    999.000
    P4                 0.000      0.000    999.000    999.000
    V2                 0.000      0.000    999.000    999.000
    V3                 0.000      0.000    999.000    999.000
    V4                 0.000      0.000    999.000    999.000

 Variances
    P1                31.478      6.260      5.029      0.000
    V1               138.496     22.316      6.206      0.000
    I_BFI_O          172.904     12.711     13.603      0.000
    S_BFI_O            0.078      0.107      0.735      0.462
    I_BFA_MT_D       291.305     23.998     12.139      0.000
    S_BFA_MT_D         0.136      0.171      0.799      0.424

 Residual Variances
    ABFI_O             0.000      0.000    999.000    999.000
    BBFI_O             0.000      0.000    999.000    999.000
    CBFI_O             0.000      0.000    999.000    999.000
    DBFI_O             0.000      0.000    999.000    999.000
    ABFA_MT_D          0.000      0.000    999.000    999.000
    BBFA_MT_D          0.000      0.000    999.000    999.000
    CBFA_MT_D          0.000      0.000    999.000    999.000
    DBFA_MT_D          0.000      0.000    999.000    999.000
    P2                43.010      7.207      5.968      0.000
    P3                43.010      7.207      5.968      0.000
    P4                43.010      7.207      5.968      0.000
    V2               131.511     21.218      6.198      0.000
    V3               131.511     21.218      6.198      0.000
    V4               131.511     21.218      6.198      0.000

Group D5

 P1       BY
    ABFI_O             1.000      0.000    999.000    999.000

 P2       BY
    BBFI_O             1.000      0.000    999.000    999.000

 P3       BY
    CBFI_O             1.000      0.000    999.000    999.000

 P4       BY
    DBFI_O             1.000      0.000    999.000    999.000

 V1       BY
    ABFA_MT_D          1.000      0.000    999.000    999.000

 V2       BY
    BBFA_MT_D          1.000      0.000    999.000    999.000

 V3       BY
    CBFA_MT_D          1.000      0.000    999.000    999.000

 V4       BY
    DBFA_MT_D          1.000      0.000    999.000    999.000

 P4         ON
    P3                 0.247      0.130      1.898      0.058
    V3                 0.057      0.055      1.034      0.301

 P3         ON
    P2                 0.247      0.130      1.898      0.058
    V2                 0.057      0.055      1.034      0.301

 P2         ON
    P1                 0.247      0.130      1.898      0.058
    V1                 0.057      0.055      1.034      0.301

 V4         ON
    V3                 0.147      0.139      1.060      0.289
    P3                 0.279      0.182      1.535      0.125

 V3         ON
    V2                 0.147      0.139      1.060      0.289
    P2                 0.279      0.182      1.535      0.125

 V2         ON
    V1                 0.147      0.139      1.060      0.289
    P1                 0.279      0.182      1.535      0.125

 S_BFI_O  WITH
    I_BFI_O            1.107      0.574      1.927      0.054
    S_BFA_MT_D         0.001      0.093      0.011      0.991
    I_BFA_MT_D        -0.902      2.110     -0.428      0.669

 I_BFI_O  WITH
    S_BFA_MT_D         2.063      2.205      0.936      0.349
    I_BFA_MT_D       -54.551     13.436     -4.060      0.000

 S_BFA_MT WITH
    I_BFA_MT_D        -0.260      1.066     -0.243      0.808

 P1       WITH
    V1                -7.148     12.081     -0.592      0.554

 P2       WITH
    V2                 2.540      7.022      0.362      0.718

 P3       WITH
    V3                 2.540      7.022      0.362      0.718

 P4       WITH
    V4                 2.540      7.022      0.362      0.718

 Means
    P1                 0.000      0.000    999.000    999.000
    V1                 0.000      0.000    999.000    999.000
    I_BFI_O           73.597      0.496    148.263      0.000
    S_BFI_O           -0.103      0.046     -2.237      0.025
    I_BFA_MT_D        39.394      0.669     58.922      0.000
    S_BFA_MT_D        -0.185      0.062     -2.998      0.003

 Intercepts
    ABFI_O             0.000      0.000    999.000    999.000
    BBFI_O             0.000      0.000    999.000    999.000
    CBFI_O             0.000      0.000    999.000    999.000
    DBFI_O             0.000      0.000    999.000    999.000
    ABFA_MT_D          0.000      0.000    999.000    999.000
    BBFA_MT_D          0.000      0.000    999.000    999.000
    CBFA_MT_D          0.000      0.000    999.000    999.000
    DBFA_MT_D          0.000      0.000    999.000    999.000
    P2                 0.000      0.000    999.000    999.000
    P3                 0.000      0.000    999.000    999.000
    P4                 0.000      0.000    999.000    999.000
    V2                 0.000      0.000    999.000    999.000
    V3                 0.000      0.000    999.000    999.000
    V4                 0.000      0.000    999.000    999.000

 Variances
    P1                44.713     13.544      3.301      0.001
    V1                95.718     27.246      3.513      0.000
    I_BFI_O          172.904     12.711     13.603      0.000
    S_BFI_O            0.078      0.107      0.735      0.462
    I_BFA_MT_D       291.305     23.998     12.139      0.000
    S_BFA_MT_D         0.136      0.171      0.799      0.424

 Residual Variances
    ABFI_O             0.000      0.000    999.000    999.000
    BBFI_O             0.000      0.000    999.000    999.000
    CBFI_O             0.000      0.000    999.000    999.000
    DBFI_O             0.000      0.000    999.000    999.000
    ABFA_MT_D          0.000      0.000    999.000    999.000
    BBFA_MT_D          0.000      0.000    999.000    999.000
    CBFA_MT_D          0.000      0.000    999.000    999.000
    DBFA_MT_D          0.000      0.000    999.000    999.000
    P2                41.862      8.032      5.212      0.000
    P3                41.862      8.032      5.212      0.000
    P4                41.862      8.032      5.212      0.000
    V2               162.839     22.910      7.108      0.000
    V3               162.839     22.910      7.108      0.000
    V4               162.839     22.910      7.108      0.000


QUALITY OF NUMERICAL RESULTS

     Condition Number for the Information Matrix              0.205E-05
       (ratio of smallest to largest eigenvalue)


     Beginning Time:  18:27:50
        Ending Time:  18:29:15
       Elapsed Time:  00:01:25



MUTHEN & MUTHEN
3463 Stoner Ave.
Los Angeles, CA  90066

Tel: (310) 391-9971
Fax: (310) 391-8971
Web: www.StatModel.com
Support: Support@StatModel.com

Copyright (c) 1998-2017 Muthen & Muthen
