Mplus VERSION 8 (Linux)
MUTHEN & MUTHEN
07/07/2018   4:21 PM

INPUT INSTRUCTIONS


  title: PxVx Bivariate LCM-SR - post mi - Linear bfi_o with Linear hrz_ind;
  data: file = /home/jflournoy/code_new/lnt_pxvx/Data/lnt_nat_recalc.tsv;

  variable:
  names =
  subjid
  aage
  aaspfin
  aaspfin_d
  abfa_mt
  abfa_mt_d
  abfas_ac
  abfas_ap
  abfas_ci
  abfas_co
  abfas_ea
  abfas_ee
  abfas_nv
  abfas_nv9
  abfas_nw
  abfas_oi
  abfas_oo
  abfi_a
  abfi_a6
  abfi_c
  abfi_d_scale
  abfi_e
  abfi_hp8
  abfi_n
  abfi_o
  abfi_s_scale
  ahrz_col
  ahrz_col_d
  ahrz_ind
  ahrz_ind_d
  amvi
  ausi
  ausi_d
  avrt_col
  avrt_col_d
  avrt_ind
  avrt_ind_d
  bage
  baspfin
  baspfin_d
  bbfa_mt
  bbfa_mt_d
  bbfas_ac
  bbfas_ap
  bbfas_ci
  bbfas_co
  bbfas_ea
  bbfas_ee
  bbfas_nv
  bbfas_nv9
  bbfas_nw
  bbfas_oi
  bbfas_oo
  bbfi_a
  bbfi_a6
  bbfi_c
  bbfi_d_scale
  bbfi_e
  bbfi_hp8
  bbfi_n
  bbfi_o
  bbfi_s_scale
  bhrz_col
  bhrz_col_d
  bhrz_ind
  bhrz_ind_d
  bmvi
  busi
  busi_d
  bvrt_col
  bvrt_col_d
  bvrt_ind
  bvrt_ind_d
  cage
  caspfin
  caspfin_d
  cbfa_mt
  cbfa_mt_d
  cbfas_ac
  cbfas_ap
  cbfas_ci
  cbfas_co
  cbfas_ea
  cbfas_ee
  cbfas_nv
  cbfas_nv9
  cbfas_nw
  cbfas_oi
  cbfas_oo
  cbfi_a
  cbfi_a6
  cbfi_c
  cbfi_d_scale
  cbfi_e
  cbfi_hp8
  cbfi_n
  cbfi_o
  cbfi_s_scale
  chrz_col
  chrz_col_d
  chrz_ind
  chrz_ind_d
  cmvi
  cusi
  cusi_d
  cvrt_col
  cvrt_col_d
  cvrt_ind
  cvrt_ind_d
  dage
  daspfin
  daspfin_d
  dbfa_mt
  dbfa_mt_d
  dbfas_ac
  dbfas_ap
  dbfas_ci
  dbfas_co
  dbfas_ea
  dbfas_ee
  dbfas_nv
  dbfas_nv9
  dbfas_nw
  dbfas_oi
  dbfas_oo
  dbfi_a
  dbfi_a6
  dbfi_c
  dbfi_d_scale
  dbfi_e
  dbfi_hp8
  dbfi_n
  dbfi_o
  dbfi_s_scale
  dhrz_col
  dhrz_col_d
  dhrz_ind
  dhrz_ind_d
  dmvi
  dusi
  dusi_d
  dvrt_col
  dvrt_col_d
  dvrt_ind
  dvrt_ind_d;

  USEVARIABLES =
  abfi_o
  bbfi_o
  cbfi_o
  dbfi_o
  ahrz_ind
  bhrz_ind
  chrz_ind
  dhrz_ind
  a1
  a2
  a3
  a4
  ;

  missing = all (-9999);

  tscores = a1 a2 a3 a4;

  DEFINE:
  a1 = aage + 0 - 36;
  a2 = aage + 1 - 36;
  a3 = aage + 2 - 36;
  a4 = aage + 3 - 36;

  ANALYSIS:
  TYPE=RANDOM;
  PROCESSORS = 6;
  model=nocovariances; ! supresses default estimation of certain covs in model;

  MODEL:

  i_bfi_o s_bfi_o | abfi_o bbfi_o cbfi_o dbfi_o AT a1 a2 a3 a4;
  i_hrz_ind s_hrz_ind | ahrz_ind bhrz_ind chrz_ind dhrz_ind AT a1 a2 a3 a4;

  ! freeing factor covs because of "nocovariances"
  s_bfi_o WITH i_bfi_o s_hrz_ind i_hrz_ind;
  i_bfi_o WITH s_hrz_ind i_hrz_ind;
  s_hrz_ind WITH i_hrz_ind;

  p1 BY abfi_o@1; ! Residual "factors";
  p2 BY bbfi_o@1;
  p3 BY cbfi_o@1;
  p4 BY dbfi_o@1;

  v1 BY ahrz_ind@1; ! Residual "factors";
  v2 BY bhrz_ind@1;
  v3 BY chrz_ind@1;
  v4 BY dhrz_ind@1;

  !residual variances on observed/manifest vars set to 0
  abfi_o@0;
  bbfi_o@0;
  cbfi_o@0;
  dbfi_o@0;

  !residual variances on observed/manifest vars set to 0
  ahrz_ind@0;
  bhrz_ind@0;
  chrz_ind@0;
  dhrz_ind@0;

  ! means of observed/manifest vars set to 0
  [abfi_o@0];
  [bbfi_o@0];
  [cbfi_o@0];
  [dbfi_o@0];

  ! means of observed/manifest vars set to 0
  [ahrz_ind@0];
  [bhrz_ind@0];
  [chrz_ind@0];
  [dhrz_ind@0];

  [p1@0]; ! means of residual "factors" set to 0
  [p2@0];
  [p3@0];
  [p4@0];

  [v1@0]; ! means of residual "factors" set to 0
  [v2@0];
  [v3@0];
  [v4@0];

  p4 on p3 (a); ! Autoregressive paths constrained to equality
  p3 on p2 (a);
  p2 on p1 (a);

  v4 on v3 (b); ! Autoregressive paths constrained to equality
  v3 on v2 (b);
  v2 on v1 (b);

  p4 on v3 (c); ! Cross-lagged paths constrained to equality
  p3 on v2 (c);
  p2 on v1 (c);

  v4 on p3 (d); ! Cross-lagged paths constrained to equality
  v3 on p2 (d);
  v2 on p1 (d);

  p1 with v1; !(this one is not like the others)

  p2 with v2 (e); ! Within-wave correlations constrained to equality
  p3 with v3 (e);
  p4 with v4 (e);

  p2 p3 p4 (f); ! estimate variances of residual "factors"
  v2 v3 v4 (g); ! estimate variances of residual "factors"

  OUTPUT: SAMPSTAT PATTERNS;



*** WARNING
  Data set contains cases with missing on time scores but non-missing on the
  corresponding dependent variables.  These cases were not included in the analysis.
  Number of such cases:  5
   1 WARNING(S) FOUND IN THE INPUT INSTRUCTIONS



PxVx Bivariate LCM-SR - post mi - Linear bfi_o with Linear hrz_ind;

SUMMARY OF ANALYSIS

Number of groups                                                 1
Number of observations                                         864

Number of dependent variables                                    8
Number of independent variables                                  0
Number of continuous latent variables                           12

Observed dependent variables

  Continuous
   ABFI_O      BBFI_O      CBFI_O      DBFI_O      AHRZ_IND    BHRZ_IND
   CHRZ_IND    DHRZ_IND

Continuous latent variables
   P1          P2          P3          P4          V1          V2
   V3          V4          I_BFI_O     S_BFI_O     I_HRZ_IN    S_HRZ_IN

Variables with special functions

  Time scores
   A1          A2          A3          A4


Estimator                                                      MLR
Information matrix                                        OBSERVED
Maximum number of iterations                                   100
Convergence criterion                                    0.100D-05
Maximum number of EM iterations                                500
Convergence criteria for the EM algorithm
  Loglikelihood change                                   0.100D-02
  Relative loglikelihood change                          0.100D-05
  Derivative                                             0.100D-03
Minimum variance                                         0.100D-03
Maximum number of steepest descent iterations                   20
Maximum number of iterations for H1                           2000
Convergence criterion for H1                             0.100D-03
Optimization algorithm                                         EMA

Input data file(s)
  /home/jflournoy/code_new/lnt_pxvx/Data/lnt_nat_recalc.tsv
Input data format  FREE


SUMMARY OF DATA

     Number of missing data patterns            20


SUMMARY OF MISSING DATA PATTERNS


     MISSING DATA PATTERNS (x = not missing)

           1  2  3  4  5  6  7  8  9 10 11 12 13 14 15 16 17 18 19 20
 ABFI_O    x  x  x  x  x  x  x  x  x  x  x  x  x     x  x  x  x  x  x
 BBFI_O    x     x  x     x     x     x  x  x  x        x     x
 CBFI_O    x           x  x     x  x     x  x  x           x  x  x
 DBFI_O    x     x     x  x  x           x     x  x     x        x  x
 AHRZ_IND  x  x  x  x  x  x  x  x  x  x  x  x  x  x     x  x  x  x  x
 BHRZ_IND  x     x  x     x     x        x  x                 x
 CHRZ_IND  x           x        x  x     x     x              x  x
 DHRZ_IND  x     x     x  x  x                 x  x     x     x


     MISSING DATA PATTERN FREQUENCIES

    Pattern   Frequency     Pattern   Frequency     Pattern   Frequency
          1         492           8          45          15           1
          2         168           9          21          16           1
          3          26          10           4          17           1
          4          48          11           1          18           1
          5          21          12           1          19           2
          6           2          13           3          20           2
          7          23          14           1


COVARIANCE COVERAGE OF DATA

Minimum covariance coverage value   0.100


     PROPORTION OF DATA PRESENT


           Covariance Coverage
              ABFI_O        BBFI_O        CBFI_O        DBFI_O        AHRZ_IND
              ________      ________      ________      ________      ________
 ABFI_O         0.999
 BBFI_O         0.722         0.722
 CBFI_O         0.683         0.631         0.683
 DBFI_O         0.663         0.608         0.603         0.664
 AHRZ_IND       0.998         0.722         0.683         0.664         0.999
 BHRZ_IND       0.713         0.713         0.627         0.603         0.713
 CHRZ_IND       0.678         0.627         0.678         0.601         0.678
 DHRZ_IND       0.659         0.608         0.601         0.659         0.660


           Covariance Coverage
              BHRZ_IND      CHRZ_IND      DHRZ_IND
              ________      ________      ________
 BHRZ_IND       0.713
 CHRZ_IND       0.624         0.678
 DHRZ_IND       0.603         0.598         0.660


SAMPLE STATISTICS


     ESTIMATED SAMPLE STATISTICS


           Means
              ABFI_O        BBFI_O        CBFI_O        DBFI_O        AHRZ_IND
              ________      ________      ________      ________      ________
               74.356        73.682        72.428        72.506        74.457


           Means
              BHRZ_IND      CHRZ_IND      DHRZ_IND
              ________      ________      ________
               74.419        74.432        73.609


           Covariances
              ABFI_O        BBFI_O        CBFI_O        DBFI_O        AHRZ_IND
              ________      ________      ________      ________      ________
 ABFI_O       223.393
 BBFI_O       185.278       225.962
 CBFI_O       194.076       196.845       258.068
 DBFI_O       182.939       187.821       214.333       249.156
 AHRZ_IND      44.076        46.631        45.255        36.411       250.877
 BHRZ_IND      36.239        36.576        31.440        29.781       140.716
 CHRZ_IND      29.671        25.094        31.652        21.730       131.813
 DHRZ_IND      31.780        33.689        31.226        31.610       131.846


           Covariances
              BHRZ_IND      CHRZ_IND      DHRZ_IND
              ________      ________      ________
 BHRZ_IND     250.069
 CHRZ_IND     137.244       241.684
 DHRZ_IND     149.021       154.243       245.540


           Correlations
              ABFI_O        BBFI_O        CBFI_O        DBFI_O        AHRZ_IND
              ________      ________      ________      ________      ________
 ABFI_O         1.000
 BBFI_O         0.825         1.000
 CBFI_O         0.808         0.815         1.000
 DBFI_O         0.775         0.792         0.845         1.000
 AHRZ_IND       0.186         0.196         0.178         0.146         1.000
 BHRZ_IND       0.153         0.154         0.124         0.119         0.562
 CHRZ_IND       0.128         0.107         0.127         0.089         0.535
 DHRZ_IND       0.136         0.143         0.124         0.128         0.531


           Correlations
              BHRZ_IND      CHRZ_IND      DHRZ_IND
              ________      ________      ________
 BHRZ_IND       1.000
 CHRZ_IND       0.558         1.000
 DHRZ_IND       0.601         0.633         1.000


     MAXIMUM LOG-LIKELIHOOD VALUE FOR THE UNRESTRICTED (H1) MODEL IS -20419.661


UNIVARIATE SAMPLE STATISTICS


     UNIVARIATE HIGHER-ORDER MOMENT DESCRIPTIVE STATISTICS

         Variable/         Mean/     Skewness/   Minimum/ % with                Percentiles
        Sample Size      Variance    Kurtosis    Maximum  Min/Max      20%/60%    40%/80%    Median

     ABFI_O               74.373      -0.432      27.500    0.23%      62.500     72.222     75.000
             863.000     223.307      -0.273     100.000    2.32%      80.000     87.500
     BBFI_O               73.948      -0.466      22.500    0.16%      61.111     70.000     75.000
             624.000     222.434      -0.194     100.000    1.44%      80.000     87.500
     CBFI_O               72.712      -0.538      12.500    0.17%      60.000     70.000     75.000
             590.000     254.428      -0.050     100.000    1.36%      77.500     87.500
     DBFI_O               73.197      -0.620      15.000    0.17%      60.000     70.000     75.000
             574.000     247.749      -0.004     100.000    0.70%      80.000     87.500
     AHRZ_IND             74.459      -0.431      18.750    0.12%      62.500     68.750     75.000
             863.000     250.880      -0.191     100.000    7.07%      81.250     87.500
     BHRZ_IND             74.520      -0.304      31.250    0.81%      62.500     68.750     75.000
             616.000     251.210      -0.341     100.000    9.74%      81.250     87.500
     CHRZ_IND             74.570      -0.386      25.000    0.51%      62.500     68.750     75.000
             586.000     241.708      -0.098     100.000    8.02%      81.250     87.500
     DHRZ_IND             73.878      -0.471      18.750    0.18%      62.500     68.750     75.000
             570.000     244.667      -0.124     100.000    6.67%      81.250     87.500


THE MODEL ESTIMATION TERMINATED NORMALLY



MODEL FIT INFORMATION

Number of Free Parameters                       24

Loglikelihood

          H0 Value                      -20449.713
          H0 Scaling Correction Factor      1.2076
            for MLR

Information Criteria

          Akaike (AIC)                   40947.425
          Bayesian (BIC)                 41061.703
          Sample-Size Adjusted BIC       40985.485
            (n* = (n + 2) / 24)



MODEL RESULTS

                                                    Two-Tailed
                    Estimate       S.E.  Est./S.E.    P-Value

 P1       BY
    ABFI_O             1.000      0.000    999.000    999.000

 P2       BY
    BBFI_O             1.000      0.000    999.000    999.000

 P3       BY
    CBFI_O             1.000      0.000    999.000    999.000

 P4       BY
    DBFI_O             1.000      0.000    999.000    999.000

 V1       BY
    AHRZ_IND           1.000      0.000    999.000    999.000

 V2       BY
    BHRZ_IND           1.000      0.000    999.000    999.000

 V3       BY
    CHRZ_IND           1.000      0.000    999.000    999.000

 V4       BY
    DHRZ_IND           1.000      0.000    999.000    999.000

 P4         ON
    P3                 0.234      0.066      3.552      0.000
    V3                -0.004      0.029     -0.142      0.887

 P3         ON
    P2                 0.234      0.066      3.552      0.000
    V2                -0.004      0.029     -0.142      0.887

 P2         ON
    P1                 0.234      0.066      3.552      0.000
    V1                -0.004      0.029     -0.142      0.887

 V4         ON
    V3                 0.050      0.050      1.005      0.315
    P3                -0.016      0.061     -0.271      0.786

 V3         ON
    V2                 0.050      0.050      1.005      0.315
    P2                -0.016      0.061     -0.271      0.786

 V2         ON
    V1                 0.050      0.050      1.005      0.315
    P1                -0.016      0.061     -0.271      0.786

 S_BFI_O  WITH
    I_BFI_O            0.792      0.531      1.491      0.136
    S_HRZ_IND          0.023      0.075      0.302      0.763
    I_HRZ_IND         -0.803      1.677     -0.479      0.632

 I_BFI_O  WITH
    S_HRZ_IND         -0.212      1.731     -0.123      0.902
    I_HRZ_IND         33.076      9.468      3.493      0.000

 S_HRZ_IN WITH
    I_HRZ_IND          0.032      0.487      0.065      0.948

 P1       WITH
    V1                 1.172      4.539      0.258      0.796

 P2       WITH
    V2                 3.344      3.104      1.077      0.281

 P3       WITH
    V3                 3.344      3.104      1.077      0.281

 P4       WITH
    V4                 3.344      3.104      1.077      0.281

 Means
    P1                 0.000      0.000    999.000    999.000
    V1                 0.000      0.000    999.000    999.000
    I_BFI_O           73.616      0.496    148.315      0.000
    S_BFI_O           -0.099      0.046     -2.136      0.033
    I_HRZ_IND         74.400      0.471    158.056      0.000
    S_HRZ_IND         -0.097      0.043     -2.270      0.023

 Intercepts
    ABFI_O             0.000      0.000    999.000    999.000
    BBFI_O             0.000      0.000    999.000    999.000
    CBFI_O             0.000      0.000    999.000    999.000
    DBFI_O             0.000      0.000    999.000    999.000
    AHRZ_IND           0.000      0.000    999.000    999.000
    BHRZ_IND           0.000      0.000    999.000    999.000
    CHRZ_IND           0.000      0.000    999.000    999.000
    DHRZ_IND           0.000      0.000    999.000    999.000
    P2                 0.000      0.000    999.000    999.000
    P3                 0.000      0.000    999.000    999.000
    P4                 0.000      0.000    999.000    999.000
    V2                 0.000      0.000    999.000    999.000
    V3                 0.000      0.000    999.000    999.000
    V4                 0.000      0.000    999.000    999.000

 Variances
    P1                47.565      4.804      9.900      0.000
    V1               120.722     10.918     11.057      0.000
    I_BFI_O          174.107     12.690     13.720      0.000
    S_BFI_O            0.082      0.102      0.798      0.425
    I_HRZ_IND        133.617     11.622     11.497      0.000
    S_HRZ_IND          0.033      0.087      0.376      0.707

 Residual Variances
    ABFI_O             0.000      0.000    999.000    999.000
    BBFI_O             0.000      0.000    999.000    999.000
    CBFI_O             0.000      0.000    999.000    999.000
    DBFI_O             0.000      0.000    999.000    999.000
    AHRZ_IND           0.000      0.000    999.000    999.000
    BHRZ_IND           0.000      0.000    999.000    999.000
    CHRZ_IND           0.000      0.000    999.000    999.000
    DHRZ_IND           0.000      0.000    999.000    999.000
    P2                52.292      3.861     13.544      0.000
    P3                52.292      3.861     13.544      0.000
    P4                52.292      3.861     13.544      0.000
    V2               104.763      6.802     15.402      0.000
    V3               104.763      6.802     15.402      0.000
    V4               104.763      6.802     15.402      0.000


QUALITY OF NUMERICAL RESULTS

     Condition Number for the Information Matrix              0.730E-05
       (ratio of smallest to largest eigenvalue)


     Beginning Time:  16:21:09
        Ending Time:  16:21:19
       Elapsed Time:  00:00:10



MUTHEN & MUTHEN
3463 Stoner Ave.
Los Angeles, CA  90066

Tel: (310) 391-9971
Fax: (310) 391-8971
Web: www.StatModel.com
Support: Support@StatModel.com

Copyright (c) 1998-2017 Muthen & Muthen
