Mplus VERSION 8 (Linux)
MUTHEN & MUTHEN
07/08/2018   6:20 PM

INPUT INSTRUCTIONS


  title: PxVx Bivariate LCM-SR - decadegroup - Linear bfi_hp8 with Linear hrz_ind;
  data: file = /home/jflournoy/code_new/lnt_pxvx/Data/lnt_nat_recalc.tsv;

  variable:
  names =
  subjid
  aage
  aaspfin
  aaspfin_d
  abfa_mt
  abfa_mt_d
  abfas_ac
  abfas_ap
  abfas_ci
  abfas_co
  abfas_ea
  abfas_ee
  abfas_nv
  abfas_nv9
  abfas_nw
  abfas_oi
  abfas_oo
  abfi_a
  abfi_a6
  abfi_c
  abfi_d_scale
  abfi_e
  abfi_hp8
  abfi_n
  abfi_o
  abfi_s_scale
  ahrz_col
  ahrz_col_d
  ahrz_ind
  ahrz_ind_d
  amvi
  ausi
  ausi_d
  avrt_col
  avrt_col_d
  avrt_ind
  avrt_ind_d
  bage
  baspfin
  baspfin_d
  bbfa_mt
  bbfa_mt_d
  bbfas_ac
  bbfas_ap
  bbfas_ci
  bbfas_co
  bbfas_ea
  bbfas_ee
  bbfas_nv
  bbfas_nv9
  bbfas_nw
  bbfas_oi
  bbfas_oo
  bbfi_a
  bbfi_a6
  bbfi_c
  bbfi_d_scale
  bbfi_e
  bbfi_hp8
  bbfi_n
  bbfi_o
  bbfi_s_scale
  bhrz_col
  bhrz_col_d
  bhrz_ind
  bhrz_ind_d
  bmvi
  busi
  busi_d
  bvrt_col
  bvrt_col_d
  bvrt_ind
  bvrt_ind_d
  cage
  caspfin
  caspfin_d
  cbfa_mt
  cbfa_mt_d
  cbfas_ac
  cbfas_ap
  cbfas_ci
  cbfas_co
  cbfas_ea
  cbfas_ee
  cbfas_nv
  cbfas_nv9
  cbfas_nw
  cbfas_oi
  cbfas_oo
  cbfi_a
  cbfi_a6
  cbfi_c
  cbfi_d_scale
  cbfi_e
  cbfi_hp8
  cbfi_n
  cbfi_o
  cbfi_s_scale
  chrz_col
  chrz_col_d
  chrz_ind
  chrz_ind_d
  cmvi
  cusi
  cusi_d
  cvrt_col
  cvrt_col_d
  cvrt_ind
  cvrt_ind_d
  dage
  daspfin
  daspfin_d
  dbfa_mt
  dbfa_mt_d
  dbfas_ac
  dbfas_ap
  dbfas_ci
  dbfas_co
  dbfas_ea
  dbfas_ee
  dbfas_nv
  dbfas_nv9
  dbfas_nw
  dbfas_oi
  dbfas_oo
  dbfi_a
  dbfi_a6
  dbfi_c
  dbfi_d_scale
  dbfi_e
  dbfi_hp8
  dbfi_n
  dbfi_o
  dbfi_s_scale
  dhrz_col
  dhrz_col_d
  dhrz_ind
  dhrz_ind_d
  dmvi
  dusi
  dusi_d
  dvrt_col
  dvrt_col_d
  dvrt_ind
  dvrt_ind_d;

  USEVARIABLES =
  abfi_hp8
  bbfi_hp8
  cbfi_hp8
  dbfi_hp8
  ahrz_ind
  bhrz_ind
  chrz_ind
  dhrz_ind
  a1
  a2
  a3
  a4
  aagegrp
  ;

  missing = all (-9999);

  tscores = a1 a2 a3 a4;

  grouping = aagegrp (0=d2, 1=d3, 2=d4, 3=d5);

  DEFINE:

  aagegrp = aage;

  cut aagegrp (29 39 49);

  a1 = aage + 0 - 36;
  a2 = aage + 1 - 36;
  a3 = aage + 2 - 36;
  a4 = aage + 3 - 36;

  ANALYSIS:
  TYPE=RANDOM;
  PROCESSORS = 6;
  model=nocovariances; ! supresses default estimation of certain covs in model;

  MODEL:

  i_bfi_hp8 s_bfi_hp8 | abfi_hp8 bbfi_hp8 cbfi_hp8 dbfi_hp8 AT a1 a2 a3 a4;
  i_hrz_ind s_hrz_ind | ahrz_ind bhrz_ind chrz_ind dhrz_ind AT a1 a2 a3 a4;

  ! freeing factor covs because of "nocovariances"
  ! But ensure they are constrained across groups
  s_bfi_hp8 WITH i_bfi_hp8 (p)
  s_hrz_ind (q)
  i_hrz_ind (r);
  i_bfi_hp8 WITH s_hrz_ind (s)
  i_hrz_ind (t);
  s_hrz_ind WITH i_hrz_ind (u);

  !constrain latent growth means across groups
  [i_bfi_hp8] (v);
  [s_bfi_hp8] (w);
  [i_hrz_ind] (x);
  [s_hrz_ind] (y);

  !constrain latent growth variances across groups
  i_bfi_hp8 (l);
  s_bfi_hp8 (m);
  i_hrz_ind (n);
  s_hrz_ind (o);

  p1 BY abfi_hp8@1; ! Residual "factors";
  p2 BY bbfi_hp8@1;
  p3 BY cbfi_hp8@1;
  p4 BY dbfi_hp8@1;

  v1 BY ahrz_ind@1; ! Residual "factors";
  v2 BY bhrz_ind@1;
  v3 BY chrz_ind@1;
  v4 BY dhrz_ind@1;

  !residual variances on observed/manifest vars set to 0
  abfi_hp8@0;
  bbfi_hp8@0;
  cbfi_hp8@0;
  dbfi_hp8@0;

  !residual variances on observed/manifest vars set to 0
  ahrz_ind@0;
  bhrz_ind@0;
  chrz_ind@0;
  dhrz_ind@0;

  ! means of observed/manifest vars set to 0
  [abfi_hp8@0];
  [bbfi_hp8@0];
  [cbfi_hp8@0];
  [dbfi_hp8@0];

  ! means of observed/manifest vars set to 0
  [ahrz_ind@0];
  [bhrz_ind@0];
  [chrz_ind@0];
  [dhrz_ind@0];

  [p1@0]; ! means of residual "factors" set to 0
  [p2@0];
  [p3@0];
  [p4@0];

  [v1@0]; ! means of residual "factors" set to 0
  [v2@0];
  [v3@0];
  [v4@0];

  p4 on p3 (a); ! Autoregressive paths constrained to equality
  p3 on p2 (a);
  p2 on p1 (a);

  v4 on v3 (b); ! Autoregressive paths constrained to equality
  v3 on v2 (b);
  v2 on v1 (b);

  p4 on v3 (c); ! Cross-lagged paths constrained to equality
  p3 on v2 (c);
  p2 on v1 (c);

  v4 on p3 (d); ! Cross-lagged paths constrained to equality
  v3 on p2 (d);
  v2 on p1 (d);

  p1 with v1; !(this one is not like the others)

  p2 with v2 (e); ! Within-wave correlations constrained to equality
  p3 with v3 (e);
  p4 with v4 (e);

  p2 p3 p4 (f); ! estimate variances of residual "factors"
  v2 v3 v4 (g); ! estimate variances of residual "factors"

  MODEL d2:

  p4 on p3 (a2); ! Autoregressive paths constrained to equality
  p3 on p2 (a2);
  p2 on p1 (a2);

  v4 on v3 (b2); ! Autoregressive paths constrained to equality
  v3 on v2 (b2);
  v2 on v1 (b2);

  p4 on v3 (c2); ! Cross-lagged paths constrained to equality
  p3 on v2 (c2);
  p2 on v1 (c2);

  v4 on p3 (d2); ! Cross-lagged paths constrained to equality
  v3 on p2 (d2);
  v2 on p1 (d2);

  p1 with v1; !(this one is not like the others)

  p2 with v2 (e2); ! Within-wave correlations constrained to equality
  p3 with v3 (e2);
  p4 with v4 (e2);

  p2 p3 p4 (f2); ! estimate variances of residual "factors"
  v2 v3 v4 (g2); ! estimate variances of residual "factors"

  MODEL d3:

  p4 on p3 (a3); ! Autoregressive paths constrained to equality
  p3 on p2 (a3);
  p2 on p1 (a3);

  v4 on v3 (b3); ! Autoregressive paths constrained to equality
  v3 on v2 (b3);
  v2 on v1 (b3);

  p4 on v3 (c3); ! Cross-lagged paths constrained to equality
  p3 on v2 (c3);
  p2 on v1 (c3);

  v4 on p3 (d3); ! Cross-lagged paths constrained to equality
  v3 on p2 (d3);
  v2 on p1 (d3);

  p1 with v1; !(this one is not like the others)

  p2 with v2 (e3); ! Within-wave correlations constrained to equality
  p3 with v3 (e3);
  p4 with v4 (e3);

  p2 p3 p4 (f3); ! estimate variances of residual "factors"
  v2 v3 v4 (g3); ! estimate variances of residual "factors"

  MODEL d4:

  p4 on p3 (a4); ! Autoregressive paths constrained to equality
  p3 on p2 (a4);
  p2 on p1 (a4);

  v4 on v3 (b4); ! Autoregressive paths constrained to equality
  v3 on v2 (b4);
  v2 on v1 (b4);

  p4 on v3 (c4); ! Cross-lagged paths constrained to equality
  p3 on v2 (c4);
  p2 on v1 (c4);

  v4 on p3 (d4); ! Cross-lagged paths constrained to equality
  v3 on p2 (d4);
  v2 on p1 (d4);

  p1 with v1; !(this one is not like the others)

  p2 with v2 (e4); ! Within-wave correlations constrained to equality
  p3 with v3 (e4);
  p4 with v4 (e4);

  p2 p3 p4 (f4); ! estimate variances of residual "factors"
  v2 v3 v4 (g4); ! estimate variances of residual "factors"

  MODEL d5:

  p4 on p3 (a5); ! Autoregressive paths constrained to equality
  p3 on p2 (a5);
  p2 on p1 (a5);

  v4 on v3 (b5); ! Autoregressive paths constrained to equality
  v3 on v2 (b5);
  v2 on v1 (b5);

  p4 on v3 (c5); ! Cross-lagged paths constrained to equality
  p3 on v2 (c5);
  p2 on v1 (c5);

  v4 on p3 (d5); ! Cross-lagged paths constrained to equality
  v3 on p2 (d5);
  v2 on p1 (d5);

  p1 with v1; !(this one is not like the others)

  p2 with v2 (e5); ! Within-wave correlations constrained to equality
  p3 with v3 (e5);
  p4 with v4 (e5);

  p2 p3 p4 (f5); ! estimate variances of residual "factors"
  v2 v3 v4 (g5); ! estimate variances of residual "factors"

  OUTPUT: SAMPSTAT PATTERNS;



*** WARNING
  Data set contains unknown or missing values for GROUPING,
  PATTERN, COHORT, CLUSTER and/or STRATIFICATION variables.
  Number of cases with unknown or missing values:  5
   1 WARNING(S) FOUND IN THE INPUT INSTRUCTIONS



PxVx Bivariate LCM-SR - decadegroup - Linear bfi_hp8 with Linear hrz_ind;

SUMMARY OF ANALYSIS

Number of groups                                                 4
Number of observations
   Group D2                                                    301
   Group D3                                                    233
   Group D4                                                    198
   Group D5                                                    132
   Total sample size                                           864

Number of dependent variables                                    8
Number of independent variables                                  0
Number of continuous latent variables                           12

Observed dependent variables

  Continuous
   ABFI_HP8    BBFI_HP8    CBFI_HP8    DBFI_HP8    AHRZ_IND    BHRZ_IND
   CHRZ_IND    DHRZ_IND

Continuous latent variables
   P1          P2          P3          P4          V1          V2
   V3          V4          I_BFI_HP    S_BFI_HP    I_HRZ_IN    S_HRZ_IN

Variables with special functions

  Grouping variable     AAGEGRP

  Time scores
   A1          A2          A3          A4


Estimator                                                      MLR
Information matrix                                        OBSERVED
Maximum number of iterations                                   100
Convergence criterion                                    0.100D-05
Maximum number of EM iterations                                500
Convergence criteria for the EM algorithm
  Loglikelihood change                                   0.100D-02
  Relative loglikelihood change                          0.100D-05
  Derivative                                             0.100D-03
Minimum variance                                         0.100D-03
Maximum number of steepest descent iterations                   20
Maximum number of iterations for H1                           2000
Convergence criterion for H1                             0.100D-03
Optimization algorithm                                         EMA

Input data file(s)
  /home/jflournoy/code_new/lnt_pxvx/Data/lnt_nat_recalc.tsv
Input data format  FREE


SUMMARY OF DATA

   Group D2
     Number of missing data patterns            14

   Group D3
     Number of missing data patterns            11

   Group D4
     Number of missing data patterns            15

   Group D5
     Number of missing data patterns             9


SUMMARY OF MISSING DATA PATTERNS


     MISSING DATA PATTERNS (x = not missing) FOR D2

           1  2  3  4  5  6  7  8  9 10 11 12 13 14
 ABFI_HP8  x  x  x  x  x  x  x  x  x  x  x  x  x  x
 BBFI_HP8  x     x  x  x  x           x  x  x     x
 CBFI_HP8  x        x     x     x  x  x  x  x  x
 DBFI_HP8  x     x  x        x     x     x     x
 AHRZ_IND  x  x  x  x  x  x  x  x  x  x  x  x  x  x
 BHRZ_IND  x     x  x  x  x           x     x
 CHRZ_IND  x              x     x  x     x  x  x
 DHRZ_IND  x     x  x        x     x     x  x


     MISSING DATA PATTERN FREQUENCIES FOR D2

    Pattern   Frequency     Pattern   Frequency     Pattern   Frequency
          1         187           6          13          11           2
          2          57           7          11          12           1
          3           6           8           4          13           1
          4           1           9           5          14           1
          5          11          10           1


     MISSING DATA PATTERNS (x = not missing) FOR D3

           1  2  3  4  5  6  7  8  9 10 11
 ABFI_HP8  x  x  x  x  x  x  x  x  x  x  x
 BBFI_HP8  x     x  x  x           x  x
 CBFI_HP8  x           x     x  x     x
 DBFI_HP8  x     x        x     x     x  x
 AHRZ_IND  x  x  x  x  x  x  x  x  x  x  x
 BHRZ_IND  x     x  x  x              x
 CHRZ_IND  x           x     x  x     x
 DHRZ_IND  x     x        x     x


     MISSING DATA PATTERN FREQUENCIES FOR D3

    Pattern   Frequency     Pattern   Frequency     Pattern   Frequency
          1         140           5           6           9           1
          2          43           6           3          10           1
          3           8           7           7          11           2
          4          15           8           7


     MISSING DATA PATTERNS (x = not missing) FOR D4

           1  2  3  4  5  6  7  8  9 10 11 12 13 14 15
 ABFI_HP8  x  x  x  x  x  x  x  x  x  x  x  x  x  x  x
 BBFI_HP8  x     x  x  x  x           x     x     x
 CBFI_HP8  x        x     x     x  x  x  x           x
 DBFI_HP8  x     x  x        x     x  x  x        x
 AHRZ_IND  x  x  x  x  x  x  x  x  x  x  x  x     x  x
 BHRZ_IND  x     x  x  x  x
 CHRZ_IND  x              x     x  x  x  x
 DHRZ_IND  x     x  x        x     x  x           x


     MISSING DATA PATTERN FREQUENCIES FOR D4

    Pattern   Frequency     Pattern   Frequency     Pattern   Frequency
          1         104           6          15          11           1
          2          39           7           4          12           2
          3           7           8           4          13           1
          4           1           9           5          14           1
          5          12          10           1          15           1


     MISSING DATA PATTERNS (x = not missing) FOR D5

           1  2  3  4  5  6  7  8  9
 ABFI_HP8  x  x  x  x  x  x  x  x
 BBFI_HP8  x     x  x  x
 CBFI_HP8  x           x     x  x
 DBFI_HP8  x     x        x     x  x
 AHRZ_IND  x  x  x  x  x  x  x  x  x
 BHRZ_IND  x     x  x  x
 CHRZ_IND  x           x     x  x
 DHRZ_IND  x     x        x     x  x


     MISSING DATA PATTERN FREQUENCIES FOR D5

    Pattern   Frequency     Pattern   Frequency     Pattern   Frequency
          1          61           4          10           7           6
          2          29           5          11           8           4
          3           5           6           5           9           1


COVARIANCE COVERAGE OF DATA

Minimum covariance coverage value   0.100


     PROPORTION OF DATA PRESENT FOR D2


           Covariance Coverage
              ABFI_HP8      BBFI_HP8      CBFI_HP8      DBFI_HP8      AHRZ_IND
              ________      ________      ________      ________      ________
 ABFI_HP8       1.000
 BBFI_HP8       0.741         0.741
 CBFI_HP8       0.714         0.681         0.714
 DBFI_HP8       0.708         0.651         0.651         0.708
 AHRZ_IND       1.000         0.741         0.714         0.708         1.000
 BHRZ_IND       0.731         0.731         0.674         0.645         0.731
 CHRZ_IND       0.708         0.674         0.708         0.648         0.708
 DHRZ_IND       0.708         0.654         0.651         0.704         0.708


           Covariance Coverage
              BHRZ_IND      CHRZ_IND      DHRZ_IND
              ________      ________      ________
 BHRZ_IND       0.731
 CHRZ_IND       0.668         0.708
 DHRZ_IND       0.648         0.648         0.708


     PROPORTION OF DATA PRESENT FOR D3


           Covariance Coverage
              ABFI_HP8      BBFI_HP8      CBFI_HP8      DBFI_HP8      AHRZ_IND
              ________      ________      ________      ________      ________
 ABFI_HP8       1.000
 BBFI_HP8       0.751         0.751
 CBFI_HP8       0.725         0.691         0.725
 DBFI_HP8       0.742         0.708         0.678         0.742
 AHRZ_IND       1.000         0.751         0.725         0.742         1.000
 BHRZ_IND       0.742         0.742         0.682         0.700         0.742
 CHRZ_IND       0.657         0.622         0.657         0.614         0.657
 DHRZ_IND       0.742         0.708         0.678         0.742         0.742


           Covariance Coverage
              BHRZ_IND      CHRZ_IND      DHRZ_IND
              ________      ________      ________
 BHRZ_IND       0.742
 CHRZ_IND       0.614         0.657
 DHRZ_IND       0.700         0.614         0.742


     PROPORTION OF DATA PRESENT FOR D4


           Covariance Coverage
              ABFI_HP8      BBFI_HP8      CBFI_HP8      DBFI_HP8      AHRZ_IND
              ________      ________      ________      ________      ________
 ABFI_HP8       1.000
 BBFI_HP8       0.732         0.732
 CBFI_HP8       0.682         0.631         0.682
 DBFI_HP8       0.626         0.576         0.571         0.626
 AHRZ_IND       1.000         0.732         0.682         0.626         1.000
 BHRZ_IND       0.722         0.722         0.626         0.571         0.722
 CHRZ_IND       0.672         0.621         0.672         0.566         0.672
 DHRZ_IND       0.626         0.581         0.571         0.616         0.626


           Covariance Coverage
              BHRZ_IND      CHRZ_IND      DHRZ_IND
              ________      ________      ________
 BHRZ_IND       0.722
 CHRZ_IND       0.616         0.672
 DHRZ_IND       0.576         0.566         0.626


     PROPORTION OF DATA PRESENT FOR D5


           Covariance Coverage
              ABFI_HP8      BBFI_HP8      CBFI_HP8      DBFI_HP8      AHRZ_IND
              ________      ________      ________      ________      ________
 ABFI_HP8       1.000
 BBFI_HP8       0.697         0.697
 CBFI_HP8       0.614         0.576         0.614
 DBFI_HP8       0.629         0.576         0.545         0.629
 AHRZ_IND       1.000         0.697         0.614         0.629         1.000
 BHRZ_IND       0.697         0.697         0.576         0.576         0.697
 CHRZ_IND       0.538         0.500         0.538         0.470         0.538
 DHRZ_IND       0.629         0.576         0.545         0.629         0.629


           Covariance Coverage
              BHRZ_IND      CHRZ_IND      DHRZ_IND
              ________      ________      ________
 BHRZ_IND       0.697
 CHRZ_IND       0.500         0.538
 DHRZ_IND       0.576         0.470         0.629


SAMPLE STATISTICS


     ESTIMATED SAMPLE STATISTICS FOR D2


           Means
              ABFI_HP8      BBFI_HP8      CBFI_HP8      DBFI_HP8      AHRZ_IND
              ________      ________      ________      ________      ________
               67.258        67.236        68.305        68.425        75.415


           Means
              BHRZ_IND      CHRZ_IND      DHRZ_IND
              ________      ________      ________
               74.969        74.275        74.106


           Covariances
              ABFI_HP8      BBFI_HP8      CBFI_HP8      DBFI_HP8      AHRZ_IND
              ________      ________      ________      ________      ________
 ABFI_HP8     260.519
 BBFI_HP8     190.146       263.283
 CBFI_HP8     148.100       168.333       202.533
 DBFI_HP8     160.960       165.295       167.766       245.554
 AHRZ_IND     -27.462       -20.146       -20.467       -29.908       236.885
 BHRZ_IND       2.960        10.373         5.057         6.520       136.240
 CHRZ_IND      10.712         3.738         6.898         0.654       109.612
 DHRZ_IND       4.156         0.411        -2.194       -16.827       106.512


           Covariances
              BHRZ_IND      CHRZ_IND      DHRZ_IND
              ________      ________      ________
 BHRZ_IND     236.403
 CHRZ_IND     121.072       254.934
 DHRZ_IND     123.579       148.705       249.830


           Correlations
              ABFI_HP8      BBFI_HP8      CBFI_HP8      DBFI_HP8      AHRZ_IND
              ________      ________      ________      ________      ________
 ABFI_HP8       1.000
 BBFI_HP8       0.726         1.000
 CBFI_HP8       0.645         0.729         1.000
 DBFI_HP8       0.636         0.650         0.752         1.000
 AHRZ_IND      -0.111        -0.081        -0.093        -0.124         1.000
 BHRZ_IND       0.012         0.042         0.023         0.027         0.576
 CHRZ_IND       0.042         0.014         0.030         0.003         0.446
 DHRZ_IND       0.016         0.002        -0.010        -0.068         0.438


           Correlations
              BHRZ_IND      CHRZ_IND      DHRZ_IND
              ________      ________      ________
 BHRZ_IND       1.000
 CHRZ_IND       0.493         1.000
 DHRZ_IND       0.509         0.589         1.000


     ESTIMATED SAMPLE STATISTICS FOR D3


           Means
              ABFI_HP8      BBFI_HP8      CBFI_HP8      DBFI_HP8      AHRZ_IND
              ________      ________      ________      ________      ________
               72.343        71.982        73.464        73.078        74.580


           Means
              BHRZ_IND      CHRZ_IND      DHRZ_IND
              ________      ________      ________
               74.152        75.538        74.210


           Covariances
              ABFI_HP8      BBFI_HP8      CBFI_HP8      DBFI_HP8      AHRZ_IND
              ________      ________      ________      ________      ________
 ABFI_HP8     245.269
 BBFI_HP8     192.575       245.117
 CBFI_HP8     187.435       191.744       247.377
 DBFI_HP8     156.332       170.834       163.494       206.292
 AHRZ_IND     -30.943       -30.467       -27.376       -48.999       271.771
 BHRZ_IND       2.153         3.731         8.420        -8.906       152.930
 CHRZ_IND       0.828       -15.880         0.185       -23.082       169.832
 DHRZ_IND       1.860        -5.059        -4.881       -23.469       161.884


           Covariances
              BHRZ_IND      CHRZ_IND      DHRZ_IND
              ________      ________      ________
 BHRZ_IND     279.381
 CHRZ_IND     158.619       256.203
 DHRZ_IND     187.926       182.359       268.260


           Correlations
              ABFI_HP8      BBFI_HP8      CBFI_HP8      DBFI_HP8      AHRZ_IND
              ________      ________      ________      ________      ________
 ABFI_HP8       1.000
 BBFI_HP8       0.785         1.000
 CBFI_HP8       0.761         0.779         1.000
 DBFI_HP8       0.695         0.760         0.724         1.000
 AHRZ_IND      -0.120        -0.118        -0.106        -0.207         1.000
 BHRZ_IND       0.008         0.014         0.032        -0.037         0.555
 CHRZ_IND       0.003        -0.063         0.001        -0.100         0.644
 DHRZ_IND       0.007        -0.020        -0.019        -0.100         0.600


           Correlations
              BHRZ_IND      CHRZ_IND      DHRZ_IND
              ________      ________      ________
 BHRZ_IND       1.000
 CHRZ_IND       0.593         1.000
 DHRZ_IND       0.686         0.696         1.000


     ESTIMATED SAMPLE STATISTICS FOR D4


           Means
              ABFI_HP8      BBFI_HP8      CBFI_HP8      DBFI_HP8      AHRZ_IND
              ________      ________      ________      ________      ________
               72.567        73.115        73.791        74.249        72.848


           Means
              BHRZ_IND      CHRZ_IND      DHRZ_IND
              ________      ________      ________
               75.112        73.358        73.403


           Covariances
              ABFI_HP8      BBFI_HP8      CBFI_HP8      DBFI_HP8      AHRZ_IND
              ________      ________      ________      ________      ________
 ABFI_HP8     228.824
 BBFI_HP8     168.436       232.237
 CBFI_HP8     172.525       183.934       230.314
 DBFI_HP8     163.840       182.864       181.252       232.946
 AHRZ_IND     -32.043       -30.496       -29.191       -23.847       259.556
 BHRZ_IND      15.272        -0.914        -1.752        13.739       127.799
 CHRZ_IND     -16.639       -18.764       -15.028        -8.636       125.528
 DHRZ_IND      -6.571       -25.515        -1.173         5.291       134.905


           Covariances
              BHRZ_IND      CHRZ_IND      DHRZ_IND
              ________      ________      ________
 BHRZ_IND     214.777
 CHRZ_IND     128.932       219.186
 DHRZ_IND     130.365       129.338       214.556


           Correlations
              ABFI_HP8      BBFI_HP8      CBFI_HP8      DBFI_HP8      AHRZ_IND
              ________      ________      ________      ________      ________
 ABFI_HP8       1.000
 BBFI_HP8       0.731         1.000
 CBFI_HP8       0.752         0.795         1.000
 DBFI_HP8       0.710         0.786         0.783         1.000
 AHRZ_IND      -0.131        -0.124        -0.119        -0.097         1.000
 BHRZ_IND       0.069        -0.004        -0.008         0.061         0.541
 CHRZ_IND      -0.074        -0.083        -0.067        -0.038         0.526
 DHRZ_IND      -0.030        -0.114        -0.005         0.024         0.572


           Correlations
              BHRZ_IND      CHRZ_IND      DHRZ_IND
              ________      ________      ________
 BHRZ_IND       1.000
 CHRZ_IND       0.594         1.000
 DHRZ_IND       0.607         0.596         1.000


     ESTIMATED SAMPLE STATISTICS FOR D5


           Means
              ABFI_HP8      BBFI_HP8      CBFI_HP8      DBFI_HP8      AHRZ_IND
              ________      ________      ________      ________      ________
               75.785        78.853        76.926        77.278        74.495


           Means
              BHRZ_IND      CHRZ_IND      DHRZ_IND
              ________      ________      ________
               72.575        74.733        71.626


           Covariances
              ABFI_HP8      BBFI_HP8      CBFI_HP8      DBFI_HP8      AHRZ_IND
              ________      ________      ________      ________      ________
 ABFI_HP8     186.935
 BBFI_HP8     121.181       184.789
 CBFI_HP8     149.902       142.806       205.766
 DBFI_HP8     135.929       133.539       148.464       191.889
 AHRZ_IND     -19.976       -33.015       -34.226       -13.359       226.952
 BHRZ_IND     -10.587         1.180       -25.125        16.530       148.571
 CHRZ_IND     -21.343       -26.229       -22.629        15.821       123.883
 DHRZ_IND     -23.054       -12.843       -47.668         4.986       135.041


           Covariances
              BHRZ_IND      CHRZ_IND      DHRZ_IND
              ________      ________      ________
 BHRZ_IND     279.291
 CHRZ_IND     148.604       210.361
 DHRZ_IND     162.424       148.465       229.882


           Correlations
              ABFI_HP8      BBFI_HP8      CBFI_HP8      DBFI_HP8      AHRZ_IND
              ________      ________      ________      ________      ________
 ABFI_HP8       1.000
 BBFI_HP8       0.652         1.000
 CBFI_HP8       0.764         0.732         1.000
 DBFI_HP8       0.718         0.709         0.747         1.000
 AHRZ_IND      -0.097        -0.161        -0.158        -0.064         1.000
 BHRZ_IND      -0.046         0.005        -0.105         0.071         0.590
 CHRZ_IND      -0.108        -0.133        -0.109         0.079         0.567
 DHRZ_IND      -0.111        -0.062        -0.219         0.024         0.591


           Correlations
              BHRZ_IND      CHRZ_IND      DHRZ_IND
              ________      ________      ________
 BHRZ_IND       1.000
 CHRZ_IND       0.613         1.000
 DHRZ_IND       0.641         0.675         1.000


     MAXIMUM LOG-LIKELIHOOD VALUE FOR THE UNRESTRICTED (H1) MODEL IS -20643.384


UNIVARIATE SAMPLE STATISTICS


     UNIVARIATE HIGHER-ORDER MOMENT DESCRIPTIVE STATISTICS FOR D2

         Variable/         Mean/     Skewness/   Minimum/ % with                Percentiles
        Sample Size      Variance    Kurtosis    Maximum  Min/Max      20%/60%    40%/80%    Median

     ABFI_HP8             67.258      -0.084      25.000    0.66%      53.125     62.500     65.625
             301.000     260.519      -0.559     100.000    2.33%      71.875     81.250
     BBFI_HP8             67.883      -0.145      21.875    0.45%      53.125     62.500     68.750
             223.000     253.274      -0.506     100.000    0.90%      71.875     84.375
     CBFI_HP8             68.316      -0.223      28.125    0.93%      56.250     65.625     68.750
             215.000     206.247      -0.311     100.000    0.47%      71.875     81.250
     DBFI_HP8             68.999      -0.256      28.125    0.47%      53.125     65.625     68.750
             213.000     248.755      -0.482     100.000    0.47%      71.875     84.375
     AHRZ_IND             75.415      -0.373      31.250    0.66%      62.500     75.000     75.000
             301.000     236.885      -0.408     100.000    7.64%      81.250     87.500
     BHRZ_IND             74.830      -0.304      31.250    0.91%      62.500     68.750     75.000
             220.000     238.410      -0.339     100.000    8.64%      81.250     87.500
     CHRZ_IND             74.697      -0.494      25.000    0.94%      62.500     68.750     75.000
             213.000     253.132       0.068     100.000    8.45%      81.250     87.500
     DHRZ_IND             74.736      -0.438      18.750    0.47%      62.500     75.000     75.000
             213.000     245.492      -0.102     100.000    8.92%      81.250     87.500


     UNIVARIATE HIGHER-ORDER MOMENT DESCRIPTIVE STATISTICS FOR D3

         Variable/         Mean/     Skewness/   Minimum/ % with                Percentiles
        Sample Size      Variance    Kurtosis    Maximum  Min/Max      20%/60%    40%/80%    Median

     ABFI_HP8             72.343      -0.376      31.250    0.43%      59.375     71.875     75.000
             233.000     245.269      -0.474     100.000    3.43%      78.125     87.500
     BBFI_HP8             72.227      -0.436      25.000    0.58%      56.250     68.750     75.000
             171.000     238.254      -0.414     100.000    1.17%      78.125     87.500
     CBFI_HP8             73.464      -0.389      37.500    0.62%      59.375     71.875     75.000
             161.000     239.876      -0.603     100.000    3.11%      78.125     87.500
     DBFI_HP8             73.372      -0.323      31.250    0.62%      62.500     68.750     75.000
             161.000     195.351      -0.185     100.000    2.48%      78.125     87.500
     AHRZ_IND             74.580      -0.489      25.000    0.86%      62.500     68.750     75.000
             233.000     271.771      -0.054     100.000    7.73%      81.250     87.500
     BHRZ_IND             73.922      -0.187      31.250    0.59%      56.250     68.750     75.000
             170.000     282.436      -0.638     100.000   12.35%      81.250     87.500
     CHRZ_IND             75.505      -0.411      25.000    0.62%      62.500     75.000     75.000
             161.000     256.684      -0.166     100.000   10.56%      81.250     93.750
     DHRZ_IND             74.130      -0.525      25.000    0.63%      62.500     75.000     75.000
             158.000     267.241      -0.170     100.000    6.96%      81.250     87.500


     UNIVARIATE HIGHER-ORDER MOMENT DESCRIPTIVE STATISTICS FOR D4

         Variable/         Mean/     Skewness/   Minimum/ % with                Percentiles
        Sample Size      Variance    Kurtosis    Maximum  Min/Max      20%/60%    40%/80%    Median

     ABFI_HP8             72.567      -0.517      28.125    0.51%      59.375     68.750     75.000
             198.000     228.824      -0.037     100.000    2.53%      78.125     87.500
     BBFI_HP8             72.508      -0.313      37.500    1.40%      59.375     68.750     75.000
             143.000     230.902      -0.751     100.000    0.70%      78.125     87.500
     CBFI_HP8             73.390      -0.343      34.375    1.52%      59.375     68.750     75.000
             132.000     230.748      -0.300     100.000    3.03%      78.125     87.500
     DBFI_HP8             73.452      -0.306      28.125    0.81%      59.375     68.750     71.875
             124.000     252.840      -0.521     100.000    3.23%      78.125     87.500
     AHRZ_IND             72.832      -0.469      18.750    0.51%      62.500     68.750     75.000
             197.000     259.528      -0.234     100.000    4.06%      75.000     87.500
     BHRZ_IND             75.719      -0.291      31.250    0.72%      62.500     75.000     75.000
             139.000     213.624      -0.127     100.000    8.63%      81.250     87.500
     CHRZ_IND             73.269      -0.318      31.250    0.77%      62.500     68.750     75.000
             130.000     216.355      -0.318     100.000    3.85%      75.000     87.500
     DHRZ_IND             73.086      -0.623      25.000    0.81%      62.500     68.750     75.000
             123.000     225.242       0.141     100.000    3.25%      81.250     87.500


     UNIVARIATE HIGHER-ORDER MOMENT DESCRIPTIVE STATISTICS FOR D5

         Variable/         Mean/     Skewness/   Minimum/ % with                Percentiles
        Sample Size      Variance    Kurtosis    Maximum  Min/Max      20%/60%    40%/80%    Median

     ABFI_HP8             75.733      -0.626      28.125    0.76%      65.625     75.000     78.125
             131.000     187.333       0.758     100.000    2.29%      78.125     89.286
     BBFI_HP8             79.345      -0.729      34.375    1.15%      68.750     78.125     81.250
              87.000     190.718       0.338     100.000    4.60%      84.375     93.750
     CBFI_HP8             77.287      -0.793      28.125    1.22%      65.625     75.000     78.125
              82.000     230.814       0.450     100.000    6.10%      84.375     90.625
     DBFI_HP8             78.084      -0.598      43.750    3.95%      68.750     75.000     78.125
              76.000     181.819       0.357     100.000    3.95%      81.250     90.625
     AHRZ_IND             74.495      -0.336      31.250    0.76%      62.500     75.000     75.000
             132.000     226.952      -0.130     100.000    9.09%      75.000     87.500
     BHRZ_IND             72.989      -0.449      31.250    1.15%      62.500     68.750     75.000
              87.000     277.024      -0.222     100.000    9.20%      75.000     87.500
     CHRZ_IND             74.466      -0.164      31.250    1.22%      62.500     68.750     75.000
              82.000     218.370      -0.155     100.000    8.54%      75.000     87.500
     DHRZ_IND             72.231      -0.253      37.500    2.63%      56.250     68.750     75.000
              76.000     220.942      -0.539     100.000    5.26%      75.000     87.500


THE MODEL ESTIMATION TERMINATED NORMALLY



MODEL FIT INFORMATION

Number of Free Parameters                       54

Loglikelihood

          H0 Value                      -20709.641
          H0 Scaling Correction Factor      1.1505
            for MLR

Information Criteria

          Akaike (AIC)                   41527.282
          Bayesian (BIC)                 41784.407
          Sample-Size Adjusted BIC       41612.917
            (n* = (n + 2) / 24)



MODEL RESULTS

                                                    Two-Tailed
                    Estimate       S.E.  Est./S.E.    P-Value

Group D2

 P1       BY
    ABFI_HP8           1.000      0.000    999.000    999.000

 P2       BY
    BBFI_HP8           1.000      0.000    999.000    999.000

 P3       BY
    CBFI_HP8           1.000      0.000    999.000    999.000

 P4       BY
    DBFI_HP8           1.000      0.000    999.000    999.000

 V1       BY
    AHRZ_IND           1.000      0.000    999.000    999.000

 V2       BY
    BHRZ_IND           1.000      0.000    999.000    999.000

 V3       BY
    CHRZ_IND           1.000      0.000    999.000    999.000

 V4       BY
    DHRZ_IND           1.000      0.000    999.000    999.000

 P4         ON
    P3                 0.267      0.073      3.670      0.000
    V3                -0.010      0.050     -0.208      0.835

 P3         ON
    P2                 0.267      0.073      3.670      0.000
    V2                -0.010      0.050     -0.208      0.835

 P2         ON
    P1                 0.267      0.073      3.670      0.000
    V1                -0.010      0.050     -0.208      0.835

 V4         ON
    V3                 0.163      0.080      2.041      0.041
    P3                -0.035      0.071     -0.499      0.618

 V3         ON
    V2                 0.163      0.080      2.041      0.041
    P2                -0.035      0.071     -0.499      0.618

 V2         ON
    V1                 0.163      0.080      2.041      0.041
    P1                -0.035      0.071     -0.499      0.618

 S_BFI_HP WITH
    I_BFI_HP8         -0.144      0.503     -0.287      0.774
    S_HRZ_IND         -0.006      0.069     -0.089      0.929
    I_HRZ_IND         -1.126      1.598     -0.705      0.481

 I_BFI_HP WITH
    S_HRZ_IND          0.806      1.693      0.476      0.634
    I_HRZ_IND         -9.136      8.712     -1.049      0.294

 S_HRZ_IN WITH
    I_HRZ_IND          0.366      0.559      0.655      0.513

 P1       WITH
    V1               -14.819      9.716     -1.525      0.127

 P2       WITH
    V2                -0.498      6.430     -0.077      0.938

 P3       WITH
    V3                -0.498      6.430     -0.077      0.938

 P4       WITH
    V4                -0.498      6.430     -0.077      0.938

 Means
    P1                 0.000      0.000    999.000    999.000
    V1                 0.000      0.000    999.000    999.000
    I_BFI_HP8         71.362      0.483    147.662      0.000
    S_BFI_HP8          0.290      0.043      6.813      0.000
    I_HRZ_IND         74.437      0.465    160.147      0.000
    S_HRZ_IND         -0.090      0.042     -2.117      0.034

 Intercepts
    ABFI_HP8           0.000      0.000    999.000    999.000
    BBFI_HP8           0.000      0.000    999.000    999.000
    CBFI_HP8           0.000      0.000    999.000    999.000
    DBFI_HP8           0.000      0.000    999.000    999.000
    AHRZ_IND           0.000      0.000    999.000    999.000
    BHRZ_IND           0.000      0.000    999.000    999.000
    CHRZ_IND           0.000      0.000    999.000    999.000
    DHRZ_IND           0.000      0.000    999.000    999.000
    P2                 0.000      0.000    999.000    999.000
    P3                 0.000      0.000    999.000    999.000
    P4                 0.000      0.000    999.000    999.000
    V2                 0.000      0.000    999.000    999.000
    V3                 0.000      0.000    999.000    999.000
    V4                 0.000      0.000    999.000    999.000

 Variances
    P1               102.859     13.582      7.573      0.000
    V1               125.816     18.427      6.828      0.000
    I_BFI_HP8        159.495     11.967     13.328      0.000
    S_BFI_HP8          0.042      0.103      0.407      0.684
    I_HRZ_IND        134.898     11.687     11.542      0.000
    S_HRZ_IND          0.025      0.097      0.258      0.796

 Residual Variances
    ABFI_HP8           0.000      0.000    999.000    999.000
    BBFI_HP8           0.000      0.000    999.000    999.000
    CBFI_HP8           0.000      0.000    999.000    999.000
    DBFI_HP8           0.000      0.000    999.000    999.000
    AHRZ_IND           0.000      0.000    999.000    999.000
    BHRZ_IND           0.000      0.000    999.000    999.000
    CHRZ_IND           0.000      0.000    999.000    999.000
    DHRZ_IND           0.000      0.000    999.000    999.000
    P2                79.921      7.191     11.114      0.000
    P3                79.921      7.191     11.114      0.000
    P4                79.921      7.191     11.114      0.000
    V2               127.834     13.121      9.743      0.000
    V3               127.834     13.121      9.743      0.000
    V4               127.834     13.121      9.743      0.000

Group D3

 P1       BY
    ABFI_HP8           1.000      0.000    999.000    999.000

 P2       BY
    BBFI_HP8           1.000      0.000    999.000    999.000

 P3       BY
    CBFI_HP8           1.000      0.000    999.000    999.000

 P4       BY
    DBFI_HP8           1.000      0.000    999.000    999.000

 V1       BY
    AHRZ_IND           1.000      0.000    999.000    999.000

 V2       BY
    BHRZ_IND           1.000      0.000    999.000    999.000

 V3       BY
    CHRZ_IND           1.000      0.000    999.000    999.000

 V4       BY
    DHRZ_IND           1.000      0.000    999.000    999.000

 P4         ON
    P3                 0.062      0.086      0.722      0.470
    V3                -0.018      0.050     -0.356      0.722

 P3         ON
    P2                 0.062      0.086      0.722      0.470
    V2                -0.018      0.050     -0.356      0.722

 P2         ON
    P1                 0.062      0.086      0.722      0.470
    V1                -0.018      0.050     -0.356      0.722

 V4         ON
    V3                -0.073      0.084     -0.862      0.389
    P3                -0.120      0.093     -1.294      0.196

 V3         ON
    V2                -0.073      0.084     -0.862      0.389
    P2                -0.120      0.093     -1.294      0.196

 V2         ON
    V1                -0.073      0.084     -0.862      0.389
    P1                -0.120      0.093     -1.294      0.196

 S_BFI_HP WITH
    I_BFI_HP8         -0.144      0.503     -0.287      0.774
    S_HRZ_IND         -0.006      0.069     -0.089      0.929
    I_HRZ_IND         -1.126      1.598     -0.705      0.481

 I_BFI_HP WITH
    S_HRZ_IND          0.806      1.693      0.476      0.634
    I_HRZ_IND         -9.136      8.712     -1.049      0.294

 S_HRZ_IN WITH
    I_HRZ_IND          0.366      0.559      0.655      0.513

 P1       WITH
    V1                -9.448      8.467     -1.116      0.264

 P2       WITH
    V2                 0.534      6.192      0.086      0.931

 P3       WITH
    V3                 0.534      6.192      0.086      0.931

 P4       WITH
    V4                 0.534      6.192      0.086      0.931

 Means
    P1                 0.000      0.000    999.000    999.000
    V1                 0.000      0.000    999.000    999.000
    I_BFI_HP8         71.362      0.483    147.662      0.000
    S_BFI_HP8          0.290      0.043      6.813      0.000
    I_HRZ_IND         74.437      0.465    160.147      0.000
    S_HRZ_IND         -0.090      0.042     -2.117      0.034

 Intercepts
    ABFI_HP8           0.000      0.000    999.000    999.000
    BBFI_HP8           0.000      0.000    999.000    999.000
    CBFI_HP8           0.000      0.000    999.000    999.000
    DBFI_HP8           0.000      0.000    999.000    999.000
    AHRZ_IND           0.000      0.000    999.000    999.000
    BHRZ_IND           0.000      0.000    999.000    999.000
    CHRZ_IND           0.000      0.000    999.000    999.000
    DHRZ_IND           0.000      0.000    999.000    999.000
    P2                 0.000      0.000    999.000    999.000
    P3                 0.000      0.000    999.000    999.000
    P4                 0.000      0.000    999.000    999.000
    V2                 0.000      0.000    999.000    999.000
    V3                 0.000      0.000    999.000    999.000
    V4                 0.000      0.000    999.000    999.000

 Variances
    P1                65.747     10.322      6.370      0.000
    V1               120.884     21.930      5.512      0.000
    I_BFI_HP8        159.495     11.967     13.328      0.000
    S_BFI_HP8          0.042      0.103      0.407      0.684
    I_HRZ_IND        134.898     11.687     11.542      0.000
    S_HRZ_IND          0.025      0.097      0.258      0.796

 Residual Variances
    ABFI_HP8           0.000      0.000    999.000    999.000
    BBFI_HP8           0.000      0.000    999.000    999.000
    CBFI_HP8           0.000      0.000    999.000    999.000
    DBFI_HP8           0.000      0.000    999.000    999.000
    AHRZ_IND           0.000      0.000    999.000    999.000
    BHRZ_IND           0.000      0.000    999.000    999.000
    CHRZ_IND           0.000      0.000    999.000    999.000
    DHRZ_IND           0.000      0.000    999.000    999.000
    P2                59.476      6.211      9.575      0.000
    P3                59.476      6.211      9.575      0.000
    P4                59.476      6.211      9.575      0.000
    V2                89.263      9.809      9.100      0.000
    V3                89.263      9.809      9.100      0.000
    V4                89.263      9.809      9.100      0.000

Group D4

 P1       BY
    ABFI_HP8           1.000      0.000    999.000    999.000

 P2       BY
    BBFI_HP8           1.000      0.000    999.000    999.000

 P3       BY
    CBFI_HP8           1.000      0.000    999.000    999.000

 P4       BY
    DBFI_HP8           1.000      0.000    999.000    999.000

 V1       BY
    AHRZ_IND           1.000      0.000    999.000    999.000

 V2       BY
    BHRZ_IND           1.000      0.000    999.000    999.000

 V3       BY
    CHRZ_IND           1.000      0.000    999.000    999.000

 V4       BY
    DHRZ_IND           1.000      0.000    999.000    999.000

 P4         ON
    P3                 0.020      0.092      0.217      0.828
    V3                 0.031      0.055      0.561      0.575

 P3         ON
    P2                 0.020      0.092      0.217      0.828
    V2                 0.031      0.055      0.561      0.575

 P2         ON
    P1                 0.020      0.092      0.217      0.828
    V1                 0.031      0.055      0.561      0.575

 V4         ON
    V3                -0.019      0.070     -0.268      0.788
    P3                 0.186      0.085      2.194      0.028

 V3         ON
    V2                -0.019      0.070     -0.268      0.788
    P2                 0.186      0.085      2.194      0.028

 V2         ON
    V1                -0.019      0.070     -0.268      0.788
    P1                 0.186      0.085      2.194      0.028

 S_BFI_HP WITH
    I_BFI_HP8         -0.144      0.503     -0.287      0.774
    S_HRZ_IND         -0.006      0.069     -0.089      0.929
    I_HRZ_IND         -1.126      1.598     -0.705      0.481

 I_BFI_HP WITH
    S_HRZ_IND          0.806      1.693      0.476      0.634
    I_HRZ_IND         -9.136      8.712     -1.049      0.294

 S_HRZ_IN WITH
    I_HRZ_IND          0.366      0.559      0.655      0.513

 P1       WITH
    V1                -8.500      8.121     -1.047      0.295

 P2       WITH
    V2                 7.699      5.081      1.515      0.130

 P3       WITH
    V3                 7.699      5.081      1.515      0.130

 P4       WITH
    V4                 7.699      5.081      1.515      0.130

 Means
    P1                 0.000      0.000    999.000    999.000
    V1                 0.000      0.000    999.000    999.000
    I_BFI_HP8         71.362      0.483    147.662      0.000
    S_BFI_HP8          0.290      0.043      6.813      0.000
    I_HRZ_IND         74.437      0.465    160.147      0.000
    S_HRZ_IND         -0.090      0.042     -2.117      0.034

 Intercepts
    ABFI_HP8           0.000      0.000    999.000    999.000
    BBFI_HP8           0.000      0.000    999.000    999.000
    CBFI_HP8           0.000      0.000    999.000    999.000
    DBFI_HP8           0.000      0.000    999.000    999.000
    AHRZ_IND           0.000      0.000    999.000    999.000
    BHRZ_IND           0.000      0.000    999.000    999.000
    CHRZ_IND           0.000      0.000    999.000    999.000
    DHRZ_IND           0.000      0.000    999.000    999.000
    P2                 0.000      0.000    999.000    999.000
    P3                 0.000      0.000    999.000    999.000
    P4                 0.000      0.000    999.000    999.000
    V2                 0.000      0.000    999.000    999.000
    V3                 0.000      0.000    999.000    999.000
    V4                 0.000      0.000    999.000    999.000

 Variances
    P1                72.492     12.067      6.008      0.000
    V1               126.715     24.858      5.098      0.000
    I_BFI_HP8        159.495     11.967     13.328      0.000
    S_BFI_HP8          0.042      0.103      0.407      0.684
    I_HRZ_IND        134.898     11.687     11.542      0.000
    S_HRZ_IND          0.025      0.097      0.258      0.796

 Residual Variances
    ABFI_HP8           0.000      0.000    999.000    999.000
    BBFI_HP8           0.000      0.000    999.000    999.000
    CBFI_HP8           0.000      0.000    999.000    999.000
    DBFI_HP8           0.000      0.000    999.000    999.000
    AHRZ_IND           0.000      0.000    999.000    999.000
    BHRZ_IND           0.000      0.000    999.000    999.000
    CHRZ_IND           0.000      0.000    999.000    999.000
    DHRZ_IND           0.000      0.000    999.000    999.000
    P2                51.224      5.649      9.068      0.000
    P3                51.224      5.649      9.068      0.000
    P4                51.224      5.649      9.068      0.000
    V2                84.966      9.909      8.575      0.000
    V3                84.966      9.909      8.575      0.000
    V4                84.966      9.909      8.575      0.000

Group D5

 P1       BY
    ABFI_HP8           1.000      0.000    999.000    999.000

 P2       BY
    BBFI_HP8           1.000      0.000    999.000    999.000

 P3       BY
    CBFI_HP8           1.000      0.000    999.000    999.000

 P4       BY
    DBFI_HP8           1.000      0.000    999.000    999.000

 V1       BY
    AHRZ_IND           1.000      0.000    999.000    999.000

 V2       BY
    BHRZ_IND           1.000      0.000    999.000    999.000

 V3       BY
    CHRZ_IND           1.000      0.000    999.000    999.000

 V4       BY
    DHRZ_IND           1.000      0.000    999.000    999.000

 P4         ON
    P3                -0.130      0.128     -1.015      0.310
    V3                 0.013      0.067      0.188      0.851

 P3         ON
    P2                -0.130      0.128     -1.015      0.310
    V2                 0.013      0.067      0.188      0.851

 P2         ON
    P1                -0.130      0.128     -1.015      0.310
    V1                 0.013      0.067      0.188      0.851

 V4         ON
    V3                -0.004      0.104     -0.035      0.972
    P3                -0.201      0.108     -1.858      0.063

 V3         ON
    V2                -0.004      0.104     -0.035      0.972
    P2                -0.201      0.108     -1.858      0.063

 V2         ON
    V1                -0.004      0.104     -0.035      0.972
    P1                -0.201      0.108     -1.858      0.063

 S_BFI_HP WITH
    I_BFI_HP8         -0.144      0.503     -0.287      0.774
    S_HRZ_IND         -0.006      0.069     -0.089      0.929
    I_HRZ_IND         -1.126      1.598     -0.705      0.481

 I_BFI_HP WITH
    S_HRZ_IND          0.806      1.693      0.476      0.634
    I_HRZ_IND         -9.136      8.712     -1.049      0.294

 S_HRZ_IN WITH
    I_HRZ_IND          0.366      0.559      0.655      0.513

 P1       WITH
    V1                 5.509      9.758      0.565      0.572

 P2       WITH
    V2                 4.985      5.628      0.886      0.376

 P3       WITH
    V3                 4.985      5.628      0.886      0.376

 P4       WITH
    V4                 4.985      5.628      0.886      0.376

 Means
    P1                 0.000      0.000    999.000    999.000
    V1                 0.000      0.000    999.000    999.000
    I_BFI_HP8         71.362      0.483    147.662      0.000
    S_BFI_HP8          0.290      0.043      6.813      0.000
    I_HRZ_IND         74.437      0.465    160.147      0.000
    S_HRZ_IND         -0.090      0.042     -2.117      0.034

 Intercepts
    ABFI_HP8           0.000      0.000    999.000    999.000
    BBFI_HP8           0.000      0.000    999.000    999.000
    CBFI_HP8           0.000      0.000    999.000    999.000
    DBFI_HP8           0.000      0.000    999.000    999.000
    AHRZ_IND           0.000      0.000    999.000    999.000
    BHRZ_IND           0.000      0.000    999.000    999.000
    CHRZ_IND           0.000      0.000    999.000    999.000
    DHRZ_IND           0.000      0.000    999.000    999.000
    P2                 0.000      0.000    999.000    999.000
    P3                 0.000      0.000    999.000    999.000
    P4                 0.000      0.000    999.000    999.000
    V2                 0.000      0.000    999.000    999.000
    V3                 0.000      0.000    999.000    999.000
    V4                 0.000      0.000    999.000    999.000

 Variances
    P1                51.236     11.096      4.617      0.000
    V1               100.802     20.660      4.879      0.000
    I_BFI_HP8        159.495     11.967     13.328      0.000
    S_BFI_HP8          0.042      0.103      0.407      0.684
    I_HRZ_IND        134.898     11.687     11.542      0.000
    S_HRZ_IND          0.025      0.097      0.258      0.796

 Residual Variances
    ABFI_HP8           0.000      0.000    999.000    999.000
    BBFI_HP8           0.000      0.000    999.000    999.000
    CBFI_HP8           0.000      0.000    999.000    999.000
    DBFI_HP8           0.000      0.000    999.000    999.000
    AHRZ_IND           0.000      0.000    999.000    999.000
    BHRZ_IND           0.000      0.000    999.000    999.000
    CHRZ_IND           0.000      0.000    999.000    999.000
    DHRZ_IND           0.000      0.000    999.000    999.000
    P2                50.829      9.476      5.364      0.000
    P3                50.829      9.476      5.364      0.000
    P4                50.829      9.476      5.364      0.000
    V2                89.251     10.948      8.152      0.000
    V3                89.251     10.948      8.152      0.000
    V4                89.251     10.948      8.152      0.000


QUALITY OF NUMERICAL RESULTS

     Condition Number for the Information Matrix              0.472E-05
       (ratio of smallest to largest eigenvalue)


     Beginning Time:  18:20:49
        Ending Time:  18:21:04
       Elapsed Time:  00:00:15



MUTHEN & MUTHEN
3463 Stoner Ave.
Los Angeles, CA  90066

Tel: (310) 391-9971
Fax: (310) 391-8971
Web: www.StatModel.com
Support: Support@StatModel.com

Copyright (c) 1998-2017 Muthen & Muthen
