Mplus VERSION 8 (Linux)
MUTHEN & MUTHEN
07/08/2018   5:56 PM

INPUT INSTRUCTIONS


  title: PxVx Bivariate LCM-SR - 40splitgroup - Linear bfi_e with Linear aspfin;
  data: file = /home/jflournoy/code_new/lnt_pxvx/Data/lnt_nat_recalc.tsv;

  variable:
  names =
  subjid
  aage
  aaspfin
  aaspfin_d
  abfa_mt
  abfa_mt_d
  abfas_ac
  abfas_ap
  abfas_ci
  abfas_co
  abfas_ea
  abfas_ee
  abfas_nv
  abfas_nv9
  abfas_nw
  abfas_oi
  abfas_oo
  abfi_a
  abfi_a6
  abfi_c
  abfi_d_scale
  abfi_e
  abfi_hp8
  abfi_n
  abfi_o
  abfi_s_scale
  ahrz_col
  ahrz_col_d
  ahrz_ind
  ahrz_ind_d
  amvi
  ausi
  ausi_d
  avrt_col
  avrt_col_d
  avrt_ind
  avrt_ind_d
  bage
  baspfin
  baspfin_d
  bbfa_mt
  bbfa_mt_d
  bbfas_ac
  bbfas_ap
  bbfas_ci
  bbfas_co
  bbfas_ea
  bbfas_ee
  bbfas_nv
  bbfas_nv9
  bbfas_nw
  bbfas_oi
  bbfas_oo
  bbfi_a
  bbfi_a6
  bbfi_c
  bbfi_d_scale
  bbfi_e
  bbfi_hp8
  bbfi_n
  bbfi_o
  bbfi_s_scale
  bhrz_col
  bhrz_col_d
  bhrz_ind
  bhrz_ind_d
  bmvi
  busi
  busi_d
  bvrt_col
  bvrt_col_d
  bvrt_ind
  bvrt_ind_d
  cage
  caspfin
  caspfin_d
  cbfa_mt
  cbfa_mt_d
  cbfas_ac
  cbfas_ap
  cbfas_ci
  cbfas_co
  cbfas_ea
  cbfas_ee
  cbfas_nv
  cbfas_nv9
  cbfas_nw
  cbfas_oi
  cbfas_oo
  cbfi_a
  cbfi_a6
  cbfi_c
  cbfi_d_scale
  cbfi_e
  cbfi_hp8
  cbfi_n
  cbfi_o
  cbfi_s_scale
  chrz_col
  chrz_col_d
  chrz_ind
  chrz_ind_d
  cmvi
  cusi
  cusi_d
  cvrt_col
  cvrt_col_d
  cvrt_ind
  cvrt_ind_d
  dage
  daspfin
  daspfin_d
  dbfa_mt
  dbfa_mt_d
  dbfas_ac
  dbfas_ap
  dbfas_ci
  dbfas_co
  dbfas_ea
  dbfas_ee
  dbfas_nv
  dbfas_nv9
  dbfas_nw
  dbfas_oi
  dbfas_oo
  dbfi_a
  dbfi_a6
  dbfi_c
  dbfi_d_scale
  dbfi_e
  dbfi_hp8
  dbfi_n
  dbfi_o
  dbfi_s_scale
  dhrz_col
  dhrz_col_d
  dhrz_ind
  dhrz_ind_d
  dmvi
  dusi
  dusi_d
  dvrt_col
  dvrt_col_d
  dvrt_ind
  dvrt_ind_d;

  USEVARIABLES =
  abfi_e
  bbfi_e
  cbfi_e
  dbfi_e
  aaspfin
  baspfin
  caspfin
  daspfin
  a1
  a2
  a3
  a4
  aagegrp
  ;

  missing = all (-9999);

  tscores = a1 a2 a3 a4;

  grouping = aagegrp (0=earlier, 1=later);

  DEFINE:

  aagegrp = aage;

  cut aagegrp (39);

  a1 = aage + 0 - 36;
  a2 = aage + 1 - 36;
  a3 = aage + 2 - 36;
  a4 = aage + 3 - 36;

  ANALYSIS:
  TYPE=RANDOM;
  PROCESSORS = 6;
  model=nocovariances; ! supresses default estimation of certain covs in model;

  MODEL:

  i_bfi_e s_bfi_e | abfi_e bbfi_e cbfi_e dbfi_e AT a1 a2 a3 a4;
  i_aspfin s_aspfin | aaspfin baspfin caspfin daspfin AT a1 a2 a3 a4;

  ! freeing factor covs because of "nocovariances"
  ! But ensure they are constrained across groups
  s_bfi_e WITH i_bfi_e (p)
  s_aspfin (q)
  i_aspfin (r);
  i_bfi_e WITH s_aspfin (s)
  i_aspfin (t);
  s_aspfin WITH i_aspfin (u);

  !constrain latent growth means across groups
  [i_bfi_e] (v);
  [s_bfi_e] (w);
  [i_aspfin] (x);
  [s_aspfin] (y);

  !constrain latent growth variances across groups
  i_bfi_e (l);
  s_bfi_e (m);
  i_aspfin (n);
  s_aspfin (o);

  p1 BY abfi_e@1; ! Residual "factors";
  p2 BY bbfi_e@1;
  p3 BY cbfi_e@1;
  p4 BY dbfi_e@1;

  v1 BY aaspfin@1; ! Residual "factors";
  v2 BY baspfin@1;
  v3 BY caspfin@1;
  v4 BY daspfin@1;

  !residual variances on observed/manifest vars set to 0
  abfi_e@0;
  bbfi_e@0;
  cbfi_e@0;
  dbfi_e@0;

  !residual variances on observed/manifest vars set to 0
  aaspfin@0;
  baspfin@0;
  caspfin@0;
  daspfin@0;

  ! means of observed/manifest vars set to 0
  [abfi_e@0];
  [bbfi_e@0];
  [cbfi_e@0];
  [dbfi_e@0];

  ! means of observed/manifest vars set to 0
  [aaspfin@0];
  [baspfin@0];
  [caspfin@0];
  [daspfin@0];

  [p1@0]; ! means of residual "factors" set to 0
  [p2@0];
  [p3@0];
  [p4@0];

  [v1@0]; ! means of residual "factors" set to 0
  [v2@0];
  [v3@0];
  [v4@0];

  p4 on p3 (a); ! Autoregressive paths constrained to equality
  p3 on p2 (a);
  p2 on p1 (a);

  v4 on v3 (b); ! Autoregressive paths constrained to equality
  v3 on v2 (b);
  v2 on v1 (b);

  p4 on v3 (c); ! Cross-lagged paths constrained to equality
  p3 on v2 (c);
  p2 on v1 (c);

  v4 on p3 (d); ! Cross-lagged paths constrained to equality
  v3 on p2 (d);
  v2 on p1 (d);

  p1 with v1; !(this one is not like the others)

  p2 with v2 (e); ! Within-wave correlations constrained to equality
  p3 with v3 (e);
  p4 with v4 (e);

  p2 p3 p4 (f); ! estimate variances of residual "factors"
  v2 v3 v4 (g); ! estimate variances of residual "factors"

  MODEL earlier:

  p4 on p3 (a23); ! Autoregressive paths constrained to equality
  p3 on p2 (a23);
  p2 on p1 (a23);

  v4 on v3 (b23); ! Autoregressive paths constrained to equality
  v3 on v2 (b23);
  v2 on v1 (b23);

  p4 on v3 (c23); ! Cross-lagged paths constrained to equality
  p3 on v2 (c23);
  p2 on v1 (c23);

  v4 on p3 (d23); ! Cross-lagged paths constrained to equality
  v3 on p2 (d23);
  v2 on p1 (d23);

  p1 with v1; !(this one is not like the others)

  p2 with v2 (e23); ! Within-wave correlations constrained to equality
  p3 with v3 (e23);
  p4 with v4 (e23);

  p2 p3 p4 (f23); ! estimate variances of residual "factors"
  v2 v3 v4 (g23); ! estimate variances of residual "factors"

  MODEL later:

  p4 on p3 (a45); ! Autoregressive paths constrained to equality
  p3 on p2 (a45);
  p2 on p1 (a45);

  v4 on v3 (b45); ! Autoregressive paths constrained to equality
  v3 on v2 (b45);
  v2 on v1 (b45);

  p4 on v3 (c45); ! Cross-lagged paths constrained to equality
  p3 on v2 (c45);
  p2 on v1 (c45);

  v4 on p3 (d45); ! Cross-lagged paths constrained to equality
  v3 on p2 (d45);
  v2 on p1 (d45);

  p1 with v1; !(this one is not like the others)

  p2 with v2 (e45); ! Within-wave correlations constrained to equality
  p3 with v3 (e45);
  p4 with v4 (e45);

  p2 p3 p4 (f45); ! estimate variances of residual "factors"
  v2 v3 v4 (g45); ! estimate variances of residual "factors"

  OUTPUT: SAMPSTAT PATTERNS;



*** WARNING
  Data set contains unknown or missing values for GROUPING,
  PATTERN, COHORT, CLUSTER and/or STRATIFICATION variables.
  Number of cases with unknown or missing values:  5
   1 WARNING(S) FOUND IN THE INPUT INSTRUCTIONS



PxVx Bivariate LCM-SR - 40splitgroup - Linear bfi_e with Linear aspfin;

SUMMARY OF ANALYSIS

Number of groups                                                 2
Number of observations
   Group EARLIER                                               534
   Group LATER                                                 330
   Total sample size                                           864

Number of dependent variables                                    8
Number of independent variables                                  0
Number of continuous latent variables                           12

Observed dependent variables

  Continuous
   ABFI_E      BBFI_E      CBFI_E      DBFI_E      AASPFIN     BASPFIN
   CASPFIN     DASPFIN

Continuous latent variables
   P1          P2          P3          P4          V1          V2
   V3          V4          I_BFI_E     S_BFI_E     I_ASPFIN    S_ASPFIN

Variables with special functions

  Grouping variable     AAGEGRP

  Time scores
   A1          A2          A3          A4


Estimator                                                      MLR
Information matrix                                        OBSERVED
Maximum number of iterations                                   100
Convergence criterion                                    0.100D-05
Maximum number of EM iterations                                500
Convergence criteria for the EM algorithm
  Loglikelihood change                                   0.100D-02
  Relative loglikelihood change                          0.100D-05
  Derivative                                             0.100D-03
Minimum variance                                         0.100D-03
Maximum number of steepest descent iterations                   20
Maximum number of iterations for H1                           2000
Convergence criterion for H1                             0.100D-03
Optimization algorithm                                         EMA

Input data file(s)
  /home/jflournoy/code_new/lnt_pxvx/Data/lnt_nat_recalc.tsv
Input data format  FREE


SUMMARY OF DATA

   Group EARLIER
     Number of missing data patterns            15

   Group LATER
     Number of missing data patterns            15


SUMMARY OF MISSING DATA PATTERNS


     MISSING DATA PATTERNS (x = not missing) FOR EARLIER

           1  2  3  4  5  6  7  8  9 10 11 12 13 14 15
 ABFI_E    x  x  x  x  x  x  x  x  x  x  x  x  x  x  x
 BBFI_E    x     x     x  x        x  x  x  x        x
 CBFI_E    x        x     x     x     x     x  x     x
 DBFI_E    x     x  x        x        x        x  x  x
 AASPFIN   x  x  x  x  x  x  x  x     x  x  x  x  x  x
 BASPFIN   x     x     x  x        x  x     x
 CASPFIN   x        x     x     x     x     x  x     x
 DASPFIN   x     x  x        x              x        x


     MISSING DATA PATTERN FREQUENCIES FOR EARLIER

    Pattern   Frequency     Pattern   Frequency     Pattern   Frequency
          1         329           6          20          11           1
          2         100           7          14          12           1
          3          14           8          11          13           1
          4          12           9           1          14           2
          5          26          10           1          15           1


     MISSING DATA PATTERNS (x = not missing) FOR LATER

           1  2  3  4  5  6  7  8  9 10 11 12 13 14 15
 ABFI_E    x  x  x  x  x  x  x  x  x  x  x  x     x  x
 BBFI_E    x     x     x  x        x     x  x        x
 CBFI_E    x        x     x     x     x  x  x
 DBFI_E    x     x  x        x        x  x  x  x     x
 AASPFIN   x  x  x  x  x  x  x  x  x  x  x  x  x     x
 BASPFIN   x     x     x  x                 x
 CASPFIN   x        x     x     x     x  x
 DASPFIN   x     x  x        x           x  x  x     x


     MISSING DATA PATTERN FREQUENCIES FOR LATER

    Pattern   Frequency     Pattern   Frequency     Pattern   Frequency
          1         165           6          26          11           1
          2          68           7           9          12           1
          3          12           8          11          13           1
          4           9           9           2          14           1
          5          22          10           1          15           1


COVARIANCE COVERAGE OF DATA

Minimum covariance coverage value   0.100


     PROPORTION OF DATA PRESENT FOR EARLIER


           Covariance Coverage
              ABFI_E        BBFI_E        CBFI_E        DBFI_E        AASPFIN
              ________      ________      ________      ________      ________
 ABFI_E         1.000
 BBFI_E         0.738         0.738
 CBFI_E         0.704         0.659         0.704
 DBFI_E         0.700         0.646         0.644         0.700
 AASPFIN        0.998         0.736         0.704         0.700         0.998
 BASPFIN        0.734         0.734         0.657         0.644         0.732
 CASPFIN        0.704         0.659         0.704         0.644         0.704
 DASPFIN        0.695         0.646         0.642         0.693         0.695


           Covariance Coverage
              BASPFIN       CASPFIN       DASPFIN
              ________      ________      ________
 BASPFIN        0.734
 CASPFIN        0.657         0.704
 DASPFIN        0.644         0.642         0.695


     PROPORTION OF DATA PRESENT FOR LATER


           Covariance Coverage
              ABFI_E        BBFI_E        CBFI_E        DBFI_E        AASPFIN
              ________      ________      ________      ________      ________
 ABFI_E         1.000
 BBFI_E         0.700         0.700
 CBFI_E         0.652         0.588         0.652
 DBFI_E         0.603         0.542         0.536         0.603
 AASPFIN        0.994         0.694         0.652         0.603         0.994
 BASPFIN        0.694         0.694         0.585         0.539         0.688
 CASPFIN        0.652         0.588         0.652         0.536         0.652
 DASPFIN        0.597         0.542         0.533         0.594         0.597


           Covariance Coverage
              BASPFIN       CASPFIN       DASPFIN
              ________      ________      ________
 BASPFIN        0.694
 CASPFIN        0.585         0.652
 DASPFIN        0.539         0.533         0.597


SAMPLE STATISTICS


     ESTIMATED SAMPLE STATISTICS FOR EARLIER


           Means
              ABFI_E        BBFI_E        CBFI_E        DBFI_E        AASPFIN
              ________      ________      ________      ________      ________
               53.519        53.445        52.441        52.195        49.405


           Means
              BASPFIN       CASPFIN       DASPFIN
              ________      ________      ________
               49.397        49.489        48.634


           Covariances
              ABFI_E        BBFI_E        CBFI_E        DBFI_E        AASPFIN
              ________      ________      ________      ________      ________
 ABFI_E       515.266
 BBFI_E       437.228       485.912
 CBFI_E       423.926       421.168       476.340
 DBFI_E       408.553       400.570       414.169       468.809
 AASPFIN      112.781       100.720        93.705        91.235       526.079
 BASPFIN       97.553       100.456        82.664        71.295       419.511
 CASPFIN       99.283        99.422        96.419        84.043       413.415
 DASPFIN      102.346       106.005        98.754        74.588       405.760


           Covariances
              BASPFIN       CASPFIN       DASPFIN
              ________      ________      ________
 BASPFIN      555.373
 CASPFIN      459.945       583.443
 DASPFIN      441.719       450.319       585.320


           Correlations
              ABFI_E        BBFI_E        CBFI_E        DBFI_E        AASPFIN
              ________      ________      ________      ________      ________
 ABFI_E         1.000
 BBFI_E         0.874         1.000
 CBFI_E         0.856         0.875         1.000
 DBFI_E         0.831         0.839         0.876         1.000
 AASPFIN        0.217         0.199         0.187         0.184         1.000
 BASPFIN        0.182         0.193         0.161         0.140         0.776
 CASPFIN        0.181         0.187         0.183         0.161         0.746
 DASPFIN        0.186         0.199         0.187         0.142         0.731


           Correlations
              BASPFIN       CASPFIN       DASPFIN
              ________      ________      ________
 BASPFIN        1.000
 CASPFIN        0.808         1.000
 DASPFIN        0.775         0.771         1.000


     ESTIMATED SAMPLE STATISTICS FOR LATER


           Means
              ABFI_E        BBFI_E        CBFI_E        DBFI_E        AASPFIN
              ________      ________      ________      ________      ________
               57.146        56.321        57.214        56.571        46.948


           Means
              BASPFIN       CASPFIN       DASPFIN
              ________      ________      ________
               46.597        47.632        48.501


           Covariances
              ABFI_E        BBFI_E        CBFI_E        DBFI_E        AASPFIN
              ________      ________      ________      ________      ________
 ABFI_E       448.625
 BBFI_E       392.068       457.270
 CBFI_E       394.978       396.050       446.361
 DBFI_E       399.261       398.992       416.903       494.130
 AASPFIN       62.228        58.719        75.809        67.361       437.685
 BASPFIN       51.238        54.401        63.360        45.276       338.511
 CASPFIN       84.419        85.912       115.882       103.153       312.984
 DASPFIN       86.426        99.630       116.766       106.375       309.253


           Covariances
              BASPFIN       CASPFIN       DASPFIN
              ________      ________      ________
 BASPFIN      451.348
 CASPFIN      341.620       428.300
 DASPFIN      339.093       342.414       436.943


           Correlations
              ABFI_E        BBFI_E        CBFI_E        DBFI_E        AASPFIN
              ________      ________      ________      ________      ________
 ABFI_E         1.000
 BBFI_E         0.866         1.000
 CBFI_E         0.883         0.877         1.000
 DBFI_E         0.848         0.839         0.888         1.000
 AASPFIN        0.140         0.131         0.172         0.145         1.000
 BASPFIN        0.114         0.120         0.141         0.096         0.762
 CASPFIN        0.193         0.194         0.265         0.224         0.723
 DASPFIN        0.195         0.223         0.264         0.229         0.707


           Correlations
              BASPFIN       CASPFIN       DASPFIN
              ________      ________      ________
 BASPFIN        1.000
 CASPFIN        0.777         1.000
 DASPFIN        0.764         0.792         1.000


     MAXIMUM LOG-LIKELIHOOD VALUE FOR THE UNRESTRICTED (H1) MODEL IS -21568.121


UNIVARIATE SAMPLE STATISTICS


     UNIVARIATE HIGHER-ORDER MOMENT DESCRIPTIVE STATISTICS FOR EARLIER

         Variable/         Mean/     Skewness/   Minimum/ % with                Percentiles
        Sample Size      Variance    Kurtosis    Maximum  Min/Max      20%/60%    40%/80%    Median

     ABFI_E               53.519      -0.110       0.000    0.37%      34.375     50.000     53.125
             534.000     515.266      -0.620     100.000    0.56%      59.375     75.000
     BBFI_E               53.114      -0.083       0.000    0.51%      34.375     50.000     53.125
             394.000     482.653      -0.440     100.000    1.02%      59.375     71.875
     CBFI_E               51.828      -0.021       0.000    0.27%      31.250     46.875     53.125
             376.000     484.990      -0.463     100.000    1.33%      56.250     68.750
     DBFI_E               51.878      -0.073       0.000    0.53%      34.375     46.875     51.562
             374.000     483.926      -0.489     100.000    1.34%      56.250     68.750
     AASPFIN              49.434       0.175       0.000    1.69%      30.000     40.000     50.000
             533.000     526.224      -0.529     100.000    2.44%      55.000     70.000
     BASPFIN              49.069       0.234       0.000    1.02%      25.000     40.000     45.000
             392.000     563.363      -0.670     100.000    3.32%      55.000     70.000
     CASPFIN              49.402       0.276       0.000    0.53%      25.000     40.000     47.500
             376.000     588.006      -0.771     100.000    2.93%      55.000     70.000
     DASPFIN              48.265       0.216       0.000    0.54%      25.000     40.000     45.000
             371.000     599.284      -0.852     100.000    3.23%      55.000     70.000


     UNIVARIATE HIGHER-ORDER MOMENT DESCRIPTIVE STATISTICS FOR LATER

         Variable/         Mean/     Skewness/   Minimum/ % with                Percentiles
        Sample Size      Variance    Kurtosis    Maximum  Min/Max      20%/60%    40%/80%    Median

     ABFI_E               57.146      -0.138       3.125    0.30%      37.500     53.125     59.375
             329.000     449.607      -0.625     100.000    1.52%      62.500     75.000
     BBFI_E               54.275      -0.100       6.250    0.43%      34.375     46.875     53.125
             230.000     469.667      -0.844     100.000    0.43%      59.375     75.000
     CBFI_E               56.263      -0.207       3.125    0.47%      34.375     50.000     59.375
             214.000     469.461      -0.633     100.000    1.40%      62.500     75.000
     DBFI_E               56.357      -0.081       0.000    0.50%      34.375     50.000     56.250
             200.000     505.549      -0.725     100.000    1.00%      62.500     78.125
     AASPFIN              46.953       0.367       0.000    0.91%      30.000     40.000     45.000
             329.000     437.704      -0.158     100.000    1.52%      50.000     65.000
     BASPFIN              46.661       0.453       5.000    0.44%      30.000     40.000     45.000
             226.000     443.443      -0.197     100.000    2.21%      50.000     65.000
     CASPFIN              47.729       0.276       0.000    0.94%      30.000     40.000     45.000
             213.000     432.995      -0.322     100.000    1.41%      50.000     65.000
     DASPFIN              48.505       0.355       0.000    0.50%      30.000     40.000     45.000
             199.000     442.897      -0.455     100.000    1.01%      50.000     65.000


THE MODEL ESTIMATION TERMINATED NORMALLY



MODEL FIT INFORMATION

Number of Free Parameters                       34

Loglikelihood

          H0 Value                      -21602.128
          H0 Scaling Correction Factor      1.2347
            for MLR

Information Criteria

          Akaike (AIC)                   43272.257
          Bayesian (BIC)                 43434.150
          Sample-Size Adjusted BIC       43326.175
            (n* = (n + 2) / 24)



MODEL RESULTS

                                                    Two-Tailed
                    Estimate       S.E.  Est./S.E.    P-Value

Group EARLIER

 P1       BY
    ABFI_E             1.000      0.000    999.000    999.000

 P2       BY
    BBFI_E             1.000      0.000    999.000    999.000

 P3       BY
    CBFI_E             1.000      0.000    999.000    999.000

 P4       BY
    DBFI_E             1.000      0.000    999.000    999.000

 V1       BY
    AASPFIN            1.000      0.000    999.000    999.000

 V2       BY
    BASPFIN            1.000      0.000    999.000    999.000

 V3       BY
    CASPFIN            1.000      0.000    999.000    999.000

 V4       BY
    DASPFIN            1.000      0.000    999.000    999.000

 P4         ON
    P3                 0.238      0.077      3.085      0.002
    V3                -0.050      0.045     -1.116      0.264

 P3         ON
    P2                 0.238      0.077      3.085      0.002
    V2                -0.050      0.045     -1.116      0.264

 P2         ON
    P1                 0.238      0.077      3.085      0.002
    V1                -0.050      0.045     -1.116      0.264

 V4         ON
    V3                 0.159      0.086      1.859      0.063
    P3                -0.026      0.095     -0.274      0.784

 V3         ON
    V2                 0.159      0.086      1.859      0.063
    P2                -0.026      0.095     -0.274      0.784

 V2         ON
    V1                 0.159      0.086      1.859      0.063
    P1                -0.026      0.095     -0.274      0.784

 S_BFI_E  WITH
    I_BFI_E           -1.849      0.968     -1.909      0.056
    S_ASPFIN          -0.002      0.135     -0.012      0.990
    I_ASPFIN          -1.869      2.656     -0.704      0.482

 I_BFI_E  WITH
    S_ASPFIN           1.068      2.699      0.396      0.692
    I_ASPFIN          89.696     19.420      4.619      0.000

 S_ASPFIN WITH
    I_ASPFIN          -2.024      1.097     -1.846      0.065

 P1       WITH
    V1                11.855     10.040      1.181      0.238

 P2       WITH
    V2                -3.081      5.512     -0.559      0.576

 P3       WITH
    V3                -3.081      5.512     -0.559      0.576

 P4       WITH
    V4                -3.081      5.512     -0.559      0.576

 Means
    P1                 0.000      0.000    999.000    999.000
    V1                 0.000      0.000    999.000    999.000
    I_BFI_E           54.291      0.721     75.349      0.000
    S_BFI_E            0.173      0.065      2.666      0.008
    I_ASPFIN          48.535      0.728     66.641      0.000
    S_ASPFIN          -0.077      0.063     -1.216      0.224

 Intercepts
    ABFI_E             0.000      0.000    999.000    999.000
    BBFI_E             0.000      0.000    999.000    999.000
    CBFI_E             0.000      0.000    999.000    999.000
    DBFI_E             0.000      0.000    999.000    999.000
    AASPFIN            0.000      0.000    999.000    999.000
    BASPFIN            0.000      0.000    999.000    999.000
    CASPFIN            0.000      0.000    999.000    999.000
    DASPFIN            0.000      0.000    999.000    999.000
    P2                 0.000      0.000    999.000    999.000
    P3                 0.000      0.000    999.000    999.000
    P4                 0.000      0.000    999.000    999.000
    V2                 0.000      0.000    999.000    999.000
    V3                 0.000      0.000    999.000    999.000
    V4                 0.000      0.000    999.000    999.000

 Variances
    P1                86.458     10.983      7.872      0.000
    V1               137.793     15.269      9.025      0.000
    I_BFI_E          375.452     24.994     15.021      0.000
    S_BFI_E            0.271      0.173      1.568      0.117
    I_ASPFIN         365.831     25.454     14.372      0.000
    S_ASPFIN           0.143      0.173      0.824      0.410

 Residual Variances
    ABFI_E             0.000      0.000    999.000    999.000
    BBFI_E             0.000      0.000    999.000    999.000
    CBFI_E             0.000      0.000    999.000    999.000
    DBFI_E             0.000      0.000    999.000    999.000
    AASPFIN            0.000      0.000    999.000    999.000
    BASPFIN            0.000      0.000    999.000    999.000
    CASPFIN            0.000      0.000    999.000    999.000
    DASPFIN            0.000      0.000    999.000    999.000
    P2                73.834      5.474     13.487      0.000
    P3                73.834      5.474     13.487      0.000
    P4                73.834      5.474     13.487      0.000
    V2               143.027     13.267     10.781      0.000
    V3               143.027     13.267     10.781      0.000
    V4               143.027     13.267     10.781      0.000

Group LATER

 P1       BY
    ABFI_E             1.000      0.000    999.000    999.000

 P2       BY
    BBFI_E             1.000      0.000    999.000    999.000

 P3       BY
    CBFI_E             1.000      0.000    999.000    999.000

 P4       BY
    DBFI_E             1.000      0.000    999.000    999.000

 V1       BY
    AASPFIN            1.000      0.000    999.000    999.000

 V2       BY
    BASPFIN            1.000      0.000    999.000    999.000

 V3       BY
    CASPFIN            1.000      0.000    999.000    999.000

 V4       BY
    DASPFIN            1.000      0.000    999.000    999.000

 P4         ON
    P3                 0.168      0.107      1.574      0.116
    V3                 0.026      0.055      0.470      0.639

 P3         ON
    P2                 0.168      0.107      1.574      0.116
    V2                 0.026      0.055      0.470      0.639

 P2         ON
    P1                 0.168      0.107      1.574      0.116
    V1                 0.026      0.055      0.470      0.639

 V4         ON
    V3                 0.137      0.079      1.740      0.082
    P3                 0.071      0.110      0.650      0.516

 V3         ON
    V2                 0.137      0.079      1.740      0.082
    P2                 0.071      0.110      0.650      0.516

 V2         ON
    V1                 0.137      0.079      1.740      0.082
    P1                 0.071      0.110      0.650      0.516

 S_BFI_E  WITH
    I_BFI_E           -1.849      0.968     -1.909      0.056
    S_ASPFIN          -0.002      0.135     -0.012      0.990
    I_ASPFIN          -1.869      2.656     -0.704      0.482

 I_BFI_E  WITH
    S_ASPFIN           1.068      2.699      0.396      0.692
    I_ASPFIN          89.696     19.420      4.619      0.000

 S_ASPFIN WITH
    I_ASPFIN          -2.024      1.097     -1.846      0.065

 P1       WITH
    V1                 1.667      9.351      0.178      0.859

 P2       WITH
    V2                10.562      6.516      1.621      0.105

 P3       WITH
    V3                10.562      6.516      1.621      0.105

 P4       WITH
    V4                10.562      6.516      1.621      0.105

 Means
    P1                 0.000      0.000    999.000    999.000
    V1                 0.000      0.000    999.000    999.000
    I_BFI_E           54.291      0.721     75.349      0.000
    S_BFI_E            0.173      0.065      2.666      0.008
    I_ASPFIN          48.535      0.728     66.641      0.000
    S_ASPFIN          -0.077      0.063     -1.216      0.224

 Intercepts
    ABFI_E             0.000      0.000    999.000    999.000
    BBFI_E             0.000      0.000    999.000    999.000
    CBFI_E             0.000      0.000    999.000    999.000
    DBFI_E             0.000      0.000    999.000    999.000
    AASPFIN            0.000      0.000    999.000    999.000
    BASPFIN            0.000      0.000    999.000    999.000
    CASPFIN            0.000      0.000    999.000    999.000
    DASPFIN            0.000      0.000    999.000    999.000
    P2                 0.000      0.000    999.000    999.000
    P3                 0.000      0.000    999.000    999.000
    P4                 0.000      0.000    999.000    999.000
    V2                 0.000      0.000    999.000    999.000
    V3                 0.000      0.000    999.000    999.000
    V4                 0.000      0.000    999.000    999.000

 Variances
    P1                62.551      8.957      6.984      0.000
    V1               133.497     17.142      7.788      0.000
    I_BFI_E          375.452     24.994     15.021      0.000
    S_BFI_E            0.271      0.173      1.568      0.117
    I_ASPFIN         365.831     25.454     14.372      0.000
    S_ASPFIN           0.143      0.173      0.824      0.410

 Residual Variances
    ABFI_E             0.000      0.000    999.000    999.000
    BBFI_E             0.000      0.000    999.000    999.000
    CBFI_E             0.000      0.000    999.000    999.000
    DBFI_E             0.000      0.000    999.000    999.000
    AASPFIN            0.000      0.000    999.000    999.000
    BASPFIN            0.000      0.000    999.000    999.000
    CASPFIN            0.000      0.000    999.000    999.000
    DASPFIN            0.000      0.000    999.000    999.000
    P2                68.344     10.089      6.774      0.000
    P3                68.344     10.089      6.774      0.000
    P4                68.344     10.089      6.774      0.000
    V2               109.163     11.981      9.111      0.000
    V3               109.163     11.981      9.111      0.000
    V4               109.163     11.981      9.111      0.000


QUALITY OF NUMERICAL RESULTS

     Condition Number for the Information Matrix              0.629E-05
       (ratio of smallest to largest eigenvalue)


     Beginning Time:  17:56:27
        Ending Time:  17:56:39
       Elapsed Time:  00:00:12



MUTHEN & MUTHEN
3463 Stoner Ave.
Los Angeles, CA  90066

Tel: (310) 391-9971
Fax: (310) 391-8971
Web: www.StatModel.com
Support: Support@StatModel.com

Copyright (c) 1998-2017 Muthen & Muthen
