Mplus VERSION 8 (Linux)
MUTHEN & MUTHEN
07/08/2018   5:55 PM

INPUT INSTRUCTIONS


  title: PxVx Bivariate LCM-SR - decadegroup - Linear bfas_oi with Linear aspfin;
  data: file = /home/jflournoy/code_new/lnt_pxvx/Data/lnt_nat_recalc.tsv;

  variable:
  names =
  subjid
  aage
  aaspfin
  aaspfin_d
  abfa_mt
  abfa_mt_d
  abfas_ac
  abfas_ap
  abfas_ci
  abfas_co
  abfas_ea
  abfas_ee
  abfas_nv
  abfas_nv9
  abfas_nw
  abfas_oi
  abfas_oo
  abfi_a
  abfi_a6
  abfi_c
  abfi_d_scale
  abfi_e
  abfi_hp8
  abfi_n
  abfi_o
  abfi_s_scale
  ahrz_col
  ahrz_col_d
  ahrz_ind
  ahrz_ind_d
  amvi
  ausi
  ausi_d
  avrt_col
  avrt_col_d
  avrt_ind
  avrt_ind_d
  bage
  baspfin
  baspfin_d
  bbfa_mt
  bbfa_mt_d
  bbfas_ac
  bbfas_ap
  bbfas_ci
  bbfas_co
  bbfas_ea
  bbfas_ee
  bbfas_nv
  bbfas_nv9
  bbfas_nw
  bbfas_oi
  bbfas_oo
  bbfi_a
  bbfi_a6
  bbfi_c
  bbfi_d_scale
  bbfi_e
  bbfi_hp8
  bbfi_n
  bbfi_o
  bbfi_s_scale
  bhrz_col
  bhrz_col_d
  bhrz_ind
  bhrz_ind_d
  bmvi
  busi
  busi_d
  bvrt_col
  bvrt_col_d
  bvrt_ind
  bvrt_ind_d
  cage
  caspfin
  caspfin_d
  cbfa_mt
  cbfa_mt_d
  cbfas_ac
  cbfas_ap
  cbfas_ci
  cbfas_co
  cbfas_ea
  cbfas_ee
  cbfas_nv
  cbfas_nv9
  cbfas_nw
  cbfas_oi
  cbfas_oo
  cbfi_a
  cbfi_a6
  cbfi_c
  cbfi_d_scale
  cbfi_e
  cbfi_hp8
  cbfi_n
  cbfi_o
  cbfi_s_scale
  chrz_col
  chrz_col_d
  chrz_ind
  chrz_ind_d
  cmvi
  cusi
  cusi_d
  cvrt_col
  cvrt_col_d
  cvrt_ind
  cvrt_ind_d
  dage
  daspfin
  daspfin_d
  dbfa_mt
  dbfa_mt_d
  dbfas_ac
  dbfas_ap
  dbfas_ci
  dbfas_co
  dbfas_ea
  dbfas_ee
  dbfas_nv
  dbfas_nv9
  dbfas_nw
  dbfas_oi
  dbfas_oo
  dbfi_a
  dbfi_a6
  dbfi_c
  dbfi_d_scale
  dbfi_e
  dbfi_hp8
  dbfi_n
  dbfi_o
  dbfi_s_scale
  dhrz_col
  dhrz_col_d
  dhrz_ind
  dhrz_ind_d
  dmvi
  dusi
  dusi_d
  dvrt_col
  dvrt_col_d
  dvrt_ind
  dvrt_ind_d;

  USEVARIABLES =
  abfas_oi
  bbfas_oi
  cbfas_oi
  dbfas_oi
  aaspfin
  baspfin
  caspfin
  daspfin
  a1
  a2
  a3
  a4
  aagegrp
  ;

  missing = all (-9999);

  tscores = a1 a2 a3 a4;

  grouping = aagegrp (0=d2, 1=d3, 2=d4, 3=d5);

  DEFINE:

  aagegrp = aage;

  cut aagegrp (29 39 49);

  a1 = aage + 0 - 36;
  a2 = aage + 1 - 36;
  a3 = aage + 2 - 36;
  a4 = aage + 3 - 36;

  ANALYSIS:
  TYPE=RANDOM;
  PROCESSORS = 6;
  model=nocovariances; ! supresses default estimation of certain covs in model;

  MODEL:

  i_bfas_oi s_bfas_oi | abfas_oi bbfas_oi cbfas_oi dbfas_oi AT a1 a2 a3 a4;
  i_aspfin s_aspfin | aaspfin baspfin caspfin daspfin AT a1 a2 a3 a4;

  ! freeing factor covs because of "nocovariances"
  ! But ensure they are constrained across groups
  s_bfas_oi WITH i_bfas_oi (p)
  s_aspfin (q)
  i_aspfin (r);
  i_bfas_oi WITH s_aspfin (s)
  i_aspfin (t);
  s_aspfin WITH i_aspfin (u);

  !constrain latent growth means across groups
  [i_bfas_oi] (v);
  [s_bfas_oi] (w);
  [i_aspfin] (x);
  [s_aspfin] (y);

  !constrain latent growth variances across groups
  i_bfas_oi (l);
  s_bfas_oi (m);
  i_aspfin (n);
  s_aspfin (o);

  p1 BY abfas_oi@1; ! Residual "factors";
  p2 BY bbfas_oi@1;
  p3 BY cbfas_oi@1;
  p4 BY dbfas_oi@1;

  v1 BY aaspfin@1; ! Residual "factors";
  v2 BY baspfin@1;
  v3 BY caspfin@1;
  v4 BY daspfin@1;

  !residual variances on observed/manifest vars set to 0
  abfas_oi@0;
  bbfas_oi@0;
  cbfas_oi@0;
  dbfas_oi@0;

  !residual variances on observed/manifest vars set to 0
  aaspfin@0;
  baspfin@0;
  caspfin@0;
  daspfin@0;

  ! means of observed/manifest vars set to 0
  [abfas_oi@0];
  [bbfas_oi@0];
  [cbfas_oi@0];
  [dbfas_oi@0];

  ! means of observed/manifest vars set to 0
  [aaspfin@0];
  [baspfin@0];
  [caspfin@0];
  [daspfin@0];

  [p1@0]; ! means of residual "factors" set to 0
  [p2@0];
  [p3@0];
  [p4@0];

  [v1@0]; ! means of residual "factors" set to 0
  [v2@0];
  [v3@0];
  [v4@0];

  p4 on p3 (a); ! Autoregressive paths constrained to equality
  p3 on p2 (a);
  p2 on p1 (a);

  v4 on v3 (b); ! Autoregressive paths constrained to equality
  v3 on v2 (b);
  v2 on v1 (b);

  p4 on v3 (c); ! Cross-lagged paths constrained to equality
  p3 on v2 (c);
  p2 on v1 (c);

  v4 on p3 (d); ! Cross-lagged paths constrained to equality
  v3 on p2 (d);
  v2 on p1 (d);

  p1 with v1; !(this one is not like the others)

  p2 with v2 (e); ! Within-wave correlations constrained to equality
  p3 with v3 (e);
  p4 with v4 (e);

  p2 p3 p4 (f); ! estimate variances of residual "factors"
  v2 v3 v4 (g); ! estimate variances of residual "factors"

  MODEL d2:

  p4 on p3 (a2); ! Autoregressive paths constrained to equality
  p3 on p2 (a2);
  p2 on p1 (a2);

  v4 on v3 (b2); ! Autoregressive paths constrained to equality
  v3 on v2 (b2);
  v2 on v1 (b2);

  p4 on v3 (c2); ! Cross-lagged paths constrained to equality
  p3 on v2 (c2);
  p2 on v1 (c2);

  v4 on p3 (d2); ! Cross-lagged paths constrained to equality
  v3 on p2 (d2);
  v2 on p1 (d2);

  p1 with v1; !(this one is not like the others)

  p2 with v2 (e2); ! Within-wave correlations constrained to equality
  p3 with v3 (e2);
  p4 with v4 (e2);

  p2 p3 p4 (f2); ! estimate variances of residual "factors"
  v2 v3 v4 (g2); ! estimate variances of residual "factors"

  MODEL d3:

  p4 on p3 (a3); ! Autoregressive paths constrained to equality
  p3 on p2 (a3);
  p2 on p1 (a3);

  v4 on v3 (b3); ! Autoregressive paths constrained to equality
  v3 on v2 (b3);
  v2 on v1 (b3);

  p4 on v3 (c3); ! Cross-lagged paths constrained to equality
  p3 on v2 (c3);
  p2 on v1 (c3);

  v4 on p3 (d3); ! Cross-lagged paths constrained to equality
  v3 on p2 (d3);
  v2 on p1 (d3);

  p1 with v1; !(this one is not like the others)

  p2 with v2 (e3); ! Within-wave correlations constrained to equality
  p3 with v3 (e3);
  p4 with v4 (e3);

  p2 p3 p4 (f3); ! estimate variances of residual "factors"
  v2 v3 v4 (g3); ! estimate variances of residual "factors"

  MODEL d4:

  p4 on p3 (a4); ! Autoregressive paths constrained to equality
  p3 on p2 (a4);
  p2 on p1 (a4);

  v4 on v3 (b4); ! Autoregressive paths constrained to equality
  v3 on v2 (b4);
  v2 on v1 (b4);

  p4 on v3 (c4); ! Cross-lagged paths constrained to equality
  p3 on v2 (c4);
  p2 on v1 (c4);

  v4 on p3 (d4); ! Cross-lagged paths constrained to equality
  v3 on p2 (d4);
  v2 on p1 (d4);

  p1 with v1; !(this one is not like the others)

  p2 with v2 (e4); ! Within-wave correlations constrained to equality
  p3 with v3 (e4);
  p4 with v4 (e4);

  p2 p3 p4 (f4); ! estimate variances of residual "factors"
  v2 v3 v4 (g4); ! estimate variances of residual "factors"

  MODEL d5:

  p4 on p3 (a5); ! Autoregressive paths constrained to equality
  p3 on p2 (a5);
  p2 on p1 (a5);

  v4 on v3 (b5); ! Autoregressive paths constrained to equality
  v3 on v2 (b5);
  v2 on v1 (b5);

  p4 on v3 (c5); ! Cross-lagged paths constrained to equality
  p3 on v2 (c5);
  p2 on v1 (c5);

  v4 on p3 (d5); ! Cross-lagged paths constrained to equality
  v3 on p2 (d5);
  v2 on p1 (d5);

  p1 with v1; !(this one is not like the others)

  p2 with v2 (e5); ! Within-wave correlations constrained to equality
  p3 with v3 (e5);
  p4 with v4 (e5);

  p2 p3 p4 (f5); ! estimate variances of residual "factors"
  v2 v3 v4 (g5); ! estimate variances of residual "factors"

  OUTPUT: SAMPSTAT PATTERNS;



*** WARNING
  Data set contains unknown or missing values for GROUPING,
  PATTERN, COHORT, CLUSTER and/or STRATIFICATION variables.
  Number of cases with unknown or missing values:  5
   1 WARNING(S) FOUND IN THE INPUT INSTRUCTIONS



PxVx Bivariate LCM-SR - decadegroup - Linear bfas_oi with Linear aspfin;

SUMMARY OF ANALYSIS

Number of groups                                                 4
Number of observations
   Group D2                                                    301
   Group D3                                                    233
   Group D4                                                    198
   Group D5                                                    132
   Total sample size                                           864

Number of dependent variables                                    8
Number of independent variables                                  0
Number of continuous latent variables                           12

Observed dependent variables

  Continuous
   ABFAS_OI    BBFAS_OI    CBFAS_OI    DBFAS_OI    AASPFIN     BASPFIN
   CASPFIN     DASPFIN

Continuous latent variables
   P1          P2          P3          P4          V1          V2
   V3          V4          I_BFAS_O    S_BFAS_O    I_ASPFIN    S_ASPFIN

Variables with special functions

  Grouping variable     AAGEGRP

  Time scores
   A1          A2          A3          A4


Estimator                                                      MLR
Information matrix                                        OBSERVED
Maximum number of iterations                                   100
Convergence criterion                                    0.100D-05
Maximum number of EM iterations                                500
Convergence criteria for the EM algorithm
  Loglikelihood change                                   0.100D-02
  Relative loglikelihood change                          0.100D-05
  Derivative                                             0.100D-03
Minimum variance                                         0.100D-03
Maximum number of steepest descent iterations                   20
Maximum number of iterations for H1                           2000
Convergence criterion for H1                             0.100D-03
Optimization algorithm                                         EMA

Input data file(s)
  /home/jflournoy/code_new/lnt_pxvx/Data/lnt_nat_recalc.tsv
Input data format  FREE


SUMMARY OF DATA

   Group D2
     Number of missing data patterns            13

   Group D3
     Number of missing data patterns            10

   Group D4
     Number of missing data patterns            13

   Group D5
     Number of missing data patterns             9


SUMMARY OF MISSING DATA PATTERNS


     MISSING DATA PATTERNS (x = not missing) FOR D2

           1  2  3  4  5  6  7  8  9 10 11 12 13
 ABFAS_OI  x  x  x  x  x  x  x  x  x     x  x  x
 BBFAS_OI  x     x  x  x     x        x  x     x
 CBFAS_OI  x           x        x  x  x  x  x  x
 DBFAS_OI  x     x        x        x  x     x  x
 AASPFIN   x  x  x  x  x  x     x  x  x  x  x  x
 BASPFIN   x     x  x  x     x        x  x  x
 CASPFIN   x           x        x  x  x  x  x  x
 DASPFIN   x     x        x        x  x  x  x  x


     MISSING DATA PATTERN FREQUENCIES FOR D2

    Pattern   Frequency     Pattern   Frequency     Pattern   Frequency
          1         187           6          11          11           1
          2          57           7           1          12           1
          3           6           8           5          13           1
          4          11           9           5
          5          14          10           1


     MISSING DATA PATTERNS (x = not missing) FOR D3

           1  2  3  4  5  6  7  8  9 10
 ABFAS_OI  x  x  x  x  x  x  x  x  x  x
 BBFAS_OI  x     x  x  x           x
 CBFAS_OI  x           x     x  x
 DBFAS_OI  x     x        x     x     x
 AASPFIN   x  x  x  x  x  x  x  x  x  x
 BASPFIN   x     x  x  x
 CASPFIN   x           x     x  x
 DASPFIN   x     x        x     x


     MISSING DATA PATTERN FREQUENCIES FOR D3

    Pattern   Frequency     Pattern   Frequency     Pattern   Frequency
          1         140           5           7           9           1
          2          44           6           3          10           1
          3           8           7           7
          4          15           8           7


     MISSING DATA PATTERNS (x = not missing) FOR D4

           1  2  3  4  5  6  7  8  9 10 11 12 13
 ABFAS_OI  x  x  x  x  x  x  x  x  x  x  x  x  x
 BBFAS_OI  x     x  x  x           x  x  x     x
 CBFAS_OI  x           x     x  x  x     x
 DBFAS_OI  x     x        x     x  x     x     x
 AASPFIN   x  x  x  x  x  x  x  x  x  x  x     x
 BASPFIN   x     x  x  x                 x
 CASPFIN   x           x     x  x  x
 DASPFIN   x     x        x     x  x     x     x


     MISSING DATA PATTERN FREQUENCIES FOR D4

    Pattern   Frequency     Pattern   Frequency     Pattern   Frequency
          1         104           6           4          11           1
          2          39           7           6          12           1
          3           7           8           5          13           1
          4          12           9           1
          5          15          10           2


     MISSING DATA PATTERNS (x = not missing) FOR D5

           1  2  3  4  5  6  7  8  9
 ABFAS_OI  x  x  x  x  x  x  x  x
 BBFAS_OI  x     x  x  x           x
 CBFAS_OI  x           x     x  x  x
 DBFAS_OI  x     x        x     x  x
 AASPFIN   x  x  x  x  x  x  x  x  x
 BASPFIN   x     x  x  x           x
 CASPFIN   x           x     x  x  x
 DASPFIN   x     x        x     x  x


     MISSING DATA PATTERN FREQUENCIES FOR D5

    Pattern   Frequency     Pattern   Frequency     Pattern   Frequency
          1          60           4          10           7           6
          2          29           5          11           8           4
          3           5           6           6           9           1


COVARIANCE COVERAGE OF DATA

Minimum covariance coverage value   0.100


     PROPORTION OF DATA PRESENT FOR D2


           Covariance Coverage
              ABFAS_OI      BBFAS_OI      CBFAS_OI      DBFAS_OI      AASPFIN
              ________      ________      ________      ________      ________
 ABFAS_OI       0.997
 BBFAS_OI       0.734         0.738
 CBFAS_OI       0.711         0.678         0.714
 DBFAS_OI       0.701         0.648         0.648         0.704
 AASPFIN        0.993         0.734         0.714         0.704         0.997
 BASPFIN        0.734         0.734         0.678         0.648         0.734
 CASPFIN        0.711         0.678         0.714         0.648         0.714
 DASPFIN        0.704         0.651         0.651         0.704         0.708


           Covariance Coverage
              BASPFIN       CASPFIN       DASPFIN
              ________      ________      ________
 BASPFIN        0.738
 CASPFIN        0.678         0.714
 DASPFIN        0.651         0.651         0.708


     PROPORTION OF DATA PRESENT FOR D3


           Covariance Coverage
              ABFAS_OI      BBFAS_OI      CBFAS_OI      DBFAS_OI      AASPFIN
              ________      ________      ________      ________      ________
 ABFAS_OI       0.996
 BBFAS_OI       0.760         0.764
 CBFAS_OI       0.665         0.635         0.670
 DBFAS_OI       0.652         0.639         0.609         0.657
 AASPFIN        0.966         0.734         0.670         0.657         0.970
 BASPFIN        0.760         0.764         0.635         0.639         0.734
 CASPFIN        0.665         0.635         0.670         0.609         0.670
 DASPFIN        0.652         0.639         0.609         0.657         0.657


           Covariance Coverage
              BASPFIN       CASPFIN       DASPFIN
              ________      ________      ________
 BASPFIN        0.764
 CASPFIN        0.635         0.670
 DASPFIN        0.639         0.609         0.657


     PROPORTION OF DATA PRESENT FOR D4


           Covariance Coverage
              ABFAS_OI      BBFAS_OI      CBFAS_OI      DBFAS_OI      AASPFIN
              ________      ________      ________      ________      ________
 ABFAS_OI       0.990
 BBFAS_OI       0.737         0.747
 CBFAS_OI       0.646         0.621         0.657
 DBFAS_OI       0.596         0.576         0.551         0.606
 AASPFIN        0.960         0.717         0.657         0.606         0.970
 BASPFIN        0.737         0.742         0.621         0.576         0.717
 CASPFIN        0.646         0.621         0.657         0.551         0.657
 DASPFIN        0.601         0.581         0.556         0.606         0.611


           Covariance Coverage
              BASPFIN       CASPFIN       DASPFIN
              ________      ________      ________
 BASPFIN        0.747
 CASPFIN        0.621         0.657
 DASPFIN        0.581         0.556         0.611


     PROPORTION OF DATA PRESENT FOR D5


           Covariance Coverage
              ABFAS_OI      BBFAS_OI      CBFAS_OI      DBFAS_OI      AASPFIN
              ________      ________      ________      ________      ________
 ABFAS_OI       1.000
 BBFAS_OI       0.697         0.697
 CBFAS_OI       0.576         0.538         0.576
 DBFAS_OI       0.545         0.492         0.462         0.545
 AASPFIN        0.955         0.652         0.576         0.545         0.955
 BASPFIN        0.697         0.697         0.538         0.492         0.652
 CASPFIN        0.576         0.538         0.576         0.462         0.576
 DASPFIN        0.545         0.492         0.462         0.545         0.545


           Covariance Coverage
              BASPFIN       CASPFIN       DASPFIN
              ________      ________      ________
 BASPFIN        0.697
 CASPFIN        0.538         0.576
 DASPFIN        0.492         0.462         0.545


SAMPLE STATISTICS


     ESTIMATED SAMPLE STATISTICS FOR D2


           Means
              ABFAS_OI      BBFAS_OI      CBFAS_OI      DBFAS_OI      AASPFIN
              ________      ________      ________      ________      ________
               74.934        74.171        74.430        74.322        49.963


           Means
              BASPFIN       CASPFIN       DASPFIN
              ________      ________      ________
               50.045        49.676        48.110


           Covariances
              ABFAS_OI      BBFAS_OI      CBFAS_OI      DBFAS_OI      AASPFIN
              ________      ________      ________      ________      ________
 ABFAS_OI     271.527
 BBFAS_OI     191.956       225.956
 CBFAS_OI     208.536       201.528       275.668
 DBFAS_OI     187.269       174.381       213.348       256.094
 AASPFIN      -65.992       -81.072       -67.255       -25.914       542.984
 BASPFIN      -50.801       -70.667       -57.568       -10.362       397.931
 CASPFIN      -64.236       -58.498       -63.060       -20.753       413.101
 DASPFIN      -49.245       -57.773       -68.913       -20.098       390.185


           Covariances
              BASPFIN       CASPFIN       DASPFIN
              ________      ________      ________
 BASPFIN      517.245
 CASPFIN      435.314       578.576
 DASPFIN      416.321       450.534       606.454


           Correlations
              ABFAS_OI      BBFAS_OI      CBFAS_OI      DBFAS_OI      AASPFIN
              ________      ________      ________      ________      ________
 ABFAS_OI       1.000
 BBFAS_OI       0.775         1.000
 CBFAS_OI       0.762         0.807         1.000
 DBFAS_OI       0.710         0.725         0.803         1.000
 AASPFIN       -0.172        -0.231        -0.174        -0.069         1.000
 BASPFIN       -0.136        -0.207        -0.152        -0.028         0.751
 CASPFIN       -0.162        -0.162        -0.158        -0.054         0.737
 DASPFIN       -0.121        -0.156        -0.169        -0.051         0.680


           Correlations
              BASPFIN       CASPFIN       DASPFIN
              ________      ________      ________
 BASPFIN        1.000
 CASPFIN        0.796         1.000
 DASPFIN        0.743         0.761         1.000


     ESTIMATED SAMPLE STATISTICS FOR D3


           Means
              ABFAS_OI      BBFAS_OI      CBFAS_OI      DBFAS_OI      AASPFIN
              ________      ________      ________      ________      ________
               77.318        76.720        76.409        77.281        48.677


           Means
              BASPFIN       CASPFIN       DASPFIN
              ________      ________      ________
               48.642        49.246        49.067


           Covariances
              ABFAS_OI      BBFAS_OI      CBFAS_OI      DBFAS_OI      AASPFIN
              ________      ________      ________      ________      ________
 ABFAS_OI     223.176
 BBFAS_OI     204.790       252.785
 CBFAS_OI     183.627       204.695       252.638
 DBFAS_OI     186.915       197.237       198.927       233.491
 AASPFIN      -22.255       -10.640       -24.572       -37.323       503.648
 BASPFIN      -35.141        -6.108       -21.373       -39.241       446.207
 CASPFIN      -63.993       -38.552       -50.228       -64.665       415.289
 DASPFIN      -31.027       -10.030       -15.002       -42.153       427.156


           Covariances
              BASPFIN       CASPFIN       DASPFIN
              ________      ________      ________
 BASPFIN      602.004
 CASPFIN      492.187       592.434
 DASPFIN      473.792       451.137       555.189


           Correlations
              ABFAS_OI      BBFAS_OI      CBFAS_OI      DBFAS_OI      AASPFIN
              ________      ________      ________      ________      ________
 ABFAS_OI       1.000
 BBFAS_OI       0.862         1.000
 CBFAS_OI       0.773         0.810         1.000
 DBFAS_OI       0.819         0.812         0.819         1.000
 AASPFIN       -0.066        -0.030        -0.069        -0.109         1.000
 BASPFIN       -0.096        -0.016        -0.055        -0.105         0.810
 CASPFIN       -0.176        -0.100        -0.130        -0.174         0.760
 DASPFIN       -0.088        -0.027        -0.040        -0.117         0.808


           Correlations
              BASPFIN       CASPFIN       DASPFIN
              ________      ________      ________
 BASPFIN        1.000
 CASPFIN        0.824         1.000
 DASPFIN        0.820         0.787         1.000


     ESTIMATED SAMPLE STATISTICS FOR D4


           Means
              ABFAS_OI      BBFAS_OI      CBFAS_OI      DBFAS_OI      AASPFIN
              ________      ________      ________      ________      ________
               75.132        75.376        74.596        74.617        46.848


           Means
              BASPFIN       CASPFIN       DASPFIN
              ________      ________      ________
               46.254        47.842        48.586


           Covariances
              ABFAS_OI      BBFAS_OI      CBFAS_OI      DBFAS_OI      AASPFIN
              ________      ________      ________      ________      ________
 ABFAS_OI     249.838
 BBFAS_OI     204.763       245.523
 CBFAS_OI     204.639       210.492       255.537
 DBFAS_OI     197.480       204.536       222.188       247.904
 AASPFIN       -3.344       -15.580        26.405         1.653       466.015
 BASPFIN      -18.182       -10.897        17.541         3.890       355.932
 CASPFIN      -41.878       -26.365        15.071       -13.403       314.714
 DASPFIN      -20.662       -11.224        16.142        11.158       320.869


           Covariances
              BASPFIN       CASPFIN       DASPFIN
              ________      ________      ________
 BASPFIN      466.210
 CASPFIN      338.676       414.141
 DASPFIN      340.694       340.244       438.753


           Correlations
              ABFAS_OI      BBFAS_OI      CBFAS_OI      DBFAS_OI      AASPFIN
              ________      ________      ________      ________      ________
 ABFAS_OI       1.000
 BBFAS_OI       0.827         1.000
 CBFAS_OI       0.810         0.840         1.000
 DBFAS_OI       0.794         0.829         0.883         1.000
 AASPFIN       -0.010        -0.046         0.077         0.005         1.000
 BASPFIN       -0.053        -0.032         0.051         0.011         0.764
 CASPFIN       -0.130        -0.083         0.046        -0.042         0.716
 DASPFIN       -0.062        -0.034         0.048         0.034         0.710


           Correlations
              BASPFIN       CASPFIN       DASPFIN
              ________      ________      ________
 BASPFIN        1.000
 CASPFIN        0.771         1.000
 DASPFIN        0.753         0.798         1.000


     ESTIMATED SAMPLE STATISTICS FOR D5


           Means
              ABFAS_OI      BBFAS_OI      CBFAS_OI      DBFAS_OI      AASPFIN
              ________      ________      ________      ________      ________
               73.796        73.465        71.579        71.530        47.112


           Means
              BASPFIN       CASPFIN       DASPFIN
              ________      ________      ________
               47.409        47.137        48.231


           Covariances
              ABFAS_OI      BBFAS_OI      CBFAS_OI      DBFAS_OI      AASPFIN
              ________      ________      ________      ________      ________
 ABFAS_OI     269.218
 BBFAS_OI     199.273       232.789
 CBFAS_OI     225.990       210.844       270.789
 DBFAS_OI     247.641       223.508       243.222       300.372
 AASPFIN      -13.150        15.080        10.331        -9.912       395.410
 BASPFIN       10.158        18.093        11.213         3.998       304.103
 CASPFIN       29.707        38.139        32.395        19.185       302.195
 DASPFIN        9.854        14.059        32.699        11.501       294.200


           Covariances
              BASPFIN       CASPFIN       DASPFIN
              ________      ________      ________
 BASPFIN      417.168
 CASPFIN      335.240       436.597
 DASPFIN      332.667       336.850       433.415


           Correlations
              ABFAS_OI      BBFAS_OI      CBFAS_OI      DBFAS_OI      AASPFIN
              ________      ________      ________      ________      ________
 ABFAS_OI       1.000
 BBFAS_OI       0.796         1.000
 CBFAS_OI       0.837         0.840         1.000
 DBFAS_OI       0.871         0.845         0.853         1.000
 AASPFIN       -0.040         0.050         0.032        -0.029         1.000
 BASPFIN        0.030         0.058         0.033         0.011         0.749
 CASPFIN        0.087         0.120         0.094         0.053         0.727
 DASPFIN        0.029         0.044         0.095         0.032         0.711


           Correlations
              BASPFIN       CASPFIN       DASPFIN
              ________      ________      ________
 BASPFIN        1.000
 CASPFIN        0.786         1.000
 DASPFIN        0.782         0.774         1.000


     MAXIMUM LOG-LIKELIHOOD VALUE FOR THE UNRESTRICTED (H1) MODEL IS -20957.420


UNIVARIATE SAMPLE STATISTICS


     UNIVARIATE HIGHER-ORDER MOMENT DESCRIPTIVE STATISTICS FOR D2

         Variable/         Mean/     Skewness/   Minimum/ % with                Percentiles
        Sample Size      Variance    Kurtosis    Maximum  Min/Max      20%/60%    40%/80%    Median

     ABFAS_OI             74.914      -0.627      15.000    0.33%      60.000     72.500     77.500
             300.000     272.023       0.154     100.000    3.67%      80.000     90.000
     BBFAS_OI             73.924      -0.308      35.000    0.45%      60.000     70.000     75.000
             222.000     217.482      -0.530     100.000    2.25%      80.000     87.500
     CBFAS_OI             74.416      -0.543      25.000    0.47%      60.000     70.000     75.000
             215.000     268.640      -0.162     100.000    4.19%      80.000     90.000
     DBFAS_OI             74.860      -0.552      20.000    0.47%      60.000     72.500     75.000
             212.000     241.370       0.121     100.000    2.83%      82.500     90.000
     AASPFIN              50.022       0.093       0.000    2.00%      30.000     45.000     50.000
             300.000     542.967      -0.569     100.000    2.33%      55.000     70.000
     BASPFIN              49.510       0.182       0.000    0.90%      30.000     40.000     50.000
             222.000     518.770      -0.686     100.000    2.25%      55.000     70.000
     CASPFIN              49.953       0.245       0.000    0.47%      25.000     40.000     50.000
             215.000     571.161      -0.808     100.000    2.79%      55.000     70.000
     DASPFIN              47.958       0.215       0.000    0.94%      25.000     40.000     45.000
             213.000     612.144      -0.854     100.000    2.82%      55.000     70.000


     UNIVARIATE HIGHER-ORDER MOMENT DESCRIPTIVE STATISTICS FOR D3

         Variable/         Mean/     Skewness/   Minimum/ % with                Percentiles
        Sample Size      Variance    Kurtosis    Maximum  Min/Max      20%/60%    40%/80%    Median

     ABFAS_OI             77.318      -0.428      38.889    0.43%      65.000     75.000     80.000
             233.000     223.176      -0.472     100.000    7.73%      82.500     92.500
     BBFAS_OI             77.057      -0.576      32.500    1.17%      62.500     75.000     80.000
             171.000     251.105      -0.400     100.000    4.09%      85.000     92.500
     CBFAS_OI             76.058      -0.656      22.500    0.62%      62.500     75.000     77.500
             161.000     254.860       0.127     100.000    4.35%      82.500     90.000
     DBFAS_OI             77.727      -0.554      35.000    0.63%      67.500     75.000     77.500
             159.000     225.926      -0.146     100.000    6.92%      82.500     92.500
     AASPFIN              48.677       0.286       0.000    1.29%      30.000     40.000     45.000
             233.000     503.648      -0.457     100.000    2.58%      50.000     70.000
     BASPFIN              48.493       0.297       0.000    1.18%      25.000     40.000     45.000
             170.000     621.009      -0.678     100.000    4.71%      55.000     70.000
     CASPFIN              48.665       0.321       0.000    0.62%      25.000     40.000     45.000
             161.000     609.552      -0.724     100.000    3.11%      50.000     70.000
     DASPFIN              48.679       0.221       5.000    1.27%      25.000     40.000     45.000
             158.000     581.650      -0.853     100.000    3.80%      55.000     70.000


     UNIVARIATE HIGHER-ORDER MOMENT DESCRIPTIVE STATISTICS FOR D4

         Variable/         Mean/     Skewness/   Minimum/ % with                Percentiles
        Sample Size      Variance    Kurtosis    Maximum  Min/Max      20%/60%    40%/80%    Median

     ABFAS_OI             75.132      -0.411      35.000    1.01%      62.500     72.222     75.000
             198.000     249.838      -0.411     100.000    5.05%      80.000     90.000
     BBFAS_OI             76.232      -0.692      22.500    0.70%      65.000     75.000     77.500
             143.000     250.211       0.542     100.000    6.99%      80.000     90.000
     CBFAS_OI             75.492      -0.351      32.500    0.76%      60.000     72.500     77.500
             132.000     255.061      -0.603     100.000    4.55%      80.000     92.500
     DBFAS_OI             76.077      -0.714      25.000    0.81%      62.500     75.000     77.500
             123.000     252.854       0.141     100.000    4.88%      82.500     90.000
     AASPFIN              46.846       0.347       0.000    1.02%      25.000     40.000     45.000
             197.000     466.015      -0.307     100.000    1.52%      50.000     65.000
     BASPFIN              45.902       0.447       5.000    0.72%      25.000     40.000     45.000
             139.000     457.670      -0.142     100.000    2.16%      45.000     60.000
     CASPFIN              48.330       0.228       0.000    1.53%      30.000     40.000     50.000
             131.000     415.926      -0.373     100.000    0.76%      50.000     65.000
     DASPFIN              48.333       0.233       0.000    0.81%      30.000     40.000     45.000
             123.000     439.702      -0.438      95.000    4.07%      55.000     65.000


     UNIVARIATE HIGHER-ORDER MOMENT DESCRIPTIVE STATISTICS FOR D5

         Variable/         Mean/     Skewness/   Minimum/ % with                Percentiles
        Sample Size      Variance    Kurtosis    Maximum  Min/Max      20%/60%    40%/80%    Median

     ABFAS_OI             73.742      -0.618      17.500    0.76%      60.000     70.000     75.000
             131.000     270.480       0.624     100.000    5.34%      80.000     90.000
     BBFAS_OI             73.483      -0.719      27.500    1.15%      61.111     72.500     75.000
              87.000     230.727       0.265     100.000    1.15%      77.500     87.500
     CBFAS_OI             72.043      -0.876      20.000    1.22%      60.000     70.000     72.500
              82.000     257.946       0.938      97.500    3.66%      77.500     87.500
     DBFAS_OI             73.856      -0.997      15.000    1.32%      60.000     72.500     77.500
              76.000     303.456       0.882     100.000    2.63%      80.556     87.500
     AASPFIN              47.112       0.407       0.000    0.76%      30.000     40.000     45.000
             132.000     395.410       0.099     100.000    1.52%      50.000     60.000
     BASPFIN              47.874       0.483      10.000    1.15%      30.000     40.000     45.000
              87.000     418.323      -0.313     100.000    2.30%      50.000     65.000
     CASPFIN              46.768       0.356       5.000    1.22%      25.000     40.000     45.000
              82.000     458.763      -0.244     100.000    2.44%      50.000     65.000
     DASPFIN              48.783       0.545      15.000    1.32%      30.000     40.000     45.000
              76.000     447.943      -0.500     100.000    2.63%      50.000     70.000


THE MODEL ESTIMATION TERMINATED NORMALLY



MODEL FIT INFORMATION

Number of Free Parameters                       54

Loglikelihood

          H0 Value                      -21026.344
          H0 Scaling Correction Factor      1.2318
            for MLR

Information Criteria

          Akaike (AIC)                   42160.688
          Bayesian (BIC)                 42417.813
          Sample-Size Adjusted BIC       42246.323
            (n* = (n + 2) / 24)



MODEL RESULTS

                                                    Two-Tailed
                    Estimate       S.E.  Est./S.E.    P-Value

Group D2

 P1       BY
    ABFAS_OI           1.000      0.000    999.000    999.000

 P2       BY
    BBFAS_OI           1.000      0.000    999.000    999.000

 P3       BY
    CBFAS_OI           1.000      0.000    999.000    999.000

 P4       BY
    DBFAS_OI           1.000      0.000    999.000    999.000

 V1       BY
    AASPFIN            1.000      0.000    999.000    999.000

 V2       BY
    BASPFIN            1.000      0.000    999.000    999.000

 V3       BY
    CASPFIN            1.000      0.000    999.000    999.000

 V4       BY
    DASPFIN            1.000      0.000    999.000    999.000

 P4         ON
    P3                 0.212      0.095      2.235      0.025
    V3                -0.045      0.047     -0.947      0.344

 P3         ON
    P2                 0.212      0.095      2.235      0.025
    V2                -0.045      0.047     -0.947      0.344

 P2         ON
    P1                 0.212      0.095      2.235      0.025
    V1                -0.045      0.047     -0.947      0.344

 V4         ON
    V3                 0.160      0.090      1.782      0.075
    P3                -0.048      0.106     -0.454      0.650

 V3         ON
    V2                 0.160      0.090      1.782      0.075
    P2                -0.048      0.106     -0.454      0.650

 V2         ON
    V1                 0.160      0.090      1.782      0.075
    P1                -0.048      0.106     -0.454      0.650

 S_BFAS_O WITH
    I_BFAS_OI          0.204      0.634      0.322      0.747
    S_ASPFIN          -0.021      0.102     -0.204      0.839
    I_ASPFIN           3.042      2.278      1.335      0.182

 I_BFAS_O WITH
    S_ASPFIN          -0.576      2.323     -0.248      0.804
    I_ASPFIN         -27.054     14.329     -1.888      0.059

 S_ASPFIN WITH
    I_ASPFIN          -1.795      1.139     -1.576      0.115

 P1       WITH
    V1                -3.664     12.459     -0.294      0.769

 P2       WITH
    V2                -7.506      6.387     -1.175      0.240

 P3       WITH
    V3                -7.506      6.387     -1.175      0.240

 P4       WITH
    V4                -7.506      6.387     -1.175      0.240

 Means
    P1                 0.000      0.000    999.000    999.000
    V1                 0.000      0.000    999.000    999.000
    I_BFAS_OI         75.309      0.516    145.916      0.000
    S_BFAS_OI         -0.074      0.046     -1.611      0.107
    I_ASPFIN          48.510      0.731     66.401      0.000
    S_ASPFIN          -0.043      0.063     -0.689      0.491

 Intercepts
    ABFAS_OI           0.000      0.000    999.000    999.000
    BBFAS_OI           0.000      0.000    999.000    999.000
    CBFAS_OI           0.000      0.000    999.000    999.000
    DBFAS_OI           0.000      0.000    999.000    999.000
    AASPFIN            0.000      0.000    999.000    999.000
    BASPFIN            0.000      0.000    999.000    999.000
    CASPFIN            0.000      0.000    999.000    999.000
    DASPFIN            0.000      0.000    999.000    999.000
    P2                 0.000      0.000    999.000    999.000
    P3                 0.000      0.000    999.000    999.000
    P4                 0.000      0.000    999.000    999.000
    V2                 0.000      0.000    999.000    999.000
    V3                 0.000      0.000    999.000    999.000
    V4                 0.000      0.000    999.000    999.000

 Variances
    P1                79.713     12.608      6.322      0.000
    V1               168.720     22.309      7.563      0.000
    I_BFAS_OI        183.180     13.700     13.371      0.000
    S_BFAS_OI          0.140      0.109      1.283      0.199
    I_ASPFIN         371.941     25.376     14.657      0.000
    S_ASPFIN           0.104      0.179      0.582      0.561

 Residual Variances
    ABFAS_OI           0.000      0.000    999.000    999.000
    BBFAS_OI           0.000      0.000    999.000    999.000
    CBFAS_OI           0.000      0.000    999.000    999.000
    DBFAS_OI           0.000      0.000    999.000    999.000
    AASPFIN            0.000      0.000    999.000    999.000
    BASPFIN            0.000      0.000    999.000    999.000
    CASPFIN            0.000      0.000    999.000    999.000
    DASPFIN            0.000      0.000    999.000    999.000
    P2                62.510      7.778      8.037      0.000
    P3                62.510      7.778      8.037      0.000
    P4                62.510      7.778      8.037      0.000
    V2               151.271     16.070      9.413      0.000
    V3               151.271     16.070      9.413      0.000
    V4               151.271     16.070      9.413      0.000

Group D3

 P1       BY
    ABFAS_OI           1.000      0.000    999.000    999.000

 P2       BY
    BBFAS_OI           1.000      0.000    999.000    999.000

 P3       BY
    CBFAS_OI           1.000      0.000    999.000    999.000

 P4       BY
    DBFAS_OI           1.000      0.000    999.000    999.000

 V1       BY
    AASPFIN            1.000      0.000    999.000    999.000

 V2       BY
    BASPFIN            1.000      0.000    999.000    999.000

 V3       BY
    CASPFIN            1.000      0.000    999.000    999.000

 V4       BY
    DASPFIN            1.000      0.000    999.000    999.000

 P4         ON
    P3                 0.252      0.098      2.566      0.010
    V3                -0.011      0.045     -0.248      0.804

 P3         ON
    P2                 0.252      0.098      2.566      0.010
    V2                -0.011      0.045     -0.248      0.804

 P2         ON
    P1                 0.252      0.098      2.566      0.010
    V1                -0.011      0.045     -0.248      0.804

 V4         ON
    V3                 0.103      0.132      0.778      0.436
    P3                 0.001      0.121      0.006      0.995

 V3         ON
    V2                 0.103      0.132      0.778      0.436
    P2                 0.001      0.121      0.006      0.995

 V2         ON
    V1                 0.103      0.132      0.778      0.436
    P1                 0.001      0.121      0.006      0.995

 S_BFAS_O WITH
    I_BFAS_OI          0.204      0.634      0.322      0.747
    S_ASPFIN          -0.021      0.102     -0.204      0.839
    I_ASPFIN           3.042      2.278      1.335      0.182

 I_BFAS_O WITH
    S_ASPFIN          -0.576      2.323     -0.248      0.804
    I_ASPFIN         -27.054     14.329     -1.888      0.059

 S_ASPFIN WITH
    I_ASPFIN          -1.795      1.139     -1.576      0.115

 P1       WITH
    V1                13.378     11.888      1.125      0.260

 P2       WITH
    V2                -1.055      6.123     -0.172      0.863

 P3       WITH
    V3                -1.055      6.123     -0.172      0.863

 P4       WITH
    V4                -1.055      6.123     -0.172      0.863

 Means
    P1                 0.000      0.000    999.000    999.000
    V1                 0.000      0.000    999.000    999.000
    I_BFAS_OI         75.309      0.516    145.916      0.000
    S_BFAS_OI         -0.074      0.046     -1.611      0.107
    I_ASPFIN          48.510      0.731     66.401      0.000
    S_ASPFIN          -0.043      0.063     -0.689      0.491

 Intercepts
    ABFAS_OI           0.000      0.000    999.000    999.000
    BBFAS_OI           0.000      0.000    999.000    999.000
    CBFAS_OI           0.000      0.000    999.000    999.000
    DBFAS_OI           0.000      0.000    999.000    999.000
    AASPFIN            0.000      0.000    999.000    999.000
    BASPFIN            0.000      0.000    999.000    999.000
    CASPFIN            0.000      0.000    999.000    999.000
    DASPFIN            0.000      0.000    999.000    999.000
    P2                 0.000      0.000    999.000    999.000
    P3                 0.000      0.000    999.000    999.000
    P4                 0.000      0.000    999.000    999.000
    V2                 0.000      0.000    999.000    999.000
    V3                 0.000      0.000    999.000    999.000
    V4                 0.000      0.000    999.000    999.000

 Variances
    P1                34.665      9.479      3.657      0.000
    V1               104.080     18.324      5.680      0.000
    I_BFAS_OI        183.180     13.700     13.371      0.000
    S_BFAS_OI          0.140      0.109      1.283      0.199
    I_ASPFIN         371.941     25.376     14.657      0.000
    S_ASPFIN           0.104      0.179      0.582      0.561

 Residual Variances
    ABFAS_OI           0.000      0.000    999.000    999.000
    BBFAS_OI           0.000      0.000    999.000    999.000
    CBFAS_OI           0.000      0.000    999.000    999.000
    DBFAS_OI           0.000      0.000    999.000    999.000
    AASPFIN            0.000      0.000    999.000    999.000
    BASPFIN            0.000      0.000    999.000    999.000
    CASPFIN            0.000      0.000    999.000    999.000
    DASPFIN            0.000      0.000    999.000    999.000
    P2                54.646      7.018      7.786      0.000
    P3                54.646      7.018      7.786      0.000
    P4                54.646      7.018      7.786      0.000
    V2               124.755     19.426      6.422      0.000
    V3               124.755     19.426      6.422      0.000
    V4               124.755     19.426      6.422      0.000

Group D4

 P1       BY
    ABFAS_OI           1.000      0.000    999.000    999.000

 P2       BY
    BBFAS_OI           1.000      0.000    999.000    999.000

 P3       BY
    CBFAS_OI           1.000      0.000    999.000    999.000

 P4       BY
    DBFAS_OI           1.000      0.000    999.000    999.000

 V1       BY
    AASPFIN            1.000      0.000    999.000    999.000

 V2       BY
    BASPFIN            1.000      0.000    999.000    999.000

 V3       BY
    CASPFIN            1.000      0.000    999.000    999.000

 V4       BY
    DASPFIN            1.000      0.000    999.000    999.000

 P4         ON
    P3                 0.171      0.129      1.328      0.184
    V3                -0.037      0.046     -0.792      0.428

 P3         ON
    P2                 0.171      0.129      1.328      0.184
    V2                -0.037      0.046     -0.792      0.428

 P2         ON
    P1                 0.171      0.129      1.328      0.184
    V1                -0.037      0.046     -0.792      0.428

 V4         ON
    V3                 0.161      0.092      1.755      0.079
    P3                -0.031      0.119     -0.261      0.794

 V3         ON
    V2                 0.161      0.092      1.755      0.079
    P2                -0.031      0.119     -0.261      0.794

 V2         ON
    V1                 0.161      0.092      1.755      0.079
    P1                -0.031      0.119     -0.261      0.794

 S_BFAS_O WITH
    I_BFAS_OI          0.204      0.634      0.322      0.747
    S_ASPFIN          -0.021      0.102     -0.204      0.839
    I_ASPFIN           3.042      2.278      1.335      0.182

 I_BFAS_O WITH
    S_ASPFIN          -0.576      2.323     -0.248      0.804
    I_ASPFIN         -27.054     14.329     -1.888      0.059

 S_ASPFIN WITH
    I_ASPFIN          -1.795      1.139     -1.576      0.115

 P1       WITH
    V1                14.908     10.305      1.447      0.148

 P2       WITH
    V2                 7.021      4.697      1.495      0.135

 P3       WITH
    V3                 7.021      4.697      1.495      0.135

 P4       WITH
    V4                 7.021      4.697      1.495      0.135

 Means
    P1                 0.000      0.000    999.000    999.000
    V1                 0.000      0.000    999.000    999.000
    I_BFAS_OI         75.309      0.516    145.916      0.000
    S_BFAS_OI         -0.074      0.046     -1.611      0.107
    I_ASPFIN          48.510      0.731     66.401      0.000
    S_ASPFIN          -0.043      0.063     -0.689      0.491

 Intercepts
    ABFAS_OI           0.000      0.000    999.000    999.000
    BBFAS_OI           0.000      0.000    999.000    999.000
    CBFAS_OI           0.000      0.000    999.000    999.000
    DBFAS_OI           0.000      0.000    999.000    999.000
    AASPFIN            0.000      0.000    999.000    999.000
    BASPFIN            0.000      0.000    999.000    999.000
    CASPFIN            0.000      0.000    999.000    999.000
    DASPFIN            0.000      0.000    999.000    999.000
    P2                 0.000      0.000    999.000    999.000
    P3                 0.000      0.000    999.000    999.000
    P4                 0.000      0.000    999.000    999.000
    V2                 0.000      0.000    999.000    999.000
    V3                 0.000      0.000    999.000    999.000
    V4                 0.000      0.000    999.000    999.000

 Variances
    P1                57.401      8.973      6.397      0.000
    V1               147.426     23.433      6.291      0.000
    I_BFAS_OI        183.180     13.700     13.371      0.000
    S_BFAS_OI          0.140      0.109      1.283      0.199
    I_ASPFIN         371.941     25.376     14.657      0.000
    S_ASPFIN           0.104      0.179      0.582      0.561

 Residual Variances
    ABFAS_OI           0.000      0.000    999.000    999.000
    BBFAS_OI           0.000      0.000    999.000    999.000
    CBFAS_OI           0.000      0.000    999.000    999.000
    DBFAS_OI           0.000      0.000    999.000    999.000
    AASPFIN            0.000      0.000    999.000    999.000
    BASPFIN            0.000      0.000    999.000    999.000
    CASPFIN            0.000      0.000    999.000    999.000
    DASPFIN            0.000      0.000    999.000    999.000
    P2                41.337      5.842      7.076      0.000
    P3                41.337      5.842      7.076      0.000
    P4                41.337      5.842      7.076      0.000
    V2               110.765     14.852      7.458      0.000
    V3               110.765     14.852      7.458      0.000
    V4               110.765     14.852      7.458      0.000

Group D5

 P1       BY
    ABFAS_OI           1.000      0.000    999.000    999.000

 P2       BY
    BBFAS_OI           1.000      0.000    999.000    999.000

 P3       BY
    CBFAS_OI           1.000      0.000    999.000    999.000

 P4       BY
    DBFAS_OI           1.000      0.000    999.000    999.000

 V1       BY
    AASPFIN            1.000      0.000    999.000    999.000

 V2       BY
    BASPFIN            1.000      0.000    999.000    999.000

 V3       BY
    CASPFIN            1.000      0.000    999.000    999.000

 V4       BY
    DASPFIN            1.000      0.000    999.000    999.000

 P4         ON
    P3                -0.062      0.100     -0.624      0.533
    V3                 0.025      0.052      0.488      0.625

 P3         ON
    P2                -0.062      0.100     -0.624      0.533
    V2                 0.025      0.052      0.488      0.625

 P2         ON
    P1                -0.062      0.100     -0.624      0.533
    V1                 0.025      0.052      0.488      0.625

 V4         ON
    V3                 0.087      0.126      0.686      0.493
    P3                 0.205      0.128      1.602      0.109

 V3         ON
    V2                 0.087      0.126      0.686      0.493
    P2                 0.205      0.128      1.602      0.109

 V2         ON
    V1                 0.087      0.126      0.686      0.493
    P1                 0.205      0.128      1.602      0.109

 S_BFAS_O WITH
    I_BFAS_OI          0.204      0.634      0.322      0.747
    S_ASPFIN          -0.021      0.102     -0.204      0.839
    I_ASPFIN           3.042      2.278      1.335      0.182

 I_BFAS_O WITH
    S_ASPFIN          -0.576      2.323     -0.248      0.804
    I_ASPFIN         -27.054     14.329     -1.888      0.059

 S_ASPFIN WITH
    I_ASPFIN          -1.795      1.139     -1.576      0.115

 P1       WITH
    V1               -16.385      8.628     -1.899      0.058

 P2       WITH
    V2                 5.228      6.522      0.802      0.423

 P3       WITH
    V3                 5.228      6.522      0.802      0.423

 P4       WITH
    V4                 5.228      6.522      0.802      0.423

 Means
    P1                 0.000      0.000    999.000    999.000
    V1                 0.000      0.000    999.000    999.000
    I_BFAS_OI         75.309      0.516    145.916      0.000
    S_BFAS_OI         -0.074      0.046     -1.611      0.107
    I_ASPFIN          48.510      0.731     66.401      0.000
    S_ASPFIN          -0.043      0.063     -0.689      0.491

 Intercepts
    ABFAS_OI           0.000      0.000    999.000    999.000
    BBFAS_OI           0.000      0.000    999.000    999.000
    CBFAS_OI           0.000      0.000    999.000    999.000
    DBFAS_OI           0.000      0.000    999.000    999.000
    AASPFIN            0.000      0.000    999.000    999.000
    BASPFIN            0.000      0.000    999.000    999.000
    CASPFIN            0.000      0.000    999.000    999.000
    DASPFIN            0.000      0.000    999.000    999.000
    P2                 0.000      0.000    999.000    999.000
    P3                 0.000      0.000    999.000    999.000
    P4                 0.000      0.000    999.000    999.000
    V2                 0.000      0.000    999.000    999.000
    V3                 0.000      0.000    999.000    999.000
    V4                 0.000      0.000    999.000    999.000

 Variances
    P1                49.445     13.357      3.702      0.000
    V1               116.397     23.584      4.935      0.000
    I_BFAS_OI        183.180     13.700     13.371      0.000
    S_BFAS_OI          0.140      0.109      1.283      0.199
    I_ASPFIN         371.941     25.376     14.657      0.000
    S_ASPFIN           0.104      0.179      0.582      0.561

 Residual Variances
    ABFAS_OI           0.000      0.000    999.000    999.000
    BBFAS_OI           0.000      0.000    999.000    999.000
    CBFAS_OI           0.000      0.000    999.000    999.000
    DBFAS_OI           0.000      0.000    999.000    999.000
    AASPFIN            0.000      0.000    999.000    999.000
    BASPFIN            0.000      0.000    999.000    999.000
    CASPFIN            0.000      0.000    999.000    999.000
    DASPFIN            0.000      0.000    999.000    999.000
    P2                40.374      7.503      5.381      0.000
    P3                40.374      7.503      5.381      0.000
    P4                40.374      7.503      5.381      0.000
    V2               101.806     15.312      6.649      0.000
    V3               101.806     15.312      6.649      0.000
    V4               101.806     15.312      6.649      0.000


QUALITY OF NUMERICAL RESULTS

     Condition Number for the Information Matrix              0.370E-05
       (ratio of smallest to largest eigenvalue)


     Beginning Time:  17:55:38
        Ending Time:  17:55:56
       Elapsed Time:  00:00:18



MUTHEN & MUTHEN
3463 Stoner Ave.
Los Angeles, CA  90066

Tel: (310) 391-9971
Fax: (310) 391-8971
Web: www.StatModel.com
Support: Support@StatModel.com

Copyright (c) 1998-2017 Muthen & Muthen
