Mplus VERSION 8 (Linux)
MUTHEN & MUTHEN
07/08/2018   6:09 PM

INPUT INSTRUCTIONS


  title: PxVx Bivariate LCM-SR - 40splitgroup - Linear bfi_o with Linear usi_d;
  data: file = /home/jflournoy/code_new/lnt_pxvx/Data/lnt_nat_recalc.tsv;

  variable:
  names =
  subjid
  aage
  aaspfin
  aaspfin_d
  abfa_mt
  abfa_mt_d
  abfas_ac
  abfas_ap
  abfas_ci
  abfas_co
  abfas_ea
  abfas_ee
  abfas_nv
  abfas_nv9
  abfas_nw
  abfas_oi
  abfas_oo
  abfi_a
  abfi_a6
  abfi_c
  abfi_d_scale
  abfi_e
  abfi_hp8
  abfi_n
  abfi_o
  abfi_s_scale
  ahrz_col
  ahrz_col_d
  ahrz_ind
  ahrz_ind_d
  amvi
  ausi
  ausi_d
  avrt_col
  avrt_col_d
  avrt_ind
  avrt_ind_d
  bage
  baspfin
  baspfin_d
  bbfa_mt
  bbfa_mt_d
  bbfas_ac
  bbfas_ap
  bbfas_ci
  bbfas_co
  bbfas_ea
  bbfas_ee
  bbfas_nv
  bbfas_nv9
  bbfas_nw
  bbfas_oi
  bbfas_oo
  bbfi_a
  bbfi_a6
  bbfi_c
  bbfi_d_scale
  bbfi_e
  bbfi_hp8
  bbfi_n
  bbfi_o
  bbfi_s_scale
  bhrz_col
  bhrz_col_d
  bhrz_ind
  bhrz_ind_d
  bmvi
  busi
  busi_d
  bvrt_col
  bvrt_col_d
  bvrt_ind
  bvrt_ind_d
  cage
  caspfin
  caspfin_d
  cbfa_mt
  cbfa_mt_d
  cbfas_ac
  cbfas_ap
  cbfas_ci
  cbfas_co
  cbfas_ea
  cbfas_ee
  cbfas_nv
  cbfas_nv9
  cbfas_nw
  cbfas_oi
  cbfas_oo
  cbfi_a
  cbfi_a6
  cbfi_c
  cbfi_d_scale
  cbfi_e
  cbfi_hp8
  cbfi_n
  cbfi_o
  cbfi_s_scale
  chrz_col
  chrz_col_d
  chrz_ind
  chrz_ind_d
  cmvi
  cusi
  cusi_d
  cvrt_col
  cvrt_col_d
  cvrt_ind
  cvrt_ind_d
  dage
  daspfin
  daspfin_d
  dbfa_mt
  dbfa_mt_d
  dbfas_ac
  dbfas_ap
  dbfas_ci
  dbfas_co
  dbfas_ea
  dbfas_ee
  dbfas_nv
  dbfas_nv9
  dbfas_nw
  dbfas_oi
  dbfas_oo
  dbfi_a
  dbfi_a6
  dbfi_c
  dbfi_d_scale
  dbfi_e
  dbfi_hp8
  dbfi_n
  dbfi_o
  dbfi_s_scale
  dhrz_col
  dhrz_col_d
  dhrz_ind
  dhrz_ind_d
  dmvi
  dusi
  dusi_d
  dvrt_col
  dvrt_col_d
  dvrt_ind
  dvrt_ind_d;

  USEVARIABLES =
  abfi_o
  bbfi_o
  cbfi_o
  dbfi_o
  ausi_d
  busi_d
  cusi_d
  dusi_d
  a1
  a2
  a3
  a4
  aagegrp
  ;

  missing = all (-9999);

  tscores = a1 a2 a3 a4;

  grouping = aagegrp (0=earlier, 1=later);

  DEFINE:

  aagegrp = aage;

  cut aagegrp (39);

  a1 = aage + 0 - 36;
  a2 = aage + 1 - 36;
  a3 = aage + 2 - 36;
  a4 = aage + 3 - 36;

  ANALYSIS:
  TYPE=RANDOM;
  PROCESSORS = 6;
  model=nocovariances; ! supresses default estimation of certain covs in model;

  MODEL:

  i_bfi_o s_bfi_o | abfi_o bbfi_o cbfi_o dbfi_o AT a1 a2 a3 a4;
  i_usi_d s_usi_d | ausi_d busi_d cusi_d dusi_d AT a1 a2 a3 a4;

  ! freeing factor covs because of "nocovariances"
  ! But ensure they are constrained across groups
  s_bfi_o WITH i_bfi_o (p)
  s_usi_d (q)
  i_usi_d (r);
  i_bfi_o WITH s_usi_d (s)
  i_usi_d (t);
  s_usi_d WITH i_usi_d (u);

  !constrain latent growth means across groups
  [i_bfi_o] (v);
  [s_bfi_o] (w);
  [i_usi_d] (x);
  [s_usi_d] (y);

  !constrain latent growth variances across groups
  i_bfi_o (l);
  s_bfi_o (m);
  i_usi_d (n);
  s_usi_d (o);

  p1 BY abfi_o@1; ! Residual "factors";
  p2 BY bbfi_o@1;
  p3 BY cbfi_o@1;
  p4 BY dbfi_o@1;

  v1 BY ausi_d@1; ! Residual "factors";
  v2 BY busi_d@1;
  v3 BY cusi_d@1;
  v4 BY dusi_d@1;

  !residual variances on observed/manifest vars set to 0
  abfi_o@0;
  bbfi_o@0;
  cbfi_o@0;
  dbfi_o@0;

  !residual variances on observed/manifest vars set to 0
  ausi_d@0;
  busi_d@0;
  cusi_d@0;
  dusi_d@0;

  ! means of observed/manifest vars set to 0
  [abfi_o@0];
  [bbfi_o@0];
  [cbfi_o@0];
  [dbfi_o@0];

  ! means of observed/manifest vars set to 0
  [ausi_d@0];
  [busi_d@0];
  [cusi_d@0];
  [dusi_d@0];

  [p1@0]; ! means of residual "factors" set to 0
  [p2@0];
  [p3@0];
  [p4@0];

  [v1@0]; ! means of residual "factors" set to 0
  [v2@0];
  [v3@0];
  [v4@0];

  p4 on p3 (a); ! Autoregressive paths constrained to equality
  p3 on p2 (a);
  p2 on p1 (a);

  v4 on v3 (b); ! Autoregressive paths constrained to equality
  v3 on v2 (b);
  v2 on v1 (b);

  p4 on v3 (c); ! Cross-lagged paths constrained to equality
  p3 on v2 (c);
  p2 on v1 (c);

  v4 on p3 (d); ! Cross-lagged paths constrained to equality
  v3 on p2 (d);
  v2 on p1 (d);

  p1 with v1; !(this one is not like the others)

  p2 with v2 (e); ! Within-wave correlations constrained to equality
  p3 with v3 (e);
  p4 with v4 (e);

  p2 p3 p4 (f); ! estimate variances of residual "factors"
  v2 v3 v4 (g); ! estimate variances of residual "factors"

  MODEL earlier:

  p4 on p3 (a23); ! Autoregressive paths constrained to equality
  p3 on p2 (a23);
  p2 on p1 (a23);

  v4 on v3 (b23); ! Autoregressive paths constrained to equality
  v3 on v2 (b23);
  v2 on v1 (b23);

  p4 on v3 (c23); ! Cross-lagged paths constrained to equality
  p3 on v2 (c23);
  p2 on v1 (c23);

  v4 on p3 (d23); ! Cross-lagged paths constrained to equality
  v3 on p2 (d23);
  v2 on p1 (d23);

  p1 with v1; !(this one is not like the others)

  p2 with v2 (e23); ! Within-wave correlations constrained to equality
  p3 with v3 (e23);
  p4 with v4 (e23);

  p2 p3 p4 (f23); ! estimate variances of residual "factors"
  v2 v3 v4 (g23); ! estimate variances of residual "factors"

  MODEL later:

  p4 on p3 (a45); ! Autoregressive paths constrained to equality
  p3 on p2 (a45);
  p2 on p1 (a45);

  v4 on v3 (b45); ! Autoregressive paths constrained to equality
  v3 on v2 (b45);
  v2 on v1 (b45);

  p4 on v3 (c45); ! Cross-lagged paths constrained to equality
  p3 on v2 (c45);
  p2 on v1 (c45);

  v4 on p3 (d45); ! Cross-lagged paths constrained to equality
  v3 on p2 (d45);
  v2 on p1 (d45);

  p1 with v1; !(this one is not like the others)

  p2 with v2 (e45); ! Within-wave correlations constrained to equality
  p3 with v3 (e45);
  p4 with v4 (e45);

  p2 p3 p4 (f45); ! estimate variances of residual "factors"
  v2 v3 v4 (g45); ! estimate variances of residual "factors"

  OUTPUT: SAMPSTAT PATTERNS;



*** WARNING
  Data set contains unknown or missing values for GROUPING,
  PATTERN, COHORT, CLUSTER and/or STRATIFICATION variables.
  Number of cases with unknown or missing values:  5
   1 WARNING(S) FOUND IN THE INPUT INSTRUCTIONS



PxVx Bivariate LCM-SR - 40splitgroup - Linear bfi_o with Linear usi_d;

SUMMARY OF ANALYSIS

Number of groups                                                 2
Number of observations
   Group EARLIER                                               534
   Group LATER                                                 330
   Total sample size                                           864

Number of dependent variables                                    8
Number of independent variables                                  0
Number of continuous latent variables                           12

Observed dependent variables

  Continuous
   ABFI_O      BBFI_O      CBFI_O      DBFI_O      AUSI_D      BUSI_D
   CUSI_D      DUSI_D

Continuous latent variables
   P1          P2          P3          P4          V1          V2
   V3          V4          I_BFI_O     S_BFI_O     I_USI_D     S_USI_D

Variables with special functions

  Grouping variable     AAGEGRP

  Time scores
   A1          A2          A3          A4


Estimator                                                      MLR
Information matrix                                        OBSERVED
Maximum number of iterations                                   100
Convergence criterion                                    0.100D-05
Maximum number of EM iterations                                500
Convergence criteria for the EM algorithm
  Loglikelihood change                                   0.100D-02
  Relative loglikelihood change                          0.100D-05
  Derivative                                             0.100D-03
Minimum variance                                         0.100D-03
Maximum number of steepest descent iterations                   20
Maximum number of iterations for H1                           2000
Convergence criterion for H1                             0.100D-03
Optimization algorithm                                         EMA

Input data file(s)
  /home/jflournoy/code_new/lnt_pxvx/Data/lnt_nat_recalc.tsv
Input data format  FREE


SUMMARY OF DATA

   Group EARLIER
     Number of missing data patterns            16

   Group LATER
     Number of missing data patterns            16


SUMMARY OF MISSING DATA PATTERNS


     MISSING DATA PATTERNS (x = not missing) FOR EARLIER

           1  2  3  4  5  6  7  8  9 10 11 12 13 14 15 16
 ABFI_O    x  x  x  x  x  x  x  x  x  x  x  x  x  x  x  x
 BBFI_O    x     x     x  x  x        x  x  x  x  x
 CBFI_O    x        x  x     x     x  x  x     x  x  x
 DBFI_O    x     x  x  x        x     x        x     x  x
 AUSI_D    x  x  x  x  x  x  x  x  x  x  x  x  x  x  x  x
 BUSI_D    x     x     x  x  x        x  x        x
 CUSI_D    x        x        x     x  x        x  x  x
 DUSI_D    x     x  x  x        x              x  x


     MISSING DATA PATTERN FREQUENCIES FOR EARLIER

    Pattern   Frequency     Pattern   Frequency     Pattern   Frequency
          1         327           7          19          13           2
          2         100           8          14          14           1
          3          14           9          11          15           1
          4          12          10           1          16           2
          5           1          11           1
          6          26          12           2


     MISSING DATA PATTERNS (x = not missing) FOR LATER

           1  2  3  4  5  6  7  8  9 10 11 12 13 14 15 16
 ABFI_O    x  x  x  x  x  x  x  x  x  x  x  x     x  x  x
 BBFI_O    x     x     x  x  x        x  x           x
 CBFI_O    x        x  x     x     x     x  x           x
 DBFI_O    x     x  x  x        x        x  x  x     x
 AUSI_D    x  x  x  x  x  x  x  x  x  x  x  x  x     x  x
 BUSI_D    x     x     x  x  x
 CUSI_D    x        x        x     x     x  x
 DUSI_D    x     x  x  x        x        x     x     x


     MISSING DATA PATTERN FREQUENCIES FOR LATER

    Pattern   Frequency     Pattern   Frequency     Pattern   Frequency
          1         165           7          26          13           1
          2          68           8           9          14           1
          3          12           9          10          15           1
          4           9          10           3          16           1
          5           1          11           1
          6          21          12           1


COVARIANCE COVERAGE OF DATA

Minimum covariance coverage value   0.100


     PROPORTION OF DATA PRESENT FOR EARLIER


           Covariance Coverage
              ABFI_O        BBFI_O        CBFI_O        DBFI_O        AUSI_D
              ________      ________      ________      ________      ________
 ABFI_O         1.000
 BBFI_O         0.738         0.738
 CBFI_O         0.704         0.659         0.704
 DBFI_O         0.700         0.646         0.644         0.700
 AUSI_D         1.000         0.738         0.704         0.700         1.000
 BUSI_D         0.730         0.730         0.655         0.642         0.730
 CUSI_D         0.700         0.655         0.700         0.642         0.700
 DUSI_D         0.695         0.646         0.642         0.693         0.695


           Covariance Coverage
              BUSI_D        CUSI_D        DUSI_D
              ________      ________      ________
 BUSI_D         0.730
 CUSI_D         0.652         0.700
 DUSI_D         0.642         0.640         0.695


     PROPORTION OF DATA PRESENT FOR LATER


           Covariance Coverage
              ABFI_O        BBFI_O        CBFI_O        DBFI_O        AUSI_D
              ________      ________      ________      ________      ________
 ABFI_O         1.000
 BBFI_O         0.703         0.703
 CBFI_O         0.661         0.600         0.661
 DBFI_O         0.612         0.552         0.545         0.612
 AUSI_D         1.000         0.703         0.661         0.612         1.000
 BUSI_D         0.697         0.697         0.597         0.548         0.697
 CUSI_D         0.655         0.594         0.655         0.542         0.655
 DUSI_D         0.600         0.545         0.536         0.597         0.600


           Covariance Coverage
              BUSI_D        CUSI_D        DUSI_D
              ________      ________      ________
 BUSI_D         0.697
 CUSI_D         0.591         0.655
 DUSI_D         0.542         0.533         0.600


SAMPLE STATISTICS


     ESTIMATED SAMPLE STATISTICS FOR EARLIER


           Means
              ABFI_O        BBFI_O        CBFI_O        DBFI_O        AUSI_D
              ________      ________      ________      ________      ________
               74.786        73.948        72.945        72.404        32.140


           Means
              BUSI_D        CUSI_D        DUSI_D
              ________      ________      ________
               32.372        31.863        31.824


           Covariances
              ABFI_O        BBFI_O        CBFI_O        DBFI_O        AUSI_D
              ________      ________      ________      ________      ________
 ABFI_O       215.380
 BBFI_O       172.598       214.729
 CBFI_O       179.053       179.693       243.121
 DBFI_O       163.633       170.122       197.062       234.377
 AUSI_D       -62.866       -57.676       -52.558       -59.991       345.960
 BUSI_D       -65.095       -60.366       -57.455       -52.980       225.825
 CUSI_D       -62.892       -44.379       -57.749       -60.758       188.120
 DUSI_D       -52.084       -46.224       -50.598       -49.699       184.602


           Covariances
              BUSI_D        CUSI_D        DUSI_D
              ________      ________      ________
 BUSI_D       334.948
 CUSI_D       207.722       331.909
 DUSI_D       189.673       216.678       320.348


           Correlations
              ABFI_O        BBFI_O        CBFI_O        DBFI_O        AUSI_D
              ________      ________      ________      ________      ________
 ABFI_O         1.000
 BBFI_O         0.803         1.000
 CBFI_O         0.782         0.786         1.000
 DBFI_O         0.728         0.758         0.826         1.000
 AUSI_D        -0.230        -0.212        -0.181        -0.211         1.000
 BUSI_D        -0.242        -0.225        -0.201        -0.189         0.663
 CUSI_D        -0.235        -0.166        -0.203        -0.218         0.555
 DUSI_D        -0.198        -0.176        -0.181        -0.181         0.555


           Correlations
              BUSI_D        CUSI_D        DUSI_D
              ________      ________      ________
 BUSI_D         1.000
 CUSI_D         0.623         1.000
 DUSI_D         0.579         0.664         1.000


     ESTIMATED SAMPLE STATISTICS FOR LATER


           Means
              ABFI_O        BBFI_O        CBFI_O        DBFI_O        AUSI_D
              ________      ________      ________      ________      ________
               73.649        73.180        71.577        72.612        27.286


           Means
              BUSI_D        CUSI_D        DUSI_D
              ________      ________      ________
               25.890        26.492        27.523


           Covariances
              ABFI_O        BBFI_O        CBFI_O        DBFI_O        AUSI_D
              ________      ________      ________      ________      ________
 ABFI_O       235.867
 BBFI_O       205.627       244.783
 CBFI_O       217.419       225.470       280.562
 DBFI_O       216.865       217.915       241.962       271.973
 AUSI_D       -41.550       -42.726       -40.126       -27.620       365.022
 BUSI_D       -69.415       -62.571       -74.591       -62.939       244.277
 CUSI_D       -46.030       -44.780       -59.456       -43.735       263.284
 DUSI_D       -54.824       -41.026       -64.929       -48.747       218.525


           Covariances
              BUSI_D        CUSI_D        DUSI_D
              ________      ________      ________
 BUSI_D       367.946
 CUSI_D       268.766       413.868
 DUSI_D       220.772       281.778       364.438


           Correlations
              ABFI_O        BBFI_O        CBFI_O        DBFI_O        AUSI_D
              ________      ________      ________      ________      ________
 ABFI_O         1.000
 BBFI_O         0.856         1.000
 CBFI_O         0.845         0.860         1.000
 DBFI_O         0.856         0.845         0.876         1.000
 AUSI_D        -0.142        -0.143        -0.125        -0.088         1.000
 BUSI_D        -0.236        -0.208        -0.232        -0.199         0.667
 CUSI_D        -0.147        -0.141        -0.174        -0.130         0.677
 DUSI_D        -0.187        -0.137        -0.203        -0.155         0.599


           Correlations
              BUSI_D        CUSI_D        DUSI_D
              ________      ________      ________
 BUSI_D         1.000
 CUSI_D         0.689         1.000
 DUSI_D         0.603         0.726         1.000


     MAXIMUM LOG-LIKELIHOOD VALUE FOR THE UNRESTRICTED (H1) MODEL IS -20716.336


UNIVARIATE SAMPLE STATISTICS


     UNIVARIATE HIGHER-ORDER MOMENT DESCRIPTIVE STATISTICS FOR EARLIER

         Variable/         Mean/     Skewness/   Minimum/ % with                Percentiles
        Sample Size      Variance    Kurtosis    Maximum  Min/Max      20%/60%    40%/80%    Median

     ABFI_O               74.786      -0.527      27.500    0.37%      62.500     72.500     75.000
             534.000     215.380      -0.060     100.000    2.06%      80.000     87.500
     BBFI_O               74.008      -0.480      22.500    0.25%      62.500     72.500     75.000
             394.000     207.898      -0.092     100.000    1.52%      80.000     87.500
     CBFI_O               72.846      -0.490      30.000    0.27%      60.000     70.000     75.000
             376.000     238.780      -0.316     100.000    0.53%      77.500     87.500
     DBFI_O               72.767      -0.562      22.500    0.27%      60.000     70.000     75.000
             374.000     229.182      -0.114     100.000    0.80%      77.500     85.000
     AUSI_D               32.140       0.101       0.000    9.55%      16.667     25.000     33.333
             534.000     345.960      -0.328      91.667    0.37%      33.333     50.000
     BUSI_D               31.741       0.040       0.000    8.46%      16.667     25.000     33.333
             390.000     325.324      -0.395      91.667    0.51%      41.667     50.000
     CUSI_D               31.796       0.155       0.000    7.75%      16.667     25.000     33.333
             374.000     328.333      -0.440      83.333    0.27%      33.333     50.000
     DUSI_D               31.267       0.086       0.000    8.09%      16.667     25.000     33.333
             371.000     315.904      -0.415      83.333    0.54%      33.333     50.000


     UNIVARIATE HIGHER-ORDER MOMENT DESCRIPTIVE STATISTICS FOR LATER

         Variable/         Mean/     Skewness/   Minimum/ % with                Percentiles
        Sample Size      Variance    Kurtosis    Maximum  Min/Max      20%/60%    40%/80%    Median

     ABFI_O               73.703      -0.287      30.000    0.30%      60.000     70.000     75.000
             329.000     235.448      -0.546     100.000    2.74%      80.000     87.500
     BBFI_O               73.846      -0.441      30.556    0.43%      60.000     70.000     75.000
             230.000     247.317      -0.366     100.000    1.30%      80.000     90.000
     CBFI_O               72.477      -0.595      12.500    0.47%      60.000     70.000     75.000
             214.000     281.834       0.229     100.000    2.80%      77.500     87.500
     DBFI_O               74.003      -0.723      15.000    0.50%      60.000     70.000     75.000
             200.000     281.472       0.124     100.000    0.50%      82.500     90.000
     AUSI_D               27.280       0.299       0.000   13.07%       8.333     16.667     25.000
             329.000     365.033      -0.741      83.333    0.30%      33.333     50.000
     BUSI_D               25.741       0.546       0.000   17.33%       8.333     16.667     25.000
             225.000     363.186       0.390     100.000    0.44%      33.333     41.667
     CUSI_D               26.847       0.385       0.000   17.92%       8.333     16.667     25.000
             212.000     412.271      -0.520      91.667    0.47%      33.333     41.667
     DUSI_D               27.554       0.195       0.000   16.58%       8.333     25.000     25.000
             199.000     372.802      -0.757      83.333    0.50%      33.333     41.667


THE MODEL ESTIMATION TERMINATED NORMALLY



MODEL FIT INFORMATION

Number of Free Parameters                       34

Loglikelihood

          H0 Value                      -20755.951
          H0 Scaling Correction Factor      1.1398
            for MLR

Information Criteria

          Akaike (AIC)                   41579.902
          Bayesian (BIC)                 41741.795
          Sample-Size Adjusted BIC       41633.820
            (n* = (n + 2) / 24)



MODEL RESULTS

                                                    Two-Tailed
                    Estimate       S.E.  Est./S.E.    P-Value

Group EARLIER

 P1       BY
    ABFI_O             1.000      0.000    999.000    999.000

 P2       BY
    BBFI_O             1.000      0.000    999.000    999.000

 P3       BY
    CBFI_O             1.000      0.000    999.000    999.000

 P4       BY
    DBFI_O             1.000      0.000    999.000    999.000

 V1       BY
    AUSI_D             1.000      0.000    999.000    999.000

 V2       BY
    BUSI_D             1.000      0.000    999.000    999.000

 V3       BY
    CUSI_D             1.000      0.000    999.000    999.000

 V4       BY
    DUSI_D             1.000      0.000    999.000    999.000

 P4         ON
    P3                 0.268      0.083      3.236      0.001
    V3                -0.026      0.031     -0.843      0.399

 P3         ON
    P2                 0.268      0.083      3.236      0.001
    V2                -0.026      0.031     -0.843      0.399

 P2         ON
    P1                 0.268      0.083      3.236      0.001
    V1                -0.026      0.031     -0.843      0.399

 V4         ON
    V3                 0.213      0.052      4.115      0.000
    P3                 0.026      0.081      0.321      0.748

 V3         ON
    V2                 0.213      0.052      4.115      0.000
    P2                 0.026      0.081      0.321      0.748

 V2         ON
    V1                 0.213      0.052      4.115      0.000
    P1                 0.026      0.081      0.321      0.748

 S_BFI_O  WITH
    I_BFI_O            0.933      0.546      1.709      0.087
    S_USI_D           -0.049      0.096     -0.515      0.606
    I_USI_D            1.782      1.795      0.993      0.321

 I_BFI_O  WITH
    S_USI_D           -0.696      1.858     -0.375      0.708
    I_USI_D          -46.098     11.631     -3.963      0.000

 S_USI_D  WITH
    I_USI_D            0.295      0.682      0.433      0.665

 P1       WITH
    V1                -2.599      7.012     -0.371      0.711

 P2       WITH
    V2                -3.640      4.165     -0.874      0.382

 P3       WITH
    V3                -3.640      4.165     -0.874      0.382

 P4       WITH
    V4                -3.640      4.165     -0.874      0.382

 Means
    P1                 0.000      0.000    999.000    999.000
    V1                 0.000      0.000    999.000    999.000
    I_BFI_O           73.610      0.495    148.683      0.000
    S_BFI_O           -0.098      0.046     -2.114      0.034
    I_USI_D           30.429      0.565     53.877      0.000
    S_USI_D           -0.274      0.054     -5.075      0.000

 Intercepts
    ABFI_O             0.000      0.000    999.000    999.000
    BBFI_O             0.000      0.000    999.000    999.000
    CBFI_O             0.000      0.000    999.000    999.000
    DBFI_O             0.000      0.000    999.000    999.000
    AUSI_D             0.000      0.000    999.000    999.000
    BUSI_D             0.000      0.000    999.000    999.000
    CUSI_D             0.000      0.000    999.000    999.000
    DUSI_D             0.000      0.000    999.000    999.000
    P2                 0.000      0.000    999.000    999.000
    P3                 0.000      0.000    999.000    999.000
    P4                 0.000      0.000    999.000    999.000
    V2                 0.000      0.000    999.000    999.000
    V3                 0.000      0.000    999.000    999.000
    V4                 0.000      0.000    999.000    999.000

 Variances
    P1                54.793      6.902      7.939      0.000
    V1               157.562     15.692     10.041      0.000
    I_BFI_O          170.601     12.856     13.270      0.000
    S_BFI_O            0.107      0.106      1.009      0.313
    I_USI_D          181.175     18.436      9.827      0.000
    S_USI_D            0.145      0.130      1.118      0.264

 Residual Variances
    ABFI_O             0.000      0.000    999.000    999.000
    BBFI_O             0.000      0.000    999.000    999.000
    CBFI_O             0.000      0.000    999.000    999.000
    DBFI_O             0.000      0.000    999.000    999.000
    AUSI_D             0.000      0.000    999.000    999.000
    BUSI_D             0.000      0.000    999.000    999.000
    CUSI_D             0.000      0.000    999.000    999.000
    DUSI_D             0.000      0.000    999.000    999.000
    P2                57.579      5.097     11.298      0.000
    P3                57.579      5.097     11.298      0.000
    P4                57.579      5.097     11.298      0.000
    V2               139.028      9.317     14.922      0.000
    V3               139.028      9.317     14.922      0.000
    V4               139.028      9.317     14.922      0.000

Group LATER

 P1       BY
    ABFI_O             1.000      0.000    999.000    999.000

 P2       BY
    BBFI_O             1.000      0.000    999.000    999.000

 P3       BY
    CBFI_O             1.000      0.000    999.000    999.000

 P4       BY
    DBFI_O             1.000      0.000    999.000    999.000

 V1       BY
    AUSI_D             1.000      0.000    999.000    999.000

 V2       BY
    BUSI_D             1.000      0.000    999.000    999.000

 V3       BY
    CUSI_D             1.000      0.000    999.000    999.000

 V4       BY
    DUSI_D             1.000      0.000    999.000    999.000

 P4         ON
    P3                 0.166      0.093      1.784      0.074
    V3                -0.067      0.038     -1.753      0.080

 P3         ON
    P2                 0.166      0.093      1.784      0.074
    V2                -0.067      0.038     -1.753      0.080

 P2         ON
    P1                 0.166      0.093      1.784      0.074
    V1                -0.067      0.038     -1.753      0.080

 V4         ON
    V3                 0.193      0.085      2.284      0.022
    P3                -0.241      0.116     -2.081      0.037

 V3         ON
    V2                 0.193      0.085      2.284      0.022
    P2                -0.241      0.116     -2.081      0.037

 V2         ON
    V1                 0.193      0.085      2.284      0.022
    P1                -0.241      0.116     -2.081      0.037

 S_BFI_O  WITH
    I_BFI_O            0.933      0.546      1.709      0.087
    S_USI_D           -0.049      0.096     -0.515      0.606
    I_USI_D            1.782      1.795      0.993      0.321

 I_BFI_O  WITH
    S_USI_D           -0.696      1.858     -0.375      0.708
    I_USI_D          -46.098     11.631     -3.963      0.000

 S_USI_D  WITH
    I_USI_D            0.295      0.682      0.433      0.665

 P1       WITH
    V1                -2.101      8.547     -0.246      0.806

 P2       WITH
    V2                -7.481      4.663     -1.604      0.109

 P3       WITH
    V3                -7.481      4.663     -1.604      0.109

 P4       WITH
    V4                -7.481      4.663     -1.604      0.109

 Means
    P1                 0.000      0.000    999.000    999.000
    V1                 0.000      0.000    999.000    999.000
    I_BFI_O           73.610      0.495    148.683      0.000
    S_BFI_O           -0.098      0.046     -2.114      0.034
    I_USI_D           30.429      0.565     53.877      0.000
    S_USI_D           -0.274      0.054     -5.075      0.000

 Intercepts
    ABFI_O             0.000      0.000    999.000    999.000
    BBFI_O             0.000      0.000    999.000    999.000
    CBFI_O             0.000      0.000    999.000    999.000
    DBFI_O             0.000      0.000    999.000    999.000
    AUSI_D             0.000      0.000    999.000    999.000
    BUSI_D             0.000      0.000    999.000    999.000
    CUSI_D             0.000      0.000    999.000    999.000
    DUSI_D             0.000      0.000    999.000    999.000
    P2                 0.000      0.000    999.000    999.000
    P3                 0.000      0.000    999.000    999.000
    P4                 0.000      0.000    999.000    999.000
    V2                 0.000      0.000    999.000    999.000
    V3                 0.000      0.000    999.000    999.000
    V4                 0.000      0.000    999.000    999.000

 Variances
    P1                35.639      5.982      5.957      0.000
    V1               142.919     21.289      6.713      0.000
    I_BFI_O          170.601     12.856     13.270      0.000
    S_BFI_O            0.107      0.106      1.009      0.313
    I_USI_D          181.175     18.436      9.827      0.000
    S_USI_D            0.145      0.130      1.118      0.264

 Residual Variances
    ABFI_O             0.000      0.000    999.000    999.000
    BBFI_O             0.000      0.000    999.000    999.000
    CBFI_O             0.000      0.000    999.000    999.000
    DBFI_O             0.000      0.000    999.000    999.000
    AUSI_D             0.000      0.000    999.000    999.000
    BUSI_D             0.000      0.000    999.000    999.000
    CUSI_D             0.000      0.000    999.000    999.000
    DUSI_D             0.000      0.000    999.000    999.000
    P2                42.879      5.215      8.223      0.000
    P3                42.879      5.215      8.223      0.000
    P4                42.879      5.215      8.223      0.000
    V2               141.561     14.306      9.895      0.000
    V3               141.561     14.306      9.895      0.000
    V4               141.561     14.306      9.895      0.000


QUALITY OF NUMERICAL RESULTS

     Condition Number for the Information Matrix              0.340E-05
       (ratio of smallest to largest eigenvalue)


     Beginning Time:  18:09:33
        Ending Time:  18:09:46
       Elapsed Time:  00:00:13



MUTHEN & MUTHEN
3463 Stoner Ave.
Los Angeles, CA  90066

Tel: (310) 391-9971
Fax: (310) 391-8971
Web: www.StatModel.com
Support: Support@StatModel.com

Copyright (c) 1998-2017 Muthen & Muthen
