Mplus VERSION 8 (Linux)
MUTHEN & MUTHEN
07/08/2018   5:32 PM

INPUT INSTRUCTIONS


  title: PxVx Bivariate LCM-SR - decadegroup - Linear bfas_ea with Linear aspfin_d;
  data: file = /home/jflournoy/code_new/lnt_pxvx/Data/lnt_nat_recalc.tsv;

  variable:
  names =
  subjid
  aage
  aaspfin
  aaspfin_d
  abfa_mt
  abfa_mt_d
  abfas_ac
  abfas_ap
  abfas_ci
  abfas_co
  abfas_ea
  abfas_ee
  abfas_nv
  abfas_nv9
  abfas_nw
  abfas_oi
  abfas_oo
  abfi_a
  abfi_a6
  abfi_c
  abfi_d_scale
  abfi_e
  abfi_hp8
  abfi_n
  abfi_o
  abfi_s_scale
  ahrz_col
  ahrz_col_d
  ahrz_ind
  ahrz_ind_d
  amvi
  ausi
  ausi_d
  avrt_col
  avrt_col_d
  avrt_ind
  avrt_ind_d
  bage
  baspfin
  baspfin_d
  bbfa_mt
  bbfa_mt_d
  bbfas_ac
  bbfas_ap
  bbfas_ci
  bbfas_co
  bbfas_ea
  bbfas_ee
  bbfas_nv
  bbfas_nv9
  bbfas_nw
  bbfas_oi
  bbfas_oo
  bbfi_a
  bbfi_a6
  bbfi_c
  bbfi_d_scale
  bbfi_e
  bbfi_hp8
  bbfi_n
  bbfi_o
  bbfi_s_scale
  bhrz_col
  bhrz_col_d
  bhrz_ind
  bhrz_ind_d
  bmvi
  busi
  busi_d
  bvrt_col
  bvrt_col_d
  bvrt_ind
  bvrt_ind_d
  cage
  caspfin
  caspfin_d
  cbfa_mt
  cbfa_mt_d
  cbfas_ac
  cbfas_ap
  cbfas_ci
  cbfas_co
  cbfas_ea
  cbfas_ee
  cbfas_nv
  cbfas_nv9
  cbfas_nw
  cbfas_oi
  cbfas_oo
  cbfi_a
  cbfi_a6
  cbfi_c
  cbfi_d_scale
  cbfi_e
  cbfi_hp8
  cbfi_n
  cbfi_o
  cbfi_s_scale
  chrz_col
  chrz_col_d
  chrz_ind
  chrz_ind_d
  cmvi
  cusi
  cusi_d
  cvrt_col
  cvrt_col_d
  cvrt_ind
  cvrt_ind_d
  dage
  daspfin
  daspfin_d
  dbfa_mt
  dbfa_mt_d
  dbfas_ac
  dbfas_ap
  dbfas_ci
  dbfas_co
  dbfas_ea
  dbfas_ee
  dbfas_nv
  dbfas_nv9
  dbfas_nw
  dbfas_oi
  dbfas_oo
  dbfi_a
  dbfi_a6
  dbfi_c
  dbfi_d_scale
  dbfi_e
  dbfi_hp8
  dbfi_n
  dbfi_o
  dbfi_s_scale
  dhrz_col
  dhrz_col_d
  dhrz_ind
  dhrz_ind_d
  dmvi
  dusi
  dusi_d
  dvrt_col
  dvrt_col_d
  dvrt_ind
  dvrt_ind_d;

  USEVARIABLES =
  abfas_ea
  bbfas_ea
  cbfas_ea
  dbfas_ea
  aaspfin_d
  baspfin_d
  caspfin_d
  daspfin_d
  a1
  a2
  a3
  a4
  aagegrp
  ;

  missing = all (-9999);

  tscores = a1 a2 a3 a4;

  grouping = aagegrp (0=d2, 1=d3, 2=d4, 3=d5);

  DEFINE:

  aagegrp = aage;

  cut aagegrp (29 39 49);

  a1 = aage + 0 - 36;
  a2 = aage + 1 - 36;
  a3 = aage + 2 - 36;
  a4 = aage + 3 - 36;

  ANALYSIS:
  TYPE=RANDOM;
  PROCESSORS = 6;
  model=nocovariances; ! supresses default estimation of certain covs in model;

  MODEL:

  i_bfas_ea s_bfas_ea | abfas_ea bbfas_ea cbfas_ea dbfas_ea AT a1 a2 a3 a4;
  i_aspfin_d s_aspfin_d | aaspfin_d baspfin_d caspfin_d daspfin_d AT a1 a2 a3 a4;

  ! freeing factor covs because of "nocovariances"
  ! But ensure they are constrained across groups
  s_bfas_ea WITH i_bfas_ea (p)
  s_aspfin_d (q)
  i_aspfin_d (r);
  i_bfas_ea WITH s_aspfin_d (s)
  i_aspfin_d (t);
  s_aspfin_d WITH i_aspfin_d (u);

  !constrain latent growth means across groups
  [i_bfas_ea] (v);
  [s_bfas_ea] (w);
  [i_aspfin_d] (x);
  [s_aspfin_d] (y);

  !constrain latent growth variances across groups
  i_bfas_ea (l);
  s_bfas_ea (m);
  i_aspfin_d (n);
  s_aspfin_d (o);

  p1 BY abfas_ea@1; ! Residual "factors";
  p2 BY bbfas_ea@1;
  p3 BY cbfas_ea@1;
  p4 BY dbfas_ea@1;

  v1 BY aaspfin_d@1; ! Residual "factors";
  v2 BY baspfin_d@1;
  v3 BY caspfin_d@1;
  v4 BY daspfin_d@1;

  !residual variances on observed/manifest vars set to 0
  abfas_ea@0;
  bbfas_ea@0;
  cbfas_ea@0;
  dbfas_ea@0;

  !residual variances on observed/manifest vars set to 0
  aaspfin_d@0;
  baspfin_d@0;
  caspfin_d@0;
  daspfin_d@0;

  ! means of observed/manifest vars set to 0
  [abfas_ea@0];
  [bbfas_ea@0];
  [cbfas_ea@0];
  [dbfas_ea@0];

  ! means of observed/manifest vars set to 0
  [aaspfin_d@0];
  [baspfin_d@0];
  [caspfin_d@0];
  [daspfin_d@0];

  [p1@0]; ! means of residual "factors" set to 0
  [p2@0];
  [p3@0];
  [p4@0];

  [v1@0]; ! means of residual "factors" set to 0
  [v2@0];
  [v3@0];
  [v4@0];

  p4 on p3 (a); ! Autoregressive paths constrained to equality
  p3 on p2 (a);
  p2 on p1 (a);

  v4 on v3 (b); ! Autoregressive paths constrained to equality
  v3 on v2 (b);
  v2 on v1 (b);

  p4 on v3 (c); ! Cross-lagged paths constrained to equality
  p3 on v2 (c);
  p2 on v1 (c);

  v4 on p3 (d); ! Cross-lagged paths constrained to equality
  v3 on p2 (d);
  v2 on p1 (d);

  p1 with v1; !(this one is not like the others)

  p2 with v2 (e); ! Within-wave correlations constrained to equality
  p3 with v3 (e);
  p4 with v4 (e);

  p2 p3 p4 (f); ! estimate variances of residual "factors"
  v2 v3 v4 (g); ! estimate variances of residual "factors"

  MODEL d2:

  p4 on p3 (a2); ! Autoregressive paths constrained to equality
  p3 on p2 (a2);
  p2 on p1 (a2);

  v4 on v3 (b2); ! Autoregressive paths constrained to equality
  v3 on v2 (b2);
  v2 on v1 (b2);

  p4 on v3 (c2); ! Cross-lagged paths constrained to equality
  p3 on v2 (c2);
  p2 on v1 (c2);

  v4 on p3 (d2); ! Cross-lagged paths constrained to equality
  v3 on p2 (d2);
  v2 on p1 (d2);

  p1 with v1; !(this one is not like the others)

  p2 with v2 (e2); ! Within-wave correlations constrained to equality
  p3 with v3 (e2);
  p4 with v4 (e2);

  p2 p3 p4 (f2); ! estimate variances of residual "factors"
  v2 v3 v4 (g2); ! estimate variances of residual "factors"

  MODEL d3:

  p4 on p3 (a3); ! Autoregressive paths constrained to equality
  p3 on p2 (a3);
  p2 on p1 (a3);

  v4 on v3 (b3); ! Autoregressive paths constrained to equality
  v3 on v2 (b3);
  v2 on v1 (b3);

  p4 on v3 (c3); ! Cross-lagged paths constrained to equality
  p3 on v2 (c3);
  p2 on v1 (c3);

  v4 on p3 (d3); ! Cross-lagged paths constrained to equality
  v3 on p2 (d3);
  v2 on p1 (d3);

  p1 with v1; !(this one is not like the others)

  p2 with v2 (e3); ! Within-wave correlations constrained to equality
  p3 with v3 (e3);
  p4 with v4 (e3);

  p2 p3 p4 (f3); ! estimate variances of residual "factors"
  v2 v3 v4 (g3); ! estimate variances of residual "factors"

  MODEL d4:

  p4 on p3 (a4); ! Autoregressive paths constrained to equality
  p3 on p2 (a4);
  p2 on p1 (a4);

  v4 on v3 (b4); ! Autoregressive paths constrained to equality
  v3 on v2 (b4);
  v2 on v1 (b4);

  p4 on v3 (c4); ! Cross-lagged paths constrained to equality
  p3 on v2 (c4);
  p2 on v1 (c4);

  v4 on p3 (d4); ! Cross-lagged paths constrained to equality
  v3 on p2 (d4);
  v2 on p1 (d4);

  p1 with v1; !(this one is not like the others)

  p2 with v2 (e4); ! Within-wave correlations constrained to equality
  p3 with v3 (e4);
  p4 with v4 (e4);

  p2 p3 p4 (f4); ! estimate variances of residual "factors"
  v2 v3 v4 (g4); ! estimate variances of residual "factors"

  MODEL d5:

  p4 on p3 (a5); ! Autoregressive paths constrained to equality
  p3 on p2 (a5);
  p2 on p1 (a5);

  v4 on v3 (b5); ! Autoregressive paths constrained to equality
  v3 on v2 (b5);
  v2 on v1 (b5);

  p4 on v3 (c5); ! Cross-lagged paths constrained to equality
  p3 on v2 (c5);
  p2 on v1 (c5);

  v4 on p3 (d5); ! Cross-lagged paths constrained to equality
  v3 on p2 (d5);
  v2 on p1 (d5);

  p1 with v1; !(this one is not like the others)

  p2 with v2 (e5); ! Within-wave correlations constrained to equality
  p3 with v3 (e5);
  p4 with v4 (e5);

  p2 p3 p4 (f5); ! estimate variances of residual "factors"
  v2 v3 v4 (g5); ! estimate variances of residual "factors"

  OUTPUT: SAMPSTAT PATTERNS;



*** WARNING in VARIABLE command
  Note that only the first 8 characters of variable names are used in the output.
  Shorten variable names to avoid any confusion.
*** WARNING
  Data set contains unknown or missing values for GROUPING,
  PATTERN, COHORT, CLUSTER and/or STRATIFICATION variables.
  Number of cases with unknown or missing values:  5
   2 WARNING(S) FOUND IN THE INPUT INSTRUCTIONS



PxVx Bivariate LCM-SR - decadegroup - Linear bfas_ea with Linear aspfin_d;

SUMMARY OF ANALYSIS

Number of groups                                                 4
Number of observations
   Group D2                                                    301
   Group D3                                                    233
   Group D4                                                    198
   Group D5                                                    132
   Total sample size                                           864

Number of dependent variables                                    8
Number of independent variables                                  0
Number of continuous latent variables                           12

Observed dependent variables

  Continuous
   ABFAS_EA    BBFAS_EA    CBFAS_EA    DBFAS_EA    AASPFIN_D   BASPFIN_D
   CASPFIN_D   DASPFIN_D

Continuous latent variables
   P1          P2          P3          P4          V1          V2
   V3          V4          I_BFAS_E    S_BFAS_E    I_ASPFIN    S_ASPFIN

Variables with special functions

  Grouping variable     AAGEGRP

  Time scores
   A1          A2          A3          A4


Estimator                                                      MLR
Information matrix                                        OBSERVED
Maximum number of iterations                                   100
Convergence criterion                                    0.100D-05
Maximum number of EM iterations                                500
Convergence criteria for the EM algorithm
  Loglikelihood change                                   0.100D-02
  Relative loglikelihood change                          0.100D-05
  Derivative                                             0.100D-03
Minimum variance                                         0.100D-03
Maximum number of steepest descent iterations                   20
Maximum number of iterations for H1                           2000
Convergence criterion for H1                             0.100D-03
Optimization algorithm                                         EMA

Input data file(s)
  /home/jflournoy/code_new/lnt_pxvx/Data/lnt_nat_recalc.tsv
Input data format  FREE


SUMMARY OF DATA

   Group D2
     Number of missing data patterns            13

   Group D3
     Number of missing data patterns            10

   Group D4
     Number of missing data patterns            14

   Group D5
     Number of missing data patterns             9


SUMMARY OF MISSING DATA PATTERNS


     MISSING DATA PATTERNS (x = not missing) FOR D2

           1  2  3  4  5  6  7  8  9 10 11 12 13
 ABFAS_EA  x  x  x  x  x  x  x  x  x     x  x  x
 BBFAS_EA  x     x  x  x     x        x  x     x
 CBFAS_EA  x           x        x  x  x  x  x  x
 DBFAS_EA  x     x        x        x  x     x  x
 AASPFIN_  x  x  x  x  x  x     x  x  x  x  x  x
 BASPFIN_  x     x  x  x     x        x  x  x
 CASPFIN_  x           x        x  x  x  x  x  x
 DASPFIN_  x     x        x        x  x  x  x  x


     MISSING DATA PATTERN FREQUENCIES FOR D2

    Pattern   Frequency     Pattern   Frequency     Pattern   Frequency
          1         187           6          11          11           1
          2          57           7           1          12           1
          3           6           8           5          13           1
          4          11           9           5
          5          14          10           1


     MISSING DATA PATTERNS (x = not missing) FOR D3

           1  2  3  4  5  6  7  8  9 10
 ABFAS_EA  x  x  x  x  x  x  x  x  x  x
 BBFAS_EA  x     x  x  x           x
 CBFAS_EA  x           x     x  x
 DBFAS_EA  x     x        x     x     x
 AASPFIN_  x  x  x  x  x  x  x  x  x  x
 BASPFIN_  x     x  x  x
 CASPFIN_  x           x     x  x
 DASPFIN_  x     x        x     x


     MISSING DATA PATTERN FREQUENCIES FOR D3

    Pattern   Frequency     Pattern   Frequency     Pattern   Frequency
          1         140           5           7           9           1
          2          44           6           3          10           1
          3           8           7           7
          4          15           8           7


     MISSING DATA PATTERNS (x = not missing) FOR D4

           1  2  3  4  5  6  7  8  9 10 11 12 13 14
 ABFAS_EA  x  x  x  x  x  x  x  x  x  x  x  x  x  x
 BBFAS_EA  x     x  x  x              x  x  x     x
 CBFAS_EA  x           x     x  x  x  x     x
 DBFAS_EA  x     x        x     x  x  x     x     x
 AASPFIN_  x  x  x  x  x  x  x  x  x  x  x  x     x
 BASPFIN_  x     x  x  x           x        x
 CASPFIN_  x           x     x  x  x  x
 DASPFIN_  x     x        x     x  x  x     x     x


     MISSING DATA PATTERN FREQUENCIES FOR D4

    Pattern   Frequency     Pattern   Frequency     Pattern   Frequency
          1         103           6           4          11           2
          2          39           7           6          12           1
          3           7           8           5          13           1
          4          12           9           1          14           1
          5          15          10           1


     MISSING DATA PATTERNS (x = not missing) FOR D5

           1  2  3  4  5  6  7  8  9
 ABFAS_EA  x  x  x  x  x  x  x  x
 BBFAS_EA  x     x  x  x           x
 CBFAS_EA  x           x     x  x  x
 DBFAS_EA  x     x        x     x  x
 AASPFIN_  x  x  x  x  x  x  x  x  x
 BASPFIN_  x     x  x  x           x
 CASPFIN_  x           x     x  x  x
 DASPFIN_  x     x        x     x  x


     MISSING DATA PATTERN FREQUENCIES FOR D5

    Pattern   Frequency     Pattern   Frequency     Pattern   Frequency
          1          60           4          10           7           6
          2          29           5          11           8           4
          3           5           6           6           9           1


COVARIANCE COVERAGE OF DATA

Minimum covariance coverage value   0.100


     PROPORTION OF DATA PRESENT FOR D2


           Covariance Coverage
              ABFAS_EA      BBFAS_EA      CBFAS_EA      DBFAS_EA      AASPFIN_
              ________      ________      ________      ________      ________
 ABFAS_EA       0.997
 BBFAS_EA       0.734         0.738
 CBFAS_EA       0.711         0.678         0.714
 DBFAS_EA       0.701         0.648         0.648         0.704
 AASPFIN_       0.993         0.734         0.714         0.704         0.997
 BASPFIN_       0.734         0.734         0.678         0.648         0.734
 CASPFIN_       0.711         0.678         0.714         0.648         0.714
 DASPFIN_       0.704         0.651         0.651         0.704         0.708


           Covariance Coverage
              BASPFIN_      CASPFIN_      DASPFIN_
              ________      ________      ________
 BASPFIN_       0.738
 CASPFIN_       0.678         0.714
 DASPFIN_       0.651         0.651         0.708


     PROPORTION OF DATA PRESENT FOR D3


           Covariance Coverage
              ABFAS_EA      BBFAS_EA      CBFAS_EA      DBFAS_EA      AASPFIN_
              ________      ________      ________      ________      ________
 ABFAS_EA       0.996
 BBFAS_EA       0.760         0.764
 CBFAS_EA       0.665         0.635         0.670
 DBFAS_EA       0.652         0.639         0.609         0.657
 AASPFIN_       0.966         0.734         0.670         0.657         0.970
 BASPFIN_       0.760         0.764         0.635         0.639         0.734
 CASPFIN_       0.665         0.635         0.670         0.609         0.670
 DASPFIN_       0.652         0.639         0.609         0.657         0.657


           Covariance Coverage
              BASPFIN_      CASPFIN_      DASPFIN_
              ________      ________      ________
 BASPFIN_       0.764
 CASPFIN_       0.635         0.670
 DASPFIN_       0.639         0.609         0.657


     PROPORTION OF DATA PRESENT FOR D4


           Covariance Coverage
              ABFAS_EA      BBFAS_EA      CBFAS_EA      DBFAS_EA      AASPFIN_
              ________      ________      ________      ________      ________
 ABFAS_EA       0.995
 BBFAS_EA       0.742         0.747
 CBFAS_EA       0.646         0.616         0.652
 DBFAS_EA       0.591         0.566         0.540         0.596
 AASPFIN_       0.965         0.717         0.652         0.596         0.970
 BASPFIN_       0.737         0.737         0.616         0.566         0.712
 CASPFIN_       0.646         0.616         0.652         0.540         0.652
 DASPFIN_       0.601         0.576         0.551         0.596         0.606


           Covariance Coverage
              BASPFIN_      CASPFIN_      DASPFIN_
              ________      ________      ________
 BASPFIN_       0.742
 CASPFIN_       0.616         0.652
 DASPFIN_       0.576         0.551         0.606


     PROPORTION OF DATA PRESENT FOR D5


           Covariance Coverage
              ABFAS_EA      BBFAS_EA      CBFAS_EA      DBFAS_EA      AASPFIN_
              ________      ________      ________      ________      ________
 ABFAS_EA       1.000
 BBFAS_EA       0.697         0.697
 CBFAS_EA       0.576         0.538         0.576
 DBFAS_EA       0.545         0.492         0.462         0.545
 AASPFIN_       0.955         0.652         0.576         0.545         0.955
 BASPFIN_       0.697         0.697         0.538         0.492         0.652
 CASPFIN_       0.576         0.538         0.576         0.462         0.576
 DASPFIN_       0.545         0.492         0.462         0.545         0.545


           Covariance Coverage
              BASPFIN_      CASPFIN_      DASPFIN_
              ________      ________      ________
 BASPFIN_       0.697
 CASPFIN_       0.538         0.576
 DASPFIN_       0.492         0.462         0.545


SAMPLE STATISTICS


     ESTIMATED SAMPLE STATISTICS FOR D2


           Means
              ABFAS_EA      BBFAS_EA      CBFAS_EA      DBFAS_EA      AASPFIN_
              ________      ________      ________      ________      ________
               59.342        59.499        58.481        57.541        45.234


           Means
              BASPFIN_      CASPFIN_      DASPFIN_
              ________      ________      ________
               46.587        45.470        45.360


           Covariances
              ABFAS_EA      BBFAS_EA      CBFAS_EA      DBFAS_EA      AASPFIN_
              ________      ________      ________      ________      ________
 ABFAS_EA     408.192
 BBFAS_EA     355.866       417.025
 CBFAS_EA     329.852       348.541       413.586
 DBFAS_EA     312.391       333.982       346.214       407.505
 AASPFIN_      82.872        83.561        80.055        76.230       622.930
 BASPFIN_      56.414        55.629        46.941        32.926       457.837
 CASPFIN_      85.575        92.477        66.010        71.030       474.567
 DASPFIN_      64.494        60.295        50.465        48.964       434.917


           Covariances
              BASPFIN_      CASPFIN_      DASPFIN_
              ________      ________      ________
 BASPFIN_     605.911
 CASPFIN_     489.758       659.827
 DASPFIN_     463.047       507.861       676.874


           Correlations
              ABFAS_EA      BBFAS_EA      CBFAS_EA      DBFAS_EA      AASPFIN_
              ________      ________      ________      ________      ________
 ABFAS_EA       1.000
 BBFAS_EA       0.863         1.000
 CBFAS_EA       0.803         0.839         1.000
 DBFAS_EA       0.766         0.810         0.843         1.000
 AASPFIN_       0.164         0.164         0.158         0.151         1.000
 BASPFIN_       0.113         0.111         0.094         0.066         0.745
 CASPFIN_       0.165         0.176         0.126         0.137         0.740
 DASPFIN_       0.123         0.113         0.095         0.093         0.670


           Correlations
              BASPFIN_      CASPFIN_      DASPFIN_
              ________      ________      ________
 BASPFIN_       1.000
 CASPFIN_       0.775         1.000
 DASPFIN_       0.723         0.760         1.000


     ESTIMATED SAMPLE STATISTICS FOR D3


           Means
              ABFAS_EA      BBFAS_EA      CBFAS_EA      DBFAS_EA      AASPFIN_
              ________      ________      ________      ________      ________
               62.648        62.829        61.319        62.364        42.793


           Means
              BASPFIN_      CASPFIN_      DASPFIN_
              ________      ________      ________
               43.684        43.775        44.024


           Covariances
              ABFAS_EA      BBFAS_EA      CBFAS_EA      DBFAS_EA      AASPFIN_
              ________      ________      ________      ________      ________
 ABFAS_EA     419.503
 BBFAS_EA     328.850       378.272
 CBFAS_EA     329.991       314.220       365.879
 DBFAS_EA     334.410       316.082       328.556       384.023
 AASPFIN_     130.745        91.177       122.642       121.786       558.235
 BASPFIN_     130.848       114.851       128.569       117.964       487.690
 CASPFIN_      80.764        67.714        97.878        80.621       479.955
 DASPFIN_     112.726        90.728       111.958        90.465       463.791


           Covariances
              BASPFIN_      CASPFIN_      DASPFIN_
              ________      ________      ________
 BASPFIN_     676.609
 CASPFIN_     526.455       661.800
 DASPFIN_     513.051       509.093       624.127


           Correlations
              ABFAS_EA      BBFAS_EA      CBFAS_EA      DBFAS_EA      AASPFIN_
              ________      ________      ________      ________      ________
 ABFAS_EA       1.000
 BBFAS_EA       0.826         1.000
 CBFAS_EA       0.842         0.845         1.000
 DBFAS_EA       0.833         0.829         0.877         1.000
 AASPFIN_       0.270         0.198         0.271         0.263         1.000
 BASPFIN_       0.246         0.227         0.258         0.231         0.794
 CASPFIN_       0.153         0.135         0.199         0.160         0.790
 DASPFIN_       0.220         0.187         0.234         0.185         0.786


           Correlations
              BASPFIN_      CASPFIN_      DASPFIN_
              ________      ________      ________
 BASPFIN_       1.000
 CASPFIN_       0.787         1.000
 DASPFIN_       0.790         0.792         1.000


     ESTIMATED SAMPLE STATISTICS FOR D4


           Means
              ABFAS_EA      BBFAS_EA      CBFAS_EA      DBFAS_EA      AASPFIN_
              ________      ________      ________      ________      ________
               62.755        61.195        62.070        62.609        39.772


           Means
              BASPFIN_      CASPFIN_      DASPFIN_
              ________      ________      ________
               40.491        41.460        42.910


           Covariances
              ABFAS_EA      BBFAS_EA      CBFAS_EA      DBFAS_EA      AASPFIN_
              ________      ________      ________      ________      ________
 ABFAS_EA     336.277
 BBFAS_EA     271.835       297.157
 CBFAS_EA     284.692       282.557       345.383
 DBFAS_EA     278.251       269.415       304.450       342.563
 AASPFIN_      54.852        38.030        80.602        49.390       549.795
 BASPFIN_      50.626        35.430        60.511        37.731       406.686
 CASPFIN_      46.256        42.069        81.522        59.799       352.992
 DASPFIN_      60.142        50.459        82.666        74.924       377.953


           Covariances
              BASPFIN_      CASPFIN_      DASPFIN_
              ________      ________      ________
 BASPFIN_     535.771
 CASPFIN_     354.900       425.833
 DASPFIN_     349.742       344.984       493.639


           Correlations
              ABFAS_EA      BBFAS_EA      CBFAS_EA      DBFAS_EA      AASPFIN_
              ________      ________      ________      ________      ________
 ABFAS_EA       1.000
 BBFAS_EA       0.860         1.000
 CBFAS_EA       0.835         0.882         1.000
 DBFAS_EA       0.820         0.844         0.885         1.000
 AASPFIN_       0.128         0.094         0.185         0.114         1.000
 BASPFIN_       0.119         0.089         0.141         0.088         0.749
 CASPFIN_       0.122         0.118         0.213         0.157         0.730
 DASPFIN_       0.148         0.132         0.200         0.182         0.725


           Correlations
              BASPFIN_      CASPFIN_      DASPFIN_
              ________      ________      ________
 BASPFIN_       1.000
 CASPFIN_       0.743         1.000
 DASPFIN_       0.680         0.752         1.000


     ESTIMATED SAMPLE STATISTICS FOR D5


           Means
              ABFAS_EA      BBFAS_EA      CBFAS_EA      DBFAS_EA      AASPFIN_
              ________      ________      ________      ________      ________
               62.632        61.879        61.389        59.348        39.615


           Means
              BASPFIN_      CASPFIN_      DASPFIN_
              ________      ________      ________
               40.394        40.279        41.188


           Covariances
              ABFAS_EA      BBFAS_EA      CBFAS_EA      DBFAS_EA      AASPFIN_
              ________      ________      ________      ________      ________
 ABFAS_EA     332.426
 BBFAS_EA     290.273       344.824
 CBFAS_EA     273.778       277.789       343.103
 DBFAS_EA     277.761       276.612       308.649       336.400
 AASPFIN_      19.008        23.455        53.227        44.476       527.803
 BASPFIN_       7.464        19.182        43.180        27.518       376.480
 CASPFIN_      31.862        40.255        67.346        48.340       388.861
 DASPFIN_      78.133        94.285       114.077        74.256       365.461


           Covariances
              BASPFIN_      CASPFIN_      DASPFIN_
              ________      ________      ________
 BASPFIN_     481.529
 CASPFIN_     376.099       526.532
 DASPFIN_     332.711       382.884       504.700


           Correlations
              ABFAS_EA      BBFAS_EA      CBFAS_EA      DBFAS_EA      AASPFIN_
              ________      ________      ________      ________      ________
 ABFAS_EA       1.000
 BBFAS_EA       0.857         1.000
 CBFAS_EA       0.811         0.808         1.000
 DBFAS_EA       0.831         0.812         0.908         1.000
 AASPFIN_       0.045         0.055         0.125         0.106         1.000
 BASPFIN_       0.019         0.047         0.106         0.068         0.747
 CASPFIN_       0.076         0.094         0.158         0.115         0.738
 DASPFIN_       0.191         0.226         0.274         0.180         0.708


           Correlations
              BASPFIN_      CASPFIN_      DASPFIN_
              ________      ________      ________
 BASPFIN_       1.000
 CASPFIN_       0.747         1.000
 DASPFIN_       0.675         0.743         1.000


     MAXIMUM LOG-LIKELIHOOD VALUE FOR THE UNRESTRICTED (H1) MODEL IS -21563.227


UNIVARIATE SAMPLE STATISTICS


     UNIVARIATE HIGHER-ORDER MOMENT DESCRIPTIVE STATISTICS FOR D2

         Variable/         Mean/     Skewness/   Minimum/ % with                Percentiles
        Sample Size      Variance    Kurtosis    Maximum  Min/Max      20%/60%    40%/80%    Median

     ABFAS_EA             59.294      -0.511       2.500    1.00%      42.500     55.000     62.500
             300.000     408.550      -0.051     100.000    1.00%      67.500     75.000
     BBFAS_EA             59.134      -0.468       2.500    0.45%      42.500     55.000     61.250
             222.000     409.675      -0.317      97.500    0.90%      67.500     77.500
     CBFAS_EA             58.850      -0.304       5.000    0.47%      42.500     52.500     60.000
             215.000     414.030      -0.451     100.000    0.47%      65.000     77.500
     DBFAS_EA             57.087      -0.238       5.000    0.47%      40.000     52.500     58.750
             212.000     407.111      -0.567      97.500    0.94%      65.000     75.000
     AASPFIN_D            45.319       0.184       0.000    3.67%      25.000     33.333     41.667
             300.000     621.900      -0.696     100.000    3.00%      50.000     66.667
     BASPFIN_D            46.115       0.245       0.000    2.25%      25.000     41.667     50.000
             222.000     599.348      -0.680     100.000    3.15%      50.000     66.667
     CASPFIN_D            45.659       0.288       0.000    3.72%      25.000     33.333     41.667
             215.000     653.636      -0.696     100.000    3.72%      50.000     66.667
     DASPFIN_D            45.207       0.196       0.000    3.29%      16.667     33.333     41.667
             213.000     677.099      -0.914     100.000    2.82%      50.000     66.667


     UNIVARIATE HIGHER-ORDER MOMENT DESCRIPTIVE STATISTICS FOR D3

         Variable/         Mean/     Skewness/   Minimum/ % with                Percentiles
        Sample Size      Variance    Kurtosis    Maximum  Min/Max      20%/60%    40%/80%    Median

     ABFAS_EA             62.648      -0.473       0.000    0.43%      45.000     57.500     65.000
             233.000     419.503      -0.256     100.000    0.86%      70.000     80.556
     BBFAS_EA             63.363      -0.271       5.000    0.58%      45.000     57.500     65.000
             171.000     378.242      -0.566     100.000    1.17%      70.000     80.000
     CBFAS_EA             61.194      -0.647       2.500    0.62%      47.500     60.000     65.000
             161.000     378.011       0.362      97.500    3.73%      67.500     75.000
     DBFAS_EA             62.980      -0.705       2.500    0.63%      50.000     60.000     65.000
             159.000     385.674       0.426     100.000    0.63%      70.000     80.000
     AASPFIN_D            42.793       0.515       0.000    2.58%      25.000     33.333     41.667
             233.000     558.235      -0.375     100.000    2.58%      50.000     58.333
     BASPFIN_D            44.412       0.484       0.000    3.53%      25.000     33.333     41.667
             170.000     699.777      -0.578     100.000    5.88%      50.000     66.667
     CASPFIN_D            43.996       0.471       0.000    1.86%      16.667     33.333     41.667
             161.000     680.824      -0.728     100.000    4.35%      50.000     66.667
     DASPFIN_D            44.594       0.350       0.000    0.63%      16.667     33.333     41.667
             158.000     646.429      -0.745     100.000    3.80%      50.000     66.667


     UNIVARIATE HIGHER-ORDER MOMENT DESCRIPTIVE STATISTICS FOR D4

         Variable/         Mean/     Skewness/   Minimum/ % with                Percentiles
        Sample Size      Variance    Kurtosis    Maximum  Min/Max      20%/60%    40%/80%    Median

     ABFAS_EA             62.755      -0.412       7.500    0.51%      47.500     60.000     62.500
             198.000     336.277      -0.094     100.000    1.01%      70.000     77.500
     BBFAS_EA             61.298      -0.350       7.500    1.41%      45.000     57.500     60.000
             142.000     310.126       0.152      97.500    0.70%      65.000     77.500
     CBFAS_EA             61.843      -0.261      12.500    0.76%      45.000     57.500     61.806
             132.000     361.723      -0.283     100.000    0.76%      67.500     80.000
     DBFAS_EA             63.801      -0.404      10.000    0.81%      47.500     57.500     65.000
             123.000     339.873      -0.413      95.000    2.44%      70.000     80.000
     AASPFIN_D            39.784       0.424       0.000    6.60%      16.667     33.333     33.333
             197.000     549.809      -0.288     100.000    1.52%      41.667     58.333
     BASPFIN_D            39.778       0.518       0.000    4.32%      16.667     33.333     41.667
             139.000     529.632       0.110     100.000    2.88%      41.667     50.000
     CASPFIN_D            42.335       0.391       0.000    1.53%      25.000     33.333     41.667
             131.000     424.835      -0.251     100.000    0.76%      41.667     58.333
     DASPFIN_D            43.022       0.413       0.000    1.63%      25.000     33.333     41.667
             123.000     502.906      -0.423     100.000    0.81%      50.000     58.333


     UNIVARIATE HIGHER-ORDER MOMENT DESCRIPTIVE STATISTICS FOR D5

         Variable/         Mean/     Skewness/   Minimum/ % with                Percentiles
        Sample Size      Variance    Kurtosis    Maximum  Min/Max      20%/60%    40%/80%    Median

     ABFAS_EA             62.550      -0.540      15.000    1.53%      47.500     60.000     65.000
             131.000     333.552       0.035      97.500    1.53%      69.444     77.500
     BBFAS_EA             61.303      -0.662       2.500    1.15%      45.000     57.500     65.000
              87.000     358.744       0.305      97.222    1.15%      70.000     75.000
     CBFAS_EA             60.640      -0.439      20.000    3.66%      42.500     60.000     67.500
              82.000     365.825      -0.565      97.500    1.22%      70.000     75.000
     DBFAS_EA             60.526      -0.568      10.000    1.32%      42.500     57.500     65.000
              76.000     328.835       0.091      95.000    1.32%      67.500     75.000
     AASPFIN_D            39.615       0.468       0.000    4.55%      16.667     33.333     41.667
             132.000     527.803      -0.196     100.000    1.52%      41.667     58.333
     BASPFIN_D            40.661       0.598       0.000    1.15%      25.000     33.333     33.333
              87.000     494.079      -0.161     100.000    2.30%      41.667     58.333
     CASPFIN_D            39.228       0.532       0.000    4.88%      16.667     33.333     37.500
              82.000     547.913      -0.111     100.000    2.44%      41.667     58.333
     DASPFIN_D            41.996       0.594       0.000    1.32%      16.667     33.333     33.333
              76.000     543.569      -0.314     100.000    2.63%      41.667     58.333


THE MODEL ESTIMATION TERMINATED NORMALLY



MODEL FIT INFORMATION

Number of Free Parameters                       54

Loglikelihood

          H0 Value                      -21626.692
          H0 Scaling Correction Factor      1.2092
            for MLR

Information Criteria

          Akaike (AIC)                   43361.384
          Bayesian (BIC)                 43618.509
          Sample-Size Adjusted BIC       43447.019
            (n* = (n + 2) / 24)



MODEL RESULTS

                                                    Two-Tailed
                    Estimate       S.E.  Est./S.E.    P-Value

Group D2

 P1       BY
    ABFAS_EA           1.000      0.000    999.000    999.000

 P2       BY
    BBFAS_EA           1.000      0.000    999.000    999.000

 P3       BY
    CBFAS_EA           1.000      0.000    999.000    999.000

 P4       BY
    DBFAS_EA           1.000      0.000    999.000    999.000

 V1       BY
    AASPFIN_D          1.000      0.000    999.000    999.000

 V2       BY
    BASPFIN_D          1.000      0.000    999.000    999.000

 V3       BY
    CASPFIN_D          1.000      0.000    999.000    999.000

 V4       BY
    DASPFIN_D          1.000      0.000    999.000    999.000

 P4         ON
    P3                 0.364      0.113      3.215      0.001
    V3                -0.006      0.050     -0.112      0.911

 P3         ON
    P2                 0.364      0.113      3.215      0.001
    V2                -0.006      0.050     -0.112      0.911

 P2         ON
    P1                 0.364      0.113      3.215      0.001
    V1                -0.006      0.050     -0.112      0.911

 V4         ON
    V3                 0.166      0.101      1.635      0.102
    P3                 0.021      0.113      0.185      0.853

 V3         ON
    V2                 0.166      0.101      1.635      0.102
    P2                 0.021      0.113      0.185      0.853

 V2         ON
    V1                 0.166      0.101      1.635      0.102
    P1                 0.021      0.113      0.185      0.853

 S_BFAS_E WITH
    I_BFAS_EA         -1.342      0.946     -1.419      0.156
    S_ASPFIN_D         0.016      0.138      0.115      0.909
    I_ASPFIN_D         0.086      2.644      0.033      0.974

 I_BFAS_E WITH
    S_ASPFIN_D        -1.288      2.805     -0.459      0.646
    I_ASPFIN_D        74.314     18.402      4.038      0.000

 S_ASPFIN WITH
    I_ASPFIN_D        -1.990      1.279     -1.556      0.120

 P1       WITH
    V1                -2.793     13.993     -0.200      0.842

 P2       WITH
    V2                -5.051      8.103     -0.623      0.533

 P3       WITH
    V3                -5.051      8.103     -0.623      0.533

 P4       WITH
    V4                -5.051      8.103     -0.623      0.533

 Means
    P1                 0.000      0.000    999.000    999.000
    V1                 0.000      0.000    999.000    999.000
    I_BFAS_EA         61.007      0.646     94.441      0.000
    S_BFAS_EA          0.072      0.055      1.309      0.191
    I_ASPFIN_D        43.229      0.774     55.826      0.000
    S_ASPFIN_D        -0.158      0.067     -2.344      0.019

 Intercepts
    ABFAS_EA           0.000      0.000    999.000    999.000
    BBFAS_EA           0.000      0.000    999.000    999.000
    CBFAS_EA           0.000      0.000    999.000    999.000
    DBFAS_EA           0.000      0.000    999.000    999.000
    AASPFIN_D          0.000      0.000    999.000    999.000
    BASPFIN_D          0.000      0.000    999.000    999.000
    CASPFIN_D          0.000      0.000    999.000    999.000
    DASPFIN_D          0.000      0.000    999.000    999.000
    P2                 0.000      0.000    999.000    999.000
    P3                 0.000      0.000    999.000    999.000
    P4                 0.000      0.000    999.000    999.000
    V2                 0.000      0.000    999.000    999.000
    V3                 0.000      0.000    999.000    999.000
    V4                 0.000      0.000    999.000    999.000

 Variances
    P1                88.393     17.973      4.918      0.000
    V1               191.284     24.656      7.758      0.000
    I_BFAS_EA        297.234     22.215     13.380      0.000
    S_BFAS_EA          0.087      0.166      0.521      0.602
    I_ASPFIN_D       418.861     29.017     14.435      0.000
    S_ASPFIN_D         0.111      0.212      0.525      0.600

 Residual Variances
    ABFAS_EA           0.000      0.000    999.000    999.000
    BBFAS_EA           0.000      0.000    999.000    999.000
    CBFAS_EA           0.000      0.000    999.000    999.000
    DBFAS_EA           0.000      0.000    999.000    999.000
    AASPFIN_D          0.000      0.000    999.000    999.000
    BASPFIN_D          0.000      0.000    999.000    999.000
    CASPFIN_D          0.000      0.000    999.000    999.000
    DASPFIN_D          0.000      0.000    999.000    999.000
    P2                86.851      9.464      9.177      0.000
    P3                86.851      9.464      9.177      0.000
    P4                86.851      9.464      9.177      0.000
    V2               181.766     18.854      9.641      0.000
    V3               181.766     18.854      9.641      0.000
    V4               181.766     18.854      9.641      0.000

Group D3

 P1       BY
    ABFAS_EA           1.000      0.000    999.000    999.000

 P2       BY
    BBFAS_EA           1.000      0.000    999.000    999.000

 P3       BY
    CBFAS_EA           1.000      0.000    999.000    999.000

 P4       BY
    DBFAS_EA           1.000      0.000    999.000    999.000

 V1       BY
    AASPFIN_D          1.000      0.000    999.000    999.000

 V2       BY
    BASPFIN_D          1.000      0.000    999.000    999.000

 V3       BY
    CASPFIN_D          1.000      0.000    999.000    999.000

 V4       BY
    DASPFIN_D          1.000      0.000    999.000    999.000

 P4         ON
    P3                 0.076      0.089      0.860      0.390
    V3                -0.067      0.043     -1.564      0.118

 P3         ON
    P2                 0.076      0.089      0.860      0.390
    V2                -0.067      0.043     -1.564      0.118

 P2         ON
    P1                 0.076      0.089      0.860      0.390
    V1                -0.067      0.043     -1.564      0.118

 V4         ON
    V3                 0.066      0.117      0.566      0.571
    P3                -0.044      0.105     -0.418      0.676

 V3         ON
    V2                 0.066      0.117      0.566      0.571
    P2                -0.044      0.105     -0.418      0.676

 V2         ON
    V1                 0.066      0.117      0.566      0.571
    P1                -0.044      0.105     -0.418      0.676

 S_BFAS_E WITH
    I_BFAS_EA         -1.342      0.946     -1.419      0.156
    S_ASPFIN_D         0.016      0.138      0.115      0.909
    I_ASPFIN_D         0.086      2.644      0.033      0.974

 I_BFAS_E WITH
    S_ASPFIN_D        -1.288      2.805     -0.459      0.646
    I_ASPFIN_D        74.314     18.402      4.038      0.000

 S_ASPFIN WITH
    I_ASPFIN_D        -1.990      1.279     -1.556      0.120

 P1       WITH
    V1                12.989      9.904      1.311      0.190

 P2       WITH
    V2                -3.104      6.229     -0.498      0.618

 P3       WITH
    V3                -3.104      6.229     -0.498      0.618

 P4       WITH
    V4                -3.104      6.229     -0.498      0.618

 Means
    P1                 0.000      0.000    999.000    999.000
    V1                 0.000      0.000    999.000    999.000
    I_BFAS_EA         61.007      0.646     94.441      0.000
    S_BFAS_EA          0.072      0.055      1.309      0.191
    I_ASPFIN_D        43.229      0.774     55.826      0.000
    S_ASPFIN_D        -0.158      0.067     -2.344      0.019

 Intercepts
    ABFAS_EA           0.000      0.000    999.000    999.000
    BBFAS_EA           0.000      0.000    999.000    999.000
    CBFAS_EA           0.000      0.000    999.000    999.000
    DBFAS_EA           0.000      0.000    999.000    999.000
    AASPFIN_D          0.000      0.000    999.000    999.000
    BASPFIN_D          0.000      0.000    999.000    999.000
    CASPFIN_D          0.000      0.000    999.000    999.000
    DASPFIN_D          0.000      0.000    999.000    999.000
    P2                 0.000      0.000    999.000    999.000
    P3                 0.000      0.000    999.000    999.000
    P4                 0.000      0.000    999.000    999.000
    V2                 0.000      0.000    999.000    999.000
    V3                 0.000      0.000    999.000    999.000
    V4                 0.000      0.000    999.000    999.000

 Variances
    P1                81.312     11.126      7.308      0.000
    V1               107.281     18.537      5.787      0.000
    I_BFAS_EA        297.234     22.215     13.380      0.000
    S_BFAS_EA          0.087      0.166      0.521      0.602
    I_ASPFIN_D       418.861     29.017     14.435      0.000
    S_ASPFIN_D         0.111      0.212      0.525      0.600

 Residual Variances
    ABFAS_EA           0.000      0.000    999.000    999.000
    BBFAS_EA           0.000      0.000    999.000    999.000
    CBFAS_EA           0.000      0.000    999.000    999.000
    DBFAS_EA           0.000      0.000    999.000    999.000
    AASPFIN_D          0.000      0.000    999.000    999.000
    BASPFIN_D          0.000      0.000    999.000    999.000
    CASPFIN_D          0.000      0.000    999.000    999.000
    DASPFIN_D          0.000      0.000    999.000    999.000
    P2                58.579      6.246      9.379      0.000
    P3                58.579      6.246      9.379      0.000
    P4                58.579      6.246      9.379      0.000
    V2               151.107     19.521      7.741      0.000
    V3               151.107     19.521      7.741      0.000
    V4               151.107     19.521      7.741      0.000

Group D4

 P1       BY
    ABFAS_EA           1.000      0.000    999.000    999.000

 P2       BY
    BBFAS_EA           1.000      0.000    999.000    999.000

 P3       BY
    CBFAS_EA           1.000      0.000    999.000    999.000

 P4       BY
    DBFAS_EA           1.000      0.000    999.000    999.000

 V1       BY
    AASPFIN_D          1.000      0.000    999.000    999.000

 V2       BY
    BASPFIN_D          1.000      0.000    999.000    999.000

 V3       BY
    CASPFIN_D          1.000      0.000    999.000    999.000

 V4       BY
    DASPFIN_D          1.000      0.000    999.000    999.000

 P4         ON
    P3                 0.225      0.097      2.308      0.021
    V3                 0.015      0.047      0.307      0.759

 P3         ON
    P2                 0.225      0.097      2.308      0.021
    V2                 0.015      0.047      0.307      0.759

 P2         ON
    P1                 0.225      0.097      2.308      0.021
    V1                 0.015      0.047      0.307      0.759

 V4         ON
    V3                 0.152      0.093      1.632      0.103
    P3                 0.105      0.126      0.834      0.405

 V3         ON
    V2                 0.152      0.093      1.632      0.103
    P2                 0.105      0.126      0.834      0.405

 V2         ON
    V1                 0.152      0.093      1.632      0.103
    P1                 0.105      0.126      0.834      0.405

 S_BFAS_E WITH
    I_BFAS_EA         -1.342      0.946     -1.419      0.156
    S_ASPFIN_D         0.016      0.138      0.115      0.909
    I_ASPFIN_D         0.086      2.644      0.033      0.974

 I_BFAS_E WITH
    S_ASPFIN_D        -1.288      2.805     -0.459      0.646
    I_ASPFIN_D        74.314     18.402      4.038      0.000

 S_ASPFIN WITH
    I_ASPFIN_D        -1.990      1.279     -1.556      0.120

 P1       WITH
    V1                 1.005     12.309      0.082      0.935

 P2       WITH
    V2                10.882      7.437      1.463      0.143

 P3       WITH
    V3                10.882      7.437      1.463      0.143

 P4       WITH
    V4                10.882      7.437      1.463      0.143

 Means
    P1                 0.000      0.000    999.000    999.000
    V1                 0.000      0.000    999.000    999.000
    I_BFAS_EA         61.007      0.646     94.441      0.000
    S_BFAS_EA          0.072      0.055      1.309      0.191
    I_ASPFIN_D        43.229      0.774     55.826      0.000
    S_ASPFIN_D        -0.158      0.067     -2.344      0.019

 Intercepts
    ABFAS_EA           0.000      0.000    999.000    999.000
    BBFAS_EA           0.000      0.000    999.000    999.000
    CBFAS_EA           0.000      0.000    999.000    999.000
    DBFAS_EA           0.000      0.000    999.000    999.000
    AASPFIN_D          0.000      0.000    999.000    999.000
    BASPFIN_D          0.000      0.000    999.000    999.000
    CASPFIN_D          0.000      0.000    999.000    999.000
    DASPFIN_D          0.000      0.000    999.000    999.000
    P2                 0.000      0.000    999.000    999.000
    P3                 0.000      0.000    999.000    999.000
    P4                 0.000      0.000    999.000    999.000
    V2                 0.000      0.000    999.000    999.000
    V3                 0.000      0.000    999.000    999.000
    V4                 0.000      0.000    999.000    999.000

 Variances
    P1                69.057     12.045      5.733      0.000
    V1               157.696     24.303      6.489      0.000
    I_BFAS_EA        297.234     22.215     13.380      0.000
    S_BFAS_EA          0.087      0.166      0.521      0.602
    I_ASPFIN_D       418.861     29.017     14.435      0.000
    S_ASPFIN_D         0.111      0.212      0.525      0.600

 Residual Variances
    ABFAS_EA           0.000      0.000    999.000    999.000
    BBFAS_EA           0.000      0.000    999.000    999.000
    CBFAS_EA           0.000      0.000    999.000    999.000
    DBFAS_EA           0.000      0.000    999.000    999.000
    AASPFIN_D          0.000      0.000    999.000    999.000
    BASPFIN_D          0.000      0.000    999.000    999.000
    CASPFIN_D          0.000      0.000    999.000    999.000
    DASPFIN_D          0.000      0.000    999.000    999.000
    P2                49.115      6.335      7.753      0.000
    P3                49.115      6.335      7.753      0.000
    P4                49.115      6.335      7.753      0.000
    V2               144.359     20.400      7.077      0.000
    V3               144.359     20.400      7.077      0.000
    V4               144.359     20.400      7.077      0.000

Group D5

 P1       BY
    ABFAS_EA           1.000      0.000    999.000    999.000

 P2       BY
    BBFAS_EA           1.000      0.000    999.000    999.000

 P3       BY
    CBFAS_EA           1.000      0.000    999.000    999.000

 P4       BY
    DBFAS_EA           1.000      0.000    999.000    999.000

 V1       BY
    AASPFIN_D          1.000      0.000    999.000    999.000

 V2       BY
    BASPFIN_D          1.000      0.000    999.000    999.000

 V3       BY
    CASPFIN_D          1.000      0.000    999.000    999.000

 V4       BY
    DASPFIN_D          1.000      0.000    999.000    999.000

 P4         ON
    P3                 0.321      0.200      1.607      0.108
    V3                -0.056      0.064     -0.867      0.386

 P3         ON
    P2                 0.321      0.200      1.607      0.108
    V2                -0.056      0.064     -0.867      0.386

 P2         ON
    P1                 0.321      0.200      1.607      0.108
    V1                -0.056      0.064     -0.867      0.386

 V4         ON
    V3                 0.142      0.109      1.308      0.191
    P3                -0.092      0.173     -0.529      0.597

 V3         ON
    V2                 0.142      0.109      1.308      0.191
    P2                -0.092      0.173     -0.529      0.597

 V2         ON
    V1                 0.142      0.109      1.308      0.191
    P1                -0.092      0.173     -0.529      0.597

 S_BFAS_E WITH
    I_BFAS_EA         -1.342      0.946     -1.419      0.156
    S_ASPFIN_D         0.016      0.138      0.115      0.909
    I_ASPFIN_D         0.086      2.644      0.033      0.974

 I_BFAS_E WITH
    S_ASPFIN_D        -1.288      2.805     -0.459      0.646
    I_ASPFIN_D        74.314     18.402      4.038      0.000

 S_ASPFIN WITH
    I_ASPFIN_D        -1.990      1.279     -1.556      0.120

 P1       WITH
    V1               -13.927     15.152     -0.919      0.358

 P2       WITH
    V2                -8.188      9.162     -0.894      0.371

 P3       WITH
    V3                -8.188      9.162     -0.894      0.371

 P4       WITH
    V4                -8.188      9.162     -0.894      0.371

 Means
    P1                 0.000      0.000    999.000    999.000
    V1                 0.000      0.000    999.000    999.000
    I_BFAS_EA         61.007      0.646     94.441      0.000
    S_BFAS_EA          0.072      0.055      1.309      0.191
    I_ASPFIN_D        43.229      0.774     55.826      0.000
    S_ASPFIN_D        -0.158      0.067     -2.344      0.019

 Intercepts
    ABFAS_EA           0.000      0.000    999.000    999.000
    BBFAS_EA           0.000      0.000    999.000    999.000
    CBFAS_EA           0.000      0.000    999.000    999.000
    DBFAS_EA           0.000      0.000    999.000    999.000
    AASPFIN_D          0.000      0.000    999.000    999.000
    BASPFIN_D          0.000      0.000    999.000    999.000
    CASPFIN_D          0.000      0.000    999.000    999.000
    DASPFIN_D          0.000      0.000    999.000    999.000
    P2                 0.000      0.000    999.000    999.000
    P3                 0.000      0.000    999.000    999.000
    P4                 0.000      0.000    999.000    999.000
    V2                 0.000      0.000    999.000    999.000
    V3                 0.000      0.000    999.000    999.000
    V4                 0.000      0.000    999.000    999.000

 Variances
    P1                64.530     16.949      3.807      0.000
    V1               149.759     30.950      4.839      0.000
    I_BFAS_EA        297.234     22.215     13.380      0.000
    S_BFAS_EA          0.087      0.166      0.521      0.602
    I_ASPFIN_D       418.861     29.017     14.435      0.000
    S_ASPFIN_D         0.111      0.212      0.525      0.600

 Residual Variances
    ABFAS_EA           0.000      0.000    999.000    999.000
    BBFAS_EA           0.000      0.000    999.000    999.000
    CBFAS_EA           0.000      0.000    999.000    999.000
    DBFAS_EA           0.000      0.000    999.000    999.000
    AASPFIN_D          0.000      0.000    999.000    999.000
    BASPFIN_D          0.000      0.000    999.000    999.000
    CASPFIN_D          0.000      0.000    999.000    999.000
    DASPFIN_D          0.000      0.000    999.000    999.000
    P2                65.913     17.161      3.841      0.000
    P3                65.913     17.161      3.841      0.000
    P4                65.913     17.161      3.841      0.000
    V2               149.031     20.282      7.348      0.000
    V3               149.031     20.282      7.348      0.000
    V4               149.031     20.282      7.348      0.000


QUALITY OF NUMERICAL RESULTS

     Condition Number for the Information Matrix              0.243E-05
       (ratio of smallest to largest eigenvalue)


     Beginning Time:  17:32:44
        Ending Time:  17:33:03
       Elapsed Time:  00:00:19



MUTHEN & MUTHEN
3463 Stoner Ave.
Los Angeles, CA  90066

Tel: (310) 391-9971
Fax: (310) 391-8971
Web: www.StatModel.com
Support: Support@StatModel.com

Copyright (c) 1998-2017 Muthen & Muthen
