Mplus VERSION 8 (Linux)
MUTHEN & MUTHEN
07/07/2018   4:04 PM

INPUT INSTRUCTIONS


  title: PxVx Bivariate LCM-SR - post mi - Linear bfi_a6 with Linear vrt_col;
  data: file = /home/jflournoy/code_new/lnt_pxvx/Data/lnt_nat_recalc.tsv;

  variable:
  names =
  subjid
  aage
  aaspfin
  aaspfin_d
  abfa_mt
  abfa_mt_d
  abfas_ac
  abfas_ap
  abfas_ci
  abfas_co
  abfas_ea
  abfas_ee
  abfas_nv
  abfas_nv9
  abfas_nw
  abfas_oi
  abfas_oo
  abfi_a
  abfi_a6
  abfi_c
  abfi_d_scale
  abfi_e
  abfi_hp8
  abfi_n
  abfi_o
  abfi_s_scale
  ahrz_col
  ahrz_col_d
  ahrz_ind
  ahrz_ind_d
  amvi
  ausi
  ausi_d
  avrt_col
  avrt_col_d
  avrt_ind
  avrt_ind_d
  bage
  baspfin
  baspfin_d
  bbfa_mt
  bbfa_mt_d
  bbfas_ac
  bbfas_ap
  bbfas_ci
  bbfas_co
  bbfas_ea
  bbfas_ee
  bbfas_nv
  bbfas_nv9
  bbfas_nw
  bbfas_oi
  bbfas_oo
  bbfi_a
  bbfi_a6
  bbfi_c
  bbfi_d_scale
  bbfi_e
  bbfi_hp8
  bbfi_n
  bbfi_o
  bbfi_s_scale
  bhrz_col
  bhrz_col_d
  bhrz_ind
  bhrz_ind_d
  bmvi
  busi
  busi_d
  bvrt_col
  bvrt_col_d
  bvrt_ind
  bvrt_ind_d
  cage
  caspfin
  caspfin_d
  cbfa_mt
  cbfa_mt_d
  cbfas_ac
  cbfas_ap
  cbfas_ci
  cbfas_co
  cbfas_ea
  cbfas_ee
  cbfas_nv
  cbfas_nv9
  cbfas_nw
  cbfas_oi
  cbfas_oo
  cbfi_a
  cbfi_a6
  cbfi_c
  cbfi_d_scale
  cbfi_e
  cbfi_hp8
  cbfi_n
  cbfi_o
  cbfi_s_scale
  chrz_col
  chrz_col_d
  chrz_ind
  chrz_ind_d
  cmvi
  cusi
  cusi_d
  cvrt_col
  cvrt_col_d
  cvrt_ind
  cvrt_ind_d
  dage
  daspfin
  daspfin_d
  dbfa_mt
  dbfa_mt_d
  dbfas_ac
  dbfas_ap
  dbfas_ci
  dbfas_co
  dbfas_ea
  dbfas_ee
  dbfas_nv
  dbfas_nv9
  dbfas_nw
  dbfas_oi
  dbfas_oo
  dbfi_a
  dbfi_a6
  dbfi_c
  dbfi_d_scale
  dbfi_e
  dbfi_hp8
  dbfi_n
  dbfi_o
  dbfi_s_scale
  dhrz_col
  dhrz_col_d
  dhrz_ind
  dhrz_ind_d
  dmvi
  dusi
  dusi_d
  dvrt_col
  dvrt_col_d
  dvrt_ind
  dvrt_ind_d;

  USEVARIABLES =
  abfi_a6
  bbfi_a6
  cbfi_a6
  dbfi_a6
  avrt_col
  bvrt_col
  cvrt_col
  dvrt_col
  a1
  a2
  a3
  a4
  ;

  missing = all (-9999);

  tscores = a1 a2 a3 a4;

  DEFINE:
  a1 = aage + 0 - 36;
  a2 = aage + 1 - 36;
  a3 = aage + 2 - 36;
  a4 = aage + 3 - 36;

  ANALYSIS:
  TYPE=RANDOM;
  PROCESSORS = 6;
  model=nocovariances; ! supresses default estimation of certain covs in model;

  MODEL:

  i_bfi_a6 s_bfi_a6 | abfi_a6 bbfi_a6 cbfi_a6 dbfi_a6 AT a1 a2 a3 a4;
  i_vrt_col s_vrt_col | avrt_col bvrt_col cvrt_col dvrt_col AT a1 a2 a3 a4;

  ! freeing factor covs because of "nocovariances"
  s_bfi_a6 WITH i_bfi_a6 s_vrt_col i_vrt_col;
  i_bfi_a6 WITH s_vrt_col i_vrt_col;
  s_vrt_col WITH i_vrt_col;

  p1 BY abfi_a6@1; ! Residual "factors";
  p2 BY bbfi_a6@1;
  p3 BY cbfi_a6@1;
  p4 BY dbfi_a6@1;

  v1 BY avrt_col@1; ! Residual "factors";
  v2 BY bvrt_col@1;
  v3 BY cvrt_col@1;
  v4 BY dvrt_col@1;

  !residual variances on observed/manifest vars set to 0
  abfi_a6@0;
  bbfi_a6@0;
  cbfi_a6@0;
  dbfi_a6@0;

  !residual variances on observed/manifest vars set to 0
  avrt_col@0;
  bvrt_col@0;
  cvrt_col@0;
  dvrt_col@0;

  ! means of observed/manifest vars set to 0
  [abfi_a6@0];
  [bbfi_a6@0];
  [cbfi_a6@0];
  [dbfi_a6@0];

  ! means of observed/manifest vars set to 0
  [avrt_col@0];
  [bvrt_col@0];
  [cvrt_col@0];
  [dvrt_col@0];

  [p1@0]; ! means of residual "factors" set to 0
  [p2@0];
  [p3@0];
  [p4@0];

  [v1@0]; ! means of residual "factors" set to 0
  [v2@0];
  [v3@0];
  [v4@0];

  p4 on p3 (a); ! Autoregressive paths constrained to equality
  p3 on p2 (a);
  p2 on p1 (a);

  v4 on v3 (b); ! Autoregressive paths constrained to equality
  v3 on v2 (b);
  v2 on v1 (b);

  p4 on v3 (c); ! Cross-lagged paths constrained to equality
  p3 on v2 (c);
  p2 on v1 (c);

  v4 on p3 (d); ! Cross-lagged paths constrained to equality
  v3 on p2 (d);
  v2 on p1 (d);

  p1 with v1; !(this one is not like the others)

  p2 with v2 (e); ! Within-wave correlations constrained to equality
  p3 with v3 (e);
  p4 with v4 (e);

  p2 p3 p4 (f); ! estimate variances of residual "factors"
  v2 v3 v4 (g); ! estimate variances of residual "factors"

  OUTPUT: SAMPSTAT PATTERNS;



*** WARNING
  Data set contains cases with missing on time scores but non-missing on the
  corresponding dependent variables.  These cases were not included in the analysis.
  Number of such cases:  5
   1 WARNING(S) FOUND IN THE INPUT INSTRUCTIONS



PxVx Bivariate LCM-SR - post mi - Linear bfi_a6 with Linear vrt_col;

SUMMARY OF ANALYSIS

Number of groups                                                 1
Number of observations                                         864

Number of dependent variables                                    8
Number of independent variables                                  0
Number of continuous latent variables                           12

Observed dependent variables

  Continuous
   ABFI_A6     BBFI_A6     CBFI_A6     DBFI_A6     AVRT_COL    BVRT_COL
   CVRT_COL    DVRT_COL

Continuous latent variables
   P1          P2          P3          P4          V1          V2
   V3          V4          I_BFI_A6    S_BFI_A6    I_VRT_CO    S_VRT_CO

Variables with special functions

  Time scores
   A1          A2          A3          A4


Estimator                                                      MLR
Information matrix                                        OBSERVED
Maximum number of iterations                                   100
Convergence criterion                                    0.100D-05
Maximum number of EM iterations                                500
Convergence criteria for the EM algorithm
  Loglikelihood change                                   0.100D-02
  Relative loglikelihood change                          0.100D-05
  Derivative                                             0.100D-03
Minimum variance                                         0.100D-03
Maximum number of steepest descent iterations                   20
Maximum number of iterations for H1                           2000
Convergence criterion for H1                             0.100D-03
Optimization algorithm                                         EMA

Input data file(s)
  /home/jflournoy/code_new/lnt_pxvx/Data/lnt_nat_recalc.tsv
Input data format  FREE


SUMMARY OF DATA

     Number of missing data patterns            21


SUMMARY OF MISSING DATA PATTERNS


     MISSING DATA PATTERNS (x = not missing)

           1  2  3  4  5  6  7  8  9 10 11 12 13 14 15 16 17 18 19 20
 ABFI_A6   x  x  x  x  x  x  x  x  x  x  x  x  x     x  x  x  x  x  x
 BBFI_A6   x     x  x     x     x     x  x  x  x        x     x
 CBFI_A6   x           x  x     x  x     x  x  x           x  x  x
 DBFI_A6   x     x     x  x  x           x     x  x     x        x  x
 AVRT_COL  x  x  x  x  x  x  x  x  x  x  x  x  x  x     x  x  x  x  x
 BVRT_COL  x     x  x     x     x        x  x                 x
 CVRT_COL  x           x        x  x     x     x              x  x
 DVRT_COL  x     x     x  x  x                 x  x     x     x

          21
 ABFI_A6   x
 BBFI_A6
 CBFI_A6   x
 DBFI_A6   x
 AVRT_COL  x
 BVRT_COL  x
 CVRT_COL  x
 DVRT_COL  x


     MISSING DATA PATTERN FREQUENCIES

    Pattern   Frequency     Pattern   Frequency     Pattern   Frequency
          1         491           8          45          15           1
          2         168           9          21          16           1
          3          26          10           4          17           1
          4          48          11           1          18           1
          5          21          12           1          19           2
          6           2          13           3          20           2
          7          23          14           1          21           1


COVARIANCE COVERAGE OF DATA

Minimum covariance coverage value   0.100


     PROPORTION OF DATA PRESENT


           Covariance Coverage
              ABFI_A6       BBFI_A6       CBFI_A6       DBFI_A6       AVRT_COL
              ________      ________      ________      ________      ________
 ABFI_A6        0.999
 BBFI_A6        0.721         0.721
 CBFI_A6        0.683         0.630         0.683
 DBFI_A6        0.663         0.606         0.603         0.664
 AVRT_COL       0.998         0.721         0.683         0.664         0.999
 BVRT_COL       0.713         0.712         0.627         0.603         0.713
 CVRT_COL       0.678         0.626         0.678         0.601         0.678
 DVRT_COL       0.659         0.606         0.601         0.659         0.660


           Covariance Coverage
              BVRT_COL      CVRT_COL      DVRT_COL
              ________      ________      ________
 BVRT_COL       0.713
 CVRT_COL       0.624         0.678
 DVRT_COL       0.603         0.598         0.660


SAMPLE STATISTICS


     ESTIMATED SAMPLE STATISTICS


           Means
              ABFI_A6       BBFI_A6       CBFI_A6       DBFI_A6       AVRT_COL
              ________      ________      ________      ________      ________
               59.768        60.104        60.055        60.356        71.541


           Means
              BVRT_COL      CVRT_COL      DVRT_COL
              ________      ________      ________
               70.242        68.624        68.839


           Covariances
              ABFI_A6       BBFI_A6       CBFI_A6       DBFI_A6       AVRT_COL
              ________      ________      ________      ________      ________
 ABFI_A6      348.327
 BBFI_A6      274.405       352.976
 CBFI_A6      272.302       284.021       356.482
 DBFI_A6      255.586       274.939       292.296       357.795
 AVRT_COL      76.754        65.750        73.528        61.945       328.488
 BVRT_COL      77.372        77.095        74.204        58.153       242.032
 CVRT_COL      70.293        73.074        79.240        72.187       227.480
 DVRT_COL      64.598        57.900        66.410        60.556       240.463


           Covariances
              BVRT_COL      CVRT_COL      DVRT_COL
              ________      ________      ________
 BVRT_COL     355.251
 CVRT_COL     261.352       372.838
 DVRT_COL     263.482       276.700       366.074


           Correlations
              ABFI_A6       BBFI_A6       CBFI_A6       DBFI_A6       AVRT_COL
              ________      ________      ________      ________      ________
 ABFI_A6        1.000
 BBFI_A6        0.783         1.000
 CBFI_A6        0.773         0.801         1.000
 DBFI_A6        0.724         0.774         0.818         1.000
 AVRT_COL       0.227         0.193         0.215         0.181         1.000
 BVRT_COL       0.220         0.218         0.209         0.163         0.709
 CVRT_COL       0.195         0.201         0.217         0.198         0.650
 DVRT_COL       0.181         0.161         0.184         0.167         0.693


           Correlations
              BVRT_COL      CVRT_COL      DVRT_COL
              ________      ________      ________
 BVRT_COL       1.000
 CVRT_COL       0.718         1.000
 DVRT_COL       0.731         0.749         1.000


     MAXIMUM LOG-LIKELIHOOD VALUE FOR THE UNRESTRICTED (H1) MODEL IS -21229.047


UNIVARIATE SAMPLE STATISTICS


     UNIVARIATE HIGHER-ORDER MOMENT DESCRIPTIVE STATISTICS

         Variable/         Mean/     Skewness/   Minimum/ % with                Percentiles
        Sample Size      Variance    Kurtosis    Maximum  Min/Max      20%/60%    40%/80%    Median

     ABFI_A6              59.786      -0.289       0.000    0.12%      43.750     56.250     62.500
             863.000     348.285      -0.299     100.000    0.58%      65.625     78.125
     BBFI_A6              60.205      -0.403       3.125    0.48%      43.750     56.250     62.500
             623.000     358.289      -0.157     100.000    0.16%      65.625     78.125
     CBFI_A6              59.942      -0.341       6.250    0.34%      43.750     56.250     62.500
             590.000     360.428      -0.284     100.000    0.51%      65.625     75.000
     DBFI_A6              60.524      -0.433       3.125    0.17%      43.750     56.250     62.500
             574.000     363.564      -0.193     100.000    0.70%      65.625     78.125
     AVRT_COL             71.543      -0.604       6.250    0.12%      56.250     68.750     75.000
             863.000     328.502       0.178     100.000    6.03%      75.000     87.500
     BVRT_COL             69.897      -0.489       6.250    0.16%      56.250     68.750     68.750
             616.000     351.791      -0.188     100.000    5.52%      75.000     87.500
     CVRT_COL             68.259      -0.598       6.250    0.68%      50.000     62.500     68.750
             586.000     374.386       0.117     100.000    4.78%      75.000     87.500
     DVRT_COL             68.531      -0.600       0.000    0.18%      50.000     68.750     68.750
             570.000     369.881       0.094     100.000    4.74%      75.000     87.500


THE MODEL ESTIMATION TERMINATED NORMALLY



MODEL FIT INFORMATION

Number of Free Parameters                       24

Loglikelihood

          H0 Value                      -21249.292
          H0 Scaling Correction Factor      1.1760
            for MLR

Information Criteria

          Akaike (AIC)                   42546.584
          Bayesian (BIC)                 42660.862
          Sample-Size Adjusted BIC       42584.644
            (n* = (n + 2) / 24)



MODEL RESULTS

                                                    Two-Tailed
                    Estimate       S.E.  Est./S.E.    P-Value

 P1       BY
    ABFI_A6            1.000      0.000    999.000    999.000

 P2       BY
    BBFI_A6            1.000      0.000    999.000    999.000

 P3       BY
    CBFI_A6            1.000      0.000    999.000    999.000

 P4       BY
    DBFI_A6            1.000      0.000    999.000    999.000

 V1       BY
    AVRT_COL           1.000      0.000    999.000    999.000

 V2       BY
    BVRT_COL           1.000      0.000    999.000    999.000

 V3       BY
    CVRT_COL           1.000      0.000    999.000    999.000

 V4       BY
    DVRT_COL           1.000      0.000    999.000    999.000

 P4         ON
    P3                 0.158      0.053      2.975      0.003
    V3                 0.033      0.033      1.023      0.306

 P3         ON
    P2                 0.158      0.053      2.975      0.003
    V2                 0.033      0.033      1.023      0.306

 P2         ON
    P1                 0.158      0.053      2.975      0.003
    V1                 0.033      0.033      1.023      0.306

 V4         ON
    V3                 0.141      0.051      2.782      0.005
    P3                 0.065      0.053      1.237      0.216

 V3         ON
    V2                 0.141      0.051      2.782      0.005
    P2                 0.065      0.053      1.237      0.216

 V2         ON
    V1                 0.141      0.051      2.782      0.005
    P1                 0.065      0.053      1.237      0.216

 S_BFI_A6 WITH
    I_BFI_A6          -0.475      0.721     -0.659      0.510
    S_VRT_COL          0.000      0.103     -0.001      0.999
    I_VRT_COL         -0.889      2.230     -0.399      0.690

 I_BFI_A6 WITH
    S_VRT_COL         -1.072      2.244     -0.478      0.633
    I_VRT_COL         57.966     15.425      3.758      0.000

 S_VRT_CO WITH
    I_VRT_COL         -0.566      0.735     -0.771      0.441

 P1       WITH
    V1                10.190      6.785      1.502      0.133

 P2       WITH
    V2                 7.958      4.409      1.805      0.071

 P3       WITH
    V3                 7.958      4.409      1.805      0.071

 P4       WITH
    V4                 7.958      4.409      1.805      0.071

 Means
    P1                 0.000      0.000    999.000    999.000
    V1                 0.000      0.000    999.000    999.000
    I_BFI_A6          59.684      0.603     99.033      0.000
    S_BFI_A6           0.274      0.056      4.937      0.000
    I_VRT_COL         70.075      0.581    120.687      0.000
    S_VRT_COL          0.165      0.053      3.117      0.002

 Intercepts
    ABFI_A6            0.000      0.000    999.000    999.000
    BBFI_A6            0.000      0.000    999.000    999.000
    CBFI_A6            0.000      0.000    999.000    999.000
    DBFI_A6            0.000      0.000    999.000    999.000
    AVRT_COL           0.000      0.000    999.000    999.000
    BVRT_COL           0.000      0.000    999.000    999.000
    CVRT_COL           0.000      0.000    999.000    999.000
    DVRT_COL           0.000      0.000    999.000    999.000
    P2                 0.000      0.000    999.000    999.000
    P3                 0.000      0.000    999.000    999.000
    P4                 0.000      0.000    999.000    999.000
    V2                 0.000      0.000    999.000    999.000
    V3                 0.000      0.000    999.000    999.000
    V4                 0.000      0.000    999.000    999.000

 Variances
    P1                96.546      9.148     10.554      0.000
    V1               116.709      9.574     12.191      0.000
    I_BFI_A6         244.979     19.058     12.854      0.000
    S_BFI_A6           0.104      0.142      0.733      0.464
    I_VRT_COL        216.095     19.986     10.812      0.000
    S_VRT_COL          0.141      0.140      1.007      0.314

 Residual Variances
    ABFI_A6            0.000      0.000    999.000    999.000
    BBFI_A6            0.000      0.000    999.000    999.000
    CBFI_A6            0.000      0.000    999.000    999.000
    DBFI_A6            0.000      0.000    999.000    999.000
    AVRT_COL           0.000      0.000    999.000    999.000
    BVRT_COL           0.000      0.000    999.000    999.000
    CVRT_COL           0.000      0.000    999.000    999.000
    DVRT_COL           0.000      0.000    999.000    999.000
    P2                80.357      5.720     14.048      0.000
    P3                80.357      5.720     14.048      0.000
    P4                80.357      5.720     14.048      0.000
    V2               112.650      7.351     15.324      0.000
    V3               112.650      7.351     15.324      0.000
    V4               112.650      7.351     15.324      0.000


QUALITY OF NUMERICAL RESULTS

     Condition Number for the Information Matrix              0.219E-04
       (ratio of smallest to largest eigenvalue)


     Beginning Time:  16:04:55
        Ending Time:  16:05:29
       Elapsed Time:  00:00:34



MUTHEN & MUTHEN
3463 Stoner Ave.
Los Angeles, CA  90066

Tel: (310) 391-9971
Fax: (310) 391-8971
Web: www.StatModel.com
Support: Support@StatModel.com

Copyright (c) 1998-2017 Muthen & Muthen
