Mplus VERSION 8 (Linux)
MUTHEN & MUTHEN
07/07/2018   3:37 PM

INPUT INSTRUCTIONS


  title: PxVx Bivariate LCM-SR - post mi - Linear bfas_ap with Linear aspfin_d;
  data: file = /home/jflournoy/code_new/lnt_pxvx/Data/lnt_nat_recalc.tsv;

  variable:
  names =
  subjid
  aage
  aaspfin
  aaspfin_d
  abfa_mt
  abfa_mt_d
  abfas_ac
  abfas_ap
  abfas_ci
  abfas_co
  abfas_ea
  abfas_ee
  abfas_nv
  abfas_nv9
  abfas_nw
  abfas_oi
  abfas_oo
  abfi_a
  abfi_a6
  abfi_c
  abfi_d_scale
  abfi_e
  abfi_hp8
  abfi_n
  abfi_o
  abfi_s_scale
  ahrz_col
  ahrz_col_d
  ahrz_ind
  ahrz_ind_d
  amvi
  ausi
  ausi_d
  avrt_col
  avrt_col_d
  avrt_ind
  avrt_ind_d
  bage
  baspfin
  baspfin_d
  bbfa_mt
  bbfa_mt_d
  bbfas_ac
  bbfas_ap
  bbfas_ci
  bbfas_co
  bbfas_ea
  bbfas_ee
  bbfas_nv
  bbfas_nv9
  bbfas_nw
  bbfas_oi
  bbfas_oo
  bbfi_a
  bbfi_a6
  bbfi_c
  bbfi_d_scale
  bbfi_e
  bbfi_hp8
  bbfi_n
  bbfi_o
  bbfi_s_scale
  bhrz_col
  bhrz_col_d
  bhrz_ind
  bhrz_ind_d
  bmvi
  busi
  busi_d
  bvrt_col
  bvrt_col_d
  bvrt_ind
  bvrt_ind_d
  cage
  caspfin
  caspfin_d
  cbfa_mt
  cbfa_mt_d
  cbfas_ac
  cbfas_ap
  cbfas_ci
  cbfas_co
  cbfas_ea
  cbfas_ee
  cbfas_nv
  cbfas_nv9
  cbfas_nw
  cbfas_oi
  cbfas_oo
  cbfi_a
  cbfi_a6
  cbfi_c
  cbfi_d_scale
  cbfi_e
  cbfi_hp8
  cbfi_n
  cbfi_o
  cbfi_s_scale
  chrz_col
  chrz_col_d
  chrz_ind
  chrz_ind_d
  cmvi
  cusi
  cusi_d
  cvrt_col
  cvrt_col_d
  cvrt_ind
  cvrt_ind_d
  dage
  daspfin
  daspfin_d
  dbfa_mt
  dbfa_mt_d
  dbfas_ac
  dbfas_ap
  dbfas_ci
  dbfas_co
  dbfas_ea
  dbfas_ee
  dbfas_nv
  dbfas_nv9
  dbfas_nw
  dbfas_oi
  dbfas_oo
  dbfi_a
  dbfi_a6
  dbfi_c
  dbfi_d_scale
  dbfi_e
  dbfi_hp8
  dbfi_n
  dbfi_o
  dbfi_s_scale
  dhrz_col
  dhrz_col_d
  dhrz_ind
  dhrz_ind_d
  dmvi
  dusi
  dusi_d
  dvrt_col
  dvrt_col_d
  dvrt_ind
  dvrt_ind_d;

  USEVARIABLES =
  abfas_ap
  bbfas_ap
  cbfas_ap
  dbfas_ap
  aaspfin_d
  baspfin_d
  caspfin_d
  daspfin_d
  a1
  a2
  a3
  a4
  ;

  missing = all (-9999);

  tscores = a1 a2 a3 a4;

  DEFINE:
  a1 = aage + 0 - 36;
  a2 = aage + 1 - 36;
  a3 = aage + 2 - 36;
  a4 = aage + 3 - 36;

  ANALYSIS:
  TYPE=RANDOM;
  PROCESSORS = 6;
  model=nocovariances; ! supresses default estimation of certain covs in model;

  MODEL:

  i_bfas_ap s_bfas_ap | abfas_ap bbfas_ap cbfas_ap dbfas_ap AT a1 a2 a3 a4;
  i_aspfin_d s_aspfin_d | aaspfin_d baspfin_d caspfin_d daspfin_d AT a1 a2 a3 a4;

  ! freeing factor covs because of "nocovariances"
  s_bfas_ap WITH i_bfas_ap s_aspfin_d i_aspfin_d;
  i_bfas_ap WITH s_aspfin_d i_aspfin_d;
  s_aspfin_d WITH i_aspfin_d;

  p1 BY abfas_ap@1; ! Residual "factors";
  p2 BY bbfas_ap@1;
  p3 BY cbfas_ap@1;
  p4 BY dbfas_ap@1;

  v1 BY aaspfin_d@1; ! Residual "factors";
  v2 BY baspfin_d@1;
  v3 BY caspfin_d@1;
  v4 BY daspfin_d@1;

  !residual variances on observed/manifest vars set to 0
  abfas_ap@0;
  bbfas_ap@0;
  cbfas_ap@0;
  dbfas_ap@0;

  !residual variances on observed/manifest vars set to 0
  aaspfin_d@0;
  baspfin_d@0;
  caspfin_d@0;
  daspfin_d@0;

  ! means of observed/manifest vars set to 0
  [abfas_ap@0];
  [bbfas_ap@0];
  [cbfas_ap@0];
  [dbfas_ap@0];

  ! means of observed/manifest vars set to 0
  [aaspfin_d@0];
  [baspfin_d@0];
  [caspfin_d@0];
  [daspfin_d@0];

  [p1@0]; ! means of residual "factors" set to 0
  [p2@0];
  [p3@0];
  [p4@0];

  [v1@0]; ! means of residual "factors" set to 0
  [v2@0];
  [v3@0];
  [v4@0];

  p4 on p3 (a); ! Autoregressive paths constrained to equality
  p3 on p2 (a);
  p2 on p1 (a);

  v4 on v3 (b); ! Autoregressive paths constrained to equality
  v3 on v2 (b);
  v2 on v1 (b);

  p4 on v3 (c); ! Cross-lagged paths constrained to equality
  p3 on v2 (c);
  p2 on v1 (c);

  v4 on p3 (d); ! Cross-lagged paths constrained to equality
  v3 on p2 (d);
  v2 on p1 (d);

  p1 with v1; !(this one is not like the others)

  p2 with v2 (e); ! Within-wave correlations constrained to equality
  p3 with v3 (e);
  p4 with v4 (e);

  p2 p3 p4 (f); ! estimate variances of residual "factors"
  v2 v3 v4 (g); ! estimate variances of residual "factors"

  OUTPUT: SAMPSTAT PATTERNS;



*** WARNING in VARIABLE command
  Note that only the first 8 characters of variable names are used in the output.
  Shorten variable names to avoid any confusion.
*** WARNING
  Data set contains cases with missing on time scores but non-missing on the
  corresponding dependent variables.  These cases were not included in the analysis.
  Number of such cases:  5
   2 WARNING(S) FOUND IN THE INPUT INSTRUCTIONS



PxVx Bivariate LCM-SR - post mi - Linear bfas_ap with Linear aspfin_d;

SUMMARY OF ANALYSIS

Number of groups                                                 1
Number of observations                                         864

Number of dependent variables                                    8
Number of independent variables                                  0
Number of continuous latent variables                           12

Observed dependent variables

  Continuous
   ABFAS_AP    BBFAS_AP    CBFAS_AP    DBFAS_AP    AASPFIN_D   BASPFIN_D
   CASPFIN_D   DASPFIN_D

Continuous latent variables
   P1          P2          P3          P4          V1          V2
   V3          V4          I_BFAS_A    S_BFAS_A    I_ASPFIN    S_ASPFIN

Variables with special functions

  Time scores
   A1          A2          A3          A4


Estimator                                                      MLR
Information matrix                                        OBSERVED
Maximum number of iterations                                   100
Convergence criterion                                    0.100D-05
Maximum number of EM iterations                                500
Convergence criteria for the EM algorithm
  Loglikelihood change                                   0.100D-02
  Relative loglikelihood change                          0.100D-05
  Derivative                                             0.100D-03
Minimum variance                                         0.100D-03
Maximum number of steepest descent iterations                   20
Maximum number of iterations for H1                           2000
Convergence criterion for H1                             0.100D-03
Optimization algorithm                                         EMA

Input data file(s)
  /home/jflournoy/code_new/lnt_pxvx/Data/lnt_nat_recalc.tsv
Input data format  FREE


SUMMARY OF DATA

     Number of missing data patterns            18


SUMMARY OF MISSING DATA PATTERNS


     MISSING DATA PATTERNS (x = not missing)

           1  2  3  4  5  6  7  8  9 10 11 12 13 14 15 16 17 18
 ABFAS_AP  x  x  x  x  x  x  x  x  x  x  x  x     x  x  x  x  x
 BBFAS_AP  x     x  x        x     x  x  x  x  x     x  x
 CBFAS_AP  x           x     x  x        x  x  x        x  x
 DBFAS_AP  x     x     x  x              x  x  x     x     x  x
 AASPFIN_  x  x  x  x  x  x  x  x     x  x  x  x     x  x  x  x
 BASPFIN_  x     x  x        x     x        x  x        x  x
 CASPFIN_  x           x     x  x        x     x        x  x
 DASPFIN_  x     x     x  x              x  x  x     x  x  x


     MISSING DATA PATTERN FREQUENCIES

    Pattern   Frequency     Pattern   Frequency     Pattern   Frequency
          1         490           7          47          13           3
          2         169           8          24          14           1
          3          26           9           1          15           1
          4          48          10           3          16           1
          5          21          11           2          17           1
          6          24          12           1          18           1


COVARIANCE COVERAGE OF DATA

Minimum covariance coverage value   0.100


     PROPORTION OF DATA PRESENT


           Covariance Coverage
              ABFAS_AP      BBFAS_AP      CBFAS_AP      DBFAS_AP      AASPFIN_
              ________      ________      ________      ________      ________
 ABFAS_AP       0.997
 BBFAS_AP       0.718         0.721
 CBFAS_AP       0.679         0.630         0.683
 DBFAS_AP       0.656         0.605         0.600         0.660
 AASPFIN_       0.994         0.720         0.683         0.660         0.998
 BASPFIN_       0.712         0.714         0.628         0.603         0.714
 CASPFIN_       0.678         0.628         0.682         0.598         0.682
 DASPFIN_       0.656         0.606         0.601         0.659         0.660


           Covariance Coverage
              BASPFIN_      CASPFIN_      DASPFIN_
              ________      ________      ________
 BASPFIN_       0.715
 CASPFIN_       0.627         0.682
 DASPFIN_       0.604         0.600         0.660


SAMPLE STATISTICS


     ESTIMATED SAMPLE STATISTICS


           Means
              ABFAS_AP      BBFAS_AP      CBFAS_AP      DBFAS_AP      AASPFIN_
              ________      ________      ________      ________      ________
               69.780        70.704        70.810        71.014        42.480


           Means
              BASPFIN_      CASPFIN_      DASPFIN_
              ________      ________      ________
               43.544        43.331        43.889


           Covariances
              ABFAS_AP      BBFAS_AP      CBFAS_AP      DBFAS_AP      AASPFIN_
              ________      ________      ________      ________      ________
 ABFAS_AP     264.848
 BBFAS_AP     205.319       256.683
 CBFAS_AP     195.180       199.727       246.255
 DBFAS_AP     194.675       193.746       203.720       245.951
 AASPFIN_     -74.718       -71.285       -65.824       -59.833       579.744
 BASPFIN_     -66.621       -76.217       -69.213       -63.560       448.674
 CASPFIN_     -70.615       -69.478       -78.383       -77.795       442.786
 DASPFIN_     -64.537       -66.320       -69.456       -72.643       424.307


           Covariances
              BASPFIN_      CASPFIN_      DASPFIN_
              ________      ________      ________
 BASPFIN_     599.169
 CASPFIN_     460.063       595.462
 DASPFIN_     437.966       458.976       601.827


           Correlations
              ABFAS_AP      BBFAS_AP      CBFAS_AP      DBFAS_AP      AASPFIN_
              ________      ________      ________      ________      ________
 ABFAS_AP       1.000
 BBFAS_AP       0.787         1.000
 CBFAS_AP       0.764         0.794         1.000
 DBFAS_AP       0.763         0.771         0.828         1.000
 AASPFIN_      -0.191        -0.185        -0.174        -0.158         1.000
 BASPFIN_      -0.167        -0.194        -0.180        -0.166         0.761
 CASPFIN_      -0.178        -0.178        -0.205        -0.203         0.754
 DASPFIN_      -0.162        -0.169        -0.180        -0.189         0.718


           Correlations
              BASPFIN_      CASPFIN_      DASPFIN_
              ________      ________      ________
 BASPFIN_       1.000
 CASPFIN_       0.770         1.000
 DASPFIN_       0.729         0.767         1.000


     MAXIMUM LOG-LIKELIHOOD VALUE FOR THE UNRESTRICTED (H1) MODEL IS -21338.561


UNIVARIATE SAMPLE STATISTICS


     UNIVARIATE HIGHER-ORDER MOMENT DESCRIPTIVE STATISTICS

         Variable/         Mean/     Skewness/   Minimum/ % with                Percentiles
        Sample Size      Variance    Kurtosis    Maximum  Min/Max      20%/60%    40%/80%    Median

     ABFAS_AP             69.780      -0.495       5.000    0.12%      55.000     67.500     70.000
             861.000     265.037       0.011     100.000    1.16%      75.000     85.000
     BBFAS_AP             70.636      -0.393      20.000    0.16%      56.250     67.500     72.500
             623.000     255.904      -0.469     100.000    1.44%      77.500     85.000
     CBFAS_AP             70.619      -0.514      15.000    0.17%      57.500     67.500     72.500
             590.000     249.953      -0.020     100.000    1.19%      75.000     85.000
     DBFAS_AP             70.955      -0.481      17.500    0.18%      57.500     67.500     72.500
             570.000     242.474      -0.172     100.000    0.70%      75.000     85.000
     AASPFIN_D            42.498       0.372       0.000    4.18%      25.000     33.333     41.667
             862.000     579.557      -0.475     100.000    2.32%      50.000     66.667
     BASPFIN_D            43.453       0.437       0.000    2.91%      25.000     33.333     41.667
             618.000     603.407      -0.433     100.000    3.72%      50.000     66.667
     CASPFIN_D            43.570       0.418       0.000    2.89%      25.000     33.333     41.667
             589.000     600.068      -0.521     100.000    3.06%      50.000     66.667
     DASPFIN_D            44.137       0.336       0.000    1.93%      16.667     33.333     41.667
             570.000     614.570      -0.710     100.000    2.63%      50.000     66.667


THE MODEL ESTIMATION TERMINATED NORMALLY



MODEL FIT INFORMATION

Number of Free Parameters                       24

Loglikelihood

          H0 Value                      -21331.925
          H0 Scaling Correction Factor      1.1485
            for MLR

Information Criteria

          Akaike (AIC)                   42711.850
          Bayesian (BIC)                 42826.128
          Sample-Size Adjusted BIC       42749.910
            (n* = (n + 2) / 24)



MODEL RESULTS

                                                    Two-Tailed
                    Estimate       S.E.  Est./S.E.    P-Value

 P1       BY
    ABFAS_AP           1.000      0.000    999.000    999.000

 P2       BY
    BBFAS_AP           1.000      0.000    999.000    999.000

 P3       BY
    CBFAS_AP           1.000      0.000    999.000    999.000

 P4       BY
    DBFAS_AP           1.000      0.000    999.000    999.000

 V1       BY
    AASPFIN_D          1.000      0.000    999.000    999.000

 V2       BY
    BASPFIN_D          1.000      0.000    999.000    999.000

 V3       BY
    CASPFIN_D          1.000      0.000    999.000    999.000

 V4       BY
    DASPFIN_D          1.000      0.000    999.000    999.000

 P4         ON
    P3                 0.134      0.051      2.651      0.008
    V3                -0.043      0.023     -1.901      0.057

 P3         ON
    P2                 0.134      0.051      2.651      0.008
    V2                -0.043      0.023     -1.901      0.057

 P2         ON
    P1                 0.134      0.051      2.651      0.008
    V1                -0.043      0.023     -1.901      0.057

 V4         ON
    V3                 0.129      0.055      2.327      0.020
    P3                -0.015      0.064     -0.228      0.819

 V3         ON
    V2                 0.129      0.055      2.327      0.020
    P2                -0.015      0.064     -0.228      0.819

 V2         ON
    V1                 0.129      0.055      2.327      0.020
    P1                -0.015      0.064     -0.228      0.819

 S_BFAS_A WITH
    I_BFAS_AP         -0.562      0.553     -1.015      0.310
    S_ASPFIN_D         0.004      0.113      0.040      0.968
    I_ASPFIN_D         1.267      2.521      0.503      0.615

 I_BFAS_A WITH
    S_ASPFIN_D         0.031      2.595      0.012      0.990
    I_ASPFIN_D       -60.803     15.013     -4.050      0.000

 S_ASPFIN WITH
    I_ASPFIN_D        -2.250      1.174     -1.916      0.055

 P1       WITH
    V1               -10.670      6.068     -1.759      0.079

 P2       WITH
    V2                -9.319      3.484     -2.675      0.007

 P3       WITH
    V3                -9.319      3.484     -2.675      0.007

 P4       WITH
    V4                -9.319      3.484     -2.675      0.007

 Means
    P1                 0.000      0.000    999.000    999.000
    V1                 0.000      0.000    999.000    999.000
    I_BFAS_AP         70.111      0.505    138.705      0.000
    S_BFAS_AP          0.285      0.044      6.409      0.000
    I_ASPFIN_D        43.256      0.778     55.617      0.000
    S_ASPFIN_D        -0.147      0.068     -2.170      0.030

 Intercepts
    ABFAS_AP           0.000      0.000    999.000    999.000
    BBFAS_AP           0.000      0.000    999.000    999.000
    CBFAS_AP           0.000      0.000    999.000    999.000
    DBFAS_AP           0.000      0.000    999.000    999.000
    AASPFIN_D          0.000      0.000    999.000    999.000
    BASPFIN_D          0.000      0.000    999.000    999.000
    CASPFIN_D          0.000      0.000    999.000    999.000
    DASPFIN_D          0.000      0.000    999.000    999.000
    P2                 0.000      0.000    999.000    999.000
    P3                 0.000      0.000    999.000    999.000
    P4                 0.000      0.000    999.000    999.000
    V2                 0.000      0.000    999.000    999.000
    V3                 0.000      0.000    999.000    999.000
    V4                 0.000      0.000    999.000    999.000

 Variances
    P1                69.617      5.960     11.680      0.000
    V1               153.340     12.148     12.623      0.000
    I_BFAS_AP        180.586     13.071     13.816      0.000
    S_BFAS_AP          0.063      0.098      0.638      0.523
    I_ASPFIN_D       420.278     28.909     14.538      0.000
    S_ASPFIN_D         0.124      0.208      0.599      0.549

 Residual Variances
    ABFAS_AP           0.000      0.000    999.000    999.000
    BBFAS_AP           0.000      0.000    999.000    999.000
    CBFAS_AP           0.000      0.000    999.000    999.000
    DBFAS_AP           0.000      0.000    999.000    999.000
    AASPFIN_D          0.000      0.000    999.000    999.000
    BASPFIN_D          0.000      0.000    999.000    999.000
    CASPFIN_D          0.000      0.000    999.000    999.000
    DASPFIN_D          0.000      0.000    999.000    999.000
    P2                54.657      3.693     14.802      0.000
    P3                54.657      3.693     14.802      0.000
    P4                54.657      3.693     14.802      0.000
    V2               160.149     10.200     15.701      0.000
    V3               160.149     10.200     15.701      0.000
    V4               160.149     10.200     15.701      0.000


QUALITY OF NUMERICAL RESULTS

     Condition Number for the Information Matrix              0.173E-04
       (ratio of smallest to largest eigenvalue)


     Beginning Time:  15:37:10
        Ending Time:  15:37:23
       Elapsed Time:  00:00:13



MUTHEN & MUTHEN
3463 Stoner Ave.
Los Angeles, CA  90066

Tel: (310) 391-9971
Fax: (310) 391-8971
Web: www.StatModel.com
Support: Support@StatModel.com

Copyright (c) 1998-2017 Muthen & Muthen
