Mplus VERSION 8 (Linux)
MUTHEN & MUTHEN
07/08/2018   6:02 PM

INPUT INSTRUCTIONS


  title: PxVx Bivariate LCM-SR - 40splitgroup - Linear bfi_hp8 with Linear vrt_col;
  data: file = /home/jflournoy/code_new/lnt_pxvx/Data/lnt_nat_recalc.tsv;

  variable:
  names =
  subjid
  aage
  aaspfin
  aaspfin_d
  abfa_mt
  abfa_mt_d
  abfas_ac
  abfas_ap
  abfas_ci
  abfas_co
  abfas_ea
  abfas_ee
  abfas_nv
  abfas_nv9
  abfas_nw
  abfas_oi
  abfas_oo
  abfi_a
  abfi_a6
  abfi_c
  abfi_d_scale
  abfi_e
  abfi_hp8
  abfi_n
  abfi_o
  abfi_s_scale
  ahrz_col
  ahrz_col_d
  ahrz_ind
  ahrz_ind_d
  amvi
  ausi
  ausi_d
  avrt_col
  avrt_col_d
  avrt_ind
  avrt_ind_d
  bage
  baspfin
  baspfin_d
  bbfa_mt
  bbfa_mt_d
  bbfas_ac
  bbfas_ap
  bbfas_ci
  bbfas_co
  bbfas_ea
  bbfas_ee
  bbfas_nv
  bbfas_nv9
  bbfas_nw
  bbfas_oi
  bbfas_oo
  bbfi_a
  bbfi_a6
  bbfi_c
  bbfi_d_scale
  bbfi_e
  bbfi_hp8
  bbfi_n
  bbfi_o
  bbfi_s_scale
  bhrz_col
  bhrz_col_d
  bhrz_ind
  bhrz_ind_d
  bmvi
  busi
  busi_d
  bvrt_col
  bvrt_col_d
  bvrt_ind
  bvrt_ind_d
  cage
  caspfin
  caspfin_d
  cbfa_mt
  cbfa_mt_d
  cbfas_ac
  cbfas_ap
  cbfas_ci
  cbfas_co
  cbfas_ea
  cbfas_ee
  cbfas_nv
  cbfas_nv9
  cbfas_nw
  cbfas_oi
  cbfas_oo
  cbfi_a
  cbfi_a6
  cbfi_c
  cbfi_d_scale
  cbfi_e
  cbfi_hp8
  cbfi_n
  cbfi_o
  cbfi_s_scale
  chrz_col
  chrz_col_d
  chrz_ind
  chrz_ind_d
  cmvi
  cusi
  cusi_d
  cvrt_col
  cvrt_col_d
  cvrt_ind
  cvrt_ind_d
  dage
  daspfin
  daspfin_d
  dbfa_mt
  dbfa_mt_d
  dbfas_ac
  dbfas_ap
  dbfas_ci
  dbfas_co
  dbfas_ea
  dbfas_ee
  dbfas_nv
  dbfas_nv9
  dbfas_nw
  dbfas_oi
  dbfas_oo
  dbfi_a
  dbfi_a6
  dbfi_c
  dbfi_d_scale
  dbfi_e
  dbfi_hp8
  dbfi_n
  dbfi_o
  dbfi_s_scale
  dhrz_col
  dhrz_col_d
  dhrz_ind
  dhrz_ind_d
  dmvi
  dusi
  dusi_d
  dvrt_col
  dvrt_col_d
  dvrt_ind
  dvrt_ind_d;

  USEVARIABLES =
  abfi_hp8
  bbfi_hp8
  cbfi_hp8
  dbfi_hp8
  avrt_col
  bvrt_col
  cvrt_col
  dvrt_col
  a1
  a2
  a3
  a4
  aagegrp
  ;

  missing = all (-9999);

  tscores = a1 a2 a3 a4;

  grouping = aagegrp (0=earlier, 1=later);

  DEFINE:

  aagegrp = aage;

  cut aagegrp (39);

  a1 = aage + 0 - 36;
  a2 = aage + 1 - 36;
  a3 = aage + 2 - 36;
  a4 = aage + 3 - 36;

  ANALYSIS:
  TYPE=RANDOM;
  PROCESSORS = 6;
  model=nocovariances; ! supresses default estimation of certain covs in model;

  MODEL:

  i_bfi_hp8 s_bfi_hp8 | abfi_hp8 bbfi_hp8 cbfi_hp8 dbfi_hp8 AT a1 a2 a3 a4;
  i_vrt_col s_vrt_col | avrt_col bvrt_col cvrt_col dvrt_col AT a1 a2 a3 a4;

  ! freeing factor covs because of "nocovariances"
  ! But ensure they are constrained across groups
  s_bfi_hp8 WITH i_bfi_hp8 (p)
  s_vrt_col (q)
  i_vrt_col (r);
  i_bfi_hp8 WITH s_vrt_col (s)
  i_vrt_col (t);
  s_vrt_col WITH i_vrt_col (u);

  !constrain latent growth means across groups
  [i_bfi_hp8] (v);
  [s_bfi_hp8] (w);
  [i_vrt_col] (x);
  [s_vrt_col] (y);

  !constrain latent growth variances across groups
  i_bfi_hp8 (l);
  s_bfi_hp8 (m);
  i_vrt_col (n);
  s_vrt_col (o);

  p1 BY abfi_hp8@1; ! Residual "factors";
  p2 BY bbfi_hp8@1;
  p3 BY cbfi_hp8@1;
  p4 BY dbfi_hp8@1;

  v1 BY avrt_col@1; ! Residual "factors";
  v2 BY bvrt_col@1;
  v3 BY cvrt_col@1;
  v4 BY dvrt_col@1;

  !residual variances on observed/manifest vars set to 0
  abfi_hp8@0;
  bbfi_hp8@0;
  cbfi_hp8@0;
  dbfi_hp8@0;

  !residual variances on observed/manifest vars set to 0
  avrt_col@0;
  bvrt_col@0;
  cvrt_col@0;
  dvrt_col@0;

  ! means of observed/manifest vars set to 0
  [abfi_hp8@0];
  [bbfi_hp8@0];
  [cbfi_hp8@0];
  [dbfi_hp8@0];

  ! means of observed/manifest vars set to 0
  [avrt_col@0];
  [bvrt_col@0];
  [cvrt_col@0];
  [dvrt_col@0];

  [p1@0]; ! means of residual "factors" set to 0
  [p2@0];
  [p3@0];
  [p4@0];

  [v1@0]; ! means of residual "factors" set to 0
  [v2@0];
  [v3@0];
  [v4@0];

  p4 on p3 (a); ! Autoregressive paths constrained to equality
  p3 on p2 (a);
  p2 on p1 (a);

  v4 on v3 (b); ! Autoregressive paths constrained to equality
  v3 on v2 (b);
  v2 on v1 (b);

  p4 on v3 (c); ! Cross-lagged paths constrained to equality
  p3 on v2 (c);
  p2 on v1 (c);

  v4 on p3 (d); ! Cross-lagged paths constrained to equality
  v3 on p2 (d);
  v2 on p1 (d);

  p1 with v1; !(this one is not like the others)

  p2 with v2 (e); ! Within-wave correlations constrained to equality
  p3 with v3 (e);
  p4 with v4 (e);

  p2 p3 p4 (f); ! estimate variances of residual "factors"
  v2 v3 v4 (g); ! estimate variances of residual "factors"

  MODEL earlier:

  p4 on p3 (a23); ! Autoregressive paths constrained to equality
  p3 on p2 (a23);
  p2 on p1 (a23);

  v4 on v3 (b23); ! Autoregressive paths constrained to equality
  v3 on v2 (b23);
  v2 on v1 (b23);

  p4 on v3 (c23); ! Cross-lagged paths constrained to equality
  p3 on v2 (c23);
  p2 on v1 (c23);

  v4 on p3 (d23); ! Cross-lagged paths constrained to equality
  v3 on p2 (d23);
  v2 on p1 (d23);

  p1 with v1; !(this one is not like the others)

  p2 with v2 (e23); ! Within-wave correlations constrained to equality
  p3 with v3 (e23);
  p4 with v4 (e23);

  p2 p3 p4 (f23); ! estimate variances of residual "factors"
  v2 v3 v4 (g23); ! estimate variances of residual "factors"

  MODEL later:

  p4 on p3 (a45); ! Autoregressive paths constrained to equality
  p3 on p2 (a45);
  p2 on p1 (a45);

  v4 on v3 (b45); ! Autoregressive paths constrained to equality
  v3 on v2 (b45);
  v2 on v1 (b45);

  p4 on v3 (c45); ! Cross-lagged paths constrained to equality
  p3 on v2 (c45);
  p2 on v1 (c45);

  v4 on p3 (d45); ! Cross-lagged paths constrained to equality
  v3 on p2 (d45);
  v2 on p1 (d45);

  p1 with v1; !(this one is not like the others)

  p2 with v2 (e45); ! Within-wave correlations constrained to equality
  p3 with v3 (e45);
  p4 with v4 (e45);

  p2 p3 p4 (f45); ! estimate variances of residual "factors"
  v2 v3 v4 (g45); ! estimate variances of residual "factors"

  OUTPUT: SAMPSTAT PATTERNS;



*** WARNING
  Data set contains unknown or missing values for GROUPING,
  PATTERN, COHORT, CLUSTER and/or STRATIFICATION variables.
  Number of cases with unknown or missing values:  5
   1 WARNING(S) FOUND IN THE INPUT INSTRUCTIONS



PxVx Bivariate LCM-SR - 40splitgroup - Linear bfi_hp8 with Linear vrt_col;

SUMMARY OF ANALYSIS

Number of groups                                                 2
Number of observations
   Group EARLIER                                               534
   Group LATER                                                 330
   Total sample size                                           864

Number of dependent variables                                    8
Number of independent variables                                  0
Number of continuous latent variables                           12

Observed dependent variables

  Continuous
   ABFI_HP8    BBFI_HP8    CBFI_HP8    DBFI_HP8    AVRT_COL    BVRT_COL
   CVRT_COL    DVRT_COL

Continuous latent variables
   P1          P2          P3          P4          V1          V2
   V3          V4          I_BFI_HP    S_BFI_HP    I_VRT_CO    S_VRT_CO

Variables with special functions

  Grouping variable     AAGEGRP

  Time scores
   A1          A2          A3          A4


Estimator                                                      MLR
Information matrix                                        OBSERVED
Maximum number of iterations                                   100
Convergence criterion                                    0.100D-05
Maximum number of EM iterations                                500
Convergence criteria for the EM algorithm
  Loglikelihood change                                   0.100D-02
  Relative loglikelihood change                          0.100D-05
  Derivative                                             0.100D-03
Minimum variance                                         0.100D-03
Maximum number of steepest descent iterations                   20
Maximum number of iterations for H1                           2000
Convergence criterion for H1                             0.100D-03
Optimization algorithm                                         EMA

Input data file(s)
  /home/jflournoy/code_new/lnt_pxvx/Data/lnt_nat_recalc.tsv
Input data format  FREE


SUMMARY OF DATA

   Group EARLIER
     Number of missing data patterns            16

   Group LATER
     Number of missing data patterns            16


SUMMARY OF MISSING DATA PATTERNS


     MISSING DATA PATTERNS (x = not missing) FOR EARLIER

           1  2  3  4  5  6  7  8  9 10 11 12 13 14 15 16
 ABFI_HP8  x  x  x  x  x  x  x  x  x  x  x  x  x  x  x  x
 BBFI_HP8  x     x     x  x  x        x  x  x  x  x
 CBFI_HP8  x        x  x     x     x  x  x     x  x  x
 DBFI_HP8  x     x  x  x        x     x        x     x  x
 AVRT_COL  x  x  x  x  x  x  x  x  x  x  x  x  x  x  x  x
 BVRT_COL  x     x     x  x  x        x  x        x
 CVRT_COL  x        x        x     x  x        x  x  x
 DVRT_COL  x     x  x  x        x              x  x


     MISSING DATA PATTERN FREQUENCIES FOR EARLIER

    Pattern   Frequency     Pattern   Frequency     Pattern   Frequency
          1         327           7          19          13           2
          2         100           8          14          14           1
          3          14           9          11          15           1
          4          12          10           1          16           2
          5           1          11           1
          6          26          12           2


     MISSING DATA PATTERNS (x = not missing) FOR LATER

           1  2  3  4  5  6  7  8  9 10 11 12 13 14 15 16
 ABFI_HP8  x  x  x  x  x  x  x  x  x  x  x  x     x  x  x
 BBFI_HP8  x     x     x  x  x        x  x           x
 CBFI_HP8  x        x  x     x     x     x  x           x
 DBFI_HP8  x     x  x  x        x        x  x  x     x
 AVRT_COL  x  x  x  x  x  x  x  x  x  x  x  x  x     x  x
 BVRT_COL  x     x     x  x  x
 CVRT_COL  x        x        x     x     x  x
 DVRT_COL  x     x  x  x        x        x     x     x


     MISSING DATA PATTERN FREQUENCIES FOR LATER

    Pattern   Frequency     Pattern   Frequency     Pattern   Frequency
          1         165           7          26          13           1
          2          68           8           9          14           1
          3          12           9          10          15           1
          4           9          10           2          16           1
          5           1          11           1
          6          22          12           1


COVARIANCE COVERAGE OF DATA

Minimum covariance coverage value   0.100


     PROPORTION OF DATA PRESENT FOR EARLIER


           Covariance Coverage
              ABFI_HP8      BBFI_HP8      CBFI_HP8      DBFI_HP8      AVRT_COL
              ________      ________      ________      ________      ________
 ABFI_HP8       1.000
 BBFI_HP8       0.738         0.738
 CBFI_HP8       0.704         0.659         0.704
 DBFI_HP8       0.700         0.646         0.644         0.700
 AVRT_COL       1.000         0.738         0.704         0.700         1.000
 BVRT_COL       0.730         0.730         0.655         0.642         0.730
 CVRT_COL       0.700         0.655         0.700         0.642         0.700
 DVRT_COL       0.695         0.646         0.642         0.693         0.695


           Covariance Coverage
              BVRT_COL      CVRT_COL      DVRT_COL
              ________      ________      ________
 BVRT_COL       0.730
 CVRT_COL       0.652         0.700
 DVRT_COL       0.642         0.640         0.695


     PROPORTION OF DATA PRESENT FOR LATER


           Covariance Coverage
              ABFI_HP8      BBFI_HP8      CBFI_HP8      DBFI_HP8      AVRT_COL
              ________      ________      ________      ________      ________
 ABFI_HP8       1.000
 BBFI_HP8       0.703         0.703
 CBFI_HP8       0.658         0.597         0.658
 DBFI_HP8       0.609         0.548         0.542         0.609
 AVRT_COL       1.000         0.703         0.658         0.609         1.000
 BVRT_COL       0.697         0.697         0.594         0.545         0.697
 CVRT_COL       0.652         0.591         0.652         0.539         0.652
 DVRT_COL       0.600         0.545         0.536         0.597         0.600


           Covariance Coverage
              BVRT_COL      CVRT_COL      DVRT_COL
              ________      ________      ________
 BVRT_COL       0.697
 CVRT_COL       0.588         0.652
 DVRT_COL       0.542         0.533         0.600


SAMPLE STATISTICS


     ESTIMATED SAMPLE STATISTICS FOR EARLIER


           Means
              ABFI_HP8      BBFI_HP8      CBFI_HP8      DBFI_HP8      AVRT_COL
              ________      ________      ________      ________      ________
               69.477        69.339        70.573        70.422        70.365


           Means
              BVRT_COL      CVRT_COL      DVRT_COL
              ________      ________      ________
               68.156        67.289        67.267


           Covariances
              ABFI_HP8      BBFI_HP8      CBFI_HP8      DBFI_HP8      AVRT_COL
              ________      ________      ________      ________      ________
 ABFI_HP8     260.222
 BBFI_HP8     197.171       260.932
 CBFI_HP8     171.079       183.100       226.858
 DBFI_HP8     164.884       173.041       172.104       234.660
 AVRT_COL      85.717        71.546        65.038        54.551       335.722
 BVRT_COL      87.692        85.297        74.686        67.905       245.433
 CVRT_COL      76.210        62.220        72.320        63.452       230.226
 DVRT_COL      75.728        55.693        64.985        59.451       244.130


           Covariances
              BVRT_COL      CVRT_COL      DVRT_COL
              ________      ________      ________
 BVRT_COL     365.445
 CVRT_COL     264.943       399.422
 DVRT_COL     260.411       284.264       385.416


           Correlations
              ABFI_HP8      BBFI_HP8      CBFI_HP8      DBFI_HP8      AVRT_COL
              ________      ________      ________      ________      ________
 ABFI_HP8       1.000
 BBFI_HP8       0.757         1.000
 CBFI_HP8       0.704         0.753         1.000
 DBFI_HP8       0.667         0.699         0.746         1.000
 AVRT_COL       0.290         0.242         0.236         0.194         1.000
 BVRT_COL       0.284         0.276         0.259         0.232         0.701
 CVRT_COL       0.236         0.193         0.240         0.207         0.629
 DVRT_COL       0.239         0.176         0.220         0.198         0.679


           Correlations
              BVRT_COL      CVRT_COL      DVRT_COL
              ________      ________      ________
 BVRT_COL       1.000
 CVRT_COL       0.693         1.000
 DVRT_COL       0.694         0.725         1.000


     ESTIMATED SAMPLE STATISTICS FOR LATER


           Means
              ABFI_HP8      BBFI_HP8      CBFI_HP8      DBFI_HP8      AVRT_COL
              ________      ________      ________      ________      ________
               73.849        75.276        75.023        75.552        73.438


           Means
              BVRT_COL      CVRT_COL      DVRT_COL
              ________      ________      ________
               73.684        70.748        71.409


           Covariances
              ABFI_HP8      BBFI_HP8      CBFI_HP8      DBFI_HP8      AVRT_COL
              ________      ________      ________      ________      ________
 ABFI_HP8     214.518
 BBFI_HP8     155.594       221.474
 CBFI_HP8     166.823       172.800       224.097
 DBFI_HP8     153.245       166.289       169.272       216.474
 AVRT_COL      51.391        49.217        42.401        44.977       310.940
 BVRT_COL      43.806        50.981        41.677        41.368       224.465
 CVRT_COL      60.672        65.051        64.236        60.696       213.946
 DVRT_COL      44.646        48.781        51.525        51.742       224.655


           Covariances
              BVRT_COL      CVRT_COL      DVRT_COL
              ________      ________      ________
 BVRT_COL     316.099
 CVRT_COL     240.459       316.851
 DVRT_COL     254.107       255.277       318.982


           Correlations
              ABFI_HP8      BBFI_HP8      CBFI_HP8      DBFI_HP8      AVRT_COL
              ________      ________      ________      ________      ________
 ABFI_HP8       1.000
 BBFI_HP8       0.714         1.000
 CBFI_HP8       0.761         0.776         1.000
 DBFI_HP8       0.711         0.759         0.769         1.000
 AVRT_COL       0.199         0.188         0.161         0.173         1.000
 BVRT_COL       0.168         0.193         0.157         0.158         0.716
 CVRT_COL       0.233         0.246         0.241         0.232         0.682
 DVRT_COL       0.171         0.184         0.193         0.197         0.713


           Correlations
              BVRT_COL      CVRT_COL      DVRT_COL
              ________      ________      ________
 BVRT_COL       1.000
 CVRT_COL       0.760         1.000
 DVRT_COL       0.800         0.803         1.000


     MAXIMUM LOG-LIKELIHOOD VALUE FOR THE UNRESTRICTED (H1) MODEL IS -20822.341


UNIVARIATE SAMPLE STATISTICS


     UNIVARIATE HIGHER-ORDER MOMENT DESCRIPTIVE STATISTICS FOR EARLIER

         Variable/         Mean/     Skewness/   Minimum/ % with                Percentiles
        Sample Size      Variance    Kurtosis    Maximum  Min/Max      20%/60%    40%/80%    Median

     ABFI_HP8             69.477      -0.210      25.000    0.37%      53.125     65.625     71.875
             534.000     260.222      -0.579     100.000    2.81%      75.000     84.375
     BBFI_HP8             69.768      -0.269      21.875    0.25%      56.250     65.625     68.750
             394.000     251.389      -0.520     100.000    1.02%      75.000     84.375
     CBFI_HP8             70.520      -0.253      28.125    0.53%      59.375     65.625     71.875
             376.000     227.135      -0.493     100.000    1.60%      75.000     84.375
     DBFI_HP8             70.882      -0.320      28.125    0.27%      59.375     68.750     71.875
             374.000     230.454      -0.333     100.000    1.34%      75.000     84.375
     AVRT_COL             70.365      -0.613       6.250    0.19%      56.250     68.750     75.000
             534.000     335.722       0.263     100.000    5.24%      75.000     87.500
     BVRT_COL             67.756      -0.433      12.500    0.51%      50.000     62.500     68.750
             390.000     365.043      -0.312     100.000    4.87%      75.000     87.500
     CVRT_COL             66.845      -0.604       6.250    0.80%      50.000     62.500     68.750
             374.000     400.574      -0.001     100.000    4.01%      75.000     81.250
     DVRT_COL             67.015      -0.571       0.000    0.27%      50.000     62.500     68.750
             371.000     393.616      -0.074     100.000    4.04%      75.000     81.250


     UNIVARIATE HIGHER-ORDER MOMENT DESCRIPTIVE STATISTICS FOR LATER

         Variable/         Mean/     Skewness/   Minimum/ % with                Percentiles
        Sample Size      Variance    Kurtosis    Maximum  Min/Max      20%/60%    40%/80%    Median

     ABFI_HP8             73.828      -0.575      28.125    0.61%      62.500     71.875     75.000
             329.000     214.704       0.241     100.000    2.43%      78.125     87.500
     BBFI_HP8             75.094      -0.464      34.375    0.43%      59.375     71.875     76.562
             230.000     226.695      -0.491     100.000    2.17%      81.250     87.500
     CBFI_HP8             74.883      -0.503      28.125    0.47%      62.500     71.875     75.000
             214.000     234.361      -0.119     100.000    4.21%      78.125     87.500
     DBFI_HP8             75.212      -0.441      28.125    0.50%      62.500     71.875     75.000
             200.000     230.907      -0.266     100.000    3.50%      78.125     89.286
     AVRT_COL             73.455      -0.579      12.500    0.30%      56.250     68.750     75.000
             329.000     310.878      -0.032     100.000    7.29%      81.250     87.500
     BVRT_COL             73.590      -0.551       6.250    0.44%      56.250     68.750     75.000
             226.000     307.380       0.038     100.000    6.64%      81.250     87.500
     CVRT_COL             70.755      -0.497       6.250    0.47%      56.250     68.750     75.000
             212.000     318.431       0.139     100.000    6.13%      75.000     87.500
     DVRT_COL             71.357      -0.585       6.250    0.50%      56.250     68.750     75.000
             199.000     313.360       0.341     100.000    6.03%      75.000     87.500


THE MODEL ESTIMATION TERMINATED NORMALLY



MODEL FIT INFORMATION

Number of Free Parameters                       34

Loglikelihood

          H0 Value                      -20862.227
          H0 Scaling Correction Factor      1.1534
            for MLR

Information Criteria

          Akaike (AIC)                   41792.454
          Bayesian (BIC)                 41954.348
          Sample-Size Adjusted BIC       41846.373
            (n* = (n + 2) / 24)



MODEL RESULTS

                                                    Two-Tailed
                    Estimate       S.E.  Est./S.E.    P-Value

Group EARLIER

 P1       BY
    ABFI_HP8           1.000      0.000    999.000    999.000

 P2       BY
    BBFI_HP8           1.000      0.000    999.000    999.000

 P3       BY
    CBFI_HP8           1.000      0.000    999.000    999.000

 P4       BY
    DBFI_HP8           1.000      0.000    999.000    999.000

 V1       BY
    AVRT_COL           1.000      0.000    999.000    999.000

 V2       BY
    BVRT_COL           1.000      0.000    999.000    999.000

 V3       BY
    CVRT_COL           1.000      0.000    999.000    999.000

 V4       BY
    DVRT_COL           1.000      0.000    999.000    999.000

 P4         ON
    P3                 0.201      0.058      3.490      0.000
    V3                 0.017      0.038      0.452      0.651

 P3         ON
    P2                 0.201      0.058      3.490      0.000
    V2                 0.017      0.038      0.452      0.651

 P2         ON
    P1                 0.201      0.058      3.490      0.000
    V1                 0.017      0.038      0.452      0.651

 V4         ON
    V3                 0.203      0.074      2.732      0.006
    P3                -0.019      0.075     -0.250      0.802

 V3         ON
    V2                 0.203      0.074      2.732      0.006
    P2                -0.019      0.075     -0.250      0.802

 V2         ON
    V1                 0.203      0.074      2.732      0.006
    P1                -0.019      0.075     -0.250      0.802

 S_BFI_HP WITH
    I_BFI_HP8         -0.335      0.472     -0.710      0.478
    S_VRT_COL          0.087      0.078      1.115      0.265
    I_VRT_COL         -1.457      1.946     -0.748      0.454

 I_BFI_HP WITH
    S_VRT_COL         -0.035      1.996     -0.017      0.986
    I_VRT_COL         48.324     11.591      4.169      0.000

 S_VRT_CO WITH
    I_VRT_COL         -0.262      0.742     -0.353      0.724

 P1       WITH
    V1                12.420      7.360      1.687      0.092

 P2       WITH
    V2                 6.576      5.428      1.211      0.226

 P3       WITH
    V3                 6.576      5.428      1.211      0.226

 P4       WITH
    V4                 6.576      5.428      1.211      0.226

 Means
    P1                 0.000      0.000    999.000    999.000
    V1                 0.000      0.000    999.000    999.000
    I_BFI_HP8         71.426      0.493    144.907      0.000
    S_BFI_HP8          0.282      0.044      6.430      0.000
    I_VRT_COL         70.167      0.585    120.046      0.000
    S_VRT_COL          0.148      0.053      2.770      0.006

 Intercepts
    ABFI_HP8           0.000      0.000    999.000    999.000
    BBFI_HP8           0.000      0.000    999.000    999.000
    CBFI_HP8           0.000      0.000    999.000    999.000
    DBFI_HP8           0.000      0.000    999.000    999.000
    AVRT_COL           0.000      0.000    999.000    999.000
    BVRT_COL           0.000      0.000    999.000    999.000
    CVRT_COL           0.000      0.000    999.000    999.000
    DVRT_COL           0.000      0.000    999.000    999.000
    P2                 0.000      0.000    999.000    999.000
    P3                 0.000      0.000    999.000    999.000
    P4                 0.000      0.000    999.000    999.000
    V2                 0.000      0.000    999.000    999.000
    V3                 0.000      0.000    999.000    999.000
    V4                 0.000      0.000    999.000    999.000

 Variances
    P1                84.884      8.889      9.550      0.000
    V1               117.257     12.777      9.177      0.000
    I_BFI_HP8        155.240     11.915     13.029      0.000
    S_BFI_HP8          0.087      0.097      0.895      0.371
    I_VRT_COL        207.817     20.254     10.260      0.000
    S_VRT_COL          0.201      0.146      1.377      0.168

 Residual Variances
    ABFI_HP8           0.000      0.000    999.000    999.000
    BBFI_HP8           0.000      0.000    999.000    999.000
    CBFI_HP8           0.000      0.000    999.000    999.000
    DBFI_HP8           0.000      0.000    999.000    999.000
    AVRT_COL           0.000      0.000    999.000    999.000
    BVRT_COL           0.000      0.000    999.000    999.000
    CVRT_COL           0.000      0.000    999.000    999.000
    DVRT_COL           0.000      0.000    999.000    999.000
    P2                72.387      5.090     14.220      0.000
    P3                72.387      5.090     14.220      0.000
    P4                72.387      5.090     14.220      0.000
    V2               136.166     11.425     11.918      0.000
    V3               136.166     11.425     11.918      0.000
    V4               136.166     11.425     11.918      0.000

Group LATER

 P1       BY
    ABFI_HP8           1.000      0.000    999.000    999.000

 P2       BY
    BBFI_HP8           1.000      0.000    999.000    999.000

 P3       BY
    CBFI_HP8           1.000      0.000    999.000    999.000

 P4       BY
    DBFI_HP8           1.000      0.000    999.000    999.000

 V1       BY
    AVRT_COL           1.000      0.000    999.000    999.000

 V2       BY
    BVRT_COL           1.000      0.000    999.000    999.000

 V3       BY
    CVRT_COL           1.000      0.000    999.000    999.000

 V4       BY
    DVRT_COL           1.000      0.000    999.000    999.000

 P4         ON
    P3                -0.041      0.073     -0.562      0.574
    V3                 0.019      0.044      0.445      0.657

 P3         ON
    P2                -0.041      0.073     -0.562      0.574
    V2                 0.019      0.044      0.445      0.657

 P2         ON
    P1                -0.041      0.073     -0.562      0.574
    V1                 0.019      0.044      0.445      0.657

 V4         ON
    V3                 0.046      0.068      0.680      0.497
    P3                 0.055      0.078      0.698      0.485

 V3         ON
    V2                 0.046      0.068      0.680      0.497
    P2                 0.055      0.078      0.698      0.485

 V2         ON
    V1                 0.046      0.068      0.680      0.497
    P1                 0.055      0.078      0.698      0.485

 S_BFI_HP WITH
    I_BFI_HP8         -0.335      0.472     -0.710      0.478
    S_VRT_COL          0.087      0.078      1.115      0.265
    I_VRT_COL         -1.457      1.946     -0.748      0.454

 I_BFI_HP WITH
    S_VRT_COL         -0.035      1.996     -0.017      0.986
    I_VRT_COL         48.324     11.591      4.169      0.000

 S_VRT_CO WITH
    I_VRT_COL         -0.262      0.742     -0.353      0.724

 P1       WITH
    V1                 5.817      6.943      0.838      0.402

 P2       WITH
    V2                 6.047      3.868      1.563      0.118

 P3       WITH
    V3                 6.047      3.868      1.563      0.118

 P4       WITH
    V4                 6.047      3.868      1.563      0.118

 Means
    P1                 0.000      0.000    999.000    999.000
    V1                 0.000      0.000    999.000    999.000
    I_BFI_HP8         71.426      0.493    144.907      0.000
    S_BFI_HP8          0.282      0.044      6.430      0.000
    I_VRT_COL         70.167      0.585    120.046      0.000
    S_VRT_COL          0.148      0.053      2.770      0.006

 Intercepts
    ABFI_HP8           0.000      0.000    999.000    999.000
    BBFI_HP8           0.000      0.000    999.000    999.000
    CBFI_HP8           0.000      0.000    999.000    999.000
    DBFI_HP8           0.000      0.000    999.000    999.000
    AVRT_COL           0.000      0.000    999.000    999.000
    BVRT_COL           0.000      0.000    999.000    999.000
    CVRT_COL           0.000      0.000    999.000    999.000
    DVRT_COL           0.000      0.000    999.000    999.000
    P2                 0.000      0.000    999.000    999.000
    P3                 0.000      0.000    999.000    999.000
    P4                 0.000      0.000    999.000    999.000
    V2                 0.000      0.000    999.000    999.000
    V3                 0.000      0.000    999.000    999.000
    V4                 0.000      0.000    999.000    999.000

 Variances
    P1                63.773      8.522      7.484      0.000
    V1               112.065     13.379      8.376      0.000
    I_BFI_HP8        155.240     11.915     13.029      0.000
    S_BFI_HP8          0.087      0.097      0.895      0.371
    I_VRT_COL        207.817     20.254     10.260      0.000
    S_VRT_COL          0.201      0.146      1.377      0.168

 Residual Variances
    ABFI_HP8           0.000      0.000    999.000    999.000
    BBFI_HP8           0.000      0.000    999.000    999.000
    CBFI_HP8           0.000      0.000    999.000    999.000
    DBFI_HP8           0.000      0.000    999.000    999.000
    AVRT_COL           0.000      0.000    999.000    999.000
    BVRT_COL           0.000      0.000    999.000    999.000
    CVRT_COL           0.000      0.000    999.000    999.000
    DVRT_COL           0.000      0.000    999.000    999.000
    P2                50.647      4.892     10.353      0.000
    P3                50.647      4.892     10.353      0.000
    P4                50.647      4.892     10.353      0.000
    V2                74.424      7.457      9.981      0.000
    V3                74.424      7.457      9.981      0.000
    V4                74.424      7.457      9.981      0.000


QUALITY OF NUMERICAL RESULTS

     Condition Number for the Information Matrix              0.216E-04
       (ratio of smallest to largest eigenvalue)


     Beginning Time:  18:02:04
        Ending Time:  18:02:14
       Elapsed Time:  00:00:10



MUTHEN & MUTHEN
3463 Stoner Ave.
Los Angeles, CA  90066

Tel: (310) 391-9971
Fax: (310) 391-8971
Web: www.StatModel.com
Support: Support@StatModel.com

Copyright (c) 1998-2017 Muthen & Muthen
