Mplus VERSION 8 (Linux)
MUTHEN & MUTHEN
07/08/2018   5:43 PM

INPUT INSTRUCTIONS


  title: PxVx Bivariate LCM-SR - 40splitgroup - Linear bfas_oi with Linear vrt_col_d;
  data: file = /home/jflournoy/code_new/lnt_pxvx/Data/lnt_nat_recalc.tsv;

  variable:
  names =
  subjid
  aage
  aaspfin
  aaspfin_d
  abfa_mt
  abfa_mt_d
  abfas_ac
  abfas_ap
  abfas_ci
  abfas_co
  abfas_ea
  abfas_ee
  abfas_nv
  abfas_nv9
  abfas_nw
  abfas_oi
  abfas_oo
  abfi_a
  abfi_a6
  abfi_c
  abfi_d_scale
  abfi_e
  abfi_hp8
  abfi_n
  abfi_o
  abfi_s_scale
  ahrz_col
  ahrz_col_d
  ahrz_ind
  ahrz_ind_d
  amvi
  ausi
  ausi_d
  avrt_col
  avrt_col_d
  avrt_ind
  avrt_ind_d
  bage
  baspfin
  baspfin_d
  bbfa_mt
  bbfa_mt_d
  bbfas_ac
  bbfas_ap
  bbfas_ci
  bbfas_co
  bbfas_ea
  bbfas_ee
  bbfas_nv
  bbfas_nv9
  bbfas_nw
  bbfas_oi
  bbfas_oo
  bbfi_a
  bbfi_a6
  bbfi_c
  bbfi_d_scale
  bbfi_e
  bbfi_hp8
  bbfi_n
  bbfi_o
  bbfi_s_scale
  bhrz_col
  bhrz_col_d
  bhrz_ind
  bhrz_ind_d
  bmvi
  busi
  busi_d
  bvrt_col
  bvrt_col_d
  bvrt_ind
  bvrt_ind_d
  cage
  caspfin
  caspfin_d
  cbfa_mt
  cbfa_mt_d
  cbfas_ac
  cbfas_ap
  cbfas_ci
  cbfas_co
  cbfas_ea
  cbfas_ee
  cbfas_nv
  cbfas_nv9
  cbfas_nw
  cbfas_oi
  cbfas_oo
  cbfi_a
  cbfi_a6
  cbfi_c
  cbfi_d_scale
  cbfi_e
  cbfi_hp8
  cbfi_n
  cbfi_o
  cbfi_s_scale
  chrz_col
  chrz_col_d
  chrz_ind
  chrz_ind_d
  cmvi
  cusi
  cusi_d
  cvrt_col
  cvrt_col_d
  cvrt_ind
  cvrt_ind_d
  dage
  daspfin
  daspfin_d
  dbfa_mt
  dbfa_mt_d
  dbfas_ac
  dbfas_ap
  dbfas_ci
  dbfas_co
  dbfas_ea
  dbfas_ee
  dbfas_nv
  dbfas_nv9
  dbfas_nw
  dbfas_oi
  dbfas_oo
  dbfi_a
  dbfi_a6
  dbfi_c
  dbfi_d_scale
  dbfi_e
  dbfi_hp8
  dbfi_n
  dbfi_o
  dbfi_s_scale
  dhrz_col
  dhrz_col_d
  dhrz_ind
  dhrz_ind_d
  dmvi
  dusi
  dusi_d
  dvrt_col
  dvrt_col_d
  dvrt_ind
  dvrt_ind_d;

  USEVARIABLES =
  abfas_oi
  bbfas_oi
  cbfas_oi
  dbfas_oi
  avrt_col_d
  bvrt_col_d
  cvrt_col_d
  dvrt_col_d
  a1
  a2
  a3
  a4
  aagegrp
  ;

  missing = all (-9999);

  tscores = a1 a2 a3 a4;

  grouping = aagegrp (0=earlier, 1=later);

  DEFINE:

  aagegrp = aage;

  cut aagegrp (39);

  a1 = aage + 0 - 36;
  a2 = aage + 1 - 36;
  a3 = aage + 2 - 36;
  a4 = aage + 3 - 36;

  ANALYSIS:
  TYPE=RANDOM;
  PROCESSORS = 6;
  model=nocovariances; ! supresses default estimation of certain covs in model;

  MODEL:

  i_bfas_oi s_bfas_oi | abfas_oi bbfas_oi cbfas_oi dbfas_oi AT a1 a2 a3 a4;
  i_vrt_col_d s_vrt_col_d | avrt_col_d bvrt_col_d cvrt_col_d dvrt_col_d AT a1 a2 a3 a4;

  ! freeing factor covs because of "nocovariances"
  ! But ensure they are constrained across groups
  s_bfas_oi WITH i_bfas_oi (p)
  s_vrt_col_d (q)
  i_vrt_col_d (r);
  i_bfas_oi WITH s_vrt_col_d (s)
  i_vrt_col_d (t);
  s_vrt_col_d WITH i_vrt_col_d (u);

  !constrain latent growth means across groups
  [i_bfas_oi] (v);
  [s_bfas_oi] (w);
  [i_vrt_col_d] (x);
  [s_vrt_col_d] (y);

  !constrain latent growth variances across groups
  i_bfas_oi (l);
  s_bfas_oi (m);
  i_vrt_col_d (n);
  s_vrt_col_d (o);

  p1 BY abfas_oi@1; ! Residual "factors";
  p2 BY bbfas_oi@1;
  p3 BY cbfas_oi@1;
  p4 BY dbfas_oi@1;

  v1 BY avrt_col_d@1; ! Residual "factors";
  v2 BY bvrt_col_d@1;
  v3 BY cvrt_col_d@1;
  v4 BY dvrt_col_d@1;

  !residual variances on observed/manifest vars set to 0
  abfas_oi@0;
  bbfas_oi@0;
  cbfas_oi@0;
  dbfas_oi@0;

  !residual variances on observed/manifest vars set to 0
  avrt_col_d@0;
  bvrt_col_d@0;
  cvrt_col_d@0;
  dvrt_col_d@0;

  ! means of observed/manifest vars set to 0
  [abfas_oi@0];
  [bbfas_oi@0];
  [cbfas_oi@0];
  [dbfas_oi@0];

  ! means of observed/manifest vars set to 0
  [avrt_col_d@0];
  [bvrt_col_d@0];
  [cvrt_col_d@0];
  [dvrt_col_d@0];

  [p1@0]; ! means of residual "factors" set to 0
  [p2@0];
  [p3@0];
  [p4@0];

  [v1@0]; ! means of residual "factors" set to 0
  [v2@0];
  [v3@0];
  [v4@0];

  p4 on p3 (a); ! Autoregressive paths constrained to equality
  p3 on p2 (a);
  p2 on p1 (a);

  v4 on v3 (b); ! Autoregressive paths constrained to equality
  v3 on v2 (b);
  v2 on v1 (b);

  p4 on v3 (c); ! Cross-lagged paths constrained to equality
  p3 on v2 (c);
  p2 on v1 (c);

  v4 on p3 (d); ! Cross-lagged paths constrained to equality
  v3 on p2 (d);
  v2 on p1 (d);

  p1 with v1; !(this one is not like the others)

  p2 with v2 (e); ! Within-wave correlations constrained to equality
  p3 with v3 (e);
  p4 with v4 (e);

  p2 p3 p4 (f); ! estimate variances of residual "factors"
  v2 v3 v4 (g); ! estimate variances of residual "factors"

  MODEL earlier:

  p4 on p3 (a23); ! Autoregressive paths constrained to equality
  p3 on p2 (a23);
  p2 on p1 (a23);

  v4 on v3 (b23); ! Autoregressive paths constrained to equality
  v3 on v2 (b23);
  v2 on v1 (b23);

  p4 on v3 (c23); ! Cross-lagged paths constrained to equality
  p3 on v2 (c23);
  p2 on v1 (c23);

  v4 on p3 (d23); ! Cross-lagged paths constrained to equality
  v3 on p2 (d23);
  v2 on p1 (d23);

  p1 with v1; !(this one is not like the others)

  p2 with v2 (e23); ! Within-wave correlations constrained to equality
  p3 with v3 (e23);
  p4 with v4 (e23);

  p2 p3 p4 (f23); ! estimate variances of residual "factors"
  v2 v3 v4 (g23); ! estimate variances of residual "factors"

  MODEL later:

  p4 on p3 (a45); ! Autoregressive paths constrained to equality
  p3 on p2 (a45);
  p2 on p1 (a45);

  v4 on v3 (b45); ! Autoregressive paths constrained to equality
  v3 on v2 (b45);
  v2 on v1 (b45);

  p4 on v3 (c45); ! Cross-lagged paths constrained to equality
  p3 on v2 (c45);
  p2 on v1 (c45);

  v4 on p3 (d45); ! Cross-lagged paths constrained to equality
  v3 on p2 (d45);
  v2 on p1 (d45);

  p1 with v1; !(this one is not like the others)

  p2 with v2 (e45); ! Within-wave correlations constrained to equality
  p3 with v3 (e45);
  p4 with v4 (e45);

  p2 p3 p4 (f45); ! estimate variances of residual "factors"
  v2 v3 v4 (g45); ! estimate variances of residual "factors"

  OUTPUT: SAMPSTAT PATTERNS;



*** WARNING in VARIABLE command
  Note that only the first 8 characters of variable names are used in the output.
  Shorten variable names to avoid any confusion.
*** WARNING
  Data set contains unknown or missing values for GROUPING,
  PATTERN, COHORT, CLUSTER and/or STRATIFICATION variables.
  Number of cases with unknown or missing values:  5
   2 WARNING(S) FOUND IN THE INPUT INSTRUCTIONS



PxVx Bivariate LCM-SR - 40splitgroup - Linear bfas_oi with Linear vrt_col_d;

SUMMARY OF ANALYSIS

Number of groups                                                 2
Number of observations
   Group EARLIER                                               534
   Group LATER                                                 330
   Total sample size                                           864

Number of dependent variables                                    8
Number of independent variables                                  0
Number of continuous latent variables                           12

Observed dependent variables

  Continuous
   ABFAS_OI    BBFAS_OI    CBFAS_OI    DBFAS_OI    AVRT_COL_D  BVRT_COL_D
   CVRT_COL_D  DVRT_COL_D

Continuous latent variables
   P1          P2          P3          P4          V1          V2
   V3          V4          I_BFAS_O    S_BFAS_O    I_VRT_CO    S_VRT_CO

Variables with special functions

  Grouping variable     AAGEGRP

  Time scores
   A1          A2          A3          A4


Estimator                                                      MLR
Information matrix                                        OBSERVED
Maximum number of iterations                                   100
Convergence criterion                                    0.100D-05
Maximum number of EM iterations                                500
Convergence criteria for the EM algorithm
  Loglikelihood change                                   0.100D-02
  Relative loglikelihood change                          0.100D-05
  Derivative                                             0.100D-03
Minimum variance                                         0.100D-03
Maximum number of steepest descent iterations                   20
Maximum number of iterations for H1                           2000
Convergence criterion for H1                             0.100D-03
Optimization algorithm                                         EMA

Input data file(s)
  /home/jflournoy/code_new/lnt_pxvx/Data/lnt_nat_recalc.tsv
Input data format  FREE


SUMMARY OF DATA

   Group EARLIER
     Number of missing data patterns            16

   Group LATER
     Number of missing data patterns            15


SUMMARY OF MISSING DATA PATTERNS


     MISSING DATA PATTERNS (x = not missing) FOR EARLIER

           1  2  3  4  5  6  7  8  9 10 11 12 13 14 15 16
 ABFAS_OI  x  x  x  x  x  x  x  x  x  x  x     x  x  x  x
 BBFAS_OI  x     x     x  x  x        x  x  x  x  x
 CBFAS_OI  x        x  x     x     x  x     x  x  x  x
 DBFAS_OI  x     x  x  x        x           x  x     x  x
 AVRT_COL  x  x  x  x  x  x  x  x  x  x  x  x  x  x  x  x
 BVRT_COL  x     x     x  x  x        x     x     x  x
 CVRT_COL  x        x        x     x        x  x  x  x
 DVRT_COL  x     x  x  x        x           x  x  x  x


     MISSING DATA PATTERN FREQUENCIES FOR EARLIER

    Pattern   Frequency     Pattern   Frequency     Pattern   Frequency
          1         325           7          20          13           2
          2         101           8          14          14           1
          3          14           9          12          15           1
          4          12          10           1          16           1
          5           1          11           2
          6          26          12           1


     MISSING DATA PATTERNS (x = not missing) FOR LATER

           1  2  3  4  5  6  7  8  9 10 11 12 13 14 15
 ABFAS_OI  x  x  x  x  x  x  x  x  x  x     x  x  x  x
 BBFAS_OI  x     x     x  x  x        x  x  x     x
 CBFAS_OI  x        x  x     x     x     x  x        x
 DBFAS_OI  x     x  x  x        x        x  x     x
 AVRT_COL  x  x  x  x  x  x  x  x  x  x  x  x     x  x
 BVRT_COL  x     x     x  x  x           x
 CVRT_COL  x        x        x     x     x  x
 DVRT_COL  x     x  x  x        x        x  x     x


     MISSING DATA PATTERN FREQUENCIES FOR LATER

    Pattern   Frequency     Pattern   Frequency     Pattern   Frequency
          1         164           6          22          11           1
          2          68           7          26          12           1
          3          12           8          10          13           1
          4           9           9          11          14           1
          5           1          10           2          15           1


COVARIANCE COVERAGE OF DATA

Minimum covariance coverage value   0.100


     PROPORTION OF DATA PRESENT FOR EARLIER


           Covariance Coverage
              ABFAS_OI      BBFAS_OI      CBFAS_OI      DBFAS_OI      AVRT_COL
              ________      ________      ________      ________      ________
 ABFAS_OI       0.998
 BBFAS_OI       0.734         0.736
 CBFAS_OI       0.702         0.657         0.704
 DBFAS_OI       0.693         0.642         0.640         0.695
 AVRT_COL       0.998         0.736         0.704         0.695         1.000
 BVRT_COL       0.728         0.728         0.655         0.640         0.730
 CVRT_COL       0.699         0.654         0.700         0.639         0.700
 DVRT_COL       0.693         0.644         0.642         0.693         0.695


           Covariance Coverage
              BVRT_COL      CVRT_COL      DVRT_COL
              ________      ________      ________
 BVRT_COL       0.730
 CVRT_COL       0.652         0.700
 DVRT_COL       0.642         0.640         0.695


     PROPORTION OF DATA PRESENT FOR LATER


           Covariance Coverage
              ABFAS_OI      BBFAS_OI      CBFAS_OI      DBFAS_OI      AVRT_COL
              ________      ________      ________      ________      ________
 ABFAS_OI       0.997
 BBFAS_OI       0.697         0.700
 CBFAS_OI       0.655         0.594         0.658
 DBFAS_OI       0.600         0.542         0.536         0.603
 AVRT_COL       0.997         0.700         0.658         0.603         1.000
 BVRT_COL       0.694         0.694         0.594         0.542         0.697
 CVRT_COL       0.645         0.585         0.648         0.533         0.648
 DVRT_COL       0.603         0.545         0.539         0.603         0.606


           Covariance Coverage
              BVRT_COL      CVRT_COL      DVRT_COL
              ________      ________      ________
 BVRT_COL       0.697
 CVRT_COL       0.585         0.648
 DVRT_COL       0.545         0.536         0.606


SAMPLE STATISTICS


     ESTIMATED SAMPLE STATISTICS FOR EARLIER


           Means
              ABFAS_OI      BBFAS_OI      CBFAS_OI      DBFAS_OI      AVRT_COL
              ________      ________      ________      ________      ________
               75.972        75.342        75.290        75.596        66.386


           Means
              BVRT_COL      CVRT_COL      DVRT_COL
              ________      ________      ________
               64.462        63.684        63.181


           Covariances
              ABFAS_OI      BBFAS_OI      CBFAS_OI      DBFAS_OI      AVRT_COL
              ________      ________      ________      ________      ________
 ABFAS_OI     251.778
 BBFAS_OI     199.811       240.809
 CBFAS_OI     198.827       204.892       266.368
 DBFAS_OI     189.474       187.573       208.883       249.501
 AVRT_COL       9.568        16.253         8.672         8.180       391.684
 BVRT_COL      -6.976        15.534        -3.888        -5.980       267.360
 CVRT_COL     -15.492        -3.455        -9.062       -19.237       251.074
 DVRT_COL      -2.456        12.916         1.717        -4.299       272.678


           Covariances
              BVRT_COL      CVRT_COL      DVRT_COL
              ________      ________      ________
 BVRT_COL     415.911
 CVRT_COL     277.715       451.153
 DVRT_COL     288.775       309.964       444.060


           Correlations
              ABFAS_OI      BBFAS_OI      CBFAS_OI      DBFAS_OI      AVRT_COL
              ________      ________      ________      ________      ________
 ABFAS_OI       1.000
 BBFAS_OI       0.811         1.000
 CBFAS_OI       0.768         0.809         1.000
 DBFAS_OI       0.756         0.765         0.810         1.000
 AVRT_COL       0.030         0.053         0.027         0.026         1.000
 BVRT_COL      -0.022         0.049        -0.012        -0.019         0.662
 CVRT_COL      -0.046        -0.010        -0.026        -0.057         0.597
 DVRT_COL      -0.007         0.039         0.005        -0.013         0.654


           Correlations
              BVRT_COL      CVRT_COL      DVRT_COL
              ________      ________      ________
 BVRT_COL       1.000
 CVRT_COL       0.641         1.000
 DVRT_COL       0.672         0.693         1.000


     ESTIMATED SAMPLE STATISTICS FOR LATER


           Means
              ABFAS_OI      BBFAS_OI      CBFAS_OI      DBFAS_OI      AVRT_COL
              ________      ________      ________      ________      ________
               74.589        74.623        73.538        73.391        69.131


           Means
              BVRT_COL      CVRT_COL      DVRT_COL
              ________      ________      ________
               69.734        66.019        67.043


           Covariances
              ABFAS_OI      BBFAS_OI      CBFAS_OI      DBFAS_OI      AVRT_COL
              ________      ________      ________      ________      ________
 ABFAS_OI     257.965
 BBFAS_OI     204.464       243.278
 CBFAS_OI     213.735       213.830       264.399
 DBFAS_OI     217.923       215.845       234.254       271.922
 AVRT_COL     -32.266       -32.073       -26.305       -30.833       400.610
 BVRT_COL     -34.923        -9.949       -19.348       -17.014       284.949
 CVRT_COL     -16.642       -12.427        -6.565        -6.254       279.650
 DVRT_COL     -46.859       -34.613       -37.686       -21.637       284.273


           Covariances
              BVRT_COL      CVRT_COL      DVRT_COL
              ________      ________      ________
 BVRT_COL     390.100
 CVRT_COL     297.223       425.529
 DVRT_COL     314.043       319.728       402.969


           Correlations
              ABFAS_OI      BBFAS_OI      CBFAS_OI      DBFAS_OI      AVRT_COL
              ________      ________      ________      ________      ________
 ABFAS_OI       1.000
 BBFAS_OI       0.816         1.000
 CBFAS_OI       0.818         0.843         1.000
 DBFAS_OI       0.823         0.839         0.874         1.000
 AVRT_COL      -0.100        -0.103        -0.081        -0.093         1.000
 BVRT_COL      -0.110        -0.032        -0.060        -0.052         0.721
 CVRT_COL      -0.050        -0.039        -0.020        -0.018         0.677
 DVRT_COL      -0.145        -0.111        -0.115        -0.065         0.708


           Correlations
              BVRT_COL      CVRT_COL      DVRT_COL
              ________      ________      ________
 BVRT_COL       1.000
 CVRT_COL       0.730         1.000
 DVRT_COL       0.792         0.772         1.000


     MAXIMUM LOG-LIKELIHOOD VALUE FOR THE UNRESTRICTED (H1) MODEL IS -20962.608


UNIVARIATE SAMPLE STATISTICS


     UNIVARIATE HIGHER-ORDER MOMENT DESCRIPTIVE STATISTICS FOR EARLIER

         Variable/         Mean/     Skewness/   Minimum/ % with                Percentiles
        Sample Size      Variance    Kurtosis    Maximum  Min/Max      20%/60%    40%/80%    Median

     ABFAS_OI             75.965      -0.573      15.000    0.19%      62.500     72.500     77.500
             533.000     252.091       0.018     100.000    5.44%      80.000     90.000
     BBFAS_OI             75.287      -0.411      32.500    0.51%      62.500     72.500     77.500
             393.000     234.524      -0.514     100.000    3.05%      80.000     90.000
     CBFAS_OI             75.119      -0.591      22.500    0.27%      62.500     72.500     77.500
             376.000     263.399      -0.050     100.000    4.26%      82.500     90.000
     DBFAS_OI             76.089      -0.554      20.000    0.27%      62.500     72.500     77.500
             371.000     236.764       0.027     100.000    4.58%      82.500     90.000
     AVRT_COL_D           66.386      -0.410       8.333    0.37%      50.000     66.667     66.667
             534.000     391.684      -0.224     100.000    5.81%      75.000     83.333
     BVRT_COL_D           63.921      -0.268       8.333    0.26%      50.000     58.333     66.667
             390.000     420.034      -0.470     100.000    5.64%      75.000     83.333
     CVRT_COL_D           63.090      -0.487       0.000    0.27%      41.667     58.333     66.667
             374.000     457.400      -0.152     100.000    4.55%      66.667     83.333
     DVRT_COL_D           62.758      -0.433       0.000    0.27%      41.667     58.333     66.667
             371.000     456.797      -0.369     100.000    4.31%      66.667     83.333


     UNIVARIATE HIGHER-ORDER MOMENT DESCRIPTIVE STATISTICS FOR LATER

         Variable/         Mean/     Skewness/   Minimum/ % with                Percentiles
        Sample Size      Variance    Kurtosis    Maximum  Min/Max      20%/60%    40%/80%    Median

     ABFAS_OI             74.578      -0.503      17.500    0.30%      62.500     70.000     75.000
             329.000     258.521       0.068     100.000    5.17%      80.000     90.000
     BBFAS_OI             75.192      -0.685      22.500    0.43%      62.500     75.000     76.250
             230.000     244.617       0.436     100.000    4.78%      80.000     87.500
     CBFAS_OI             74.171      -0.547      20.000    0.47%      60.000     72.500     75.000
             214.000     258.979       0.103     100.000    2.80%      80.000     90.000
     DBFAS_OI             75.229      -0.856      15.000    0.50%      62.500     72.500     77.500
             199.000     273.344       0.582     100.000    4.02%      82.500     90.000
     AVRT_COL_D           69.124      -0.491       8.333    0.61%      50.000     66.667     75.000
             329.000     400.604      -0.290     100.000    7.60%      75.000     87.500
     BVRT_COL_D           69.543      -0.339       8.333    0.44%      50.000     66.667     75.000
             226.000     379.972      -0.571     100.000    7.52%      75.000     91.667
     CVRT_COL_D           65.959      -0.444       0.000    0.47%      50.000     58.333     66.667
             212.000     430.579      -0.095     100.000    6.60%      75.000     83.333
     DVRT_COL_D           66.583      -0.512       0.000    1.01%      50.000     58.333     66.667
             199.000     411.076       0.144     100.000    6.53%      75.000     83.333


THE MODEL ESTIMATION TERMINATED NORMALLY



MODEL FIT INFORMATION

Number of Free Parameters                       34

Loglikelihood

          H0 Value                      -21003.926
          H0 Scaling Correction Factor      1.1542
            for MLR

Information Criteria

          Akaike (AIC)                   42075.852
          Bayesian (BIC)                 42237.746
          Sample-Size Adjusted BIC       42129.770
            (n* = (n + 2) / 24)



MODEL RESULTS

                                                    Two-Tailed
                    Estimate       S.E.  Est./S.E.    P-Value

Group EARLIER

 P1       BY
    ABFAS_OI           1.000      0.000    999.000    999.000

 P2       BY
    BBFAS_OI           1.000      0.000    999.000    999.000

 P3       BY
    CBFAS_OI           1.000      0.000    999.000    999.000

 P4       BY
    DBFAS_OI           1.000      0.000    999.000    999.000

 V1       BY
    AVRT_COL_D         1.000      0.000    999.000    999.000

 V2       BY
    BVRT_COL_D         1.000      0.000    999.000    999.000

 V3       BY
    CVRT_COL_D         1.000      0.000    999.000    999.000

 V4       BY
    DVRT_COL_D         1.000      0.000    999.000    999.000

 P4         ON
    P3                 0.241      0.077      3.142      0.002
    V3                -0.040      0.029     -1.372      0.170

 P3         ON
    P2                 0.241      0.077      3.142      0.002
    V2                -0.040      0.029     -1.372      0.170

 P2         ON
    P1                 0.241      0.077      3.142      0.002
    V1                -0.040      0.029     -1.372      0.170

 V4         ON
    V3                 0.125      0.055      2.270      0.023
    P3                -0.051      0.085     -0.599      0.549

 V3         ON
    V2                 0.125      0.055      2.270      0.023
    P2                -0.051      0.085     -0.599      0.549

 V2         ON
    V1                 0.125      0.055      2.270      0.023
    P1                -0.051      0.085     -0.599      0.549

 S_BFAS_O WITH
    I_BFAS_OI          0.114      0.608      0.187      0.852
    S_VRT_COL_        -0.012      0.085     -0.143      0.886
    I_VRT_COL_         1.828      2.143      0.853      0.394

 I_BFAS_O WITH
    S_VRT_COL_        -2.971      2.181     -1.362      0.173
    I_VRT_COL_        -6.857     13.100     -0.523      0.601

 S_VRT_CO WITH
    I_VRT_COL_         0.713      0.791      0.902      0.367

 P1       WITH
    V1                 5.858      7.318      0.800      0.423

 P2       WITH
    V2                 1.470      4.722      0.311      0.756

 P3       WITH
    V3                 1.470      4.722      0.311      0.756

 P4       WITH
    V4                 1.470      4.722      0.311      0.756

 Means
    P1                 0.000      0.000    999.000    999.000
    V1                 0.000      0.000    999.000    999.000
    I_BFAS_OI         75.188      0.522    144.135      0.000
    S_BFAS_OI         -0.058      0.046     -1.263      0.207
    I_VRT_COL_        66.052      0.627    105.349      0.000
    S_VRT_COL_         0.132      0.059      2.234      0.026

 Intercepts
    ABFAS_OI           0.000      0.000    999.000    999.000
    BBFAS_OI           0.000      0.000    999.000    999.000
    CBFAS_OI           0.000      0.000    999.000    999.000
    DBFAS_OI           0.000      0.000    999.000    999.000
    AVRT_COL_D         0.000      0.000    999.000    999.000
    BVRT_COL_D         0.000      0.000    999.000    999.000
    CVRT_COL_D         0.000      0.000    999.000    999.000
    DVRT_COL_D         0.000      0.000    999.000    999.000
    P2                 0.000      0.000    999.000    999.000
    P3                 0.000      0.000    999.000    999.000
    P4                 0.000      0.000    999.000    999.000
    V2                 0.000      0.000    999.000    999.000
    V3                 0.000      0.000    999.000    999.000
    V4                 0.000      0.000    999.000    999.000

 Variances
    P1                60.296      8.647      6.973      0.000
    V1               148.722     15.258      9.747      0.000
    I_BFAS_OI        180.211     13.960     12.909      0.000
    S_BFAS_OI          0.161      0.109      1.476      0.140
    I_VRT_COL_       255.518     22.470     11.371      0.000
    S_VRT_COL_         0.133      0.159      0.835      0.404

 Residual Variances
    ABFAS_OI           0.000      0.000    999.000    999.000
    BBFAS_OI           0.000      0.000    999.000    999.000
    CBFAS_OI           0.000      0.000    999.000    999.000
    DBFAS_OI           0.000      0.000    999.000    999.000
    AVRT_COL_D         0.000      0.000    999.000    999.000
    BVRT_COL_D         0.000      0.000    999.000    999.000
    CVRT_COL_D         0.000      0.000    999.000    999.000
    DVRT_COL_D         0.000      0.000    999.000    999.000
    P2                59.618      5.723     10.416      0.000
    P3                59.618      5.723     10.416      0.000
    P4                59.618      5.723     10.416      0.000
    V2               162.664     10.372     15.684      0.000
    V3               162.664     10.372     15.684      0.000
    V4               162.664     10.372     15.684      0.000

Group LATER

 P1       BY
    ABFAS_OI           1.000      0.000    999.000    999.000

 P2       BY
    BBFAS_OI           1.000      0.000    999.000    999.000

 P3       BY
    CBFAS_OI           1.000      0.000    999.000    999.000

 P4       BY
    DBFAS_OI           1.000      0.000    999.000    999.000

 V1       BY
    AVRT_COL_D         1.000      0.000    999.000    999.000

 V2       BY
    BVRT_COL_D         1.000      0.000    999.000    999.000

 V3       BY
    CVRT_COL_D         1.000      0.000    999.000    999.000

 V4       BY
    DVRT_COL_D         1.000      0.000    999.000    999.000

 P4         ON
    P3                 0.068      0.081      0.833      0.405
    V3                 0.005      0.034      0.144      0.885

 P3         ON
    P2                 0.068      0.081      0.833      0.405
    V2                 0.005      0.034      0.144      0.885

 P2         ON
    P1                 0.068      0.081      0.833      0.405
    V1                 0.005      0.034      0.144      0.885

 V4         ON
    V3                 0.046      0.059      0.783      0.434
    P3                -0.049      0.097     -0.500      0.617

 V3         ON
    V2                 0.046      0.059      0.783      0.434
    P2                -0.049      0.097     -0.500      0.617

 V2         ON
    V1                 0.046      0.059      0.783      0.434
    P1                -0.049      0.097     -0.500      0.617

 S_BFAS_O WITH
    I_BFAS_OI          0.114      0.608      0.187      0.852
    S_VRT_COL_        -0.012      0.085     -0.143      0.886
    I_VRT_COL_         1.828      2.143      0.853      0.394

 I_BFAS_O WITH
    S_VRT_COL_        -2.971      2.181     -1.362      0.173
    I_VRT_COL_        -6.857     13.100     -0.523      0.601

 S_VRT_CO WITH
    I_VRT_COL_         0.713      0.791      0.902      0.367

 P1       WITH
    V1                 5.175      7.042      0.735      0.462

 P2       WITH
    V2                10.950      4.464      2.453      0.014

 P3       WITH
    V3                10.950      4.464      2.453      0.014

 P4       WITH
    V4                10.950      4.464      2.453      0.014

 Means
    P1                 0.000      0.000    999.000    999.000
    V1                 0.000      0.000    999.000    999.000
    I_BFAS_OI         75.188      0.522    144.135      0.000
    S_BFAS_OI         -0.058      0.046     -1.263      0.207
    I_VRT_COL_        66.052      0.627    105.349      0.000
    S_VRT_COL_         0.132      0.059      2.234      0.026

 Intercepts
    ABFAS_OI           0.000      0.000    999.000    999.000
    BBFAS_OI           0.000      0.000    999.000    999.000
    CBFAS_OI           0.000      0.000    999.000    999.000
    DBFAS_OI           0.000      0.000    999.000    999.000
    AVRT_COL_D         0.000      0.000    999.000    999.000
    BVRT_COL_D         0.000      0.000    999.000    999.000
    CVRT_COL_D         0.000      0.000    999.000    999.000
    DVRT_COL_D         0.000      0.000    999.000    999.000
    P2                 0.000      0.000    999.000    999.000
    P3                 0.000      0.000    999.000    999.000
    P4                 0.000      0.000    999.000    999.000
    V2                 0.000      0.000    999.000    999.000
    V3                 0.000      0.000    999.000    999.000
    V4                 0.000      0.000    999.000    999.000

 Variances
    P1                53.810      7.444      7.228      0.000
    V1               138.320     15.812      8.748      0.000
    I_BFAS_OI        180.211     13.960     12.909      0.000
    S_BFAS_OI          0.161      0.109      1.476      0.140
    I_VRT_COL_       255.518     22.470     11.371      0.000
    S_VRT_COL_         0.133      0.159      0.835      0.404

 Residual Variances
    ABFAS_OI           0.000      0.000    999.000    999.000
    BBFAS_OI           0.000      0.000    999.000    999.000
    CBFAS_OI           0.000      0.000    999.000    999.000
    DBFAS_OI           0.000      0.000    999.000    999.000
    AVRT_COL_D         0.000      0.000    999.000    999.000
    BVRT_COL_D         0.000      0.000    999.000    999.000
    CVRT_COL_D         0.000      0.000    999.000    999.000
    DVRT_COL_D         0.000      0.000    999.000    999.000
    P2                41.014      4.562      8.990      0.000
    P3                41.014      4.562      8.990      0.000
    P4                41.014      4.562      8.990      0.000
    V2               104.716      9.616     10.890      0.000
    V3               104.716      9.616     10.890      0.000
    V4               104.716      9.616     10.890      0.000


QUALITY OF NUMERICAL RESULTS

     Condition Number for the Information Matrix              0.780E-05
       (ratio of smallest to largest eigenvalue)


     Beginning Time:  17:43:24
        Ending Time:  17:43:26
       Elapsed Time:  00:00:02



MUTHEN & MUTHEN
3463 Stoner Ave.
Los Angeles, CA  90066

Tel: (310) 391-9971
Fax: (310) 391-8971
Web: www.StatModel.com
Support: Support@StatModel.com

Copyright (c) 1998-2017 Muthen & Muthen
