Mplus VERSION 8 (Linux)
MUTHEN & MUTHEN
07/08/2018   6:03 PM

INPUT INSTRUCTIONS


  title: PxVx Bivariate LCM-SR - 40splitgroup - Linear bfi_n with Linear aspfin;
  data: file = /home/jflournoy/code_new/lnt_pxvx/Data/lnt_nat_recalc.tsv;

  variable:
  names =
  subjid
  aage
  aaspfin
  aaspfin_d
  abfa_mt
  abfa_mt_d
  abfas_ac
  abfas_ap
  abfas_ci
  abfas_co
  abfas_ea
  abfas_ee
  abfas_nv
  abfas_nv9
  abfas_nw
  abfas_oi
  abfas_oo
  abfi_a
  abfi_a6
  abfi_c
  abfi_d_scale
  abfi_e
  abfi_hp8
  abfi_n
  abfi_o
  abfi_s_scale
  ahrz_col
  ahrz_col_d
  ahrz_ind
  ahrz_ind_d
  amvi
  ausi
  ausi_d
  avrt_col
  avrt_col_d
  avrt_ind
  avrt_ind_d
  bage
  baspfin
  baspfin_d
  bbfa_mt
  bbfa_mt_d
  bbfas_ac
  bbfas_ap
  bbfas_ci
  bbfas_co
  bbfas_ea
  bbfas_ee
  bbfas_nv
  bbfas_nv9
  bbfas_nw
  bbfas_oi
  bbfas_oo
  bbfi_a
  bbfi_a6
  bbfi_c
  bbfi_d_scale
  bbfi_e
  bbfi_hp8
  bbfi_n
  bbfi_o
  bbfi_s_scale
  bhrz_col
  bhrz_col_d
  bhrz_ind
  bhrz_ind_d
  bmvi
  busi
  busi_d
  bvrt_col
  bvrt_col_d
  bvrt_ind
  bvrt_ind_d
  cage
  caspfin
  caspfin_d
  cbfa_mt
  cbfa_mt_d
  cbfas_ac
  cbfas_ap
  cbfas_ci
  cbfas_co
  cbfas_ea
  cbfas_ee
  cbfas_nv
  cbfas_nv9
  cbfas_nw
  cbfas_oi
  cbfas_oo
  cbfi_a
  cbfi_a6
  cbfi_c
  cbfi_d_scale
  cbfi_e
  cbfi_hp8
  cbfi_n
  cbfi_o
  cbfi_s_scale
  chrz_col
  chrz_col_d
  chrz_ind
  chrz_ind_d
  cmvi
  cusi
  cusi_d
  cvrt_col
  cvrt_col_d
  cvrt_ind
  cvrt_ind_d
  dage
  daspfin
  daspfin_d
  dbfa_mt
  dbfa_mt_d
  dbfas_ac
  dbfas_ap
  dbfas_ci
  dbfas_co
  dbfas_ea
  dbfas_ee
  dbfas_nv
  dbfas_nv9
  dbfas_nw
  dbfas_oi
  dbfas_oo
  dbfi_a
  dbfi_a6
  dbfi_c
  dbfi_d_scale
  dbfi_e
  dbfi_hp8
  dbfi_n
  dbfi_o
  dbfi_s_scale
  dhrz_col
  dhrz_col_d
  dhrz_ind
  dhrz_ind_d
  dmvi
  dusi
  dusi_d
  dvrt_col
  dvrt_col_d
  dvrt_ind
  dvrt_ind_d;

  USEVARIABLES =
  abfi_n
  bbfi_n
  cbfi_n
  dbfi_n
  aaspfin
  baspfin
  caspfin
  daspfin
  a1
  a2
  a3
  a4
  aagegrp
  ;

  missing = all (-9999);

  tscores = a1 a2 a3 a4;

  grouping = aagegrp (0=earlier, 1=later);

  DEFINE:

  aagegrp = aage;

  cut aagegrp (39);

  a1 = aage + 0 - 36;
  a2 = aage + 1 - 36;
  a3 = aage + 2 - 36;
  a4 = aage + 3 - 36;

  ANALYSIS:
  TYPE=RANDOM;
  PROCESSORS = 6;
  model=nocovariances; ! supresses default estimation of certain covs in model;

  MODEL:

  i_bfi_n s_bfi_n | abfi_n bbfi_n cbfi_n dbfi_n AT a1 a2 a3 a4;
  i_aspfin s_aspfin | aaspfin baspfin caspfin daspfin AT a1 a2 a3 a4;

  ! freeing factor covs because of "nocovariances"
  ! But ensure they are constrained across groups
  s_bfi_n WITH i_bfi_n (p)
  s_aspfin (q)
  i_aspfin (r);
  i_bfi_n WITH s_aspfin (s)
  i_aspfin (t);
  s_aspfin WITH i_aspfin (u);

  !constrain latent growth means across groups
  [i_bfi_n] (v);
  [s_bfi_n] (w);
  [i_aspfin] (x);
  [s_aspfin] (y);

  !constrain latent growth variances across groups
  i_bfi_n (l);
  s_bfi_n (m);
  i_aspfin (n);
  s_aspfin (o);

  p1 BY abfi_n@1; ! Residual "factors";
  p2 BY bbfi_n@1;
  p3 BY cbfi_n@1;
  p4 BY dbfi_n@1;

  v1 BY aaspfin@1; ! Residual "factors";
  v2 BY baspfin@1;
  v3 BY caspfin@1;
  v4 BY daspfin@1;

  !residual variances on observed/manifest vars set to 0
  abfi_n@0;
  bbfi_n@0;
  cbfi_n@0;
  dbfi_n@0;

  !residual variances on observed/manifest vars set to 0
  aaspfin@0;
  baspfin@0;
  caspfin@0;
  daspfin@0;

  ! means of observed/manifest vars set to 0
  [abfi_n@0];
  [bbfi_n@0];
  [cbfi_n@0];
  [dbfi_n@0];

  ! means of observed/manifest vars set to 0
  [aaspfin@0];
  [baspfin@0];
  [caspfin@0];
  [daspfin@0];

  [p1@0]; ! means of residual "factors" set to 0
  [p2@0];
  [p3@0];
  [p4@0];

  [v1@0]; ! means of residual "factors" set to 0
  [v2@0];
  [v3@0];
  [v4@0];

  p4 on p3 (a); ! Autoregressive paths constrained to equality
  p3 on p2 (a);
  p2 on p1 (a);

  v4 on v3 (b); ! Autoregressive paths constrained to equality
  v3 on v2 (b);
  v2 on v1 (b);

  p4 on v3 (c); ! Cross-lagged paths constrained to equality
  p3 on v2 (c);
  p2 on v1 (c);

  v4 on p3 (d); ! Cross-lagged paths constrained to equality
  v3 on p2 (d);
  v2 on p1 (d);

  p1 with v1; !(this one is not like the others)

  p2 with v2 (e); ! Within-wave correlations constrained to equality
  p3 with v3 (e);
  p4 with v4 (e);

  p2 p3 p4 (f); ! estimate variances of residual "factors"
  v2 v3 v4 (g); ! estimate variances of residual "factors"

  MODEL earlier:

  p4 on p3 (a23); ! Autoregressive paths constrained to equality
  p3 on p2 (a23);
  p2 on p1 (a23);

  v4 on v3 (b23); ! Autoregressive paths constrained to equality
  v3 on v2 (b23);
  v2 on v1 (b23);

  p4 on v3 (c23); ! Cross-lagged paths constrained to equality
  p3 on v2 (c23);
  p2 on v1 (c23);

  v4 on p3 (d23); ! Cross-lagged paths constrained to equality
  v3 on p2 (d23);
  v2 on p1 (d23);

  p1 with v1; !(this one is not like the others)

  p2 with v2 (e23); ! Within-wave correlations constrained to equality
  p3 with v3 (e23);
  p4 with v4 (e23);

  p2 p3 p4 (f23); ! estimate variances of residual "factors"
  v2 v3 v4 (g23); ! estimate variances of residual "factors"

  MODEL later:

  p4 on p3 (a45); ! Autoregressive paths constrained to equality
  p3 on p2 (a45);
  p2 on p1 (a45);

  v4 on v3 (b45); ! Autoregressive paths constrained to equality
  v3 on v2 (b45);
  v2 on v1 (b45);

  p4 on v3 (c45); ! Cross-lagged paths constrained to equality
  p3 on v2 (c45);
  p2 on v1 (c45);

  v4 on p3 (d45); ! Cross-lagged paths constrained to equality
  v3 on p2 (d45);
  v2 on p1 (d45);

  p1 with v1; !(this one is not like the others)

  p2 with v2 (e45); ! Within-wave correlations constrained to equality
  p3 with v3 (e45);
  p4 with v4 (e45);

  p2 p3 p4 (f45); ! estimate variances of residual "factors"
  v2 v3 v4 (g45); ! estimate variances of residual "factors"

  OUTPUT: SAMPSTAT PATTERNS;



*** WARNING
  Data set contains unknown or missing values for GROUPING,
  PATTERN, COHORT, CLUSTER and/or STRATIFICATION variables.
  Number of cases with unknown or missing values:  5
   1 WARNING(S) FOUND IN THE INPUT INSTRUCTIONS



PxVx Bivariate LCM-SR - 40splitgroup - Linear bfi_n with Linear aspfin;

SUMMARY OF ANALYSIS

Number of groups                                                 2
Number of observations
   Group EARLIER                                               534
   Group LATER                                                 330
   Total sample size                                           864

Number of dependent variables                                    8
Number of independent variables                                  0
Number of continuous latent variables                           12

Observed dependent variables

  Continuous
   ABFI_N      BBFI_N      CBFI_N      DBFI_N      AASPFIN     BASPFIN
   CASPFIN     DASPFIN

Continuous latent variables
   P1          P2          P3          P4          V1          V2
   V3          V4          I_BFI_N     S_BFI_N     I_ASPFIN    S_ASPFIN

Variables with special functions

  Grouping variable     AAGEGRP

  Time scores
   A1          A2          A3          A4


Estimator                                                      MLR
Information matrix                                        OBSERVED
Maximum number of iterations                                   100
Convergence criterion                                    0.100D-05
Maximum number of EM iterations                                500
Convergence criteria for the EM algorithm
  Loglikelihood change                                   0.100D-02
  Relative loglikelihood change                          0.100D-05
  Derivative                                             0.100D-03
Minimum variance                                         0.100D-03
Maximum number of steepest descent iterations                   20
Maximum number of iterations for H1                           2000
Convergence criterion for H1                             0.100D-03
Optimization algorithm                                         EMA

Input data file(s)
  /home/jflournoy/code_new/lnt_pxvx/Data/lnt_nat_recalc.tsv
Input data format  FREE


SUMMARY OF DATA

   Group EARLIER
     Number of missing data patterns            15

   Group LATER
     Number of missing data patterns            15


SUMMARY OF MISSING DATA PATTERNS


     MISSING DATA PATTERNS (x = not missing) FOR EARLIER

           1  2  3  4  5  6  7  8  9 10 11 12 13 14 15
 ABFI_N    x  x  x  x  x  x  x  x  x  x  x  x  x  x  x
 BBFI_N    x     x     x  x        x  x  x  x        x
 CBFI_N    x        x     x     x     x     x  x     x
 DBFI_N    x     x  x        x        x        x  x  x
 AASPFIN   x  x  x  x  x  x  x  x     x  x  x  x  x  x
 BASPFIN   x     x     x  x        x  x     x
 CASPFIN   x        x     x     x     x     x  x     x
 DASPFIN   x     x  x        x              x        x


     MISSING DATA PATTERN FREQUENCIES FOR EARLIER

    Pattern   Frequency     Pattern   Frequency     Pattern   Frequency
          1         329           6          20          11           1
          2         100           7          14          12           1
          3          14           8          11          13           1
          4          12           9           1          14           2
          5          26          10           1          15           1


     MISSING DATA PATTERNS (x = not missing) FOR LATER

           1  2  3  4  5  6  7  8  9 10 11 12 13 14 15
 ABFI_N    x  x  x  x  x  x  x  x  x  x  x  x     x  x
 BBFI_N    x     x     x  x        x     x  x        x
 CBFI_N    x        x     x     x     x  x  x
 DBFI_N    x     x  x        x        x  x  x  x     x
 AASPFIN   x  x  x  x  x  x  x  x  x  x  x  x  x     x
 BASPFIN   x     x     x  x                 x
 CASPFIN   x        x     x     x     x  x
 DASPFIN   x     x  x        x           x  x  x     x


     MISSING DATA PATTERN FREQUENCIES FOR LATER

    Pattern   Frequency     Pattern   Frequency     Pattern   Frequency
          1         165           6          26          11           1
          2          68           7           9          12           1
          3          12           8          11          13           1
          4           9           9           2          14           1
          5          22          10           1          15           1


COVARIANCE COVERAGE OF DATA

Minimum covariance coverage value   0.100


     PROPORTION OF DATA PRESENT FOR EARLIER


           Covariance Coverage
              ABFI_N        BBFI_N        CBFI_N        DBFI_N        AASPFIN
              ________      ________      ________      ________      ________
 ABFI_N         1.000
 BBFI_N         0.738         0.738
 CBFI_N         0.704         0.659         0.704
 DBFI_N         0.700         0.646         0.644         0.700
 AASPFIN        0.998         0.736         0.704         0.700         0.998
 BASPFIN        0.734         0.734         0.657         0.644         0.732
 CASPFIN        0.704         0.659         0.704         0.644         0.704
 DASPFIN        0.695         0.646         0.642         0.693         0.695


           Covariance Coverage
              BASPFIN       CASPFIN       DASPFIN
              ________      ________      ________
 BASPFIN        0.734
 CASPFIN        0.657         0.704
 DASPFIN        0.644         0.642         0.695


     PROPORTION OF DATA PRESENT FOR LATER


           Covariance Coverage
              ABFI_N        BBFI_N        CBFI_N        DBFI_N        AASPFIN
              ________      ________      ________      ________      ________
 ABFI_N         1.000
 BBFI_N         0.700         0.700
 CBFI_N         0.652         0.588         0.652
 DBFI_N         0.603         0.542         0.536         0.603
 AASPFIN        0.994         0.694         0.652         0.603         0.994
 BASPFIN        0.694         0.694         0.585         0.539         0.688
 CASPFIN        0.652         0.588         0.652         0.536         0.652
 DASPFIN        0.597         0.542         0.533         0.594         0.597


           Covariance Coverage
              BASPFIN       CASPFIN       DASPFIN
              ________      ________      ________
 BASPFIN        0.694
 CASPFIN        0.585         0.652
 DASPFIN        0.539         0.533         0.597


SAMPLE STATISTICS


     ESTIMATED SAMPLE STATISTICS FOR EARLIER


           Means
              ABFI_N        BBFI_N        CBFI_N        DBFI_N        AASPFIN
              ________      ________      ________      ________      ________
               50.258        49.826        48.999        48.998        49.400


           Means
              BASPFIN       CASPFIN       DASPFIN
              ________      ________      ________
               49.407        49.493        48.626


           Covariances
              ABFI_N        BBFI_N        CBFI_N        DBFI_N        AASPFIN
              ________      ________      ________      ________      ________
 ABFI_N       480.684
 BBFI_N       373.766       472.887
 CBFI_N       360.479       386.538       452.900
 DBFI_N       385.199       406.541       419.042       520.330
 AASPFIN        2.859         4.707        12.108       -10.573       526.245
 BASPFIN      -25.908       -25.378        -7.253       -27.896       419.448
 CASPFIN      -30.293       -22.542       -13.450       -14.507       412.631
 DASPFIN       -3.401         5.215         2.589        -7.605       406.969


           Covariances
              BASPFIN       CASPFIN       DASPFIN
              ________      ________      ________
 BASPFIN      554.996
 CASPFIN      459.848       582.685
 DASPFIN      441.704       450.766       586.709


           Correlations
              ABFI_N        BBFI_N        CBFI_N        DBFI_N        AASPFIN
              ________      ________      ________      ________      ________
 ABFI_N         1.000
 BBFI_N         0.784         1.000
 CBFI_N         0.773         0.835         1.000
 DBFI_N         0.770         0.820         0.863         1.000
 AASPFIN        0.006         0.009         0.025        -0.020         1.000
 BASPFIN       -0.050        -0.050        -0.014        -0.052         0.776
 CASPFIN       -0.057        -0.043        -0.026        -0.026         0.745
 DASPFIN       -0.006         0.010         0.005        -0.014         0.732


           Correlations
              BASPFIN       CASPFIN       DASPFIN
              ________      ________      ________
 BASPFIN        1.000
 CASPFIN        0.809         1.000
 DASPFIN        0.774         0.771         1.000


     ESTIMATED SAMPLE STATISTICS FOR LATER


           Means
              ABFI_N        BBFI_N        CBFI_N        DBFI_N        AASPFIN
              ________      ________      ________      ________      ________
               48.552        47.712        46.683        46.153        46.953


           Means
              BASPFIN       CASPFIN       DASPFIN
              ________      ________      ________
               46.673        47.548        48.221


           Covariances
              ABFI_N        BBFI_N        CBFI_N        DBFI_N        AASPFIN
              ________      ________      ________      ________      ________
 ABFI_N       421.088
 BBFI_N       342.467       422.873
 CBFI_N       348.122       360.029       445.162
 DBFI_N       336.298       349.251       372.279       439.753
 AASPFIN      -48.307       -12.885       -27.866       -37.062       437.687
 BASPFIN      -68.087       -23.377       -30.248       -43.938       337.286
 CASPFIN      -46.149        -7.722       -21.428       -23.084       312.851
 DASPFIN      -86.792       -46.412       -65.451       -71.197       313.768


           Covariances
              BASPFIN       CASPFIN       DASPFIN
              ________      ________      ________
 BASPFIN      449.939
 CASPFIN      342.405       429.260
 DASPFIN      341.350       346.000       442.958


           Correlations
              ABFI_N        BBFI_N        CBFI_N        DBFI_N        AASPFIN
              ________      ________      ________      ________      ________
 ABFI_N         1.000
 BBFI_N         0.812         1.000
 CBFI_N         0.804         0.830         1.000
 DBFI_N         0.782         0.810         0.841         1.000
 AASPFIN       -0.113        -0.030        -0.063        -0.084         1.000
 BASPFIN       -0.156        -0.054        -0.068        -0.099         0.760
 CASPFIN       -0.109        -0.018        -0.049        -0.053         0.722
 DASPFIN       -0.201        -0.107        -0.147        -0.161         0.713


           Correlations
              BASPFIN       CASPFIN       DASPFIN
              ________      ________      ________
 BASPFIN        1.000
 CASPFIN        0.779         1.000
 DASPFIN        0.765         0.793         1.000


     MAXIMUM LOG-LIKELIHOOD VALUE FOR THE UNRESTRICTED (H1) MODEL IS -21814.781


UNIVARIATE SAMPLE STATISTICS


     UNIVARIATE HIGHER-ORDER MOMENT DESCRIPTIVE STATISTICS FOR EARLIER

         Variable/         Mean/     Skewness/   Minimum/ % with                Percentiles
        Sample Size      Variance    Kurtosis    Maximum  Min/Max      20%/60%    40%/80%    Median

     ABFI_N               50.258       0.017       0.000    0.75%      28.125     43.750     50.000
             534.000     480.684      -0.635     100.000    0.56%      56.250     68.750
     BBFI_N               49.823      -0.191       0.000    0.76%      31.250     43.750     50.000
             394.000     472.379      -0.486     100.000    0.51%      56.250     68.750
     CBFI_N               48.969      -0.055       0.000    1.06%      31.250     43.750     50.000
             376.000     458.805      -0.464     100.000    0.53%      56.250     68.750
     DBFI_N               49.304      -0.139       0.000    1.60%      28.125     43.750     50.000
             374.000     523.628      -0.642     100.000    0.27%      56.250     68.750
     AASPFIN              49.434       0.175       0.000    1.69%      30.000     40.000     50.000
             533.000     526.224      -0.529     100.000    2.44%      55.000     70.000
     BASPFIN              49.069       0.234       0.000    1.02%      25.000     40.000     45.000
             392.000     563.363      -0.670     100.000    3.32%      55.000     70.000
     CASPFIN              49.402       0.276       0.000    0.53%      25.000     40.000     47.500
             376.000     588.006      -0.771     100.000    2.93%      55.000     70.000
     DASPFIN              48.265       0.216       0.000    0.54%      25.000     40.000     45.000
             371.000     599.284      -0.852     100.000    3.23%      55.000     70.000


     UNIVARIATE HIGHER-ORDER MOMENT DESCRIPTIVE STATISTICS FOR LATER

         Variable/         Mean/     Skewness/   Minimum/ % with                Percentiles
        Sample Size      Variance    Kurtosis    Maximum  Min/Max      20%/60%    40%/80%    Median

     ABFI_N               48.486       0.036       3.125    0.61%      29.167     43.750     50.000
             329.000     420.446      -0.544      96.875    0.30%      56.250     65.625
     BBFI_N               47.232       0.188       3.125    0.87%      28.125     40.625     46.875
             230.000     437.879      -0.558      96.875    0.43%      50.000     65.625
     CBFI_N               45.561       0.191       0.000    0.93%      25.000     37.500     43.750
             214.000     451.051      -0.722      96.875    0.47%      50.000     65.625
     DBFI_N               44.016       0.156       3.125    2.00%      21.875     37.500     43.750
             200.000     428.787      -0.539     100.000    0.50%      50.000     62.500
     AASPFIN              46.953       0.367       0.000    0.91%      30.000     40.000     45.000
             329.000     437.704      -0.158     100.000    1.52%      50.000     65.000
     BASPFIN              46.661       0.453       5.000    0.44%      30.000     40.000     45.000
             226.000     443.443      -0.197     100.000    2.21%      50.000     65.000
     CASPFIN              47.729       0.276       0.000    0.94%      30.000     40.000     45.000
             213.000     432.995      -0.322     100.000    1.41%      50.000     65.000
     DASPFIN              48.505       0.355       0.000    0.50%      30.000     40.000     45.000
             199.000     442.897      -0.455     100.000    1.01%      50.000     65.000


THE MODEL ESTIMATION TERMINATED NORMALLY



MODEL FIT INFORMATION

Number of Free Parameters                       34

Loglikelihood

          H0 Value                      -21844.291
          H0 Scaling Correction Factor      1.1796
            for MLR

Information Criteria

          Akaike (AIC)                   43756.582
          Bayesian (BIC)                 43918.475
          Sample-Size Adjusted BIC       43810.500
            (n* = (n + 2) / 24)



MODEL RESULTS

                                                    Two-Tailed
                    Estimate       S.E.  Est./S.E.    P-Value

Group EARLIER

 P1       BY
    ABFI_N             1.000      0.000    999.000    999.000

 P2       BY
    BBFI_N             1.000      0.000    999.000    999.000

 P3       BY
    CBFI_N             1.000      0.000    999.000    999.000

 P4       BY
    DBFI_N             1.000      0.000    999.000    999.000

 V1       BY
    AASPFIN            1.000      0.000    999.000    999.000

 V2       BY
    BASPFIN            1.000      0.000    999.000    999.000

 V3       BY
    CASPFIN            1.000      0.000    999.000    999.000

 V4       BY
    DASPFIN            1.000      0.000    999.000    999.000

 P4         ON
    P3                 0.119      0.057      2.084      0.037
    V3                 0.055      0.041      1.340      0.180

 P3         ON
    P2                 0.119      0.057      2.084      0.037
    V2                 0.055      0.041      1.340      0.180

 P2         ON
    P1                 0.119      0.057      2.084      0.037
    V1                 0.055      0.041      1.340      0.180

 V4         ON
    V3                 0.147      0.078      1.883      0.060
    P3                -0.034      0.060     -0.566      0.571

 V3         ON
    V2                 0.147      0.078      1.883      0.060
    P2                -0.034      0.060     -0.566      0.571

 V2         ON
    V1                 0.147      0.078      1.883      0.060
    P1                -0.034      0.060     -0.566      0.571

 S_BFI_N  WITH
    I_BFI_N           -1.162      0.912     -1.275      0.202
    S_ASPFIN           0.010      0.142      0.067      0.946
    I_ASPFIN           0.933      2.941      0.317      0.751

 I_BFI_N  WITH
    S_ASPFIN          -1.793      2.875     -0.624      0.533
    I_ASPFIN         -24.324     19.521     -1.246      0.213

 S_ASPFIN WITH
    I_ASPFIN          -1.918      1.091     -1.759      0.079

 P1       WITH
    V1                10.456     11.171      0.936      0.349

 P2       WITH
    V2                -3.836      5.735     -0.669      0.504

 P3       WITH
    V3                -3.836      5.735     -0.669      0.504

 P4       WITH
    V4                -3.836      5.735     -0.669      0.504

 Means
    P1                 0.000      0.000    999.000    999.000
    V1                 0.000      0.000    999.000    999.000
    I_BFI_N           49.177      0.695     70.743      0.000
    S_BFI_N           -0.263      0.062     -4.215      0.000
    I_ASPFIN          48.575      0.726     66.886      0.000
    S_ASPFIN          -0.063      0.063     -1.007      0.314

 Intercepts
    ABFI_N             0.000      0.000    999.000    999.000
    BBFI_N             0.000      0.000    999.000    999.000
    CBFI_N             0.000      0.000    999.000    999.000
    DBFI_N             0.000      0.000    999.000    999.000
    AASPFIN            0.000      0.000    999.000    999.000
    BASPFIN            0.000      0.000    999.000    999.000
    CASPFIN            0.000      0.000    999.000    999.000
    DASPFIN            0.000      0.000    999.000    999.000
    P2                 0.000      0.000    999.000    999.000
    P3                 0.000      0.000    999.000    999.000
    P4                 0.000      0.000    999.000    999.000
    V2                 0.000      0.000    999.000    999.000
    V3                 0.000      0.000    999.000    999.000
    V4                 0.000      0.000    999.000    999.000

 Variances
    P1               136.073     16.007      8.501      0.000
    V1               139.183     14.925      9.326      0.000
    I_BFI_N          345.843     23.651     14.623      0.000
    S_BFI_N            0.161      0.165      0.972      0.331
    I_ASPFIN         369.263     25.152     14.681      0.000
    S_ASPFIN           0.123      0.171      0.720      0.471

 Residual Variances
    ABFI_N             0.000      0.000    999.000    999.000
    BBFI_N             0.000      0.000    999.000    999.000
    CBFI_N             0.000      0.000    999.000    999.000
    DBFI_N             0.000      0.000    999.000    999.000
    AASPFIN            0.000      0.000    999.000    999.000
    BASPFIN            0.000      0.000    999.000    999.000
    CASPFIN            0.000      0.000    999.000    999.000
    DASPFIN            0.000      0.000    999.000    999.000
    P2                85.391      7.137     11.964      0.000
    P3                85.391      7.137     11.964      0.000
    P4                85.391      7.137     11.964      0.000
    V2               141.129     12.828     11.002      0.000
    V3               141.129     12.828     11.002      0.000
    V4               141.129     12.828     11.002      0.000

Group LATER

 P1       BY
    ABFI_N             1.000      0.000    999.000    999.000

 P2       BY
    BBFI_N             1.000      0.000    999.000    999.000

 P3       BY
    CBFI_N             1.000      0.000    999.000    999.000

 P4       BY
    DBFI_N             1.000      0.000    999.000    999.000

 V1       BY
    AASPFIN            1.000      0.000    999.000    999.000

 V2       BY
    BASPFIN            1.000      0.000    999.000    999.000

 V3       BY
    CASPFIN            1.000      0.000    999.000    999.000

 V4       BY
    DASPFIN            1.000      0.000    999.000    999.000

 P4         ON
    P3                 0.119      0.080      1.482      0.138
    V3                 0.046      0.054      0.847      0.397

 P3         ON
    P2                 0.119      0.080      1.482      0.138
    V2                 0.046      0.054      0.847      0.397

 P2         ON
    P1                 0.119      0.080      1.482      0.138
    V1                 0.046      0.054      0.847      0.397

 V4         ON
    V3                 0.134      0.076      1.780      0.075
    P3                -0.069      0.082     -0.842      0.400

 V3         ON
    V2                 0.134      0.076      1.780      0.075
    P2                -0.069      0.082     -0.842      0.400

 V2         ON
    V1                 0.134      0.076      1.780      0.075
    P1                -0.069      0.082     -0.842      0.400

 S_BFI_N  WITH
    I_BFI_N           -1.162      0.912     -1.275      0.202
    S_ASPFIN           0.010      0.142      0.067      0.946
    I_ASPFIN           0.933      2.941      0.317      0.751

 I_BFI_N  WITH
    S_ASPFIN          -1.793      2.875     -0.624      0.533
    I_ASPFIN         -24.324     19.521     -1.246      0.213

 S_ASPFIN WITH
    I_ASPFIN          -1.918      1.091     -1.759      0.079

 P1       WITH
    V1                 3.811      9.931      0.384      0.701

 P2       WITH
    V2                -1.813      7.040     -0.257      0.797

 P3       WITH
    V3                -1.813      7.040     -0.257      0.797

 P4       WITH
    V4                -1.813      7.040     -0.257      0.797

 Means
    P1                 0.000      0.000    999.000    999.000
    V1                 0.000      0.000    999.000    999.000
    I_BFI_N           49.177      0.695     70.743      0.000
    S_BFI_N           -0.263      0.062     -4.215      0.000
    I_ASPFIN          48.575      0.726     66.886      0.000
    S_ASPFIN          -0.063      0.063     -1.007      0.314

 Intercepts
    ABFI_N             0.000      0.000    999.000    999.000
    BBFI_N             0.000      0.000    999.000    999.000
    CBFI_N             0.000      0.000    999.000    999.000
    DBFI_N             0.000      0.000    999.000    999.000
    AASPFIN            0.000      0.000    999.000    999.000
    BASPFIN            0.000      0.000    999.000    999.000
    CASPFIN            0.000      0.000    999.000    999.000
    DASPFIN            0.000      0.000    999.000    999.000
    P2                 0.000      0.000    999.000    999.000
    P3                 0.000      0.000    999.000    999.000
    P4                 0.000      0.000    999.000    999.000
    V2                 0.000      0.000    999.000    999.000
    V3                 0.000      0.000    999.000    999.000
    V4                 0.000      0.000    999.000    999.000

 Variances
    P1                94.982     13.625      6.971      0.000
    V1               133.093     16.527      8.053      0.000
    I_BFI_N          345.843     23.651     14.623      0.000
    S_BFI_N            0.161      0.165      0.972      0.331
    I_ASPFIN         369.263     25.152     14.681      0.000
    S_ASPFIN           0.123      0.171      0.720      0.471

 Residual Variances
    ABFI_N             0.000      0.000    999.000    999.000
    BBFI_N             0.000      0.000    999.000    999.000
    CBFI_N             0.000      0.000    999.000    999.000
    DBFI_N             0.000      0.000    999.000    999.000
    AASPFIN            0.000      0.000    999.000    999.000
    BASPFIN            0.000      0.000    999.000    999.000
    CASPFIN            0.000      0.000    999.000    999.000
    DASPFIN            0.000      0.000    999.000    999.000
    P2                82.058      9.001      9.116      0.000
    P3                82.058      9.001      9.116      0.000
    P4                82.058      9.001      9.116      0.000
    V2               108.074     11.217      9.635      0.000
    V3               108.074     11.217      9.635      0.000
    V4               108.074     11.217      9.635      0.000


QUALITY OF NUMERICAL RESULTS

     Condition Number for the Information Matrix              0.196E-04
       (ratio of smallest to largest eigenvalue)


     Beginning Time:  18:03:12
        Ending Time:  18:03:25
       Elapsed Time:  00:00:13



MUTHEN & MUTHEN
3463 Stoner Ave.
Los Angeles, CA  90066

Tel: (310) 391-9971
Fax: (310) 391-8971
Web: www.StatModel.com
Support: Support@StatModel.com

Copyright (c) 1998-2017 Muthen & Muthen
