Mplus VERSION 8 (Linux)
MUTHEN & MUTHEN
07/08/2018   5:57 PM

INPUT INSTRUCTIONS


  title: PxVx Bivariate LCM-SR - decadegroup - Linear bfas_oi with Linear hrz_ind_d;
  data: file = /home/jflournoy/code_new/lnt_pxvx/Data/lnt_nat_recalc.tsv;

  variable:
  names =
  subjid
  aage
  aaspfin
  aaspfin_d
  abfa_mt
  abfa_mt_d
  abfas_ac
  abfas_ap
  abfas_ci
  abfas_co
  abfas_ea
  abfas_ee
  abfas_nv
  abfas_nv9
  abfas_nw
  abfas_oi
  abfas_oo
  abfi_a
  abfi_a6
  abfi_c
  abfi_d_scale
  abfi_e
  abfi_hp8
  abfi_n
  abfi_o
  abfi_s_scale
  ahrz_col
  ahrz_col_d
  ahrz_ind
  ahrz_ind_d
  amvi
  ausi
  ausi_d
  avrt_col
  avrt_col_d
  avrt_ind
  avrt_ind_d
  bage
  baspfin
  baspfin_d
  bbfa_mt
  bbfa_mt_d
  bbfas_ac
  bbfas_ap
  bbfas_ci
  bbfas_co
  bbfas_ea
  bbfas_ee
  bbfas_nv
  bbfas_nv9
  bbfas_nw
  bbfas_oi
  bbfas_oo
  bbfi_a
  bbfi_a6
  bbfi_c
  bbfi_d_scale
  bbfi_e
  bbfi_hp8
  bbfi_n
  bbfi_o
  bbfi_s_scale
  bhrz_col
  bhrz_col_d
  bhrz_ind
  bhrz_ind_d
  bmvi
  busi
  busi_d
  bvrt_col
  bvrt_col_d
  bvrt_ind
  bvrt_ind_d
  cage
  caspfin
  caspfin_d
  cbfa_mt
  cbfa_mt_d
  cbfas_ac
  cbfas_ap
  cbfas_ci
  cbfas_co
  cbfas_ea
  cbfas_ee
  cbfas_nv
  cbfas_nv9
  cbfas_nw
  cbfas_oi
  cbfas_oo
  cbfi_a
  cbfi_a6
  cbfi_c
  cbfi_d_scale
  cbfi_e
  cbfi_hp8
  cbfi_n
  cbfi_o
  cbfi_s_scale
  chrz_col
  chrz_col_d
  chrz_ind
  chrz_ind_d
  cmvi
  cusi
  cusi_d
  cvrt_col
  cvrt_col_d
  cvrt_ind
  cvrt_ind_d
  dage
  daspfin
  daspfin_d
  dbfa_mt
  dbfa_mt_d
  dbfas_ac
  dbfas_ap
  dbfas_ci
  dbfas_co
  dbfas_ea
  dbfas_ee
  dbfas_nv
  dbfas_nv9
  dbfas_nw
  dbfas_oi
  dbfas_oo
  dbfi_a
  dbfi_a6
  dbfi_c
  dbfi_d_scale
  dbfi_e
  dbfi_hp8
  dbfi_n
  dbfi_o
  dbfi_s_scale
  dhrz_col
  dhrz_col_d
  dhrz_ind
  dhrz_ind_d
  dmvi
  dusi
  dusi_d
  dvrt_col
  dvrt_col_d
  dvrt_ind
  dvrt_ind_d;

  USEVARIABLES =
  abfas_oi
  bbfas_oi
  cbfas_oi
  dbfas_oi
  ahrz_ind_d
  bhrz_ind_d
  chrz_ind_d
  dhrz_ind_d
  a1
  a2
  a3
  a4
  aagegrp
  ;

  missing = all (-9999);

  tscores = a1 a2 a3 a4;

  grouping = aagegrp (0=d2, 1=d3, 2=d4, 3=d5);

  DEFINE:

  aagegrp = aage;

  cut aagegrp (29 39 49);

  a1 = aage + 0 - 36;
  a2 = aage + 1 - 36;
  a3 = aage + 2 - 36;
  a4 = aage + 3 - 36;

  ANALYSIS:
  TYPE=RANDOM;
  PROCESSORS = 6;
  model=nocovariances; ! supresses default estimation of certain covs in model;

  MODEL:

  i_bfas_oi s_bfas_oi | abfas_oi bbfas_oi cbfas_oi dbfas_oi AT a1 a2 a3 a4;
  i_hrz_ind_d s_hrz_ind_d | ahrz_ind_d bhrz_ind_d chrz_ind_d dhrz_ind_d AT a1 a2 a3 a4;

  ! freeing factor covs because of "nocovariances"
  ! But ensure they are constrained across groups
  s_bfas_oi WITH i_bfas_oi (p)
  s_hrz_ind_d (q)
  i_hrz_ind_d (r);
  i_bfas_oi WITH s_hrz_ind_d (s)
  i_hrz_ind_d (t);
  s_hrz_ind_d WITH i_hrz_ind_d (u);

  !constrain latent growth means across groups
  [i_bfas_oi] (v);
  [s_bfas_oi] (w);
  [i_hrz_ind_d] (x);
  [s_hrz_ind_d] (y);

  !constrain latent growth variances across groups
  i_bfas_oi (l);
  s_bfas_oi (m);
  i_hrz_ind_d (n);
  s_hrz_ind_d (o);

  p1 BY abfas_oi@1; ! Residual "factors";
  p2 BY bbfas_oi@1;
  p3 BY cbfas_oi@1;
  p4 BY dbfas_oi@1;

  v1 BY ahrz_ind_d@1; ! Residual "factors";
  v2 BY bhrz_ind_d@1;
  v3 BY chrz_ind_d@1;
  v4 BY dhrz_ind_d@1;

  !residual variances on observed/manifest vars set to 0
  abfas_oi@0;
  bbfas_oi@0;
  cbfas_oi@0;
  dbfas_oi@0;

  !residual variances on observed/manifest vars set to 0
  ahrz_ind_d@0;
  bhrz_ind_d@0;
  chrz_ind_d@0;
  dhrz_ind_d@0;

  ! means of observed/manifest vars set to 0
  [abfas_oi@0];
  [bbfas_oi@0];
  [cbfas_oi@0];
  [dbfas_oi@0];

  ! means of observed/manifest vars set to 0
  [ahrz_ind_d@0];
  [bhrz_ind_d@0];
  [chrz_ind_d@0];
  [dhrz_ind_d@0];

  [p1@0]; ! means of residual "factors" set to 0
  [p2@0];
  [p3@0];
  [p4@0];

  [v1@0]; ! means of residual "factors" set to 0
  [v2@0];
  [v3@0];
  [v4@0];

  p4 on p3 (a); ! Autoregressive paths constrained to equality
  p3 on p2 (a);
  p2 on p1 (a);

  v4 on v3 (b); ! Autoregressive paths constrained to equality
  v3 on v2 (b);
  v2 on v1 (b);

  p4 on v3 (c); ! Cross-lagged paths constrained to equality
  p3 on v2 (c);
  p2 on v1 (c);

  v4 on p3 (d); ! Cross-lagged paths constrained to equality
  v3 on p2 (d);
  v2 on p1 (d);

  p1 with v1; !(this one is not like the others)

  p2 with v2 (e); ! Within-wave correlations constrained to equality
  p3 with v3 (e);
  p4 with v4 (e);

  p2 p3 p4 (f); ! estimate variances of residual "factors"
  v2 v3 v4 (g); ! estimate variances of residual "factors"

  MODEL d2:

  p4 on p3 (a2); ! Autoregressive paths constrained to equality
  p3 on p2 (a2);
  p2 on p1 (a2);

  v4 on v3 (b2); ! Autoregressive paths constrained to equality
  v3 on v2 (b2);
  v2 on v1 (b2);

  p4 on v3 (c2); ! Cross-lagged paths constrained to equality
  p3 on v2 (c2);
  p2 on v1 (c2);

  v4 on p3 (d2); ! Cross-lagged paths constrained to equality
  v3 on p2 (d2);
  v2 on p1 (d2);

  p1 with v1; !(this one is not like the others)

  p2 with v2 (e2); ! Within-wave correlations constrained to equality
  p3 with v3 (e2);
  p4 with v4 (e2);

  p2 p3 p4 (f2); ! estimate variances of residual "factors"
  v2 v3 v4 (g2); ! estimate variances of residual "factors"

  MODEL d3:

  p4 on p3 (a3); ! Autoregressive paths constrained to equality
  p3 on p2 (a3);
  p2 on p1 (a3);

  v4 on v3 (b3); ! Autoregressive paths constrained to equality
  v3 on v2 (b3);
  v2 on v1 (b3);

  p4 on v3 (c3); ! Cross-lagged paths constrained to equality
  p3 on v2 (c3);
  p2 on v1 (c3);

  v4 on p3 (d3); ! Cross-lagged paths constrained to equality
  v3 on p2 (d3);
  v2 on p1 (d3);

  p1 with v1; !(this one is not like the others)

  p2 with v2 (e3); ! Within-wave correlations constrained to equality
  p3 with v3 (e3);
  p4 with v4 (e3);

  p2 p3 p4 (f3); ! estimate variances of residual "factors"
  v2 v3 v4 (g3); ! estimate variances of residual "factors"

  MODEL d4:

  p4 on p3 (a4); ! Autoregressive paths constrained to equality
  p3 on p2 (a4);
  p2 on p1 (a4);

  v4 on v3 (b4); ! Autoregressive paths constrained to equality
  v3 on v2 (b4);
  v2 on v1 (b4);

  p4 on v3 (c4); ! Cross-lagged paths constrained to equality
  p3 on v2 (c4);
  p2 on v1 (c4);

  v4 on p3 (d4); ! Cross-lagged paths constrained to equality
  v3 on p2 (d4);
  v2 on p1 (d4);

  p1 with v1; !(this one is not like the others)

  p2 with v2 (e4); ! Within-wave correlations constrained to equality
  p3 with v3 (e4);
  p4 with v4 (e4);

  p2 p3 p4 (f4); ! estimate variances of residual "factors"
  v2 v3 v4 (g4); ! estimate variances of residual "factors"

  MODEL d5:

  p4 on p3 (a5); ! Autoregressive paths constrained to equality
  p3 on p2 (a5);
  p2 on p1 (a5);

  v4 on v3 (b5); ! Autoregressive paths constrained to equality
  v3 on v2 (b5);
  v2 on v1 (b5);

  p4 on v3 (c5); ! Cross-lagged paths constrained to equality
  p3 on v2 (c5);
  p2 on v1 (c5);

  v4 on p3 (d5); ! Cross-lagged paths constrained to equality
  v3 on p2 (d5);
  v2 on p1 (d5);

  p1 with v1; !(this one is not like the others)

  p2 with v2 (e5); ! Within-wave correlations constrained to equality
  p3 with v3 (e5);
  p4 with v4 (e5);

  p2 p3 p4 (f5); ! estimate variances of residual "factors"
  v2 v3 v4 (g5); ! estimate variances of residual "factors"

  OUTPUT: SAMPSTAT PATTERNS;



*** WARNING in VARIABLE command
  Note that only the first 8 characters of variable names are used in the output.
  Shorten variable names to avoid any confusion.
*** WARNING
  Data set contains unknown or missing values for GROUPING,
  PATTERN, COHORT, CLUSTER and/or STRATIFICATION variables.
  Number of cases with unknown or missing values:  5
   2 WARNING(S) FOUND IN THE INPUT INSTRUCTIONS



PxVx Bivariate LCM-SR - decadegroup - Linear bfas_oi with Linear hrz_ind_d;

SUMMARY OF ANALYSIS

Number of groups                                                 4
Number of observations
   Group D2                                                    301
   Group D3                                                    233
   Group D4                                                    198
   Group D5                                                    132
   Total sample size                                           864

Number of dependent variables                                    8
Number of independent variables                                  0
Number of continuous latent variables                           12

Observed dependent variables

  Continuous
   ABFAS_OI    BBFAS_OI    CBFAS_OI    DBFAS_OI    AHRZ_IND_D  BHRZ_IND_D
   CHRZ_IND_D  DHRZ_IND_D

Continuous latent variables
   P1          P2          P3          P4          V1          V2
   V3          V4          I_BFAS_O    S_BFAS_O    I_HRZ_IN    S_HRZ_IN

Variables with special functions

  Grouping variable     AAGEGRP

  Time scores
   A1          A2          A3          A4


Estimator                                                      MLR
Information matrix                                        OBSERVED
Maximum number of iterations                                   100
Convergence criterion                                    0.100D-05
Maximum number of EM iterations                                500
Convergence criteria for the EM algorithm
  Loglikelihood change                                   0.100D-02
  Relative loglikelihood change                          0.100D-05
  Derivative                                             0.100D-03
Minimum variance                                         0.100D-03
Maximum number of steepest descent iterations                   20
Maximum number of iterations for H1                           2000
Convergence criterion for H1                             0.100D-03
Optimization algorithm                                         EMA

Input data file(s)
  /home/jflournoy/code_new/lnt_pxvx/Data/lnt_nat_recalc.tsv
Input data format  FREE


SUMMARY OF DATA

   Group D2
     Number of missing data patterns            15

   Group D3
     Number of missing data patterns            10

   Group D4
     Number of missing data patterns            14

   Group D5
     Number of missing data patterns             9


SUMMARY OF MISSING DATA PATTERNS


     MISSING DATA PATTERNS (x = not missing) FOR D2

           1  2  3  4  5  6  7  8  9 10 11 12 13 14 15
 ABFAS_OI  x  x  x  x  x  x  x  x  x  x     x  x  x  x
 BBFAS_OI  x     x  x  x  x           x  x  x  x  x
 CBFAS_OI  x        x     x     x  x  x  x  x  x     x
 DBFAS_OI  x     x  x        x     x     x  x        x
 AHRZ_IND  x  x  x  x  x  x  x  x  x  x  x  x  x  x  x
 BHRZ_IND  x     x  x  x  x           x  x     x     x
 CHRZ_IND  x              x     x  x     x  x  x     x
 DHRZ_IND  x     x  x        x     x     x  x  x     x


     MISSING DATA PATTERN FREQUENCIES FOR D2

    Pattern   Frequency     Pattern   Frequency     Pattern   Frequency
          1         185           6          13          11           1
          2          57           7          11          12           2
          3           6           8           5          13           1
          4           1           9           5          14           1
          5          11          10           1          15           1


     MISSING DATA PATTERNS (x = not missing) FOR D3

           1  2  3  4  5  6  7  8  9 10
 ABFAS_OI  x  x  x  x  x  x  x  x  x  x
 BBFAS_OI  x     x  x  x           x
 CBFAS_OI  x           x     x  x
 DBFAS_OI  x     x        x     x     x
 AHRZ_IND  x  x  x  x  x  x  x  x  x  x
 BHRZ_IND  x     x  x  x
 CHRZ_IND  x           x     x  x
 DHRZ_IND  x     x        x     x


     MISSING DATA PATTERN FREQUENCIES FOR D3

    Pattern   Frequency     Pattern   Frequency     Pattern   Frequency
          1         140           5           7           9           1
          2          44           6           3          10           1
          3           8           7           7
          4          15           8           7


     MISSING DATA PATTERNS (x = not missing) FOR D4

           1  2  3  4  5  6  7  8  9 10 11 12 13 14
 ABFAS_OI  x  x  x  x  x  x  x  x  x  x  x  x  x  x
 BBFAS_OI  x     x  x  x  x           x  x     x
 CBFAS_OI  x        x     x     x  x  x           x
 DBFAS_OI  x     x  x        x     x  x        x
 AHRZ_IND  x  x  x  x  x  x  x  x  x  x  x     x  x
 BHRZ_IND  x     x  x  x  x
 CHRZ_IND  x              x     x  x  x
 DHRZ_IND  x     x  x        x     x  x        x


     MISSING DATA PATTERN FREQUENCIES FOR D4

    Pattern   Frequency     Pattern   Frequency     Pattern   Frequency
          1         104           6          15          11           2
          2          39           7           4          12           1
          3           7           8           5          13           1
          4           1           9           5          14           1
          5          12          10           1


     MISSING DATA PATTERNS (x = not missing) FOR D5

           1  2  3  4  5  6  7  8  9
 ABFAS_OI  x  x  x  x  x  x  x  x
 BBFAS_OI  x     x  x  x           x
 CBFAS_OI  x           x     x  x  x
 DBFAS_OI  x     x        x     x  x
 AHRZ_IND  x  x  x  x  x  x  x  x  x
 BHRZ_IND  x     x  x  x           x
 CHRZ_IND  x           x     x  x  x
 DHRZ_IND  x     x        x     x  x


     MISSING DATA PATTERN FREQUENCIES FOR D5

    Pattern   Frequency     Pattern   Frequency     Pattern   Frequency
          1          60           4          10           7           6
          2          29           5          11           8           4
          3           5           6           6           9           1


COVARIANCE COVERAGE OF DATA

Minimum covariance coverage value   0.100


     PROPORTION OF DATA PRESENT FOR D2


           Covariance Coverage
              ABFAS_OI      BBFAS_OI      CBFAS_OI      DBFAS_OI      AHRZ_IND
              ________      ________      ________      ________      ________
 ABFAS_OI       0.997
 BBFAS_OI       0.734         0.738
 CBFAS_OI       0.711         0.678         0.714
 DBFAS_OI       0.701         0.648         0.648         0.704
 AHRZ_IND       0.997         0.738         0.714         0.704         1.000
 BHRZ_IND       0.728         0.728         0.674         0.645         0.731
 CHRZ_IND       0.704         0.671         0.708         0.645         0.708
 DHRZ_IND       0.704         0.651         0.651         0.704         0.708


           Covariance Coverage
              BHRZ_IND      CHRZ_IND      DHRZ_IND
              ________      ________      ________
 BHRZ_IND       0.731
 CHRZ_IND       0.668         0.708
 DHRZ_IND       0.648         0.648         0.708


     PROPORTION OF DATA PRESENT FOR D3


           Covariance Coverage
              ABFAS_OI      BBFAS_OI      CBFAS_OI      DBFAS_OI      AHRZ_IND
              ________      ________      ________      ________      ________
 ABFAS_OI       1.000
 BBFAS_OI       0.747         0.747
 CBFAS_OI       0.717         0.682         0.717
 DBFAS_OI       0.734         0.700         0.670         0.734
 AHRZ_IND       1.000         0.747         0.717         0.734         1.000
 BHRZ_IND       0.747         0.747         0.682         0.700         0.747
 CHRZ_IND       0.648         0.614         0.648         0.605         0.648
 DHRZ_IND       0.734         0.700         0.670         0.734         0.734


           Covariance Coverage
              BHRZ_IND      CHRZ_IND      DHRZ_IND
              ________      ________      ________
 BHRZ_IND       0.747
 CHRZ_IND       0.614         0.648
 DHRZ_IND       0.700         0.605         0.734


     PROPORTION OF DATA PRESENT FOR D4


           Covariance Coverage
              ABFAS_OI      BBFAS_OI      CBFAS_OI      DBFAS_OI      AHRZ_IND
              ________      ________      ________      ________      ________
 ABFAS_OI       0.990
 BBFAS_OI       0.722         0.732
 CBFAS_OI       0.672         0.631         0.682
 DBFAS_OI       0.616         0.581         0.571         0.626
 AHRZ_IND       0.990         0.732         0.682         0.626         1.000
 BHRZ_IND       0.712         0.722         0.626         0.576         0.722
 CHRZ_IND       0.662         0.621         0.672         0.566         0.672
 DHRZ_IND       0.621         0.586         0.576         0.626         0.631


           Covariance Coverage
              BHRZ_IND      CHRZ_IND      DHRZ_IND
              ________      ________      ________
 BHRZ_IND       0.722
 CHRZ_IND       0.616         0.672
 DHRZ_IND       0.581         0.571         0.631


     PROPORTION OF DATA PRESENT FOR D5


           Covariance Coverage
              ABFAS_OI      BBFAS_OI      CBFAS_OI      DBFAS_OI      AHRZ_IND
              ________      ________      ________      ________      ________
 ABFAS_OI       1.000
 BBFAS_OI       0.697         0.697
 CBFAS_OI       0.614         0.576         0.614
 DBFAS_OI       0.621         0.568         0.538         0.621
 AHRZ_IND       1.000         0.697         0.614         0.621         1.000
 BHRZ_IND       0.697         0.697         0.576         0.568         0.697
 CHRZ_IND       0.538         0.500         0.538         0.462         0.538
 DHRZ_IND       0.621         0.568         0.538         0.621         0.621


           Covariance Coverage
              BHRZ_IND      CHRZ_IND      DHRZ_IND
              ________      ________      ________
 BHRZ_IND       0.697
 CHRZ_IND       0.500         0.538
 DHRZ_IND       0.568         0.462         0.621


SAMPLE STATISTICS


     ESTIMATED SAMPLE STATISTICS FOR D2


           Means
              ABFAS_OI      BBFAS_OI      CBFAS_OI      DBFAS_OI      AHRZ_IND
              ________      ________      ________      ________      ________
               74.930        74.217        74.446        74.281        73.505


           Means
              BHRZ_IND      CHRZ_IND      DHRZ_IND
              ________      ________      ________
               73.433        72.940        73.175


           Covariances
              ABFAS_OI      BBFAS_OI      CBFAS_OI      DBFAS_OI      AHRZ_IND
              ________      ________      ________      ________      ________
 ABFAS_OI     271.492
 BBFAS_OI     190.026       223.766
 CBFAS_OI     208.507       200.297       275.789
 DBFAS_OI     189.281       174.692       214.930       258.829
 AHRZ_IND      47.649        33.996        24.931        30.471       306.112
 BHRZ_IND      41.774        31.232        35.491        30.645       176.635
 CHRZ_IND      45.089        19.732        43.378        47.825       146.654
 DHRZ_IND      40.491        26.715        42.892        47.554       120.188


           Covariances
              BHRZ_IND      CHRZ_IND      DHRZ_IND
              ________      ________      ________
 BHRZ_IND     315.172
 CHRZ_IND     148.435       322.928
 DHRZ_IND     171.165       172.913       285.876


           Correlations
              ABFAS_OI      BBFAS_OI      CBFAS_OI      DBFAS_OI      AHRZ_IND
              ________      ________      ________      ________      ________
 ABFAS_OI       1.000
 BBFAS_OI       0.771         1.000
 CBFAS_OI       0.762         0.806         1.000
 DBFAS_OI       0.714         0.726         0.804         1.000
 AHRZ_IND       0.165         0.130         0.086         0.108         1.000
 BHRZ_IND       0.143         0.118         0.120         0.107         0.569
 CHRZ_IND       0.152         0.073         0.145         0.165         0.466
 DHRZ_IND       0.145         0.106         0.153         0.175         0.406


           Correlations
              BHRZ_IND      CHRZ_IND      DHRZ_IND
              ________      ________      ________
 BHRZ_IND       1.000
 CHRZ_IND       0.465         1.000
 DHRZ_IND       0.570         0.569         1.000


     ESTIMATED SAMPLE STATISTICS FOR D3


           Means
              ABFAS_OI      BBFAS_OI      CBFAS_OI      DBFAS_OI      AHRZ_IND
              ________      ________      ________      ________      ________
               77.318        76.783        76.411        77.314        73.391


           Means
              BHRZ_IND      CHRZ_IND      DHRZ_IND
              ________      ________      ________
               72.734        75.062        72.809


           Covariances
              ABFAS_OI      BBFAS_OI      CBFAS_OI      DBFAS_OI      AHRZ_IND
              ________      ________      ________      ________      ________
 ABFAS_OI     223.176
 BBFAS_OI     205.170       253.593
 CBFAS_OI     183.475       204.883       252.121
 DBFAS_OI     186.876       197.333       198.428       233.453
 AHRZ_IND      36.346        49.180        45.757        33.281       338.671
 BHRZ_IND      38.605        50.377        70.293        62.052       207.744
 CHRZ_IND      34.246        56.053        60.375        54.384       209.807
 DHRZ_IND      28.401        41.569        48.444        43.973       187.011


           Covariances
              BHRZ_IND      CHRZ_IND      DHRZ_IND
              ________      ________      ________
 BHRZ_IND     352.367
 CHRZ_IND     192.232       316.390
 DHRZ_IND     222.941       214.323       326.738


           Correlations
              ABFAS_OI      BBFAS_OI      CBFAS_OI      DBFAS_OI      AHRZ_IND
              ________      ________      ________      ________      ________
 ABFAS_OI       1.000
 BBFAS_OI       0.862         1.000
 CBFAS_OI       0.773         0.810         1.000
 DBFAS_OI       0.819         0.811         0.818         1.000
 AHRZ_IND       0.132         0.168         0.157         0.118         1.000
 BHRZ_IND       0.138         0.169         0.236         0.216         0.601
 CHRZ_IND       0.129         0.198         0.214         0.200         0.641
 DHRZ_IND       0.105         0.144         0.169         0.159         0.562


           Correlations
              BHRZ_IND      CHRZ_IND      DHRZ_IND
              ________      ________      ________
 BHRZ_IND       1.000
 CHRZ_IND       0.576         1.000
 DHRZ_IND       0.657         0.667         1.000


     ESTIMATED SAMPLE STATISTICS FOR D4


           Means
              ABFAS_OI      BBFAS_OI      CBFAS_OI      DBFAS_OI      AHRZ_IND
              ________      ________      ________      ________      ________
               75.132        75.463        74.663        74.698        71.122


           Means
              BHRZ_IND      CHRZ_IND      DHRZ_IND
              ________      ________      ________
               73.479        72.516        72.172


           Covariances
              ABFAS_OI      BBFAS_OI      CBFAS_OI      DBFAS_OI      AHRZ_IND
              ________      ________      ________      ________      ________
 ABFAS_OI     249.838
 BBFAS_OI     204.703       245.864
 CBFAS_OI     205.313       211.952       257.796
 DBFAS_OI     197.373       205.315       223.903       248.389
 AHRZ_IND      69.947        32.339        47.364        57.041       343.571
 BHRZ_IND      33.341        36.225        35.737        35.171       163.319
 CHRZ_IND      34.877         5.679        26.854        20.664       160.515
 DHRZ_IND      27.589        31.059        24.447        47.127       167.568


           Covariances
              BHRZ_IND      CHRZ_IND      DHRZ_IND
              ________      ________      ________
 BHRZ_IND     272.722
 CHRZ_IND     173.943       286.511
 DHRZ_IND     156.171       155.409       267.293


           Correlations
              ABFAS_OI      BBFAS_OI      CBFAS_OI      DBFAS_OI      AHRZ_IND
              ________      ________      ________      ________      ________
 ABFAS_OI       1.000
 BBFAS_OI       0.826         1.000
 CBFAS_OI       0.809         0.842         1.000
 DBFAS_OI       0.792         0.831         0.885         1.000
 AHRZ_IND       0.239         0.111         0.159         0.195         1.000
 BHRZ_IND       0.128         0.140         0.135         0.135         0.534
 CHRZ_IND       0.130         0.021         0.099         0.077         0.512
 DHRZ_IND       0.107         0.121         0.093         0.183         0.553


           Correlations
              BHRZ_IND      CHRZ_IND      DHRZ_IND
              ________      ________      ________
 BHRZ_IND       1.000
 CHRZ_IND       0.622         1.000
 DHRZ_IND       0.578         0.562         1.000


     ESTIMATED SAMPLE STATISTICS FOR D5


           Means
              ABFAS_OI      BBFAS_OI      CBFAS_OI      DBFAS_OI      AHRZ_IND
              ________      ________      ________      ________      ________
               73.809        73.511        71.554        71.587        72.601


           Means
              BHRZ_IND      CHRZ_IND      DHRZ_IND
              ________      ________      ________
               71.177        72.647        70.538


           Covariances
              ABFAS_OI      BBFAS_OI      CBFAS_OI      DBFAS_OI      AHRZ_IND
              ________      ________      ________      ________      ________
 ABFAS_OI     269.421
 BBFAS_OI     202.101       236.823
 CBFAS_OI     228.274       214.423       274.193
 DBFAS_OI     246.344       225.136       243.421       297.654
 AHRZ_IND       2.131         4.369         0.036        -4.913       301.484
 BHRZ_IND       0.291        39.908         4.063        15.116       183.767
 CHRZ_IND      27.056        28.376        20.579        23.620       149.735
 DHRZ_IND      -9.469        12.356        14.527        -1.834       154.464


           Covariances
              BHRZ_IND      CHRZ_IND      DHRZ_IND
              ________      ________      ________
 BHRZ_IND     350.624
 CHRZ_IND     197.709       278.207
 DHRZ_IND     189.822       189.019       264.957


           Correlations
              ABFAS_OI      BBFAS_OI      CBFAS_OI      DBFAS_OI      AHRZ_IND
              ________      ________      ________      ________      ________
 ABFAS_OI       1.000
 BBFAS_OI       0.800         1.000
 CBFAS_OI       0.840         0.841         1.000
 DBFAS_OI       0.870         0.848         0.852         1.000
 AHRZ_IND       0.007         0.016         0.000        -0.016         1.000
 BHRZ_IND       0.001         0.138         0.013         0.047         0.565
 CHRZ_IND       0.099         0.111         0.075         0.082         0.517
 DHRZ_IND      -0.035         0.049         0.054        -0.007         0.547


           Correlations
              BHRZ_IND      CHRZ_IND      DHRZ_IND
              ________      ________      ________
 BHRZ_IND       1.000
 CHRZ_IND       0.633         1.000
 DHRZ_IND       0.623         0.696         1.000


     MAXIMUM LOG-LIKELIHOOD VALUE FOR THE UNRESTRICTED (H1) MODEL IS -20762.086


UNIVARIATE SAMPLE STATISTICS


     UNIVARIATE HIGHER-ORDER MOMENT DESCRIPTIVE STATISTICS FOR D2

         Variable/         Mean/     Skewness/   Minimum/ % with                Percentiles
        Sample Size      Variance    Kurtosis    Maximum  Min/Max      20%/60%    40%/80%    Median

     ABFAS_OI             74.914      -0.627      15.000    0.33%      60.000     72.500     77.500
             300.000     272.023       0.154     100.000    3.67%      80.000     90.000
     BBFAS_OI             73.924      -0.308      35.000    0.45%      60.000     70.000     75.000
             222.000     217.482      -0.530     100.000    2.25%      80.000     87.500
     CBFAS_OI             74.416      -0.543      25.000    0.47%      60.000     70.000     75.000
             215.000     268.640      -0.162     100.000    4.19%      80.000     90.000
     DBFAS_OI             74.860      -0.552      20.000    0.47%      60.000     72.500     75.000
             212.000     241.370       0.121     100.000    2.83%      82.500     90.000
     AHRZ_IND_D           73.505      -0.495      25.000    1.00%      58.333     75.000     75.000
             301.000     306.112      -0.324     100.000    8.97%      83.333     91.667
     BHRZ_IND_D           73.258      -0.401      16.667    0.45%      58.333     66.667     75.000
             220.000     319.091      -0.324     100.000   11.82%      75.000     91.667
     CHRZ_IND_D           73.396      -0.644       8.333    0.94%      58.333     75.000     75.000
             213.000     323.783       0.663     100.000   12.21%      75.000     91.667
     DHRZ_IND_D           73.865      -0.356      25.000    0.47%      58.333     66.667     75.000
             213.000     281.381      -0.374     100.000   10.80%      75.000     91.667


     UNIVARIATE HIGHER-ORDER MOMENT DESCRIPTIVE STATISTICS FOR D3

         Variable/         Mean/     Skewness/   Minimum/ % with                Percentiles
        Sample Size      Variance    Kurtosis    Maximum  Min/Max      20%/60%    40%/80%    Median

     ABFAS_OI             77.318      -0.428      38.889    0.43%      65.000     75.000     80.000
             233.000     223.176      -0.472     100.000    7.73%      82.500     92.500
     BBFAS_OI             77.057      -0.576      32.500    1.17%      62.500     75.000     80.000
             171.000     251.105      -0.400     100.000    4.09%      85.000     92.500
     CBFAS_OI             76.058      -0.656      22.500    0.62%      62.500     75.000     77.500
             161.000     254.860       0.127     100.000    4.35%      82.500     90.000
     DBFAS_OI             77.727      -0.554      35.000    0.63%      67.500     75.000     77.500
             159.000     225.926      -0.146     100.000    6.92%      82.500     92.500
     AHRZ_IND_D           73.391      -0.601       8.333    0.43%      58.333     66.667     75.000
             233.000     338.671       0.328     100.000   12.88%      75.000     91.667
     BHRZ_IND_D           72.255      -0.334      16.667    0.59%      58.333     66.667     75.000
             170.000     353.576      -0.321     100.000   14.12%      75.000     91.667
     CHRZ_IND_D           74.948      -0.387      33.333    3.11%      58.333     75.000     75.000
             161.000     320.477      -0.544     100.000   15.53%      83.333     91.667
     DHRZ_IND_D           72.468      -0.513      25.000    0.63%      58.333     75.000     75.000
             158.000     330.264      -0.418     100.000    8.86%      75.000     91.667


     UNIVARIATE HIGHER-ORDER MOMENT DESCRIPTIVE STATISTICS FOR D4

         Variable/         Mean/     Skewness/   Minimum/ % with                Percentiles
        Sample Size      Variance    Kurtosis    Maximum  Min/Max      20%/60%    40%/80%    Median

     ABFAS_OI             75.132      -0.411      35.000    1.01%      62.500     72.222     75.000
             198.000     249.838      -0.411     100.000    5.05%      80.000     90.000
     BBFAS_OI             76.232      -0.692      22.500    0.70%      65.000     75.000     77.500
             143.000     250.211       0.542     100.000    6.99%      80.000     90.000
     CBFAS_OI             75.492      -0.351      32.500    0.76%      60.000     72.500     77.500
             132.000     255.061      -0.603     100.000    4.55%      80.000     92.500
     DBFAS_OI             76.077      -0.714      25.000    0.81%      62.500     75.000     77.500
             123.000     252.854       0.141     100.000    4.88%      82.500     90.000
     AHRZ_IND_D           71.151      -0.590      25.000    3.05%      58.333     66.667     75.000
             197.000     343.508      -0.141     100.000    7.11%      75.000     87.500
     BHRZ_IND_D           74.311      -0.499      25.000    2.16%      58.333     66.667     75.000
             139.000     270.933       0.283     100.000   10.07%      75.000     91.667
     CHRZ_IND_D           72.500      -0.292      25.000    0.77%      58.333     66.667     75.000
             130.000     278.472      -0.489     100.000    6.92%      75.000     91.667
     DHRZ_IND_D           71.545      -0.726      16.667    0.81%      58.333     66.667     75.000
             123.000     277.695       0.560     100.000    4.07%      75.000     83.333


     UNIVARIATE HIGHER-ORDER MOMENT DESCRIPTIVE STATISTICS FOR D5

         Variable/         Mean/     Skewness/   Minimum/ % with                Percentiles
        Sample Size      Variance    Kurtosis    Maximum  Min/Max      20%/60%    40%/80%    Median

     ABFAS_OI             73.742      -0.618      17.500    0.76%      60.000     70.000     75.000
             131.000     270.480       0.624     100.000    5.34%      80.000     90.000
     BBFAS_OI             73.483      -0.719      27.500    1.15%      61.111     72.500     75.000
              87.000     230.727       0.265     100.000    1.15%      77.500     87.500
     CBFAS_OI             72.043      -0.876      20.000    1.22%      60.000     70.000     72.500
              82.000     257.946       0.938      97.500    3.66%      77.500     87.500
     DBFAS_OI             73.856      -0.997      15.000    1.32%      60.000     72.500     77.500
              76.000     303.456       0.882     100.000    2.63%      80.556     87.500
     AHRZ_IND_D           72.601      -0.474      25.000    1.52%      58.333     66.667     75.000
             132.000     301.484       0.046     100.000   10.61%      75.000     91.667
     BHRZ_IND_D           71.169      -0.468      25.000    3.45%      58.333     66.667     75.000
              87.000     346.112      -0.312     100.000    9.20%      75.000     83.333
     CHRZ_IND_D           72.764      -0.276      16.667    1.22%      58.333     66.667     75.000
              82.000     284.635       0.367     100.000   13.41%      75.000     91.667
     DHRZ_IND_D           70.833      -0.346      25.000    1.32%      58.333     66.667     75.000
              76.000     264.072      -0.110     100.000    6.58%      75.000     83.333


THE MODEL ESTIMATION TERMINATED NORMALLY



MODEL FIT INFORMATION

Number of Free Parameters                       54

Loglikelihood

          H0 Value                      -20828.407
          H0 Scaling Correction Factor      1.3443
            for MLR

Information Criteria

          Akaike (AIC)                   41764.813
          Bayesian (BIC)                 42021.938
          Sample-Size Adjusted BIC       41850.448
            (n* = (n + 2) / 24)



MODEL RESULTS

                                                    Two-Tailed
                    Estimate       S.E.  Est./S.E.    P-Value

Group D2

 P1       BY
    ABFAS_OI           1.000      0.000    999.000    999.000

 P2       BY
    BBFAS_OI           1.000      0.000    999.000    999.000

 P3       BY
    CBFAS_OI           1.000      0.000    999.000    999.000

 P4       BY
    DBFAS_OI           1.000      0.000    999.000    999.000

 V1       BY
    AHRZ_IND_D         1.000      0.000    999.000    999.000

 V2       BY
    BHRZ_IND_D         1.000      0.000    999.000    999.000

 V3       BY
    CHRZ_IND_D         1.000      0.000    999.000    999.000

 V4       BY
    DHRZ_IND_D         1.000      0.000    999.000    999.000

 P4         ON
    P3                 0.210      0.102      2.048      0.041
    V3                 0.057      0.038      1.491      0.136

 P3         ON
    P2                 0.210      0.102      2.048      0.041
    V2                 0.057      0.038      1.491      0.136

 P2         ON
    P1                 0.210      0.102      2.048      0.041
    V1                 0.057      0.038      1.491      0.136

 V4         ON
    V3                 0.062      0.080      0.781      0.435
    P3                 0.060      0.108      0.559      0.576

 V3         ON
    V2                 0.062      0.080      0.781      0.435
    P2                 0.060      0.108      0.559      0.576

 V2         ON
    V1                 0.062      0.080      0.781      0.435
    P1                 0.060      0.108      0.559      0.576

 S_BFAS_O WITH
    I_BFAS_OI          0.232      0.635      0.365      0.715
    S_HRZ_IND_        -0.009      0.083     -0.106      0.916
    I_HRZ_IND_         0.295      1.964      0.150      0.881

 I_BFAS_O WITH
    S_HRZ_IND_        -0.625      1.897     -0.329      0.742
    I_HRZ_IND_        32.590     11.233      2.901      0.004

 S_HRZ_IN WITH
    I_HRZ_IND_         0.122      0.736      0.166      0.868

 P1       WITH
    V1                14.629     11.552      1.266      0.205

 P2       WITH
    V2                 9.503      7.153      1.329      0.184

 P3       WITH
    V3                 9.503      7.153      1.329      0.184

 P4       WITH
    V4                 9.503      7.153      1.329      0.184

 Means
    P1                 0.000      0.000    999.000    999.000
    V1                 0.000      0.000    999.000    999.000
    I_BFAS_OI         75.302      0.516    145.931      0.000
    S_BFAS_OI         -0.068      0.046     -1.492      0.136
    I_HRZ_IND_        73.000      0.526    138.901      0.000
    S_HRZ_IND_        -0.083      0.048     -1.738      0.082

 Intercepts
    ABFAS_OI           0.000      0.000    999.000    999.000
    BBFAS_OI           0.000      0.000    999.000    999.000
    CBFAS_OI           0.000      0.000    999.000    999.000
    DBFAS_OI           0.000      0.000    999.000    999.000
    AHRZ_IND_D         0.000      0.000    999.000    999.000
    BHRZ_IND_D         0.000      0.000    999.000    999.000
    CHRZ_IND_D         0.000      0.000    999.000    999.000
    DHRZ_IND_D         0.000      0.000    999.000    999.000
    P2                 0.000      0.000    999.000    999.000
    P3                 0.000      0.000    999.000    999.000
    P4                 0.000      0.000    999.000    999.000
    V2                 0.000      0.000    999.000    999.000
    V3                 0.000      0.000    999.000    999.000
    V4                 0.000      0.000    999.000    999.000

 Variances
    P1                80.756     13.060      6.184      0.000
    V1               163.452     21.755      7.513      0.000
    I_BFAS_OI        183.417     13.779     13.311      0.000
    S_BFAS_OI          0.131      0.110      1.189      0.235
    I_HRZ_IND_       165.822     16.843      9.845      0.000
    S_HRZ_IND_         0.046      0.132      0.351      0.726

 Residual Variances
    ABFAS_OI           0.000      0.000    999.000    999.000
    BBFAS_OI           0.000      0.000    999.000    999.000
    CBFAS_OI           0.000      0.000    999.000    999.000
    DBFAS_OI           0.000      0.000    999.000    999.000
    AHRZ_IND_D         0.000      0.000    999.000    999.000
    BHRZ_IND_D         0.000      0.000    999.000    999.000
    CHRZ_IND_D         0.000      0.000    999.000    999.000
    DHRZ_IND_D         0.000      0.000    999.000    999.000
    P2                62.478      8.213      7.607      0.000
    P3                62.478      8.213      7.607      0.000
    P4                62.478      8.213      7.607      0.000
    V2               151.246     16.019      9.442      0.000
    V3               151.246     16.019      9.442      0.000
    V4               151.246     16.019      9.442      0.000

Group D3

 P1       BY
    ABFAS_OI           1.000      0.000    999.000    999.000

 P2       BY
    BBFAS_OI           1.000      0.000    999.000    999.000

 P3       BY
    CBFAS_OI           1.000      0.000    999.000    999.000

 P4       BY
    DBFAS_OI           1.000      0.000    999.000    999.000

 V1       BY
    AHRZ_IND_D         1.000      0.000    999.000    999.000

 V2       BY
    BHRZ_IND_D         1.000      0.000    999.000    999.000

 V3       BY
    CHRZ_IND_D         1.000      0.000    999.000    999.000

 V4       BY
    DHRZ_IND_D         1.000      0.000    999.000    999.000

 P4         ON
    P3                 0.241      0.104      2.322      0.020
    V3                 0.088      0.048      1.816      0.069

 P3         ON
    P2                 0.241      0.104      2.322      0.020
    V2                 0.088      0.048      1.816      0.069

 P2         ON
    P1                 0.241      0.104      2.322      0.020
    V1                 0.088      0.048      1.816      0.069

 V4         ON
    V3                 0.018      0.110      0.161      0.872
    P3                 0.095      0.147      0.648      0.517

 V3         ON
    V2                 0.018      0.110      0.161      0.872
    P2                 0.095      0.147      0.648      0.517

 V2         ON
    V1                 0.018      0.110      0.161      0.872
    P1                 0.095      0.147      0.648      0.517

 S_BFAS_O WITH
    I_BFAS_OI          0.232      0.635      0.365      0.715
    S_HRZ_IND_        -0.009      0.083     -0.106      0.916
    I_HRZ_IND_         0.295      1.964      0.150      0.881

 I_BFAS_O WITH
    S_HRZ_IND_        -0.625      1.897     -0.329      0.742
    I_HRZ_IND_        32.590     11.233      2.901      0.004

 S_HRZ_IN WITH
    I_HRZ_IND_         0.122      0.736      0.166      0.868

 P1       WITH
    V1                 9.972     10.686      0.933      0.351

 P2       WITH
    V2                 4.403      7.758      0.568      0.570

 P3       WITH
    V3                 4.403      7.758      0.568      0.570

 P4       WITH
    V4                 4.403      7.758      0.568      0.570

 Means
    P1                 0.000      0.000    999.000    999.000
    V1                 0.000      0.000    999.000    999.000
    I_BFAS_OI         75.302      0.516    145.931      0.000
    S_BFAS_OI         -0.068      0.046     -1.492      0.136
    I_HRZ_IND_        73.000      0.526    138.901      0.000
    S_HRZ_IND_        -0.083      0.048     -1.738      0.082

 Intercepts
    ABFAS_OI           0.000      0.000    999.000    999.000
    BBFAS_OI           0.000      0.000    999.000    999.000
    CBFAS_OI           0.000      0.000    999.000    999.000
    DBFAS_OI           0.000      0.000    999.000    999.000
    AHRZ_IND_D         0.000      0.000    999.000    999.000
    BHRZ_IND_D         0.000      0.000    999.000    999.000
    CHRZ_IND_D         0.000      0.000    999.000    999.000
    DHRZ_IND_D         0.000      0.000    999.000    999.000
    P2                 0.000      0.000    999.000    999.000
    P3                 0.000      0.000    999.000    999.000
    P4                 0.000      0.000    999.000    999.000
    V2                 0.000      0.000    999.000    999.000
    V3                 0.000      0.000    999.000    999.000
    V4                 0.000      0.000    999.000    999.000

 Variances
    P1                35.466      9.953      3.564      0.000
    V1               146.538     27.372      5.354      0.000
    I_BFAS_OI        183.417     13.779     13.311      0.000
    S_BFAS_OI          0.131      0.110      1.189      0.235
    I_HRZ_IND_       165.822     16.843      9.845      0.000
    S_HRZ_IND_         0.046      0.132      0.351      0.726

 Residual Variances
    ABFAS_OI           0.000      0.000    999.000    999.000
    BBFAS_OI           0.000      0.000    999.000    999.000
    CBFAS_OI           0.000      0.000    999.000    999.000
    DBFAS_OI           0.000      0.000    999.000    999.000
    AHRZ_IND_D         0.000      0.000    999.000    999.000
    BHRZ_IND_D         0.000      0.000    999.000    999.000
    CHRZ_IND_D         0.000      0.000    999.000    999.000
    DHRZ_IND_D         0.000      0.000    999.000    999.000
    P2                53.467      6.951      7.692      0.000
    P3                53.467      6.951      7.692      0.000
    P4                53.467      6.951      7.692      0.000
    V2               128.226     15.481      8.283      0.000
    V3               128.226     15.481      8.283      0.000
    V4               128.226     15.481      8.283      0.000

Group D4

 P1       BY
    ABFAS_OI           1.000      0.000    999.000    999.000

 P2       BY
    BBFAS_OI           1.000      0.000    999.000    999.000

 P3       BY
    CBFAS_OI           1.000      0.000    999.000    999.000

 P4       BY
    DBFAS_OI           1.000      0.000    999.000    999.000

 V1       BY
    AHRZ_IND_D         1.000      0.000    999.000    999.000

 V2       BY
    BHRZ_IND_D         1.000      0.000    999.000    999.000

 V3       BY
    CHRZ_IND_D         1.000      0.000    999.000    999.000

 V4       BY
    DHRZ_IND_D         1.000      0.000    999.000    999.000

 P4         ON
    P3                 0.195      0.131      1.491      0.136
    V3                -0.070      0.040     -1.749      0.080

 P3         ON
    P2                 0.195      0.131      1.491      0.136
    V2                -0.070      0.040     -1.749      0.080

 P2         ON
    P1                 0.195      0.131      1.491      0.136
    V1                -0.070      0.040     -1.749      0.080

 V4         ON
    V3                 0.020      0.069      0.285      0.776
    P3                -0.208      0.122     -1.705      0.088

 V3         ON
    V2                 0.020      0.069      0.285      0.776
    P2                -0.208      0.122     -1.705      0.088

 V2         ON
    V1                 0.020      0.069      0.285      0.776
    P1                -0.208      0.122     -1.705      0.088

 S_BFAS_O WITH
    I_BFAS_OI          0.232      0.635      0.365      0.715
    S_HRZ_IND_        -0.009      0.083     -0.106      0.916
    I_HRZ_IND_         0.295      1.964      0.150      0.881

 I_BFAS_O WITH
    S_HRZ_IND_        -0.625      1.897     -0.329      0.742
    I_HRZ_IND_        32.590     11.233      2.901      0.004

 S_HRZ_IN WITH
    I_HRZ_IND_         0.122      0.736      0.166      0.868

 P1       WITH
    V1                19.100      9.482      2.014      0.044

 P2       WITH
    V2                 6.550      5.940      1.103      0.270

 P3       WITH
    V3                 6.550      5.940      1.103      0.270

 P4       WITH
    V4                 6.550      5.940      1.103      0.270

 Means
    P1                 0.000      0.000    999.000    999.000
    V1                 0.000      0.000    999.000    999.000
    I_BFAS_OI         75.302      0.516    145.931      0.000
    S_BFAS_OI         -0.068      0.046     -1.492      0.136
    I_HRZ_IND_        73.000      0.526    138.901      0.000
    S_HRZ_IND_        -0.083      0.048     -1.738      0.082

 Intercepts
    ABFAS_OI           0.000      0.000    999.000    999.000
    BBFAS_OI           0.000      0.000    999.000    999.000
    CBFAS_OI           0.000      0.000    999.000    999.000
    DBFAS_OI           0.000      0.000    999.000    999.000
    AHRZ_IND_D         0.000      0.000    999.000    999.000
    BHRZ_IND_D         0.000      0.000    999.000    999.000
    CHRZ_IND_D         0.000      0.000    999.000    999.000
    DHRZ_IND_D         0.000      0.000    999.000    999.000
    P2                 0.000      0.000    999.000    999.000
    P3                 0.000      0.000    999.000    999.000
    P4                 0.000      0.000    999.000    999.000
    V2                 0.000      0.000    999.000    999.000
    V3                 0.000      0.000    999.000    999.000
    V4                 0.000      0.000    999.000    999.000

 Variances
    P1                57.398      9.349      6.139      0.000
    V1               179.234     37.471      4.783      0.000
    I_BFAS_OI        183.417     13.779     13.311      0.000
    S_BFAS_OI          0.131      0.110      1.189      0.235
    I_HRZ_IND_       165.822     16.843      9.845      0.000
    S_HRZ_IND_         0.046      0.132      0.351      0.726

 Residual Variances
    ABFAS_OI           0.000      0.000    999.000    999.000
    BBFAS_OI           0.000      0.000    999.000    999.000
    CBFAS_OI           0.000      0.000    999.000    999.000
    DBFAS_OI           0.000      0.000    999.000    999.000
    AHRZ_IND_D         0.000      0.000    999.000    999.000
    BHRZ_IND_D         0.000      0.000    999.000    999.000
    CHRZ_IND_D         0.000      0.000    999.000    999.000
    DHRZ_IND_D         0.000      0.000    999.000    999.000
    P2                41.994      5.842      7.188      0.000
    P3                41.994      5.842      7.188      0.000
    P4                41.994      5.842      7.188      0.000
    V2               112.860     12.419      9.088      0.000
    V3               112.860     12.419      9.088      0.000
    V4               112.860     12.419      9.088      0.000

Group D5

 P1       BY
    ABFAS_OI           1.000      0.000    999.000    999.000

 P2       BY
    BBFAS_OI           1.000      0.000    999.000    999.000

 P3       BY
    CBFAS_OI           1.000      0.000    999.000    999.000

 P4       BY
    DBFAS_OI           1.000      0.000    999.000    999.000

 V1       BY
    AHRZ_IND_D         1.000      0.000    999.000    999.000

 V2       BY
    BHRZ_IND_D         1.000      0.000    999.000    999.000

 V3       BY
    CHRZ_IND_D         1.000      0.000    999.000    999.000

 V4       BY
    DHRZ_IND_D         1.000      0.000    999.000    999.000

 P4         ON
    P3                -0.067      0.092     -0.730      0.465
    V3                -0.044      0.043     -1.044      0.297

 P3         ON
    P2                -0.067      0.092     -0.730      0.465
    V2                -0.044      0.043     -1.044      0.297

 P2         ON
    P1                -0.067      0.092     -0.730      0.465
    V1                -0.044      0.043     -1.044      0.297

 V4         ON
    V3                 0.058      0.099      0.580      0.562
    P3                -0.080      0.134     -0.600      0.548

 V3         ON
    V2                 0.058      0.099      0.580      0.562
    P2                -0.080      0.134     -0.600      0.548

 V2         ON
    V1                 0.058      0.099      0.580      0.562
    P1                -0.080      0.134     -0.600      0.548

 S_BFAS_O WITH
    I_BFAS_OI          0.232      0.635      0.365      0.715
    S_HRZ_IND_        -0.009      0.083     -0.106      0.916
    I_HRZ_IND_         0.295      1.964      0.150      0.881

 I_BFAS_O WITH
    S_HRZ_IND_        -0.625      1.897     -0.329      0.742
    I_HRZ_IND_        32.590     11.233      2.901      0.004

 S_HRZ_IN WITH
    I_HRZ_IND_         0.122      0.736      0.166      0.868

 P1       WITH
    V1                 8.232     15.707      0.524      0.600

 P2       WITH
    V2                 1.824      4.908      0.372      0.710

 P3       WITH
    V3                 1.824      4.908      0.372      0.710

 P4       WITH
    V4                 1.824      4.908      0.372      0.710

 Means
    P1                 0.000      0.000    999.000    999.000
    V1                 0.000      0.000    999.000    999.000
    I_BFAS_OI         75.302      0.516    145.931      0.000
    S_BFAS_OI         -0.068      0.046     -1.492      0.136
    I_HRZ_IND_        73.000      0.526    138.901      0.000
    S_HRZ_IND_        -0.083      0.048     -1.738      0.082

 Intercepts
    ABFAS_OI           0.000      0.000    999.000    999.000
    BBFAS_OI           0.000      0.000    999.000    999.000
    CBFAS_OI           0.000      0.000    999.000    999.000
    DBFAS_OI           0.000      0.000    999.000    999.000
    AHRZ_IND_D         0.000      0.000    999.000    999.000
    BHRZ_IND_D         0.000      0.000    999.000    999.000
    CHRZ_IND_D         0.000      0.000    999.000    999.000
    DHRZ_IND_D         0.000      0.000    999.000    999.000
    P2                 0.000      0.000    999.000    999.000
    P3                 0.000      0.000    999.000    999.000
    P4                 0.000      0.000    999.000    999.000
    V2                 0.000      0.000    999.000    999.000
    V3                 0.000      0.000    999.000    999.000
    V4                 0.000      0.000    999.000    999.000

 Variances
    P1                49.094     13.129      3.739      0.000
    V1               152.924     39.511      3.870      0.000
    I_BFAS_OI        183.417     13.779     13.311      0.000
    S_BFAS_OI          0.131      0.110      1.189      0.235
    I_HRZ_IND_       165.822     16.843      9.845      0.000
    S_HRZ_IND_         0.046      0.132      0.351      0.726

 Residual Variances
    ABFAS_OI           0.000      0.000    999.000    999.000
    BBFAS_OI           0.000      0.000    999.000    999.000
    CBFAS_OI           0.000      0.000    999.000    999.000
    DBFAS_OI           0.000      0.000    999.000    999.000
    AHRZ_IND_D         0.000      0.000    999.000    999.000
    BHRZ_IND_D         0.000      0.000    999.000    999.000
    CHRZ_IND_D         0.000      0.000    999.000    999.000
    DHRZ_IND_D         0.000      0.000    999.000    999.000
    P2                39.736      7.177      5.537      0.000
    P3                39.736      7.177      5.537      0.000
    P4                39.736      7.177      5.537      0.000
    V2               115.142     18.357      6.272      0.000
    V3               115.142     18.357      6.272      0.000
    V4               115.142     18.357      6.272      0.000


QUALITY OF NUMERICAL RESULTS

     Condition Number for the Information Matrix              0.185E-05
       (ratio of smallest to largest eigenvalue)


     Beginning Time:  17:57:32
        Ending Time:  17:57:48
       Elapsed Time:  00:00:16



MUTHEN & MUTHEN
3463 Stoner Ave.
Los Angeles, CA  90066

Tel: (310) 391-9971
Fax: (310) 391-8971
Web: www.StatModel.com
Support: Support@StatModel.com

Copyright (c) 1998-2017 Muthen & Muthen
