Mplus VERSION 8 (Linux)
MUTHEN & MUTHEN
07/08/2018   6:18 PM

INPUT INSTRUCTIONS


  title: PxVx Bivariate LCM-SR - decadegroup - Linear bfi_e with Linear vrt_col_d;
  data: file = /home/jflournoy/code_new/lnt_pxvx/Data/lnt_nat_recalc.tsv;

  variable:
  names =
  subjid
  aage
  aaspfin
  aaspfin_d
  abfa_mt
  abfa_mt_d
  abfas_ac
  abfas_ap
  abfas_ci
  abfas_co
  abfas_ea
  abfas_ee
  abfas_nv
  abfas_nv9
  abfas_nw
  abfas_oi
  abfas_oo
  abfi_a
  abfi_a6
  abfi_c
  abfi_d_scale
  abfi_e
  abfi_hp8
  abfi_n
  abfi_o
  abfi_s_scale
  ahrz_col
  ahrz_col_d
  ahrz_ind
  ahrz_ind_d
  amvi
  ausi
  ausi_d
  avrt_col
  avrt_col_d
  avrt_ind
  avrt_ind_d
  bage
  baspfin
  baspfin_d
  bbfa_mt
  bbfa_mt_d
  bbfas_ac
  bbfas_ap
  bbfas_ci
  bbfas_co
  bbfas_ea
  bbfas_ee
  bbfas_nv
  bbfas_nv9
  bbfas_nw
  bbfas_oi
  bbfas_oo
  bbfi_a
  bbfi_a6
  bbfi_c
  bbfi_d_scale
  bbfi_e
  bbfi_hp8
  bbfi_n
  bbfi_o
  bbfi_s_scale
  bhrz_col
  bhrz_col_d
  bhrz_ind
  bhrz_ind_d
  bmvi
  busi
  busi_d
  bvrt_col
  bvrt_col_d
  bvrt_ind
  bvrt_ind_d
  cage
  caspfin
  caspfin_d
  cbfa_mt
  cbfa_mt_d
  cbfas_ac
  cbfas_ap
  cbfas_ci
  cbfas_co
  cbfas_ea
  cbfas_ee
  cbfas_nv
  cbfas_nv9
  cbfas_nw
  cbfas_oi
  cbfas_oo
  cbfi_a
  cbfi_a6
  cbfi_c
  cbfi_d_scale
  cbfi_e
  cbfi_hp8
  cbfi_n
  cbfi_o
  cbfi_s_scale
  chrz_col
  chrz_col_d
  chrz_ind
  chrz_ind_d
  cmvi
  cusi
  cusi_d
  cvrt_col
  cvrt_col_d
  cvrt_ind
  cvrt_ind_d
  dage
  daspfin
  daspfin_d
  dbfa_mt
  dbfa_mt_d
  dbfas_ac
  dbfas_ap
  dbfas_ci
  dbfas_co
  dbfas_ea
  dbfas_ee
  dbfas_nv
  dbfas_nv9
  dbfas_nw
  dbfas_oi
  dbfas_oo
  dbfi_a
  dbfi_a6
  dbfi_c
  dbfi_d_scale
  dbfi_e
  dbfi_hp8
  dbfi_n
  dbfi_o
  dbfi_s_scale
  dhrz_col
  dhrz_col_d
  dhrz_ind
  dhrz_ind_d
  dmvi
  dusi
  dusi_d
  dvrt_col
  dvrt_col_d
  dvrt_ind
  dvrt_ind_d;

  USEVARIABLES =
  abfi_e
  bbfi_e
  cbfi_e
  dbfi_e
  avrt_col_d
  bvrt_col_d
  cvrt_col_d
  dvrt_col_d
  a1
  a2
  a3
  a4
  aagegrp
  ;

  missing = all (-9999);

  tscores = a1 a2 a3 a4;

  grouping = aagegrp (0=d2, 1=d3, 2=d4, 3=d5);

  DEFINE:

  aagegrp = aage;

  cut aagegrp (29 39 49);

  a1 = aage + 0 - 36;
  a2 = aage + 1 - 36;
  a3 = aage + 2 - 36;
  a4 = aage + 3 - 36;

  ANALYSIS:
  TYPE=RANDOM;
  PROCESSORS = 6;
  model=nocovariances; ! supresses default estimation of certain covs in model;

  MODEL:

  i_bfi_e s_bfi_e | abfi_e bbfi_e cbfi_e dbfi_e AT a1 a2 a3 a4;
  i_vrt_col_d s_vrt_col_d | avrt_col_d bvrt_col_d cvrt_col_d dvrt_col_d AT a1 a2 a3 a4;

  ! freeing factor covs because of "nocovariances"
  ! But ensure they are constrained across groups
  s_bfi_e WITH i_bfi_e (p)
  s_vrt_col_d (q)
  i_vrt_col_d (r);
  i_bfi_e WITH s_vrt_col_d (s)
  i_vrt_col_d (t);
  s_vrt_col_d WITH i_vrt_col_d (u);

  !constrain latent growth means across groups
  [i_bfi_e] (v);
  [s_bfi_e] (w);
  [i_vrt_col_d] (x);
  [s_vrt_col_d] (y);

  !constrain latent growth variances across groups
  i_bfi_e (l);
  s_bfi_e (m);
  i_vrt_col_d (n);
  s_vrt_col_d (o);

  p1 BY abfi_e@1; ! Residual "factors";
  p2 BY bbfi_e@1;
  p3 BY cbfi_e@1;
  p4 BY dbfi_e@1;

  v1 BY avrt_col_d@1; ! Residual "factors";
  v2 BY bvrt_col_d@1;
  v3 BY cvrt_col_d@1;
  v4 BY dvrt_col_d@1;

  !residual variances on observed/manifest vars set to 0
  abfi_e@0;
  bbfi_e@0;
  cbfi_e@0;
  dbfi_e@0;

  !residual variances on observed/manifest vars set to 0
  avrt_col_d@0;
  bvrt_col_d@0;
  cvrt_col_d@0;
  dvrt_col_d@0;

  ! means of observed/manifest vars set to 0
  [abfi_e@0];
  [bbfi_e@0];
  [cbfi_e@0];
  [dbfi_e@0];

  ! means of observed/manifest vars set to 0
  [avrt_col_d@0];
  [bvrt_col_d@0];
  [cvrt_col_d@0];
  [dvrt_col_d@0];

  [p1@0]; ! means of residual "factors" set to 0
  [p2@0];
  [p3@0];
  [p4@0];

  [v1@0]; ! means of residual "factors" set to 0
  [v2@0];
  [v3@0];
  [v4@0];

  p4 on p3 (a); ! Autoregressive paths constrained to equality
  p3 on p2 (a);
  p2 on p1 (a);

  v4 on v3 (b); ! Autoregressive paths constrained to equality
  v3 on v2 (b);
  v2 on v1 (b);

  p4 on v3 (c); ! Cross-lagged paths constrained to equality
  p3 on v2 (c);
  p2 on v1 (c);

  v4 on p3 (d); ! Cross-lagged paths constrained to equality
  v3 on p2 (d);
  v2 on p1 (d);

  p1 with v1; !(this one is not like the others)

  p2 with v2 (e); ! Within-wave correlations constrained to equality
  p3 with v3 (e);
  p4 with v4 (e);

  p2 p3 p4 (f); ! estimate variances of residual "factors"
  v2 v3 v4 (g); ! estimate variances of residual "factors"

  MODEL d2:

  p4 on p3 (a2); ! Autoregressive paths constrained to equality
  p3 on p2 (a2);
  p2 on p1 (a2);

  v4 on v3 (b2); ! Autoregressive paths constrained to equality
  v3 on v2 (b2);
  v2 on v1 (b2);

  p4 on v3 (c2); ! Cross-lagged paths constrained to equality
  p3 on v2 (c2);
  p2 on v1 (c2);

  v4 on p3 (d2); ! Cross-lagged paths constrained to equality
  v3 on p2 (d2);
  v2 on p1 (d2);

  p1 with v1; !(this one is not like the others)

  p2 with v2 (e2); ! Within-wave correlations constrained to equality
  p3 with v3 (e2);
  p4 with v4 (e2);

  p2 p3 p4 (f2); ! estimate variances of residual "factors"
  v2 v3 v4 (g2); ! estimate variances of residual "factors"

  MODEL d3:

  p4 on p3 (a3); ! Autoregressive paths constrained to equality
  p3 on p2 (a3);
  p2 on p1 (a3);

  v4 on v3 (b3); ! Autoregressive paths constrained to equality
  v3 on v2 (b3);
  v2 on v1 (b3);

  p4 on v3 (c3); ! Cross-lagged paths constrained to equality
  p3 on v2 (c3);
  p2 on v1 (c3);

  v4 on p3 (d3); ! Cross-lagged paths constrained to equality
  v3 on p2 (d3);
  v2 on p1 (d3);

  p1 with v1; !(this one is not like the others)

  p2 with v2 (e3); ! Within-wave correlations constrained to equality
  p3 with v3 (e3);
  p4 with v4 (e3);

  p2 p3 p4 (f3); ! estimate variances of residual "factors"
  v2 v3 v4 (g3); ! estimate variances of residual "factors"

  MODEL d4:

  p4 on p3 (a4); ! Autoregressive paths constrained to equality
  p3 on p2 (a4);
  p2 on p1 (a4);

  v4 on v3 (b4); ! Autoregressive paths constrained to equality
  v3 on v2 (b4);
  v2 on v1 (b4);

  p4 on v3 (c4); ! Cross-lagged paths constrained to equality
  p3 on v2 (c4);
  p2 on v1 (c4);

  v4 on p3 (d4); ! Cross-lagged paths constrained to equality
  v3 on p2 (d4);
  v2 on p1 (d4);

  p1 with v1; !(this one is not like the others)

  p2 with v2 (e4); ! Within-wave correlations constrained to equality
  p3 with v3 (e4);
  p4 with v4 (e4);

  p2 p3 p4 (f4); ! estimate variances of residual "factors"
  v2 v3 v4 (g4); ! estimate variances of residual "factors"

  MODEL d5:

  p4 on p3 (a5); ! Autoregressive paths constrained to equality
  p3 on p2 (a5);
  p2 on p1 (a5);

  v4 on v3 (b5); ! Autoregressive paths constrained to equality
  v3 on v2 (b5);
  v2 on v1 (b5);

  p4 on v3 (c5); ! Cross-lagged paths constrained to equality
  p3 on v2 (c5);
  p2 on v1 (c5);

  v4 on p3 (d5); ! Cross-lagged paths constrained to equality
  v3 on p2 (d5);
  v2 on p1 (d5);

  p1 with v1; !(this one is not like the others)

  p2 with v2 (e5); ! Within-wave correlations constrained to equality
  p3 with v3 (e5);
  p4 with v4 (e5);

  p2 p3 p4 (f5); ! estimate variances of residual "factors"
  v2 v3 v4 (g5); ! estimate variances of residual "factors"

  OUTPUT: SAMPSTAT PATTERNS;



*** WARNING in VARIABLE command
  Note that only the first 8 characters of variable names are used in the output.
  Shorten variable names to avoid any confusion.
*** WARNING
  Data set contains unknown or missing values for GROUPING,
  PATTERN, COHORT, CLUSTER and/or STRATIFICATION variables.
  Number of cases with unknown or missing values:  5
   2 WARNING(S) FOUND IN THE INPUT INSTRUCTIONS



PxVx Bivariate LCM-SR - decadegroup - Linear bfi_e with Linear vrt_col_d;

SUMMARY OF ANALYSIS

Number of groups                                                 4
Number of observations
   Group D2                                                    301
   Group D3                                                    233
   Group D4                                                    198
   Group D5                                                    132
   Total sample size                                           864

Number of dependent variables                                    8
Number of independent variables                                  0
Number of continuous latent variables                           12

Observed dependent variables

  Continuous
   ABFI_E      BBFI_E      CBFI_E      DBFI_E      AVRT_COL_D  BVRT_COL_D
   CVRT_COL_D  DVRT_COL_D

Continuous latent variables
   P1          P2          P3          P4          V1          V2
   V3          V4          I_BFI_E     S_BFI_E     I_VRT_CO    S_VRT_CO

Variables with special functions

  Grouping variable     AAGEGRP

  Time scores
   A1          A2          A3          A4


Estimator                                                      MLR
Information matrix                                        OBSERVED
Maximum number of iterations                                   100
Convergence criterion                                    0.100D-05
Maximum number of EM iterations                                500
Convergence criteria for the EM algorithm
  Loglikelihood change                                   0.100D-02
  Relative loglikelihood change                          0.100D-05
  Derivative                                             0.100D-03
Minimum variance                                         0.100D-03
Maximum number of steepest descent iterations                   20
Maximum number of iterations for H1                           2000
Convergence criterion for H1                             0.100D-03
Optimization algorithm                                         EMA

Input data file(s)
  /home/jflournoy/code_new/lnt_pxvx/Data/lnt_nat_recalc.tsv
Input data format  FREE


SUMMARY OF DATA

   Group D2
     Number of missing data patterns            14

   Group D3
     Number of missing data patterns            11

   Group D4
     Number of missing data patterns            15

   Group D5
     Number of missing data patterns             9


SUMMARY OF MISSING DATA PATTERNS


     MISSING DATA PATTERNS (x = not missing) FOR D2

           1  2  3  4  5  6  7  8  9 10 11 12 13 14
 ABFI_E    x  x  x  x  x  x  x  x  x  x  x  x  x  x
 BBFI_E    x     x  x  x  x           x  x  x     x
 CBFI_E    x        x     x     x  x  x  x  x  x
 DBFI_E    x     x  x        x     x     x     x
 AVRT_COL  x  x  x  x  x  x  x  x  x  x  x  x  x  x
 BVRT_COL  x     x  x  x  x           x     x
 CVRT_COL  x              x     x  x     x  x  x
 DVRT_COL  x     x  x        x     x     x  x


     MISSING DATA PATTERN FREQUENCIES FOR D2

    Pattern   Frequency     Pattern   Frequency     Pattern   Frequency
          1         187           6          13          11           2
          2          57           7          11          12           1
          3           6           8           4          13           1
          4           1           9           5          14           1
          5          11          10           1


     MISSING DATA PATTERNS (x = not missing) FOR D3

           1  2  3  4  5  6  7  8  9 10 11
 ABFI_E    x  x  x  x  x  x  x  x  x  x  x
 BBFI_E    x     x  x  x           x  x
 CBFI_E    x           x     x  x     x
 DBFI_E    x     x        x     x     x  x
 AVRT_COL  x  x  x  x  x  x  x  x  x  x  x
 BVRT_COL  x     x  x  x              x
 CVRT_COL  x           x     x  x     x
 DVRT_COL  x     x        x     x


     MISSING DATA PATTERN FREQUENCIES FOR D3

    Pattern   Frequency     Pattern   Frequency     Pattern   Frequency
          1         140           5           6           9           1
          2          43           6           3          10           1
          3           8           7           7          11           2
          4          15           8           7


     MISSING DATA PATTERNS (x = not missing) FOR D4

           1  2  3  4  5  6  7  8  9 10 11 12 13 14 15
 ABFI_E    x  x  x  x  x  x  x  x  x  x  x  x  x  x  x
 BBFI_E    x     x  x  x  x           x     x     x
 CBFI_E    x        x     x     x  x  x  x           x
 DBFI_E    x     x  x        x     x  x  x        x
 AVRT_COL  x  x  x  x  x  x  x  x  x  x  x  x     x  x
 BVRT_COL  x     x  x  x  x
 CVRT_COL  x              x     x  x  x  x
 DVRT_COL  x     x  x        x     x  x           x


     MISSING DATA PATTERN FREQUENCIES FOR D4

    Pattern   Frequency     Pattern   Frequency     Pattern   Frequency
          1         104           6          15          11           1
          2          39           7           4          12           2
          3           7           8           4          13           1
          4           1           9           5          14           1
          5          12          10           1          15           1


     MISSING DATA PATTERNS (x = not missing) FOR D5

           1  2  3  4  5  6  7  8  9
 ABFI_E    x  x  x  x  x  x  x  x
 BBFI_E    x     x  x  x
 CBFI_E    x           x     x  x
 DBFI_E    x     x        x     x  x
 AVRT_COL  x  x  x  x  x  x  x  x  x
 BVRT_COL  x     x  x  x
 CVRT_COL  x           x     x  x
 DVRT_COL  x     x        x     x  x


     MISSING DATA PATTERN FREQUENCIES FOR D5

    Pattern   Frequency     Pattern   Frequency     Pattern   Frequency
          1          61           4          10           7           6
          2          29           5          11           8           4
          3           5           6           5           9           1


COVARIANCE COVERAGE OF DATA

Minimum covariance coverage value   0.100


     PROPORTION OF DATA PRESENT FOR D2


           Covariance Coverage
              ABFI_E        BBFI_E        CBFI_E        DBFI_E        AVRT_COL
              ________      ________      ________      ________      ________
 ABFI_E         1.000
 BBFI_E         0.741         0.741
 CBFI_E         0.714         0.681         0.714
 DBFI_E         0.708         0.651         0.651         0.708
 AVRT_COL       1.000         0.741         0.714         0.708         1.000
 BVRT_COL       0.731         0.731         0.674         0.645         0.731
 CVRT_COL       0.708         0.674         0.708         0.648         0.708
 DVRT_COL       0.708         0.654         0.651         0.704         0.708


           Covariance Coverage
              BVRT_COL      CVRT_COL      DVRT_COL
              ________      ________      ________
 BVRT_COL       0.731
 CVRT_COL       0.668         0.708
 DVRT_COL       0.648         0.648         0.708


     PROPORTION OF DATA PRESENT FOR D3


           Covariance Coverage
              ABFI_E        BBFI_E        CBFI_E        DBFI_E        AVRT_COL
              ________      ________      ________      ________      ________
 ABFI_E         1.000
 BBFI_E         0.751         0.751
 CBFI_E         0.725         0.691         0.725
 DBFI_E         0.742         0.708         0.678         0.742
 AVRT_COL       1.000         0.751         0.725         0.742         1.000
 BVRT_COL       0.742         0.742         0.682         0.700         0.742
 CVRT_COL       0.657         0.622         0.657         0.614         0.657
 DVRT_COL       0.742         0.708         0.678         0.742         0.742


           Covariance Coverage
              BVRT_COL      CVRT_COL      DVRT_COL
              ________      ________      ________
 BVRT_COL       0.742
 CVRT_COL       0.614         0.657
 DVRT_COL       0.700         0.614         0.742


     PROPORTION OF DATA PRESENT FOR D4


           Covariance Coverage
              ABFI_E        BBFI_E        CBFI_E        DBFI_E        AVRT_COL
              ________      ________      ________      ________      ________
 ABFI_E         1.000
 BBFI_E         0.732         0.732
 CBFI_E         0.682         0.631         0.682
 DBFI_E         0.626         0.576         0.571         0.626
 AVRT_COL       1.000         0.732         0.682         0.626         1.000
 BVRT_COL       0.722         0.722         0.626         0.571         0.722
 CVRT_COL       0.672         0.621         0.672         0.566         0.672
 DVRT_COL       0.626         0.581         0.571         0.616         0.626


           Covariance Coverage
              BVRT_COL      CVRT_COL      DVRT_COL
              ________      ________      ________
 BVRT_COL       0.722
 CVRT_COL       0.616         0.672
 DVRT_COL       0.576         0.566         0.626


     PROPORTION OF DATA PRESENT FOR D5


           Covariance Coverage
              ABFI_E        BBFI_E        CBFI_E        DBFI_E        AVRT_COL
              ________      ________      ________      ________      ________
 ABFI_E         1.000
 BBFI_E         0.697         0.697
 CBFI_E         0.614         0.576         0.614
 DBFI_E         0.629         0.576         0.545         0.629
 AVRT_COL       1.000         0.697         0.614         0.629         1.000
 BVRT_COL       0.697         0.697         0.576         0.576         0.697
 CVRT_COL       0.538         0.500         0.538         0.470         0.538
 DVRT_COL       0.629         0.576         0.545         0.629         0.629


           Covariance Coverage
              BVRT_COL      CVRT_COL      DVRT_COL
              ________      ________      ________
 BVRT_COL       0.697
 CVRT_COL       0.500         0.538
 DVRT_COL       0.576         0.470         0.629


SAMPLE STATISTICS


     ESTIMATED SAMPLE STATISTICS FOR D2


           Means
              ABFI_E        BBFI_E        CBFI_E        DBFI_E        AVRT_COL
              ________      ________      ________      ________      ________
               52.213        51.763        50.240        50.695        64.729


           Means
              BVRT_COL      CVRT_COL      DVRT_COL
              ________      ________      ________
               62.248        62.457        60.991


           Covariances
              ABFI_E        BBFI_E        CBFI_E        DBFI_E        AVRT_COL
              ________      ________      ________      ________      ________
 ABFI_E       536.907
 BBFI_E       460.989       513.086
 CBFI_E       442.379       447.622       495.719
 DBFI_E       423.285       425.145       431.718       496.231
 AVRT_COL      57.824        50.015        64.409        63.945       370.460
 BVRT_COL      21.949        27.751        42.240        42.669       263.099
 CVRT_COL      44.701        31.108        40.197        50.513       228.643
 DVRT_COL      57.520        65.831        57.759        74.454       260.585


           Covariances
              BVRT_COL      CVRT_COL      DVRT_COL
              ________      ________      ________
 BVRT_COL     428.255
 CVRT_COL     269.710       437.388
 DVRT_COL     302.085       289.681       458.221


           Correlations
              ABFI_E        BBFI_E        CBFI_E        DBFI_E        AVRT_COL
              ________      ________      ________      ________      ________
 ABFI_E         1.000
 BBFI_E         0.878         1.000
 CBFI_E         0.857         0.888         1.000
 DBFI_E         0.820         0.843         0.870         1.000
 AVRT_COL       0.130         0.115         0.150         0.149         1.000
 BVRT_COL       0.046         0.059         0.092         0.093         0.661
 CVRT_COL       0.092         0.066         0.086         0.108         0.568
 DVRT_COL       0.116         0.136         0.121         0.156         0.632


           Correlations
              BVRT_COL      CVRT_COL      DVRT_COL
              ________      ________      ________
 BVRT_COL       1.000
 CVRT_COL       0.623         1.000
 DVRT_COL       0.682         0.647         1.000


     ESTIMATED SAMPLE STATISTICS FOR D3


           Means
              ABFI_E        BBFI_E        CBFI_E        DBFI_E        AVRT_COL
              ________      ________      ________      ________      ________
               55.206        55.597        55.349        54.111        68.526


           Means
              BVRT_COL      CVRT_COL      DVRT_COL
              ________      ________      ________
               67.309        65.323        66.135


           Covariances
              ABFI_E        BBFI_E        CBFI_E        DBFI_E        AVRT_COL
              ________      ________      ________      ________      ________
 ABFI_E       482.263
 BBFI_E       399.210       442.181
 CBFI_E       392.459       377.436       438.421
 DBFI_E       383.458       361.779       382.275       426.154
 AVRT_COL      61.953        28.508        41.813        34.576       410.972
 BVRT_COL      39.685        -5.531        14.882         0.953       266.174
 CVRT_COL      42.114         5.097        10.433         1.809       277.851
 DVRT_COL      28.728        11.392        -6.619       -12.927       283.506


           Covariances
              BVRT_COL      CVRT_COL      DVRT_COL
              ________      ________      ________
 BVRT_COL     391.317
 CVRT_COL     289.211       473.835
 DVRT_COL     262.289       338.521       418.052


           Correlations
              ABFI_E        BBFI_E        CBFI_E        DBFI_E        AVRT_COL
              ________      ________      ________      ________      ________
 ABFI_E         1.000
 BBFI_E         0.864         1.000
 CBFI_E         0.854         0.857         1.000
 DBFI_E         0.846         0.833         0.884         1.000
 AVRT_COL       0.139         0.067         0.099         0.083         1.000
 BVRT_COL       0.091        -0.013         0.036         0.002         0.664
 CVRT_COL       0.088         0.011         0.023         0.004         0.630
 DVRT_COL       0.064         0.026        -0.015        -0.031         0.684


           Correlations
              BVRT_COL      CVRT_COL      DVRT_COL
              ________      ________      ________
 BVRT_COL       1.000
 CVRT_COL       0.672         1.000
 DVRT_COL       0.648         0.761         1.000


     ESTIMATED SAMPLE STATISTICS FOR D4


           Means
              ABFI_E        BBFI_E        CBFI_E        DBFI_E        AVRT_COL
              ________      ________      ________      ________      ________
               55.488        55.221        55.597        55.849        68.247


           Means
              BVRT_COL      CVRT_COL      DVRT_COL
              ________      ________      ________
               69.411        65.751        66.168


           Covariances
              ABFI_E        BBFI_E        CBFI_E        DBFI_E        AVRT_COL
              ________      ________      ________      ________      ________
 ABFI_E       444.473
 BBFI_E       392.073       452.865
 CBFI_E       388.811       389.631       438.772
 DBFI_E       390.546       387.934       402.613       471.518
 AVRT_COL      54.344        58.135        58.588        46.090       362.393
 BVRT_COL      64.186        70.930        61.945        58.412       272.936
 CVRT_COL      99.846        84.524        99.558        98.633       258.407
 DVRT_COL      62.316        83.134        81.021        81.693       257.009


           Covariances
              BVRT_COL      CVRT_COL      DVRT_COL
              ________      ________      ________
 BVRT_COL     359.731
 CVRT_COL     287.447       420.422
 DVRT_COL     292.072       308.550       389.728


           Correlations
              ABFI_E        BBFI_E        CBFI_E        DBFI_E        AVRT_COL
              ________      ________      ________      ________      ________
 ABFI_E         1.000
 BBFI_E         0.874         1.000
 CBFI_E         0.880         0.874         1.000
 DBFI_E         0.853         0.840         0.885         1.000
 AVRT_COL       0.135         0.144         0.147         0.111         1.000
 BVRT_COL       0.161         0.176         0.156         0.142         0.756
 CVRT_COL       0.231         0.194         0.232         0.222         0.662
 DVRT_COL       0.150         0.198         0.196         0.191         0.684


           Correlations
              BVRT_COL      CVRT_COL      DVRT_COL
              ________      ________      ________
 BVRT_COL       1.000
 CVRT_COL       0.739         1.000
 DVRT_COL       0.780         0.762         1.000


     ESTIMATED SAMPLE STATISTICS FOR D5


           Means
              ABFI_E        BBFI_E        CBFI_E        DBFI_E        AVRT_COL
              ________      ________      ________      ________      ________
               59.635        57.913        59.688        57.814        70.423


           Means
              BVRT_COL      CVRT_COL      DVRT_COL
              ________      ________      ________
               69.876        66.576        67.602


           Covariances
              ABFI_E        BBFI_E        CBFI_E        DBFI_E        AVRT_COL
              ________      ________      ________      ________      ________
 ABFI_E       444.577
 BBFI_E       381.581       454.640
 CBFI_E       392.792       395.782       446.318
 DBFI_E       397.257       399.812       426.181       509.325
 AVRT_COL     -66.928       -34.030       -57.722       -53.123       454.772
 BVRT_COL    -112.498       -92.067      -120.740      -142.872       295.889
 CVRT_COL     -85.982       -80.501       -99.306      -106.839       318.160
 DVRT_COL    -146.536      -123.228      -138.203      -141.836       335.423


           Covariances
              BVRT_COL      CVRT_COL      DVRT_COL
              ________      ________      ________
 BVRT_COL     427.146
 CVRT_COL     303.983       434.798
 DVRT_COL     339.931       341.577       431.460


           Correlations
              ABFI_E        BBFI_E        CBFI_E        DBFI_E        AVRT_COL
              ________      ________      ________      ________      ________
 ABFI_E         1.000
 BBFI_E         0.849         1.000
 CBFI_E         0.882         0.879         1.000
 DBFI_E         0.835         0.831         0.894         1.000
 AVRT_COL      -0.149        -0.075        -0.128        -0.110         1.000
 BVRT_COL      -0.258        -0.209        -0.277        -0.306         0.671
 CVRT_COL      -0.196        -0.181        -0.225        -0.227         0.715
 DVRT_COL      -0.335        -0.278        -0.315        -0.303         0.757


           Correlations
              BVRT_COL      CVRT_COL      DVRT_COL
              ________      ________      ________
 BVRT_COL       1.000
 CVRT_COL       0.705         1.000
 DVRT_COL       0.792         0.789         1.000


     MAXIMUM LOG-LIKELIHOOD VALUE FOR THE UNRESTRICTED (H1) MODEL IS -21476.381


UNIVARIATE SAMPLE STATISTICS


     UNIVARIATE HIGHER-ORDER MOMENT DESCRIPTIVE STATISTICS FOR D2

         Variable/         Mean/     Skewness/   Minimum/ % with                Percentiles
        Sample Size      Variance    Kurtosis    Maximum  Min/Max      20%/60%    40%/80%    Median

     ABFI_E               52.213      -0.127       3.125    1.33%      31.250     46.875     53.125
             301.000     536.907      -0.769     100.000    0.33%      59.375     71.875
     BBFI_E               51.007       0.048       3.125    0.90%      31.250     46.875     50.000
             223.000     509.652      -0.613     100.000    0.45%      56.250     68.750
     CBFI_E               49.826       0.034       3.125    1.86%      28.125     43.750     50.000
             215.000     514.959      -0.650     100.000    1.40%      56.250     68.750
     DBFI_E               49.937       0.038       0.000    0.47%      31.250     43.750     50.000
             213.000     510.157      -0.475     100.000    1.88%      56.250     68.750
     AVRT_COL_D           64.729      -0.395       8.333    0.66%      50.000     58.333     66.667
             301.000     370.460      -0.022     100.000    4.65%      75.000     83.333
     BVRT_COL_D           61.761      -0.215       8.333    0.45%      41.667     58.333     58.333
             220.000     424.249      -0.614     100.000    4.09%      66.667     83.333
     CVRT_COL_D           61.894      -0.349       8.333    0.94%      41.667     58.333     66.667
             213.000     440.833      -0.434     100.000    3.76%      66.667     83.333
     DVRT_COL_D           60.876      -0.257       8.333    0.47%      41.667     58.333     66.667
             213.000     462.691      -0.782     100.000    2.82%      66.667     83.333


     UNIVARIATE HIGHER-ORDER MOMENT DESCRIPTIVE STATISTICS FOR D3

         Variable/         Mean/     Skewness/   Minimum/ % with                Percentiles
        Sample Size      Variance    Kurtosis    Maximum  Min/Max      20%/60%    40%/80%    Median

     ABFI_E               55.206      -0.059       0.000    0.86%      35.714     50.000     56.250
             233.000     482.263      -0.440     100.000    0.86%      59.375     75.000
     BBFI_E               55.861      -0.236       0.000    1.17%      40.625     50.000     56.250
             171.000     434.109      -0.041     100.000    1.75%      62.500     75.000
     CBFI_E               54.503      -0.045       0.000    0.62%      37.500     50.000     53.125
             161.000     432.459      -0.140     100.000    1.24%      59.375     71.875
     DBFI_E               54.445      -0.200       0.000    0.62%      37.500     50.000     56.250
             161.000     437.650      -0.455     100.000    0.62%      62.500     71.875
     AVRT_COL_D           68.526      -0.469      16.667    1.29%      50.000     66.667     66.667
             233.000     410.972      -0.406     100.000    7.30%      75.000     87.500
     BVRT_COL_D           66.716      -0.333      16.667    2.35%      50.000     58.333     66.667
             170.000     400.733      -0.242     100.000    7.65%      75.000     83.333
     CVRT_COL_D           64.674      -0.672       0.000    0.62%      50.000     58.333     66.667
             161.000     474.915       0.262     100.000    5.59%      75.000     83.333
     DVRT_COL_D           65.295      -0.687       0.000    0.63%      50.000     66.667     66.667
             158.000     437.641       0.430     100.000    6.33%      75.000     83.333


     UNIVARIATE HIGHER-ORDER MOMENT DESCRIPTIVE STATISTICS FOR D4

         Variable/         Mean/     Skewness/   Minimum/ % with                Percentiles
        Sample Size      Variance    Kurtosis    Maximum  Min/Max      20%/60%    40%/80%    Median

     ABFI_E               55.488      -0.129       3.125    0.51%      34.375     50.000     56.250
             198.000     444.473      -0.655     100.000    1.01%      62.500     75.000
     BBFI_E               53.837      -0.055       9.375    1.40%      31.250     46.875     53.125
             143.000     468.653      -0.978      96.875    0.70%      59.375     78.125
     CBFI_E               55.229      -0.167       3.125    0.76%      34.375     50.000     56.250
             132.000     460.426      -0.738     100.000    0.76%      62.500     75.000
     DBFI_E               56.905      -0.105       0.000    0.81%      37.500     53.125     56.250
             124.000     475.409      -0.790      96.875    1.61%      65.625     78.125
     AVRT_COL_D           68.253      -0.371       8.333    0.51%      50.000     66.667     75.000
             197.000     362.420      -0.416     100.000    5.58%      75.000     83.333
     BVRT_COL_D           67.806      -0.167      25.000    1.44%      50.000     58.333     66.667
             139.000     380.647      -0.975     100.000    5.76%      75.000     87.500
     CVRT_COL_D           64.936      -0.327       0.000    0.77%      50.000     58.333     66.667
             130.000     439.846      -0.261     100.000    6.92%      66.667     83.333
     DVRT_COL_D           64.905      -0.365       0.000    0.81%      50.000     58.333     66.667
             123.000     423.726      -0.127     100.000    6.50%      75.000     83.333


     UNIVARIATE HIGHER-ORDER MOMENT DESCRIPTIVE STATISTICS FOR D5

         Variable/         Mean/     Skewness/   Minimum/ % with                Percentiles
        Sample Size      Variance    Kurtosis    Maximum  Min/Max      20%/60%    40%/80%    Median

     ABFI_E               59.651      -0.159      12.500    0.76%      37.500     56.250     59.375
             131.000     446.935      -0.595     100.000    2.29%      65.625     78.125
     BBFI_E               54.995      -0.174       6.250    1.15%      35.714     50.000     56.250
              87.000     470.501      -0.611     100.000    1.15%      59.375     75.000
     CBFI_E               57.927      -0.280       9.375    1.22%      37.500     53.125     59.375
              82.000     479.515      -0.454     100.000    2.44%      65.625     75.000
     DBFI_E               55.463      -0.034       3.125    1.32%      31.250     50.000     56.250
              76.000     553.435      -0.671     100.000    2.63%      62.500     75.000
     AVRT_COL_D           70.423      -0.656       8.333    0.76%      50.000     66.667     75.000
             132.000     454.772      -0.147     100.000   10.61%      75.000     91.667
     BVRT_COL_D           72.318      -0.634       8.333    1.15%      58.333     66.667     75.000
              87.000     366.370       0.352     100.000   10.34%      75.000     91.667
     CVRT_COL_D           67.581      -0.640       8.333    2.44%      50.000     66.667     66.667
              82.000     411.596       0.284     100.000    6.10%      75.000     83.333
     DVRT_COL_D           69.298      -0.768       0.000    1.32%      50.000     66.667     75.000
              76.000     378.674       0.869     100.000    6.58%      75.000     83.333


THE MODEL ESTIMATION TERMINATED NORMALLY



MODEL FIT INFORMATION

Number of Free Parameters                       54

Loglikelihood

          H0 Value                      -21559.919
          H0 Scaling Correction Factor      1.2149
            for MLR

Information Criteria

          Akaike (AIC)                   43227.838
          Bayesian (BIC)                 43484.963
          Sample-Size Adjusted BIC       43313.473
            (n* = (n + 2) / 24)



MODEL RESULTS

                                                    Two-Tailed
                    Estimate       S.E.  Est./S.E.    P-Value

Group D2

 P1       BY
    ABFI_E             1.000      0.000    999.000    999.000

 P2       BY
    BBFI_E             1.000      0.000    999.000    999.000

 P3       BY
    CBFI_E             1.000      0.000    999.000    999.000

 P4       BY
    DBFI_E             1.000      0.000    999.000    999.000

 V1       BY
    AVRT_COL_D         1.000      0.000    999.000    999.000

 V2       BY
    BVRT_COL_D         1.000      0.000    999.000    999.000

 V3       BY
    CVRT_COL_D         1.000      0.000    999.000    999.000

 V4       BY
    DVRT_COL_D         1.000      0.000    999.000    999.000

 P4         ON
    P3                 0.281      0.121      2.330      0.020
    V3                -0.010      0.057     -0.174      0.862

 P3         ON
    P2                 0.281      0.121      2.330      0.020
    V2                -0.010      0.057     -0.174      0.862

 P2         ON
    P1                 0.281      0.121      2.330      0.020
    V1                -0.010      0.057     -0.174      0.862

 V4         ON
    V3                 0.102      0.082      1.244      0.214
    P3                -0.181      0.116     -1.556      0.120

 V3         ON
    V2                 0.102      0.082      1.244      0.214
    P2                -0.181      0.116     -1.556      0.120

 V2         ON
    V1                 0.102      0.082      1.244      0.214
    P1                -0.181      0.116     -1.556      0.120

 S_BFI_E  WITH
    I_BFI_E           -1.872      1.018     -1.840      0.066
    S_VRT_COL_        -0.093      0.140     -0.667      0.505
    I_VRT_COL_        -1.239      2.570     -0.482      0.630

 I_BFI_E  WITH
    S_VRT_COL_        -2.124      2.711     -0.784      0.433
    I_VRT_COL_        45.399     20.397      2.226      0.026

 S_VRT_CO WITH
    I_VRT_COL_         0.358      0.816      0.439      0.661

 P1       WITH
    V1                 7.055     12.974      0.544      0.587

 P2       WITH
    V2                -3.955      8.076     -0.490      0.624

 P3       WITH
    V3                -3.955      8.076     -0.490      0.624

 P4       WITH
    V4                -3.955      8.076     -0.490      0.624

 Means
    P1                 0.000      0.000    999.000    999.000
    V1                 0.000      0.000    999.000    999.000
    I_BFI_E           54.252      0.728     74.532      0.000
    S_BFI_E            0.172      0.064      2.683      0.007
    I_VRT_COL_        66.153      0.624    105.984      0.000
    S_VRT_COL_         0.127      0.057      2.218      0.027

 Intercepts
    ABFI_E             0.000      0.000    999.000    999.000
    BBFI_E             0.000      0.000    999.000    999.000
    CBFI_E             0.000      0.000    999.000    999.000
    DBFI_E             0.000      0.000    999.000    999.000
    AVRT_COL_D         0.000      0.000    999.000    999.000
    BVRT_COL_D         0.000      0.000    999.000    999.000
    CVRT_COL_D         0.000      0.000    999.000    999.000
    DVRT_COL_D         0.000      0.000    999.000    999.000
    P2                 0.000      0.000    999.000    999.000
    P3                 0.000      0.000    999.000    999.000
    P4                 0.000      0.000    999.000    999.000
    V2                 0.000      0.000    999.000    999.000
    V3                 0.000      0.000    999.000    999.000
    V4                 0.000      0.000    999.000    999.000

 Variances
    P1                97.725     17.575      5.560      0.000
    V1               138.316     21.811      6.342      0.000
    I_BFI_E          380.712     26.170     14.547      0.000
    S_BFI_E            0.224      0.200      1.123      0.261
    I_VRT_COL_       244.443     23.130     10.568      0.000
    S_VRT_COL_         0.193      0.161      1.200      0.230

 Residual Variances
    ABFI_E             0.000      0.000    999.000    999.000
    BBFI_E             0.000      0.000    999.000    999.000
    CBFI_E             0.000      0.000    999.000    999.000
    DBFI_E             0.000      0.000    999.000    999.000
    AVRT_COL_D         0.000      0.000    999.000    999.000
    BVRT_COL_D         0.000      0.000    999.000    999.000
    CVRT_COL_D         0.000      0.000    999.000    999.000
    DVRT_COL_D         0.000      0.000    999.000    999.000
    P2                78.177      7.866      9.939      0.000
    P3                78.177      7.866      9.939      0.000
    P4                78.177      7.866      9.939      0.000
    V2               172.664     15.404     11.209      0.000
    V3               172.664     15.404     11.209      0.000
    V4               172.664     15.404     11.209      0.000

Group D3

 P1       BY
    ABFI_E             1.000      0.000    999.000    999.000

 P2       BY
    BBFI_E             1.000      0.000    999.000    999.000

 P3       BY
    CBFI_E             1.000      0.000    999.000    999.000

 P4       BY
    DBFI_E             1.000      0.000    999.000    999.000

 V1       BY
    AVRT_COL_D         1.000      0.000    999.000    999.000

 V2       BY
    BVRT_COL_D         1.000      0.000    999.000    999.000

 V3       BY
    CVRT_COL_D         1.000      0.000    999.000    999.000

 V4       BY
    DVRT_COL_D         1.000      0.000    999.000    999.000

 P4         ON
    P3                 0.201      0.096      2.099      0.036
    V3                -0.053      0.053     -0.986      0.324

 P3         ON
    P2                 0.201      0.096      2.099      0.036
    V2                -0.053      0.053     -0.986      0.324

 P2         ON
    P1                 0.201      0.096      2.099      0.036
    V1                -0.053      0.053     -0.986      0.324

 V4         ON
    V3                 0.198      0.086      2.303      0.021
    P3                -0.166      0.120     -1.385      0.166

 V3         ON
    V2                 0.198      0.086      2.303      0.021
    P2                -0.166      0.120     -1.385      0.166

 V2         ON
    V1                 0.198      0.086      2.303      0.021
    P1                -0.166      0.120     -1.385      0.166

 S_BFI_E  WITH
    I_BFI_E           -1.872      1.018     -1.840      0.066
    S_VRT_COL_        -0.093      0.140     -0.667      0.505
    I_VRT_COL_        -1.239      2.570     -0.482      0.630

 I_BFI_E  WITH
    S_VRT_COL_        -2.124      2.711     -0.784      0.433
    I_VRT_COL_        45.399     20.397      2.226      0.026

 S_VRT_CO WITH
    I_VRT_COL_         0.358      0.816      0.439      0.661

 P1       WITH
    V1                 6.239     12.760      0.489      0.625

 P2       WITH
    V2               -17.425      8.115     -2.147      0.032

 P3       WITH
    V3               -17.425      8.115     -2.147      0.032

 P4       WITH
    V4               -17.425      8.115     -2.147      0.032

 Means
    P1                 0.000      0.000    999.000    999.000
    V1                 0.000      0.000    999.000    999.000
    I_BFI_E           54.252      0.728     74.532      0.000
    S_BFI_E            0.172      0.064      2.683      0.007
    I_VRT_COL_        66.153      0.624    105.984      0.000
    S_VRT_COL_         0.127      0.057      2.218      0.027

 Intercepts
    ABFI_E             0.000      0.000    999.000    999.000
    BBFI_E             0.000      0.000    999.000    999.000
    CBFI_E             0.000      0.000    999.000    999.000
    DBFI_E             0.000      0.000    999.000    999.000
    AVRT_COL_D         0.000      0.000    999.000    999.000
    BVRT_COL_D         0.000      0.000    999.000    999.000
    CVRT_COL_D         0.000      0.000    999.000    999.000
    DVRT_COL_D         0.000      0.000    999.000    999.000
    P2                 0.000      0.000    999.000    999.000
    P3                 0.000      0.000    999.000    999.000
    P4                 0.000      0.000    999.000    999.000
    V2                 0.000      0.000    999.000    999.000
    V3                 0.000      0.000    999.000    999.000
    V4                 0.000      0.000    999.000    999.000

 Variances
    P1                72.562     12.188      5.954      0.000
    V1               155.648     20.212      7.701      0.000
    I_BFI_E          380.712     26.170     14.547      0.000
    S_BFI_E            0.224      0.200      1.123      0.261
    I_VRT_COL_       244.443     23.130     10.568      0.000
    S_VRT_COL_         0.193      0.161      1.200      0.230

 Residual Variances
    ABFI_E             0.000      0.000    999.000    999.000
    BBFI_E             0.000      0.000    999.000    999.000
    CBFI_E             0.000      0.000    999.000    999.000
    DBFI_E             0.000      0.000    999.000    999.000
    AVRT_COL_D         0.000      0.000    999.000    999.000
    BVRT_COL_D         0.000      0.000    999.000    999.000
    CVRT_COL_D         0.000      0.000    999.000    999.000
    DVRT_COL_D         0.000      0.000    999.000    999.000
    P2                71.034      7.994      8.886      0.000
    P3                71.034      7.994      8.886      0.000
    P4                71.034      7.994      8.886      0.000
    V2               154.657     15.468      9.998      0.000
    V3               154.657     15.468      9.998      0.000
    V4               154.657     15.468      9.998      0.000

Group D4

 P1       BY
    ABFI_E             1.000      0.000    999.000    999.000

 P2       BY
    BBFI_E             1.000      0.000    999.000    999.000

 P3       BY
    CBFI_E             1.000      0.000    999.000    999.000

 P4       BY
    DBFI_E             1.000      0.000    999.000    999.000

 V1       BY
    AVRT_COL_D         1.000      0.000    999.000    999.000

 V2       BY
    BVRT_COL_D         1.000      0.000    999.000    999.000

 V3       BY
    CVRT_COL_D         1.000      0.000    999.000    999.000

 V4       BY
    DVRT_COL_D         1.000      0.000    999.000    999.000

 P4         ON
    P3                 0.190      0.106      1.792      0.073
    V3                 0.031      0.066      0.465      0.642

 P3         ON
    P2                 0.190      0.106      1.792      0.073
    V2                 0.031      0.066      0.465      0.642

 P2         ON
    P1                 0.190      0.106      1.792      0.073
    V1                 0.031      0.066      0.465      0.642

 V4         ON
    V3                 0.178      0.103      1.731      0.083
    P3                 0.074      0.127      0.584      0.559

 V3         ON
    V2                 0.178      0.103      1.731      0.083
    P2                 0.074      0.127      0.584      0.559

 V2         ON
    V1                 0.178      0.103      1.731      0.083
    P1                 0.074      0.127      0.584      0.559

 S_BFI_E  WITH
    I_BFI_E           -1.872      1.018     -1.840      0.066
    S_VRT_COL_        -0.093      0.140     -0.667      0.505
    I_VRT_COL_        -1.239      2.570     -0.482      0.630

 I_BFI_E  WITH
    S_VRT_COL_        -2.124      2.711     -0.784      0.433
    I_VRT_COL_        45.399     20.397      2.226      0.026

 S_VRT_CO WITH
    I_VRT_COL_         0.358      0.816      0.439      0.661

 P1       WITH
    V1                 1.883     10.248      0.184      0.854

 P2       WITH
    V2                10.555      8.052      1.311      0.190

 P3       WITH
    V3                10.555      8.052      1.311      0.190

 P4       WITH
    V4                10.555      8.052      1.311      0.190

 Means
    P1                 0.000      0.000    999.000    999.000
    V1                 0.000      0.000    999.000    999.000
    I_BFI_E           54.252      0.728     74.532      0.000
    S_BFI_E            0.172      0.064      2.683      0.007
    I_VRT_COL_        66.153      0.624    105.984      0.000
    S_VRT_COL_         0.127      0.057      2.218      0.027

 Intercepts
    ABFI_E             0.000      0.000    999.000    999.000
    BBFI_E             0.000      0.000    999.000    999.000
    CBFI_E             0.000      0.000    999.000    999.000
    DBFI_E             0.000      0.000    999.000    999.000
    AVRT_COL_D         0.000      0.000    999.000    999.000
    BVRT_COL_D         0.000      0.000    999.000    999.000
    CVRT_COL_D         0.000      0.000    999.000    999.000
    DVRT_COL_D         0.000      0.000    999.000    999.000
    P2                 0.000      0.000    999.000    999.000
    P3                 0.000      0.000    999.000    999.000
    P4                 0.000      0.000    999.000    999.000
    V2                 0.000      0.000    999.000    999.000
    V3                 0.000      0.000    999.000    999.000
    V4                 0.000      0.000    999.000    999.000

 Variances
    P1                57.086     11.234      5.082      0.000
    V1               125.771     18.420      6.828      0.000
    I_BFI_E          380.712     26.170     14.547      0.000
    S_BFI_E            0.224      0.200      1.123      0.261
    I_VRT_COL_       244.443     23.130     10.568      0.000
    S_VRT_COL_         0.193      0.161      1.200      0.230

 Residual Variances
    ABFI_E             0.000      0.000    999.000    999.000
    BBFI_E             0.000      0.000    999.000    999.000
    CBFI_E             0.000      0.000    999.000    999.000
    DBFI_E             0.000      0.000    999.000    999.000
    AVRT_COL_D         0.000      0.000    999.000    999.000
    BVRT_COL_D         0.000      0.000    999.000    999.000
    CVRT_COL_D         0.000      0.000    999.000    999.000
    DVRT_COL_D         0.000      0.000    999.000    999.000
    P2                68.089      8.312      8.192      0.000
    P3                68.089      8.312      8.192      0.000
    P4                68.089      8.312      8.192      0.000
    V2               112.516     13.694      8.217      0.000
    V3               112.516     13.694      8.217      0.000
    V4               112.516     13.694      8.217      0.000

Group D5

 P1       BY
    ABFI_E             1.000      0.000    999.000    999.000

 P2       BY
    BBFI_E             1.000      0.000    999.000    999.000

 P3       BY
    CBFI_E             1.000      0.000    999.000    999.000

 P4       BY
    DBFI_E             1.000      0.000    999.000    999.000

 V1       BY
    AVRT_COL_D         1.000      0.000    999.000    999.000

 V2       BY
    BVRT_COL_D         1.000      0.000    999.000    999.000

 V3       BY
    CVRT_COL_D         1.000      0.000    999.000    999.000

 V4       BY
    DVRT_COL_D         1.000      0.000    999.000    999.000

 P4         ON
    P3                 0.130      0.212      0.612      0.540
    V3                 0.039      0.044      0.888      0.375

 P3         ON
    P2                 0.130      0.212      0.612      0.540
    V2                 0.039      0.044      0.888      0.375

 P2         ON
    P1                 0.130      0.212      0.612      0.540
    V1                 0.039      0.044      0.888      0.375

 V4         ON
    V3                -0.102      0.074     -1.376      0.169
    P3                 0.068      0.103      0.659      0.510

 V3         ON
    V2                -0.102      0.074     -1.376      0.169
    P2                 0.068      0.103      0.659      0.510

 V2         ON
    V1                -0.102      0.074     -1.376      0.169
    P1                 0.068      0.103      0.659      0.510

 S_BFI_E  WITH
    I_BFI_E           -1.872      1.018     -1.840      0.066
    S_VRT_COL_        -0.093      0.140     -0.667      0.505
    I_VRT_COL_        -1.239      2.570     -0.482      0.630

 I_BFI_E  WITH
    S_VRT_COL_        -2.124      2.711     -0.784      0.433
    I_VRT_COL_        45.399     20.397      2.226      0.026

 S_VRT_CO WITH
    I_VRT_COL_         0.358      0.816      0.439      0.661

 P1       WITH
    V1               -12.304     14.507     -0.848      0.396

 P2       WITH
    V2                 7.911      7.163      1.104      0.269

 P3       WITH
    V3                 7.911      7.163      1.104      0.269

 P4       WITH
    V4                 7.911      7.163      1.104      0.269

 Means
    P1                 0.000      0.000    999.000    999.000
    V1                 0.000      0.000    999.000    999.000
    I_BFI_E           54.252      0.728     74.532      0.000
    S_BFI_E            0.172      0.064      2.683      0.007
    I_VRT_COL_        66.153      0.624    105.984      0.000
    S_VRT_COL_         0.127      0.057      2.218      0.027

 Intercepts
    ABFI_E             0.000      0.000    999.000    999.000
    BBFI_E             0.000      0.000    999.000    999.000
    CBFI_E             0.000      0.000    999.000    999.000
    DBFI_E             0.000      0.000    999.000    999.000
    AVRT_COL_D         0.000      0.000    999.000    999.000
    BVRT_COL_D         0.000      0.000    999.000    999.000
    CVRT_COL_D         0.000      0.000    999.000    999.000
    DVRT_COL_D         0.000      0.000    999.000    999.000
    P2                 0.000      0.000    999.000    999.000
    P3                 0.000      0.000    999.000    999.000
    P4                 0.000      0.000    999.000    999.000
    V2                 0.000      0.000    999.000    999.000
    V3                 0.000      0.000    999.000    999.000
    V4                 0.000      0.000    999.000    999.000

 Variances
    P1                70.961     14.897      4.764      0.000
    V1               157.697     28.097      5.612      0.000
    I_BFI_E          380.712     26.170     14.547      0.000
    S_BFI_E            0.224      0.200      1.123      0.261
    I_VRT_COL_       244.443     23.130     10.568      0.000
    S_VRT_COL_         0.193      0.161      1.200      0.230

 Residual Variances
    ABFI_E             0.000      0.000    999.000    999.000
    BBFI_E             0.000      0.000    999.000    999.000
    CBFI_E             0.000      0.000    999.000    999.000
    DBFI_E             0.000      0.000    999.000    999.000
    AVRT_COL_D         0.000      0.000    999.000    999.000
    BVRT_COL_D         0.000      0.000    999.000    999.000
    CVRT_COL_D         0.000      0.000    999.000    999.000
    DVRT_COL_D         0.000      0.000    999.000    999.000
    P2                68.006     22.777      2.986      0.003
    P3                68.006     22.777      2.986      0.003
    P4                68.006     22.777      2.986      0.003
    V2                96.315     14.846      6.488      0.000
    V3                96.315     14.846      6.488      0.000
    V4                96.315     14.846      6.488      0.000


QUALITY OF NUMERICAL RESULTS

     Condition Number for the Information Matrix              0.260E-05
       (ratio of smallest to largest eigenvalue)


     Beginning Time:  18:18:12
        Ending Time:  18:18:31
       Elapsed Time:  00:00:19



MUTHEN & MUTHEN
3463 Stoner Ave.
Los Angeles, CA  90066

Tel: (310) 391-9971
Fax: (310) 391-8971
Web: www.StatModel.com
Support: Support@StatModel.com

Copyright (c) 1998-2017 Muthen & Muthen
