Mplus VERSION 8 (Linux)
MUTHEN & MUTHEN
07/08/2018   5:24 PM

INPUT INSTRUCTIONS


  title: PxVx Bivariate LCM-SR - 40splitgroup - Linear bfas_ci with Linear vrt_ind;
  data: file = /home/jflournoy/code_new/lnt_pxvx/Data/lnt_nat_recalc.tsv;

  variable:
  names =
  subjid
  aage
  aaspfin
  aaspfin_d
  abfa_mt
  abfa_mt_d
  abfas_ac
  abfas_ap
  abfas_ci
  abfas_co
  abfas_ea
  abfas_ee
  abfas_nv
  abfas_nv9
  abfas_nw
  abfas_oi
  abfas_oo
  abfi_a
  abfi_a6
  abfi_c
  abfi_d_scale
  abfi_e
  abfi_hp8
  abfi_n
  abfi_o
  abfi_s_scale
  ahrz_col
  ahrz_col_d
  ahrz_ind
  ahrz_ind_d
  amvi
  ausi
  ausi_d
  avrt_col
  avrt_col_d
  avrt_ind
  avrt_ind_d
  bage
  baspfin
  baspfin_d
  bbfa_mt
  bbfa_mt_d
  bbfas_ac
  bbfas_ap
  bbfas_ci
  bbfas_co
  bbfas_ea
  bbfas_ee
  bbfas_nv
  bbfas_nv9
  bbfas_nw
  bbfas_oi
  bbfas_oo
  bbfi_a
  bbfi_a6
  bbfi_c
  bbfi_d_scale
  bbfi_e
  bbfi_hp8
  bbfi_n
  bbfi_o
  bbfi_s_scale
  bhrz_col
  bhrz_col_d
  bhrz_ind
  bhrz_ind_d
  bmvi
  busi
  busi_d
  bvrt_col
  bvrt_col_d
  bvrt_ind
  bvrt_ind_d
  cage
  caspfin
  caspfin_d
  cbfa_mt
  cbfa_mt_d
  cbfas_ac
  cbfas_ap
  cbfas_ci
  cbfas_co
  cbfas_ea
  cbfas_ee
  cbfas_nv
  cbfas_nv9
  cbfas_nw
  cbfas_oi
  cbfas_oo
  cbfi_a
  cbfi_a6
  cbfi_c
  cbfi_d_scale
  cbfi_e
  cbfi_hp8
  cbfi_n
  cbfi_o
  cbfi_s_scale
  chrz_col
  chrz_col_d
  chrz_ind
  chrz_ind_d
  cmvi
  cusi
  cusi_d
  cvrt_col
  cvrt_col_d
  cvrt_ind
  cvrt_ind_d
  dage
  daspfin
  daspfin_d
  dbfa_mt
  dbfa_mt_d
  dbfas_ac
  dbfas_ap
  dbfas_ci
  dbfas_co
  dbfas_ea
  dbfas_ee
  dbfas_nv
  dbfas_nv9
  dbfas_nw
  dbfas_oi
  dbfas_oo
  dbfi_a
  dbfi_a6
  dbfi_c
  dbfi_d_scale
  dbfi_e
  dbfi_hp8
  dbfi_n
  dbfi_o
  dbfi_s_scale
  dhrz_col
  dhrz_col_d
  dhrz_ind
  dhrz_ind_d
  dmvi
  dusi
  dusi_d
  dvrt_col
  dvrt_col_d
  dvrt_ind
  dvrt_ind_d;

  USEVARIABLES =
  abfas_ci
  bbfas_ci
  cbfas_ci
  dbfas_ci
  avrt_ind
  bvrt_ind
  cvrt_ind
  dvrt_ind
  a1
  a2
  a3
  a4
  aagegrp
  ;

  missing = all (-9999);

  tscores = a1 a2 a3 a4;

  grouping = aagegrp (0=earlier, 1=later);

  DEFINE:

  aagegrp = aage;

  cut aagegrp (39);

  a1 = aage + 0 - 36;
  a2 = aage + 1 - 36;
  a3 = aage + 2 - 36;
  a4 = aage + 3 - 36;

  ANALYSIS:
  TYPE=RANDOM;
  PROCESSORS = 6;
  model=nocovariances; ! supresses default estimation of certain covs in model;

  MODEL:

  i_bfas_ci s_bfas_ci | abfas_ci bbfas_ci cbfas_ci dbfas_ci AT a1 a2 a3 a4;
  i_vrt_ind s_vrt_ind | avrt_ind bvrt_ind cvrt_ind dvrt_ind AT a1 a2 a3 a4;

  ! freeing factor covs because of "nocovariances"
  ! But ensure they are constrained across groups
  s_bfas_ci WITH i_bfas_ci (p)
  s_vrt_ind (q)
  i_vrt_ind (r);
  i_bfas_ci WITH s_vrt_ind (s)
  i_vrt_ind (t);
  s_vrt_ind WITH i_vrt_ind (u);

  !constrain latent growth means across groups
  [i_bfas_ci] (v);
  [s_bfas_ci] (w);
  [i_vrt_ind] (x);
  [s_vrt_ind] (y);

  !constrain latent growth variances across groups
  i_bfas_ci (l);
  s_bfas_ci (m);
  i_vrt_ind (n);
  s_vrt_ind (o);

  p1 BY abfas_ci@1; ! Residual "factors";
  p2 BY bbfas_ci@1;
  p3 BY cbfas_ci@1;
  p4 BY dbfas_ci@1;

  v1 BY avrt_ind@1; ! Residual "factors";
  v2 BY bvrt_ind@1;
  v3 BY cvrt_ind@1;
  v4 BY dvrt_ind@1;

  !residual variances on observed/manifest vars set to 0
  abfas_ci@0;
  bbfas_ci@0;
  cbfas_ci@0;
  dbfas_ci@0;

  !residual variances on observed/manifest vars set to 0
  avrt_ind@0;
  bvrt_ind@0;
  cvrt_ind@0;
  dvrt_ind@0;

  ! means of observed/manifest vars set to 0
  [abfas_ci@0];
  [bbfas_ci@0];
  [cbfas_ci@0];
  [dbfas_ci@0];

  ! means of observed/manifest vars set to 0
  [avrt_ind@0];
  [bvrt_ind@0];
  [cvrt_ind@0];
  [dvrt_ind@0];

  [p1@0]; ! means of residual "factors" set to 0
  [p2@0];
  [p3@0];
  [p4@0];

  [v1@0]; ! means of residual "factors" set to 0
  [v2@0];
  [v3@0];
  [v4@0];

  p4 on p3 (a); ! Autoregressive paths constrained to equality
  p3 on p2 (a);
  p2 on p1 (a);

  v4 on v3 (b); ! Autoregressive paths constrained to equality
  v3 on v2 (b);
  v2 on v1 (b);

  p4 on v3 (c); ! Cross-lagged paths constrained to equality
  p3 on v2 (c);
  p2 on v1 (c);

  v4 on p3 (d); ! Cross-lagged paths constrained to equality
  v3 on p2 (d);
  v2 on p1 (d);

  p1 with v1; !(this one is not like the others)

  p2 with v2 (e); ! Within-wave correlations constrained to equality
  p3 with v3 (e);
  p4 with v4 (e);

  p2 p3 p4 (f); ! estimate variances of residual "factors"
  v2 v3 v4 (g); ! estimate variances of residual "factors"

  MODEL earlier:

  p4 on p3 (a23); ! Autoregressive paths constrained to equality
  p3 on p2 (a23);
  p2 on p1 (a23);

  v4 on v3 (b23); ! Autoregressive paths constrained to equality
  v3 on v2 (b23);
  v2 on v1 (b23);

  p4 on v3 (c23); ! Cross-lagged paths constrained to equality
  p3 on v2 (c23);
  p2 on v1 (c23);

  v4 on p3 (d23); ! Cross-lagged paths constrained to equality
  v3 on p2 (d23);
  v2 on p1 (d23);

  p1 with v1; !(this one is not like the others)

  p2 with v2 (e23); ! Within-wave correlations constrained to equality
  p3 with v3 (e23);
  p4 with v4 (e23);

  p2 p3 p4 (f23); ! estimate variances of residual "factors"
  v2 v3 v4 (g23); ! estimate variances of residual "factors"

  MODEL later:

  p4 on p3 (a45); ! Autoregressive paths constrained to equality
  p3 on p2 (a45);
  p2 on p1 (a45);

  v4 on v3 (b45); ! Autoregressive paths constrained to equality
  v3 on v2 (b45);
  v2 on v1 (b45);

  p4 on v3 (c45); ! Cross-lagged paths constrained to equality
  p3 on v2 (c45);
  p2 on v1 (c45);

  v4 on p3 (d45); ! Cross-lagged paths constrained to equality
  v3 on p2 (d45);
  v2 on p1 (d45);

  p1 with v1; !(this one is not like the others)

  p2 with v2 (e45); ! Within-wave correlations constrained to equality
  p3 with v3 (e45);
  p4 with v4 (e45);

  p2 p3 p4 (f45); ! estimate variances of residual "factors"
  v2 v3 v4 (g45); ! estimate variances of residual "factors"

  OUTPUT: SAMPSTAT PATTERNS;



*** WARNING
  Data set contains unknown or missing values for GROUPING,
  PATTERN, COHORT, CLUSTER and/or STRATIFICATION variables.
  Number of cases with unknown or missing values:  5
   1 WARNING(S) FOUND IN THE INPUT INSTRUCTIONS



PxVx Bivariate LCM-SR - 40splitgroup - Linear bfas_ci with Linear vrt_ind;

SUMMARY OF ANALYSIS

Number of groups                                                 2
Number of observations
   Group EARLIER                                               534
   Group LATER                                                 330
   Total sample size                                           864

Number of dependent variables                                    8
Number of independent variables                                  0
Number of continuous latent variables                           12

Observed dependent variables

  Continuous
   ABFAS_CI    BBFAS_CI    CBFAS_CI    DBFAS_CI    AVRT_IND    BVRT_IND
   CVRT_IND    DVRT_IND

Continuous latent variables
   P1          P2          P3          P4          V1          V2
   V3          V4          I_BFAS_C    S_BFAS_C    I_VRT_IN    S_VRT_IN

Variables with special functions

  Grouping variable     AAGEGRP

  Time scores
   A1          A2          A3          A4


Estimator                                                      MLR
Information matrix                                        OBSERVED
Maximum number of iterations                                   100
Convergence criterion                                    0.100D-05
Maximum number of EM iterations                                500
Convergence criteria for the EM algorithm
  Loglikelihood change                                   0.100D-02
  Relative loglikelihood change                          0.100D-05
  Derivative                                             0.100D-03
Minimum variance                                         0.100D-03
Maximum number of steepest descent iterations                   20
Maximum number of iterations for H1                           2000
Convergence criterion for H1                             0.100D-03
Optimization algorithm                                         EMA

Input data file(s)
  /home/jflournoy/code_new/lnt_pxvx/Data/lnt_nat_recalc.tsv
Input data format  FREE


SUMMARY OF DATA

   Group EARLIER
     Number of missing data patterns            16

   Group LATER
     Number of missing data patterns            15


SUMMARY OF MISSING DATA PATTERNS


     MISSING DATA PATTERNS (x = not missing) FOR EARLIER

           1  2  3  4  5  6  7  8  9 10 11 12 13 14 15 16
 ABFAS_CI  x  x  x  x  x  x  x  x  x  x  x     x  x  x  x
 BBFAS_CI  x     x     x  x  x        x  x  x  x  x
 CBFAS_CI  x        x  x     x     x  x     x  x  x  x
 DBFAS_CI  x     x  x  x        x           x  x     x  x
 AVRT_IND  x  x  x  x  x  x  x  x  x  x  x  x  x  x  x  x
 BVRT_IND  x     x     x  x  x        x     x     x  x
 CVRT_IND  x        x        x     x        x  x  x  x
 DVRT_IND  x     x  x  x        x           x  x  x  x


     MISSING DATA PATTERN FREQUENCIES FOR EARLIER

    Pattern   Frequency     Pattern   Frequency     Pattern   Frequency
          1         325           7          20          13           2
          2         101           8          14          14           1
          3          14           9          12          15           1
          4          12          10           1          16           1
          5           1          11           2
          6          26          12           1


     MISSING DATA PATTERNS (x = not missing) FOR LATER

           1  2  3  4  5  6  7  8  9 10 11 12 13 14 15
 ABFAS_CI  x  x  x  x  x  x  x  x  x  x     x  x  x  x
 BBFAS_CI  x     x     x  x  x        x  x  x     x
 CBFAS_CI  x        x  x     x     x     x  x        x
 DBFAS_CI  x     x  x  x        x        x  x     x
 AVRT_IND  x  x  x  x  x  x  x  x  x  x  x  x     x  x
 BVRT_IND  x     x     x  x  x           x
 CVRT_IND  x        x        x     x     x  x
 DVRT_IND  x     x  x  x        x        x  x     x


     MISSING DATA PATTERN FREQUENCIES FOR LATER

    Pattern   Frequency     Pattern   Frequency     Pattern   Frequency
          1         164           6          22          11           1
          2          68           7          26          12           1
          3          12           8          10          13           1
          4           9           9          11          14           1
          5           1          10           2          15           1


COVARIANCE COVERAGE OF DATA

Minimum covariance coverage value   0.100


     PROPORTION OF DATA PRESENT FOR EARLIER


           Covariance Coverage
              ABFAS_CI      BBFAS_CI      CBFAS_CI      DBFAS_CI      AVRT_IND
              ________      ________      ________      ________      ________
 ABFAS_CI       0.998
 BBFAS_CI       0.734         0.736
 CBFAS_CI       0.702         0.657         0.704
 DBFAS_CI       0.693         0.642         0.640         0.695
 AVRT_IND       0.998         0.736         0.704         0.695         1.000
 BVRT_IND       0.728         0.728         0.655         0.640         0.730
 CVRT_IND       0.699         0.654         0.700         0.639         0.700
 DVRT_IND       0.693         0.644         0.642         0.693         0.695


           Covariance Coverage
              BVRT_IND      CVRT_IND      DVRT_IND
              ________      ________      ________
 BVRT_IND       0.730
 CVRT_IND       0.652         0.700
 DVRT_IND       0.642         0.640         0.695


     PROPORTION OF DATA PRESENT FOR LATER


           Covariance Coverage
              ABFAS_CI      BBFAS_CI      CBFAS_CI      DBFAS_CI      AVRT_IND
              ________      ________      ________      ________      ________
 ABFAS_CI       0.997
 BBFAS_CI       0.697         0.700
 CBFAS_CI       0.655         0.594         0.658
 DBFAS_CI       0.600         0.542         0.536         0.603
 AVRT_IND       0.997         0.700         0.658         0.603         1.000
 BVRT_IND       0.694         0.694         0.594         0.542         0.697
 CVRT_IND       0.645         0.585         0.648         0.533         0.648
 DVRT_IND       0.603         0.545         0.539         0.603         0.606


           Covariance Coverage
              BVRT_IND      CVRT_IND      DVRT_IND
              ________      ________      ________
 BVRT_IND       0.697
 CVRT_IND       0.585         0.648
 DVRT_IND       0.545         0.536         0.606


SAMPLE STATISTICS


     ESTIMATED SAMPLE STATISTICS FOR EARLIER


           Means
              ABFAS_CI      BBFAS_CI      CBFAS_CI      DBFAS_CI      AVRT_IND
              ________      ________      ________      ________      ________
               62.222        61.930        61.622        62.128        49.114


           Means
              BVRT_IND      CVRT_IND      DVRT_IND
              ________      ________      ________
               49.806        48.603        48.349


           Covariances
              ABFAS_CI      BBFAS_CI      CBFAS_CI      DBFAS_CI      AVRT_IND
              ________      ________      ________      ________      ________
 ABFAS_CI     356.561
 BBFAS_CI     281.305       344.302
 CBFAS_CI     251.588       267.393       320.465
 DBFAS_CI     254.684       265.571       257.921       330.512
 AVRT_IND      15.548        -5.553        -3.568       -11.438       397.587
 BVRT_IND      11.900       -11.465         2.299        -6.561       270.324
 CVRT_IND      25.354        -5.122         1.590        12.647       257.045
 DVRT_IND      25.940         8.129        10.383        13.959       259.021


           Covariances
              BVRT_IND      CVRT_IND      DVRT_IND
              ________      ________      ________
 BVRT_IND     380.505
 CVRT_IND     278.504       404.045
 DVRT_IND     277.310       300.430       416.105


           Correlations
              ABFAS_CI      BBFAS_CI      CBFAS_CI      DBFAS_CI      AVRT_IND
              ________      ________      ________      ________      ________
 ABFAS_CI       1.000
 BBFAS_CI       0.803         1.000
 CBFAS_CI       0.744         0.805         1.000
 DBFAS_CI       0.742         0.787         0.793         1.000
 AVRT_IND       0.041        -0.015        -0.010        -0.032         1.000
 BVRT_IND       0.032        -0.032         0.007        -0.019         0.695
 CVRT_IND       0.067        -0.014         0.004         0.035         0.641
 DVRT_IND       0.067         0.021         0.028         0.038         0.637


           Correlations
              BVRT_IND      CVRT_IND      DVRT_IND
              ________      ________      ________
 BVRT_IND       1.000
 CVRT_IND       0.710         1.000
 DVRT_IND       0.697         0.733         1.000


     ESTIMATED SAMPLE STATISTICS FOR LATER


           Means
              ABFAS_CI      BBFAS_CI      CBFAS_CI      DBFAS_CI      AVRT_IND
              ________      ________      ________      ________      ________
               64.764        64.772        65.455        64.479        44.152


           Means
              BVRT_IND      CVRT_IND      DVRT_IND
              ________      ________      ________
               42.500        42.651        43.042


           Covariances
              ABFAS_CI      BBFAS_CI      CBFAS_CI      DBFAS_CI      AVRT_IND
              ________      ________      ________      ________      ________
 ABFAS_CI     313.699
 BBFAS_CI     239.981       287.800
 CBFAS_CI     246.862       247.792       326.628
 DBFAS_CI     222.102       238.970       264.071       309.582
 AVRT_IND      18.610        -2.862         0.770       -20.100       312.680
 BVRT_IND      31.197         5.318        -4.190       -22.671       189.769
 CVRT_IND      26.617        -1.218        18.889       -18.960       202.794
 DVRT_IND      14.654        -0.774        13.754       -28.002       194.877


           Covariances
              BVRT_IND      CVRT_IND      DVRT_IND
              ________      ________      ________
 BVRT_IND     264.786
 CVRT_IND     194.522       318.707
 DVRT_IND     197.848       215.511       286.252


           Correlations
              ABFAS_CI      BBFAS_CI      CBFAS_CI      DBFAS_CI      AVRT_IND
              ________      ________      ________      ________      ________
 ABFAS_CI       1.000
 BBFAS_CI       0.799         1.000
 CBFAS_CI       0.771         0.808         1.000
 DBFAS_CI       0.713         0.801         0.830         1.000
 AVRT_IND       0.059        -0.010         0.002        -0.065         1.000
 BVRT_IND       0.108         0.019        -0.014        -0.079         0.660
 CVRT_IND       0.084        -0.004         0.059        -0.060         0.642
 DVRT_IND       0.049        -0.003         0.045        -0.094         0.651


           Correlations
              BVRT_IND      CVRT_IND      DVRT_IND
              ________      ________      ________
 BVRT_IND       1.000
 CVRT_IND       0.670         1.000
 DVRT_IND       0.719         0.714         1.000


     MAXIMUM LOG-LIKELIHOOD VALUE FOR THE UNRESTRICTED (H1) MODEL IS -21196.689


UNIVARIATE SAMPLE STATISTICS


     UNIVARIATE HIGHER-ORDER MOMENT DESCRIPTIVE STATISTICS FOR EARLIER

         Variable/         Mean/     Skewness/   Minimum/ % with                Percentiles
        Sample Size      Variance    Kurtosis    Maximum  Min/Max      20%/60%    40%/80%    Median

     ABFAS_CI             62.199      -0.305       7.500    0.19%      45.000     57.500     62.500
             533.000     356.731      -0.307     100.000    0.94%      70.000     80.000
     BBFAS_CI             62.183      -0.145       2.500    0.25%      47.500     57.500     62.500
             393.000     326.378      -0.450     100.000    0.51%      67.500     77.500
     CBFAS_CI             61.683      -0.158      17.500    1.06%      47.500     57.500     60.000
             376.000     310.205      -0.376     100.000    0.53%      67.500     77.500
     DBFAS_CI             62.666      -0.084       7.500    0.27%      47.500     57.500     62.500
             371.000     317.388      -0.416     100.000    0.54%      67.500     77.500
     AVRT_IND             49.114       0.039       0.000    0.56%      31.250     43.750     50.000
             534.000     397.587      -0.367     100.000    0.75%      56.250     68.750
     BVRT_IND             50.043       0.075       6.250    0.77%      31.250     43.750     50.000
             390.000     377.068      -0.367     100.000    1.28%      56.250     68.750
     CVRT_IND             49.070       0.147       6.250    0.53%      31.250     43.750     50.000
             374.000     404.811      -0.549     100.000    0.80%      56.250     68.750
     DVRT_IND             48.551       0.125       0.000    0.27%      31.250     43.750     50.000
             371.000     415.270      -0.515     100.000    0.81%      56.250     68.750


     UNIVARIATE HIGHER-ORDER MOMENT DESCRIPTIVE STATISTICS FOR LATER

         Variable/         Mean/     Skewness/   Minimum/ % with                Percentiles
        Sample Size      Variance    Kurtosis    Maximum  Min/Max      20%/60%    40%/80%    Median

     ABFAS_CI             64.754      -0.329      15.000    0.30%      50.000     60.000     65.000
             329.000     314.333      -0.238     100.000    1.22%      70.000     80.000
     BBFAS_CI             65.368      -0.188      15.000    0.43%      50.000     62.500     65.833
             230.000     287.359      -0.387     100.000    1.30%      67.500     80.000
     CBFAS_CI             66.168      -0.400      10.000    0.47%      52.500     62.500     67.500
             214.000     322.934       0.068     100.000    1.40%      70.000     80.000
     DBFAS_CI             65.521      -0.277      10.000    0.50%      50.000     60.000     65.000
             199.000     315.540      -0.225      97.500    2.01%      70.000     82.500
     AVRT_IND             44.155       0.185       0.000    0.30%      31.250     37.500     43.750
             329.000     312.679      -0.195     100.000    0.30%      50.000     62.500
     BVRT_IND             42.423       0.198       0.000    0.44%      25.000     37.500     43.750
             226.000     266.644      -0.272      87.500    0.44%      43.750     56.250
     CVRT_IND             42.011       0.417       6.250    1.89%      25.000     37.500     43.750
             212.000     315.555       0.165     100.000    0.47%      43.750     56.250
     DVRT_IND             42.567       0.161       6.250    0.50%      25.000     37.500     43.750
             199.000     279.977      -0.393      87.500    1.01%      50.000     56.250


THE MODEL ESTIMATION TERMINATED NORMALLY



MODEL FIT INFORMATION

Number of Free Parameters                       34

Loglikelihood

          H0 Value                      -21218.734
          H0 Scaling Correction Factor      1.2585
            for MLR

Information Criteria

          Akaike (AIC)                   42505.468
          Bayesian (BIC)                 42667.362
          Sample-Size Adjusted BIC       42559.387
            (n* = (n + 2) / 24)



MODEL RESULTS

                                                    Two-Tailed
                    Estimate       S.E.  Est./S.E.    P-Value

Group EARLIER

 P1       BY
    ABFAS_CI           1.000      0.000    999.000    999.000

 P2       BY
    BBFAS_CI           1.000      0.000    999.000    999.000

 P3       BY
    CBFAS_CI           1.000      0.000    999.000    999.000

 P4       BY
    DBFAS_CI           1.000      0.000    999.000    999.000

 V1       BY
    AVRT_IND           1.000      0.000    999.000    999.000

 V2       BY
    BVRT_IND           1.000      0.000    999.000    999.000

 V3       BY
    CVRT_IND           1.000      0.000    999.000    999.000

 V4       BY
    DVRT_IND           1.000      0.000    999.000    999.000

 P4         ON
    P3                 0.157      0.060      2.618      0.009
    V3                 0.054      0.034      1.593      0.111

 P3         ON
    P2                 0.157      0.060      2.618      0.009
    V2                 0.054      0.034      1.593      0.111

 P2         ON
    P1                 0.157      0.060      2.618      0.009
    V1                 0.054      0.034      1.593      0.111

 V4         ON
    V3                 0.159      0.075      2.132      0.033
    P3                -0.023      0.062     -0.371      0.711

 V3         ON
    V2                 0.159      0.075      2.132      0.033
    P2                -0.023      0.062     -0.371      0.711

 V2         ON
    V1                 0.159      0.075      2.132      0.033
    P1                -0.023      0.062     -0.371      0.711

 S_BFAS_C WITH
    I_BFAS_CI         -0.761      0.818     -0.930      0.352
    S_VRT_IND          0.016      0.099      0.164      0.870
    I_VRT_IND         -4.564      2.460     -1.855      0.064

 I_BFAS_C WITH
    S_VRT_IND          3.732      2.483      1.503      0.133
    I_VRT_IND          5.513     13.048      0.423      0.673

 S_VRT_IN WITH
    I_VRT_IND         -1.948      0.751     -2.593      0.010

 P1       WITH
    V1                 8.632      9.678      0.892      0.372

 P2       WITH
    V2                -1.642      4.662     -0.352      0.725

 P3       WITH
    V3                -1.642      4.662     -0.352      0.725

 P4       WITH
    V4                -1.642      4.662     -0.352      0.725

 Means
    P1                 0.000      0.000    999.000    999.000
    V1                 0.000      0.000    999.000    999.000
    I_BFAS_CI         62.956      0.586    107.481      0.000
    S_BFAS_CI          0.191      0.053      3.640      0.000
    I_VRT_IND         47.164      0.585     80.657      0.000
    S_VRT_IND         -0.313      0.054     -5.820      0.000

 Intercepts
    ABFAS_CI           0.000      0.000    999.000    999.000
    BBFAS_CI           0.000      0.000    999.000    999.000
    CBFAS_CI           0.000      0.000    999.000    999.000
    DBFAS_CI           0.000      0.000    999.000    999.000
    AVRT_IND           0.000      0.000    999.000    999.000
    BVRT_IND           0.000      0.000    999.000    999.000
    CVRT_IND           0.000      0.000    999.000    999.000
    DVRT_IND           0.000      0.000    999.000    999.000
    P2                 0.000      0.000    999.000    999.000
    P3                 0.000      0.000    999.000    999.000
    P4                 0.000      0.000    999.000    999.000
    V2                 0.000      0.000    999.000    999.000
    V3                 0.000      0.000    999.000    999.000
    V4                 0.000      0.000    999.000    999.000

 Variances
    P1                98.191     14.758      6.653      0.000
    V1               152.051     16.562      9.181      0.000
    I_BFAS_CI        227.480     17.231     13.202      0.000
    S_BFAS_CI          0.193      0.141      1.370      0.171
    I_VRT_IND        211.310     18.049     11.707      0.000
    S_VRT_IND          0.225      0.126      1.788      0.074

 Residual Variances
    ABFAS_CI           0.000      0.000    999.000    999.000
    BBFAS_CI           0.000      0.000    999.000    999.000
    CBFAS_CI           0.000      0.000    999.000    999.000
    DBFAS_CI           0.000      0.000    999.000    999.000
    AVRT_IND           0.000      0.000    999.000    999.000
    BVRT_IND           0.000      0.000    999.000    999.000
    CVRT_IND           0.000      0.000    999.000    999.000
    DVRT_IND           0.000      0.000    999.000    999.000
    P2                74.239      6.175     12.023      0.000
    P3                74.239      6.175     12.023      0.000
    P4                74.239      6.175     12.023      0.000
    V2               130.299      9.887     13.178      0.000
    V3               130.299      9.887     13.178      0.000
    V4               130.299      9.887     13.178      0.000

Group LATER

 P1       BY
    ABFAS_CI           1.000      0.000    999.000    999.000

 P2       BY
    BBFAS_CI           1.000      0.000    999.000    999.000

 P3       BY
    CBFAS_CI           1.000      0.000    999.000    999.000

 P4       BY
    DBFAS_CI           1.000      0.000    999.000    999.000

 V1       BY
    AVRT_IND           1.000      0.000    999.000    999.000

 V2       BY
    BVRT_IND           1.000      0.000    999.000    999.000

 V3       BY
    CVRT_IND           1.000      0.000    999.000    999.000

 V4       BY
    DVRT_IND           1.000      0.000    999.000    999.000

 P4         ON
    P3                 0.155      0.081      1.907      0.057
    V3                -0.042      0.044     -0.972      0.331

 P3         ON
    P2                 0.155      0.081      1.907      0.057
    V2                -0.042      0.044     -0.972      0.331

 P2         ON
    P1                 0.155      0.081      1.907      0.057
    V1                -0.042      0.044     -0.972      0.331

 V4         ON
    V3                -0.006      0.067     -0.094      0.925
    P3                 0.089      0.075      1.191      0.234

 V3         ON
    V2                -0.006      0.067     -0.094      0.925
    P2                 0.089      0.075      1.191      0.234

 V2         ON
    V1                -0.006      0.067     -0.094      0.925
    P1                 0.089      0.075      1.191      0.234

 S_BFAS_C WITH
    I_BFAS_CI         -0.761      0.818     -0.930      0.352
    S_VRT_IND          0.016      0.099      0.164      0.870
    I_VRT_IND         -4.564      2.460     -1.855      0.064

 I_BFAS_C WITH
    S_VRT_IND          3.732      2.483      1.503      0.133
    I_VRT_IND          5.513     13.048      0.423      0.673

 S_VRT_IN WITH
    I_VRT_IND         -1.948      0.751     -2.593      0.010

 P1       WITH
    V1                 1.887     10.268      0.184      0.854

 P2       WITH
    V2                 3.214      4.994      0.644      0.520

 P3       WITH
    V3                 3.214      4.994      0.644      0.520

 P4       WITH
    V4                 3.214      4.994      0.644      0.520

 Means
    P1                 0.000      0.000    999.000    999.000
    V1                 0.000      0.000    999.000    999.000
    I_BFAS_CI         62.956      0.586    107.481      0.000
    S_BFAS_CI          0.191      0.053      3.640      0.000
    I_VRT_IND         47.164      0.585     80.657      0.000
    S_VRT_IND         -0.313      0.054     -5.820      0.000

 Intercepts
    ABFAS_CI           0.000      0.000    999.000    999.000
    BBFAS_CI           0.000      0.000    999.000    999.000
    CBFAS_CI           0.000      0.000    999.000    999.000
    DBFAS_CI           0.000      0.000    999.000    999.000
    AVRT_IND           0.000      0.000    999.000    999.000
    BVRT_IND           0.000      0.000    999.000    999.000
    CVRT_IND           0.000      0.000    999.000    999.000
    DVRT_IND           0.000      0.000    999.000    999.000
    P2                 0.000      0.000    999.000    999.000
    P3                 0.000      0.000    999.000    999.000
    P4                 0.000      0.000    999.000    999.000
    V2                 0.000      0.000    999.000    999.000
    V3                 0.000      0.000    999.000    999.000
    V4                 0.000      0.000    999.000    999.000

 Variances
    P1                90.565     14.164      6.394      0.000
    V1               121.116     16.387      7.391      0.000
    I_BFAS_CI        227.480     17.231     13.202      0.000
    S_BFAS_CI          0.193      0.141      1.370      0.171
    I_VRT_IND        211.310     18.049     11.707      0.000
    S_VRT_IND          0.225      0.126      1.788      0.074

 Residual Variances
    ABFAS_CI           0.000      0.000    999.000    999.000
    BBFAS_CI           0.000      0.000    999.000    999.000
    CBFAS_CI           0.000      0.000    999.000    999.000
    DBFAS_CI           0.000      0.000    999.000    999.000
    AVRT_IND           0.000      0.000    999.000    999.000
    BVRT_IND           0.000      0.000    999.000    999.000
    CVRT_IND           0.000      0.000    999.000    999.000
    DVRT_IND           0.000      0.000    999.000    999.000
    P2                62.957      6.694      9.405      0.000
    P3                62.957      6.694      9.405      0.000
    P4                62.957      6.694      9.405      0.000
    V2                87.014      8.884      9.794      0.000
    V3                87.014      8.884      9.794      0.000
    V4                87.014      8.884      9.794      0.000


QUALITY OF NUMERICAL RESULTS

     Condition Number for the Information Matrix              0.434E-05
       (ratio of smallest to largest eigenvalue)


     Beginning Time:  17:24:22
        Ending Time:  17:24:41
       Elapsed Time:  00:00:19



MUTHEN & MUTHEN
3463 Stoner Ave.
Los Angeles, CA  90066

Tel: (310) 391-9971
Fax: (310) 391-8971
Web: www.StatModel.com
Support: Support@StatModel.com

Copyright (c) 1998-2017 Muthen & Muthen
