Mplus VERSION 8 (Linux)
MUTHEN & MUTHEN
07/08/2018   6:30 PM

INPUT INSTRUCTIONS


  title: PxVx Bivariate LCM-SR - decadegroup - Linear bfi_o with Linear usi;
  data: file = /home/jflournoy/code_new/lnt_pxvx/Data/lnt_nat_recalc.tsv;

  variable:
  names =
  subjid
  aage
  aaspfin
  aaspfin_d
  abfa_mt
  abfa_mt_d
  abfas_ac
  abfas_ap
  abfas_ci
  abfas_co
  abfas_ea
  abfas_ee
  abfas_nv
  abfas_nv9
  abfas_nw
  abfas_oi
  abfas_oo
  abfi_a
  abfi_a6
  abfi_c
  abfi_d_scale
  abfi_e
  abfi_hp8
  abfi_n
  abfi_o
  abfi_s_scale
  ahrz_col
  ahrz_col_d
  ahrz_ind
  ahrz_ind_d
  amvi
  ausi
  ausi_d
  avrt_col
  avrt_col_d
  avrt_ind
  avrt_ind_d
  bage
  baspfin
  baspfin_d
  bbfa_mt
  bbfa_mt_d
  bbfas_ac
  bbfas_ap
  bbfas_ci
  bbfas_co
  bbfas_ea
  bbfas_ee
  bbfas_nv
  bbfas_nv9
  bbfas_nw
  bbfas_oi
  bbfas_oo
  bbfi_a
  bbfi_a6
  bbfi_c
  bbfi_d_scale
  bbfi_e
  bbfi_hp8
  bbfi_n
  bbfi_o
  bbfi_s_scale
  bhrz_col
  bhrz_col_d
  bhrz_ind
  bhrz_ind_d
  bmvi
  busi
  busi_d
  bvrt_col
  bvrt_col_d
  bvrt_ind
  bvrt_ind_d
  cage
  caspfin
  caspfin_d
  cbfa_mt
  cbfa_mt_d
  cbfas_ac
  cbfas_ap
  cbfas_ci
  cbfas_co
  cbfas_ea
  cbfas_ee
  cbfas_nv
  cbfas_nv9
  cbfas_nw
  cbfas_oi
  cbfas_oo
  cbfi_a
  cbfi_a6
  cbfi_c
  cbfi_d_scale
  cbfi_e
  cbfi_hp8
  cbfi_n
  cbfi_o
  cbfi_s_scale
  chrz_col
  chrz_col_d
  chrz_ind
  chrz_ind_d
  cmvi
  cusi
  cusi_d
  cvrt_col
  cvrt_col_d
  cvrt_ind
  cvrt_ind_d
  dage
  daspfin
  daspfin_d
  dbfa_mt
  dbfa_mt_d
  dbfas_ac
  dbfas_ap
  dbfas_ci
  dbfas_co
  dbfas_ea
  dbfas_ee
  dbfas_nv
  dbfas_nv9
  dbfas_nw
  dbfas_oi
  dbfas_oo
  dbfi_a
  dbfi_a6
  dbfi_c
  dbfi_d_scale
  dbfi_e
  dbfi_hp8
  dbfi_n
  dbfi_o
  dbfi_s_scale
  dhrz_col
  dhrz_col_d
  dhrz_ind
  dhrz_ind_d
  dmvi
  dusi
  dusi_d
  dvrt_col
  dvrt_col_d
  dvrt_ind
  dvrt_ind_d;

  USEVARIABLES =
  abfi_o
  bbfi_o
  cbfi_o
  dbfi_o
  ausi
  busi
  cusi
  dusi
  a1
  a2
  a3
  a4
  aagegrp
  ;

  missing = all (-9999);

  tscores = a1 a2 a3 a4;

  grouping = aagegrp (0=d2, 1=d3, 2=d4, 3=d5);

  DEFINE:

  aagegrp = aage;

  cut aagegrp (29 39 49);

  a1 = aage + 0 - 36;
  a2 = aage + 1 - 36;
  a3 = aage + 2 - 36;
  a4 = aage + 3 - 36;

  ANALYSIS:
  TYPE=RANDOM;
  PROCESSORS = 6;
  model=nocovariances; ! supresses default estimation of certain covs in model;

  MODEL:

  i_bfi_o s_bfi_o | abfi_o bbfi_o cbfi_o dbfi_o AT a1 a2 a3 a4;
  i_usi s_usi | ausi busi cusi dusi AT a1 a2 a3 a4;

  ! freeing factor covs because of "nocovariances"
  ! But ensure they are constrained across groups
  s_bfi_o WITH i_bfi_o (p)
  s_usi (q)
  i_usi (r);
  i_bfi_o WITH s_usi (s)
  i_usi (t);
  s_usi WITH i_usi (u);

  !constrain latent growth means across groups
  [i_bfi_o] (v);
  [s_bfi_o] (w);
  [i_usi] (x);
  [s_usi] (y);

  !constrain latent growth variances across groups
  i_bfi_o (l);
  s_bfi_o (m);
  i_usi (n);
  s_usi (o);

  p1 BY abfi_o@1; ! Residual "factors";
  p2 BY bbfi_o@1;
  p3 BY cbfi_o@1;
  p4 BY dbfi_o@1;

  v1 BY ausi@1; ! Residual "factors";
  v2 BY busi@1;
  v3 BY cusi@1;
  v4 BY dusi@1;

  !residual variances on observed/manifest vars set to 0
  abfi_o@0;
  bbfi_o@0;
  cbfi_o@0;
  dbfi_o@0;

  !residual variances on observed/manifest vars set to 0
  ausi@0;
  busi@0;
  cusi@0;
  dusi@0;

  ! means of observed/manifest vars set to 0
  [abfi_o@0];
  [bbfi_o@0];
  [cbfi_o@0];
  [dbfi_o@0];

  ! means of observed/manifest vars set to 0
  [ausi@0];
  [busi@0];
  [cusi@0];
  [dusi@0];

  [p1@0]; ! means of residual "factors" set to 0
  [p2@0];
  [p3@0];
  [p4@0];

  [v1@0]; ! means of residual "factors" set to 0
  [v2@0];
  [v3@0];
  [v4@0];

  p4 on p3 (a); ! Autoregressive paths constrained to equality
  p3 on p2 (a);
  p2 on p1 (a);

  v4 on v3 (b); ! Autoregressive paths constrained to equality
  v3 on v2 (b);
  v2 on v1 (b);

  p4 on v3 (c); ! Cross-lagged paths constrained to equality
  p3 on v2 (c);
  p2 on v1 (c);

  v4 on p3 (d); ! Cross-lagged paths constrained to equality
  v3 on p2 (d);
  v2 on p1 (d);

  p1 with v1; !(this one is not like the others)

  p2 with v2 (e); ! Within-wave correlations constrained to equality
  p3 with v3 (e);
  p4 with v4 (e);

  p2 p3 p4 (f); ! estimate variances of residual "factors"
  v2 v3 v4 (g); ! estimate variances of residual "factors"

  MODEL d2:

  p4 on p3 (a2); ! Autoregressive paths constrained to equality
  p3 on p2 (a2);
  p2 on p1 (a2);

  v4 on v3 (b2); ! Autoregressive paths constrained to equality
  v3 on v2 (b2);
  v2 on v1 (b2);

  p4 on v3 (c2); ! Cross-lagged paths constrained to equality
  p3 on v2 (c2);
  p2 on v1 (c2);

  v4 on p3 (d2); ! Cross-lagged paths constrained to equality
  v3 on p2 (d2);
  v2 on p1 (d2);

  p1 with v1; !(this one is not like the others)

  p2 with v2 (e2); ! Within-wave correlations constrained to equality
  p3 with v3 (e2);
  p4 with v4 (e2);

  p2 p3 p4 (f2); ! estimate variances of residual "factors"
  v2 v3 v4 (g2); ! estimate variances of residual "factors"

  MODEL d3:

  p4 on p3 (a3); ! Autoregressive paths constrained to equality
  p3 on p2 (a3);
  p2 on p1 (a3);

  v4 on v3 (b3); ! Autoregressive paths constrained to equality
  v3 on v2 (b3);
  v2 on v1 (b3);

  p4 on v3 (c3); ! Cross-lagged paths constrained to equality
  p3 on v2 (c3);
  p2 on v1 (c3);

  v4 on p3 (d3); ! Cross-lagged paths constrained to equality
  v3 on p2 (d3);
  v2 on p1 (d3);

  p1 with v1; !(this one is not like the others)

  p2 with v2 (e3); ! Within-wave correlations constrained to equality
  p3 with v3 (e3);
  p4 with v4 (e3);

  p2 p3 p4 (f3); ! estimate variances of residual "factors"
  v2 v3 v4 (g3); ! estimate variances of residual "factors"

  MODEL d4:

  p4 on p3 (a4); ! Autoregressive paths constrained to equality
  p3 on p2 (a4);
  p2 on p1 (a4);

  v4 on v3 (b4); ! Autoregressive paths constrained to equality
  v3 on v2 (b4);
  v2 on v1 (b4);

  p4 on v3 (c4); ! Cross-lagged paths constrained to equality
  p3 on v2 (c4);
  p2 on v1 (c4);

  v4 on p3 (d4); ! Cross-lagged paths constrained to equality
  v3 on p2 (d4);
  v2 on p1 (d4);

  p1 with v1; !(this one is not like the others)

  p2 with v2 (e4); ! Within-wave correlations constrained to equality
  p3 with v3 (e4);
  p4 with v4 (e4);

  p2 p3 p4 (f4); ! estimate variances of residual "factors"
  v2 v3 v4 (g4); ! estimate variances of residual "factors"

  MODEL d5:

  p4 on p3 (a5); ! Autoregressive paths constrained to equality
  p3 on p2 (a5);
  p2 on p1 (a5);

  v4 on v3 (b5); ! Autoregressive paths constrained to equality
  v3 on v2 (b5);
  v2 on v1 (b5);

  p4 on v3 (c5); ! Cross-lagged paths constrained to equality
  p3 on v2 (c5);
  p2 on v1 (c5);

  v4 on p3 (d5); ! Cross-lagged paths constrained to equality
  v3 on p2 (d5);
  v2 on p1 (d5);

  p1 with v1; !(this one is not like the others)

  p2 with v2 (e5); ! Within-wave correlations constrained to equality
  p3 with v3 (e5);
  p4 with v4 (e5);

  p2 p3 p4 (f5); ! estimate variances of residual "factors"
  v2 v3 v4 (g5); ! estimate variances of residual "factors"

  OUTPUT: SAMPSTAT PATTERNS;



*** WARNING
  Data set contains unknown or missing values for GROUPING,
  PATTERN, COHORT, CLUSTER and/or STRATIFICATION variables.
  Number of cases with unknown or missing values:  5
   1 WARNING(S) FOUND IN THE INPUT INSTRUCTIONS



PxVx Bivariate LCM-SR - decadegroup - Linear bfi_o with Linear usi;

SUMMARY OF ANALYSIS

Number of groups                                                 4
Number of observations
   Group D2                                                    301
   Group D3                                                    233
   Group D4                                                    198
   Group D5                                                    132
   Total sample size                                           864

Number of dependent variables                                    8
Number of independent variables                                  0
Number of continuous latent variables                           12

Observed dependent variables

  Continuous
   ABFI_O      BBFI_O      CBFI_O      DBFI_O      AUSI        BUSI
   CUSI        DUSI

Continuous latent variables
   P1          P2          P3          P4          V1          V2
   V3          V4          I_BFI_O     S_BFI_O     I_USI       S_USI

Variables with special functions

  Grouping variable     AAGEGRP

  Time scores
   A1          A2          A3          A4


Estimator                                                      MLR
Information matrix                                        OBSERVED
Maximum number of iterations                                   100
Convergence criterion                                    0.100D-05
Maximum number of EM iterations                                500
Convergence criteria for the EM algorithm
  Loglikelihood change                                   0.100D-02
  Relative loglikelihood change                          0.100D-05
  Derivative                                             0.100D-03
Minimum variance                                         0.100D-03
Maximum number of steepest descent iterations                   20
Maximum number of iterations for H1                           2000
Convergence criterion for H1                             0.100D-03
Optimization algorithm                                         EMA

Input data file(s)
  /home/jflournoy/code_new/lnt_pxvx/Data/lnt_nat_recalc.tsv
Input data format  FREE


SUMMARY OF DATA

   Group D2
     Number of missing data patterns            14

   Group D3
     Number of missing data patterns            11

   Group D4
     Number of missing data patterns            15

   Group D5
     Number of missing data patterns             9


SUMMARY OF MISSING DATA PATTERNS


     MISSING DATA PATTERNS (x = not missing) FOR D2

           1  2  3  4  5  6  7  8  9 10 11 12 13 14
 ABFI_O    x  x  x  x  x  x  x  x  x  x  x  x  x  x
 BBFI_O    x     x  x  x  x           x  x  x     x
 CBFI_O    x        x     x     x  x  x  x  x  x
 DBFI_O    x     x  x        x     x     x     x
 AUSI      x  x  x  x  x  x  x  x  x  x  x  x  x  x
 BUSI      x     x  x  x  x           x     x
 CUSI      x              x     x  x     x  x  x
 DUSI      x     x  x        x     x     x  x


     MISSING DATA PATTERN FREQUENCIES FOR D2

    Pattern   Frequency     Pattern   Frequency     Pattern   Frequency
          1         187           6          13          11           2
          2          57           7          11          12           1
          3           6           8           4          13           1
          4           1           9           5          14           1
          5          11          10           1


     MISSING DATA PATTERNS (x = not missing) FOR D3

           1  2  3  4  5  6  7  8  9 10 11
 ABFI_O    x  x  x  x  x  x  x  x  x  x  x
 BBFI_O    x     x  x  x           x  x
 CBFI_O    x           x     x  x     x
 DBFI_O    x     x        x     x     x  x
 AUSI      x  x  x  x  x  x  x  x  x  x  x
 BUSI      x     x  x  x              x
 CUSI      x           x     x  x     x
 DUSI      x     x        x     x


     MISSING DATA PATTERN FREQUENCIES FOR D3

    Pattern   Frequency     Pattern   Frequency     Pattern   Frequency
          1         140           5           6           9           1
          2          43           6           3          10           1
          3           8           7           7          11           2
          4          15           8           7


     MISSING DATA PATTERNS (x = not missing) FOR D4

           1  2  3  4  5  6  7  8  9 10 11 12 13 14 15
 ABFI_O    x  x  x  x  x  x  x  x  x  x  x  x  x  x  x
 BBFI_O    x     x  x  x  x           x     x     x
 CBFI_O    x        x     x     x  x  x  x           x
 DBFI_O    x     x  x        x     x  x  x        x
 AUSI      x  x  x  x  x  x  x  x  x  x  x  x     x  x
 BUSI      x     x  x  x  x
 CUSI      x              x     x  x  x  x
 DUSI      x     x  x        x     x  x           x


     MISSING DATA PATTERN FREQUENCIES FOR D4

    Pattern   Frequency     Pattern   Frequency     Pattern   Frequency
          1         104           6          15          11           1
          2          39           7           4          12           3
          3           7           8           4          13           1
          4           1           9           5          14           1
          5          11          10           1          15           1


     MISSING DATA PATTERNS (x = not missing) FOR D5

           1  2  3  4  5  6  7  8  9
 ABFI_O    x  x  x  x  x  x  x  x
 BBFI_O    x     x  x  x
 CBFI_O    x           x     x  x
 DBFI_O    x     x        x     x  x
 AUSI      x  x  x  x  x  x  x  x  x
 BUSI      x     x  x  x
 CUSI      x           x     x  x
 DUSI      x     x        x     x  x


     MISSING DATA PATTERN FREQUENCIES FOR D5

    Pattern   Frequency     Pattern   Frequency     Pattern   Frequency
          1          61           4          10           7           6
          2          29           5          11           8           4
          3           5           6           5           9           1


COVARIANCE COVERAGE OF DATA

Minimum covariance coverage value   0.100


     PROPORTION OF DATA PRESENT FOR D2


           Covariance Coverage
              ABFI_O        BBFI_O        CBFI_O        DBFI_O        AUSI
              ________      ________      ________      ________      ________
 ABFI_O         1.000
 BBFI_O         0.741         0.741
 CBFI_O         0.714         0.681         0.714
 DBFI_O         0.708         0.651         0.651         0.708
 AUSI           1.000         0.741         0.714         0.708         1.000
 BUSI           0.731         0.731         0.674         0.645         0.731
 CUSI           0.708         0.674         0.708         0.648         0.708
 DUSI           0.708         0.654         0.651         0.704         0.708


           Covariance Coverage
              BUSI          CUSI          DUSI
              ________      ________      ________
 BUSI           0.731
 CUSI           0.668         0.708
 DUSI           0.648         0.648         0.708


     PROPORTION OF DATA PRESENT FOR D3


           Covariance Coverage
              ABFI_O        BBFI_O        CBFI_O        DBFI_O        AUSI
              ________      ________      ________      ________      ________
 ABFI_O         1.000
 BBFI_O         0.751         0.751
 CBFI_O         0.725         0.691         0.725
 DBFI_O         0.742         0.708         0.678         0.742
 AUSI           1.000         0.751         0.725         0.742         1.000
 BUSI           0.742         0.742         0.682         0.700         0.742
 CUSI           0.657         0.622         0.657         0.614         0.657
 DUSI           0.742         0.708         0.678         0.742         0.742


           Covariance Coverage
              BUSI          CUSI          DUSI
              ________      ________      ________
 BUSI           0.742
 CUSI           0.614         0.657
 DUSI           0.700         0.614         0.742


     PROPORTION OF DATA PRESENT FOR D4


           Covariance Coverage
              ABFI_O        BBFI_O        CBFI_O        DBFI_O        AUSI
              ________      ________      ________      ________      ________
 ABFI_O         1.000
 BBFI_O         0.732         0.732
 CBFI_O         0.687         0.636         0.687
 DBFI_O         0.626         0.576         0.571         0.626
 AUSI           1.000         0.732         0.687         0.626         1.000
 BUSI           0.722         0.722         0.631         0.571         0.722
 CUSI           0.677         0.626         0.677         0.566         0.677
 DUSI           0.631         0.586         0.576         0.616         0.631


           Covariance Coverage
              BUSI          CUSI          DUSI
              ________      ________      ________
 BUSI           0.722
 CUSI           0.621         0.677
 DUSI           0.581         0.571         0.631


     PROPORTION OF DATA PRESENT FOR D5


           Covariance Coverage
              ABFI_O        BBFI_O        CBFI_O        DBFI_O        AUSI
              ________      ________      ________      ________      ________
 ABFI_O         1.000
 BBFI_O         0.697         0.697
 CBFI_O         0.614         0.576         0.614
 DBFI_O         0.629         0.576         0.545         0.629
 AUSI           1.000         0.697         0.614         0.629         1.000
 BUSI           0.697         0.697         0.576         0.576         0.697
 CUSI           0.538         0.500         0.538         0.470         0.538
 DUSI           0.629         0.576         0.545         0.629         0.629


           Covariance Coverage
              BUSI          CUSI          DUSI
              ________      ________      ________
 BUSI           0.697
 CUSI           0.500         0.538
 DUSI           0.576         0.470         0.629


SAMPLE STATISTICS


     ESTIMATED SAMPLE STATISTICS FOR D2


           Means
              ABFI_O        BBFI_O        CBFI_O        DBFI_O        AUSI
              ________      ________      ________      ________      ________
               74.525        74.112        72.940        72.060        32.291


           Means
              BUSI          CUSI          DUSI
              ________      ________      ________
               31.596        31.274        31.199


           Covariances
              ABFI_O        BBFI_O        CBFI_O        DBFI_O        AUSI
              ________      ________      ________      ________      ________
 ABFI_O       225.158
 BBFI_O       179.696       220.208
 CBFI_O       191.458       182.054       249.306
 DBFI_O       170.048       174.063       208.303       250.555
 AUSI         -58.908       -51.464       -53.049       -56.580       252.024
 BUSI         -72.594       -63.932       -74.780       -68.607       200.314
 CUSI         -53.309       -40.402       -53.322       -57.950       185.224
 DUSI         -48.539       -43.353       -49.771       -50.227       184.719


           Covariances
              BUSI          CUSI          DUSI
              ________      ________      ________
 BUSI         279.152
 CUSI         208.189       268.783
 DUSI         198.865       211.775       256.163


           Correlations
              ABFI_O        BBFI_O        CBFI_O        DBFI_O        AUSI
              ________      ________      ________      ________      ________
 ABFI_O         1.000
 BBFI_O         0.807         1.000
 CBFI_O         0.808         0.777         1.000
 DBFI_O         0.716         0.741         0.833         1.000
 AUSI          -0.247        -0.218        -0.212        -0.225         1.000
 BUSI          -0.290        -0.258        -0.283        -0.259         0.755
 CUSI          -0.217        -0.166        -0.206        -0.223         0.712
 DUSI          -0.202        -0.183        -0.197        -0.198         0.727


           Correlations
              BUSI          CUSI          DUSI
              ________      ________      ________
 BUSI           1.000
 CUSI           0.760         1.000
 DUSI           0.744         0.807         1.000


     ESTIMATED SAMPLE STATISTICS FOR D3


           Means
              ABFI_O        BBFI_O        CBFI_O        DBFI_O        AUSI
              ________      ________      ________      ________      ________
               75.123        73.772        72.937        72.892        29.156


           Means
              BUSI          CUSI          DUSI
              ________      ________      ________
               29.208        28.925        28.121


           Covariances
              ABFI_O        BBFI_O        CBFI_O        DBFI_O        AUSI
              ________      ________      ________      ________      ________
 ABFI_O       202.548
 BBFI_O       163.689       208.136
 CBFI_O       163.510       177.929       236.772
 DBFI_O       154.715       165.297       182.468       211.195
 AUSI         -49.536       -46.896       -48.115       -53.164       263.349
 BUSI         -45.931       -44.423       -42.671       -34.417       189.055
 CUSI         -54.320       -40.444       -47.275       -47.236       183.613
 DUSI         -46.073       -37.055       -41.526       -38.365       172.929


           Covariances
              BUSI          CUSI          DUSI
              ________      ________      ________
 BUSI         249.304
 CUSI         190.535       267.261
 DUSI         176.546       207.139       253.207


           Correlations
              ABFI_O        BBFI_O        CBFI_O        DBFI_O        AUSI
              ________      ________      ________      ________      ________
 ABFI_O         1.000
 BBFI_O         0.797         1.000
 CBFI_O         0.747         0.802         1.000
 DBFI_O         0.748         0.788         0.816         1.000
 AUSI          -0.214        -0.200        -0.193        -0.225         1.000
 BUSI          -0.204        -0.195        -0.176        -0.150         0.738
 CUSI          -0.233        -0.171        -0.188        -0.199         0.692
 DUSI          -0.203        -0.161        -0.170        -0.166         0.670


           Correlations
              BUSI          CUSI          DUSI
              ________      ________      ________
 BUSI           1.000
 CUSI           0.738         1.000
 DUSI           0.703         0.796         1.000


     ESTIMATED SAMPLE STATISTICS FOR D4


           Means
              ABFI_O        BBFI_O        CBFI_O        DBFI_O        AUSI
              ________      ________      ________      ________      ________
               73.194        72.386        71.145        73.386        26.625


           Means
              BUSI          CUSI          DUSI
              ________      ________      ________
               25.942        25.477        26.589


           Covariances
              ABFI_O        BBFI_O        CBFI_O        DBFI_O        AUSI
              ________      ________      ________      ________      ________
 ABFI_O       222.470
 BBFI_O       200.544       250.234
 CBFI_O       213.732       227.995       276.893
 DBFI_O       201.628       210.796       230.120       254.700
 AUSI         -36.149       -37.964       -36.730       -24.338       279.234
 BUSI         -44.613       -44.246       -49.678       -43.757       228.896
 CUSI         -26.156       -21.737       -33.793       -17.091       226.723
 DUSI         -28.292       -18.432       -28.852       -20.903       200.254


           Covariances
              BUSI          CUSI          DUSI
              ________      ________      ________
 BUSI         297.921
 CUSI         225.487       267.079
 DUSI         202.864       213.037       244.466


           Correlations
              ABFI_O        BBFI_O        CBFI_O        DBFI_O        AUSI
              ________      ________      ________      ________      ________
 ABFI_O         1.000
 BBFI_O         0.850         1.000
 CBFI_O         0.861         0.866         1.000
 DBFI_O         0.847         0.835         0.867         1.000
 AUSI          -0.145        -0.144        -0.132        -0.091         1.000
 BUSI          -0.173        -0.162        -0.173        -0.159         0.794
 CUSI          -0.107        -0.084        -0.124        -0.066         0.830
 DUSI          -0.121        -0.075        -0.111        -0.084         0.766


           Correlations
              BUSI          CUSI          DUSI
              ________      ________      ________
 BUSI           1.000
 CUSI           0.799         1.000
 DUSI           0.752         0.834         1.000


     ESTIMATED SAMPLE STATISTICS FOR D5


           Means
              ABFI_O        BBFI_O        CBFI_O        DBFI_O        AUSI
              ________      ________      ________      ________      ________
               74.343        74.314        72.243        71.119        24.299


           Means
              BUSI          CUSI          DUSI
              ________      ________      ________
               23.218        25.228        25.400


           Covariances
              ABFI_O        BBFI_O        CBFI_O        DBFI_O        AUSI
              ________      ________      ________      ________      ________
 ABFI_O       254.694
 BBFI_O       212.503       234.982
 CBFI_O       223.329       221.674       287.248
 DBFI_O       248.194       237.066       268.655       309.298
 AUSI         -49.840       -44.055       -47.881       -43.782       212.972
 BUSI         -81.475       -69.208       -94.313       -87.954       166.533
 CUSI         -52.014       -52.799       -69.030       -60.936       198.539
 DUSI         -67.157       -54.771       -71.800       -72.293       183.099


           Covariances
              BUSI          CUSI          DUSI
              ________      ________      ________
 BUSI         222.613
 CUSI         201.691       321.710
 DUSI         191.842       235.814       275.459


           Correlations
              ABFI_O        BBFI_O        CBFI_O        DBFI_O        AUSI
              ________      ________      ________      ________      ________
 ABFI_O         1.000
 BBFI_O         0.869         1.000
 CBFI_O         0.826         0.853         1.000
 DBFI_O         0.884         0.879         0.901         1.000
 AUSI          -0.214        -0.197        -0.194        -0.171         1.000
 BUSI          -0.342        -0.303        -0.373        -0.335         0.765
 CUSI          -0.182        -0.192        -0.227        -0.193         0.758
 DUSI          -0.254        -0.215        -0.255        -0.248         0.756


           Correlations
              BUSI          CUSI          DUSI
              ________      ________      ________
 BUSI           1.000
 CUSI           0.754         1.000
 DUSI           0.775         0.792         1.000


     MAXIMUM LOG-LIKELIHOOD VALUE FOR THE UNRESTRICTED (H1) MODEL IS -19974.472


UNIVARIATE SAMPLE STATISTICS


     UNIVARIATE HIGHER-ORDER MOMENT DESCRIPTIVE STATISTICS FOR D2

         Variable/         Mean/     Skewness/   Minimum/ % with                Percentiles
        Sample Size      Variance    Kurtosis    Maximum  Min/Max      20%/60%    40%/80%    Median

     ABFI_O               74.525      -0.610      30.000    0.33%      62.500     72.500     75.000
             301.000     225.158      -0.073     100.000    1.66%      80.000     87.500
     BBFI_O               74.096      -0.620      22.500    0.45%      62.500     72.500     75.000
             223.000     212.981       0.140     100.000    2.24%      80.000     87.500
     CBFI_O               73.111      -0.519      35.000    1.86%      60.000     70.000     75.000
             215.000     243.143      -0.442     100.000    0.47%      80.000     87.500
     DBFI_O               72.666      -0.512      22.500    0.47%      60.000     70.000     75.000
             213.000     240.244      -0.215     100.000    1.41%      77.500     85.000
     AUSI                 32.291       0.077       0.000    1.99%      16.667     25.000     33.333
             301.000     252.024      -0.693      75.000    0.33%      37.500     45.833
     BUSI                 31.379      -0.125       0.000    3.18%      16.667     25.000     33.333
             220.000     270.694      -0.949      70.833    0.45%      37.500     45.833
     CUSI                 31.534       0.092       0.000    3.76%      16.667     25.000     29.167
             213.000     263.128      -0.562      70.833    1.41%      37.500     45.833
     DUSI                 30.966       0.158       0.000    1.88%      16.667     25.000     29.167
             213.000     247.967      -0.253      87.500    0.47%      33.333     45.833


     UNIVARIATE HIGHER-ORDER MOMENT DESCRIPTIVE STATISTICS FOR D3

         Variable/         Mean/     Skewness/   Minimum/ % with                Percentiles
        Sample Size      Variance    Kurtosis    Maximum  Min/Max      20%/60%    40%/80%    Median

     ABFI_O               75.123      -0.393      27.500    0.86%      62.500     70.000     75.000
             233.000     202.548      -0.091     100.000    2.58%      80.000     87.500
     BBFI_O               73.894      -0.282      37.500    2.92%      60.000     70.000     75.000
             171.000     201.247      -0.423     100.000    0.58%      77.500     87.500
     CBFI_O               72.492      -0.452      30.000    0.62%      60.000     70.000     72.500
             161.000     232.735      -0.127     100.000    0.62%      77.500     87.500
     DBFI_O               72.900      -0.636      30.000    0.62%      62.500     70.000     75.000
             161.000     214.516       0.031      97.500    1.24%      77.500     85.000
     AUSI                 29.156       0.174       0.000    4.72%      12.500     25.000     29.167
             233.000     263.349      -0.250      87.500    0.43%      33.333     41.667
     BUSI                 28.539       0.077       0.000    5.88%      12.500     25.000     29.167
             170.000     253.128      -0.557      75.000    0.59%      33.333     41.667
     CUSI                 28.530       0.216       0.000    4.35%      12.500     25.000     29.167
             161.000     273.141      -0.550      75.000    0.62%      33.333     41.667
     DUSI                 27.157       0.320       0.000    5.06%      12.500     20.833     25.000
             158.000     252.032      -0.379      75.000    0.63%      33.333     41.667


     UNIVARIATE HIGHER-ORDER MOMENT DESCRIPTIVE STATISTICS FOR D4

         Variable/         Mean/     Skewness/   Minimum/ % with                Percentiles
        Sample Size      Variance    Kurtosis    Maximum  Min/Max      20%/60%    40%/80%    Median

     ABFI_O               73.194      -0.276      35.000    0.51%      60.000     70.000     73.750
             198.000     222.470      -0.617     100.000    1.01%      77.500     87.500
     BBFI_O               73.364      -0.392      32.500    0.70%      60.000     70.000     75.000
             143.000     255.207      -0.580     100.000    0.70%      80.000     90.000
     CBFI_O               72.367      -0.451      27.500    0.76%      60.000     70.000     75.000
             132.000     280.049      -0.333     100.000    3.03%      77.500     87.500
     DBFI_O               73.936      -0.698      30.000    0.81%      60.000     70.000     75.000
             124.000     274.369      -0.176      97.500    4.84%      80.000     90.000
     AUSI                 26.616       0.170       0.000    7.11%      10.000     20.833     25.000
             197.000     279.249      -0.977      66.667    1.02%      33.333     41.667
     BUSI                 26.045       0.419       0.000    7.97%      12.500     20.833     25.000
             138.000     290.480      -0.369      75.000    0.72%      29.167     41.667
     CUSI                 26.314       0.425       0.000    6.15%      12.500     20.833     25.000
             130.000     266.302       0.000      83.333    0.77%      29.167     41.667
     DUSI                 27.249       0.107       0.000    6.50%      12.500     25.000     29.167
             123.000     246.996      -0.661      62.500    0.81%      29.167     41.667


     UNIVARIATE HIGHER-ORDER MOMENT DESCRIPTIVE STATISTICS FOR D5

         Variable/         Mean/     Skewness/   Minimum/ % with                Percentiles
        Sample Size      Variance    Kurtosis    Maximum  Min/Max      20%/60%    40%/80%    Median

     ABFI_O               74.470      -0.319      30.000    0.76%      60.000     70.000     75.000
             131.000     254.085      -0.473     100.000    5.34%      80.556     87.500
     BBFI_O               74.638      -0.522      30.556    1.15%      62.500     70.000     75.000
              87.000     233.340       0.054     100.000    2.30%      80.000     87.500
     CBFI_O               72.652      -0.822      12.500    1.22%      60.000     70.000     75.000
              82.000     284.657       1.122     100.000    2.44%      77.500     87.500
     DBFI_O               74.112      -0.762      15.000    1.32%      57.500     72.500     76.250
              76.000     293.043       0.548     100.000    1.32%      82.500     90.000
     AUSI                 24.299       0.313       0.000    6.06%      12.500     20.833     25.000
             132.000     212.972      -0.487      66.667    0.76%      25.000     37.500
     BUSI                 22.557       0.254       0.000    6.90%       8.333     16.667     20.833
              87.000     202.168      -0.727      58.333    1.15%      25.000     37.500
     CUSI                 24.593       0.632       0.000    2.44%       8.333     16.667     20.833
              82.000     285.234      -0.503      66.667    1.22%      25.000     41.667
     DUSI                 24.013       0.209       0.000   11.84%       8.333     16.667     25.000
              76.000     253.960      -0.891      58.333    1.32%      25.000     37.500


THE MODEL ESTIMATION TERMINATED NORMALLY



MODEL FIT INFORMATION

Number of Free Parameters                       54

Loglikelihood

          H0 Value                      -20053.518
          H0 Scaling Correction Factor      1.1930
            for MLR

Information Criteria

          Akaike (AIC)                   40215.037
          Bayesian (BIC)                 40472.162
          Sample-Size Adjusted BIC       40300.671
            (n* = (n + 2) / 24)



MODEL RESULTS

                                                    Two-Tailed
                    Estimate       S.E.  Est./S.E.    P-Value

Group D2

 P1       BY
    ABFI_O             1.000      0.000    999.000    999.000

 P2       BY
    BBFI_O             1.000      0.000    999.000    999.000

 P3       BY
    CBFI_O             1.000      0.000    999.000    999.000

 P4       BY
    DBFI_O             1.000      0.000    999.000    999.000

 V1       BY
    AUSI               1.000      0.000    999.000    999.000

 V2       BY
    BUSI               1.000      0.000    999.000    999.000

 V3       BY
    CUSI               1.000      0.000    999.000    999.000

 V4       BY
    DUSI               1.000      0.000    999.000    999.000

 P4         ON
    P3                 0.309      0.110      2.813      0.005
    V3                -0.075      0.056     -1.338      0.181

 P3         ON
    P2                 0.309      0.110      2.813      0.005
    V2                -0.075      0.056     -1.338      0.181

 P2         ON
    P1                 0.309      0.110      2.813      0.005
    V1                -0.075      0.056     -1.338      0.181

 V4         ON
    V3                 0.175      0.086      2.047      0.041
    P3                 0.007      0.099      0.072      0.943

 V3         ON
    V2                 0.175      0.086      2.047      0.041
    P2                 0.007      0.099      0.072      0.943

 V2         ON
    V1                 0.175      0.086      2.047      0.041
    P1                 0.007      0.099      0.072      0.943

 S_BFI_O  WITH
    I_BFI_O            0.972      0.569      1.709      0.088
    S_USI             -0.012      0.089     -0.136      0.891
    I_USI              0.640      1.538      0.416      0.678

 I_BFI_O  WITH
    S_USI              0.233      1.593      0.146      0.884
    I_USI            -45.517     10.515     -4.329      0.000

 S_USI    WITH
    I_USI              0.027      0.487      0.056      0.956

 P1       WITH
    V1                -3.868      6.357     -0.608      0.543

 P2       WITH
    V2                -1.336      4.236     -0.315      0.752

 P3       WITH
    V3                -1.336      4.236     -0.315      0.752

 P4       WITH
    V4                -1.336      4.236     -0.315      0.752

 Means
    P1                 0.000      0.000    999.000    999.000
    V1                 0.000      0.000    999.000    999.000
    I_BFI_O           73.604      0.497    148.231      0.000
    S_BFI_O           -0.098      0.047     -2.101      0.036
    I_USI             28.869      0.515     56.013      0.000
    S_USI             -0.254      0.047     -5.403      0.000

 Intercepts
    ABFI_O             0.000      0.000    999.000    999.000
    BBFI_O             0.000      0.000    999.000    999.000
    CBFI_O             0.000      0.000    999.000    999.000
    DBFI_O             0.000      0.000    999.000    999.000
    AUSI               0.000      0.000    999.000    999.000
    BUSI               0.000      0.000    999.000    999.000
    CUSI               0.000      0.000    999.000    999.000
    DUSI               0.000      0.000    999.000    999.000
    P2                 0.000      0.000    999.000    999.000
    P3                 0.000      0.000    999.000    999.000
    P4                 0.000      0.000    999.000    999.000
    V2                 0.000      0.000    999.000    999.000
    V3                 0.000      0.000    999.000    999.000
    V4                 0.000      0.000    999.000    999.000

 Variances
    P1                56.834     10.906      5.211      0.000
    V1                74.343     12.718      5.846      0.000
    I_BFI_O          173.011     12.766     13.552      0.000
    S_BFI_O            0.076      0.108      0.706      0.480
    I_USI            182.476     14.914     12.235      0.000
    S_USI              0.052      0.117      0.448      0.654

 Residual Variances
    ABFI_O             0.000      0.000    999.000    999.000
    BBFI_O             0.000      0.000    999.000    999.000
    CBFI_O             0.000      0.000    999.000    999.000
    DBFI_O             0.000      0.000    999.000    999.000
    AUSI               0.000      0.000    999.000    999.000
    BUSI               0.000      0.000    999.000    999.000
    CUSI               0.000      0.000    999.000    999.000
    DUSI               0.000      0.000    999.000    999.000
    P2                61.853      6.530      9.472      0.000
    P3                61.853      6.530      9.472      0.000
    P4                61.853      6.530      9.472      0.000
    V2                70.550      7.565      9.326      0.000
    V3                70.550      7.565      9.326      0.000
    V4                70.550      7.565      9.326      0.000

Group D3

 P1       BY
    ABFI_O             1.000      0.000    999.000    999.000

 P2       BY
    BBFI_O             1.000      0.000    999.000    999.000

 P3       BY
    CBFI_O             1.000      0.000    999.000    999.000

 P4       BY
    DBFI_O             1.000      0.000    999.000    999.000

 V1       BY
    AUSI               1.000      0.000    999.000    999.000

 V2       BY
    BUSI               1.000      0.000    999.000    999.000

 V3       BY
    CUSI               1.000      0.000    999.000    999.000

 V4       BY
    DUSI               1.000      0.000    999.000    999.000

 P4         ON
    P3                 0.194      0.107      1.802      0.072
    V3                -0.012      0.054     -0.214      0.830

 P3         ON
    P2                 0.194      0.107      1.802      0.072
    V2                -0.012      0.054     -0.214      0.830

 P2         ON
    P1                 0.194      0.107      1.802      0.072
    V1                -0.012      0.054     -0.214      0.830

 V4         ON
    V3                 0.211      0.077      2.727      0.006
    P3                 0.037      0.090      0.409      0.683

 V3         ON
    V2                 0.211      0.077      2.727      0.006
    P2                 0.037      0.090      0.409      0.683

 V2         ON
    V1                 0.211      0.077      2.727      0.006
    P1                 0.037      0.090      0.409      0.683

 S_BFI_O  WITH
    I_BFI_O            0.972      0.569      1.709      0.088
    S_USI             -0.012      0.089     -0.136      0.891
    I_USI              0.640      1.538      0.416      0.678

 I_BFI_O  WITH
    S_USI              0.233      1.593      0.146      0.884
    I_USI            -45.517     10.515     -4.329      0.000

 S_USI    WITH
    I_USI              0.027      0.487      0.056      0.956

 P1       WITH
    V1                 4.446      8.184      0.543      0.587

 P2       WITH
    V2                -1.686      4.935     -0.342      0.733

 P3       WITH
    V3                -1.686      4.935     -0.342      0.733

 P4       WITH
    V4                -1.686      4.935     -0.342      0.733

 Means
    P1                 0.000      0.000    999.000    999.000
    V1                 0.000      0.000    999.000    999.000
    I_BFI_O           73.604      0.497    148.231      0.000
    S_BFI_O           -0.098      0.047     -2.101      0.036
    I_USI             28.869      0.515     56.013      0.000
    S_USI             -0.254      0.047     -5.403      0.000

 Intercepts
    ABFI_O             0.000      0.000    999.000    999.000
    BBFI_O             0.000      0.000    999.000    999.000
    CBFI_O             0.000      0.000    999.000    999.000
    DBFI_O             0.000      0.000    999.000    999.000
    AUSI               0.000      0.000    999.000    999.000
    BUSI               0.000      0.000    999.000    999.000
    CUSI               0.000      0.000    999.000    999.000
    DUSI               0.000      0.000    999.000    999.000
    P2                 0.000      0.000    999.000    999.000
    P3                 0.000      0.000    999.000    999.000
    P4                 0.000      0.000    999.000    999.000
    V2                 0.000      0.000    999.000    999.000
    V3                 0.000      0.000    999.000    999.000
    V4                 0.000      0.000    999.000    999.000

 Variances
    P1                54.701      8.216      6.658      0.000
    V1                92.471     12.903      7.166      0.000
    I_BFI_O          173.011     12.766     13.552      0.000
    S_BFI_O            0.076      0.108      0.706      0.480
    I_USI            182.476     14.914     12.235      0.000
    S_USI              0.052      0.117      0.448      0.654

 Residual Variances
    ABFI_O             0.000      0.000    999.000    999.000
    BBFI_O             0.000      0.000    999.000    999.000
    CBFI_O             0.000      0.000    999.000    999.000
    DBFI_O             0.000      0.000    999.000    999.000
    AUSI               0.000      0.000    999.000    999.000
    BUSI               0.000      0.000    999.000    999.000
    CUSI               0.000      0.000    999.000    999.000
    DUSI               0.000      0.000    999.000    999.000
    P2                50.352      6.797      7.408      0.000
    P3                50.352      6.797      7.408      0.000
    P4                50.352      6.797      7.408      0.000
    V2                73.713      8.595      8.577      0.000
    V3                73.713      8.595      8.577      0.000
    V4                73.713      8.595      8.577      0.000

Group D4

 P1       BY
    ABFI_O             1.000      0.000    999.000    999.000

 P2       BY
    BBFI_O             1.000      0.000    999.000    999.000

 P3       BY
    CBFI_O             1.000      0.000    999.000    999.000

 P4       BY
    DBFI_O             1.000      0.000    999.000    999.000

 V1       BY
    AUSI               1.000      0.000    999.000    999.000

 V2       BY
    BUSI               1.000      0.000    999.000    999.000

 V3       BY
    CUSI               1.000      0.000    999.000    999.000

 V4       BY
    DUSI               1.000      0.000    999.000    999.000

 P4         ON
    P3                 0.117      0.136      0.863      0.388
    V3                -0.040      0.068     -0.589      0.556

 P3         ON
    P2                 0.117      0.136      0.863      0.388
    V2                -0.040      0.068     -0.589      0.556

 P2         ON
    P1                 0.117      0.136      0.863      0.388
    V1                -0.040      0.068     -0.589      0.556

 V4         ON
    V3                 0.116      0.110      1.053      0.293
    P3                 0.000      0.086     -0.001      0.999

 V3         ON
    V2                 0.116      0.110      1.053      0.293
    P2                 0.000      0.086     -0.001      0.999

 V2         ON
    V1                 0.116      0.110      1.053      0.293
    P1                 0.000      0.086     -0.001      0.999

 S_BFI_O  WITH
    I_BFI_O            0.972      0.569      1.709      0.088
    S_USI             -0.012      0.089     -0.136      0.891
    I_USI              0.640      1.538      0.416      0.678

 I_BFI_O  WITH
    S_USI              0.233      1.593      0.146      0.884
    I_USI            -45.517     10.515     -4.329      0.000

 S_USI    WITH
    I_USI              0.027      0.487      0.056      0.956

 P1       WITH
    V1                -0.459      5.355     -0.086      0.932

 P2       WITH
    V2                -2.753      4.885     -0.564      0.573

 P3       WITH
    V3                -2.753      4.885     -0.564      0.573

 P4       WITH
    V4                -2.753      4.885     -0.564      0.573

 Means
    P1                 0.000      0.000    999.000    999.000
    V1                 0.000      0.000    999.000    999.000
    I_BFI_O           73.604      0.497    148.231      0.000
    S_BFI_O           -0.098      0.047     -2.101      0.036
    I_USI             28.869      0.515     56.013      0.000
    S_USI             -0.254      0.047     -5.403      0.000

 Intercepts
    ABFI_O             0.000      0.000    999.000    999.000
    BBFI_O             0.000      0.000    999.000    999.000
    CBFI_O             0.000      0.000    999.000    999.000
    DBFI_O             0.000      0.000    999.000    999.000
    AUSI               0.000      0.000    999.000    999.000
    BUSI               0.000      0.000    999.000    999.000
    CUSI               0.000      0.000    999.000    999.000
    DUSI               0.000      0.000    999.000    999.000
    P2                 0.000      0.000    999.000    999.000
    P3                 0.000      0.000    999.000    999.000
    P4                 0.000      0.000    999.000    999.000
    V2                 0.000      0.000    999.000    999.000
    V3                 0.000      0.000    999.000    999.000
    V4                 0.000      0.000    999.000    999.000

 Variances
    P1                31.410      6.202      5.065      0.000
    V1                59.990     11.430      5.248      0.000
    I_BFI_O          173.011     12.766     13.552      0.000
    S_BFI_O            0.076      0.108      0.706      0.480
    I_USI            182.476     14.914     12.235      0.000
    S_USI              0.052      0.117      0.448      0.654

 Residual Variances
    ABFI_O             0.000      0.000    999.000    999.000
    BBFI_O             0.000      0.000    999.000    999.000
    CBFI_O             0.000      0.000    999.000    999.000
    DBFI_O             0.000      0.000    999.000    999.000
    AUSI               0.000      0.000    999.000    999.000
    BUSI               0.000      0.000    999.000    999.000
    CUSI               0.000      0.000    999.000    999.000
    DUSI               0.000      0.000    999.000    999.000
    P2                43.020      6.920      6.217      0.000
    P3                43.020      6.920      6.217      0.000
    P4                43.020      6.920      6.217      0.000
    V2                60.377      8.592      7.027      0.000
    V3                60.377      8.592      7.027      0.000
    V4                60.377      8.592      7.027      0.000

Group D5

 P1       BY
    ABFI_O             1.000      0.000    999.000    999.000

 P2       BY
    BBFI_O             1.000      0.000    999.000    999.000

 P3       BY
    CBFI_O             1.000      0.000    999.000    999.000

 P4       BY
    DBFI_O             1.000      0.000    999.000    999.000

 V1       BY
    AUSI               1.000      0.000    999.000    999.000

 V2       BY
    BUSI               1.000      0.000    999.000    999.000

 V3       BY
    CUSI               1.000      0.000    999.000    999.000

 V4       BY
    DUSI               1.000      0.000    999.000    999.000

 P4         ON
    P3                 0.274      0.152      1.807      0.071
    V3                -0.191      0.113     -1.694      0.090

 P3         ON
    P2                 0.274      0.152      1.807      0.071
    V2                -0.191      0.113     -1.694      0.090

 P2         ON
    P1                 0.274      0.152      1.807      0.071
    V1                -0.191      0.113     -1.694      0.090

 V4         ON
    V3                 0.181      0.201      0.904      0.366
    P3                -0.309      0.209     -1.478      0.139

 V3         ON
    V2                 0.181      0.201      0.904      0.366
    P2                -0.309      0.209     -1.478      0.139

 V2         ON
    V1                 0.181      0.201      0.904      0.366
    P1                -0.309      0.209     -1.478      0.139

 S_BFI_O  WITH
    I_BFI_O            0.972      0.569      1.709      0.088
    S_USI             -0.012      0.089     -0.136      0.891
    I_USI              0.640      1.538      0.416      0.678

 I_BFI_O  WITH
    S_USI              0.233      1.593      0.146      0.884
    I_USI            -45.517     10.515     -4.329      0.000

 S_USI    WITH
    I_USI              0.027      0.487      0.056      0.956

 P1       WITH
    V1                -6.752     11.427     -0.591      0.555

 P2       WITH
    V2               -10.848      7.237     -1.499      0.134

 P3       WITH
    V3               -10.848      7.237     -1.499      0.134

 P4       WITH
    V4               -10.848      7.237     -1.499      0.134

 Means
    P1                 0.000      0.000    999.000    999.000
    V1                 0.000      0.000    999.000    999.000
    I_BFI_O           73.604      0.497    148.231      0.000
    S_BFI_O           -0.098      0.047     -2.101      0.036
    I_USI             28.869      0.515     56.013      0.000
    S_USI             -0.254      0.047     -5.403      0.000

 Intercepts
    ABFI_O             0.000      0.000    999.000    999.000
    BBFI_O             0.000      0.000    999.000    999.000
    CBFI_O             0.000      0.000    999.000    999.000
    DBFI_O             0.000      0.000    999.000    999.000
    AUSI               0.000      0.000    999.000    999.000
    BUSI               0.000      0.000    999.000    999.000
    CUSI               0.000      0.000    999.000    999.000
    DUSI               0.000      0.000    999.000    999.000
    P2                 0.000      0.000    999.000    999.000
    P3                 0.000      0.000    999.000    999.000
    P4                 0.000      0.000    999.000    999.000
    V2                 0.000      0.000    999.000    999.000
    V3                 0.000      0.000    999.000    999.000
    V4                 0.000      0.000    999.000    999.000

 Variances
    P1                46.086     15.548      2.964      0.003
    V1                43.732     16.667      2.624      0.009
    I_BFI_O          173.011     12.766     13.552      0.000
    S_BFI_O            0.076      0.108      0.706      0.480
    I_USI            182.476     14.914     12.235      0.000
    S_USI              0.052      0.117      0.448      0.654

 Residual Variances
    ABFI_O             0.000      0.000    999.000    999.000
    BBFI_O             0.000      0.000    999.000    999.000
    CBFI_O             0.000      0.000    999.000    999.000
    DBFI_O             0.000      0.000    999.000    999.000
    AUSI               0.000      0.000    999.000    999.000
    BUSI               0.000      0.000    999.000    999.000
    CUSI               0.000      0.000    999.000    999.000
    DUSI               0.000      0.000    999.000    999.000
    P2                43.056      8.437      5.103      0.000
    P3                43.056      8.437      5.103      0.000
    P4                43.056      8.437      5.103      0.000
    V2                77.719     15.757      4.932      0.000
    V3                77.719     15.757      4.932      0.000
    V4                77.719     15.757      4.932      0.000


QUALITY OF NUMERICAL RESULTS

     Condition Number for the Information Matrix              0.412E-05
       (ratio of smallest to largest eigenvalue)


     Beginning Time:  18:30:36
        Ending Time:  18:30:53
       Elapsed Time:  00:00:17



MUTHEN & MUTHEN
3463 Stoner Ave.
Los Angeles, CA  90066

Tel: (310) 391-9971
Fax: (310) 391-8971
Web: www.StatModel.com
Support: Support@StatModel.com

Copyright (c) 1998-2017 Muthen & Muthen
