Mplus VERSION 8 (Linux)
MUTHEN & MUTHEN
07/07/2018   4:18 PM

INPUT INSTRUCTIONS


  title: PxVx Bivariate LCM-SR - post mi - Linear bfi_n with Linear mvi;
  data: file = /home/jflournoy/code_new/lnt_pxvx/Data/lnt_nat_recalc.tsv;

  variable:
  names =
  subjid
  aage
  aaspfin
  aaspfin_d
  abfa_mt
  abfa_mt_d
  abfas_ac
  abfas_ap
  abfas_ci
  abfas_co
  abfas_ea
  abfas_ee
  abfas_nv
  abfas_nv9
  abfas_nw
  abfas_oi
  abfas_oo
  abfi_a
  abfi_a6
  abfi_c
  abfi_d_scale
  abfi_e
  abfi_hp8
  abfi_n
  abfi_o
  abfi_s_scale
  ahrz_col
  ahrz_col_d
  ahrz_ind
  ahrz_ind_d
  amvi
  ausi
  ausi_d
  avrt_col
  avrt_col_d
  avrt_ind
  avrt_ind_d
  bage
  baspfin
  baspfin_d
  bbfa_mt
  bbfa_mt_d
  bbfas_ac
  bbfas_ap
  bbfas_ci
  bbfas_co
  bbfas_ea
  bbfas_ee
  bbfas_nv
  bbfas_nv9
  bbfas_nw
  bbfas_oi
  bbfas_oo
  bbfi_a
  bbfi_a6
  bbfi_c
  bbfi_d_scale
  bbfi_e
  bbfi_hp8
  bbfi_n
  bbfi_o
  bbfi_s_scale
  bhrz_col
  bhrz_col_d
  bhrz_ind
  bhrz_ind_d
  bmvi
  busi
  busi_d
  bvrt_col
  bvrt_col_d
  bvrt_ind
  bvrt_ind_d
  cage
  caspfin
  caspfin_d
  cbfa_mt
  cbfa_mt_d
  cbfas_ac
  cbfas_ap
  cbfas_ci
  cbfas_co
  cbfas_ea
  cbfas_ee
  cbfas_nv
  cbfas_nv9
  cbfas_nw
  cbfas_oi
  cbfas_oo
  cbfi_a
  cbfi_a6
  cbfi_c
  cbfi_d_scale
  cbfi_e
  cbfi_hp8
  cbfi_n
  cbfi_o
  cbfi_s_scale
  chrz_col
  chrz_col_d
  chrz_ind
  chrz_ind_d
  cmvi
  cusi
  cusi_d
  cvrt_col
  cvrt_col_d
  cvrt_ind
  cvrt_ind_d
  dage
  daspfin
  daspfin_d
  dbfa_mt
  dbfa_mt_d
  dbfas_ac
  dbfas_ap
  dbfas_ci
  dbfas_co
  dbfas_ea
  dbfas_ee
  dbfas_nv
  dbfas_nv9
  dbfas_nw
  dbfas_oi
  dbfas_oo
  dbfi_a
  dbfi_a6
  dbfi_c
  dbfi_d_scale
  dbfi_e
  dbfi_hp8
  dbfi_n
  dbfi_o
  dbfi_s_scale
  dhrz_col
  dhrz_col_d
  dhrz_ind
  dhrz_ind_d
  dmvi
  dusi
  dusi_d
  dvrt_col
  dvrt_col_d
  dvrt_ind
  dvrt_ind_d;

  USEVARIABLES =
  abfi_n
  bbfi_n
  cbfi_n
  dbfi_n
  amvi
  bmvi
  cmvi
  dmvi
  a1
  a2
  a3
  a4
  ;

  missing = all (-9999);

  tscores = a1 a2 a3 a4;

  DEFINE:
  a1 = aage + 0 - 36;
  a2 = aage + 1 - 36;
  a3 = aage + 2 - 36;
  a4 = aage + 3 - 36;

  ANALYSIS:
  TYPE=RANDOM;
  PROCESSORS = 6;
  model=nocovariances; ! supresses default estimation of certain covs in model;

  MODEL:

  i_bfi_n s_bfi_n | abfi_n bbfi_n cbfi_n dbfi_n AT a1 a2 a3 a4;
  i_mvi s_mvi | amvi bmvi cmvi dmvi AT a1 a2 a3 a4;

  ! freeing factor covs because of "nocovariances"
  s_bfi_n WITH i_bfi_n s_mvi i_mvi;
  i_bfi_n WITH s_mvi i_mvi;
  s_mvi WITH i_mvi;

  p1 BY abfi_n@1; ! Residual "factors";
  p2 BY bbfi_n@1;
  p3 BY cbfi_n@1;
  p4 BY dbfi_n@1;

  v1 BY amvi@1; ! Residual "factors";
  v2 BY bmvi@1;
  v3 BY cmvi@1;
  v4 BY dmvi@1;

  !residual variances on observed/manifest vars set to 0
  abfi_n@0;
  bbfi_n@0;
  cbfi_n@0;
  dbfi_n@0;

  !residual variances on observed/manifest vars set to 0
  amvi@0;
  bmvi@0;
  cmvi@0;
  dmvi@0;

  ! means of observed/manifest vars set to 0
  [abfi_n@0];
  [bbfi_n@0];
  [cbfi_n@0];
  [dbfi_n@0];

  ! means of observed/manifest vars set to 0
  [amvi@0];
  [bmvi@0];
  [cmvi@0];
  [dmvi@0];

  [p1@0]; ! means of residual "factors" set to 0
  [p2@0];
  [p3@0];
  [p4@0];

  [v1@0]; ! means of residual "factors" set to 0
  [v2@0];
  [v3@0];
  [v4@0];

  p4 on p3 (a); ! Autoregressive paths constrained to equality
  p3 on p2 (a);
  p2 on p1 (a);

  v4 on v3 (b); ! Autoregressive paths constrained to equality
  v3 on v2 (b);
  v2 on v1 (b);

  p4 on v3 (c); ! Cross-lagged paths constrained to equality
  p3 on v2 (c);
  p2 on v1 (c);

  v4 on p3 (d); ! Cross-lagged paths constrained to equality
  v3 on p2 (d);
  v2 on p1 (d);

  p1 with v1; !(this one is not like the others)

  p2 with v2 (e); ! Within-wave correlations constrained to equality
  p3 with v3 (e);
  p4 with v4 (e);

  p2 p3 p4 (f); ! estimate variances of residual "factors"
  v2 v3 v4 (g); ! estimate variances of residual "factors"

  OUTPUT: SAMPSTAT PATTERNS;



*** WARNING
  Data set contains cases with missing on time scores but non-missing on the
  corresponding dependent variables.  These cases were not included in the analysis.
  Number of such cases:  5
   1 WARNING(S) FOUND IN THE INPUT INSTRUCTIONS



PxVx Bivariate LCM-SR - post mi - Linear bfi_n with Linear mvi;

SUMMARY OF ANALYSIS

Number of groups                                                 1
Number of observations                                         864

Number of dependent variables                                    8
Number of independent variables                                  0
Number of continuous latent variables                           12

Observed dependent variables

  Continuous
   ABFI_N      BBFI_N      CBFI_N      DBFI_N      AMVI        BMVI
   CMVI        DMVI

Continuous latent variables
   P1          P2          P3          P4          V1          V2
   V3          V4          I_BFI_N     S_BFI_N     I_MVI       S_MVI

Variables with special functions

  Time scores
   A1          A2          A3          A4


Estimator                                                      MLR
Information matrix                                        OBSERVED
Maximum number of iterations                                   100
Convergence criterion                                    0.100D-05
Maximum number of EM iterations                                500
Convergence criteria for the EM algorithm
  Loglikelihood change                                   0.100D-02
  Relative loglikelihood change                          0.100D-05
  Derivative                                             0.100D-03
Minimum variance                                         0.100D-03
Maximum number of steepest descent iterations                   20
Maximum number of iterations for H1                           2000
Convergence criterion for H1                             0.100D-03
Optimization algorithm                                         EMA

Input data file(s)
  /home/jflournoy/code_new/lnt_pxvx/Data/lnt_nat_recalc.tsv
Input data format  FREE


SUMMARY OF DATA

     Number of missing data patterns            16


SUMMARY OF MISSING DATA PATTERNS


     MISSING DATA PATTERNS (x = not missing)

           1  2  3  4  5  6  7  8  9 10 11 12 13 14 15 16
 ABFI_N    x  x  x  x  x  x  x  x  x  x  x  x     x  x  x
 BBFI_N    x     x  x        x     x  x  x  x
 CBFI_N    x           x     x  x     x     x        x
 DBFI_N    x     x     x  x           x     x  x     x  x
 AMVI      x  x  x  x  x  x  x  x     x  x  x  x     x  x
 BMVI      x     x  x        x     x  x
 CMVI      x           x     x  x     x     x        x
 DMVI      x     x     x  x                 x  x


     MISSING DATA PATTERN FREQUENCIES

    Pattern   Frequency     Pattern   Frequency     Pattern   Frequency
          1         495           7          47          13           1
          2         168           8          22          14           1
          3          27           9           1          15           2
          4          48          10           1          16           2
          5          21          11           3
          6          23          12           2


COVARIANCE COVERAGE OF DATA

Minimum covariance coverage value   0.100


     PROPORTION OF DATA PRESENT


           Covariance Coverage
              ABFI_N        BBFI_N        CBFI_N        DBFI_N        AMVI
              ________      ________      ________      ________      ________
 ABFI_N         0.999
 BBFI_N         0.722         0.722
 CBFI_N         0.683         0.631         0.683
 DBFI_N         0.663         0.608         0.603         0.664
 AMVI           0.997         0.721         0.683         0.664         0.998
 BMVI           0.716         0.716         0.628         0.605         0.715
 CMVI           0.683         0.631         0.683         0.603         0.683
 DMVI           0.657         0.606         0.600         0.659         0.659


           Covariance Coverage
              BMVI          CMVI          DMVI
              ________      ________      ________
 BMVI           0.716
 CMVI           0.628         0.683
 DMVI           0.604         0.600         0.659


SAMPLE STATISTICS


     ESTIMATED SAMPLE STATISTICS


           Means
              ABFI_N        BBFI_N        CBFI_N        DBFI_N        AMVI
              ________      ________      ________      ________      ________
               49.607        49.016        48.087        48.004        64.670


           Means
              BMVI          CMVI          DMVI
              ________      ________      ________
               64.224        64.329        64.083


           Covariances
              ABFI_N        BBFI_N        CBFI_N        DBFI_N        AMVI
              ________      ________      ________      ________      ________
 ABFI_N       458.665
 BBFI_N       362.066       454.129
 CBFI_N       356.787       377.169       451.727
 DBFI_N       370.362       388.001       405.465       496.335
 AMVI          -7.464       -10.828        -9.550        -2.607        63.956
 BMVI          -4.603       -11.421       -10.743        -7.404        49.622
 CMVI          -0.787        -4.053        -2.619        -4.531        48.217
 DMVI          -5.326       -10.633        -7.064       -10.195        45.062


           Covariances
              BMVI          CMVI          DMVI
              ________      ________      ________
 BMVI          62.997
 CMVI          51.813        69.381
 DMVI          48.470        51.557        60.632


           Correlations
              ABFI_N        BBFI_N        CBFI_N        DBFI_N        AMVI
              ________      ________      ________      ________      ________
 ABFI_N         1.000
 BBFI_N         0.793         1.000
 CBFI_N         0.784         0.833         1.000
 DBFI_N         0.776         0.817         0.856         1.000
 AMVI          -0.044        -0.064        -0.056        -0.015         1.000
 BMVI          -0.027        -0.068        -0.064        -0.042         0.782
 CMVI          -0.004        -0.023        -0.015        -0.024         0.724
 DMVI          -0.032        -0.064        -0.043        -0.059         0.724


           Correlations
              BMVI          CMVI          DMVI
              ________      ________      ________
 BMVI           1.000
 CMVI           0.784         1.000
 DMVI           0.784         0.795         1.000


     MAXIMUM LOG-LIKELIHOOD VALUE FOR THE UNRESTRICTED (H1) MODEL IS -19080.421


UNIVARIATE SAMPLE STATISTICS


     UNIVARIATE HIGHER-ORDER MOMENT DESCRIPTIVE STATISTICS

         Variable/         Mean/     Skewness/   Minimum/ % with                Percentiles
        Sample Size      Variance    Kurtosis    Maximum  Min/Max      20%/60%    40%/80%    Median

     ABFI_N               49.583       0.031       0.000    0.46%      28.125     43.750     50.000
             863.000     458.460      -0.595     100.000    0.35%      56.250     68.750
     BBFI_N               48.868      -0.055       0.000    0.48%      31.250     43.750     50.000
             624.000     461.225      -0.545     100.000    0.32%      56.250     68.750
     CBFI_N               47.733       0.034       0.000    1.02%      28.125     40.625     46.875
             590.000     458.678      -0.585     100.000    0.34%      53.125     65.625
     DBFI_N               47.461      -0.025       0.000    1.05%      25.000     40.625     46.875
             574.000     496.931      -0.643     100.000    0.35%      53.125     68.750
     AMVI                 64.677       0.026      32.353    0.12%      58.088     62.500     64.706
             862.000      63.962       0.228      92.647    0.12%      66.912     71.324
     BMVI                 64.188       0.003      40.441    0.16%      57.353     61.765     63.971
             619.000      63.530      -0.224      88.235    0.16%      66.176     71.094
     CMVI                 64.316      -0.075      33.088    0.17%      57.353     61.765     63.971
             590.000      70.424       0.095      87.500    0.17%      66.176     71.324
     DMVI                 64.158      -0.028      36.029    0.18%      58.088     62.500     63.971
             569.000      60.815       0.167      85.294    0.35%      66.176     70.588


THE MODEL ESTIMATION TERMINATED NORMALLY



MODEL FIT INFORMATION

Number of Free Parameters                       24

Loglikelihood

          H0 Value                      -19097.523
          H0 Scaling Correction Factor      1.1436
            for MLR

Information Criteria

          Akaike (AIC)                   38243.046
          Bayesian (BIC)                 38357.323
          Sample-Size Adjusted BIC       38281.106
            (n* = (n + 2) / 24)



MODEL RESULTS

                                                    Two-Tailed
                    Estimate       S.E.  Est./S.E.    P-Value

 P1       BY
    ABFI_N             1.000      0.000    999.000    999.000

 P2       BY
    BBFI_N             1.000      0.000    999.000    999.000

 P3       BY
    CBFI_N             1.000      0.000    999.000    999.000

 P4       BY
    DBFI_N             1.000      0.000    999.000    999.000

 V1       BY
    AMVI               1.000      0.000    999.000    999.000

 V2       BY
    BMVI               1.000      0.000    999.000    999.000

 V3       BY
    CMVI               1.000      0.000    999.000    999.000

 V4       BY
    DMVI               1.000      0.000    999.000    999.000

 P4         ON
    P3                 0.120      0.048      2.514      0.012
    V3                -0.142      0.089     -1.601      0.109

 P3         ON
    P2                 0.120      0.048      2.514      0.012
    V2                -0.142      0.089     -1.601      0.109

 P2         ON
    P1                 0.120      0.048      2.514      0.012
    V1                -0.142      0.089     -1.601      0.109

 V4         ON
    V3                 0.144      0.048      2.989      0.003
    P3                 0.016      0.015      1.086      0.278

 V3         ON
    V2                 0.144      0.048      2.989      0.003
    P2                 0.016      0.015      1.086      0.278

 V2         ON
    V1                 0.144      0.048      2.989      0.003
    P1                 0.016      0.015      1.086      0.278

 S_BFI_N  WITH
    I_BFI_N           -1.312      0.893     -1.470      0.142
    S_MVI             -0.012      0.051     -0.228      0.819
    I_MVI              0.188      1.131      0.166      0.868

 I_BFI_N  WITH
    S_MVI              0.138      1.136      0.122      0.903
    I_MVI             -2.095      7.399     -0.283      0.777

 S_MVI    WITH
    I_MVI             -0.163      0.142     -1.151      0.250

 P1       WITH
    V1                -3.198      2.765     -1.157      0.247

 P2       WITH
    V2                -0.952      1.521     -0.626      0.531

 P3       WITH
    V3                -0.952      1.521     -0.626      0.531

 P4       WITH
    V4                -0.952      1.521     -0.626      0.531

 Means
    P1                 0.000      0.000    999.000    999.000
    V1                 0.000      0.000    999.000    999.000
    I_BFI_N           49.187      0.706     69.622      0.000
    S_BFI_N           -0.272      0.063     -4.346      0.000
    I_MVI             64.273      0.259    248.554      0.000
    S_MVI              0.081      0.023      3.514      0.000

 Intercepts
    ABFI_N             0.000      0.000    999.000    999.000
    BBFI_N             0.000      0.000    999.000    999.000
    CBFI_N             0.000      0.000    999.000    999.000
    DBFI_N             0.000      0.000    999.000    999.000
    AMVI               0.000      0.000    999.000    999.000
    BMVI               0.000      0.000    999.000    999.000
    CMVI               0.000      0.000    999.000    999.000
    DMVI               0.000      0.000    999.000    999.000
    P2                 0.000      0.000    999.000    999.000
    P3                 0.000      0.000    999.000    999.000
    P4                 0.000      0.000    999.000    999.000
    V2                 0.000      0.000    999.000    999.000
    V3                 0.000      0.000    999.000    999.000
    V4                 0.000      0.000    999.000    999.000

 Variances
    P1               120.129     11.313     10.619      0.000
    V1                19.317      1.790     10.789      0.000
    I_BFI_N          344.153     23.615     14.573      0.000
    S_BFI_N            0.179      0.165      1.082      0.279
    I_MVI             44.763      3.587     12.480      0.000
    S_MVI              0.017      0.025      0.667      0.505

 Residual Variances
    ABFI_N             0.000      0.000    999.000    999.000
    BBFI_N             0.000      0.000    999.000    999.000
    CBFI_N             0.000      0.000    999.000    999.000
    DBFI_N             0.000      0.000    999.000    999.000
    AMVI               0.000      0.000    999.000    999.000
    BMVI               0.000      0.000    999.000    999.000
    CMVI               0.000      0.000    999.000    999.000
    DMVI               0.000      0.000    999.000    999.000
    P2                84.573      5.697     14.846      0.000
    P3                84.573      5.697     14.846      0.000
    P4                84.573      5.697     14.846      0.000
    V2                15.221      1.011     15.057      0.000
    V3                15.221      1.011     15.057      0.000
    V4                15.221      1.011     15.057      0.000


QUALITY OF NUMERICAL RESULTS

     Condition Number for the Information Matrix              0.138E-05
       (ratio of smallest to largest eigenvalue)


     Beginning Time:  16:18:14
        Ending Time:  16:18:25
       Elapsed Time:  00:00:11



MUTHEN & MUTHEN
3463 Stoner Ave.
Los Angeles, CA  90066

Tel: (310) 391-9971
Fax: (310) 391-8971
Web: www.StatModel.com
Support: Support@StatModel.com

Copyright (c) 1998-2017 Muthen & Muthen
