Mplus VERSION 8 (Linux)
MUTHEN & MUTHEN
07/08/2018   5:22 PM

INPUT INSTRUCTIONS


  title: PxVx Bivariate LCM-SR - 40splitgroup - Linear bfas_ci with Linear hrz_col_d;
  data: file = /home/jflournoy/code_new/lnt_pxvx/Data/lnt_nat_recalc.tsv;

  variable:
  names =
  subjid
  aage
  aaspfin
  aaspfin_d
  abfa_mt
  abfa_mt_d
  abfas_ac
  abfas_ap
  abfas_ci
  abfas_co
  abfas_ea
  abfas_ee
  abfas_nv
  abfas_nv9
  abfas_nw
  abfas_oi
  abfas_oo
  abfi_a
  abfi_a6
  abfi_c
  abfi_d_scale
  abfi_e
  abfi_hp8
  abfi_n
  abfi_o
  abfi_s_scale
  ahrz_col
  ahrz_col_d
  ahrz_ind
  ahrz_ind_d
  amvi
  ausi
  ausi_d
  avrt_col
  avrt_col_d
  avrt_ind
  avrt_ind_d
  bage
  baspfin
  baspfin_d
  bbfa_mt
  bbfa_mt_d
  bbfas_ac
  bbfas_ap
  bbfas_ci
  bbfas_co
  bbfas_ea
  bbfas_ee
  bbfas_nv
  bbfas_nv9
  bbfas_nw
  bbfas_oi
  bbfas_oo
  bbfi_a
  bbfi_a6
  bbfi_c
  bbfi_d_scale
  bbfi_e
  bbfi_hp8
  bbfi_n
  bbfi_o
  bbfi_s_scale
  bhrz_col
  bhrz_col_d
  bhrz_ind
  bhrz_ind_d
  bmvi
  busi
  busi_d
  bvrt_col
  bvrt_col_d
  bvrt_ind
  bvrt_ind_d
  cage
  caspfin
  caspfin_d
  cbfa_mt
  cbfa_mt_d
  cbfas_ac
  cbfas_ap
  cbfas_ci
  cbfas_co
  cbfas_ea
  cbfas_ee
  cbfas_nv
  cbfas_nv9
  cbfas_nw
  cbfas_oi
  cbfas_oo
  cbfi_a
  cbfi_a6
  cbfi_c
  cbfi_d_scale
  cbfi_e
  cbfi_hp8
  cbfi_n
  cbfi_o
  cbfi_s_scale
  chrz_col
  chrz_col_d
  chrz_ind
  chrz_ind_d
  cmvi
  cusi
  cusi_d
  cvrt_col
  cvrt_col_d
  cvrt_ind
  cvrt_ind_d
  dage
  daspfin
  daspfin_d
  dbfa_mt
  dbfa_mt_d
  dbfas_ac
  dbfas_ap
  dbfas_ci
  dbfas_co
  dbfas_ea
  dbfas_ee
  dbfas_nv
  dbfas_nv9
  dbfas_nw
  dbfas_oi
  dbfas_oo
  dbfi_a
  dbfi_a6
  dbfi_c
  dbfi_d_scale
  dbfi_e
  dbfi_hp8
  dbfi_n
  dbfi_o
  dbfi_s_scale
  dhrz_col
  dhrz_col_d
  dhrz_ind
  dhrz_ind_d
  dmvi
  dusi
  dusi_d
  dvrt_col
  dvrt_col_d
  dvrt_ind
  dvrt_ind_d;

  USEVARIABLES =
  abfas_ci
  bbfas_ci
  cbfas_ci
  dbfas_ci
  ahrz_col_d
  bhrz_col_d
  chrz_col_d
  dhrz_col_d
  a1
  a2
  a3
  a4
  aagegrp
  ;

  missing = all (-9999);

  tscores = a1 a2 a3 a4;

  grouping = aagegrp (0=earlier, 1=later);

  DEFINE:

  aagegrp = aage;

  cut aagegrp (39);

  a1 = aage + 0 - 36;
  a2 = aage + 1 - 36;
  a3 = aage + 2 - 36;
  a4 = aage + 3 - 36;

  ANALYSIS:
  TYPE=RANDOM;
  PROCESSORS = 6;
  model=nocovariances; ! supresses default estimation of certain covs in model;

  MODEL:

  i_bfas_ci s_bfas_ci | abfas_ci bbfas_ci cbfas_ci dbfas_ci AT a1 a2 a3 a4;
  i_hrz_col_d s_hrz_col_d | ahrz_col_d bhrz_col_d chrz_col_d dhrz_col_d AT a1 a2 a3 a4;

  ! freeing factor covs because of "nocovariances"
  ! But ensure they are constrained across groups
  s_bfas_ci WITH i_bfas_ci (p)
  s_hrz_col_d (q)
  i_hrz_col_d (r);
  i_bfas_ci WITH s_hrz_col_d (s)
  i_hrz_col_d (t);
  s_hrz_col_d WITH i_hrz_col_d (u);

  !constrain latent growth means across groups
  [i_bfas_ci] (v);
  [s_bfas_ci] (w);
  [i_hrz_col_d] (x);
  [s_hrz_col_d] (y);

  !constrain latent growth variances across groups
  i_bfas_ci (l);
  s_bfas_ci (m);
  i_hrz_col_d (n);
  s_hrz_col_d (o);

  p1 BY abfas_ci@1; ! Residual "factors";
  p2 BY bbfas_ci@1;
  p3 BY cbfas_ci@1;
  p4 BY dbfas_ci@1;

  v1 BY ahrz_col_d@1; ! Residual "factors";
  v2 BY bhrz_col_d@1;
  v3 BY chrz_col_d@1;
  v4 BY dhrz_col_d@1;

  !residual variances on observed/manifest vars set to 0
  abfas_ci@0;
  bbfas_ci@0;
  cbfas_ci@0;
  dbfas_ci@0;

  !residual variances on observed/manifest vars set to 0
  ahrz_col_d@0;
  bhrz_col_d@0;
  chrz_col_d@0;
  dhrz_col_d@0;

  ! means of observed/manifest vars set to 0
  [abfas_ci@0];
  [bbfas_ci@0];
  [cbfas_ci@0];
  [dbfas_ci@0];

  ! means of observed/manifest vars set to 0
  [ahrz_col_d@0];
  [bhrz_col_d@0];
  [chrz_col_d@0];
  [dhrz_col_d@0];

  [p1@0]; ! means of residual "factors" set to 0
  [p2@0];
  [p3@0];
  [p4@0];

  [v1@0]; ! means of residual "factors" set to 0
  [v2@0];
  [v3@0];
  [v4@0];

  p4 on p3 (a); ! Autoregressive paths constrained to equality
  p3 on p2 (a);
  p2 on p1 (a);

  v4 on v3 (b); ! Autoregressive paths constrained to equality
  v3 on v2 (b);
  v2 on v1 (b);

  p4 on v3 (c); ! Cross-lagged paths constrained to equality
  p3 on v2 (c);
  p2 on v1 (c);

  v4 on p3 (d); ! Cross-lagged paths constrained to equality
  v3 on p2 (d);
  v2 on p1 (d);

  p1 with v1; !(this one is not like the others)

  p2 with v2 (e); ! Within-wave correlations constrained to equality
  p3 with v3 (e);
  p4 with v4 (e);

  p2 p3 p4 (f); ! estimate variances of residual "factors"
  v2 v3 v4 (g); ! estimate variances of residual "factors"

  MODEL earlier:

  p4 on p3 (a23); ! Autoregressive paths constrained to equality
  p3 on p2 (a23);
  p2 on p1 (a23);

  v4 on v3 (b23); ! Autoregressive paths constrained to equality
  v3 on v2 (b23);
  v2 on v1 (b23);

  p4 on v3 (c23); ! Cross-lagged paths constrained to equality
  p3 on v2 (c23);
  p2 on v1 (c23);

  v4 on p3 (d23); ! Cross-lagged paths constrained to equality
  v3 on p2 (d23);
  v2 on p1 (d23);

  p1 with v1; !(this one is not like the others)

  p2 with v2 (e23); ! Within-wave correlations constrained to equality
  p3 with v3 (e23);
  p4 with v4 (e23);

  p2 p3 p4 (f23); ! estimate variances of residual "factors"
  v2 v3 v4 (g23); ! estimate variances of residual "factors"

  MODEL later:

  p4 on p3 (a45); ! Autoregressive paths constrained to equality
  p3 on p2 (a45);
  p2 on p1 (a45);

  v4 on v3 (b45); ! Autoregressive paths constrained to equality
  v3 on v2 (b45);
  v2 on v1 (b45);

  p4 on v3 (c45); ! Cross-lagged paths constrained to equality
  p3 on v2 (c45);
  p2 on v1 (c45);

  v4 on p3 (d45); ! Cross-lagged paths constrained to equality
  v3 on p2 (d45);
  v2 on p1 (d45);

  p1 with v1; !(this one is not like the others)

  p2 with v2 (e45); ! Within-wave correlations constrained to equality
  p3 with v3 (e45);
  p4 with v4 (e45);

  p2 p3 p4 (f45); ! estimate variances of residual "factors"
  v2 v3 v4 (g45); ! estimate variances of residual "factors"

  OUTPUT: SAMPSTAT PATTERNS;



*** WARNING in VARIABLE command
  Note that only the first 8 characters of variable names are used in the output.
  Shorten variable names to avoid any confusion.
*** WARNING
  Data set contains unknown or missing values for GROUPING,
  PATTERN, COHORT, CLUSTER and/or STRATIFICATION variables.
  Number of cases with unknown or missing values:  5
   2 WARNING(S) FOUND IN THE INPUT INSTRUCTIONS



PxVx Bivariate LCM-SR - 40splitgroup - Linear bfas_ci with Linear hrz_col_d;

SUMMARY OF ANALYSIS

Number of groups                                                 2
Number of observations
   Group EARLIER                                               534
   Group LATER                                                 330
   Total sample size                                           864

Number of dependent variables                                    8
Number of independent variables                                  0
Number of continuous latent variables                           12

Observed dependent variables

  Continuous
   ABFAS_CI    BBFAS_CI    CBFAS_CI    DBFAS_CI    AHRZ_COL_D  BHRZ_COL_D
   CHRZ_COL_D  DHRZ_COL_D

Continuous latent variables
   P1          P2          P3          P4          V1          V2
   V3          V4          I_BFAS_C    S_BFAS_C    I_HRZ_CO    S_HRZ_CO

Variables with special functions

  Grouping variable     AAGEGRP

  Time scores
   A1          A2          A3          A4


Estimator                                                      MLR
Information matrix                                        OBSERVED
Maximum number of iterations                                   100
Convergence criterion                                    0.100D-05
Maximum number of EM iterations                                500
Convergence criteria for the EM algorithm
  Loglikelihood change                                   0.100D-02
  Relative loglikelihood change                          0.100D-05
  Derivative                                             0.100D-03
Minimum variance                                         0.100D-03
Maximum number of steepest descent iterations                   20
Maximum number of iterations for H1                           2000
Convergence criterion for H1                             0.100D-03
Optimization algorithm                                         EMA

Input data file(s)
  /home/jflournoy/code_new/lnt_pxvx/Data/lnt_nat_recalc.tsv
Input data format  FREE


SUMMARY OF DATA

   Group EARLIER
     Number of missing data patterns            16

   Group LATER
     Number of missing data patterns            15


SUMMARY OF MISSING DATA PATTERNS


     MISSING DATA PATTERNS (x = not missing) FOR EARLIER

           1  2  3  4  5  6  7  8  9 10 11 12 13 14 15 16
 ABFAS_CI  x  x  x  x  x  x  x  x  x  x  x     x  x  x  x
 BBFAS_CI  x     x     x  x  x        x  x  x  x  x
 CBFAS_CI  x        x  x     x     x  x     x  x  x  x
 DBFAS_CI  x     x  x  x        x           x  x     x  x
 AHRZ_COL  x  x  x  x  x  x  x  x  x  x  x  x  x  x  x  x
 BHRZ_COL  x     x     x  x  x        x     x     x  x
 CHRZ_COL  x        x        x     x        x  x  x  x
 DHRZ_COL  x     x  x  x        x           x  x  x  x


     MISSING DATA PATTERN FREQUENCIES FOR EARLIER

    Pattern   Frequency     Pattern   Frequency     Pattern   Frequency
          1         325           7          20          13           2
          2         101           8          14          14           1
          3          14           9          12          15           1
          4          12          10           1          16           1
          5           1          11           2
          6          26          12           1


     MISSING DATA PATTERNS (x = not missing) FOR LATER

           1  2  3  4  5  6  7  8  9 10 11 12 13 14 15
 ABFAS_CI  x  x  x  x  x  x  x  x  x  x     x  x  x  x
 BBFAS_CI  x     x     x  x  x        x  x  x     x
 CBFAS_CI  x        x  x     x     x     x  x        x
 DBFAS_CI  x     x  x  x        x        x  x     x
 AHRZ_COL  x  x  x  x  x  x  x  x  x  x  x  x     x  x
 BHRZ_COL  x     x     x  x  x           x
 CHRZ_COL  x        x        x     x     x  x
 DHRZ_COL  x     x  x  x        x        x  x     x


     MISSING DATA PATTERN FREQUENCIES FOR LATER

    Pattern   Frequency     Pattern   Frequency     Pattern   Frequency
          1         164           6          22          11           1
          2          68           7          26          12           1
          3          12           8          10          13           1
          4           9           9          11          14           1
          5           1          10           2          15           1


COVARIANCE COVERAGE OF DATA

Minimum covariance coverage value   0.100


     PROPORTION OF DATA PRESENT FOR EARLIER


           Covariance Coverage
              ABFAS_CI      BBFAS_CI      CBFAS_CI      DBFAS_CI      AHRZ_COL
              ________      ________      ________      ________      ________
 ABFAS_CI       0.998
 BBFAS_CI       0.734         0.736
 CBFAS_CI       0.702         0.657         0.704
 DBFAS_CI       0.693         0.642         0.640         0.695
 AHRZ_COL       0.998         0.736         0.704         0.695         1.000
 BHRZ_COL       0.728         0.728         0.655         0.640         0.730
 CHRZ_COL       0.699         0.654         0.700         0.639         0.700
 DHRZ_COL       0.693         0.644         0.642         0.693         0.695


           Covariance Coverage
              BHRZ_COL      CHRZ_COL      DHRZ_COL
              ________      ________      ________
 BHRZ_COL       0.730
 CHRZ_COL       0.652         0.700
 DHRZ_COL       0.642         0.640         0.695


     PROPORTION OF DATA PRESENT FOR LATER


           Covariance Coverage
              ABFAS_CI      BBFAS_CI      CBFAS_CI      DBFAS_CI      AHRZ_COL
              ________      ________      ________      ________      ________
 ABFAS_CI       0.997
 BBFAS_CI       0.697         0.700
 CBFAS_CI       0.655         0.594         0.658
 DBFAS_CI       0.600         0.542         0.536         0.603
 AHRZ_COL       0.997         0.700         0.658         0.603         1.000
 BHRZ_COL       0.694         0.694         0.594         0.542         0.697
 CHRZ_COL       0.645         0.585         0.648         0.533         0.648
 DHRZ_COL       0.603         0.545         0.539         0.603         0.606


           Covariance Coverage
              BHRZ_COL      CHRZ_COL      DHRZ_COL
              ________      ________      ________
 BHRZ_COL       0.697
 CHRZ_COL       0.585         0.648
 DHRZ_COL       0.545         0.536         0.606


SAMPLE STATISTICS


     ESTIMATED SAMPLE STATISTICS FOR EARLIER


           Means
              ABFAS_CI      BBFAS_CI      CBFAS_CI      DBFAS_CI      AHRZ_COL
              ________      ________      ________      ________      ________
               62.225        61.901        61.616        62.110        71.559


           Means
              BHRZ_COL      CHRZ_COL      DHRZ_COL
              ________      ________      ________
               70.631        70.678        70.319


           Covariances
              ABFAS_CI      BBFAS_CI      CBFAS_CI      DBFAS_CI      AHRZ_COL
              ________      ________      ________      ________      ________
 ABFAS_CI     356.631
 BBFAS_CI     281.341       344.615
 CBFAS_CI     251.762       267.617       320.474
 DBFAS_CI     254.310       265.028       257.549       329.561
 AHRZ_COL      58.591        65.501        46.118        54.305       314.347
 BHRZ_COL      78.162        81.489        62.644        63.818       213.801
 CHRZ_COL      62.981        72.003        63.042        61.925       208.935
 DHRZ_COL      80.016        76.593        64.117        71.450       207.427


           Covariances
              BHRZ_COL      CHRZ_COL      DHRZ_COL
              ________      ________      ________
 BHRZ_COL     331.506
 CHRZ_COL     232.680       357.746
 DHRZ_COL     226.982       241.738       343.758


           Correlations
              ABFAS_CI      BBFAS_CI      CBFAS_CI      DBFAS_CI      AHRZ_COL
              ________      ________      ________      ________      ________
 ABFAS_CI       1.000
 BBFAS_CI       0.803         1.000
 CBFAS_CI       0.745         0.805         1.000
 DBFAS_CI       0.742         0.786         0.792         1.000
 AHRZ_COL       0.175         0.199         0.145         0.169         1.000
 BHRZ_COL       0.227         0.241         0.192         0.193         0.662
 CHRZ_COL       0.176         0.205         0.186         0.180         0.623
 DHRZ_COL       0.229         0.223         0.193         0.212         0.631


           Correlations
              BHRZ_COL      CHRZ_COL      DHRZ_COL
              ________      ________      ________
 BHRZ_COL       1.000
 CHRZ_COL       0.676         1.000
 DHRZ_COL       0.672         0.689         1.000


     ESTIMATED SAMPLE STATISTICS FOR LATER


           Means
              ABFAS_CI      BBFAS_CI      CBFAS_CI      DBFAS_CI      AHRZ_COL
              ________      ________      ________      ________      ________
               64.767        64.811        65.506        64.519        75.063


           Means
              BHRZ_COL      CHRZ_COL      DHRZ_COL
              ________      ________      ________
               73.162        73.722        72.882


           Covariances
              ABFAS_CI      BBFAS_CI      CBFAS_CI      DBFAS_CI      AHRZ_COL
              ________      ________      ________      ________      ________
 ABFAS_CI     313.728
 BBFAS_CI     239.670       287.130
 CBFAS_CI     245.097       245.726       322.794
 DBFAS_CI     220.617       238.241       262.257       309.576
 AHRZ_COL      68.240        59.907        70.307        74.978       253.829
 BHRZ_COL      74.005        88.064        85.307       101.590       179.237
 CHRZ_COL      56.817        66.099        72.073        95.980       156.505
 DHRZ_COL      59.687        61.554        61.705        85.621       161.500


           Covariances
              BHRZ_COL      CHRZ_COL      DHRZ_COL
              ________      ________      ________
 BHRZ_COL     263.300
 CHRZ_COL     179.527       244.296
 DHRZ_COL     178.619       176.304       270.818


           Correlations
              ABFAS_CI      BBFAS_CI      CBFAS_CI      DBFAS_CI      AHRZ_COL
              ________      ________      ________      ________      ________
 ABFAS_CI       1.000
 BBFAS_CI       0.799         1.000
 CBFAS_CI       0.770         0.807         1.000
 DBFAS_CI       0.708         0.799         0.830         1.000
 AHRZ_COL       0.242         0.222         0.246         0.267         1.000
 BHRZ_COL       0.257         0.320         0.293         0.356         0.693
 CHRZ_COL       0.205         0.250         0.257         0.349         0.628
 DHRZ_COL       0.205         0.221         0.209         0.296         0.616


           Correlations
              BHRZ_COL      CHRZ_COL      DHRZ_COL
              ________      ________      ________
 BHRZ_COL       1.000
 CHRZ_COL       0.708         1.000
 DHRZ_COL       0.669         0.685         1.000


     MAXIMUM LOG-LIKELIHOOD VALUE FOR THE UNRESTRICTED (H1) MODEL IS -21007.580


UNIVARIATE SAMPLE STATISTICS


     UNIVARIATE HIGHER-ORDER MOMENT DESCRIPTIVE STATISTICS FOR EARLIER

         Variable/         Mean/     Skewness/   Minimum/ % with                Percentiles
        Sample Size      Variance    Kurtosis    Maximum  Min/Max      20%/60%    40%/80%    Median

     ABFAS_CI             62.199      -0.305       7.500    0.19%      45.000     57.500     62.500
             533.000     356.731      -0.307     100.000    0.94%      70.000     80.000
     BBFAS_CI             62.183      -0.145       2.500    0.25%      47.500     57.500     62.500
             393.000     326.378      -0.450     100.000    0.51%      67.500     77.500
     CBFAS_CI             61.683      -0.158      17.500    1.06%      47.500     57.500     60.000
             376.000     310.205      -0.376     100.000    0.53%      67.500     77.500
     DBFAS_CI             62.666      -0.084       7.500    0.27%      47.500     57.500     62.500
             371.000     317.388      -0.416     100.000    0.54%      67.500     77.500
     AHRZ_COL_D           71.559      -0.683       8.333    0.19%      58.333     66.667     75.000
             534.000     314.347       0.416     100.000    7.30%      75.000     83.333
     BHRZ_COL_D           70.791      -0.756      16.667    1.54%      58.333     66.667     75.000
             390.000     322.826       0.458     100.000    5.64%      75.000     83.333
     CHRZ_COL_D           70.744      -0.682       8.333    0.80%      58.333     66.667     75.000
             374.000     355.291       0.421     100.000    7.49%      75.000     91.667
     DHRZ_COL_D           70.463      -0.839       0.000    0.54%      58.333     66.667     75.000
             371.000     344.043       1.102     100.000    6.74%      75.000     83.333


     UNIVARIATE HIGHER-ORDER MOMENT DESCRIPTIVE STATISTICS FOR LATER

         Variable/         Mean/     Skewness/   Minimum/ % with                Percentiles
        Sample Size      Variance    Kurtosis    Maximum  Min/Max      20%/60%    40%/80%    Median

     ABFAS_CI             64.754      -0.329      15.000    0.30%      50.000     60.000     65.000
             329.000     314.333      -0.238     100.000    1.22%      70.000     80.000
     BBFAS_CI             65.368      -0.188      15.000    0.43%      50.000     62.500     65.833
             230.000     287.359      -0.387     100.000    1.30%      67.500     80.000
     CBFAS_CI             66.168      -0.400      10.000    0.47%      52.500     62.500     67.500
             214.000     322.934       0.068     100.000    1.40%      70.000     80.000
     DBFAS_CI             65.521      -0.277      10.000    0.50%      50.000     60.000     65.000
             199.000     315.540      -0.225      97.500    2.01%      70.000     82.500
     AHRZ_COL_D           75.076      -0.518      16.667    0.30%      66.667     75.000     75.000
             329.000     253.815       0.212     100.000   10.94%      75.000     91.667
     BHRZ_COL_D           72.769      -0.652      16.667    0.88%      58.333     75.000     75.000
             226.000     273.493       0.413     100.000    6.19%      75.000     83.333
     CHRZ_COL_D           73.703      -0.395      16.667    0.47%      58.333     66.667     75.000
             212.000     248.252       0.371     100.000    8.96%      75.000     91.667
     DHRZ_COL_D           73.409      -0.813       0.000    0.50%      66.667     75.000     75.000
             199.000     267.568       1.637     100.000    7.04%      75.000     91.667


THE MODEL ESTIMATION TERMINATED NORMALLY



MODEL FIT INFORMATION

Number of Free Parameters                       34

Loglikelihood

          H0 Value                      -21030.935
          H0 Scaling Correction Factor      1.3126
            for MLR

Information Criteria

          Akaike (AIC)                   42129.871
          Bayesian (BIC)                 42291.764
          Sample-Size Adjusted BIC       42183.789
            (n* = (n + 2) / 24)



MODEL RESULTS

                                                    Two-Tailed
                    Estimate       S.E.  Est./S.E.    P-Value

Group EARLIER

 P1       BY
    ABFAS_CI           1.000      0.000    999.000    999.000

 P2       BY
    BBFAS_CI           1.000      0.000    999.000    999.000

 P3       BY
    CBFAS_CI           1.000      0.000    999.000    999.000

 P4       BY
    DBFAS_CI           1.000      0.000    999.000    999.000

 V1       BY
    AHRZ_COL_D         1.000      0.000    999.000    999.000

 V2       BY
    BHRZ_COL_D         1.000      0.000    999.000    999.000

 V3       BY
    CHRZ_COL_D         1.000      0.000    999.000    999.000

 V4       BY
    DHRZ_COL_D         1.000      0.000    999.000    999.000

 P4         ON
    P3                 0.162      0.063      2.573      0.010
    V3                 0.028      0.041      0.688      0.491

 P3         ON
    P2                 0.162      0.063      2.573      0.010
    V2                 0.028      0.041      0.688      0.491

 P2         ON
    P1                 0.162      0.063      2.573      0.010
    V1                 0.028      0.041      0.688      0.491

 V4         ON
    V3                 0.111      0.062      1.802      0.071
    P3                 0.062      0.060      1.036      0.300

 V3         ON
    V2                 0.111      0.062      1.802      0.071
    P2                 0.062      0.060      1.036      0.300

 V2         ON
    V1                 0.111      0.062      1.802      0.071
    P1                 0.062      0.060      1.036      0.300

 S_BFAS_C WITH
    I_BFAS_CI         -0.510      0.787     -0.648      0.517
    S_HRZ_COL_         0.080      0.090      0.884      0.377
    I_HRZ_COL_         0.163      2.047      0.079      0.937

 I_BFAS_C WITH
    S_HRZ_COL_        -0.457      2.111     -0.217      0.829
    I_HRZ_COL_        52.816     13.594      3.885      0.000

 S_HRZ_CO WITH
    I_HRZ_COL_        -1.388      0.786     -1.765      0.078

 P1       WITH
    V1                -2.502     10.135     -0.247      0.805

 P2       WITH
    V2                 7.769      4.691      1.656      0.098

 P3       WITH
    V3                 7.769      4.691      1.656      0.098

 P4       WITH
    V4                 7.769      4.691      1.656      0.098

 Means
    P1                 0.000      0.000    999.000    999.000
    V1                 0.000      0.000    999.000    999.000
    I_BFAS_CI         62.916      0.584    107.699      0.000
    S_BFAS_CI          0.180      0.052      3.435      0.001
    I_HRZ_COL_        72.005      0.534    134.806      0.000
    S_HRZ_COL_         0.172      0.049      3.516      0.000

 Intercepts
    ABFAS_CI           0.000      0.000    999.000    999.000
    BBFAS_CI           0.000      0.000    999.000    999.000
    CBFAS_CI           0.000      0.000    999.000    999.000
    DBFAS_CI           0.000      0.000    999.000    999.000
    AHRZ_COL_D         0.000      0.000    999.000    999.000
    BHRZ_COL_D         0.000      0.000    999.000    999.000
    CHRZ_COL_D         0.000      0.000    999.000    999.000
    DHRZ_COL_D         0.000      0.000    999.000    999.000
    P2                 0.000      0.000    999.000    999.000
    P3                 0.000      0.000    999.000    999.000
    P4                 0.000      0.000    999.000    999.000
    V2                 0.000      0.000    999.000    999.000
    V3                 0.000      0.000    999.000    999.000
    V4                 0.000      0.000    999.000    999.000

 Variances
    P1                98.959     14.831      6.672      0.000
    V1               120.228     16.725      7.189      0.000
    I_BFAS_CI        235.291     17.463     13.474      0.000
    S_BFAS_CI          0.092      0.129      0.711      0.477
    I_HRZ_COL_       179.374     17.146     10.462      0.000
    S_HRZ_COL_         0.109      0.121      0.896      0.370

 Residual Variances
    ABFAS_CI           0.000      0.000    999.000    999.000
    BBFAS_CI           0.000      0.000    999.000    999.000
    CBFAS_CI           0.000      0.000    999.000    999.000
    DBFAS_CI           0.000      0.000    999.000    999.000
    AHRZ_COL_D         0.000      0.000    999.000    999.000
    BHRZ_COL_D         0.000      0.000    999.000    999.000
    CHRZ_COL_D         0.000      0.000    999.000    999.000
    DHRZ_COL_D         0.000      0.000    999.000    999.000
    P2                75.064      6.382     11.762      0.000
    P3                75.064      6.382     11.762      0.000
    P4                75.064      6.382     11.762      0.000
    V2               122.859      9.332     13.165      0.000
    V3               122.859      9.332     13.165      0.000
    V4               122.859      9.332     13.165      0.000

Group LATER

 P1       BY
    ABFAS_CI           1.000      0.000    999.000    999.000

 P2       BY
    BBFAS_CI           1.000      0.000    999.000    999.000

 P3       BY
    CBFAS_CI           1.000      0.000    999.000    999.000

 P4       BY
    DBFAS_CI           1.000      0.000    999.000    999.000

 V1       BY
    AHRZ_COL_D         1.000      0.000    999.000    999.000

 V2       BY
    BHRZ_COL_D         1.000      0.000    999.000    999.000

 V3       BY
    CHRZ_COL_D         1.000      0.000    999.000    999.000

 V4       BY
    DHRZ_COL_D         1.000      0.000    999.000    999.000

 P4         ON
    P3                 0.158      0.083      1.895      0.058
    V3                 0.016      0.065      0.252      0.801

 P3         ON
    P2                 0.158      0.083      1.895      0.058
    V2                 0.016      0.065      0.252      0.801

 P2         ON
    P1                 0.158      0.083      1.895      0.058
    V1                 0.016      0.065      0.252      0.801

 V4         ON
    V3                 0.171      0.099      1.737      0.082
    P3                -0.067      0.090     -0.740      0.459

 V3         ON
    V2                 0.171      0.099      1.737      0.082
    P2                -0.067      0.090     -0.740      0.459

 V2         ON
    V1                 0.171      0.099      1.737      0.082
    P1                -0.067      0.090     -0.740      0.459

 S_BFAS_C WITH
    I_BFAS_CI         -0.510      0.787     -0.648      0.517
    S_HRZ_COL_         0.080      0.090      0.884      0.377
    I_HRZ_COL_         0.163      2.047      0.079      0.937

 I_BFAS_C WITH
    S_HRZ_COL_        -0.457      2.111     -0.217      0.829
    I_HRZ_COL_        52.816     13.594      3.885      0.000

 S_HRZ_CO WITH
    I_HRZ_COL_        -1.388      0.786     -1.765      0.078

 P1       WITH
    V1                10.672      9.334      1.143      0.253

 P2       WITH
    V2                 4.840      5.596      0.865      0.387

 P3       WITH
    V3                 4.840      5.596      0.865      0.387

 P4       WITH
    V4                 4.840      5.596      0.865      0.387

 Means
    P1                 0.000      0.000    999.000    999.000
    V1                 0.000      0.000    999.000    999.000
    I_BFAS_CI         62.916      0.584    107.699      0.000
    S_BFAS_CI          0.180      0.052      3.435      0.001
    I_HRZ_COL_        72.005      0.534    134.806      0.000
    S_HRZ_COL_         0.172      0.049      3.516      0.000

 Intercepts
    ABFAS_CI           0.000      0.000    999.000    999.000
    BBFAS_CI           0.000      0.000    999.000    999.000
    CBFAS_CI           0.000      0.000    999.000    999.000
    DBFAS_CI           0.000      0.000    999.000    999.000
    AHRZ_COL_D         0.000      0.000    999.000    999.000
    BHRZ_COL_D         0.000      0.000    999.000    999.000
    CHRZ_COL_D         0.000      0.000    999.000    999.000
    DHRZ_COL_D         0.000      0.000    999.000    999.000
    P2                 0.000      0.000    999.000    999.000
    P3                 0.000      0.000    999.000    999.000
    P4                 0.000      0.000    999.000    999.000
    V2                 0.000      0.000    999.000    999.000
    V3                 0.000      0.000    999.000    999.000
    V4                 0.000      0.000    999.000    999.000

 Variances
    P1                92.148     14.212      6.484      0.000
    V1               100.195     11.014      9.097      0.000
    I_BFAS_CI        235.291     17.463     13.474      0.000
    S_BFAS_CI          0.092      0.129      0.711      0.477
    I_HRZ_COL_       179.374     17.146     10.462      0.000
    S_HRZ_COL_         0.109      0.121      0.896      0.370

 Residual Variances
    ABFAS_CI           0.000      0.000    999.000    999.000
    BBFAS_CI           0.000      0.000    999.000    999.000
    CBFAS_CI           0.000      0.000    999.000    999.000
    DBFAS_CI           0.000      0.000    999.000    999.000
    AHRZ_COL_D         0.000      0.000    999.000    999.000
    BHRZ_COL_D         0.000      0.000    999.000    999.000
    CHRZ_COL_D         0.000      0.000    999.000    999.000
    DHRZ_COL_D         0.000      0.000    999.000    999.000
    P2                63.784      6.862      9.295      0.000
    P3                63.784      6.862      9.295      0.000
    P4                63.784      6.862      9.295      0.000
    V2                91.181      8.563     10.648      0.000
    V3                91.181      8.563     10.648      0.000
    V4                91.181      8.563     10.648      0.000


QUALITY OF NUMERICAL RESULTS

     Condition Number for the Information Matrix              0.503E-05
       (ratio of smallest to largest eigenvalue)


     Beginning Time:  17:22:53
        Ending Time:  17:22:55
       Elapsed Time:  00:00:02



MUTHEN & MUTHEN
3463 Stoner Ave.
Los Angeles, CA  90066

Tel: (310) 391-9971
Fax: (310) 391-8971
Web: www.StatModel.com
Support: Support@StatModel.com

Copyright (c) 1998-2017 Muthen & Muthen
