Mplus VERSION 8 (Linux)
MUTHEN & MUTHEN
07/08/2018   5:56 PM

INPUT INSTRUCTIONS


  title: PxVx Bivariate LCM-SR - decadegroup - Linear bfas_oi with Linear bfa_mt;
  data: file = /home/jflournoy/code_new/lnt_pxvx/Data/lnt_nat_recalc.tsv;

  variable:
  names =
  subjid
  aage
  aaspfin
  aaspfin_d
  abfa_mt
  abfa_mt_d
  abfas_ac
  abfas_ap
  abfas_ci
  abfas_co
  abfas_ea
  abfas_ee
  abfas_nv
  abfas_nv9
  abfas_nw
  abfas_oi
  abfas_oo
  abfi_a
  abfi_a6
  abfi_c
  abfi_d_scale
  abfi_e
  abfi_hp8
  abfi_n
  abfi_o
  abfi_s_scale
  ahrz_col
  ahrz_col_d
  ahrz_ind
  ahrz_ind_d
  amvi
  ausi
  ausi_d
  avrt_col
  avrt_col_d
  avrt_ind
  avrt_ind_d
  bage
  baspfin
  baspfin_d
  bbfa_mt
  bbfa_mt_d
  bbfas_ac
  bbfas_ap
  bbfas_ci
  bbfas_co
  bbfas_ea
  bbfas_ee
  bbfas_nv
  bbfas_nv9
  bbfas_nw
  bbfas_oi
  bbfas_oo
  bbfi_a
  bbfi_a6
  bbfi_c
  bbfi_d_scale
  bbfi_e
  bbfi_hp8
  bbfi_n
  bbfi_o
  bbfi_s_scale
  bhrz_col
  bhrz_col_d
  bhrz_ind
  bhrz_ind_d
  bmvi
  busi
  busi_d
  bvrt_col
  bvrt_col_d
  bvrt_ind
  bvrt_ind_d
  cage
  caspfin
  caspfin_d
  cbfa_mt
  cbfa_mt_d
  cbfas_ac
  cbfas_ap
  cbfas_ci
  cbfas_co
  cbfas_ea
  cbfas_ee
  cbfas_nv
  cbfas_nv9
  cbfas_nw
  cbfas_oi
  cbfas_oo
  cbfi_a
  cbfi_a6
  cbfi_c
  cbfi_d_scale
  cbfi_e
  cbfi_hp8
  cbfi_n
  cbfi_o
  cbfi_s_scale
  chrz_col
  chrz_col_d
  chrz_ind
  chrz_ind_d
  cmvi
  cusi
  cusi_d
  cvrt_col
  cvrt_col_d
  cvrt_ind
  cvrt_ind_d
  dage
  daspfin
  daspfin_d
  dbfa_mt
  dbfa_mt_d
  dbfas_ac
  dbfas_ap
  dbfas_ci
  dbfas_co
  dbfas_ea
  dbfas_ee
  dbfas_nv
  dbfas_nv9
  dbfas_nw
  dbfas_oi
  dbfas_oo
  dbfi_a
  dbfi_a6
  dbfi_c
  dbfi_d_scale
  dbfi_e
  dbfi_hp8
  dbfi_n
  dbfi_o
  dbfi_s_scale
  dhrz_col
  dhrz_col_d
  dhrz_ind
  dhrz_ind_d
  dmvi
  dusi
  dusi_d
  dvrt_col
  dvrt_col_d
  dvrt_ind
  dvrt_ind_d;

  USEVARIABLES =
  abfas_oi
  bbfas_oi
  cbfas_oi
  dbfas_oi
  abfa_mt
  bbfa_mt
  cbfa_mt
  dbfa_mt
  a1
  a2
  a3
  a4
  aagegrp
  ;

  missing = all (-9999);

  tscores = a1 a2 a3 a4;

  grouping = aagegrp (0=d2, 1=d3, 2=d4, 3=d5);

  DEFINE:

  aagegrp = aage;

  cut aagegrp (29 39 49);

  a1 = aage + 0 - 36;
  a2 = aage + 1 - 36;
  a3 = aage + 2 - 36;
  a4 = aage + 3 - 36;

  ANALYSIS:
  TYPE=RANDOM;
  PROCESSORS = 6;
  model=nocovariances; ! supresses default estimation of certain covs in model;

  MODEL:

  i_bfas_oi s_bfas_oi | abfas_oi bbfas_oi cbfas_oi dbfas_oi AT a1 a2 a3 a4;
  i_bfa_mt s_bfa_mt | abfa_mt bbfa_mt cbfa_mt dbfa_mt AT a1 a2 a3 a4;

  ! freeing factor covs because of "nocovariances"
  ! But ensure they are constrained across groups
  s_bfas_oi WITH i_bfas_oi (p)
  s_bfa_mt (q)
  i_bfa_mt (r);
  i_bfas_oi WITH s_bfa_mt (s)
  i_bfa_mt (t);
  s_bfa_mt WITH i_bfa_mt (u);

  !constrain latent growth means across groups
  [i_bfas_oi] (v);
  [s_bfas_oi] (w);
  [i_bfa_mt] (x);
  [s_bfa_mt] (y);

  !constrain latent growth variances across groups
  i_bfas_oi (l);
  s_bfas_oi (m);
  i_bfa_mt (n);
  s_bfa_mt (o);

  p1 BY abfas_oi@1; ! Residual "factors";
  p2 BY bbfas_oi@1;
  p3 BY cbfas_oi@1;
  p4 BY dbfas_oi@1;

  v1 BY abfa_mt@1; ! Residual "factors";
  v2 BY bbfa_mt@1;
  v3 BY cbfa_mt@1;
  v4 BY dbfa_mt@1;

  !residual variances on observed/manifest vars set to 0
  abfas_oi@0;
  bbfas_oi@0;
  cbfas_oi@0;
  dbfas_oi@0;

  !residual variances on observed/manifest vars set to 0
  abfa_mt@0;
  bbfa_mt@0;
  cbfa_mt@0;
  dbfa_mt@0;

  ! means of observed/manifest vars set to 0
  [abfas_oi@0];
  [bbfas_oi@0];
  [cbfas_oi@0];
  [dbfas_oi@0];

  ! means of observed/manifest vars set to 0
  [abfa_mt@0];
  [bbfa_mt@0];
  [cbfa_mt@0];
  [dbfa_mt@0];

  [p1@0]; ! means of residual "factors" set to 0
  [p2@0];
  [p3@0];
  [p4@0];

  [v1@0]; ! means of residual "factors" set to 0
  [v2@0];
  [v3@0];
  [v4@0];

  p4 on p3 (a); ! Autoregressive paths constrained to equality
  p3 on p2 (a);
  p2 on p1 (a);

  v4 on v3 (b); ! Autoregressive paths constrained to equality
  v3 on v2 (b);
  v2 on v1 (b);

  p4 on v3 (c); ! Cross-lagged paths constrained to equality
  p3 on v2 (c);
  p2 on v1 (c);

  v4 on p3 (d); ! Cross-lagged paths constrained to equality
  v3 on p2 (d);
  v2 on p1 (d);

  p1 with v1; !(this one is not like the others)

  p2 with v2 (e); ! Within-wave correlations constrained to equality
  p3 with v3 (e);
  p4 with v4 (e);

  p2 p3 p4 (f); ! estimate variances of residual "factors"
  v2 v3 v4 (g); ! estimate variances of residual "factors"

  MODEL d2:

  p4 on p3 (a2); ! Autoregressive paths constrained to equality
  p3 on p2 (a2);
  p2 on p1 (a2);

  v4 on v3 (b2); ! Autoregressive paths constrained to equality
  v3 on v2 (b2);
  v2 on v1 (b2);

  p4 on v3 (c2); ! Cross-lagged paths constrained to equality
  p3 on v2 (c2);
  p2 on v1 (c2);

  v4 on p3 (d2); ! Cross-lagged paths constrained to equality
  v3 on p2 (d2);
  v2 on p1 (d2);

  p1 with v1; !(this one is not like the others)

  p2 with v2 (e2); ! Within-wave correlations constrained to equality
  p3 with v3 (e2);
  p4 with v4 (e2);

  p2 p3 p4 (f2); ! estimate variances of residual "factors"
  v2 v3 v4 (g2); ! estimate variances of residual "factors"

  MODEL d3:

  p4 on p3 (a3); ! Autoregressive paths constrained to equality
  p3 on p2 (a3);
  p2 on p1 (a3);

  v4 on v3 (b3); ! Autoregressive paths constrained to equality
  v3 on v2 (b3);
  v2 on v1 (b3);

  p4 on v3 (c3); ! Cross-lagged paths constrained to equality
  p3 on v2 (c3);
  p2 on v1 (c3);

  v4 on p3 (d3); ! Cross-lagged paths constrained to equality
  v3 on p2 (d3);
  v2 on p1 (d3);

  p1 with v1; !(this one is not like the others)

  p2 with v2 (e3); ! Within-wave correlations constrained to equality
  p3 with v3 (e3);
  p4 with v4 (e3);

  p2 p3 p4 (f3); ! estimate variances of residual "factors"
  v2 v3 v4 (g3); ! estimate variances of residual "factors"

  MODEL d4:

  p4 on p3 (a4); ! Autoregressive paths constrained to equality
  p3 on p2 (a4);
  p2 on p1 (a4);

  v4 on v3 (b4); ! Autoregressive paths constrained to equality
  v3 on v2 (b4);
  v2 on v1 (b4);

  p4 on v3 (c4); ! Cross-lagged paths constrained to equality
  p3 on v2 (c4);
  p2 on v1 (c4);

  v4 on p3 (d4); ! Cross-lagged paths constrained to equality
  v3 on p2 (d4);
  v2 on p1 (d4);

  p1 with v1; !(this one is not like the others)

  p2 with v2 (e4); ! Within-wave correlations constrained to equality
  p3 with v3 (e4);
  p4 with v4 (e4);

  p2 p3 p4 (f4); ! estimate variances of residual "factors"
  v2 v3 v4 (g4); ! estimate variances of residual "factors"

  MODEL d5:

  p4 on p3 (a5); ! Autoregressive paths constrained to equality
  p3 on p2 (a5);
  p2 on p1 (a5);

  v4 on v3 (b5); ! Autoregressive paths constrained to equality
  v3 on v2 (b5);
  v2 on v1 (b5);

  p4 on v3 (c5); ! Cross-lagged paths constrained to equality
  p3 on v2 (c5);
  p2 on v1 (c5);

  v4 on p3 (d5); ! Cross-lagged paths constrained to equality
  v3 on p2 (d5);
  v2 on p1 (d5);

  p1 with v1; !(this one is not like the others)

  p2 with v2 (e5); ! Within-wave correlations constrained to equality
  p3 with v3 (e5);
  p4 with v4 (e5);

  p2 p3 p4 (f5); ! estimate variances of residual "factors"
  v2 v3 v4 (g5); ! estimate variances of residual "factors"

  OUTPUT: SAMPSTAT PATTERNS;



*** WARNING
  Data set contains unknown or missing values for GROUPING,
  PATTERN, COHORT, CLUSTER and/or STRATIFICATION variables.
  Number of cases with unknown or missing values:  5
   1 WARNING(S) FOUND IN THE INPUT INSTRUCTIONS



PxVx Bivariate LCM-SR - decadegroup - Linear bfas_oi with Linear bfa_mt;

SUMMARY OF ANALYSIS

Number of groups                                                 4
Number of observations
   Group D2                                                    301
   Group D3                                                    233
   Group D4                                                    198
   Group D5                                                    132
   Total sample size                                           864

Number of dependent variables                                    8
Number of independent variables                                  0
Number of continuous latent variables                           12

Observed dependent variables

  Continuous
   ABFAS_OI    BBFAS_OI    CBFAS_OI    DBFAS_OI    ABFA_MT     BBFA_MT
   CBFA_MT     DBFA_MT

Continuous latent variables
   P1          P2          P3          P4          V1          V2
   V3          V4          I_BFAS_O    S_BFAS_O    I_BFA_MT    S_BFA_MT

Variables with special functions

  Grouping variable     AAGEGRP

  Time scores
   A1          A2          A3          A4


Estimator                                                      MLR
Information matrix                                        OBSERVED
Maximum number of iterations                                   100
Convergence criterion                                    0.100D-05
Maximum number of EM iterations                                500
Convergence criteria for the EM algorithm
  Loglikelihood change                                   0.100D-02
  Relative loglikelihood change                          0.100D-05
  Derivative                                             0.100D-03
Minimum variance                                         0.100D-03
Maximum number of steepest descent iterations                   20
Maximum number of iterations for H1                           2000
Convergence criterion for H1                             0.100D-03
Optimization algorithm                                         EMA

Input data file(s)
  /home/jflournoy/code_new/lnt_pxvx/Data/lnt_nat_recalc.tsv
Input data format  FREE


SUMMARY OF DATA

   Group D2
     Number of missing data patterns             9

   Group D3
     Number of missing data patterns             8

   Group D4
     Number of missing data patterns             9

   Group D5
     Number of missing data patterns             9


SUMMARY OF MISSING DATA PATTERNS


     MISSING DATA PATTERNS (x = not missing) FOR D2

           1  2  3  4  5  6  7  8  9
 ABFAS_OI  x  x  x  x  x  x  x  x
 BBFAS_OI  x     x  x  x           x
 CBFAS_OI  x           x     x  x  x
 DBFAS_OI  x     x        x     x  x
 ABFA_MT   x  x  x  x  x  x  x  x
 BBFA_MT   x     x  x  x           x
 CBFA_MT   x           x     x  x  x
 DBFA_MT   x     x        x     x  x


     MISSING DATA PATTERN FREQUENCIES FOR D2

    Pattern   Frequency     Pattern   Frequency     Pattern   Frequency
          1         188           4          12           7           5
          2          57           5          15           8           6
          3           6           6          11           9           1


     MISSING DATA PATTERNS (x = not missing) FOR D3

           1  2  3  4  5  6  7  8
 ABFAS_OI  x  x  x  x  x  x  x  x
 BBFAS_OI  x     x  x  x
 CBFAS_OI  x           x     x  x
 DBFAS_OI  x     x        x     x
 ABFA_MT   x  x  x  x  x  x  x  x
 BBFA_MT   x     x  x  x
 CBFA_MT   x           x     x  x
 DBFA_MT   x     x        x     x


     MISSING DATA PATTERN FREQUENCIES FOR D3

    Pattern   Frequency     Pattern   Frequency     Pattern   Frequency
          1         140           4          16           7           7
          2          44           5           7           8           7
          3           8           6           4


     MISSING DATA PATTERNS (x = not missing) FOR D4

           1  2  3  4  5  6  7  8  9
 ABFAS_OI  x  x  x  x  x  x  x  x  x
 BBFAS_OI  x     x  x  x           x
 CBFAS_OI  x           x     x  x  x
 DBFAS_OI  x     x        x     x  x
 ABFA_MT   x  x  x  x  x  x  x  x  x
 BBFA_MT   x     x  x  x
 CBFA_MT   x           x     x  x  x
 DBFA_MT   x     x        x     x  x


     MISSING DATA PATTERN FREQUENCIES FOR D4

    Pattern   Frequency     Pattern   Frequency     Pattern   Frequency
          1         105           4          14           7           6
          2          40           5          15           8           5
          3           8           6           4           9           1


     MISSING DATA PATTERNS (x = not missing) FOR D5

           1  2  3  4  5  6  7  8  9
 ABFAS_OI  x  x  x  x  x  x  x  x
 BBFAS_OI  x     x  x  x           x
 CBFAS_OI  x           x     x  x  x
 DBFAS_OI  x     x        x     x  x
 ABFA_MT   x  x  x  x  x  x  x  x
 BBFA_MT   x     x  x  x           x
 CBFA_MT   x           x     x  x  x
 DBFA_MT   x     x        x     x  x


     MISSING DATA PATTERN FREQUENCIES FOR D5

    Pattern   Frequency     Pattern   Frequency     Pattern   Frequency
          1          60           4          10           7           6
          2          29           5          11           8           4
          3           5           6           6           9           1


COVARIANCE COVERAGE OF DATA

Minimum covariance coverage value   0.100


     PROPORTION OF DATA PRESENT FOR D2


           Covariance Coverage
              ABFAS_OI      BBFAS_OI      CBFAS_OI      DBFAS_OI      ABFA_MT
              ________      ________      ________      ________      ________
 ABFAS_OI       0.997
 BBFAS_OI       0.734         0.738
 CBFAS_OI       0.711         0.678         0.714
 DBFAS_OI       0.701         0.648         0.648         0.704
 ABFA_MT        0.997         0.734         0.711         0.701         0.997
 BBFA_MT        0.734         0.738         0.678         0.648         0.734
 CBFA_MT        0.711         0.678         0.714         0.648         0.711
 DBFA_MT        0.701         0.648         0.648         0.704         0.701


           Covariance Coverage
              BBFA_MT       CBFA_MT       DBFA_MT
              ________      ________      ________
 BBFA_MT        0.738
 CBFA_MT        0.678         0.714
 DBFA_MT        0.648         0.648         0.704


     PROPORTION OF DATA PRESENT FOR D3


           Covariance Coverage
              ABFAS_OI      BBFAS_OI      CBFAS_OI      DBFAS_OI      ABFA_MT
              ________      ________      ________      ________      ________
 ABFAS_OI       1.000
 BBFAS_OI       0.734         0.734
 CBFAS_OI       0.691         0.631         0.691
 DBFAS_OI       0.682         0.635         0.631         0.682
 ABFA_MT        1.000         0.734         0.691         0.682         1.000
 BBFA_MT        0.734         0.734         0.631         0.635         0.734
 CBFA_MT        0.691         0.631         0.691         0.631         0.691
 DBFA_MT        0.682         0.635         0.631         0.682         0.682


           Covariance Coverage
              BBFA_MT       CBFA_MT       DBFA_MT
              ________      ________      ________
 BBFA_MT        0.734
 CBFA_MT        0.631         0.691
 DBFA_MT        0.635         0.631         0.682


     PROPORTION OF DATA PRESENT FOR D4


           Covariance Coverage
              ABFAS_OI      BBFAS_OI      CBFAS_OI      DBFAS_OI      ABFA_MT
              ________      ________      ________      ________      ________
 ABFAS_OI       0.995
 BBFAS_OI       0.717         0.722
 CBFAS_OI       0.662         0.611         0.667
 DBFAS_OI       0.616         0.576         0.561         0.621
 ABFA_MT        0.995         0.717         0.662         0.616         0.995
 BBFA_MT        0.717         0.722         0.611         0.576         0.717
 CBFA_MT        0.662         0.611         0.667         0.561         0.662
 DBFA_MT        0.616         0.576         0.561         0.621         0.616


           Covariance Coverage
              BBFA_MT       CBFA_MT       DBFA_MT
              ________      ________      ________
 BBFA_MT        0.722
 CBFA_MT        0.611         0.667
 DBFA_MT        0.576         0.561         0.621


     PROPORTION OF DATA PRESENT FOR D5


           Covariance Coverage
              ABFAS_OI      BBFAS_OI      CBFAS_OI      DBFAS_OI      ABFA_MT
              ________      ________      ________      ________      ________
 ABFAS_OI       0.992
 BBFAS_OI       0.652         0.659
 CBFAS_OI       0.614         0.545         0.621
 DBFAS_OI       0.568         0.500         0.492         0.576
 ABFA_MT        0.992         0.652         0.614         0.568         0.992
 BBFA_MT        0.652         0.659         0.545         0.500         0.652
 CBFA_MT        0.614         0.545         0.621         0.492         0.614
 DBFA_MT        0.568         0.500         0.492         0.576         0.568


           Covariance Coverage
              BBFA_MT       CBFA_MT       DBFA_MT
              ________      ________      ________
 BBFA_MT        0.659
 CBFA_MT        0.545         0.621
 DBFA_MT        0.500         0.492         0.576


SAMPLE STATISTICS


     ESTIMATED SAMPLE STATISTICS FOR D2


           Means
              ABFAS_OI      BBFAS_OI      CBFAS_OI      DBFAS_OI      ABFA_MT
              ________      ________      ________      ________      ________
               74.932        74.182        74.409        74.289        43.283


           Means
              BBFA_MT       CBFA_MT       DBFA_MT
              ________      ________      ________
               43.458        42.837        41.492


           Covariances
              ABFAS_OI      BBFAS_OI      CBFAS_OI      DBFAS_OI      ABFA_MT
              ________      ________      ________      ________      ________
 ABFAS_OI     271.505
 BBFAS_OI     192.469       226.932
 CBFAS_OI     208.194       201.702       274.808
 DBFAS_OI     186.939       175.258       212.335       255.462
 ABFA_MT      -68.918       -64.081       -46.435       -18.890       412.924
 BBFA_MT      -53.702       -57.675       -48.367       -12.680       304.542
 CBFA_MT      -56.469       -42.269       -50.726       -10.019       293.352
 DBFA_MT      -53.849       -47.159       -58.540       -24.246       286.800


           Covariances
              BBFA_MT       CBFA_MT       DBFA_MT
              ________      ________      ________
 BBFA_MT      426.961
 CBFA_MT      338.243       441.713
 DBFA_MT      332.623       377.068       473.965


           Correlations
              ABFAS_OI      BBFAS_OI      CBFAS_OI      DBFAS_OI      ABFA_MT
              ________      ________      ________      ________      ________
 ABFAS_OI       1.000
 BBFAS_OI       0.775         1.000
 CBFAS_OI       0.762         0.808         1.000
 DBFAS_OI       0.710         0.728         0.801         1.000
 ABFA_MT       -0.206        -0.209        -0.138        -0.058         1.000
 BBFA_MT       -0.158        -0.185        -0.141        -0.038         0.725
 CBFA_MT       -0.163        -0.134        -0.146        -0.030         0.687
 DBFA_MT       -0.150        -0.144        -0.162        -0.070         0.648


           Correlations
              BBFA_MT       CBFA_MT       DBFA_MT
              ________      ________      ________
 BBFA_MT        1.000
 CBFA_MT        0.779         1.000
 DBFA_MT        0.739         0.824         1.000


     ESTIMATED SAMPLE STATISTICS FOR D3


           Means
              ABFAS_OI      BBFAS_OI      CBFAS_OI      DBFAS_OI      ABFA_MT
              ________      ________      ________      ________      ________
               77.318        76.671        76.357        77.277        40.980


           Means
              BBFA_MT       CBFA_MT       DBFA_MT
              ________      ________      ________
               39.690        39.972        41.885


           Covariances
              ABFAS_OI      BBFAS_OI      CBFAS_OI      DBFAS_OI      ABFA_MT
              ________      ________      ________      ________      ________
 ABFAS_OI     223.176
 BBFAS_OI     204.964       252.978
 CBFAS_OI     183.493       204.192       252.093
 DBFAS_OI     186.767       196.734       198.429       232.999
 ABFA_MT      -90.443       -67.420       -80.039       -75.149       412.648
 BBFA_MT      -82.044       -68.791       -95.020       -81.605       311.548
 CBFA_MT      -81.202       -72.259      -112.435       -85.942       298.997
 DBFA_MT      -65.209       -60.073       -77.274       -65.621       273.595


           Covariances
              BBFA_MT       CBFA_MT       DBFA_MT
              ________      ________      ________
 BBFA_MT      394.410
 CBFA_MT      327.445       407.968
 DBFA_MT      296.477       300.007       353.322


           Correlations
              ABFAS_OI      BBFAS_OI      CBFAS_OI      DBFAS_OI      ABFA_MT
              ________      ________      ________      ________      ________
 ABFAS_OI       1.000
 BBFAS_OI       0.863         1.000
 CBFAS_OI       0.774         0.809         1.000
 DBFAS_OI       0.819         0.810         0.819         1.000
 ABFA_MT       -0.298        -0.209        -0.248        -0.242         1.000
 BBFA_MT       -0.277        -0.218        -0.301        -0.269         0.772
 CBFA_MT       -0.269        -0.225        -0.351        -0.279         0.729
 DBFA_MT       -0.232        -0.201        -0.259        -0.229         0.717


           Correlations
              BBFA_MT       CBFA_MT       DBFA_MT
              ________      ________      ________
 BBFA_MT        1.000
 CBFA_MT        0.816         1.000
 DBFA_MT        0.794         0.790         1.000


     ESTIMATED SAMPLE STATISTICS FOR D4


           Means
              ABFAS_OI      BBFAS_OI      CBFAS_OI      DBFAS_OI      ABFA_MT
              ________      ________      ________      ________      ________
               75.132        75.296        74.400        74.612        36.637


           Means
              BBFA_MT       CBFA_MT       DBFA_MT
              ________      ________      ________
               37.647        37.398        37.177


           Covariances
              ABFAS_OI      BBFAS_OI      CBFAS_OI      DBFAS_OI      ABFA_MT
              ________      ________      ________      ________      ________
 ABFAS_OI     249.838
 BBFAS_OI     205.497       246.650
 CBFAS_OI     206.776       213.480       260.849
 DBFAS_OI     199.743       207.251       227.150       251.989
 ABFA_MT      -85.363       -57.520       -18.140       -52.828       371.299
 BBFA_MT      -83.202       -69.060       -41.828       -74.121       260.801
 CBFA_MT      -87.746       -78.755       -45.670       -63.733       263.030
 DBFA_MT      -63.312       -63.323       -55.392       -77.933       239.622


           Covariances
              BBFA_MT       CBFA_MT       DBFA_MT
              ________      ________      ________
 BBFA_MT      326.204
 CBFA_MT      270.149       360.149
 DBFA_MT      236.792       233.302       313.487


           Correlations
              ABFAS_OI      BBFAS_OI      CBFAS_OI      DBFAS_OI      ABFA_MT
              ________      ________      ________      ________      ________
 ABFAS_OI       1.000
 BBFAS_OI       0.828         1.000
 CBFAS_OI       0.810         0.842         1.000
 DBFAS_OI       0.796         0.831         0.886         1.000
 ABFA_MT       -0.280        -0.190        -0.058        -0.173         1.000
 BBFA_MT       -0.291        -0.243        -0.143        -0.259         0.749
 CBFA_MT       -0.293        -0.264        -0.149        -0.212         0.719
 DBFA_MT       -0.226        -0.228        -0.194        -0.277         0.702


           Correlations
              BBFA_MT       CBFA_MT       DBFA_MT
              ________      ________      ________
 BBFA_MT        1.000
 CBFA_MT        0.788         1.000
 DBFA_MT        0.740         0.694         1.000


     ESTIMATED SAMPLE STATISTICS FOR D5


           Means
              ABFAS_OI      BBFAS_OI      CBFAS_OI      DBFAS_OI      ABFA_MT
              ________      ________      ________      ________      ________
               73.786        73.502        71.497        71.475        34.177


           Means
              BBFA_MT       CBFA_MT       DBFA_MT
              ________      ________      ________
               34.977        35.342        34.695


           Covariances
              ABFAS_OI      BBFAS_OI      CBFAS_OI      DBFAS_OI      ABFA_MT
              ________      ________      ________      ________      ________
 ABFAS_OI     269.104
 BBFAS_OI     201.179       235.721
 CBFAS_OI     225.882       211.061       269.331
 DBFAS_OI     249.280       227.101       243.987       304.384
 ABFA_MT      -65.626       -50.015       -60.118       -81.940       338.958
 BBFA_MT      -61.122       -67.059       -58.497       -78.402       275.784
 CBFA_MT      -63.156       -63.980       -71.642       -80.766       286.601
 DBFA_MT      -32.148       -36.346       -31.876       -63.392       292.866


           Covariances
              BBFA_MT       CBFA_MT       DBFA_MT
              ________      ________      ________
 BBFA_MT      391.761
 CBFA_MT      308.138       420.416
 DBFA_MT      309.809       337.895       451.978


           Correlations
              ABFAS_OI      BBFAS_OI      CBFAS_OI      DBFAS_OI      ABFA_MT
              ________      ________      ________      ________      ________
 ABFAS_OI       1.000
 BBFAS_OI       0.799         1.000
 CBFAS_OI       0.839         0.838         1.000
 DBFAS_OI       0.871         0.848         0.852         1.000
 ABFA_MT       -0.217        -0.177        -0.199        -0.255         1.000
 BBFA_MT       -0.188        -0.221        -0.180        -0.227         0.757
 CBFA_MT       -0.188        -0.203        -0.213        -0.226         0.759
 DBFA_MT       -0.092        -0.111        -0.091        -0.171         0.748


           Correlations
              BBFA_MT       CBFA_MT       DBFA_MT
              ________      ________      ________
 BBFA_MT        1.000
 CBFA_MT        0.759         1.000
 DBFA_MT        0.736         0.775         1.000


     MAXIMUM LOG-LIKELIHOOD VALUE FOR THE UNRESTRICTED (H1) MODEL IS -20660.769


UNIVARIATE SAMPLE STATISTICS


     UNIVARIATE HIGHER-ORDER MOMENT DESCRIPTIVE STATISTICS FOR D2

         Variable/         Mean/     Skewness/   Minimum/ % with                Percentiles
        Sample Size      Variance    Kurtosis    Maximum  Min/Max      20%/60%    40%/80%    Median

     ABFAS_OI             74.914      -0.627      15.000    0.33%      60.000     72.500     77.500
             300.000     272.023       0.154     100.000    3.67%      80.000     90.000
     BBFAS_OI             73.924      -0.308      35.000    0.45%      60.000     70.000     75.000
             222.000     217.482      -0.530     100.000    2.25%      80.000     87.500
     CBFAS_OI             74.416      -0.543      25.000    0.47%      60.000     70.000     75.000
             215.000     268.640      -0.162     100.000    4.19%      80.000     90.000
     DBFAS_OI             74.860      -0.552      20.000    0.47%      60.000     72.500     75.000
             212.000     241.370       0.121     100.000    2.83%      82.500     90.000
     ABFA_MT              43.314       0.129       0.000    1.00%      25.000     37.500     41.667
             300.000     413.437      -0.593     100.000    0.33%      50.000     62.500
     BBFA_MT              43.194       0.265       0.000    0.45%      25.000     37.500     41.667
             222.000     427.674      -0.520      95.833    1.80%      45.833     62.500
     CBFA_MT              42.492       0.246       0.000    1.86%      20.833     37.500     41.667
             215.000     451.570      -0.378     100.000    0.47%      45.833     58.333
     DBFA_MT              41.726       0.330       0.000    2.83%      20.833     33.333     41.667
             212.000     487.008      -0.325     100.000    0.94%      45.833     58.333


     UNIVARIATE HIGHER-ORDER MOMENT DESCRIPTIVE STATISTICS FOR D3

         Variable/         Mean/     Skewness/   Minimum/ % with                Percentiles
        Sample Size      Variance    Kurtosis    Maximum  Min/Max      20%/60%    40%/80%    Median

     ABFAS_OI             77.318      -0.428      38.889    0.43%      65.000     75.000     80.000
             233.000     223.176      -0.472     100.000    7.73%      82.500     92.500
     BBFAS_OI             77.057      -0.576      32.500    1.17%      62.500     75.000     80.000
             171.000     251.105      -0.400     100.000    4.09%      85.000     92.500
     CBFAS_OI             76.058      -0.656      22.500    0.62%      62.500     75.000     77.500
             161.000     254.860       0.127     100.000    4.35%      82.500     90.000
     DBFAS_OI             77.727      -0.554      35.000    0.63%      67.500     75.000     77.500
             159.000     225.926      -0.146     100.000    6.92%      82.500     92.500
     ABFA_MT              40.980       0.262       0.000    2.58%      25.000     37.500     41.667
             233.000     412.648      -0.177      95.833    0.43%      45.833     58.333
     BBFA_MT              40.210       0.238       0.000    2.34%      20.833     33.333     41.667
             171.000     402.982      -0.318     100.000    0.58%      45.833     58.333
     CBFA_MT              40.414       0.161       0.000    1.86%      20.833     33.333     40.000
             161.000     394.842      -0.484      95.833    0.62%      45.833     58.333
     DBFA_MT              42.521      -0.008       0.000    2.52%      25.000     41.667     45.833
             159.000     356.009      -0.032     100.000    0.63%      45.833     58.333


     UNIVARIATE HIGHER-ORDER MOMENT DESCRIPTIVE STATISTICS FOR D4

         Variable/         Mean/     Skewness/   Minimum/ % with                Percentiles
        Sample Size      Variance    Kurtosis    Maximum  Min/Max      20%/60%    40%/80%    Median

     ABFAS_OI             75.132      -0.411      35.000    1.01%      62.500     72.222     75.000
             198.000     249.838      -0.411     100.000    5.05%      80.000     90.000
     BBFAS_OI             76.232      -0.692      22.500    0.70%      65.000     75.000     77.500
             143.000     250.211       0.542     100.000    6.99%      80.000     90.000
     CBFAS_OI             75.492      -0.351      32.500    0.76%      60.000     72.500     77.500
             132.000     255.061      -0.603     100.000    4.55%      80.000     92.500
     DBFAS_OI             76.077      -0.714      25.000    0.81%      62.500     75.000     77.500
             123.000     252.854       0.141     100.000    4.88%      82.500     90.000
     ABFA_MT              36.637       0.380       0.000    1.52%      20.833     29.167     33.333
             198.000     371.299      -0.014      95.833    0.51%      37.500     54.167
     BBFA_MT              37.541       0.332       0.000    1.41%      20.833     29.167     37.500
             142.000     336.232      -0.149      91.667    0.70%      41.667     54.167
     CBFA_MT              38.321       0.340       0.000    1.52%      20.833     33.333     37.500
             132.000     369.171      -0.524      83.333    1.52%      41.667     54.167
     DBFA_MT              37.364       0.318       0.000    0.81%      20.833     33.333     33.333
             123.000     314.175      -0.625      79.167    1.63%      37.500     54.167


     UNIVARIATE HIGHER-ORDER MOMENT DESCRIPTIVE STATISTICS FOR D5

         Variable/         Mean/     Skewness/   Minimum/ % with                Percentiles
        Sample Size      Variance    Kurtosis    Maximum  Min/Max      20%/60%    40%/80%    Median

     ABFAS_OI             73.742      -0.618      17.500    0.76%      60.000     70.000     75.000
             131.000     270.480       0.624     100.000    5.34%      80.000     90.000
     BBFAS_OI             73.483      -0.719      27.500    1.15%      61.111     72.500     75.000
              87.000     230.727       0.265     100.000    1.15%      77.500     87.500
     CBFAS_OI             72.043      -0.876      20.000    1.22%      60.000     70.000     72.500
              82.000     257.946       0.938      97.500    3.66%      77.500     87.500
     DBFAS_OI             73.856      -0.997      15.000    1.32%      60.000     72.500     77.500
              76.000     303.456       0.882     100.000    2.63%      80.556     87.500
     ABFA_MT              34.256       0.355       0.000    2.29%      16.667     29.167     33.333
             131.000     339.920      -0.245      85.000    0.76%      37.500     50.000
     BBFA_MT              33.793       0.250       0.000    5.75%      16.667     29.167     33.333
              87.000     355.057      -0.219      87.500    1.15%      37.500     50.000
     CBFA_MT              33.791       0.215       0.000    7.32%      16.667     25.000     33.333
              82.000     382.370      -0.542      79.167    2.44%      37.500     50.000
     DBFA_MT              34.101       0.622       0.000    2.63%      16.667     29.167     29.167
              76.000     411.509       0.007      87.500    2.63%      37.500     50.000


THE MODEL ESTIMATION TERMINATED NORMALLY



MODEL FIT INFORMATION

Number of Free Parameters                       54

Loglikelihood

          H0 Value                      -20735.115
          H0 Scaling Correction Factor      1.3626
            for MLR

Information Criteria

          Akaike (AIC)                   41578.230
          Bayesian (BIC)                 41835.355
          Sample-Size Adjusted BIC       41663.865
            (n* = (n + 2) / 24)



MODEL RESULTS

                                                    Two-Tailed
                    Estimate       S.E.  Est./S.E.    P-Value

Group D2

 P1       BY
    ABFAS_OI           1.000      0.000    999.000    999.000

 P2       BY
    BBFAS_OI           1.000      0.000    999.000    999.000

 P3       BY
    CBFAS_OI           1.000      0.000    999.000    999.000

 P4       BY
    DBFAS_OI           1.000      0.000    999.000    999.000

 V1       BY
    ABFA_MT            1.000      0.000    999.000    999.000

 V2       BY
    BBFA_MT            1.000      0.000    999.000    999.000

 V3       BY
    CBFA_MT            1.000      0.000    999.000    999.000

 V4       BY
    DBFA_MT            1.000      0.000    999.000    999.000

 P4         ON
    P3                 0.221      0.104      2.131      0.033
    V3                -0.025      0.062     -0.406      0.685

 P3         ON
    P2                 0.221      0.104      2.131      0.033
    V2                -0.025      0.062     -0.406      0.685

 P2         ON
    P1                 0.221      0.104      2.131      0.033
    V1                -0.025      0.062     -0.406      0.685

 V4         ON
    V3                 0.283      0.159      1.776      0.076
    P3                -0.005      0.124     -0.037      0.971

 V3         ON
    V2                 0.283      0.159      1.776      0.076
    P2                -0.005      0.124     -0.037      0.971

 V2         ON
    V1                 0.283      0.159      1.776      0.076
    P1                -0.005      0.124     -0.037      0.971

 S_BFAS_O WITH
    I_BFAS_OI          0.300      0.626      0.480      0.632
    S_BFA_MT           0.010      0.095      0.106      0.916
    I_BFA_MT           1.374      2.212      0.621      0.535

 I_BFAS_O WITH
    S_BFA_MT          -1.931      2.240     -0.862      0.389
    I_BFA_MT         -57.027     13.757     -4.145      0.000

 S_BFA_MT WITH
    I_BFA_MT          -0.281      0.892     -0.315      0.753

 P1       WITH
    V1               -16.462     12.157     -1.354      0.176

 P2       WITH
    V2                -6.635      8.567     -0.774      0.439

 P3       WITH
    V3                -6.635      8.567     -0.774      0.439

 P4       WITH
    V4                -6.635      8.567     -0.774      0.439

 Means
    P1                 0.000      0.000    999.000    999.000
    V1                 0.000      0.000    999.000    999.000
    I_BFAS_OI         75.280      0.518    145.324      0.000
    S_BFAS_OI         -0.073      0.046     -1.586      0.113
    I_BFA_MT          40.035      0.639     62.670      0.000
    S_BFA_MT          -0.242      0.058     -4.157      0.000

 Intercepts
    ABFAS_OI           0.000      0.000    999.000    999.000
    BBFAS_OI           0.000      0.000    999.000    999.000
    CBFAS_OI           0.000      0.000    999.000    999.000
    DBFAS_OI           0.000      0.000    999.000    999.000
    ABFA_MT            0.000      0.000    999.000    999.000
    BBFA_MT            0.000      0.000    999.000    999.000
    CBFA_MT            0.000      0.000    999.000    999.000
    DBFA_MT            0.000      0.000    999.000    999.000
    P2                 0.000      0.000    999.000    999.000
    P3                 0.000      0.000    999.000    999.000
    P4                 0.000      0.000    999.000    999.000
    V2                 0.000      0.000    999.000    999.000
    V3                 0.000      0.000    999.000    999.000
    V4                 0.000      0.000    999.000    999.000

 Variances
    P1                79.918     12.844      6.222      0.000
    V1               161.922     20.330      7.965      0.000
    I_BFAS_OI        184.757     14.020     13.178      0.000
    S_BFAS_OI          0.120      0.110      1.094      0.274
    I_BFA_MT         278.108     22.915     12.136      0.000
    S_BFA_MT           0.033      0.140      0.237      0.813

 Residual Variances
    ABFAS_OI           0.000      0.000    999.000    999.000
    BBFAS_OI           0.000      0.000    999.000    999.000
    CBFAS_OI           0.000      0.000    999.000    999.000
    DBFAS_OI           0.000      0.000    999.000    999.000
    ABFA_MT            0.000      0.000    999.000    999.000
    BBFA_MT            0.000      0.000    999.000    999.000
    CBFA_MT            0.000      0.000    999.000    999.000
    DBFA_MT            0.000      0.000    999.000    999.000
    P2                63.318      8.243      7.682      0.000
    P3                63.318      8.243      7.682      0.000
    P4                63.318      8.243      7.682      0.000
    V2               123.826     23.591      5.249      0.000
    V3               123.826     23.591      5.249      0.000
    V4               123.826     23.591      5.249      0.000

Group D3

 P1       BY
    ABFAS_OI           1.000      0.000    999.000    999.000

 P2       BY
    BBFAS_OI           1.000      0.000    999.000    999.000

 P3       BY
    CBFAS_OI           1.000      0.000    999.000    999.000

 P4       BY
    DBFAS_OI           1.000      0.000    999.000    999.000

 V1       BY
    ABFA_MT            1.000      0.000    999.000    999.000

 V2       BY
    BBFA_MT            1.000      0.000    999.000    999.000

 V3       BY
    CBFA_MT            1.000      0.000    999.000    999.000

 V4       BY
    DBFA_MT            1.000      0.000    999.000    999.000

 P4         ON
    P3                 0.231      0.098      2.356      0.018
    V3                -0.004      0.054     -0.083      0.934

 P3         ON
    P2                 0.231      0.098      2.356      0.018
    V2                -0.004      0.054     -0.083      0.934

 P2         ON
    P1                 0.231      0.098      2.356      0.018
    V1                -0.004      0.054     -0.083      0.934

 V4         ON
    V3                 0.121      0.066      1.825      0.068
    P3                 0.037      0.109      0.342      0.732

 V3         ON
    V2                 0.121      0.066      1.825      0.068
    P2                 0.037      0.109      0.342      0.732

 V2         ON
    V1                 0.121      0.066      1.825      0.068
    P1                 0.037      0.109      0.342      0.732

 S_BFAS_O WITH
    I_BFAS_OI          0.300      0.626      0.480      0.632
    S_BFA_MT           0.010      0.095      0.106      0.916
    I_BFA_MT           1.374      2.212      0.621      0.535

 I_BFAS_O WITH
    S_BFA_MT          -1.931      2.240     -0.862      0.389
    I_BFA_MT         -57.027     13.757     -4.145      0.000

 S_BFA_MT WITH
    I_BFA_MT          -0.281      0.892     -0.315      0.753

 P1       WITH
    V1               -21.014      7.647     -2.748      0.006

 P2       WITH
    V2                -3.466      5.536     -0.626      0.531

 P3       WITH
    V3                -3.466      5.536     -0.626      0.531

 P4       WITH
    V4                -3.466      5.536     -0.626      0.531

 Means
    P1                 0.000      0.000    999.000    999.000
    V1                 0.000      0.000    999.000    999.000
    I_BFAS_OI         75.280      0.518    145.324      0.000
    S_BFAS_OI         -0.073      0.046     -1.586      0.113
    I_BFA_MT          40.035      0.639     62.670      0.000
    S_BFA_MT          -0.242      0.058     -4.157      0.000

 Intercepts
    ABFAS_OI           0.000      0.000    999.000    999.000
    BBFAS_OI           0.000      0.000    999.000    999.000
    CBFAS_OI           0.000      0.000    999.000    999.000
    DBFAS_OI           0.000      0.000    999.000    999.000
    ABFA_MT            0.000      0.000    999.000    999.000
    BBFA_MT            0.000      0.000    999.000    999.000
    CBFA_MT            0.000      0.000    999.000    999.000
    DBFA_MT            0.000      0.000    999.000    999.000
    P2                 0.000      0.000    999.000    999.000
    P3                 0.000      0.000    999.000    999.000
    P4                 0.000      0.000    999.000    999.000
    V2                 0.000      0.000    999.000    999.000
    V3                 0.000      0.000    999.000    999.000
    V4                 0.000      0.000    999.000    999.000

 Variances
    P1                36.341      9.273      3.919      0.000
    V1               131.251     17.679      7.424      0.000
    I_BFAS_OI        184.757     14.020     13.178      0.000
    S_BFAS_OI          0.120      0.110      1.094      0.274
    I_BFA_MT         278.108     22.915     12.136      0.000
    S_BFA_MT           0.033      0.140      0.237      0.813

 Residual Variances
    ABFAS_OI           0.000      0.000    999.000    999.000
    BBFAS_OI           0.000      0.000    999.000    999.000
    CBFAS_OI           0.000      0.000    999.000    999.000
    DBFAS_OI           0.000      0.000    999.000    999.000
    ABFA_MT            0.000      0.000    999.000    999.000
    BBFA_MT            0.000      0.000    999.000    999.000
    CBFA_MT            0.000      0.000    999.000    999.000
    DBFA_MT            0.000      0.000    999.000    999.000
    P2                53.477      6.818      7.844      0.000
    P3                53.477      6.818      7.844      0.000
    P4                53.477      6.818      7.844      0.000
    V2                86.342      8.101     10.658      0.000
    V3                86.342      8.101     10.658      0.000
    V4                86.342      8.101     10.658      0.000

Group D4

 P1       BY
    ABFAS_OI           1.000      0.000    999.000    999.000

 P2       BY
    BBFAS_OI           1.000      0.000    999.000    999.000

 P3       BY
    CBFAS_OI           1.000      0.000    999.000    999.000

 P4       BY
    DBFAS_OI           1.000      0.000    999.000    999.000

 V1       BY
    ABFA_MT            1.000      0.000    999.000    999.000

 V2       BY
    BBFA_MT            1.000      0.000    999.000    999.000

 V3       BY
    CBFA_MT            1.000      0.000    999.000    999.000

 V4       BY
    DBFA_MT            1.000      0.000    999.000    999.000

 P4         ON
    P3                 0.179      0.133      1.347      0.178
    V3                 0.008      0.061      0.126      0.899

 P3         ON
    P2                 0.179      0.133      1.347      0.178
    V2                 0.008      0.061      0.126      0.899

 P2         ON
    P1                 0.179      0.133      1.347      0.178
    V1                 0.008      0.061      0.126      0.899

 V4         ON
    V3                 0.017      0.116      0.148      0.883
    P3                -0.239      0.112     -2.147      0.032

 V3         ON
    V2                 0.017      0.116      0.148      0.883
    P2                -0.239      0.112     -2.147      0.032

 V2         ON
    V1                 0.017      0.116      0.148      0.883
    P1                -0.239      0.112     -2.147      0.032

 S_BFAS_O WITH
    I_BFAS_OI          0.300      0.626      0.480      0.632
    S_BFA_MT           0.010      0.095      0.106      0.916
    I_BFA_MT           1.374      2.212      0.621      0.535

 I_BFAS_O WITH
    S_BFA_MT          -1.931      2.240     -0.862      0.389
    I_BFA_MT         -57.027     13.757     -4.145      0.000

 S_BFA_MT WITH
    I_BFA_MT          -0.281      0.892     -0.315      0.753

 P1       WITH
    V1               -30.363     11.411     -2.661      0.008

 P2       WITH
    V2                -3.014      5.583     -0.540      0.589

 P3       WITH
    V3                -3.014      5.583     -0.540      0.589

 P4       WITH
    V4                -3.014      5.583     -0.540      0.589

 Means
    P1                 0.000      0.000    999.000    999.000
    V1                 0.000      0.000    999.000    999.000
    I_BFAS_OI         75.280      0.518    145.324      0.000
    S_BFAS_OI         -0.073      0.046     -1.586      0.113
    I_BFA_MT          40.035      0.639     62.670      0.000
    S_BFA_MT          -0.242      0.058     -4.157      0.000

 Intercepts
    ABFAS_OI           0.000      0.000    999.000    999.000
    BBFAS_OI           0.000      0.000    999.000    999.000
    CBFAS_OI           0.000      0.000    999.000    999.000
    DBFAS_OI           0.000      0.000    999.000    999.000
    ABFA_MT            0.000      0.000    999.000    999.000
    BBFA_MT            0.000      0.000    999.000    999.000
    CBFA_MT            0.000      0.000    999.000    999.000
    DBFA_MT            0.000      0.000    999.000    999.000
    P2                 0.000      0.000    999.000    999.000
    P3                 0.000      0.000    999.000    999.000
    P4                 0.000      0.000    999.000    999.000
    V2                 0.000      0.000    999.000    999.000
    V3                 0.000      0.000    999.000    999.000
    V4                 0.000      0.000    999.000    999.000

 Variances
    P1                57.514      9.282      6.197      0.000
    V1               117.595     23.008      5.111      0.000
    I_BFAS_OI        184.757     14.020     13.178      0.000
    S_BFAS_OI          0.120      0.110      1.094      0.274
    I_BFA_MT         278.108     22.915     12.136      0.000
    S_BFA_MT           0.033      0.140      0.237      0.813

 Residual Variances
    ABFAS_OI           0.000      0.000    999.000    999.000
    BBFAS_OI           0.000      0.000    999.000    999.000
    CBFAS_OI           0.000      0.000    999.000    999.000
    DBFAS_OI           0.000      0.000    999.000    999.000
    ABFA_MT            0.000      0.000    999.000    999.000
    BBFA_MT            0.000      0.000    999.000    999.000
    CBFA_MT            0.000      0.000    999.000    999.000
    DBFA_MT            0.000      0.000    999.000    999.000
    P2                41.927      5.789      7.242      0.000
    P3                41.927      5.789      7.242      0.000
    P4                41.927      5.789      7.242      0.000
    V2                83.199     14.947      5.566      0.000
    V3                83.199     14.947      5.566      0.000
    V4                83.199     14.947      5.566      0.000

Group D5

 P1       BY
    ABFAS_OI           1.000      0.000    999.000    999.000

 P2       BY
    BBFAS_OI           1.000      0.000    999.000    999.000

 P3       BY
    CBFAS_OI           1.000      0.000    999.000    999.000

 P4       BY
    DBFAS_OI           1.000      0.000    999.000    999.000

 V1       BY
    ABFA_MT            1.000      0.000    999.000    999.000

 V2       BY
    BBFA_MT            1.000      0.000    999.000    999.000

 V3       BY
    CBFA_MT            1.000      0.000    999.000    999.000

 V4       BY
    DBFA_MT            1.000      0.000    999.000    999.000

 P4         ON
    P3                -0.075      0.090     -0.827      0.408
    V3                 0.013      0.073      0.184      0.854

 P3         ON
    P2                -0.075      0.090     -0.827      0.408
    V2                 0.013      0.073      0.184      0.854

 P2         ON
    P1                -0.075      0.090     -0.827      0.408
    V1                 0.013      0.073      0.184      0.854

 V4         ON
    V3                 0.187      0.226      0.826      0.409
    P3                 0.060      0.141      0.427      0.669

 V3         ON
    V2                 0.187      0.226      0.826      0.409
    P2                 0.060      0.141      0.427      0.669

 V2         ON
    V1                 0.187      0.226      0.826      0.409
    P1                 0.060      0.141      0.427      0.669

 S_BFAS_O WITH
    I_BFAS_OI          0.300      0.626      0.480      0.632
    S_BFA_MT           0.010      0.095      0.106      0.916
    I_BFA_MT           1.374      2.212      0.621      0.535

 I_BFAS_O WITH
    S_BFA_MT          -1.931      2.240     -0.862      0.389
    I_BFA_MT         -57.027     13.757     -4.145      0.000

 S_BFA_MT WITH
    I_BFA_MT          -0.281      0.892     -0.315      0.753

 P1       WITH
    V1               -11.160      9.878     -1.130      0.259

 P2       WITH
    V2                -8.303      8.841     -0.939      0.348

 P3       WITH
    V3                -8.303      8.841     -0.939      0.348

 P4       WITH
    V4                -8.303      8.841     -0.939      0.348

 Means
    P1                 0.000      0.000    999.000    999.000
    V1                 0.000      0.000    999.000    999.000
    I_BFAS_OI         75.280      0.518    145.324      0.000
    S_BFAS_OI         -0.073      0.046     -1.586      0.113
    I_BFA_MT          40.035      0.639     62.670      0.000
    S_BFA_MT          -0.242      0.058     -4.157      0.000

 Intercepts
    ABFAS_OI           0.000      0.000    999.000    999.000
    BBFAS_OI           0.000      0.000    999.000    999.000
    CBFAS_OI           0.000      0.000    999.000    999.000
    DBFAS_OI           0.000      0.000    999.000    999.000
    ABFA_MT            0.000      0.000    999.000    999.000
    BBFA_MT            0.000      0.000    999.000    999.000
    CBFA_MT            0.000      0.000    999.000    999.000
    DBFA_MT            0.000      0.000    999.000    999.000
    P2                 0.000      0.000    999.000    999.000
    P3                 0.000      0.000    999.000    999.000
    P4                 0.000      0.000    999.000    999.000
    V2                 0.000      0.000    999.000    999.000
    V3                 0.000      0.000    999.000    999.000
    V4                 0.000      0.000    999.000    999.000

 Variances
    P1                49.218     13.089      3.760      0.000
    V1                73.872     22.203      3.327      0.001
    I_BFAS_OI        184.757     14.020     13.178      0.000
    S_BFAS_OI          0.120      0.110      1.094      0.274
    I_BFA_MT         278.108     22.915     12.136      0.000
    S_BFA_MT           0.033      0.140      0.237      0.813

 Residual Variances
    ABFAS_OI           0.000      0.000    999.000    999.000
    BBFAS_OI           0.000      0.000    999.000    999.000
    CBFAS_OI           0.000      0.000    999.000    999.000
    DBFAS_OI           0.000      0.000    999.000    999.000
    ABFA_MT            0.000      0.000    999.000    999.000
    BBFA_MT            0.000      0.000    999.000    999.000
    CBFA_MT            0.000      0.000    999.000    999.000
    DBFA_MT            0.000      0.000    999.000    999.000
    P2                39.908      7.142      5.588      0.000
    P3                39.908      7.142      5.588      0.000
    P4                39.908      7.142      5.588      0.000
    V2               121.367     27.905      4.349      0.000
    V3               121.367     27.905      4.349      0.000
    V4               121.367     27.905      4.349      0.000


QUALITY OF NUMERICAL RESULTS

     Condition Number for the Information Matrix              0.187E-04
       (ratio of smallest to largest eigenvalue)


     Beginning Time:  17:56:11
        Ending Time:  17:56:15
       Elapsed Time:  00:00:04



MUTHEN & MUTHEN
3463 Stoner Ave.
Los Angeles, CA  90066

Tel: (310) 391-9971
Fax: (310) 391-8971
Web: www.StatModel.com
Support: Support@StatModel.com

Copyright (c) 1998-2017 Muthen & Muthen
