Mplus VERSION 8 (Linux)
MUTHEN & MUTHEN
07/08/2018   5:16 PM

INPUT INSTRUCTIONS


  title: PxVx Bivariate LCM-SR - 40splitgroup - Linear bfas_ac with Linear hrz_col;
  data: file = /home/jflournoy/code_new/lnt_pxvx/Data/lnt_nat_recalc.tsv;

  variable:
  names =
  subjid
  aage
  aaspfin
  aaspfin_d
  abfa_mt
  abfa_mt_d
  abfas_ac
  abfas_ap
  abfas_ci
  abfas_co
  abfas_ea
  abfas_ee
  abfas_nv
  abfas_nv9
  abfas_nw
  abfas_oi
  abfas_oo
  abfi_a
  abfi_a6
  abfi_c
  abfi_d_scale
  abfi_e
  abfi_hp8
  abfi_n
  abfi_o
  abfi_s_scale
  ahrz_col
  ahrz_col_d
  ahrz_ind
  ahrz_ind_d
  amvi
  ausi
  ausi_d
  avrt_col
  avrt_col_d
  avrt_ind
  avrt_ind_d
  bage
  baspfin
  baspfin_d
  bbfa_mt
  bbfa_mt_d
  bbfas_ac
  bbfas_ap
  bbfas_ci
  bbfas_co
  bbfas_ea
  bbfas_ee
  bbfas_nv
  bbfas_nv9
  bbfas_nw
  bbfas_oi
  bbfas_oo
  bbfi_a
  bbfi_a6
  bbfi_c
  bbfi_d_scale
  bbfi_e
  bbfi_hp8
  bbfi_n
  bbfi_o
  bbfi_s_scale
  bhrz_col
  bhrz_col_d
  bhrz_ind
  bhrz_ind_d
  bmvi
  busi
  busi_d
  bvrt_col
  bvrt_col_d
  bvrt_ind
  bvrt_ind_d
  cage
  caspfin
  caspfin_d
  cbfa_mt
  cbfa_mt_d
  cbfas_ac
  cbfas_ap
  cbfas_ci
  cbfas_co
  cbfas_ea
  cbfas_ee
  cbfas_nv
  cbfas_nv9
  cbfas_nw
  cbfas_oi
  cbfas_oo
  cbfi_a
  cbfi_a6
  cbfi_c
  cbfi_d_scale
  cbfi_e
  cbfi_hp8
  cbfi_n
  cbfi_o
  cbfi_s_scale
  chrz_col
  chrz_col_d
  chrz_ind
  chrz_ind_d
  cmvi
  cusi
  cusi_d
  cvrt_col
  cvrt_col_d
  cvrt_ind
  cvrt_ind_d
  dage
  daspfin
  daspfin_d
  dbfa_mt
  dbfa_mt_d
  dbfas_ac
  dbfas_ap
  dbfas_ci
  dbfas_co
  dbfas_ea
  dbfas_ee
  dbfas_nv
  dbfas_nv9
  dbfas_nw
  dbfas_oi
  dbfas_oo
  dbfi_a
  dbfi_a6
  dbfi_c
  dbfi_d_scale
  dbfi_e
  dbfi_hp8
  dbfi_n
  dbfi_o
  dbfi_s_scale
  dhrz_col
  dhrz_col_d
  dhrz_ind
  dhrz_ind_d
  dmvi
  dusi
  dusi_d
  dvrt_col
  dvrt_col_d
  dvrt_ind
  dvrt_ind_d;

  USEVARIABLES =
  abfas_ac
  bbfas_ac
  cbfas_ac
  dbfas_ac
  ahrz_col
  bhrz_col
  chrz_col
  dhrz_col
  a1
  a2
  a3
  a4
  aagegrp
  ;

  missing = all (-9999);

  tscores = a1 a2 a3 a4;

  grouping = aagegrp (0=earlier, 1=later);

  DEFINE:

  aagegrp = aage;

  cut aagegrp (39);

  a1 = aage + 0 - 36;
  a2 = aage + 1 - 36;
  a3 = aage + 2 - 36;
  a4 = aage + 3 - 36;

  ANALYSIS:
  TYPE=RANDOM;
  PROCESSORS = 6;
  model=nocovariances; ! supresses default estimation of certain covs in model;

  MODEL:

  i_bfas_ac s_bfas_ac | abfas_ac bbfas_ac cbfas_ac dbfas_ac AT a1 a2 a3 a4;
  i_hrz_col s_hrz_col | ahrz_col bhrz_col chrz_col dhrz_col AT a1 a2 a3 a4;

  ! freeing factor covs because of "nocovariances"
  ! But ensure they are constrained across groups
  s_bfas_ac WITH i_bfas_ac (p)
  s_hrz_col (q)
  i_hrz_col (r);
  i_bfas_ac WITH s_hrz_col (s)
  i_hrz_col (t);
  s_hrz_col WITH i_hrz_col (u);

  !constrain latent growth means across groups
  [i_bfas_ac] (v);
  [s_bfas_ac] (w);
  [i_hrz_col] (x);
  [s_hrz_col] (y);

  !constrain latent growth variances across groups
  i_bfas_ac (l);
  s_bfas_ac (m);
  i_hrz_col (n);
  s_hrz_col (o);

  p1 BY abfas_ac@1; ! Residual "factors";
  p2 BY bbfas_ac@1;
  p3 BY cbfas_ac@1;
  p4 BY dbfas_ac@1;

  v1 BY ahrz_col@1; ! Residual "factors";
  v2 BY bhrz_col@1;
  v3 BY chrz_col@1;
  v4 BY dhrz_col@1;

  !residual variances on observed/manifest vars set to 0
  abfas_ac@0;
  bbfas_ac@0;
  cbfas_ac@0;
  dbfas_ac@0;

  !residual variances on observed/manifest vars set to 0
  ahrz_col@0;
  bhrz_col@0;
  chrz_col@0;
  dhrz_col@0;

  ! means of observed/manifest vars set to 0
  [abfas_ac@0];
  [bbfas_ac@0];
  [cbfas_ac@0];
  [dbfas_ac@0];

  ! means of observed/manifest vars set to 0
  [ahrz_col@0];
  [bhrz_col@0];
  [chrz_col@0];
  [dhrz_col@0];

  [p1@0]; ! means of residual "factors" set to 0
  [p2@0];
  [p3@0];
  [p4@0];

  [v1@0]; ! means of residual "factors" set to 0
  [v2@0];
  [v3@0];
  [v4@0];

  p4 on p3 (a); ! Autoregressive paths constrained to equality
  p3 on p2 (a);
  p2 on p1 (a);

  v4 on v3 (b); ! Autoregressive paths constrained to equality
  v3 on v2 (b);
  v2 on v1 (b);

  p4 on v3 (c); ! Cross-lagged paths constrained to equality
  p3 on v2 (c);
  p2 on v1 (c);

  v4 on p3 (d); ! Cross-lagged paths constrained to equality
  v3 on p2 (d);
  v2 on p1 (d);

  p1 with v1; !(this one is not like the others)

  p2 with v2 (e); ! Within-wave correlations constrained to equality
  p3 with v3 (e);
  p4 with v4 (e);

  p2 p3 p4 (f); ! estimate variances of residual "factors"
  v2 v3 v4 (g); ! estimate variances of residual "factors"

  MODEL earlier:

  p4 on p3 (a23); ! Autoregressive paths constrained to equality
  p3 on p2 (a23);
  p2 on p1 (a23);

  v4 on v3 (b23); ! Autoregressive paths constrained to equality
  v3 on v2 (b23);
  v2 on v1 (b23);

  p4 on v3 (c23); ! Cross-lagged paths constrained to equality
  p3 on v2 (c23);
  p2 on v1 (c23);

  v4 on p3 (d23); ! Cross-lagged paths constrained to equality
  v3 on p2 (d23);
  v2 on p1 (d23);

  p1 with v1; !(this one is not like the others)

  p2 with v2 (e23); ! Within-wave correlations constrained to equality
  p3 with v3 (e23);
  p4 with v4 (e23);

  p2 p3 p4 (f23); ! estimate variances of residual "factors"
  v2 v3 v4 (g23); ! estimate variances of residual "factors"

  MODEL later:

  p4 on p3 (a45); ! Autoregressive paths constrained to equality
  p3 on p2 (a45);
  p2 on p1 (a45);

  v4 on v3 (b45); ! Autoregressive paths constrained to equality
  v3 on v2 (b45);
  v2 on v1 (b45);

  p4 on v3 (c45); ! Cross-lagged paths constrained to equality
  p3 on v2 (c45);
  p2 on v1 (c45);

  v4 on p3 (d45); ! Cross-lagged paths constrained to equality
  v3 on p2 (d45);
  v2 on p1 (d45);

  p1 with v1; !(this one is not like the others)

  p2 with v2 (e45); ! Within-wave correlations constrained to equality
  p3 with v3 (e45);
  p4 with v4 (e45);

  p2 p3 p4 (f45); ! estimate variances of residual "factors"
  v2 v3 v4 (g45); ! estimate variances of residual "factors"

  OUTPUT: SAMPSTAT PATTERNS;



*** WARNING
  Data set contains unknown or missing values for GROUPING,
  PATTERN, COHORT, CLUSTER and/or STRATIFICATION variables.
  Number of cases with unknown or missing values:  5
   1 WARNING(S) FOUND IN THE INPUT INSTRUCTIONS



PxVx Bivariate LCM-SR - 40splitgroup - Linear bfas_ac with Linear hrz_col;

SUMMARY OF ANALYSIS

Number of groups                                                 2
Number of observations
   Group EARLIER                                               534
   Group LATER                                                 330
   Total sample size                                           864

Number of dependent variables                                    8
Number of independent variables                                  0
Number of continuous latent variables                           12

Observed dependent variables

  Continuous
   ABFAS_AC    BBFAS_AC    CBFAS_AC    DBFAS_AC    AHRZ_COL    BHRZ_COL
   CHRZ_COL    DHRZ_COL

Continuous latent variables
   P1          P2          P3          P4          V1          V2
   V3          V4          I_BFAS_A    S_BFAS_A    I_HRZ_CO    S_HRZ_CO

Variables with special functions

  Grouping variable     AAGEGRP

  Time scores
   A1          A2          A3          A4


Estimator                                                      MLR
Information matrix                                        OBSERVED
Maximum number of iterations                                   100
Convergence criterion                                    0.100D-05
Maximum number of EM iterations                                500
Convergence criteria for the EM algorithm
  Loglikelihood change                                   0.100D-02
  Relative loglikelihood change                          0.100D-05
  Derivative                                             0.100D-03
Minimum variance                                         0.100D-03
Maximum number of steepest descent iterations                   20
Maximum number of iterations for H1                           2000
Convergence criterion for H1                             0.100D-03
Optimization algorithm                                         EMA

Input data file(s)
  /home/jflournoy/code_new/lnt_pxvx/Data/lnt_nat_recalc.tsv
Input data format  FREE


SUMMARY OF DATA

   Group EARLIER
     Number of missing data patterns            16

   Group LATER
     Number of missing data patterns            15


SUMMARY OF MISSING DATA PATTERNS


     MISSING DATA PATTERNS (x = not missing) FOR EARLIER

           1  2  3  4  5  6  7  8  9 10 11 12 13 14 15 16
 ABFAS_AC  x  x  x  x  x  x  x  x  x  x  x     x  x  x  x
 BBFAS_AC  x     x     x  x  x        x  x  x  x  x
 CBFAS_AC  x        x  x     x     x  x     x  x  x  x
 DBFAS_AC  x     x  x  x        x           x  x     x  x
 AHRZ_COL  x  x  x  x  x  x  x  x  x  x  x  x  x  x  x  x
 BHRZ_COL  x     x     x  x  x        x     x     x  x
 CHRZ_COL  x        x        x     x        x  x  x  x
 DHRZ_COL  x     x  x  x        x           x  x  x  x


     MISSING DATA PATTERN FREQUENCIES FOR EARLIER

    Pattern   Frequency     Pattern   Frequency     Pattern   Frequency
          1         325           7          20          13           2
          2         101           8          14          14           1
          3          14           9          12          15           1
          4          12          10           1          16           1
          5           1          11           2
          6          26          12           1


     MISSING DATA PATTERNS (x = not missing) FOR LATER

           1  2  3  4  5  6  7  8  9 10 11 12 13 14 15
 ABFAS_AC  x  x  x  x  x  x  x  x  x  x     x  x  x  x
 BBFAS_AC  x     x     x  x  x        x  x  x     x
 CBFAS_AC  x        x  x     x     x     x  x        x
 DBFAS_AC  x     x  x  x        x        x  x     x
 AHRZ_COL  x  x  x  x  x  x  x  x  x  x  x  x     x  x
 BHRZ_COL  x     x     x  x  x           x
 CHRZ_COL  x        x        x     x     x  x
 DHRZ_COL  x     x  x  x        x        x  x     x


     MISSING DATA PATTERN FREQUENCIES FOR LATER

    Pattern   Frequency     Pattern   Frequency     Pattern   Frequency
          1         164           6          22          11           1
          2          68           7          26          12           1
          3          12           8          10          13           1
          4           9           9          11          14           1
          5           1          10           2          15           1


COVARIANCE COVERAGE OF DATA

Minimum covariance coverage value   0.100


     PROPORTION OF DATA PRESENT FOR EARLIER


           Covariance Coverage
              ABFAS_AC      BBFAS_AC      CBFAS_AC      DBFAS_AC      AHRZ_COL
              ________      ________      ________      ________      ________
 ABFAS_AC       0.998
 BBFAS_AC       0.734         0.736
 CBFAS_AC       0.702         0.657         0.704
 DBFAS_AC       0.693         0.642         0.640         0.695
 AHRZ_COL       0.998         0.736         0.704         0.695         1.000
 BHRZ_COL       0.728         0.728         0.655         0.640         0.730
 CHRZ_COL       0.699         0.654         0.700         0.639         0.700
 DHRZ_COL       0.693         0.644         0.642         0.693         0.695


           Covariance Coverage
              BHRZ_COL      CHRZ_COL      DHRZ_COL
              ________      ________      ________
 BHRZ_COL       0.730
 CHRZ_COL       0.652         0.700
 DHRZ_COL       0.642         0.640         0.695


     PROPORTION OF DATA PRESENT FOR LATER


           Covariance Coverage
              ABFAS_AC      BBFAS_AC      CBFAS_AC      DBFAS_AC      AHRZ_COL
              ________      ________      ________      ________      ________
 ABFAS_AC       0.997
 BBFAS_AC       0.697         0.700
 CBFAS_AC       0.655         0.594         0.658
 DBFAS_AC       0.600         0.542         0.536         0.603
 AHRZ_COL       0.997         0.700         0.658         0.603         1.000
 BHRZ_COL       0.694         0.694         0.594         0.542         0.697
 CHRZ_COL       0.645         0.585         0.648         0.533         0.648
 DHRZ_COL       0.603         0.545         0.539         0.603         0.606


           Covariance Coverage
              BHRZ_COL      CHRZ_COL      DHRZ_COL
              ________      ________      ________
 BHRZ_COL       0.697
 CHRZ_COL       0.585         0.648
 DHRZ_COL       0.545         0.536         0.606


SAMPLE STATISTICS


     ESTIMATED SAMPLE STATISTICS FOR EARLIER


           Means
              ABFAS_AC      BBFAS_AC      CBFAS_AC      DBFAS_AC      AHRZ_COL
              ________      ________      ________      ________      ________
               76.620        76.477        76.065        77.212        70.233


           Means
              BHRZ_COL      CHRZ_COL      DHRZ_COL
              ________      ________      ________
               69.836        70.485        70.248


           Covariances
              ABFAS_AC      BBFAS_AC      CBFAS_AC      DBFAS_AC      AHRZ_COL
              ________      ________      ________      ________      ________
 ABFAS_AC     272.013
 BBFAS_AC     220.977       286.317
 CBFAS_AC     199.160       232.959       277.520
 DBFAS_AC     192.335       207.042       217.200       251.309
 AHRZ_COL     163.314       146.125       128.714       118.987       316.658
 BHRZ_COL     134.259       144.213       126.415       121.439       222.224
 CHRZ_COL     139.808       156.628       157.217       133.638       216.457
 DHRZ_COL     136.968       142.932       143.194       142.067       217.939


           Covariances
              BHRZ_COL      CHRZ_COL      DHRZ_COL
              ________      ________      ________
 BHRZ_COL     314.845
 CHRZ_COL     235.754       338.925
 DHRZ_COL     224.467       240.582       317.589


           Correlations
              ABFAS_AC      BBFAS_AC      CBFAS_AC      DBFAS_AC      AHRZ_COL
              ________      ________      ________      ________      ________
 ABFAS_AC       1.000
 BBFAS_AC       0.792         1.000
 CBFAS_AC       0.725         0.826         1.000
 DBFAS_AC       0.736         0.772         0.822         1.000
 AHRZ_COL       0.556         0.485         0.434         0.422         1.000
 BHRZ_COL       0.459         0.480         0.428         0.432         0.704
 CHRZ_COL       0.460         0.503         0.513         0.458         0.661
 DHRZ_COL       0.466         0.474         0.482         0.503         0.687


           Correlations
              BHRZ_COL      CHRZ_COL      DHRZ_COL
              ________      ________      ________
 BHRZ_COL       1.000
 CHRZ_COL       0.722         1.000
 DHRZ_COL       0.710         0.733         1.000


     ESTIMATED SAMPLE STATISTICS FOR LATER


           Means
              ABFAS_AC      BBFAS_AC      CBFAS_AC      DBFAS_AC      AHRZ_COL
              ________      ________      ________      ________      ________
               79.332        79.972        79.408        78.537        75.268


           Means
              BHRZ_COL      CHRZ_COL      DHRZ_COL
              ________      ________      ________
               74.004        75.104        73.908


           Covariances
              ABFAS_AC      BBFAS_AC      CBFAS_AC      DBFAS_AC      AHRZ_COL
              ________      ________      ________      ________      ________
 ABFAS_AC     244.487
 BBFAS_AC     166.261       189.705
 CBFAS_AC     183.239       162.449       228.513
 DBFAS_AC     201.457       173.645       199.685       260.943
 AHRZ_COL     127.755        99.821       106.792       117.808       234.033
 BHRZ_COL     109.822       113.592       122.814       123.612       169.766
 CHRZ_COL     113.950       102.506       118.398       134.211       152.983
 DHRZ_COL     118.248        96.127       121.859       141.855       148.294


           Covariances
              BHRZ_COL      CHRZ_COL      DHRZ_COL
              ________      ________      ________
 BHRZ_COL     232.333
 CHRZ_COL     166.570       214.107
 DHRZ_COL     161.028       161.106       228.670


           Correlations
              ABFAS_AC      BBFAS_AC      CBFAS_AC      DBFAS_AC      AHRZ_COL
              ________      ________      ________      ________      ________
 ABFAS_AC       1.000
 BBFAS_AC       0.772         1.000
 CBFAS_AC       0.775         0.780         1.000
 DBFAS_AC       0.798         0.780         0.818         1.000
 AHRZ_COL       0.534         0.474         0.462         0.477         1.000
 BHRZ_COL       0.461         0.541         0.533         0.502         0.728
 CHRZ_COL       0.498         0.509         0.535         0.568         0.683
 DHRZ_COL       0.500         0.462         0.533         0.581         0.641


           Correlations
              BHRZ_COL      CHRZ_COL      DHRZ_COL
              ________      ________      ________
 BHRZ_COL       1.000
 CHRZ_COL       0.747         1.000
 DHRZ_COL       0.699         0.728         1.000


     MAXIMUM LOG-LIKELIHOOD VALUE FOR THE UNRESTRICTED (H1) MODEL IS -20282.170


UNIVARIATE SAMPLE STATISTICS


     UNIVARIATE HIGHER-ORDER MOMENT DESCRIPTIVE STATISTICS FOR EARLIER

         Variable/         Mean/     Skewness/   Minimum/ % with                Percentiles
        Sample Size      Variance    Kurtosis    Maximum  Min/Max      20%/60%    40%/80%    Median

     ABFAS_AC             76.600      -0.832      12.500    0.19%      62.500     75.000     80.000
             533.000     272.162       0.474     100.000    4.88%      82.500     90.000
     BBFAS_AC             76.789      -0.822      10.000    0.25%      65.000     75.000     80.000
             393.000     284.938       0.456     100.000    6.62%      82.500     92.500
     CBFAS_AC             76.020      -0.774      20.000    0.27%      62.500     75.000     77.500
             376.000     280.371       0.172     100.000    5.32%      82.500     92.500
     DBFAS_AC             77.564      -0.975      10.000    0.27%      67.500     75.000     80.000
             371.000     250.754       1.084     100.000    5.12%      82.500     90.000
     AHRZ_COL             70.233      -0.663       6.250    0.19%      56.250     68.750     75.000
             534.000     316.658       0.484     100.000    5.43%      75.000     87.500
     BHRZ_COL             69.845      -0.660      12.500    0.51%      56.250     68.750     75.000
             390.000     306.860       0.453     100.000    4.36%      75.000     81.250
     CHRZ_COL             70.438      -0.695       6.250    0.27%      56.250     68.750     75.000
             374.000     337.747       0.373     100.000    5.08%      75.000     87.500
     DHRZ_COL             70.199      -0.663       6.250    0.54%      56.250     68.750     75.000
             371.000     319.667       0.430     100.000    4.58%      75.000     87.500


     UNIVARIATE HIGHER-ORDER MOMENT DESCRIPTIVE STATISTICS FOR LATER

         Variable/         Mean/     Skewness/   Minimum/ % with                Percentiles
        Sample Size      Variance    Kurtosis    Maximum  Min/Max      20%/60%    40%/80%    Median

     ABFAS_AC             79.280      -1.000       7.500    0.30%      70.000     77.500     80.000
             329.000     244.143       1.362     100.000    8.81%      85.000     92.500
     BBFAS_AC             80.291      -0.861      32.500    0.43%      70.000     77.500     82.500
             230.000     194.586       0.654     100.000    7.39%      85.000     92.500
     CBFAS_AC             80.023      -0.934      17.500    0.47%      70.000     77.500     82.500
             214.000     235.287       0.989     100.000    7.94%      87.500     95.000
     DBFAS_AC             79.576      -1.124       5.000    0.50%      70.000     77.500     80.000
             199.000     267.793       2.014     100.000   12.06%      85.000     95.000
     AHRZ_COL             75.323      -0.530      12.500    0.30%      62.500     75.000     75.000
             329.000     233.255       0.423     100.000    8.21%      81.250     87.500
     BHRZ_COL             73.866      -0.429      25.000    0.88%      62.500     68.750     75.000
             226.000     242.404      -0.079     100.000    6.19%      81.250     87.500
     CHRZ_COL             75.472      -0.272      31.250    0.94%      62.500     75.000     75.000
             212.000     213.884      -0.160     100.000    8.49%      81.250     87.500
     DHRZ_COL             74.508      -0.565      12.500    0.50%      62.500     68.750     75.000
             199.000     230.752       0.707     100.000    6.03%      81.250     87.500


THE MODEL ESTIMATION TERMINATED NORMALLY



MODEL FIT INFORMATION

Number of Free Parameters                       34

Loglikelihood

          H0 Value                      -20308.336
          H0 Scaling Correction Factor      1.4312
            for MLR

Information Criteria

          Akaike (AIC)                   40684.673
          Bayesian (BIC)                 40846.566
          Sample-Size Adjusted BIC       40738.591
            (n* = (n + 2) / 24)



MODEL RESULTS

                                                    Two-Tailed
                    Estimate       S.E.  Est./S.E.    P-Value

Group EARLIER

 P1       BY
    ABFAS_AC           1.000      0.000    999.000    999.000

 P2       BY
    BBFAS_AC           1.000      0.000    999.000    999.000

 P3       BY
    CBFAS_AC           1.000      0.000    999.000    999.000

 P4       BY
    DBFAS_AC           1.000      0.000    999.000    999.000

 V1       BY
    AHRZ_COL           1.000      0.000    999.000    999.000

 V2       BY
    BHRZ_COL           1.000      0.000    999.000    999.000

 V3       BY
    CHRZ_COL           1.000      0.000    999.000    999.000

 V4       BY
    DHRZ_COL           1.000      0.000    999.000    999.000

 P4         ON
    P3                 0.287      0.073      3.918      0.000
    V3                -0.020      0.042     -0.478      0.633

 P3         ON
    P2                 0.287      0.073      3.918      0.000
    V2                -0.020      0.042     -0.478      0.633

 P2         ON
    P1                 0.287      0.073      3.918      0.000
    V1                -0.020      0.042     -0.478      0.633

 V4         ON
    V3                 0.093      0.060      1.536      0.124
    P3                 0.092      0.066      1.398      0.162

 V3         ON
    V2                 0.093      0.060      1.536      0.124
    P2                 0.092      0.066      1.398      0.162

 V2         ON
    V1                 0.093      0.060      1.536      0.124
    P1                 0.092      0.066      1.398      0.162

 S_BFAS_A WITH
    I_BFAS_AC         -0.996      0.728     -1.368      0.171
    S_HRZ_COL          0.117      0.102      1.141      0.254
    I_HRZ_COL         -1.224      1.896     -0.645      0.519

 I_BFAS_A WITH
    S_HRZ_COL         -0.544      1.977     -0.275      0.783
    I_HRZ_COL        108.295     12.673      8.545      0.000

 S_HRZ_CO WITH
    I_HRZ_COL         -1.873      0.781     -2.399      0.016

 P1       WITH
    V1                37.269      7.402      5.035      0.000

 P2       WITH
    V2                11.577      5.009      2.311      0.021

 P3       WITH
    V3                11.577      5.009      2.311      0.021

 P4       WITH
    V4                11.577      5.009      2.311      0.021

 Means
    P1                 0.000      0.000    999.000    999.000
    V1                 0.000      0.000    999.000    999.000
    I_BFAS_AC         77.516      0.512    151.361      0.000
    S_BFAS_AC          0.140      0.047      2.968      0.003
    I_HRZ_COL         71.640      0.528    135.574      0.000
    S_HRZ_COL          0.261      0.046      5.666      0.000

 Intercepts
    ABFAS_AC           0.000      0.000    999.000    999.000
    BBFAS_AC           0.000      0.000    999.000    999.000
    CBFAS_AC           0.000      0.000    999.000    999.000
    DBFAS_AC           0.000      0.000    999.000    999.000
    AHRZ_COL           0.000      0.000    999.000    999.000
    BHRZ_COL           0.000      0.000    999.000    999.000
    CHRZ_COL           0.000      0.000    999.000    999.000
    DHRZ_COL           0.000      0.000    999.000    999.000
    P2                 0.000      0.000    999.000    999.000
    P3                 0.000      0.000    999.000    999.000
    P4                 0.000      0.000    999.000    999.000
    V2                 0.000      0.000    999.000    999.000
    V3                 0.000      0.000    999.000    999.000
    V4                 0.000      0.000    999.000    999.000

 Variances
    P1                81.380      8.753      9.297      0.000
    V1               109.714     15.879      6.910      0.000
    I_BFAS_AC        175.181     16.155     10.844      0.000
    S_BFAS_AC          0.142      0.132      1.074      0.283
    I_HRZ_COL        179.093     15.182     11.796      0.000
    S_HRZ_COL          0.124      0.110      1.128      0.259

 Residual Variances
    ABFAS_AC           0.000      0.000    999.000    999.000
    BBFAS_AC           0.000      0.000    999.000    999.000
    CBFAS_AC           0.000      0.000    999.000    999.000
    DBFAS_AC           0.000      0.000    999.000    999.000
    AHRZ_COL           0.000      0.000    999.000    999.000
    BHRZ_COL           0.000      0.000    999.000    999.000
    CHRZ_COL           0.000      0.000    999.000    999.000
    DHRZ_COL           0.000      0.000    999.000    999.000
    P2                64.396      5.917     10.884      0.000
    P3                64.396      5.917     10.884      0.000
    P4                64.396      5.917     10.884      0.000
    V2                98.412      7.139     13.786      0.000
    V3                98.412      7.139     13.786      0.000
    V4                98.412      7.139     13.786      0.000

Group LATER

 P1       BY
    ABFAS_AC           1.000      0.000    999.000    999.000

 P2       BY
    BBFAS_AC           1.000      0.000    999.000    999.000

 P3       BY
    CBFAS_AC           1.000      0.000    999.000    999.000

 P4       BY
    DBFAS_AC           1.000      0.000    999.000    999.000

 V1       BY
    AHRZ_COL           1.000      0.000    999.000    999.000

 V2       BY
    BHRZ_COL           1.000      0.000    999.000    999.000

 V3       BY
    CHRZ_COL           1.000      0.000    999.000    999.000

 V4       BY
    DHRZ_COL           1.000      0.000    999.000    999.000

 P4         ON
    P3                 0.009      0.094      0.100      0.920
    V3                 0.143      0.066      2.182      0.029

 P3         ON
    P2                 0.009      0.094      0.100      0.920
    V2                 0.143      0.066      2.182      0.029

 P2         ON
    P1                 0.009      0.094      0.100      0.920
    V1                 0.143      0.066      2.182      0.029

 V4         ON
    V3                 0.153      0.104      1.474      0.140
    P3                 0.019      0.085      0.227      0.820

 V3         ON
    V2                 0.153      0.104      1.474      0.140
    P2                 0.019      0.085      0.227      0.820

 V2         ON
    V1                 0.153      0.104      1.474      0.140
    P1                 0.019      0.085      0.227      0.820

 S_BFAS_A WITH
    I_BFAS_AC         -0.996      0.728     -1.368      0.171
    S_HRZ_COL          0.117      0.102      1.141      0.254
    I_HRZ_COL         -1.224      1.896     -0.645      0.519

 I_BFAS_A WITH
    S_HRZ_COL         -0.544      1.977     -0.275      0.783
    I_HRZ_COL        108.295     12.673      8.545      0.000

 S_HRZ_CO WITH
    I_HRZ_COL         -1.873      0.781     -2.399      0.016

 P1       WITH
    V1                23.035      8.173      2.818      0.005

 P2       WITH
    V2                11.561      4.108      2.814      0.005

 P3       WITH
    V3                11.561      4.108      2.814      0.005

 P4       WITH
    V4                11.561      4.108      2.814      0.005

 Means
    P1                 0.000      0.000    999.000    999.000
    V1                 0.000      0.000    999.000    999.000
    I_BFAS_AC         77.516      0.512    151.361      0.000
    S_BFAS_AC          0.140      0.047      2.968      0.003
    I_HRZ_COL         71.640      0.528    135.574      0.000
    S_HRZ_COL          0.261      0.046      5.666      0.000

 Intercepts
    ABFAS_AC           0.000      0.000    999.000    999.000
    BBFAS_AC           0.000      0.000    999.000    999.000
    CBFAS_AC           0.000      0.000    999.000    999.000
    DBFAS_AC           0.000      0.000    999.000    999.000
    AHRZ_COL           0.000      0.000    999.000    999.000
    BHRZ_COL           0.000      0.000    999.000    999.000
    CHRZ_COL           0.000      0.000    999.000    999.000
    DHRZ_COL           0.000      0.000    999.000    999.000
    P2                 0.000      0.000    999.000    999.000
    P3                 0.000      0.000    999.000    999.000
    P4                 0.000      0.000    999.000    999.000
    V2                 0.000      0.000    999.000    999.000
    V3                 0.000      0.000    999.000    999.000
    V4                 0.000      0.000    999.000    999.000

 Variances
    P1                60.432     10.174      5.940      0.000
    V1                83.504     10.680      7.819      0.000
    I_BFAS_AC        175.181     16.155     10.844      0.000
    S_BFAS_AC          0.142      0.132      1.074      0.283
    I_HRZ_COL        179.093     15.182     11.796      0.000
    S_HRZ_COL          0.124      0.110      1.128      0.259

 Residual Variances
    ABFAS_AC           0.000      0.000    999.000    999.000
    BBFAS_AC           0.000      0.000    999.000    999.000
    CBFAS_AC           0.000      0.000    999.000    999.000
    DBFAS_AC           0.000      0.000    999.000    999.000
    AHRZ_COL           0.000      0.000    999.000    999.000
    BHRZ_COL           0.000      0.000    999.000    999.000
    CHRZ_COL           0.000      0.000    999.000    999.000
    DHRZ_COL           0.000      0.000    999.000    999.000
    P2                47.295      5.969      7.924      0.000
    P3                47.295      5.969      7.924      0.000
    P4                47.295      5.969      7.924      0.000
    V2                68.672      6.459     10.633      0.000
    V3                68.672      6.459     10.633      0.000
    V4                68.672      6.459     10.633      0.000


QUALITY OF NUMERICAL RESULTS

     Condition Number for the Information Matrix              0.163E-04
       (ratio of smallest to largest eigenvalue)


     Beginning Time:  17:16:50
        Ending Time:  17:16:59
       Elapsed Time:  00:00:09



MUTHEN & MUTHEN
3463 Stoner Ave.
Los Angeles, CA  90066

Tel: (310) 391-9971
Fax: (310) 391-8971
Web: www.StatModel.com
Support: Support@StatModel.com

Copyright (c) 1998-2017 Muthen & Muthen
