Mplus VERSION 8 (Linux)
MUTHEN & MUTHEN
07/08/2018   5:57 PM

INPUT INSTRUCTIONS


  title: PxVx Bivariate LCM-SR - 40splitgroup - Linear bfi_e with Linear mvi;
  data: file = /home/jflournoy/code_new/lnt_pxvx/Data/lnt_nat_recalc.tsv;

  variable:
  names =
  subjid
  aage
  aaspfin
  aaspfin_d
  abfa_mt
  abfa_mt_d
  abfas_ac
  abfas_ap
  abfas_ci
  abfas_co
  abfas_ea
  abfas_ee
  abfas_nv
  abfas_nv9
  abfas_nw
  abfas_oi
  abfas_oo
  abfi_a
  abfi_a6
  abfi_c
  abfi_d_scale
  abfi_e
  abfi_hp8
  abfi_n
  abfi_o
  abfi_s_scale
  ahrz_col
  ahrz_col_d
  ahrz_ind
  ahrz_ind_d
  amvi
  ausi
  ausi_d
  avrt_col
  avrt_col_d
  avrt_ind
  avrt_ind_d
  bage
  baspfin
  baspfin_d
  bbfa_mt
  bbfa_mt_d
  bbfas_ac
  bbfas_ap
  bbfas_ci
  bbfas_co
  bbfas_ea
  bbfas_ee
  bbfas_nv
  bbfas_nv9
  bbfas_nw
  bbfas_oi
  bbfas_oo
  bbfi_a
  bbfi_a6
  bbfi_c
  bbfi_d_scale
  bbfi_e
  bbfi_hp8
  bbfi_n
  bbfi_o
  bbfi_s_scale
  bhrz_col
  bhrz_col_d
  bhrz_ind
  bhrz_ind_d
  bmvi
  busi
  busi_d
  bvrt_col
  bvrt_col_d
  bvrt_ind
  bvrt_ind_d
  cage
  caspfin
  caspfin_d
  cbfa_mt
  cbfa_mt_d
  cbfas_ac
  cbfas_ap
  cbfas_ci
  cbfas_co
  cbfas_ea
  cbfas_ee
  cbfas_nv
  cbfas_nv9
  cbfas_nw
  cbfas_oi
  cbfas_oo
  cbfi_a
  cbfi_a6
  cbfi_c
  cbfi_d_scale
  cbfi_e
  cbfi_hp8
  cbfi_n
  cbfi_o
  cbfi_s_scale
  chrz_col
  chrz_col_d
  chrz_ind
  chrz_ind_d
  cmvi
  cusi
  cusi_d
  cvrt_col
  cvrt_col_d
  cvrt_ind
  cvrt_ind_d
  dage
  daspfin
  daspfin_d
  dbfa_mt
  dbfa_mt_d
  dbfas_ac
  dbfas_ap
  dbfas_ci
  dbfas_co
  dbfas_ea
  dbfas_ee
  dbfas_nv
  dbfas_nv9
  dbfas_nw
  dbfas_oi
  dbfas_oo
  dbfi_a
  dbfi_a6
  dbfi_c
  dbfi_d_scale
  dbfi_e
  dbfi_hp8
  dbfi_n
  dbfi_o
  dbfi_s_scale
  dhrz_col
  dhrz_col_d
  dhrz_ind
  dhrz_ind_d
  dmvi
  dusi
  dusi_d
  dvrt_col
  dvrt_col_d
  dvrt_ind
  dvrt_ind_d;

  USEVARIABLES =
  abfi_e
  bbfi_e
  cbfi_e
  dbfi_e
  amvi
  bmvi
  cmvi
  dmvi
  a1
  a2
  a3
  a4
  aagegrp
  ;

  missing = all (-9999);

  tscores = a1 a2 a3 a4;

  grouping = aagegrp (0=earlier, 1=later);

  DEFINE:

  aagegrp = aage;

  cut aagegrp (39);

  a1 = aage + 0 - 36;
  a2 = aage + 1 - 36;
  a3 = aage + 2 - 36;
  a4 = aage + 3 - 36;

  ANALYSIS:
  TYPE=RANDOM;
  PROCESSORS = 6;
  model=nocovariances; ! supresses default estimation of certain covs in model;

  MODEL:

  i_bfi_e s_bfi_e | abfi_e bbfi_e cbfi_e dbfi_e AT a1 a2 a3 a4;
  i_mvi s_mvi | amvi bmvi cmvi dmvi AT a1 a2 a3 a4;

  ! freeing factor covs because of "nocovariances"
  ! But ensure they are constrained across groups
  s_bfi_e WITH i_bfi_e (p)
  s_mvi (q)
  i_mvi (r);
  i_bfi_e WITH s_mvi (s)
  i_mvi (t);
  s_mvi WITH i_mvi (u);

  !constrain latent growth means across groups
  [i_bfi_e] (v);
  [s_bfi_e] (w);
  [i_mvi] (x);
  [s_mvi] (y);

  !constrain latent growth variances across groups
  i_bfi_e (l);
  s_bfi_e (m);
  i_mvi (n);
  s_mvi (o);

  p1 BY abfi_e@1; ! Residual "factors";
  p2 BY bbfi_e@1;
  p3 BY cbfi_e@1;
  p4 BY dbfi_e@1;

  v1 BY amvi@1; ! Residual "factors";
  v2 BY bmvi@1;
  v3 BY cmvi@1;
  v4 BY dmvi@1;

  !residual variances on observed/manifest vars set to 0
  abfi_e@0;
  bbfi_e@0;
  cbfi_e@0;
  dbfi_e@0;

  !residual variances on observed/manifest vars set to 0
  amvi@0;
  bmvi@0;
  cmvi@0;
  dmvi@0;

  ! means of observed/manifest vars set to 0
  [abfi_e@0];
  [bbfi_e@0];
  [cbfi_e@0];
  [dbfi_e@0];

  ! means of observed/manifest vars set to 0
  [amvi@0];
  [bmvi@0];
  [cmvi@0];
  [dmvi@0];

  [p1@0]; ! means of residual "factors" set to 0
  [p2@0];
  [p3@0];
  [p4@0];

  [v1@0]; ! means of residual "factors" set to 0
  [v2@0];
  [v3@0];
  [v4@0];

  p4 on p3 (a); ! Autoregressive paths constrained to equality
  p3 on p2 (a);
  p2 on p1 (a);

  v4 on v3 (b); ! Autoregressive paths constrained to equality
  v3 on v2 (b);
  v2 on v1 (b);

  p4 on v3 (c); ! Cross-lagged paths constrained to equality
  p3 on v2 (c);
  p2 on v1 (c);

  v4 on p3 (d); ! Cross-lagged paths constrained to equality
  v3 on p2 (d);
  v2 on p1 (d);

  p1 with v1; !(this one is not like the others)

  p2 with v2 (e); ! Within-wave correlations constrained to equality
  p3 with v3 (e);
  p4 with v4 (e);

  p2 p3 p4 (f); ! estimate variances of residual "factors"
  v2 v3 v4 (g); ! estimate variances of residual "factors"

  MODEL earlier:

  p4 on p3 (a23); ! Autoregressive paths constrained to equality
  p3 on p2 (a23);
  p2 on p1 (a23);

  v4 on v3 (b23); ! Autoregressive paths constrained to equality
  v3 on v2 (b23);
  v2 on v1 (b23);

  p4 on v3 (c23); ! Cross-lagged paths constrained to equality
  p3 on v2 (c23);
  p2 on v1 (c23);

  v4 on p3 (d23); ! Cross-lagged paths constrained to equality
  v3 on p2 (d23);
  v2 on p1 (d23);

  p1 with v1; !(this one is not like the others)

  p2 with v2 (e23); ! Within-wave correlations constrained to equality
  p3 with v3 (e23);
  p4 with v4 (e23);

  p2 p3 p4 (f23); ! estimate variances of residual "factors"
  v2 v3 v4 (g23); ! estimate variances of residual "factors"

  MODEL later:

  p4 on p3 (a45); ! Autoregressive paths constrained to equality
  p3 on p2 (a45);
  p2 on p1 (a45);

  v4 on v3 (b45); ! Autoregressive paths constrained to equality
  v3 on v2 (b45);
  v2 on v1 (b45);

  p4 on v3 (c45); ! Cross-lagged paths constrained to equality
  p3 on v2 (c45);
  p2 on v1 (c45);

  v4 on p3 (d45); ! Cross-lagged paths constrained to equality
  v3 on p2 (d45);
  v2 on p1 (d45);

  p1 with v1; !(this one is not like the others)

  p2 with v2 (e45); ! Within-wave correlations constrained to equality
  p3 with v3 (e45);
  p4 with v4 (e45);

  p2 p3 p4 (f45); ! estimate variances of residual "factors"
  v2 v3 v4 (g45); ! estimate variances of residual "factors"

  OUTPUT: SAMPSTAT PATTERNS;



*** WARNING
  Data set contains unknown or missing values for GROUPING,
  PATTERN, COHORT, CLUSTER and/or STRATIFICATION variables.
  Number of cases with unknown or missing values:  5
   1 WARNING(S) FOUND IN THE INPUT INSTRUCTIONS



PxVx Bivariate LCM-SR - 40splitgroup - Linear bfi_e with Linear mvi;

SUMMARY OF ANALYSIS

Number of groups                                                 2
Number of observations
   Group EARLIER                                               534
   Group LATER                                                 330
   Total sample size                                           864

Number of dependent variables                                    8
Number of independent variables                                  0
Number of continuous latent variables                           12

Observed dependent variables

  Continuous
   ABFI_E      BBFI_E      CBFI_E      DBFI_E      AMVI        BMVI
   CMVI        DMVI

Continuous latent variables
   P1          P2          P3          P4          V1          V2
   V3          V4          I_BFI_E     S_BFI_E     I_MVI       S_MVI

Variables with special functions

  Grouping variable     AAGEGRP

  Time scores
   A1          A2          A3          A4


Estimator                                                      MLR
Information matrix                                        OBSERVED
Maximum number of iterations                                   100
Convergence criterion                                    0.100D-05
Maximum number of EM iterations                                500
Convergence criteria for the EM algorithm
  Loglikelihood change                                   0.100D-02
  Relative loglikelihood change                          0.100D-05
  Derivative                                             0.100D-03
Minimum variance                                         0.100D-03
Maximum number of steepest descent iterations                   20
Maximum number of iterations for H1                           2000
Convergence criterion for H1                             0.100D-03
Optimization algorithm                                         EMA

Input data file(s)
  /home/jflournoy/code_new/lnt_pxvx/Data/lnt_nat_recalc.tsv
Input data format  FREE


SUMMARY OF DATA

   Group EARLIER
     Number of missing data patterns            14

   Group LATER
     Number of missing data patterns            13


SUMMARY OF MISSING DATA PATTERNS


     MISSING DATA PATTERNS (x = not missing) FOR EARLIER

           1  2  3  4  5  6  7  8  9 10 11 12 13 14
 ABFI_E    x  x  x  x  x  x  x  x  x  x  x  x  x  x
 BBFI_E    x     x     x  x        x  x  x        x
 CBFI_E    x        x     x     x     x     x     x
 DBFI_E    x     x  x        x        x     x  x  x
 AMVI      x  x  x  x  x  x  x  x     x  x  x  x  x
 BMVI      x     x     x  x        x  x
 CMVI      x        x     x     x     x     x     x
 DMVI      x     x  x        x                    x


     MISSING DATA PATTERN FREQUENCIES FOR EARLIER

    Pattern   Frequency     Pattern   Frequency     Pattern   Frequency
          1         329           6          21          11           1
          2         100           7          14          12           1
          3          14           8          11          13           2
          4          12           9           1          14           1
          5          26          10           1


     MISSING DATA PATTERNS (x = not missing) FOR LATER

           1  2  3  4  5  6  7  8  9 10 11 12 13
 ABFI_E    x  x  x  x  x  x  x  x  x  x  x     x
 BBFI_E    x     x     x  x        x     x
 CBFI_E    x        x     x     x     x  x
 DBFI_E    x     x  x        x        x  x  x
 AMVI      x  x  x  x  x  x  x  x  x  x  x  x
 BMVI      x     x     x  x
 CMVI      x        x     x     x     x  x
 DMVI      x     x  x        x           x  x


     MISSING DATA PATTERN FREQUENCIES FOR LATER

    Pattern   Frequency     Pattern   Frequency     Pattern   Frequency
          1         166           6          26          11           1
          2          68           7           9          12           1
          3          13           8          11          13           1
          4           9           9           2
          5          22          10           1


COVARIANCE COVERAGE OF DATA

Minimum covariance coverage value   0.100


     PROPORTION OF DATA PRESENT FOR EARLIER


           Covariance Coverage
              ABFI_E        BBFI_E        CBFI_E        DBFI_E        AMVI
              ________      ________      ________      ________      ________
 ABFI_E         1.000
 BBFI_E         0.738         0.738
 CBFI_E         0.704         0.659         0.704
 DBFI_E         0.700         0.646         0.644         0.700
 AMVI           0.998         0.736         0.704         0.700         0.998
 BMVI           0.734         0.734         0.657         0.644         0.732
 CMVI           0.704         0.659         0.704         0.644         0.704
 DMVI           0.693         0.644         0.640         0.693         0.693


           Covariance Coverage
              BMVI          CMVI          DMVI
              ________      ________      ________
 BMVI           0.734
 CMVI           0.657         0.704
 DMVI           0.642         0.640         0.693


     PROPORTION OF DATA PRESENT FOR LATER


           Covariance Coverage
              ABFI_E        BBFI_E        CBFI_E        DBFI_E        AMVI
              ________      ________      ________      ________      ________
 ABFI_E         1.000
 BBFI_E         0.700         0.700
 CBFI_E         0.648         0.585         0.648
 DBFI_E         0.606         0.545         0.536         0.606
 AMVI           0.994         0.694         0.648         0.606         0.994
 BMVI           0.697         0.697         0.585         0.545         0.691
 CMVI           0.648         0.585         0.648         0.536         0.648
 DMVI           0.597         0.542         0.530         0.597         0.597


           Covariance Coverage
              BMVI          CMVI          DMVI
              ________      ________      ________
 BMVI           0.697
 CMVI           0.585         0.648
 DMVI           0.542         0.530         0.597


SAMPLE STATISTICS


     ESTIMATED SAMPLE STATISTICS FOR EARLIER


           Means
              ABFI_E        BBFI_E        CBFI_E        DBFI_E        AMVI
              ________      ________      ________      ________      ________
               53.519        53.452        52.436        52.183        63.971


           Means
              BMVI          CMVI          DMVI
              ________      ________      ________
               63.081        63.623        63.245


           Covariances
              ABFI_E        BBFI_E        CBFI_E        DBFI_E        AMVI
              ________      ________      ________      ________      ________
 ABFI_E       515.266
 BBFI_E       437.209       485.968
 CBFI_E       423.817       421.362       476.452
 DBFI_E       408.647       400.907       414.559       469.266
 AMVI          -6.563        -6.788        -8.500       -11.406        64.651
 BMVI         -18.987       -14.942       -16.300       -17.531        49.867
 CMVI         -20.017       -19.149       -22.856       -21.878        49.669
 DMVI         -14.188       -10.452       -11.930       -11.050        44.268


           Covariances
              BMVI          CMVI          DMVI
              ________      ________      ________
 BMVI          63.691
 CMVI          54.040        75.731
 DMVI          48.662        54.049        63.183


           Correlations
              ABFI_E        BBFI_E        CBFI_E        DBFI_E        AMVI
              ________      ________      ________      ________      ________
 ABFI_E         1.000
 BBFI_E         0.874         1.000
 CBFI_E         0.855         0.876         1.000
 DBFI_E         0.831         0.840         0.877         1.000
 AMVI          -0.036        -0.038        -0.048        -0.065         1.000
 BMVI          -0.105        -0.085        -0.094        -0.101         0.777
 CMVI          -0.101        -0.100        -0.120        -0.116         0.710
 DMVI          -0.079        -0.060        -0.069        -0.064         0.693


           Correlations
              BMVI          CMVI          DMVI
              ________      ________      ________
 BMVI           1.000
 CMVI           0.778         1.000
 DMVI           0.767         0.781         1.000


     ESTIMATED SAMPLE STATISTICS FOR LATER


           Means
              ABFI_E        BBFI_E        CBFI_E        DBFI_E        AMVI
              ________      ________      ________      ________      ________
               57.140        56.327        57.223        56.559        65.808


           Means
              BMVI          CMVI          DMVI
              ________      ________      ________
               66.163        65.458        65.481


           Covariances
              ABFI_E        BBFI_E        CBFI_E        DBFI_E        AMVI
              ________      ________      ________      ________      ________
 ABFI_E       448.628
 BBFI_E       392.571       457.997
 CBFI_E       395.019       396.629       446.844
 DBFI_E       400.489       400.334       417.841       495.859
 AMVI           1.712        -6.427        -4.177        -9.976        60.703
 BMVI           5.711        -0.152         4.216         3.109        45.482
 CMVI           6.542        -4.075         2.651        -1.674        43.777
 DMVI           9.749         1.018         4.973         5.651        44.184


           Covariances
              BMVI          CMVI          DMVI
              ________      ________      ________
 BMVI          55.802
 CMVI          44.610        56.461
 DMVI          44.210        45.410        53.500


           Correlations
              ABFI_E        BBFI_E        CBFI_E        DBFI_E        AMVI
              ________      ________      ________      ________      ________
 ABFI_E         1.000
 BBFI_E         0.866         1.000
 CBFI_E         0.882         0.877         1.000
 DBFI_E         0.849         0.840         0.888         1.000
 AMVI           0.010        -0.039        -0.025        -0.058         1.000
 BMVI           0.036        -0.001         0.027         0.019         0.781
 CMVI           0.041        -0.025         0.017        -0.010         0.748
 DMVI           0.063         0.007         0.032         0.035         0.775


           Correlations
              BMVI          CMVI          DMVI
              ________      ________      ________
 BMVI           1.000
 CMVI           0.795         1.000
 DMVI           0.809         0.826         1.000


     MAXIMUM LOG-LIKELIHOOD VALUE FOR THE UNRESTRICTED (H1) MODEL IS -18813.069


UNIVARIATE SAMPLE STATISTICS


     UNIVARIATE HIGHER-ORDER MOMENT DESCRIPTIVE STATISTICS FOR EARLIER

         Variable/         Mean/     Skewness/   Minimum/ % with                Percentiles
        Sample Size      Variance    Kurtosis    Maximum  Min/Max      20%/60%    40%/80%    Median

     ABFI_E               53.519      -0.110       0.000    0.37%      34.375     50.000     53.125
             534.000     515.266      -0.620     100.000    0.56%      59.375     75.000
     BBFI_E               53.114      -0.083       0.000    0.51%      34.375     50.000     53.125
             394.000     482.653      -0.440     100.000    1.02%      59.375     71.875
     CBFI_E               51.828      -0.021       0.000    0.27%      31.250     46.875     53.125
             376.000     484.990      -0.463     100.000    1.33%      56.250     68.750
     DBFI_E               51.878      -0.073       0.000    0.53%      34.375     46.875     51.562
             374.000     483.926      -0.489     100.000    1.34%      56.250     68.750
     AMVI                 63.978      -0.011      32.353    0.19%      57.353     61.765     63.971
             533.000      64.696       0.264      86.765    0.19%      66.176     70.588
     BMVI                 63.022       0.005      40.441    0.26%      56.618     60.294     62.500
             392.000      64.075      -0.278      86.029    0.26%      64.706     70.312
     CMVI                 63.505      -0.025      33.088    0.27%      56.618     61.029     63.235
             376.000      75.533       0.137      87.500    0.27%      65.441     70.588
     DMVI                 63.393      -0.009      36.029    0.27%      57.353     61.029     63.235
             370.000      62.942       0.278      85.294    0.54%      65.441     69.853


     UNIVARIATE HIGHER-ORDER MOMENT DESCRIPTIVE STATISTICS FOR LATER

         Variable/         Mean/     Skewness/   Minimum/ % with                Percentiles
        Sample Size      Variance    Kurtosis    Maximum  Min/Max      20%/60%    40%/80%    Median

     ABFI_E               57.146      -0.138       3.125    0.30%      37.500     53.125     59.375
             329.000     449.607      -0.625     100.000    1.52%      62.500     75.000
     BBFI_E               54.275      -0.100       6.250    0.43%      34.375     46.875     53.125
             230.000     469.667      -0.844     100.000    0.43%      59.375     75.000
     CBFI_E               56.263      -0.207       3.125    0.47%      34.375     50.000     59.375
             214.000     469.461      -0.633     100.000    1.40%      62.500     75.000
     DBFI_E               56.357      -0.081       0.000    0.50%      34.375     50.000     56.250
             200.000     505.549      -0.725     100.000    1.00%      62.500     78.125
     AMVI                 65.808       0.122      43.382    0.30%      59.559     63.971     66.176
             329.000      60.703       0.096      92.647    0.30%      67.647     72.059
     BMVI                 66.201       0.100      48.529    0.44%      59.559     63.971     66.176
             227.000      56.189      -0.262      88.235    0.44%      68.382     72.059
     CMVI                 65.742      -0.046      44.853    0.93%      58.824     63.971     65.441
             214.000      58.260      -0.155      84.559    0.47%      66.912     73.529
     DMVI                 65.581       0.018      44.118    0.50%      59.559     63.235     65.441
             199.000      53.749      -0.157      83.088    1.51%      67.647     71.324


THE MODEL ESTIMATION TERMINATED NORMALLY



MODEL FIT INFORMATION

Number of Free Parameters                       34

Loglikelihood

          H0 Value                      -18856.049
          H0 Scaling Correction Factor      1.2000
            for MLR

Information Criteria

          Akaike (AIC)                   37780.098
          Bayesian (BIC)                 37941.991
          Sample-Size Adjusted BIC       37834.016
            (n* = (n + 2) / 24)



MODEL RESULTS

                                                    Two-Tailed
                    Estimate       S.E.  Est./S.E.    P-Value

Group EARLIER

 P1       BY
    ABFI_E             1.000      0.000    999.000    999.000

 P2       BY
    BBFI_E             1.000      0.000    999.000    999.000

 P3       BY
    CBFI_E             1.000      0.000    999.000    999.000

 P4       BY
    DBFI_E             1.000      0.000    999.000    999.000

 V1       BY
    AMVI               1.000      0.000    999.000    999.000

 V2       BY
    BMVI               1.000      0.000    999.000    999.000

 V3       BY
    CMVI               1.000      0.000    999.000    999.000

 V4       BY
    DMVI               1.000      0.000    999.000    999.000

 P4         ON
    P3                 0.239      0.080      3.003      0.003
    V3                 0.028      0.095      0.293      0.769

 P3         ON
    P2                 0.239      0.080      3.003      0.003
    V2                 0.028      0.095      0.293      0.769

 P2         ON
    P1                 0.239      0.080      3.003      0.003
    V1                 0.028      0.095      0.293      0.769

 V4         ON
    V3                 0.188      0.069      2.737      0.006
    P3                -0.016      0.028     -0.568      0.570

 V3         ON
    V2                 0.188      0.069      2.737      0.006
    P2                -0.016      0.028     -0.568      0.570

 V2         ON
    V1                 0.188      0.069      2.737      0.006
    P1                -0.016      0.028     -0.568      0.570

 S_BFI_E  WITH
    I_BFI_E           -1.702      0.965     -1.763      0.078
    S_MVI              0.004      0.052      0.081      0.935
    I_MVI             -0.645      0.995     -0.649      0.517

 I_BFI_E  WITH
    S_MVI              1.189      1.043      1.140      0.254
    I_MVI            -10.105      7.596     -1.330      0.183

 S_MVI    WITH
    I_MVI             -0.132      0.143     -0.921      0.357

 P1       WITH
    V1                 6.123      3.600      1.701      0.089

 P2       WITH
    V2                -0.624      1.813     -0.344      0.731

 P3       WITH
    V3                -0.624      1.813     -0.344      0.731

 P4       WITH
    V4                -0.624      1.813     -0.344      0.731

 Means
    P1                 0.000      0.000    999.000    999.000
    V1                 0.000      0.000    999.000    999.000
    I_BFI_E           54.250      0.723     75.022      0.000
    S_BFI_E            0.182      0.065      2.807      0.005
    I_MVI             64.249      0.259    248.350      0.000
    S_MVI              0.082      0.023      3.514      0.000

 Intercepts
    ABFI_E             0.000      0.000    999.000    999.000
    BBFI_E             0.000      0.000    999.000    999.000
    CBFI_E             0.000      0.000    999.000    999.000
    DBFI_E             0.000      0.000    999.000    999.000
    AMVI               0.000      0.000    999.000    999.000
    BMVI               0.000      0.000    999.000    999.000
    CMVI               0.000      0.000    999.000    999.000
    DMVI               0.000      0.000    999.000    999.000
    P2                 0.000      0.000    999.000    999.000
    P3                 0.000      0.000    999.000    999.000
    P4                 0.000      0.000    999.000    999.000
    V2                 0.000      0.000    999.000    999.000
    V3                 0.000      0.000    999.000    999.000
    V4                 0.000      0.000    999.000    999.000

 Variances
    P1                88.121     11.089      7.947      0.000
    V1                20.816      2.421      8.597      0.000
    I_BFI_E          376.250     25.255     14.898      0.000
    S_BFI_E            0.259      0.172      1.503      0.133
    I_MVI             43.915      3.624     12.117      0.000
    S_MVI              0.023      0.026      0.882      0.378

 Residual Variances
    ABFI_E             0.000      0.000    999.000    999.000
    BBFI_E             0.000      0.000    999.000    999.000
    CBFI_E             0.000      0.000    999.000    999.000
    DBFI_E             0.000      0.000    999.000    999.000
    AMVI               0.000      0.000    999.000    999.000
    BMVI               0.000      0.000    999.000    999.000
    CMVI               0.000      0.000    999.000    999.000
    DMVI               0.000      0.000    999.000    999.000
    P2                74.032      5.599     13.221      0.000
    P3                74.032      5.599     13.221      0.000
    P4                74.032      5.599     13.221      0.000
    V2                17.665      1.577     11.202      0.000
    V3                17.665      1.577     11.202      0.000
    V4                17.665      1.577     11.202      0.000

Group LATER

 P1       BY
    ABFI_E             1.000      0.000    999.000    999.000

 P2       BY
    BBFI_E             1.000      0.000    999.000    999.000

 P3       BY
    CBFI_E             1.000      0.000    999.000    999.000

 P4       BY
    DBFI_E             1.000      0.000    999.000    999.000

 V1       BY
    AMVI               1.000      0.000    999.000    999.000

 V2       BY
    BMVI               1.000      0.000    999.000    999.000

 V3       BY
    CMVI               1.000      0.000    999.000    999.000

 V4       BY
    DMVI               1.000      0.000    999.000    999.000

 P4         ON
    P3                 0.160      0.102      1.572      0.116
    V3                 0.035      0.124      0.282      0.778

 P3         ON
    P2                 0.160      0.102      1.572      0.116
    V2                 0.035      0.124      0.282      0.778

 P2         ON
    P1                 0.160      0.102      1.572      0.116
    V1                 0.035      0.124      0.282      0.778

 V4         ON
    V3                 0.071      0.064      1.095      0.274
    P3                -0.022      0.027     -0.836      0.403

 V3         ON
    V2                 0.071      0.064      1.095      0.274
    P2                -0.022      0.027     -0.836      0.403

 V2         ON
    V1                 0.071      0.064      1.095      0.274
    P1                -0.022      0.027     -0.836      0.403

 S_BFI_E  WITH
    I_BFI_E           -1.702      0.965     -1.763      0.078
    S_MVI              0.004      0.052      0.081      0.935
    I_MVI             -0.645      0.995     -0.649      0.517

 I_BFI_E  WITH
    S_MVI              1.189      1.043      1.140      0.254
    I_MVI            -10.105      7.596     -1.330      0.183

 S_MVI    WITH
    I_MVI             -0.132      0.143     -0.921      0.357

 P1       WITH
    V1                 2.923      2.823      1.035      0.300

 P2       WITH
    V2                 1.105      1.932      0.572      0.567

 P3       WITH
    V3                 1.105      1.932      0.572      0.567

 P4       WITH
    V4                 1.105      1.932      0.572      0.567

 Means
    P1                 0.000      0.000    999.000    999.000
    V1                 0.000      0.000    999.000    999.000
    I_BFI_E           54.250      0.723     75.022      0.000
    S_BFI_E            0.182      0.065      2.807      0.005
    I_MVI             64.249      0.259    248.350      0.000
    S_MVI              0.082      0.023      3.514      0.000

 Intercepts
    ABFI_E             0.000      0.000    999.000    999.000
    BBFI_E             0.000      0.000    999.000    999.000
    CBFI_E             0.000      0.000    999.000    999.000
    DBFI_E             0.000      0.000    999.000    999.000
    AMVI               0.000      0.000    999.000    999.000
    BMVI               0.000      0.000    999.000    999.000
    CMVI               0.000      0.000    999.000    999.000
    DMVI               0.000      0.000    999.000    999.000
    P2                 0.000      0.000    999.000    999.000
    P3                 0.000      0.000    999.000    999.000
    P4                 0.000      0.000    999.000    999.000
    V2                 0.000      0.000    999.000    999.000
    V3                 0.000      0.000    999.000    999.000
    V4                 0.000      0.000    999.000    999.000

 Variances
    P1                62.104      8.889      6.986      0.000
    V1                16.520      2.485      6.647      0.000
    I_BFI_E          376.250     25.255     14.898      0.000
    S_BFI_E            0.259      0.172      1.503      0.133
    I_MVI             43.915      3.624     12.117      0.000
    S_MVI              0.023      0.026      0.882      0.378

 Residual Variances
    ABFI_E             0.000      0.000    999.000    999.000
    BBFI_E             0.000      0.000    999.000    999.000
    CBFI_E             0.000      0.000    999.000    999.000
    DBFI_E             0.000      0.000    999.000    999.000
    AMVI               0.000      0.000    999.000    999.000
    BMVI               0.000      0.000    999.000    999.000
    CMVI               0.000      0.000    999.000    999.000
    DMVI               0.000      0.000    999.000    999.000
    P2                67.727      9.805      6.907      0.000
    P3                67.727      9.805      6.907      0.000
    P4                67.727      9.805      6.907      0.000
    V2                11.217      0.984     11.399      0.000
    V3                11.217      0.984     11.399      0.000
    V4                11.217      0.984     11.399      0.000


QUALITY OF NUMERICAL RESULTS

     Condition Number for the Information Matrix              0.115E-04
       (ratio of smallest to largest eigenvalue)


     Beginning Time:  17:57:48
        Ending Time:  17:57:58
       Elapsed Time:  00:00:10



MUTHEN & MUTHEN
3463 Stoner Ave.
Los Angeles, CA  90066

Tel: (310) 391-9971
Fax: (310) 391-8971
Web: www.StatModel.com
Support: Support@StatModel.com

Copyright (c) 1998-2017 Muthen & Muthen
