Mplus VERSION 8 (Linux)
MUTHEN & MUTHEN
07/08/2018   6:31 PM

INPUT INSTRUCTIONS


  title: PxVx Bivariate LCM-SR - decadegroup - Linear bfi_o with Linear vrt_col;
  data: file = /home/jflournoy/code_new/lnt_pxvx/Data/lnt_nat_recalc.tsv;

  variable:
  names =
  subjid
  aage
  aaspfin
  aaspfin_d
  abfa_mt
  abfa_mt_d
  abfas_ac
  abfas_ap
  abfas_ci
  abfas_co
  abfas_ea
  abfas_ee
  abfas_nv
  abfas_nv9
  abfas_nw
  abfas_oi
  abfas_oo
  abfi_a
  abfi_a6
  abfi_c
  abfi_d_scale
  abfi_e
  abfi_hp8
  abfi_n
  abfi_o
  abfi_s_scale
  ahrz_col
  ahrz_col_d
  ahrz_ind
  ahrz_ind_d
  amvi
  ausi
  ausi_d
  avrt_col
  avrt_col_d
  avrt_ind
  avrt_ind_d
  bage
  baspfin
  baspfin_d
  bbfa_mt
  bbfa_mt_d
  bbfas_ac
  bbfas_ap
  bbfas_ci
  bbfas_co
  bbfas_ea
  bbfas_ee
  bbfas_nv
  bbfas_nv9
  bbfas_nw
  bbfas_oi
  bbfas_oo
  bbfi_a
  bbfi_a6
  bbfi_c
  bbfi_d_scale
  bbfi_e
  bbfi_hp8
  bbfi_n
  bbfi_o
  bbfi_s_scale
  bhrz_col
  bhrz_col_d
  bhrz_ind
  bhrz_ind_d
  bmvi
  busi
  busi_d
  bvrt_col
  bvrt_col_d
  bvrt_ind
  bvrt_ind_d
  cage
  caspfin
  caspfin_d
  cbfa_mt
  cbfa_mt_d
  cbfas_ac
  cbfas_ap
  cbfas_ci
  cbfas_co
  cbfas_ea
  cbfas_ee
  cbfas_nv
  cbfas_nv9
  cbfas_nw
  cbfas_oi
  cbfas_oo
  cbfi_a
  cbfi_a6
  cbfi_c
  cbfi_d_scale
  cbfi_e
  cbfi_hp8
  cbfi_n
  cbfi_o
  cbfi_s_scale
  chrz_col
  chrz_col_d
  chrz_ind
  chrz_ind_d
  cmvi
  cusi
  cusi_d
  cvrt_col
  cvrt_col_d
  cvrt_ind
  cvrt_ind_d
  dage
  daspfin
  daspfin_d
  dbfa_mt
  dbfa_mt_d
  dbfas_ac
  dbfas_ap
  dbfas_ci
  dbfas_co
  dbfas_ea
  dbfas_ee
  dbfas_nv
  dbfas_nv9
  dbfas_nw
  dbfas_oi
  dbfas_oo
  dbfi_a
  dbfi_a6
  dbfi_c
  dbfi_d_scale
  dbfi_e
  dbfi_hp8
  dbfi_n
  dbfi_o
  dbfi_s_scale
  dhrz_col
  dhrz_col_d
  dhrz_ind
  dhrz_ind_d
  dmvi
  dusi
  dusi_d
  dvrt_col
  dvrt_col_d
  dvrt_ind
  dvrt_ind_d;

  USEVARIABLES =
  abfi_o
  bbfi_o
  cbfi_o
  dbfi_o
  avrt_col
  bvrt_col
  cvrt_col
  dvrt_col
  a1
  a2
  a3
  a4
  aagegrp
  ;

  missing = all (-9999);

  tscores = a1 a2 a3 a4;

  grouping = aagegrp (0=d2, 1=d3, 2=d4, 3=d5);

  DEFINE:

  aagegrp = aage;

  cut aagegrp (29 39 49);

  a1 = aage + 0 - 36;
  a2 = aage + 1 - 36;
  a3 = aage + 2 - 36;
  a4 = aage + 3 - 36;

  ANALYSIS:
  TYPE=RANDOM;
  PROCESSORS = 6;
  model=nocovariances; ! supresses default estimation of certain covs in model;

  MODEL:

  i_bfi_o s_bfi_o | abfi_o bbfi_o cbfi_o dbfi_o AT a1 a2 a3 a4;
  i_vrt_col s_vrt_col | avrt_col bvrt_col cvrt_col dvrt_col AT a1 a2 a3 a4;

  ! freeing factor covs because of "nocovariances"
  ! But ensure they are constrained across groups
  s_bfi_o WITH i_bfi_o (p)
  s_vrt_col (q)
  i_vrt_col (r);
  i_bfi_o WITH s_vrt_col (s)
  i_vrt_col (t);
  s_vrt_col WITH i_vrt_col (u);

  !constrain latent growth means across groups
  [i_bfi_o] (v);
  [s_bfi_o] (w);
  [i_vrt_col] (x);
  [s_vrt_col] (y);

  !constrain latent growth variances across groups
  i_bfi_o (l);
  s_bfi_o (m);
  i_vrt_col (n);
  s_vrt_col (o);

  p1 BY abfi_o@1; ! Residual "factors";
  p2 BY bbfi_o@1;
  p3 BY cbfi_o@1;
  p4 BY dbfi_o@1;

  v1 BY avrt_col@1; ! Residual "factors";
  v2 BY bvrt_col@1;
  v3 BY cvrt_col@1;
  v4 BY dvrt_col@1;

  !residual variances on observed/manifest vars set to 0
  abfi_o@0;
  bbfi_o@0;
  cbfi_o@0;
  dbfi_o@0;

  !residual variances on observed/manifest vars set to 0
  avrt_col@0;
  bvrt_col@0;
  cvrt_col@0;
  dvrt_col@0;

  ! means of observed/manifest vars set to 0
  [abfi_o@0];
  [bbfi_o@0];
  [cbfi_o@0];
  [dbfi_o@0];

  ! means of observed/manifest vars set to 0
  [avrt_col@0];
  [bvrt_col@0];
  [cvrt_col@0];
  [dvrt_col@0];

  [p1@0]; ! means of residual "factors" set to 0
  [p2@0];
  [p3@0];
  [p4@0];

  [v1@0]; ! means of residual "factors" set to 0
  [v2@0];
  [v3@0];
  [v4@0];

  p4 on p3 (a); ! Autoregressive paths constrained to equality
  p3 on p2 (a);
  p2 on p1 (a);

  v4 on v3 (b); ! Autoregressive paths constrained to equality
  v3 on v2 (b);
  v2 on v1 (b);

  p4 on v3 (c); ! Cross-lagged paths constrained to equality
  p3 on v2 (c);
  p2 on v1 (c);

  v4 on p3 (d); ! Cross-lagged paths constrained to equality
  v3 on p2 (d);
  v2 on p1 (d);

  p1 with v1; !(this one is not like the others)

  p2 with v2 (e); ! Within-wave correlations constrained to equality
  p3 with v3 (e);
  p4 with v4 (e);

  p2 p3 p4 (f); ! estimate variances of residual "factors"
  v2 v3 v4 (g); ! estimate variances of residual "factors"

  MODEL d2:

  p4 on p3 (a2); ! Autoregressive paths constrained to equality
  p3 on p2 (a2);
  p2 on p1 (a2);

  v4 on v3 (b2); ! Autoregressive paths constrained to equality
  v3 on v2 (b2);
  v2 on v1 (b2);

  p4 on v3 (c2); ! Cross-lagged paths constrained to equality
  p3 on v2 (c2);
  p2 on v1 (c2);

  v4 on p3 (d2); ! Cross-lagged paths constrained to equality
  v3 on p2 (d2);
  v2 on p1 (d2);

  p1 with v1; !(this one is not like the others)

  p2 with v2 (e2); ! Within-wave correlations constrained to equality
  p3 with v3 (e2);
  p4 with v4 (e2);

  p2 p3 p4 (f2); ! estimate variances of residual "factors"
  v2 v3 v4 (g2); ! estimate variances of residual "factors"

  MODEL d3:

  p4 on p3 (a3); ! Autoregressive paths constrained to equality
  p3 on p2 (a3);
  p2 on p1 (a3);

  v4 on v3 (b3); ! Autoregressive paths constrained to equality
  v3 on v2 (b3);
  v2 on v1 (b3);

  p4 on v3 (c3); ! Cross-lagged paths constrained to equality
  p3 on v2 (c3);
  p2 on v1 (c3);

  v4 on p3 (d3); ! Cross-lagged paths constrained to equality
  v3 on p2 (d3);
  v2 on p1 (d3);

  p1 with v1; !(this one is not like the others)

  p2 with v2 (e3); ! Within-wave correlations constrained to equality
  p3 with v3 (e3);
  p4 with v4 (e3);

  p2 p3 p4 (f3); ! estimate variances of residual "factors"
  v2 v3 v4 (g3); ! estimate variances of residual "factors"

  MODEL d4:

  p4 on p3 (a4); ! Autoregressive paths constrained to equality
  p3 on p2 (a4);
  p2 on p1 (a4);

  v4 on v3 (b4); ! Autoregressive paths constrained to equality
  v3 on v2 (b4);
  v2 on v1 (b4);

  p4 on v3 (c4); ! Cross-lagged paths constrained to equality
  p3 on v2 (c4);
  p2 on v1 (c4);

  v4 on p3 (d4); ! Cross-lagged paths constrained to equality
  v3 on p2 (d4);
  v2 on p1 (d4);

  p1 with v1; !(this one is not like the others)

  p2 with v2 (e4); ! Within-wave correlations constrained to equality
  p3 with v3 (e4);
  p4 with v4 (e4);

  p2 p3 p4 (f4); ! estimate variances of residual "factors"
  v2 v3 v4 (g4); ! estimate variances of residual "factors"

  MODEL d5:

  p4 on p3 (a5); ! Autoregressive paths constrained to equality
  p3 on p2 (a5);
  p2 on p1 (a5);

  v4 on v3 (b5); ! Autoregressive paths constrained to equality
  v3 on v2 (b5);
  v2 on v1 (b5);

  p4 on v3 (c5); ! Cross-lagged paths constrained to equality
  p3 on v2 (c5);
  p2 on v1 (c5);

  v4 on p3 (d5); ! Cross-lagged paths constrained to equality
  v3 on p2 (d5);
  v2 on p1 (d5);

  p1 with v1; !(this one is not like the others)

  p2 with v2 (e5); ! Within-wave correlations constrained to equality
  p3 with v3 (e5);
  p4 with v4 (e5);

  p2 p3 p4 (f5); ! estimate variances of residual "factors"
  v2 v3 v4 (g5); ! estimate variances of residual "factors"

  OUTPUT: SAMPSTAT PATTERNS;



*** WARNING
  Data set contains unknown or missing values for GROUPING,
  PATTERN, COHORT, CLUSTER and/or STRATIFICATION variables.
  Number of cases with unknown or missing values:  5
   1 WARNING(S) FOUND IN THE INPUT INSTRUCTIONS



PxVx Bivariate LCM-SR - decadegroup - Linear bfi_o with Linear vrt_col;

SUMMARY OF ANALYSIS

Number of groups                                                 4
Number of observations
   Group D2                                                    301
   Group D3                                                    233
   Group D4                                                    198
   Group D5                                                    132
   Total sample size                                           864

Number of dependent variables                                    8
Number of independent variables                                  0
Number of continuous latent variables                           12

Observed dependent variables

  Continuous
   ABFI_O      BBFI_O      CBFI_O      DBFI_O      AVRT_COL    BVRT_COL
   CVRT_COL    DVRT_COL

Continuous latent variables
   P1          P2          P3          P4          V1          V2
   V3          V4          I_BFI_O     S_BFI_O     I_VRT_CO    S_VRT_CO

Variables with special functions

  Grouping variable     AAGEGRP

  Time scores
   A1          A2          A3          A4


Estimator                                                      MLR
Information matrix                                        OBSERVED
Maximum number of iterations                                   100
Convergence criterion                                    0.100D-05
Maximum number of EM iterations                                500
Convergence criteria for the EM algorithm
  Loglikelihood change                                   0.100D-02
  Relative loglikelihood change                          0.100D-05
  Derivative                                             0.100D-03
Minimum variance                                         0.100D-03
Maximum number of steepest descent iterations                   20
Maximum number of iterations for H1                           2000
Convergence criterion for H1                             0.100D-03
Optimization algorithm                                         EMA

Input data file(s)
  /home/jflournoy/code_new/lnt_pxvx/Data/lnt_nat_recalc.tsv
Input data format  FREE


SUMMARY OF DATA

   Group D2
     Number of missing data patterns            14

   Group D3
     Number of missing data patterns            11

   Group D4
     Number of missing data patterns            15

   Group D5
     Number of missing data patterns             9


SUMMARY OF MISSING DATA PATTERNS


     MISSING DATA PATTERNS (x = not missing) FOR D2

           1  2  3  4  5  6  7  8  9 10 11 12 13 14
 ABFI_O    x  x  x  x  x  x  x  x  x  x  x  x  x  x
 BBFI_O    x     x  x  x  x           x  x  x     x
 CBFI_O    x        x     x     x  x  x  x  x  x
 DBFI_O    x     x  x        x     x     x     x
 AVRT_COL  x  x  x  x  x  x  x  x  x  x  x  x  x  x
 BVRT_COL  x     x  x  x  x           x     x
 CVRT_COL  x              x     x  x     x  x  x
 DVRT_COL  x     x  x        x     x     x  x


     MISSING DATA PATTERN FREQUENCIES FOR D2

    Pattern   Frequency     Pattern   Frequency     Pattern   Frequency
          1         187           6          13          11           2
          2          57           7          11          12           1
          3           6           8           4          13           1
          4           1           9           5          14           1
          5          11          10           1


     MISSING DATA PATTERNS (x = not missing) FOR D3

           1  2  3  4  5  6  7  8  9 10 11
 ABFI_O    x  x  x  x  x  x  x  x  x  x  x
 BBFI_O    x     x  x  x           x  x
 CBFI_O    x           x     x  x     x
 DBFI_O    x     x        x     x     x  x
 AVRT_COL  x  x  x  x  x  x  x  x  x  x  x
 BVRT_COL  x     x  x  x              x
 CVRT_COL  x           x     x  x     x
 DVRT_COL  x     x        x     x


     MISSING DATA PATTERN FREQUENCIES FOR D3

    Pattern   Frequency     Pattern   Frequency     Pattern   Frequency
          1         140           5           6           9           1
          2          43           6           3          10           1
          3           8           7           7          11           2
          4          15           8           7


     MISSING DATA PATTERNS (x = not missing) FOR D4

           1  2  3  4  5  6  7  8  9 10 11 12 13 14 15
 ABFI_O    x  x  x  x  x  x  x  x  x  x  x  x  x  x  x
 BBFI_O    x     x  x  x  x           x     x     x
 CBFI_O    x        x     x     x  x  x  x           x
 DBFI_O    x     x  x        x     x  x  x        x
 AVRT_COL  x  x  x  x  x  x  x  x  x  x  x  x     x  x
 BVRT_COL  x     x  x  x  x
 CVRT_COL  x              x     x  x  x  x
 DVRT_COL  x     x  x        x     x  x           x


     MISSING DATA PATTERN FREQUENCIES FOR D4

    Pattern   Frequency     Pattern   Frequency     Pattern   Frequency
          1         104           6          15          11           1
          2          39           7           4          12           2
          3           7           8           4          13           1
          4           1           9           5          14           1
          5          12          10           1          15           1


     MISSING DATA PATTERNS (x = not missing) FOR D5

           1  2  3  4  5  6  7  8  9
 ABFI_O    x  x  x  x  x  x  x  x
 BBFI_O    x     x  x  x
 CBFI_O    x           x     x  x
 DBFI_O    x     x        x     x  x
 AVRT_COL  x  x  x  x  x  x  x  x  x
 BVRT_COL  x     x  x  x
 CVRT_COL  x           x     x  x
 DVRT_COL  x     x        x     x  x


     MISSING DATA PATTERN FREQUENCIES FOR D5

    Pattern   Frequency     Pattern   Frequency     Pattern   Frequency
          1          61           4          10           7           6
          2          29           5          11           8           4
          3           5           6           5           9           1


COVARIANCE COVERAGE OF DATA

Minimum covariance coverage value   0.100


     PROPORTION OF DATA PRESENT FOR D2


           Covariance Coverage
              ABFI_O        BBFI_O        CBFI_O        DBFI_O        AVRT_COL
              ________      ________      ________      ________      ________
 ABFI_O         1.000
 BBFI_O         0.741         0.741
 CBFI_O         0.714         0.681         0.714
 DBFI_O         0.708         0.651         0.651         0.708
 AVRT_COL       1.000         0.741         0.714         0.708         1.000
 BVRT_COL       0.731         0.731         0.674         0.645         0.731
 CVRT_COL       0.708         0.674         0.708         0.648         0.708
 DVRT_COL       0.708         0.654         0.651         0.704         0.708


           Covariance Coverage
              BVRT_COL      CVRT_COL      DVRT_COL
              ________      ________      ________
 BVRT_COL       0.731
 CVRT_COL       0.668         0.708
 DVRT_COL       0.648         0.648         0.708


     PROPORTION OF DATA PRESENT FOR D3


           Covariance Coverage
              ABFI_O        BBFI_O        CBFI_O        DBFI_O        AVRT_COL
              ________      ________      ________      ________      ________
 ABFI_O         1.000
 BBFI_O         0.751         0.751
 CBFI_O         0.725         0.691         0.725
 DBFI_O         0.742         0.708         0.678         0.742
 AVRT_COL       1.000         0.751         0.725         0.742         1.000
 BVRT_COL       0.742         0.742         0.682         0.700         0.742
 CVRT_COL       0.657         0.622         0.657         0.614         0.657
 DVRT_COL       0.742         0.708         0.678         0.742         0.742


           Covariance Coverage
              BVRT_COL      CVRT_COL      DVRT_COL
              ________      ________      ________
 BVRT_COL       0.742
 CVRT_COL       0.614         0.657
 DVRT_COL       0.700         0.614         0.742


     PROPORTION OF DATA PRESENT FOR D4


           Covariance Coverage
              ABFI_O        BBFI_O        CBFI_O        DBFI_O        AVRT_COL
              ________      ________      ________      ________      ________
 ABFI_O         1.000
 BBFI_O         0.732         0.732
 CBFI_O         0.682         0.631         0.682
 DBFI_O         0.626         0.576         0.571         0.626
 AVRT_COL       1.000         0.732         0.682         0.626         1.000
 BVRT_COL       0.722         0.722         0.626         0.571         0.722
 CVRT_COL       0.672         0.621         0.672         0.566         0.672
 DVRT_COL       0.626         0.581         0.571         0.616         0.626


           Covariance Coverage
              BVRT_COL      CVRT_COL      DVRT_COL
              ________      ________      ________
 BVRT_COL       0.722
 CVRT_COL       0.616         0.672
 DVRT_COL       0.576         0.566         0.626


     PROPORTION OF DATA PRESENT FOR D5


           Covariance Coverage
              ABFI_O        BBFI_O        CBFI_O        DBFI_O        AVRT_COL
              ________      ________      ________      ________      ________
 ABFI_O         1.000
 BBFI_O         0.697         0.697
 CBFI_O         0.614         0.576         0.614
 DBFI_O         0.629         0.576         0.545         0.629
 AVRT_COL       1.000         0.697         0.614         0.629         1.000
 BVRT_COL       0.697         0.697         0.576         0.576         0.697
 CVRT_COL       0.538         0.500         0.538         0.470         0.538
 DVRT_COL       0.629         0.576         0.545         0.629         0.629


           Covariance Coverage
              BVRT_COL      CVRT_COL      DVRT_COL
              ________      ________      ________
 BVRT_COL       0.697
 CVRT_COL       0.500         0.538
 DVRT_COL       0.576         0.470         0.629


SAMPLE STATISTICS


     ESTIMATED SAMPLE STATISTICS FOR D2


           Means
              ABFI_O        BBFI_O        CBFI_O        DBFI_O        AVRT_COL
              ________      ________      ________      ________      ________
               74.525        74.121        72.966        72.064        68.556


           Means
              BVRT_COL      CVRT_COL      DVRT_COL
              ________      ________      ________
               65.869        65.577        64.915


           Covariances
              ABFI_O        BBFI_O        CBFI_O        DBFI_O        AVRT_COL
              ________      ________      ________      ________      ________
 ABFI_O       225.158
 BBFI_O       179.926       220.657
 CBFI_O       192.058       183.170       250.450
 DBFI_O       168.639       173.000       207.514       248.137
 AVRT_COL      11.079        15.999        17.216        -4.890       336.543
 BVRT_COL      -3.838        17.525        17.800        -8.852       250.236
 CVRT_COL      -2.216        30.778        14.677         3.714       218.578
 DVRT_COL     -16.495        16.395       -13.863       -12.099       235.810


           Covariances
              BVRT_COL      CVRT_COL      DVRT_COL
              ________      ________      ________
 BVRT_COL     377.562
 CVRT_COL     262.690       401.115
 DVRT_COL     274.686       276.061       403.800


           Correlations
              ABFI_O        BBFI_O        CBFI_O        DBFI_O        AVRT_COL
              ________      ________      ________      ________      ________
 ABFI_O         1.000
 BBFI_O         0.807         1.000
 CBFI_O         0.809         0.779         1.000
 DBFI_O         0.713         0.739         0.832         1.000
 AVRT_COL       0.040         0.059         0.059        -0.017         1.000
 BVRT_COL      -0.013         0.061         0.058        -0.029         0.702
 CVRT_COL      -0.007         0.103         0.046         0.012         0.595
 DVRT_COL      -0.055         0.055        -0.044        -0.038         0.640


           Correlations
              BVRT_COL      CVRT_COL      DVRT_COL
              ________      ________      ________
 BVRT_COL       1.000
 CVRT_COL       0.675         1.000
 DVRT_COL       0.703         0.686         1.000


     ESTIMATED SAMPLE STATISTICS FOR D3


           Means
              ABFI_O        BBFI_O        CBFI_O        DBFI_O        AVRT_COL
              ________      ________      ________      ________      ________
               75.123        73.773        72.925        72.938        72.702


           Means
              BVRT_COL      CVRT_COL      DVRT_COL
              ________      ________      ________
               71.270        69.421        70.360


           Covariances
              ABFI_O        BBFI_O        CBFI_O        DBFI_O        AVRT_COL
              ________      ________      ________      ________      ________
 ABFI_O       202.548
 BBFI_O       163.974       208.160
 CBFI_O       162.680       177.226       235.741
 DBFI_O       154.722       165.395       182.352       211.615
 AVRT_COL       7.692         4.978       -18.726        -7.565       324.972
 BVRT_COL      -1.794       -14.218       -28.145       -13.251       222.980
 CVRT_COL     -14.878       -26.584       -35.513       -30.964       236.274
 DVRT_COL      -5.911        -7.029       -34.094       -25.409       240.114


           Covariances
              BVRT_COL      CVRT_COL      DVRT_COL
              ________      ________      ________
 BVRT_COL     328.164
 CVRT_COL     256.034       391.221
 DVRT_COL     219.516       281.954       340.179


           Correlations
              ABFI_O        BBFI_O        CBFI_O        DBFI_O        AVRT_COL
              ________      ________      ________      ________      ________
 ABFI_O         1.000
 BBFI_O         0.799         1.000
 CBFI_O         0.744         0.800         1.000
 DBFI_O         0.747         0.788         0.816         1.000
 AVRT_COL       0.030         0.019        -0.068        -0.029         1.000
 BVRT_COL      -0.007        -0.054        -0.101        -0.050         0.683
 CVRT_COL      -0.053        -0.093        -0.117        -0.108         0.663
 DVRT_COL      -0.023        -0.026        -0.120        -0.095         0.722


           Correlations
              BVRT_COL      CVRT_COL      DVRT_COL
              ________      ________      ________
 BVRT_COL       1.000
 CVRT_COL       0.715         1.000
 DVRT_COL       0.657         0.773         1.000


     ESTIMATED SAMPLE STATISTICS FOR D4


           Means
              ABFI_O        BBFI_O        CBFI_O        DBFI_O        AVRT_COL
              ________      ________      ________      ________      ________
               73.194        72.457        71.036        73.417        72.845


           Means
              BVRT_COL      CVRT_COL      DVRT_COL
              ________      ________      ________
               73.360        70.322        71.180


           Covariances
              ABFI_O        BBFI_O        CBFI_O        DBFI_O        AVRT_COL
              ________      ________      ________      ________      ________
 ABFI_O       222.470
 BBFI_O       199.832       248.992
 CBFI_O       214.990       229.044       279.372
 DBFI_O       202.211       210.551       232.086       256.090
 AVRT_COL      -9.679        -7.716       -26.778       -16.157       271.536
 BVRT_COL      -5.194        -2.158        -5.272         2.805       210.487
 CVRT_COL      10.535         5.239        14.709        24.894       183.415
 DVRT_COL     -23.266       -29.278       -30.058       -19.328       197.143


           Covariances
              BVRT_COL      CVRT_COL      DVRT_COL
              ________      ________      ________
 BVRT_COL     292.202
 CVRT_COL     222.904       297.603
 DVRT_COL     236.051       237.558       308.224


           Correlations
              ABFI_O        BBFI_O        CBFI_O        DBFI_O        AVRT_COL
              ________      ________      ________      ________      ________
 ABFI_O         1.000
 BBFI_O         0.849         1.000
 CBFI_O         0.862         0.868         1.000
 DBFI_O         0.847         0.834         0.868         1.000
 AVRT_COL      -0.039        -0.030        -0.097        -0.061         1.000
 BVRT_COL      -0.020        -0.008        -0.018         0.010         0.747
 CVRT_COL       0.041         0.019         0.051         0.090         0.645
 DVRT_COL      -0.089        -0.106        -0.102        -0.069         0.681


           Correlations
              BVRT_COL      CVRT_COL      DVRT_COL
              ________      ________      ________
 BVRT_COL       1.000
 CVRT_COL       0.756         1.000
 DVRT_COL       0.787         0.784         1.000


     ESTIMATED SAMPLE STATISTICS FOR D5


           Means
              ABFI_O        BBFI_O        CBFI_O        DBFI_O        AVRT_COL
              ________      ________      ________      ________      ________
               74.354        74.291        72.190        71.161        74.369


           Means
              BVRT_COL      CVRT_COL      DVRT_COL
              ________      ________      ________
               74.373        71.311        72.215


           Covariances
              ABFI_O        BBFI_O        CBFI_O        DBFI_O        AVRT_COL
              ________      ________      ________      ________      ________
 ABFI_O       254.318
 BBFI_O       211.565       233.307
 CBFI_O       222.066       219.385       284.877
 DBFI_O       250.002       235.437       264.870       308.988
 AVRT_COL     -21.034       -12.724       -18.126       -10.617       368.196
 BVRT_COL     -29.882        -7.584       -28.028       -34.115       243.666
 CVRT_COL     -53.772       -45.948       -55.452       -69.290       266.777
 DVRT_COL     -55.807       -47.656       -48.966       -51.693       272.099


           Covariances
              BVRT_COL      CVRT_COL      DVRT_COL
              ________      ________      ________
 BVRT_COL     352.655
 CVRT_COL     269.592       353.713
 DVRT_COL     285.058       289.126       341.291


           Correlations
              ABFI_O        BBFI_O        CBFI_O        DBFI_O        AVRT_COL
              ________      ________      ________      ________      ________
 ABFI_O         1.000
 BBFI_O         0.869         1.000
 CBFI_O         0.825         0.851         1.000
 DBFI_O         0.892         0.877         0.893         1.000
 AVRT_COL      -0.069        -0.043        -0.056        -0.031         1.000
 BVRT_COL      -0.100        -0.026        -0.088        -0.103         0.676
 CVRT_COL      -0.179        -0.160        -0.175        -0.210         0.739
 DVRT_COL      -0.189        -0.169        -0.157        -0.159         0.768


           Correlations
              BVRT_COL      CVRT_COL      DVRT_COL
              ________      ________      ________
 BVRT_COL       1.000
 CVRT_COL       0.763         1.000
 DVRT_COL       0.822         0.832         1.000


     MAXIMUM LOG-LIKELIHOOD VALUE FOR THE UNRESTRICTED (H1) MODEL IS -20486.223


UNIVARIATE SAMPLE STATISTICS


     UNIVARIATE HIGHER-ORDER MOMENT DESCRIPTIVE STATISTICS FOR D2

         Variable/         Mean/     Skewness/   Minimum/ % with                Percentiles
        Sample Size      Variance    Kurtosis    Maximum  Min/Max      20%/60%    40%/80%    Median

     ABFI_O               74.525      -0.610      30.000    0.33%      62.500     72.500     75.000
             301.000     225.158      -0.073     100.000    1.66%      80.000     87.500
     BBFI_O               74.096      -0.620      22.500    0.45%      62.500     72.500     75.000
             223.000     212.981       0.140     100.000    2.24%      80.000     87.500
     CBFI_O               73.111      -0.519      35.000    1.86%      60.000     70.000     75.000
             215.000     243.143      -0.442     100.000    0.47%      80.000     87.500
     DBFI_O               72.666      -0.512      22.500    0.47%      60.000     70.000     75.000
             213.000     240.244      -0.215     100.000    1.41%      77.500     85.000
     AVRT_COL             68.556      -0.614       6.250    0.33%      50.000     62.500     68.750
             301.000     336.543       0.442     100.000    4.65%      75.000     81.250
     BVRT_COL             65.379      -0.399      12.500    0.91%      50.000     62.500     68.750
             220.000     373.815      -0.462     100.000    3.18%      75.000     81.250
     CVRT_COL             65.112      -0.474       6.250    0.47%      43.750     62.500     68.750
             213.000     398.660      -0.285     100.000    3.29%      75.000     81.250
     DVRT_COL             64.789      -0.357      12.500    0.47%      50.000     62.500     68.750
             213.000     406.660      -0.608     100.000    2.82%      68.750     81.250


     UNIVARIATE HIGHER-ORDER MOMENT DESCRIPTIVE STATISTICS FOR D3

         Variable/         Mean/     Skewness/   Minimum/ % with                Percentiles
        Sample Size      Variance    Kurtosis    Maximum  Min/Max      20%/60%    40%/80%    Median

     ABFI_O               75.123      -0.393      27.500    0.86%      62.500     70.000     75.000
             233.000     202.548      -0.091     100.000    2.58%      80.000     87.500
     BBFI_O               73.894      -0.282      37.500    2.92%      60.000     70.000     75.000
             171.000     201.247      -0.423     100.000    0.58%      77.500     87.500
     CBFI_O               72.492      -0.452      30.000    0.62%      60.000     70.000     72.500
             161.000     232.735      -0.127     100.000    0.62%      77.500     87.500
     DBFI_O               72.900      -0.636      30.000    0.62%      62.500     70.000     75.000
             161.000     214.516       0.031      97.500    1.24%      77.500     85.000
     AVRT_COL             72.702      -0.626      18.750    0.86%      56.250     68.750     75.000
             233.000     324.972       0.019     100.000    6.01%      81.250     87.500
     BVRT_COL             70.833      -0.464      18.750    1.18%      56.250     68.750     68.750
             170.000     336.908      -0.120     100.000    7.06%      75.000     87.500
     CVRT_COL             69.138      -0.797       6.250    1.24%      56.250     68.750     75.000
             161.000     393.871       0.529     100.000    4.97%      75.000     87.500
     DVRT_COL             70.016      -0.894       0.000    0.63%      56.250     68.750     75.000
             158.000     360.344       1.111     100.000    5.70%      75.000     81.250


     UNIVARIATE HIGHER-ORDER MOMENT DESCRIPTIVE STATISTICS FOR D4

         Variable/         Mean/     Skewness/   Minimum/ % with                Percentiles
        Sample Size      Variance    Kurtosis    Maximum  Min/Max      20%/60%    40%/80%    Median

     ABFI_O               73.194      -0.276      35.000    0.51%      60.000     70.000     73.750
             198.000     222.470      -0.617     100.000    1.01%      77.500     87.500
     BBFI_O               73.364      -0.392      32.500    0.70%      60.000     70.000     75.000
             143.000     255.207      -0.580     100.000    0.70%      80.000     90.000
     CBFI_O               72.367      -0.451      27.500    0.76%      60.000     70.000     75.000
             132.000     280.049      -0.333     100.000    3.03%      77.500     87.500
     DBFI_O               73.936      -0.698      30.000    0.81%      60.000     70.000     75.000
             124.000     274.369      -0.176      97.500    4.84%      80.000     90.000
     AVRT_COL             72.843      -0.400      25.000    1.02%      56.250     68.750     75.000
             197.000     271.537      -0.393     100.000    5.08%      81.250     87.500
     BVRT_COL             72.077      -0.319      18.750    0.72%      56.250     68.750     75.000
             139.000     303.365      -0.620     100.000    5.04%      81.250     87.500
     CVRT_COL             69.808      -0.281      18.750    0.77%      56.250     62.500     68.750
             130.000     314.386      -0.393     100.000    6.15%      75.000     87.500
     DVRT_COL             69.868      -0.506       6.250    0.81%      56.250     62.500     75.000
             123.000     330.940       0.295     100.000    5.69%      75.000     87.500


     UNIVARIATE HIGHER-ORDER MOMENT DESCRIPTIVE STATISTICS FOR D5

         Variable/         Mean/     Skewness/   Minimum/ % with                Percentiles
        Sample Size      Variance    Kurtosis    Maximum  Min/Max      20%/60%    40%/80%    Median

     ABFI_O               74.470      -0.319      30.000    0.76%      60.000     70.000     75.000
             131.000     254.085      -0.473     100.000    5.34%      80.556     87.500
     BBFI_O               74.638      -0.522      30.556    1.15%      62.500     70.000     75.000
              87.000     233.340       0.054     100.000    2.30%      80.000     87.500
     CBFI_O               72.652      -0.822      12.500    1.22%      60.000     70.000     75.000
              82.000     284.657       1.122     100.000    2.44%      77.500     87.500
     DBFI_O               74.112      -0.762      15.000    1.32%      57.500     72.500     76.250
              76.000     293.043       0.548     100.000    1.32%      82.500     90.000
     AVRT_COL             74.369      -0.779      12.500    0.76%      56.250     68.750     75.000
             132.000     368.196       0.238     100.000   10.61%      81.250     93.750
     BVRT_COL             76.006      -0.949       6.250    1.15%      62.500     75.000     81.250
              87.000     304.305       1.435     100.000    9.20%      81.250     93.750
     CVRT_COL             72.256      -0.844       6.250    1.22%      56.250     68.750     75.000
              82.000     321.168       1.140     100.000    6.10%      81.250     87.500
     DVRT_COL             73.766      -0.693      25.000    2.63%      56.250     75.000     75.000
              76.000     275.514       0.417     100.000    6.58%      81.250     87.500


THE MODEL ESTIMATION TERMINATED NORMALLY



MODEL FIT INFORMATION

Number of Free Parameters                       54

Loglikelihood

          H0 Value                      -20599.755
          H0 Scaling Correction Factor      1.1922
            for MLR

Information Criteria

          Akaike (AIC)                   41307.511
          Bayesian (BIC)                 41564.635
          Sample-Size Adjusted BIC       41393.145
            (n* = (n + 2) / 24)



MODEL RESULTS

                                                    Two-Tailed
                    Estimate       S.E.  Est./S.E.    P-Value

Group D2

 P1       BY
    ABFI_O             1.000      0.000    999.000    999.000

 P2       BY
    BBFI_O             1.000      0.000    999.000    999.000

 P3       BY
    CBFI_O             1.000      0.000    999.000    999.000

 P4       BY
    DBFI_O             1.000      0.000    999.000    999.000

 V1       BY
    AVRT_COL           1.000      0.000    999.000    999.000

 V2       BY
    BVRT_COL           1.000      0.000    999.000    999.000

 V3       BY
    CVRT_COL           1.000      0.000    999.000    999.000

 V4       BY
    DVRT_COL           1.000      0.000    999.000    999.000

 P4         ON
    P3                 0.313      0.110      2.836      0.005
    V3                 0.045      0.052      0.863      0.388

 P3         ON
    P2                 0.313      0.110      2.836      0.005
    V2                 0.045      0.052      0.863      0.388

 P2         ON
    P1                 0.313      0.110      2.836      0.005
    V1                 0.045      0.052      0.863      0.388

 V4         ON
    V3                 0.205      0.119      1.728      0.084
    P3                 0.045      0.136      0.332      0.740

 V3         ON
    V2                 0.205      0.119      1.728      0.084
    P2                 0.045      0.136      0.332      0.740

 V2         ON
    V1                 0.205      0.119      1.728      0.084
    P1                 0.045      0.136      0.332      0.740

 S_BFI_O  WITH
    I_BFI_O            1.040      0.569      1.828      0.067
    S_VRT_COL         -0.038      0.085     -0.445      0.657
    I_VRT_COL          0.473      1.861      0.254      0.799

 I_BFI_O  WITH
    S_VRT_COL         -1.414      1.882     -0.751      0.452
    I_VRT_COL         -6.341     12.507     -0.507      0.612

 S_VRT_CO WITH
    I_VRT_COL         -0.118      0.783     -0.150      0.880

 P1       WITH
    V1                18.180     10.202      1.782      0.075

 P2       WITH
    V2                 5.808      7.817      0.743      0.457

 P3       WITH
    V3                 5.808      7.817      0.743      0.457

 P4       WITH
    V4                 5.808      7.817      0.743      0.457

 Means
    P1                 0.000      0.000    999.000    999.000
    V1                 0.000      0.000    999.000    999.000
    I_BFI_O           73.509      0.503    146.172      0.000
    S_BFI_O           -0.087      0.046     -1.870      0.061
    I_VRT_COL         70.231      0.590    118.948      0.000
    S_VRT_COL          0.159      0.054      2.956      0.003

 Intercepts
    ABFI_O             0.000      0.000    999.000    999.000
    BBFI_O             0.000      0.000    999.000    999.000
    CBFI_O             0.000      0.000    999.000    999.000
    DBFI_O             0.000      0.000    999.000    999.000
    AVRT_COL           0.000      0.000    999.000    999.000
    BVRT_COL           0.000      0.000    999.000    999.000
    CVRT_COL           0.000      0.000    999.000    999.000
    DVRT_COL           0.000      0.000    999.000    999.000
    P2                 0.000      0.000    999.000    999.000
    P3                 0.000      0.000    999.000    999.000
    P4                 0.000      0.000    999.000    999.000
    V2                 0.000      0.000    999.000    999.000
    V3                 0.000      0.000    999.000    999.000
    V4                 0.000      0.000    999.000    999.000

 Variances
    P1                57.045     11.144      5.119      0.000
    V1               122.635     20.004      6.131      0.000
    I_BFI_O          170.268     12.651     13.459      0.000
    S_BFI_O            0.101      0.107      0.950      0.342
    I_VRT_COL        205.856     21.594      9.533      0.000
    S_VRT_COL          0.194      0.150      1.297      0.195

 Residual Variances
    ABFI_O             0.000      0.000    999.000    999.000
    BBFI_O             0.000      0.000    999.000    999.000
    CBFI_O             0.000      0.000    999.000    999.000
    DBFI_O             0.000      0.000    999.000    999.000
    AVRT_COL           0.000      0.000    999.000    999.000
    BVRT_COL           0.000      0.000    999.000    999.000
    CVRT_COL           0.000      0.000    999.000    999.000
    DVRT_COL           0.000      0.000    999.000    999.000
    P2                62.413      6.740      9.260      0.000
    P3                62.413      6.740      9.260      0.000
    P4                62.413      6.740      9.260      0.000
    V2               150.845     19.280      7.824      0.000
    V3               150.845     19.280      7.824      0.000
    V4               150.845     19.280      7.824      0.000

Group D3

 P1       BY
    ABFI_O             1.000      0.000    999.000    999.000

 P2       BY
    BBFI_O             1.000      0.000    999.000    999.000

 P3       BY
    CBFI_O             1.000      0.000    999.000    999.000

 P4       BY
    DBFI_O             1.000      0.000    999.000    999.000

 V1       BY
    AVRT_COL           1.000      0.000    999.000    999.000

 V2       BY
    BVRT_COL           1.000      0.000    999.000    999.000

 V3       BY
    CVRT_COL           1.000      0.000    999.000    999.000

 V4       BY
    DVRT_COL           1.000      0.000    999.000    999.000

 P4         ON
    P3                 0.213      0.113      1.881      0.060
    V3                -0.027      0.054     -0.494      0.621

 P3         ON
    P2                 0.213      0.113      1.881      0.060
    V2                -0.027      0.054     -0.494      0.621

 P2         ON
    P1                 0.213      0.113      1.881      0.060
    V1                -0.027      0.054     -0.494      0.621

 V4         ON
    V3                 0.224      0.091      2.468      0.014
    P3                -0.125      0.111     -1.128      0.259

 V3         ON
    V2                 0.224      0.091      2.468      0.014
    P2                -0.125      0.111     -1.128      0.259

 V2         ON
    V1                 0.224      0.091      2.468      0.014
    P1                -0.125      0.111     -1.128      0.259

 S_BFI_O  WITH
    I_BFI_O            1.040      0.569      1.828      0.067
    S_VRT_COL         -0.038      0.085     -0.445      0.657
    I_VRT_COL          0.473      1.861      0.254      0.799

 I_BFI_O  WITH
    S_VRT_COL         -1.414      1.882     -0.751      0.452
    I_VRT_COL         -6.341     12.507     -0.507      0.612

 S_VRT_CO WITH
    I_VRT_COL         -0.118      0.783     -0.150      0.880

 P1       WITH
    V1                12.389      9.559      1.296      0.195

 P2       WITH
    V2                -7.328      6.538     -1.121      0.262

 P3       WITH
    V3                -7.328      6.538     -1.121      0.262

 P4       WITH
    V4                -7.328      6.538     -1.121      0.262

 Means
    P1                 0.000      0.000    999.000    999.000
    V1                 0.000      0.000    999.000    999.000
    I_BFI_O           73.509      0.503    146.172      0.000
    S_BFI_O           -0.087      0.046     -1.870      0.061
    I_VRT_COL         70.231      0.590    118.948      0.000
    S_VRT_COL          0.159      0.054      2.956      0.003

 Intercepts
    ABFI_O             0.000      0.000    999.000    999.000
    BBFI_O             0.000      0.000    999.000    999.000
    CBFI_O             0.000      0.000    999.000    999.000
    DBFI_O             0.000      0.000    999.000    999.000
    AVRT_COL           0.000      0.000    999.000    999.000
    BVRT_COL           0.000      0.000    999.000    999.000
    CVRT_COL           0.000      0.000    999.000    999.000
    DVRT_COL           0.000      0.000    999.000    999.000
    P2                 0.000      0.000    999.000    999.000
    P3                 0.000      0.000    999.000    999.000
    P4                 0.000      0.000    999.000    999.000
    V2                 0.000      0.000    999.000    999.000
    V3                 0.000      0.000    999.000    999.000
    V4                 0.000      0.000    999.000    999.000

 Variances
    P1                55.278      8.437      6.552      0.000
    V1               112.253     16.079      6.981      0.000
    I_BFI_O          170.268     12.651     13.459      0.000
    S_BFI_O            0.101      0.107      0.950      0.342
    I_VRT_COL        205.856     21.594      9.533      0.000
    S_VRT_COL          0.194      0.150      1.297      0.195

 Residual Variances
    ABFI_O             0.000      0.000    999.000    999.000
    BBFI_O             0.000      0.000    999.000    999.000
    CBFI_O             0.000      0.000    999.000    999.000
    DBFI_O             0.000      0.000    999.000    999.000
    AVRT_COL           0.000      0.000    999.000    999.000
    BVRT_COL           0.000      0.000    999.000    999.000
    CVRT_COL           0.000      0.000    999.000    999.000
    DVRT_COL           0.000      0.000    999.000    999.000
    P2                51.312      7.256      7.071      0.000
    P3                51.312      7.256      7.071      0.000
    P4                51.312      7.256      7.071      0.000
    V2               120.002     13.091      9.167      0.000
    V3               120.002     13.091      9.167      0.000
    V4               120.002     13.091      9.167      0.000

Group D4

 P1       BY
    ABFI_O             1.000      0.000    999.000    999.000

 P2       BY
    BBFI_O             1.000      0.000    999.000    999.000

 P3       BY
    CBFI_O             1.000      0.000    999.000    999.000

 P4       BY
    DBFI_O             1.000      0.000    999.000    999.000

 V1       BY
    AVRT_COL           1.000      0.000    999.000    999.000

 V2       BY
    BVRT_COL           1.000      0.000    999.000    999.000

 V3       BY
    CVRT_COL           1.000      0.000    999.000    999.000

 V4       BY
    DVRT_COL           1.000      0.000    999.000    999.000

 P4         ON
    P3                 0.082      0.129      0.631      0.528
    V3                 0.100      0.068      1.470      0.142

 P3         ON
    P2                 0.082      0.129      0.631      0.528
    V2                 0.100      0.068      1.470      0.142

 P2         ON
    P1                 0.082      0.129      0.631      0.528
    V1                 0.100      0.068      1.470      0.142

 V4         ON
    V3                 0.197      0.106      1.858      0.063
    P3                 0.011      0.131      0.085      0.932

 V3         ON
    V2                 0.197      0.106      1.858      0.063
    P2                 0.011      0.131      0.085      0.932

 V2         ON
    V1                 0.197      0.106      1.858      0.063
    P1                 0.011      0.131      0.085      0.932

 S_BFI_O  WITH
    I_BFI_O            1.040      0.569      1.828      0.067
    S_VRT_COL         -0.038      0.085     -0.445      0.657
    I_VRT_COL          0.473      1.861      0.254      0.799

 I_BFI_O  WITH
    S_VRT_COL         -1.414      1.882     -0.751      0.452
    I_VRT_COL         -6.341     12.507     -0.507      0.612

 S_VRT_CO WITH
    I_VRT_COL         -0.118      0.783     -0.150      0.880

 P1       WITH
    V1                 6.987      6.625      1.055      0.292

 P2       WITH
    V2                 6.704      6.023      1.113      0.266

 P3       WITH
    V3                 6.704      6.023      1.113      0.266

 P4       WITH
    V4                 6.704      6.023      1.113      0.266

 Means
    P1                 0.000      0.000    999.000    999.000
    V1                 0.000      0.000    999.000    999.000
    I_BFI_O           73.509      0.503    146.172      0.000
    S_BFI_O           -0.087      0.046     -1.870      0.061
    I_VRT_COL         70.231      0.590    118.948      0.000
    S_VRT_COL          0.159      0.054      2.956      0.003

 Intercepts
    ABFI_O             0.000      0.000    999.000    999.000
    BBFI_O             0.000      0.000    999.000    999.000
    CBFI_O             0.000      0.000    999.000    999.000
    DBFI_O             0.000      0.000    999.000    999.000
    AVRT_COL           0.000      0.000    999.000    999.000
    BVRT_COL           0.000      0.000    999.000    999.000
    CVRT_COL           0.000      0.000    999.000    999.000
    DVRT_COL           0.000      0.000    999.000    999.000
    P2                 0.000      0.000    999.000    999.000
    P3                 0.000      0.000    999.000    999.000
    P4                 0.000      0.000    999.000    999.000
    V2                 0.000      0.000    999.000    999.000
    V3                 0.000      0.000    999.000    999.000
    V4                 0.000      0.000    999.000    999.000

 Variances
    P1                32.182      5.808      5.541      0.000
    V1                99.716     15.495      6.435      0.000
    I_BFI_O          170.268     12.651     13.459      0.000
    S_BFI_O            0.101      0.107      0.950      0.342
    I_VRT_COL        205.856     21.594      9.533      0.000
    S_VRT_COL          0.194      0.150      1.297      0.195

 Residual Variances
    ABFI_O             0.000      0.000    999.000    999.000
    BBFI_O             0.000      0.000    999.000    999.000
    CBFI_O             0.000      0.000    999.000    999.000
    DBFI_O             0.000      0.000    999.000    999.000
    AVRT_COL           0.000      0.000    999.000    999.000
    BVRT_COL           0.000      0.000    999.000    999.000
    CVRT_COL           0.000      0.000    999.000    999.000
    DVRT_COL           0.000      0.000    999.000    999.000
    P2                41.393      6.569      6.302      0.000
    P3                41.393      6.569      6.302      0.000
    P4                41.393      6.569      6.302      0.000
    V2                82.133     12.033      6.826      0.000
    V3                82.133     12.033      6.826      0.000
    V4                82.133     12.033      6.826      0.000

Group D5

 P1       BY
    ABFI_O             1.000      0.000    999.000    999.000

 P2       BY
    BBFI_O             1.000      0.000    999.000    999.000

 P3       BY
    CBFI_O             1.000      0.000    999.000    999.000

 P4       BY
    DBFI_O             1.000      0.000    999.000    999.000

 V1       BY
    AVRT_COL           1.000      0.000    999.000    999.000

 V2       BY
    BVRT_COL           1.000      0.000    999.000    999.000

 V3       BY
    CVRT_COL           1.000      0.000    999.000    999.000

 V4       BY
    DVRT_COL           1.000      0.000    999.000    999.000

 P4         ON
    P3                 0.216      0.113      1.916      0.055
    V3                -0.021      0.063     -0.332      0.740

 P3         ON
    P2                 0.216      0.113      1.916      0.055
    V2                -0.021      0.063     -0.332      0.740

 P2         ON
    P1                 0.216      0.113      1.916      0.055
    V1                -0.021      0.063     -0.332      0.740

 V4         ON
    V3                -0.110      0.089     -1.241      0.215
    P3                 0.140      0.113      1.237      0.216

 V3         ON
    V2                -0.110      0.089     -1.241      0.215
    P2                 0.140      0.113      1.237      0.216

 V2         ON
    V1                -0.110      0.089     -1.241      0.215
    P1                 0.140      0.113      1.237      0.216

 S_BFI_O  WITH
    I_BFI_O            1.040      0.569      1.828      0.067
    S_VRT_COL         -0.038      0.085     -0.445      0.657
    I_VRT_COL          0.473      1.861      0.254      0.799

 I_BFI_O  WITH
    S_VRT_COL         -1.414      1.882     -0.751      0.452
    I_VRT_COL         -6.341     12.507     -0.507      0.612

 S_VRT_CO WITH
    I_VRT_COL         -0.118      0.783     -0.150      0.880

 P1       WITH
    V1                -1.196     10.072     -0.119      0.905

 P2       WITH
    V2                10.880      4.717      2.306      0.021

 P3       WITH
    V3                10.880      4.717      2.306      0.021

 P4       WITH
    V4                10.880      4.717      2.306      0.021

 Means
    P1                 0.000      0.000    999.000    999.000
    V1                 0.000      0.000    999.000    999.000
    I_BFI_O           73.509      0.503    146.172      0.000
    S_BFI_O           -0.087      0.046     -1.870      0.061
    I_VRT_COL         70.231      0.590    118.948      0.000
    S_VRT_COL          0.159      0.054      2.956      0.003

 Intercepts
    ABFI_O             0.000      0.000    999.000    999.000
    BBFI_O             0.000      0.000    999.000    999.000
    CBFI_O             0.000      0.000    999.000    999.000
    DBFI_O             0.000      0.000    999.000    999.000
    AVRT_COL           0.000      0.000    999.000    999.000
    BVRT_COL           0.000      0.000    999.000    999.000
    CVRT_COL           0.000      0.000    999.000    999.000
    DVRT_COL           0.000      0.000    999.000    999.000
    P2                 0.000      0.000    999.000    999.000
    P3                 0.000      0.000    999.000    999.000
    P4                 0.000      0.000    999.000    999.000
    V2                 0.000      0.000    999.000    999.000
    V3                 0.000      0.000    999.000    999.000
    V4                 0.000      0.000    999.000    999.000

 Variances
    P1                44.390     12.641      3.512      0.000
    V1               126.031     24.206      5.207      0.000
    I_BFI_O          170.268     12.651     13.459      0.000
    S_BFI_O            0.101      0.107      0.950      0.342
    I_VRT_COL        205.856     21.594      9.533      0.000
    S_VRT_COL          0.194      0.150      1.297      0.195

 Residual Variances
    ABFI_O             0.000      0.000    999.000    999.000
    BBFI_O             0.000      0.000    999.000    999.000
    CBFI_O             0.000      0.000    999.000    999.000
    DBFI_O             0.000      0.000    999.000    999.000
    AVRT_COL           0.000      0.000    999.000    999.000
    BVRT_COL           0.000      0.000    999.000    999.000
    CVRT_COL           0.000      0.000    999.000    999.000
    DVRT_COL           0.000      0.000    999.000    999.000
    P2                40.730      7.189      5.666      0.000
    P3                40.730      7.189      5.666      0.000
    P4                40.730      7.189      5.666      0.000
    V2                66.091     10.332      6.397      0.000
    V3                66.091     10.332      6.397      0.000
    V4                66.091     10.332      6.397      0.000


QUALITY OF NUMERICAL RESULTS

     Condition Number for the Information Matrix              0.900E-06
       (ratio of smallest to largest eigenvalue)


     Beginning Time:  18:31:06
        Ending Time:  18:31:16
       Elapsed Time:  00:00:10



MUTHEN & MUTHEN
3463 Stoner Ave.
Los Angeles, CA  90066

Tel: (310) 391-9971
Fax: (310) 391-8971
Web: www.StatModel.com
Support: Support@StatModel.com

Copyright (c) 1998-2017 Muthen & Muthen
