Mplus VERSION 8 (Linux)
MUTHEN & MUTHEN
07/08/2018   5:18 PM

INPUT INSTRUCTIONS


  title: PxVx Bivariate LCM-SR - 40splitgroup - Linear bfas_ac with Linear vrt_col_d;
  data: file = /home/jflournoy/code_new/lnt_pxvx/Data/lnt_nat_recalc.tsv;

  variable:
  names =
  subjid
  aage
  aaspfin
  aaspfin_d
  abfa_mt
  abfa_mt_d
  abfas_ac
  abfas_ap
  abfas_ci
  abfas_co
  abfas_ea
  abfas_ee
  abfas_nv
  abfas_nv9
  abfas_nw
  abfas_oi
  abfas_oo
  abfi_a
  abfi_a6
  abfi_c
  abfi_d_scale
  abfi_e
  abfi_hp8
  abfi_n
  abfi_o
  abfi_s_scale
  ahrz_col
  ahrz_col_d
  ahrz_ind
  ahrz_ind_d
  amvi
  ausi
  ausi_d
  avrt_col
  avrt_col_d
  avrt_ind
  avrt_ind_d
  bage
  baspfin
  baspfin_d
  bbfa_mt
  bbfa_mt_d
  bbfas_ac
  bbfas_ap
  bbfas_ci
  bbfas_co
  bbfas_ea
  bbfas_ee
  bbfas_nv
  bbfas_nv9
  bbfas_nw
  bbfas_oi
  bbfas_oo
  bbfi_a
  bbfi_a6
  bbfi_c
  bbfi_d_scale
  bbfi_e
  bbfi_hp8
  bbfi_n
  bbfi_o
  bbfi_s_scale
  bhrz_col
  bhrz_col_d
  bhrz_ind
  bhrz_ind_d
  bmvi
  busi
  busi_d
  bvrt_col
  bvrt_col_d
  bvrt_ind
  bvrt_ind_d
  cage
  caspfin
  caspfin_d
  cbfa_mt
  cbfa_mt_d
  cbfas_ac
  cbfas_ap
  cbfas_ci
  cbfas_co
  cbfas_ea
  cbfas_ee
  cbfas_nv
  cbfas_nv9
  cbfas_nw
  cbfas_oi
  cbfas_oo
  cbfi_a
  cbfi_a6
  cbfi_c
  cbfi_d_scale
  cbfi_e
  cbfi_hp8
  cbfi_n
  cbfi_o
  cbfi_s_scale
  chrz_col
  chrz_col_d
  chrz_ind
  chrz_ind_d
  cmvi
  cusi
  cusi_d
  cvrt_col
  cvrt_col_d
  cvrt_ind
  cvrt_ind_d
  dage
  daspfin
  daspfin_d
  dbfa_mt
  dbfa_mt_d
  dbfas_ac
  dbfas_ap
  dbfas_ci
  dbfas_co
  dbfas_ea
  dbfas_ee
  dbfas_nv
  dbfas_nv9
  dbfas_nw
  dbfas_oi
  dbfas_oo
  dbfi_a
  dbfi_a6
  dbfi_c
  dbfi_d_scale
  dbfi_e
  dbfi_hp8
  dbfi_n
  dbfi_o
  dbfi_s_scale
  dhrz_col
  dhrz_col_d
  dhrz_ind
  dhrz_ind_d
  dmvi
  dusi
  dusi_d
  dvrt_col
  dvrt_col_d
  dvrt_ind
  dvrt_ind_d;

  USEVARIABLES =
  abfas_ac
  bbfas_ac
  cbfas_ac
  dbfas_ac
  avrt_col_d
  bvrt_col_d
  cvrt_col_d
  dvrt_col_d
  a1
  a2
  a3
  a4
  aagegrp
  ;

  missing = all (-9999);

  tscores = a1 a2 a3 a4;

  grouping = aagegrp (0=earlier, 1=later);

  DEFINE:

  aagegrp = aage;

  cut aagegrp (39);

  a1 = aage + 0 - 36;
  a2 = aage + 1 - 36;
  a3 = aage + 2 - 36;
  a4 = aage + 3 - 36;

  ANALYSIS:
  TYPE=RANDOM;
  PROCESSORS = 6;
  model=nocovariances; ! supresses default estimation of certain covs in model;

  MODEL:

  i_bfas_ac s_bfas_ac | abfas_ac bbfas_ac cbfas_ac dbfas_ac AT a1 a2 a3 a4;
  i_vrt_col_d s_vrt_col_d | avrt_col_d bvrt_col_d cvrt_col_d dvrt_col_d AT a1 a2 a3 a4;

  ! freeing factor covs because of "nocovariances"
  ! But ensure they are constrained across groups
  s_bfas_ac WITH i_bfas_ac (p)
  s_vrt_col_d (q)
  i_vrt_col_d (r);
  i_bfas_ac WITH s_vrt_col_d (s)
  i_vrt_col_d (t);
  s_vrt_col_d WITH i_vrt_col_d (u);

  !constrain latent growth means across groups
  [i_bfas_ac] (v);
  [s_bfas_ac] (w);
  [i_vrt_col_d] (x);
  [s_vrt_col_d] (y);

  !constrain latent growth variances across groups
  i_bfas_ac (l);
  s_bfas_ac (m);
  i_vrt_col_d (n);
  s_vrt_col_d (o);

  p1 BY abfas_ac@1; ! Residual "factors";
  p2 BY bbfas_ac@1;
  p3 BY cbfas_ac@1;
  p4 BY dbfas_ac@1;

  v1 BY avrt_col_d@1; ! Residual "factors";
  v2 BY bvrt_col_d@1;
  v3 BY cvrt_col_d@1;
  v4 BY dvrt_col_d@1;

  !residual variances on observed/manifest vars set to 0
  abfas_ac@0;
  bbfas_ac@0;
  cbfas_ac@0;
  dbfas_ac@0;

  !residual variances on observed/manifest vars set to 0
  avrt_col_d@0;
  bvrt_col_d@0;
  cvrt_col_d@0;
  dvrt_col_d@0;

  ! means of observed/manifest vars set to 0
  [abfas_ac@0];
  [bbfas_ac@0];
  [cbfas_ac@0];
  [dbfas_ac@0];

  ! means of observed/manifest vars set to 0
  [avrt_col_d@0];
  [bvrt_col_d@0];
  [cvrt_col_d@0];
  [dvrt_col_d@0];

  [p1@0]; ! means of residual "factors" set to 0
  [p2@0];
  [p3@0];
  [p4@0];

  [v1@0]; ! means of residual "factors" set to 0
  [v2@0];
  [v3@0];
  [v4@0];

  p4 on p3 (a); ! Autoregressive paths constrained to equality
  p3 on p2 (a);
  p2 on p1 (a);

  v4 on v3 (b); ! Autoregressive paths constrained to equality
  v3 on v2 (b);
  v2 on v1 (b);

  p4 on v3 (c); ! Cross-lagged paths constrained to equality
  p3 on v2 (c);
  p2 on v1 (c);

  v4 on p3 (d); ! Cross-lagged paths constrained to equality
  v3 on p2 (d);
  v2 on p1 (d);

  p1 with v1; !(this one is not like the others)

  p2 with v2 (e); ! Within-wave correlations constrained to equality
  p3 with v3 (e);
  p4 with v4 (e);

  p2 p3 p4 (f); ! estimate variances of residual "factors"
  v2 v3 v4 (g); ! estimate variances of residual "factors"

  MODEL earlier:

  p4 on p3 (a23); ! Autoregressive paths constrained to equality
  p3 on p2 (a23);
  p2 on p1 (a23);

  v4 on v3 (b23); ! Autoregressive paths constrained to equality
  v3 on v2 (b23);
  v2 on v1 (b23);

  p4 on v3 (c23); ! Cross-lagged paths constrained to equality
  p3 on v2 (c23);
  p2 on v1 (c23);

  v4 on p3 (d23); ! Cross-lagged paths constrained to equality
  v3 on p2 (d23);
  v2 on p1 (d23);

  p1 with v1; !(this one is not like the others)

  p2 with v2 (e23); ! Within-wave correlations constrained to equality
  p3 with v3 (e23);
  p4 with v4 (e23);

  p2 p3 p4 (f23); ! estimate variances of residual "factors"
  v2 v3 v4 (g23); ! estimate variances of residual "factors"

  MODEL later:

  p4 on p3 (a45); ! Autoregressive paths constrained to equality
  p3 on p2 (a45);
  p2 on p1 (a45);

  v4 on v3 (b45); ! Autoregressive paths constrained to equality
  v3 on v2 (b45);
  v2 on v1 (b45);

  p4 on v3 (c45); ! Cross-lagged paths constrained to equality
  p3 on v2 (c45);
  p2 on v1 (c45);

  v4 on p3 (d45); ! Cross-lagged paths constrained to equality
  v3 on p2 (d45);
  v2 on p1 (d45);

  p1 with v1; !(this one is not like the others)

  p2 with v2 (e45); ! Within-wave correlations constrained to equality
  p3 with v3 (e45);
  p4 with v4 (e45);

  p2 p3 p4 (f45); ! estimate variances of residual "factors"
  v2 v3 v4 (g45); ! estimate variances of residual "factors"

  OUTPUT: SAMPSTAT PATTERNS;



*** WARNING in VARIABLE command
  Note that only the first 8 characters of variable names are used in the output.
  Shorten variable names to avoid any confusion.
*** WARNING
  Data set contains unknown or missing values for GROUPING,
  PATTERN, COHORT, CLUSTER and/or STRATIFICATION variables.
  Number of cases with unknown or missing values:  5
   2 WARNING(S) FOUND IN THE INPUT INSTRUCTIONS



PxVx Bivariate LCM-SR - 40splitgroup - Linear bfas_ac with Linear vrt_col_d;

SUMMARY OF ANALYSIS

Number of groups                                                 2
Number of observations
   Group EARLIER                                               534
   Group LATER                                                 330
   Total sample size                                           864

Number of dependent variables                                    8
Number of independent variables                                  0
Number of continuous latent variables                           12

Observed dependent variables

  Continuous
   ABFAS_AC    BBFAS_AC    CBFAS_AC    DBFAS_AC    AVRT_COL_D  BVRT_COL_D
   CVRT_COL_D  DVRT_COL_D

Continuous latent variables
   P1          P2          P3          P4          V1          V2
   V3          V4          I_BFAS_A    S_BFAS_A    I_VRT_CO    S_VRT_CO

Variables with special functions

  Grouping variable     AAGEGRP

  Time scores
   A1          A2          A3          A4


Estimator                                                      MLR
Information matrix                                        OBSERVED
Maximum number of iterations                                   100
Convergence criterion                                    0.100D-05
Maximum number of EM iterations                                500
Convergence criteria for the EM algorithm
  Loglikelihood change                                   0.100D-02
  Relative loglikelihood change                          0.100D-05
  Derivative                                             0.100D-03
Minimum variance                                         0.100D-03
Maximum number of steepest descent iterations                   20
Maximum number of iterations for H1                           2000
Convergence criterion for H1                             0.100D-03
Optimization algorithm                                         EMA

Input data file(s)
  /home/jflournoy/code_new/lnt_pxvx/Data/lnt_nat_recalc.tsv
Input data format  FREE


SUMMARY OF DATA

   Group EARLIER
     Number of missing data patterns            16

   Group LATER
     Number of missing data patterns            15


SUMMARY OF MISSING DATA PATTERNS


     MISSING DATA PATTERNS (x = not missing) FOR EARLIER

           1  2  3  4  5  6  7  8  9 10 11 12 13 14 15 16
 ABFAS_AC  x  x  x  x  x  x  x  x  x  x  x     x  x  x  x
 BBFAS_AC  x     x     x  x  x        x  x  x  x  x
 CBFAS_AC  x        x  x     x     x  x     x  x  x  x
 DBFAS_AC  x     x  x  x        x           x  x     x  x
 AVRT_COL  x  x  x  x  x  x  x  x  x  x  x  x  x  x  x  x
 BVRT_COL  x     x     x  x  x        x     x     x  x
 CVRT_COL  x        x        x     x        x  x  x  x
 DVRT_COL  x     x  x  x        x           x  x  x  x


     MISSING DATA PATTERN FREQUENCIES FOR EARLIER

    Pattern   Frequency     Pattern   Frequency     Pattern   Frequency
          1         325           7          20          13           2
          2         101           8          14          14           1
          3          14           9          12          15           1
          4          12          10           1          16           1
          5           1          11           2
          6          26          12           1


     MISSING DATA PATTERNS (x = not missing) FOR LATER

           1  2  3  4  5  6  7  8  9 10 11 12 13 14 15
 ABFAS_AC  x  x  x  x  x  x  x  x  x  x     x  x  x  x
 BBFAS_AC  x     x     x  x  x        x  x  x     x
 CBFAS_AC  x        x  x     x     x     x  x        x
 DBFAS_AC  x     x  x  x        x        x  x     x
 AVRT_COL  x  x  x  x  x  x  x  x  x  x  x  x     x  x
 BVRT_COL  x     x     x  x  x           x
 CVRT_COL  x        x        x     x     x  x
 DVRT_COL  x     x  x  x        x        x  x     x


     MISSING DATA PATTERN FREQUENCIES FOR LATER

    Pattern   Frequency     Pattern   Frequency     Pattern   Frequency
          1         164           6          22          11           1
          2          68           7          26          12           1
          3          12           8          10          13           1
          4           9           9          11          14           1
          5           1          10           2          15           1


COVARIANCE COVERAGE OF DATA

Minimum covariance coverage value   0.100


     PROPORTION OF DATA PRESENT FOR EARLIER


           Covariance Coverage
              ABFAS_AC      BBFAS_AC      CBFAS_AC      DBFAS_AC      AVRT_COL
              ________      ________      ________      ________      ________
 ABFAS_AC       0.998
 BBFAS_AC       0.734         0.736
 CBFAS_AC       0.702         0.657         0.704
 DBFAS_AC       0.693         0.642         0.640         0.695
 AVRT_COL       0.998         0.736         0.704         0.695         1.000
 BVRT_COL       0.728         0.728         0.655         0.640         0.730
 CVRT_COL       0.699         0.654         0.700         0.639         0.700
 DVRT_COL       0.693         0.644         0.642         0.693         0.695


           Covariance Coverage
              BVRT_COL      CVRT_COL      DVRT_COL
              ________      ________      ________
 BVRT_COL       0.730
 CVRT_COL       0.652         0.700
 DVRT_COL       0.642         0.640         0.695


     PROPORTION OF DATA PRESENT FOR LATER


           Covariance Coverage
              ABFAS_AC      BBFAS_AC      CBFAS_AC      DBFAS_AC      AVRT_COL
              ________      ________      ________      ________      ________
 ABFAS_AC       0.997
 BBFAS_AC       0.697         0.700
 CBFAS_AC       0.655         0.594         0.658
 DBFAS_AC       0.600         0.542         0.536         0.603
 AVRT_COL       0.997         0.700         0.658         0.603         1.000
 BVRT_COL       0.694         0.694         0.594         0.542         0.697
 CVRT_COL       0.645         0.585         0.648         0.533         0.648
 DVRT_COL       0.603         0.545         0.539         0.603         0.606


           Covariance Coverage
              BVRT_COL      CVRT_COL      DVRT_COL
              ________      ________      ________
 BVRT_COL       0.697
 CVRT_COL       0.585         0.648
 DVRT_COL       0.545         0.536         0.606


SAMPLE STATISTICS


     ESTIMATED SAMPLE STATISTICS FOR EARLIER


           Means
              ABFAS_AC      BBFAS_AC      CBFAS_AC      DBFAS_AC      AVRT_COL
              ________      ________      ________      ________      ________
               76.619        76.467        76.087        77.151        66.386


           Means
              BVRT_COL      CVRT_COL      DVRT_COL
              ________      ________      ________
               64.448        63.688        63.211


           Covariances
              ABFAS_AC      BBFAS_AC      CBFAS_AC      DBFAS_AC      AVRT_COL
              ________      ________      ________      ________      ________
 ABFAS_AC     271.999
 BBFAS_AC     221.093       286.020
 CBFAS_AC     199.472       232.810       277.812
 DBFAS_AC     192.971       207.736       218.282       252.855
 AVRT_COL      84.508        74.203        71.198        53.618       391.684
 BVRT_COL      59.185        66.326        65.286        57.254       268.610
 CVRT_COL      50.307        48.615        67.299        41.327       252.373
 DVRT_COL      53.831        65.326        83.961        61.384       273.734


           Covariances
              BVRT_COL      CVRT_COL      DVRT_COL
              ________      ________      ________
 BVRT_COL     417.559
 CVRT_COL     280.009       453.430
 DVRT_COL     290.780       311.506       445.443


           Correlations
              ABFAS_AC      BBFAS_AC      CBFAS_AC      DBFAS_AC      AVRT_COL
              ________      ________      ________      ________      ________
 ABFAS_AC       1.000
 BBFAS_AC       0.793         1.000
 CBFAS_AC       0.726         0.826         1.000
 DBFAS_AC       0.736         0.772         0.824         1.000
 AVRT_COL       0.259         0.222         0.216         0.170         1.000
 BVRT_COL       0.176         0.192         0.192         0.176         0.664
 CVRT_COL       0.143         0.135         0.190         0.122         0.599
 DVRT_COL       0.155         0.183         0.239         0.183         0.655


           Correlations
              BVRT_COL      CVRT_COL      DVRT_COL
              ________      ________      ________
 BVRT_COL       1.000
 CVRT_COL       0.644         1.000
 DVRT_COL       0.674         0.693         1.000


     ESTIMATED SAMPLE STATISTICS FOR LATER


           Means
              ABFAS_AC      BBFAS_AC      CBFAS_AC      DBFAS_AC      AVRT_COL
              ________      ________      ________      ________      ________
               79.339        79.923        79.355        78.562        69.087


           Means
              BVRT_COL      CVRT_COL      DVRT_COL
              ________      ________      ________
               69.601        65.965        66.857


           Covariances
              ABFAS_AC      BBFAS_AC      CBFAS_AC      DBFAS_AC      AVRT_COL
              ________      ________      ________      ________      ________
 ABFAS_AC     244.777
 BBFAS_AC     165.508       188.072
 CBFAS_AC     182.918       161.453       228.552
 DBFAS_AC     200.095       171.444       198.211       258.310
 AVRT_COL      86.994        71.986        71.858        70.350       400.964
 BVRT_COL      63.655        71.632        55.583        57.665       285.741
 CVRT_COL      71.122        70.101        76.043        78.727       279.865
 DVRT_COL      54.726        60.597        65.100        63.279       282.644


           Covariances
              BVRT_COL      CVRT_COL      DVRT_COL
              ________      ________      ________
 BVRT_COL     390.695
 CVRT_COL     296.647       425.823
 DVRT_COL     313.283       319.887       401.371


           Correlations
              ABFAS_AC      BBFAS_AC      CBFAS_AC      DBFAS_AC      AVRT_COL
              ________      ________      ________      ________      ________
 ABFAS_AC       1.000
 BBFAS_AC       0.771         1.000
 CBFAS_AC       0.773         0.779         1.000
 DBFAS_AC       0.796         0.778         0.816         1.000
 AVRT_COL       0.278         0.262         0.237         0.219         1.000
 BVRT_COL       0.206         0.264         0.186         0.182         0.722
 CVRT_COL       0.220         0.248         0.244         0.237         0.677
 DVRT_COL       0.175         0.221         0.215         0.197         0.705


           Correlations
              BVRT_COL      CVRT_COL      DVRT_COL
              ________      ________      ________
 BVRT_COL       1.000
 CVRT_COL       0.727         1.000
 DVRT_COL       0.791         0.774         1.000


     MAXIMUM LOG-LIKELIHOOD VALUE FOR THE UNRESTRICTED (H1) MODEL IS -21020.945


UNIVARIATE SAMPLE STATISTICS


     UNIVARIATE HIGHER-ORDER MOMENT DESCRIPTIVE STATISTICS FOR EARLIER

         Variable/         Mean/     Skewness/   Minimum/ % with                Percentiles
        Sample Size      Variance    Kurtosis    Maximum  Min/Max      20%/60%    40%/80%    Median

     ABFAS_AC             76.600      -0.832      12.500    0.19%      62.500     75.000     80.000
             533.000     272.162       0.474     100.000    4.88%      82.500     90.000
     BBFAS_AC             76.789      -0.822      10.000    0.25%      65.000     75.000     80.000
             393.000     284.938       0.456     100.000    6.62%      82.500     92.500
     CBFAS_AC             76.020      -0.774      20.000    0.27%      62.500     75.000     77.500
             376.000     280.371       0.172     100.000    5.32%      82.500     92.500
     DBFAS_AC             77.564      -0.975      10.000    0.27%      67.500     75.000     80.000
             371.000     250.754       1.084     100.000    5.12%      82.500     90.000
     AVRT_COL_D           66.386      -0.410       8.333    0.37%      50.000     66.667     66.667
             534.000     391.684      -0.224     100.000    5.81%      75.000     83.333
     BVRT_COL_D           63.921      -0.268       8.333    0.26%      50.000     58.333     66.667
             390.000     420.034      -0.470     100.000    5.64%      75.000     83.333
     CVRT_COL_D           63.090      -0.487       0.000    0.27%      41.667     58.333     66.667
             374.000     457.400      -0.152     100.000    4.55%      66.667     83.333
     DVRT_COL_D           62.758      -0.433       0.000    0.27%      41.667     58.333     66.667
             371.000     456.797      -0.369     100.000    4.31%      66.667     83.333


     UNIVARIATE HIGHER-ORDER MOMENT DESCRIPTIVE STATISTICS FOR LATER

         Variable/         Mean/     Skewness/   Minimum/ % with                Percentiles
        Sample Size      Variance    Kurtosis    Maximum  Min/Max      20%/60%    40%/80%    Median

     ABFAS_AC             79.280      -1.000       7.500    0.30%      70.000     77.500     80.000
             329.000     244.143       1.362     100.000    8.81%      85.000     92.500
     BBFAS_AC             80.291      -0.861      32.500    0.43%      70.000     77.500     82.500
             230.000     194.586       0.654     100.000    7.39%      85.000     92.500
     CBFAS_AC             80.023      -0.934      17.500    0.47%      70.000     77.500     82.500
             214.000     235.287       0.989     100.000    7.94%      87.500     95.000
     DBFAS_AC             79.576      -1.124       5.000    0.50%      70.000     77.500     80.000
             199.000     267.793       2.014     100.000   12.06%      85.000     95.000
     AVRT_COL_D           69.124      -0.491       8.333    0.61%      50.000     66.667     75.000
             329.000     400.604      -0.290     100.000    7.60%      75.000     87.500
     BVRT_COL_D           69.543      -0.339       8.333    0.44%      50.000     66.667     75.000
             226.000     379.972      -0.571     100.000    7.52%      75.000     91.667
     CVRT_COL_D           65.959      -0.444       0.000    0.47%      50.000     58.333     66.667
             212.000     430.579      -0.095     100.000    6.60%      75.000     83.333
     DVRT_COL_D           66.583      -0.512       0.000    1.01%      50.000     58.333     66.667
             199.000     411.076       0.144     100.000    6.53%      75.000     83.333


THE MODEL ESTIMATION TERMINATED NORMALLY



MODEL FIT INFORMATION

Number of Free Parameters                       34

Loglikelihood

          H0 Value                      -21073.599
          H0 Scaling Correction Factor      1.2518
            for MLR

Information Criteria

          Akaike (AIC)                   42215.198
          Bayesian (BIC)                 42377.091
          Sample-Size Adjusted BIC       42269.116
            (n* = (n + 2) / 24)



MODEL RESULTS

                                                    Two-Tailed
                    Estimate       S.E.  Est./S.E.    P-Value

Group EARLIER

 P1       BY
    ABFAS_AC           1.000      0.000    999.000    999.000

 P2       BY
    BBFAS_AC           1.000      0.000    999.000    999.000

 P3       BY
    CBFAS_AC           1.000      0.000    999.000    999.000

 P4       BY
    DBFAS_AC           1.000      0.000    999.000    999.000

 V1       BY
    AVRT_COL_D         1.000      0.000    999.000    999.000

 V2       BY
    BVRT_COL_D         1.000      0.000    999.000    999.000

 V3       BY
    CVRT_COL_D         1.000      0.000    999.000    999.000

 V4       BY
    DVRT_COL_D         1.000      0.000    999.000    999.000

 P4         ON
    P3                 0.291      0.072      4.056      0.000
    V3                -0.027      0.030     -0.894      0.371

 P3         ON
    P2                 0.291      0.072      4.056      0.000
    V2                -0.027      0.030     -0.894      0.371

 P2         ON
    P1                 0.291      0.072      4.056      0.000
    V1                -0.027      0.030     -0.894      0.371

 V4         ON
    V3                 0.126      0.056      2.259      0.024
    P3                 0.010      0.088      0.118      0.906

 V3         ON
    V2                 0.126      0.056      2.259      0.024
    P2                 0.010      0.088      0.118      0.906

 V2         ON
    V1                 0.126      0.056      2.259      0.024
    P1                 0.010      0.088      0.118      0.906

 S_BFAS_A WITH
    I_BFAS_AC         -0.921      0.712     -1.293      0.196
    S_VRT_COL_         0.032      0.092      0.350      0.726
    I_VRT_COL_         0.935      2.240      0.417      0.676

 I_BFAS_A WITH
    S_VRT_COL_        -1.555      2.324     -0.669      0.503
    I_VRT_COL_        56.719     13.603      4.170      0.000

 S_VRT_CO WITH
    I_VRT_COL_         0.699      0.793      0.882      0.378

 P1       WITH
    V1                29.065      8.384      3.467      0.001

 P2       WITH
    V2                 2.733      5.937      0.460      0.645

 P3       WITH
    V3                 2.733      5.937      0.460      0.645

 P4       WITH
    V4                 2.733      5.937      0.460      0.645

 Means
    P1                 0.000      0.000    999.000    999.000
    V1                 0.000      0.000    999.000    999.000
    I_BFAS_AC         77.381      0.516    150.080      0.000
    S_BFAS_AC          0.145      0.048      3.040      0.002
    I_VRT_COL_        66.006      0.625    105.563      0.000
    S_VRT_COL_         0.128      0.058      2.202      0.028

 Intercepts
    ABFAS_AC           0.000      0.000    999.000    999.000
    BBFAS_AC           0.000      0.000    999.000    999.000
    CBFAS_AC           0.000      0.000    999.000    999.000
    DBFAS_AC           0.000      0.000    999.000    999.000
    AVRT_COL_D         0.000      0.000    999.000    999.000
    BVRT_COL_D         0.000      0.000    999.000    999.000
    CVRT_COL_D         0.000      0.000    999.000    999.000
    DVRT_COL_D         0.000      0.000    999.000    999.000
    P2                 0.000      0.000    999.000    999.000
    P3                 0.000      0.000    999.000    999.000
    P4                 0.000      0.000    999.000    999.000
    V2                 0.000      0.000    999.000    999.000
    V3                 0.000      0.000    999.000    999.000
    V4                 0.000      0.000    999.000    999.000

 Variances
    P1                82.231      9.077      9.059      0.000
    V1               148.157     15.123      9.797      0.000
    I_BFAS_AC        177.677     16.252     10.932      0.000
    S_BFAS_AC          0.107      0.122      0.877      0.380
    I_VRT_COL_       256.274     22.273     11.506      0.000
    S_VRT_COL_         0.135      0.156      0.860      0.390

 Residual Variances
    ABFAS_AC           0.000      0.000    999.000    999.000
    BBFAS_AC           0.000      0.000    999.000    999.000
    CBFAS_AC           0.000      0.000    999.000    999.000
    DBFAS_AC           0.000      0.000    999.000    999.000
    AVRT_COL_D         0.000      0.000    999.000    999.000
    BVRT_COL_D         0.000      0.000    999.000    999.000
    CVRT_COL_D         0.000      0.000    999.000    999.000
    DVRT_COL_D         0.000      0.000    999.000    999.000
    P2                64.555      5.855     11.026      0.000
    P3                64.555      5.855     11.026      0.000
    P4                64.555      5.855     11.026      0.000
    V2               163.000     10.299     15.827      0.000
    V3               163.000     10.299     15.827      0.000
    V4               163.000     10.299     15.827      0.000

Group LATER

 P1       BY
    ABFAS_AC           1.000      0.000    999.000    999.000

 P2       BY
    BBFAS_AC           1.000      0.000    999.000    999.000

 P3       BY
    CBFAS_AC           1.000      0.000    999.000    999.000

 P4       BY
    DBFAS_AC           1.000      0.000    999.000    999.000

 V1       BY
    AVRT_COL_D         1.000      0.000    999.000    999.000

 V2       BY
    BVRT_COL_D         1.000      0.000    999.000    999.000

 V3       BY
    CVRT_COL_D         1.000      0.000    999.000    999.000

 V4       BY
    DVRT_COL_D         1.000      0.000    999.000    999.000

 P4         ON
    P3                 0.045      0.090      0.497      0.619
    V3                 0.026      0.038      0.689      0.491

 P3         ON
    P2                 0.045      0.090      0.497      0.619
    V2                 0.026      0.038      0.689      0.491

 P2         ON
    P1                 0.045      0.090      0.497      0.619
    V1                 0.026      0.038      0.689      0.491

 V4         ON
    V3                 0.034      0.060      0.558      0.577
    P3                 0.079      0.109      0.720      0.472

 V3         ON
    V2                 0.034      0.060      0.558      0.577
    P2                 0.079      0.109      0.720      0.472

 V2         ON
    V1                 0.034      0.060      0.558      0.577
    P1                 0.079      0.109      0.720      0.472

 S_BFAS_A WITH
    I_BFAS_AC         -0.921      0.712     -1.293      0.196
    S_VRT_COL_         0.032      0.092      0.350      0.726
    I_VRT_COL_         0.935      2.240      0.417      0.676

 I_BFAS_A WITH
    S_VRT_COL_        -1.555      2.324     -0.669      0.503
    I_VRT_COL_        56.719     13.603      4.170      0.000

 S_VRT_CO WITH
    I_VRT_COL_         0.699      0.793      0.882      0.378

 P1       WITH
    V1                20.340      7.954      2.557      0.011

 P2       WITH
    V2                 8.819      4.079      2.162      0.031

 P3       WITH
    V3                 8.819      4.079      2.162      0.031

 P4       WITH
    V4                 8.819      4.079      2.162      0.031

 Means
    P1                 0.000      0.000    999.000    999.000
    V1                 0.000      0.000    999.000    999.000
    I_BFAS_AC         77.381      0.516    150.080      0.000
    S_BFAS_AC          0.145      0.048      3.040      0.002
    I_VRT_COL_        66.006      0.625    105.563      0.000
    S_VRT_COL_         0.128      0.058      2.202      0.028

 Intercepts
    ABFAS_AC           0.000      0.000    999.000    999.000
    BBFAS_AC           0.000      0.000    999.000    999.000
    CBFAS_AC           0.000      0.000    999.000    999.000
    DBFAS_AC           0.000      0.000    999.000    999.000
    AVRT_COL_D         0.000      0.000    999.000    999.000
    BVRT_COL_D         0.000      0.000    999.000    999.000
    CVRT_COL_D         0.000      0.000    999.000    999.000
    DVRT_COL_D         0.000      0.000    999.000    999.000
    P2                 0.000      0.000    999.000    999.000
    P3                 0.000      0.000    999.000    999.000
    P4                 0.000      0.000    999.000    999.000
    V2                 0.000      0.000    999.000    999.000
    V3                 0.000      0.000    999.000    999.000
    V4                 0.000      0.000    999.000    999.000

 Variances
    P1                60.006     10.027      5.985      0.000
    V1               138.878     15.497      8.962      0.000
    I_BFAS_AC        177.677     16.252     10.932      0.000
    S_BFAS_AC          0.107      0.122      0.877      0.380
    I_VRT_COL_       256.274     22.273     11.506      0.000
    S_VRT_COL_         0.135      0.156      0.860      0.390

 Residual Variances
    ABFAS_AC           0.000      0.000    999.000    999.000
    BBFAS_AC           0.000      0.000    999.000    999.000
    CBFAS_AC           0.000      0.000    999.000    999.000
    DBFAS_AC           0.000      0.000    999.000    999.000
    AVRT_COL_D         0.000      0.000    999.000    999.000
    BVRT_COL_D         0.000      0.000    999.000    999.000
    CVRT_COL_D         0.000      0.000    999.000    999.000
    DVRT_COL_D         0.000      0.000    999.000    999.000
    P2                48.811      5.921      8.243      0.000
    P3                48.811      5.921      8.243      0.000
    P4                48.811      5.921      8.243      0.000
    V2               104.206      9.552     10.909      0.000
    V3               104.206      9.552     10.909      0.000
    V4               104.206      9.552     10.909      0.000


QUALITY OF NUMERICAL RESULTS

     Condition Number for the Information Matrix              0.119E-04
       (ratio of smallest to largest eigenvalue)


     Beginning Time:  17:18:06
        Ending Time:  17:18:09
       Elapsed Time:  00:00:03



MUTHEN & MUTHEN
3463 Stoner Ave.
Los Angeles, CA  90066

Tel: (310) 391-9971
Fax: (310) 391-8971
Web: www.StatModel.com
Support: Support@StatModel.com

Copyright (c) 1998-2017 Muthen & Muthen
